status file for recon-all
Wed Mar 11 10:43:29 CET 2026
#@# Tessellate lh Wed Mar 11 10:43:29 CET 2026
#@# Smooth1 lh Wed Mar 11 10:43:33 CET 2026
#@# Inflation1 lh Wed Mar 11 10:43:35 CET 2026
#@# QSphere lh Wed Mar 11 10:43:46 CET 2026
#@# Fix Topology lh Wed Mar 11 10:44:47 CET 2026
#@# Smooth2 lh Wed Mar 11 10:53:44 CET 2026
#@# Inflation2 lh Wed Mar 11 10:53:46 CET 2026
#@# Curv .H and .K lh Wed Mar 11 10:53:58 CET 2026
#@# Sphere lh Wed Mar 11 10:54:33 CET 2026
#@# Surf Reg lh Wed Mar 11 10:59:35 CET 2026
#@# Jacobian white lh Wed Mar 11 11:02:57 CET 2026
#@# AvgCurv lh Wed Mar 11 11:02:58 CET 2026
#@# Cortical Parc lh Wed Mar 11 11:02:59 CET 2026
#@# white curv lh Wed Mar 11 11:08:31 CET 2026
#@# white area lh Wed Mar 11 11:08:32 CET 2026
#@# pial curv lh Wed Mar 11 11:08:33 CET 2026
#@# pial area lh Wed Mar 11 11:08:34 CET 2026
#@# thickness lh Wed Mar 11 11:08:35 CET 2026
#@# area and vertex vol lh Wed Mar 11 11:08:58 CET 2026
#@# Curvature Stats lh Wed Mar 11 11:08:59 CET 2026
#@# Cortical Parc 2 lh Wed Mar 11 11:09:01 CET 2026
#@# Cortical Parc 3 lh Wed Mar 11 11:09:11 CET 2026
#@# WM/GM Contrast lh Wed Mar 11 11:09:20 CET 2026
recon-all -s sub-v2s15x29751_ses-1 finished without error at Wed Mar 11 11:09:23 CET 2026



#New# invocation of recon-all 



status file for recon-all
Wed Mar 11 11:45:19 CET 2026
#@# white curv lh Wed Mar 11 11:45:19 CET 2026
#@# white area lh Wed Mar 11 11:45:19 CET 2026
#@# pial curv lh Wed Mar 11 11:45:19 CET 2026
#@# pial area lh Wed Mar 11 11:45:19 CET 2026
#@# thickness lh Wed Mar 11 11:45:19 CET 2026
#@# area and vertex vol lh Wed Mar 11 11:45:19 CET 2026
#@# Parcellation Stats lh Wed Mar 11 11:45:19 CET 2026
#@# Parcellation Stats 2 lh Wed Mar 11 11:45:31 CET 2026
#@# Parcellation Stats 3 lh Wed Mar 11 11:45:38 CET 2026
#@# BA_exvivo Labels lh Wed Mar 11 11:45:44 CET 2026
recon-all -s sub-v2s15x29751_ses-1 finished without error at Wed Mar 11 11:48:05 CET 2026
