status file for recon-all
Wed Mar 11 11:09:26 CET 2026
#@# Tessellate rh Wed Mar 11 11:09:26 CET 2026
#@# Smooth1 rh Wed Mar 11 11:09:29 CET 2026
#@# Inflation1 rh Wed Mar 11 11:09:32 CET 2026
#@# QSphere rh Wed Mar 11 11:09:45 CET 2026
#@# Fix Topology rh Wed Mar 11 11:10:54 CET 2026
#@# Smooth2 rh Wed Mar 11 11:24:43 CET 2026
#@# Inflation2 rh Wed Mar 11 11:24:45 CET 2026
#@# Curv .H and .K rh Wed Mar 11 11:24:58 CET 2026
#@# Sphere rh Wed Mar 11 11:25:36 CET 2026
#@# Surf Reg rh Wed Mar 11 11:30:44 CET 2026
#@# Jacobian white rh Wed Mar 11 11:34:22 CET 2026
#@# AvgCurv rh Wed Mar 11 11:34:22 CET 2026
#@# Cortical Parc rh Wed Mar 11 11:34:23 CET 2026
#@# white curv rh Wed Mar 11 11:40:10 CET 2026
#@# white area rh Wed Mar 11 11:40:12 CET 2026
#@# pial curv rh Wed Mar 11 11:40:13 CET 2026
#@# pial area rh Wed Mar 11 11:40:14 CET 2026
#@# thickness rh Wed Mar 11 11:40:15 CET 2026
#@# area and vertex vol rh Wed Mar 11 11:40:39 CET 2026
#@# Curvature Stats rh Wed Mar 11 11:40:40 CET 2026
#@# Cortical Parc 2 rh Wed Mar 11 11:40:42 CET 2026
#@# Cortical Parc 3 rh Wed Mar 11 11:40:53 CET 2026
#@# WM/GM Contrast rh Wed Mar 11 11:41:03 CET 2026
recon-all -s sub-v2s15x29751_ses-1 finished without error at Wed Mar 11 11:41:06 CET 2026



#New# invocation of recon-all 



status file for recon-all
Wed Mar 11 11:48:06 CET 2026
#@# white curv rh Wed Mar 11 11:48:06 CET 2026
#@# white area rh Wed Mar 11 11:48:06 CET 2026
#@# pial curv rh Wed Mar 11 11:48:06 CET 2026
#@# pial area rh Wed Mar 11 11:48:06 CET 2026
#@# thickness rh Wed Mar 11 11:48:06 CET 2026
#@# area and vertex vol rh Wed Mar 11 11:48:06 CET 2026
#@# Parcellation Stats rh Wed Mar 11 11:48:06 CET 2026
#@# Parcellation Stats 2 rh Wed Mar 11 11:48:19 CET 2026
#@# Parcellation Stats 3 rh Wed Mar 11 11:48:25 CET 2026
#@# BA_exvivo Labels rh Wed Mar 11 11:48:32 CET 2026
recon-all -s sub-v2s15x29751_ses-1 finished without error at Wed Mar 11 11:50:50 CET 2026
