status file for recon-all
Wed Mar 11 08:55:48 CET 2026
#@# MotionCor Wed Mar 11 08:55:50 CET 2026
#@# Talairach Wed Mar 11 08:55:58 CET 2026
#@# Talairach Failure Detection Wed Mar 11 09:00:21 CET 2026
#@# Nu Intensity Correction Wed Mar 11 09:00:21 CET 2026
#@# Intensity Normalization Wed Mar 11 09:03:37 CET 2026
recon-all -s sub-v2s15x29751_ses-1 finished without error at Wed Mar 11 09:04:58 CET 2026



#New# invocation of recon-all 



status file for recon-all
Wed Mar 11 09:12:18 CET 2026
#@# EM Registration Wed Mar 11 09:12:18 CET 2026
recon-all -s sub-v2s15x29751_ses-1 finished without error at Wed Mar 11 09:14:35 CET 2026



#New# invocation of recon-all 



status file for recon-all
Wed Mar 11 09:14:37 CET 2026
#@# CA Normalize Wed Mar 11 09:14:37 CET 2026
#@# CA Reg Wed Mar 11 09:15:57 CET 2026
#@# SubCort Seg Wed Mar 11 10:09:42 CET 2026
#@# CC Seg Wed Mar 11 10:37:39 CET 2026
#@# Merge ASeg Wed Mar 11 10:38:12 CET 2026
#@# Intensity Normalization2 Wed Mar 11 10:38:12 CET 2026
#@# Mask BFS Wed Mar 11 10:40:19 CET 2026
#@# WM Segmentation Wed Mar 11 10:40:20 CET 2026
#@# Fill Wed Mar 11 10:42:21 CET 2026
recon-all -s sub-v2s15x29751_ses-1 finished without error at Wed Mar 11 10:43:25 CET 2026



#New# invocation of recon-all 



status file for recon-all
Wed Mar 11 11:41:10 CET 2026
#@# white curv lh Wed Mar 11 11:41:10 CET 2026
#@# white area lh Wed Mar 11 11:41:10 CET 2026
#@# pial curv lh Wed Mar 11 11:41:10 CET 2026
#@# pial area lh Wed Mar 11 11:41:10 CET 2026
#@# thickness lh Wed Mar 11 11:41:10 CET 2026
#@# area and vertex vol lh Wed Mar 11 11:41:10 CET 2026
#@# white curv rh Wed Mar 11 11:41:10 CET 2026
#@# white area rh Wed Mar 11 11:41:10 CET 2026
#@# pial curv rh Wed Mar 11 11:41:10 CET 2026
#@# pial area rh Wed Mar 11 11:41:10 CET 2026
#@# thickness rh Wed Mar 11 11:41:10 CET 2026
#@# area and vertex vol rh Wed Mar 11 11:41:10 CET 2026
#@# Cortical ribbon mask Wed Mar 11 11:41:10 CET 2026
recon-all -s sub-v2s15x29751_ses-1 finished without error at Wed Mar 11 11:45:12 CET 2026



#New# invocation of recon-all 



status file for recon-all
Wed Mar 11 11:50:54 CET 2026
#@# white curv lh Wed Mar 11 11:50:54 CET 2026
#@# white area lh Wed Mar 11 11:50:54 CET 2026
#@# pial curv lh Wed Mar 11 11:50:54 CET 2026
#@# pial area lh Wed Mar 11 11:50:54 CET 2026
#@# thickness lh Wed Mar 11 11:50:54 CET 2026
#@# area and vertex vol lh Wed Mar 11 11:50:54 CET 2026
#@# white curv rh Wed Mar 11 11:50:54 CET 2026
#@# white area rh Wed Mar 11 11:50:54 CET 2026
#@# pial curv rh Wed Mar 11 11:50:54 CET 2026
#@# pial area rh Wed Mar 11 11:50:54 CET 2026
#@# thickness rh Wed Mar 11 11:50:54 CET 2026
#@# area and vertex vol rh Wed Mar 11 11:50:54 CET 2026
#@# Curvature Stats lh Wed Mar 11 11:50:54 CET 2026
#@# Curvature Stats rh Wed Mar 11 11:50:56 CET 2026
#@# Relabel Hypointensities Wed Mar 11 11:50:58 CET 2026
#@# APas-to-ASeg Wed Mar 11 11:51:12 CET 2026
#@# AParc-to-ASeg aparc Wed Mar 11 11:51:19 CET 2026
#@# AParc-to-ASeg aparc.a2009s Wed Mar 11 11:51:39 CET 2026
#@# AParc-to-ASeg aparc.DKTatlas Wed Mar 11 11:51:59 CET 2026
#@# WMParc Wed Mar 11 11:52:22 CET 2026
#@# ASeg Stats Wed Mar 11 11:55:56 CET 2026
recon-all -s sub-v2s15x29751_ses-1 finished without error at Wed Mar 11 11:56:37 CET 2026
