status file for recon-all
Wed Mar 11 10:11:39 CET 2026
#@# Tessellate lh Wed Mar 11 10:11:39 CET 2026
#@# Smooth1 lh Wed Mar 11 10:11:42 CET 2026
#@# Inflation1 lh Wed Mar 11 10:11:44 CET 2026
#@# QSphere lh Wed Mar 11 10:11:55 CET 2026
#@# Fix Topology lh Wed Mar 11 10:12:45 CET 2026
#@# Smooth2 lh Wed Mar 11 10:21:56 CET 2026
#@# Inflation2 lh Wed Mar 11 10:21:59 CET 2026
#@# Curv .H and .K lh Wed Mar 11 10:22:10 CET 2026
#@# Sphere lh Wed Mar 11 10:22:47 CET 2026
#@# Surf Reg lh Wed Mar 11 10:28:44 CET 2026
#@# Jacobian white lh Wed Mar 11 10:33:51 CET 2026
#@# AvgCurv lh Wed Mar 11 10:33:52 CET 2026
#@# Cortical Parc lh Wed Mar 11 10:33:53 CET 2026
#@# white curv lh Wed Mar 11 10:40:35 CET 2026
#@# white area lh Wed Mar 11 10:40:36 CET 2026
#@# pial curv lh Wed Mar 11 10:40:37 CET 2026
#@# pial area lh Wed Mar 11 10:40:39 CET 2026
#@# thickness lh Wed Mar 11 10:40:40 CET 2026
#@# area and vertex vol lh Wed Mar 11 10:41:02 CET 2026
#@# Curvature Stats lh Wed Mar 11 10:41:03 CET 2026
#@# Cortical Parc 2 lh Wed Mar 11 10:41:05 CET 2026
#@# Cortical Parc 3 lh Wed Mar 11 10:41:16 CET 2026
#@# WM/GM Contrast lh Wed Mar 11 10:41:24 CET 2026
recon-all -s sub-v2s15x29741_ses-1 finished without error at Wed Mar 11 10:41:26 CET 2026



#New# invocation of recon-all 



status file for recon-all
Wed Mar 11 11:11:21 CET 2026
#@# white curv lh Wed Mar 11 11:11:21 CET 2026
#@# white area lh Wed Mar 11 11:11:21 CET 2026
#@# pial curv lh Wed Mar 11 11:11:21 CET 2026
#@# pial area lh Wed Mar 11 11:11:21 CET 2026
#@# thickness lh Wed Mar 11 11:11:21 CET 2026
#@# area and vertex vol lh Wed Mar 11 11:11:21 CET 2026
#@# Parcellation Stats lh Wed Mar 11 11:11:21 CET 2026
#@# Parcellation Stats 2 lh Wed Mar 11 11:11:33 CET 2026
#@# Parcellation Stats 3 lh Wed Mar 11 11:11:40 CET 2026
#@# BA_exvivo Labels lh Wed Mar 11 11:11:46 CET 2026
recon-all -s sub-v2s15x29741_ses-1 finished without error at Wed Mar 11 11:13:49 CET 2026
