status file for recon-all
Wed Mar 11 10:41:29 CET 2026
#@# Tessellate rh Wed Mar 11 10:41:29 CET 2026
#@# Smooth1 rh Wed Mar 11 10:41:33 CET 2026
#@# Inflation1 rh Wed Mar 11 10:41:35 CET 2026
#@# QSphere rh Wed Mar 11 10:41:47 CET 2026
#@# Fix Topology rh Wed Mar 11 10:42:45 CET 2026
#@# Smooth2 rh Wed Mar 11 10:53:11 CET 2026
#@# Inflation2 rh Wed Mar 11 10:53:13 CET 2026
#@# Curv .H and .K rh Wed Mar 11 10:53:25 CET 2026
#@# Sphere rh Wed Mar 11 10:54:02 CET 2026
#@# Surf Reg rh Wed Mar 11 10:58:22 CET 2026
#@# Jacobian white rh Wed Mar 11 11:02:05 CET 2026
#@# AvgCurv rh Wed Mar 11 11:02:05 CET 2026
#@# Cortical Parc rh Wed Mar 11 11:02:06 CET 2026
#@# white curv rh Wed Mar 11 11:07:19 CET 2026
#@# white area rh Wed Mar 11 11:07:21 CET 2026
#@# pial curv rh Wed Mar 11 11:07:21 CET 2026
#@# pial area rh Wed Mar 11 11:07:23 CET 2026
#@# thickness rh Wed Mar 11 11:07:23 CET 2026
#@# area and vertex vol rh Wed Mar 11 11:07:46 CET 2026
#@# Curvature Stats rh Wed Mar 11 11:07:47 CET 2026
#@# Cortical Parc 2 rh Wed Mar 11 11:07:49 CET 2026
#@# Cortical Parc 3 rh Wed Mar 11 11:08:00 CET 2026
#@# WM/GM Contrast rh Wed Mar 11 11:08:08 CET 2026
recon-all -s sub-v2s15x29741_ses-1 finished without error at Wed Mar 11 11:08:10 CET 2026



#New# invocation of recon-all 



status file for recon-all
Wed Mar 11 11:13:51 CET 2026
#@# white curv rh Wed Mar 11 11:13:51 CET 2026
#@# white area rh Wed Mar 11 11:13:51 CET 2026
#@# pial curv rh Wed Mar 11 11:13:51 CET 2026
#@# pial area rh Wed Mar 11 11:13:51 CET 2026
#@# thickness rh Wed Mar 11 11:13:51 CET 2026
#@# area and vertex vol rh Wed Mar 11 11:13:51 CET 2026
#@# Parcellation Stats rh Wed Mar 11 11:13:51 CET 2026
#@# Parcellation Stats 2 rh Wed Mar 11 11:14:04 CET 2026
#@# Parcellation Stats 3 rh Wed Mar 11 11:14:10 CET 2026
#@# BA_exvivo Labels rh Wed Mar 11 11:14:17 CET 2026
recon-all -s sub-v2s15x29741_ses-1 finished without error at Wed Mar 11 11:16:24 CET 2026
