status file for recon-all
Wed Mar 11 08:32:22 CET 2026
#@# MotionCor Wed Mar 11 08:32:24 CET 2026
#@# Talairach Wed Mar 11 08:32:31 CET 2026
#@# Talairach Failure Detection Wed Mar 11 08:37:01 CET 2026
#@# Nu Intensity Correction Wed Mar 11 08:37:01 CET 2026
#@# Intensity Normalization Wed Mar 11 08:40:17 CET 2026
recon-all -s sub-v2s15x29741_ses-1 finished without error at Wed Mar 11 08:41:42 CET 2026



#New# invocation of recon-all 



status file for recon-all
Wed Mar 11 08:48:59 CET 2026
#@# EM Registration Wed Mar 11 08:48:59 CET 2026
recon-all -s sub-v2s15x29741_ses-1 finished without error at Wed Mar 11 08:50:51 CET 2026



#New# invocation of recon-all 



status file for recon-all
Wed Mar 11 08:50:52 CET 2026
#@# CA Normalize Wed Mar 11 08:50:52 CET 2026
#@# CA Reg Wed Mar 11 08:52:12 CET 2026
#@# SubCort Seg Wed Mar 11 09:37:09 CET 2026
#@# CC Seg Wed Mar 11 10:05:48 CET 2026
#@# Merge ASeg Wed Mar 11 10:06:27 CET 2026
#@# Intensity Normalization2 Wed Mar 11 10:06:27 CET 2026
#@# Mask BFS Wed Mar 11 10:08:38 CET 2026
#@# WM Segmentation Wed Mar 11 10:08:39 CET 2026
#@# Fill Wed Mar 11 10:10:34 CET 2026
recon-all -s sub-v2s15x29741_ses-1 finished without error at Wed Mar 11 10:11:35 CET 2026



#New# invocation of recon-all 



status file for recon-all
Wed Mar 11 11:08:16 CET 2026
#@# white curv lh Wed Mar 11 11:08:16 CET 2026
#@# white area lh Wed Mar 11 11:08:16 CET 2026
#@# pial curv lh Wed Mar 11 11:08:17 CET 2026
#@# pial area lh Wed Mar 11 11:08:17 CET 2026
#@# thickness lh Wed Mar 11 11:08:17 CET 2026
#@# area and vertex vol lh Wed Mar 11 11:08:17 CET 2026
#@# white curv rh Wed Mar 11 11:08:17 CET 2026
#@# white area rh Wed Mar 11 11:08:17 CET 2026
#@# pial curv rh Wed Mar 11 11:08:17 CET 2026
#@# pial area rh Wed Mar 11 11:08:17 CET 2026
#@# thickness rh Wed Mar 11 11:08:17 CET 2026
#@# area and vertex vol rh Wed Mar 11 11:08:17 CET 2026
#@# Cortical ribbon mask Wed Mar 11 11:08:17 CET 2026
recon-all -s sub-v2s15x29741_ses-1 finished without error at Wed Mar 11 11:11:17 CET 2026



#New# invocation of recon-all 



status file for recon-all
Wed Mar 11 11:16:27 CET 2026
#@# white curv lh Wed Mar 11 11:16:27 CET 2026
#@# white area lh Wed Mar 11 11:16:27 CET 2026
#@# pial curv lh Wed Mar 11 11:16:27 CET 2026
#@# pial area lh Wed Mar 11 11:16:27 CET 2026
#@# thickness lh Wed Mar 11 11:16:27 CET 2026
#@# area and vertex vol lh Wed Mar 11 11:16:27 CET 2026
#@# white curv rh Wed Mar 11 11:16:27 CET 2026
#@# white area rh Wed Mar 11 11:16:27 CET 2026
#@# pial curv rh Wed Mar 11 11:16:27 CET 2026
#@# pial area rh Wed Mar 11 11:16:27 CET 2026
#@# thickness rh Wed Mar 11 11:16:27 CET 2026
#@# area and vertex vol rh Wed Mar 11 11:16:27 CET 2026
#@# Curvature Stats lh Wed Mar 11 11:16:27 CET 2026
#@# Curvature Stats rh Wed Mar 11 11:16:29 CET 2026
#@# Relabel Hypointensities Wed Mar 11 11:16:31 CET 2026
#@# APas-to-ASeg Wed Mar 11 11:16:45 CET 2026
#@# AParc-to-ASeg aparc Wed Mar 11 11:16:51 CET 2026
#@# AParc-to-ASeg aparc.a2009s Wed Mar 11 11:17:13 CET 2026
#@# AParc-to-ASeg aparc.DKTatlas Wed Mar 11 11:17:37 CET 2026
#@# WMParc Wed Mar 11 11:17:57 CET 2026
#@# ASeg Stats Wed Mar 11 11:21:22 CET 2026
recon-all -s sub-v2s15x29741_ses-1 finished without error at Wed Mar 11 11:22:00 CET 2026
