status file for recon-all
Wed Mar 11 10:49:25 CET 2026
#@# Tessellate lh Wed Mar 11 10:49:25 CET 2026
#@# Smooth1 lh Wed Mar 11 10:49:28 CET 2026
#@# Inflation1 lh Wed Mar 11 10:49:31 CET 2026
#@# QSphere lh Wed Mar 11 10:49:44 CET 2026
#@# Fix Topology lh Wed Mar 11 10:50:58 CET 2026
#@# Smooth2 lh Wed Mar 11 10:57:33 CET 2026
#@# Inflation2 lh Wed Mar 11 10:57:36 CET 2026
#@# Curv .H and .K lh Wed Mar 11 10:57:51 CET 2026
#@# Sphere lh Wed Mar 11 10:58:38 CET 2026
#@# Surf Reg lh Wed Mar 11 11:01:33 CET 2026
#@# Jacobian white lh Wed Mar 11 11:05:51 CET 2026
#@# AvgCurv lh Wed Mar 11 11:05:52 CET 2026
#@# Cortical Parc lh Wed Mar 11 11:05:53 CET 2026
#@# white curv lh Wed Mar 11 11:12:10 CET 2026
#@# white area lh Wed Mar 11 11:12:12 CET 2026
#@# pial curv lh Wed Mar 11 11:12:13 CET 2026
#@# pial area lh Wed Mar 11 11:12:16 CET 2026
#@# thickness lh Wed Mar 11 11:12:16 CET 2026
#@# area and vertex vol lh Wed Mar 11 11:12:46 CET 2026
#@# Curvature Stats lh Wed Mar 11 11:12:47 CET 2026
#@# Cortical Parc 2 lh Wed Mar 11 11:12:50 CET 2026
#@# Cortical Parc 3 lh Wed Mar 11 11:13:04 CET 2026
#@# WM/GM Contrast lh Wed Mar 11 11:13:14 CET 2026
recon-all -s sub-v2s15x29753_ses-1 finished without error at Wed Mar 11 11:13:17 CET 2026



#New# invocation of recon-all 



status file for recon-all
Wed Mar 11 11:40:59 CET 2026
#@# white curv lh Wed Mar 11 11:40:59 CET 2026
#@# white area lh Wed Mar 11 11:40:59 CET 2026
#@# pial curv lh Wed Mar 11 11:40:59 CET 2026
#@# pial area lh Wed Mar 11 11:40:59 CET 2026
#@# thickness lh Wed Mar 11 11:40:59 CET 2026
#@# area and vertex vol lh Wed Mar 11 11:40:59 CET 2026
#@# Parcellation Stats lh Wed Mar 11 11:40:59 CET 2026
#@# Parcellation Stats 2 lh Wed Mar 11 11:41:17 CET 2026
#@# Parcellation Stats 3 lh Wed Mar 11 11:41:26 CET 2026
#@# BA_exvivo Labels lh Wed Mar 11 11:41:36 CET 2026
recon-all -s sub-v2s15x29753_ses-1 finished without error at Wed Mar 11 11:44:22 CET 2026
