status file for recon-all
Wed Mar 11 09:02:48 CET 2026
#@# MotionCor Wed Mar 11 09:02:50 CET 2026
#@# Talairach Wed Mar 11 09:02:57 CET 2026
#@# Talairach Failure Detection Wed Mar 11 09:07:34 CET 2026
#@# Nu Intensity Correction Wed Mar 11 09:07:34 CET 2026
#@# Intensity Normalization Wed Mar 11 09:10:51 CET 2026
recon-all -s sub-v2s15x29753_ses-1 finished without error at Wed Mar 11 09:12:20 CET 2026



#New# invocation of recon-all 



status file for recon-all
Wed Mar 11 09:19:37 CET 2026
#@# EM Registration Wed Mar 11 09:19:37 CET 2026
recon-all -s sub-v2s15x29753_ses-1 finished without error at Wed Mar 11 09:21:39 CET 2026



#New# invocation of recon-all 



status file for recon-all
Wed Mar 11 09:21:41 CET 2026
#@# CA Normalize Wed Mar 11 09:21:41 CET 2026
#@# CA Reg Wed Mar 11 09:23:00 CET 2026
#@# SubCort Seg Wed Mar 11 10:14:57 CET 2026
#@# CC Seg Wed Mar 11 10:43:21 CET 2026
#@# Merge ASeg Wed Mar 11 10:44:09 CET 2026
#@# Intensity Normalization2 Wed Mar 11 10:44:09 CET 2026
#@# Mask BFS Wed Mar 11 10:46:15 CET 2026
#@# WM Segmentation Wed Mar 11 10:46:16 CET 2026
#@# Fill Wed Mar 11 10:48:10 CET 2026
recon-all -s sub-v2s15x29753_ses-1 finished without error at Wed Mar 11 10:49:18 CET 2026



#New# invocation of recon-all 



status file for recon-all
Wed Mar 11 11:35:09 CET 2026
#@# white curv lh Wed Mar 11 11:35:09 CET 2026
#@# white area lh Wed Mar 11 11:35:09 CET 2026
#@# pial curv lh Wed Mar 11 11:35:09 CET 2026
#@# pial area lh Wed Mar 11 11:35:09 CET 2026
#@# thickness lh Wed Mar 11 11:35:09 CET 2026
#@# area and vertex vol lh Wed Mar 11 11:35:09 CET 2026
#@# white curv rh Wed Mar 11 11:35:09 CET 2026
#@# white area rh Wed Mar 11 11:35:09 CET 2026
#@# pial curv rh Wed Mar 11 11:35:09 CET 2026
#@# pial area rh Wed Mar 11 11:35:09 CET 2026
#@# thickness rh Wed Mar 11 11:35:09 CET 2026
#@# area and vertex vol rh Wed Mar 11 11:35:09 CET 2026
#@# Cortical ribbon mask Wed Mar 11 11:35:09 CET 2026
recon-all -s sub-v2s15x29753_ses-1 finished without error at Wed Mar 11 11:40:55 CET 2026



#New# invocation of recon-all 



status file for recon-all
Wed Mar 11 11:47:49 CET 2026
#@# white curv lh Wed Mar 11 11:47:49 CET 2026
#@# white area lh Wed Mar 11 11:47:49 CET 2026
#@# pial curv lh Wed Mar 11 11:47:49 CET 2026
#@# pial area lh Wed Mar 11 11:47:49 CET 2026
#@# thickness lh Wed Mar 11 11:47:49 CET 2026
#@# area and vertex vol lh Wed Mar 11 11:47:49 CET 2026
#@# white curv rh Wed Mar 11 11:47:49 CET 2026
#@# white area rh Wed Mar 11 11:47:50 CET 2026
#@# pial curv rh Wed Mar 11 11:47:50 CET 2026
#@# pial area rh Wed Mar 11 11:47:50 CET 2026
#@# thickness rh Wed Mar 11 11:47:50 CET 2026
#@# area and vertex vol rh Wed Mar 11 11:47:50 CET 2026
#@# Curvature Stats lh Wed Mar 11 11:47:50 CET 2026
#@# Curvature Stats rh Wed Mar 11 11:47:52 CET 2026
#@# Relabel Hypointensities Wed Mar 11 11:47:55 CET 2026
#@# APas-to-ASeg Wed Mar 11 11:48:11 CET 2026
#@# AParc-to-ASeg aparc Wed Mar 11 11:48:20 CET 2026
#@# AParc-to-ASeg aparc.a2009s Wed Mar 11 11:49:08 CET 2026
#@# AParc-to-ASeg aparc.DKTatlas Wed Mar 11 11:49:47 CET 2026
#@# WMParc Wed Mar 11 11:50:26 CET 2026
#@# ASeg Stats Wed Mar 11 11:54:35 CET 2026
recon-all -s sub-v2s15x29753_ses-1 finished without error at Wed Mar 11 11:55:17 CET 2026
