status file for recon-all
Wed Mar 11 11:13:19 CET 2026
#@# Tessellate rh Wed Mar 11 11:13:19 CET 2026
#@# Smooth1 rh Wed Mar 11 11:13:23 CET 2026
#@# Inflation1 rh Wed Mar 11 11:13:25 CET 2026
#@# QSphere rh Wed Mar 11 11:13:40 CET 2026
#@# Fix Topology rh Wed Mar 11 11:15:07 CET 2026
#@# Smooth2 rh Wed Mar 11 11:20:08 CET 2026
#@# Inflation2 rh Wed Mar 11 11:20:10 CET 2026
#@# Curv .H and .K rh Wed Mar 11 11:20:26 CET 2026
#@# Sphere rh Wed Mar 11 11:21:09 CET 2026
#@# Surf Reg rh Wed Mar 11 11:23:32 CET 2026
#@# Jacobian white rh Wed Mar 11 11:27:45 CET 2026
#@# AvgCurv rh Wed Mar 11 11:27:46 CET 2026
#@# Cortical Parc rh Wed Mar 11 11:27:47 CET 2026
#@# white curv rh Wed Mar 11 11:33:59 CET 2026
#@# white area rh Wed Mar 11 11:34:01 CET 2026
#@# pial curv rh Wed Mar 11 11:34:02 CET 2026
#@# pial area rh Wed Mar 11 11:34:04 CET 2026
#@# thickness rh Wed Mar 11 11:34:05 CET 2026
#@# area and vertex vol rh Wed Mar 11 11:34:34 CET 2026
#@# Curvature Stats rh Wed Mar 11 11:34:36 CET 2026
#@# Cortical Parc 2 rh Wed Mar 11 11:34:38 CET 2026
#@# Cortical Parc 3 rh Wed Mar 11 11:34:52 CET 2026
#@# WM/GM Contrast rh Wed Mar 11 11:35:03 CET 2026
recon-all -s sub-v2s15x29753_ses-1 finished without error at Wed Mar 11 11:35:06 CET 2026



#New# invocation of recon-all 



status file for recon-all
Wed Mar 11 11:44:25 CET 2026
#@# white curv rh Wed Mar 11 11:44:25 CET 2026
#@# white area rh Wed Mar 11 11:44:25 CET 2026
#@# pial curv rh Wed Mar 11 11:44:25 CET 2026
#@# pial area rh Wed Mar 11 11:44:25 CET 2026
#@# thickness rh Wed Mar 11 11:44:25 CET 2026
#@# area and vertex vol rh Wed Mar 11 11:44:25 CET 2026
#@# Parcellation Stats rh Wed Mar 11 11:44:25 CET 2026
#@# Parcellation Stats 2 rh Wed Mar 11 11:44:44 CET 2026
#@# Parcellation Stats 3 rh Wed Mar 11 11:44:53 CET 2026
#@# BA_exvivo Labels rh Wed Mar 11 11:45:03 CET 2026
recon-all -s sub-v2s15x29753_ses-1 finished without error at Wed Mar 11 11:47:46 CET 2026
