/out/sourcedata/freesurfer/sub-v2s15x29738_ses-1/mri
/opt/freesurfer/bin/talairach_avi
--i orig_nu.mgz --xfm transforms/talairach.auto.xfm
talairach_avi 7.3.2
Linux dna034 5.14.0-427.37.1.el9_4.x86_64 #1 SMP PREEMPT_DYNAMIC Fri Sep 13 12:41:50 EDT 2024 x86_64 x86_64 x86_64 GNU/Linux
Wed Mar 11 08:18:07 CET 2026
mri_convert orig_nu.mgz talsrcimg.img 
reading from orig_nu.mgz...
TR=0.00, TE=0.00, TI=0.00, flip angle=0.00
i_ras = (-1, 0, 0)
j_ras = (0, 0, -1)
k_ras = (0, 1, 0)
writing to talsrcimg.img...
Analyze Output Matrix
-1.00000   0.00000   0.00000   124.43954;
 0.00000   0.00000   1.00000  -120.62381;
 0.00000  -1.00000   0.00000   167.15511;
 0.00000   0.00000   0.00000   1.00000;
--------------------
INFO: set hdr.hist.orient to -1
mpr2mni305 talsrcimg
Wed Mar 11 08:18:07 CET 2026
/opt/freesurfer/bin/mpr2mni305 talsrcimg
mpr2mni305 7.3.2
target=711-2C_as_mni_average_305

---------------------------------------------------------------------
analyzeto4dfp talsrcimg -O0 -y
---------------------------------------------------------------------

freesurfer ifh2hdr.c
Wed Mar 11 08:18:08 2026
Writing: talsrcimg.4dfp.hdr
freesurfer analyzeto4dfp.c
Reading: talsrcimg.hdr
header size 348 bytes
hdr.dime.datatype	offset=70	value=2
hdr.dime.bitpix		offset=72	value=8
hdr.hist.orient		offset=252	value=-1
dimensionality     4
dimensions       256       256       256         1
Reading: talsrcimg.img
Writing: talsrcimg.4dfp.img
Writing: talsrcimg.4dfp.ifh
ifh2hdr talsrcimg -r0to238
ori=2

---------------------------------------------------------------------
gauss_4dfp talsrcimg 1.1
---------------------------------------------------------------------

freesurfer gauss_4dfp.c
Reading: talsrcimg.4dfp.img
Writing: talsrcimg_g11.4dfp.img
image dimensions 256 256 256 padded to 288 288 288
processing volume 1freesurfer ifh2hdr.c
Wed Mar 11 08:18:09 2026
Writing: talsrcimg_g11.4dfp.hdr

Writing: talsrcimg_g11.4dfp.ifh
including: talsrcimg.4dfp.img.rec in talsrcimg_g11.4dfp.img.rec

---------------------------------------------------------------------
imgreg_4dfp /opt/freesurfer/average/711-2C_as_mni_average_305 none talsrcimg_g11 none talsrcimg_to_711-2C_as_mni_average_305_t4 4355
---------------------------------------------------------------------

freesurfer imgreg_4dfp.c
/opt/freesurfer/average/711-2C_as_mni_average_305.4dfp.img
       256       256       256         1
  1.000000  1.000000  1.000000
orientation T byte_order littleendian
Reading image: /opt/freesurfer/average/711-2C_as_mni_average_305.4dfp.img
dimensions:      256       256       256
mmppix:       1.0000   -1.0000   -1.0000
center:     128.0000 -129.0000 -129.0000
talsrcimg_g11.4dfp.img
       256       256       256         1
  1.000000  1.000000  1.000000
orientation T byte_order littleendian
Reading image: talsrcimg_g11.4dfp.img
dimensions:      256       256       256
mmppix:       1.0000   -1.0000   -1.0000
center:     128.0000 -129.0000 -129.0000
t4_read: open error in t4_sub.f l:  41 t4_file(1:l)talsrcimg_to_711-2C_as_mni_average_305_t4 
t4_read: transform initialized to I4
rotation matrix determinant  1.000000
image alignment mode   4355 decimal     1103 hex
   -7.5000  -45.0000  -45.0000 8141.5684   16.5511
    0.0000  -45.0000  -45.0000 8464.1123   16.5356
    7.5000  -45.0000  -45.0000 8161.1226   16.5425
   -7.5000  -37.5000  -45.0000 8626.6582   16.5362
    0.0000  -37.5000  -45.0000 8983.9189   16.5221
    7.5000  -37.5000  -45.0000 8659.0312   16.5208
   -7.5000  -30.0000  -45.0000 9348.8760   16.5172
    0.0000  -30.0000  -45.0000 9726.5625   16.5038
    7.5000  -30.0000  -45.0000 9380.2070   16.5023
   -7.5000  -22.5000  -45.000010004.1143   16.5073
    0.0000  -22.5000  -45.000010437.3379   16.4929
    7.5000  -22.5000  -45.000010053.4824   16.5014
   -7.5000  -15.0000  -45.000010651.6494   16.5165
    0.0000  -15.0000  -45.000011111.8936   16.5007
    7.5000  -15.0000  -45.000010701.4307   16.5180
   -7.5000   -7.5000  -45.000011255.0137   16.5400
    0.0000   -7.5000  -45.000011747.2646   16.5238
    7.5000   -7.5000  -45.000011296.1494   16.5394
   -7.5000    0.0000  -45.000011851.1475   16.5498
    0.0000    0.0000  -45.000012379.0820   16.5343
    7.5000    0.0000  -45.000011875.5283   16.5412
   -7.5000    7.5000  -45.000011407.9219   16.5362
    0.0000    7.5000  -45.000011922.1562   16.5221
    7.5000    7.5000  -45.000011412.7139   16.5208
   -7.5000   15.0000  -45.000010655.3105   16.5172
    0.0000   15.0000  -45.000011121.4658   16.5038
    7.5000   15.0000  -45.000010632.4316   16.5023
   -7.5000   22.5000  -45.0000 9814.6455   16.5050
    0.0000   22.5000  -45.000010242.4844   16.4906
    7.5000   22.5000  -45.0000 9774.0273   16.4991
   -7.5000   30.0000  -45.0000 8962.7744   16.2964
    0.0000   30.0000  -45.0000 9375.9688   16.2808
    7.5000   30.0000  -45.0000 8915.5947   16.2979
   -7.5000   37.5000  -45.0000 8487.9531   16.3196
    0.0000   37.5000  -45.0000 8874.1250   16.3036
    7.5000   37.5000  -45.0000 8423.3789   16.3189
   -7.5000   45.0000  -45.0000 7692.2441   15.9146
    0.0000   45.0000  -45.0000 8027.6108   15.8997
    7.5000   45.0000  -45.0000 7615.8262   15.9063
   -7.5000  -45.0000  -37.5000 8673.6514   16.2623
    0.0000  -45.0000  -37.5000 9038.7754   16.2413
    7.5000  -45.0000  -37.5000 8668.5098   16.2551
   -7.5000  -37.5000  -37.5000 9192.6289   16.2463
    0.0000  -37.5000  -37.5000 9594.7305   16.2287
    7.5000  -37.5000  -37.5000 9166.2979   16.2383
   -7.5000  -30.0000  -37.5000 9937.5879   16.2339
    0.0000  -30.0000  -37.500010368.0557   16.2186
    7.5000  -30.0000  -37.5000 9891.4688   16.2282
   -7.5000  -22.5000  -37.500010605.7031   16.2333
    0.0000  -22.5000  -37.500011108.4229   16.2164
    7.5000  -22.5000  -37.500010602.2539   16.2312
   -7.5000  -15.0000  -37.500011252.4395   16.2452
    0.0000  -15.0000  -37.500011791.3828   16.2246
    7.5000  -15.0000  -37.500011271.0283   16.2433
   -7.5000   -7.5000  -37.500011875.1562   16.2605
    0.0000   -7.5000  -37.500012444.8691   16.2383
    7.5000   -7.5000  -37.500011906.9395   16.2557
   -7.5000    0.0000  -37.500012506.2959   16.2609
    0.0000    0.0000  -37.500013099.1611   16.2401
    7.5000    0.0000  -37.500012499.8760   16.2538
   -7.5000    7.5000  -37.500012025.5166   16.2463
    0.0000    7.5000  -37.500012592.3779   16.2287
    7.5000    7.5000  -37.500011974.2734   16.2383
   -7.5000   15.0000  -37.500011226.8525   16.2339
    0.0000   15.0000  -37.500011757.2471   16.2186
    7.5000   15.0000  -37.500011161.1475   16.2282
   -7.5000   22.5000  -37.500010311.3262   16.2311
    0.0000   22.5000  -37.500010801.9102   16.2141
    7.5000   22.5000  -37.500010236.6523   16.2290
   -7.5000   30.0000  -37.5000 9389.8740   16.0287
    0.0000   30.0000  -37.5000 9848.5811   16.0084
    7.5000   30.0000  -37.5000 9317.6562   16.0269
   -7.5000   37.5000  -37.5000 8872.6572   16.0438
    0.0000   37.5000  -37.5000 9283.3662   16.0219
    7.5000   37.5000  -37.5000 8779.1436   16.0391
   -7.5000   45.0000  -37.5000 8024.2041   15.6368
    0.0000   45.0000  -37.5000 8387.6348   15.6168
    7.5000   45.0000  -37.5000 7922.4775   15.6300
   -7.5000  -45.0000  -30.0000 9428.9111   16.8409
    0.0000  -45.0000  -30.0000 9836.6973   16.8169
    7.5000  -45.0000  -30.0000 9372.8604   16.8370
   -7.5000  -37.5000  -30.0000 9975.6094   16.8124
    0.0000  -37.5000  -30.000010423.8057   16.7937
    7.5000  -37.5000  -30.0000 9893.4111   16.8152
   -7.5000  -30.0000  -30.000010763.9199   16.8010
    0.0000  -30.0000  -30.000011240.5127   16.7877
    7.5000  -30.0000  -30.000010667.8711   16.8113
   -7.5000  -22.5000  -30.000011509.2412   16.8160
    0.0000  -22.5000  -30.000012046.1865   16.8017
    7.5000  -22.5000  -30.000011432.4404   16.8262
   -7.5000  -15.0000  -30.000012202.9971   16.8409
    0.0000  -15.0000  -30.000012793.4316   16.8210
    7.5000  -15.0000  -30.000012123.8223   16.8434
   -7.5000   -7.5000  -30.000012832.0166   16.8531
    0.0000   -7.5000  -30.000013485.0947   16.8289
    7.5000   -7.5000  -30.000012771.9395   16.8490
   -7.5000    0.0000  -30.000013448.9043   16.8395
    0.0000    0.0000  -30.000014119.6875   16.8156
    7.5000    0.0000  -30.000013375.5000   16.8357
   -7.5000    7.5000  -30.000012896.4902   16.8124
    0.0000    7.5000  -30.000013540.3330   16.7937
    7.5000    7.5000  -30.000012795.8652   16.8152
   -7.5000   15.0000  -30.000012037.4561   16.8010
    0.0000   15.0000  -30.000012648.8691   16.7877
    7.5000   15.0000  -30.000011925.5996   16.8113
   -7.5000   22.5000  -30.000011062.0146   16.8119
    0.0000   22.5000  -30.000011602.1367   16.7977
    7.5000   22.5000  -30.000010949.6602   16.8221
   -7.5000   30.0000  -30.000010097.2139   16.6180
    0.0000   30.0000  -30.000010585.8555   16.5984
    7.5000   30.0000  -30.0000 9985.3301   16.6205
   -7.5000   37.5000  -30.0000 9501.5400   16.6301
    0.0000   37.5000  -30.0000 9969.7930   16.6063
    7.5000   37.5000  -30.0000 9384.9951   16.6260
   -7.5000   45.0000  -30.0000 8555.0293   16.2051
    0.0000   45.0000  -30.0000 8951.8770   16.1821
    7.5000   45.0000  -30.0000 8429.2744   16.2014
   -7.5000  -45.0000  -22.500010145.4404   17.3661
    0.0000  -45.0000  -22.500010592.5898   17.3458
    7.5000  -45.0000  -22.500010066.6836   17.3623
   -7.5000  -37.5000  -22.500010721.1348   17.3266
    0.0000  -37.5000  -22.500011198.0674   17.3106
    7.5000  -37.5000  -22.500010633.9375   17.3299
   -7.5000  -30.0000  -22.500011597.0781   17.3104
    0.0000  -30.0000  -22.500012129.2441   17.3010
    7.5000  -30.0000  -22.500011483.1865   17.3245
   -7.5000  -22.5000  -22.500012450.8301   17.3321
    0.0000  -22.5000  -22.500013026.6133   17.3237
    7.5000  -22.5000  -22.500012317.3711   17.3483
   -7.5000  -15.0000  -22.500013188.0586   17.3671
    0.0000  -15.0000  -22.500013829.2324   17.3542
    7.5000  -15.0000  -22.500013031.8105   17.3758
   -7.5000   -7.5000  -22.500013839.9434   17.3835
    0.0000   -7.5000  -22.500014526.9053   17.3653
    7.5000   -7.5000  -22.500013695.1807   17.3830
   -7.5000    0.0000  -22.500014458.7568   17.3647
    0.0000    0.0000  -22.500015166.6162   17.3444
    7.5000    0.0000  -22.500014329.2256   17.3609
   -7.5000    7.5000  -22.500013808.7520   17.3266
    0.0000    7.5000  -22.500014511.0469   17.3106
    7.5000    7.5000  -22.500013685.6465   17.3299
   -7.5000   15.0000  -22.500012920.0479   17.3104
    0.0000   15.0000  -22.500013587.4570   17.3010
    7.5000   15.0000  -22.500012779.6865   17.3245
   -7.5000   22.5000  -22.500011893.3633   17.3268
    0.0000   22.5000  -22.500012503.5566   17.3184
    7.5000   22.5000  -22.500011752.3916   17.3430
   -7.5000   30.0000  -22.500010828.5908   17.1399
    0.0000   30.0000  -22.500011368.3271   17.1272
    7.5000   30.0000  -22.500010686.5000   17.1486
   -7.5000   37.5000  -22.500010136.7471   17.1562
    0.0000   37.5000  -22.500010640.5830   17.1381
    7.5000   37.5000  -22.500010008.5342   17.1556
   -7.5000   45.0000  -22.5000 9091.3643   16.7230
    0.0000   45.0000  -22.5000 9530.9521   16.7035
    7.5000   45.0000  -22.5000 8971.1025   16.7194
   -7.5000  -45.0000  -15.000010851.0869   17.7753
    0.0000  -45.0000  -15.000011365.4795   17.7609
    7.5000  -45.0000  -15.000010773.5371   17.7684
   -7.5000  -37.5000  -15.000011467.7803   17.7355
    0.0000  -37.5000  -15.000012021.6602   17.7230
    7.5000  -37.5000  -15.000011391.3643   17.7300
   -7.5000  -30.0000  -15.000012408.0107   17.7130
    0.0000  -30.0000  -15.000013004.3740   17.7054
    7.5000  -30.0000  -15.000012313.0635   17.7171
   -7.5000  -22.5000  -15.000013325.0215   17.7274
    0.0000  -22.5000  -15.000013968.4287   17.7220
    7.5000  -22.5000  -15.000013205.1367   17.7393
   -7.5000  -15.0000  -15.000014094.6729   17.7616
    0.0000  -15.0000  -15.000014836.3428   17.7545
    7.5000  -15.0000  -15.000013945.8262   17.7734
   -7.5000   -7.5000  -15.000014845.7842   17.7856
    0.0000   -7.5000  -15.000015617.8398   17.7744
    7.5000   -7.5000  -15.000014683.2061   17.7882
   -7.5000    0.0000  -15.000015535.8730   17.7739
    0.0000    0.0000  -15.000016327.1484   17.7595
    7.5000    0.0000  -15.000015349.3496   17.7670
   -7.5000    7.5000  -15.000014750.6543   17.7355
    0.0000    7.5000  -15.000015531.5693   17.7230
    7.5000    7.5000  -15.000014592.4990   17.7300
   -7.5000   15.0000  -15.000013802.1045   17.7130
    0.0000   15.0000  -15.000014534.8135   17.7054
    7.5000   15.0000  -15.000013635.2373   17.7171
   -7.5000   22.5000  -15.000012727.3955   17.7211
    0.0000   22.5000  -15.000013437.1377   17.7157
    7.5000   22.5000  -15.000012585.9863   17.7331
   -7.5000   30.0000  -15.000011590.9648   17.5318
    0.0000   30.0000  -15.000012211.6689   17.5247
    7.5000   30.0000  -15.000011432.1592   17.5433
   -7.5000   37.5000  -15.000010776.1338   17.5554
    0.0000   37.5000  -15.000011354.8184   17.5444
    7.5000   37.5000  -15.000010648.8018   17.5580
   -7.5000   45.0000  -15.0000 9623.5459   17.1275
    0.0000   45.0000  -15.000010128.7510   17.1136
    7.5000   45.0000  -15.0000 9531.9111   17.1208
   -7.5000  -45.0000   -7.500011623.7744   18.0324
    0.0000  -45.0000   -7.500012184.9639   18.0195
    7.5000  -45.0000   -7.500011566.5078   18.0223
   -7.5000  -37.5000   -7.500012321.1826   18.0056
    0.0000  -37.5000   -7.500012946.6172   17.9932
    7.5000  -37.5000   -7.500012252.0527   17.9897
   -7.5000  -30.0000   -7.500013348.7637   17.9808
    0.0000  -30.0000   -7.500014056.7012   17.9702
    7.5000  -30.0000   -7.500013263.8057   17.9691
   -7.5000  -22.5000   -7.500014264.1631   17.9775
    0.0000  -22.5000   -7.500015036.4395   17.9681
    7.5000  -22.5000   -7.500014176.2471   17.9773
   -7.5000  -15.0000   -7.500015051.5654   17.9980
    0.0000  -15.0000   -7.500015885.3223   17.9884
    7.5000  -15.0000   -7.500014940.0352   18.0052
   -7.5000   -7.5000   -7.500015907.3340   18.0267
    0.0000   -7.5000   -7.500016772.6055   18.0155
    7.5000   -7.5000   -7.500015769.0283   18.0284
   -7.5000    0.0000   -7.500016663.9805   18.0310
    0.0000    0.0000   -7.500017575.5781   18.0181
    7.5000    0.0000   -7.500016499.7422   18.0209
   -7.5000    7.5000   -7.500015785.8467   18.0056
    0.0000    7.5000   -7.500016630.9492   17.9932
    7.5000    7.5000   -7.500015615.0791   17.9897
   -7.5000   15.0000   -7.500014747.7314   17.9808
    0.0000   15.0000   -7.500015536.6309   17.9702
    7.5000   15.0000   -7.500014553.9297   17.9691
   -7.5000   22.5000   -7.500013607.4150   17.9692
    0.0000   22.5000   -7.500014359.8623   17.9598
    7.5000   22.5000   -7.500013438.4209   17.9690
   -7.5000   30.0000   -7.500012408.8945   17.7646
    0.0000   30.0000   -7.500013105.8643   17.7551
    7.5000   30.0000   -7.500012257.5244   17.7717
   -7.5000   37.5000   -7.500011533.5645   17.7929
    0.0000   37.5000   -7.500012171.2471   17.7819
    7.5000   37.5000   -7.500011404.5400   17.7946
   -7.5000   45.0000   -7.500010274.8281   17.3785
    0.0000   45.0000   -7.500010808.0254   17.3661
    7.5000   45.0000   -7.500010178.1455   17.3688
   -7.5000  -45.0000    0.000012319.4893   18.1237
    0.0000  -45.0000    0.000012927.6279   18.1070
    7.5000  -45.0000    0.000012303.0938   18.1132
   -7.5000  -37.5000    0.000013083.6514   18.1088
    0.0000  -37.5000    0.000013740.6094   18.0931
    7.5000  -37.5000    0.000013069.5010   18.0905
   -7.5000  -30.0000    0.000014272.2764   18.0884
    0.0000  -30.0000    0.000015026.8555   18.0732
    7.5000  -30.0000    0.000014233.3096   18.0702
   -7.5000  -22.5000    0.000015202.6641   18.0766
    0.0000  -22.5000    0.000016036.4756   18.0605
    7.5000  -22.5000    0.000015142.6572   18.0683
   -7.5000  -15.0000    0.000016009.0273   18.0855
    0.0000  -15.0000    0.000016809.8223   18.0684
    7.5000  -15.0000    0.000015903.8418   18.0856
   -7.5000   -7.5000    0.000016872.1406   18.1107
    0.0000   -7.5000    0.000017709.6914   18.0935
    7.5000   -7.5000    0.000016783.7285   18.1089
   -7.5000    0.0000    0.000017670.6348   18.1223
    0.0000    0.0000    0.000018542.2891   18.1056
    7.5000    0.0000    0.000017567.8633   18.1118
   -7.5000    7.5000    0.000016717.2500   18.1088
    0.0000    7.5000    0.000017539.2520   18.0931
    7.5000    7.5000    0.000016574.9766   18.0905
   -7.5000   15.0000    0.000015603.3467   18.0884
    0.0000   15.0000    0.000016386.4082   18.0732
    7.5000   15.0000    0.000015436.4141   18.0702
   -7.5000   22.5000    0.000014404.4072   18.0683
    0.0000   22.5000    0.000015155.4541   18.0522
    7.5000   22.5000    0.000014241.4307   18.0600
   -7.5000   30.0000    0.000013159.1396   17.8515
    0.0000   30.0000    0.000013888.6602   17.8345
    7.5000   30.0000    0.000013007.4248   17.8515
   -7.5000   37.5000    0.000012276.6953   17.8764
    0.0000   37.5000    0.000012938.5488   17.8593
    7.5000   37.5000    0.000012112.1387   17.8746
   -7.5000   45.0000    0.000010873.7520   17.4678
    0.0000   45.0000    0.000011451.7588   17.4518
    7.5000   45.0000    0.000010760.2598   17.4577
   -7.5000  -45.0000    7.500011943.8262   18.1310
    0.0000  -45.0000    7.500012483.1797   18.1080
    7.5000  -45.0000    7.500011981.0498   18.1235
   -7.5000  -37.5000    7.500012750.7568   18.1131
    0.0000  -37.5000    7.500013343.2617   18.0936
    7.5000  -37.5000    7.500012803.0293   18.1047
   -7.5000  -30.0000    7.500014073.8594   18.0993
    0.0000  -30.0000    7.500014799.7256   18.0824
    7.5000  -30.0000    7.500014154.8535   18.0934
   -7.5000  -22.5000    7.500015110.4561   18.0989
    0.0000  -22.5000    7.500015879.4639   18.0803
    7.5000  -22.5000    7.500015170.3242   18.0970
   -7.5000  -15.0000    7.500015898.2959   18.1124
    0.0000  -15.0000    7.500016456.4316   18.0897
    7.5000  -15.0000    7.500015881.9873   18.1107
   -7.5000   -7.5000    7.500016695.7793   18.1293
    0.0000   -7.5000    7.500017209.8633   18.1050
    7.5000   -7.5000    7.500016728.0898   18.1245
   -7.5000    0.0000    7.500017497.5352   18.1295
    0.0000    0.0000    7.500018089.6445   18.1065
    7.5000    0.0000    7.500017480.9375   18.1221
   -7.5000    7.5000    7.500016558.5273   18.1131
    0.0000    7.5000    7.500017183.2812   18.0936
    7.5000    7.5000    7.500016450.0508   18.1047
   -7.5000   15.0000    7.500015426.4766   18.0993
    0.0000   15.0000    7.500016060.7549   18.0824
    7.5000   15.0000    7.500015268.0713   18.0934
   -7.5000   22.5000    7.500014221.6660   18.0906
    0.0000   22.5000    7.500014845.0469   18.0719
    7.5000   22.5000    7.500014020.1797   18.0887
   -7.5000   30.0000    7.500012991.4053   17.8780
    0.0000   30.0000    7.500013627.8389   17.8556
    7.5000   30.0000    7.500012808.2734   17.8763
   -7.5000   37.5000    7.500012122.4453   17.8947
    0.0000   37.5000    7.500012722.5430   17.8707
    7.5000   37.5000    7.500011941.3232   17.8899
   -7.5000   45.0000    7.500010736.4160   17.4748
    0.0000   45.0000    7.500011271.6035   17.4526
    7.5000   45.0000    7.500010583.8086   17.4676
   -7.5000  -45.0000   15.000011346.7617   18.0843
    0.0000  -45.0000   15.000011802.3184   18.0586
    7.5000  -45.0000   15.000011471.1221   18.0802
   -7.5000  -37.5000   15.000012162.3926   18.0538
    0.0000  -37.5000   15.000012607.9170   18.0337
    7.5000  -37.5000   15.000012314.7656   18.0568
   -7.5000  -30.0000   15.000013550.6582   18.0415
    0.0000  -30.0000   15.000014243.1602   18.0272
    7.5000  -30.0000   15.000013770.2979   18.0525
   -7.5000  -22.5000   15.000014777.9541   18.0576
    0.0000  -22.5000   15.000015515.0938   18.0423
    7.5000  -22.5000   15.000014982.2598   18.0686
   -7.5000  -15.0000   15.000015699.2158   18.0843
    0.0000  -15.0000   15.000016126.2500   18.0630
    7.5000  -15.0000   15.000015765.0381   18.0870
   -7.5000   -7.5000   15.000016527.5039   18.0974
    0.0000   -7.5000   15.000016842.5879   18.0715
    7.5000   -7.5000   15.000016457.3418   18.0930
   -7.5000    0.0000   15.000017169.5254   18.0829
    0.0000    0.0000   15.000017583.6348   18.0572
    7.5000    0.0000   15.000017003.1816   18.0787
   -7.5000    7.5000   15.000016129.0605   18.0538
    0.0000    7.5000   15.000016595.1035   18.0337
    7.5000    7.5000   15.000015902.1035   18.0568
   -7.5000   15.0000   15.000014916.0303   18.0415
    0.0000   15.0000   15.000015417.8633   18.0272
    7.5000   15.0000   15.000014676.7266   18.0525
   -7.5000   22.5000   15.000013725.4307   18.0493
    0.0000   22.5000   15.000014249.1826   18.0340
    7.5000   22.5000   15.000013472.6494   18.0602
   -7.5000   30.0000   15.000012530.6191   17.8503
    0.0000   30.0000   15.000013109.7178   17.8292
    7.5000   30.0000   15.000012297.3115   17.8529
   -7.5000   37.5000   15.000011677.9404   17.8632
    0.0000   37.5000   15.000012274.5020   17.8376
    7.5000   37.5000   15.000011508.4990   17.8589
   -7.5000   45.0000   15.000010340.9727   17.4298
    0.0000   45.0000   15.000010888.6807   17.4050
    7.5000   45.0000   15.000010214.5508   17.4258
   -7.5000  -45.0000   22.500010777.9766   18.0291
    0.0000  -45.0000   22.500011214.7900   18.0080
    7.5000  -45.0000   22.500010875.4336   18.0252
   -7.5000  -37.5000   22.500011560.4658   17.9882
    0.0000  -37.5000   22.500012068.6074   17.9716
    7.5000  -37.5000   22.500011655.2139   17.9916
   -7.5000  -30.0000   22.500012848.5127   17.9713
    0.0000  -30.0000   22.500013540.2490   17.9615
    7.5000  -30.0000   22.500012915.5215   17.9860
   -7.5000  -22.5000   22.500013918.4209   17.9938
    0.0000  -22.5000   22.500014672.5020   17.9852
    7.5000  -22.5000   22.500013948.8457   18.0107
   -7.5000  -15.0000   22.500014769.7305   18.0302
    0.0000  -15.0000   22.500015441.2188   18.0168
    7.5000  -15.0000   22.500014713.6924   18.0393
   -7.5000   -7.5000   22.500015530.2891   18.0473
    0.0000   -7.5000   22.500016179.6348   18.0283
    7.5000   -7.5000   22.500015455.0889   18.0467
   -7.5000    0.0000   22.500016126.9912   18.0277
    0.0000    0.0000   22.500016790.6191   18.0067
    7.5000    0.0000   22.500015986.9580   18.0238
   -7.5000    7.5000   22.500015121.4346   17.9882
    0.0000    7.5000   22.500015718.6680   17.9716
    7.5000    7.5000   22.500014960.6436   17.9916
   -7.5000   15.0000   22.500013965.8232   17.9713
    0.0000   15.0000   22.500014522.3164   17.9615
    7.5000   15.0000   22.500013829.6826   17.9860
   -7.5000   22.5000   22.500012909.7188   17.9855
    0.0000   22.5000   22.500013445.2041   17.9769
    7.5000   22.5000   22.500012781.1797   18.0024
   -7.5000   30.0000   22.500011826.3662   17.7968
    0.0000   30.0000   22.500012338.4580   17.7836
    7.5000   30.0000   22.500011720.1504   17.8058
   -7.5000   37.5000   22.500011079.8994   17.8137
    0.0000   37.5000   22.500011569.8975   17.7950
    7.5000   37.5000   22.500011010.3027   17.8132
   -7.5000   45.0000   22.5000 9844.0840   17.3766
    0.0000   45.0000   22.500010294.3789   17.3564
    7.5000   45.0000   22.5000 9778.0811   17.3728
   -7.5000  -45.0000   30.000010191.9570   18.1560
    0.0000  -45.0000   30.000010725.2520   18.1415
    7.5000  -45.0000   30.000010173.2178   18.1494
   -7.5000  -37.5000   30.000010862.1514   18.1146
    0.0000  -37.5000   30.000011416.5322   18.1020
    7.5000  -37.5000   30.000010845.0557   18.1094
   -7.5000  -30.0000   30.000011866.5137   18.0914
    0.0000  -30.0000   30.000012473.7207   18.0839
    7.5000  -30.0000   30.000011851.0410   18.0961
   -7.5000  -22.5000   30.000012766.3223   18.1068
    0.0000  -22.5000   30.000013330.4492   18.1015
    7.5000  -22.5000   30.000012734.3877   18.1194
   -7.5000  -15.0000   30.000013554.4346   18.1425
    0.0000  -15.0000   30.000014125.4082   18.1355
    7.5000  -15.0000   30.000013532.3916   18.1550
   -7.5000   -7.5000   30.000014304.0820   18.1671
    0.0000   -7.5000   30.000014930.4443   18.1559
    7.5000   -7.5000   30.000014322.2627   18.1703
   -7.5000    0.0000   30.000014949.3740   18.1546
    0.0000    0.0000   30.000015615.4990   18.1401
    7.5000    0.0000   30.000014933.3994   18.1480
   -7.5000    7.5000   30.000014011.3467   18.1146
    0.0000    7.5000   30.000014645.2666   18.1020
    7.5000    7.5000   30.000013971.3965   18.1094
   -7.5000   15.0000   30.000012962.8281   18.0914
    0.0000   15.0000   30.000013587.8916   18.0839
    7.5000   15.0000   30.000012916.0059   18.0961
   -7.5000   22.5000   30.000012000.0332   18.0984
    0.0000   22.5000   30.000012597.7227   18.0931
    7.5000   22.5000   30.000011944.3877   18.1111
   -7.5000   30.0000   30.000010971.4561   17.9077
    0.0000   30.0000   30.000011531.7471   17.9008
    7.5000   30.0000   30.000010929.0596   17.9200
   -7.5000   37.5000   30.000010293.4062   17.9320
    0.0000   37.5000   30.000010784.2188   17.9209
    7.5000   37.5000   30.000010267.0234   17.9351
   -7.5000   45.0000   30.0000 9196.4316   17.4989
    0.0000   45.0000   30.0000 9607.3223   17.4850
    7.5000   45.0000   30.0000 9136.8320   17.4926
   -7.5000  -45.0000   37.5000 9897.6240   18.4501
    0.0000  -45.0000   37.500010389.5703   18.4373
    7.5000  -45.0000   37.5000 9863.6719   18.4409
   -7.5000  -37.5000   37.500010482.3623   18.4217
    0.0000  -37.5000   37.500011002.6299   18.4093
    7.5000  -37.5000   37.500010485.4766   18.4063
   -7.5000  -30.0000   37.500011388.8662   18.3959
    0.0000  -30.0000   37.500011914.5889   18.3855
    7.5000  -30.0000   37.500011396.0361   18.3849
   -7.5000  -22.5000   37.500012201.3887   18.3932
    0.0000  -22.5000   37.500012704.7832   18.3840
    7.5000  -22.5000   37.500012219.7646   18.3942
   -7.5000  -15.0000   37.500012953.1689   18.4150
    0.0000  -15.0000   37.500013505.3809   18.4056
    7.5000  -15.0000   37.500012997.5400   18.4239
   -7.5000   -7.5000   37.500013727.8770   18.4447
    0.0000   -7.5000   37.500014361.2695   18.4337
    7.5000   -7.5000   37.500013778.8232   18.4479
   -7.5000    0.0000   37.500014428.0586   18.4486
    0.0000    0.0000   37.500015078.5439   18.4358
    7.5000    0.0000   37.500014448.7686   18.4394
   -7.5000    7.5000   37.500013556.8809   18.4217
    0.0000    7.5000   37.500014179.4541   18.4093
    7.5000    7.5000   37.500013563.0605   18.4063
   -7.5000   15.0000   37.500012569.8623   18.3959
    0.0000   15.0000   37.500013185.1221   18.3855
    7.5000   15.0000   37.500012567.8252   18.3849
   -7.5000   22.5000   37.500011612.5557   18.3847
    0.0000   22.5000   37.500012200.8418   18.3756
    7.5000   22.5000   37.500011613.3613   18.3857
   -7.5000   30.0000   37.500010589.1865   18.1766
    0.0000   30.0000   37.500011112.9043   18.1674
    7.5000   30.0000   37.500010575.4131   18.1855
   -7.5000   37.5000   37.5000 9930.6885   18.2060
    0.0000   37.5000   37.500010406.4180   18.1951
    7.5000   37.5000   37.5000 9923.9404   18.2091
   -7.5000   45.0000   37.5000 8878.3701   17.7824
    0.0000   45.0000   37.5000 9282.6904   17.7700
    7.5000   45.0000   37.5000 8863.1348   17.7735
   -7.5000  -45.0000   45.0000 9119.5391   18.7993
    0.0000  -45.0000   45.0000 9571.9287   18.7818
    7.5000  -45.0000   45.0000 9108.5820   18.7881
   -7.5000  -37.5000   45.0000 9654.5625   18.7831
    0.0000  -37.5000   45.000010141.4639   18.7663
    7.5000  -37.5000   45.0000 9653.9414   18.7628
   -7.5000  -30.0000   45.000010461.1426   18.7623
    0.0000  -30.0000   45.000010974.6953   18.7460
    7.5000  -30.0000   45.000010457.2227   18.7419
   -7.5000  -22.5000   45.000011167.7871   18.7509
    0.0000  -22.5000   45.000011687.9365   18.7341
    7.5000  -22.5000   45.000011195.4014   18.7419
   -7.5000  -15.0000   45.000011844.2158   18.7607
    0.0000  -15.0000   45.000012394.7490   18.7430
    7.5000  -15.0000   45.000011901.1162   18.7614
   -7.5000   -7.5000   45.000012552.0420   18.7866
    0.0000   -7.5000   45.000013153.7578   18.7688
    7.5000   -7.5000   45.000012610.3857   18.7853
   -7.5000    0.0000   45.000013235.9473   18.7977
    0.0000    0.0000   45.000013856.5928   18.7803
    7.5000    0.0000   45.000013257.1133   18.7865
   -7.5000    7.5000   45.000012497.1436   18.7831
    0.0000    7.5000   45.000013095.0840   18.7663
    7.5000    7.5000   45.000012495.5566   18.7628
   -7.5000   15.0000   45.000011622.6221   18.7623
    0.0000   15.0000   45.000012198.0352   18.7460
    7.5000   15.0000   45.000011628.2070   18.7419
   -7.5000   22.5000   45.000010722.3301   18.7422
    0.0000   22.5000   45.000011257.5869   18.7254
    7.5000   22.5000   45.000010742.0146   18.7332
   -7.5000   30.0000   45.0000 9766.6328   18.5163
    0.0000   30.0000   45.000010234.5332   18.4988
    7.5000   30.0000   45.0000 9770.4180   18.5170
   -7.5000   37.5000   45.0000 9157.5576   18.5419
    0.0000   37.5000   45.0000 9604.4902   18.5243
    7.5000   37.5000   45.0000 9166.8057   18.5405
   -7.5000   45.0000   45.0000 8212.5605   18.1271
    0.0000   45.0000   45.0000 8576.7012   18.1103
    7.5000   45.0000   45.0000 8202.9658   18.1162

---------------------------------------------------------------------
imgreg_4dfp /opt/freesurfer/average/711-2C_as_mni_average_305 /opt/freesurfer/average/711-2B_as_mni_average_305_mask talsrcimg_g11 none talsrcimg_to_711-2C_as_mni_average_305_t4 4355
---------------------------------------------------------------------

freesurfer imgreg_4dfp.c
/opt/freesurfer/average/711-2C_as_mni_average_305.4dfp.img
       256       256       256         1
  1.000000  1.000000  1.000000
orientation T byte_order littleendian
Reading image: /opt/freesurfer/average/711-2C_as_mni_average_305.4dfp.img
dimensions:      256       256       256
mmppix:       1.0000   -1.0000   -1.0000
center:     128.0000 -129.0000 -129.0000
/opt/freesurfer/average/711-2B_as_mni_average_305_mask.4dfp.img
       256       256       256         1
  1.000000  1.000000  1.000000
orientation T byte_order littleendian
Reading mask: /opt/freesurfer/average/711-2B_as_mni_average_305_mask.4dfp.img (2306576 pixels)
talsrcimg_g11.4dfp.img
       256       256       256         1
  1.000000  1.000000  1.000000
orientation T byte_order littleendian
Reading image: talsrcimg_g11.4dfp.img
dimensions:      256       256       256
mmppix:       1.0000   -1.0000   -1.0000
center:     128.0000 -129.0000 -129.0000
rotation matrix determinant  1.000000
image alignment mode   4355 decimal     1103 hex
   -7.5000  -45.0000  -45.0000 2183.5474   20.1952
    0.0000  -45.0000  -45.0000 2195.9570   20.0411
    7.5000  -45.0000  -45.0000 2185.0889   20.1323
   -7.5000  -37.5000  -45.0000 2235.3892   18.9802
    0.0000  -37.5000  -45.0000 2243.8328   18.8836
    7.5000  -37.5000  -45.0000 2240.3669   18.9475
   -7.5000  -30.0000  -45.0000 2265.1499   18.1700
    0.0000  -30.0000  -45.0000 2272.3464   18.0980
    7.5000  -30.0000  -45.0000 2275.2786   18.1399
   -7.5000  -22.5000  -45.0000 2282.9131   17.8209
    0.0000  -22.5000  -45.0000 2289.5508   17.7097
    7.5000  -22.5000  -45.0000 2294.6230   17.7961
   -7.5000  -15.0000  -45.0000 2281.6536   17.7593
    0.0000  -15.0000  -45.0000 2292.1257   17.6038
    7.5000  -15.0000  -45.0000 2290.8484   17.7158
   -7.5000   -7.5000  -45.0000 2271.5862   17.8353
    0.0000   -7.5000  -45.0000 2284.1997   17.7167
    7.5000   -7.5000  -45.0000 2275.7837   17.8206
   -7.5000    0.0000  -45.0000 2252.2554   18.3327
    0.0000    0.0000  -45.0000 2267.7954   18.1314
    7.5000    0.0000  -45.0000 2255.1785   18.2019
   -7.5000    7.5000  -45.0000 2221.7627   19.0381
    0.0000    7.5000  -45.0000 2237.2820   18.8383
    7.5000    7.5000  -45.0000 2227.9260   18.8886
   -7.5000   15.0000  -45.0000 2172.6465   20.0742
    0.0000   15.0000  -45.0000 2194.9141   19.8647
    7.5000   15.0000  -45.0000 2180.1636   19.8926
   -7.5000   22.5000  -45.0000 2105.1365   21.4377
    0.0000   22.5000  -45.0000 2119.3752   21.1622
    7.5000   22.5000  -45.0000 2109.7412   21.2691
   -7.5000   30.0000  -45.0000 2008.5985   23.2813
    0.0000   30.0000  -45.0000 2027.1855   22.9162
    7.5000   30.0000  -45.0000 2012.5509   23.1343
   -7.5000   37.5000  -45.0000 1920.7751   25.8888
    0.0000   37.5000  -45.0000 1937.1750   25.4539
    7.5000   37.5000  -45.0000 1926.7670   25.6920
   -7.5000   45.0000  -45.0000 1804.4596   29.2758
    0.0000   45.0000  -45.0000 1817.1012   28.7966
    7.5000   45.0000  -45.0000 1807.7175   29.0598
   -7.5000  -45.0000  -37.5000 2279.8757   18.6985
    0.0000  -45.0000  -37.5000 2289.4019   18.5693
    7.5000  -45.0000  -37.5000 2275.2891   18.6214
   -7.5000  -37.5000  -37.5000 2335.2529   17.5817
    0.0000  -37.5000  -37.5000 2345.8789   17.4924
    7.5000  -37.5000  -37.5000 2332.1760   17.5032
   -7.5000  -30.0000  -37.5000 2362.5957   16.7920
    0.0000  -30.0000  -37.5000 2373.5227   16.7387
    7.5000  -30.0000  -37.5000 2361.8530   16.7463
   -7.5000  -22.5000  -37.5000 2371.6709   16.3817
    0.0000  -22.5000  -37.5000 2392.6077   16.3184
    7.5000  -22.5000  -37.5000 2379.9341   16.3616
   -7.5000  -15.0000  -37.5000 2375.6887   16.3005
    0.0000  -15.0000  -37.5000 2393.6001   16.2115
    7.5000  -15.0000  -37.5000 2382.9014   16.2693
   -7.5000   -7.5000  -37.5000 2362.4766   16.3703
    0.0000   -7.5000  -37.5000 2382.5952   16.3272
    7.5000   -7.5000  -37.5000 2374.4299   16.3644
   -7.5000    0.0000  -37.5000 2351.0476   16.7643
    0.0000    0.0000  -37.5000 2367.1145   16.6710
    7.5000    0.0000  -37.5000 2357.0930   16.7052
   -7.5000    7.5000  -37.5000 2322.2629   17.4220
    0.0000    7.5000  -37.5000 2339.3542   17.3214
    7.5000    7.5000  -37.5000 2327.7781   17.3235
   -7.5000   15.0000  -37.5000 2272.0696   18.4388
    0.0000   15.0000  -37.5000 2291.6150   18.3197
    7.5000   15.0000  -37.5000 2277.2322   18.2906
   -7.5000   22.5000  -37.5000 2205.1646   19.7789
    0.0000   22.5000  -37.5000 2219.2883   19.5912
    7.5000   22.5000  -37.5000 2203.3682   19.6625
   -7.5000   30.0000  -37.5000 2105.4214   21.5252
    0.0000   30.0000  -37.5000 2119.1343   21.2757
    7.5000   30.0000  -37.5000 2105.9731   21.4038
   -7.5000   37.5000  -37.5000 2003.5698   23.8257
    0.0000   37.5000  -37.5000 2008.5148   23.5131
    7.5000   37.5000  -37.5000 2007.4519   23.6701
   -7.5000   45.0000  -37.5000 1882.6031   26.8894
    0.0000   45.0000  -37.5000 1885.7527   26.5220
    7.5000   45.0000  -37.5000 1881.1361   26.6853
   -7.5000  -45.0000  -30.0000 2404.4839   17.9212
    0.0000  -45.0000  -30.0000 2413.5991   17.8626
    7.5000  -45.0000  -30.0000 2395.6174   17.8174
   -7.5000  -37.5000  -30.0000 2466.0625   16.7992
    0.0000  -37.5000  -30.0000 2479.1101   16.7316
    7.5000  -37.5000  -30.0000 2456.8906   16.7162
   -7.5000  -30.0000  -30.0000 2497.4419   16.0289
    0.0000  -30.0000  -30.0000 2509.7405   15.9947
    7.5000  -30.0000  -30.0000 2494.0928   15.9978
   -7.5000  -22.5000  -30.0000 2510.4067   15.6019
    0.0000  -22.5000  -30.0000 2531.8293   15.5575
    7.5000  -22.5000  -30.0000 2516.4260   15.5758
   -7.5000  -15.0000  -30.0000 2519.9065   15.4811
    0.0000  -15.0000  -30.0000 2537.5891   15.4213
    7.5000  -15.0000  -30.0000 2525.4128   15.4484
   -7.5000   -7.5000  -30.0000 2505.6670   15.5889
    0.0000   -7.5000  -30.0000 2531.5933   15.5214
    7.5000   -7.5000  -30.0000 2516.1472   15.5176
   -7.5000    0.0000  -30.0000 2488.8989   15.9418
    0.0000    0.0000  -30.0000 2512.0774   15.8729
    7.5000    0.0000  -30.0000 2496.4763   15.8920
   -7.5000    7.5000  -30.0000 2459.5552   16.5748
    0.0000    7.5000  -30.0000 2483.0276   16.5168
    7.5000    7.5000  -30.0000 2468.4116   16.4990
   -7.5000   15.0000  -30.0000 2406.1917   17.5407
    0.0000   15.0000  -30.0000 2428.7781   17.4830
    7.5000   15.0000  -30.0000 2412.8599   17.4565
   -7.5000   22.5000  -30.0000 2333.2056   18.8441
    0.0000   22.5000  -30.0000 2347.1335   18.7711
    7.5000   22.5000  -30.0000 2334.1953   18.7750
   -7.5000   30.0000  -30.0000 2230.8337   20.5494
    0.0000   30.0000  -30.0000 2241.9407   20.3974
    7.5000   30.0000  -30.0000 2230.0989   20.4196
   -7.5000   37.5000  -30.0000 2113.4832   22.7278
    0.0000   37.5000  -30.0000 2127.2666   22.5219
    7.5000   37.5000  -30.0000 2118.7996   22.6242
   -7.5000   45.0000  -30.0000 1983.7495   25.5854
    0.0000   45.0000  -30.0000 1989.9387   25.3338
    7.5000   45.0000  -30.0000 1981.9840   25.4746
   -7.5000  -45.0000  -22.5000 2500.2061   17.1073
    0.0000  -45.0000  -22.5000 2510.6028   17.0906
    7.5000  -45.0000  -22.5000 2491.1111   16.9860
   -7.5000  -37.5000  -22.5000 2562.3159   15.9478
    0.0000  -37.5000  -22.5000 2573.1765   15.9063
    7.5000  -37.5000  -22.5000 2557.0315   15.8318
   -7.5000  -30.0000  -22.5000 2603.9421   15.1932
    0.0000  -30.0000  -22.5000 2614.9727   15.1449
    7.5000  -30.0000  -22.5000 2603.5801   15.1277
   -7.5000  -22.5000  -22.5000 2634.6228   14.7478
    0.0000  -22.5000  -22.5000 2651.0977   14.6977
    7.5000  -22.5000  -22.5000 2633.4365   14.7164
   -7.5000  -15.0000  -22.5000 2644.4768   14.5820
    0.0000  -15.0000  -22.5000 2658.8472   14.5220
    7.5000  -15.0000  -22.5000 2643.9607   14.5273
   -7.5000   -7.5000  -22.5000 2630.6670   14.7243
    0.0000   -7.5000  -22.5000 2650.2874   14.6396
    7.5000   -7.5000  -22.5000 2633.6387   14.6534
   -7.5000    0.0000  -22.5000 2614.0593   15.0970
    0.0000    0.0000  -22.5000 2633.3850   15.0344
    7.5000    0.0000  -22.5000 2623.4409   15.0332
   -7.5000    7.5000  -22.5000 2577.6555   15.6899
    0.0000    7.5000  -22.5000 2604.7039   15.6512
    7.5000    7.5000  -22.5000 2589.8918   15.6235
   -7.5000   15.0000  -22.5000 2519.7585   16.6113
    0.0000   15.0000  -22.5000 2549.2588   16.5614
    7.5000   15.0000  -22.5000 2533.7170   16.5584
   -7.5000   22.5000  -22.5000 2443.1902   17.8528
    0.0000   22.5000  -22.5000 2463.0039   17.7988
    7.5000   22.5000  -22.5000 2451.4871   17.8088
   -7.5000   30.0000  -22.5000 2330.1165   19.4840
    0.0000   30.0000  -22.5000 2345.4426   19.3465
    7.5000   30.0000  -22.5000 2332.8572   19.3966
   -7.5000   37.5000  -22.5000 2205.7178   21.5794
    0.0000   37.5000  -22.5000 2214.9497   21.3820
    7.5000   37.5000  -22.5000 2210.7839   21.4785
   -7.5000   45.0000  -22.5000 2066.7629   24.3205
    0.0000   45.0000  -22.5000 2069.7139   24.0315
    7.5000   45.0000  -22.5000 2070.9866   24.1527
   -7.5000  -45.0000  -15.0000 2554.2339   16.3469
    0.0000  -45.0000  -15.0000 2571.2627   16.3273
    7.5000  -45.0000  -15.0000 2548.3423   16.2300
   -7.5000  -37.5000  -15.0000 2626.4763   15.2032
    0.0000  -37.5000  -15.0000 2648.4133   15.1947
    7.5000  -37.5000  -15.0000 2628.9417   15.0899
   -7.5000  -30.0000  -15.0000 2668.9985   14.4160
    0.0000  -30.0000  -15.0000 2684.8337   14.3902
    7.5000  -30.0000  -15.0000 2681.0886   14.3171
   -7.5000  -22.5000  -15.0000 2707.0249   13.9236
    0.0000  -22.5000  -15.0000 2729.1355   13.8823
    7.5000  -22.5000  -15.0000 2715.5193   13.8837
   -7.5000  -15.0000  -15.0000 2724.6570   13.7016
    0.0000  -15.0000  -15.0000 2749.7080   13.6704
    7.5000  -15.0000  -15.0000 2727.6602   13.6642
   -7.5000   -7.5000  -15.0000 2722.9492   13.8631
    0.0000   -7.5000  -15.0000 2746.3696   13.8091
    7.5000   -7.5000  -15.0000 2729.0835   13.8249
   -7.5000    0.0000  -15.0000 2708.2744   14.2915
    0.0000    0.0000  -15.0000 2736.2458   14.2283
    7.5000    0.0000  -15.0000 2716.3064   14.2553
   -7.5000    7.5000  -15.0000 2667.3091   14.9221
    0.0000    7.5000  -15.0000 2702.2722   14.8574
    7.5000    7.5000  -15.0000 2687.0461   14.8803
   -7.5000   15.0000  -15.0000 2603.9644   15.7690
    0.0000   15.0000  -15.0000 2637.8367   15.7117
    7.5000   15.0000  -15.0000 2623.2341   15.7261
   -7.5000   22.5000  -15.0000 2519.7456   16.9484
    0.0000   22.5000  -15.0000 2555.1794   16.8960
    7.5000   22.5000  -15.0000 2536.7488   16.9013
   -7.5000   30.0000  -15.0000 2407.4929   18.5506
    0.0000   30.0000  -15.0000 2434.4448   18.4810
    7.5000   30.0000  -15.0000 2413.8916   18.4484
   -7.5000   37.5000  -15.0000 2272.8938   20.5881
    0.0000   37.5000  -15.0000 2293.7844   20.5135
    7.5000   37.5000  -15.0000 2273.9607   20.4374
   -7.5000   45.0000  -15.0000 2120.8950   23.2208
    0.0000   45.0000  -15.0000 2138.0635   23.0833
    7.5000   45.0000  -15.0000 2121.5811   22.9463
   -7.5000  -45.0000   -7.5000 2589.0540   15.7497
    0.0000  -45.0000   -7.5000 2611.2493   15.6900
    7.5000  -45.0000   -7.5000 2594.3945   15.6932
   -7.5000  -37.5000   -7.5000 2674.9485   14.5950
    0.0000  -37.5000   -7.5000 2701.8406   14.5389
    7.5000  -37.5000   -7.5000 2681.7114   14.5256
   -7.5000  -30.0000   -7.5000 2728.5308   13.7586
    0.0000  -30.0000   -7.5000 2763.0107   13.7318
    7.5000  -30.0000   -7.5000 2740.4177   13.6817
   -7.5000  -22.5000   -7.5000 2766.2610   13.2074
    0.0000  -22.5000   -7.5000 2797.1995   13.1631
    7.5000  -22.5000   -7.5000 2777.2166   13.1414
   -7.5000  -15.0000   -7.5000 2787.6238   12.9445
    0.0000  -15.0000   -7.5000 2819.1956   12.9058
    7.5000  -15.0000   -7.5000 2795.5320   12.9267
   -7.5000   -7.5000   -7.5000 2798.6445   13.1324
    0.0000   -7.5000   -7.5000 2824.2368   13.0735
    7.5000   -7.5000   -7.5000 2809.0002   13.1227
   -7.5000    0.0000   -7.5000 2788.9878   13.5833
    0.0000    0.0000   -7.5000 2819.8657   13.4966
    7.5000    0.0000   -7.5000 2802.7927   13.5629
   -7.5000    7.5000   -7.5000 2744.4971   14.2125
    0.0000    7.5000   -7.5000 2777.4790   14.1415
    7.5000    7.5000   -7.5000 2764.4875   14.1728
   -7.5000   15.0000   -7.5000 2680.9480   15.0794
    0.0000   15.0000   -7.5000 2707.1113   15.0026
    7.5000   15.0000   -7.5000 2697.1208   15.0253
   -7.5000   22.5000   -7.5000 2584.6531   16.2765
    0.0000   22.5000   -7.5000 2613.6899   16.1899
    7.5000   22.5000   -7.5000 2599.3306   16.2099
   -7.5000   30.0000   -7.5000 2467.9912   17.8187
    0.0000   30.0000   -7.5000 2498.8589   17.7162
    7.5000   30.0000   -7.5000 2479.6875   17.7472
   -7.5000   37.5000   -7.5000 2327.7488   19.7768
    0.0000   37.5000   -7.5000 2353.1882   19.6585
    7.5000   37.5000   -7.5000 2331.5916   19.6471
   -7.5000   45.0000   -7.5000 2169.1560   22.2396
    0.0000   45.0000   -7.5000 2183.1626   22.1292
    7.5000   45.0000   -7.5000 2169.0906   22.0263
   -7.5000  -45.0000    0.0000 2599.1746   15.3444
    0.0000  -45.0000    0.0000 2626.7358   15.2286
    7.5000  -45.0000    0.0000 2613.4119   15.3709
   -7.5000  -37.5000    0.0000 2690.4897   14.1619
    0.0000  -37.5000    0.0000 2724.1187   14.0454
    7.5000  -37.5000    0.0000 2707.1416   14.1535
   -7.5000  -30.0000    0.0000 2766.9363   13.3107
    0.0000  -30.0000    0.0000 2807.8582   13.2425
    7.5000  -30.0000    0.0000 2784.0161   13.2995
   -7.5000  -22.5000    0.0000 2808.4348   12.6917
    0.0000  -22.5000    0.0000 2848.3369   12.6154
    7.5000  -22.5000    0.0000 2823.2766   12.6678
   -7.5000  -15.0000    0.0000 2830.3394   12.4051
    0.0000  -15.0000    0.0000 2858.2227   12.2810
    7.5000  -15.0000    0.0000 2842.0210   12.3792
   -7.5000   -7.5000    0.0000 2847.8779   12.6031
    0.0000   -7.5000    0.0000 2867.1052   12.4995
    7.5000   -7.5000    0.0000 2861.3416   12.6056
   -7.5000    0.0000    0.0000 2835.8318   13.0723
    0.0000    0.0000    0.0000 2861.7542   12.9340
    7.5000    0.0000    0.0000 2857.4460   13.0577
   -7.5000    7.5000    0.0000 2800.5659   13.7422
    0.0000    7.5000    0.0000 2822.2412   13.5858
    7.5000    7.5000    0.0000 2819.0745   13.7255
   -7.5000   15.0000    0.0000 2731.0234   14.6603
    0.0000   15.0000    0.0000 2750.9919   14.4903
    7.5000   15.0000    0.0000 2746.3516   14.6408
   -7.5000   22.5000    0.0000 2632.7688   15.8391
    0.0000   22.5000    0.0000 2653.6365   15.6830
    7.5000   22.5000    0.0000 2644.2927   15.8350
   -7.5000   30.0000    0.0000 2506.2756   17.3042
    0.0000   30.0000    0.0000 2533.3296   17.1457
    7.5000   30.0000    0.0000 2521.7512   17.2797
   -7.5000   37.5000    0.0000 2363.5525   19.1257
    0.0000   37.5000    0.0000 2384.3926   18.9769
    7.5000   37.5000    0.0000 2369.2380   19.0473
   -7.5000   45.0000    0.0000 2193.7786   21.4835
    0.0000   45.0000    0.0000 2210.7742   21.3168
    7.5000   45.0000    0.0000 2202.0415   21.3638
   -7.5000  -45.0000    7.5000 2599.4871   15.0894
    0.0000  -45.0000    7.5000 2613.2617   14.8503
    7.5000  -45.0000    7.5000 2616.0044   15.1677
   -7.5000  -37.5000    7.5000 2700.8132   13.9151
    0.0000  -37.5000    7.5000 2721.9871   13.6966
    7.5000  -37.5000    7.5000 2720.0815   14.0058
   -7.5000  -30.0000    7.5000 2789.8799   13.1012
    0.0000  -30.0000    7.5000 2817.4182   12.9314
    7.5000  -30.0000    7.5000 2810.1699   13.1818
   -7.5000  -22.5000    7.5000 2850.2437   12.5340
    0.0000  -22.5000    7.5000 2881.1028   12.3557
    7.5000  -22.5000    7.5000 2871.3159   12.5917
   -7.5000  -15.0000    7.5000 2879.2800   12.2093
    0.0000  -15.0000    7.5000 2901.8716   11.8821
    7.5000  -15.0000    7.5000 2893.1609   12.2620
   -7.5000   -7.5000    7.5000 2894.6353   12.3860
    0.0000   -7.5000    7.5000 2898.6133   12.0757
    7.5000   -7.5000    7.5000 2914.1348   12.4522
   -7.5000    0.0000    7.5000 2880.9661   12.8754
    0.0000    0.0000    7.5000 2887.6384   12.5707
    7.5000    0.0000    7.5000 2906.0144   12.8774
   -7.5000    7.5000    7.5000 2843.8340   13.5489
    0.0000    7.5000    7.5000 2852.8015   13.2432
    7.5000    7.5000    7.5000 2858.2544   13.5123
   -7.5000   15.0000    7.5000 2766.8198   14.4634
    0.0000   15.0000    7.5000 2774.0845   14.1969
    7.5000   15.0000    7.5000 2776.7913   14.4329
   -7.5000   22.5000    7.5000 2669.0088   15.6782
    0.0000   22.5000    7.5000 2672.9629   15.4087
    7.5000   22.5000    7.5000 2675.7542   15.6194
   -7.5000   30.0000    7.5000 2543.5984   17.1339
    0.0000   30.0000    7.5000 2551.6174   16.8579
    7.5000   30.0000    7.5000 2551.6924   17.0325
   -7.5000   37.5000    7.5000 2392.2708   18.9229
    0.0000   37.5000    7.5000 2403.3833   18.6362
    7.5000   37.5000    7.5000 2396.7339   18.7939
   -7.5000   45.0000    7.5000 2221.0286   21.2143
    0.0000   45.0000    7.5000 2237.6436   20.9256
    7.5000   45.0000    7.5000 2229.4446   21.0409
   -7.5000  -45.0000   15.0000 2580.7419   15.0637
    0.0000  -45.0000   15.0000 2584.0972   14.7376
    7.5000  -45.0000   15.0000 2602.1235   15.2333
   -7.5000  -37.5000   15.0000 2692.8718   13.9179
    0.0000  -37.5000   15.0000 2692.5693   13.5556
    7.5000  -37.5000   15.0000 2724.4050   14.0425
   -7.5000  -30.0000   15.0000 2791.8225   13.1638
    0.0000  -30.0000   15.0000 2799.6699   12.8158
    7.5000  -30.0000   15.0000 2836.6680   13.2883
   -7.5000  -22.5000   15.0000 2883.6326   12.7254
    0.0000  -22.5000   15.0000 2903.7400   12.4459
    7.5000  -22.5000   15.0000 2917.8711   12.8004
   -7.5000  -15.0000   15.0000 2927.7791   12.4271
    0.0000  -15.0000   15.0000 2965.6724   12.0857
    7.5000  -15.0000   15.0000 2944.3298   12.4703
   -7.5000   -7.5000   15.0000 2936.0559   12.5098
    0.0000   -7.5000   15.0000 2944.5410   12.0326
    7.5000   -7.5000   15.0000 2944.4297   12.5467
   -7.5000    0.0000   15.0000 2894.9009   12.8698
    0.0000    0.0000   15.0000 2900.5986   12.4783
    7.5000    0.0000   15.0000 2912.1482   12.8191
   -7.5000    7.5000   15.0000 2847.8875   13.4832
    0.0000    7.5000   15.0000 2853.7012   13.1817
    7.5000    7.5000   15.0000 2866.2009   13.4150
   -7.5000   15.0000   15.0000 2770.5271   14.3850
    0.0000   15.0000   15.0000 2779.2441   14.1373
    7.5000   15.0000   15.0000 2785.7568   14.3067
   -7.5000   22.5000   15.0000 2675.2378   15.5924
    0.0000   22.5000   15.0000 2686.5027   15.3890
    7.5000   22.5000   15.0000 2683.5134   15.4916
   -7.5000   30.0000   15.0000 2546.7258   17.0918
    0.0000   30.0000   15.0000 2569.6460   16.9293
    7.5000   30.0000   15.0000 2551.7629   16.9848
   -7.5000   37.5000   15.0000 2396.4717   18.8953
    0.0000   37.5000   15.0000 2419.9216   18.7973
    7.5000   37.5000   15.0000 2405.6514   18.7618
   -7.5000   45.0000   15.0000 2230.3945   21.1427
    0.0000   45.0000   15.0000 2254.2368   21.0451
    7.5000   45.0000   15.0000 2235.9587   20.9295
   -7.5000  -45.0000   22.5000 2570.1304   15.4319
    0.0000  -45.0000   22.5000 2574.8533   15.0695
    7.5000  -45.0000   22.5000 2598.3333   15.5200
   -7.5000  -37.5000   22.5000 2688.7559   14.3157
    0.0000  -37.5000   22.5000 2701.3643   14.0152
    7.5000  -37.5000   22.5000 2720.0913   14.3865
   -7.5000  -30.0000   22.5000 2798.2258   13.5713
    0.0000  -30.0000   22.5000 2822.2634   13.3227
    7.5000  -30.0000   22.5000 2827.4983   13.6394
   -7.5000  -22.5000   22.5000 2879.5061   13.0225
    0.0000  -22.5000   22.5000 2920.7551   12.8592
    7.5000  -22.5000   22.5000 2901.8071   13.0566
   -7.5000  -15.0000   22.5000 2919.0610   12.6508
    0.0000  -15.0000   22.5000 2966.6692   12.3994
    7.5000  -15.0000   22.5000 2930.6716   12.7066
   -7.5000   -7.5000   22.5000 2921.3474   12.6957
    0.0000   -7.5000   22.5000 2959.5876   12.4643
    7.5000   -7.5000   22.5000 2937.1582   12.7140
   -7.5000    0.0000   22.5000 2886.6599   13.0619
    0.0000    0.0000   22.5000 2919.8843   12.9366
    7.5000    0.0000   22.5000 2903.1006   13.0614
   -7.5000    7.5000   22.5000 2837.2346   13.6706
    0.0000    7.5000   22.5000 2859.4268   13.5411
    7.5000    7.5000   22.5000 2851.7019   13.6436
   -7.5000   15.0000   22.5000 2758.9150   14.5445
    0.0000   15.0000   22.5000 2777.8591   14.3852
    7.5000   15.0000   22.5000 2771.2603   14.4704
   -7.5000   22.5000   22.5000 2665.2864   15.7024
    0.0000   22.5000   22.5000 2686.2229   15.5412
    7.5000   22.5000   22.5000 2673.4390   15.6043
   -7.5000   30.0000   22.5000 2540.1497   17.1679
    0.0000   30.0000   22.5000 2565.0249   17.0303
    7.5000   30.0000   22.5000 2549.0737   17.0715
   -7.5000   37.5000   22.5000 2392.6309   19.0061
    0.0000   37.5000   22.5000 2416.7681   18.9063
    7.5000   37.5000   22.5000 2406.1509   18.8848
   -7.5000   45.0000   22.5000 2223.5647   21.2658
    0.0000   45.0000   22.5000 2251.5417   21.1142
    7.5000   45.0000   22.5000 2233.1111   21.0564
   -7.5000  -45.0000   30.0000 2568.5647   16.0679
    0.0000  -45.0000   30.0000 2589.5505   15.8681
    7.5000  -45.0000   30.0000 2581.3113   16.1079
   -7.5000  -37.5000   30.0000 2681.5237   14.9150
    0.0000  -37.5000   30.0000 2704.6267   14.6745
    7.5000  -37.5000   30.0000 2698.4167   14.9280
   -7.5000  -30.0000   30.0000 2777.2852   14.0429
    0.0000  -30.0000   30.0000 2801.9607   13.7996
    7.5000  -30.0000   30.0000 2794.0618   14.0374
   -7.5000  -22.5000   30.0000 2848.5857   13.4178
    0.0000  -22.5000   30.0000 2876.7556   13.1139
    7.5000  -22.5000   30.0000 2867.1260   13.4067
   -7.5000  -15.0000   30.0000 2891.9038   13.0771
    0.0000  -15.0000   30.0000 2916.8462   12.7731
    7.5000  -15.0000   30.0000 2907.5200   13.0949
   -7.5000   -7.5000   30.0000 2898.3296   13.1202
    0.0000   -7.5000   30.0000 2927.0300   12.8912
    7.5000   -7.5000   30.0000 2919.0840   13.1509
   -7.5000    0.0000   30.0000 2860.6343   13.5122
    0.0000    0.0000   30.0000 2895.3062   13.3661
    7.5000    0.0000   30.0000 2881.6489   13.5188
   -7.5000    7.5000   30.0000 2807.7039   14.1325
    0.0000    7.5000   30.0000 2835.7820   14.0221
    7.5000    7.5000   30.0000 2824.4836   14.1004
   -7.5000   15.0000   30.0000 2725.9771   14.9416
    0.0000   15.0000   30.0000 2750.3564   14.8647
    7.5000   15.0000   30.0000 2735.9260   14.8956
   -7.5000   22.5000   30.0000 2637.6074   15.9817
    0.0000   22.5000   30.0000 2661.1147   15.8933
    7.5000   22.5000   30.0000 2641.3931   15.9217
   -7.5000   30.0000   30.0000 2512.5381   17.3801
    0.0000   30.0000   30.0000 2541.8931   17.3003
    7.5000   30.0000   30.0000 2520.8997   17.2959
   -7.5000   37.5000   30.0000 2367.7925   19.2592
    0.0000   37.5000   30.0000 2389.3074   19.1274
    7.5000   37.5000   30.0000 2377.5464   19.0963
   -7.5000   45.0000   30.0000 2208.9727   21.5493
    0.0000   45.0000   30.0000 2231.6680   21.3368
    7.5000   45.0000   30.0000 2216.0015   21.2991
   -7.5000  -45.0000   37.5000 2548.5928   16.8105
    0.0000  -45.0000   37.5000 2570.5723   16.6047
    7.5000  -45.0000   37.5000 2554.3799   16.8447
   -7.5000  -37.5000   37.5000 2659.7415   15.5775
    0.0000  -37.5000   37.5000 2683.5869   15.3493
    7.5000  -37.5000   37.5000 2671.4905   15.5775
   -7.5000  -30.0000   37.5000 2747.9675   14.6473
    0.0000  -30.0000   37.5000 2767.6277   14.3693
    7.5000  -30.0000   37.5000 2762.3716   14.6316
   -7.5000  -22.5000   37.5000 2810.4553   13.9682
    0.0000  -22.5000   37.5000 2834.2908   13.6357
    7.5000  -22.5000   37.5000 2827.2283   13.9792
   -7.5000  -15.0000   37.5000 2849.0244   13.6614
    0.0000  -15.0000   37.5000 2869.1182   13.3953
    7.5000  -15.0000   37.5000 2868.0322   13.6833
   -7.5000   -7.5000   37.5000 2852.9509   13.7489
    0.0000   -7.5000   37.5000 2877.5652   13.4892
    7.5000   -7.5000   37.5000 2876.4688   13.7599
   -7.5000    0.0000   37.5000 2822.8677   14.1301
    0.0000    0.0000   37.5000 2845.8665   13.9458
    7.5000    0.0000   37.5000 2846.7622   14.1360
   -7.5000    7.5000   37.5000 2769.3677   14.7710
    0.0000    7.5000   37.5000 2792.2820   14.6005
    7.5000    7.5000   37.5000 2786.6826   14.7196
   -7.5000   15.0000   37.5000 2687.9438   15.5927
    0.0000   15.0000   37.5000 2719.6621   15.4907
    7.5000   15.0000   37.5000 2700.8503   15.5416
   -7.5000   22.5000   37.5000 2593.7073   16.6264
    0.0000   22.5000   37.5000 2623.5945   16.5472
    7.5000   22.5000   37.5000 2604.4934   16.5643
   -7.5000   30.0000   37.5000 2467.5139   17.9519
    0.0000   30.0000   37.5000 2489.2234   17.8371
    7.5000   30.0000   37.5000 2478.7351   17.8576
   -7.5000   37.5000   37.5000 2331.6404   19.7346
    0.0000   37.5000   37.5000 2354.8215   19.6107
    7.5000   37.5000   37.5000 2339.1609   19.5579
   -7.5000   45.0000   37.5000 2184.6597   22.0197
    0.0000   45.0000   37.5000 2207.9490   21.8433
    7.5000   45.0000   37.5000 2187.8928   21.8088
   -7.5000  -45.0000   45.0000 2512.1040   17.6605
    0.0000  -45.0000   45.0000 2533.9624   17.5230
    7.5000  -45.0000   45.0000 2509.4114   17.6609
   -7.5000  -37.5000   45.0000 2616.9922   16.3662
    0.0000  -37.5000   45.0000 2639.5894   16.1496
    7.5000  -37.5000   45.0000 2622.1362   16.3434
   -7.5000  -30.0000   45.0000 2693.1660   15.4118
    0.0000  -30.0000   45.0000 2718.9756   15.1463
    7.5000  -30.0000   45.0000 2703.5835   15.3593
   -7.5000  -22.5000   45.0000 2744.8823   14.7189
    0.0000  -22.5000   45.0000 2774.2354   14.4795
    7.5000  -22.5000   45.0000 2759.3936   14.7382
   -7.5000  -15.0000   45.0000 2781.9346   14.4179
    0.0000  -15.0000   45.0000 2801.5081   14.2407
    7.5000  -15.0000   45.0000 2797.5125   14.4632
   -7.5000   -7.5000   45.0000 2779.7756   14.4968
    0.0000   -7.5000   45.0000 2810.0767   14.2934
    7.5000   -7.5000   45.0000 2801.7534   14.5095
   -7.5000    0.0000   45.0000 2753.3096   14.8865
    0.0000    0.0000   45.0000 2781.1299   14.7240
    7.5000    0.0000   45.0000 2772.7290   14.8830
   -7.5000    7.5000   45.0000 2705.4578   15.5246
    0.0000    7.5000   45.0000 2729.9810   15.3834
    7.5000    7.5000   45.0000 2718.1875   15.4939
   -7.5000   15.0000   45.0000 2631.0879   16.3588
    0.0000   15.0000   45.0000 2660.6060   16.2528
    7.5000   15.0000   45.0000 2642.4089   16.3340
   -7.5000   22.5000   45.0000 2534.4685   17.4493
    0.0000   22.5000   45.0000 2560.3589   17.3888
    7.5000   22.5000   45.0000 2546.2739   17.4171
   -7.5000   30.0000   45.0000 2405.0605   18.7347
    0.0000   30.0000   45.0000 2428.6851   18.6810
    7.5000   30.0000   45.0000 2414.3098   18.6877
   -7.5000   37.5000   45.0000 2273.2986   20.4377
    0.0000   37.5000   45.0000 2299.0525   20.3623
    7.5000   37.5000   45.0000 2276.6514   20.3862
   -7.5000   45.0000   45.0000 2144.6926   22.7574
    0.0000   45.0000   45.0000 2159.9380   22.6224
    7.5000   45.0000   45.0000 2147.7625   22.6561

---------------------------------------------------------------------
imgreg_4dfp /opt/freesurfer/average/711-2C_as_mni_average_305 /opt/freesurfer/average/711-2B_as_mni_average_305_mask talsrcimg_g11 none talsrcimg_to_711-2C_as_mni_average_305_t4 1283
---------------------------------------------------------------------

freesurfer imgreg_4dfp.c
/opt/freesurfer/average/711-2C_as_mni_average_305.4dfp.img
       256       256       256         1
  1.000000  1.000000  1.000000
orientation T byte_order littleendian
Reading image: /opt/freesurfer/average/711-2C_as_mni_average_305.4dfp.img
dimensions:      256       256       256
mmppix:       1.0000   -1.0000   -1.0000
center:     128.0000 -129.0000 -129.0000
/opt/freesurfer/average/711-2B_as_mni_average_305_mask.4dfp.img
       256       256       256         1
  1.000000  1.000000  1.000000
orientation T byte_order littleendian
Reading mask: /opt/freesurfer/average/711-2B_as_mni_average_305_mask.4dfp.img (2306576 pixels)
talsrcimg_g11.4dfp.img
       256       256       256         1
  1.000000  1.000000  1.000000
orientation T byte_order littleendian
Reading image: talsrcimg_g11.4dfp.img
dimensions:      256       256       256
mmppix:       1.0000   -1.0000   -1.0000
center:     128.0000 -129.0000 -129.0000
rotation matrix determinant  1.000000
fimgreg.f
image alignment mode   1283 decimal      503 hex
parameters
    0.0000  -15.0000   22.5000    0.0000    0.0000    0.0000
eta,q 0.93228 12.38019
niter,ni,del,rscale     5    3   12.0000    1.2000
parameter  3 -2.144144 ->  0.500000 qaram    1.1500
parameter  6  0.501373 ->  0.500000 qaram    1.1500
parameters
    1.6030  -13.7506   19.0500    0.4697   -1.5077   -3.4500
eta,q 0.93662 12.03261
  0.0806  0.0824  0.0605  0.0721  0.0655  0.0641
  0.0740  0.0775  0.0623  0.0687  0.0645  0.0635
  0.0680  0.0740  0.0681  0.0651  0.0640  0.0633
  0.0711  0.0714  0.0709  0.0640  0.0640  0.0640
  0.0718  0.0713  0.0714  0.0651  0.0647  0.0657
  0.0683  0.0732  0.0740  0.0670  0.0664  0.0682
  0.0723  0.0762  0.0764  0.0699  0.0699  0.0712
niter,ni,del,rscale     6    3   12.0000    1.2000
parameters
    0.4580  -13.6402   18.9291    0.5640   -0.3290   -3.0530
eta,q 0.93723 12.04441
  0.0675  0.0749  0.0774  0.0719  0.0683  0.0685
  0.0613  0.0686  0.0646  0.0660  0.0653  0.0657
  0.0621  0.0640  0.0608  0.0625  0.0634  0.0635
  0.0634  0.0631  0.0631  0.0629  0.0629  0.0628
  0.0617  0.0645  0.0685  0.0645  0.0626  0.0632
  0.0663  0.0693  0.0698  0.0667  0.0630  0.0649
  0.0759  0.0730  0.0727  0.0700  0.0652  0.0673
niter,ni,del,rscale     5    3   12.0000    1.2000
parameters
    0.1368  -13.7613   18.7641    0.4358   -0.7178   -2.6735
eta,q 0.93792 12.04494
  0.0704  0.0744  0.0774  0.0710  0.0661  0.0680
  0.0631  0.0677  0.0640  0.0651  0.0631  0.0650
  0.0611  0.0633  0.0601  0.0619  0.0619  0.0628
  0.0628  0.0627  0.0626  0.0622  0.0621  0.0621
  0.0618  0.0644  0.0683  0.0639  0.0626  0.0625
  0.0637  0.0699  0.0695  0.0666  0.0639  0.0642
  0.0733  0.0739  0.0728  0.0705  0.0672  0.0669
niter,ni,del,rscale     4    3   12.0000    1.2000
parameters
    0.3356  -13.7825   18.8172    0.5257   -0.7183   -2.7011
eta,q 0.93764 12.04444
  0.0715  0.0749  0.0784  0.0716  0.0666  0.0677
  0.0650  0.0677  0.0650  0.0657  0.0637  0.0647
  0.0604  0.0629  0.0604  0.0622  0.0624  0.0629
  0.0621  0.0622  0.0622  0.0623  0.0624  0.0624
  0.0619  0.0639  0.0680  0.0639  0.0627  0.0630
  0.0620  0.0693  0.0695  0.0662  0.0636  0.0649
  0.0708  0.0738  0.0723  0.0699  0.0666  0.0676
niter,ni,del,rscale     3    3   12.0000    1.2000
parameters
    0.3034  -13.8084   18.8296    0.5493   -0.7314   -2.6630
eta,q 0.93762 12.04517
  0.0710  0.0748  0.0782  0.0714  0.0666  0.0678
  0.0642  0.0677  0.0648  0.0655  0.0637  0.0648
  0.0605  0.0631  0.0604  0.0622  0.0623  0.0629
  0.0624  0.0623  0.0623  0.0624  0.0624  0.0624
  0.0620  0.0640  0.0681  0.0640  0.0627  0.0630
  0.0626  0.0694  0.0695  0.0663  0.0636  0.0648
  0.0720  0.0737  0.0724  0.0700  0.0666  0.0676
registration optimization eta report
parameter search radius
    6.0000    6.0000    6.9000    6.0000    6.0000    6.9000
100000*second partial in parameter space
       29.       33.       27.       24.       12.       11.
  0.0710  0.0748  0.0782  0.0714  0.0666  0.0678
  0.0642  0.0677  0.0648  0.0655  0.0637  0.0648
  0.0605  0.0631  0.0604  0.0622  0.0623  0.0629
  0.0624  0.0623  0.0623  0.0624  0.0624  0.0624
  0.0620  0.0640  0.0681  0.0640  0.0627  0.0630
  0.0626  0.0694  0.0695  0.0663  0.0636  0.0648
  0.0720  0.0737  0.0724  0.0700  0.0666  0.0676
    0.3034  -13.8084   18.8296    0.5493   -0.7314   -2.6630
eta,q 0.93762 12.04517

---------------------------------------------------------------------
imgreg_4dfp /opt/freesurfer/average/711-2C_as_mni_average_305 /opt/freesurfer/average/711-2B_as_mni_average_305_mask talsrcimg_g11 none talsrcimg_to_711-2C_as_mni_average_305_t4 3335
---------------------------------------------------------------------

freesurfer imgreg_4dfp.c
/opt/freesurfer/average/711-2C_as_mni_average_305.4dfp.img
       256       256       256         1
  1.000000  1.000000  1.000000
orientation T byte_order littleendian
Reading image: /opt/freesurfer/average/711-2C_as_mni_average_305.4dfp.img
dimensions:      256       256       256
mmppix:       1.0000   -1.0000   -1.0000
center:     128.0000 -129.0000 -129.0000
/opt/freesurfer/average/711-2B_as_mni_average_305_mask.4dfp.img
       256       256       256         1
  1.000000  1.000000  1.000000
orientation T byte_order littleendian
Reading mask: /opt/freesurfer/average/711-2B_as_mni_average_305_mask.4dfp.img (2306576 pixels)
talsrcimg_g11.4dfp.img
       256       256       256         1
  1.000000  1.000000  1.000000
orientation T byte_order littleendian
Reading image: talsrcimg_g11.4dfp.img
dimensions:      256       256       256
mmppix:       1.0000   -1.0000   -1.0000
center:     128.0000 -129.0000 -129.0000
fimgreg.f
image alignment mode   3335 decimal      D07 hex
parameters
    0.3034  -13.8084   18.8296   -0.1161   -0.1131   -0.0127
    4.6582    1.2305   -4.6458   -1.0170   -1.2765    0.9587
eta,q 0.94060 12.21209
niter,ni,del,rscale     5    3    5.0000    1.2000
parameter  4-60.526794 ->  0.500000 qaram    1.1500
parameter  5 -7.871966 ->  0.500000 qaram    1.1500
parameter  6  0.702879 ->  0.500000 qaram    1.1500
parameters
    1.1534  -12.8352   18.0390   -4.2561   -4.2531   -4.1527
    3.2716    1.8563   -3.8716   -0.3749   -1.6822    1.7885
eta,q 0.96732 12.45877
  0.0623  0.0606  0.0594  0.0391  0.0316  0.0328  0.0357  0.0429  0.0361  0.0379  0.0355  0.0348
  0.0611  0.0599  0.0585  0.0435  0.0362  0.0330  0.0339  0.0384  0.0345  0.0354  0.0339  0.0338
  0.0602  0.0594  0.0583  0.0503  0.0410  0.0344  0.0331  0.0349  0.0333  0.0337  0.0329  0.0331
  0.0594  0.0590  0.0587  0.0583  0.0452  0.0375  0.0332  0.0330  0.0329  0.0328  0.0327  0.0327
  0.0590  0.0587  0.0593  0.0662  0.0492  0.0429  0.0343  0.0333  0.0330  0.0328  0.0332  0.0328
  0.0591  0.0587  0.0604  0.0722  0.0536  0.0517  0.0361  0.0359  0.0337  0.0341  0.0344  0.0332
  0.0601  0.0592  0.0617  0.0772  0.0572  0.0631  0.0384  0.0405  0.0350  0.0366  0.0361  0.0340
niter,ni,del,rscale     7    3    5.0000    1.2000
parameter  3  0.806218 ->  0.500000 qaram    1.1500
parameter  4  0.773943 ->  0.500000 qaram    1.3225
parameter  5  1.400231 ->  0.500000 qaram    1.3225
parameters
    0.2813  -13.9251   16.6590   -9.0171   -9.0141   -5.4281
    4.6341    1.4474   -3.7079   -1.6199   -2.4232    4.1159
eta,q 0.98018 12.52991
  0.0345  0.0321  0.0296  0.0257  0.0196  0.0241  0.0247  0.0254  0.0229  0.0226  0.0210  0.0225
  0.0324  0.0312  0.0294  0.0251  0.0195  0.0222  0.0226  0.0221  0.0214  0.0209  0.0204  0.0213
  0.0318  0.0311  0.0300  0.0258  0.0215  0.0208  0.0211  0.0205  0.0205  0.0201  0.0200  0.0205
  0.0327  0.0317  0.0311  0.0295  0.0251  0.0198  0.0202  0.0201  0.0201  0.0201  0.0200  0.0200
  0.0350  0.0330  0.0328  0.0375  0.0302  0.0196  0.0202  0.0206  0.0204  0.0210  0.0202  0.0198
  0.0382  0.0347  0.0351  0.0465  0.0350  0.0235  0.0209  0.0227  0.0213  0.0227  0.0207  0.0200
  0.0419  0.0367  0.0378  0.0538  0.0384  0.0318  0.0223  0.0272  0.0227  0.0252  0.0216  0.0205
niter,ni,del,rscale     7    3    5.0000    1.2000
parameters
    0.1206  -13.6623   15.5974  -10.8085  -11.3413   -5.4602
    4.9900    1.4756   -3.7317   -2.1642   -2.0334    4.4309
eta,q 0.98031 12.44233
  0.0232  0.0240  0.0203  0.0250  0.0244  0.0245  0.0227  0.0247  0.0218  0.0226  0.0207  0.0211
  0.0212  0.0219  0.0196  0.0227  0.0218  0.0225  0.0212  0.0217  0.0206  0.0208  0.0202  0.0203
  0.0201  0.0204  0.0194  0.0207  0.0199  0.0209  0.0201  0.0202  0.0199  0.0199  0.0198  0.0199
  0.0198  0.0198  0.0198  0.0194  0.0200  0.0197  0.0197  0.0197  0.0197  0.0197  0.0197  0.0197
  0.0204  0.0199  0.0206  0.0202  0.0227  0.0188  0.0199  0.0199  0.0199  0.0202  0.0197  0.0198
  0.0219  0.0209  0.0219  0.0261  0.0272  0.0202  0.0207  0.0213  0.0206  0.0215  0.0200  0.0202
  0.0243  0.0225  0.0237  0.0359  0.0321  0.0268  0.0222  0.0249  0.0219  0.0236  0.0205  0.0209
niter,ni,del,rscale     6    3    5.0000    1.2000
parameters
    0.1246  -13.3971   15.9834  -10.6299  -12.0109   -5.1356
    4.9514    1.3424   -3.7574   -2.1298   -2.2365    4.2109
eta,q 0.98052 12.43904
  0.0229  0.0234  0.0220  0.0263  0.0260  0.0244  0.0221  0.0242  0.0216  0.0227  0.0204  0.0207
  0.0211  0.0215  0.0209  0.0237  0.0231  0.0223  0.0207  0.0213  0.0204  0.0208  0.0199  0.0200
  0.0200  0.0203  0.0201  0.0215  0.0207  0.0208  0.0198  0.0199  0.0197  0.0198  0.0196  0.0196
  0.0197  0.0197  0.0197  0.0196  0.0195  0.0196  0.0195  0.0195  0.0195  0.0195  0.0195  0.0195
  0.0200  0.0198  0.0196  0.0186  0.0206  0.0187  0.0198  0.0197  0.0197  0.0198  0.0196  0.0197
  0.0211  0.0206  0.0201  0.0206  0.0240  0.0196  0.0207  0.0212  0.0204  0.0208  0.0199  0.0201
  0.0228  0.0221  0.0210  0.0283  0.0288  0.0255  0.0222  0.0249  0.0216  0.0226  0.0205  0.0208
niter,ni,del,rscale     5    3    5.0000    1.2000
parameters
    0.1319  -13.2778   16.0416  -10.5703  -12.2349   -5.0941
    4.9342    1.3833   -3.7071   -2.0473   -2.2755    4.0684
eta,q 0.98054 12.43628
  0.0227  0.0228  0.0214  0.0262  0.0264  0.0241  0.0221  0.0244  0.0216  0.0227  0.0204  0.0207
  0.0209  0.0210  0.0204  0.0236  0.0234  0.0221  0.0207  0.0214  0.0204  0.0208  0.0199  0.0200
  0.0198  0.0199  0.0197  0.0213  0.0209  0.0206  0.0198  0.0199  0.0197  0.0198  0.0196  0.0196
  0.0195  0.0195  0.0195  0.0195  0.0194  0.0195  0.0195  0.0195  0.0195  0.0195  0.0195  0.0195
  0.0198  0.0197  0.0196  0.0185  0.0201  0.0186  0.0198  0.0197  0.0197  0.0198  0.0196  0.0197
  0.0209  0.0206  0.0202  0.0208  0.0232  0.0199  0.0207  0.0210  0.0204  0.0207  0.0199  0.0201
  0.0226  0.0222  0.0213  0.0287  0.0279  0.0261  0.0221  0.0245  0.0216  0.0225  0.0204  0.0207
niter,ni,del,rscale     4    3    5.0000    1.2000
parameters
    0.1374  -13.2255   16.0592  -10.5368  -12.2950   -5.0724
    4.9266    1.3799   -3.6872   -1.9913   -2.2934    3.9792
eta,q 0.98056 12.43640
  0.0226  0.0226  0.0214  0.0262  0.0265  0.0241  0.0221  0.0243  0.0216  0.0226  0.0204  0.0207
  0.0209  0.0209  0.0204  0.0236  0.0236  0.0221  0.0207  0.0213  0.0204  0.0208  0.0199  0.0200
  0.0198  0.0199  0.0197  0.0213  0.0210  0.0206  0.0197  0.0199  0.0197  0.0197  0.0196  0.0195
  0.0195  0.0195  0.0195  0.0195  0.0194  0.0195  0.0194  0.0194  0.0194  0.0194  0.0194  0.0194
  0.0198  0.0197  0.0196  0.0185  0.0200  0.0186  0.0197  0.0197  0.0197  0.0198  0.0195  0.0197
  0.0209  0.0207  0.0203  0.0208  0.0230  0.0199  0.0206  0.0210  0.0204  0.0207  0.0198  0.0201
  0.0226  0.0223  0.0214  0.0288  0.0276  0.0261  0.0221  0.0246  0.0216  0.0225  0.0204  0.0207
niter,ni,del,rscale     3    3    5.0000    1.2000
parameters
    0.1387  -13.2047   16.0604  -10.5272  -12.3116   -5.0618
    4.9230    1.3815   -3.6797   -1.9619   -2.2952    3.9454
eta,q 0.98056 12.43675
  0.0226  0.0225  0.0214  0.0261  0.0266  0.0241  0.0221  0.0243  0.0216  0.0226  0.0204  0.0207
  0.0208  0.0208  0.0203  0.0236  0.0236  0.0221  0.0207  0.0213  0.0204  0.0207  0.0199  0.0200
  0.0198  0.0198  0.0197  0.0213  0.0210  0.0206  0.0197  0.0199  0.0197  0.0197  0.0195  0.0195
  0.0194  0.0194  0.0194  0.0194  0.0194  0.0194  0.0194  0.0194  0.0194  0.0194  0.0194  0.0194
  0.0198  0.0197  0.0196  0.0185  0.0199  0.0186  0.0197  0.0196  0.0197  0.0198  0.0195  0.0196
  0.0208  0.0207  0.0203  0.0209  0.0229  0.0199  0.0206  0.0210  0.0204  0.0208  0.0198  0.0200
  0.0226  0.0224  0.0214  0.0289  0.0275  0.0261  0.0221  0.0245  0.0215  0.0225  0.0204  0.0207
registration optimization eta report
parameter search radius
    2.4000    2.4000    2.7600    9.5220    9.5220    8.2800
    7.2000    7.2000    7.2000    7.2000    7.2000    7.2000
100000*second partial in parameter space
       55.       52.       26.        9.        8.        9.
        5.       10.        4.        6.        2.        2.
  0.0226  0.0225  0.0214  0.0261  0.0266  0.0241  0.0221  0.0243  0.0216  0.0226  0.0204  0.0207
  0.0208  0.0208  0.0203  0.0236  0.0236  0.0221  0.0207  0.0213  0.0204  0.0207  0.0199  0.0200
  0.0198  0.0198  0.0197  0.0213  0.0210  0.0206  0.0197  0.0199  0.0197  0.0197  0.0195  0.0195
  0.0194  0.0194  0.0194  0.0194  0.0194  0.0194  0.0194  0.0194  0.0194  0.0194  0.0194  0.0194
  0.0198  0.0197  0.0196  0.0185  0.0199  0.0186  0.0197  0.0196  0.0197  0.0198  0.0195  0.0196
  0.0208  0.0207  0.0203  0.0209  0.0229  0.0199  0.0206  0.0210  0.0204  0.0208  0.0198  0.0200
  0.0226  0.0224  0.0214  0.0289  0.0275  0.0261  0.0221  0.0245  0.0215  0.0225  0.0204  0.0207
    0.1387  -13.2047   16.0604  -10.5272  -12.3116   -5.0618
    4.9230    1.3815   -3.6797   -1.9619   -2.2952    3.9454
eta,q 0.98056 12.43675

---------------------------------------------------------------------
imgreg_4dfp /opt/freesurfer/average/711-2C_as_mni_average_305 /opt/freesurfer/average/711-2B_as_mni_average_305_mask talsrcimg_g11 none talsrcimg_to_711-2C_as_mni_average_305_t4 2311
---------------------------------------------------------------------

freesurfer imgreg_4dfp.c
/opt/freesurfer/average/711-2C_as_mni_average_305.4dfp.img
       256       256       256         1
  1.000000  1.000000  1.000000
orientation T byte_order littleendian
Reading image: /opt/freesurfer/average/711-2C_as_mni_average_305.4dfp.img
dimensions:      256       256       256
mmppix:       1.0000   -1.0000   -1.0000
center:     128.0000 -129.0000 -129.0000
/opt/freesurfer/average/711-2B_as_mni_average_305_mask.4dfp.img
       256       256       256         1
  1.000000  1.000000  1.000000
orientation T byte_order littleendian
Reading mask: /opt/freesurfer/average/711-2B_as_mni_average_305_mask.4dfp.img (2306576 pixels)
talsrcimg_g11.4dfp.img
       256       256       256         1
  1.000000  1.000000  1.000000
orientation T byte_order littleendian
Reading image: talsrcimg_g11.4dfp.img
dimensions:      256       256       256
mmppix:       1.0000   -1.0000   -1.0000
center:     128.0000 -129.0000 -129.0000
fimgreg.f
image alignment mode   2311 decimal      907 hex
parameters
    0.1387  -13.2047   16.0604  -10.5272  -12.3116   -5.0618
    4.9230    1.3815   -3.6797   -1.9619   -2.2952    3.9454
eta,q 0.98056 12.43675
niter,ni,del,rscale     5    3    5.0000    0.8000
parameter  4 -0.717237 -> -0.500000 qaram    1.1500
parameters
    0.1354  -13.1783   16.1136   -7.7672  -12.0642   -3.4365
    4.8820    1.3219   -3.4897   -1.5922   -2.1231    3.5272
eta,q 0.98209 12.55382
  0.0208  0.0208  0.0201  0.0224  0.0211  0.0209  0.0196  0.0222  0.0192  0.0198  0.0192  0.0186
  0.0201  0.0201  0.0198  0.0213  0.0199  0.0200  0.0187  0.0199  0.0185  0.0188  0.0185  0.0182
  0.0196  0.0196  0.0195  0.0203  0.0190  0.0191  0.0181  0.0185  0.0181  0.0182  0.0181  0.0180
  0.0194  0.0194  0.0194  0.0194  0.0185  0.0185  0.0179  0.0179  0.0179  0.0179  0.0179  0.0179
  0.0196  0.0196  0.0195  0.0188  0.0186  0.0179  0.0181  0.0184  0.0180  0.0180  0.0180  0.0181
  0.0201  0.0200  0.0197  0.0185  0.0194  0.0179  0.0187  0.0199  0.0184  0.0184  0.0184  0.0184
  0.0208  0.0207  0.0201  0.0190  0.0208  0.0192  0.0197  0.0226  0.0190  0.0193  0.0190  0.0189
niter,ni,del,rscale     5    3    5.0000    0.8000
parameters
    0.1066  -13.1306   15.9656   -8.9276  -11.9502   -3.7490
    4.9102    1.3164   -3.6142   -1.3835   -2.0160    3.5800
eta,q 0.98182 12.53213
  0.0201  0.0195  0.0188  0.0205  0.0207  0.0202  0.0197  0.0214  0.0192  0.0198  0.0190  0.0189
  0.0189  0.0187  0.0182  0.0193  0.0195  0.0194  0.0189  0.0196  0.0186  0.0189  0.0186  0.0185
  0.0181  0.0181  0.0180  0.0184  0.0186  0.0187  0.0183  0.0186  0.0183  0.0184  0.0183  0.0183
  0.0179  0.0179  0.0179  0.0179  0.0181  0.0181  0.0182  0.0182  0.0182  0.0182  0.0182  0.0182
  0.0182  0.0181  0.0181  0.0186  0.0183  0.0179  0.0183  0.0184  0.0183  0.0183  0.0182  0.0183
  0.0190  0.0185  0.0185  0.0214  0.0191  0.0189  0.0188  0.0194  0.0187  0.0187  0.0185  0.0185
  0.0203  0.0193  0.0191  0.0263  0.0207  0.0220  0.0196  0.0216  0.0193  0.0196  0.0189  0.0189
niter,ni,del,rscale     4    3    5.0000    0.7000
parameters
    0.0905  -13.1715   15.8627   -8.7915  -11.7655   -3.5267
    4.9618    1.2947   -3.5983   -1.3089   -2.0116    3.4912
eta,q 0.98196 12.54340
  0.0196  0.0192  0.0188  0.0209  0.0203  0.0200  0.0192  0.0207  0.0189  0.0193  0.0187  0.0186
  0.0188  0.0186  0.0184  0.0198  0.0193  0.0193  0.0186  0.0193  0.0184  0.0186  0.0184  0.0183
  0.0183  0.0183  0.0182  0.0189  0.0185  0.0187  0.0182  0.0184  0.0181  0.0182  0.0181  0.0181
  0.0182  0.0182  0.0182  0.0182  0.0181  0.0181  0.0180  0.0180  0.0180  0.0180  0.0180  0.0180
  0.0184  0.0183  0.0183  0.0180  0.0182  0.0178  0.0182  0.0182  0.0181  0.0181  0.0181  0.0181
  0.0188  0.0187  0.0185  0.0189  0.0189  0.0183  0.0185  0.0191  0.0184  0.0185  0.0183  0.0183
  0.0196  0.0194  0.0189  0.0214  0.0201  0.0202  0.0192  0.0210  0.0189  0.0193  0.0188  0.0187
niter,ni,del,rscale     3    3    5.0000    0.6000
parameters
    0.0914  -13.1853   15.8578   -8.6193  -11.7216   -3.2886
    4.9706    1.2966   -3.5569   -1.2201   -2.0745    3.4066
eta,q 0.98207 12.55167
  0.0191  0.0189  0.0186  0.0203  0.0196  0.0195  0.0188  0.0201  0.0186  0.0189  0.0185  0.0184
  0.0185  0.0184  0.0183  0.0194  0.0188  0.0189  0.0183  0.0189  0.0182  0.0184  0.0182  0.0181
  0.0182  0.0181  0.0181  0.0186  0.0183  0.0184  0.0180  0.0182  0.0180  0.0181  0.0180  0.0180
  0.0180  0.0180  0.0180  0.0180  0.0180  0.0180  0.0179  0.0179  0.0179  0.0179  0.0179  0.0179
  0.0182  0.0181  0.0181  0.0179  0.0181  0.0178  0.0180  0.0181  0.0180  0.0180  0.0180  0.0180
  0.0185  0.0184  0.0183  0.0186  0.0187  0.0182  0.0183  0.0188  0.0182  0.0183  0.0182  0.0182
  0.0191  0.0189  0.0186  0.0204  0.0196  0.0196  0.0188  0.0202  0.0185  0.0189  0.0185  0.0184
niter,ni,del,rscale     2    3    5.0000    0.5000
parameters
    0.0963  -13.1762   15.8728   -8.4669  -11.7090   -3.0518
    4.9717    1.3157   -3.4934   -1.1319   -2.1386    3.2794
eta,q 0.98216 12.55762
  0.0187  0.0185  0.0183  0.0196  0.0190  0.0191  0.0185  0.0195  0.0183  0.0185  0.0183  0.0182
  0.0183  0.0182  0.0181  0.0189  0.0185  0.0186  0.0181  0.0186  0.0181  0.0182  0.0180  0.0180
  0.0180  0.0180  0.0180  0.0183  0.0181  0.0182  0.0179  0.0181  0.0179  0.0179  0.0179  0.0179
  0.0179  0.0179  0.0179  0.0179  0.0179  0.0179  0.0178  0.0178  0.0178  0.0178  0.0178  0.0178
  0.0180  0.0180  0.0180  0.0179  0.0180  0.0178  0.0179  0.0180  0.0179  0.0179  0.0179  0.0179
  0.0183  0.0182  0.0181  0.0184  0.0184  0.0181  0.0181  0.0185  0.0180  0.0181  0.0180  0.0180
  0.0187  0.0185  0.0183  0.0197  0.0191  0.0190  0.0185  0.0195  0.0183  0.0185  0.0183  0.0182
niter,ni,del,rscale     1    3    5.0000    0.4000
parameters
    0.1029  -13.1607   15.9038   -8.3336  -11.7026   -2.8388
    4.9612    1.3312   -3.4497   -1.0337   -2.2146    3.1499
eta,q 0.98221 12.56246
  0.0184  0.0183  0.0181  0.0190  0.0186  0.0187  0.0182  0.0189  0.0181  0.0182  0.0181  0.0180
  0.0181  0.0180  0.0180  0.0185  0.0182  0.0183  0.0180  0.0183  0.0179  0.0180  0.0179  0.0179
  0.0179  0.0179  0.0179  0.0181  0.0179  0.0180  0.0178  0.0179  0.0178  0.0179  0.0178  0.0178
  0.0178  0.0178  0.0178  0.0178  0.0178  0.0178  0.0178  0.0178  0.0178  0.0178  0.0178  0.0178
  0.0179  0.0179  0.0179  0.0178  0.0179  0.0178  0.0178  0.0179  0.0178  0.0178  0.0178  0.0178
  0.0181  0.0180  0.0180  0.0182  0.0182  0.0180  0.0180  0.0183  0.0179  0.0179  0.0179  0.0179
  0.0184  0.0182  0.0181  0.0190  0.0186  0.0186  0.0182  0.0189  0.0181  0.0182  0.0181  0.0180
registration optimization eta report
parameter search radius
    0.8000    0.8000    0.8000    2.7600    2.4000    2.4000
    2.4000    2.4000    2.4000    2.4000    2.4000    2.4000
100000*second partial in parameter space
       84.       61.       42.       15.       13.       14.
        7.       20.        5.        8.        5.        4.
  0.0184  0.0183  0.0181  0.0190  0.0186  0.0187  0.0182  0.0189  0.0181  0.0182  0.0181  0.0180
  0.0181  0.0180  0.0180  0.0185  0.0182  0.0183  0.0180  0.0183  0.0179  0.0180  0.0179  0.0179
  0.0179  0.0179  0.0179  0.0181  0.0179  0.0180  0.0178  0.0179  0.0178  0.0179  0.0178  0.0178
  0.0178  0.0178  0.0178  0.0178  0.0178  0.0178  0.0178  0.0178  0.0178  0.0178  0.0178  0.0178
  0.0179  0.0179  0.0179  0.0178  0.0179  0.0178  0.0178  0.0179  0.0178  0.0178  0.0178  0.0178
  0.0181  0.0180  0.0180  0.0182  0.0182  0.0180  0.0180  0.0183  0.0179  0.0179  0.0179  0.0179
  0.0184  0.0182  0.0181  0.0190  0.0186  0.0186  0.0182  0.0189  0.0181  0.0182  0.0181  0.0180
    0.1029  -13.1607   15.9038   -8.3336  -11.7026   -2.8388
    4.9612    1.3312   -3.4497   -1.0337   -2.2146    3.1499
eta,q 0.98221 12.56246

---------------------------------------------------------------------
imgreg_4dfp /opt/freesurfer/average/711-2C_as_mni_average_305 /opt/freesurfer/average/711-2B_as_mni_average_305_mask talsrcimg_g11 none talsrcimg_to_711-2C_as_mni_average_305_t4 2311
---------------------------------------------------------------------

freesurfer imgreg_4dfp.c
/opt/freesurfer/average/711-2C_as_mni_average_305.4dfp.img
       256       256       256         1
  1.000000  1.000000  1.000000
orientation T byte_order littleendian
Reading image: /opt/freesurfer/average/711-2C_as_mni_average_305.4dfp.img
dimensions:      256       256       256
mmppix:       1.0000   -1.0000   -1.0000
center:     128.0000 -129.0000 -129.0000
/opt/freesurfer/average/711-2B_as_mni_average_305_mask.4dfp.img
       256       256       256         1
  1.000000  1.000000  1.000000
orientation T byte_order littleendian
Reading mask: /opt/freesurfer/average/711-2B_as_mni_average_305_mask.4dfp.img (2306576 pixels)
talsrcimg_g11.4dfp.img
       256       256       256         1
  1.000000  1.000000  1.000000
orientation T byte_order littleendian
Reading image: talsrcimg_g11.4dfp.img
dimensions:      256       256       256
mmppix:       1.0000   -1.0000   -1.0000
center:     128.0000 -129.0000 -129.0000
fimgreg.f
image alignment mode   2311 decimal      907 hex
parameters
    0.1029  -13.1607   15.9038   -8.3336  -11.7026   -2.8388
    4.9612    1.3312   -3.4497   -1.0337   -2.2146    3.1499
eta,q 0.98221 12.56247
niter,ni,del,rscale     5    3    5.0000    0.8000
parameters
    0.1163  -13.1472   15.9587   -9.0009  -11.9090   -3.6083
    4.9412    1.3504   -3.5728   -1.2875   -2.0841    3.5341
eta,q 0.98185 12.53462
  0.0201  0.0194  0.0190  0.0202  0.0203  0.0199  0.0196  0.0215  0.0192  0.0195  0.0190  0.0190
  0.0188  0.0185  0.0183  0.0191  0.0192  0.0191  0.0188  0.0196  0.0186  0.0187  0.0185  0.0186
  0.0180  0.0180  0.0179  0.0183  0.0183  0.0185  0.0183  0.0186  0.0183  0.0183  0.0183  0.0183
  0.0178  0.0178  0.0178  0.0178  0.0179  0.0179  0.0182  0.0182  0.0182  0.0182  0.0182  0.0182
  0.0180  0.0180  0.0179  0.0181  0.0182  0.0180  0.0183  0.0183  0.0183  0.0183  0.0182  0.0182
  0.0188  0.0185  0.0183  0.0198  0.0193  0.0197  0.0188  0.0194  0.0187  0.0189  0.0185  0.0184
  0.0200  0.0193  0.0189  0.0232  0.0211  0.0235  0.0196  0.0216  0.0193  0.0199  0.0189  0.0188
niter,ni,del,rscale     4    3    5.0000    0.7000
parameters
    0.0934  -13.1726   15.8641   -8.5600  -11.8067   -3.6139
    4.9412    1.3121   -3.5680   -1.3394   -2.0320    3.4834
eta,q 0.98199 12.54612
  0.0195  0.0192  0.0187  0.0205  0.0201  0.0198  0.0192  0.0208  0.0189  0.0192  0.0187  0.0186
  0.0187  0.0186  0.0184  0.0196  0.0191  0.0191  0.0185  0.0193  0.0184  0.0185  0.0184  0.0183
  0.0183  0.0183  0.0182  0.0188  0.0184  0.0185  0.0181  0.0184  0.0181  0.0182  0.0181  0.0181
  0.0182  0.0182  0.0182  0.0181  0.0180  0.0180  0.0180  0.0180  0.0180  0.0180  0.0180  0.0180
  0.0183  0.0183  0.0183  0.0179  0.0181  0.0178  0.0181  0.0182  0.0181  0.0181  0.0181  0.0181
  0.0188  0.0187  0.0185  0.0184  0.0188  0.0184  0.0185  0.0192  0.0184  0.0185  0.0183  0.0183
  0.0196  0.0193  0.0189  0.0201  0.0201  0.0206  0.0192  0.0211  0.0189  0.0193  0.0187  0.0186
niter,ni,del,rscale     3    3    5.0000    0.6000
parameters
    0.0952  -13.1699   15.8650   -8.4070  -11.7596   -3.3364
    4.9496    1.2952   -3.5302   -1.2423   -2.0791    3.3682
eta,q 0.98210 12.55421
  0.0192  0.0189  0.0186  0.0198  0.0196  0.0195  0.0188  0.0202  0.0185  0.0189  0.0185  0.0183
  0.0185  0.0184  0.0183  0.0191  0.0188  0.0189  0.0183  0.0189  0.0182  0.0184  0.0182  0.0181
  0.0181  0.0181  0.0181  0.0184  0.0183  0.0184  0.0180  0.0182  0.0180  0.0180  0.0180  0.0179
  0.0180  0.0180  0.0180  0.0180  0.0180  0.0180  0.0179  0.0179  0.0179  0.0179  0.0179  0.0179
  0.0181  0.0181  0.0181  0.0179  0.0181  0.0178  0.0180  0.0181  0.0180  0.0180  0.0180  0.0180
  0.0185  0.0184  0.0183  0.0185  0.0186  0.0181  0.0183  0.0189  0.0182  0.0183  0.0182  0.0181
  0.0191  0.0189  0.0185  0.0199  0.0196  0.0195  0.0188  0.0203  0.0185  0.0188  0.0185  0.0184
niter,ni,del,rscale     2    3    5.0000    0.5000
parameters
    0.0972  -13.1612   15.8830   -8.3084  -11.7451   -3.0877
    4.9586    1.3108   -3.4832   -1.1355   -2.1575    3.2685
eta,q 0.98217 12.55950
  0.0187  0.0185  0.0183  0.0192  0.0190  0.0190  0.0185  0.0195  0.0183  0.0185  0.0183  0.0182
  0.0183  0.0182  0.0181  0.0187  0.0185  0.0186  0.0181  0.0186  0.0180  0.0182  0.0180  0.0180
  0.0180  0.0180  0.0180  0.0182  0.0181  0.0182  0.0179  0.0181  0.0179  0.0179  0.0179  0.0179
  0.0179  0.0179  0.0179  0.0179  0.0179  0.0179  0.0178  0.0178  0.0178  0.0178  0.0178  0.0178
  0.0180  0.0180  0.0179  0.0179  0.0180  0.0178  0.0179  0.0180  0.0179  0.0179  0.0179  0.0179
  0.0183  0.0182  0.0181  0.0183  0.0184  0.0180  0.0181  0.0185  0.0180  0.0181  0.0180  0.0180
  0.0187  0.0185  0.0183  0.0193  0.0191  0.0190  0.0185  0.0196  0.0183  0.0185  0.0183  0.0182
niter,ni,del,rscale     1    3    5.0000    0.4000
parameters
    0.1045  -13.1443   15.9141   -8.2199  -11.7272   -2.8623
    4.9685    1.3287   -3.4274   -1.0355   -2.2292    3.1300
eta,q 0.98222 12.56353
  0.0184  0.0182  0.0181  0.0187  0.0186  0.0187  0.0182  0.0189  0.0181  0.0182  0.0181  0.0180
  0.0181  0.0180  0.0180  0.0183  0.0182  0.0183  0.0180  0.0183  0.0179  0.0180  0.0179  0.0179
  0.0179  0.0179  0.0179  0.0180  0.0179  0.0180  0.0178  0.0179  0.0178  0.0178  0.0178  0.0178
  0.0178  0.0178  0.0178  0.0178  0.0178  0.0178  0.0178  0.0178  0.0178  0.0178  0.0178  0.0178
  0.0179  0.0179  0.0179  0.0178  0.0179  0.0178  0.0178  0.0179  0.0178  0.0178  0.0178  0.0178
  0.0181  0.0180  0.0179  0.0181  0.0181  0.0180  0.0180  0.0183  0.0179  0.0179  0.0179  0.0179
  0.0184  0.0182  0.0181  0.0187  0.0186  0.0185  0.0182  0.0189  0.0181  0.0182  0.0181  0.0180
registration optimization eta report
parameter search radius
    0.8000    0.8000    0.8000    2.4000    2.4000    2.4000
    2.4000    2.4000    2.4000    2.4000    2.4000    2.4000
100000*second partial in parameter space
       87.       61.       43.       16.       13.       14.
        7.       20.        5.        8.        5.        4.
  0.0184  0.0182  0.0181  0.0187  0.0186  0.0187  0.0182  0.0189  0.0181  0.0182  0.0181  0.0180
  0.0181  0.0180  0.0180  0.0183  0.0182  0.0183  0.0180  0.0183  0.0179  0.0180  0.0179  0.0179
  0.0179  0.0179  0.0179  0.0180  0.0179  0.0180  0.0178  0.0179  0.0178  0.0178  0.0178  0.0178
  0.0178  0.0178  0.0178  0.0178  0.0178  0.0178  0.0178  0.0178  0.0178  0.0178  0.0178  0.0178
  0.0179  0.0179  0.0179  0.0178  0.0179  0.0178  0.0178  0.0179  0.0178  0.0178  0.0178  0.0178
  0.0181  0.0180  0.0179  0.0181  0.0181  0.0180  0.0180  0.0183  0.0179  0.0179  0.0179  0.0179
  0.0184  0.0182  0.0181  0.0187  0.0186  0.0185  0.0182  0.0189  0.0181  0.0182  0.0181  0.0180
    0.1045  -13.1443   15.9141   -8.2199  -11.7272   -2.8623
    4.9685    1.3287   -3.4274   -1.0355   -2.2292    3.1300
eta,q 0.98222 12.56353

---------------------------------------------------------------------
compute_vox2vox talsrcimg talsrcimg_to_711-2C_as_mni_average_305_t4 /opt/freesurfer/average/711-2C_as_mni_average_305
---------------------------------------------------------------------

freesurfer compute_vox2vox.c
Reading: talsrcimg.4dfp.ifh
Reading: talsrcimg_to_711-2C_as_mni_average_305_t4
Reading: /opt/freesurfer/average/711-2C_as_mni_average_305.4dfp.ifh
Writing: talsrcimg_to_711-2C_as_mni_average_305_t4_vox2vox.txt

start time Wed Mar 11 08:18:07 CET 2026
end		time Wed Mar 11 08:19:35 CET 2026

mpr2mni305 success

avi2talxfm orig_nu.mgz /opt/freesurfer/average/mni305.cor.mgz talsrcimg_to_711-2C_as_mni_average_305_t4_vox2vox.txt transforms/talairach.auto.xfm
avi2talxfm done
mv -f /out/sourcedata/freesurfer/sub-v2s15x29738_ses-1/mri/talsrcimg_to_711-2C_as_mni_average_305_t4_vox2vox.txt /out/sourcedata/freesurfer/sub-v2s15x29738_ses-1/mri/transforms/talsrcimg_to_711-2C_as_mni_average_305_t4_vox2vox.txt
lta_convert --src orig_nu.mgz --trg /opt/freesurfer/average/mni305.cor.mgz --inxfm transforms/talairach.auto.xfm --outlta transforms/talairach.auto.xfm.lta --subject fsaverage
7.3.2

--src: orig_nu.mgz src image (geometry).
--trg: /opt/freesurfer/average/mni305.cor.mgz trg image (geometry).
--inmni: transforms/talairach.auto.xfm input MNI/XFM transform.
--outlta: transforms/talairach.auto.xfm.lta output LTA.
--s: fsaverage subject name
 LTA read, type : 1
 1.08692  -0.01551  -0.06063   6.72092;
 0.02358   1.02874  -0.03780  -23.90907;
 0.04248   0.01146   1.13005  -28.34132;
 0.00000   0.00000   0.00000   1.00000;
setting subject to fsaverage
Writing  LTA to file transforms/talairach.auto.xfm.lta...
lta_convert successful.
 
 
Started at Wed Mar 11 08:18:07 CET 2026
Ended   at Wed Mar 11 08:19:35 CET 2026
talairach_avi done
