/out/sourcedata/freesurfer/sub-v2s15x29757_ses-1/mri
/opt/freesurfer/bin/talairach_avi
--i orig_nu.mgz --xfm transforms/talairach.auto.xfm
talairach_avi 7.3.2
Linux dna020 5.14.0-427.37.1.el9_4.x86_64 #1 SMP PREEMPT_DYNAMIC Fri Sep 13 12:41:50 EDT 2024 x86_64 x86_64 x86_64 GNU/Linux
Wed Mar 11 09:52:03 CET 2026
mri_convert orig_nu.mgz talsrcimg.img 
reading from orig_nu.mgz...
TR=0.00, TE=0.00, TI=0.00, flip angle=0.00
i_ras = (-1, 0, 0)
j_ras = (0, 0, -1)
k_ras = (0, 1, 0)
writing to talsrcimg.img...
Analyze Output Matrix
-1.00000   0.00000   0.00000   127.30392;
 0.00000   0.00000   1.00000  -123.76803;
 0.00000  -1.00000   0.00000   149.88892;
 0.00000   0.00000   0.00000   1.00000;
--------------------
INFO: set hdr.hist.orient to -1
mpr2mni305 talsrcimg
Wed Mar 11 09:52:03 CET 2026
/opt/freesurfer/bin/mpr2mni305 talsrcimg
mpr2mni305 7.3.2
target=711-2C_as_mni_average_305

---------------------------------------------------------------------
analyzeto4dfp talsrcimg -O0 -y
---------------------------------------------------------------------

freesurfer ifh2hdr.c
Wed Mar 11 09:52:04 2026
Writing: talsrcimg.4dfp.hdr
freesurfer analyzeto4dfp.c
Reading: talsrcimg.hdr
header size 348 bytes
hdr.dime.datatype	offset=70	value=2
hdr.dime.bitpix		offset=72	value=8
hdr.hist.orient		offset=252	value=-1
dimensionality     4
dimensions       256       256       256         1
Reading: talsrcimg.img
Writing: talsrcimg.4dfp.img
Writing: talsrcimg.4dfp.ifh
ifh2hdr talsrcimg -r0to240
ori=2

---------------------------------------------------------------------
gauss_4dfp talsrcimg 1.1
---------------------------------------------------------------------

freesurfer gauss_4dfp.c
Reading: talsrcimg.4dfp.img
Writing: talsrcimg_g11.4dfp.img
image dimensions 256 256 256 padded to 288 288 288
processing volume 1freesurfer ifh2hdr.c
Wed Mar 11 09:52:05 2026
Writing: talsrcimg_g11.4dfp.hdr

Writing: talsrcimg_g11.4dfp.ifh
including: talsrcimg.4dfp.img.rec in talsrcimg_g11.4dfp.img.rec

---------------------------------------------------------------------
imgreg_4dfp /opt/freesurfer/average/711-2C_as_mni_average_305 none talsrcimg_g11 none talsrcimg_to_711-2C_as_mni_average_305_t4 4355
---------------------------------------------------------------------

freesurfer imgreg_4dfp.c
/opt/freesurfer/average/711-2C_as_mni_average_305.4dfp.img
       256       256       256         1
  1.000000  1.000000  1.000000
orientation T byte_order littleendian
Reading image: /opt/freesurfer/average/711-2C_as_mni_average_305.4dfp.img
dimensions:      256       256       256
mmppix:       1.0000   -1.0000   -1.0000
center:     128.0000 -129.0000 -129.0000
talsrcimg_g11.4dfp.img
       256       256       256         1
  1.000000  1.000000  1.000000
orientation T byte_order littleendian
Reading image: talsrcimg_g11.4dfp.img
dimensions:      256       256       256
mmppix:       1.0000   -1.0000   -1.0000
center:     128.0000 -129.0000 -129.0000
t4_read: open error in t4_sub.f l:  41 t4_file(1:l)talsrcimg_to_711-2C_as_mni_average_305_t4 
t4_read: transform initialized to I4
rotation matrix determinant  1.000000
image alignment mode   4355 decimal     1103 hex
   -7.5000  -45.0000  -45.0000 7817.2100   14.7911
    0.0000  -45.0000  -45.0000 8201.7246   14.7485
    7.5000  -45.0000  -45.0000 7865.4072   14.7203
   -7.5000  -37.5000  -45.0000 8444.8711   14.6730
    0.0000  -37.5000  -45.0000 8834.1387   14.6352
    7.5000  -37.5000  -45.0000 8470.5293   14.6126
   -7.5000  -30.0000  -45.0000 9402.8496   14.5969
    0.0000  -30.0000  -45.0000 9837.3730   14.5641
    7.5000  -30.0000  -45.0000 9412.3818   14.5442
   -7.5000  -22.5000  -45.000010299.7969   14.5760
    0.0000  -22.5000  -45.000010755.9443   14.5430
    7.5000  -22.5000  -45.000010308.0020   14.5191
   -7.5000  -15.0000  -45.000011065.7959   14.5751
    0.0000  -15.0000  -45.000011552.7197   14.5380
    7.5000  -15.0000  -45.000011099.3896   14.5081
   -7.5000   -7.5000  -45.000011793.7549   14.5931
    0.0000   -7.5000  -45.000012316.7051   14.5517
    7.5000   -7.5000  -45.000011832.9336   14.5207
   -7.5000    0.0000  -45.000012419.4531   14.6118
    0.0000    0.0000  -45.000013015.9580   14.5695
    7.5000    0.0000  -45.000012499.7539   14.5417
   -7.5000    7.5000  -45.000012219.2910   14.6111
    0.0000    7.5000  -45.000012793.6025   14.5731
    7.5000    7.5000  -45.000012271.9297   14.5506
   -7.5000   15.0000  -45.000011956.4404   14.5933
    0.0000   15.0000  -45.000012477.7090   14.5604
    7.5000   15.0000  -45.000011937.5215   14.5405
   -7.5000   22.5000  -45.000011294.0010   14.5740
    0.0000   22.5000  -45.000011754.2051   14.5410
    7.5000   22.5000  -45.000011229.3008   14.5171
   -7.5000   30.0000  -45.000010451.4736   14.3809
    0.0000   30.0000  -45.000010888.0439   14.3442
    7.5000   30.0000  -45.000010391.0674   14.3148
   -7.5000   37.5000  -45.0000 9982.0859   14.3986
    0.0000   37.5000  -45.000010415.3389   14.3578
    7.5000   37.5000  -45.0000 9909.5771   14.3272
   -7.5000   45.0000  -45.0000 9136.7002   14.0510
    0.0000   45.0000  -45.0000 9552.7520   14.0104
    7.5000   45.0000  -45.0000 9092.1025   13.9836
   -7.5000  -45.0000  -37.5000 8321.1445   14.6133
    0.0000  -45.0000  -37.5000 8713.1006   14.5725
    7.5000  -45.0000  -37.5000 8345.0264   14.5456
   -7.5000  -37.5000  -37.5000 9005.5234   14.4998
    0.0000  -37.5000  -37.5000 9398.0205   14.4646
    7.5000  -37.5000  -37.5000 8981.0381   14.4414
   -7.5000  -30.0000  -37.500010006.2158   14.4319
    0.0000  -30.0000  -37.500010436.1445   14.4017
    7.5000  -30.0000  -37.5000 9976.5449   14.3809
   -7.5000  -22.5000  -37.500010953.0635   14.4147
    0.0000  -22.5000  -37.500011392.8506   14.3841
    7.5000  -22.5000  -37.500010901.1689   14.3608
   -7.5000  -15.0000  -37.500011784.1523   14.4113
    0.0000  -15.0000  -37.500012247.0566   14.3763
    7.5000  -15.0000  -37.500011743.1279   14.3490
   -7.5000   -7.5000  -37.500012534.5596   14.4231
    0.0000   -7.5000  -37.500013067.1650   14.3834
    7.5000   -7.5000  -37.500012534.9980   14.3551
   -7.5000    0.0000  -37.500013197.8750   14.4375
    0.0000    0.0000  -37.500013775.5713   14.3970
    7.5000    0.0000  -37.500013218.9375   14.3704
   -7.5000    7.5000  -37.500012960.7725   14.4392
    0.0000    7.5000  -37.500013504.8662   14.4039
    7.5000    7.5000  -37.500012916.0586   14.3808
   -7.5000   15.0000  -37.500012649.5088   14.4283
    0.0000   15.0000  -37.500013151.8750   14.3981
    7.5000   15.0000  -37.500012534.7295   14.3773
   -7.5000   22.5000  -37.500011907.5977   14.4127
    0.0000   22.5000  -37.500012366.6162   14.3821
    7.5000   22.5000  -37.500011781.8623   14.3588
   -7.5000   30.0000  -37.500010991.7793   14.2192
    0.0000   30.0000  -37.500011430.7119   14.1847
    7.5000   30.0000  -37.500010887.4814   14.1578
   -7.5000   37.5000  -37.500010451.0547   14.2309
    0.0000   37.5000  -37.500010889.7334   14.1917
    7.5000   37.5000  -37.500010371.4365   14.1638
   -7.5000   45.0000  -37.5000 9542.4170   13.8834
    0.0000   45.0000  -37.5000 9970.7920   13.8444
    7.5000   45.0000  -37.5000 9499.0879   13.8188
   -7.5000  -45.0000  -30.0000 9035.7529   15.1934
    0.0000  -45.0000  -30.0000 9428.0078   15.1593
    7.5000  -45.0000  -30.0000 8994.5352   15.1349
   -7.5000  -37.5000  -30.0000 9754.4824   15.0800
    0.0000  -37.5000  -30.000010160.3096   15.0509
    7.5000  -37.5000  -30.0000 9688.8643   15.0261
   -7.5000  -30.0000  -30.000010815.8955   15.0177
    0.0000  -30.0000  -30.000011274.6680   14.9928
    7.5000  -30.0000  -30.000010769.8535   14.9679
   -7.5000  -22.5000  -30.000011820.7256   15.0026
    0.0000  -22.5000  -30.000012303.5195   14.9772
    7.5000  -22.5000  -30.000011786.4131   14.9517
   -7.5000  -15.0000  -30.000012709.3330   14.9948
    0.0000  -15.0000  -30.000013213.3574   14.9656
    7.5000  -15.0000  -30.000012679.1973   14.9400
   -7.5000   -7.5000  -30.000013532.2451   14.9999
    0.0000   -7.5000  -30.000014093.2891   14.9663
    7.5000   -7.5000  -30.000013525.9834   14.9420
   -7.5000    0.0000  -30.000014242.3867   15.0107
    0.0000    0.0000  -30.000014817.4160   14.9766
    7.5000    0.0000  -30.000014207.7227   14.9524
   -7.5000    7.5000  -30.000013967.4580   15.0169
    0.0000    7.5000  -30.000014485.2461   14.9876
    7.5000    7.5000  -30.000013850.3311   14.9630
   -7.5000   15.0000  -30.000013581.9600   15.0140
    0.0000   15.0000  -30.000014061.8271   14.9890
    7.5000   15.0000  -30.000013399.9219   14.9642
   -7.5000   22.5000  -30.000012731.4268   14.9990
    0.0000   22.5000  -30.000013199.7051   14.9736
    7.5000   22.5000  -30.000012578.8271   14.9481
   -7.5000   30.0000  -30.000011738.3926   14.7964
    0.0000   30.0000  -30.000012181.6572   14.7675
    7.5000   30.0000  -30.000011623.2002   14.7423
   -7.5000   37.5000  -30.000011161.4609   14.8014
    0.0000   37.5000  -30.000011596.0410   14.7683
    7.5000   37.5000  -30.000011051.8916   14.7443
   -7.5000   45.0000  -30.000010163.8174   14.4452
    0.0000   45.0000  -30.000010606.1914   14.4124
    7.5000   45.0000  -30.000010110.8584   14.3891
   -7.5000  -45.0000  -22.5000 9732.9951   15.6952
    0.0000  -45.0000  -22.500010140.4932   15.6666
    7.5000  -45.0000  -22.5000 9661.6113   15.6451
   -7.5000  -37.5000  -22.500010485.1279   15.5808
    0.0000  -37.5000  -22.500010928.6230   15.5563
    7.5000  -37.5000  -22.500010405.9297   15.5321
   -7.5000  -30.0000  -22.500011624.7734   15.5186
    0.0000  -30.0000  -22.500012100.0293   15.4976
    7.5000  -30.0000  -22.500011560.1270   15.4709
   -7.5000  -22.5000  -22.500012686.9463   15.5022
    0.0000  -22.5000  -22.500013218.6387   15.4807
    7.5000  -22.5000  -22.500012636.9023   15.4533
   -7.5000  -15.0000  -22.500013642.3193   15.4918
    0.0000  -15.0000  -22.500014205.8564   15.4670
    7.5000  -15.0000  -22.500013601.6992   15.4412
   -7.5000   -7.5000  -22.500014562.1992   15.4954
    0.0000   -7.5000  -22.500015159.1738   15.4670
    7.5000   -7.5000  -22.500014504.1699   15.4446
   -7.5000    0.0000  -22.500015300.8750   15.5065
    0.0000    0.0000  -22.500015897.5068   15.4779
    7.5000    0.0000  -22.500015166.6504   15.4564
   -7.5000    7.5000  -22.500014980.4473   15.5155
    0.0000    7.5000  -22.500015502.6504   15.4908
    7.5000    7.5000  -22.500014776.1865   15.4667
   -7.5000   15.0000  -22.500014508.8477   15.5148
    0.0000   15.0000  -22.500015023.1816   15.4937
    7.5000   15.0000  -22.500014276.4316   15.4669
   -7.5000   22.5000  -22.500013575.6602   15.4974
    0.0000   22.5000  -22.500014064.1855   15.4759
    7.5000   22.5000  -22.500013391.9688   15.4485
   -7.5000   30.0000  -22.500012495.9150   15.2892
    0.0000   30.0000  -22.500012960.8857   15.2647
    7.5000   30.0000  -22.500012357.3545   15.2392
   -7.5000   37.5000  -22.500011883.7686   15.2927
    0.0000   37.5000  -22.500012335.9229   15.2647
    7.5000   37.5000  -22.500011752.8242   15.2426
   -7.5000   45.0000  -22.500010845.4209   14.9336
    0.0000   45.0000  -22.500011255.3076   14.9059
    7.5000   45.0000  -22.500010750.4502   14.8853
   -7.5000  -45.0000  -15.000010403.6279   16.0705
    0.0000  -45.0000  -15.000010846.1309   16.0403
    7.5000  -45.0000  -15.000010311.3135   16.0186
   -7.5000  -37.5000  -15.000011191.9551   15.9495
    0.0000  -37.5000  -15.000011655.0352   15.9231
    7.5000  -37.5000  -15.000011084.6777   15.9004
   -7.5000  -30.0000  -15.000012400.5723   15.8781
    0.0000  -30.0000  -15.000012901.7471   15.8558
    7.5000  -30.0000  -15.000012283.9844   15.8305
   -7.5000  -22.5000  -15.000013535.9639   15.8581
    0.0000  -22.5000  -15.000014081.6768   15.8359
    7.5000  -22.5000  -15.000013427.2510   15.8082
   -7.5000  -15.0000  -15.000014565.2852   15.8512
    0.0000  -15.0000  -15.000015195.9453   15.8255
    7.5000  -15.0000  -15.000014500.0879   15.7975
   -7.5000   -7.5000  -15.000015537.7607   15.8619
    0.0000   -7.5000  -15.000016208.1035   15.8325
    7.5000   -7.5000  -15.000015407.3828   15.8080
   -7.5000    0.0000  -15.000016293.3076   15.8776
    0.0000    0.0000  -15.000016943.9375   15.8473
    7.5000    0.0000  -15.000016072.8984   15.8256
   -7.5000    7.5000  -15.000015938.7012   15.8828
    0.0000    7.5000  -15.000016502.2734   15.8561
    7.5000    7.5000  -15.000015651.6553   15.8334
   -7.5000   15.0000  -15.000015412.4287   15.8741
    0.0000   15.0000  -15.000015950.9609   15.8517
    7.5000   15.0000  -15.000015115.5576   15.8264
   -7.5000   22.5000  -15.000014416.9668   15.8525
    0.0000   22.5000  -15.000014904.0059   15.8303
    7.5000   22.5000  -15.000014149.8477   15.8026
   -7.5000   30.0000  -15.000013283.4736   15.6460
    0.0000   30.0000  -15.000013747.8604   15.6207
    7.5000   30.0000  -15.000013077.1084   15.5931
   -7.5000   37.5000  -15.000012625.2979   15.6567
    0.0000   37.5000  -15.000013065.7246   15.6276
    7.5000   37.5000  -15.000012445.4375   15.6034
   -7.5000   45.0000  -15.000011483.8418   15.3001
    0.0000   45.0000  -15.000011879.6250   15.2709
    7.5000   45.0000  -15.000011345.9502   15.2501
   -7.5000  -45.0000   -7.500011105.0674   16.2800
    0.0000  -45.0000   -7.500011562.8477   16.2412
    7.5000  -45.0000   -7.500010979.1318   16.2151
   -7.5000  -37.5000   -7.500011930.8936   16.1520
    0.0000  -37.5000   -7.500012405.4307   16.1173
    7.5000  -37.5000   -7.500011763.8662   16.0943
   -7.5000  -30.0000   -7.500013190.0400   16.0704
    0.0000  -30.0000   -7.500013723.0928   16.0406
    7.5000  -30.0000   -7.500013012.9990   16.0179
   -7.5000  -22.5000   -7.500014421.2090   16.0478
    0.0000  -22.5000   -7.500014998.7373   16.0183
    7.5000  -22.5000   -7.500014268.5898   15.9914
   -7.5000  -15.0000   -7.500015566.9766   16.0459
    0.0000  -15.0000   -7.500016260.4844   16.0126
    7.5000  -15.0000   -7.500015442.4883   15.9815
   -7.5000   -7.5000   -7.500016557.6523   16.0648
    0.0000   -7.5000   -7.500017338.0879   16.0273
    7.5000   -7.5000   -7.500016320.7979   15.9974
   -7.5000    0.0000   -7.500017335.1758   16.0846
    0.0000    0.0000   -7.500017995.2578   16.0460
    7.5000    0.0000   -7.500017008.3477   16.0201
   -7.5000    7.5000   -7.500016953.4375   16.0845
    0.0000    7.5000   -7.500017506.3770   16.0496
    7.5000    7.5000   -7.500016566.3203   16.0267
   -7.5000   15.0000   -7.500016365.9473   16.0665
    0.0000   15.0000   -7.500016881.7363   16.0365
    7.5000   15.0000   -7.500015991.2861   16.0138
   -7.5000   22.5000   -7.500015276.9717   16.0404
    0.0000   22.5000   -7.500015760.1250   16.0109
    7.5000   22.5000   -7.500014944.7666   15.9840
   -7.5000   30.0000   -7.500014077.0127   15.8378
    0.0000   30.0000   -7.500014554.4756   15.8050
    7.5000   30.0000   -7.500013804.8984   15.7743
   -7.5000   37.5000   -7.500013422.3506   15.8565
    0.0000   37.5000   -7.500013871.2969   15.8195
    7.5000   37.5000   -7.500013170.7656   15.7899
   -7.5000   45.0000   -7.500012201.0479   15.5025
    0.0000   45.0000   -7.500012602.8320   15.4653
    7.5000   45.0000   -7.500012009.7354   15.4403
   -7.5000  -45.0000    0.000011721.3125   16.3344
    0.0000  -45.0000    0.000012227.9355   16.2873
    7.5000  -45.0000    0.000011571.2705   16.2566
   -7.5000  -37.5000    0.000012567.9160   16.2049
    0.0000  -37.5000    0.000013069.6621   16.1632
    7.5000  -37.5000    0.000012377.6836   16.1386
   -7.5000  -30.0000    0.000013856.4658   16.1220
    0.0000  -30.0000    0.000014384.3262   16.0858
    7.5000  -30.0000    0.000013663.8623   16.0642
   -7.5000  -22.5000    0.000015177.8271   16.0996
    0.0000  -22.5000    0.000015769.9170   16.0632
    7.5000  -22.5000    0.000015013.7158   16.0370
   -7.5000  -15.0000    0.000016495.0898   16.0989
    0.0000  -15.0000    0.000017269.2422   16.0578
    7.5000  -15.0000    0.000016319.5332   16.0250
   -7.5000   -7.5000    0.000017588.4414   16.1183
    0.0000   -7.5000    0.000018389.4531   16.0725
    7.5000   -7.5000    0.000017234.3516   16.0385
   -7.5000    0.0000    0.000018335.3184   16.1383
    0.0000    0.0000    0.000018973.4785   16.0916
    7.5000    0.0000    0.000017882.1543   16.0613
   -7.5000    7.5000    0.000017886.8789   16.1373
    0.0000    7.5000    0.000018384.7812   16.0955
    7.5000    7.5000    0.000017407.2363   16.0710
   -7.5000   15.0000    0.000017207.6660   16.1181
    0.0000   15.0000    0.000017680.7246   16.0818
    7.5000   15.0000    0.000016742.9824   16.0601
   -7.5000   22.5000    0.000016029.4268   16.0922
    0.0000   22.5000    0.000016510.5234   16.0558
    7.5000   22.5000    0.000015648.9658   16.0296
   -7.5000   30.0000    0.000014820.9668   15.8905
    0.0000   30.0000    0.000015273.3750   15.8500
    7.5000   30.0000    0.000014477.1211   15.8176
   -7.5000   37.5000    0.000014194.6123   15.9097
    0.0000   37.5000    0.000014648.1562   15.8645
    7.5000   37.5000    0.000013875.3564   15.8309
   -7.5000   45.0000    0.000012934.2246   15.5555
    0.0000   45.0000    0.000013361.6904   15.5105
    7.5000   45.0000    0.000012652.5947   15.4813
   -7.5000  -45.0000    7.500011370.2803   16.3349
    0.0000  -45.0000    7.500011894.3281   16.2890
    7.5000  -45.0000    7.500011253.8711   16.2588
   -7.5000  -37.5000    7.500012139.8809   16.2080
    0.0000  -37.5000    7.500012695.4727   16.1684
    7.5000  -37.5000    7.500012002.5879   16.1423
   -7.5000  -30.0000    7.500013347.2061   16.1321
    0.0000  -30.0000    7.500013956.9287   16.0982
    7.5000  -30.0000    7.500013217.1738   16.0748
   -7.5000  -22.5000    7.500014700.5312   16.1130
    0.0000  -22.5000    7.500015379.9160   16.0786
    7.5000  -22.5000    7.500014555.3789   16.0525
   -7.5000  -15.0000    7.500016102.0635   16.1093
    0.0000  -15.0000    7.500017023.8086   16.0700
    7.5000  -15.0000    7.500015875.5879   16.0394
   -7.5000   -7.5000    7.500017295.9727   16.1226
    0.0000   -7.5000    7.500018208.9434   16.0780
    7.5000   -7.5000    7.500016923.4180   16.0462
   -7.5000    0.0000    7.500018086.2324   16.1386
    0.0000    0.0000    7.500018764.7129   16.0931
    7.5000    0.0000    7.500017638.5996   16.0631
   -7.5000    7.5000    7.500017580.0293   16.1404
    0.0000    7.5000    7.500018099.6738   16.1007
    7.5000    7.5000    7.500017098.9336   16.0747
   -7.5000   15.0000    7.500016872.8184   16.1281
    0.0000   15.0000    7.500017362.2773   16.0942
    7.5000   15.0000    7.500016354.7041   16.0708
   -7.5000   22.5000    7.500015703.4199   16.1056
    0.0000   22.5000    7.500016228.3428   16.0712
    7.5000   22.5000    7.500015229.5146   16.0451
   -7.5000   30.0000    7.500014494.4580   15.9009
    0.0000   30.0000    7.500015008.4131   15.8621
    7.5000   30.0000    7.500014060.6211   15.8318
   -7.5000   37.5000    7.500013855.7373   15.9139
    0.0000   37.5000    7.500014380.4902   15.8699
    7.5000   37.5000    7.500013462.1738   15.8385
   -7.5000   45.0000    7.500012611.5107   15.5557
    0.0000   45.0000    7.500013122.7129   15.5119
    7.5000   45.0000    7.500012282.2588   15.4830
   -7.5000  -45.0000   15.000010869.6758   16.3154
    0.0000  -45.0000   15.000011385.0420   16.2787
    7.5000  -45.0000   15.000010806.5732   16.2525
   -7.5000  -37.5000   15.000011576.4023   16.1935
    0.0000  -37.5000   15.000012106.5527   16.1622
    7.5000  -37.5000   15.000011526.6025   16.1357
   -7.5000  -30.0000   15.000012724.0420   16.1266
    0.0000  -30.0000   15.000013312.7129   16.0999
    7.5000  -30.0000   15.000012703.2861   16.0732
   -7.5000  -22.5000   15.000013975.2598   16.1104
    0.0000  -22.5000   15.000014664.0566   16.0832
    7.5000  -22.5000   15.000013932.7979   16.0558
   -7.5000  -15.0000   15.000015201.3398   16.1020
    0.0000  -15.0000   15.000016129.8477   16.0706
    7.5000  -15.0000   15.000015141.9336   16.0432
   -7.5000   -7.5000   15.000016423.2324   16.1075
    0.0000   -7.5000   15.000017434.4434   16.0715
    7.5000   -7.5000   15.000016223.2012   16.0453
   -7.5000    0.0000   15.000017382.0156   16.1191
    0.0000    0.0000   15.000018391.0254   16.0825
    7.5000    0.0000   15.000017026.9473   16.0565
   -7.5000    7.5000   15.000016954.8105   16.1258
    0.0000    7.5000   15.000017827.2930   16.0944
    7.5000    7.5000   15.000016491.8887   16.0679
   -7.5000   15.0000   15.000016167.8809   16.1226
    0.0000   15.0000   15.000016918.0449   16.0958
    7.5000   15.0000   15.000015654.6670   16.0691
   -7.5000   22.5000   15.000014994.4688   16.1030
    0.0000   22.5000   15.000015644.6738   16.0757
    7.5000   22.5000   15.000014533.6543   16.0484
   -7.5000   30.0000   15.000013851.6113   15.8936
    0.0000   30.0000   15.000014407.9629   15.8627
    7.5000   30.0000   15.000013459.0430   15.8356
   -7.5000   37.5000   15.000013264.7168   15.8991
    0.0000   37.5000   15.000013777.4971   15.8635
    7.5000   37.5000   15.000012914.8926   15.8377
   -7.5000   45.0000   15.000012087.8711   15.5369
    0.0000   45.0000   15.000012553.8945   15.5017
    7.5000   45.0000   15.000011801.2568   15.4766
   -7.5000  -45.0000   22.500010254.7695   16.3369
    0.0000  -45.0000   22.500010756.4551   16.3068
    7.5000  -45.0000   22.500010204.0869   16.2843
   -7.5000  -37.5000   22.500010947.7607   16.2175
    0.0000  -37.5000   22.500011505.8604   16.1917
    7.5000  -37.5000   22.500010889.6953   16.1664
   -7.5000  -30.0000   22.500012080.9463   16.1525
    0.0000  -30.0000   22.500012721.5811   16.1303
    7.5000  -30.0000   22.500012006.0527   16.1024
   -7.5000  -22.5000   22.500013256.8184   16.1352
    0.0000  -22.5000   22.500013986.8389   16.1126
    7.5000  -22.5000   22.500013140.5215   16.0839
   -7.5000  -15.0000   22.500014349.1172   16.1244
    0.0000  -15.0000   22.500015135.0234   16.0983
    7.5000  -15.0000   22.500014232.9795   16.0713
   -7.5000   -7.5000   22.500015428.1699   16.1282
    0.0000   -7.5000   22.500016206.6016   16.0984
    7.5000   -7.5000   22.500015239.4023   16.0749
   -7.5000    0.0000   22.500016341.3467   16.1400
    0.0000    0.0000   22.500017159.2578   16.1098
    7.5000    0.0000   22.500016099.7373   16.0874
   -7.5000    7.5000   22.500015999.7646   16.1494
    0.0000    7.5000   22.500016735.8770   16.1234
    7.5000    7.5000   22.500015672.2715   16.0981
   -7.5000   15.0000   22.500015239.1670   16.1485
    0.0000   15.0000   22.500015915.4229   16.1262
    7.5000   15.0000   22.500014877.0469   16.0983
   -7.5000   22.5000   22.500014129.9609   16.1278
    0.0000   22.5000   22.500014724.2646   16.1052
    7.5000   22.5000   22.500013807.8232   16.0765
   -7.5000   30.0000   22.500013069.1416   15.9157
    0.0000   30.0000   22.500013599.2959   15.8899
    7.5000   30.0000   22.500012767.5908   15.8633
   -7.5000   37.5000   22.500012493.8281   15.9195
    0.0000   37.5000   22.500013000.7051   15.8900
    7.5000   37.5000   22.500012236.9561   15.8669
   -7.5000   45.0000   22.500011380.8350   15.5571
    0.0000   45.0000   22.500011844.0293   15.5280
    7.5000   45.0000   22.500011181.6016   15.5064
   -7.5000  -45.0000   30.0000 9587.6689   16.4530
    0.0000  -45.0000   30.0000 9998.0732   16.4216
    7.5000  -45.0000   30.0000 9476.6943   16.3991
   -7.5000  -37.5000   30.000010264.0781   16.3282
    0.0000  -37.5000   30.000010686.0312   16.3007
    7.5000  -37.5000   30.000010144.4111   16.2772
   -7.5000  -30.0000   30.000011310.4531   16.2542
    0.0000  -30.0000   30.000011795.3584   16.2310
    7.5000  -30.0000   30.000011197.4727   16.2048
   -7.5000  -22.5000   30.000012327.6777   16.2334
    0.0000  -22.5000   30.000012852.9053   16.2103
    7.5000  -22.5000   30.000012228.6230   16.1816
   -7.5000  -15.0000   30.000013235.5967   16.2262
    0.0000  -15.0000   30.000013790.0557   16.1995
    7.5000  -15.0000   30.000013170.3096   16.1707
   -7.5000   -7.5000   30.000014143.2324   16.2375
    0.0000   -7.5000   30.000014718.9053   16.2069
    7.5000   -7.5000   30.000014073.8936   16.1817
   -7.5000    0.0000   30.000014963.4873   16.2538
    0.0000    0.0000   30.000015593.8887   16.2224
    7.5000    0.0000   30.000014861.0967   16.2000
   -7.5000    7.5000   30.000014675.5605   16.2592
    0.0000    7.5000   30.000015272.6504   16.2314
    7.5000    7.5000   30.000014518.5742   16.2080
   -7.5000   15.0000   30.000014027.2695   16.2501
    0.0000   15.0000   30.000014573.6113   16.2268
    7.5000   15.0000   30.000013850.7168   16.2006
   -7.5000   22.5000   30.000013095.8740   16.2259
    0.0000   22.5000   30.000013581.1719   16.2029
    7.5000   22.5000   30.000012892.5332   16.1742
   -7.5000   30.0000   30.000012134.9922   16.0162
    0.0000   30.0000   30.000012574.4316   15.9899
    7.5000   30.0000   30.000011926.7031   15.9614
   -7.5000   37.5000   30.000011580.1797   16.0274
    0.0000   37.5000   30.000012014.6123   15.9972
    7.5000   37.5000   30.000011404.4688   15.9722
   -7.5000   45.0000   30.000010513.3906   15.6668
    0.0000   45.0000   30.000010926.2822   15.6365
    7.5000   45.0000   30.000010405.2910   15.6149
   -7.5000  -45.0000   37.5000 9245.3682   16.7313
    0.0000  -45.0000   37.5000 9613.6201   16.6900
    7.5000  -45.0000   37.5000 9182.3643   16.6625
   -7.5000  -37.5000   37.5000 9870.9795   16.5998
    0.0000  -37.5000   37.500010269.6045   16.5629
    7.5000  -37.5000   37.5000 9797.8877   16.5387
   -7.5000  -30.0000   37.500010845.7832   16.5157
    0.0000  -30.0000   37.500011306.1836   16.4841
    7.5000  -30.0000   37.500010814.9531   16.4600
   -7.5000  -22.5000   37.500011796.0488   16.4918
    0.0000  -22.5000   37.500012291.7666   16.4606
    7.5000  -22.5000   37.500011793.1621   16.4322
   -7.5000  -15.0000   37.500012658.9473   16.4897
    0.0000  -15.0000   37.500013183.0586   16.4545
    7.5000  -15.0000   37.500012669.5918   16.4219
   -7.5000   -7.5000   37.500013500.1494   16.5098
    0.0000   -7.5000   37.500014048.7607   16.4701
    7.5000   -7.5000   37.500013516.5664   16.4388
   -7.5000    0.0000   37.500014273.8564   16.5310
    0.0000    0.0000   37.500014857.2832   16.4901
    7.5000    0.0000   37.500014233.3643   16.4628
   -7.5000    7.5000   37.500014017.4717   16.5310
    0.0000    7.5000   37.500014558.3076   16.4940
    7.5000    7.5000   37.500013912.6738   16.4698
   -7.5000   15.0000   37.500013432.7725   16.5118
    0.0000   15.0000   37.500013923.9238   16.4801
    7.5000   15.0000   37.500013290.3477   16.4560
   -7.5000   22.5000   37.500012553.7959   16.4842
    0.0000   22.5000   37.500013021.0840   16.4530
    7.5000   22.5000   37.500012419.3887   16.4247
   -7.5000   30.0000   37.500011667.5205   16.2763
    0.0000   30.0000   37.500012070.1016   16.2416
    7.5000   30.0000   37.500011515.7949   16.2094
   -7.5000   37.5000   37.500011136.8203   16.2961
    0.0000   37.5000   37.500011536.4619   16.2570
    7.5000   37.5000   37.500011007.1113   16.2261
   -7.5000   45.0000   37.500010103.3477   15.9340
    0.0000   45.0000   37.500010499.8477   15.8946
    7.5000   45.0000   37.500010021.0352   15.8683
   -7.5000  -45.0000   45.0000 8506.7090   17.0064
    0.0000  -45.0000   45.0000 8864.9482   16.9556
    7.5000  -45.0000   45.0000 8444.7539   16.9228
   -7.5000  -37.5000   45.0000 9073.1123   16.8738
    0.0000  -37.5000   45.0000 9446.6797   16.8290
    7.5000  -37.5000   45.0000 9024.1875   16.8032
   -7.5000  -30.0000   45.0000 9947.7500   16.7888
    0.0000  -30.0000   45.000010371.1074   16.7503
    7.5000  -30.0000   45.0000 9935.0039   16.7277
   -7.5000  -22.5000   45.000010801.8691   16.7661
    0.0000  -22.5000   45.000011263.9199   16.7272
    7.5000  -22.5000   45.000010814.9492   16.6994
   -7.5000  -15.0000   45.000011574.8633   16.7660
    0.0000  -15.0000   45.000012070.5010   16.7221
    7.5000  -15.0000   45.000011617.3633   16.6868
   -7.5000   -7.5000   45.000012325.6504   16.7867
    0.0000   -7.5000   45.000012846.4326   16.7376
    7.5000   -7.5000   45.000012370.4551   16.7010
   -7.5000    0.0000   45.000013053.1982   16.8075
    0.0000    0.0000   45.000013590.8369   16.7573
    7.5000    0.0000   45.000013058.9521   16.7250
   -7.5000    7.5000   45.000012803.9521   16.8057
    0.0000    7.5000   45.000013294.2031   16.7609
    7.5000    7.5000   45.000012751.9609   16.7352
   -7.5000   15.0000   45.000012265.2471   16.7850
    0.0000   15.0000   45.000012707.5000   16.7464
    7.5000   15.0000   45.000012164.5840   16.7238
   -7.5000   22.5000   45.000011467.9785   16.7583
    0.0000   22.5000   45.000011885.8223   16.7195
    7.5000   22.5000   45.000011357.6982   16.6917
   -7.5000   30.0000   45.000010669.5215   16.5475
    0.0000   30.0000   45.000011046.9932   16.5043
    7.5000   30.0000   45.000010548.6201   16.4694
   -7.5000   37.5000   45.000010197.4385   16.5680
    0.0000   37.5000   45.000010569.5225   16.5196
    7.5000   37.5000   45.000010086.2939   16.4834
   -7.5000   45.0000   45.0000 9282.2578   16.2078
    0.0000   45.0000   45.0000 9643.1445   16.1595
    7.5000   45.0000   45.0000 9220.8916   16.1282

---------------------------------------------------------------------
imgreg_4dfp /opt/freesurfer/average/711-2C_as_mni_average_305 /opt/freesurfer/average/711-2B_as_mni_average_305_mask talsrcimg_g11 none talsrcimg_to_711-2C_as_mni_average_305_t4 4355
---------------------------------------------------------------------

freesurfer imgreg_4dfp.c
/opt/freesurfer/average/711-2C_as_mni_average_305.4dfp.img
       256       256       256         1
  1.000000  1.000000  1.000000
orientation T byte_order littleendian
Reading image: /opt/freesurfer/average/711-2C_as_mni_average_305.4dfp.img
dimensions:      256       256       256
mmppix:       1.0000   -1.0000   -1.0000
center:     128.0000 -129.0000 -129.0000
/opt/freesurfer/average/711-2B_as_mni_average_305_mask.4dfp.img
       256       256       256         1
  1.000000  1.000000  1.000000
orientation T byte_order littleendian
Reading mask: /opt/freesurfer/average/711-2B_as_mni_average_305_mask.4dfp.img (2306576 pixels)
talsrcimg_g11.4dfp.img
       256       256       256         1
  1.000000  1.000000  1.000000
orientation T byte_order littleendian
Reading image: talsrcimg_g11.4dfp.img
dimensions:      256       256       256
mmppix:       1.0000   -1.0000   -1.0000
center:     128.0000 -129.0000 -129.0000
rotation matrix determinant  1.000000
image alignment mode   4355 decimal     1103 hex
   -7.5000  -45.0000  -45.0000 2107.0803   20.0686
    0.0000  -45.0000  -45.0000 2123.9739   19.9286
    7.5000  -45.0000  -45.0000 2119.4019   19.9465
   -7.5000  -37.5000  -45.0000 2214.1350   18.4300
    0.0000  -37.5000  -45.0000 2222.2771   18.3390
    7.5000  -37.5000  -45.0000 2220.6709   18.3755
   -7.5000  -30.0000  -45.0000 2294.6985   17.1958
    0.0000  -30.0000  -45.0000 2301.5486   17.1602
    7.5000  -30.0000  -45.0000 2296.2104   17.2008
   -7.5000  -22.5000  -45.0000 2342.7847   16.2526
    0.0000  -22.5000  -45.0000 2349.1550   16.2051
    7.5000  -22.5000  -45.0000 2342.4846   16.2521
   -7.5000  -15.0000  -45.0000 2362.5466   15.5681
    0.0000  -15.0000  -45.0000 2370.2844   15.5130
    7.5000  -15.0000  -45.0000 2364.8755   15.5736
   -7.5000   -7.5000  -45.0000 2372.0156   15.2503
    0.0000   -7.5000  -45.0000 2375.8435   15.1758
    7.5000   -7.5000  -45.0000 2372.9458   15.2489
   -7.5000    0.0000  -45.0000 2364.1582   15.2278
    0.0000    0.0000  -45.0000 2373.9707   15.1486
    7.5000    0.0000  -45.0000 2371.9055   15.1951
   -7.5000    7.5000  -45.0000 2355.0359   15.4006
    0.0000    7.5000  -45.0000 2371.5945   15.2938
    7.5000    7.5000  -45.0000 2367.0049   15.3400
   -7.5000   15.0000  -45.0000 2341.0371   15.9048
    0.0000   15.0000  -45.0000 2353.6399   15.7544
    7.5000   15.0000  -45.0000 2351.4780   15.7977
   -7.5000   22.5000  -45.0000 2310.4722   16.6349
    0.0000   22.5000  -45.0000 2321.5811   16.4834
    7.5000   22.5000  -45.0000 2319.4199   16.5075
   -7.5000   30.0000  -45.0000 2252.5210   17.6737
    0.0000   30.0000  -45.0000 2263.5295   17.5212
    7.5000   30.0000  -45.0000 2265.5408   17.5663
   -7.5000   37.5000  -45.0000 2180.6633   19.0767
    0.0000   37.5000  -45.0000 2190.5793   18.9076
    7.5000   37.5000  -45.0000 2184.6667   18.9997
   -7.5000   45.0000  -45.0000 2082.7937   20.9783
    0.0000   45.0000  -45.0000 2090.9785   20.7366
    7.5000   45.0000  -45.0000 2086.1653   20.8495
   -7.5000  -45.0000  -37.5000 2184.1033   18.7693
    0.0000  -45.0000  -37.5000 2205.0403   18.6291
    7.5000  -45.0000  -37.5000 2201.5339   18.5890
   -7.5000  -37.5000  -37.5000 2299.2810   17.1805
    0.0000  -37.5000  -37.5000 2312.4380   17.0785
    7.5000  -37.5000  -37.5000 2304.4919   17.0941
   -7.5000  -30.0000  -37.5000 2384.7419   15.9749
    0.0000  -30.0000  -37.5000 2391.2593   15.9239
    7.5000  -30.0000  -37.5000 2381.0823   15.9713
   -7.5000  -22.5000  -37.5000 2435.5466   15.0713
    0.0000  -22.5000  -37.5000 2444.5159   14.9718
    7.5000  -22.5000  -37.5000 2432.0676   15.0694
   -7.5000  -15.0000  -37.5000 2462.8420   14.4871
    0.0000  -15.0000  -37.5000 2471.6177   14.3456
    7.5000  -15.0000  -37.5000 2461.6333   14.4466
   -7.5000   -7.5000  -37.5000 2473.6025   14.1163
    0.0000   -7.5000  -37.5000 2481.3169   14.0373
    7.5000   -7.5000  -37.5000 2472.7634   14.1281
   -7.5000    0.0000  -37.5000 2472.5811   14.0527
    0.0000    0.0000  -37.5000 2479.0085   13.9868
    7.5000    0.0000  -37.5000 2474.2454   14.0423
   -7.5000    7.5000  -37.5000 2460.8164   14.2376
    0.0000    7.5000  -37.5000 2476.3975   14.0920
    7.5000    7.5000  -37.5000 2471.0303   14.1820
   -7.5000   15.0000  -37.5000 2444.7935   14.6984
    0.0000   15.0000  -37.5000 2460.0701   14.5295
    7.5000   15.0000  -37.5000 2455.2029   14.6198
   -7.5000   22.5000  -37.5000 2411.5354   15.4089
    0.0000   22.5000  -37.5000 2424.8162   15.2218
    7.5000   22.5000  -37.5000 2420.8533   15.2911
   -7.5000   30.0000  -37.5000 2350.6707   16.3970
    0.0000   30.0000  -37.5000 2367.3108   16.2237
    7.5000   30.0000  -37.5000 2362.8318   16.3124
   -7.5000   37.5000  -37.5000 2270.6938   17.6982
    0.0000   37.5000  -37.5000 2285.5674   17.5570
    7.5000   37.5000  -37.5000 2278.1929   17.6581
   -7.5000   45.0000  -37.5000 2169.9246   19.5053
    0.0000   45.0000  -37.5000 2185.1448   19.3373
    7.5000   45.0000  -37.5000 2172.8906   19.4313
   -7.5000  -45.0000  -30.0000 2300.7759   18.1934
    0.0000  -45.0000  -30.0000 2320.3064   18.0238
    7.5000  -45.0000  -30.0000 2311.1860   18.0002
   -7.5000  -37.5000  -30.0000 2421.9646   16.6175
    0.0000  -37.5000  -30.0000 2432.1448   16.5304
    7.5000  -37.5000  -30.0000 2419.3223   16.5001
   -7.5000  -30.0000  -30.0000 2505.3027   15.3805
    0.0000  -30.0000  -30.0000 2517.1057   15.3046
    7.5000  -30.0000  -30.0000 2501.4629   15.3385
   -7.5000  -22.5000  -30.0000 2560.0574   14.4790
    0.0000  -22.5000  -30.0000 2574.0815   14.3634
    7.5000  -22.5000  -30.0000 2563.1746   14.4634
   -7.5000  -15.0000  -30.0000 2595.7349   13.8777
    0.0000  -15.0000  -30.0000 2608.1123   13.7483
    7.5000  -15.0000  -30.0000 2601.4880   13.8812
   -7.5000   -7.5000  -30.0000 2613.2498   13.5220
    0.0000   -7.5000  -30.0000 2622.9478   13.4081
    7.5000   -7.5000  -30.0000 2622.2676   13.5515
   -7.5000    0.0000  -30.0000 2619.1353   13.4419
    0.0000    0.0000  -30.0000 2628.9680   13.3085
    7.5000    0.0000  -30.0000 2624.6604   13.4316
   -7.5000    7.5000  -30.0000 2615.1448   13.6236
    0.0000    7.5000  -30.0000 2626.3679   13.4565
    7.5000    7.5000  -30.0000 2620.6045   13.5658
   -7.5000   15.0000  -30.0000 2593.2722   14.0984
    0.0000   15.0000  -30.0000 2608.0081   13.8916
    7.5000   15.0000  -30.0000 2600.1855   14.0087
   -7.5000   22.5000  -30.0000 2552.8037   14.7899
    0.0000   22.5000  -30.0000 2570.6650   14.5982
    7.5000   22.5000  -30.0000 2562.5857   14.7027
   -7.5000   30.0000  -30.0000 2484.4790   15.7259
    0.0000   30.0000  -30.0000 2504.3713   15.5906
    7.5000   30.0000  -30.0000 2494.1121   15.6827
   -7.5000   37.5000  -30.0000 2400.1570   16.9912
    0.0000   37.5000  -30.0000 2421.0125   16.8665
    7.5000   37.5000  -30.0000 2407.2974   16.9803
   -7.5000   45.0000  -30.0000 2281.5229   18.6816
    0.0000   45.0000  -30.0000 2307.0850   18.5432
    7.5000   45.0000  -30.0000 2290.6755   18.6661
   -7.5000  -45.0000  -22.5000 2388.1011   17.4307
    0.0000  -45.0000  -22.5000 2404.1541   17.2093
    7.5000  -45.0000  -22.5000 2389.7485   17.2738
   -7.5000  -37.5000  -22.5000 2508.6572   15.8817
    0.0000  -37.5000  -22.5000 2519.8201   15.7350
    7.5000  -37.5000  -22.5000 2505.1699   15.7484
   -7.5000  -30.0000  -22.5000 2592.8184   14.7064
    0.0000  -30.0000  -22.5000 2605.8740   14.5858
    7.5000  -30.0000  -22.5000 2595.8408   14.6141
   -7.5000  -22.5000  -22.5000 2654.1372   13.8079
    0.0000  -22.5000  -22.5000 2673.7456   13.6719
    7.5000  -22.5000  -22.5000 2663.6985   13.7556
   -7.5000  -15.0000  -22.5000 2701.3430   13.1785
    0.0000  -15.0000  -22.5000 2714.8186   13.0325
    7.5000  -15.0000  -22.5000 2710.3826   13.1643
   -7.5000   -7.5000  -22.5000 2731.4221   12.8188
    0.0000   -7.5000  -22.5000 2744.8057   12.7071
    7.5000   -7.5000  -22.5000 2739.3423   12.8307
   -7.5000    0.0000  -22.5000 2741.5947   12.7182
    0.0000    0.0000  -22.5000 2752.9102   12.5843
    7.5000    0.0000  -22.5000 2744.4778   12.7139
   -7.5000    7.5000  -22.5000 2742.8367   12.8967
    0.0000    7.5000  -22.5000 2753.5806   12.7372
    7.5000    7.5000  -22.5000 2742.4583   12.8536
   -7.5000   15.0000  -22.5000 2714.4644   13.3610
    0.0000   15.0000  -22.5000 2734.5759   13.1902
    7.5000   15.0000  -22.5000 2720.1353   13.3035
   -7.5000   22.5000  -22.5000 2664.3767   14.0629
    0.0000   22.5000  -22.5000 2687.4844   13.8837
    7.5000   22.5000  -22.5000 2673.3464   14.0127
   -7.5000   30.0000  -22.5000 2587.6646   14.9787
    0.0000   30.0000  -22.5000 2610.3533   14.8236
    7.5000   30.0000  -22.5000 2600.2312   14.9520
   -7.5000   37.5000  -22.5000 2498.4299   16.2270
    0.0000   37.5000  -22.5000 2524.3091   16.0847
    7.5000   37.5000  -22.5000 2507.2297   16.2297
   -7.5000   45.0000  -22.5000 2383.9492   17.8460
    0.0000   45.0000  -22.5000 2405.1399   17.7004
    7.5000   45.0000  -22.5000 2388.9014   17.8682
   -7.5000  -45.0000  -15.0000 2436.5410   16.7787
    0.0000  -45.0000  -15.0000 2450.4180   16.5290
    7.5000  -45.0000  -15.0000 2437.7747   16.5950
   -7.5000  -37.5000  -15.0000 2551.8926   15.2333
    0.0000  -37.5000  -15.0000 2567.5862   15.0294
    7.5000  -37.5000  -15.0000 2557.4175   15.0939
   -7.5000  -30.0000  -15.0000 2645.9556   14.0359
    0.0000  -30.0000  -15.0000 2660.2483   13.8646
    7.5000  -30.0000  -15.0000 2652.8633   13.9383
   -7.5000  -22.5000  -15.0000 2717.3547   13.1477
    0.0000  -22.5000  -15.0000 2733.7097   12.9948
    7.5000  -22.5000  -15.0000 2729.6372   13.0785
   -7.5000  -15.0000  -15.0000 2775.8982   12.5494
    0.0000  -15.0000  -15.0000 2793.5559   12.4440
    7.5000  -15.0000  -15.0000 2789.3833   12.5361
   -7.5000   -7.5000  -15.0000 2813.2571   12.1902
    0.0000   -7.5000  -15.0000 2829.5747   12.0827
    7.5000   -7.5000  -15.0000 2825.9385   12.1933
   -7.5000    0.0000  -15.0000 2828.8799   12.0476
    0.0000    0.0000  -15.0000 2843.1917   11.9214
    7.5000    0.0000  -15.0000 2835.0569   12.0466
   -7.5000    7.5000  -15.0000 2829.5051   12.2325
    0.0000    7.5000  -15.0000 2844.8721   12.0751
    7.5000    7.5000  -15.0000 2833.4604   12.2112
   -7.5000   15.0000  -15.0000 2801.5271   12.7088
    0.0000   15.0000  -15.0000 2822.7671   12.5283
    7.5000   15.0000  -15.0000 2810.2310   12.6791
   -7.5000   22.5000  -15.0000 2744.3755   13.3923
    0.0000   22.5000  -15.0000 2760.7317   13.2257
    7.5000   22.5000  -15.0000 2752.1675   13.3515
   -7.5000   30.0000  -15.0000 2660.3784   14.3210
    0.0000   30.0000  -15.0000 2677.0864   14.1468
    7.5000   30.0000  -15.0000 2670.2888   14.2800
   -7.5000   37.5000  -15.0000 2561.6868   15.5533
    0.0000   37.5000  -15.0000 2580.8921   15.3916
    7.5000   37.5000  -15.0000 2568.4697   15.5400
   -7.5000   45.0000  -15.0000 2439.6392   17.1462
    0.0000   45.0000  -15.0000 2456.2874   16.9864
    7.5000   45.0000  -15.0000 2440.9912   17.1408
   -7.5000  -45.0000   -7.5000 2464.4285   16.2310
    0.0000  -45.0000   -7.5000 2478.3916   15.9899
    7.5000  -45.0000   -7.5000 2470.8552   16.0917
   -7.5000  -37.5000   -7.5000 2582.4119   14.6812
    0.0000  -37.5000   -7.5000 2595.4651   14.4908
    7.5000  -37.5000   -7.5000 2586.5369   14.6009
   -7.5000  -30.0000   -7.5000 2681.0352   13.4705
    0.0000  -30.0000   -7.5000 2696.2126   13.3267
    7.5000  -30.0000   -7.5000 2687.3337   13.4425
   -7.5000  -22.5000   -7.5000 2766.7600   12.5786
    0.0000  -22.5000   -7.5000 2785.6636   12.4668
    7.5000  -22.5000   -7.5000 2780.1860   12.5550
   -7.5000  -15.0000   -7.5000 2833.4558   12.0381
    0.0000  -15.0000   -7.5000 2853.9626   11.9238
    7.5000  -15.0000   -7.5000 2849.4741   12.0263
   -7.5000   -7.5000   -7.5000 2876.8752   11.7076
    0.0000   -7.5000   -7.5000 2897.2866   11.6011
    7.5000   -7.5000   -7.5000 2886.8489   11.6902
   -7.5000    0.0000   -7.5000 2897.9531   11.5232
    0.0000    0.0000   -7.5000 2912.9260   11.4017
    7.5000    0.0000   -7.5000 2904.8691   11.5178
   -7.5000    7.5000   -7.5000 2898.2188   11.7109
    0.0000    7.5000   -7.5000 2912.5088   11.5269
    7.5000    7.5000   -7.5000 2901.1367   11.7037
   -7.5000   15.0000   -7.5000 2863.3743   12.1918
    0.0000   15.0000   -7.5000 2880.6423   11.9770
    7.5000   15.0000   -7.5000 2871.5667   12.1525
   -7.5000   22.5000   -7.5000 2798.2739   12.8799
    0.0000   22.5000   -7.5000 2811.7407   12.6658
    7.5000   22.5000   -7.5000 2805.7949   12.8340
   -7.5000   30.0000   -7.5000 2703.5498   13.8410
    0.0000   30.0000   -7.5000 2720.9526   13.6369
    7.5000   30.0000   -7.5000 2716.1001   13.7949
   -7.5000   37.5000   -7.5000 2604.2009   15.0811
    0.0000   37.5000   -7.5000 2615.3767   14.8977
    7.5000   37.5000   -7.5000 2605.4998   15.0675
   -7.5000   45.0000   -7.5000 2476.7415   16.6276
    0.0000   45.0000   -7.5000 2487.2737   16.4215
    7.5000   45.0000   -7.5000 2475.8623   16.6193
   -7.5000  -45.0000    0.0000 2479.8352   15.8955
    0.0000  -45.0000    0.0000 2498.1670   15.7423
    7.5000  -45.0000    0.0000 2489.3928   15.8824
   -7.5000  -37.5000    0.0000 2597.8862   14.3440
    0.0000  -37.5000    0.0000 2615.1492   14.2040
    7.5000  -37.5000    0.0000 2603.4343   14.3758
   -7.5000  -30.0000    0.0000 2703.6997   13.1358
    0.0000  -30.0000    0.0000 2716.3015   13.0113
    7.5000  -30.0000    0.0000 2707.2441   13.1998
   -7.5000  -22.5000    0.0000 2800.1135   12.2669
    0.0000  -22.5000    0.0000 2811.8640   12.1528
    7.5000  -22.5000    0.0000 2804.7822   12.3127
   -7.5000  -15.0000    0.0000 2877.9631   11.7527
    0.0000  -15.0000    0.0000 2895.7144   11.6436
    7.5000  -15.0000    0.0000 2890.8445   11.7662
   -7.5000   -7.5000    0.0000 2935.6179   11.4245
    0.0000   -7.5000    0.0000 2956.0781   11.3265
    7.5000   -7.5000    0.0000 2941.0005   11.4113
   -7.5000    0.0000    0.0000 2952.3064   11.2298
    0.0000    0.0000    0.0000 2970.0784   11.0643
    7.5000    0.0000    0.0000 2949.3599   11.2534
   -7.5000    7.5000    0.0000 2944.7124   11.4042
    0.0000    7.5000    0.0000 2956.3215   11.1853
    7.5000    7.5000    0.0000 2939.4329   11.4436
   -7.5000   15.0000    0.0000 2904.5598   11.8623
    0.0000   15.0000    0.0000 2915.2144   11.6284
    7.5000   15.0000    0.0000 2905.7795   11.8577
   -7.5000   22.5000    0.0000 2831.3101   12.5967
    0.0000   22.5000    0.0000 2844.8784   12.3568
    7.5000   22.5000    0.0000 2841.7979   12.5849
   -7.5000   30.0000    0.0000 2737.1006   13.5884
    0.0000   30.0000    0.0000 2747.8943   13.3560
    7.5000   30.0000    0.0000 2745.2102   13.5882
   -7.5000   37.5000    0.0000 2631.0598   14.8555
    0.0000   37.5000    0.0000 2639.2390   14.6065
    7.5000   37.5000    0.0000 2632.5713   14.8441
   -7.5000   45.0000    0.0000 2501.4573   16.3627
    0.0000   45.0000    0.0000 2510.4995   16.1175
    7.5000   45.0000    0.0000 2501.2185   16.3465
   -7.5000  -45.0000    7.5000 2480.2842   15.6759
    0.0000  -45.0000    7.5000 2503.2468   15.5784
    7.5000  -45.0000    7.5000 2498.5957   15.8426
   -7.5000  -37.5000    7.5000 2596.8057   14.1106
    0.0000  -37.5000    7.5000 2616.9119   14.0393
    7.5000  -37.5000    7.5000 2607.7434   14.2675
   -7.5000  -30.0000    7.5000 2700.8259   12.9179
    0.0000  -30.0000    7.5000 2721.4294   12.8743
    7.5000  -30.0000    7.5000 2709.4368   13.0695
   -7.5000  -22.5000    7.5000 2807.9502   12.1043
    0.0000  -22.5000    7.5000 2827.9436   12.0560
    7.5000  -22.5000    7.5000 2814.8350   12.2030
   -7.5000  -15.0000    7.5000 2898.6716   11.6064
    0.0000  -15.0000    7.5000 2925.1890   11.5782
    7.5000  -15.0000    7.5000 2910.5532   11.6684
   -7.5000   -7.5000    7.5000 2974.3081   11.3418
    0.0000   -7.5000    7.5000 3005.7717   11.3395
    7.5000   -7.5000    7.5000 2974.8042   11.3760
   -7.5000    0.0000    7.5000 2998.7236   11.1469
    0.0000    0.0000    7.5000 3025.8179   11.0734
    7.5000    0.0000    7.5000 2987.4453   11.2234
   -7.5000    7.5000    7.5000 2977.2576   11.2960
    0.0000    7.5000    7.5000 2996.6421   11.1488
    7.5000    7.5000    7.5000 2968.6594   11.3955
   -7.5000   15.0000    7.5000 2921.0281   11.7804
    0.0000   15.0000    7.5000 2939.7566   11.6284
    7.5000   15.0000    7.5000 2920.0830   11.8034
   -7.5000   22.5000    7.5000 2843.1426   12.4937
    0.0000   22.5000    7.5000 2863.1782   12.3620
    7.5000   22.5000    7.5000 2845.9558   12.4874
   -7.5000   30.0000    7.5000 2741.4324   13.4552
    0.0000   30.0000    7.5000 2760.8032   13.3285
    7.5000   30.0000    7.5000 2746.0020   13.4203
   -7.5000   37.5000    7.5000 2633.1570   14.6725
    0.0000   37.5000    7.5000 2649.7988   14.5537
    7.5000   37.5000    7.5000 2632.4670   14.6283
   -7.5000   45.0000    7.5000 2506.6184   16.1951
    0.0000   45.0000    7.5000 2529.4026   16.0698
    7.5000   45.0000    7.5000 2505.7705   16.1542
   -7.5000  -45.0000   15.0000 2471.4319   15.6871
    0.0000  -45.0000   15.0000 2498.8218   15.6795
    7.5000  -45.0000   15.0000 2493.0984   16.0084
   -7.5000  -37.5000   15.0000 2586.8025   14.1122
    0.0000  -37.5000   15.0000 2610.1912   14.0725
    7.5000  -37.5000   15.0000 2603.7820   14.4010
   -7.5000  -30.0000   15.0000 2693.7837   12.9155
    0.0000  -30.0000   15.0000 2713.7258   12.8845
    7.5000  -30.0000   15.0000 2712.1228   13.1747
   -7.5000  -22.5000   15.0000 2808.1235   12.0981
    0.0000  -22.5000   15.0000 2828.6511   12.0796
    7.5000  -22.5000   15.0000 2824.4424   12.3060
   -7.5000  -15.0000   15.0000 2899.6382   11.6335
    0.0000  -15.0000   15.0000 2934.4141   11.6547
    7.5000  -15.0000   15.0000 2915.9688   11.7481
   -7.5000   -7.5000   15.0000 2979.2598   11.3773
    0.0000   -7.5000   15.0000 3016.5637   11.4470
    7.5000   -7.5000   15.0000 2975.3523   11.4692
   -7.5000    0.0000   15.0000 2998.1638   11.3230
    0.0000    0.0000   15.0000 3041.0591   11.3715
    7.5000    0.0000   15.0000 2985.1167   11.4246
   -7.5000    7.5000   15.0000 2970.7112   11.4902
    0.0000    7.5000   15.0000 3009.8210   11.5338
    7.5000    7.5000   15.0000 2962.6592   11.5529
   -7.5000   15.0000   15.0000 2907.6858   11.8738
    0.0000   15.0000   15.0000 2942.6230   11.8499
    7.5000   15.0000   15.0000 2905.5942   11.9128
   -7.5000   22.5000   15.0000 2829.0559   12.5456
    0.0000   22.5000   15.0000 2849.6003   12.4639
    7.5000   22.5000   15.0000 2827.0620   12.5398
   -7.5000   30.0000   15.0000 2730.0986   13.4813
    0.0000   30.0000   15.0000 2744.3943   13.3456
    7.5000   30.0000   15.0000 2733.7979   13.4412
   -7.5000   37.5000   15.0000 2626.1536   14.6801
    0.0000   37.5000   15.0000 2634.3638   14.5174
    7.5000   37.5000   15.0000 2622.6077   14.6527
   -7.5000   45.0000   15.0000 2496.9800   16.2144
    0.0000   45.0000   15.0000 2507.5715   16.0587
    7.5000   45.0000   15.0000 2495.6970   16.2134
   -7.5000  -45.0000   22.5000 2456.7949   15.9541
    0.0000  -45.0000   22.5000 2483.4531   15.9558
    7.5000  -45.0000   22.5000 2480.8579   16.2895
   -7.5000  -37.5000   22.5000 2575.8110   14.4072
    0.0000  -37.5000   22.5000 2603.7263   14.4354
    7.5000  -37.5000   22.5000 2596.4224   14.7222
   -7.5000  -30.0000   22.5000 2686.5339   13.2681
    0.0000  -30.0000   22.5000 2715.0396   13.3116
    7.5000  -30.0000   22.5000 2706.3831   13.5528
   -7.5000  -22.5000   22.5000 2802.1440   12.4993
    0.0000  -22.5000   22.5000 2827.8457   12.5123
    7.5000  -22.5000   22.5000 2810.0269   12.6908
   -7.5000  -15.0000   22.5000 2890.5142   11.9863
    0.0000  -15.0000   22.5000 2919.2305   12.0036
    7.5000  -15.0000   22.5000 2892.3994   12.1011
   -7.5000   -7.5000   22.5000 2953.2603   11.7205
    0.0000   -7.5000   22.5000 2979.4248   11.6873
    7.5000   -7.5000   22.5000 2942.3333   11.8571
   -7.5000    0.0000   22.5000 2962.2871   11.7256
    0.0000    0.0000   22.5000 2991.4993   11.7039
    7.5000    0.0000   22.5000 2955.5835   11.8342
   -7.5000    7.5000   22.5000 2940.6008   11.9474
    0.0000    7.5000   22.5000 2963.8613   11.9083
    7.5000    7.5000   22.5000 2934.8489   12.0145
   -7.5000   15.0000   22.5000 2875.6787   12.3533
    0.0000   15.0000   22.5000 2899.1768   12.2794
    7.5000   15.0000   22.5000 2871.4336   12.3679
   -7.5000   22.5000   22.5000 2798.3479   12.9487
    0.0000   22.5000   22.5000 2811.7686   12.8689
    7.5000   22.5000   22.5000 2795.9458   12.9534
   -7.5000   30.0000   22.5000 2703.4502   13.7677
    0.0000   30.0000   22.5000 2713.7903   13.6540
    7.5000   30.0000   22.5000 2703.0684   13.7550
   -7.5000   37.5000   22.5000 2596.7686   14.8839
    0.0000   37.5000   22.5000 2606.3589   14.7390
    7.5000   37.5000   22.5000 2593.6401   14.8862
   -7.5000   45.0000   22.5000 2465.7156   16.3637
    0.0000   45.0000   22.5000 2474.8599   16.2225
    7.5000   45.0000   22.5000 2469.3586   16.3898
   -7.5000  -45.0000   30.0000 2443.8096   16.6044
    0.0000  -45.0000   30.0000 2460.7234   16.5618
    7.5000  -45.0000   30.0000 2449.0132   16.8909
   -7.5000  -37.5000   30.0000 2563.4404   15.0854
    0.0000  -37.5000   30.0000 2581.0615   15.0436
    7.5000  -37.5000   30.0000 2568.2385   15.3492
   -7.5000  -30.0000   30.0000 2673.3733   13.9185
    0.0000  -30.0000   30.0000 2691.4658   13.9006
    7.5000  -30.0000   30.0000 2679.6650   14.1973
   -7.5000  -22.5000   30.0000 2776.6394   13.0621
    0.0000  -22.5000   30.0000 2795.5400   13.0262
    7.5000  -22.5000   30.0000 2778.3887   13.2483
   -7.5000  -15.0000   30.0000 2848.4707   12.4780
    0.0000  -15.0000   30.0000 2873.8245   12.3784
    7.5000  -15.0000   30.0000 2852.2273   12.6190
   -7.5000   -7.5000   30.0000 2897.1599   12.2144
    0.0000   -7.5000   30.0000 2919.1074   12.0980
    7.5000   -7.5000   30.0000 2897.1814   12.3553
   -7.5000    0.0000   30.0000 2905.3354   12.2172
    0.0000    0.0000   30.0000 2926.0334   12.1453
    7.5000    0.0000   30.0000 2901.6907   12.3204
   -7.5000    7.5000   30.0000 2881.1880   12.4486
    0.0000    7.5000   30.0000 2895.8030   12.3844
    7.5000    7.5000   30.0000 2876.7644   12.5479
   -7.5000   15.0000   30.0000 2817.9802   12.8974
    0.0000   15.0000   30.0000 2833.5383   12.8027
    7.5000   15.0000   30.0000 2819.4121   12.9377
   -7.5000   22.5000   30.0000 2749.2849   13.5334
    0.0000   22.5000   30.0000 2758.4854   13.3984
    7.5000   22.5000   30.0000 2744.9272   13.5309
   -7.5000   30.0000   30.0000 2654.8804   14.3425
    0.0000   30.0000   30.0000 2664.8477   14.2213
    7.5000   30.0000   30.0000 2652.8037   14.3487
   -7.5000   37.5000   30.0000 2551.2463   15.4055
    0.0000   37.5000   30.0000 2560.2344   15.2771
    7.5000   37.5000   30.0000 2552.5288   15.4246
   -7.5000   45.0000   30.0000 2413.2673   16.8204
    0.0000   45.0000   30.0000 2424.3032   16.6689
    7.5000   45.0000   30.0000 2420.2942   16.8508
   -7.5000  -45.0000   37.5000 2412.5752   17.3363
    0.0000  -45.0000   37.5000 2421.3965   17.2233
    7.5000  -45.0000   37.5000 2412.9304   17.6493
   -7.5000  -37.5000   37.5000 2531.9316   15.8079
    0.0000  -37.5000   37.5000 2544.9980   15.7042
    7.5000  -37.5000   37.5000 2532.7651   16.0917
   -7.5000  -30.0000   37.5000 2639.1160   14.5943
    0.0000  -30.0000   37.5000 2654.0601   14.5307
    7.5000  -30.0000   37.5000 2643.8098   14.8787
   -7.5000  -22.5000   37.5000 2736.0183   13.6740
    0.0000  -22.5000   37.5000 2751.6206   13.5952
    7.5000  -22.5000   37.5000 2739.1707   13.9249
   -7.5000  -15.0000   37.5000 2800.0154   13.1206
    0.0000  -15.0000   37.5000 2821.7354   12.9740
    7.5000  -15.0000   37.5000 2804.5188   13.2982
   -7.5000   -7.5000   37.5000 2837.5161   12.8396
    0.0000   -7.5000   37.5000 2857.0122   12.7221
    7.5000   -7.5000   37.5000 2840.9224   13.0079
   -7.5000    0.0000   37.5000 2837.4185   12.8299
    0.0000    0.0000   37.5000 2850.9927   12.7338
    7.5000    0.0000   37.5000 2833.3799   12.9690
   -7.5000    7.5000   37.5000 2806.8953   13.0965
    0.0000    7.5000   37.5000 2820.7122   12.9953
    7.5000    7.5000   37.5000 2803.0020   13.1904
   -7.5000   15.0000   37.5000 2750.3616   13.5455
    0.0000   15.0000   37.5000 2762.1133   13.4396
    7.5000   15.0000   37.5000 2752.6003   13.6118
   -7.5000   22.5000   37.5000 2682.6111   14.2067
    0.0000   22.5000   37.5000 2694.5615   14.0653
    7.5000   22.5000   37.5000 2682.6670   14.2288
   -7.5000   30.0000   37.5000 2596.4751   15.0480
    0.0000   30.0000   37.5000 2601.7400   14.9035
    7.5000   30.0000   37.5000 2593.0808   15.0530
   -7.5000   37.5000   37.5000 2489.7402   16.1466
    0.0000   37.5000   37.5000 2498.1797   16.0196
    7.5000   37.5000   37.5000 2488.1653   16.1785
   -7.5000   45.0000   37.5000 2359.7463   17.5662
    0.0000   45.0000   37.5000 2368.2827   17.4725
    7.5000   45.0000   37.5000 2356.2305   17.6357
   -7.5000  -45.0000   45.0000 2373.3408   18.2776
    0.0000  -45.0000   45.0000 2378.2561   18.1197
    7.5000  -45.0000   45.0000 2365.9397   18.5836
   -7.5000  -37.5000   45.0000 2487.9302   16.6599
    0.0000  -37.5000   45.0000 2495.7925   16.5256
    7.5000  -37.5000   45.0000 2482.0708   16.9656
   -7.5000  -30.0000   45.0000 2588.0020   15.4132
    0.0000  -30.0000   45.0000 2597.0627   15.3044
    7.5000  -30.0000   45.0000 2582.6970   15.7320
   -7.5000  -22.5000   45.0000 2672.9426   14.4969
    0.0000  -22.5000   45.0000 2686.9963   14.3665
    7.5000  -22.5000   45.0000 2673.0762   14.7520
   -7.5000  -15.0000   45.0000 2726.8391   13.9417
    0.0000  -15.0000   45.0000 2745.9978   13.7787
    7.5000  -15.0000   45.0000 2732.1704   14.1352
   -7.5000   -7.5000   45.0000 2753.9690   13.6449
    0.0000   -7.5000   45.0000 2771.8208   13.5262
    7.5000   -7.5000   45.0000 2762.2297   13.8171
   -7.5000    0.0000   45.0000 2757.2883   13.6423
    0.0000    0.0000   45.0000 2771.0054   13.5415
    7.5000    0.0000   45.0000 2757.1985   13.7917
   -7.5000    7.5000   45.0000 2731.0996   13.8654
    0.0000    7.5000   45.0000 2740.9685   13.7944
    7.5000    7.5000   45.0000 2728.1125   14.0126
   -7.5000   15.0000   45.0000 2677.1572   14.3421
    0.0000   15.0000   45.0000 2684.4775   14.2519
    7.5000   15.0000   45.0000 2672.7175   14.4433
   -7.5000   22.5000   45.0000 2610.6829   15.0264
    0.0000   22.5000   45.0000 2621.4766   14.8818
    7.5000   22.5000   45.0000 2606.6113   15.0507
   -7.5000   30.0000   45.0000 2525.1145   15.8899
    0.0000   30.0000   45.0000 2527.5764   15.7478
    7.5000   30.0000   45.0000 2520.3914   15.8839
   -7.5000   37.5000   45.0000 2417.3257   17.0623
    0.0000   37.5000   45.0000 2425.5396   16.9365
    7.5000   37.5000   45.0000 2414.8989   17.0969
   -7.5000   45.0000   45.0000 2295.2439   18.5780
    0.0000   45.0000   45.0000 2304.9590   18.4731
    7.5000   45.0000   45.0000 2292.9211   18.6263

---------------------------------------------------------------------
imgreg_4dfp /opt/freesurfer/average/711-2C_as_mni_average_305 /opt/freesurfer/average/711-2B_as_mni_average_305_mask talsrcimg_g11 none talsrcimg_to_711-2C_as_mni_average_305_t4 1283
---------------------------------------------------------------------

freesurfer imgreg_4dfp.c
/opt/freesurfer/average/711-2C_as_mni_average_305.4dfp.img
       256       256       256         1
  1.000000  1.000000  1.000000
orientation T byte_order littleendian
Reading image: /opt/freesurfer/average/711-2C_as_mni_average_305.4dfp.img
dimensions:      256       256       256
mmppix:       1.0000   -1.0000   -1.0000
center:     128.0000 -129.0000 -129.0000
/opt/freesurfer/average/711-2B_as_mni_average_305_mask.4dfp.img
       256       256       256         1
  1.000000  1.000000  1.000000
orientation T byte_order littleendian
Reading mask: /opt/freesurfer/average/711-2B_as_mni_average_305_mask.4dfp.img (2306576 pixels)
talsrcimg_g11.4dfp.img
       256       256       256         1
  1.000000  1.000000  1.000000
orientation T byte_order littleendian
Reading image: talsrcimg_g11.4dfp.img
dimensions:      256       256       256
mmppix:       1.0000   -1.0000   -1.0000
center:     128.0000 -129.0000 -129.0000
rotation matrix determinant  1.000000
fimgreg.f
image alignment mode   1283 decimal      503 hex
parameters
    0.0000    0.0000   15.0000    0.0000    0.0000    0.0000
eta,q 0.95453 11.39692
niter,ni,del,rscale     5    3   12.0000    1.2000
parameter  6  1.618689 ->  0.500000 qaram    1.1500
parameters
   -0.9558   -1.0181   12.6507    2.8442    2.4503   -3.4500
eta,q 0.96127 11.22409
  0.0553  0.0508  0.0481  0.0518  0.0557  0.0378
  0.0496  0.0474  0.0453  0.0486  0.0507  0.0384
  0.0461  0.0453  0.0435  0.0451  0.0461  0.0399
  0.0462  0.0456  0.0451  0.0434  0.0433  0.0421
  0.0502  0.0478  0.0500  0.0432  0.0422  0.0443
  0.0560  0.0515  0.0547  0.0433  0.0427  0.0468
  0.0612  0.0547  0.0590  0.0436  0.0448  0.0501
niter,ni,del,rscale     5    3   12.0000    1.2000
parameter  6  0.616749 ->  0.500000 qaram    1.3225
parameters
   -1.8892   -2.7468   12.9678    4.1332    3.4601   -7.4175
eta,q 0.96568 11.34879
  0.0505  0.0421  0.0483  0.0427  0.0472  0.0352
  0.0425  0.0377  0.0437  0.0391  0.0422  0.0343
  0.0382  0.0363  0.0397  0.0373  0.0382  0.0346
  0.0387  0.0378  0.0364  0.0362  0.0361  0.0359
  0.0443  0.0412  0.0373  0.0362  0.0360  0.0386
  0.0512  0.0454  0.0416  0.0371  0.0380  0.0419
  0.0564  0.0496  0.0470  0.0386  0.0419  0.0455
niter,ni,del,rscale     5    3   12.0000    1.2000
parameters
   -2.6150   -3.0112   13.2204    4.1157    4.0347   -7.4112
eta,q 0.96651 11.35157
  0.0479  0.0450  0.0469  0.0380  0.0447  0.0411
  0.0396  0.0371  0.0418  0.0354  0.0391  0.0370
  0.0346  0.0333  0.0368  0.0338  0.0350  0.0342
  0.0343  0.0338  0.0336  0.0335  0.0335  0.0335
  0.0393  0.0365  0.0353  0.0344  0.0341  0.0344
  0.0465  0.0403  0.0401  0.0357  0.0367  0.0371
  0.0538  0.0449  0.0454  0.0377  0.0410  0.0409
niter,ni,del,rscale     4    3   12.0000    1.2000
parameters
   -2.8644   -3.0102   13.2454    4.1239    4.3056   -7.4578
eta,q 0.96666 11.34559
  0.0502  0.0460  0.0460  0.0379  0.0436  0.0410
  0.0410  0.0378  0.0409  0.0352  0.0382  0.0370
  0.0349  0.0334  0.0361  0.0338  0.0346  0.0341
  0.0335  0.0334  0.0334  0.0334  0.0334  0.0333
  0.0376  0.0357  0.0356  0.0342  0.0342  0.0343
  0.0443  0.0394  0.0407  0.0356  0.0372  0.0372
  0.0514  0.0441  0.0460  0.0375  0.0418  0.0411
niter,ni,del,rscale     3    3   12.0000    1.2000
parameters
   -2.9798   -3.0032   13.2365    4.1316    4.4183   -7.4870
eta,q 0.96673 11.34168
  0.0510  0.0460  0.0458  0.0379  0.0430  0.0411
  0.0415  0.0378  0.0408  0.0352  0.0378  0.0370
  0.0351  0.0334  0.0359  0.0337  0.0345  0.0341
  0.0333  0.0333  0.0333  0.0333  0.0333  0.0333
  0.0372  0.0356  0.0356  0.0341  0.0342  0.0343
  0.0438  0.0394  0.0407  0.0355  0.0375  0.0372
  0.0507  0.0441  0.0461  0.0375  0.0422  0.0411
niter,ni,del,rscale     2    3   12.0000    1.2000
parameters
   -3.0270   -2.9966   13.2306    4.1285    4.4637   -7.4997
eta,q 0.96675 11.33957
  0.0514  0.0460  0.0459  0.0378  0.0428  0.0411
  0.0418  0.0378  0.0407  0.0352  0.0377  0.0371
  0.0352  0.0334  0.0359  0.0337  0.0344  0.0341
  0.0333  0.0332  0.0333  0.0333  0.0332  0.0332
  0.0370  0.0356  0.0355  0.0341  0.0343  0.0343
  0.0436  0.0394  0.0407  0.0355  0.0376  0.0372
  0.0504  0.0442  0.0461  0.0375  0.0425  0.0411
registration optimization eta report
parameter search radius
    6.0000    6.0000    6.0000    6.0000    6.0000    7.9350
100000*second partial in parameter space
       47.       33.       33.       12.       26.       12.
  0.0514  0.0460  0.0459  0.0378  0.0428  0.0411
  0.0418  0.0378  0.0407  0.0352  0.0377  0.0371
  0.0352  0.0334  0.0359  0.0337  0.0344  0.0341
  0.0333  0.0332  0.0333  0.0333  0.0332  0.0332
  0.0370  0.0356  0.0355  0.0341  0.0343  0.0343
  0.0436  0.0394  0.0407  0.0355  0.0376  0.0372
  0.0504  0.0442  0.0461  0.0375  0.0425  0.0411
   -3.0270   -2.9966   13.2306    4.1285    4.4637   -7.4997
eta,q 0.96675 11.33957

---------------------------------------------------------------------
imgreg_4dfp /opt/freesurfer/average/711-2C_as_mni_average_305 /opt/freesurfer/average/711-2B_as_mni_average_305_mask talsrcimg_g11 none talsrcimg_to_711-2C_as_mni_average_305_t4 3335
---------------------------------------------------------------------

freesurfer imgreg_4dfp.c
/opt/freesurfer/average/711-2C_as_mni_average_305.4dfp.img
       256       256       256         1
  1.000000  1.000000  1.000000
orientation T byte_order littleendian
Reading image: /opt/freesurfer/average/711-2C_as_mni_average_305.4dfp.img
dimensions:      256       256       256
mmppix:       1.0000   -1.0000   -1.0000
center:     128.0000 -129.0000 -129.0000
/opt/freesurfer/average/711-2B_as_mni_average_305_mask.4dfp.img
       256       256       256         1
  1.000000  1.000000  1.000000
orientation T byte_order littleendian
Reading mask: /opt/freesurfer/average/711-2B_as_mni_average_305_mask.4dfp.img (2306576 pixels)
talsrcimg_g11.4dfp.img
       256       256       256         1
  1.000000  1.000000  1.000000
orientation T byte_order littleendian
Reading image: talsrcimg_g11.4dfp.img
dimensions:      256       256       256
mmppix:       1.0000   -1.0000   -1.0000
center:     128.0000 -129.0000 -129.0000
fimgreg.f
image alignment mode   3335 decimal      D07 hex
parameters
   -3.0270   -2.9966   13.2306   -1.1562   -1.0396   -0.5620
   12.4628   -8.6359  -13.0126   -6.1246    7.7828    7.1775
eta,q 0.96811 11.27637
niter,ni,del,rscale     5    3    5.0000    1.2000
parameter  4  0.827774 ->  0.500000 qaram    1.1500
parameter  5  2.150484 ->  0.500000 qaram    1.1500
parameter 12  0.524009 ->  0.500000 qaram    1.1500
parameters
   -2.8141   -2.8016   13.3990   -5.2962   -5.1796   -3.9499
   11.5305   -7.9982  -11.9803   -7.4043    7.7521    3.0375
eta,q 0.97660 11.18304
  0.0364  0.0345  0.0345  0.0292  0.0234  0.0263  0.0262  0.0305  0.0270  0.0266  0.0254  0.0237
  0.0341  0.0330  0.0331  0.0292  0.0247  0.0248  0.0249  0.0272  0.0256  0.0249  0.0245  0.0234
  0.0325  0.0322  0.0322  0.0299  0.0267  0.0238  0.0242  0.0250  0.0245  0.0239  0.0240  0.0234
  0.0319  0.0319  0.0319  0.0319  0.0293  0.0252  0.0241  0.0240  0.0240  0.0239  0.0238  0.0238
  0.0322  0.0321  0.0320  0.0352  0.0322  0.0291  0.0246  0.0243  0.0241  0.0250  0.0239  0.0245
  0.0332  0.0327  0.0327  0.0393  0.0353  0.0348  0.0259  0.0259  0.0246  0.0269  0.0245  0.0256
  0.0350  0.0337  0.0338  0.0436  0.0387  0.0391  0.0276  0.0286  0.0257  0.0295  0.0255  0.0271
niter,ni,del,rscale     7    3    5.0000    1.2000
parameter  3  0.857602 ->  0.500000 qaram    1.1500
parameter  5  0.504232 ->  0.500000 qaram    1.3225
parameters
   -2.6895   -3.6106   12.0190   -4.8231   -9.9406   -4.2034
   11.7907   -7.8191  -11.9111   -7.3528    8.0881    2.2849
eta,q 0.97933 11.06615
  0.0269  0.0244  0.0217  0.0262  0.0218  0.0254  0.0237  0.0266  0.0229  0.0243  0.0224  0.0223
  0.0250  0.0233  0.0217  0.0244  0.0207  0.0238  0.0222  0.0234  0.0217  0.0224  0.0215  0.0213
  0.0239  0.0230  0.0221  0.0229  0.0205  0.0223  0.0212  0.0214  0.0210  0.0211  0.0210  0.0208
  0.0234  0.0234  0.0230  0.0218  0.0216  0.0205  0.0207  0.0207  0.0207  0.0207  0.0207  0.0207
  0.0236  0.0244  0.0243  0.0214  0.0239  0.0201  0.0209  0.0212  0.0209  0.0210  0.0207  0.0209
  0.0246  0.0261  0.0259  0.0227  0.0271  0.0228  0.0218  0.0230  0.0216  0.0222  0.0212  0.0217
  0.0263  0.0281  0.0279  0.0263  0.0307  0.0281  0.0234  0.0260  0.0228  0.0243  0.0222  0.0230
niter,ni,del,rscale     7    3    5.0000    1.2000
parameters
   -2.5468   -3.3692   11.5815   -3.7043   -9.9158   -4.6617
   11.7258   -7.7034  -11.9273   -6.9866    8.0094    1.6303
eta,q 0.97964 11.07939
  0.0244  0.0243  0.0225  0.0254  0.0255  0.0250  0.0233  0.0267  0.0226  0.0243  0.0221  0.0221
  0.0224  0.0224  0.0210  0.0235  0.0231  0.0234  0.0218  0.0233  0.0214  0.0223  0.0212  0.0211
  0.0212  0.0212  0.0205  0.0218  0.0212  0.0218  0.0208  0.0211  0.0206  0.0209  0.0206  0.0205
  0.0207  0.0207  0.0206  0.0205  0.0201  0.0201  0.0204  0.0204  0.0204  0.0204  0.0204  0.0204
  0.0209  0.0208  0.0213  0.0198  0.0205  0.0200  0.0207  0.0210  0.0206  0.0206  0.0205  0.0207
  0.0219  0.0216  0.0224  0.0209  0.0226  0.0229  0.0218  0.0230  0.0214  0.0217  0.0212  0.0215
  0.0236  0.0230  0.0239  0.0241  0.0260  0.0285  0.0235  0.0263  0.0226  0.0237  0.0224  0.0229
niter,ni,del,rscale     6    3    5.0000    1.2000
parameters
   -2.5194   -3.2249   11.4334   -3.5715   -9.8284   -4.7959
   11.7853   -7.6144  -11.8828   -6.7069    7.9752    1.3285
eta,q 0.97967 11.07948
  0.0240  0.0237  0.0229  0.0249  0.0257  0.0252  0.0234  0.0266  0.0226  0.0242  0.0221  0.0223
  0.0220  0.0219  0.0211  0.0231  0.0233  0.0236  0.0218  0.0232  0.0214  0.0221  0.0212  0.0212
  0.0208  0.0208  0.0203  0.0215  0.0214  0.0220  0.0208  0.0211  0.0206  0.0209  0.0206  0.0205
  0.0204  0.0204  0.0204  0.0203  0.0203  0.0203  0.0203  0.0203  0.0203  0.0203  0.0203  0.0203
  0.0207  0.0206  0.0209  0.0201  0.0207  0.0198  0.0206  0.0209  0.0206  0.0206  0.0205  0.0206
  0.0218  0.0215  0.0218  0.0219  0.0227  0.0222  0.0217  0.0230  0.0213  0.0217  0.0211  0.0213
  0.0239  0.0229  0.0231  0.0256  0.0260  0.0276  0.0234  0.0264  0.0225  0.0237  0.0223  0.0227
niter,ni,del,rscale     5    3    5.0000    1.2000
parameters
   -2.4947   -3.1619   11.3596   -3.5260   -9.8112   -4.8513
   11.7975   -7.5577  -11.8455   -6.5743    7.9465    1.1918
eta,q 0.97967 11.07817
  0.0240  0.0235  0.0230  0.0249  0.0256  0.0253  0.0234  0.0266  0.0225  0.0240  0.0221  0.0223
  0.0220  0.0217  0.0212  0.0231  0.0233  0.0236  0.0218  0.0232  0.0214  0.0220  0.0212  0.0213
  0.0208  0.0207  0.0204  0.0215  0.0214  0.0220  0.0208  0.0210  0.0206  0.0208  0.0206  0.0206
  0.0203  0.0203  0.0203  0.0203  0.0203  0.0203  0.0203  0.0203  0.0203  0.0203  0.0203  0.0203
  0.0207  0.0207  0.0208  0.0201  0.0207  0.0197  0.0206  0.0210  0.0206  0.0206  0.0205  0.0206
  0.0218  0.0216  0.0217  0.0221  0.0228  0.0221  0.0217  0.0230  0.0213  0.0218  0.0211  0.0213
  0.0239  0.0231  0.0230  0.0258  0.0261  0.0273  0.0235  0.0264  0.0225  0.0238  0.0223  0.0226
niter,ni,del,rscale     4    3    5.0000    1.2000
parameters
   -2.4802   -3.1297   11.3241   -3.5036   -9.8074   -4.8786
   11.7960   -7.5255  -11.8202   -6.5125    7.9310    1.1281
eta,q 0.97967 11.07740
  0.0240  0.0234  0.0231  0.0249  0.0256  0.0253  0.0234  0.0266  0.0225  0.0239  0.0222  0.0224
  0.0220  0.0216  0.0213  0.0231  0.0233  0.0236  0.0218  0.0232  0.0214  0.0220  0.0212  0.0213
  0.0208  0.0206  0.0204  0.0215  0.0214  0.0220  0.0207  0.0210  0.0206  0.0208  0.0206  0.0206
  0.0203  0.0203  0.0203  0.0203  0.0203  0.0203  0.0203  0.0203  0.0203  0.0203  0.0203  0.0203
  0.0207  0.0207  0.0208  0.0202  0.0207  0.0197  0.0206  0.0210  0.0206  0.0206  0.0205  0.0206
  0.0219  0.0216  0.0217  0.0221  0.0228  0.0220  0.0217  0.0231  0.0213  0.0218  0.0211  0.0212
  0.0239  0.0231  0.0229  0.0259  0.0261  0.0273  0.0235  0.0265  0.0225  0.0239  0.0223  0.0225
niter,ni,del,rscale     3    3    5.0000    1.2000
parameters
   -2.4711   -3.1140   11.3075   -3.4909   -9.8063   -4.8918
   11.7923   -7.5072  -11.8052   -6.4780    7.9215    1.0989
eta,q 0.97967 11.07699
  0.0239  0.0233  0.0232  0.0249  0.0256  0.0253  0.0234  0.0266  0.0225  0.0239  0.0222  0.0224
  0.0220  0.0216  0.0213  0.0231  0.0233  0.0236  0.0218  0.0232  0.0213  0.0220  0.0213  0.0214
  0.0208  0.0206  0.0204  0.0215  0.0214  0.0220  0.0207  0.0210  0.0206  0.0208  0.0206  0.0206
  0.0203  0.0203  0.0203  0.0203  0.0203  0.0203  0.0203  0.0203  0.0203  0.0203  0.0203  0.0203
  0.0207  0.0207  0.0208  0.0202  0.0208  0.0197  0.0206  0.0210  0.0206  0.0206  0.0205  0.0206
  0.0219  0.0217  0.0217  0.0221  0.0228  0.0220  0.0217  0.0231  0.0213  0.0218  0.0211  0.0212
  0.0240  0.0232  0.0229  0.0259  0.0262  0.0272  0.0235  0.0265  0.0225  0.0239  0.0223  0.0225
registration optimization eta report
parameter search radius
    2.4000    2.4000    2.7600    8.2800    9.5220    7.2000
    7.2000    7.2000    7.2000    7.2000    7.2000    8.2800
100000*second partial in parameter space
       63.       50.       35.        7.        6.       12.
        6.       12.        4.        7.        4.        3.
  0.0239  0.0233  0.0232  0.0249  0.0256  0.0253  0.0234  0.0266  0.0225  0.0239  0.0222  0.0224
  0.0220  0.0216  0.0213  0.0231  0.0233  0.0236  0.0218  0.0232  0.0213  0.0220  0.0213  0.0214
  0.0208  0.0206  0.0204  0.0215  0.0214  0.0220  0.0207  0.0210  0.0206  0.0208  0.0206  0.0206
  0.0203  0.0203  0.0203  0.0203  0.0203  0.0203  0.0203  0.0203  0.0203  0.0203  0.0203  0.0203
  0.0207  0.0207  0.0208  0.0202  0.0208  0.0197  0.0206  0.0210  0.0206  0.0206  0.0205  0.0206
  0.0219  0.0217  0.0217  0.0221  0.0228  0.0220  0.0217  0.0231  0.0213  0.0218  0.0211  0.0212
  0.0240  0.0232  0.0229  0.0259  0.0262  0.0272  0.0235  0.0265  0.0225  0.0239  0.0223  0.0225
   -2.4711   -3.1140   11.3075   -3.4909   -9.8063   -4.8918
   11.7923   -7.5072  -11.8052   -6.4780    7.9215    1.0989
eta,q 0.97967 11.07699

---------------------------------------------------------------------
imgreg_4dfp /opt/freesurfer/average/711-2C_as_mni_average_305 /opt/freesurfer/average/711-2B_as_mni_average_305_mask talsrcimg_g11 none talsrcimg_to_711-2C_as_mni_average_305_t4 2311
---------------------------------------------------------------------

freesurfer imgreg_4dfp.c
/opt/freesurfer/average/711-2C_as_mni_average_305.4dfp.img
       256       256       256         1
  1.000000  1.000000  1.000000
orientation T byte_order littleendian
Reading image: /opt/freesurfer/average/711-2C_as_mni_average_305.4dfp.img
dimensions:      256       256       256
mmppix:       1.0000   -1.0000   -1.0000
center:     128.0000 -129.0000 -129.0000
/opt/freesurfer/average/711-2B_as_mni_average_305_mask.4dfp.img
       256       256       256         1
  1.000000  1.000000  1.000000
orientation T byte_order littleendian
Reading mask: /opt/freesurfer/average/711-2B_as_mni_average_305_mask.4dfp.img (2306576 pixels)
talsrcimg_g11.4dfp.img
       256       256       256         1
  1.000000  1.000000  1.000000
orientation T byte_order littleendian
Reading image: talsrcimg_g11.4dfp.img
dimensions:      256       256       256
mmppix:       1.0000   -1.0000   -1.0000
center:     128.0000 -129.0000 -129.0000
fimgreg.f
image alignment mode   2311 decimal      907 hex
parameters
   -2.4711   -3.1140   11.3075   -3.4909   -9.8063   -4.8918
   11.7923   -7.5072  -11.8052   -6.4780    7.9215    1.0989
eta,q 0.97967 11.07700
niter,ni,del,rscale     5    3    5.0000    0.8000
parameters
   -2.4451   -3.1433   11.0956   -2.5058   -9.3905   -4.3613
   11.6707   -7.4636  -11.7366   -6.5562    7.6891    0.6711
eta,q 0.98022 11.11085
  0.0220  0.0216  0.0210  0.0226  0.0220  0.0233  0.0212  0.0234  0.0209  0.0215  0.0209  0.0205
  0.0211  0.0209  0.0205  0.0217  0.0211  0.0222  0.0204  0.0215  0.0203  0.0206  0.0203  0.0201
  0.0205  0.0204  0.0203  0.0209  0.0204  0.0211  0.0199  0.0202  0.0199  0.0200  0.0199  0.0198
  0.0203  0.0203  0.0203  0.0203  0.0201  0.0201  0.0198  0.0198  0.0198  0.0198  0.0198  0.0198
  0.0205  0.0205  0.0206  0.0200  0.0201  0.0197  0.0200  0.0202  0.0199  0.0200  0.0199  0.0200
  0.0210  0.0210  0.0209  0.0204  0.0206  0.0207  0.0205  0.0214  0.0202  0.0206  0.0204  0.0203
  0.0219  0.0217  0.0214  0.0215  0.0215  0.0228  0.0214  0.0233  0.0208  0.0217  0.0212  0.0209
niter,ni,del,rscale     4    3    5.0000    0.7000
parameters
   -2.4920   -3.1340   11.3110   -2.5882   -9.4093   -3.8331
   11.7070   -7.4804  -11.6881   -6.4996    7.5477    0.4866
eta,q 0.98044 11.12059
  0.0211  0.0209  0.0210  0.0213  0.0211  0.0227  0.0208  0.0224  0.0204  0.0210  0.0205  0.0202
  0.0203  0.0202  0.0204  0.0206  0.0204  0.0217  0.0201  0.0208  0.0199  0.0202  0.0200  0.0198
  0.0199  0.0199  0.0200  0.0201  0.0200  0.0207  0.0197  0.0199  0.0197  0.0198  0.0197  0.0196
  0.0198  0.0198  0.0198  0.0198  0.0198  0.0198  0.0196  0.0196  0.0196  0.0196  0.0196  0.0196
  0.0200  0.0199  0.0198  0.0198  0.0199  0.0195  0.0197  0.0199  0.0197  0.0197  0.0197  0.0197
  0.0205  0.0202  0.0200  0.0205  0.0204  0.0203  0.0201  0.0209  0.0199  0.0201  0.0200  0.0199
  0.0213  0.0208  0.0204  0.0217  0.0212  0.0220  0.0207  0.0224  0.0204  0.0210  0.0206  0.0203
niter,ni,del,rscale     3    3    5.0000    0.6000
parameters
   -2.5166   -3.1560   11.5041   -2.5791   -9.4832   -3.4582
   11.7301   -7.4988  -11.6432   -6.5000    7.4445    0.4053
eta,q 0.98058 11.12701
  0.0206  0.0203  0.0206  0.0208  0.0205  0.0220  0.0203  0.0216  0.0201  0.0204  0.0201  0.0199
  0.0200  0.0199  0.0200  0.0202  0.0200  0.0211  0.0198  0.0204  0.0197  0.0199  0.0197  0.0197
  0.0197  0.0196  0.0197  0.0198  0.0197  0.0203  0.0195  0.0197  0.0195  0.0196  0.0195  0.0195
  0.0196  0.0196  0.0196  0.0195  0.0195  0.0195  0.0194  0.0194  0.0194  0.0194  0.0194  0.0194
  0.0197  0.0197  0.0196  0.0196  0.0197  0.0194  0.0195  0.0197  0.0195  0.0195  0.0195  0.0195
  0.0200  0.0199  0.0198  0.0200  0.0200  0.0201  0.0198  0.0204  0.0197  0.0199  0.0198  0.0197
  0.0207  0.0204  0.0200  0.0210  0.0206  0.0215  0.0203  0.0216  0.0200  0.0205  0.0202  0.0200
niter,ni,del,rscale     2    3    5.0000    0.5000
parameters
   -2.5418   -3.1783   11.6584   -2.5364   -9.5418   -3.1633
   11.7309   -7.5162  -11.6121   -6.5156    7.3581    0.3548
eta,q 0.98066 11.13229
  0.0201  0.0199  0.0201  0.0203  0.0201  0.0214  0.0200  0.0209  0.0198  0.0201  0.0198  0.0197
  0.0197  0.0196  0.0198  0.0199  0.0197  0.0207  0.0196  0.0200  0.0195  0.0197  0.0196  0.0195
  0.0195  0.0195  0.0195  0.0196  0.0195  0.0199  0.0194  0.0195  0.0194  0.0194  0.0194  0.0194
  0.0194  0.0194  0.0194  0.0194  0.0194  0.0194  0.0193  0.0193  0.0193  0.0193  0.0193  0.0193
  0.0195  0.0195  0.0194  0.0194  0.0195  0.0194  0.0194  0.0195  0.0194  0.0194  0.0194  0.0194
  0.0198  0.0197  0.0196  0.0197  0.0198  0.0199  0.0196  0.0201  0.0195  0.0197  0.0196  0.0195
  0.0202  0.0200  0.0198  0.0204  0.0202  0.0210  0.0200  0.0209  0.0198  0.0201  0.0199  0.0197
niter,ni,del,rscale     1    3    5.0000    0.4000
parameters
   -2.5641   -3.1953   11.7927   -2.4780   -9.5928   -2.9333
   11.7295   -7.5320  -11.5922   -6.5233    7.2744    0.3156
eta,q 0.98071 11.13691
  0.0198  0.0197  0.0198  0.0199  0.0198  0.0208  0.0197  0.0203  0.0196  0.0198  0.0196  0.0195
  0.0195  0.0195  0.0196  0.0197  0.0195  0.0202  0.0195  0.0197  0.0194  0.0195  0.0194  0.0194
  0.0194  0.0194  0.0194  0.0194  0.0194  0.0197  0.0193  0.0194  0.0193  0.0193  0.0193  0.0193
  0.0193  0.0193  0.0193  0.0193  0.0193  0.0193  0.0193  0.0193  0.0193  0.0193  0.0193  0.0193
  0.0194  0.0194  0.0193  0.0193  0.0194  0.0193  0.0193  0.0194  0.0193  0.0193  0.0193  0.0193
  0.0196  0.0195  0.0194  0.0195  0.0195  0.0197  0.0195  0.0198  0.0194  0.0195  0.0195  0.0194
  0.0198  0.0197  0.0196  0.0200  0.0198  0.0205  0.0197  0.0203  0.0196  0.0198  0.0197  0.0195
registration optimization eta report
parameter search radius
    0.8000    0.8000    0.8000    2.4000    2.4000    2.4000
    2.4000    2.4000    2.4000    2.4000    2.4000    2.4000
100000*second partial in parameter space
       75.       55.       58.       11.        8.       22.
        7.       18.        5.        8.        6.        4.
  0.0198  0.0197  0.0198  0.0199  0.0198  0.0208  0.0197  0.0203  0.0196  0.0198  0.0196  0.0195
  0.0195  0.0195  0.0196  0.0197  0.0195  0.0202  0.0195  0.0197  0.0194  0.0195  0.0194  0.0194
  0.0194  0.0194  0.0194  0.0194  0.0194  0.0197  0.0193  0.0194  0.0193  0.0193  0.0193  0.0193
  0.0193  0.0193  0.0193  0.0193  0.0193  0.0193  0.0193  0.0193  0.0193  0.0193  0.0193  0.0193
  0.0194  0.0194  0.0193  0.0193  0.0194  0.0193  0.0193  0.0194  0.0193  0.0193  0.0193  0.0193
  0.0196  0.0195  0.0194  0.0195  0.0195  0.0197  0.0195  0.0198  0.0194  0.0195  0.0195  0.0194
  0.0198  0.0197  0.0196  0.0200  0.0198  0.0205  0.0197  0.0203  0.0196  0.0198  0.0197  0.0195
   -2.5641   -3.1953   11.7927   -2.4780   -9.5928   -2.9333
   11.7295   -7.5320  -11.5922   -6.5233    7.2744    0.3156
eta,q 0.98071 11.13691

---------------------------------------------------------------------
imgreg_4dfp /opt/freesurfer/average/711-2C_as_mni_average_305 /opt/freesurfer/average/711-2B_as_mni_average_305_mask talsrcimg_g11 none talsrcimg_to_711-2C_as_mni_average_305_t4 2311
---------------------------------------------------------------------

freesurfer imgreg_4dfp.c
/opt/freesurfer/average/711-2C_as_mni_average_305.4dfp.img
       256       256       256         1
  1.000000  1.000000  1.000000
orientation T byte_order littleendian
Reading image: /opt/freesurfer/average/711-2C_as_mni_average_305.4dfp.img
dimensions:      256       256       256
mmppix:       1.0000   -1.0000   -1.0000
center:     128.0000 -129.0000 -129.0000
/opt/freesurfer/average/711-2B_as_mni_average_305_mask.4dfp.img
       256       256       256         1
  1.000000  1.000000  1.000000
orientation T byte_order littleendian
Reading mask: /opt/freesurfer/average/711-2B_as_mni_average_305_mask.4dfp.img (2306576 pixels)
talsrcimg_g11.4dfp.img
       256       256       256         1
  1.000000  1.000000  1.000000
orientation T byte_order littleendian
Reading image: talsrcimg_g11.4dfp.img
dimensions:      256       256       256
mmppix:       1.0000   -1.0000   -1.0000
center:     128.0000 -129.0000 -129.0000
fimgreg.f
image alignment mode   2311 decimal      907 hex
parameters
   -2.5641   -3.1953   11.7927   -2.4780   -9.5928   -2.9333
   11.7295   -7.5320  -11.5922   -6.5233    7.2744    0.3156
eta,q 0.98071 11.13690
niter,ni,del,rscale     5    3    5.0000    0.8000
parameters
   -2.5953   -3.1713   11.9162   -3.0343   -9.6722   -3.2943
   11.8131   -7.5398  -11.6021   -6.5164    7.3784    0.7938
eta,q 0.98055 11.12782
  0.0212  0.0208  0.0210  0.0210  0.0210  0.0226  0.0210  0.0229  0.0205  0.0212  0.0207  0.0205
  0.0201  0.0199  0.0201  0.0202  0.0201  0.0215  0.0202  0.0210  0.0199  0.0203  0.0200  0.0200
  0.0195  0.0194  0.0195  0.0196  0.0196  0.0203  0.0197  0.0198  0.0196  0.0197  0.0196  0.0196
  0.0193  0.0193  0.0193  0.0193  0.0193  0.0193  0.0195  0.0195  0.0195  0.0195  0.0195  0.0195
  0.0195  0.0194  0.0194  0.0195  0.0195  0.0197  0.0196  0.0199  0.0196  0.0196  0.0195  0.0195
  0.0202  0.0199  0.0198  0.0206  0.0202  0.0215  0.0201  0.0210  0.0199  0.0202  0.0199  0.0197
  0.0213  0.0206  0.0205  0.0225  0.0212  0.0246  0.0209  0.0229  0.0205  0.0213  0.0206  0.0201
niter,ni,del,rscale     4    3    5.0000    0.7000
parameters
   -2.5611   -3.2220   11.7579   -2.8628   -9.5863   -3.3583
   11.7627   -7.5365  -11.6203   -6.6494    7.4005    0.7262
eta,q 0.98058 11.12762
  0.0209  0.0204  0.0202  0.0211  0.0208  0.0222  0.0206  0.0222  0.0202  0.0207  0.0204  0.0201
  0.0201  0.0199  0.0197  0.0204  0.0201  0.0213  0.0199  0.0207  0.0198  0.0200  0.0199  0.0197
  0.0196  0.0195  0.0195  0.0198  0.0196  0.0202  0.0196  0.0197  0.0195  0.0196  0.0196  0.0195
  0.0195  0.0194  0.0194  0.0194  0.0194  0.0194  0.0194  0.0194  0.0194  0.0194  0.0194  0.0194
  0.0196  0.0196  0.0197  0.0194  0.0195  0.0196  0.0196  0.0197  0.0195  0.0196  0.0195  0.0195
  0.0200  0.0200  0.0201  0.0199  0.0200  0.0208  0.0200  0.0207  0.0198  0.0201  0.0198  0.0197
  0.0208  0.0206  0.0206  0.0211  0.0207  0.0230  0.0206  0.0222  0.0203  0.0210  0.0204  0.0201
niter,ni,del,rscale     3    3    5.0000    0.6000
parameters
   -2.5550   -3.2329   11.7254   -2.7016   -9.5560   -3.2332
   11.7385   -7.5368  -11.6274   -6.6501    7.3703    0.5806
eta,q 0.98064 11.13080
  0.0205  0.0202  0.0201  0.0207  0.0204  0.0218  0.0202  0.0215  0.0200  0.0204  0.0201  0.0198
  0.0199  0.0198  0.0197  0.0201  0.0199  0.0209  0.0198  0.0203  0.0196  0.0198  0.0197  0.0196
  0.0195  0.0195  0.0195  0.0197  0.0195  0.0201  0.0195  0.0196  0.0194  0.0195  0.0195  0.0194
  0.0194  0.0194  0.0194  0.0194  0.0194  0.0194  0.0194  0.0194  0.0194  0.0194  0.0194  0.0194
  0.0195  0.0195  0.0195  0.0194  0.0195  0.0194  0.0195  0.0196  0.0194  0.0195  0.0194  0.0194
  0.0199  0.0198  0.0198  0.0198  0.0198  0.0203  0.0198  0.0203  0.0196  0.0198  0.0197  0.0196
  0.0204  0.0202  0.0202  0.0207  0.0204  0.0219  0.0203  0.0215  0.0200  0.0204  0.0201  0.0199
niter,ni,del,rscale     2    3    5.0000    0.5000
parameters
   -2.5630   -3.2268   11.7711   -2.5967   -9.5756   -3.0510
   11.7317   -7.5390  -11.6196   -6.6165    7.3220    0.4594
eta,q 0.98069 11.13437
  0.0201  0.0199  0.0200  0.0203  0.0201  0.0213  0.0199  0.0209  0.0198  0.0201  0.0198  0.0197
  0.0197  0.0196  0.0196  0.0199  0.0197  0.0206  0.0196  0.0200  0.0195  0.0197  0.0195  0.0195
  0.0194  0.0194  0.0194  0.0196  0.0194  0.0198  0.0194  0.0195  0.0194  0.0194  0.0194  0.0193
  0.0194  0.0194  0.0194  0.0194  0.0194  0.0193  0.0193  0.0193  0.0193  0.0193  0.0193  0.0193
  0.0194  0.0194  0.0194  0.0194  0.0194  0.0194  0.0194  0.0195  0.0194  0.0194  0.0194  0.0194
  0.0197  0.0196  0.0196  0.0197  0.0197  0.0200  0.0196  0.0200  0.0195  0.0196  0.0196  0.0195
  0.0201  0.0199  0.0199  0.0203  0.0201  0.0211  0.0199  0.0209  0.0197  0.0201  0.0199  0.0197
niter,ni,del,rscale     1    3    5.0000    0.4000
parameters
   -2.5768   -3.2235   11.8452   -2.5167   -9.6112   -2.8803
   11.7336   -7.5431  -11.6075   -6.5858    7.2674    0.3847
eta,q 0.98073 11.13770
  0.0198  0.0197  0.0197  0.0199  0.0198  0.0208  0.0197  0.0203  0.0196  0.0198  0.0196  0.0195
  0.0195  0.0195  0.0195  0.0196  0.0195  0.0202  0.0195  0.0197  0.0194  0.0195  0.0194  0.0194
  0.0194  0.0193  0.0194  0.0194  0.0194  0.0196  0.0193  0.0194  0.0193  0.0193  0.0193  0.0193
  0.0193  0.0193  0.0193  0.0193  0.0193  0.0193  0.0193  0.0193  0.0193  0.0193  0.0193  0.0193
  0.0194  0.0194  0.0193  0.0193  0.0194  0.0193  0.0193  0.0194  0.0193  0.0193  0.0193  0.0193
  0.0195  0.0195  0.0194  0.0195  0.0195  0.0198  0.0194  0.0197  0.0194  0.0195  0.0194  0.0194
  0.0198  0.0197  0.0196  0.0199  0.0198  0.0205  0.0197  0.0203  0.0196  0.0197  0.0197  0.0195
registration optimization eta report
parameter search radius
    0.8000    0.8000    0.8000    2.4000    2.4000    2.4000
    2.4000    2.4000    2.4000    2.4000    2.4000    2.4000
100000*second partial in parameter space
       75.       55.       57.       11.        8.       23.
        7.       18.        5.        8.        6.        4.
  0.0198  0.0197  0.0197  0.0199  0.0198  0.0208  0.0197  0.0203  0.0196  0.0198  0.0196  0.0195
  0.0195  0.0195  0.0195  0.0196  0.0195  0.0202  0.0195  0.0197  0.0194  0.0195  0.0194  0.0194
  0.0194  0.0193  0.0194  0.0194  0.0194  0.0196  0.0193  0.0194  0.0193  0.0193  0.0193  0.0193
  0.0193  0.0193  0.0193  0.0193  0.0193  0.0193  0.0193  0.0193  0.0193  0.0193  0.0193  0.0193
  0.0194  0.0194  0.0193  0.0193  0.0194  0.0193  0.0193  0.0194  0.0193  0.0193  0.0193  0.0193
  0.0195  0.0195  0.0194  0.0195  0.0195  0.0198  0.0194  0.0197  0.0194  0.0195  0.0194  0.0194
  0.0198  0.0197  0.0196  0.0199  0.0198  0.0205  0.0197  0.0203  0.0196  0.0197  0.0197  0.0195
   -2.5768   -3.2235   11.8452   -2.5167   -9.6112   -2.8803
   11.7336   -7.5431  -11.6075   -6.5858    7.2674    0.3847
eta,q 0.98073 11.13770

---------------------------------------------------------------------
compute_vox2vox talsrcimg talsrcimg_to_711-2C_as_mni_average_305_t4 /opt/freesurfer/average/711-2C_as_mni_average_305
---------------------------------------------------------------------

freesurfer compute_vox2vox.c
Reading: talsrcimg.4dfp.ifh
Reading: talsrcimg_to_711-2C_as_mni_average_305_t4
Reading: /opt/freesurfer/average/711-2C_as_mni_average_305.4dfp.ifh
Writing: talsrcimg_to_711-2C_as_mni_average_305_t4_vox2vox.txt

start time Wed Mar 11 09:52:03 CET 2026
end		time Wed Mar 11 09:53:30 CET 2026

mpr2mni305 success

avi2talxfm orig_nu.mgz /opt/freesurfer/average/mni305.cor.mgz talsrcimg_to_711-2C_as_mni_average_305_t4_vox2vox.txt transforms/talairach.auto.xfm
avi2talxfm done
mv -f /out/sourcedata/freesurfer/sub-v2s15x29757_ses-1/mri/talsrcimg_to_711-2C_as_mni_average_305_t4_vox2vox.txt /out/sourcedata/freesurfer/sub-v2s15x29757_ses-1/mri/transforms/talsrcimg_to_711-2C_as_mni_average_305_t4_vox2vox.txt
lta_convert --src orig_nu.mgz --trg /opt/freesurfer/average/mni305.cor.mgz --inxfm transforms/talairach.auto.xfm --outlta transforms/talairach.auto.xfm.lta --subject fsaverage
7.3.2

--src: orig_nu.mgz src image (geometry).
--trg: /opt/freesurfer/average/mni305.cor.mgz trg image (geometry).
--inmni: transforms/talairach.auto.xfm input MNI/XFM transform.
--outlta: transforms/talairach.auto.xfm.lta output LTA.
--s: fsaverage subject name
 LTA read, type : 1
 1.00509   0.06920  -0.13077   5.49216;
-0.07570   1.02415   0.00547  -17.88547;
 0.12355   0.08351   1.08994  -20.06879;
 0.00000   0.00000   0.00000   1.00000;
setting subject to fsaverage
Writing  LTA to file transforms/talairach.auto.xfm.lta...
lta_convert successful.
 
 
Started at Wed Mar 11 09:52:03 CET 2026
Ended   at Wed Mar 11 09:53:30 CET 2026
talairach_avi done
