/out/sourcedata/freesurfer/sub-v2s15x29759_ses-1/mri
/opt/freesurfer/bin/talairach_avi
--i orig_nu.mgz --xfm transforms/talairach.auto.xfm
talairach_avi 7.3.2
Linux dna029 5.14.0-427.37.1.el9_4.x86_64 #1 SMP PREEMPT_DYNAMIC Fri Sep 13 12:41:50 EDT 2024 x86_64 x86_64 x86_64 GNU/Linux
Wed Mar 11 10:00:01 CET 2026
mri_convert orig_nu.mgz talsrcimg.img 
reading from orig_nu.mgz...
TR=0.00, TE=0.00, TI=0.00, flip angle=0.00
i_ras = (-1, 0, 1.86265e-09)
j_ras = (0, 0, -1)
k_ras = (0, 1, 0)
writing to talsrcimg.img...
Analyze Output Matrix
-1.00000   0.00000   0.00000   135.66690;
 0.00000   0.00000   1.00000  -121.34669;
 0.00000  -1.00000   0.00000   127.02075;
 0.00000   0.00000   0.00000   1.00000;
--------------------
INFO: set hdr.hist.orient to -1
mpr2mni305 talsrcimg
Wed Mar 11 10:00:02 CET 2026
/opt/freesurfer/bin/mpr2mni305 talsrcimg
mpr2mni305 7.3.2
target=711-2C_as_mni_average_305

---------------------------------------------------------------------
analyzeto4dfp talsrcimg -O0 -y
---------------------------------------------------------------------

freesurfer ifh2hdr.c
Wed Mar 11 10:00:02 2026
Writing: talsrcimg.4dfp.hdr
freesurfer analyzeto4dfp.c
Reading: talsrcimg.hdr
header size 348 bytes
hdr.dime.datatype	offset=70	value=2
hdr.dime.bitpix		offset=72	value=8
hdr.hist.orient		offset=252	value=-1
dimensionality     4
dimensions       256       256       256         1
Reading: talsrcimg.img
Writing: talsrcimg.4dfp.img
Writing: talsrcimg.4dfp.ifh
ifh2hdr talsrcimg -r0to214
ori=2

---------------------------------------------------------------------
gauss_4dfp talsrcimg 1.1
---------------------------------------------------------------------

freesurfer gauss_4dfp.c
Reading: talsrcimg.4dfp.img
Writing: talsrcimg_g11.4dfp.img
image dimensions 256 256 256 padded to 288 288 288
processing volume 1freesurfer ifh2hdr.c
Wed Mar 11 10:00:03 2026
Writing: talsrcimg_g11.4dfp.hdr

Writing: talsrcimg_g11.4dfp.ifh
including: talsrcimg.4dfp.img.rec in talsrcimg_g11.4dfp.img.rec

---------------------------------------------------------------------
imgreg_4dfp /opt/freesurfer/average/711-2C_as_mni_average_305 none talsrcimg_g11 none talsrcimg_to_711-2C_as_mni_average_305_t4 4355
---------------------------------------------------------------------

freesurfer imgreg_4dfp.c
/opt/freesurfer/average/711-2C_as_mni_average_305.4dfp.img
       256       256       256         1
  1.000000  1.000000  1.000000
orientation T byte_order littleendian
Reading image: /opt/freesurfer/average/711-2C_as_mni_average_305.4dfp.img
dimensions:      256       256       256
mmppix:       1.0000   -1.0000   -1.0000
center:     128.0000 -129.0000 -129.0000
talsrcimg_g11.4dfp.img
       256       256       256         1
  1.000000  1.000000  1.000000
orientation T byte_order littleendian
Reading image: talsrcimg_g11.4dfp.img
dimensions:      256       256       256
mmppix:       1.0000   -1.0000   -1.0000
center:     128.0000 -129.0000 -129.0000
t4_read: open error in t4_sub.f l:  41 t4_file(1:l)talsrcimg_to_711-2C_as_mni_average_305_t4 
t4_read: transform initialized to I4
rotation matrix determinant  1.000000
image alignment mode   4355 decimal     1103 hex
   -7.5000  -45.0000  -45.0000 8940.4688   17.9821
    0.0000  -45.0000  -45.0000 9379.8359   17.9322
    7.5000  -45.0000  -45.0000 8991.7891   17.9180
   -7.5000  -37.5000  -45.0000 9332.3359   17.9681
    0.0000  -37.5000  -45.0000 9816.7900   17.9172
    7.5000  -37.5000  -45.0000 9391.8154   17.9145
   -7.5000  -30.0000  -45.000010023.9160   17.9655
    0.0000  -30.0000  -45.000010534.5312   17.9109
    7.5000  -30.0000  -45.000010067.7725   17.9213
   -7.5000  -22.5000  -45.000010710.7129   17.9664
    0.0000  -22.5000  -45.000011238.6504   17.9097
    7.5000  -22.5000  -45.000010704.9707   17.9215
   -7.5000  -15.0000  -45.000011258.7129   17.9671
    0.0000  -15.0000  -45.000011779.0391   17.9122
    7.5000  -15.0000  -45.000011213.3008   17.9136
   -7.5000   -7.5000  -45.000011661.3027   17.9678
    0.0000   -7.5000  -45.000012217.8789   17.9162
    7.5000   -7.5000  -45.000011615.3594   17.9049
   -7.5000    0.0000  -45.000011923.1260   17.9694
    0.0000    0.0000  -45.000012539.9131   17.9198
    7.5000    0.0000  -45.000011880.4463   17.9057
   -7.5000    7.5000  -45.000011272.5439   17.9678
    0.0000    7.5000  -45.000011868.0000   17.9170
    7.5000    7.5000  -45.000011229.6025   17.9142
   -7.5000   15.0000  -45.000010412.8320   17.9655
    0.0000   15.0000  -45.000010965.9727   17.9109
    7.5000   15.0000  -45.000010391.6484   17.9213
   -7.5000   22.5000  -45.0000 9470.3115   17.9639
    0.0000   22.5000  -45.0000 9980.9541   17.9073
    7.5000   22.5000  -45.0000 9467.4678   17.9190
   -7.5000   30.0000  -45.0000 8602.8770   17.7287
    0.0000   30.0000  -45.0000 9054.3379   17.6747
    7.5000   30.0000  -45.0000 8593.4502   17.6760
   -7.5000   37.5000  -45.0000 8103.7500   17.8013
    0.0000   37.5000  -45.0000 8498.0693   17.7505
    7.5000   37.5000  -45.0000 8092.4209   17.7397
   -7.5000   45.0000  -45.0000 7332.2568   17.6265
    0.0000   45.0000  -45.0000 7682.3247   17.5780
    7.5000   45.0000  -45.0000 7309.5845   17.5668
   -7.5000  -45.0000  -37.5000 9462.2207   17.9179
    0.0000  -45.0000  -37.5000 9935.3223   17.8674
    7.5000  -45.0000  -37.5000 9459.7441   17.8530
   -7.5000  -37.5000  -37.5000 9872.8311   17.9085
    0.0000  -37.5000  -37.500010366.4092   17.8565
    7.5000  -37.5000  -37.5000 9865.9482   17.8522
   -7.5000  -30.0000  -37.500010580.1221   17.9016
    0.0000  -30.0000  -37.500011106.3926   17.8464
    7.5000  -30.0000  -37.500010592.5645   17.8560
   -7.5000  -22.5000  -37.500011295.9990   17.8927
    0.0000  -22.5000  -37.500011832.3340   17.8364
    7.5000  -22.5000  -37.500011254.7910   17.8497
   -7.5000  -15.0000  -37.500011856.3477   17.8877
    0.0000  -15.0000  -37.500012429.8975   17.8339
    7.5000  -15.0000  -37.500011801.3564   17.8379
   -7.5000   -7.5000  -37.500012267.8008   17.8932
    0.0000   -7.5000  -37.500012892.4873   17.8424
    7.5000   -7.5000  -37.500012198.3076   17.8329
   -7.5000    0.0000  -37.500012535.4150   17.9049
    0.0000    0.0000  -37.500013235.5947   17.8548
    7.5000    0.0000  -37.500012483.2471   17.8405
   -7.5000    7.5000  -37.500011832.7822   17.9082
    0.0000    7.5000  -37.500012526.8340   17.8563
    7.5000    7.5000  -37.500011786.2725   17.8520
   -7.5000   15.0000  -37.500010920.4707   17.9016
    0.0000   15.0000  -37.500011569.2891   17.8464
    7.5000   15.0000  -37.500010891.9043   17.8560
   -7.5000   22.5000  -37.5000 9920.1377   17.8902
    0.0000   22.5000  -37.500010497.8506   17.8340
    7.5000   22.5000  -37.5000 9899.7686   17.8473
   -7.5000   30.0000  -37.5000 9001.8291   17.6505
    0.0000   30.0000  -37.5000 9518.5596   17.5974
    7.5000   30.0000  -37.5000 9012.9385   17.6014
   -7.5000   37.5000  -37.5000 8491.7061   17.7274
    0.0000   37.5000  -37.5000 8915.1660   17.6770
    7.5000   37.5000  -37.5000 8476.9180   17.6678
   -7.5000   45.0000  -37.5000 7684.5439   17.5621
    0.0000   45.0000  -37.5000 8041.0547   17.5135
    7.5000   45.0000  -37.5000 7662.3696   17.5019
   -7.5000  -45.0000  -30.000010179.2734   18.6822
    0.0000  -45.0000  -30.000010692.0840   18.6273
    7.5000  -45.0000  -30.000010138.9375   18.6178
   -7.5000  -37.5000  -30.000010615.9609   18.6801
    0.0000  -37.5000  -30.000011135.2559   18.6222
    7.5000  -37.5000  -30.000010570.7930   18.6218
   -7.5000  -30.0000  -30.000011368.3701   18.6640
    0.0000  -30.0000  -30.000011921.9160   18.6041
    7.5000  -30.0000  -30.000011308.1797   18.6176
   -7.5000  -22.5000  -30.000012119.1045   18.6362
    0.0000  -22.5000  -30.000012681.4229   18.5782
    7.5000  -22.5000  -30.000012003.2695   18.5965
   -7.5000  -15.0000  -30.000012708.0527   18.6216
    0.0000  -15.0000  -30.000013330.0264   18.5680
    7.5000  -15.0000  -30.000012599.3389   18.5780
   -7.5000   -7.5000  -30.000013098.3496   18.6381
    0.0000   -7.5000  -30.000013796.8730   18.5859
    7.5000   -7.5000  -30.000013000.6455   18.5823
   -7.5000    0.0000  -30.000013381.2227   18.6685
    0.0000    0.0000  -30.000014131.2139   18.6140
    7.5000    0.0000  -30.000013286.0625   18.6047
   -7.5000    7.5000  -30.000012608.2754   18.6798
    0.0000    7.5000  -30.000013375.1406   18.6220
    7.5000    7.5000  -30.000012538.2627   18.6215
   -7.5000   15.0000  -30.000011663.9482   18.6640
    0.0000   15.0000  -30.000012355.3340   18.6041
    7.5000   15.0000  -30.000011604.4434   18.6176
   -7.5000   22.5000  -30.000010582.1045   18.6317
    0.0000   22.5000  -30.000011189.4766   18.5738
    7.5000   22.5000  -30.000010537.9219   18.5921
   -7.5000   30.0000  -30.0000 9563.0977   18.3766
    0.0000   30.0000  -30.000010141.0107   18.3238
    7.5000   30.0000  -30.0000 9589.7168   18.3337
   -7.5000   37.5000  -30.0000 9015.0127   18.4684
    0.0000   37.5000  -30.0000 9495.4287   18.4164
    7.5000   37.5000  -30.0000 9003.8730   18.4130
   -7.5000   45.0000  -30.0000 8140.0674   18.3234
    0.0000   45.0000  -30.0000 8559.7549   18.2707
    7.5000   45.0000  -30.0000 8125.6240   18.2643
   -7.5000  -45.0000  -22.500010876.2197   19.3056
    0.0000  -45.0000  -22.500011419.3203   19.2479
    7.5000  -45.0000  -22.500010850.8154   19.2465
   -7.5000  -37.5000  -22.500011332.3643   19.3073
    0.0000  -37.5000  -22.500011866.9678   19.2455
    7.5000  -37.5000  -22.500011282.6748   19.2520
   -7.5000  -30.0000  -22.500012119.4902   19.2878
    0.0000  -30.0000  -22.500012671.6992   19.2240
    7.5000  -30.0000  -22.500012006.8311   19.2418
   -7.5000  -22.5000  -22.500012918.1357   19.2517
    0.0000  -22.5000  -22.500013497.1689   19.1917
    7.5000  -22.5000  -22.500012754.2754   19.2122
   -7.5000  -15.0000  -22.500013579.4062   19.2323
    0.0000  -15.0000  -22.500014223.6777   19.1784
    7.5000  -15.0000  -22.500013418.1396   19.1917
   -7.5000   -7.5000  -22.500013995.2041   19.2532
    0.0000   -7.5000  -22.500014718.3896   19.1998
    7.5000   -7.5000  -22.500013837.3115   19.2027
   -7.5000    0.0000  -22.500014245.6709   19.2917
    0.0000    0.0000  -22.500015032.2197   19.2344
    7.5000    0.0000  -22.500014116.9658   19.2332
   -7.5000    7.5000  -22.500013403.2158   19.3070
    0.0000    7.5000  -22.500014176.6943   19.2452
    7.5000    7.5000  -22.500013316.1211   19.2517
   -7.5000   15.0000  -22.500012415.7715   19.2878
    0.0000   15.0000  -22.500013128.8096   19.2240
    7.5000   15.0000  -22.500012331.2119   19.2418
   -7.5000   22.5000  -22.500011267.6504   19.2458
    0.0000   22.5000  -22.500011914.3838   19.1858
    7.5000   22.5000  -22.500011184.6406   19.2063
   -7.5000   30.0000  -22.500010172.2969   18.9824
    0.0000   30.0000  -22.500010778.8223   18.9292
    7.5000   30.0000  -22.500010146.3730   18.9424
   -7.5000   37.5000  -22.5000 9557.3213   19.0818
    0.0000   37.5000  -22.500010076.1475   19.0287
    7.5000   37.5000  -22.5000 9526.1064   19.0315
   -7.5000   45.0000  -22.5000 8590.7822   18.9480
    0.0000   45.0000  -22.5000 9036.0332   18.8921
    7.5000   45.0000  -22.5000 8562.2031   18.8940
   -7.5000  -45.0000  -15.000011581.9375   19.7354
    0.0000  -45.0000  -15.000012141.5732   19.6774
    7.5000  -45.0000  -15.000011529.2842   19.6777
   -7.5000  -37.5000  -15.000012035.8662   19.7333
    0.0000  -37.5000  -15.000012571.7412   19.6712
    7.5000  -37.5000  -15.000011960.9941   19.6803
   -7.5000  -30.0000  -15.000012838.2119   19.7189
    0.0000  -30.0000  -15.000013381.6582   19.6536
    7.5000  -30.0000  -15.000012693.8506   19.6720
   -7.5000  -22.5000  -15.000013686.8369   19.6922
    0.0000  -22.5000  -15.000014292.4375   19.6300
    7.5000  -22.5000  -15.000013510.6445   19.6482
   -7.5000  -15.0000  -15.000014403.5215   19.6774
    0.0000  -15.0000  -15.000015098.9629   19.6211
    7.5000  -15.0000  -15.000014224.8672   19.6314
   -7.5000   -7.5000  -15.000014879.9072   19.6927
    0.0000   -7.5000  -15.000015615.4248   19.6377
    7.5000   -7.5000  -15.000014659.2715   19.6397
   -7.5000    0.0000  -15.000015137.3975   19.7216
    0.0000    0.0000  -15.000015906.4678   19.6639
    7.5000    0.0000  -15.000014937.9355   19.6644
   -7.5000    7.5000  -15.000014179.7129   19.7329
    0.0000    7.5000  -15.000014965.4971   19.6709
    7.5000    7.5000  -15.000014061.0332   19.6800
   -7.5000   15.0000  -15.000013126.3057   19.7189
    0.0000   15.0000  -15.000013898.6094   19.6536
    7.5000   15.0000  -15.000013045.3291   19.6720
   -7.5000   22.5000  -15.000011941.3789   19.6853
    0.0000   22.5000  -15.000012633.8398   19.6230
    7.5000   22.5000  -15.000011864.9209   19.6412
   -7.5000   30.0000  -15.000010793.6982   19.4245
    0.0000   30.0000  -15.000011418.5400   19.3690
    7.5000   30.0000  -15.000010744.0166   19.3791
   -7.5000   37.5000  -15.000010113.1035   19.5201
    0.0000   37.5000  -15.000010664.9941   19.4655
    7.5000   37.5000  -15.000010059.9092   19.4675
   -7.5000   45.0000  -15.0000 9055.2842   19.3817
    0.0000   45.0000  -15.0000 9546.4346   19.3247
    7.5000   45.0000  -15.0000 9031.9385   19.3285
   -7.5000  -45.0000   -7.500012313.7148   19.9554
    0.0000  -45.0000   -7.500012920.0234   19.8988
    7.5000  -45.0000   -7.500012266.6680   19.8915
   -7.5000  -37.5000   -7.500012806.3730   19.9443
    0.0000  -37.5000   -7.500013390.7041   19.8855
    7.5000  -37.5000   -7.500012710.4561   19.8897
   -7.5000  -30.0000   -7.500013629.1836   19.9383
    0.0000  -30.0000   -7.500014195.5850   19.8756
    7.5000  -30.0000   -7.500013455.2891   19.8915
   -7.5000  -22.5000   -7.500014522.3174   19.9305
    0.0000  -22.5000   -7.500015156.9824   19.8680
    7.5000  -22.5000   -7.500014313.8711   19.8831
   -7.5000  -15.0000   -7.500015296.4951   19.9263
    0.0000  -15.0000   -7.500015992.3076   19.8675
    7.5000  -15.0000   -7.500015076.3936   19.8720
   -7.5000   -7.5000   -7.500015790.3311   19.9316
    0.0000   -7.5000   -7.500016539.0781   19.8751
    7.5000   -7.5000   -7.500015542.0371   19.8691
   -7.5000    0.0000   -7.500016084.8594   19.9415
    0.0000    0.0000   -7.500016834.8320   19.8853
    7.5000    0.0000   -7.500015851.8047   19.8782
   -7.5000    7.5000   -7.500015097.4619   19.9440
    0.0000    7.5000   -7.500015876.5107   19.8852
    7.5000    7.5000   -7.500014919.3369   19.8894
   -7.5000   15.0000   -7.500013972.3672   19.9383
    0.0000   15.0000   -7.500014757.4297   19.8756
    7.5000   15.0000   -7.500013845.2246   19.8915
   -7.5000   22.5000   -7.500012721.0400   19.9213
    0.0000   22.5000   -7.500013454.3750   19.8588
    7.5000   22.5000   -7.500012618.5615   19.8739
   -7.5000   30.0000   -7.500011522.0381   19.6694
    0.0000   30.0000   -7.500012169.0391   19.6114
    7.5000   30.0000   -7.500011426.5479   19.6158
   -7.5000   37.5000   -7.500010785.6279   19.7551
    0.0000   37.5000   -7.500011344.3418   19.6993
    7.5000   37.5000   -7.500010671.2148   19.6936
   -7.5000   45.0000   -7.5000 9641.4873   19.6022
    0.0000   45.0000   -7.500010115.2686   19.5466
    7.5000   45.0000   -7.5000 9536.3730   19.5430
   -7.5000  -45.0000    0.000012964.1826   20.0151
    0.0000  -45.0000    0.000013623.3877   19.9598
    7.5000  -45.0000    0.000012914.9121   19.9446
   -7.5000  -37.5000    0.000013587.7080   19.9995
    0.0000  -37.5000    0.000014258.6982   19.9432
    7.5000  -37.5000    0.000013490.6650   19.9406
   -7.5000  -30.0000    0.000014483.3135   19.9975
    0.0000  -30.0000    0.000015111.8545   19.9370
    7.5000  -30.0000    0.000014291.5752   19.9488
   -7.5000  -22.5000    0.000015372.3838   19.9993
    0.0000  -22.5000    0.000015952.2520   19.9364
    7.5000  -22.5000    0.000015133.8428   19.9496
   -7.5000  -15.0000    0.000016152.1660   20.0000
    0.0000  -15.0000    0.000016777.8945   19.9392
    7.5000  -15.0000    0.000015923.2383   19.9409
   -7.5000   -7.5000    0.000016721.8828   20.0000
    0.0000   -7.5000    0.000017390.2754   19.9429
    7.5000   -7.5000    0.000016462.4609   19.9308
   -7.5000    0.0000    0.000017065.7422   20.0009
    0.0000    0.0000    0.000017784.3965   19.9460
    7.5000    0.0000    0.000016770.0762   19.9310
   -7.5000    7.5000    0.000016076.8359   19.9992
    0.0000    7.5000    0.000016814.6660   19.9429
    7.5000    7.5000    0.000015784.8145   19.9403
   -7.5000   15.0000    0.000014885.7461   19.9975
    0.0000   15.0000    0.000015619.3838   19.9370
    7.5000   15.0000    0.000014610.3721   19.9488
   -7.5000   22.5000    0.000013578.5498   19.9901
    0.0000   22.5000    0.000014280.1113   19.9272
    7.5000   22.5000    0.000013333.8438   19.9404
   -7.5000   30.0000    0.000012248.5928   19.7424
    0.0000   30.0000    0.000012887.9551   19.6824
    7.5000   30.0000    0.000012046.1279   19.6842
   -7.5000   37.5000    0.000011390.8916   19.8220
    0.0000   37.5000    0.000011978.2012   19.7657
    7.5000   37.5000    0.000011199.2607   19.7541
   -7.5000   45.0000    0.000010139.6270   19.6635
    0.0000   45.0000    0.000010644.7773   19.6096
    7.5000   45.0000    0.0000 9970.1318   19.5978
   -7.5000  -45.0000    7.500012492.9473   20.0465
    0.0000  -45.0000    7.500013203.9082   19.9900
    7.5000  -45.0000    7.500012477.2959   19.9737
   -7.5000  -37.5000    7.500013313.4404   20.0359
    0.0000  -37.5000    7.500014107.3105   19.9776
    7.5000  -37.5000    7.500013253.9463   19.9727
   -7.5000  -30.0000    7.500014505.0566   20.0281
    0.0000  -30.0000    7.500015176.4531   19.9661
    7.5000  -30.0000    7.500014292.0928   19.9769
   -7.5000  -22.5000    7.500015341.3154   20.0181
    0.0000  -22.5000    7.500015732.3477   19.9550
    7.5000  -22.5000    7.500015062.0605   19.9699
   -7.5000  -15.0000    7.500016015.0156   20.0127
    0.0000  -15.0000    7.500016376.7959   19.9523
    7.5000  -15.0000    7.500015710.5869   19.9569
   -7.5000   -7.5000    7.500016543.5117   20.0189
    0.0000   -7.5000    7.500017038.4551   19.9620
    7.5000   -7.5000    7.500016192.9365   19.9513
   -7.5000    0.0000    7.500016869.1680   20.0319
    0.0000    0.0000    7.500017522.5684   19.9758
    7.5000    0.0000    7.500016431.1719   19.9598
   -7.5000    7.5000    7.500015831.8564   20.0355
    0.0000    7.5000    7.500016543.2148   19.9773
    7.5000    7.5000    7.500015389.6270   19.9725
   -7.5000   15.0000    7.500014554.5342   20.0281
    0.0000   15.0000    7.500015284.5605   19.9661
    7.5000   15.0000    7.500014172.0928   19.9769
   -7.5000   22.5000    7.500013218.0137   20.0089
    0.0000   22.5000    7.500013943.4209   19.9458
    7.5000   22.5000    7.500012927.4424   19.9607
   -7.5000   30.0000    7.500011917.2949   19.7549
    0.0000   30.0000    7.500012568.5010   19.6954
    7.5000   30.0000    7.500011677.1455   19.6999
   -7.5000   37.5000    7.500011067.3281   19.8411
    0.0000   37.5000    7.500011660.7324   19.7846
    7.5000   37.5000    7.500010842.2549   19.7743
   -7.5000   45.0000    7.5000 9874.2559   19.6947
    0.0000   45.0000    7.500010351.4502   19.6401
    7.5000   45.0000    7.5000 9693.7266   19.6269
   -7.5000  -45.0000   15.000011911.4902   20.0662
    0.0000  -45.0000   15.000012555.2646   20.0073
    7.5000  -45.0000   15.000011919.8594   19.9972
   -7.5000  -37.5000   15.000012754.2510   20.0639
    0.0000  -37.5000   15.000013588.6924   20.0019
    7.5000  -37.5000   15.000012698.0527   20.0015
   -7.5000  -30.0000   15.000014041.9570   20.0466
    0.0000  -30.0000   15.000014833.9814   19.9823
    7.5000  -30.0000   15.000013841.1992   19.9970
   -7.5000  -22.5000   15.000014947.7061   20.0167
    0.0000  -22.5000   15.000015569.8965   19.9545
    7.5000  -22.5000   15.000014639.7559   19.9743
   -7.5000  -15.0000   15.000015603.6553   20.0009
    0.0000  -15.0000   15.000016172.1904   19.9435
    7.5000  -15.0000   15.000015199.9150   19.9544
   -7.5000   -7.5000   15.000016005.2451   20.0187
    0.0000   -7.5000   15.000016643.2031   19.9627
    7.5000   -7.5000   15.000015544.1309   19.9590
   -7.5000    0.0000   15.000016209.6064   20.0515
    0.0000    0.0000   15.000016913.5801   19.9930
    7.5000    0.0000   15.000015708.5244   19.9831
   -7.5000    7.5000   15.000015126.6172   20.0636
    0.0000    7.5000   15.000015806.6045   20.0016
    7.5000    7.5000   15.000014688.7021   20.0012
   -7.5000   15.0000   15.000013892.5059   20.0466
    0.0000   15.0000   15.000014593.8389   19.9823
    7.5000   15.0000   15.000013541.7881   19.9970
   -7.5000   22.5000   15.000012642.4268   20.0074
    0.0000   22.5000   15.000013315.7139   19.9453
    7.5000   22.5000   15.000012369.0146   19.9651
   -7.5000   30.0000   15.000011407.8594   19.7436
    0.0000   30.0000   15.000012041.3359   19.6869
    7.5000   30.0000   15.000011194.3418   19.6977
   -7.5000   37.5000   15.000010570.0928   19.8423
    0.0000   37.5000   15.000011180.0078   19.7865
    7.5000   37.5000   15.000010388.0078   19.7830
   -7.5000   45.0000   15.0000 9432.9873   19.7128
    0.0000   45.0000   15.0000 9918.3535   19.6562
    7.5000   45.0000   15.0000 9281.5479   19.6494
   -7.5000  -45.0000   22.500011305.7939   20.1070
    0.0000  -45.0000   22.500012015.5986   20.0470
    7.5000  -45.0000   22.500011234.4131   20.0461
   -7.5000  -37.5000   22.500012025.9854   20.1090
    0.0000  -37.5000   22.500012873.7559   20.0447
    7.5000  -37.5000   22.500011903.0244   20.0520
   -7.5000  -30.0000   22.500013054.5684   20.0888
    0.0000  -30.0000   22.500013843.2900   20.0224
    7.5000  -30.0000   22.500012827.7578   20.0415
   -7.5000  -22.5000   22.500013873.7861   20.0510
    0.0000  -22.5000   22.500014589.5166   19.9886
    7.5000  -22.5000   22.500013571.1924   20.0105
   -7.5000  -15.0000   22.500014580.2695   20.0306
    0.0000  -15.0000   22.500015368.6748   19.9744
    7.5000  -15.0000   22.500014262.0098   19.9889
   -7.5000   -7.5000   22.500015019.8623   20.0522
    0.0000   -7.5000   22.500015829.2246   19.9967
    7.5000   -7.5000   22.500014669.4482   20.0002
   -7.5000    0.0000   22.500015228.0664   20.0925
    0.0000    0.0000   22.500016026.1875   20.0329
    7.5000    0.0000   22.500014873.1172   20.0322
   -7.5000    7.5000   22.500014213.8252   20.1086
    0.0000    7.5000   22.500014919.4561   20.0444
    7.5000    7.5000   22.500013888.7188   20.0517
   -7.5000   15.0000   22.500013080.7354   20.0888
    0.0000   15.0000   22.500013757.5615   20.0224
    7.5000   15.0000   22.500012827.9521   20.0415
   -7.5000   22.5000   22.500011905.2725   20.0418
    0.0000   22.5000   22.500012493.5254   19.9794
    7.5000   22.5000   22.500011708.7480   20.0013
   -7.5000   30.0000   22.500010736.1943   19.7731
    0.0000   30.0000   22.500011284.4854   19.7177
    7.5000   30.0000   22.500010587.4844   19.7320
   -7.5000   37.5000   22.5000 9953.2529   19.8767
    0.0000   37.5000   22.500010451.5059   19.8215
    7.5000   37.5000   22.5000 9826.2305   19.8250
   -7.5000   45.0000   22.5000 8930.0059   19.7529
    0.0000   45.0000   22.5000 9341.5127   19.6948
    7.5000   45.0000   22.5000 8814.7920   19.6973
   -7.5000  -45.0000   30.000010442.2783   20.1636
    0.0000  -45.0000   30.000011035.1650   20.1042
    7.5000  -45.0000   30.000010391.4697   20.1055
   -7.5000  -37.5000   30.000010993.6338   20.1616
    0.0000  -37.5000   30.000011617.2041   20.0980
    7.5000  -37.5000   30.000010942.2070   20.1084
   -7.5000  -30.0000   30.000011839.2275   20.1469
    0.0000  -30.0000   30.000012363.5449   20.0800
    7.5000  -30.0000   30.000011727.9600   20.1000
   -7.5000  -22.5000   30.000012542.5137   20.1194
    0.0000  -22.5000   30.000013069.6631   20.0557
    7.5000  -22.5000   30.000012414.6123   20.0754
   -7.5000  -15.0000   30.000013210.2852   20.1040
    0.0000  -15.0000   30.000013804.0547   20.0464
    7.5000  -15.0000   30.000013078.0029   20.0580
   -7.5000   -7.5000   30.000013709.8457   20.1196
    0.0000   -7.5000   30.000014345.0156   20.0633
    7.5000   -7.5000   30.000013544.2256   20.0664
   -7.5000    0.0000   30.000014004.6631   20.1494
    0.0000    0.0000   30.000014673.9365   20.0903
    7.5000    0.0000   30.000013822.9307   20.0918
   -7.5000    7.5000   30.000013126.7324   20.1612
    0.0000    7.5000   30.000013746.2441   20.0977
    7.5000    7.5000   30.000012931.2520   20.1081
   -7.5000   15.0000   30.000012102.5391   20.1469
    0.0000   15.0000   30.000012705.0635   20.0800
    7.5000   15.0000   30.000011944.1494   20.1000
   -7.5000   22.5000   30.000010995.4482   20.1102
    0.0000   22.5000   30.000011547.2510   20.0464
    7.5000   22.5000   30.000010885.5811   20.0662
   -7.5000   30.0000   30.0000 9898.2559   19.8456
    0.0000   30.0000   30.000010407.9971   19.7888
    7.5000   30.0000   30.0000 9833.7178   19.8002
   -7.5000   37.5000   30.0000 9192.3857   19.9439
    0.0000   37.5000   30.0000 9633.9248   19.8881
    7.5000   37.5000   30.0000 9132.8164   19.8911
   -7.5000   45.0000   30.0000 8261.1455   19.8104
    0.0000   45.0000   30.0000 8619.6436   19.7521
    7.5000   45.0000   30.0000 8193.2373   19.7570
   -7.5000  -45.0000   37.5000 9945.0371   20.4974
    0.0000  -45.0000   37.500010484.7744   20.4381
    7.5000  -45.0000   37.5000 9994.5215   20.4319
   -7.5000  -37.5000   37.500010420.1768   20.4859
    0.0000  -37.5000   37.500010976.5684   20.4244
    7.5000  -37.5000   37.500010475.6602   20.4303
   -7.5000  -30.0000   37.500011163.3467   20.4799
    0.0000  -30.0000   37.500011680.6123   20.4145
    7.5000  -30.0000   37.500011185.7500   20.4327
   -7.5000  -22.5000   37.500011862.9971   20.4720
    0.0000  -22.5000   37.500012379.5781   20.4066
    7.5000  -22.5000   37.500011855.6328   20.4239
   -7.5000  -15.0000   37.500012519.2959   20.4674
    0.0000  -15.0000   37.500013080.5078   20.4057
    7.5000  -15.0000   37.500012486.1807   20.4119
   -7.5000   -7.5000   37.500013005.5303   20.4725
    0.0000   -7.5000   37.500013591.5332   20.4133
    7.5000   -7.5000   37.500012952.5977   20.4085
   -7.5000    0.0000   37.500013360.3896   20.4828
    0.0000    0.0000   37.500013983.5479   20.4239
    7.5000    0.0000   37.500013285.9619   20.4178
   -7.5000    7.5000   37.500012571.8896   20.4855
    0.0000    7.5000   37.500013185.4688   20.4241
    7.5000    7.5000   37.500012480.7646   20.4300
   -7.5000   15.0000   37.500011650.0205   20.4799
    0.0000   15.0000   37.500012198.5996   20.4145
    7.5000   15.0000   37.500011545.3848   20.4327
   -7.5000   22.5000   37.500010599.1895   20.4626
    0.0000   22.5000   37.500011087.5732   20.3971
    7.5000   22.5000   37.500010525.6074   20.4145
   -7.5000   30.0000   37.5000 9536.9229   20.2041
    0.0000   30.0000   37.5000 9993.1660   20.1433
    7.5000   30.0000   37.5000 9483.5127   20.1494
   -7.5000   37.5000   37.5000 8854.1152   20.2939
    0.0000   37.5000   37.5000 9268.3447   20.2354
    7.5000   37.5000   37.5000 8791.7334   20.2308
   -7.5000   45.0000   37.5000 7935.4282   20.1454
    0.0000   45.0000   37.5000 8271.5439   20.0872
    7.5000   45.0000   37.5000 7871.5615   20.0847
   -7.5000  -45.0000   45.0000 9061.2637   20.8932
    0.0000  -45.0000   45.0000 9567.5430   20.8315
    7.5000  -45.0000   45.0000 9148.2881   20.8157
   -7.5000  -37.5000   45.0000 9504.1729   20.8761
    0.0000  -37.5000   45.000010003.5859   20.8137
    7.5000  -37.5000   45.0000 9572.7598   20.8117
   -7.5000  -30.0000   45.000010194.3145   20.8750
    0.0000  -30.0000   45.000010679.4512   20.8077
    7.5000  -30.0000   45.000010219.9707   20.8219
   -7.5000  -22.5000   45.000010833.5430   20.8781
    0.0000  -22.5000   45.000011314.4160   20.8078
    7.5000  -22.5000   45.000010839.7188   20.8236
   -7.5000  -15.0000   45.000011393.3027   20.8792
    0.0000  -15.0000   45.000011917.2549   20.8107
    7.5000  -15.0000   45.000011401.5391   20.8139
   -7.5000   -7.5000   45.000011852.1182   20.8779
    0.0000   -7.5000   45.000012398.3154   20.8138
    7.5000   -7.5000   45.000011840.2617   20.8016
   -7.5000    0.0000   45.000012198.7695   20.8777
    0.0000    0.0000   45.000012798.2695   20.8165
    7.5000    0.0000   45.000012148.2607   20.8008
   -7.5000    7.5000   45.000011518.0146   20.8757
    0.0000    7.5000   45.000012097.6719   20.8134
    7.5000    7.5000   45.000011456.7578   20.8113
   -7.5000   15.0000   45.000010683.8125   20.8750
    0.0000   15.0000   45.000011181.0127   20.8077
    7.5000   15.0000   45.000010609.0107   20.8219
   -7.5000   22.5000   45.0000 9724.0449   20.8685
    0.0000   22.5000   45.000010204.6758   20.7982
    7.5000   22.5000   45.0000 9671.0723   20.8139
   -7.5000   30.0000   45.0000 8800.2363   20.6081
    0.0000   30.0000   45.0000 9231.1533   20.5406
    7.5000   30.0000   45.0000 8742.4883   20.5437
   -7.5000   37.5000   45.0000 8179.3149   20.6859
    0.0000   37.5000   45.0000 8546.5547   20.6227
    7.5000   37.5000   45.0000 8135.2339   20.6110
   -7.5000   45.0000   45.0000 7299.9429   20.5369
    0.0000   45.0000   45.0000 7611.8848   20.4765
    7.5000   45.0000   45.0000 7283.9370   20.4644

---------------------------------------------------------------------
imgreg_4dfp /opt/freesurfer/average/711-2C_as_mni_average_305 /opt/freesurfer/average/711-2B_as_mni_average_305_mask talsrcimg_g11 none talsrcimg_to_711-2C_as_mni_average_305_t4 4355
---------------------------------------------------------------------

freesurfer imgreg_4dfp.c
/opt/freesurfer/average/711-2C_as_mni_average_305.4dfp.img
       256       256       256         1
  1.000000  1.000000  1.000000
orientation T byte_order littleendian
Reading image: /opt/freesurfer/average/711-2C_as_mni_average_305.4dfp.img
dimensions:      256       256       256
mmppix:       1.0000   -1.0000   -1.0000
center:     128.0000 -129.0000 -129.0000
/opt/freesurfer/average/711-2B_as_mni_average_305_mask.4dfp.img
       256       256       256         1
  1.000000  1.000000  1.000000
orientation T byte_order littleendian
Reading mask: /opt/freesurfer/average/711-2B_as_mni_average_305_mask.4dfp.img (2306576 pixels)
talsrcimg_g11.4dfp.img
       256       256       256         1
  1.000000  1.000000  1.000000
orientation T byte_order littleendian
Reading image: talsrcimg_g11.4dfp.img
dimensions:      256       256       256
mmppix:       1.0000   -1.0000   -1.0000
center:     128.0000 -129.0000 -129.0000
rotation matrix determinant  1.000000
image alignment mode   4355 decimal     1103 hex
   -7.5000  -45.0000  -45.0000 2270.2417   18.8549
    0.0000  -45.0000  -45.0000 2280.8115   18.7997
    7.5000  -45.0000  -45.0000 2274.2507   18.7447
   -7.5000  -37.5000  -45.0000 2301.5601   18.1335
    0.0000  -37.5000  -45.0000 2316.6348   18.0777
    7.5000  -37.5000  -45.0000 2303.7617   18.0759
   -7.5000  -30.0000  -45.0000 2316.5813   17.8202
    0.0000  -30.0000  -45.0000 2326.0002   17.6925
    7.5000  -30.0000  -45.0000 2317.0767   17.7212
   -7.5000  -22.5000  -45.0000 2320.8936   17.8340
    0.0000  -22.5000  -45.0000 2335.0522   17.6917
    7.5000  -22.5000  -45.0000 2316.2505   17.6531
   -7.5000  -15.0000  -45.0000 2318.1025   18.0414
    0.0000  -15.0000  -45.0000 2328.0603   17.8750
    7.5000  -15.0000  -45.0000 2308.7542   17.8599
   -7.5000   -7.5000  -45.0000 2292.1665   18.6227
    0.0000   -7.5000  -45.0000 2307.3867   18.4648
    7.5000   -7.5000  -45.0000 2290.3511   18.4193
   -7.5000    0.0000  -45.0000 2249.4568   19.5053
    0.0000    0.0000  -45.0000 2267.6194   19.3196
    7.5000    0.0000  -45.0000 2251.1038   19.3009
   -7.5000    7.5000  -45.0000 2195.7883   20.7596
    0.0000    7.5000  -45.0000 2205.8337   20.5362
    7.5000    7.5000  -45.0000 2190.8281   20.5359
   -7.5000   15.0000  -45.0000 2111.7668   22.3756
    0.0000   15.0000  -45.0000 2115.0635   22.0559
    7.5000   15.0000  -45.0000 2113.1582   22.2082
   -7.5000   22.5000  -45.0000 2012.4476   24.5100
    0.0000   22.5000  -45.0000 2017.5123   24.0488
    7.5000   22.5000  -45.0000 2013.6599   24.3290
   -7.5000   30.0000  -45.0000 1901.6621   27.2844
    0.0000   30.0000  -45.0000 1912.8054   26.7440
    7.5000   30.0000  -45.0000 1900.7908   26.9568
   -7.5000   37.5000  -45.0000 1786.7025   30.7528
    0.0000   37.5000  -45.0000 1792.1018   30.2242
    7.5000   37.5000  -45.0000 1784.2711   30.3902
   -7.5000   45.0000  -45.0000 1667.0519   35.4276
    0.0000   45.0000  -45.0000 1675.8008   34.8293
    7.5000   45.0000  -45.0000 1660.0062   35.0563
   -7.5000  -45.0000  -37.5000 2373.2085   17.6234
    0.0000  -45.0000  -37.5000 2389.4487   17.5480
    7.5000  -45.0000  -37.5000 2367.9458   17.4702
   -7.5000  -37.5000  -37.5000 2401.1458   16.9103
    0.0000  -37.5000  -37.5000 2417.6299   16.8265
    7.5000  -37.5000  -37.5000 2394.2527   16.7877
   -7.5000  -30.0000  -37.5000 2412.9832   16.4570
    0.0000  -30.0000  -37.5000 2429.9775   16.3694
    7.5000  -30.0000  -37.5000 2409.6914   16.3538
   -7.5000  -22.5000  -37.5000 2419.0396   16.4486
    0.0000  -22.5000  -37.5000 2437.8000   16.3411
    7.5000  -22.5000  -37.5000 2416.6211   16.2970
   -7.5000  -15.0000  -37.5000 2411.1040   16.6468
    0.0000  -15.0000  -37.5000 2431.4446   16.5467
    7.5000  -15.0000  -37.5000 2413.4751   16.5274
   -7.5000   -7.5000  -37.5000 2390.0066   17.1853
    0.0000   -7.5000  -37.5000 2415.1914   17.1023
    7.5000   -7.5000  -37.5000 2394.1201   17.0342
   -7.5000    0.0000  -37.5000 2349.6960   18.0129
    0.0000    0.0000  -37.5000 2374.1570   17.9214
    7.5000    0.0000  -37.5000 2352.7346   17.8289
   -7.5000    7.5000  -37.5000 2287.9570   19.1713
    0.0000    7.5000  -37.5000 2308.9622   19.0352
    7.5000    7.5000  -37.5000 2286.8623   18.9596
   -7.5000   15.0000  -37.5000 2204.8958   20.6379
    0.0000   15.0000  -37.5000 2219.7371   20.4351
    7.5000   15.0000  -37.5000 2202.5066   20.5074
   -7.5000   22.5000  -37.5000 2103.6958   22.5805
    0.0000   22.5000  -37.5000 2115.7817   22.2675
    7.5000   22.5000  -37.5000 2099.4995   22.4071
   -7.5000   30.0000  -37.5000 1986.5052   25.0201
    0.0000   30.0000  -37.5000 2005.6649   24.6980
    7.5000   30.0000  -37.5000 1991.4865   24.7845
   -7.5000   37.5000  -37.5000 1869.6957   28.1791
    0.0000   37.5000  -37.5000 1877.0210   27.8399
    7.5000   37.5000  -37.5000 1867.3231   27.9677
   -7.5000   45.0000  -37.5000 1742.0959   32.4717
    0.0000   45.0000  -37.5000 1752.0670   31.9531
    7.5000   45.0000  -37.5000 1737.8005   32.1868
   -7.5000  -45.0000  -30.0000 2502.8240   17.0741
    0.0000  -45.0000  -30.0000 2521.3123   16.9468
    7.5000  -45.0000  -30.0000 2493.9211   16.8849
   -7.5000  -37.5000  -30.0000 2537.9917   16.3014
    0.0000  -37.5000  -30.0000 2555.8118   16.1955
    7.5000  -37.5000  -30.0000 2530.2312   16.1758
   -7.5000  -30.0000  -30.0000 2556.5835   15.8265
    0.0000  -30.0000  -30.0000 2575.1238   15.7282
    7.5000  -30.0000  -30.0000 2553.2063   15.7205
   -7.5000  -22.5000  -30.0000 2564.5979   15.7960
    0.0000  -22.5000  -30.0000 2583.5752   15.6806
    7.5000  -22.5000  -30.0000 2563.4968   15.6624
   -7.5000  -15.0000  -30.0000 2549.3989   15.9671
    0.0000  -15.0000  -30.0000 2576.9194   15.8681
    7.5000  -15.0000  -30.0000 2553.4561   15.8720
   -7.5000   -7.5000  -30.0000 2524.3523   16.4612
    0.0000   -7.5000  -30.0000 2560.9609   16.3859
    7.5000   -7.5000  -30.0000 2532.2063   16.3543
   -7.5000    0.0000  -30.0000 2484.7458   17.2345
    0.0000    0.0000  -30.0000 2517.9126   17.1636
    7.5000    0.0000  -30.0000 2491.9771   17.0911
   -7.5000    7.5000  -30.0000 2419.9434   18.3005
    0.0000    7.5000  -30.0000 2451.4219   18.1961
    7.5000    7.5000  -30.0000 2423.0247   18.1324
   -7.5000   15.0000  -30.0000 2333.7556   19.6841
    0.0000   15.0000  -30.0000 2356.2017   19.5247
    7.5000   15.0000  -30.0000 2335.4897   19.5563
   -7.5000   22.5000  -30.0000 2225.6997   21.4842
    0.0000   22.5000  -30.0000 2241.9849   21.2323
    7.5000   22.5000  -30.0000 2224.6157   21.3267
   -7.5000   30.0000  -30.0000 2102.0273   23.8045
    0.0000   30.0000  -30.0000 2127.1399   23.5293
    7.5000   30.0000  -30.0000 2112.4043   23.6496
   -7.5000   37.5000  -30.0000 1982.3114   26.8523
    0.0000   37.5000  -30.0000 1986.8475   26.5475
    7.5000   37.5000  -30.0000 1982.4661   26.7722
   -7.5000   45.0000  -30.0000 1844.5771   30.8845
    0.0000   45.0000  -30.0000 1854.6592   30.4087
    7.5000   45.0000  -30.0000 1843.2501   30.7520
   -7.5000  -45.0000  -22.5000 2593.2488   16.4227
    0.0000  -45.0000  -22.5000 2607.5344   16.2437
    7.5000  -45.0000  -22.5000 2589.5945   16.2190
   -7.5000  -37.5000  -22.5000 2642.2979   15.5691
    0.0000  -37.5000  -22.5000 2657.9260   15.4020
    7.5000  -37.5000  -22.5000 2640.8572   15.4037
   -7.5000  -30.0000  -22.5000 2669.3784   15.0429
    0.0000  -30.0000  -22.5000 2683.4238   14.9044
    7.5000  -30.0000  -22.5000 2661.8877   14.9027
   -7.5000  -22.5000  -22.5000 2678.0984   14.9866
    0.0000  -22.5000  -22.5000 2691.9695   14.8774
    7.5000  -22.5000  -22.5000 2672.6306   14.8658
   -7.5000  -15.0000  -22.5000 2665.5234   15.1885
    0.0000  -15.0000  -22.5000 2688.8943   15.1065
    7.5000  -15.0000  -22.5000 2667.5679   15.1175
   -7.5000   -7.5000  -22.5000 2642.7212   15.6686
    0.0000   -7.5000  -22.5000 2677.7488   15.5869
    7.5000   -7.5000  -22.5000 2649.3521   15.5870
   -7.5000    0.0000  -22.5000 2592.4172   16.3563
    0.0000    0.0000  -22.5000 2627.5544   16.2885
    7.5000    0.0000  -22.5000 2600.8857   16.2643
   -7.5000    7.5000  -22.5000 2524.0442   17.3503
    0.0000    7.5000  -22.5000 2560.0034   17.2512
    7.5000    7.5000  -22.5000 2536.5317   17.2165
   -7.5000   15.0000  -22.5000 2434.6843   18.6467
    0.0000   15.0000  -22.5000 2462.3994   18.5083
    7.5000   15.0000  -22.5000 2443.3254   18.5301
   -7.5000   22.5000  -22.5000 2321.5359   20.3247
    0.0000   22.5000  -22.5000 2341.9766   20.1325
    7.5000   22.5000  -22.5000 2325.2959   20.1983
   -7.5000   30.0000  -22.5000 2193.3274   22.4948
    0.0000   30.0000  -22.5000 2212.1545   22.3092
    7.5000   30.0000  -22.5000 2197.1257   22.3968
   -7.5000   37.5000  -22.5000 2063.8176   25.3881
    0.0000   37.5000  -22.5000 2067.4124   25.1283
    7.5000   37.5000  -22.5000 2061.0195   25.3221
   -7.5000   45.0000  -22.5000 1914.6539   29.1736
    0.0000   45.0000  -22.5000 1921.9126   28.8057
    7.5000   45.0000  -22.5000 1917.0453   29.0976
   -7.5000  -45.0000  -15.0000 2647.9114   15.8377
    0.0000  -45.0000  -15.0000 2661.8831   15.6432
    7.5000  -45.0000  -15.0000 2647.1758   15.6280
   -7.5000  -37.5000  -15.0000 2708.1975   14.9221
    0.0000  -37.5000  -15.0000 2718.7358   14.7141
    7.5000  -37.5000  -15.0000 2707.3113   14.7137
   -7.5000  -30.0000  -15.0000 2733.9390   14.3142
    0.0000  -30.0000  -15.0000 2749.1541   14.1588
    7.5000  -30.0000  -15.0000 2731.5874   14.1680
   -7.5000  -22.5000  -15.0000 2748.5474   14.2145
    0.0000  -22.5000  -15.0000 2763.9756   14.0734
    7.5000  -22.5000  -15.0000 2750.5142   14.0946
   -7.5000  -15.0000  -15.0000 2738.4170   14.4517
    0.0000  -15.0000  -15.0000 2764.1328   14.3396
    7.5000  -15.0000  -15.0000 2749.3271   14.3746
   -7.5000   -7.5000  -15.0000 2726.5339   14.9493
    0.0000   -7.5000  -15.0000 2752.0461   14.8234
    7.5000   -7.5000  -15.0000 2734.3972   14.8413
   -7.5000    0.0000  -15.0000 2676.4968   15.5884
    0.0000    0.0000  -15.0000 2704.2874   15.4693
    7.5000    0.0000  -15.0000 2685.7483   15.4771
   -7.5000    7.5000  -15.0000 2603.1689   16.5108
    0.0000    7.5000  -15.0000 2633.7009   16.3682
    7.5000    7.5000  -15.0000 2618.1938   16.3879
   -7.5000   15.0000  -15.0000 2505.1221   17.7569
    0.0000   15.0000  -15.0000 2537.5337   17.6023
    7.5000   15.0000  -15.0000 2517.7073   17.6493
   -7.5000   22.5000  -15.0000 2388.6340   19.4097
    0.0000   22.5000  -15.0000 2415.0032   19.2412
    7.5000   22.5000  -15.0000 2396.1150   19.2743
   -7.5000   30.0000  -15.0000 2252.1265   21.5205
    0.0000   30.0000  -15.0000 2271.3616   21.3650
    7.5000   30.0000  -15.0000 2254.1211   21.3887
   -7.5000   37.5000  -15.0000 2111.3828   24.2823
    0.0000   37.5000  -15.0000 2121.5581   24.0649
    7.5000   37.5000  -15.0000 2108.1873   24.0780
   -7.5000   45.0000  -15.0000 1956.9891   27.8689
    0.0000   45.0000  -15.0000 1976.0294   27.5289
    7.5000   45.0000  -15.0000 1962.0410   27.6700
   -7.5000  -45.0000   -7.5000 2676.0186   15.4238
    0.0000  -45.0000   -7.5000 2697.8840   15.1934
    7.5000  -45.0000   -7.5000 2684.6543   15.2034
   -7.5000  -37.5000   -7.5000 2742.7314   14.4378
    0.0000  -37.5000   -7.5000 2763.1208   14.2269
    7.5000  -37.5000   -7.5000 2749.1545   14.2312
   -7.5000  -30.0000   -7.5000 2775.1116   13.7440
    0.0000  -30.0000   -7.5000 2793.0942   13.5505
    7.5000  -30.0000   -7.5000 2778.3027   13.6009
   -7.5000  -22.5000   -7.5000 2803.3953   13.5541
    0.0000  -22.5000   -7.5000 2812.7612   13.3701
    7.5000  -22.5000   -7.5000 2806.0701   13.4537
   -7.5000  -15.0000   -7.5000 2802.8481   13.8006
    0.0000  -15.0000   -7.5000 2824.8638   13.6406
    7.5000  -15.0000   -7.5000 2813.5544   13.7029
   -7.5000   -7.5000   -7.5000 2783.8325   14.3119
    0.0000   -7.5000   -7.5000 2806.4377   14.1399
    7.5000   -7.5000   -7.5000 2792.7461   14.1904
   -7.5000    0.0000   -7.5000 2734.3567   14.9805
    0.0000    0.0000   -7.5000 2754.5752   14.7926
    7.5000    0.0000   -7.5000 2745.9236   14.8695
   -7.5000    7.5000   -7.5000 2664.6951   15.8466
    0.0000    7.5000   -7.5000 2685.3953   15.6499
    7.5000    7.5000   -7.5000 2678.2075   15.7688
   -7.5000   15.0000   -7.5000 2565.5129   17.0799
    0.0000   15.0000   -7.5000 2591.1765   16.8784
    7.5000   15.0000   -7.5000 2576.7859   17.0058
   -7.5000   22.5000   -7.5000 2446.7876   18.6977
    0.0000   22.5000   -7.5000 2472.4180   18.5292
    7.5000   22.5000   -7.5000 2456.4456   18.6132
   -7.5000   30.0000   -7.5000 2303.6460   20.7835
    0.0000   30.0000   -7.5000 2320.3867   20.5926
    7.5000   30.0000   -7.5000 2310.4089   20.6613
   -7.5000   37.5000   -7.5000 2154.3545   23.4387
    0.0000   37.5000   -7.5000 2161.5725   23.1646
    7.5000   37.5000   -7.5000 2155.8567   23.2591
   -7.5000   45.0000   -7.5000 1997.4659   26.8268
    0.0000   45.0000   -7.5000 2011.2787   26.3992
    7.5000   45.0000   -7.5000 1995.6550   26.6296
   -7.5000  -45.0000    0.0000 2688.0066   15.2635
    0.0000  -45.0000    0.0000 2708.4407   14.9640
    7.5000  -45.0000    0.0000 2699.4768   15.0490
   -7.5000  -37.5000    0.0000 2766.0864   14.3092
    0.0000  -37.5000    0.0000 2790.4309   14.0346
    7.5000  -37.5000    0.0000 2780.8481   14.1008
   -7.5000  -30.0000    0.0000 2805.7397   13.5700
    0.0000  -30.0000    0.0000 2822.4646   13.2382
    7.5000  -30.0000    0.0000 2814.3274   13.4175
   -7.5000  -22.5000    0.0000 2837.7021   13.2216
    0.0000  -22.5000    0.0000 2843.8408   12.9075
    7.5000  -22.5000    0.0000 2841.3245   13.1314
   -7.5000  -15.0000    0.0000 2842.0928   13.4353
    0.0000  -15.0000    0.0000 2855.0898   13.1470
    7.5000  -15.0000    0.0000 2849.8606   13.3463
   -7.5000   -7.5000    0.0000 2829.4609   13.9491
    0.0000   -7.5000    0.0000 2841.9307   13.6586
    7.5000   -7.5000    0.0000 2838.2537   13.8508
   -7.5000    0.0000    0.0000 2783.3374   14.6074
    0.0000    0.0000    0.0000 2796.9131   14.3049
    7.5000    0.0000    0.0000 2795.8608   14.5266
   -7.5000    7.5000    0.0000 2713.5649   15.5078
    0.0000    7.5000    0.0000 2730.4316   15.2228
    7.5000    7.5000    0.0000 2724.6746   15.4494
   -7.5000   15.0000    0.0000 2612.7834   16.7458
    0.0000   15.0000    0.0000 2630.7134   16.4987
    7.5000   15.0000    0.0000 2618.1934   16.6986
   -7.5000   22.5000    0.0000 2491.1538   18.3412
    0.0000   22.5000    0.0000 2513.0740   18.1256
    7.5000   22.5000    0.0000 2495.7039   18.2707
   -7.5000   30.0000    0.0000 2340.5200   20.3284
    0.0000   30.0000    0.0000 2360.0029   20.1066
    7.5000   30.0000    0.0000 2344.1313   20.2170
   -7.5000   37.5000    0.0000 2178.2205   22.8719
    0.0000   37.5000    0.0000 2194.3728   22.5619
    7.5000   37.5000    0.0000 2179.7473   22.7204
   -7.5000   45.0000    0.0000 2018.2474   26.0527
    0.0000   45.0000    0.0000 2032.6443   25.6178
    7.5000   45.0000    0.0000 2018.6552   25.9200
   -7.5000  -45.0000    7.5000 2671.7312   15.2524
    0.0000  -45.0000    7.5000 2691.3633   14.9571
    7.5000  -45.0000    7.5000 2688.6885   15.1186
   -7.5000  -37.5000    7.5000 2765.8286   14.3817
    0.0000  -37.5000    7.5000 2785.9248   14.0636
    7.5000  -37.5000    7.5000 2784.6296   14.2350
   -7.5000  -30.0000    7.5000 2839.3518   13.7900
    0.0000  -30.0000    7.5000 2862.0063   13.4412
    7.5000  -30.0000    7.5000 2848.5596   13.6662
   -7.5000  -22.5000    7.5000 2875.9558   13.3578
    0.0000  -22.5000    7.5000 2872.0115   12.9113
    7.5000  -22.5000    7.5000 2884.8994   13.3071
   -7.5000  -15.0000    7.5000 2886.3521   13.3787
    0.0000  -15.0000    7.5000 2879.6462   12.9492
    7.5000  -15.0000    7.5000 2884.3960   13.3287
   -7.5000   -7.5000    7.5000 2865.0222   13.7937
    0.0000   -7.5000    7.5000 2862.0735   13.4056
    7.5000   -7.5000    7.5000 2866.0745   13.7036
   -7.5000    0.0000    7.5000 2813.7324   14.4671
    0.0000    0.0000    7.5000 2821.9370   14.1664
    7.5000    0.0000    7.5000 2817.0852   14.3724
   -7.5000    7.5000    7.5000 2740.2444   15.3964
    0.0000    7.5000    7.5000 2752.9646   15.1490
    7.5000    7.5000    7.5000 2743.1790   15.2844
   -7.5000   15.0000    7.5000 2636.0857   16.6071
    0.0000   15.0000    7.5000 2654.7642   16.4075
    7.5000   15.0000    7.5000 2634.2749   16.5117
   -7.5000   22.5000    7.5000 2509.2673   18.1602
    0.0000   22.5000    7.5000 2535.7405   18.0002
    7.5000   22.5000    7.5000 2512.0830   18.0314
   -7.5000   30.0000    7.5000 2365.2820   20.1175
    0.0000   30.0000    7.5000 2385.3533   19.9612
    7.5000   30.0000    7.5000 2365.2966   19.9766
   -7.5000   37.5000    7.5000 2198.4146   22.6010
    0.0000   37.5000    7.5000 2215.5259   22.3909
    7.5000   37.5000    7.5000 2197.3596   22.4385
   -7.5000   45.0000    7.5000 2035.5889   25.9090
    0.0000   45.0000    7.5000 2044.6971   25.5002
    7.5000   45.0000    7.5000 2039.5236   25.7079
   -7.5000  -45.0000   15.0000 2631.2703   15.5367
    0.0000  -45.0000   15.0000 2645.0100   15.2296
    7.5000  -45.0000   15.0000 2665.8420   15.4584
   -7.5000  -37.5000   15.0000 2747.7466   14.7594
    0.0000  -37.5000   15.0000 2765.6738   14.4729
    7.5000  -37.5000   15.0000 2776.4751   14.6551
   -7.5000  -30.0000   15.0000 2844.9631   14.2409
    0.0000  -30.0000   15.0000 2878.3372   14.0175
    7.5000  -30.0000   15.0000 2851.8091   14.1139
   -7.5000  -22.5000   15.0000 2898.8892   13.7779
    0.0000  -22.5000   15.0000 2925.2410   13.4716
    7.5000  -22.5000   15.0000 2887.7686   13.6853
   -7.5000  -15.0000   15.0000 2895.9006   13.5699
    0.0000  -15.0000   15.0000 2905.9805   13.2785
    7.5000  -15.0000   15.0000 2889.5247   13.5527
   -7.5000   -7.5000   15.0000 2868.6052   13.8021
    0.0000   -7.5000   15.0000 2882.9036   13.5706
    7.5000   -7.5000   15.0000 2872.2180   13.7339
   -7.5000    0.0000   15.0000 2814.9045   14.4863
    0.0000    0.0000   15.0000 2825.9126   14.2727
    7.5000    0.0000   15.0000 2816.3503   14.3542
   -7.5000    7.5000   15.0000 2732.3904   15.4655
    0.0000    7.5000   15.0000 2740.5693   15.2584
    7.5000    7.5000   15.0000 2734.4961   15.3071
   -7.5000   15.0000   15.0000 2628.9863   16.6930
    0.0000   15.0000   15.0000 2646.7825   16.5091
    7.5000   15.0000   15.0000 2630.2625   16.5466
   -7.5000   22.5000   15.0000 2510.5071   18.2338
    0.0000   22.5000   15.0000 2533.5396   18.0966
    7.5000   22.5000   15.0000 2507.6277   18.0938
   -7.5000   30.0000   15.0000 2364.5898   20.1710
    0.0000   30.0000   15.0000 2388.3918   20.1100
    7.5000   30.0000   15.0000 2361.9663   20.0414
   -7.5000   37.5000   15.0000 2193.7332   22.6337
    0.0000   37.5000   15.0000 2221.3647   22.5918
    7.5000   37.5000   15.0000 2192.4355   22.4753
   -7.5000   45.0000   15.0000 2035.5927   25.9578
    0.0000   45.0000   15.0000 2046.9846   25.6799
    7.5000   45.0000   15.0000 2040.8792   25.7707
   -7.5000  -45.0000   22.5000 2607.3879   16.3074
    0.0000  -45.0000   22.5000 2639.6340   16.1149
    7.5000  -45.0000   22.5000 2631.6130   16.2197
   -7.5000  -37.5000   22.5000 2721.6384   15.4529
    0.0000  -37.5000   22.5000 2757.0288   15.2626
    7.5000  -37.5000   22.5000 2736.5203   15.3061
   -7.5000  -30.0000   22.5000 2811.5930   14.7496
    0.0000  -30.0000   22.5000 2853.1392   14.6013
    7.5000  -30.0000   22.5000 2812.8054   14.6008
   -7.5000  -22.5000   22.5000 2872.8035   14.2013
    0.0000  -22.5000   22.5000 2896.3472   13.9188
    7.5000  -22.5000   22.5000 2863.3860   14.1366
   -7.5000  -15.0000   22.5000 2884.8057   14.0603
    0.0000  -15.0000   22.5000 2914.8850   13.9060
    7.5000  -15.0000   22.5000 2881.4106   14.0152
   -7.5000   -7.5000   22.5000 2858.4226   14.3021
    0.0000   -7.5000   22.5000 2888.7368   14.2215
    7.5000   -7.5000   22.5000 2856.2542   14.2376
   -7.5000    0.0000   22.5000 2797.5457   14.9181
    0.0000    0.0000   22.5000 2823.8486   14.8474
    7.5000    0.0000   22.5000 2796.9944   14.8340
   -7.5000    7.5000   22.5000 2708.3767   15.8566
    0.0000    7.5000   22.5000 2721.1191   15.7471
    7.5000    7.5000   22.5000 2708.5010   15.7410
   -7.5000   15.0000   22.5000 2605.7000   17.0525
    0.0000   15.0000   22.5000 2622.4802   16.9021
    7.5000   15.0000   22.5000 2604.8882   16.8920
   -7.5000   22.5000   22.5000 2489.5032   18.5548
    0.0000   22.5000   22.5000 2505.3745   18.4011
    7.5000   22.5000   22.5000 2486.3298   18.3908
   -7.5000   30.0000   22.5000 2341.4070   20.4085
    0.0000   30.0000   22.5000 2363.6582   20.3033
    7.5000   30.0000   22.5000 2341.8691   20.2730
   -7.5000   37.5000   22.5000 2178.5332   22.9543
    0.0000   37.5000   22.5000 2198.9661   22.7877
    7.5000   37.5000   22.5000 2181.5254   22.7493
   -7.5000   45.0000   22.5000 2034.4215   26.3382
    0.0000   45.0000   22.5000 2047.4475   26.0166
    7.5000   45.0000   22.5000 2036.6504   26.0812
   -7.5000  -45.0000   30.0000 2572.9819   17.2135
    0.0000  -45.0000   30.0000 2599.5334   16.9589
    7.5000  -45.0000   30.0000 2587.8479   17.1190
   -7.5000  -37.5000   30.0000 2675.5669   16.2296
    0.0000  -37.5000   30.0000 2704.3223   15.9274
    7.5000  -37.5000   30.0000 2691.4463   16.0441
   -7.5000  -30.0000   30.0000 2760.1343   15.3977
    0.0000  -30.0000   30.0000 2779.9990   15.0286
    7.5000  -30.0000   30.0000 2765.5933   15.2571
   -7.5000  -22.5000   30.0000 2817.4092   14.8123
    0.0000  -22.5000   30.0000 2836.0073   14.4589
    7.5000  -22.5000   30.0000 2820.2302   14.7375
   -7.5000  -15.0000   30.0000 2833.9902   14.7426
    0.0000  -15.0000   30.0000 2857.4697   14.4998
    7.5000  -15.0000   30.0000 2837.3665   14.6610
   -7.5000   -7.5000   30.0000 2817.6421   15.0200
    0.0000   -7.5000   30.0000 2838.9341   14.8234
    7.5000   -7.5000   30.0000 2816.0891   14.9152
   -7.5000    0.0000   30.0000 2759.5361   15.6056
    0.0000    0.0000   30.0000 2785.3298   15.4966
    7.5000    0.0000   30.0000 2759.6182   15.5086
   -7.5000    7.5000   30.0000 2671.5884   16.5141
    0.0000    7.5000   30.0000 2692.1526   16.4391
    7.5000    7.5000   30.0000 2669.3154   16.4281
   -7.5000   15.0000   30.0000 2567.1533   17.6633
    0.0000   15.0000   30.0000 2587.1489   17.5481
    7.5000   15.0000   30.0000 2569.7603   17.5590
   -7.5000   22.5000   30.0000 2449.9390   19.1294
    0.0000   22.5000   30.0000 2470.5222   19.0311
    7.5000   22.5000   30.0000 2448.6428   18.9887
   -7.5000   30.0000   30.0000 2297.9153   20.9722
    0.0000   30.0000   30.0000 2320.0386   20.8902
    7.5000   30.0000   30.0000 2299.7612   20.8031
   -7.5000   37.5000   30.0000 2146.2678   23.4620
    0.0000   37.5000   30.0000 2164.6475   23.2746
    7.5000   37.5000   30.0000 2149.2000   23.2350
   -7.5000   45.0000   30.0000 2014.9396   26.7650
    0.0000   45.0000   30.0000 2028.9242   26.3788
    7.5000   45.0000   30.0000 2010.4071   26.5562
   -7.5000  -45.0000   37.5000 2531.5496   18.1631
    0.0000  -45.0000   37.5000 2554.5366   17.8411
    7.5000  -45.0000   37.5000 2545.0408   18.1111
   -7.5000  -37.5000   37.5000 2623.7078   17.0163
    0.0000  -37.5000   37.5000 2645.5139   16.6484
    7.5000  -37.5000   37.5000 2641.5947   16.9274
   -7.5000  -30.0000   37.5000 2695.2273   16.1167
    0.0000  -30.0000   37.5000 2713.9976   15.7237
    7.5000  -30.0000   37.5000 2705.4390   16.0370
   -7.5000  -22.5000   37.5000 2748.0891   15.5803
    0.0000  -22.5000   37.5000 2762.2800   15.2600
    7.5000  -22.5000   37.5000 2755.7400   15.5454
   -7.5000  -15.0000   37.5000 2762.5708   15.5480
    0.0000  -15.0000   37.5000 2780.9666   15.2654
    7.5000  -15.0000   37.5000 2768.7815   15.4754
   -7.5000   -7.5000   37.5000 2743.9695   15.8413
    0.0000   -7.5000   37.5000 2761.3613   15.5821
    7.5000   -7.5000   37.5000 2752.2317   15.7335
   -7.5000    0.0000   37.5000 2696.8289   16.4209
    0.0000    0.0000   37.5000 2721.0320   16.2401
    7.5000    0.0000   37.5000 2701.6384   16.3308
   -7.5000    7.5000   37.5000 2617.6335   17.3128
    0.0000    7.5000   37.5000 2644.9905   17.2218
    7.5000    7.5000   37.5000 2622.1853   17.2470
   -7.5000   15.0000   37.5000 2522.1592   18.5020
    0.0000   15.0000   37.5000 2544.4331   18.4011
    7.5000   15.0000   37.5000 2523.7393   18.4391
   -7.5000   22.5000   37.5000 2402.7947   19.9255
    0.0000   22.5000   37.5000 2420.1768   19.8620
    7.5000   22.5000   37.5000 2401.1023   19.8738
   -7.5000   30.0000   37.5000 2247.2004   21.7999
    0.0000   30.0000   37.5000 2267.6157   21.7568
    7.5000   30.0000   37.5000 2242.9460   21.7245
   -7.5000   37.5000   37.5000 2111.3203   24.2473
    0.0000   37.5000   37.5000 2129.9336   24.0978
    7.5000   37.5000   37.5000 2105.4292   24.1118
   -7.5000   45.0000   37.5000 1985.2904   27.5313
    0.0000   45.0000   37.5000 1991.7078   27.2079
    7.5000   45.0000   37.5000 1980.7546   27.3494
   -7.5000  -45.0000   45.0000 2468.5842   19.2410
    0.0000  -45.0000   45.0000 2494.8252   18.8779
    7.5000  -45.0000   45.0000 2483.2068   19.2905
   -7.5000  -37.5000   45.0000 2558.3467   18.0060
    0.0000  -37.5000   45.0000 2584.0242   17.6242
    7.5000  -37.5000   45.0000 2570.2551   18.0221
   -7.5000  -30.0000   45.0000 2625.5435   17.1017
    0.0000  -30.0000   45.0000 2647.1792   16.7670
    7.5000  -30.0000   45.0000 2630.9209   17.0900
   -7.5000  -22.5000   45.0000 2672.5146   16.6022
    0.0000  -22.5000   45.0000 2686.6001   16.3154
    7.5000  -22.5000   45.0000 2677.7356   16.5787
   -7.5000  -15.0000   45.0000 2674.4224   16.5309
    0.0000  -15.0000   45.0000 2695.1355   16.2463
    7.5000  -15.0000   45.0000 2685.0850   16.4638
   -7.5000   -7.5000   45.0000 2656.4927   16.8067
    0.0000   -7.5000   45.0000 2674.2817   16.5709
    7.5000   -7.5000   45.0000 2668.4739   16.7337
   -7.5000    0.0000   45.0000 2618.4856   17.3569
    0.0000    0.0000   45.0000 2644.2495   17.1950
    7.5000    0.0000   45.0000 2627.0593   17.3190
   -7.5000    7.5000   45.0000 2553.8606   18.2368
    0.0000    7.5000   45.0000 2583.3662   18.1462
    7.5000    7.5000   45.0000 2555.7993   18.2390
   -7.5000   15.0000   45.0000 2466.6609   19.4955
    0.0000   15.0000   45.0000 2482.4419   19.4196
    7.5000   15.0000   45.0000 2461.5083   19.4619
   -7.5000   22.5000   45.0000 2336.9521   20.9554
    0.0000   22.5000   45.0000 2359.6912   20.9179
    7.5000   22.5000   45.0000 2336.6736   20.9268
   -7.5000   30.0000   45.0000 2197.1074   22.9212
    0.0000   30.0000   45.0000 2214.9397   22.9121
    7.5000   30.0000   45.0000 2195.9275   22.8607
   -7.5000   37.5000   45.0000 2069.3931   25.3564
    0.0000   37.5000   45.0000 2076.5378   25.2404
    7.5000   37.5000   45.0000 2069.2271   25.2881
   -7.5000   45.0000   45.0000 1939.3981   28.6998
    0.0000   45.0000   45.0000 1948.1018   28.4298
    7.5000   45.0000   45.0000 1943.6278   28.5443

---------------------------------------------------------------------
imgreg_4dfp /opt/freesurfer/average/711-2C_as_mni_average_305 /opt/freesurfer/average/711-2B_as_mni_average_305_mask talsrcimg_g11 none talsrcimg_to_711-2C_as_mni_average_305_t4 1283
---------------------------------------------------------------------

freesurfer imgreg_4dfp.c
/opt/freesurfer/average/711-2C_as_mni_average_305.4dfp.img
       256       256       256         1
  1.000000  1.000000  1.000000
orientation T byte_order littleendian
Reading image: /opt/freesurfer/average/711-2C_as_mni_average_305.4dfp.img
dimensions:      256       256       256
mmppix:       1.0000   -1.0000   -1.0000
center:     128.0000 -129.0000 -129.0000
/opt/freesurfer/average/711-2B_as_mni_average_305_mask.4dfp.img
       256       256       256         1
  1.000000  1.000000  1.000000
orientation T byte_order littleendian
Reading mask: /opt/freesurfer/average/711-2B_as_mni_average_305_mask.4dfp.img (2306576 pixels)
talsrcimg_g11.4dfp.img
       256       256       256         1
  1.000000  1.000000  1.000000
orientation T byte_order littleendian
Reading image: talsrcimg_g11.4dfp.img
dimensions:      256       256       256
mmppix:       1.0000   -1.0000   -1.0000
center:     128.0000 -129.0000 -129.0000
rotation matrix determinant  1.000000
fimgreg.f
image alignment mode   1283 decimal      503 hex
parameters
    0.0000  -22.5000   15.0000    0.0000    0.0000    0.0000
eta,q 0.92024 13.57592
niter,ni,del,rscale     5    3   12.0000    1.2000
parameter  4  0.655432 ->  0.500000 qaram    1.1500
parameter  6  0.571512 ->  0.500000 qaram    1.1500
parameters
   -0.8339  -21.2342   15.9872   -3.4500    0.5909   -3.4500
eta,q 0.92047 13.47404
  0.0879  0.0926  0.0965  0.0812  0.0844  0.0807
  0.0801  0.0869  0.0903  0.0804  0.0802  0.0795
  0.0794  0.0844  0.0849  0.0806  0.0786  0.0799
  0.0843  0.0822  0.0824  0.0818  0.0804  0.0809
  0.0827  0.0828  0.0822  0.0840  0.0813  0.0827
  0.0832  0.0839  0.0851  0.0863  0.0805  0.0848
  0.0914  0.0861  0.0898  0.0889  0.0814  0.0875
niter,ni,del,rscale     6    3   12.0000    1.2000
parameters
   -0.9252  -19.1440   16.1931   -5.6013    1.5310   -3.5998
eta,q 0.92125 13.34357
  0.0851  0.0903  0.0915  0.0810  0.0814  0.0853
  0.0781  0.0834  0.0842  0.0783  0.0772  0.0813
  0.0754  0.0807  0.0802  0.0781  0.0762  0.0791
  0.0795  0.0794  0.0793  0.0794  0.0782  0.0788
  0.0783  0.0793  0.0811  0.0808  0.0787  0.0798
  0.0773  0.0794  0.0851  0.0821  0.0777  0.0822
  0.0854  0.0804  0.0883  0.0832  0.0782  0.0854
niter,ni,del,rscale     5    3   12.0000    1.2000
parameters
   -1.6134  -17.2498   16.2458   -6.7829    1.9625   -3.7727
eta,q 0.92214 13.30926
  0.0812  0.0861  0.0890  0.0818  0.0810  0.0841
  0.0750  0.0820  0.0826  0.0781  0.0765  0.0804
  0.0749  0.0791  0.0790  0.0770  0.0754  0.0785
  0.0788  0.0779  0.0782  0.0782  0.0774  0.0778
  0.0765  0.0782  0.0807  0.0795  0.0788  0.0790
  0.0764  0.0782  0.0839  0.0814  0.0780  0.0814
  0.0840  0.0795  0.0871  0.0840  0.0778  0.0842
niter,ni,del,rscale     4    3   12.0000    1.2000
parameters
   -1.7735  -16.2644   16.2174   -7.3516    1.9658   -3.9125
eta,q 0.92244 13.31386
  0.0827  0.0841  0.0874  0.0827  0.0808  0.0834
  0.0752  0.0804  0.0814  0.0792  0.0763  0.0800
  0.0739  0.0781  0.0780  0.0775  0.0755  0.0782
  0.0779  0.0777  0.0777  0.0777  0.0775  0.0775
  0.0768  0.0777  0.0799  0.0788  0.0788  0.0786
  0.0760  0.0786  0.0825  0.0809  0.0784  0.0808
  0.0822  0.0805  0.0863  0.0842  0.0784  0.0835
niter,ni,del,rscale     3    3   12.0000    1.2000
parameters
   -1.4469  -15.7935   16.1040   -7.6708    1.8000   -4.1863
eta,q 0.92254 13.29860
  0.0847  0.0833  0.0869  0.0833  0.0804  0.0831
  0.0770  0.0800  0.0807  0.0797  0.0762  0.0796
  0.0744  0.0780  0.0774  0.0779  0.0758  0.0780
  0.0776  0.0778  0.0777  0.0776  0.0776  0.0774
  0.0767  0.0775  0.0801  0.0784  0.0783  0.0784
  0.0761  0.0794  0.0823  0.0806  0.0780  0.0807
  0.0820  0.0815  0.0860  0.0843  0.0788  0.0836
niter,ni,del,rscale     2    3   12.0000    1.2000
parameters
   -1.1774  -15.5962   16.0469   -7.8298    1.8448   -4.4020
eta,q 0.92261 13.29101
  0.0848  0.0831  0.0871  0.0836  0.0805  0.0830
  0.0774  0.0798  0.0805  0.0798  0.0764  0.0797
  0.0753  0.0777  0.0769  0.0777  0.0759  0.0778
  0.0775  0.0775  0.0774  0.0774  0.0774  0.0774
  0.0761  0.0773  0.0799  0.0781  0.0778  0.0781
  0.0763  0.0799  0.0820  0.0803  0.0777  0.0805
  0.0830  0.0821  0.0856  0.0840  0.0789  0.0835
niter,ni,del,rscale     1    3   12.0000    1.2000
parameters
   -1.1513  -15.4617   16.0332   -7.9024    1.8672   -4.4549
eta,q 0.92267 13.29346
  0.0841  0.0832  0.0872  0.0838  0.0806  0.0832
  0.0770  0.0798  0.0805  0.0799  0.0765  0.0798
  0.0758  0.0776  0.0768  0.0778  0.0760  0.0779
  0.0774  0.0774  0.0773  0.0773  0.0773  0.0773
  0.0756  0.0772  0.0799  0.0780  0.0777  0.0780
  0.0767  0.0801  0.0819  0.0802  0.0778  0.0802
  0.0841  0.0823  0.0854  0.0839  0.0791  0.0832
registration optimization eta report
parameter search radius
    6.0000    6.0000    6.0000    6.9000    6.0000    6.9000
100000*second partial in parameter space
       23.       16.       25.       14.        8.       12.
  0.0841  0.0832  0.0872  0.0838  0.0806  0.0832
  0.0770  0.0798  0.0805  0.0799  0.0765  0.0798
  0.0758  0.0776  0.0768  0.0778  0.0760  0.0779
  0.0774  0.0774  0.0773  0.0773  0.0773  0.0773
  0.0756  0.0772  0.0799  0.0780  0.0777  0.0780
  0.0767  0.0801  0.0819  0.0802  0.0778  0.0802
  0.0841  0.0823  0.0854  0.0839  0.0791  0.0832
   -1.1513  -15.4617   16.0332   -7.9024    1.8672   -4.4549
eta,q 0.92267 13.29346

---------------------------------------------------------------------
imgreg_4dfp /opt/freesurfer/average/711-2C_as_mni_average_305 /opt/freesurfer/average/711-2B_as_mni_average_305_mask talsrcimg_g11 none talsrcimg_to_711-2C_as_mni_average_305_t4 3335
---------------------------------------------------------------------

freesurfer imgreg_4dfp.c
/opt/freesurfer/average/711-2C_as_mni_average_305.4dfp.img
       256       256       256         1
  1.000000  1.000000  1.000000
orientation T byte_order littleendian
Reading image: /opt/freesurfer/average/711-2C_as_mni_average_305.4dfp.img
dimensions:      256       256       256
mmppix:       1.0000   -1.0000   -1.0000
center:     128.0000 -129.0000 -129.0000
/opt/freesurfer/average/711-2B_as_mni_average_305_mask.4dfp.img
       256       256       256         1
  1.000000  1.000000  1.000000
orientation T byte_order littleendian
Reading mask: /opt/freesurfer/average/711-2B_as_mni_average_305_mask.4dfp.img (2306576 pixels)
talsrcimg_g11.4dfp.img
       256       256       256         1
  1.000000  1.000000  1.000000
orientation T byte_order littleendian
Reading image: talsrcimg_g11.4dfp.img
dimensions:      256       256       256
mmppix:       1.0000   -1.0000   -1.0000
center:     128.0000 -129.0000 -129.0000
fimgreg.f
image alignment mode   3335 decimal      D07 hex
parameters
   -1.1513  -15.4617   16.0332   -0.3551   -1.2837   -1.0022
    8.1402   -2.1497   -7.7633   13.9577    3.2583  -13.7412
eta,q 0.92641 13.44459
niter,ni,del,rscale     5    3    5.0000    1.2000
parameter  4-27.109913 ->  0.500000 qaram    1.1500
parameter  5 -6.872384 ->  0.500000 qaram    1.1500
parameter  6  0.904580 ->  0.500000 qaram    1.1500
parameter  7  1.285680 ->  0.500000 qaram    1.1500
parameter 12 -1.541966 -> -0.500000 qaram    1.1500
parameters
   -0.9815  -14.7424   16.0278   -4.4951   -5.4237   -5.1422
    4.0002   -1.8374   -4.6601   16.5529    0.3480   -9.6012
eta,q 0.94855 13.38013
  0.0759  0.0748  0.0750  0.0580  0.0522  0.0519  0.0527  0.0591  0.0542  0.0558  0.0528  0.0552
  0.0750  0.0741  0.0742  0.0621  0.0568  0.0537  0.0528  0.0555  0.0537  0.0544  0.0525  0.0542
  0.0741  0.0737  0.0737  0.0677  0.0601  0.0556  0.0533  0.0536  0.0533  0.0534  0.0525  0.0533
  0.0736  0.0735  0.0736  0.0736  0.0636  0.0578  0.0542  0.0529  0.0529  0.0528  0.0526  0.0525
  0.0736  0.0736  0.0737  0.0801  0.0667  0.0613  0.0551  0.0534  0.0528  0.0526  0.0529  0.0518
  0.0743  0.0737  0.0742  0.0854  0.0697  0.0680  0.0562  0.0551  0.0529  0.0527  0.0534  0.0513
  0.0755  0.0738  0.0750  0.0889  0.0733  0.0763  0.0575  0.0579  0.0531  0.0533  0.0541  0.0511
niter,ni,del,rscale     7    3    5.0000    1.2000
parameter  2  1.266338 ->  0.500000 qaram    1.1500
parameter  3  3.688738 ->  0.500000 qaram    1.1500
parameter  4  1.094483 ->  0.500000 qaram    1.3225
parameter  5********** ->  0.500000 qaram    1.3225
parameter  6  0.522097 ->  0.500000 qaram    1.3225
parameters
   -1.7681  -16.1224   14.6478   -9.2561  -10.1847   -9.9032
    5.1393   -1.8741   -4.0831   13.6867    1.4582  -13.1645
eta,q 0.97137 13.38877
  0.0526  0.0500  0.0448  0.0392  0.0276  0.0309  0.0364  0.0347  0.0339  0.0309  0.0306  0.0295
  0.0514  0.0501  0.0463  0.0401  0.0305  0.0302  0.0337  0.0321  0.0320  0.0295  0.0299  0.0288
  0.0511  0.0504  0.0481  0.0423  0.0352  0.0306  0.0315  0.0305  0.0307  0.0291  0.0294  0.0286
  0.0515  0.0511  0.0501  0.0467  0.0406  0.0317  0.0302  0.0300  0.0300  0.0300  0.0291  0.0291
  0.0525  0.0518  0.0524  0.0535  0.0460  0.0332  0.0301  0.0306  0.0302  0.0317  0.0291  0.0301
  0.0542  0.0526  0.0548  0.0612  0.0496  0.0367  0.0315  0.0322  0.0312  0.0344  0.0294  0.0317
  0.0562  0.0536  0.0572  0.0686  0.0535  0.0423  0.0340  0.0348  0.0329  0.0379  0.0299  0.0336
niter,ni,del,rscale     7    3    5.0000    1.2000
parameter  3  0.992277 ->  0.500000 qaram    1.3225
parameter  5  0.553137 ->  0.500000 qaram    1.5209
parameter 12  0.699828 ->  0.500000 qaram    1.3225
parameters
   -1.2346  -16.4803   13.0608  -12.5440  -15.6598   -6.2848
    5.4469   -2.2523   -4.4766   15.4679    2.0385  -17.9255
eta,q 0.97712 13.27513
  0.0347  0.0322  0.0261  0.0285  0.0266  0.0300  0.0277  0.0278  0.0259  0.0283  0.0246  0.0231
  0.0318  0.0299  0.0264  0.0272  0.0251  0.0278  0.0258  0.0254  0.0248  0.0263  0.0241  0.0229
  0.0298  0.0286  0.0271  0.0266  0.0247  0.0261  0.0245  0.0242  0.0241  0.0248  0.0237  0.0230
  0.0286  0.0284  0.0283  0.0266  0.0266  0.0249  0.0239  0.0239  0.0239  0.0239  0.0236  0.0236
  0.0285  0.0295  0.0301  0.0284  0.0313  0.0240  0.0242  0.0246  0.0242  0.0236  0.0237  0.0246
  0.0293  0.0317  0.0324  0.0343  0.0376  0.0240  0.0253  0.0260  0.0251  0.0241  0.0239  0.0257
  0.0310  0.0348  0.0352  0.0424  0.0426  0.0259  0.0273  0.0286  0.0265  0.0255  0.0243  0.0272
niter,ni,del,rscale     7    3    5.0000    1.2000
parameter  3  0.512870 ->  0.500000 qaram    1.5209
parameters
   -0.8756  -15.2239   11.2357  -12.4546  -17.4691   -8.2577
    5.2340   -1.7690   -4.2845   17.6743    3.8623  -22.2311
eta,q 0.97879 13.17472
  0.0272  0.0308  0.0217  0.0271  0.0283  0.0250  0.0255  0.0268  0.0246  0.0265  0.0228  0.0219
  0.0251  0.0274  0.0211  0.0245  0.0250  0.0234  0.0236  0.0240  0.0232  0.0244  0.0223  0.0214
  0.0237  0.0247  0.0211  0.0225  0.0224  0.0223  0.0224  0.0225  0.0223  0.0228  0.0220  0.0212
  0.0229  0.0228  0.0218  0.0211  0.0210  0.0215  0.0220  0.0220  0.0220  0.0220  0.0217  0.0217
  0.0229  0.0219  0.0232  0.0203  0.0230  0.0215  0.0223  0.0223  0.0222  0.0217  0.0217  0.0226
  0.0237  0.0220  0.0254  0.0220  0.0294  0.0257  0.0237  0.0234  0.0230  0.0221  0.0218  0.0238
  0.0253  0.0233  0.0283  0.0291  0.0366  0.0353  0.0260  0.0255  0.0244  0.0230  0.0221  0.0252
niter,ni,del,rscale     7    3    5.0000    1.2000
parameters
   -0.7438  -14.7062   10.7380  -11.9955  -18.3434   -9.0306
    5.3575   -1.7960   -4.4703   18.6133    3.9956  -23.1273
eta,q 0.97855 13.14723
  0.0249  0.0270  0.0236  0.0270  0.0292  0.0260  0.0254  0.0258  0.0238  0.0248  0.0222  0.0232
  0.0230  0.0242  0.0221  0.0244  0.0258  0.0238  0.0234  0.0233  0.0225  0.0230  0.0219  0.0221
  0.0217  0.0223  0.0212  0.0224  0.0229  0.0223  0.0221  0.0219  0.0217  0.0219  0.0216  0.0215
  0.0212  0.0212  0.0210  0.0210  0.0208  0.0212  0.0215  0.0215  0.0215  0.0215  0.0215  0.0215
  0.0214  0.0211  0.0217  0.0201  0.0214  0.0204  0.0218  0.0219  0.0218  0.0216  0.0215  0.0218
  0.0224  0.0220  0.0233  0.0214  0.0266  0.0229  0.0230  0.0232  0.0226  0.0222  0.0217  0.0227
  0.0242  0.0239  0.0257  0.0277  0.0346  0.0312  0.0254  0.0259  0.0240  0.0233  0.0222  0.0238
niter,ni,del,rscale     6    3    5.0000    1.2000
parameters
   -0.7285  -14.4711   10.5684  -11.8475  -18.7345   -9.1794
    5.4304   -1.7997   -4.5196   19.0706    4.1500  -23.5124
eta,q 0.97837 13.14191
  0.0248  0.0260  0.0243  0.0271  0.0298  0.0266  0.0254  0.0260  0.0239  0.0244  0.0223  0.0236
  0.0230  0.0236  0.0227  0.0246  0.0265  0.0244  0.0235  0.0234  0.0226  0.0228  0.0220  0.0223
  0.0219  0.0221  0.0218  0.0228  0.0236  0.0227  0.0222  0.0221  0.0219  0.0219  0.0218  0.0217
  0.0215  0.0215  0.0214  0.0214  0.0214  0.0216  0.0216  0.0216  0.0216  0.0216  0.0216  0.0216
  0.0218  0.0217  0.0218  0.0206  0.0212  0.0205  0.0219  0.0220  0.0219  0.0218  0.0217  0.0219
  0.0229  0.0227  0.0230  0.0223  0.0256  0.0221  0.0232  0.0233  0.0226  0.0225  0.0219  0.0227
  0.0248  0.0247  0.0251  0.0287  0.0335  0.0296  0.0255  0.0261  0.0239  0.0236  0.0224  0.0238
niter,ni,del,rscale     5    3    5.0000    1.2000
parameters
   -0.7280  -14.3663   10.5001  -11.8050  -18.9181   -9.2638
    5.4611   -1.8117   -4.5528   19.2719    4.1876  -23.6691
eta,q 0.97826 13.13694
  0.0249  0.0256  0.0246  0.0271  0.0300  0.0268  0.0255  0.0261  0.0239  0.0242  0.0224  0.0237
  0.0231  0.0234  0.0230  0.0248  0.0267  0.0245  0.0235  0.0235  0.0227  0.0227  0.0221  0.0225
  0.0220  0.0221  0.0220  0.0229  0.0239  0.0229  0.0223  0.0222  0.0220  0.0219  0.0219  0.0219
  0.0216  0.0216  0.0216  0.0216  0.0216  0.0217  0.0217  0.0217  0.0217  0.0217  0.0217  0.0217
  0.0220  0.0219  0.0219  0.0208  0.0212  0.0206  0.0220  0.0221  0.0220  0.0220  0.0218  0.0220
  0.0231  0.0231  0.0230  0.0227  0.0252  0.0221  0.0233  0.0234  0.0227  0.0226  0.0220  0.0227
  0.0250  0.0251  0.0250  0.0291  0.0330  0.0295  0.0256  0.0262  0.0240  0.0238  0.0225  0.0238
niter,ni,del,rscale     4    3    5.0000    1.2000
parameters
   -0.7263  -14.3171   10.4707  -11.7844  -18.9980   -9.2936
    5.4745   -1.8150   -4.5697   19.3667    4.2039  -23.7400
eta,q 0.97822 13.13534
  0.0250  0.0255  0.0248  0.0272  0.0302  0.0269  0.0255  0.0262  0.0240  0.0241  0.0224  0.0238
  0.0232  0.0234  0.0231  0.0249  0.0269  0.0246  0.0235  0.0235  0.0227  0.0227  0.0221  0.0225
  0.0221  0.0222  0.0221  0.0230  0.0240  0.0230  0.0223  0.0222  0.0220  0.0219  0.0219  0.0219
  0.0217  0.0217  0.0217  0.0217  0.0217  0.0218  0.0218  0.0218  0.0218  0.0218  0.0218  0.0218
  0.0221  0.0221  0.0220  0.0209  0.0212  0.0207  0.0221  0.0221  0.0220  0.0220  0.0218  0.0220
  0.0232  0.0232  0.0231  0.0228  0.0250  0.0221  0.0234  0.0235  0.0227  0.0227  0.0220  0.0227
  0.0250  0.0253  0.0250  0.0292  0.0328  0.0294  0.0256  0.0263  0.0240  0.0239  0.0225  0.0238
niter,ni,del,rscale     3    3    5.0000    1.2000
parameters
   -0.7256  -14.2945   10.4562  -11.7767  -19.0327   -9.3129
    5.4805   -1.8168   -4.5663   19.4065    4.1981  -23.7755
eta,q 0.97820 13.13423
  0.0250  0.0255  0.0248  0.0272  0.0302  0.0269  0.0255  0.0262  0.0240  0.0241  0.0224  0.0239
  0.0233  0.0234  0.0232  0.0249  0.0269  0.0247  0.0235  0.0236  0.0228  0.0227  0.0221  0.0226
  0.0222  0.0222  0.0222  0.0231  0.0241  0.0230  0.0223  0.0223  0.0221  0.0220  0.0219  0.0219
  0.0218  0.0218  0.0218  0.0218  0.0218  0.0218  0.0218  0.0218  0.0218  0.0218  0.0218  0.0218
  0.0221  0.0221  0.0220  0.0210  0.0212  0.0207  0.0221  0.0221  0.0220  0.0221  0.0218  0.0220
  0.0232  0.0233  0.0231  0.0229  0.0249  0.0221  0.0234  0.0235  0.0227  0.0228  0.0220  0.0227
  0.0251  0.0254  0.0250  0.0293  0.0327  0.0294  0.0256  0.0263  0.0240  0.0239  0.0225  0.0238
registration optimization eta report
parameter search radius
    2.4000    2.7600    3.6501    9.5220   10.9503    9.5220
    8.2800    7.2000    7.2000    7.2000    7.2000    9.5220
100000*second partial in parameter space
       57.       48.       24.        7.        8.        7.
        5.        9.        4.        4.        1.        2.
  0.0250  0.0255  0.0248  0.0272  0.0302  0.0269  0.0255  0.0262  0.0240  0.0241  0.0224  0.0239
  0.0233  0.0234  0.0232  0.0249  0.0269  0.0247  0.0235  0.0236  0.0228  0.0227  0.0221  0.0226
  0.0222  0.0222  0.0222  0.0231  0.0241  0.0230  0.0223  0.0223  0.0221  0.0220  0.0219  0.0219
  0.0218  0.0218  0.0218  0.0218  0.0218  0.0218  0.0218  0.0218  0.0218  0.0218  0.0218  0.0218
  0.0221  0.0221  0.0220  0.0210  0.0212  0.0207  0.0221  0.0221  0.0220  0.0221  0.0218  0.0220
  0.0232  0.0233  0.0231  0.0229  0.0249  0.0221  0.0234  0.0235  0.0227  0.0228  0.0220  0.0227
  0.0251  0.0254  0.0250  0.0293  0.0327  0.0294  0.0256  0.0263  0.0240  0.0239  0.0225  0.0238
   -0.7256  -14.2945   10.4562  -11.7767  -19.0327   -9.3129
    5.4805   -1.8168   -4.5663   19.4065    4.1981  -23.7755
eta,q 0.97820 13.13423

---------------------------------------------------------------------
imgreg_4dfp /opt/freesurfer/average/711-2C_as_mni_average_305 /opt/freesurfer/average/711-2B_as_mni_average_305_mask talsrcimg_g11 none talsrcimg_to_711-2C_as_mni_average_305_t4 2311
---------------------------------------------------------------------

freesurfer imgreg_4dfp.c
/opt/freesurfer/average/711-2C_as_mni_average_305.4dfp.img
       256       256       256         1
  1.000000  1.000000  1.000000
orientation T byte_order littleendian
Reading image: /opt/freesurfer/average/711-2C_as_mni_average_305.4dfp.img
dimensions:      256       256       256
mmppix:       1.0000   -1.0000   -1.0000
center:     128.0000 -129.0000 -129.0000
/opt/freesurfer/average/711-2B_as_mni_average_305_mask.4dfp.img
       256       256       256         1
  1.000000  1.000000  1.000000
orientation T byte_order littleendian
Reading mask: /opt/freesurfer/average/711-2B_as_mni_average_305_mask.4dfp.img (2306576 pixels)
talsrcimg_g11.4dfp.img
       256       256       256         1
  1.000000  1.000000  1.000000
orientation T byte_order littleendian
Reading image: talsrcimg_g11.4dfp.img
dimensions:      256       256       256
mmppix:       1.0000   -1.0000   -1.0000
center:     128.0000 -129.0000 -129.0000
fimgreg.f
image alignment mode   2311 decimal      907 hex
parameters
   -0.7256  -14.2945   10.4562  -11.7767  -19.0327   -9.3129
    5.4805   -1.8168   -4.5663   19.4065    4.1981  -23.7755
eta,q 0.97820 13.13424
niter,ni,del,rscale     5    3    5.0000    0.8000
parameter  4 -0.777359 -> -0.500000 qaram    1.1500
parameter  6 -0.767654 -> -0.500000 qaram    1.1500
parameters
   -0.7036  -14.2764   10.5808   -9.0167  -17.3606   -6.5529
    5.0587   -2.1123   -4.7747   20.3741    3.1738  -22.8743
eta,q 0.98056 13.46548
  0.0233  0.0230  0.0225  0.0239  0.0241  0.0227  0.0215  0.0236  0.0210  0.0221  0.0202  0.0206
  0.0225  0.0223  0.0221  0.0231  0.0230  0.0219  0.0204  0.0211  0.0202  0.0207  0.0197  0.0199
  0.0220  0.0219  0.0219  0.0224  0.0219  0.0212  0.0197  0.0198  0.0197  0.0199  0.0195  0.0196
  0.0218  0.0218  0.0218  0.0218  0.0210  0.0205  0.0196  0.0196  0.0195  0.0195  0.0195  0.0194
  0.0219  0.0219  0.0218  0.0213  0.0205  0.0199  0.0200  0.0203  0.0198  0.0195  0.0198  0.0195
  0.0224  0.0223  0.0220  0.0210  0.0207  0.0195  0.0209  0.0220  0.0204  0.0198  0.0204  0.0196
  0.0232  0.0230  0.0223  0.0214  0.0218  0.0201  0.0224  0.0246  0.0213  0.0206  0.0212  0.0199
niter,ni,del,rscale     6    3    5.0000    0.9000
parameters
   -0.9835  -14.6456   10.8249  -10.3570  -17.0261   -7.4037
    5.4727   -2.0331   -4.4712   19.4441    3.2716  -22.8310
eta,q 0.98021 13.39257
  0.0215  0.0206  0.0212  0.0219  0.0228  0.0225  0.0222  0.0236  0.0216  0.0210  0.0205  0.0206
  0.0202  0.0198  0.0202  0.0208  0.0215  0.0215  0.0211  0.0213  0.0207  0.0202  0.0201  0.0201
  0.0195  0.0193  0.0196  0.0199  0.0204  0.0205  0.0202  0.0202  0.0201  0.0198  0.0199  0.0199
  0.0194  0.0194  0.0193  0.0193  0.0196  0.0195  0.0199  0.0198  0.0198  0.0198  0.0198  0.0198
  0.0201  0.0199  0.0193  0.0199  0.0195  0.0195  0.0199  0.0202  0.0199  0.0202  0.0198  0.0199
  0.0214  0.0209  0.0197  0.0230  0.0204  0.0220  0.0205  0.0212  0.0204  0.0210  0.0200  0.0201
  0.0235  0.0224  0.0203  0.0284  0.0226  0.0269  0.0217  0.0233  0.0213  0.0223  0.0205  0.0206
niter,ni,del,rscale     5    3    5.0000    0.8000
parameters
   -0.9163  -14.6954   10.7397  -10.2916  -16.8854   -7.1835
    5.3201   -2.0003   -4.4902   19.5087    3.2426  -22.8227
eta,q 0.98035 13.41173
  0.0217  0.0213  0.0205  0.0223  0.0224  0.0222  0.0213  0.0226  0.0210  0.0211  0.0202  0.0203
  0.0207  0.0204  0.0201  0.0213  0.0213  0.0214  0.0204  0.0208  0.0202  0.0203  0.0199  0.0199
  0.0200  0.0199  0.0199  0.0205  0.0204  0.0206  0.0198  0.0199  0.0198  0.0198  0.0197  0.0197
  0.0198  0.0198  0.0198  0.0198  0.0198  0.0197  0.0196  0.0196  0.0196  0.0196  0.0196  0.0196
  0.0199  0.0200  0.0199  0.0195  0.0198  0.0192  0.0198  0.0199  0.0198  0.0198  0.0197  0.0197
  0.0205  0.0206  0.0202  0.0203  0.0207  0.0199  0.0205  0.0208  0.0202  0.0202  0.0199  0.0199
  0.0214  0.0215  0.0207  0.0231  0.0225  0.0229  0.0216  0.0225  0.0210  0.0210  0.0203  0.0203
niter,ni,del,rscale     4    3    5.0000    0.7000
parameters
   -0.8964  -14.7236   10.7474   -9.9901  -16.7529   -6.8980
    5.2501   -2.0105   -4.5177   19.5671    3.1480  -22.6641
eta,q 0.98058 13.44078
  0.0211  0.0208  0.0203  0.0218  0.0217  0.0217  0.0208  0.0219  0.0205  0.0206  0.0199  0.0200
  0.0203  0.0202  0.0199  0.0210  0.0208  0.0210  0.0201  0.0204  0.0199  0.0199  0.0196  0.0196
  0.0198  0.0198  0.0197  0.0202  0.0200  0.0203  0.0196  0.0196  0.0195  0.0195  0.0195  0.0195
  0.0196  0.0196  0.0196  0.0196  0.0196  0.0195  0.0194  0.0194  0.0194  0.0194  0.0194  0.0194
  0.0198  0.0198  0.0197  0.0194  0.0196  0.0191  0.0196  0.0197  0.0195  0.0195  0.0195  0.0195
  0.0202  0.0202  0.0199  0.0199  0.0203  0.0197  0.0201  0.0205  0.0199  0.0199  0.0196  0.0196
  0.0210  0.0210  0.0203  0.0219  0.0218  0.0220  0.0210  0.0219  0.0205  0.0205  0.0200  0.0199
niter,ni,del,rscale     3    3    5.0000    0.6000
parameters
   -0.9201  -14.7615   10.7796   -9.7277  -16.6009   -6.6029
    5.2074   -2.0427   -4.5265   19.5566    3.0885  -22.4380
eta,q 0.98078 13.46583
  0.0205  0.0203  0.0199  0.0211  0.0210  0.0212  0.0203  0.0212  0.0200  0.0201  0.0196  0.0196
  0.0199  0.0198  0.0197  0.0205  0.0203  0.0206  0.0197  0.0200  0.0196  0.0196  0.0194  0.0194
  0.0195  0.0195  0.0195  0.0199  0.0197  0.0199  0.0193  0.0194  0.0193  0.0193  0.0193  0.0193
  0.0194  0.0194  0.0194  0.0194  0.0193  0.0193  0.0192  0.0192  0.0192  0.0192  0.0192  0.0192
  0.0195  0.0195  0.0195  0.0192  0.0194  0.0190  0.0193  0.0195  0.0193  0.0193  0.0193  0.0192
  0.0199  0.0199  0.0196  0.0197  0.0199  0.0195  0.0197  0.0201  0.0196  0.0196  0.0194  0.0193
  0.0206  0.0204  0.0199  0.0212  0.0210  0.0213  0.0204  0.0212  0.0201  0.0201  0.0197  0.0195
niter,ni,del,rscale     2    3    5.0000    0.5000
parameters
   -0.9464  -14.8097   10.8334   -9.5063  -16.4495   -6.3246
    5.1558   -2.0817   -4.5188   19.4865    3.0424  -22.1801
eta,q 0.98093 13.48591
  0.0200  0.0198  0.0196  0.0206  0.0204  0.0207  0.0198  0.0206  0.0197  0.0197  0.0194  0.0194
  0.0196  0.0195  0.0194  0.0200  0.0199  0.0202  0.0194  0.0197  0.0193  0.0193  0.0192  0.0192
  0.0193  0.0193  0.0193  0.0196  0.0194  0.0196  0.0192  0.0192  0.0191  0.0191  0.0191  0.0191
  0.0192  0.0192  0.0192  0.0192  0.0192  0.0192  0.0191  0.0191  0.0191  0.0191  0.0191  0.0191
  0.0193  0.0193  0.0192  0.0191  0.0192  0.0190  0.0192  0.0193  0.0191  0.0191  0.0191  0.0191
  0.0196  0.0196  0.0194  0.0195  0.0196  0.0194  0.0194  0.0198  0.0193  0.0194  0.0192  0.0191
  0.0201  0.0200  0.0196  0.0205  0.0203  0.0207  0.0199  0.0206  0.0197  0.0198  0.0195  0.0193
niter,ni,del,rscale     1    3    5.0000    0.4000
parameters
   -0.9701  -14.8652   10.8873   -9.3198  -16.3159   -6.0809
    5.1105   -2.1163   -4.5057   19.4054    3.0064  -21.9275
eta,q 0.98103 13.50206
  0.0196  0.0195  0.0194  0.0200  0.0199  0.0202  0.0195  0.0200  0.0194  0.0194  0.0192  0.0192
  0.0193  0.0192  0.0192  0.0196  0.0195  0.0197  0.0192  0.0194  0.0191  0.0191  0.0191  0.0191
  0.0191  0.0191  0.0191  0.0193  0.0192  0.0193  0.0190  0.0191  0.0190  0.0190  0.0190  0.0190
  0.0191  0.0191  0.0191  0.0191  0.0190  0.0190  0.0190  0.0190  0.0190  0.0190  0.0190  0.0190
  0.0191  0.0191  0.0191  0.0190  0.0191  0.0189  0.0190  0.0191  0.0190  0.0190  0.0190  0.0190
  0.0193  0.0193  0.0192  0.0193  0.0193  0.0192  0.0192  0.0195  0.0191  0.0192  0.0191  0.0190
  0.0197  0.0196  0.0193  0.0200  0.0198  0.0201  0.0195  0.0201  0.0194  0.0195  0.0192  0.0191
registration optimization eta report
parameter search radius
    0.8000    0.8000    0.8000    2.7600    2.4000    2.7600
    2.4000    2.4000    2.4000    2.4000    2.4000    2.4000
100000*second partial in parameter space
       86.       71.       43.       12.       14.       15.
        9.       18.        7.        8.        4.        3.
  0.0196  0.0195  0.0194  0.0200  0.0199  0.0202  0.0195  0.0200  0.0194  0.0194  0.0192  0.0192
  0.0193  0.0192  0.0192  0.0196  0.0195  0.0197  0.0192  0.0194  0.0191  0.0191  0.0191  0.0191
  0.0191  0.0191  0.0191  0.0193  0.0192  0.0193  0.0190  0.0191  0.0190  0.0190  0.0190  0.0190
  0.0191  0.0191  0.0191  0.0191  0.0190  0.0190  0.0190  0.0190  0.0190  0.0190  0.0190  0.0190
  0.0191  0.0191  0.0191  0.0190  0.0191  0.0189  0.0190  0.0191  0.0190  0.0190  0.0190  0.0190
  0.0193  0.0193  0.0192  0.0193  0.0193  0.0192  0.0192  0.0195  0.0191  0.0192  0.0191  0.0190
  0.0197  0.0196  0.0193  0.0200  0.0198  0.0201  0.0195  0.0201  0.0194  0.0195  0.0192  0.0191
   -0.9701  -14.8652   10.8873   -9.3198  -16.3159   -6.0809
    5.1105   -2.1163   -4.5057   19.4054    3.0064  -21.9275
eta,q 0.98103 13.50206

---------------------------------------------------------------------
imgreg_4dfp /opt/freesurfer/average/711-2C_as_mni_average_305 /opt/freesurfer/average/711-2B_as_mni_average_305_mask talsrcimg_g11 none talsrcimg_to_711-2C_as_mni_average_305_t4 2311
---------------------------------------------------------------------

freesurfer imgreg_4dfp.c
/opt/freesurfer/average/711-2C_as_mni_average_305.4dfp.img
       256       256       256         1
  1.000000  1.000000  1.000000
orientation T byte_order littleendian
Reading image: /opt/freesurfer/average/711-2C_as_mni_average_305.4dfp.img
dimensions:      256       256       256
mmppix:       1.0000   -1.0000   -1.0000
center:     128.0000 -129.0000 -129.0000
/opt/freesurfer/average/711-2B_as_mni_average_305_mask.4dfp.img
       256       256       256         1
  1.000000  1.000000  1.000000
orientation T byte_order littleendian
Reading mask: /opt/freesurfer/average/711-2B_as_mni_average_305_mask.4dfp.img (2306576 pixels)
talsrcimg_g11.4dfp.img
       256       256       256         1
  1.000000  1.000000  1.000000
orientation T byte_order littleendian
Reading image: talsrcimg_g11.4dfp.img
dimensions:      256       256       256
mmppix:       1.0000   -1.0000   -1.0000
center:     128.0000 -129.0000 -129.0000
fimgreg.f
image alignment mode   2311 decimal      907 hex
parameters
   -0.9701  -14.8652   10.8873   -9.3198  -16.3159   -6.0809
    5.1105   -2.1163   -4.5057   19.4054    3.0064  -21.9275
eta,q 0.98103 13.50206
niter,ni,del,rscale     5    3    5.0000    0.8000
parameters
   -1.0050  -14.9339   10.9546  -10.1001  -16.5915   -6.6344
    5.3085   -2.0700   -4.4658   19.1297    2.9854  -22.2937
eta,q 0.98066 13.44500
  0.0212  0.0207  0.0203  0.0208  0.0216  0.0213  0.0212  0.0227  0.0207  0.0208  0.0200  0.0199
  0.0199  0.0197  0.0196  0.0201  0.0205  0.0205  0.0203  0.0207  0.0200  0.0199  0.0197  0.0196
  0.0192  0.0191  0.0191  0.0194  0.0196  0.0198  0.0196  0.0196  0.0195  0.0195  0.0194  0.0194
  0.0190  0.0190  0.0190  0.0190  0.0191  0.0192  0.0193  0.0193  0.0193  0.0193  0.0193  0.0193
  0.0193  0.0192  0.0191  0.0192  0.0193  0.0192  0.0195  0.0197  0.0195  0.0196  0.0194  0.0194
  0.0200  0.0199  0.0194  0.0207  0.0205  0.0208  0.0200  0.0207  0.0199  0.0201  0.0196  0.0197
  0.0214  0.0210  0.0201  0.0240  0.0227  0.0238  0.0210  0.0225  0.0207  0.0211  0.0201  0.0201
niter,ni,del,rscale     4    3    5.0000    0.7000
parameters
   -0.9406  -14.8436   10.8537   -9.8220  -16.6487   -6.5508
    5.1815   -2.0168   -4.5040   19.3601    2.9904  -22.3988
eta,q 0.98077 13.45958
  0.0209  0.0208  0.0199  0.0211  0.0213  0.0211  0.0206  0.0220  0.0203  0.0206  0.0198  0.0197
  0.0201  0.0201  0.0196  0.0204  0.0204  0.0205  0.0198  0.0204  0.0197  0.0199  0.0195  0.0194
  0.0196  0.0196  0.0194  0.0198  0.0197  0.0198  0.0194  0.0195  0.0193  0.0194  0.0193  0.0193
  0.0193  0.0193  0.0193  0.0193  0.0193  0.0193  0.0192  0.0192  0.0192  0.0192  0.0192  0.0192
  0.0194  0.0194  0.0194  0.0191  0.0194  0.0190  0.0194  0.0195  0.0194  0.0193  0.0193  0.0193
  0.0199  0.0198  0.0197  0.0196  0.0202  0.0197  0.0199  0.0203  0.0197  0.0197  0.0195  0.0194
  0.0207  0.0205  0.0202  0.0211  0.0218  0.0216  0.0208  0.0218  0.0204  0.0203  0.0198  0.0198
niter,ni,del,rscale     3    3    5.0000    0.6000
parameters
   -0.9368  -14.8229   10.8518   -9.5678  -16.5627   -6.3528
    5.1483   -2.0327   -4.5225   19.4324    2.9680  -22.2692
eta,q 0.98090 13.47837
  0.0204  0.0202  0.0198  0.0207  0.0209  0.0208  0.0202  0.0213  0.0199  0.0201  0.0196  0.0195
  0.0197  0.0197  0.0195  0.0201  0.0201  0.0202  0.0196  0.0200  0.0195  0.0195  0.0193  0.0193
  0.0194  0.0194  0.0193  0.0196  0.0195  0.0196  0.0192  0.0193  0.0192  0.0192  0.0192  0.0192
  0.0192  0.0192  0.0192  0.0192  0.0192  0.0192  0.0191  0.0191  0.0191  0.0191  0.0191  0.0191
  0.0193  0.0193  0.0193  0.0191  0.0192  0.0190  0.0192  0.0194  0.0192  0.0192  0.0191  0.0191
  0.0197  0.0196  0.0195  0.0195  0.0198  0.0194  0.0196  0.0201  0.0195  0.0195  0.0193  0.0192
  0.0204  0.0202  0.0198  0.0206  0.0209  0.0209  0.0203  0.0213  0.0200  0.0200  0.0196  0.0195
niter,ni,del,rscale     2    3    5.0000    0.5000
parameters
   -0.9594  -14.8471   10.8826   -9.3881  -16.4340   -6.1494
    5.1215   -2.0688   -4.5097   19.4065    2.9509  -22.0683
eta,q 0.98100 13.49414
  0.0199  0.0198  0.0195  0.0202  0.0203  0.0203  0.0198  0.0206  0.0196  0.0197  0.0194  0.0193
  0.0195  0.0194  0.0193  0.0198  0.0198  0.0199  0.0194  0.0197  0.0193  0.0193  0.0192  0.0191
  0.0192  0.0192  0.0192  0.0194  0.0193  0.0194  0.0191  0.0192  0.0191  0.0191  0.0191  0.0190
  0.0191  0.0191  0.0191  0.0191  0.0191  0.0191  0.0190  0.0190  0.0190  0.0190  0.0190  0.0190
  0.0192  0.0192  0.0191  0.0190  0.0191  0.0189  0.0191  0.0192  0.0191  0.0191  0.0190  0.0190
  0.0195  0.0194  0.0193  0.0193  0.0195  0.0193  0.0194  0.0198  0.0193  0.0193  0.0192  0.0191
  0.0200  0.0198  0.0195  0.0202  0.0203  0.0203  0.0198  0.0206  0.0196  0.0197  0.0194  0.0192
niter,ni,del,rscale     1    3    5.0000    0.4000
parameters
   -0.9795  -14.8882   10.9308   -9.2394  -16.3063   -5.9570
    5.0838   -2.1064   -4.5071   19.3526    2.9487  -21.8547
eta,q 0.98106 13.50718
  0.0195  0.0194  0.0193  0.0198  0.0199  0.0199  0.0195  0.0200  0.0193  0.0194  0.0192  0.0191
  0.0192  0.0192  0.0192  0.0195  0.0195  0.0195  0.0192  0.0194  0.0191  0.0191  0.0191  0.0190
  0.0191  0.0190  0.0190  0.0192  0.0192  0.0192  0.0190  0.0190  0.0190  0.0190  0.0190  0.0190
  0.0190  0.0190  0.0190  0.0190  0.0190  0.0190  0.0189  0.0189  0.0189  0.0189  0.0189  0.0189
  0.0191  0.0191  0.0190  0.0190  0.0190  0.0189  0.0190  0.0191  0.0190  0.0190  0.0190  0.0189
  0.0193  0.0192  0.0191  0.0192  0.0193  0.0192  0.0192  0.0195  0.0191  0.0192  0.0191  0.0190
  0.0196  0.0195  0.0193  0.0197  0.0198  0.0198  0.0195  0.0201  0.0193  0.0194  0.0192  0.0191
registration optimization eta report
parameter search radius
    0.8000    0.8000    0.8000    2.4000    2.4000    2.4000
    2.4000    2.4000    2.4000    2.4000    2.4000    2.4000
100000*second partial in parameter space
       89.       72.       45.       13.       14.       16.
        9.       19.        7.        8.        5.        3.
  0.0195  0.0194  0.0193  0.0198  0.0199  0.0199  0.0195  0.0200  0.0193  0.0194  0.0192  0.0191
  0.0192  0.0192  0.0192  0.0195  0.0195  0.0195  0.0192  0.0194  0.0191  0.0191  0.0191  0.0190
  0.0191  0.0190  0.0190  0.0192  0.0192  0.0192  0.0190  0.0190  0.0190  0.0190  0.0190  0.0190
  0.0190  0.0190  0.0190  0.0190  0.0190  0.0190  0.0189  0.0189  0.0189  0.0189  0.0189  0.0189
  0.0191  0.0191  0.0190  0.0190  0.0190  0.0189  0.0190  0.0191  0.0190  0.0190  0.0190  0.0189
  0.0193  0.0192  0.0191  0.0192  0.0193  0.0192  0.0192  0.0195  0.0191  0.0192  0.0191  0.0190
  0.0196  0.0195  0.0193  0.0197  0.0198  0.0198  0.0195  0.0201  0.0193  0.0194  0.0192  0.0191
   -0.9795  -14.8882   10.9308   -9.2394  -16.3063   -5.9570
    5.0838   -2.1064   -4.5071   19.3526    2.9487  -21.8547
eta,q 0.98106 13.50718

---------------------------------------------------------------------
compute_vox2vox talsrcimg talsrcimg_to_711-2C_as_mni_average_305_t4 /opt/freesurfer/average/711-2C_as_mni_average_305
---------------------------------------------------------------------

freesurfer compute_vox2vox.c
Reading: talsrcimg.4dfp.ifh
Reading: talsrcimg_to_711-2C_as_mni_average_305_t4
Reading: /opt/freesurfer/average/711-2C_as_mni_average_305.4dfp.ifh
Writing: talsrcimg_to_711-2C_as_mni_average_305_t4_vox2vox.txt

start time Wed Mar 11 10:00:02 CET 2026
end		time Wed Mar 11 10:01:30 CET 2026

mpr2mni305 success

avi2talxfm orig_nu.mgz /opt/freesurfer/average/mni305.cor.mgz talsrcimg_to_711-2C_as_mni_average_305_t4_vox2vox.txt transforms/talairach.auto.xfm
avi2talxfm done
mv -f /out/sourcedata/freesurfer/sub-v2s15x29759_ses-1/mri/talsrcimg_to_711-2C_as_mni_average_305_t4_vox2vox.txt /out/sourcedata/freesurfer/sub-v2s15x29759_ses-1/mri/transforms/talsrcimg_to_711-2C_as_mni_average_305_t4_vox2vox.txt
lta_convert --src orig_nu.mgz --trg /opt/freesurfer/average/mni305.cor.mgz --inxfm transforms/talairach.auto.xfm --outlta transforms/talairach.auto.xfm.lta --subject fsaverage
7.3.2

--src: orig_nu.mgz src image (geometry).
--trg: /opt/freesurfer/average/mni305.cor.mgz trg image (geometry).
--inmni: transforms/talairach.auto.xfm input MNI/XFM transform.
--outlta: transforms/talairach.auto.xfm.lta output LTA.
--s: fsaverage subject name
 LTA read, type : 1
 1.09778   0.03636  -0.05719  -7.84747;
-0.01963   1.00847   0.26453  -14.15941;
 0.06366  -0.23123   1.13059   22.77399;
 0.00000   0.00000   0.00000   1.00000;
setting subject to fsaverage
Writing  LTA to file transforms/talairach.auto.xfm.lta...
lta_convert successful.
 
 
Started at Wed Mar 11 10:00:01 CET 2026
Ended   at Wed Mar 11 10:01:30 CET 2026
talairach_avi done
