/out/sourcedata/freesurfer/sub-v2s15x29741_ses-1/mri
/opt/freesurfer/bin/talairach_avi
--i orig_nu.mgz --xfm transforms/talairach.auto.xfm
talairach_avi 7.3.2
Linux dna052 5.14.0-427.37.1.el9_4.x86_64 #1 SMP PREEMPT_DYNAMIC Fri Sep 13 12:41:50 EDT 2024 x86_64 x86_64 x86_64 GNU/Linux
Wed Mar 11 08:35:28 CET 2026
mri_convert orig_nu.mgz talsrcimg.img 
reading from orig_nu.mgz...
TR=0.00, TE=0.00, TI=0.00, flip angle=0.00
i_ras = (-1, 0, 0)
j_ras = (0, 0, -1)
k_ras = (0, 1, 0)
writing to talsrcimg.img...
Analyze Output Matrix
-1.00000   0.00000   0.00000   135.14578;
 0.00000   0.00000   1.00000  -130.42661;
 0.00000  -1.00000   0.00000   142.04077;
 0.00000   0.00000   0.00000   1.00000;
--------------------
INFO: set hdr.hist.orient to -1
mpr2mni305 talsrcimg
Wed Mar 11 08:35:28 CET 2026
/opt/freesurfer/bin/mpr2mni305 talsrcimg
mpr2mni305 7.3.2
target=711-2C_as_mni_average_305

---------------------------------------------------------------------
analyzeto4dfp talsrcimg -O0 -y
---------------------------------------------------------------------

freesurfer ifh2hdr.c
Wed Mar 11 08:35:28 2026
Writing: talsrcimg.4dfp.hdr
freesurfer analyzeto4dfp.c
Reading: talsrcimg.hdr
header size 348 bytes
hdr.dime.datatype	offset=70	value=2
hdr.dime.bitpix		offset=72	value=8
hdr.hist.orient		offset=252	value=-1
dimensionality     4
dimensions       256       256       256         1
Reading: talsrcimg.img
Writing: talsrcimg.4dfp.img
Writing: talsrcimg.4dfp.ifh
ifh2hdr talsrcimg -r0to242
ori=2

---------------------------------------------------------------------
gauss_4dfp talsrcimg 1.1
---------------------------------------------------------------------

freesurfer gauss_4dfp.c
Reading: talsrcimg.4dfp.img
Writing: talsrcimg_g11.4dfp.img
image dimensions 256 256 256 padded to 288 288 288
processing volume 1freesurfer ifh2hdr.c
Wed Mar 11 08:35:30 2026
Writing: talsrcimg_g11.4dfp.hdr

Writing: talsrcimg_g11.4dfp.ifh
including: talsrcimg.4dfp.img.rec in talsrcimg_g11.4dfp.img.rec

---------------------------------------------------------------------
imgreg_4dfp /opt/freesurfer/average/711-2C_as_mni_average_305 none talsrcimg_g11 none talsrcimg_to_711-2C_as_mni_average_305_t4 4355
---------------------------------------------------------------------

freesurfer imgreg_4dfp.c
/opt/freesurfer/average/711-2C_as_mni_average_305.4dfp.img
       256       256       256         1
  1.000000  1.000000  1.000000
orientation T byte_order littleendian
Reading image: /opt/freesurfer/average/711-2C_as_mni_average_305.4dfp.img
dimensions:      256       256       256
mmppix:       1.0000   -1.0000   -1.0000
center:     128.0000 -129.0000 -129.0000
talsrcimg_g11.4dfp.img
       256       256       256         1
  1.000000  1.000000  1.000000
orientation T byte_order littleendian
Reading image: talsrcimg_g11.4dfp.img
dimensions:      256       256       256
mmppix:       1.0000   -1.0000   -1.0000
center:     128.0000 -129.0000 -129.0000
t4_read: open error in t4_sub.f l:  41 t4_file(1:l)talsrcimg_to_711-2C_as_mni_average_305_t4 
t4_read: transform initialized to I4
rotation matrix determinant  1.000000
image alignment mode   4355 decimal     1103 hex
   -7.5000  -45.0000  -45.0000 8108.8804   17.2129
    0.0000  -45.0000  -45.0000 8490.6240   17.2042
    7.5000  -45.0000  -45.0000 8131.7671   17.2350
   -7.5000  -37.5000  -45.0000 8692.0020   17.1184
    0.0000  -37.5000  -45.0000 9084.4492   17.1142
    7.5000  -37.5000  -45.0000 8696.4268   17.1410
   -7.5000  -30.0000  -45.0000 9536.3623   17.0884
    0.0000  -30.0000  -45.0000 9967.6895   17.0868
    7.5000  -30.0000  -45.0000 9576.5889   17.1077
   -7.5000  -22.5000  -45.000010320.2559   17.0816
    0.0000  -22.5000  -45.000010768.9424   17.0780
    7.5000  -22.5000  -45.000010334.7695   17.0991
   -7.5000  -15.0000  -45.000011042.3740   17.0794
    0.0000  -15.0000  -45.000011530.4404   17.0716
    7.5000  -15.0000  -45.000011067.8018   17.0963
   -7.5000   -7.5000  -45.000011717.3438   17.0815
    0.0000   -7.5000  -45.000012265.4795   17.0713
    7.5000   -7.5000  -45.000011776.9766   17.0995
   -7.5000    0.0000  -45.000012348.9414   17.0858
    0.0000    0.0000  -45.000012946.2373   17.0767
    7.5000    0.0000  -45.000012411.2715   17.1068
   -7.5000    7.5000  -45.000012171.3662   17.0899
    0.0000    7.5000  -45.000012781.7520   17.0851
    7.5000    7.5000  -45.000012234.9941   17.1114
   -7.5000   15.0000  -45.000011764.2031   17.0877
    0.0000   15.0000  -45.000012302.3574   17.0861
    7.5000   15.0000  -45.000011755.0879   17.1069
   -7.5000   22.5000  -45.000010858.4775   17.0792
    0.0000   22.5000  -45.000011294.5234   17.0757
    7.5000   22.5000  -45.000010764.7061   17.0968
   -7.5000   30.0000  -45.0000 9906.2637   16.8518
    0.0000   30.0000  -45.000010288.3135   16.8441
    7.5000   30.0000  -45.0000 9771.2012   16.8684
   -7.5000   37.5000  -45.0000 9353.7139   16.8539
    0.0000   37.5000  -45.0000 9753.5791   16.8438
    7.5000   37.5000  -45.0000 9227.3652   16.8716
   -7.5000   45.0000  -45.0000 8496.1055   16.4301
    0.0000   45.0000  -45.0000 8867.1396   16.4213
    7.5000   45.0000  -45.0000 8375.7959   16.4502
   -7.5000  -45.0000  -37.5000 8652.3262   17.2112
    0.0000  -45.0000  -37.5000 9052.5029   17.2177
    7.5000  -45.0000  -37.5000 8639.5840   17.2641
   -7.5000  -37.5000  -37.5000 9275.9707   17.1194
    0.0000  -37.5000  -37.5000 9697.0547   17.1288
    7.5000  -37.5000  -37.5000 9260.1152   17.1705
   -7.5000  -30.0000  -37.500010191.6582   17.0918
    0.0000  -30.0000  -37.500010636.8125   17.1024
    7.5000  -30.0000  -37.500010204.1885   17.1392
   -7.5000  -22.5000  -37.500011029.4160   17.0849
    0.0000  -22.5000  -37.500011490.7510   17.0929
    7.5000  -22.5000  -37.500011019.8018   17.1317
   -7.5000  -15.0000  -37.500011782.7891   17.0817
    0.0000  -15.0000  -37.500012297.2334   17.0862
    7.5000  -15.0000  -37.500011780.7852   17.1289
   -7.5000   -7.5000  -37.500012488.4072   17.0815
    0.0000   -7.5000  -37.500013038.9453   17.0857
    7.5000   -7.5000  -37.500012503.5898   17.1306
   -7.5000    0.0000  -37.500013109.6387   17.0850
    0.0000    0.0000  -37.500013707.9658   17.0910
    7.5000    0.0000  -37.500013145.9961   17.1364
   -7.5000    7.5000  -37.500012915.7764   17.0916
    0.0000    7.5000  -37.500013498.3447   17.1003
    7.5000    7.5000  -37.500012923.6094   17.1415
   -7.5000   15.0000  -37.500012418.2334   17.0912
    0.0000   15.0000  -37.500012962.7734   17.1017
    7.5000   15.0000  -37.500012361.9189   17.1385
   -7.5000   22.5000  -37.500011438.0176   17.0826
    0.0000   22.5000  -37.500011890.1699   17.0905
    7.5000   22.5000  -37.500011319.8779   17.1293
   -7.5000   30.0000  -37.500010446.9922   16.8540
    0.0000   30.0000  -37.500010820.7549   16.8585
    7.5000   30.0000  -37.500010265.0273   16.9006
   -7.5000   37.5000  -37.5000 9827.6777   16.8539
    0.0000   37.5000  -37.500010228.8828   16.8581
    7.5000   37.5000  -37.5000 9680.9082   16.9023
   -7.5000   45.0000  -37.5000 8899.9473   16.4293
    0.0000   45.0000  -37.5000 9282.7266   16.4350
    7.5000   45.0000  -37.5000 8765.3643   16.4787
   -7.5000  -45.0000  -30.0000 9375.2158   17.9004
    0.0000  -45.0000  -30.0000 9768.8574   17.9234
    7.5000  -45.0000  -30.0000 9304.5566   17.9913
   -7.5000  -37.5000  -30.000010044.3291   17.8092
    0.0000  -37.5000  -30.000010451.3633   17.8313
    7.5000  -37.5000  -30.0000 9960.6406   17.8942
   -7.5000  -30.0000  -30.000011047.9004   17.7861
    0.0000  -30.0000  -30.000011475.0615   17.8060
    7.5000  -30.0000  -30.000010969.5098   17.8632
   -7.5000  -22.5000  -30.000011941.9102   17.7796
    0.0000  -22.5000  -30.000012409.6094   17.7969
    7.5000  -22.5000  -30.000011858.3301   17.8555
   -7.5000  -15.0000  -30.000012780.5107   17.7736
    0.0000  -15.0000  -30.000013305.0762   17.7898
    7.5000  -15.0000  -30.000012684.6885   17.8524
   -7.5000   -7.5000  -30.000013516.2715   17.7689
    0.0000   -7.5000  -30.000014071.1113   17.7883
    7.5000   -7.5000  -30.000013431.1113   17.8538
   -7.5000    0.0000  -30.000014139.3770   17.7701
    0.0000    0.0000  -30.000014724.3848   17.7923
    7.5000    0.0000  -30.000014086.3789   17.8590
   -7.5000    7.5000  -30.000013887.0820   17.7806
    0.0000    7.5000  -30.000014445.9355   17.8022
    7.5000    7.5000  -30.000013792.8223   17.8644
   -7.5000   15.0000  -30.000013306.3730   17.7854
    0.0000   15.0000  -30.000013822.2344   17.8053
    7.5000   15.0000  -30.000013159.0625   17.8624
   -7.5000   22.5000  -30.000012222.9072   17.7753
    0.0000   22.5000  -30.000012687.5869   17.7926
    7.5000   22.5000  -30.000012052.3066   17.8512
   -7.5000   30.0000  -30.000011107.3760   17.5384
    0.0000   30.0000  -30.000011532.9893   17.5544
    7.5000   30.0000  -30.000010950.8662   17.6162
   -7.5000   37.5000  -30.000010451.8008   17.5338
    0.0000   37.5000  -30.000010885.8350   17.5530
    7.5000   37.5000  -30.000010300.2568   17.6176
   -7.5000   45.0000  -30.0000 9436.4189   17.1007
    0.0000   45.0000  -30.0000 9835.6279   17.1220
    7.5000   45.0000  -30.0000 9286.7295   17.1861
   -7.5000  -45.0000  -22.500010128.4033   18.4620
    0.0000  -45.0000  -22.500010521.7158   18.4846
    7.5000  -45.0000  -22.5000 9991.8965   18.5570
   -7.5000  -37.5000  -22.500010853.9131   18.3692
    0.0000  -37.5000  -22.500011243.3506   18.3891
    7.5000  -37.5000  -22.500010686.1729   18.4570
   -7.5000  -30.0000  -22.500011926.5117   18.3485
    0.0000  -30.0000  -22.500012345.7354   18.3639
    7.5000  -30.0000  -22.500011746.8311   18.4244
   -7.5000  -22.5000  -22.500012887.8174   18.3433
    0.0000  -22.5000  -22.500013338.7803   18.3561
    7.5000  -22.5000  -22.500012704.5176   18.4154
   -7.5000  -15.0000  -22.500013789.5283   18.3359
    0.0000  -15.0000  -22.500014305.4121   18.3493
    7.5000  -15.0000  -22.500013582.1133   18.4117
   -7.5000   -7.5000  -22.500014545.0078   18.3289
    0.0000   -7.5000  -22.500015105.5293   18.3473
    7.5000   -7.5000  -22.500014358.6113   18.4146
   -7.5000    0.0000  -22.500015203.8311   18.3279
    0.0000    0.0000  -22.500015785.7686   18.3497
    7.5000    0.0000  -22.500015015.5176   18.4208
   -7.5000    7.5000  -22.500014902.2080   18.3396
    0.0000    7.5000  -22.500015429.8760   18.3589
    7.5000    7.5000  -22.500014676.6299   18.4261
   -7.5000   15.0000  -22.500014246.7930   18.3478
    0.0000   15.0000  -22.500014731.9453   18.3631
    7.5000   15.0000  -22.500013978.4629   18.4236
   -7.5000   22.5000  -22.500013089.4453   18.3376
    0.0000   22.5000  -22.500013511.0586   18.3504
    7.5000   22.5000  -22.500012815.9072   18.4097
   -7.5000   30.0000  -22.500011871.0547   18.0960
    0.0000   30.0000  -22.500012302.0947   18.1093
    7.5000   30.0000  -22.500011663.0645   18.1709
   -7.5000   37.5000  -22.500011134.6992   18.0891
    0.0000   37.5000  -22.500011572.9512   18.1073
    7.5000   37.5000  -22.500010948.9824   18.1737
   -7.5000   45.0000  -22.500010017.1338   17.6507
    0.0000   45.0000  -22.500010408.9746   17.6717
    7.5000   45.0000  -22.5000 9852.8096   17.7401
   -7.5000  -45.0000  -15.000010900.6631   18.8847
    0.0000  -45.0000  -15.000011292.2461   18.8921
    7.5000  -45.0000  -15.000010705.2900   18.9504
   -7.5000  -37.5000  -15.000011661.5918   18.7873
    0.0000  -37.5000  -15.000012058.3418   18.7932
    7.5000  -37.5000  -15.000011436.9404   18.8482
   -7.5000  -30.0000  -15.000012811.3848   18.7644
    0.0000  -30.0000  -15.000013233.6553   18.7669
    7.5000  -30.0000  -15.000012556.9414   18.8136
   -7.5000  -22.5000  -15.000013886.0361   18.7596
    0.0000  -22.5000  -15.000014323.2275   18.7607
    7.5000  -22.5000  -15.000013570.5479   18.8039
   -7.5000  -15.0000  -15.000014789.9629   18.7532
    0.0000  -15.0000  -15.000015353.3672   18.7545
    7.5000  -15.0000  -15.000014451.9297   18.7997
   -7.5000   -7.5000  -15.000015530.0303   18.7476
    0.0000   -7.5000  -15.000016120.6650   18.7518
    7.5000   -7.5000  -15.000015211.3320   18.8030
   -7.5000    0.0000  -15.000016249.1338   18.7468
    0.0000    0.0000  -15.000016826.1895   18.7535
    7.5000    0.0000  -15.000015906.2588   18.8107
   -7.5000    7.5000  -15.000015921.8242   18.7564
    0.0000    7.5000  -15.000016442.3770   18.7617
    7.5000    7.5000  -15.000015556.3760   18.8161
   -7.5000   15.0000  -15.000015170.3672   18.7636
    0.0000   15.0000  -15.000015659.5879   18.7661
    7.5000   15.0000  -15.000014808.4580   18.8127
   -7.5000   22.5000  -15.000013936.7275   18.7530
    0.0000   22.5000  -15.000014381.0723   18.7540
    7.5000   22.5000  -15.000013585.5127   18.7973
   -7.5000   30.0000  -15.000012639.9365   18.5105
    0.0000   30.0000  -15.000013101.9795   18.5118
    7.5000   30.0000  -15.000012353.4932   18.5564
   -7.5000   37.5000  -15.000011832.9053   18.5050
    0.0000   37.5000  -15.000012280.0342   18.5091
    7.5000   37.5000  -15.000011578.6895   18.5597
   -7.5000   45.0000  -15.000010596.7080   18.0650
    0.0000   45.0000  -15.000011003.1553   18.0715
    7.5000   45.0000  -15.000010393.4199   18.1265
   -7.5000  -45.0000   -7.500011658.5020   19.1377
    0.0000  -45.0000   -7.500012102.7305   19.1293
    7.5000  -45.0000   -7.500011473.3115   19.1688
   -7.5000  -37.5000   -7.500012447.7480   19.0348
    0.0000  -37.5000   -7.500012893.4219   19.0287
    7.5000  -37.5000   -7.500012214.6689   19.0647
   -7.5000  -30.0000   -7.500013717.0498   19.0057
    0.0000  -30.0000   -7.500014171.0391   19.0002
    7.5000  -30.0000   -7.500013411.9395   19.0281
   -7.5000  -22.5000   -7.500014914.6074   18.9999
    0.0000  -22.5000   -7.500015448.1729   18.9930
    7.5000  -22.5000   -7.500014487.1748   19.0185
   -7.5000  -15.0000   -7.500015829.1250   18.9957
    0.0000  -15.0000   -7.500016463.3574   18.9865
    7.5000  -15.0000   -7.500015377.3877   19.0147
   -7.5000   -7.5000   -7.500016551.5840   18.9948
    0.0000   -7.5000   -7.500017198.0762   18.9846
    7.5000   -7.5000   -7.500016147.4229   19.0182
   -7.5000    0.0000   -7.500017330.0703   18.9970
    0.0000    0.0000   -7.500017978.2598   18.9881
    7.5000    0.0000   -7.500016892.5781   19.0266
   -7.5000    7.5000   -7.500016947.6816   19.0030
    0.0000    7.5000   -7.500017540.9316   18.9964
    7.5000    7.5000   -7.500016523.8750   19.0317
   -7.5000   15.0000   -7.500016105.9316   19.0050
    0.0000   15.0000   -7.500016642.0996   18.9994
    7.5000   15.0000   -7.500015638.2012   19.0272
   -7.5000   22.5000   -7.500014773.3740   18.9911
    0.0000   22.5000   -7.500015289.7305   18.9842
    7.5000   22.5000   -7.500014339.2490   19.0097
   -7.5000   30.0000   -7.500013447.3857   18.7494
    0.0000   30.0000   -7.500013936.3750   18.7403
    7.5000   30.0000   -7.500013068.1045   18.7681
   -7.5000   37.5000   -7.500012583.6670   18.7485
    0.0000   37.5000   -7.500013042.3613   18.7384
    7.5000   37.5000   -7.500012258.8418   18.7715
   -7.5000   45.0000   -7.500011207.6523   18.3095
    0.0000   45.0000   -7.500011634.0283   18.3010
    7.5000   45.0000   -7.500010975.4160   18.3381
   -7.5000  -45.0000    0.000012275.1875   19.2353
    0.0000  -45.0000    0.000012816.3418   19.2256
    7.5000  -45.0000    0.000012163.9238   19.2601
   -7.5000  -37.5000    0.000013101.3115   19.1298
    0.0000  -37.5000    0.000013684.8027   19.1251
    7.5000  -37.5000    0.000012948.5234   19.1550
   -7.5000  -30.0000    0.000014478.8564   19.0964
    0.0000  -30.0000    0.000015123.8057   19.0946
    7.5000  -30.0000    0.000014232.8975   19.1179
   -7.5000  -22.5000    0.000015718.6553   19.0889
    0.0000  -22.5000    0.000016430.8125   19.0849
    7.5000  -22.5000    0.000015325.8086   19.1085
   -7.5000  -15.0000    0.000016629.4434   19.0865
    0.0000  -15.0000    0.000017320.8008   19.0777
    7.5000  -15.0000    0.000016239.7969   19.1053
   -7.5000   -7.5000    0.000017407.5176   19.0888
    0.0000   -7.5000    0.000018094.3633   19.0774
    7.5000   -7.5000    0.000017082.4434   19.1089
   -7.5000    0.0000    0.000018266.4141   19.0935
    0.0000    0.0000    0.000018974.3535   19.0833
    7.5000    0.0000    0.000017930.8145   19.1169
   -7.5000    7.5000    0.000017851.3926   19.0980
    0.0000    7.5000    0.000018500.6035   19.0927
    7.5000    7.5000    0.000017468.6211   19.1221
   -7.5000   15.0000    0.000016882.3496   19.0957
    0.0000   15.0000    0.000017466.8359   19.0938
    7.5000   15.0000    0.000016435.5566   19.1170
   -7.5000   22.5000    0.000015447.8037   19.0801
    0.0000   22.5000    0.000016019.0215   19.0761
    7.5000   22.5000    0.000015046.7822   19.0997
   -7.5000   30.0000    0.000014076.8447   18.8395
    0.0000   30.0000    0.000014623.4551   18.8308
    7.5000   30.0000    0.000013713.8418   18.8581
   -7.5000   37.5000    0.000013200.6738   18.8418
    0.0000   37.5000    0.000013715.6387   18.8305
    7.5000   37.5000    0.000012870.2178   18.8616
   -7.5000   45.0000    0.000011747.9639   18.4040
    0.0000   45.0000    0.000012202.1562   18.3941
    7.5000   45.0000    0.000011509.9492   18.4265
   -7.5000  -45.0000    7.500011894.7666   19.2598
    0.0000  -45.0000    7.500012464.1553   19.2671
    7.5000  -45.0000    7.500011848.2705   19.3190
   -7.5000  -37.5000    7.500012665.1875   19.1571
    0.0000  -37.5000    7.500013262.3418   19.1676
    7.5000  -37.5000    7.500012575.3457   19.2143
   -7.5000  -30.0000    7.500013915.9717   19.1262
    0.0000  -30.0000    7.500014589.2471   19.1380
    7.5000  -30.0000    7.500013761.9238   19.1792
   -7.5000  -22.5000    7.500015050.1299   19.1185
    0.0000  -22.5000    7.500015749.8301   19.1274
    7.5000  -22.5000    7.500014824.5869   19.1708
   -7.5000  -15.0000    7.500015868.2783   19.1148
    0.0000  -15.0000    7.500016546.1055   19.1200
    7.5000  -15.0000    7.500015721.0137   19.1677
   -7.5000   -7.5000    7.500016646.3555   19.1147
    0.0000   -7.5000    7.500017352.6484   19.1194
    7.5000   -7.5000    7.500016582.4785   19.1696
   -7.5000    0.0000    7.500017582.1055   19.1186
    0.0000    0.0000    7.500018325.3770   19.1253
    7.5000    0.0000    7.500017439.8398   19.1760
   -7.5000    7.5000    7.500017236.8457   19.1259
    0.0000    7.5000    7.500017881.5117   19.1357
    7.5000    7.5000    7.500016942.8770   19.1818
   -7.5000   15.0000    7.500016276.7539   19.1255
    0.0000   15.0000    7.500016822.8535   19.1372
    7.5000   15.0000    7.500015888.2773   19.1784
   -7.5000   22.5000    7.500014916.4590   19.1097
    0.0000   22.5000    7.500015459.9424   19.1186
    7.5000   22.5000    7.500014556.7607   19.1619
   -7.5000   30.0000    7.500013626.6670   18.8674
    0.0000   30.0000    7.500014162.9619   18.8725
    7.5000   30.0000    7.500013315.4463   18.9196
   -7.5000   37.5000    7.500012779.2695   18.8673
    0.0000   37.5000    7.500013296.2793   18.8720
    7.5000   37.5000    7.500012483.3047   18.9215
   -7.5000   45.0000    7.500011329.8857   18.4282
    0.0000   45.0000    7.500011797.2744   18.4345
    7.5000   45.0000    7.500011110.1553   18.4835
   -7.5000  -45.0000   15.000011378.9189   19.2220
    0.0000  -45.0000   15.000011906.4043   19.2468
    7.5000  -45.0000   15.000011353.8164   19.3197
   -7.5000  -37.5000   15.000012057.5830   19.1241
    0.0000  -37.5000   15.000012612.5098   19.1479
    7.5000  -37.5000   15.000012031.5986   19.2154
   -7.5000  -30.0000   15.000013230.6240   19.0993
    0.0000  -30.0000   15.000013874.7285   19.1207
    7.5000  -30.0000   15.000013164.4775   19.1821
   -7.5000  -22.5000   15.000014360.8438   19.0924
    0.0000  -22.5000   15.000015047.5977   19.1109
    7.5000  -22.5000   15.000014189.9473   19.1739
   -7.5000  -15.0000   15.000015187.8477   19.0859
    0.0000  -15.0000   15.000015907.7578   19.1033
    7.5000  -15.0000   15.000015091.4756   19.1705
   -7.5000   -7.5000   15.000015923.9756   19.0809
    0.0000   -7.5000   15.000016660.6543   19.1017
    7.5000   -7.5000   15.000015910.7676   19.1721
   -7.5000    0.0000   15.000016879.8906   19.0822
    0.0000    0.0000   15.000017564.2598   19.1060
    7.5000    0.0000   15.000016716.3555   19.1776
   -7.5000    7.5000   15.000016589.9766   19.0935
    0.0000    7.5000   15.000017106.7422   19.1166
    7.5000    7.5000   15.000016212.1895   19.1834
   -7.5000   15.0000   15.000015631.4990   19.0986
    0.0000   15.0000   15.000016039.0039   19.1200
    7.5000   15.0000   15.000015162.4707   19.1813
   -7.5000   22.5000   15.000014299.3887   19.0836
    0.0000   22.5000   15.000014702.7012   19.1021
    7.5000   22.5000   15.000013863.5430   19.1651
   -7.5000   30.0000   15.000013052.8428   18.8389
    0.0000   30.0000   15.000013453.7129   18.8561
    7.5000   30.0000   15.000012699.6758   18.9224
   -7.5000   37.5000   15.000012218.3740   18.8339
    0.0000   37.5000   15.000012618.1123   18.8545
    7.5000   37.5000   15.000011919.2100   18.9240
   -7.5000   45.0000   15.000010852.3789   18.3931
    0.0000   45.0000   15.000011219.3730   18.4160
    7.5000   45.0000   15.000010632.0059   18.4850
   -7.5000  -45.0000   22.500010773.5459   19.1711
    0.0000  -45.0000   22.500011312.5566   19.1947
    7.5000  -45.0000   22.500010789.9014   19.2699
   -7.5000  -37.5000   22.500011394.7090   19.0747
    0.0000  -37.5000   22.500011934.3887   19.0954
    7.5000  -37.5000   22.500011400.5898   19.1659
   -7.5000  -30.0000   22.500012519.4365   19.0532
    0.0000  -30.0000   22.500013073.4053   19.0691
    7.5000  -30.0000   22.500012440.2725   19.1320
   -7.5000  -22.5000   22.500013711.0469   19.0477
    0.0000  -22.5000   22.500014196.1318   19.0610
    7.5000  -22.5000   22.500013404.7188   19.1226
   -7.5000  -15.0000   22.500014774.8574   19.0401
    0.0000  -15.0000   22.500015141.6162   19.0541
    7.5000  -15.0000   22.500014281.7744   19.1189
   -7.5000   -7.5000   22.500015602.7871   19.0328
    0.0000   -7.5000   22.500015958.7764   19.0520
    7.5000   -7.5000   22.500015102.9619   19.1219
   -7.5000    0.0000   22.500016344.8027   19.0319
    0.0000    0.0000   22.500016728.0918   19.0545
    7.5000    0.0000   22.500015851.2549   19.1283
   -7.5000    7.5000   22.500015812.9766   19.0439
    0.0000    7.5000   22.500016185.5723   19.0640
    7.5000    7.5000   22.500015325.8281   19.1338
   -7.5000   15.0000   22.500014758.2676   19.0525
    0.0000   15.0000   22.500015134.8770   19.0683
    7.5000   15.0000   22.500014286.0049   19.1311
   -7.5000   22.5000   22.500013448.2900   19.0390
    0.0000   22.5000   22.500013858.8926   19.0522
    7.5000   22.5000   22.500013054.6768   19.1138
   -7.5000   30.0000   22.500012239.1240   18.7937
    0.0000   30.0000   22.500012660.2959   18.8075
    7.5000   30.0000   22.500011941.8252   18.8715
   -7.5000   37.5000   22.500011460.5410   18.7865
    0.0000   37.5000   22.500011878.9824   18.8054
    7.5000   37.5000   22.500011242.4590   18.8744
   -7.5000   45.0000   22.500010232.0586   18.3445
    0.0000   45.0000   22.500010607.6963   18.3663
    7.5000   45.0000   22.500010046.3936   18.4375
   -7.5000  -45.0000   30.000010074.8994   19.3854
    0.0000  -45.0000   30.000010528.4971   19.3937
    7.5000  -45.0000   30.000010061.0488   19.4543
   -7.5000  -37.5000   30.000010679.7539   19.2845
    0.0000  -37.5000   30.000011139.4209   19.2913
    7.5000  -37.5000   30.000010625.3066   19.3485
   -7.5000  -30.0000   30.000011706.5381   19.2609
    0.0000  -30.0000   30.000012197.0986   19.2641
    7.5000  -30.0000   30.000011604.5186   19.3126
   -7.5000  -22.5000   30.000012729.0479   19.2558
    0.0000  -22.5000   30.000013215.8311   19.2574
    7.5000  -22.5000   30.000012520.3428   19.3025
   -7.5000  -15.0000   30.000013646.4883   19.2489
    0.0000  -15.0000   30.000014167.9697   19.2506
    7.5000  -15.0000   30.000013346.1152   19.2978
   -7.5000   -7.5000   30.000014468.7158   19.2428
    0.0000   -7.5000   30.000015007.4697   19.2476
    7.5000   -7.5000   30.000014105.5918   19.3011
   -7.5000    0.0000   30.000015180.6709   19.2421
    0.0000    0.0000   30.000015739.9531   19.2496
    7.5000    0.0000   30.000014799.4951   19.3091
   -7.5000    7.5000   30.000014651.1211   19.2524
    0.0000    7.5000   30.000015141.9619   19.2585
    7.5000    7.5000   30.000014276.3809   19.3151
   -7.5000   15.0000   30.000013679.3076   19.2601
    0.0000   15.0000   30.000014104.9785   19.2633
    7.5000   15.0000   30.000013300.2598   19.3117
   -7.5000   22.5000   30.000012514.9004   19.2470
    0.0000   22.5000   30.000012909.9600   19.2486
    7.5000   22.5000   30.000012187.6328   19.2936
   -7.5000   30.0000   30.000011389.9990   18.9998
    0.0000   30.0000   30.000011779.2744   19.0015
    7.5000   30.0000   30.000011130.3438   19.0480
   -7.5000   37.5000   30.000010669.1865   18.9938
    0.0000   37.5000   30.000011062.7666   18.9985
    7.5000   37.5000   30.000010472.9414   19.0513
   -7.5000   45.0000   30.0000 9512.3262   18.5472
    0.0000   45.0000   30.0000 9871.3506   18.5544
    7.5000   45.0000   30.0000 9353.7256   18.6118
   -7.5000  -45.0000   37.5000 9680.3037   19.6786
    0.0000  -45.0000   37.500010121.0518   19.6705
    7.5000  -45.0000   37.5000 9656.9600   19.7124
   -7.5000  -37.5000   37.500010214.6660   19.5704
    0.0000  -37.5000   37.500010678.5020   19.5648
    7.5000  -37.5000   37.500010214.5215   19.6027
   -7.5000  -30.0000   37.500011132.1523   19.5402
    0.0000  -30.0000   37.500011618.2207   19.5349
    7.5000  -30.0000   37.500011148.3086   19.5641
   -7.5000  -22.5000   37.500012024.0576   19.5342
    0.0000  -22.5000   37.500012529.1162   19.5273
    7.5000  -22.5000   37.500012028.4209   19.5542
   -7.5000  -15.0000   37.500012866.9453   19.5299
    0.0000  -15.0000   37.500013391.9932   19.5205
    7.5000  -15.0000   37.500012825.4346   19.5503
   -7.5000   -7.5000   37.500013660.1221   19.5284
    0.0000   -7.5000   37.500014213.6309   19.5182
    7.5000   -7.5000   37.500013571.1992   19.5539
   -7.5000    0.0000   37.500014399.5723   19.5304
    0.0000    0.0000   37.500014959.9463   19.5218
    7.5000    0.0000   37.500014238.8379   19.5627
   -7.5000    7.5000   37.500013941.8037   19.5369
    0.0000    7.5000   37.500014446.2725   19.5306
    7.5000    7.5000   37.500013724.0645   19.5680
   -7.5000   15.0000   37.500013027.1045   19.5394
    0.0000   15.0000   37.500013485.9805   19.5340
    7.5000   15.0000   37.500012768.2500   19.5632
   -7.5000   22.5000   37.500011960.0908   19.5252
    0.0000   22.5000   37.500012386.6934   19.5183
    7.5000   22.5000   37.500011714.8838   19.5452
   -7.5000   30.0000   37.500010910.3076   19.2771
    0.0000   30.0000   37.500011319.6855   19.2678
    7.5000   30.0000   37.500010698.3623   19.2973
   -7.5000   37.5000   37.500010228.1680   19.2757
    0.0000   37.5000   37.500010617.2695   19.2656
    7.5000   37.5000   37.500010045.2783   19.3009
   -7.5000   45.0000   37.5000 9114.0557   18.8250
    0.0000   45.0000   37.5000 9461.5957   18.8167
    7.5000   45.0000   37.5000 8958.1816   18.8562
   -7.5000  -45.0000   45.0000 8814.7178   19.9761
    0.0000  -45.0000   45.0000 9251.9023   19.9663
    7.5000  -45.0000   45.0000 8843.6992   20.0039
   -7.5000  -37.5000   45.0000 9293.9844   19.8715
    0.0000  -37.5000   45.0000 9748.4111   19.8669
    7.5000  -37.5000   45.0000 9350.3018   19.8994
   -7.5000  -30.0000   45.000010117.5762   19.8396
    0.0000  -30.0000   45.000010577.4414   19.8379
    7.5000  -30.0000   45.000010173.5781   19.8630
   -7.5000  -22.5000   45.000010905.0830   19.8309
    0.0000  -22.5000   45.000011380.4814   19.8267
    7.5000  -22.5000   45.000010964.0068   19.8522
   -7.5000  -15.0000   45.000011620.2520   19.8276
    0.0000  -15.0000   45.000012141.5566   19.8182
    7.5000  -15.0000   45.000011710.6484   19.8482
   -7.5000   -7.5000   45.000012349.3350   19.8300
    0.0000   -7.5000   45.000012884.8408   19.8180
    7.5000   -7.5000   45.000012408.3320   19.8526
   -7.5000    0.0000   45.000013053.6494   19.8357
    0.0000    0.0000   45.000013585.7969   19.8254
    7.5000    0.0000   45.000013034.7773   19.8622
   -7.5000    7.5000   45.000012664.0068   19.8414
    0.0000    7.5000   45.000013169.1162   19.8361
    7.5000    7.5000   45.000012586.3730   19.8681
   -7.5000   15.0000   45.000011856.5947   19.8390
    0.0000   15.0000   45.000012313.0957   19.8373
    7.5000   15.0000   45.000011727.3584   19.8623
   -7.5000   22.5000   45.000010900.9648   19.8217
    0.0000   22.5000   45.000011316.3379   19.8175
    7.5000   22.5000   45.000010763.0879   19.8430
   -7.5000   30.0000   45.0000 9956.2744   19.5693
    0.0000   30.0000   45.000010347.3154   19.5600
    7.5000   30.0000   45.0000 9836.8252   19.5896
   -7.5000   37.5000   45.0000 9328.3145   19.5717
    0.0000   37.5000   45.0000 9695.7783   19.5598
    7.5000   37.5000   45.0000 9240.0654   19.5939
   -7.5000   45.0000   45.0000 8321.4082   19.1280
    0.0000   45.0000   45.0000 8654.1592   19.1180
    7.5000   45.0000   45.0000 8240.2676   19.1536

---------------------------------------------------------------------
imgreg_4dfp /opt/freesurfer/average/711-2C_as_mni_average_305 /opt/freesurfer/average/711-2B_as_mni_average_305_mask talsrcimg_g11 none talsrcimg_to_711-2C_as_mni_average_305_t4 4355
---------------------------------------------------------------------

freesurfer imgreg_4dfp.c
/opt/freesurfer/average/711-2C_as_mni_average_305.4dfp.img
       256       256       256         1
  1.000000  1.000000  1.000000
orientation T byte_order littleendian
Reading image: /opt/freesurfer/average/711-2C_as_mni_average_305.4dfp.img
dimensions:      256       256       256
mmppix:       1.0000   -1.0000   -1.0000
center:     128.0000 -129.0000 -129.0000
/opt/freesurfer/average/711-2B_as_mni_average_305_mask.4dfp.img
       256       256       256         1
  1.000000  1.000000  1.000000
orientation T byte_order littleendian
Reading mask: /opt/freesurfer/average/711-2B_as_mni_average_305_mask.4dfp.img (2306576 pixels)
talsrcimg_g11.4dfp.img
       256       256       256         1
  1.000000  1.000000  1.000000
orientation T byte_order littleendian
Reading image: talsrcimg_g11.4dfp.img
dimensions:      256       256       256
mmppix:       1.0000   -1.0000   -1.0000
center:     128.0000 -129.0000 -129.0000
rotation matrix determinant  1.000000
image alignment mode   4355 decimal     1103 hex
   -7.5000  -45.0000  -45.0000 2170.1052   23.3923
    0.0000  -45.0000  -45.0000 2170.7407   23.2039
    7.5000  -45.0000  -45.0000 2150.0513   23.1661
   -7.5000  -37.5000  -45.0000 2255.4832   21.9034
    0.0000  -37.5000  -45.0000 2248.4805   21.8048
    7.5000  -37.5000  -45.0000 2226.1228   21.7919
   -7.5000  -30.0000  -45.0000 2298.8474   20.7935
    0.0000  -30.0000  -45.0000 2293.8982   20.6698
    7.5000  -30.0000  -45.0000 2279.1182   20.7117
   -7.5000  -22.5000  -45.0000 2332.3555   19.9805
    0.0000  -22.5000  -45.0000 2324.4719   19.8425
    7.5000  -22.5000  -45.0000 2307.9880   19.8957
   -7.5000  -15.0000  -45.0000 2348.9211   19.4344
    0.0000  -15.0000  -45.0000 2340.3369   19.3131
    7.5000  -15.0000  -45.0000 2320.6270   19.3979
   -7.5000   -7.5000  -45.0000 2342.2727   19.3495
    0.0000   -7.5000  -45.0000 2339.8738   19.2482
    7.5000   -7.5000  -45.0000 2328.2427   19.3574
   -7.5000    0.0000  -45.0000 2327.3027   19.4784
    0.0000    0.0000  -45.0000 2328.6431   19.3745
    7.5000    0.0000  -45.0000 2317.0537   19.5187
   -7.5000    7.5000  -45.0000 2314.5159   19.9279
    0.0000    7.5000  -45.0000 2319.4297   19.7990
    7.5000    7.5000  -45.0000 2299.9304   19.9266
   -7.5000   15.0000  -45.0000 2292.2258   20.7544
    0.0000   15.0000  -45.0000 2292.4641   20.6530
    7.5000   15.0000  -45.0000 2274.5969   20.7745
   -7.5000   22.5000  -45.0000 2251.6162   22.0485
    0.0000   22.5000  -45.0000 2252.8472   21.9244
    7.5000   22.5000  -45.0000 2236.8301   22.1459
   -7.5000   30.0000  -45.0000 2194.9065   23.7276
    0.0000   30.0000  -45.0000 2199.9360   23.6629
    7.5000   30.0000  -45.0000 2184.2405   23.9109
   -7.5000   37.5000  -45.0000 2114.1226   25.8099
    0.0000   37.5000  -45.0000 2124.0225   25.7448
    7.5000   37.5000  -45.0000 2109.9460   26.1021
   -7.5000   45.0000  -45.0000 2017.0150   28.4161
    0.0000   45.0000  -45.0000 2022.3051   28.4254
    7.5000   45.0000  -45.0000 2008.6119   28.9296
   -7.5000  -45.0000  -37.5000 2247.5444   21.6912
    0.0000  -45.0000  -37.5000 2254.9343   21.5664
    7.5000  -45.0000  -37.5000 2229.6714   21.4980
   -7.5000  -37.5000  -37.5000 2335.1648   20.3126
    0.0000  -37.5000  -37.5000 2337.6194   20.2205
    7.5000  -37.5000  -37.5000 2310.2629   20.1813
   -7.5000  -30.0000  -37.5000 2382.4856   19.2468
    0.0000  -30.0000  -37.5000 2384.2500   19.1990
    7.5000  -30.0000  -37.5000 2366.3843   19.1869
   -7.5000  -22.5000  -37.5000 2414.7764   18.4594
    0.0000  -22.5000  -37.5000 2412.8447   18.3628
    7.5000  -22.5000  -37.5000 2396.6821   18.4175
   -7.5000  -15.0000  -37.5000 2429.6130   17.9362
    0.0000  -15.0000  -37.5000 2429.9651   17.8269
    7.5000  -15.0000  -37.5000 2412.2900   17.9628
   -7.5000   -7.5000  -37.5000 2430.4119   17.8208
    0.0000   -7.5000  -37.5000 2434.0627   17.7352
    7.5000   -7.5000  -37.5000 2422.5784   17.8760
   -7.5000    0.0000  -37.5000 2418.1013   17.9324
    0.0000    0.0000  -37.5000 2421.9290   17.8063
    7.5000    0.0000  -37.5000 2412.7119   17.9334
   -7.5000    7.5000  -37.5000 2411.3774   18.3522
    0.0000    7.5000  -37.5000 2416.5032   18.2091
    7.5000    7.5000  -37.5000 2404.1160   18.3828
   -7.5000   15.0000  -37.5000 2386.5120   19.1588
    0.0000   15.0000  -37.5000 2392.6399   19.0490
    7.5000   15.0000  -37.5000 2381.5825   19.2141
   -7.5000   22.5000  -37.5000 2344.5662   20.3916
    0.0000   22.5000  -37.5000 2351.2510   20.2625
    7.5000   22.5000  -37.5000 2337.6514   20.4756
   -7.5000   30.0000  -37.5000 2283.6096   21.9990
    0.0000   30.0000  -37.5000 2288.0591   21.9160
    7.5000   30.0000  -37.5000 2273.0439   22.1335
   -7.5000   37.5000  -37.5000 2196.5071   24.0394
    0.0000   37.5000  -37.5000 2205.3708   23.9430
    7.5000   37.5000  -37.5000 2190.5203   24.2668
   -7.5000   45.0000  -37.5000 2093.0544   26.5378
    0.0000   45.0000  -37.5000 2095.2227   26.4822
    7.5000   45.0000  -37.5000 2082.9158   26.9451
   -7.5000  -45.0000  -30.0000 2363.8821   20.7951
    0.0000  -45.0000  -30.0000 2366.5210   20.6423
    7.5000  -45.0000  -30.0000 2338.2537   20.5601
   -7.5000  -37.5000  -30.0000 2453.6555   19.4319
    0.0000  -37.5000  -30.0000 2451.8149   19.3513
    7.5000  -37.5000  -30.0000 2424.9106   19.2950
   -7.5000  -30.0000  -30.0000 2510.4854   18.4043
    0.0000  -30.0000  -30.0000 2506.9434   18.3649
    7.5000  -30.0000  -30.0000 2483.4150   18.3481
   -7.5000  -22.5000  -30.0000 2540.6130   17.6185
    0.0000  -22.5000  -30.0000 2539.6323   17.5477
    7.5000  -22.5000  -30.0000 2514.2202   17.5994
   -7.5000  -15.0000  -30.0000 2561.9077   17.1001
    0.0000  -15.0000  -30.0000 2565.9766   17.0120
    7.5000  -15.0000  -30.0000 2547.1675   17.1623
   -7.5000   -7.5000  -30.0000 2574.0520   16.9578
    0.0000   -7.5000  -30.0000 2575.7117   16.8411
    7.5000   -7.5000  -30.0000 2563.3184   17.0454
   -7.5000    0.0000  -30.0000 2560.6357   17.0562
    0.0000    0.0000  -30.0000 2568.2483   16.9629
    7.5000    0.0000  -30.0000 2559.2292   17.1179
   -7.5000    7.5000  -30.0000 2559.1995   17.5230
    0.0000    7.5000  -30.0000 2569.0076   17.4164
    7.5000    7.5000  -30.0000 2549.4592   17.5567
   -7.5000   15.0000  -30.0000 2530.9102   18.3966
    0.0000   15.0000  -30.0000 2542.2158   18.2825
    7.5000   15.0000  -30.0000 2521.7720   18.4422
   -7.5000   22.5000  -30.0000 2483.4915   19.6009
    0.0000   22.5000  -30.0000 2494.6875   19.5120
    7.5000   22.5000  -30.0000 2475.0483   19.6814
   -7.5000   30.0000  -30.0000 2411.5452   21.2037
    0.0000   30.0000  -30.0000 2423.1353   21.1508
    7.5000   30.0000  -30.0000 2405.4153   21.3400
   -7.5000   37.5000  -30.0000 2320.2839   23.1918
    0.0000   37.5000  -30.0000 2329.0225   23.1934
    7.5000   37.5000  -30.0000 2308.4211   23.4161
   -7.5000   45.0000  -30.0000 2207.4431   25.6723
    0.0000   45.0000  -30.0000 2212.8887   25.6631
    7.5000   45.0000  -30.0000 2190.3977   25.9588
   -7.5000  -45.0000  -22.5000 2453.6343   19.7970
    0.0000  -45.0000  -22.5000 2452.8804   19.5894
    7.5000  -45.0000  -22.5000 2423.4976   19.4969
   -7.5000  -37.5000  -22.5000 2553.4917   18.3951
    0.0000  -37.5000  -22.5000 2551.6099   18.2413
    7.5000  -37.5000  -22.5000 2521.1570   18.1797
   -7.5000  -30.0000  -22.5000 2617.7654   17.3716
    0.0000  -30.0000  -22.5000 2615.4517   17.2558
    7.5000  -30.0000  -22.5000 2581.9712   17.2269
   -7.5000  -22.5000  -22.5000 2650.0359   16.6279
    0.0000  -22.5000  -22.5000 2647.1001   16.5476
    7.5000  -22.5000  -22.5000 2625.1697   16.5852
   -7.5000  -15.0000  -22.5000 2673.4075   16.1202
    0.0000  -15.0000  -22.5000 2674.6941   16.0383
    7.5000  -15.0000  -22.5000 2656.6311   16.1818
   -7.5000   -7.5000  -22.5000 2689.0476   15.9594
    0.0000   -7.5000  -22.5000 2695.1018   15.8496
    7.5000   -7.5000  -22.5000 2682.3843   16.0363
   -7.5000    0.0000  -22.5000 2688.0510   16.0781
    0.0000    0.0000  -22.5000 2696.8252   15.9817
    7.5000    0.0000  -22.5000 2675.1863   16.1657
   -7.5000    7.5000  -22.5000 2687.2708   16.6113
    0.0000    7.5000  -22.5000 2692.9109   16.4919
    7.5000    7.5000  -22.5000 2667.9575   16.6863
   -7.5000   15.0000  -22.5000 2660.4353   17.5455
    0.0000   15.0000  -22.5000 2669.0784   17.4470
    7.5000   15.0000  -22.5000 2643.9648   17.6281
   -7.5000   22.5000  -22.5000 2605.5359   18.7689
    0.0000   22.5000  -22.5000 2615.0552   18.6822
    7.5000   22.5000  -22.5000 2591.5413   18.8639
   -7.5000   30.0000  -22.5000 2520.0144   20.3050
    0.0000   30.0000  -22.5000 2533.1606   20.2435
    7.5000   30.0000  -22.5000 2510.8945   20.4756
   -7.5000   37.5000  -22.5000 2412.5005   22.1960
    0.0000   37.5000  -22.5000 2422.6482   22.1801
    7.5000   37.5000  -22.5000 2398.8843   22.4219
   -7.5000   45.0000  -22.5000 2290.3252   24.5688
    0.0000   45.0000  -22.5000 2297.4832   24.5742
    7.5000   45.0000  -22.5000 2273.0586   24.7983
   -7.5000  -45.0000  -15.0000 2510.2683   18.7790
    0.0000  -45.0000  -15.0000 2507.9915   18.5735
    7.5000  -45.0000  -15.0000 2484.1650   18.5790
   -7.5000  -37.5000  -15.0000 2618.9792   17.4536
    0.0000  -37.5000  -15.0000 2618.5654   17.2462
    7.5000  -37.5000  -15.0000 2590.4861   17.2397
   -7.5000  -30.0000  -15.0000 2692.3569   16.4031
    0.0000  -30.0000  -15.0000 2690.9121   16.2450
    7.5000  -30.0000  -15.0000 2665.1934   16.2512
   -7.5000  -22.5000  -15.0000 2738.1609   15.6843
    0.0000  -22.5000  -15.0000 2733.8772   15.5836
    7.5000  -22.5000  -15.0000 2714.5259   15.6191
   -7.5000  -15.0000  -15.0000 2762.7141   15.2603
    0.0000  -15.0000  -15.0000 2767.0229   15.1642
    7.5000  -15.0000  -15.0000 2746.3496   15.2369
   -7.5000   -7.5000  -15.0000 2775.8181   15.0895
    0.0000   -7.5000  -15.0000 2781.2974   14.9846
    7.5000   -7.5000  -15.0000 2766.8960   15.1384
   -7.5000    0.0000  -15.0000 2779.9519   15.2119
    0.0000    0.0000  -15.0000 2782.8579   15.0996
    7.5000    0.0000  -15.0000 2762.9241   15.2987
   -7.5000    7.5000  -15.0000 2772.7676   15.7735
    0.0000    7.5000  -15.0000 2776.7405   15.6491
    7.5000    7.5000  -15.0000 2752.2380   15.8807
   -7.5000   15.0000  -15.0000 2743.2991   16.7729
    0.0000   15.0000  -15.0000 2747.5015   16.6835
    7.5000   15.0000  -15.0000 2725.9194   16.8865
   -7.5000   22.5000  -15.0000 2685.8362   18.0234
    0.0000   22.5000  -15.0000 2688.8879   17.9428
    7.5000   22.5000  -15.0000 2668.9827   18.1330
   -7.5000   30.0000  -15.0000 2594.4387   19.5162
    0.0000   30.0000  -15.0000 2601.7710   19.4149
    7.5000   30.0000  -15.0000 2574.6311   19.6446
   -7.5000   37.5000  -15.0000 2477.1226   21.3398
    0.0000   37.5000  -15.0000 2481.2844   21.2801
    7.5000   37.5000  -15.0000 2456.4277   21.5025
   -7.5000   45.0000  -15.0000 2341.4321   23.6028
    0.0000   45.0000  -15.0000 2343.3801   23.5593
    7.5000   45.0000  -15.0000 2319.8423   23.7888
   -7.5000  -45.0000   -7.5000 2548.0183   17.9480
    0.0000  -45.0000   -7.5000 2552.5137   17.7762
    7.5000  -45.0000   -7.5000 2536.2449   17.8770
   -7.5000  -37.5000   -7.5000 2657.9939   16.6113
    0.0000  -37.5000   -7.5000 2660.2727   16.4561
    7.5000  -37.5000   -7.5000 2636.0115   16.5392
   -7.5000  -30.0000   -7.5000 2738.2300   15.5952
    0.0000  -30.0000   -7.5000 2739.8792   15.4735
    7.5000  -30.0000   -7.5000 2717.5156   15.5430
   -7.5000  -22.5000   -7.5000 2801.8369   14.9257
    0.0000  -22.5000   -7.5000 2798.9395   14.8076
    7.5000  -22.5000   -7.5000 2778.5334   14.8936
   -7.5000  -15.0000   -7.5000 2840.0647   14.5047
    0.0000  -15.0000   -7.5000 2843.3496   14.4269
    7.5000  -15.0000   -7.5000 2812.8518   14.5150
   -7.5000   -7.5000   -7.5000 2849.8040   14.3012
    0.0000   -7.5000   -7.5000 2856.6787   14.2457
    7.5000   -7.5000   -7.5000 2835.6023   14.4369
   -7.5000    0.0000   -7.5000 2847.2004   14.5035
    0.0000    0.0000   -7.5000 2855.3384   14.4031
    7.5000    0.0000   -7.5000 2832.4790   14.6328
   -7.5000    7.5000   -7.5000 2829.5847   15.0963
    0.0000    7.5000   -7.5000 2842.8213   15.0095
    7.5000    7.5000   -7.5000 2820.6355   15.2643
   -7.5000   15.0000   -7.5000 2791.0225   16.1252
    0.0000   15.0000   -7.5000 2795.5740   16.0117
    7.5000   15.0000   -7.5000 2778.1758   16.2706
   -7.5000   22.5000   -7.5000 2727.0562   17.3723
    0.0000   22.5000   -7.5000 2728.3401   17.2546
    7.5000   22.5000   -7.5000 2708.7683   17.5043
   -7.5000   30.0000   -7.5000 2636.2239   18.8440
    0.0000   30.0000   -7.5000 2634.9250   18.7454
    7.5000   30.0000   -7.5000 2609.4087   18.9556
   -7.5000   37.5000   -7.5000 2515.0339   20.6616
    0.0000   37.5000   -7.5000 2517.0051   20.5860
    7.5000   37.5000   -7.5000 2491.9849   20.7942
   -7.5000   45.0000   -7.5000 2365.6907   22.8452
    0.0000   45.0000   -7.5000 2368.1741   22.8085
    7.5000   45.0000   -7.5000 2349.8062   23.0399
   -7.5000  -45.0000    0.0000 2566.6453   17.4048
    0.0000  -45.0000    0.0000 2576.6724   17.2997
    7.5000  -45.0000    0.0000 2574.7500   17.5640
   -7.5000  -37.5000    0.0000 2678.4976   16.0225
    0.0000  -37.5000    0.0000 2689.7295   15.9606
    7.5000  -37.5000    0.0000 2672.8025   16.1900
   -7.5000  -30.0000    0.0000 2762.8203   15.0270
    0.0000  -30.0000    0.0000 2777.3572   14.9724
    7.5000  -30.0000    0.0000 2756.7468   15.1767
   -7.5000  -22.5000    0.0000 2841.3035   14.3747
    0.0000  -22.5000    0.0000 2851.6296   14.3102
    7.5000  -22.5000    0.0000 2821.1685   14.4683
   -7.5000  -15.0000    0.0000 2886.0437   13.8753
    0.0000  -15.0000    0.0000 2903.5054   13.8624
    7.5000  -15.0000    0.0000 2860.8372   14.1023
   -7.5000   -7.5000    0.0000 2906.2104   13.7103
    0.0000   -7.5000    0.0000 2917.2153   13.6824
    7.5000   -7.5000    0.0000 2891.7998   14.0642
   -7.5000    0.0000    0.0000 2900.2219   14.0163
    0.0000    0.0000    0.0000 2911.7759   13.9482
    7.5000    0.0000    0.0000 2893.9512   14.3011
   -7.5000    7.5000    0.0000 2873.2026   14.6827
    0.0000    7.5000    0.0000 2883.2212   14.6089
    7.5000    7.5000    0.0000 2868.7854   14.9435
   -7.5000   15.0000    0.0000 2819.0776   15.6814
    0.0000   15.0000    0.0000 2826.8269   15.6045
    7.5000   15.0000    0.0000 2814.9978   15.9256
   -7.5000   22.5000    0.0000 2745.2566   16.9411
    0.0000   22.5000    0.0000 2747.6960   16.8693
    7.5000   22.5000    0.0000 2738.0435   17.1872
   -7.5000   30.0000    0.0000 2649.3606   18.4378
    0.0000   30.0000    0.0000 2649.5334   18.3420
    7.5000   30.0000    0.0000 2633.8062   18.6900
   -7.5000   37.5000    0.0000 2531.4927   20.2134
    0.0000   37.5000    0.0000 2534.1353   20.1401
    7.5000   37.5000    0.0000 2516.1157   20.4700
   -7.5000   45.0000    0.0000 2379.1428   22.3533
    0.0000   45.0000    0.0000 2382.6333   22.3545
    7.5000   45.0000    0.0000 2371.8086   22.6481
   -7.5000  -45.0000    7.5000 2566.0557   17.0916
    0.0000  -45.0000    7.5000 2587.2092   17.0846
    7.5000  -45.0000    7.5000 2591.6438   17.4326
   -7.5000  -37.5000    7.5000 2678.5186   15.7228
    0.0000  -37.5000    7.5000 2698.8633   15.7061
    7.5000  -37.5000    7.5000 2693.9788   16.0467
   -7.5000  -30.0000    7.5000 2771.0420   14.7047
    0.0000  -30.0000    7.5000 2790.3010   14.6683
    7.5000  -30.0000    7.5000 2776.4519   14.9443
   -7.5000  -22.5000    7.5000 2851.9487   13.9718
    0.0000  -22.5000    7.5000 2869.3767   13.9722
    7.5000  -22.5000    7.5000 2847.9290   14.2251
   -7.5000  -15.0000    7.5000 2900.5481   13.4652
    0.0000  -15.0000    7.5000 2922.3025   13.4534
    7.5000  -15.0000    7.5000 2884.5710   13.8507
   -7.5000   -7.5000    7.5000 2923.2356   13.3111
    0.0000   -7.5000    7.5000 2946.9160   13.3491
    7.5000   -7.5000    7.5000 2917.7444   13.8594
   -7.5000    0.0000    7.5000 2926.7573   13.7150
    0.0000    0.0000    7.5000 2950.0642   13.7549
    7.5000    0.0000    7.5000 2927.4131   14.1902
   -7.5000    7.5000    7.5000 2902.2498   14.4888
    0.0000    7.5000    7.5000 2917.8491   14.5033
    7.5000    7.5000    7.5000 2892.6091   14.8464
   -7.5000   15.0000    7.5000 2839.5178   15.5057
    0.0000   15.0000    7.5000 2852.1384   15.4946
    7.5000   15.0000    7.5000 2834.5273   15.8041
   -7.5000   22.5000    7.5000 2753.0847   16.7239
    0.0000   22.5000    7.5000 2764.8276   16.7124
    7.5000   22.5000    7.5000 2750.5042   17.0262
   -7.5000   30.0000    7.5000 2652.4885   18.1760
    0.0000   30.0000    7.5000 2658.6011   18.1644
    7.5000   30.0000    7.5000 2644.0239   18.4855
   -7.5000   37.5000    7.5000 2532.6653   19.9294
    0.0000   37.5000    7.5000 2539.0310   19.9378
    7.5000   37.5000    7.5000 2523.1345   20.2738
   -7.5000   45.0000    7.5000 2380.8660   22.0564
    0.0000   45.0000    7.5000 2387.6978   22.0964
    7.5000   45.0000    7.5000 2378.2219   22.4668
   -7.5000  -45.0000   15.0000 2556.0679   17.1346
    0.0000  -45.0000   15.0000 2585.3486   17.1014
    7.5000  -45.0000   15.0000 2591.7261   17.4820
   -7.5000  -37.5000   15.0000 2661.6326   15.7579
    0.0000  -37.5000   15.0000 2689.4729   15.7229
    7.5000  -37.5000   15.0000 2694.9329   16.1075
   -7.5000  -30.0000   15.0000 2749.2939   14.7406
    0.0000  -30.0000   15.0000 2776.4377   14.7003
    7.5000  -30.0000   15.0000 2780.1475   15.0646
   -7.5000  -22.5000   15.0000 2832.3708   14.0048
    0.0000  -22.5000   15.0000 2860.3716   13.9760
    7.5000  -22.5000   15.0000 2853.0840   14.3101
   -7.5000  -15.0000   15.0000 2891.9067   13.5336
    0.0000  -15.0000   15.0000 2918.3811   13.4957
    7.5000  -15.0000   15.0000 2891.9656   13.9045
   -7.5000   -7.5000   15.0000 2923.9905   13.4060
    0.0000   -7.5000   15.0000 2946.0427   13.4909
    7.5000   -7.5000   15.0000 2921.4539   13.9415
   -7.5000    0.0000   15.0000 2932.1409   13.8356
    0.0000    0.0000   15.0000 2946.9648   13.8746
    7.5000    0.0000   15.0000 2925.5149   14.2945
   -7.5000    7.5000   15.0000 2906.0300   14.6675
    0.0000    7.5000   15.0000 2910.7505   14.6113
    7.5000    7.5000   15.0000 2888.9055   14.9545
   -7.5000   15.0000   15.0000 2835.9285   15.6417
    0.0000   15.0000   15.0000 2840.2207   15.5304
    7.5000   15.0000   15.0000 2827.7627   15.8430
   -7.5000   22.5000   15.0000 2745.8008   16.7712
    0.0000   22.5000   15.0000 2751.0305   16.6608
    7.5000   22.5000   15.0000 2737.1819   16.9754
   -7.5000   30.0000   15.0000 2646.5244   18.1842
    0.0000   30.0000   15.0000 2643.2983   18.0736
    7.5000   30.0000   15.0000 2630.3342   18.3910
   -7.5000   37.5000   15.0000 2522.0164   19.9639
    0.0000   37.5000   15.0000 2520.8699   19.8691
    7.5000   37.5000   15.0000 2510.9424   20.1982
   -7.5000   45.0000   15.0000 2375.6360   22.1150
    0.0000   45.0000   15.0000 2381.4688   22.0488
    7.5000   45.0000   15.0000 2367.0137   22.3896
   -7.5000  -45.0000   22.5000 2546.5586   17.4928
    0.0000  -45.0000   22.5000 2582.3208   17.4650
    7.5000  -45.0000   22.5000 2592.2947   17.8511
   -7.5000  -37.5000   22.5000 2646.7229   16.0895
    0.0000  -37.5000   22.5000 2677.5916   16.0353
    7.5000  -37.5000   22.5000 2692.4604   16.4287
   -7.5000  -30.0000   22.5000 2737.2998   15.1328
    0.0000  -30.0000   22.5000 2763.3967   15.0236
    7.5000  -30.0000   22.5000 2773.6663   15.3739
   -7.5000  -22.5000   22.5000 2829.5298   14.4911
    0.0000  -22.5000   22.5000 2843.3013   14.3269
    7.5000  -22.5000   22.5000 2841.0305   14.6204
   -7.5000  -15.0000   22.5000 2890.4624   14.1397
    0.0000  -15.0000   22.5000 2894.3584   13.9647
    7.5000  -15.0000   22.5000 2876.3730   14.2446
   -7.5000   -7.5000   22.5000 2923.7686   14.1073
    0.0000   -7.5000   22.5000 2923.4814   13.9396
    7.5000   -7.5000   22.5000 2897.3396   14.2307
   -7.5000    0.0000   22.5000 2906.8950   14.3213
    0.0000    0.0000   22.5000 2920.2500   14.2769
    7.5000    0.0000   22.5000 2889.3367   14.5808
   -7.5000    7.5000   22.5000 2869.9092   14.9251
    0.0000    7.5000   22.5000 2881.1428   14.9144
    7.5000    7.5000   22.5000 2856.3147   15.1940
   -7.5000   15.0000   22.5000 2803.3489   15.8598
    0.0000   15.0000   22.5000 2816.3604   15.8121
    7.5000   15.0000   22.5000 2796.9863   16.0768
   -7.5000   22.5000   22.5000 2721.0508   17.0056
    0.0000   22.5000   22.5000 2731.4963   16.9321
    7.5000   22.5000   22.5000 2713.4685   17.1920
   -7.5000   30.0000   22.5000 2621.3967   18.4204
    0.0000   30.0000   22.5000 2625.9646   18.3352
    7.5000   30.0000   22.5000 2612.4509   18.5816
   -7.5000   37.5000   22.5000 2497.9941   20.1771
    0.0000   37.5000   22.5000 2500.5498   20.1250
    7.5000   37.5000   22.5000 2487.4058   20.3556
   -7.5000   45.0000   22.5000 2364.2788   22.3432
    0.0000   45.0000   22.5000 2368.4387   22.3296
    7.5000   45.0000   22.5000 2347.5645   22.5840
   -7.5000  -45.0000   30.0000 2531.1333   18.2000
    0.0000  -45.0000   30.0000 2558.9326   18.0643
    7.5000  -45.0000   30.0000 2565.6853   18.3857
   -7.5000  -37.5000   30.0000 2637.8162   16.8815
    0.0000  -37.5000   30.0000 2656.2627   16.7230
    7.5000  -37.5000   30.0000 2662.5325   17.0271
   -7.5000  -30.0000   30.0000 2723.7456   15.9604
    0.0000  -30.0000   30.0000 2740.0269   15.7902
    7.5000  -30.0000   30.0000 2742.4993   16.0321
   -7.5000  -22.5000   30.0000 2798.2478   15.2659
    0.0000  -22.5000   30.0000 2808.5645   15.0914
    7.5000  -22.5000   30.0000 2803.2554   15.3319
   -7.5000  -15.0000   30.0000 2841.8108   14.8728
    0.0000  -15.0000   30.0000 2852.9646   14.7387
    7.5000  -15.0000   30.0000 2833.3635   14.9553
   -7.5000   -7.5000   30.0000 2865.6790   14.8531
    0.0000   -7.5000   30.0000 2870.3914   14.7162
    7.5000   -7.5000   30.0000 2846.1912   14.9233
   -7.5000    0.0000   30.0000 2842.7734   15.0496
    0.0000    0.0000   30.0000 2860.4988   14.9789
    7.5000    0.0000   30.0000 2831.7261   15.1629
   -7.5000    7.5000   30.0000 2806.1479   15.5744
    0.0000    7.5000   30.0000 2818.9846   15.5451
    7.5000    7.5000   30.0000 2799.6357   15.7467
   -7.5000   15.0000   30.0000 2747.9309   16.4381
    0.0000   15.0000   30.0000 2759.9768   16.3883
    7.5000   15.0000   30.0000 2741.1663   16.6301
   -7.5000   22.5000   30.0000 2672.6936   17.5727
    0.0000   22.5000   30.0000 2680.9727   17.4916
    7.5000   22.5000   30.0000 2668.5586   17.7621
   -7.5000   30.0000   30.0000 2576.8831   18.9658
    0.0000   30.0000   30.0000 2580.2107   18.8721
    7.5000   30.0000   30.0000 2568.3689   19.1634
   -7.5000   37.5000   30.0000 2461.9746   20.7019
    0.0000   37.5000   30.0000 2467.1831   20.6199
    7.5000   37.5000   30.0000 2452.9058   20.9390
   -7.5000   45.0000   30.0000 2330.2432   22.9034
    0.0000   45.0000   30.0000 2334.7485   22.8748
    7.5000   45.0000   30.0000 2318.3818   23.1591
   -7.5000  -45.0000   37.5000 2506.5229   19.2667
    0.0000  -45.0000   37.5000 2523.8491   19.0011
    7.5000  -45.0000   37.5000 2523.4875   19.2701
   -7.5000  -37.5000   37.5000 2601.7952   17.8655
    0.0000  -37.5000   37.5000 2619.0444   17.6689
    7.5000  -37.5000   37.5000 2621.1125   17.9637
   -7.5000  -30.0000   37.5000 2674.3096   16.8759
    0.0000  -30.0000   37.5000 2692.3992   16.7004
    7.5000  -30.0000   37.5000 2696.0623   16.9843
   -7.5000  -22.5000   37.5000 2732.8928   16.1742
    0.0000  -22.5000   37.5000 2748.5132   15.9967
    7.5000  -22.5000   37.5000 2750.2424   16.2907
   -7.5000  -15.0000   37.5000 2773.9736   15.7369
    0.0000  -15.0000   37.5000 2781.0178   15.5819
    7.5000  -15.0000   37.5000 2781.7229   15.8870
   -7.5000   -7.5000   37.5000 2789.1790   15.7080
    0.0000   -7.5000   37.5000 2795.4617   15.5538
    7.5000   -7.5000   37.5000 2792.6870   15.8338
   -7.5000    0.0000   37.5000 2771.5889   15.8790
    0.0000    0.0000   37.5000 2784.3662   15.7841
    7.5000    0.0000   37.5000 2770.9111   16.0087
   -7.5000    7.5000   37.5000 2735.0359   16.4729
    0.0000    7.5000   37.5000 2745.8013   16.3847
    7.5000    7.5000   37.5000 2731.7039   16.6294
   -7.5000   15.0000   37.5000 2679.7905   17.3151
    0.0000   15.0000   37.5000 2689.8394   17.2418
    7.5000   15.0000   37.5000 2671.4026   17.4993
   -7.5000   22.5000   37.5000 2606.1536   18.4512
    0.0000   22.5000   37.5000 2613.7324   18.3532
    7.5000   22.5000   37.5000 2596.9824   18.5952
   -7.5000   30.0000   37.5000 2514.1052   19.8253
    0.0000   30.0000   37.5000 2521.2839   19.7234
    7.5000   30.0000   37.5000 2503.9790   19.9636
   -7.5000   37.5000   37.5000 2405.4626   21.5488
    0.0000   37.5000   37.5000 2410.7178   21.4795
    7.5000   37.5000   37.5000 2393.3462   21.7149
   -7.5000   45.0000   37.5000 2277.4548   23.7861
    0.0000   45.0000   37.5000 2284.2605   23.7573
    7.5000   45.0000   37.5000 2268.7109   24.0097
   -7.5000  -45.0000   45.0000 2453.5813   20.4467
    0.0000  -45.0000   45.0000 2469.6553   20.1676
    7.5000  -45.0000   45.0000 2463.9651   20.4443
   -7.5000  -37.5000   45.0000 2539.1523   19.0294
    0.0000  -37.5000   45.0000 2558.1150   18.8021
    7.5000  -37.5000   45.0000 2555.7832   19.0999
   -7.5000  -30.0000   45.0000 2606.7612   18.0117
    0.0000  -30.0000   45.0000 2622.0249   17.7971
    7.5000  -30.0000   45.0000 2626.3044   18.0933
   -7.5000  -22.5000   45.0000 2657.4102   17.2837
    0.0000  -22.5000   45.0000 2668.7861   17.0843
    7.5000  -22.5000   45.0000 2670.2524   17.3455
   -7.5000  -15.0000   45.0000 2684.5757   16.8017
    0.0000  -15.0000   45.0000 2693.8979   16.6361
    7.5000  -15.0000   45.0000 2703.7195   16.8985
   -7.5000   -7.5000   45.0000 2700.1150   16.7455
    0.0000   -7.5000   45.0000 2709.7664   16.5880
    7.5000   -7.5000   45.0000 2714.1372   16.7983
   -7.5000    0.0000   45.0000 2691.6113   16.9281
    0.0000    0.0000   45.0000 2701.0071   16.8029
    7.5000    0.0000   45.0000 2691.8979   16.9962
   -7.5000    7.5000   45.0000 2661.2673   17.5606
    0.0000    7.5000   45.0000 2669.5862   17.4434
    7.5000    7.5000   45.0000 2653.2424   17.6734
   -7.5000   15.0000   45.0000 2607.7522   18.4608
    0.0000   15.0000   45.0000 2611.8269   18.3315
    7.5000   15.0000   45.0000 2596.7617   18.5675
   -7.5000   22.5000   45.0000 2533.1702   19.5948
    0.0000   22.5000   45.0000 2535.8782   19.4588
    7.5000   22.5000   45.0000 2524.7568   19.6631
   -7.5000   30.0000   45.0000 2440.0881   20.9847
    0.0000   30.0000   45.0000 2445.5581   20.8448
    7.5000   30.0000   45.0000 2433.4243   21.0181
   -7.5000   37.5000   45.0000 2334.5139   22.7011
    0.0000   37.5000   45.0000 2341.2979   22.5898
    7.5000   37.5000   45.0000 2329.0007   22.8152
   -7.5000   45.0000   45.0000 2214.0991   24.9192
    0.0000   45.0000   45.0000 2218.2703   24.8450
    7.5000   45.0000   45.0000 2203.9553   25.1111

---------------------------------------------------------------------
imgreg_4dfp /opt/freesurfer/average/711-2C_as_mni_average_305 /opt/freesurfer/average/711-2B_as_mni_average_305_mask talsrcimg_g11 none talsrcimg_to_711-2C_as_mni_average_305_t4 1283
---------------------------------------------------------------------

freesurfer imgreg_4dfp.c
/opt/freesurfer/average/711-2C_as_mni_average_305.4dfp.img
       256       256       256         1
  1.000000  1.000000  1.000000
orientation T byte_order littleendian
Reading image: /opt/freesurfer/average/711-2C_as_mni_average_305.4dfp.img
dimensions:      256       256       256
mmppix:       1.0000   -1.0000   -1.0000
center:     128.0000 -129.0000 -129.0000
/opt/freesurfer/average/711-2B_as_mni_average_305_mask.4dfp.img
       256       256       256         1
  1.000000  1.000000  1.000000
orientation T byte_order littleendian
Reading mask: /opt/freesurfer/average/711-2B_as_mni_average_305_mask.4dfp.img (2306576 pixels)
talsrcimg_g11.4dfp.img
       256       256       256         1
  1.000000  1.000000  1.000000
orientation T byte_order littleendian
Reading image: talsrcimg_g11.4dfp.img
dimensions:      256       256       256
mmppix:       1.0000   -1.0000   -1.0000
center:     128.0000 -129.0000 -129.0000
rotation matrix determinant  1.000000
fimgreg.f
image alignment mode   1283 decimal      503 hex
parameters
    0.0000    0.0000    7.5000    0.0000    0.0000    0.0000
eta,q 0.92499 13.77458
niter,ni,del,rscale     5    3   12.0000    1.2000
parameter  2  1.022285 ->  0.500000 qaram    1.1500
parameter  3 -0.859245 -> -0.500000 qaram    1.1500
parameter  6  0.779143 ->  0.500000 qaram    1.1500
parameters
   -0.8292   -3.4500   10.9500    2.6075   -1.5960   -3.4500
eta,q 0.93035 13.36805
  0.0805  0.0749  0.0811  0.0800  0.0729  0.0694
  0.0784  0.0744  0.0796  0.0764  0.0711  0.0697
  0.0776  0.0759  0.0777  0.0727  0.0706  0.0696
  0.0782  0.0775  0.0744  0.0711  0.0709  0.0706
  0.0795  0.0781  0.0716  0.0709  0.0720  0.0718
  0.0797  0.0792  0.0710  0.0712  0.0742  0.0729
  0.0812  0.0830  0.0733  0.0717  0.0773  0.0752
niter,ni,del,rscale     7    3   12.0000    1.2000
parameter  2  0.730441 ->  0.500000 qaram    1.3225
parameters
   -0.8126   -7.4175   11.1969    4.7858   -1.0683   -5.7616
eta,q 0.93367 13.08830
  0.0793  0.0689  0.0722  0.0781  0.0718  0.0671
  0.0751  0.0655  0.0708  0.0736  0.0694  0.0669
  0.0704  0.0669  0.0674  0.0682  0.0673  0.0663
  0.0696  0.0697  0.0655  0.0655  0.0660  0.0659
  0.0726  0.0704  0.0676  0.0658  0.0663  0.0672
  0.0763  0.0702  0.0705  0.0672  0.0682  0.0699
  0.0776  0.0723  0.0712  0.0676  0.0703  0.0730
niter,ni,del,rscale     7    3   12.0000    1.2000
parameter  4 -0.766753 -> -0.500000 qaram    1.1500
parameters
   -0.9860   -6.3832   13.7980    8.2358   -2.5844   -7.0637
eta,q 0.93657 13.41231
  0.0744  0.0810  0.0749  0.0751  0.0688  0.0675
  0.0716  0.0701  0.0737  0.0704  0.0646  0.0651
  0.0678  0.0635  0.0709  0.0694  0.0637  0.0635
  0.0663  0.0663  0.0673  0.0678  0.0650  0.0639
  0.0692  0.0683  0.0676  0.0659  0.0676  0.0657
  0.0729  0.0695  0.0686  0.0650  0.0702  0.0680
  0.0744  0.0711  0.0697  0.0658  0.0725  0.0711
niter,ni,del,rscale     7    3   12.0000    1.2000
parameters
   -0.9802   -7.3802   16.0738    8.1440   -3.8856   -6.6456
eta,q 0.93656 13.45603
  0.0752  0.0701  0.0715  0.0671  0.0679  0.0684
  0.0715  0.0689  0.0712  0.0668  0.0653  0.0666
  0.0658  0.0656  0.0663  0.0652  0.0637  0.0647
  0.0634  0.0634  0.0641  0.0638  0.0638  0.0635
  0.0670  0.0640  0.0638  0.0640  0.0663  0.0640
  0.0720  0.0697  0.0645  0.0656  0.0696  0.0654
  0.0743  0.0785  0.0669  0.0685  0.0719  0.0677
niter,ni,del,rscale     6    3   12.0000    1.2000
parameters
   -1.0599   -7.7476   16.1238    6.9073   -4.1994   -7.0538
eta,q 0.93609 13.37409
  0.0754  0.0731  0.0710  0.0651  0.0703  0.0678
  0.0695  0.0690  0.0666  0.0654  0.0671  0.0660
  0.0644  0.0644  0.0642  0.0645  0.0650  0.0646
  0.0634  0.0634  0.0633  0.0633  0.0638  0.0639
  0.0666  0.0653  0.0639  0.0638  0.0652  0.0646
  0.0712  0.0692  0.0665  0.0659  0.0686  0.0666
  0.0745  0.0758  0.0708  0.0687  0.0714  0.0690
niter,ni,del,rscale     5    3   12.0000    1.2000
parameters
   -1.1316   -7.3331   15.8161    6.6385   -4.0494   -7.0323
eta,q 0.93586 13.37202
  0.0763  0.0760  0.0707  0.0666  0.0716  0.0682
  0.0703  0.0690  0.0665  0.0649  0.0684  0.0665
  0.0649  0.0651  0.0648  0.0654  0.0659  0.0651
  0.0639  0.0639  0.0640  0.0641  0.0642  0.0641
  0.0675  0.0654  0.0650  0.0636  0.0648  0.0645
  0.0720  0.0682  0.0678  0.0652  0.0679  0.0663
  0.0752  0.0730  0.0718  0.0678  0.0712  0.0685
niter,ni,del,rscale     4    3   12.0000    1.2000
parameters
   -1.0710   -7.1648   15.6992    6.9585   -3.9071   -6.8944
eta,q 0.93599 13.39296
  0.0766  0.0752  0.0712  0.0675  0.0716  0.0683
  0.0711  0.0685  0.0668  0.0652  0.0681  0.0666
  0.0656  0.0650  0.0649  0.0657  0.0656  0.0651
  0.0641  0.0642  0.0642  0.0643  0.0641  0.0640
  0.0672  0.0657  0.0650  0.0636  0.0648  0.0644
  0.0716  0.0684  0.0677  0.0649  0.0679  0.0662
  0.0750  0.0736  0.0713  0.0674  0.0710  0.0684
niter,ni,del,rscale     3    3   12.0000    1.2000
parameters
   -1.0132   -7.2773   15.7704    7.0874   -3.9618   -6.8688
eta,q 0.93606 13.39480
  0.0762  0.0740  0.0715  0.0672  0.0710  0.0682
  0.0708  0.0685  0.0670  0.0654  0.0676  0.0665
  0.0655  0.0650  0.0646  0.0655  0.0653  0.0650
  0.0640  0.0640  0.0640  0.0640  0.0639  0.0639
  0.0669  0.0656  0.0647  0.0636  0.0650  0.0644
  0.0714  0.0686  0.0673  0.0651  0.0682  0.0662
  0.0747  0.0746  0.0708  0.0676  0.0711  0.0685
niter,ni,del,rscale     2    3   12.0000    1.2000
parameters
   -1.0080   -7.3381   15.8011    7.0061   -4.0233   -6.8984
eta,q 0.93602 13.38831
  0.0760  0.0741  0.0714  0.0669  0.0710  0.0682
  0.0705  0.0687  0.0668  0.0654  0.0677  0.0665
  0.0652  0.0650  0.0646  0.0654  0.0653  0.0649
  0.0639  0.0639  0.0639  0.0639  0.0640  0.0640
  0.0670  0.0655  0.0646  0.0637  0.0650  0.0645
  0.0714  0.0686  0.0673  0.0652  0.0682  0.0663
  0.0747  0.0745  0.0709  0.0678  0.0712  0.0686
niter,ni,del,rscale     1    3   12.0000    1.2000
parameters
   -1.0148   -7.3147   15.7785    6.9412   -4.0276   -6.9088
eta,q 0.93598 13.38576
  0.0760  0.0745  0.0713  0.0669  0.0712  0.0682
  0.0705  0.0687  0.0668  0.0653  0.0678  0.0665
  0.0652  0.0650  0.0647  0.0655  0.0654  0.0650
  0.0640  0.0640  0.0640  0.0640  0.0640  0.0640
  0.0671  0.0655  0.0647  0.0636  0.0650  0.0645
  0.0715  0.0685  0.0674  0.0651  0.0682  0.0663
  0.0748  0.0742  0.0710  0.0678  0.0711  0.0686
registration optimization eta report
parameter search radius
    6.0000    7.9350    6.9000    6.9000    6.0000    6.9000
100000*second partial in parameter space
       30.       16.       15.        7.       19.        9.
  0.0760  0.0745  0.0713  0.0669  0.0712  0.0682
  0.0705  0.0687  0.0668  0.0653  0.0678  0.0665
  0.0652  0.0650  0.0647  0.0655  0.0654  0.0650
  0.0640  0.0640  0.0640  0.0640  0.0640  0.0640
  0.0671  0.0655  0.0647  0.0636  0.0650  0.0645
  0.0715  0.0685  0.0674  0.0651  0.0682  0.0663
  0.0748  0.0742  0.0710  0.0678  0.0711  0.0686
   -1.0148   -7.3147   15.7785    6.9412   -4.0276   -6.9088
eta,q 0.93598 13.38576

---------------------------------------------------------------------
imgreg_4dfp /opt/freesurfer/average/711-2C_as_mni_average_305 /opt/freesurfer/average/711-2B_as_mni_average_305_mask talsrcimg_g11 none talsrcimg_to_711-2C_as_mni_average_305_t4 3335
---------------------------------------------------------------------

freesurfer imgreg_4dfp.c
/opt/freesurfer/average/711-2C_as_mni_average_305.4dfp.img
       256       256       256         1
  1.000000  1.000000  1.000000
orientation T byte_order littleendian
Reading image: /opt/freesurfer/average/711-2C_as_mni_average_305.4dfp.img
dimensions:      256       256       256
mmppix:       1.0000   -1.0000   -1.0000
center:     128.0000 -129.0000 -129.0000
/opt/freesurfer/average/711-2B_as_mni_average_305_mask.4dfp.img
       256       256       256         1
  1.000000  1.000000  1.000000
orientation T byte_order littleendian
Reading mask: /opt/freesurfer/average/711-2B_as_mni_average_305_mask.4dfp.img (2306576 pixels)
talsrcimg_g11.4dfp.img
       256       256       256         1
  1.000000  1.000000  1.000000
orientation T byte_order littleendian
Reading image: talsrcimg_g11.4dfp.img
dimensions:      256       256       256
mmppix:       1.0000   -1.0000   -1.0000
center:     128.0000 -129.0000 -129.0000
fimgreg.f
image alignment mode   3335 decimal      D07 hex
parameters
   -1.0148   -7.3147   15.7785   -0.9713   -1.5558   -0.9781
   12.7833    5.4679  -11.9991  -12.8359   -7.0237   12.0551
eta,q 0.93695 13.47254
niter,ni,del,rscale     5    3    5.0000    1.2000
parameter  4  1.686820 ->  0.500000 qaram    1.1500
parameter  5  3.383790 ->  0.500000 qaram    1.1500
parameter  6  1.800792 ->  0.500000 qaram    1.1500
parameter 11 -0.785275 -> -0.500000 qaram    1.1500
parameters
   -1.4834   -6.9641   15.8923   -5.1113   -5.6958   -5.1181
    9.3232    5.9489  -13.1683  -10.6207   -2.8837   12.9781
eta,q 0.95340 13.43440
  0.0647  0.0649  0.0636  0.0564  0.0511  0.0468  0.0486  0.0532  0.0491  0.0531  0.0526  0.0490
  0.0634  0.0637  0.0632  0.0575  0.0533  0.0480  0.0481  0.0508  0.0483  0.0511  0.0506  0.0480
  0.0629  0.0631  0.0629  0.0595  0.0556  0.0503  0.0481  0.0489  0.0480  0.0492  0.0489  0.0471
  0.0631  0.0629  0.0629  0.0629  0.0580  0.0539  0.0485  0.0480  0.0480  0.0479  0.0477  0.0467
  0.0638  0.0630  0.0630  0.0677  0.0606  0.0575  0.0493  0.0484  0.0484  0.0477  0.0469  0.0466
  0.0650  0.0633  0.0632  0.0722  0.0639  0.0619  0.0504  0.0498  0.0490  0.0482  0.0466  0.0471
  0.0663  0.0638  0.0634  0.0760  0.0671  0.0662  0.0519  0.0521  0.0499  0.0494  0.0466  0.0482
niter,ni,del,rscale     7    3    5.0000    1.2000
parameter  2  0.877052 ->  0.500000 qaram    1.1500
parameter  3  0.802018 ->  0.500000 qaram    1.1500
parameter  5  1.746591 ->  0.500000 qaram    1.3225
parameter  6  0.651691 ->  0.500000 qaram    1.3225
parameter  8  0.639741 ->  0.500000 qaram    1.1500
parameters
   -1.5190   -8.3441   14.5123   -8.9526  -10.4568   -9.8791
    9.7989    1.8089  -13.8578  -11.3373   -2.9170   13.7756
eta,q 0.96298 13.16994
  0.0490  0.0455  0.0447  0.0447  0.0380  0.0381  0.0402  0.0377  0.0383  0.0400  0.0384  0.0382
  0.0477  0.0455  0.0446  0.0442  0.0390  0.0382  0.0392  0.0371  0.0375  0.0383  0.0374  0.0377
  0.0469  0.0459  0.0450  0.0440  0.0412  0.0381  0.0385  0.0374  0.0372  0.0373  0.0370  0.0373
  0.0466  0.0466  0.0456  0.0447  0.0440  0.0395  0.0382  0.0382  0.0371  0.0371  0.0370  0.0370
  0.0469  0.0475  0.0465  0.0469  0.0471  0.0430  0.0383  0.0394  0.0374  0.0378  0.0373  0.0370
  0.0477  0.0488  0.0478  0.0517  0.0509  0.0469  0.0389  0.0408  0.0380  0.0393  0.0377  0.0373
  0.0492  0.0505  0.0494  0.0581  0.0547  0.0518  0.0398  0.0426  0.0388  0.0413  0.0382  0.0379
niter,ni,del,rscale     7    3    5.0000    1.2000
parameter  2  0.500062 ->  0.500000 qaram    1.3225
parameter  3  2.286129 ->  0.500000 qaram    1.3225
parameter  5  0.543283 ->  0.500000 qaram    1.5209
parameter 10  0.589449 ->  0.500000 qaram    1.1500
parameter 12  0.835680 ->  0.500000 qaram    1.1500
parameters
   -1.8392   -9.9311   12.9253   -9.4281  -15.9320  -13.6223
   10.5276    1.3918  -13.0725  -15.4773   -2.1983    9.6356
eta,q 0.96931 13.01386
  0.0387  0.0370  0.0325  0.0367  0.0335  0.0337  0.0346  0.0358  0.0336  0.0317  0.0325  0.0307
  0.0376  0.0364  0.0333  0.0355  0.0324  0.0327  0.0334  0.0333  0.0328  0.0313  0.0318  0.0307
  0.0371  0.0364  0.0347  0.0344  0.0323  0.0321  0.0326  0.0323  0.0323  0.0314  0.0314  0.0308
  0.0370  0.0370  0.0363  0.0336  0.0337  0.0323  0.0322  0.0321  0.0321  0.0321  0.0312  0.0312
  0.0375  0.0381  0.0382  0.0336  0.0365  0.0345  0.0322  0.0328  0.0322  0.0332  0.0313  0.0318
  0.0384  0.0398  0.0402  0.0351  0.0401  0.0395  0.0328  0.0342  0.0325  0.0348  0.0316  0.0325
  0.0399  0.0419  0.0423  0.0388  0.0442  0.0440  0.0338  0.0362  0.0330  0.0368  0.0321  0.0333
niter,ni,del,rscale     7    3    5.0000    1.2000
parameter  3  1.069579 ->  0.500000 qaram    1.5209
parameters
   -1.8022  -10.5407   11.1003   -5.9074  -16.8389  -14.4689
   10.2370    2.4591  -12.6597  -14.2827   -1.5130   10.0092
eta,q 0.97234 13.05944
  0.0331  0.0330  0.0281  0.0326  0.0328  0.0326  0.0301  0.0354  0.0298  0.0328  0.0297  0.0294
  0.0318  0.0315  0.0283  0.0311  0.0305  0.0306  0.0287  0.0311  0.0287  0.0301  0.0284  0.0285
  0.0310  0.0306  0.0291  0.0297  0.0283  0.0288  0.0279  0.0284  0.0280  0.0284  0.0277  0.0279
  0.0307  0.0307  0.0305  0.0284  0.0271  0.0273  0.0276  0.0276  0.0277  0.0277  0.0276  0.0277
  0.0309  0.0316  0.0325  0.0273  0.0279  0.0277  0.0279  0.0281  0.0278  0.0279  0.0279  0.0278
  0.0317  0.0334  0.0350  0.0271  0.0313  0.0315  0.0289  0.0296  0.0284  0.0288  0.0283  0.0283
  0.0330  0.0358  0.0376  0.0292  0.0360  0.0363  0.0306  0.0317  0.0294  0.0304  0.0288  0.0292
niter,ni,del,rscale     7    3    5.0000    1.2000
parameter  3  0.516961 ->  0.500000 qaram    1.7490
parameters
   -1.9910  -10.3311    9.0015   -5.7346  -16.1338  -15.3087
   10.1085    3.0698  -12.6359  -13.0386    0.2591    9.5050
eta,q 0.97326 13.03972
  0.0300  0.0319  0.0276  0.0311  0.0335  0.0316  0.0293  0.0339  0.0288  0.0322  0.0292  0.0282
  0.0287  0.0297  0.0267  0.0296  0.0310  0.0297  0.0279  0.0297  0.0277  0.0295  0.0277  0.0274
  0.0279  0.0283  0.0268  0.0281  0.0286  0.0279  0.0271  0.0273  0.0270  0.0276  0.0270  0.0269
  0.0277  0.0277  0.0276  0.0267  0.0266  0.0264  0.0267  0.0267  0.0268  0.0268  0.0268  0.0267
  0.0281  0.0279  0.0291  0.0260  0.0262  0.0263  0.0270  0.0274  0.0270  0.0269  0.0268  0.0270
  0.0292  0.0290  0.0314  0.0279  0.0286  0.0301  0.0280  0.0290  0.0277  0.0278  0.0270  0.0276
  0.0310  0.0309  0.0342  0.0323  0.0332  0.0360  0.0296  0.0316  0.0287  0.0297  0.0275  0.0287
niter,ni,del,rscale     7    3    5.0000    1.2000
parameters
   -2.1154   -9.7645    8.6965   -5.1659  -15.9506  -15.5812
   10.0847    2.7996  -13.1505  -12.1616    1.0173    8.7689
eta,q 0.97374 13.03752
  0.0291  0.0320  0.0305  0.0309  0.0329  0.0316  0.0290  0.0321  0.0280  0.0315  0.0283  0.0277
  0.0278  0.0295  0.0278  0.0294  0.0305  0.0296  0.0276  0.0283  0.0270  0.0287  0.0270  0.0269
  0.0270  0.0277  0.0266  0.0280  0.0281  0.0278  0.0267  0.0265  0.0264  0.0269  0.0264  0.0264
  0.0267  0.0267  0.0266  0.0265  0.0262  0.0262  0.0263  0.0263  0.0263  0.0263  0.0263  0.0263
  0.0271  0.0267  0.0275  0.0256  0.0262  0.0254  0.0266  0.0272  0.0266  0.0265  0.0264  0.0265
  0.0281  0.0275  0.0290  0.0270  0.0292  0.0284  0.0275  0.0292  0.0274  0.0276  0.0268  0.0272
  0.0298  0.0293  0.0314  0.0313  0.0337  0.0344  0.0291  0.0326  0.0285  0.0296  0.0275  0.0284
niter,ni,del,rscale     6    3    5.0000    1.2000
parameters
   -2.1752   -9.5700    8.4260   -5.0729  -15.8809  -15.7355
   10.1604    2.6640  -13.4391  -11.6796    1.3630    8.5182
eta,q 0.97383 13.03287
  0.0290  0.0308  0.0304  0.0306  0.0328  0.0315  0.0289  0.0323  0.0280  0.0310  0.0281  0.0278
  0.0275  0.0284  0.0275  0.0291  0.0303  0.0295  0.0275  0.0284  0.0269  0.0283  0.0269  0.0269
  0.0266  0.0270  0.0263  0.0276  0.0279  0.0277  0.0266  0.0265  0.0263  0.0267  0.0263  0.0264
  0.0263  0.0263  0.0262  0.0262  0.0261  0.0261  0.0262  0.0262  0.0262  0.0262  0.0262  0.0262
  0.0266  0.0265  0.0271  0.0255  0.0262  0.0252  0.0264  0.0269  0.0265  0.0265  0.0263  0.0264
  0.0276  0.0277  0.0288  0.0275  0.0292  0.0280  0.0274  0.0289  0.0272  0.0277  0.0268  0.0270
  0.0294  0.0299  0.0311  0.0321  0.0337  0.0341  0.0289  0.0324  0.0283  0.0299  0.0277  0.0281
niter,ni,del,rscale     5    3    5.0000    1.2000
parameters
   -2.1923   -9.4346    8.2934   -5.0321  -15.8847  -15.8648
   10.2230    2.6009  -13.5982  -11.4123    1.5094    8.3876
eta,q 0.97383 13.02857
  0.0290  0.0306  0.0307  0.0306  0.0327  0.0315  0.0289  0.0324  0.0281  0.0307  0.0280  0.0279
  0.0275  0.0283  0.0277  0.0291  0.0302  0.0295  0.0275  0.0285  0.0270  0.0281  0.0268  0.0270
  0.0265  0.0268  0.0263  0.0276  0.0279  0.0277  0.0266  0.0265  0.0263  0.0266  0.0263  0.0264
  0.0262  0.0262  0.0261  0.0261  0.0261  0.0261  0.0262  0.0262  0.0262  0.0262  0.0262  0.0262
  0.0264  0.0265  0.0270  0.0255  0.0262  0.0252  0.0264  0.0269  0.0265  0.0266  0.0264  0.0264
  0.0274  0.0277  0.0286  0.0276  0.0294  0.0280  0.0274  0.0288  0.0272  0.0279  0.0269  0.0270
  0.0292  0.0299  0.0308  0.0322  0.0338  0.0340  0.0289  0.0323  0.0282  0.0301  0.0278  0.0281
niter,ni,del,rscale     4    3    5.0000    1.2000
parameters
   -2.1979   -9.3530    8.2126   -4.9953  -15.8941  -15.9575
   10.2622    2.5817  -13.6776  -11.2518    1.5745    8.3224
eta,q 0.97382 13.02576
  0.0291  0.0304  0.0309  0.0307  0.0327  0.0315  0.0289  0.0324  0.0282  0.0306  0.0280  0.0279
  0.0275  0.0282  0.0278  0.0292  0.0303  0.0295  0.0275  0.0285  0.0270  0.0280  0.0268  0.0270
  0.0266  0.0268  0.0263  0.0276  0.0279  0.0278  0.0266  0.0266  0.0264  0.0266  0.0263  0.0264
  0.0262  0.0262  0.0262  0.0261  0.0261  0.0261  0.0262  0.0262  0.0262  0.0262  0.0262  0.0262
  0.0264  0.0265  0.0269  0.0256  0.0262  0.0252  0.0264  0.0268  0.0265  0.0266  0.0264  0.0264
  0.0274  0.0279  0.0285  0.0276  0.0294  0.0279  0.0274  0.0288  0.0271  0.0279  0.0269  0.0270
  0.0292  0.0301  0.0307  0.0322  0.0339  0.0339  0.0289  0.0323  0.0282  0.0302  0.0278  0.0281
niter,ni,del,rscale     3    3    5.0000    1.2000
parameters
   -2.2003   -9.3003    8.1625   -4.9723  -15.9030  -16.0186
   10.2826    2.5767  -13.7146  -11.1517    1.6105    8.2838
eta,q 0.97381 13.02388
  0.0291  0.0304  0.0310  0.0307  0.0327  0.0316  0.0289  0.0325  0.0282  0.0305  0.0280  0.0280
  0.0276  0.0281  0.0278  0.0292  0.0303  0.0296  0.0275  0.0285  0.0271  0.0280  0.0268  0.0270
  0.0266  0.0267  0.0264  0.0276  0.0279  0.0278  0.0266  0.0266  0.0264  0.0266  0.0263  0.0264
  0.0262  0.0262  0.0262  0.0262  0.0261  0.0262  0.0262  0.0262  0.0262  0.0262  0.0262  0.0262
  0.0264  0.0266  0.0269  0.0256  0.0263  0.0252  0.0265  0.0268  0.0265  0.0267  0.0264  0.0264
  0.0274  0.0279  0.0285  0.0277  0.0294  0.0278  0.0274  0.0288  0.0271  0.0280  0.0269  0.0270
  0.0292  0.0302  0.0307  0.0323  0.0339  0.0339  0.0290  0.0323  0.0282  0.0302  0.0279  0.0281
niter,ni,del,rscale     2    3    5.0000    1.2000
parameters
   -2.2001   -9.2669    8.1265   -4.9549  -15.9069  -16.0610
   10.2909    2.5777  -13.7355  -11.0858    1.6252    8.2597
eta,q 0.97381 13.02258
  0.0291  0.0303  0.0310  0.0307  0.0328  0.0316  0.0289  0.0325  0.0282  0.0305  0.0280  0.0280
  0.0276  0.0281  0.0279  0.0292  0.0303  0.0296  0.0275  0.0286  0.0271  0.0280  0.0269  0.0270
  0.0266  0.0267  0.0264  0.0276  0.0279  0.0278  0.0266  0.0266  0.0264  0.0266  0.0263  0.0264
  0.0262  0.0262  0.0262  0.0262  0.0262  0.0262  0.0262  0.0262  0.0262  0.0262  0.0262  0.0262
  0.0264  0.0266  0.0269  0.0256  0.0263  0.0252  0.0265  0.0268  0.0265  0.0267  0.0264  0.0264
  0.0274  0.0280  0.0285  0.0277  0.0295  0.0278  0.0274  0.0288  0.0271  0.0280  0.0269  0.0270
  0.0292  0.0302  0.0307  0.0323  0.0339  0.0338  0.0290  0.0323  0.0282  0.0303  0.0279  0.0281
niter,ni,del,rscale     1    3    5.0000    1.2000
parameters
   -2.2001   -9.2440    8.1033   -4.9447  -15.9090  -16.0892
   10.2961    2.5802  -13.7441  -11.0432    1.6338    8.2337
eta,q 0.97380 13.02159
  0.0291  0.0303  0.0310  0.0307  0.0328  0.0316  0.0289  0.0325  0.0282  0.0305  0.0280  0.0280
  0.0276  0.0281  0.0279  0.0292  0.0303  0.0296  0.0275  0.0286  0.0271  0.0280  0.0269  0.0270
  0.0266  0.0267  0.0264  0.0277  0.0279  0.0278  0.0266  0.0266  0.0264  0.0266  0.0263  0.0264
  0.0262  0.0262  0.0262  0.0262  0.0262  0.0262  0.0262  0.0262  0.0262  0.0262  0.0262  0.0262
  0.0265  0.0266  0.0269  0.0256  0.0263  0.0252  0.0265  0.0268  0.0265  0.0267  0.0264  0.0264
  0.0274  0.0280  0.0285  0.0278  0.0295  0.0278  0.0274  0.0288  0.0271  0.0280  0.0269  0.0270
  0.0293  0.0302  0.0307  0.0323  0.0339  0.0338  0.0290  0.0323  0.0282  0.0303  0.0279  0.0281
registration optimization eta report
parameter search radius
    2.4000    3.1740    4.1976    8.2800   10.9503    9.5220
    7.2000    8.2800    7.2000    8.2800    8.2800    8.2800
100000*second partial in parameter space
       52.       40.       27.        8.        6.        7.
        5.        9.        4.        6.        3.        3.
  0.0291  0.0303  0.0310  0.0307  0.0328  0.0316  0.0289  0.0325  0.0282  0.0305  0.0280  0.0280
  0.0276  0.0281  0.0279  0.0292  0.0303  0.0296  0.0275  0.0286  0.0271  0.0280  0.0269  0.0270
  0.0266  0.0267  0.0264  0.0277  0.0279  0.0278  0.0266  0.0266  0.0264  0.0266  0.0263  0.0264
  0.0262  0.0262  0.0262  0.0262  0.0262  0.0262  0.0262  0.0262  0.0262  0.0262  0.0262  0.0262
  0.0265  0.0266  0.0269  0.0256  0.0263  0.0252  0.0265  0.0268  0.0265  0.0267  0.0264  0.0264
  0.0274  0.0280  0.0285  0.0278  0.0295  0.0278  0.0274  0.0288  0.0271  0.0280  0.0269  0.0270
  0.0293  0.0302  0.0307  0.0323  0.0339  0.0338  0.0290  0.0323  0.0282  0.0303  0.0279  0.0281
   -2.2001   -9.2440    8.1033   -4.9447  -15.9090  -16.0892
   10.2961    2.5802  -13.7441  -11.0432    1.6338    8.2337
eta,q 0.97380 13.02159

---------------------------------------------------------------------
imgreg_4dfp /opt/freesurfer/average/711-2C_as_mni_average_305 /opt/freesurfer/average/711-2B_as_mni_average_305_mask talsrcimg_g11 none talsrcimg_to_711-2C_as_mni_average_305_t4 2311
---------------------------------------------------------------------

freesurfer imgreg_4dfp.c
/opt/freesurfer/average/711-2C_as_mni_average_305.4dfp.img
       256       256       256         1
  1.000000  1.000000  1.000000
orientation T byte_order littleendian
Reading image: /opt/freesurfer/average/711-2C_as_mni_average_305.4dfp.img
dimensions:      256       256       256
mmppix:       1.0000   -1.0000   -1.0000
center:     128.0000 -129.0000 -129.0000
/opt/freesurfer/average/711-2B_as_mni_average_305_mask.4dfp.img
       256       256       256         1
  1.000000  1.000000  1.000000
orientation T byte_order littleendian
Reading mask: /opt/freesurfer/average/711-2B_as_mni_average_305_mask.4dfp.img (2306576 pixels)
talsrcimg_g11.4dfp.img
       256       256       256         1
  1.000000  1.000000  1.000000
orientation T byte_order littleendian
Reading image: talsrcimg_g11.4dfp.img
dimensions:      256       256       256
mmppix:       1.0000   -1.0000   -1.0000
center:     128.0000 -129.0000 -129.0000
fimgreg.f
image alignment mode   2311 decimal      907 hex
parameters
   -2.2001   -9.2440    8.1033   -4.9447  -15.9090  -16.0892
   10.2961    2.5802  -13.7441  -11.0432    1.6338    8.2337
eta,q 0.97380 13.02158
niter,ni,del,rscale     5    3    5.0000    0.8000
parameters
   -2.1486   -9.1847    7.7004   -3.3223  -14.9500  -14.9144
   10.1162    2.8414  -13.3060  -10.4453    1.5892    7.8193
eta,q 0.97501 13.04606
  0.0276  0.0273  0.0265  0.0288  0.0279  0.0279  0.0266  0.0289  0.0265  0.0275  0.0262  0.0258
  0.0269  0.0267  0.0262  0.0279  0.0270  0.0270  0.0258  0.0268  0.0257  0.0262  0.0255  0.0253
  0.0264  0.0264  0.0261  0.0270  0.0261  0.0262  0.0252  0.0255  0.0252  0.0254  0.0251  0.0251
  0.0262  0.0262  0.0262  0.0261  0.0256  0.0254  0.0250  0.0250  0.0250  0.0250  0.0250  0.0250
  0.0263  0.0263  0.0264  0.0256  0.0254  0.0250  0.0253  0.0253  0.0251  0.0251  0.0252  0.0251
  0.0267  0.0266  0.0267  0.0258  0.0258  0.0252  0.0259  0.0264  0.0255  0.0256  0.0256  0.0255
  0.0275  0.0272  0.0271  0.0270  0.0268  0.0266  0.0269  0.0281  0.0261  0.0265  0.0262  0.0261
niter,ni,del,rscale     4    3    5.0000    0.7000
parameters
   -2.3328   -9.2702    7.8838   -3.6603  -14.8363  -14.4324
   10.1522    2.6997  -13.2873  -10.5274    1.6123    7.7856
eta,q 0.97514 13.05765
  0.0261  0.0258  0.0260  0.0269  0.0266  0.0271  0.0262  0.0273  0.0258  0.0263  0.0258  0.0255
  0.0254  0.0253  0.0254  0.0261  0.0259  0.0264  0.0255  0.0259  0.0253  0.0255  0.0252  0.0252
  0.0250  0.0250  0.0251  0.0254  0.0253  0.0256  0.0250  0.0251  0.0250  0.0250  0.0249  0.0249
  0.0250  0.0250  0.0250  0.0250  0.0250  0.0250  0.0249  0.0249  0.0249  0.0249  0.0249  0.0249
  0.0253  0.0251  0.0250  0.0251  0.0251  0.0248  0.0250  0.0252  0.0250  0.0250  0.0250  0.0249
  0.0259  0.0255  0.0252  0.0262  0.0256  0.0252  0.0254  0.0261  0.0253  0.0256  0.0253  0.0252
  0.0269  0.0261  0.0255  0.0281  0.0266  0.0267  0.0262  0.0276  0.0258  0.0265  0.0257  0.0256
niter,ni,del,rscale     3    3    5.0000    0.6000
parameters
   -2.3398   -9.3518    8.0334   -3.6415  -14.7967  -14.0771
   10.1430    2.6780  -13.2692  -10.6265    1.6063    7.7684
eta,q 0.97525 13.06294
  0.0259  0.0255  0.0256  0.0265  0.0260  0.0266  0.0257  0.0267  0.0255  0.0258  0.0254  0.0253
  0.0253  0.0251  0.0252  0.0258  0.0255  0.0259  0.0252  0.0256  0.0251  0.0252  0.0251  0.0250
  0.0250  0.0249  0.0250  0.0252  0.0251  0.0253  0.0249  0.0250  0.0248  0.0249  0.0248  0.0248
  0.0249  0.0249  0.0249  0.0248  0.0248  0.0248  0.0247  0.0248  0.0248  0.0248  0.0248  0.0248
  0.0250  0.0250  0.0249  0.0249  0.0249  0.0247  0.0249  0.0250  0.0248  0.0249  0.0248  0.0248
  0.0253  0.0252  0.0250  0.0255  0.0253  0.0251  0.0252  0.0257  0.0251  0.0253  0.0251  0.0250
  0.0259  0.0257  0.0253  0.0268  0.0261  0.0263  0.0258  0.0267  0.0255  0.0260  0.0254  0.0253
niter,ni,del,rscale     2    3    5.0000    0.5000
parameters
   -2.3554   -9.4275    8.1669   -3.5576  -14.7701  -13.7642
   10.1461    2.6637  -13.2386  -10.7047    1.5947    7.7483
eta,q 0.97532 13.06703
  0.0255  0.0252  0.0253  0.0260  0.0256  0.0261  0.0254  0.0261  0.0252  0.0255  0.0252  0.0251
  0.0251  0.0249  0.0250  0.0255  0.0252  0.0256  0.0250  0.0253  0.0249  0.0250  0.0249  0.0248
  0.0248  0.0248  0.0248  0.0250  0.0249  0.0251  0.0248  0.0248  0.0247  0.0248  0.0247  0.0247
  0.0248  0.0248  0.0247  0.0247  0.0247  0.0247  0.0247  0.0247  0.0247  0.0247  0.0247  0.0247
  0.0248  0.0248  0.0248  0.0248  0.0248  0.0247  0.0248  0.0248  0.0247  0.0248  0.0247  0.0247
  0.0251  0.0250  0.0249  0.0252  0.0251  0.0250  0.0250  0.0253  0.0249  0.0251  0.0249  0.0249
  0.0255  0.0254  0.0251  0.0260  0.0256  0.0258  0.0254  0.0261  0.0252  0.0256  0.0252  0.0251
niter,ni,del,rscale     1    3    5.0000    0.4000
parameters
   -2.3777   -9.4985    8.2927   -3.4826  -14.7469  -13.5009
   10.1493    2.6412  -13.1984  -10.7857    1.5659    7.7206
eta,q 0.97536 13.07040
  0.0251  0.0250  0.0251  0.0255  0.0252  0.0257  0.0251  0.0256  0.0250  0.0251  0.0250  0.0249
  0.0249  0.0248  0.0249  0.0251  0.0249  0.0252  0.0248  0.0250  0.0248  0.0249  0.0248  0.0247
  0.0247  0.0247  0.0247  0.0248  0.0248  0.0249  0.0247  0.0247  0.0247  0.0247  0.0247  0.0247
  0.0247  0.0247  0.0247  0.0247  0.0247  0.0247  0.0246  0.0246  0.0246  0.0246  0.0246  0.0246
  0.0247  0.0247  0.0247  0.0247  0.0247  0.0246  0.0247  0.0247  0.0247  0.0247  0.0247  0.0247
  0.0249  0.0249  0.0248  0.0250  0.0249  0.0249  0.0248  0.0251  0.0248  0.0249  0.0248  0.0247
  0.0252  0.0251  0.0249  0.0255  0.0252  0.0254  0.0251  0.0256  0.0249  0.0252  0.0250  0.0249
registration optimization eta report
parameter search radius
    0.8000    0.8000    0.8000    2.4000    2.4000    2.4000
    2.4000    2.4000    2.4000    2.4000    2.4000    2.4000
100000*second partial in parameter space
       78.       53.       46.       15.       10.       15.
        8.       16.        6.        9.        6.        4.
  0.0251  0.0250  0.0251  0.0255  0.0252  0.0257  0.0251  0.0256  0.0250  0.0251  0.0250  0.0249
  0.0249  0.0248  0.0249  0.0251  0.0249  0.0252  0.0248  0.0250  0.0248  0.0249  0.0248  0.0247
  0.0247  0.0247  0.0247  0.0248  0.0248  0.0249  0.0247  0.0247  0.0247  0.0247  0.0247  0.0247
  0.0247  0.0247  0.0247  0.0247  0.0247  0.0247  0.0246  0.0246  0.0246  0.0246  0.0246  0.0246
  0.0247  0.0247  0.0247  0.0247  0.0247  0.0246  0.0247  0.0247  0.0247  0.0247  0.0247  0.0247
  0.0249  0.0249  0.0248  0.0250  0.0249  0.0249  0.0248  0.0251  0.0248  0.0249  0.0248  0.0247
  0.0252  0.0251  0.0249  0.0255  0.0252  0.0254  0.0251  0.0256  0.0249  0.0252  0.0250  0.0249
   -2.3777   -9.4985    8.2927   -3.4826  -14.7469  -13.5009
   10.1493    2.6412  -13.1984  -10.7857    1.5659    7.7206
eta,q 0.97536 13.07040

---------------------------------------------------------------------
imgreg_4dfp /opt/freesurfer/average/711-2C_as_mni_average_305 /opt/freesurfer/average/711-2B_as_mni_average_305_mask talsrcimg_g11 none talsrcimg_to_711-2C_as_mni_average_305_t4 2311
---------------------------------------------------------------------

freesurfer imgreg_4dfp.c
/opt/freesurfer/average/711-2C_as_mni_average_305.4dfp.img
       256       256       256         1
  1.000000  1.000000  1.000000
orientation T byte_order littleendian
Reading image: /opt/freesurfer/average/711-2C_as_mni_average_305.4dfp.img
dimensions:      256       256       256
mmppix:       1.0000   -1.0000   -1.0000
center:     128.0000 -129.0000 -129.0000
/opt/freesurfer/average/711-2B_as_mni_average_305_mask.4dfp.img
       256       256       256         1
  1.000000  1.000000  1.000000
orientation T byte_order littleendian
Reading mask: /opt/freesurfer/average/711-2B_as_mni_average_305_mask.4dfp.img (2306576 pixels)
talsrcimg_g11.4dfp.img
       256       256       256         1
  1.000000  1.000000  1.000000
orientation T byte_order littleendian
Reading image: talsrcimg_g11.4dfp.img
dimensions:      256       256       256
mmppix:       1.0000   -1.0000   -1.0000
center:     128.0000 -129.0000 -129.0000
fimgreg.f
image alignment mode   2311 decimal      907 hex
parameters
   -2.3777   -9.4985    8.2927   -3.4826  -14.7469  -13.5009
   10.1493    2.6412  -13.1984  -10.7857    1.5659    7.7206
eta,q 0.97536 13.07040
niter,ni,del,rscale     5    3    5.0000    0.8000
parameters
   -2.4241   -9.5766    8.4481   -4.1303  -15.0014  -13.8921
   10.2070    2.5372  -13.3325  -11.1721    1.5799    8.0192
eta,q 0.97517 13.07428
  0.0265  0.0258  0.0261  0.0268  0.0265  0.0271  0.0264  0.0277  0.0259  0.0265  0.0259  0.0258
  0.0255  0.0252  0.0253  0.0259  0.0257  0.0262  0.0256  0.0260  0.0253  0.0255  0.0253  0.0253
  0.0248  0.0248  0.0248  0.0251  0.0250  0.0254  0.0251  0.0251  0.0249  0.0250  0.0249  0.0250
  0.0246  0.0246  0.0246  0.0246  0.0247  0.0248  0.0249  0.0249  0.0248  0.0248  0.0248  0.0248
  0.0249  0.0248  0.0247  0.0250  0.0249  0.0249  0.0250  0.0252  0.0250  0.0251  0.0250  0.0249
  0.0256  0.0253  0.0250  0.0265  0.0257  0.0262  0.0255  0.0263  0.0254  0.0259  0.0253  0.0251
  0.0268  0.0261  0.0256  0.0292  0.0273  0.0290  0.0264  0.0279  0.0260  0.0271  0.0258  0.0256
niter,ni,del,rscale     4    3    5.0000    0.7000
parameters
   -2.3439   -9.5882    8.3329   -3.9427  -14.8981  -13.9192
   10.1831    2.5942  -13.3103  -11.1558    1.5736    8.0279
eta,q 0.97523 13.07143
  0.0263  0.0258  0.0255  0.0269  0.0263  0.0268  0.0260  0.0273  0.0257  0.0263  0.0256  0.0254
  0.0255  0.0253  0.0251  0.0261  0.0256  0.0261  0.0254  0.0259  0.0252  0.0255  0.0251  0.0251
  0.0250  0.0249  0.0249  0.0253  0.0251  0.0253  0.0249  0.0250  0.0249  0.0249  0.0249  0.0249
  0.0248  0.0248  0.0248  0.0248  0.0248  0.0248  0.0248  0.0248  0.0248  0.0248  0.0248  0.0248
  0.0249  0.0249  0.0250  0.0247  0.0248  0.0247  0.0249  0.0250  0.0249  0.0249  0.0249  0.0248
  0.0253  0.0253  0.0253  0.0254  0.0253  0.0255  0.0253  0.0258  0.0252  0.0254  0.0251  0.0251
  0.0260  0.0258  0.0257  0.0270  0.0264  0.0275  0.0261  0.0271  0.0257  0.0263  0.0256  0.0255
niter,ni,del,rscale     3    3    5.0000    0.6000
parameters
   -2.3506   -9.5783    8.3106   -3.7587  -14.8369  -13.7778
   10.1762    2.6130  -13.2656  -11.0702    1.5748    7.9472
eta,q 0.97530 13.07130
  0.0258  0.0255  0.0254  0.0264  0.0259  0.0264  0.0257  0.0267  0.0254  0.0259  0.0254  0.0252
  0.0252  0.0251  0.0250  0.0258  0.0253  0.0258  0.0251  0.0256  0.0250  0.0253  0.0250  0.0249
  0.0249  0.0249  0.0248  0.0252  0.0249  0.0252  0.0248  0.0249  0.0248  0.0249  0.0248  0.0248
  0.0248  0.0248  0.0248  0.0248  0.0247  0.0247  0.0247  0.0247  0.0247  0.0247  0.0247  0.0247
  0.0249  0.0248  0.0249  0.0247  0.0248  0.0247  0.0248  0.0249  0.0248  0.0248  0.0248  0.0248
  0.0252  0.0251  0.0251  0.0252  0.0252  0.0252  0.0251  0.0255  0.0250  0.0252  0.0250  0.0249
  0.0258  0.0255  0.0254  0.0264  0.0260  0.0265  0.0257  0.0266  0.0254  0.0258  0.0254  0.0253
niter,ni,del,rscale     2    3    5.0000    0.5000
parameters
   -2.3704   -9.5802    8.3439   -3.6253  -14.7958  -13.5757
   10.1619    2.6161  -13.2307  -11.0080    1.5622    7.8726
eta,q 0.97535 13.07230
  0.0254  0.0252  0.0252  0.0260  0.0255  0.0260  0.0253  0.0261  0.0252  0.0255  0.0251  0.0250
  0.0250  0.0249  0.0249  0.0254  0.0251  0.0255  0.0250  0.0253  0.0249  0.0250  0.0249  0.0248
  0.0248  0.0248  0.0248  0.0250  0.0248  0.0250  0.0247  0.0248  0.0247  0.0248  0.0247  0.0247
  0.0247  0.0247  0.0247  0.0247  0.0247  0.0247  0.0246  0.0246  0.0246  0.0247  0.0246  0.0246
  0.0248  0.0248  0.0247  0.0247  0.0247  0.0247  0.0247  0.0248  0.0247  0.0247  0.0247  0.0247
  0.0250  0.0249  0.0249  0.0251  0.0250  0.0250  0.0250  0.0253  0.0249  0.0250  0.0249  0.0248
  0.0255  0.0252  0.0251  0.0259  0.0255  0.0259  0.0254  0.0260  0.0251  0.0254  0.0251  0.0250
niter,ni,del,rscale     1    3    5.0000    0.4000
parameters
   -2.3899   -9.6008    8.4087   -3.5263  -14.7684  -13.3747
   10.1546    2.6128  -13.1917  -10.9976    1.5375    7.8146
eta,q 0.97539 13.07366
  0.0251  0.0250  0.0250  0.0255  0.0252  0.0256  0.0251  0.0256  0.0250  0.0252  0.0249  0.0248
  0.0249  0.0248  0.0248  0.0251  0.0249  0.0252  0.0248  0.0250  0.0248  0.0249  0.0248  0.0247
  0.0247  0.0247  0.0247  0.0248  0.0247  0.0248  0.0247  0.0247  0.0247  0.0247  0.0246  0.0246
  0.0246  0.0246  0.0246  0.0247  0.0246  0.0246  0.0246  0.0246  0.0246  0.0246  0.0246  0.0246
  0.0247  0.0247  0.0247  0.0247  0.0247  0.0246  0.0247  0.0247  0.0247  0.0247  0.0247  0.0246
  0.0249  0.0248  0.0247  0.0249  0.0249  0.0249  0.0248  0.0250  0.0248  0.0248  0.0248  0.0247
  0.0252  0.0250  0.0249  0.0255  0.0252  0.0254  0.0251  0.0256  0.0249  0.0252  0.0250  0.0249
registration optimization eta report
parameter search radius
    0.8000    0.8000    0.8000    2.4000    2.4000    2.4000
    2.4000    2.4000    2.4000    2.4000    2.4000    2.4000
100000*second partial in parameter space
       77.       52.       45.       15.       10.       15.
        8.       16.        6.        9.        6.        4.
  0.0251  0.0250  0.0250  0.0255  0.0252  0.0256  0.0251  0.0256  0.0250  0.0252  0.0249  0.0248
  0.0249  0.0248  0.0248  0.0251  0.0249  0.0252  0.0248  0.0250  0.0248  0.0249  0.0248  0.0247
  0.0247  0.0247  0.0247  0.0248  0.0247  0.0248  0.0247  0.0247  0.0247  0.0247  0.0246  0.0246
  0.0246  0.0246  0.0246  0.0247  0.0246  0.0246  0.0246  0.0246  0.0246  0.0246  0.0246  0.0246
  0.0247  0.0247  0.0247  0.0247  0.0247  0.0246  0.0247  0.0247  0.0247  0.0247  0.0247  0.0246
  0.0249  0.0248  0.0247  0.0249  0.0249  0.0249  0.0248  0.0250  0.0248  0.0248  0.0248  0.0247
  0.0252  0.0250  0.0249  0.0255  0.0252  0.0254  0.0251  0.0256  0.0249  0.0252  0.0250  0.0249
   -2.3899   -9.6008    8.4087   -3.5263  -14.7684  -13.3747
   10.1546    2.6128  -13.1917  -10.9976    1.5375    7.8146
eta,q 0.97539 13.07366

---------------------------------------------------------------------
compute_vox2vox talsrcimg talsrcimg_to_711-2C_as_mni_average_305_t4 /opt/freesurfer/average/711-2C_as_mni_average_305
---------------------------------------------------------------------

freesurfer compute_vox2vox.c
Reading: talsrcimg.4dfp.ifh
Reading: talsrcimg_to_711-2C_as_mni_average_305_t4
Reading: /opt/freesurfer/average/711-2C_as_mni_average_305.4dfp.ifh
Writing: talsrcimg_to_711-2C_as_mni_average_305_t4_vox2vox.txt

start time Wed Mar 11 08:35:28 CET 2026
end		time Wed Mar 11 08:36:59 CET 2026

mpr2mni305 success

avi2talxfm orig_nu.mgz /opt/freesurfer/average/mni305.cor.mgz talsrcimg_to_711-2C_as_mni_average_305_t4_vox2vox.txt transforms/talairach.auto.xfm
avi2talxfm done
mv -f /out/sourcedata/freesurfer/sub-v2s15x29741_ses-1/mri/talsrcimg_to_711-2C_as_mni_average_305_t4_vox2vox.txt /out/sourcedata/freesurfer/sub-v2s15x29741_ses-1/mri/transforms/talsrcimg_to_711-2C_as_mni_average_305_t4_vox2vox.txt
lta_convert --src orig_nu.mgz --trg /opt/freesurfer/average/mni305.cor.mgz --inxfm transforms/talairach.auto.xfm --outlta transforms/talairach.auto.xfm.lta --subject fsaverage
7.3.2

--src: orig_nu.mgz src image (geometry).
--trg: /opt/freesurfer/average/mni305.cor.mgz trg image (geometry).
--inmni: transforms/talairach.auto.xfm input MNI/XFM transform.
--outlta: transforms/talairach.auto.xfm.lta output LTA.
--s: fsaverage subject name
 LTA read, type : 1
 1.02122  -0.04572  -0.11748  -3.15800;
-0.03201   1.14255  -0.10094  -7.36740;
 0.15393   0.14035   1.14207  -5.34639;
 0.00000   0.00000   0.00000   1.00000;
setting subject to fsaverage
Writing  LTA to file transforms/talairach.auto.xfm.lta...
lta_convert successful.
 
 
Started at Wed Mar 11 08:35:28 CET 2026
Ended   at Wed Mar 11 08:36:59 CET 2026
talairach_avi done
