/out/sourcedata/freesurfer/sub-v2s15x29754_ses-1/mri
/opt/freesurfer/bin/talairach_avi
--i orig_nu.mgz --xfm transforms/talairach.auto.xfm
talairach_avi 7.3.2
Linux dna006 5.14.0-427.37.1.el9_4.x86_64 #1 SMP PREEMPT_DYNAMIC Fri Sep 13 12:41:50 EDT 2024 x86_64 x86_64 x86_64 GNU/Linux
Wed Mar 11 09:07:15 CET 2026
mri_convert orig_nu.mgz talsrcimg.img 
reading from orig_nu.mgz...
TR=0.00, TE=0.00, TI=0.00, flip angle=0.00
i_ras = (-1, 0, 7.45058e-09)
j_ras = (0, 0, -1)
k_ras = (0, 1, 0)
writing to talsrcimg.img...
Analyze Output Matrix
-1.00000   0.00000   0.00000   143.57039;
 0.00000   0.00000   1.00000  -121.34671;
 0.00000  -1.00000   0.00000   139.62187;
 0.00000   0.00000   0.00000   1.00000;
--------------------
INFO: set hdr.hist.orient to -1
mpr2mni305 talsrcimg
Wed Mar 11 09:07:15 CET 2026
/opt/freesurfer/bin/mpr2mni305 talsrcimg
mpr2mni305 7.3.2
target=711-2C_as_mni_average_305

---------------------------------------------------------------------
analyzeto4dfp talsrcimg -O0 -y
---------------------------------------------------------------------

freesurfer ifh2hdr.c
Wed Mar 11 09:07:15 2026
Writing: talsrcimg.4dfp.hdr
freesurfer analyzeto4dfp.c
Reading: talsrcimg.hdr
header size 348 bytes
hdr.dime.datatype	offset=70	value=2
hdr.dime.bitpix		offset=72	value=8
hdr.hist.orient		offset=252	value=-1
dimensionality     4
dimensions       256       256       256         1
Reading: talsrcimg.img
Writing: talsrcimg.4dfp.img
Writing: talsrcimg.4dfp.ifh
ifh2hdr talsrcimg -r0to204
ori=2

---------------------------------------------------------------------
gauss_4dfp talsrcimg 1.1
---------------------------------------------------------------------

freesurfer gauss_4dfp.c
Reading: talsrcimg.4dfp.img
Writing: talsrcimg_g11.4dfp.img
image dimensions 256 256 256 padded to 288 288 288
processing volume 1freesurfer ifh2hdr.c
Wed Mar 11 09:07:17 2026
Writing: talsrcimg_g11.4dfp.hdr

Writing: talsrcimg_g11.4dfp.ifh
including: talsrcimg.4dfp.img.rec in talsrcimg_g11.4dfp.img.rec

---------------------------------------------------------------------
imgreg_4dfp /opt/freesurfer/average/711-2C_as_mni_average_305 none talsrcimg_g11 none talsrcimg_to_711-2C_as_mni_average_305_t4 4355
---------------------------------------------------------------------

freesurfer imgreg_4dfp.c
/opt/freesurfer/average/711-2C_as_mni_average_305.4dfp.img
       256       256       256         1
  1.000000  1.000000  1.000000
orientation T byte_order littleendian
Reading image: /opt/freesurfer/average/711-2C_as_mni_average_305.4dfp.img
dimensions:      256       256       256
mmppix:       1.0000   -1.0000   -1.0000
center:     128.0000 -129.0000 -129.0000
talsrcimg_g11.4dfp.img
       256       256       256         1
  1.000000  1.000000  1.000000
orientation T byte_order littleendian
Reading image: talsrcimg_g11.4dfp.img
dimensions:      256       256       256
mmppix:       1.0000   -1.0000   -1.0000
center:     128.0000 -129.0000 -129.0000
t4_read: open error in t4_sub.f l:  41 t4_file(1:l)talsrcimg_to_711-2C_as_mni_average_305_t4 
t4_read: transform initialized to I4
rotation matrix determinant  1.000000
image alignment mode   4355 decimal     1103 hex
   -7.5000  -45.0000  -45.0000 7749.6294   27.0074
    0.0000  -45.0000  -45.0000 8037.1406   26.9981
    7.5000  -45.0000  -45.0000 7668.5762   27.0124
   -7.5000  -37.5000  -45.0000 8226.7988   26.9532
    0.0000  -37.5000  -45.0000 8534.5791   26.9485
    7.5000  -37.5000  -45.0000 8122.5913   26.9861
   -7.5000  -30.0000  -45.0000 8930.4395   26.9319
    0.0000  -30.0000  -45.0000 9284.0186   26.9316
    7.5000  -30.0000  -45.0000 8818.5967   26.9843
   -7.5000  -22.5000  -45.0000 9625.6475   26.9593
    0.0000  -22.5000  -45.0000 9959.3057   26.9567
    7.5000  -22.5000  -45.0000 9466.6572   26.9977
   -7.5000  -15.0000  -45.000010179.3643   27.0035
    0.0000  -15.0000  -45.000010523.7217   26.9953
    7.5000  -15.0000  -45.000010008.6104   27.0103
   -7.5000   -7.5000  -45.000010681.2695   27.0142
    0.0000   -7.5000  -45.000011046.8350   27.0035
    7.5000   -7.5000  -45.000010519.4326   27.0075
   -7.5000    0.0000  -45.000011105.9053   26.9908
    0.0000    0.0000  -45.000011491.7100   26.9815
    7.5000    0.0000  -45.000010932.7012   26.9962
   -7.5000    7.5000  -45.000010801.7100   26.9527
    0.0000    7.5000  -45.000011180.8760   26.9481
    7.5000    7.5000  -45.000010607.1348   26.9857
   -7.5000   15.0000  -45.000010381.9248   26.9319
    0.0000   15.0000  -45.000010740.9209   26.9316
    7.5000   15.0000  -45.000010213.1240   26.9843
   -7.5000   22.5000  -45.0000 9765.9883   26.9556
    0.0000   22.5000  -45.000010068.6152   26.9530
    7.5000   22.5000  -45.0000 9553.1377   26.9940
   -7.5000   30.0000  -45.0000 8953.1133   26.6436
    0.0000   30.0000  -45.0000 9198.8281   26.6355
    7.5000   30.0000  -45.0000 8682.8525   26.6503
   -7.5000   37.5000  -45.0000 8403.0430   26.6542
    0.0000   37.5000  -45.0000 8640.7607   26.6437
    7.5000   37.5000  -45.0000 8160.0317   26.6476
   -7.5000   45.0000  -45.0000 7580.3340   25.9549
    0.0000   45.0000  -45.0000 7802.8892   25.9459
    7.5000   45.0000  -45.0000 7356.2417   25.9601
   -7.5000  -45.0000  -37.5000 8380.8086   26.8506
    0.0000  -45.0000  -37.5000 8671.7705   26.8495
    7.5000  -45.0000  -37.5000 8240.8838   26.8903
   -7.5000  -37.5000  -37.5000 8882.8496   26.8063
    0.0000  -37.5000  -37.5000 9198.1162   26.8037
    7.5000  -37.5000  -37.5000 8734.7578   26.8674
   -7.5000  -30.0000  -37.5000 9625.1865   26.7896
    0.0000  -30.0000  -37.5000 9983.0068   26.7887
    7.5000  -30.0000  -37.5000 9480.5762   26.8689
   -7.5000  -22.5000  -37.500010317.1211   26.8123
    0.0000  -22.5000  -37.500010668.7549   26.8135
    7.5000  -22.5000  -37.500010143.9336   26.8834
   -7.5000  -15.0000  -37.500010892.1152   26.8438
    0.0000  -15.0000  -37.500011277.9863   26.8464
    7.5000  -15.0000  -37.500010715.2764   26.8923
   -7.5000   -7.5000  -37.500011414.9707   26.8494
    0.0000   -7.5000  -37.500011794.5068   26.8515
    7.5000   -7.5000  -37.500011202.1641   26.8852
   -7.5000    0.0000  -37.500011853.0371   26.8343
    0.0000    0.0000  -37.500012223.3369   26.8331
    7.5000    0.0000  -37.500011593.1250   26.8744
   -7.5000    7.5000  -37.500011507.3574   26.8058
    0.0000    7.5000  -37.500011875.4443   26.8032
    7.5000    7.5000  -37.500011244.9863   26.8670
   -7.5000   15.0000  -37.500011067.3594   26.7896
    0.0000   15.0000  -37.500011377.4580   26.7887
    7.5000   15.0000  -37.500010802.4082   26.8689
   -7.5000   22.5000  -37.500010349.3438   26.8086
    0.0000   22.5000  -37.500010619.2031   26.8099
    7.5000   22.5000  -37.500010056.1025   26.8797
   -7.5000   30.0000  -37.5000 9452.2471   26.4860
    0.0000   30.0000  -37.5000 9680.6787   26.4886
    7.5000   30.0000  -37.5000 9155.5088   26.5339
   -7.5000   37.5000  -37.5000 8873.0986   26.4916
    0.0000   37.5000  -37.5000 9090.0752   26.4936
    7.5000   37.5000  -37.5000 8588.4102   26.5270
   -7.5000   45.0000  -37.5000 7970.4180   25.8044
    0.0000   45.0000  -37.5000 8186.5410   25.8033
    7.5000   45.0000  -37.5000 7734.2388   25.8429
   -7.5000  -45.0000  -30.0000 9127.2646   27.8941
    0.0000  -45.0000  -30.0000 9431.2041   27.8878
    7.5000  -45.0000  -30.0000 8942.8984   27.9366
   -7.5000  -37.5000  -30.0000 9667.7188   27.8731
    0.0000  -37.5000  -30.0000 9985.1162   27.8634
    7.5000  -37.5000  -30.0000 9470.5957   27.9303
   -7.5000  -30.0000  -30.000010469.9941   27.8732
    0.0000  -30.0000  -30.000010837.1543   27.8637
    7.5000  -30.0000  -30.000010269.1123   27.9451
   -7.5000  -22.5000  -30.000011187.8818   27.8863
    0.0000  -22.5000  -30.000011560.2031   27.8794
    7.5000  -22.5000  -30.000010946.5869   27.9564
   -7.5000  -15.0000  -30.000011801.0498   27.8905
    0.0000  -15.0000  -30.000012196.0459   27.8868
    7.5000  -15.0000  -30.000011538.3545   27.9464
   -7.5000   -7.5000  -30.000012352.2256   27.8822
    0.0000   -7.5000  -30.000012737.9219   27.8792
    7.5000   -7.5000  -30.000012062.3975   27.9257
   -7.5000    0.0000  -30.000012829.6572   27.8774
    0.0000    0.0000  -30.000013212.8389   27.8711
    7.5000    0.0000  -30.000012481.6172   27.9203
   -7.5000    7.5000  -30.000012443.9023   27.8726
    0.0000    7.5000  -30.000012797.5205   27.8629
    7.5000    7.5000  -30.000012074.3408   27.9299
   -7.5000   15.0000  -30.000011950.0703   27.8732
    0.0000   15.0000  -30.000012240.3428   27.8637
    7.5000   15.0000  -30.000011565.2129   27.9451
   -7.5000   22.5000  -30.000011095.0771   27.8796
    0.0000   22.5000  -30.000011367.6973   27.8727
    7.5000   22.5000  -30.000010755.5127   27.9496
   -7.5000   30.0000  -30.000010081.4883   27.5214
    0.0000   30.0000  -30.000010317.8223   27.5178
    7.5000   30.0000  -30.0000 9761.8691   27.5766
   -7.5000   37.5000  -30.0000 9460.8789   27.5132
    0.0000   37.5000  -30.0000 9685.0635   27.5103
    7.5000   37.5000  -30.0000 9145.9023   27.5562
   -7.5000   45.0000  -30.0000 8488.1309   26.8271
    0.0000   45.0000  -30.0000 8694.9023   26.8211
    7.5000   45.0000  -30.0000 8243.8506   26.8684
   -7.5000  -45.0000  -22.5000 9871.5840   28.8732
    0.0000  -45.0000  -22.500010206.2295   28.8509
    7.5000  -45.0000  -22.5000 9691.3057   28.8762
   -7.5000  -37.5000  -22.500010433.1494   28.8673
    0.0000  -37.5000  -22.500010801.6250   28.8472
    7.5000  -37.5000  -22.500010222.8340   28.8848
   -7.5000  -30.0000  -22.500011300.9775   28.8793
    0.0000  -30.0000  -22.500011706.8330   28.8613
    7.5000  -30.0000  -22.500011047.3525   28.9091
   -7.5000  -22.5000  -22.500012051.2881   28.8852
    0.0000  -22.5000  -22.500012467.7695   28.8662
    7.5000  -22.5000  -22.500011741.5117   28.9138
   -7.5000  -15.0000  -22.500012683.4902   28.8730
    0.0000  -15.0000  -22.500013083.3496   28.8505
    7.5000  -15.0000  -22.500012346.3721   28.8869
   -7.5000   -7.5000  -22.500013295.7529   28.8561
    0.0000   -7.5000  -22.500013700.6973   28.8325
    7.5000   -7.5000  -22.500012914.6064   28.8572
   -7.5000    0.0000  -22.500013848.9990   28.8559
    0.0000    0.0000  -22.500014267.8320   28.8337
    7.5000    0.0000  -22.500013391.9365   28.8594
   -7.5000    7.5000  -22.500013425.0723   28.8668
    0.0000    7.5000  -22.500013813.6328   28.8468
    7.5000    7.5000  -22.500012936.5723   28.8844
   -7.5000   15.0000  -22.500012837.8076   28.8793
    0.0000   15.0000  -22.500013148.3809   28.8613
    7.5000   15.0000  -22.500012332.4150   28.9091
   -7.5000   22.5000  -22.500011904.5469   28.8763
    0.0000   22.5000  -22.500012181.2656   28.8573
    7.5000   22.5000  -22.500011446.1455   28.9049
   -7.5000   30.0000  -22.500010793.7266   28.4953
    0.0000   30.0000  -22.500011023.1924   28.4732
    7.5000   30.0000  -22.500010359.7139   28.5090
   -7.5000   37.5000  -22.500010088.3623   28.4786
    0.0000   37.5000  -22.500010325.9131   28.4554
    7.5000   37.5000  -22.5000 9715.8145   28.4797
   -7.5000   45.0000  -22.5000 9030.9521   27.7897
    0.0000   45.0000  -22.5000 9244.0742   27.7682
    7.5000   45.0000  -22.5000 8727.2305   27.7930
   -7.5000  -45.0000  -15.000010617.6514   29.6251
    0.0000  -45.0000  -15.000010980.3984   29.5905
    7.5000  -45.0000  -15.000010399.0762   29.5840
   -7.5000  -37.5000  -15.000011181.0059   29.6098
    0.0000  -37.5000  -15.000011565.7305   29.5851
    7.5000  -37.5000  -15.000010944.5098   29.5921
   -7.5000  -30.0000  -15.000012079.1143   29.6153
    0.0000  -30.0000  -15.000012499.1006   29.5962
    7.5000  -30.0000  -15.000011806.5010   29.6128
   -7.5000  -22.5000  -15.000012876.7646   29.6232
    0.0000  -22.5000  -15.000013283.3818   29.5981
    7.5000  -22.5000  -15.000012520.2607   29.6131
   -7.5000  -15.0000  -15.000013587.8311   29.6227
    0.0000  -15.0000  -15.000013982.6650   29.5856
    7.5000  -15.0000  -15.000013157.6680   29.5867
   -7.5000   -7.5000  -15.000014231.3467   29.6126
    0.0000   -7.5000  -15.000014631.5430   29.5715
    7.5000   -7.5000  -15.000013747.6689   29.5613
   -7.5000    0.0000  -15.000014809.0273   29.6073
    0.0000    0.0000  -15.000015234.1094   29.5727
    7.5000    0.0000  -15.000014266.9238   29.5667
   -7.5000    7.5000  -15.000014337.8818   29.6094
    0.0000    7.5000  -15.000014738.6553   29.5848
    7.5000    7.5000  -15.000013769.7031   29.5918
   -7.5000   15.0000  -15.000013632.4141   29.6153
    0.0000   15.0000  -15.000013969.6250   29.5962
    7.5000   15.0000  -15.000013041.4072   29.6128
   -7.5000   22.5000  -15.000012656.7432   29.6128
    0.0000   22.5000  -15.000012956.2139   29.5877
    7.5000   22.5000  -15.000012098.3818   29.6026
   -7.5000   30.0000  -15.000011454.3809   29.2393
    0.0000   30.0000  -15.000011679.6777   29.2028
    7.5000   30.0000  -15.000010953.2715   29.2038
   -7.5000   37.5000  -15.000010663.6143   29.2293
    0.0000   37.5000  -15.000010903.6387   29.1888
    7.5000   37.5000  -15.000010242.2910   29.1788
   -7.5000   45.0000  -15.0000 9514.5186   28.5305
    0.0000   45.0000  -15.0000 9748.8623   28.4971
    7.5000   45.0000  -15.0000 9170.8086   28.4914
   -7.5000  -45.0000   -7.500011387.6543   29.9986
    0.0000  -45.0000   -7.500011804.0361   29.9710
    7.5000  -45.0000   -7.500011153.9424   29.9603
   -7.5000  -37.5000   -7.500011917.5303   29.9560
    0.0000  -37.5000   -7.500012372.8584   29.9391
    7.5000  -37.5000   -7.500011702.5234   29.9489
   -7.5000  -30.0000   -7.500012901.8125   29.9442
    0.0000  -30.0000   -7.500013372.0752   29.9338
    7.5000  -30.0000   -7.500012578.1543   29.9568
   -7.5000  -22.5000   -7.500013743.5557   29.9649
    0.0000  -22.5000   -7.500014181.6523   29.9479
    7.5000  -22.5000   -7.500013329.3711   29.9631
   -7.5000  -15.0000   -7.500014465.0107   29.9957
    0.0000  -15.0000   -7.500014935.1260   29.9658
    7.5000  -15.0000   -7.500014021.8145   29.9580
   -7.5000   -7.5000   -7.500015169.7461   29.9999
    0.0000   -7.5000   -7.500015633.8389   29.9656
    7.5000   -7.5000   -7.500014656.5996   29.9458
   -7.5000    0.0000   -7.500015762.5488   29.9805
    0.0000    0.0000   -7.500016236.6094   29.9528
    7.5000    0.0000   -7.500015162.8633   29.9426
   -7.5000    7.5000   -7.500015210.1523   29.9556
    0.0000    7.5000   -7.500015640.7559   29.9387
    7.5000    7.5000   -7.500014604.1865   29.9486
   -7.5000   15.0000   -7.500014376.7754   29.9442
    0.0000   15.0000   -7.500014757.5488   29.9338
    7.5000   15.0000   -7.500013763.0869   29.9568
   -7.5000   22.5000   -7.500013369.4209   29.9511
    0.0000   22.5000   -7.500013697.6182   29.9341
    7.5000   22.5000   -7.500012799.5342   29.9493
   -7.5000   30.0000   -7.500012127.6270   29.6068
    0.0000   30.0000   -7.500012354.1230   29.5772
    7.5000   30.0000   -7.500011569.8359   29.5695
   -7.5000   37.5000   -7.500011243.1133   29.6109
    0.0000   37.5000   -7.500011479.1152   29.5770
    7.5000   37.5000   -7.500010767.0996   29.5574
   -7.5000   45.0000   -7.5000 9983.1523   28.8955
    0.0000   45.0000   -7.500010214.0742   28.8689
    7.5000   45.0000   -7.5000 9619.4277   28.8590
   -7.5000  -45.0000    0.000012080.5527   30.0361
    0.0000  -45.0000    0.000012548.6943   30.0261
    7.5000  -45.0000    0.000011851.9668   30.0413
   -7.5000  -37.5000    0.000012735.3447   29.9760
    0.0000  -37.5000    0.000013238.2646   29.9709
    7.5000  -37.5000    0.000012451.3057   30.0119
   -7.5000  -30.0000    0.000013705.9570   29.9525
    0.0000  -30.0000    0.000014209.8975   29.9523
    7.5000  -30.0000    0.000013342.0371   30.0100
   -7.5000  -22.5000    0.000014376.3896   29.9830
    0.0000  -22.5000    0.000014933.4316   29.9804
    7.5000  -22.5000    0.000014133.4092   30.0251
   -7.5000  -15.0000    0.000015132.4014   30.0321
    0.0000  -15.0000    0.000015717.5869   30.0233
    7.5000  -15.0000    0.000014876.5928   30.0393
   -7.5000   -7.5000    0.000015950.6621   30.0439
    0.0000   -7.5000    0.000016543.5996   30.0324
    7.5000   -7.5000    0.000015546.3506   30.0362
   -7.5000    0.0000    0.000016565.7598   30.0178
    0.0000    0.0000    0.000017152.9863   30.0077
    7.5000    0.0000    0.000016070.8418   30.0234
   -7.5000    7.5000    0.000015920.1572   29.9755
    0.0000    7.5000    0.000016438.0762   29.9704
    7.5000    7.5000    0.000015428.8203   30.0115
   -7.5000   15.0000    0.000014991.4453   29.9525
    0.0000   15.0000    0.000015428.9824   29.9523
    7.5000   15.0000    0.000014476.7891   30.0100
   -7.5000   22.5000    0.000013915.0762   29.9692
    0.0000   22.5000    0.000014298.3496   29.9666
    7.5000   22.5000    0.000013400.5625   30.0113
   -7.5000   30.0000    0.000012661.1152   29.6434
    0.0000   30.0000    0.000012944.7559   29.6348
    7.5000   30.0000    0.000012164.2656   29.6505
   -7.5000   37.5000    0.000011734.0781   29.6551
    0.0000   37.5000    0.000012003.6953   29.6437
    7.5000   37.5000    0.000011300.0928   29.6475
   -7.5000   45.0000    0.000010384.1133   28.9337
    0.0000   45.0000    0.000010627.6250   28.9240
    7.5000   45.0000    0.000010084.5674   28.9391
   -7.5000  -45.0000    7.500011804.6963   29.9848
    0.0000  -45.0000    7.500012284.4902   29.9838
    7.5000  -45.0000    7.500011609.7979   30.0293
   -7.5000  -37.5000    7.500012373.8320   29.9355
    0.0000  -37.5000    7.500012896.7324   29.9328
    7.5000  -37.5000    7.500012174.0469   30.0038
   -7.5000  -30.0000    7.500013104.4424   29.9169
    0.0000  -30.0000    7.500013705.3662   29.9162
    7.5000  -30.0000    7.500013049.2139   30.0056
   -7.5000  -22.5000    7.500013579.9287   29.9423
    0.0000  -22.5000    7.500014248.1387   29.9439
    7.5000  -22.5000    7.500013765.9883   30.0217
   -7.5000  -15.0000    7.500014346.9609   29.9773
    0.0000  -15.0000    7.500015033.6387   29.9805
    7.5000  -15.0000    7.500014472.8262   30.0316
   -7.5000   -7.5000    7.500015244.1807   29.9834
    0.0000   -7.5000    7.500015913.8447   29.9861
    7.5000   -7.5000    7.500015177.4102   30.0237
   -7.5000    0.0000    7.500015916.1592   29.9667
    0.0000    0.0000    7.500016578.6797   29.9656
    7.5000    0.0000    7.500015752.5117   30.0115
   -7.5000    7.5000    7.500015333.6836   29.9349
    0.0000    7.5000    7.500015926.9365   29.9323
    7.5000    7.5000    7.500015081.2900   30.0033
   -7.5000   15.0000    7.500014458.0967   29.9169
    0.0000   15.0000    7.500014984.2275   29.9162
    7.5000   15.0000    7.500014141.6064   30.0056
   -7.5000   22.5000    7.500013451.5156   29.9285
    0.0000   22.5000    7.500013892.7178   29.9301
    7.5000   22.5000    7.500013087.5293   30.0079
   -7.5000   30.0000    7.500012260.3633   29.5893
    0.0000   30.0000    7.500012583.3516   29.5925
    7.5000   30.0000    7.500011883.1523   29.6429
   -7.5000   37.5000    7.500011388.1641   29.5954
    0.0000   37.5000    7.500011663.7539   29.5980
    7.5000   37.5000    7.500011034.6660   29.6351
   -7.5000   45.0000    7.500010051.6299   28.8844
    0.0000   45.0000    7.500010301.8086   28.8834
    7.5000   45.0000    7.5000 9789.4707   28.9277
   -7.5000  -45.0000   15.000011405.5117   29.9489
    0.0000  -45.0000   15.000011851.4121   29.9424
    7.5000  -45.0000   15.000011199.3057   29.9947
   -7.5000  -37.5000   15.000011907.4590   29.9264
    0.0000  -37.5000   15.000012408.2861   29.9161
    7.5000  -37.5000   15.000011713.6719   29.9879
   -7.5000  -30.0000   15.000012659.5332   29.9264
    0.0000  -30.0000   15.000013201.6992   29.9163
    7.5000  -30.0000   15.000012615.1582   30.0037
   -7.5000  -22.5000   15.000013085.1719   29.9403
    0.0000  -22.5000   15.000013707.8818   29.9331
    7.5000  -22.5000   15.000013380.2041   30.0156
   -7.5000  -15.0000   15.000013702.2979   29.9448
    0.0000  -15.0000   15.000014375.1875   29.9410
    7.5000  -15.0000   15.000014022.7158   30.0049
   -7.5000   -7.5000   15.000014509.1162   29.9361
    0.0000   -7.5000   15.000015229.2686   29.9330
    7.5000   -7.5000   15.000014699.9678   29.9829
   -7.5000    0.0000   15.000015248.1562   29.9310
    0.0000    0.0000   15.000015926.0771   29.9244
    7.5000    0.0000   15.000015263.9229   29.9772
   -7.5000    7.5000   15.000014778.6768   29.9259
    0.0000    7.5000   15.000015361.8604   29.9156
    7.5000    7.5000   15.000014595.5352   29.9874
   -7.5000   15.0000   15.000013970.1895   29.9264
    0.0000   15.0000   15.000014478.7109   29.9163
    7.5000   15.0000   15.000013662.5352   30.0037
   -7.5000   22.5000   15.000012981.5273   29.9265
    0.0000   22.5000   15.000013412.2402   29.9193
    7.5000   22.5000   15.000012611.0410   30.0018
   -7.5000   30.0000   15.000011796.1953   29.5573
    0.0000   30.0000   15.000012147.5762   29.5535
    7.5000   30.0000   15.000011444.8711   29.6166
   -7.5000   37.5000   15.000010979.9844   29.5486
    0.0000   37.5000   15.000011283.4746   29.5456
    7.5000   37.5000   15.000010662.1357   29.5948
   -7.5000   45.0000   15.0000 9686.1787   28.8500
    0.0000   45.0000   15.0000 9960.1729   28.8437
    7.5000   45.0000   15.0000 9464.9922   28.8946
   -7.5000  -45.0000   22.500010894.5498   29.9863
    0.0000  -45.0000   22.500011326.1533   29.9634
    7.5000  -45.0000   22.500010700.1426   29.9895
   -7.5000  -37.5000   22.500011392.2500   29.9804
    0.0000  -37.5000   22.500011886.5332   29.9597
    7.5000  -37.5000   22.500011214.8184   29.9987
   -7.5000  -30.0000   22.500012212.8252   29.9929
    0.0000  -30.0000   22.500012743.6182   29.9745
    7.5000  -30.0000   22.500012068.1172   30.0241
   -7.5000  -22.5000   22.500012826.2471   29.9989
    0.0000  -22.5000   22.500013410.5977   29.9794
    7.5000  -22.5000   22.500012813.5674   30.0288
   -7.5000  -15.0000   22.500013444.1689   29.9860
    0.0000  -15.0000   22.500014034.2676   29.9629
    7.5000  -15.0000   22.500013466.7100   30.0005
   -7.5000   -7.5000   22.500014104.1982   29.9683
    0.0000   -7.5000   22.500014685.9531   29.9441
    7.5000   -7.5000   22.500014066.0938   29.9697
   -7.5000    0.0000   22.500014765.0225   29.9684
    0.0000    0.0000   22.500015322.3750   29.9454
    7.5000    0.0000   22.500014585.7354   29.9721
   -7.5000    7.5000   22.500014246.3867   29.9799
    0.0000    7.5000   22.500014729.9951   29.9593
    7.5000    7.5000   22.500013990.1758   29.9984
   -7.5000   15.0000   22.500013427.6260   29.9929
    0.0000   15.0000   22.500013865.1738   29.9745
    7.5000   15.0000   22.500013143.3086   30.0241
   -7.5000   22.5000   22.500012400.6777   29.9851
    0.0000   22.5000   22.500012786.2539   29.9656
    7.5000   22.5000   22.500012106.9678   30.0149
   -7.5000   30.0000   22.500011162.0127   29.5979
    0.0000   30.0000   22.500011531.3809   29.5751
    7.5000   30.0000   22.500010942.5498   29.6123
   -7.5000   37.5000   22.500010366.3184   29.5805
    0.0000   37.5000   22.500010715.0078   29.5565
    7.5000   37.5000   22.500010153.4590   29.5818
   -7.5000   45.0000   22.5000 9151.0820   28.8861
    0.0000   45.0000   22.5000 9454.0176   28.8639
    7.5000   45.0000   22.5000 9004.3672   28.8896
   -7.5000  -45.0000   30.000010237.0557   30.1095
    0.0000  -45.0000   30.000010593.5938   30.0746
    7.5000  -45.0000   30.000010022.8721   30.0680
   -7.5000  -37.5000   30.000010729.6543   30.0940
    0.0000  -37.5000   30.000011109.8086   30.0693
    7.5000  -37.5000   30.000010472.1963   30.0764
   -7.5000  -30.0000   30.000011581.4658   30.0996
    0.0000  -30.0000   30.000011974.7393   30.0807
    7.5000  -30.0000   30.000011261.2520   30.0975
   -7.5000  -22.5000   30.000012308.9111   30.1078
    0.0000  -22.5000   30.000012717.7871   30.0827
    7.5000  -22.5000   30.000011983.6855   30.0977
   -7.5000  -15.0000   30.000012948.0244   30.1072
    0.0000  -15.0000   30.000013357.1572   30.0698
    7.5000  -15.0000   30.000012606.7852   30.0707
   -7.5000   -7.5000   30.000013518.6934   30.0968
    0.0000   -7.5000   30.000013977.4746   30.0553
    7.5000   -7.5000   30.000013172.8145   30.0448
   -7.5000    0.0000   30.000013985.1572   30.0914
    0.0000    0.0000   30.000014490.3340   30.0565
    7.5000    0.0000   30.000013658.2656   30.0503
   -7.5000    7.5000   30.000013373.8438   30.0936
    0.0000    7.5000   30.000013867.8311   30.0690
    7.5000    7.5000   30.000013104.2432   30.0761
   -7.5000   15.0000   30.000012545.2715   30.0996
    0.0000   15.0000   30.000013009.3467   30.0807
    7.5000   15.0000   30.000012326.1836   30.0975
   -7.5000   22.5000   30.000011567.4414   30.0939
    0.0000   22.5000   30.000011982.3682   30.0688
    7.5000   22.5000   30.000011362.3672   30.0838
   -7.5000   30.0000   30.000010428.2812   29.7175
    0.0000   30.0000   30.000010796.0918   29.6806
    7.5000   30.0000   30.000010278.6133   29.6815
   -7.5000   37.5000   30.0000 9711.5898   29.7073
    0.0000   37.5000   30.000010043.8672   29.6664
    7.5000   37.5000   30.0000 9550.7324   29.6560
   -7.5000   45.0000   30.0000 8603.9834   29.0046
    0.0000   45.0000   30.0000 8901.2900   28.9710
    7.5000   45.0000   30.0000 8460.5537   28.9651
   -7.5000  -45.0000   37.5000 9920.7129   30.2640
    0.0000  -45.0000   37.500010242.3936   30.2368
    7.5000  -45.0000   37.5000 9668.9365   30.2256
   -7.5000  -37.5000   37.500010351.4990   30.2208
    0.0000  -37.5000   37.500010696.0566   30.2045
    7.5000  -37.5000   37.500010126.7549   30.2141
   -7.5000  -30.0000   37.500011150.3164   30.2087
    0.0000  -30.0000   37.500011512.9893   30.1990
    7.5000  -30.0000   37.500010919.4570   30.2222
   -7.5000  -22.5000   37.500011831.5566   30.2297
    0.0000  -22.5000   37.500012246.9580   30.2133
    7.5000  -22.5000   37.500011599.8623   30.2285
   -7.5000  -15.0000   37.500012429.0879   30.2610
    0.0000  -15.0000   37.500012877.8984   30.2313
    7.5000  -15.0000   37.500012197.4980   30.2232
   -7.5000   -7.5000   37.500012957.6338   30.2653
    0.0000   -7.5000   37.500013449.1387   30.2312
    7.5000   -7.5000   37.500012727.4375   30.2108
   -7.5000    0.0000   37.500013459.7822   30.2456
    0.0000    0.0000   37.500013972.4473   30.2183
    7.5000    0.0000   37.500013216.6387   30.2077
   -7.5000    7.5000   37.500012915.7998   30.2203
    0.0000    7.5000   37.500013394.2402   30.2040
    7.5000    7.5000   37.500012679.9990   30.2138
   -7.5000   15.0000   37.500012142.6719   30.2087
    0.0000   15.0000   37.500012583.1084   30.1990
    7.5000   15.0000   37.500011864.1787   30.2222
   -7.5000   22.5000   37.500011212.0264   30.2157
    0.0000   22.5000   37.500011610.1660   30.1994
    7.5000   22.5000   37.500010928.1748   30.2146
   -7.5000   30.0000   37.500010166.5000   29.8694
    0.0000   30.0000   37.500010517.0352   29.8401
    7.5000   30.0000   37.5000 9937.3193   29.8321
   -7.5000   37.5000   37.5000 9422.5361   29.8736
    0.0000   37.5000   37.5000 9759.3965   29.8400
    7.5000   37.5000   37.5000 9247.4121   29.8198
   -7.5000   45.0000   37.5000 8329.6396   29.1533
    0.0000   45.0000   37.5000 8636.6797   29.1270
    7.5000   45.0000   37.5000 8211.0547   29.1167
   -7.5000  -45.0000   45.0000 9010.8896   30.2537
    0.0000  -45.0000   45.0000 9309.9951   30.2442
    7.5000  -45.0000   45.0000 8821.9980   30.2592
   -7.5000  -37.5000   45.0000 9379.9766   30.1923
    0.0000  -37.5000   45.0000 9723.4404   30.1881
    7.5000  -37.5000   45.0000 9257.1797   30.2295
   -7.5000  -30.0000   45.000010084.9775   30.1684
    0.0000  -30.0000   45.000010463.9062   30.1691
    7.5000  -30.0000   45.0000 9983.0215   30.2277
   -7.5000  -22.5000   45.000010708.7402   30.1995
    0.0000  -22.5000   45.000011124.3506   30.1976
    7.5000  -22.5000   45.000010593.6162   30.2428
   -7.5000  -15.0000   45.000011276.2646   30.2496
    0.0000  -15.0000   45.000011706.4209   30.2413
    7.5000  -15.0000   45.000011137.6377   30.2570
   -7.5000   -7.5000   45.000011796.1699   30.2617
    0.0000   -7.5000   45.000012243.8037   30.2506
    7.5000   -7.5000   45.000011661.1973   30.2539
   -7.5000    0.0000   45.000012260.9912   30.2350
    0.0000    0.0000   45.000012745.6543   30.2254
    7.5000    0.0000   45.000012149.8545   30.2410
   -7.5000    7.5000   45.000011799.7236   30.1918
    0.0000    7.5000   45.000012265.4492   30.1876
    7.5000    7.5000   45.000011670.3672   30.2291
   -7.5000   15.0000   45.000011100.4629   30.1684
    0.0000   15.0000   45.000011535.5107   30.1691
    7.5000   15.0000   45.000010932.2305   30.2277
   -7.5000   22.5000   45.000010239.5957   30.1855
    0.0000   22.5000   45.000010638.2275   30.1836
    7.5000   22.5000   45.000010050.1855   30.2288
   -7.5000   30.0000   45.0000 9308.9961   29.8555
    0.0000   30.0000   45.0000 9657.9365   29.8473
    7.5000   30.0000   45.0000 9133.8955   29.8628
   -7.5000   37.5000   45.0000 8657.6963   29.8675
    0.0000   37.5000   45.0000 8985.0010   29.8565
    7.5000   37.5000   45.0000 8517.0771   29.8597
   -7.5000   45.0000   45.0000 7679.8462   29.1563
    0.0000   45.0000   45.0000 7958.3828   29.1470
    7.5000   45.0000   45.0000 7548.4282   29.1620

---------------------------------------------------------------------
imgreg_4dfp /opt/freesurfer/average/711-2C_as_mni_average_305 /opt/freesurfer/average/711-2B_as_mni_average_305_mask talsrcimg_g11 none talsrcimg_to_711-2C_as_mni_average_305_t4 4355
---------------------------------------------------------------------

freesurfer imgreg_4dfp.c
/opt/freesurfer/average/711-2C_as_mni_average_305.4dfp.img
       256       256       256         1
  1.000000  1.000000  1.000000
orientation T byte_order littleendian
Reading image: /opt/freesurfer/average/711-2C_as_mni_average_305.4dfp.img
dimensions:      256       256       256
mmppix:       1.0000   -1.0000   -1.0000
center:     128.0000 -129.0000 -129.0000
/opt/freesurfer/average/711-2B_as_mni_average_305_mask.4dfp.img
       256       256       256         1
  1.000000  1.000000  1.000000
orientation T byte_order littleendian
Reading mask: /opt/freesurfer/average/711-2B_as_mni_average_305_mask.4dfp.img (2306576 pixels)
talsrcimg_g11.4dfp.img
       256       256       256         1
  1.000000  1.000000  1.000000
orientation T byte_order littleendian
Reading image: talsrcimg_g11.4dfp.img
dimensions:      256       256       256
mmppix:       1.0000   -1.0000   -1.0000
center:     128.0000 -129.0000 -129.0000
rotation matrix determinant  1.000000
image alignment mode   4355 decimal     1103 hex
   -7.5000  -45.0000  -45.0000 1962.7731   31.1035
    0.0000  -45.0000  -45.0000 1967.2719   30.7494
    7.5000  -45.0000  -45.0000 1951.2004   31.0496
   -7.5000  -37.5000  -45.0000 2044.9906   28.8651
    0.0000  -37.5000  -45.0000 2048.0864   28.5745
    7.5000  -37.5000  -45.0000 2028.0504   28.8488
   -7.5000  -30.0000  -45.0000 2098.2839   27.2559
    0.0000  -30.0000  -45.0000 2103.3262   26.9913
    7.5000  -30.0000  -45.0000 2085.3574   27.2394
   -7.5000  -22.5000  -45.0000 2139.9866   26.1604
    0.0000  -22.5000  -45.0000 2139.5654   25.9018
    7.5000  -22.5000  -45.0000 2118.1218   26.1065
   -7.5000  -15.0000  -45.0000 2150.9451   25.4704
    0.0000  -15.0000  -45.0000 2148.0049   25.1824
    7.5000  -15.0000  -45.0000 2138.1301   25.4277
   -7.5000   -7.5000  -45.0000 2148.4832   25.3432
    0.0000   -7.5000  -45.0000 2148.6384   25.0537
    7.5000   -7.5000  -45.0000 2134.5386   25.3634
   -7.5000    0.0000  -45.0000 2115.5127   25.8435
    0.0000    0.0000  -45.0000 2119.8965   25.5528
    7.5000    0.0000  -45.0000 2108.7080   25.9530
   -7.5000    7.5000  -45.0000 2076.2512   26.9147
    0.0000    7.5000  -45.0000 2081.5244   26.6900
    7.5000    7.5000  -45.0000 2064.4006   27.1103
   -7.5000   15.0000  -45.0000 2012.5092   28.6456
    0.0000   15.0000  -45.0000 2022.6732   28.3818
    7.5000   15.0000  -45.0000 2007.2111   28.8736
   -7.5000   22.5000  -45.0000 1941.8217   31.4015
    0.0000   22.5000  -45.0000 1950.1600   31.1736
    7.5000   22.5000  -45.0000 1932.1600   31.6140
   -7.5000   30.0000  -45.0000 1853.0062   35.3164
    0.0000   30.0000  -45.0000 1860.5262   35.0810
    7.5000   30.0000  -45.0000 1832.4746   35.4503
   -7.5000   37.5000  -45.0000 1739.7847   40.3286
    0.0000   37.5000  -45.0000 1746.5442   40.1519
    7.5000   37.5000  -45.0000 1720.3007   40.3691
   -7.5000   45.0000  -45.0000 1632.4825   46.9742
    0.0000   45.0000  -45.0000 1630.7881   46.7824
    7.5000   45.0000  -45.0000 1604.0642   47.0688
   -7.5000  -45.0000  -37.5000 2058.8660   28.2656
    0.0000  -45.0000  -37.5000 2062.4478   27.9225
    7.5000  -45.0000  -37.5000 2046.4281   28.2175
   -7.5000  -37.5000  -37.5000 2142.5652   26.2968
    0.0000  -37.5000  -37.5000 2146.0691   26.0115
    7.5000  -37.5000  -37.5000 2128.1665   26.2313
   -7.5000  -30.0000  -37.5000 2196.4214   24.8063
    0.0000  -30.0000  -37.5000 2201.6345   24.5431
    7.5000  -30.0000  -37.5000 2190.5403   24.7595
   -7.5000  -22.5000  -37.5000 2235.6506   23.7310
    0.0000  -22.5000  -37.5000 2236.5071   23.4942
    7.5000  -22.5000  -37.5000 2231.9065   23.7935
   -7.5000  -15.0000  -37.5000 2251.7705   23.1572
    0.0000  -15.0000  -37.5000 2259.0911   22.9383
    7.5000  -15.0000  -37.5000 2251.5012   23.2211
   -7.5000   -7.5000  -37.5000 2250.2017   23.2098
    0.0000   -7.5000  -37.5000 2253.5129   22.9790
    7.5000   -7.5000  -37.5000 2243.4751   23.3051
   -7.5000    0.0000  -37.5000 2220.7615   23.6872
    0.0000    0.0000  -37.5000 2221.6318   23.4737
    7.5000    0.0000  -37.5000 2205.8384   23.8167
   -7.5000    7.5000  -37.5000 2175.1260   24.7490
    0.0000    7.5000  -37.5000 2181.0828   24.4865
    7.5000    7.5000  -37.5000 2163.3997   24.8694
   -7.5000   15.0000  -37.5000 2111.2849   26.2822
    0.0000   15.0000  -37.5000 2117.4897   26.0518
    7.5000   15.0000  -37.5000 2104.2974   26.4965
   -7.5000   22.5000  -37.5000 2033.0765   28.6824
    0.0000   22.5000  -37.5000 2039.2708   28.4658
    7.5000   22.5000  -37.5000 2020.2289   28.9546
   -7.5000   30.0000  -37.5000 1933.9905   32.1322
    0.0000   30.0000  -37.5000 1941.0555   31.8976
    7.5000   30.0000  -37.5000 1919.2397   32.3935
   -7.5000   37.5000  -37.5000 1822.3605   36.6260
    0.0000   37.5000  -37.5000 1825.8986   36.4010
    7.5000   37.5000  -37.5000 1798.9288   36.8194
   -7.5000   45.0000  -37.5000 1698.8145   42.6401
    0.0000   45.0000  -37.5000 1700.0630   42.3882
    7.5000   45.0000  -37.5000 1673.1879   42.7360
   -7.5000  -45.0000  -30.0000 2182.7019   26.6094
    0.0000  -45.0000  -30.0000 2186.6213   26.3546
    7.5000  -45.0000  -30.0000 2170.6682   26.6815
   -7.5000  -37.5000  -30.0000 2278.9297   24.8327
    0.0000  -37.5000  -30.0000 2282.7444   24.5581
    7.5000  -37.5000  -30.0000 2261.2480   24.8224
   -7.5000  -30.0000  -30.0000 2340.9004   23.4259
    0.0000  -30.0000  -30.0000 2342.6770   23.2176
    7.5000  -30.0000  -30.0000 2329.4629   23.5050
   -7.5000  -22.5000  -30.0000 2380.4502   22.4174
    0.0000  -22.5000  -30.0000 2382.9629   22.2299
    7.5000  -22.5000  -30.0000 2374.8013   22.5433
   -7.5000  -15.0000  -30.0000 2402.5391   21.9283
    0.0000  -15.0000  -30.0000 2414.6287   21.7453
    7.5000  -15.0000  -30.0000 2398.3215   22.0725
   -7.5000   -7.5000  -30.0000 2406.5222   22.0490
    0.0000   -7.5000  -30.0000 2412.9890   21.8648
    7.5000   -7.5000  -30.0000 2396.6685   22.1924
   -7.5000    0.0000  -30.0000 2377.7263   22.5950
    0.0000    0.0000  -30.0000 2380.2029   22.4325
    7.5000    0.0000  -30.0000 2362.7712   22.7804
   -7.5000    7.5000  -30.0000 2324.4048   23.6683
    0.0000    7.5000  -30.0000 2328.9080   23.4187
    7.5000    7.5000  -30.0000 2315.3726   23.7960
   -7.5000   15.0000  -30.0000 2254.0803   25.1810
    0.0000   15.0000  -30.0000 2255.0474   24.9052
    7.5000   15.0000  -30.0000 2243.8240   25.3144
   -7.5000   22.5000  -30.0000 2161.7905   27.4787
    0.0000   22.5000  -30.0000 2166.8904   27.1897
    7.5000   22.5000  -30.0000 2149.9141   27.6732
   -7.5000   30.0000  -30.0000 2046.7843   30.6354
    0.0000   30.0000  -30.0000 2052.4575   30.4014
    7.5000   30.0000  -30.0000 2037.6177   30.9330
   -7.5000   37.5000  -30.0000 1928.7244   34.8342
    0.0000   37.5000  -30.0000 1927.7023   34.5649
    7.5000   37.5000  -30.0000 1904.6434   35.1310
   -7.5000   45.0000  -30.0000 1791.4479   40.3882
    0.0000   45.0000  -30.0000 1788.1464   40.1296
    7.5000   45.0000  -30.0000 1775.6064   40.6666
   -7.5000  -45.0000  -22.5000 2283.0037   24.9679
    0.0000  -45.0000  -22.5000 2291.0747   24.8252
    7.5000  -45.0000  -22.5000 2277.0491   25.1496
   -7.5000  -37.5000  -22.5000 2390.0156   23.2712
    0.0000  -37.5000  -22.5000 2401.4172   23.0901
    7.5000  -37.5000  -22.5000 2380.3137   23.4138
   -7.5000  -30.0000  -22.5000 2460.6277   22.0415
    0.0000  -30.0000  -22.5000 2472.9026   21.8960
    7.5000  -30.0000  -22.5000 2451.4043   22.1673
   -7.5000  -22.5000  -22.5000 2504.5649   21.1467
    0.0000  -22.5000  -22.5000 2517.0981   21.0430
    7.5000  -22.5000  -22.5000 2499.4480   21.3128
   -7.5000  -15.0000  -22.5000 2527.5640   20.7653
    0.0000  -15.0000  -22.5000 2542.9846   20.6495
    7.5000  -15.0000  -22.5000 2524.3247   20.9512
   -7.5000   -7.5000  -22.5000 2535.8516   20.8999
    0.0000   -7.5000  -22.5000 2549.5588   20.7698
    7.5000   -7.5000  -22.5000 2527.9683   21.0791
   -7.5000    0.0000  -22.5000 2516.7114   21.4896
    0.0000    0.0000  -22.5000 2523.9697   21.3736
    7.5000    0.0000  -22.5000 2490.4875   21.6748
   -7.5000    7.5000  -22.5000 2462.9189   22.5314
    0.0000    7.5000  -22.5000 2467.6499   22.3849
    7.5000    7.5000  -22.5000 2434.4675   22.6898
   -7.5000   15.0000  -22.5000 2377.7473   24.0308
    0.0000   15.0000  -22.5000 2384.8589   23.8486
    7.5000   15.0000  -22.5000 2356.0715   24.1546
   -7.5000   22.5000  -22.5000 2274.3660   26.2115
    0.0000   22.5000  -22.5000 2283.1914   26.0391
    7.5000   22.5000  -22.5000 2252.9187   26.3762
   -7.5000   30.0000  -22.5000 2137.2461   29.1100
    0.0000   30.0000  -22.5000 2146.6365   28.9936
    7.5000   30.0000  -22.5000 2119.2888   29.3427
   -7.5000   37.5000  -22.5000 2009.0938   32.9536
    0.0000   37.5000  -22.5000 2013.2444   32.7912
    7.5000   37.5000  -22.5000 1984.8989   33.2357
   -7.5000   45.0000  -22.5000 1856.4211   38.0214
    0.0000   45.0000  -22.5000 1858.7386   37.8396
    7.5000   45.0000  -22.5000 1843.2258   38.4299
   -7.5000  -45.0000  -15.0000 2363.3835   23.5721
    0.0000  -45.0000  -15.0000 2370.6599   23.5397
    7.5000  -45.0000  -15.0000 2348.1477   23.9412
   -7.5000  -37.5000  -15.0000 2478.3464   21.8954
    0.0000  -37.5000  -15.0000 2487.8337   21.8123
    7.5000  -37.5000  -15.0000 2459.6323   22.1937
   -7.5000  -30.0000  -15.0000 2558.1633   20.8055
    0.0000  -30.0000  -15.0000 2569.4434   20.6727
    7.5000  -30.0000  -15.0000 2536.3345   20.9712
   -7.5000  -22.5000  -15.0000 2609.8293   20.0030
    0.0000  -22.5000  -15.0000 2619.8188   19.9467
    7.5000  -22.5000  -15.0000 2594.9316   20.2429
   -7.5000  -15.0000  -15.0000 2637.9485   19.7487
    0.0000  -15.0000  -15.0000 2654.2249   19.6457
    7.5000  -15.0000  -15.0000 2623.5190   19.9227
   -7.5000   -7.5000  -15.0000 2644.8762   19.9180
    0.0000   -7.5000  -15.0000 2659.6274   19.8129
    7.5000   -7.5000  -15.0000 2622.9895   20.0653
   -7.5000    0.0000  -15.0000 2617.9182   20.5116
    0.0000    0.0000  -15.0000 2627.7532   20.4409
    7.5000    0.0000  -15.0000 2587.5872   20.6989
   -7.5000    7.5000  -15.0000 2562.0020   21.4598
    0.0000    7.5000  -15.0000 2566.7446   21.3957
    7.5000    7.5000  -15.0000 2524.4417   21.6647
   -7.5000   15.0000  -15.0000 2462.9556   22.8972
    0.0000   15.0000  -15.0000 2474.1533   22.8189
    7.5000   15.0000  -15.0000 2432.7314   23.1585
   -7.5000   22.5000  -15.0000 2353.8643   25.0651
    0.0000   22.5000  -15.0000 2360.7058   24.9535
    7.5000   22.5000  -15.0000 2324.6562   25.3043
   -7.5000   30.0000  -15.0000 2206.1621   27.8813
    0.0000   30.0000  -15.0000 2210.9944   27.6867
    7.5000   30.0000  -15.0000 2186.0386   28.1008
   -7.5000   37.5000  -15.0000 2063.8457   31.5948
    0.0000   37.5000  -15.0000 2071.1179   31.3415
    7.5000   37.5000  -15.0000 2044.3739   31.7250
   -7.5000   45.0000  -15.0000 1916.5581   36.2773
    0.0000   45.0000  -15.0000 1920.4698   36.0986
    7.5000   45.0000  -15.0000 1895.7247   36.5697
   -7.5000  -45.0000   -7.5000 2427.5244   22.3538
    0.0000  -45.0000   -7.5000 2434.0667   22.4280
    7.5000  -45.0000   -7.5000 2408.6321   22.8925
   -7.5000  -37.5000   -7.5000 2545.3921   20.7738
    0.0000  -37.5000   -7.5000 2552.3586   20.7715
    7.5000  -37.5000   -7.5000 2522.7095   21.1666
   -7.5000  -30.0000   -7.5000 2632.9822   19.6619
    0.0000  -30.0000   -7.5000 2640.6079   19.6123
    7.5000  -30.0000   -7.5000 2607.8665   20.0002
   -7.5000  -22.5000   -7.5000 2695.2136   18.9830
    0.0000  -22.5000   -7.5000 2703.2554   18.9340
    7.5000  -22.5000   -7.5000 2671.6165   19.3009
   -7.5000  -15.0000   -7.5000 2730.4309   18.8003
    0.0000  -15.0000   -7.5000 2745.0830   18.6989
    7.5000  -15.0000   -7.5000 2703.9287   19.0329
   -7.5000   -7.5000   -7.5000 2740.5093   19.0125
    0.0000   -7.5000   -7.5000 2749.2673   18.9364
    7.5000   -7.5000   -7.5000 2702.6787   19.2184
   -7.5000    0.0000   -7.5000 2704.0466   19.5757
    0.0000    0.0000   -7.5000 2707.9829   19.5233
    7.5000    0.0000   -7.5000 2658.1990   19.8542
   -7.5000    7.5000   -7.5000 2630.3179   20.4536
    0.0000    7.5000   -7.5000 2633.3579   20.4224
    7.5000    7.5000   -7.5000 2592.1230   20.7301
   -7.5000   15.0000   -7.5000 2520.9585   21.8137
    0.0000   15.0000   -7.5000 2530.2869   21.7715
    7.5000   15.0000   -7.5000 2490.6069   22.1522
   -7.5000   22.5000   -7.5000 2404.6755   23.9168
    0.0000   22.5000   -7.5000 2410.7856   23.8111
    7.5000   22.5000   -7.5000 2374.2668   24.2424
   -7.5000   30.0000   -7.5000 2259.7578   26.6754
    0.0000   30.0000   -7.5000 2258.2932   26.5351
    7.5000   30.0000   -7.5000 2228.3374   26.9432
   -7.5000   37.5000   -7.5000 2109.7371   30.2626
    0.0000   37.5000   -7.5000 2112.2095   30.0595
    7.5000   37.5000   -7.5000 2081.4319   30.4378
   -7.5000   45.0000   -7.5000 1956.1090   34.7508
    0.0000   45.0000   -7.5000 1956.6669   34.5023
    7.5000   45.0000   -7.5000 1936.8912   35.0903
   -7.5000  -45.0000    0.0000 2466.2363   21.4211
    0.0000  -45.0000    0.0000 2475.9814   21.5912
    7.5000  -45.0000    0.0000 2444.5034   22.2096
   -7.5000  -37.5000    0.0000 2592.5239   19.8243
    0.0000  -37.5000    0.0000 2600.3982   19.9191
    7.5000  -37.5000    0.0000 2568.5620   20.5052
   -7.5000  -30.0000    0.0000 2688.8250   18.7991
    0.0000  -30.0000    0.0000 2697.0166   18.8229
    7.5000  -30.0000    0.0000 2659.4575   19.3339
   -7.5000  -22.5000    0.0000 2760.1458   18.0736
    0.0000  -22.5000    0.0000 2764.8320   18.0789
    7.5000  -22.5000    0.0000 2725.5520   18.5569
   -7.5000  -15.0000    0.0000 2797.3987   17.9008
    0.0000  -15.0000    0.0000 2801.7729   17.9229
    7.5000  -15.0000    0.0000 2758.5183   18.4210
   -7.5000   -7.5000    0.0000 2809.0027   18.1939
    0.0000   -7.5000    0.0000 2812.5518   18.2167
    7.5000   -7.5000    0.0000 2758.4336   18.6744
   -7.5000    0.0000    0.0000 2761.0232   18.8474
    0.0000    0.0000    0.0000 2761.3357   18.8343
    7.5000    0.0000    0.0000 2713.2278   19.2093
   -7.5000    7.5000    0.0000 2676.1941   19.6848
    0.0000    7.5000    0.0000 2677.3909   19.6317
    7.5000    7.5000    0.0000 2639.9829   20.0354
   -7.5000   15.0000    0.0000 2559.2087   21.0377
    0.0000   15.0000    0.0000 2562.8291   20.9700
    7.5000   15.0000    0.0000 2532.3188   21.3867
   -7.5000   22.5000    0.0000 2434.2720   23.0790
    0.0000   22.5000    0.0000 2435.7896   23.0131
    7.5000   22.5000    0.0000 2401.4531   23.4196
   -7.5000   30.0000    0.0000 2287.8987   25.7983
    0.0000   30.0000    0.0000 2287.0522   25.7099
    7.5000   30.0000    0.0000 2257.1428   26.1412
   -7.5000   37.5000    0.0000 2133.7263   29.2990
    0.0000   37.5000    0.0000 2137.1091   29.1479
    7.5000   37.5000    0.0000 2109.0703   29.6029
   -7.5000   45.0000    0.0000 1974.8602   33.6559
    0.0000   45.0000    0.0000 1970.9855   33.4093
    7.5000   45.0000    0.0000 1960.4033   34.0027
   -7.5000  -45.0000    7.5000 2487.2798   20.8100
    0.0000  -45.0000    7.5000 2494.8057   21.0721
    7.5000  -45.0000    7.5000 2467.3135   21.8181
   -7.5000  -37.5000    7.5000 2612.3574   19.1870
    0.0000  -37.5000    7.5000 2622.5930   19.4104
    7.5000  -37.5000    7.5000 2593.3044   20.1059
   -7.5000  -30.0000    7.5000 2710.7312   18.1345
    0.0000  -30.0000    7.5000 2728.1873   18.2555
    7.5000  -30.0000    7.5000 2691.5000   18.9207
   -7.5000  -22.5000    7.5000 2780.7029   17.1135
    0.0000  -22.5000    7.5000 2791.4441   17.3022
    7.5000  -22.5000    7.5000 2756.5071   18.1647
   -7.5000  -15.0000    7.5000 2819.3831   17.1161
    0.0000  -15.0000    7.5000 2827.4895   17.2584
    7.5000  -15.0000    7.5000 2793.4890   17.9816
   -7.5000   -7.5000    7.5000 2838.4937   17.5706
    0.0000   -7.5000    7.5000 2844.3628   17.6500
    7.5000   -7.5000    7.5000 2799.5928   18.2204
   -7.5000    0.0000    7.5000 2791.4548   18.2604
    0.0000    0.0000    7.5000 2795.6724   18.2797
    7.5000    0.0000    7.5000 2759.7847   18.7842
   -7.5000    7.5000    7.5000 2704.5535   19.1789
    0.0000    7.5000    7.5000 2707.4717   19.1816
    7.5000    7.5000    7.5000 2677.1199   19.6882
   -7.5000   15.0000    7.5000 2576.6921   20.5480
    0.0000   15.0000    7.5000 2582.1018   20.5438
    7.5000   15.0000    7.5000 2554.7666   21.0694
   -7.5000   22.5000    7.5000 2446.1313   22.4817
    0.0000   22.5000    7.5000 2451.2791   22.4893
    7.5000   22.5000    7.5000 2427.5742   23.0042
   -7.5000   30.0000    7.5000 2298.9219   25.0853
    0.0000   30.0000    7.5000 2298.6460   25.0716
    7.5000   30.0000    7.5000 2278.4087   25.5680
   -7.5000   37.5000    7.5000 2144.7107   28.4839
    0.0000   37.5000    7.5000 2148.1108   28.4123
    7.5000   37.5000    7.5000 2120.9060   28.8966
   -7.5000   45.0000    7.5000 1984.2030   32.6781
    0.0000   45.0000    7.5000 1989.7589   32.5670
    7.5000   45.0000    7.5000 1973.0646   33.0994
   -7.5000  -45.0000   15.0000 2501.5105   20.9128
    0.0000  -45.0000   15.0000 2510.5540   21.0994
    7.5000  -45.0000   15.0000 2474.6313   21.8757
   -7.5000  -37.5000   15.0000 2621.5513   19.2364
    0.0000  -37.5000   15.0000 2629.3308   19.3921
    7.5000  -37.5000   15.0000 2591.6799   20.1297
   -7.5000  -30.0000   15.0000 2715.3254   18.0557
    0.0000  -30.0000   15.0000 2736.2271   18.1994
    7.5000  -30.0000   15.0000 2694.5469   18.9307
   -7.5000  -22.5000   15.0000 2783.3792   17.1258
    0.0000  -22.5000   15.0000 2800.5356   17.2781
    7.5000  -22.5000   15.0000 2761.3833   18.1724
   -7.5000  -15.0000   15.0000 2814.7698   16.8766
    0.0000  -15.0000   15.0000 2826.9409   17.0311
    7.5000  -15.0000   15.0000 2800.2366   17.9755
   -7.5000   -7.5000   15.0000 2827.0608   17.3452
    0.0000   -7.5000   15.0000 2843.3708   17.4363
    7.5000   -7.5000   15.0000 2809.7292   18.1185
   -7.5000    0.0000   15.0000 2791.8213   18.1346
    0.0000    0.0000   15.0000 2803.4624   18.1786
    7.5000    0.0000   15.0000 2769.9827   18.6856
   -7.5000    7.5000   15.0000 2712.6260   19.1845
    0.0000    7.5000   15.0000 2719.4497   19.2079
    7.5000    7.5000   15.0000 2684.7478   19.6463
   -7.5000   15.0000   15.0000 2586.5715   20.5650
    0.0000   15.0000   15.0000 2594.0339   20.5288
    7.5000   15.0000   15.0000 2563.2502   20.9700
   -7.5000   22.5000   15.0000 2454.9890   22.3745
    0.0000   22.5000   15.0000 2458.1890   22.3291
    7.5000   22.5000   15.0000 2428.3748   22.8033
   -7.5000   30.0000   15.0000 2300.9075   24.8977
    0.0000   30.0000   15.0000 2301.3176   24.7949
    7.5000   30.0000   15.0000 2278.0735   25.2389
   -7.5000   37.5000   15.0000 2148.4282   28.1808
    0.0000   37.5000   15.0000 2146.6626   28.0129
    7.5000   37.5000   15.0000 2125.0706   28.5264
   -7.5000   45.0000   15.0000 1991.4326   32.3572
    0.0000   45.0000   15.0000 1990.3419   32.1198
    7.5000   45.0000   15.0000 1972.7999   32.7278
   -7.5000  -45.0000   22.5000 2512.6379   21.5062
    0.0000  -45.0000   22.5000 2520.0818   21.5717
    7.5000  -45.0000   22.5000 2482.4526   22.3030
   -7.5000  -37.5000   22.5000 2625.0356   19.8229
    0.0000  -37.5000   22.5000 2638.4678   19.8883
    7.5000  -37.5000   22.5000 2602.1409   20.5885
   -7.5000  -30.0000   22.5000 2716.3330   18.5569
    0.0000  -30.0000   22.5000 2740.5139   18.6147
    7.5000  -30.0000   22.5000 2698.9365   19.3997
   -7.5000  -22.5000   22.5000 2780.2888   17.7113
    0.0000  -22.5000   22.5000 2804.6719   17.8069
    7.5000  -22.5000   22.5000 2760.4336   18.5434
   -7.5000  -15.0000   22.5000 2812.4138   17.4860
    0.0000  -15.0000   22.5000 2830.9382   17.5195
    7.5000  -15.0000   22.5000 2793.2039   18.2730
   -7.5000   -7.5000   22.5000 2814.1277   17.7364
    0.0000   -7.5000   22.5000 2824.2996   17.7308
    7.5000   -7.5000   22.5000 2792.7271   18.3630
   -7.5000    0.0000   22.5000 2778.2480   18.4356
    0.0000    0.0000   22.5000 2781.4783   18.3974
    7.5000    0.0000   22.5000 2750.0664   18.8600
   -7.5000    7.5000   22.5000 2698.3667   19.4802
    0.0000    7.5000   22.5000 2697.2817   19.4218
    7.5000    7.5000   22.5000 2671.9651   19.8646
   -7.5000   15.0000   22.5000 2581.4971   20.8748
    0.0000   15.0000   22.5000 2584.8767   20.8268
    7.5000   15.0000   22.5000 2558.3125   21.2237
   -7.5000   22.5000   22.5000 2450.1958   22.6546
    0.0000   22.5000   22.5000 2448.9917   22.5977
    7.5000   22.5000   22.5000 2421.8904   22.9849
   -7.5000   30.0000   22.5000 2289.2380   25.0042
    0.0000   30.0000   22.5000 2292.1851   24.9009
    7.5000   30.0000   22.5000 2270.9214   25.3100
   -7.5000   37.5000   22.5000 2137.3018   28.1094
    0.0000   37.5000   22.5000 2137.2004   27.9920
    7.5000   37.5000   22.5000 2111.9556   28.4589
   -7.5000   45.0000   22.5000 1979.4155   32.1612
    0.0000   45.0000   22.5000 1976.9689   31.9680
    7.5000   45.0000   22.5000 1958.8591   32.5239
   -7.5000  -45.0000   30.0000 2494.2815   22.2461
    0.0000  -45.0000   30.0000 2495.0642   22.1609
    7.5000  -45.0000   30.0000 2460.4539   22.8984
   -7.5000  -37.5000   30.0000 2606.6665   20.6238
    0.0000  -37.5000   30.0000 2611.4541   20.5276
    7.5000  -37.5000   30.0000 2573.2190   21.1899
   -7.5000  -30.0000   30.0000 2697.0750   19.5388
    0.0000  -30.0000   30.0000 2706.9631   19.4418
    7.5000  -30.0000   30.0000 2658.2478   20.0595
   -7.5000  -22.5000   30.0000 2754.3643   18.7812
    0.0000  -22.5000   30.0000 2764.4709   18.7677
    7.5000  -22.5000   30.0000 2719.2366   19.3218
   -7.5000  -15.0000   30.0000 2778.8018   18.4897
    0.0000  -15.0000   30.0000 2786.7402   18.4639
    7.5000  -15.0000   30.0000 2743.5327   18.9630
   -7.5000   -7.5000   30.0000 2771.8936   18.6053
    0.0000   -7.5000   30.0000 2778.1213   18.5762
    7.5000   -7.5000   30.0000 2734.7485   18.9938
   -7.5000    0.0000   30.0000 2722.0940   19.0898
    0.0000    0.0000   30.0000 2727.1838   19.0732
    7.5000    0.0000   30.0000 2692.5085   19.4384
   -7.5000    7.5000   30.0000 2642.7393   20.0153
    0.0000    7.5000   30.0000 2644.7869   19.9651
    7.5000    7.5000   30.0000 2620.4392   20.4174
   -7.5000   15.0000   30.0000 2534.4026   21.2805
    0.0000   15.0000   30.0000 2539.1858   21.2340
    7.5000   15.0000   30.0000 2517.7317   21.7125
   -7.5000   22.5000   30.0000 2410.2527   23.0165
    0.0000   22.5000   30.0000 2413.1777   22.9343
    7.5000   22.5000   30.0000 2387.1741   23.4665
   -7.5000   30.0000   30.0000 2258.5330   25.3875
    0.0000   30.0000   30.0000 2262.0474   25.2608
    7.5000   30.0000   30.0000 2240.2488   25.7853
   -7.5000   37.5000   30.0000 2111.8010   28.5445
    0.0000   37.5000   30.0000 2115.0110   28.3701
    7.5000   37.5000   30.0000 2087.9385   28.7884
   -7.5000   45.0000   30.0000 1951.8712   32.5254
    0.0000   45.0000   30.0000 1955.9697   32.3122
    7.5000   45.0000   30.0000 1933.3947   32.8026
   -7.5000  -45.0000   37.5000 2458.1365   23.4392
    0.0000  -45.0000   37.5000 2458.4849   23.2956
    7.5000  -45.0000   37.5000 2420.0710   23.9546
   -7.5000  -37.5000   37.5000 2563.6455   21.7468
    0.0000  -37.5000   37.5000 2563.8528   21.6044
    7.5000  -37.5000   37.5000 2527.5872   22.2361
   -7.5000  -30.0000   37.5000 2642.7317   20.6278
    0.0000  -30.0000   37.5000 2647.2703   20.4800
    7.5000  -30.0000   37.5000 2611.7998   21.0691
   -7.5000  -22.5000   37.5000 2689.3853   19.8556
    0.0000  -22.5000   37.5000 2699.8010   19.7542
    7.5000  -22.5000   37.5000 2666.0913   20.2752
   -7.5000  -15.0000   37.5000 2707.4360   19.4751
    0.0000  -15.0000   37.5000 2720.6318   19.3928
    7.5000  -15.0000   37.5000 2683.7703   19.8506
   -7.5000   -7.5000   37.5000 2697.2563   19.4713
    0.0000   -7.5000   37.5000 2709.1570   19.4403
    7.5000   -7.5000   37.5000 2670.5149   19.8034
   -7.5000    0.0000   37.5000 2650.3403   19.9143
    0.0000    0.0000   37.5000 2656.3625   19.8498
    7.5000    0.0000   37.5000 2622.3354   20.2340
   -7.5000    7.5000   37.5000 2575.3135   20.8398
    0.0000    7.5000   37.5000 2574.9993   20.8021
    7.5000    7.5000   37.5000 2549.0942   21.1889
   -7.5000   15.0000   37.5000 2471.8579   22.0930
    0.0000   15.0000   37.5000 2474.5398   22.0465
    7.5000   15.0000   37.5000 2446.3723   22.4701
   -7.5000   22.5000   37.5000 2352.3635   23.7836
    0.0000   22.5000   37.5000 2358.7209   23.7141
    7.5000   22.5000   37.5000 2332.8081   24.1926
   -7.5000   30.0000   37.5000 2220.3801   26.1798
    0.0000   30.0000   37.5000 2223.7019   26.0737
    7.5000   30.0000   37.5000 2198.0310   26.5417
   -7.5000   37.5000   37.5000 2071.3032   29.4181
    0.0000   37.5000   37.5000 2076.0288   29.2311
    7.5000   37.5000   37.5000 2054.2253   29.6791
   -7.5000   45.0000   37.5000 1916.0867   33.5242
    0.0000   45.0000   37.5000 1917.4028   33.2721
    7.5000   45.0000   37.5000 1899.7183   33.7426
   -7.5000  -45.0000   45.0000 2402.4395   24.7908
    0.0000  -45.0000   45.0000 2399.7991   24.6769
    7.5000  -45.0000   45.0000 2360.6238   25.3344
   -7.5000  -37.5000   45.0000 2499.4724   23.0519
    0.0000  -37.5000   45.0000 2502.2109   22.9660
    7.5000  -37.5000   45.0000 2464.5935   23.6086
   -7.5000  -30.0000   45.0000 2567.9966   21.8862
    0.0000  -30.0000   45.0000 2575.0166   21.8032
    7.5000  -30.0000   45.0000 2545.5828   22.3575
   -7.5000  -22.5000   45.0000 2608.6042   21.0934
    0.0000  -22.5000   45.0000 2619.5232   20.9804
    7.5000  -22.5000   45.0000 2594.3318   21.4848
   -7.5000  -15.0000   45.0000 2624.9893   20.6635
    0.0000  -15.0000   45.0000 2636.5183   20.5597
    7.5000  -15.0000   45.0000 2608.5967   21.0357
   -7.5000   -7.5000   45.0000 2614.3176   20.6226
    0.0000   -7.5000   45.0000 2619.8291   20.5962
    7.5000   -7.5000   45.0000 2591.3938   20.9751
   -7.5000    0.0000   45.0000 2567.4609   21.0548
    0.0000    0.0000   45.0000 2572.9019   21.0451
    7.5000    0.0000   45.0000 2546.1038   21.3934
   -7.5000    7.5000   45.0000 2495.8391   21.9823
    0.0000    7.5000   45.0000 2501.5027   21.9836
    7.5000    7.5000   45.0000 2473.5952   22.3157
   -7.5000   15.0000   45.0000 2393.7686   23.2994
    0.0000   15.0000   45.0000 2403.6199   23.2693
    7.5000   15.0000   45.0000 2377.9924   23.6414
   -7.5000   22.5000   45.0000 2279.1418   25.0103
    0.0000   22.5000   45.0000 2293.2815   24.9405
    7.5000   22.5000   45.0000 2268.2158   25.3351
   -7.5000   30.0000   45.0000 2161.8074   27.4138
    0.0000   30.0000   45.0000 2167.7534   27.3375
    7.5000   30.0000   45.0000 2140.1719   27.7328
   -7.5000   37.5000   45.0000 2027.1171   30.7062
    0.0000   37.5000   45.0000 2029.1960   30.5288
    7.5000   37.5000   45.0000 2002.5719   30.9748
   -7.5000   45.0000   45.0000 1874.4208   34.9386
    0.0000   45.0000   45.0000 1871.6490   34.6496
    7.5000   45.0000   45.0000 1849.8440   35.2849

---------------------------------------------------------------------
imgreg_4dfp /opt/freesurfer/average/711-2C_as_mni_average_305 /opt/freesurfer/average/711-2B_as_mni_average_305_mask talsrcimg_g11 none talsrcimg_to_711-2C_as_mni_average_305_t4 1283
---------------------------------------------------------------------

freesurfer imgreg_4dfp.c
/opt/freesurfer/average/711-2C_as_mni_average_305.4dfp.img
       256       256       256         1
  1.000000  1.000000  1.000000
orientation T byte_order littleendian
Reading image: /opt/freesurfer/average/711-2C_as_mni_average_305.4dfp.img
dimensions:      256       256       256
mmppix:       1.0000   -1.0000   -1.0000
center:     128.0000 -129.0000 -129.0000
/opt/freesurfer/average/711-2B_as_mni_average_305_mask.4dfp.img
       256       256       256         1
  1.000000  1.000000  1.000000
orientation T byte_order littleendian
Reading mask: /opt/freesurfer/average/711-2B_as_mni_average_305_mask.4dfp.img (2306576 pixels)
talsrcimg_g11.4dfp.img
       256       256       256         1
  1.000000  1.000000  1.000000
orientation T byte_order littleendian
Reading image: talsrcimg_g11.4dfp.img
dimensions:      256       256       256
mmppix:       1.0000   -1.0000   -1.0000
center:     128.0000 -129.0000 -129.0000
rotation matrix determinant  1.000000
fimgreg.f
image alignment mode   1283 decimal      503 hex
parameters
    0.0000   -7.5000    7.5000    0.0000    0.0000    0.0000
eta,q 0.89662 17.62205
niter,ni,del,rscale     5    3   12.0000    1.2000
parameter  4 -0.768812 -> -0.500000 qaram    1.1500
parameter  5 -0.924852 -> -0.500000 qaram    1.1500
parameter  6  0.803819 ->  0.500000 qaram    1.1500
parameters
   -0.8419   -8.0556    8.7886    3.4500    3.4500   -3.4500
eta,q 0.90147 17.49326
  0.1081  0.1060  0.1115  0.1064  0.1068  0.0980
  0.1048  0.1035  0.1079  0.1049  0.1045  0.0984
  0.1017  0.1015  0.1026  0.1038  0.1022  0.0985
  0.0996  0.1001  0.1007  0.1021  0.1003  0.0987
  0.1010  0.1011  0.1026  0.0999  0.0994  0.0995
  0.1090  0.1043  0.1035  0.1006  0.0986  0.1008
  0.1161  0.1100  0.1052  0.1012  0.0986  0.1019
niter,ni,del,rscale     7    3   12.0000    1.2000
parameter  2  0.581432 ->  0.500000 qaram    1.1500
parameter  6 -0.883156 ->  0.500000 qaram    1.3225
parameters
   -2.5113  -11.5056   10.0462    6.0805    4.7647   -7.4175
eta,q 0.90291 17.01256
  0.1036  0.0979  0.1043  0.1039  0.1021  0.0969
  0.1010  0.0956  0.1013  0.1008  0.1003  0.0968
  0.0989  0.0962  0.0975  0.0974  0.0995  0.0980
  0.0985  0.0987  0.0954  0.0954  0.0988  0.0989
  0.1021  0.1010  0.0952  0.0984  0.0990  0.0991
  0.1088  0.1036  0.0967  0.0989  0.0994  0.0991
  0.1164  0.1083  0.0997  0.0965  0.1002  0.0991
niter,ni,del,rscale     7    3   12.0000    1.2000
parameter  4 -1.511094 -> -0.500000 qaram    1.3225
parameters
   -4.2045  -11.8022   10.8703   10.0480    4.2767   -7.8127
eta,q 0.90605 16.93913
  0.1003  0.1026  0.1008  0.1012  0.0984  0.0971
  0.0987  0.0972  0.0996  0.0965  0.0962  0.0951
  0.0969  0.0964  0.0977  0.0931  0.0950  0.0938
  0.0971  0.0968  0.0966  0.0953  0.0940  0.0940
  0.0994  0.0976  0.0938  0.0956  0.0946  0.0946
  0.1039  0.0996  0.0962  0.0930  0.0968  0.0957
  0.1100  0.1021  0.1003  0.0906  0.1006  0.0975
niter,ni,del,rscale     7    3   12.0000    1.2000
parameters
   -4.5107  -13.0777   12.0623   11.5529    3.6135   -8.8040
eta,q 0.91092 16.79699
  0.1008  0.0991  0.0984  0.0976  0.0957  0.0932
  0.0971  0.0953  0.0987  0.0935  0.0923  0.0911
  0.0956  0.0935  0.0974  0.0931  0.0902  0.0894
  0.0940  0.0940  0.0939  0.0908  0.0892  0.0893
  0.0946  0.0943  0.0894  0.0883  0.0906  0.0905
  0.0975  0.0998  0.0924  0.0906  0.0942  0.0928
  0.1034  0.1072  0.0987  0.0945  0.0990  0.0956
niter,ni,del,rscale     6    3   12.0000    1.2000
parameters
   -4.7681  -13.5694   12.3559   11.7265    3.4371   -9.2180
eta,q 0.91177 16.78655
  0.0970  0.0999  0.0984  0.0956  0.0964  0.0930
  0.0934  0.0955  0.0967  0.0935  0.0925  0.0909
  0.0910  0.0908  0.0939  0.0914  0.0897  0.0890
  0.0891  0.0891  0.0891  0.0884  0.0882  0.0883
  0.0907  0.0912  0.0870  0.0882  0.0893  0.0895
  0.0936  0.0979  0.0935  0.0918  0.0927  0.0914
  0.0991  0.1037  0.0998  0.0968  0.0978  0.0942
niter,ni,del,rscale     5    3   12.0000    1.2000
parameters
   -4.8453  -13.6965   12.4181   11.8850    3.4026   -9.2822
eta,q 0.91200 16.78385
  0.0963  0.1007  0.0981  0.0957  0.0966  0.0933
  0.0934  0.0961  0.0961  0.0935  0.0925  0.0911
  0.0906  0.0911  0.0932  0.0912  0.0896  0.0890
  0.0882  0.0882  0.0882  0.0881  0.0880  0.0880
  0.0900  0.0901  0.0872  0.0882  0.0889  0.0891
  0.0928  0.0964  0.0947  0.0918  0.0922  0.0910
  0.0976  0.1023  0.1004  0.0969  0.0973  0.0937
niter,ni,del,rscale     4    3   12.0000    1.2000
parameters
   -4.8693  -13.7532   12.4366   11.9536    3.3946   -9.2905
eta,q 0.91207 16.78237
  0.0961  0.1010  0.0980  0.0956  0.0966  0.0934
  0.0933  0.0963  0.0958  0.0935  0.0924  0.0911
  0.0905  0.0912  0.0929  0.0910  0.0895  0.0890
  0.0880  0.0880  0.0880  0.0880  0.0879  0.0879
  0.0898  0.0898  0.0872  0.0883  0.0888  0.0890
  0.0925  0.0962  0.0948  0.0919  0.0921  0.0909
  0.0971  0.1022  0.1004  0.0971  0.0971  0.0936
registration optimization eta report
parameter search radius
    6.0000    6.9000    6.0000    7.9350    6.9000    7.9350
100000*second partial in parameter space
       22.       27.       30.       13.       18.        8.
  0.0961  0.1010  0.0980  0.0956  0.0966  0.0934
  0.0933  0.0963  0.0958  0.0935  0.0924  0.0911
  0.0905  0.0912  0.0929  0.0910  0.0895  0.0890
  0.0880  0.0880  0.0880  0.0880  0.0879  0.0879
  0.0898  0.0898  0.0872  0.0883  0.0888  0.0890
  0.0925  0.0962  0.0948  0.0919  0.0921  0.0909
  0.0971  0.1022  0.1004  0.0971  0.0971  0.0936
   -4.8693  -13.7532   12.4366   11.9536    3.3946   -9.2905
eta,q 0.91207 16.78237

---------------------------------------------------------------------
imgreg_4dfp /opt/freesurfer/average/711-2C_as_mni_average_305 /opt/freesurfer/average/711-2B_as_mni_average_305_mask talsrcimg_g11 none talsrcimg_to_711-2C_as_mni_average_305_t4 3335
---------------------------------------------------------------------

freesurfer imgreg_4dfp.c
/opt/freesurfer/average/711-2C_as_mni_average_305.4dfp.img
       256       256       256         1
  1.000000  1.000000  1.000000
orientation T byte_order littleendian
Reading image: /opt/freesurfer/average/711-2C_as_mni_average_305.4dfp.img
dimensions:      256       256       256
mmppix:       1.0000   -1.0000   -1.0000
center:     128.0000 -129.0000 -129.0000
/opt/freesurfer/average/711-2B_as_mni_average_305_mask.4dfp.img
       256       256       256         1
  1.000000  1.000000  1.000000
orientation T byte_order littleendian
Reading mask: /opt/freesurfer/average/711-2B_as_mni_average_305_mask.4dfp.img (2306576 pixels)
talsrcimg_g11.4dfp.img
       256       256       256         1
  1.000000  1.000000  1.000000
orientation T byte_order littleendian
Reading image: talsrcimg_g11.4dfp.img
dimensions:      256       256       256
mmppix:       1.0000   -1.0000   -1.0000
center:     128.0000 -129.0000 -129.0000
fimgreg.f
image alignment mode   3335 decimal      D07 hex
parameters
   -4.8693  -13.7532   12.4366   -1.4849   -3.2538   -2.3401
   14.5836   -9.0606  -16.1157  -19.5051    5.9213   20.6757
eta,q 0.90782 16.81017
niter,ni,del,rscale     5    3    5.0000    1.2000
parameter  3-13.785396 ->  0.500000 qaram    1.1500
parameter  4 10.584066 ->  0.500000 qaram    1.1500
parameter  5  2.478760 ->  0.500000 qaram    1.1500
parameter  6 -4.004421 ->  0.500000 qaram    1.1500
parameter  7  3.573732 ->  0.500000 qaram    1.1500
parameter  8 -1.113826 ->  0.500000 qaram    1.1500
parameter  9 -1.076235 -> -0.500000 qaram    1.1500
parameter 11  1.835501 ->  0.500000 qaram    1.1500
parameter 12  1.792575 ->  0.500000 qaram    1.1500
parameters
   -4.2220  -13.6513   11.0566   -5.6249   -7.3938   -6.4801
   10.4436  -13.2006  -11.9757  -21.3308    1.7813   16.5357
eta,q 0.93281 15.79526
  0.0933  0.0937  0.0912  0.0835  0.0783  0.0684  0.0731  0.0718  0.0751  0.0721  0.0685  0.0664
  0.0927  0.0928  0.0911  0.0859  0.0808  0.0742  0.0737  0.0720  0.0740  0.0715  0.0688  0.0670
  0.0924  0.0922  0.0916  0.0887  0.0835  0.0780  0.0745  0.0729  0.0730  0.0714  0.0698  0.0678
  0.0922  0.0921  0.0921  0.0912  0.0866  0.0815  0.0754  0.0739  0.0722  0.0714  0.0713  0.0690
  0.0921  0.0923  0.0925  0.0934  0.0902  0.0858  0.0763  0.0746  0.0717  0.0718  0.0731  0.0704
  0.0921  0.0927  0.0927  0.0962  0.0944  0.0887  0.0773  0.0747  0.0713  0.0726  0.0748  0.0719
  0.0925  0.0934  0.0929  0.0994  0.0991  0.0923  0.0784  0.0745  0.0712  0.0730  0.0764  0.0736
niter,ni,del,rscale     7    3    5.0000    1.2000
parameter  4  1.120375 ->  0.500000 qaram    1.3225
parameter  5  3.055796 ->  0.500000 qaram    1.3225
parameter  6  4.911672 ->  0.500000 qaram    1.3225
parameter  8 -2.428165 -> -0.500000 qaram    1.3225
parameter 12  0.551322 ->  0.500000 qaram    1.3225
parameters
   -4.2330  -13.8521   11.6050  -10.3859  -12.1548  -11.2411
   11.3295   -8.4396   -9.7704  -21.0035    5.2987   11.7747
eta,q 0.95669 14.94475
  0.0704  0.0683  0.0697  0.0620  0.0547  0.0454  0.0516  0.0592  0.0482  0.0481  0.0505  0.0436
  0.0687  0.0676  0.0685  0.0632  0.0574  0.0486  0.0507  0.0559  0.0467  0.0464  0.0482  0.0433
  0.0676  0.0673  0.0677  0.0648  0.0605  0.0537  0.0502  0.0528  0.0455  0.0453  0.0462  0.0434
  0.0672  0.0672  0.0672  0.0670  0.0636  0.0582  0.0499  0.0498  0.0449  0.0447  0.0447  0.0439
  0.0676  0.0674  0.0670  0.0710  0.0670  0.0635  0.0499  0.0467  0.0447  0.0449  0.0440  0.0449
  0.0688  0.0679  0.0674  0.0757  0.0712  0.0698  0.0502  0.0443  0.0450  0.0460  0.0442  0.0465
  0.0704  0.0687  0.0684  0.0809  0.0759  0.0744  0.0510  0.0435  0.0459  0.0476  0.0453  0.0488
niter,ni,del,rscale     7    3    5.0000    1.2000
parameter  1  0.555910 ->  0.500000 qaram    1.1500
parameter  2  0.672123 ->  0.500000 qaram    1.1500
parameter  4  0.605547 ->  0.500000 qaram    1.5209
parameter  5  3.143657 ->  0.500000 qaram    1.5209
parameter  6  0.563668 ->  0.500000 qaram    1.5209
parameter 12 -0.680079 -> -0.500000 qaram    1.5209
parameters
   -5.6130  -15.2321   11.7037  -15.8611  -17.6299  -16.7163
    8.7140   -7.6294  -10.8551  -20.3216    5.7649   17.2498
eta,q 0.96988 14.62879
  0.0431  0.0418  0.0458  0.0398  0.0298  0.0322  0.0326  0.0393  0.0330  0.0348  0.0327  0.0355
  0.0424  0.0415  0.0435  0.0392  0.0320  0.0315  0.0315  0.0347  0.0318  0.0330  0.0317  0.0336
  0.0425  0.0416  0.0420  0.0397  0.0354  0.0306  0.0310  0.0317  0.0311  0.0315  0.0312  0.0321
  0.0433  0.0423  0.0415  0.0415  0.0392  0.0328  0.0313  0.0310  0.0311  0.0310  0.0310  0.0310
  0.0448  0.0434  0.0420  0.0454  0.0434  0.0394  0.0325  0.0317  0.0316  0.0313  0.0311  0.0304
  0.0468  0.0449  0.0433  0.0514  0.0476  0.0464  0.0343  0.0334  0.0328  0.0322  0.0316  0.0301
  0.0492  0.0466  0.0450  0.0588  0.0523  0.0551  0.0365  0.0365  0.0344  0.0336  0.0323  0.0304
niter,ni,del,rscale     7    3    5.0000    1.2000
parameter  5  0.649568 ->  0.500000 qaram    1.7490
parameter 12 -0.512343 -> -0.500000 qaram    1.7490
parameters
   -4.5625  -15.2330   10.3297  -14.3065  -23.9264  -19.2251
    8.6014   -6.9964  -11.9193  -21.7083    6.8043   23.5463
eta,q 0.97337 14.35919
  0.0358  0.0325  0.0295  0.0359  0.0272  0.0306  0.0296  0.0347  0.0284  0.0288  0.0291  0.0315
  0.0334  0.0308  0.0291  0.0333  0.0266  0.0286  0.0285  0.0301  0.0277  0.0277  0.0281  0.0297
  0.0314  0.0298  0.0291  0.0310  0.0265  0.0275  0.0276  0.0277  0.0274  0.0273  0.0275  0.0283
  0.0301  0.0296  0.0296  0.0291  0.0285  0.0265  0.0273  0.0273  0.0274  0.0273  0.0272  0.0272
  0.0296  0.0299  0.0304  0.0282  0.0324  0.0270  0.0275  0.0281  0.0276  0.0279  0.0273  0.0267
  0.0299  0.0309  0.0318  0.0299  0.0371  0.0330  0.0283  0.0297  0.0282  0.0289  0.0277  0.0267
  0.0310  0.0324  0.0336  0.0338  0.0420  0.0427  0.0300  0.0323  0.0292  0.0302  0.0283  0.0273
niter,ni,del,rscale     7    3    5.0000    1.2000
parameters
   -4.4447  -14.5213   10.3283  -13.0585  -27.2803  -21.0738
    8.3898   -6.9032  -12.9041  -19.6878    6.6854   22.6538
eta,q 0.97357 14.04587
  0.0303  0.0309  0.0281  0.0326  0.0290  0.0305  0.0288  0.0331  0.0279  0.0297  0.0279  0.0292
  0.0284  0.0289  0.0271  0.0300  0.0274  0.0284  0.0277  0.0290  0.0270  0.0283  0.0270  0.0276
  0.0271  0.0275  0.0266  0.0280  0.0264  0.0270  0.0269  0.0269  0.0267  0.0273  0.0265  0.0266
  0.0266  0.0266  0.0264  0.0264  0.0259  0.0263  0.0267  0.0267  0.0267  0.0266  0.0265  0.0265
  0.0269  0.0264  0.0265  0.0254  0.0278  0.0253  0.0269  0.0274  0.0270  0.0265  0.0267  0.0270
  0.0279  0.0269  0.0271  0.0268  0.0316  0.0302  0.0277  0.0291  0.0276  0.0268  0.0272  0.0281
  0.0298  0.0280  0.0281  0.0315  0.0366  0.0402  0.0292  0.0324  0.0286  0.0275  0.0278  0.0301
niter,ni,del,rscale     6    3    5.0000    1.2000
parameters
   -4.3482  -13.5151   10.2720  -12.9467  -28.7821  -21.2165
    8.2632   -6.6620  -12.7940  -17.5345    6.1680   21.6748
eta,q 0.97393 13.87147
  0.0299  0.0307  0.0279  0.0311  0.0298  0.0312  0.0283  0.0325  0.0281  0.0294  0.0275  0.0288
  0.0281  0.0287  0.0269  0.0288  0.0280  0.0289  0.0272  0.0286  0.0271  0.0281  0.0266  0.0272
  0.0269  0.0273  0.0263  0.0272  0.0268  0.0272  0.0265  0.0267  0.0265  0.0270  0.0262  0.0262
  0.0264  0.0264  0.0261  0.0261  0.0261  0.0263  0.0263  0.0263  0.0263  0.0263  0.0261  0.0261
  0.0266  0.0261  0.0264  0.0259  0.0264  0.0253  0.0266  0.0270  0.0265  0.0261  0.0265  0.0267
  0.0277  0.0263  0.0270  0.0273  0.0293  0.0264  0.0272  0.0285  0.0271  0.0264  0.0270  0.0278
  0.0295  0.0271  0.0280  0.0322  0.0332  0.0341  0.0284  0.0315  0.0280  0.0272  0.0277  0.0297
niter,ni,del,rscale     5    3    5.0000    1.2000
parameters
   -4.2115  -12.9035   10.1485  -13.0584  -29.3292  -21.1325
    8.0711   -6.3507  -12.4783  -16.3365    5.7883   20.8949
eta,q 0.97404 13.78386
  0.0295  0.0296  0.0277  0.0306  0.0302  0.0310  0.0279  0.0321  0.0280  0.0288  0.0275  0.0288
  0.0278  0.0278  0.0267  0.0284  0.0281  0.0287  0.0269  0.0283  0.0270  0.0275  0.0266  0.0272
  0.0266  0.0266  0.0261  0.0269  0.0267  0.0269  0.0262  0.0263  0.0263  0.0266  0.0261  0.0262
  0.0261  0.0261  0.0260  0.0260  0.0260  0.0260  0.0260  0.0260  0.0261  0.0261  0.0260  0.0260
  0.0262  0.0260  0.0263  0.0260  0.0259  0.0253  0.0263  0.0267  0.0262  0.0261  0.0263  0.0265
  0.0272  0.0265  0.0270  0.0273  0.0280  0.0260  0.0270  0.0282  0.0268  0.0266  0.0269  0.0277
  0.0290  0.0274  0.0279  0.0319  0.0319  0.0330  0.0281  0.0309  0.0278  0.0274  0.0276  0.0295
niter,ni,del,rscale     4    3    5.0000    1.2000
parameters
   -4.0823  -12.5603   10.0725  -13.1255  -29.5496  -21.1147
    7.8887   -6.1234  -12.2868  -15.6515    5.5658   20.4117
eta,q 0.97404 13.73935
  0.0293  0.0290  0.0277  0.0305  0.0303  0.0308  0.0278  0.0319  0.0280  0.0285  0.0276  0.0289
  0.0276  0.0274  0.0267  0.0283  0.0282  0.0285  0.0268  0.0281  0.0269  0.0272  0.0267  0.0273
  0.0265  0.0263  0.0261  0.0268  0.0267  0.0268  0.0262  0.0262  0.0263  0.0264  0.0261  0.0262
  0.0260  0.0259  0.0259  0.0259  0.0260  0.0260  0.0260  0.0260  0.0260  0.0260  0.0260  0.0260
  0.0261  0.0261  0.0262  0.0260  0.0258  0.0253  0.0262  0.0267  0.0262  0.0261  0.0263  0.0265
  0.0271  0.0267  0.0269  0.0273  0.0276  0.0261  0.0269  0.0282  0.0268  0.0267  0.0269  0.0276
  0.0288  0.0277  0.0279  0.0316  0.0316  0.0328  0.0280  0.0308  0.0278  0.0277  0.0276  0.0293
niter,ni,del,rscale     3    3    5.0000    1.2000
parameters
   -3.9924  -12.3579   10.0298  -13.1553  -29.6669  -21.0976
    7.7640   -5.9710  -12.1774  -15.2431    5.4405   20.1154
eta,q 0.97401 13.71558
  0.0292  0.0287  0.0277  0.0305  0.0304  0.0308  0.0279  0.0317  0.0279  0.0283  0.0277  0.0290
  0.0275  0.0271  0.0268  0.0283  0.0283  0.0285  0.0269  0.0280  0.0269  0.0271  0.0267  0.0274
  0.0264  0.0262  0.0262  0.0268  0.0267  0.0268  0.0262  0.0262  0.0263  0.0263  0.0261  0.0263
  0.0260  0.0260  0.0260  0.0260  0.0260  0.0260  0.0260  0.0260  0.0260  0.0260  0.0260  0.0260
  0.0262  0.0262  0.0262  0.0261  0.0259  0.0254  0.0262  0.0268  0.0262  0.0262  0.0263  0.0265
  0.0272  0.0269  0.0269  0.0273  0.0275  0.0262  0.0269  0.0283  0.0268  0.0268  0.0269  0.0275
  0.0289  0.0278  0.0278  0.0315  0.0315  0.0327  0.0280  0.0308  0.0278  0.0278  0.0276  0.0293
niter,ni,del,rscale     2    3    5.0000    1.2000
parameters
   -3.9324  -12.2389   10.0051  -13.1730  -29.7289  -21.0863
    7.6804   -5.8780  -12.1169  -15.0088    5.3749   19.9311
eta,q 0.97399 13.70223
  0.0291  0.0285  0.0278  0.0305  0.0304  0.0308  0.0279  0.0317  0.0279  0.0282  0.0277  0.0291
  0.0275  0.0270  0.0268  0.0284  0.0283  0.0285  0.0269  0.0280  0.0269  0.0270  0.0267  0.0274
  0.0264  0.0262  0.0262  0.0268  0.0268  0.0268  0.0262  0.0262  0.0263  0.0263  0.0262  0.0263
  0.0260  0.0260  0.0260  0.0260  0.0260  0.0260  0.0260  0.0260  0.0260  0.0260  0.0260  0.0260
  0.0262  0.0263  0.0262  0.0261  0.0259  0.0254  0.0263  0.0268  0.0262  0.0262  0.0263  0.0264
  0.0272  0.0270  0.0269  0.0273  0.0275  0.0263  0.0269  0.0283  0.0269  0.0269  0.0269  0.0275
  0.0290  0.0279  0.0278  0.0315  0.0314  0.0327  0.0280  0.0309  0.0279  0.0279  0.0276  0.0292
niter,ni,del,rscale     1    3    5.0000    1.2000
parameters
   -3.8976  -12.1691    9.9904  -13.1796  -29.7674  -21.0795
    7.6342   -5.8236  -12.0838  -14.8684    5.3363   19.8270
eta,q 0.97397 13.69480
  0.0291  0.0284  0.0278  0.0305  0.0304  0.0307  0.0279  0.0316  0.0279  0.0281  0.0277  0.0291
  0.0275  0.0270  0.0268  0.0284  0.0283  0.0285  0.0269  0.0280  0.0269  0.0270  0.0268  0.0275
  0.0264  0.0262  0.0262  0.0269  0.0268  0.0268  0.0263  0.0262  0.0263  0.0263  0.0262  0.0264
  0.0260  0.0260  0.0260  0.0260  0.0260  0.0260  0.0260  0.0260  0.0260  0.0260  0.0260  0.0260
  0.0263  0.0263  0.0263  0.0261  0.0259  0.0254  0.0263  0.0269  0.0262  0.0263  0.0263  0.0264
  0.0273  0.0270  0.0269  0.0274  0.0275  0.0263  0.0269  0.0284  0.0269  0.0269  0.0269  0.0275
  0.0290  0.0280  0.0278  0.0315  0.0314  0.0327  0.0280  0.0309  0.0279  0.0279  0.0277  0.0292
registration optimization eta report
parameter search radius
    2.7600    2.7600    2.7600   10.9503   12.5928   10.9503
    8.2800    9.5220    8.2800    7.2000    8.2800   12.5928
100000*second partial in parameter space
       40.       29.       24.        4.        3.        5.
        3.        6.        3.        4.        2.        2.
  0.0291  0.0284  0.0278  0.0305  0.0304  0.0307  0.0279  0.0316  0.0279  0.0281  0.0277  0.0291
  0.0275  0.0270  0.0268  0.0284  0.0283  0.0285  0.0269  0.0280  0.0269  0.0270  0.0268  0.0275
  0.0264  0.0262  0.0262  0.0269  0.0268  0.0268  0.0263  0.0262  0.0263  0.0263  0.0262  0.0264
  0.0260  0.0260  0.0260  0.0260  0.0260  0.0260  0.0260  0.0260  0.0260  0.0260  0.0260  0.0260
  0.0263  0.0263  0.0263  0.0261  0.0259  0.0254  0.0263  0.0269  0.0262  0.0263  0.0263  0.0264
  0.0273  0.0270  0.0269  0.0274  0.0275  0.0263  0.0269  0.0284  0.0269  0.0269  0.0269  0.0275
  0.0290  0.0280  0.0278  0.0315  0.0314  0.0327  0.0280  0.0309  0.0279  0.0279  0.0277  0.0292
   -3.8976  -12.1691    9.9904  -13.1796  -29.7674  -21.0795
    7.6342   -5.8236  -12.0838  -14.8684    5.3363   19.8270
eta,q 0.97397 13.69480

---------------------------------------------------------------------
imgreg_4dfp /opt/freesurfer/average/711-2C_as_mni_average_305 /opt/freesurfer/average/711-2B_as_mni_average_305_mask talsrcimg_g11 none talsrcimg_to_711-2C_as_mni_average_305_t4 2311
---------------------------------------------------------------------

freesurfer imgreg_4dfp.c
/opt/freesurfer/average/711-2C_as_mni_average_305.4dfp.img
       256       256       256         1
  1.000000  1.000000  1.000000
orientation T byte_order littleendian
Reading image: /opt/freesurfer/average/711-2C_as_mni_average_305.4dfp.img
dimensions:      256       256       256
mmppix:       1.0000   -1.0000   -1.0000
center:     128.0000 -129.0000 -129.0000
/opt/freesurfer/average/711-2B_as_mni_average_305_mask.4dfp.img
       256       256       256         1
  1.000000  1.000000  1.000000
orientation T byte_order littleendian
Reading mask: /opt/freesurfer/average/711-2B_as_mni_average_305_mask.4dfp.img (2306576 pixels)
talsrcimg_g11.4dfp.img
       256       256       256         1
  1.000000  1.000000  1.000000
orientation T byte_order littleendian
Reading image: talsrcimg_g11.4dfp.img
dimensions:      256       256       256
mmppix:       1.0000   -1.0000   -1.0000
center:     128.0000 -129.0000 -129.0000
fimgreg.f
image alignment mode   2311 decimal      907 hex
parameters
   -3.8976  -12.1691    9.9904  -13.1796  -29.7674  -21.0795
    7.6342   -5.8236  -12.0838  -14.8684    5.3363   19.8270
eta,q 0.97397 13.69481
niter,ni,del,rscale     5    3    5.0000    0.8000
parameter  5 -0.595913 -> -0.500000 qaram    1.1500
parameter  6 -3.464268 -> -0.500000 qaram    1.1500
parameters
   -3.8109  -12.2681   10.0194  -12.0091  -27.0074  -18.3195
    7.3288   -5.2492  -12.4551  -15.8835    7.1274   20.3997
eta,q 0.97497 14.12922
  0.0271  0.0267  0.0267  0.0273  0.0269  0.0270  0.0259  0.0274  0.0258  0.0257  0.0261  0.0257
  0.0266  0.0263  0.0263  0.0267  0.0264  0.0264  0.0255  0.0261  0.0254  0.0253  0.0257  0.0254
  0.0262  0.0260  0.0261  0.0263  0.0261  0.0259  0.0252  0.0254  0.0252  0.0251  0.0253  0.0252
  0.0260  0.0260  0.0260  0.0260  0.0259  0.0257  0.0252  0.0252  0.0252  0.0252  0.0251  0.0250
  0.0261  0.0262  0.0261  0.0258  0.0257  0.0255  0.0253  0.0253  0.0253  0.0254  0.0250  0.0250
  0.0264  0.0264  0.0263  0.0260  0.0257  0.0251  0.0256  0.0257  0.0256  0.0259  0.0251  0.0252
  0.0270  0.0268  0.0266  0.0265  0.0258  0.0247  0.0261  0.0264  0.0259  0.0264  0.0253  0.0254
niter,ni,del,rscale     6    3    5.0000    0.9000
parameters
   -3.9105  -12.4904    9.8856  -11.1063  -27.5265  -19.1717
    7.7121   -5.4840  -13.2207  -16.0792    7.3524   20.9849
eta,q 0.97490 14.11907
  0.0264  0.0258  0.0257  0.0271  0.0258  0.0265  0.0263  0.0273  0.0258  0.0263  0.0260  0.0258
  0.0256  0.0253  0.0253  0.0264  0.0254  0.0259  0.0257  0.0261  0.0253  0.0256  0.0255  0.0255
  0.0252  0.0251  0.0250  0.0257  0.0250  0.0255  0.0253  0.0254  0.0251  0.0252  0.0253  0.0252
  0.0250  0.0250  0.0250  0.0250  0.0248  0.0249  0.0252  0.0252  0.0252  0.0251  0.0251  0.0251
  0.0252  0.0252  0.0252  0.0248  0.0248  0.0245  0.0252  0.0254  0.0254  0.0253  0.0252  0.0251
  0.0259  0.0257  0.0255  0.0254  0.0254  0.0259  0.0255  0.0263  0.0257  0.0258  0.0254  0.0253
  0.0268  0.0263  0.0260  0.0263  0.0267  0.0298  0.0260  0.0279  0.0262  0.0264  0.0259  0.0256
niter,ni,del,rscale     5    3    5.0000    0.8000
parameters
   -4.0771  -12.5614    9.8923  -10.8788  -27.4296  -18.8895
    8.0204   -5.7251  -13.2654  -16.2089    7.5392   21.3153
eta,q 0.97505 14.16609
  0.0262  0.0258  0.0257  0.0266  0.0260  0.0265  0.0259  0.0269  0.0257  0.0259  0.0257  0.0255
  0.0255  0.0254  0.0253  0.0261  0.0256  0.0259  0.0254  0.0258  0.0253  0.0254  0.0253  0.0252
  0.0252  0.0252  0.0251  0.0255  0.0253  0.0255  0.0251  0.0252  0.0250  0.0250  0.0251  0.0250
  0.0251  0.0251  0.0251  0.0251  0.0251  0.0251  0.0250  0.0250  0.0250  0.0250  0.0250  0.0250
  0.0254  0.0252  0.0252  0.0252  0.0250  0.0245  0.0250  0.0252  0.0251  0.0251  0.0250  0.0250
  0.0259  0.0255  0.0254  0.0257  0.0253  0.0248  0.0253  0.0260  0.0253  0.0255  0.0252  0.0251
  0.0268  0.0260  0.0257  0.0265  0.0262  0.0270  0.0257  0.0274  0.0257  0.0260  0.0257  0.0254
niter,ni,del,rscale     4    3    5.0000    0.7000
parameters
   -4.1842  -12.6444    9.9234  -10.7707  -27.1048  -18.5300
    8.1590   -5.9027  -13.2732  -16.3463    7.6088   21.4742
eta,q 0.97524 14.22054
  0.0259  0.0255  0.0255  0.0263  0.0257  0.0261  0.0255  0.0265  0.0254  0.0255  0.0254  0.0252
  0.0253  0.0252  0.0252  0.0257  0.0254  0.0257  0.0251  0.0255  0.0250  0.0251  0.0251  0.0250
  0.0250  0.0250  0.0250  0.0252  0.0251  0.0254  0.0249  0.0250  0.0248  0.0248  0.0249  0.0248
  0.0249  0.0249  0.0249  0.0249  0.0249  0.0249  0.0248  0.0248  0.0248  0.0248  0.0248  0.0248
  0.0251  0.0250  0.0250  0.0250  0.0249  0.0244  0.0248  0.0250  0.0249  0.0249  0.0248  0.0248
  0.0256  0.0253  0.0252  0.0255  0.0251  0.0247  0.0250  0.0257  0.0251  0.0252  0.0250  0.0249
  0.0262  0.0257  0.0254  0.0263  0.0257  0.0265  0.0254  0.0269  0.0254  0.0256  0.0254  0.0252
niter,ni,del,rscale     3    3    5.0000    0.6000
parameters
   -4.2464  -12.7331    9.9670  -10.7272  -26.7873  -18.0777
    8.2087   -6.0483  -13.2327  -16.5011    7.5777   21.5334
eta,q 0.97544 14.27116
  0.0255  0.0252  0.0252  0.0259  0.0254  0.0259  0.0251  0.0260  0.0250  0.0251  0.0251  0.0249
  0.0251  0.0249  0.0250  0.0254  0.0251  0.0255  0.0248  0.0252  0.0248  0.0248  0.0248  0.0247
  0.0248  0.0248  0.0248  0.0250  0.0249  0.0252  0.0246  0.0247  0.0246  0.0246  0.0246  0.0246
  0.0248  0.0248  0.0248  0.0248  0.0248  0.0247  0.0246  0.0246  0.0246  0.0246  0.0246  0.0246
  0.0249  0.0248  0.0248  0.0249  0.0247  0.0243  0.0246  0.0247  0.0246  0.0247  0.0246  0.0246
  0.0252  0.0250  0.0249  0.0253  0.0249  0.0246  0.0248  0.0253  0.0248  0.0249  0.0248  0.0247
  0.0257  0.0253  0.0251  0.0259  0.0253  0.0259  0.0251  0.0263  0.0250  0.0252  0.0251  0.0249
niter,ni,del,rscale     2    3    5.0000    0.5000
parameters
   -4.2884  -12.8301   10.0536  -10.7319  -26.4752  -17.5632
    8.2152   -6.1774  -13.2131  -16.7141    7.4862   21.4266
eta,q 0.97563 14.31890
  0.0251  0.0248  0.0250  0.0254  0.0250  0.0256  0.0248  0.0255  0.0247  0.0247  0.0248  0.0246
  0.0248  0.0247  0.0248  0.0250  0.0249  0.0253  0.0246  0.0249  0.0245  0.0245  0.0246  0.0245
  0.0246  0.0246  0.0246  0.0247  0.0247  0.0250  0.0244  0.0245  0.0244  0.0244  0.0244  0.0244
  0.0246  0.0246  0.0246  0.0246  0.0246  0.0245  0.0244  0.0244  0.0244  0.0244  0.0244  0.0244
  0.0247  0.0246  0.0246  0.0247  0.0245  0.0242  0.0244  0.0245  0.0244  0.0244  0.0244  0.0244
  0.0249  0.0248  0.0247  0.0250  0.0247  0.0245  0.0245  0.0250  0.0245  0.0246  0.0246  0.0245
  0.0252  0.0250  0.0248  0.0255  0.0250  0.0255  0.0248  0.0257  0.0247  0.0248  0.0248  0.0247
niter,ni,del,rscale     1    3    5.0000    0.4000
parameters
   -4.3147  -12.9410   10.1595  -10.7871  -26.1448  -17.0528
    8.2369   -6.2841  -13.1703  -17.0115    7.3663   21.1621
eta,q 0.97581 14.36347
  0.0248  0.0245  0.0247  0.0250  0.0247  0.0253  0.0245  0.0250  0.0244  0.0244  0.0245  0.0243
  0.0245  0.0244  0.0245  0.0247  0.0246  0.0251  0.0243  0.0245  0.0243  0.0243  0.0243  0.0243
  0.0244  0.0244  0.0244  0.0244  0.0244  0.0247  0.0242  0.0243  0.0242  0.0242  0.0242  0.0242
  0.0244  0.0244  0.0244  0.0244  0.0244  0.0243  0.0242  0.0242  0.0242  0.0242  0.0242  0.0242
  0.0244  0.0244  0.0244  0.0244  0.0243  0.0241  0.0242  0.0243  0.0242  0.0242  0.0242  0.0242
  0.0246  0.0245  0.0244  0.0247  0.0244  0.0243  0.0243  0.0246  0.0243  0.0244  0.0243  0.0243
  0.0248  0.0247  0.0246  0.0251  0.0246  0.0250  0.0245  0.0251  0.0244  0.0245  0.0245  0.0244
registration optimization eta report
parameter search radius
    0.8000    0.8000    0.8000    2.4000    2.7600    2.7600
    2.4000    2.4000    2.4000    2.4000    2.4000    2.4000
100000*second partial in parameter space
       66.       37.       40.       11.        4.       11.
        5.       15.        4.        5.        5.        3.
  0.0248  0.0245  0.0247  0.0250  0.0247  0.0253  0.0245  0.0250  0.0244  0.0244  0.0245  0.0243
  0.0245  0.0244  0.0245  0.0247  0.0246  0.0251  0.0243  0.0245  0.0243  0.0243  0.0243  0.0243
  0.0244  0.0244  0.0244  0.0244  0.0244  0.0247  0.0242  0.0243  0.0242  0.0242  0.0242  0.0242
  0.0244  0.0244  0.0244  0.0244  0.0244  0.0243  0.0242  0.0242  0.0242  0.0242  0.0242  0.0242
  0.0244  0.0244  0.0244  0.0244  0.0243  0.0241  0.0242  0.0243  0.0242  0.0242  0.0242  0.0242
  0.0246  0.0245  0.0244  0.0247  0.0244  0.0243  0.0243  0.0246  0.0243  0.0244  0.0243  0.0243
  0.0248  0.0247  0.0246  0.0251  0.0246  0.0250  0.0245  0.0251  0.0244  0.0245  0.0245  0.0244
   -4.3147  -12.9410   10.1595  -10.7871  -26.1448  -17.0528
    8.2369   -6.2841  -13.1703  -17.0115    7.3663   21.1621
eta,q 0.97581 14.36347

---------------------------------------------------------------------
imgreg_4dfp /opt/freesurfer/average/711-2C_as_mni_average_305 /opt/freesurfer/average/711-2B_as_mni_average_305_mask talsrcimg_g11 none talsrcimg_to_711-2C_as_mni_average_305_t4 2311
---------------------------------------------------------------------

freesurfer imgreg_4dfp.c
/opt/freesurfer/average/711-2C_as_mni_average_305.4dfp.img
       256       256       256         1
  1.000000  1.000000  1.000000
orientation T byte_order littleendian
Reading image: /opt/freesurfer/average/711-2C_as_mni_average_305.4dfp.img
dimensions:      256       256       256
mmppix:       1.0000   -1.0000   -1.0000
center:     128.0000 -129.0000 -129.0000
/opt/freesurfer/average/711-2B_as_mni_average_305_mask.4dfp.img
       256       256       256         1
  1.000000  1.000000  1.000000
orientation T byte_order littleendian
Reading mask: /opt/freesurfer/average/711-2B_as_mni_average_305_mask.4dfp.img (2306576 pixels)
talsrcimg_g11.4dfp.img
       256       256       256         1
  1.000000  1.000000  1.000000
orientation T byte_order littleendian
Reading image: talsrcimg_g11.4dfp.img
dimensions:      256       256       256
mmppix:       1.0000   -1.0000   -1.0000
center:     128.0000 -129.0000 -129.0000
fimgreg.f
image alignment mode   2311 decimal      907 hex
parameters
   -4.3147  -12.9410   10.1595  -10.7871  -26.1448  -17.0528
    8.2369   -6.2841  -13.1703  -17.0115    7.3663   21.1621
eta,q 0.97581 14.36346
niter,ni,del,rscale     5    3    5.0000    0.8000
parameters
   -4.3434  -13.0723   10.3151  -11.1945  -26.6793  -17.8583
    8.3093   -6.2534  -13.3587  -17.3114    7.6580   21.5980
eta,q 0.97549 14.29665
  0.0258  0.0250  0.0256  0.0258  0.0249  0.0257  0.0255  0.0269  0.0253  0.0254  0.0254  0.0252
  0.0249  0.0245  0.0249  0.0251  0.0246  0.0254  0.0250  0.0256  0.0248  0.0249  0.0250  0.0249
  0.0244  0.0243  0.0244  0.0245  0.0244  0.0249  0.0247  0.0249  0.0246  0.0246  0.0247  0.0246
  0.0242  0.0242  0.0242  0.0242  0.0242  0.0242  0.0246  0.0246  0.0246  0.0246  0.0245  0.0245
  0.0244  0.0243  0.0243  0.0245  0.0243  0.0243  0.0246  0.0247  0.0247  0.0247  0.0246  0.0245
  0.0250  0.0247  0.0246  0.0254  0.0247  0.0258  0.0249  0.0255  0.0249  0.0251  0.0248  0.0247
  0.0259  0.0253  0.0251  0.0267  0.0256  0.0287  0.0254  0.0270  0.0253  0.0257  0.0253  0.0250
niter,ni,del,rscale     4    3    5.0000    0.7000
parameters
   -4.3301  -13.0661   10.1564  -10.9932  -26.4815  -17.9232
    8.3756   -6.3141  -13.3578  -17.2458    7.7290   21.6820
eta,q 0.97552 14.31354
  0.0257  0.0252  0.0250  0.0260  0.0251  0.0257  0.0253  0.0264  0.0251  0.0253  0.0252  0.0250
  0.0251  0.0248  0.0247  0.0254  0.0249  0.0254  0.0248  0.0254  0.0248  0.0249  0.0248  0.0247
  0.0247  0.0246  0.0245  0.0249  0.0247  0.0250  0.0246  0.0247  0.0245  0.0246  0.0246  0.0246
  0.0245  0.0245  0.0245  0.0245  0.0245  0.0245  0.0245  0.0245  0.0245  0.0245  0.0245  0.0245
  0.0246  0.0246  0.0246  0.0246  0.0244  0.0242  0.0246  0.0247  0.0246  0.0246  0.0245  0.0245
  0.0250  0.0248  0.0249  0.0251  0.0246  0.0248  0.0248  0.0254  0.0248  0.0248  0.0248  0.0247
  0.0257  0.0252  0.0253  0.0259  0.0252  0.0266  0.0252  0.0266  0.0251  0.0252  0.0252  0.0250
niter,ni,del,rscale     3    3    5.0000    0.6000
parameters
   -4.3551  -13.0572   10.1293  -10.8910  -26.3086  -17.5850
    8.3643   -6.3986  -13.3158  -17.1994    7.6524   21.5917
eta,q 0.97565 14.34188
  0.0253  0.0250  0.0250  0.0257  0.0250  0.0256  0.0249  0.0259  0.0248  0.0250  0.0249  0.0247
  0.0249  0.0247  0.0247  0.0252  0.0248  0.0253  0.0246  0.0251  0.0246  0.0246  0.0246  0.0245
  0.0246  0.0245  0.0245  0.0247  0.0246  0.0249  0.0244  0.0245  0.0244  0.0244  0.0244  0.0244
  0.0245  0.0245  0.0245  0.0245  0.0245  0.0245  0.0243  0.0243  0.0243  0.0243  0.0243  0.0243
  0.0246  0.0245  0.0246  0.0246  0.0244  0.0242  0.0244  0.0245  0.0244  0.0244  0.0244  0.0244
  0.0249  0.0247  0.0247  0.0250  0.0246  0.0245  0.0246  0.0251  0.0246  0.0246  0.0246  0.0245
  0.0254  0.0250  0.0250  0.0257  0.0250  0.0257  0.0249  0.0261  0.0248  0.0249  0.0250  0.0248
niter,ni,del,rscale     2    3    5.0000    0.5000
parameters
   -4.3758  -13.0793   10.1924  -10.8776  -26.0795  -17.1558
    8.3504   -6.4612  -13.2714  -17.3000    7.5283   21.3434
eta,q 0.97580 14.37405
  0.0250  0.0247  0.0248  0.0253  0.0247  0.0254  0.0246  0.0254  0.0245  0.0246  0.0246  0.0244
  0.0246  0.0245  0.0245  0.0249  0.0246  0.0251  0.0244  0.0247  0.0244  0.0244  0.0244  0.0243
  0.0244  0.0244  0.0244  0.0245  0.0244  0.0247  0.0242  0.0243  0.0242  0.0242  0.0242  0.0242
  0.0243  0.0243  0.0243  0.0243  0.0243  0.0243  0.0242  0.0242  0.0242  0.0242  0.0242  0.0242
  0.0244  0.0244  0.0244  0.0244  0.0243  0.0241  0.0242  0.0244  0.0242  0.0243  0.0243  0.0242
  0.0247  0.0245  0.0245  0.0248  0.0244  0.0244  0.0244  0.0248  0.0243  0.0244  0.0244  0.0244
  0.0250  0.0247  0.0247  0.0253  0.0247  0.0252  0.0246  0.0256  0.0245  0.0247  0.0247  0.0246
niter,ni,del,rscale     1    3    5.0000    0.4000
parameters
   -4.3896  -13.1409   10.2862  -10.9116  -25.8041  -16.7447
    8.3829   -6.4995  -13.2128  -17.5163    7.4000   21.0465
eta,q 0.97591 14.40809
  0.0246  0.0244  0.0246  0.0248  0.0245  0.0251  0.0244  0.0249  0.0243  0.0243  0.0244  0.0242
  0.0244  0.0243  0.0244  0.0245  0.0244  0.0248  0.0242  0.0245  0.0242  0.0242  0.0242  0.0242
  0.0242  0.0242  0.0243  0.0243  0.0243  0.0245  0.0241  0.0242  0.0241  0.0241  0.0241  0.0241
  0.0242  0.0242  0.0242  0.0242  0.0242  0.0242  0.0241  0.0241  0.0241  0.0241  0.0241  0.0241
  0.0243  0.0242  0.0242  0.0243  0.0242  0.0241  0.0241  0.0242  0.0241  0.0241  0.0241  0.0241
  0.0244  0.0243  0.0243  0.0245  0.0243  0.0242  0.0242  0.0245  0.0242  0.0243  0.0243  0.0242
  0.0247  0.0245  0.0244  0.0249  0.0244  0.0248  0.0244  0.0250  0.0243  0.0244  0.0244  0.0244
registration optimization eta report
parameter search radius
    0.8000    0.8000    0.8000    2.4000    2.4000    2.4000
    2.4000    2.4000    2.4000    2.4000    2.4000    2.4000
100000*second partial in parameter space
       68.       37.       45.       12.        4.       13.
        5.       15.        4.        5.        6.        4.
  0.0246  0.0244  0.0246  0.0248  0.0245  0.0251  0.0244  0.0249  0.0243  0.0243  0.0244  0.0242
  0.0244  0.0243  0.0244  0.0245  0.0244  0.0248  0.0242  0.0245  0.0242  0.0242  0.0242  0.0242
  0.0242  0.0242  0.0243  0.0243  0.0243  0.0245  0.0241  0.0242  0.0241  0.0241  0.0241  0.0241
  0.0242  0.0242  0.0242  0.0242  0.0242  0.0242  0.0241  0.0241  0.0241  0.0241  0.0241  0.0241
  0.0243  0.0242  0.0242  0.0243  0.0242  0.0241  0.0241  0.0242  0.0241  0.0241  0.0241  0.0241
  0.0244  0.0243  0.0243  0.0245  0.0243  0.0242  0.0242  0.0245  0.0242  0.0243  0.0243  0.0242
  0.0247  0.0245  0.0244  0.0249  0.0244  0.0248  0.0244  0.0250  0.0243  0.0244  0.0244  0.0244
   -4.3896  -13.1409   10.2862  -10.9116  -25.8041  -16.7447
    8.3829   -6.4995  -13.2128  -17.5163    7.4000   21.0465
eta,q 0.97591 14.40809

---------------------------------------------------------------------
compute_vox2vox talsrcimg talsrcimg_to_711-2C_as_mni_average_305_t4 /opt/freesurfer/average/711-2C_as_mni_average_305
---------------------------------------------------------------------

freesurfer compute_vox2vox.c
Reading: talsrcimg.4dfp.ifh
Reading: talsrcimg_to_711-2C_as_mni_average_305_t4
Reading: /opt/freesurfer/average/711-2C_as_mni_average_305.4dfp.ifh
Writing: talsrcimg_to_711-2C_as_mni_average_305_t4_vox2vox.txt

start time Wed Mar 11 09:07:15 CET 2026
end		time Wed Mar 11 09:08:43 CET 2026

mpr2mni305 success

avi2talxfm orig_nu.mgz /opt/freesurfer/average/mni305.cor.mgz talsrcimg_to_711-2C_as_mni_average_305_t4_vox2vox.txt transforms/talairach.auto.xfm
avi2talxfm done
mv -f /out/sourcedata/freesurfer/sub-v2s15x29754_ses-1/mri/talsrcimg_to_711-2C_as_mni_average_305_t4_vox2vox.txt /out/sourcedata/freesurfer/sub-v2s15x29754_ses-1/mri/transforms/talsrcimg_to_711-2C_as_mni_average_305_t4_vox2vox.txt
lta_convert --src orig_nu.mgz --trg /opt/freesurfer/average/mni305.cor.mgz --inxfm transforms/talairach.auto.xfm --outlta transforms/talairach.auto.xfm.lta --subject fsaverage
7.3.2

--src: orig_nu.mgz src image (geometry).
--trg: /opt/freesurfer/average/mni305.cor.mgz trg image (geometry).
--inmni: transforms/talairach.auto.xfm input MNI/XFM transform.
--outlta: transforms/talairach.auto.xfm.lta output LTA.
--s: fsaverage subject name
 LTA read, type : 1
 1.09706   0.05621  -0.13990  -12.47356;
-0.13862   1.12638  -0.30385  -19.43433;
 0.16264   0.27593   1.25114  -3.17822;
 0.00000   0.00000   0.00000   1.00000;
setting subject to fsaverage
Writing  LTA to file transforms/talairach.auto.xfm.lta...
lta_convert successful.
 
 
Started at Wed Mar 11 09:07:15 CET 2026
Ended   at Wed Mar 11 09:08:43 CET 2026
talairach_avi done
