06539124-69ce-41dc-97bf-37a2bed6fb30 oesteban@dna087:/tmp/59472779/oesteban/bootstrap-fmriprep/59472779_1090/project/derivatives/v2s15 timestamp=1773214823.175761401s
0696912f-e9c9-4549-90df-dc237a383530 oesteban@dna079:/tmp/59472793/oesteban/bootstrap-fmriprep/59472793_1096/project/derivatives/v2s15 timestamp=1773215693.453443491s
092fe38c-1177-40f1-b87b-3f1cce209ad4 oesteban@dna060:/tmp/59472749/oesteban/bootstrap-fmriprep/59472749_1084/project/derivatives/v2s15 timestamp=1773213171.968552774s
0bb9a352-d664-4205-a116-75861d7ef787 oesteban@dna023:/tmp/59472717/oesteban/bootstrap-fmriprep/59472717_1078/project/derivatives/v2s15 timestamp=1773211551.741702232s
1a9451cc-0159-4580-860a-df51f19901ae oesteban@dna016:/tmp/59472691/oesteban/bootstrap-fmriprep/59472691_1074/project/derivatives/v2s15 timestamp=1773211042.052651631s
23384842-895d-4c80-a414-fe6efc3c4819 oesteban@dna020:/tmp/59473941/oesteban/bootstrap-fmriprep/59473941_1101/project/derivatives/v2s15 timestamp=1773218616.344559866s
2ac5d8af-43ee-47cb-93a0-0e99e6a688b0 oesteban@dna058:/tmp/59472775/oesteban/bootstrap-fmriprep/59472775_1089/project/derivatives/v2s15 timestamp=1773214762.399854074s
2c11dcd1-e6bb-41a9-990b-b3c1e5791601 oesteban@dna056:/tmp/59474307/oesteban/bootstrap-fmriprep/59474307_1102/project/derivatives/v2s15 timestamp=1773218878.141432847s
2e8a8349-9e0a-4d15-9b78-0f68971e8de3 oesteban@dna003:/tmp/59472721/oesteban/bootstrap-fmriprep/59472721_1080/project/derivatives/v2s15 timestamp=1773211701.555403065s
30549cec-5878-4f88-a4e0-096b5cf9feeb oesteban@dna069:/tmp/59472798/oesteban/bootstrap-fmriprep/59472798_1099/project/derivatives/v2s15 timestamp=1773215993.547633079s
3c620a7c-827e-4094-b174-6974f847848f oesteban@dna038:/tmp/59472741/oesteban/bootstrap-fmriprep/59472741_1081/project/derivatives/v2s15 timestamp=1773212962.027666142s
4941194e-a7ca-4a4c-8483-29ff3994afad oesteban@dna060:/tmp/59472781/oesteban/bootstrap-fmriprep/59472781_1091/project/derivatives/v2s15 timestamp=1773214882.390612589s
5bebff09-2da3-4705-affc-4d04275f4335 oesteban@Mac:~/workspace/abide_preproc/derivatives/v2s15 timestamp=1773736588s
633e896d-955f-4da0-9674-a6a21110778a oesteban@dna063:/tmp/59472787/oesteban/bootstrap-fmriprep/59472787_1094/project/derivatives/v2s15 timestamp=1773215062.730653546s
6440a689-03f4-4491-b00c-328fa007d52c oesteban@Mac:~/workspace/abide_preproc/derivatives/v2s15 timestamp=1772959785s
6ddf5f73-83ea-441a-ae59-2777c59ebbed oesteban@dna052:/tmp/59472758/oesteban/bootstrap-fmriprep/59472758_1085/project/derivatives/v2s15 timestamp=1773214012.547949272s
725d3877-d9e6-41d6-a551-a5eeff156661 oesteban@dna013:/tmp/59472696/oesteban/bootstrap-fmriprep/59472696_1077/project/derivatives/v2s15 timestamp=1773211221.470872127s
72d89341-8100-407f-8605-7c8b70b41913 oesteban@dna062:/tmp/59472693/oesteban/bootstrap-fmriprep/59472693_1076/project/derivatives/v2s15 timestamp=1773211071.735640929s
7e06b735-f08b-4132-bc6a-0888dda58da7 oesteban@dna034:/tmp/59472742/oesteban/bootstrap-fmriprep/59472742_1082/project/derivatives/v2s15 timestamp=1773212991.829814824s
84db9592-843f-4ba4-94c5-131289ffb055 oesteban@dna043:/tmp/59472718/oesteban/bootstrap-fmriprep/59472718_1079/project/derivatives/v2s15 timestamp=1773211551.532186012s
8fef6fb9-c92d-4987-9432-ab3d3cc68369 oesteban@dna023:/tmp/59472570/oesteban/bootstrap-fmriprep/59472570_1072/project/derivatives/v2s15 timestamp=1773209990.872522573s
924238b3-f887-420b-903a-f001b1da6344 oesteban@dna058:/tmp/59472582/oesteban/bootstrap-fmriprep/59472582_1073/project/derivatives/v2s15 timestamp=1773210170.857873907s
9520d4e9-2333-4973-af9b-334c9e96daf3 oesteban@dna052:/tmp/59472783/oesteban/bootstrap-fmriprep/59472783_1092/project/derivatives/v2s15 timestamp=1773214942.234296701s
9bebb2b3-fc07-4aa5-bc49-f79255348ee4 oesteban@dna061:/tmp/59472799/oesteban/bootstrap-fmriprep/59472799_1100/project/derivatives/v2s15 timestamp=1773216052.861822616s
9c0637d8-0892-41bd-be43-f7bb111ec1e4 oesteban@dna020:/tmp/59472766/oesteban/bootstrap-fmriprep/59472766_1086/project/derivatives/v2s15 timestamp=1773214192.269693671s
a1c3ed2c-8a90-4b24-b7f0-bf8a25bd789a oesteban@dna020:/tmp/59472772/oesteban/bootstrap-fmriprep/59472772_1088/project/derivatives/v2s15 timestamp=1773214432.335290379s
a54af885-d346-446b-9a1b-985c495970e8 oesteban@dna029:/tmp/59474512/oesteban/bootstrap-fmriprep/59474512_1103/project/derivatives/v2s15 timestamp=1773219089.167111823s
ac582df1-3152-4160-ad73-73478d66b34c oesteban@dna054:/tmp/59472692/oesteban/bootstrap-fmriprep/59472692_1075/project/derivatives/v2s15 timestamp=1773211071.836802966s
b777233c-507e-4c7d-a972-91b3b34d1bc2 oesteban@curnagl:/scratch/oesteban/abide_fmriprep/derivatives/v2s15 timestamp=1772982603.954441621s
ccf327b7-b2b4-49ea-92e2-a9ed69e29f8d oesteban@dna058:/tmp/59472743/oesteban/bootstrap-fmriprep/59472743_1083/project/derivatives/v2s15 timestamp=1773213021.946685826s
cf7adb2a-4133-4c4e-95e7-0f77fcab2c5e oesteban@dna059:/tmp/59472790/oesteban/bootstrap-fmriprep/59472790_1095/project/derivatives/v2s15 timestamp=1773215422.628909597s
e4092f79-c7b1-4575-a7f1-c6e251a3795c oesteban@dna012:/tmp/59472785/oesteban/bootstrap-fmriprep/59472785_1093/project/derivatives/v2s15 timestamp=1773214972.218642061s
eb71b804-83a1-4dec-9183-be39706bdd8d oesteban@dna006:/tmp/59472797/oesteban/bootstrap-fmriprep/59472797_1098/project/derivatives/v2s15 timestamp=1773215932.707611933s
f21966ad-a25c-4e75-b9bd-90d490f7297f oesteban@dna087:/tmp/59472770/oesteban/bootstrap-fmriprep/59472770_1087/project/derivatives/v2s15 timestamp=1773214373.216309683s
f462b5f7-9088-4975-be92-f071d9d2d804 oesteban@dna060:/tmp/59472795/oesteban/bootstrap-fmriprep/59472795_1097/project/derivatives/v2s15 timestamp=1773215842.575182346s
f4ef9597-d129-4b24-af73-52318746274e git@0cf3a9a26dcd:/data/repos/abide-fmriprep/v2s15.git timestamp=1773209992.813988268s
