status file for recon-all
Wed Mar 11 10:18:40 CET 2026
#@# Tessellate lh Wed Mar 11 10:18:40 CET 2026
#@# Smooth1 lh Wed Mar 11 10:18:43 CET 2026
#@# Inflation1 lh Wed Mar 11 10:18:44 CET 2026
#@# QSphere lh Wed Mar 11 10:18:53 CET 2026
#@# Fix Topology lh Wed Mar 11 10:19:39 CET 2026
#@# Smooth2 lh Wed Mar 11 10:24:48 CET 2026
#@# Inflation2 lh Wed Mar 11 10:24:50 CET 2026
#@# Curv .H and .K lh Wed Mar 11 10:24:59 CET 2026
#@# Sphere lh Wed Mar 11 10:25:37 CET 2026
#@# Surf Reg lh Wed Mar 11 10:28:25 CET 2026
#@# Jacobian white lh Wed Mar 11 10:31:12 CET 2026
#@# AvgCurv lh Wed Mar 11 10:31:13 CET 2026
#@# Cortical Parc lh Wed Mar 11 10:31:13 CET 2026
#@# white curv lh Wed Mar 11 10:36:52 CET 2026
#@# white area lh Wed Mar 11 10:36:53 CET 2026
#@# pial curv lh Wed Mar 11 10:36:54 CET 2026
#@# pial area lh Wed Mar 11 10:36:55 CET 2026
#@# thickness lh Wed Mar 11 10:36:55 CET 2026
#@# area and vertex vol lh Wed Mar 11 10:37:16 CET 2026
#@# Curvature Stats lh Wed Mar 11 10:37:17 CET 2026
#@# Cortical Parc 2 lh Wed Mar 11 10:37:18 CET 2026
#@# Cortical Parc 3 lh Wed Mar 11 10:37:28 CET 2026
#@# WM/GM Contrast lh Wed Mar 11 10:37:36 CET 2026
recon-all -s sub-v2s15x29755_ses-1 finished without error at Wed Mar 11 10:37:38 CET 2026



#New# invocation of recon-all 



status file for recon-all
Wed Mar 11 10:59:10 CET 2026
#@# white curv lh Wed Mar 11 10:59:10 CET 2026
#@# white area lh Wed Mar 11 10:59:10 CET 2026
#@# pial curv lh Wed Mar 11 10:59:10 CET 2026
#@# pial area lh Wed Mar 11 10:59:10 CET 2026
#@# thickness lh Wed Mar 11 10:59:10 CET 2026
#@# area and vertex vol lh Wed Mar 11 10:59:10 CET 2026
#@# Parcellation Stats lh Wed Mar 11 10:59:10 CET 2026
#@# Parcellation Stats 2 lh Wed Mar 11 10:59:25 CET 2026
#@# Parcellation Stats 3 lh Wed Mar 11 10:59:33 CET 2026
#@# BA_exvivo Labels lh Wed Mar 11 10:59:41 CET 2026
recon-all -s sub-v2s15x29755_ses-1 finished without error at Wed Mar 11 11:01:32 CET 2026
