status file for recon-all
Wed Mar 11 10:37:41 CET 2026
#@# Tessellate rh Wed Mar 11 10:37:41 CET 2026
#@# Smooth1 rh Wed Mar 11 10:37:44 CET 2026
#@# Inflation1 rh Wed Mar 11 10:37:45 CET 2026
#@# QSphere rh Wed Mar 11 10:37:53 CET 2026
#@# Fix Topology rh Wed Mar 11 10:38:36 CET 2026
#@# Smooth2 rh Wed Mar 11 10:42:38 CET 2026
#@# Inflation2 rh Wed Mar 11 10:42:40 CET 2026
#@# Curv .H and .K rh Wed Mar 11 10:42:48 CET 2026
#@# Sphere rh Wed Mar 11 10:43:26 CET 2026
#@# Surf Reg rh Wed Mar 11 10:44:57 CET 2026
#@# Jacobian white rh Wed Mar 11 10:47:47 CET 2026
#@# AvgCurv rh Wed Mar 11 10:47:48 CET 2026
#@# Cortical Parc rh Wed Mar 11 10:47:48 CET 2026
#@# white curv rh Wed Mar 11 10:53:19 CET 2026
#@# white area rh Wed Mar 11 10:53:20 CET 2026
#@# pial curv rh Wed Mar 11 10:53:20 CET 2026
#@# pial area rh Wed Mar 11 10:53:22 CET 2026
#@# thickness rh Wed Mar 11 10:53:22 CET 2026
#@# area and vertex vol rh Wed Mar 11 10:53:42 CET 2026
#@# Curvature Stats rh Wed Mar 11 10:53:43 CET 2026
#@# Cortical Parc 2 rh Wed Mar 11 10:53:45 CET 2026
#@# Cortical Parc 3 rh Wed Mar 11 10:53:55 CET 2026
#@# WM/GM Contrast rh Wed Mar 11 10:54:03 CET 2026
recon-all -s sub-v2s15x29755_ses-1 finished without error at Wed Mar 11 10:54:05 CET 2026



#New# invocation of recon-all 



status file for recon-all
Wed Mar 11 11:01:35 CET 2026
#@# white curv rh Wed Mar 11 11:01:35 CET 2026
#@# white area rh Wed Mar 11 11:01:35 CET 2026
#@# pial curv rh Wed Mar 11 11:01:35 CET 2026
#@# pial area rh Wed Mar 11 11:01:35 CET 2026
#@# thickness rh Wed Mar 11 11:01:35 CET 2026
#@# area and vertex vol rh Wed Mar 11 11:01:35 CET 2026
#@# Parcellation Stats rh Wed Mar 11 11:01:35 CET 2026
#@# Parcellation Stats 2 rh Wed Mar 11 11:01:51 CET 2026
#@# Parcellation Stats 3 rh Wed Mar 11 11:01:58 CET 2026
#@# BA_exvivo Labels rh Wed Mar 11 11:02:06 CET 2026
recon-all -s sub-v2s15x29755_ses-1 finished without error at Wed Mar 11 11:03:56 CET 2026
