/out/sourcedata/freesurfer/sub-v2s15x29736_ses-1/mri
/opt/freesurfer/bin/talairach_avi
--i orig_nu.mgz --xfm transforms/talairach.auto.xfm
talairach_avi 7.3.2
Linux dna003 5.14.0-427.37.1.el9_4.x86_64 #1 SMP PREEMPT_DYNAMIC Fri Sep 13 12:41:50 EDT 2024 x86_64 x86_64 x86_64 GNU/Linux
Wed Mar 11 07:56:39 CET 2026
mri_convert orig_nu.mgz talsrcimg.img 
reading from orig_nu.mgz...
TR=0.00, TE=0.00, TI=0.00, flip angle=0.00
i_ras = (-1, 0, 0)
j_ras = (0, 0, -1)
k_ras = (0, 1, 0)
writing to talsrcimg.img...
Analyze Output Matrix
-1.00000   0.00000   0.00000   124.06976;
 0.00000   0.00000   1.00000  -121.34671;
 0.00000  -1.00000   0.00000   140.94080;
 0.00000   0.00000   0.00000   1.00000;
--------------------
INFO: set hdr.hist.orient to -1
mpr2mni305 talsrcimg
Wed Mar 11 07:56:39 CET 2026
/opt/freesurfer/bin/mpr2mni305 talsrcimg
mpr2mni305 7.3.2
target=711-2C_as_mni_average_305

---------------------------------------------------------------------
analyzeto4dfp talsrcimg -O0 -y
---------------------------------------------------------------------

freesurfer ifh2hdr.c
Wed Mar 11 07:56:40 2026
Writing: talsrcimg.4dfp.hdr
freesurfer analyzeto4dfp.c
Reading: talsrcimg.hdr
header size 348 bytes
hdr.dime.datatype	offset=70	value=2
hdr.dime.bitpix		offset=72	value=8
hdr.hist.orient		offset=252	value=-1
dimensionality     4
dimensions       256       256       256         1
Reading: talsrcimg.img
Writing: talsrcimg.4dfp.img
Writing: talsrcimg.4dfp.ifh
ifh2hdr talsrcimg -r0to244
ori=2

---------------------------------------------------------------------
gauss_4dfp talsrcimg 1.1
---------------------------------------------------------------------

freesurfer gauss_4dfp.c
Reading: talsrcimg.4dfp.img
Writing: talsrcimg_g11.4dfp.img
image dimensions 256 256 256 padded to 288 288 288
processing volume 1freesurfer ifh2hdr.c
Wed Mar 11 07:56:41 2026
Writing: talsrcimg_g11.4dfp.hdr

Writing: talsrcimg_g11.4dfp.ifh
including: talsrcimg.4dfp.img.rec in talsrcimg_g11.4dfp.img.rec

---------------------------------------------------------------------
imgreg_4dfp /opt/freesurfer/average/711-2C_as_mni_average_305 none talsrcimg_g11 none talsrcimg_to_711-2C_as_mni_average_305_t4 4355
---------------------------------------------------------------------

freesurfer imgreg_4dfp.c
/opt/freesurfer/average/711-2C_as_mni_average_305.4dfp.img
       256       256       256         1
  1.000000  1.000000  1.000000
orientation T byte_order littleendian
Reading image: /opt/freesurfer/average/711-2C_as_mni_average_305.4dfp.img
dimensions:      256       256       256
mmppix:       1.0000   -1.0000   -1.0000
center:     128.0000 -129.0000 -129.0000
talsrcimg_g11.4dfp.img
       256       256       256         1
  1.000000  1.000000  1.000000
orientation T byte_order littleendian
Reading image: talsrcimg_g11.4dfp.img
dimensions:      256       256       256
mmppix:       1.0000   -1.0000   -1.0000
center:     128.0000 -129.0000 -129.0000
t4_read: open error in t4_sub.f l:  41 t4_file(1:l)talsrcimg_to_711-2C_as_mni_average_305_t4 
t4_read: transform initialized to I4
rotation matrix determinant  1.000000
image alignment mode   4355 decimal     1103 hex
   -7.5000  -45.0000  -45.0000 9680.1318   14.8848
    0.0000  -45.0000  -45.000010149.2178   14.9195
    7.5000  -45.0000  -45.0000 9720.0439   14.9486
   -7.5000  -37.5000  -45.0000 9920.0215   14.8925
    0.0000  -37.5000  -45.000010444.7754   14.9308
    7.5000  -37.5000  -45.000010006.5127   14.9577
   -7.5000  -30.0000  -45.000010550.9023   14.8937
    0.0000  -30.0000  -45.000011104.4941   14.9376
    7.5000  -30.0000  -45.000010643.0430   14.9641
   -7.5000  -22.5000  -45.000011164.0938   14.8902
    0.0000  -22.5000  -45.000011747.4346   14.9345
    7.5000  -22.5000  -45.000011257.5146   14.9625
   -7.5000  -15.0000  -45.000011774.3975   14.8860
    0.0000  -15.0000  -45.000012379.9453   14.9257
    7.5000  -15.0000  -45.000011870.0127   14.9551
   -7.5000   -7.5000  -45.000012298.9395   14.8820
    0.0000   -7.5000  -45.000012902.2178   14.9174
    7.5000   -7.5000  -45.000012348.9375   14.9477
   -7.5000    0.0000  -45.000012297.7393   14.8848
    0.0000    0.0000  -45.000012904.0986   14.9195
    7.5000    0.0000  -45.000012310.3652   14.9486
   -7.5000    7.5000  -45.000011369.3125   14.8925
    0.0000    7.5000  -45.000011928.7451   14.9308
    7.5000    7.5000  -45.000011352.7109   14.9577
   -7.5000   15.0000  -45.000010400.7979   14.8937
    0.0000   15.0000  -45.000010909.9414   14.9376
    7.5000   15.0000  -45.000010385.9023   14.9641
   -7.5000   22.5000  -45.0000 9456.9785   14.8882
    0.0000   22.5000  -45.0000 9914.1680   14.9324
    7.5000   22.5000  -45.0000 9462.5996   14.9605
   -7.5000   30.0000  -45.0000 8513.6602   14.6877
    0.0000   30.0000  -45.0000 8944.8984   14.7268
    7.5000   30.0000  -45.0000 8531.9492   14.7558
   -7.5000   37.5000  -45.0000 7941.6284   14.6886
    0.0000   37.5000  -45.0000 8342.4307   14.7239
    7.5000   37.5000  -45.0000 7933.9912   14.7538
   -7.5000   45.0000  -45.0000 7099.9795   14.6705
    0.0000   45.0000  -45.0000 7464.5947   14.7012
    7.5000   45.0000  -45.0000 7111.9219   14.7278
   -7.5000  -45.0000  -37.500010239.9824   14.6320
    0.0000  -45.0000  -37.500010781.2793   14.6722
    7.5000  -45.0000  -37.500010278.6836   14.7113
   -7.5000  -37.5000  -37.500010508.6035   14.6446
    0.0000  -37.5000  -37.500011100.0625   14.6852
    7.5000  -37.5000  -37.500010577.5029   14.7218
   -7.5000  -30.0000  -37.500011151.8730   14.6475
    0.0000  -30.0000  -37.500011763.1885   14.6922
    7.5000  -30.0000  -37.500011224.2871   14.7281
   -7.5000  -22.5000  -37.500011778.1426   14.6403
    0.0000  -22.5000  -37.500012429.0811   14.6881
    7.5000  -22.5000  -37.500011860.2393   14.7253
   -7.5000  -15.0000  -37.500012420.9346   14.6313
    0.0000  -15.0000  -37.500013102.6514   14.6781
    7.5000  -15.0000  -37.500012510.8125   14.7172
   -7.5000   -7.5000  -37.500012921.0928   14.6260
    0.0000   -7.5000  -37.500013616.6035   14.6692
    7.5000   -7.5000  -37.500012981.2100   14.7095
   -7.5000    0.0000  -37.500012892.3438   14.6320
    0.0000    0.0000  -37.500013573.8965   14.6722
    7.5000    0.0000  -37.500012911.0488   14.7113
   -7.5000    7.5000  -37.500011910.4365   14.6446
    0.0000    7.5000  -37.500012532.2910   14.6852
    7.5000    7.5000  -37.500011889.3535   14.7218
   -7.5000   15.0000  -37.500010847.4990   14.6475
    0.0000   15.0000  -37.500011420.3447   14.6922
    7.5000   15.0000  -37.500010848.9326   14.7281
   -7.5000   22.5000  -37.5000 9832.6172   14.6382
    0.0000   22.5000  -37.500010353.7656   14.6860
    7.5000   22.5000  -37.5000 9859.0703   14.7233
   -7.5000   30.0000  -37.5000 8859.4990   14.4363
    0.0000   30.0000  -37.5000 9337.0410   14.4825
    7.5000   30.0000  -37.5000 8900.2490   14.5211
   -7.5000   37.5000  -37.5000 8249.3838   14.4360
    0.0000   37.5000  -37.5000 8673.5234   14.4789
    7.5000   37.5000  -37.5000 8261.0869   14.5188
   -7.5000   45.0000  -37.5000 7366.2690   14.4167
    0.0000   45.0000  -37.5000 7742.6157   14.4531
    7.5000   45.0000  -37.5000 7382.0762   14.4896
   -7.5000  -45.0000  -30.000010988.6387   15.2130
    0.0000  -45.0000  -30.000011602.5244   15.2516
    7.5000  -45.0000  -30.000011043.5322   15.2875
   -7.5000  -37.5000  -30.000011309.6406   15.2318
    0.0000  -37.5000  -30.000011954.0889   15.2710
    7.5000  -37.5000  -30.000011384.6719   15.3063
   -7.5000  -30.0000  -30.000012013.2061   15.2368
    0.0000  -30.0000  -30.000012692.1807   15.2793
    7.5000  -30.0000  -30.000012056.8066   15.3135
   -7.5000  -22.5000  -30.000012670.3994   15.2248
    0.0000  -22.5000  -30.000013397.3252   15.2698
    7.5000  -22.5000  -30.000012733.3047   15.3028
   -7.5000  -15.0000  -30.000013335.3457   15.2092
    0.0000  -15.0000  -30.000014096.7783   15.2531
    7.5000  -15.0000  -30.000013413.2168   15.2859
   -7.5000   -7.5000  -30.000013824.9609   15.2025
    0.0000   -7.5000  -30.000014588.7939   15.2432
    7.5000   -7.5000  -30.000013861.6270   15.2780
   -7.5000    0.0000  -30.000013774.0586   15.2130
    0.0000    0.0000  -30.000014514.3721   15.2516
    7.5000    0.0000  -30.000013778.4629   15.2875
   -7.5000    7.5000  -30.000012699.1143   15.2318
    0.0000    7.5000  -30.000013367.3760   15.2710
    7.5000    7.5000  -30.000012686.6650   15.3063
   -7.5000   15.0000  -30.000011551.5908   15.2368
    0.0000   15.0000  -30.000012164.4219   15.2793
    7.5000   15.0000  -30.000011564.5850   15.3135
   -7.5000   22.5000  -30.000010425.9326   15.2211
    0.0000   22.5000  -30.000010994.7500   15.2661
    7.5000   22.5000  -30.000010478.0479   15.2991
   -7.5000   30.0000  -30.0000 9395.2793   15.0079
    0.0000   30.0000  -30.0000 9901.4229   15.0513
    7.5000   30.0000  -30.0000 9438.6201   15.0836
   -7.5000   37.5000  -30.0000 8746.1670   15.0065
    0.0000   37.5000  -30.0000 9200.9082   15.0470
    7.5000   37.5000  -30.0000 8742.0449   15.0814
   -7.5000   45.0000  -30.0000 7788.3950   15.0005
    0.0000   45.0000  -30.0000 8187.1401   15.0359
    7.5000   45.0000  -30.0000 7793.5918   15.0699
   -7.5000  -45.0000  -22.500011748.7754   15.7821
    0.0000  -45.0000  -22.500012407.3125   15.8096
    7.5000  -45.0000  -22.500011835.6543   15.8279
   -7.5000  -37.5000  -22.500012111.1309   15.8012
    0.0000  -37.5000  -22.500012816.3086   15.8332
    7.5000  -37.5000  -22.500012209.9346   15.8537
   -7.5000  -30.0000  -22.500012837.6162   15.8048
    0.0000  -30.0000  -22.500013595.6865   15.8413
    7.5000  -30.0000  -22.500012900.8311   15.8611
   -7.5000  -22.5000  -22.500013556.9912   15.7913
    0.0000  -22.5000  -22.500014352.4404   15.8265
    7.5000  -22.5000  -22.500013621.5820   15.8425
   -7.5000  -15.0000  -22.500014248.8594   15.7743
    0.0000  -15.0000  -22.500015106.4385   15.8040
    7.5000  -15.0000  -22.500014343.8770   15.8168
   -7.5000   -7.5000  -22.500014706.9473   15.7688
    0.0000   -7.5000  -22.500015569.6533   15.7951
    7.5000   -7.5000  -22.500014754.0947   15.8097
   -7.5000    0.0000  -22.500014636.4277   15.7821
    0.0000    0.0000  -22.500015476.9668   15.8096
    7.5000    0.0000  -22.500014688.3652   15.8279
   -7.5000    7.5000  -22.500013491.9736   15.8012
    0.0000    7.5000  -22.500014243.9775   15.8332
    7.5000    7.5000  -22.500013520.5977   15.8537
   -7.5000   15.0000  -22.500012260.0137   15.8048
    0.0000   15.0000  -22.500012943.3770   15.8413
    7.5000   15.0000  -22.500012298.4658   15.8611
   -7.5000   22.5000  -22.500011025.3438   15.7864
    0.0000   22.5000  -22.500011655.8750   15.8216
    7.5000   22.5000  -22.500011097.0430   15.8376
   -7.5000   30.0000  -22.5000 9925.1318   15.5680
    0.0000   30.0000  -22.500010481.9922   15.5973
    7.5000   30.0000  -22.5000 9962.2734   15.6099
   -7.5000   37.5000  -22.5000 9214.4023   15.5680
    0.0000   37.5000  -22.5000 9706.2598   15.5943
    7.5000   37.5000  -22.5000 9218.7295   15.6087
   -7.5000   45.0000  -22.5000 8192.4141   15.5739
    0.0000   45.0000  -22.5000 8610.7324   15.5990
    7.5000   45.0000  -22.5000 8178.4082   15.6161
   -7.5000  -45.0000  -15.000012495.3418   16.1835
    0.0000  -45.0000  -15.000013221.7656   16.2023
    7.5000  -45.0000  -15.000012633.3164   16.2079
   -7.5000  -37.5000  -15.000012878.4385   16.1979
    0.0000  -37.5000  -15.000013685.4590   16.2250
    7.5000  -37.5000  -15.000013003.3867   16.2336
   -7.5000  -30.0000  -15.000013613.2705   16.1990
    0.0000  -30.0000  -15.000014450.9756   16.2325
    7.5000  -30.0000  -15.000013714.7832   16.2413
   -7.5000  -22.5000  -15.000014367.1875   16.1881
    0.0000  -22.5000  -15.000015236.5830   16.2175
    7.5000  -22.5000  -15.000014488.9180   16.2224
   -7.5000  -15.0000  -15.000015134.9541   16.1753
    0.0000  -15.0000  -15.000016049.0938   16.1947
    7.5000  -15.0000  -15.000015269.9561   16.1958
   -7.5000   -7.5000  -15.000015575.7793   16.1717
    0.0000   -7.5000  -15.000016515.3027   16.1872
    7.5000   -7.5000  -15.000015659.9990   16.1890
   -7.5000    0.0000  -15.000015495.5518   16.1835
    0.0000    0.0000  -15.000016428.5781   16.2023
    7.5000    0.0000  -15.000015561.1270   16.2079
   -7.5000    7.5000  -15.000014290.9014   16.1979
    0.0000    7.5000  -15.000015141.9385   16.2250
    7.5000    7.5000  -15.000014372.0273   16.2336
   -7.5000   15.0000  -15.000012958.6680   16.1990
    0.0000   15.0000  -15.000013716.1045   16.2325
    7.5000   15.0000  -15.000013077.2822   16.2413
   -7.5000   22.5000  -15.000011620.9824   16.1824
    0.0000   22.5000  -15.000012304.1377   16.2118
    7.5000   22.5000  -15.000011741.5693   16.2167
   -7.5000   30.0000  -15.000010433.3779   15.9660
    0.0000   30.0000  -15.000011019.2705   15.9851
    7.5000   30.0000  -15.000010502.2002   15.9862
   -7.5000   37.5000  -15.0000 9673.7529   15.9680
    0.0000   37.5000  -15.000010204.5332   15.9835
    7.5000   37.5000  -15.0000 9705.5215   15.9853
   -7.5000   45.0000  -15.0000 8578.1494   15.9783
    0.0000   45.0000  -15.0000 9028.3809   15.9949
    7.5000   45.0000  -15.0000 8577.5254   15.9994
   -7.5000  -45.0000   -7.500013298.6191   16.3446
    0.0000  -45.0000   -7.500014132.1494   16.3691
    7.5000  -45.0000   -7.500013500.9570   16.3830
   -7.5000  -37.5000   -7.500013675.7090   16.3535
    0.0000  -37.5000   -7.500014555.4492   16.3856
    7.5000  -37.5000   -7.500013870.7197   16.4003
   -7.5000  -30.0000   -7.500014421.4414   16.3537
    0.0000  -30.0000   -7.500015256.9082   16.3928
    7.5000  -30.0000   -7.500014586.2002   16.4079
   -7.5000  -22.5000   -7.500015241.1250   16.3479
    0.0000  -22.5000   -7.500016119.9121   16.3838
    7.5000  -22.5000   -7.500015444.5420   16.3981
   -7.5000  -15.0000   -7.500016053.6641   16.3415
    0.0000  -15.0000   -7.500017014.5137   16.3682
    7.5000  -15.0000   -7.500016277.9443   16.3807
   -7.5000   -7.5000   -7.500016455.7246   16.3385
    0.0000   -7.5000   -7.500017432.5000   16.3607
    7.5000   -7.5000   -7.500016627.8203   16.3733
   -7.5000    0.0000   -7.500016374.4727   16.3446
    0.0000    0.0000   -7.500017353.0703   16.3691
    7.5000    0.0000   -7.500016539.2852   16.3830
   -7.5000    7.5000   -7.500015105.1992   16.3535
    0.0000    7.5000   -7.500016017.1992   16.3856
    7.5000    7.5000   -7.500015300.5088   16.4003
   -7.5000   15.0000   -7.500013704.2090   16.3537
    0.0000   15.0000   -7.500014541.7393   16.3928
    7.5000   15.0000   -7.500013914.7344   16.4079
   -7.5000   22.5000   -7.500012274.6182   16.3403
    0.0000   22.5000   -7.500013006.1143   16.3763
    7.5000   22.5000   -7.500012462.4980   16.3906
   -7.5000   30.0000   -7.500010972.5312   16.1296
    0.0000   30.0000   -7.500011596.0410   16.1559
    7.5000   30.0000   -7.500011110.9473   16.1683
   -7.5000   37.5000   -7.500010159.6826   16.1320
    0.0000   37.5000   -7.500010730.0088   16.1542
    7.5000   37.5000   -7.500010262.2207   16.1667
   -7.5000   45.0000   -7.5000 8992.9336   16.1387
    0.0000   45.0000   -7.5000 9468.7637   16.1599
    7.5000   45.0000   -7.5000 9037.5439   16.1720
   -7.5000  -45.0000    0.000014062.9043   16.3357
    0.0000  -45.0000    0.000014993.0645   16.3732
    7.5000  -45.0000    0.000014448.2480   16.4059
   -7.5000  -37.5000    0.000014408.8457   16.3438
    0.0000  -37.5000    0.000015333.4824   16.3853
    7.5000  -37.5000    0.000014767.1475   16.4156
   -7.5000  -30.0000    0.000015165.8115   16.3447
    0.0000  -30.0000    0.000015951.6299   16.3922
    7.5000  -30.0000    0.000015433.5049   16.4225
   -7.5000  -22.5000    0.000016041.7314   16.3406
    0.0000  -22.5000    0.000016861.1484   16.3886
    7.5000  -22.5000    0.000016307.1660   16.4207
   -7.5000  -15.0000    0.000016875.3438   16.3363
    0.0000  -15.0000    0.000017825.2832   16.3793
    7.5000  -15.0000    0.000017203.7266   16.4128
   -7.5000   -7.5000    0.000017218.9551   16.3324
    0.0000   -7.5000    0.000018246.0156   16.3708
    7.5000   -7.5000    0.000017542.4961   16.4049
   -7.5000    0.0000    0.000017152.5488   16.3357
    0.0000    0.0000    0.000018174.1328   16.3732
    7.5000    0.0000    0.000017471.1523   16.4059
   -7.5000    7.5000    0.000015885.2324   16.3438
    0.0000    7.5000    0.000016861.1855   16.3853
    7.5000    7.5000    0.000016174.3623   16.4156
   -7.5000   15.0000    0.000014456.1309   16.3447
    0.0000   15.0000    0.000015353.2705   16.3922
    7.5000   15.0000    0.000014732.3125   16.4225
   -7.5000   22.5000    0.000012936.7256   16.3331
    0.0000   22.5000    0.000013711.7188   16.3811
    7.5000   22.5000    0.000013170.9033   16.4132
   -7.5000   30.0000    0.000011512.2031   16.1249
    0.0000   30.0000    0.000012191.2012   16.1673
    7.5000   30.0000    0.000011699.6807   16.2004
   -7.5000   37.5000    0.000010626.1143   16.1264
    0.0000   37.5000    0.000011235.9824   16.1646
    7.5000   37.5000    0.000010757.1211   16.1982
   -7.5000   45.0000    0.0000 9384.3965   16.1307
    0.0000   45.0000    0.0000 9872.6777   16.1640
    7.5000   45.0000    0.0000 9439.1562   16.1940
   -7.5000  -45.0000    7.500013744.4229   16.3148
    0.0000  -45.0000    7.500014689.2090   16.3600
    7.5000  -45.0000    7.500014305.3311   16.4039
   -7.5000  -37.5000    7.500014199.6904   16.3290
    0.0000  -37.5000    7.500015073.8457   16.3747
    7.5000  -37.5000    7.500014737.5518   16.4158
   -7.5000  -30.0000    7.500014954.0645   16.3325
    0.0000  -30.0000    7.500015620.7412   16.3826
    7.5000  -30.0000    7.500015319.7715   16.4229
   -7.5000  -22.5000    7.500015785.1680   16.3244
    0.0000  -22.5000    7.500016494.8008   16.3780
    7.5000  -22.5000    7.500016080.3320   16.4197
   -7.5000  -15.0000    7.500016591.5918   16.3143
    0.0000  -15.0000    7.500017435.2227   16.3668
    7.5000  -15.0000    7.500016880.2383   16.4106
   -7.5000   -7.5000    7.500016872.1445   16.3082
    0.0000   -7.5000    7.500017813.6094   16.3567
    7.5000   -7.5000    7.500017119.2422   16.4020
   -7.5000    0.0000    7.500016799.5684   16.3148
    0.0000    0.0000    7.500017755.5566   16.3600
    7.5000    0.0000    7.500017037.4707   16.4039
   -7.5000    7.5000    7.500015520.3125   16.3290
    0.0000    7.5000    7.500016461.8008   16.3747
    7.5000    7.5000    7.500015764.6250   16.4158
   -7.5000   15.0000    7.500014146.8379   16.3325
    0.0000   15.0000    7.500015007.9004   16.3826
    7.5000   15.0000    7.500014384.9980   16.4229
   -7.5000   22.5000    7.500012660.7100   16.3169
    0.0000   22.5000    7.500013399.2236   16.3705
    7.5000   22.5000    7.500012864.8320   16.4122
   -7.5000   30.0000    7.500011232.8672   16.1032
    0.0000   30.0000    7.500011862.7832   16.1550
    7.5000   30.0000    7.500011371.2715   16.1982
   -7.5000   37.5000    7.500010328.2822   16.1026
    0.0000   37.5000    7.500010883.0850   16.1508
    7.5000   37.5000    7.500010425.4082   16.1955
   -7.5000   45.0000    7.5000 9088.6729   16.1113
    0.0000   45.0000    7.5000 9556.1357   16.1523
    7.5000   45.0000    7.5000 9144.9375   16.1934
   -7.5000  -45.0000   15.000013133.0195   16.3477
    0.0000  -45.0000   15.000013947.2773   16.3890
    7.5000  -45.0000   15.000013470.4551   16.4274
   -7.5000  -37.5000   15.000013670.7178   16.3681
    0.0000  -37.5000   15.000014444.8809   16.4103
    7.5000  -37.5000   15.000013925.4062   16.4480
   -7.5000  -30.0000   15.000014561.6064   16.3737
    0.0000  -30.0000   15.000015199.5420   16.4195
    7.5000  -30.0000   15.000014641.5488   16.4560
   -7.5000  -22.5000   15.000015361.1875   16.3608
    0.0000  -22.5000   15.000015978.8477   16.4092
    7.5000  -22.5000   15.000015350.2236   16.4444
   -7.5000  -15.0000   15.000016071.1621   16.3437
    0.0000  -15.0000   15.000016797.0801   16.3909
    7.5000  -15.0000   15.000016089.2412   16.4259
   -7.5000   -7.5000   15.000016197.8330   16.3363
    0.0000   -7.5000   15.000016992.0840   16.3800
    7.5000   -7.5000   15.000016255.2402   16.4171
   -7.5000    0.0000   15.000016101.4180   16.3477
    0.0000    0.0000   15.000016923.0254   16.3890
    7.5000    0.0000   15.000016197.8564   16.4274
   -7.5000    7.5000   15.000014886.1953   16.3681
    0.0000    7.5000   15.000015726.2773   16.4103
    7.5000    7.5000   15.000015037.0000   16.4480
   -7.5000   15.0000   15.000013567.4375   16.3737
    0.0000   15.0000   15.000014353.8750   16.4195
    7.5000   15.0000   15.000013726.0166   16.4560
   -7.5000   22.5000   15.000012133.9209   16.3532
    0.0000   22.5000   15.000012840.3271   16.4016
    7.5000   22.5000   15.000012287.7861   16.4368
   -7.5000   30.0000   15.000010779.8545   16.1322
    0.0000   30.0000   15.000011403.8057   16.1788
    7.5000   30.0000   15.000010879.9902   16.2133
   -7.5000   37.5000   15.0000 9911.5156   16.1304
    0.0000   37.5000   15.000010460.0713   16.1739
    7.5000   37.5000   15.0000 9986.3311   16.2107
   -7.5000   45.0000   15.0000 8708.8027   16.1456
    0.0000   45.0000   15.0000 9148.8340   16.1837
    7.5000   45.0000   15.0000 8734.4092   16.2200
   -7.5000  -45.0000   22.500012434.9561   16.4892
    0.0000  -45.0000   22.500013135.8320   16.5173
    7.5000  -45.0000   22.500012504.5342   16.5359
   -7.5000  -37.5000   22.500012879.4072   16.5099
    0.0000  -37.5000   22.500013575.7051   16.5429
    7.5000  -37.5000   22.500012916.1855   16.5637
   -7.5000  -30.0000   22.500013678.6260   16.5138
    0.0000  -30.0000   22.500014398.0381   16.5516
    7.5000  -30.0000   22.500013711.4727   16.5718
   -7.5000  -22.5000   22.500014456.2314   16.4989
    0.0000  -22.5000   22.500015177.4668   16.5354
    7.5000  -22.5000   22.500014464.4531   16.5517
   -7.5000  -15.0000   22.500015160.3828   16.4804
    0.0000  -15.0000   22.500015925.4287   16.5110
    7.5000  -15.0000   22.500015181.9619   16.5240
   -7.5000   -7.5000   22.500015272.5596   16.4746
    0.0000   -7.5000   22.500016064.4297   16.5016
    7.5000   -7.5000   22.500015304.5977   16.5163
   -7.5000    0.0000   22.500015206.5742   16.4892
    0.0000    0.0000   22.500016015.5586   16.5173
    7.5000    0.0000   22.500015283.7861   16.5359
   -7.5000    7.5000   22.500014085.0215   16.5099
    0.0000    7.5000   22.500014859.4316   16.5429
    7.5000    7.5000   22.500014201.2334   16.5637
   -7.5000   15.0000   22.500012872.9053   16.5138
    0.0000   15.0000   22.500013547.8867   16.5516
    7.5000   15.0000   22.500012973.4971   16.5718
   -7.5000   22.5000   22.500011517.8154   16.4913
    0.0000   22.5000   22.500012129.3643   16.5278
    7.5000   22.5000   22.500011611.0762   16.5440
   -7.5000   30.0000   22.500010237.8682   16.2671
    0.0000   30.0000   22.500010783.5820   16.2973
    7.5000   30.0000   22.500010294.7295   16.3101
   -7.5000   37.5000   22.5000 9428.4463   16.2671
    0.0000   37.5000   22.5000 9921.6826   16.2940
    7.5000   37.5000   22.5000 9452.2363   16.3086
   -7.5000   45.0000   22.5000 8271.8643   16.2878
    0.0000   45.0000   22.5000 8675.2344   16.3136
    7.5000   45.0000   22.5000 8267.0420   16.3309
   -7.5000  -45.0000   30.000011533.6240   16.6541
    0.0000  -45.0000   30.000012061.5195   16.6720
    7.5000  -45.0000   30.000011555.1934   16.6764
   -7.5000  -37.5000   30.000011892.6328   16.6705
    0.0000  -37.5000   30.000012437.1279   16.6972
    7.5000  -37.5000   30.000011945.7656   16.7048
   -7.5000  -30.0000   30.000012625.9297   16.6719
    0.0000  -30.0000   30.000013242.5225   16.7054
    7.5000  -30.0000   30.000012715.7666   16.7134
   -7.5000  -22.5000   30.000013365.3330   16.6593
    0.0000  -22.5000   30.000014034.5000   16.6884
    7.5000  -22.5000   30.000013441.9873   16.6923
   -7.5000  -15.0000   30.000014049.2627   16.6446
    0.0000  -15.0000   30.000014768.0439   16.6631
    7.5000  -15.0000   30.000014118.9082   16.6629
   -7.5000   -7.5000   30.000014173.9131   16.6407
    0.0000   -7.5000   30.000014916.2686   16.6551
    7.5000   -7.5000   30.000014223.0215   16.6555
   -7.5000    0.0000   30.000014148.6279   16.6541
    0.0000    0.0000   30.000014911.7656   16.6720
    7.5000    0.0000   30.000014228.4570   16.6764
   -7.5000    7.5000   30.000013107.6328   16.6705
    0.0000    7.5000   30.000013808.5361   16.6972
    7.5000    7.5000   30.000013191.5215   16.7048
   -7.5000   15.0000   30.000011960.9463   16.6719
    0.0000   15.0000   30.000012589.8145   16.7054
    7.5000   15.0000   30.000012028.3037   16.7134
   -7.5000   22.5000   30.000010720.5635   16.6516
    0.0000   22.5000   30.000011286.2461   16.6807
    7.5000   22.5000   30.000010793.6836   16.6847
   -7.5000   30.0000   30.0000 9552.7197   16.4292
    0.0000   30.0000   30.000010059.3926   16.4475
    7.5000   30.0000   30.0000 9602.1523   16.4473
   -7.5000   37.5000   30.0000 8795.3760   16.4311
    0.0000   37.5000   30.0000 9253.6914   16.4456
    7.5000   37.5000   30.0000 8816.7373   16.4460
   -7.5000   45.0000   30.0000 7710.2109   16.4524
    0.0000   45.0000   30.0000 8082.2524   16.4679
    7.5000   45.0000   30.0000 7701.7744   16.4711
   -7.5000  -45.0000   37.500011033.6699   16.9576
    0.0000  -45.0000   37.500011546.6699   16.9813
    7.5000  -45.0000   37.500011139.9561   16.9947
   -7.5000  -37.5000   37.500011378.8359   16.9696
    0.0000  -37.5000   37.500011908.5010   17.0016
    7.5000  -37.5000   37.500011500.3271   17.0159
   -7.5000  -30.0000   37.500012093.8682   16.9710
    0.0000  -30.0000   37.500012690.4316   17.0106
    7.5000  -30.0000   37.500012248.5703   17.0256
   -7.5000  -22.5000   37.500012818.2461   16.9634
    0.0000  -22.5000   37.500013463.3311   16.9997
    7.5000  -22.5000   37.500012974.4795   17.0137
   -7.5000  -15.0000   37.500013497.7188   16.9541
    0.0000  -15.0000   37.500014186.0811   16.9804
    7.5000  -15.0000   37.500013643.9854   16.9924
   -7.5000   -7.5000   37.500013631.2988   16.9499
    0.0000   -7.5000   37.500014344.6260   16.9711
    7.5000   -7.5000   37.500013773.0801   16.9831
   -7.5000    0.0000   37.500013643.0566   16.9576
    0.0000    0.0000   37.500014369.1729   16.9813
    7.5000    0.0000   37.500013797.2979   16.9947
   -7.5000    7.5000   37.500012625.4902   16.9696
    0.0000    7.5000   37.500013286.8174   17.0016
    7.5000    7.5000   37.500012771.6641   17.0159
   -7.5000   15.0000   37.500011526.8193   16.9710
    0.0000   15.0000   37.500012109.7500   17.0106
    7.5000   15.0000   37.500011638.0615   17.0256
   -7.5000   22.5000   37.500010352.6934   16.9555
    0.0000   22.5000   37.500010863.1514   16.9919
    7.5000   22.5000   37.500010446.1982   17.0059
   -7.5000   30.0000   37.5000 9234.2646   16.7347
    0.0000   30.0000   37.5000 9690.2500   16.7607
    7.5000   30.0000   37.5000 9306.5469   16.7725
   -7.5000   37.5000   37.5000 8482.7246   16.7363
    0.0000   37.5000   37.5000 8887.1221   16.7576
    7.5000   37.5000   37.5000 8529.8389   16.7695
   -7.5000   45.0000   37.5000 7428.7402   16.7578
    0.0000   45.0000   37.5000 7757.7002   16.7780
    7.5000   45.0000   37.5000 7438.4644   16.7895
   -7.5000  -45.0000   45.000010143.3271   17.3053
    0.0000  -45.0000   45.000010649.4561   17.3447
    7.5000  -45.0000   45.000010293.1094   17.3797
   -7.5000  -37.5000   45.000010440.6299   17.3183
    0.0000  -37.5000   45.000010956.3867   17.3630
    7.5000  -37.5000   45.000010598.7832   17.3964
   -7.5000  -30.0000   45.000011090.3740   17.3205
    0.0000  -30.0000   45.000011670.4502   17.3727
    7.5000  -30.0000   45.000011302.6016   17.4070
   -7.5000  -22.5000   45.000011751.5957   17.3128
    0.0000  -22.5000   45.000012384.6025   17.3654
    7.5000  -22.5000   45.000011988.7422   17.4014
   -7.5000  -15.0000   45.000012403.8613   17.3039
    0.0000  -15.0000   45.000013072.4941   17.3500
    7.5000  -15.0000   45.000012631.5967   17.3866
   -7.5000   -7.5000   45.000012543.0801   17.2987
    0.0000   -7.5000   45.000013218.0264   17.3391
    7.5000   -7.5000   45.000012760.7900   17.3755
   -7.5000    0.0000   45.000012565.4512   17.3053
    0.0000    0.0000   45.000013240.7256   17.3447
    7.5000    0.0000   45.000012788.3516   17.3797
   -7.5000    7.5000   45.000011635.1885   17.3183
    0.0000    7.5000   45.000012252.8438   17.3630
    7.5000    7.5000   45.000011851.5791   17.3964
   -7.5000   15.0000   45.000010631.4004   17.3205
    0.0000   15.0000   45.000011180.1475   17.3727
    7.5000   15.0000   45.000010796.0107   17.4070
   -7.5000   22.5000   45.0000 9557.1064   17.3048
    0.0000   22.5000   45.000010037.0244   17.3573
    7.5000   22.5000   45.0000 9685.6846   17.3933
   -7.5000   30.0000   45.0000 8520.7285   17.0784
    0.0000   30.0000   45.0000 8937.9775   17.1239
    7.5000   30.0000   45.0000 8632.9053   17.1601
   -7.5000   37.5000   45.0000 7808.1411   17.0793
    0.0000   37.5000   45.0000 8181.7681   17.1195
    7.5000   37.5000   45.0000 7890.9873   17.1555
   -7.5000   45.0000   45.0000 6840.0645   17.1197
    0.0000   45.0000   45.0000 7150.5327   17.1545
    7.5000   45.0000   45.0000 6897.5791   17.1867

---------------------------------------------------------------------
imgreg_4dfp /opt/freesurfer/average/711-2C_as_mni_average_305 /opt/freesurfer/average/711-2B_as_mni_average_305_mask talsrcimg_g11 none talsrcimg_to_711-2C_as_mni_average_305_t4 4355
---------------------------------------------------------------------

freesurfer imgreg_4dfp.c
/opt/freesurfer/average/711-2C_as_mni_average_305.4dfp.img
       256       256       256         1
  1.000000  1.000000  1.000000
orientation T byte_order littleendian
Reading image: /opt/freesurfer/average/711-2C_as_mni_average_305.4dfp.img
dimensions:      256       256       256
mmppix:       1.0000   -1.0000   -1.0000
center:     128.0000 -129.0000 -129.0000
/opt/freesurfer/average/711-2B_as_mni_average_305_mask.4dfp.img
       256       256       256         1
  1.000000  1.000000  1.000000
orientation T byte_order littleendian
Reading mask: /opt/freesurfer/average/711-2B_as_mni_average_305_mask.4dfp.img (2306576 pixels)
talsrcimg_g11.4dfp.img
       256       256       256         1
  1.000000  1.000000  1.000000
orientation T byte_order littleendian
Reading image: talsrcimg_g11.4dfp.img
dimensions:      256       256       256
mmppix:       1.0000   -1.0000   -1.0000
center:     128.0000 -129.0000 -129.0000
rotation matrix determinant  1.000000
image alignment mode   4355 decimal     1103 hex
   -7.5000  -52.5000  -45.0000 2332.9395   16.3238
    0.0000  -52.5000  -45.0000 2351.2798   16.2638
    7.5000  -52.5000  -45.0000 2340.3008   16.2484
   -7.5000  -45.0000  -45.0000 2370.2634   15.5943
    0.0000  -45.0000  -45.0000 2386.0913   15.4808
    7.5000  -45.0000  -45.0000 2372.5886   15.4549
   -7.5000  -37.5000  -45.0000 2379.1746   15.0677
    0.0000  -37.5000  -45.0000 2396.6221   14.9283
    7.5000  -37.5000  -45.0000 2387.2380   14.9088
   -7.5000  -30.0000  -45.0000 2377.9319   14.8070
    0.0000  -30.0000  -45.0000 2395.9553   14.6804
    7.5000  -30.0000  -45.0000 2392.6653   14.6879
   -7.5000  -22.5000  -45.0000 2365.2756   14.8782
    0.0000  -22.5000  -45.0000 2387.0684   14.7510
    7.5000  -22.5000  -45.0000 2381.1443   14.7589
   -7.5000  -15.0000  -45.0000 2350.6345   15.2034
    0.0000  -15.0000  -45.0000 2369.2485   15.0374
    7.5000  -15.0000  -45.0000 2365.6790   15.0500
   -7.5000   -7.5000  -45.0000 2317.0344   15.7586
    0.0000   -7.5000  -45.0000 2339.3591   15.5538
    7.5000   -7.5000  -45.0000 2334.9275   15.6096
   -7.5000    0.0000  -45.0000 2271.2131   16.6929
    0.0000    0.0000  -45.0000 2290.5520   16.4737
    7.5000    0.0000  -45.0000 2282.9895   16.5253
   -7.5000    7.5000  -45.0000 2199.6262   17.9365
    0.0000    7.5000  -45.0000 2217.9353   17.6833
    7.5000    7.5000  -45.0000 2211.7976   17.7855
   -7.5000   15.0000  -45.0000 2104.8296   19.5046
    0.0000   15.0000  -45.0000 2123.3257   19.2565
    7.5000   15.0000  -45.0000 2115.0498   19.4141
   -7.5000   22.5000  -45.0000 2011.4221   21.7245
    0.0000   22.5000  -45.0000 2027.4640   21.4627
    7.5000   22.5000  -45.0000 2022.6097   21.5991
   -7.5000   30.0000  -45.0000 1900.9601   24.6750
    0.0000   30.0000  -45.0000 1917.8038   24.3556
    7.5000   30.0000  -45.0000 1910.2784   24.5479
   -7.5000   37.5000  -45.0000 1774.4913   28.5030
    0.0000   37.5000  -45.0000 1789.8438   28.1167
    7.5000   37.5000  -45.0000 1791.6616   28.3204
   -7.5000  -52.5000  -37.5000 2416.2109   15.1168
    0.0000  -52.5000  -37.5000 2437.7539   15.0874
    7.5000  -52.5000  -37.5000 2421.2327   15.0859
   -7.5000  -45.0000  -37.5000 2456.4792   14.4086
    0.0000  -45.0000  -37.5000 2477.4695   14.3434
    7.5000  -45.0000  -37.5000 2460.9495   14.3451
   -7.5000  -37.5000  -37.5000 2472.5823   13.9102
    0.0000  -37.5000  -37.5000 2493.7986   13.8279
    7.5000  -37.5000  -37.5000 2482.2183   13.8190
   -7.5000  -30.0000  -37.5000 2477.2385   13.6770
    0.0000  -30.0000  -37.5000 2494.8096   13.5851
    7.5000  -30.0000  -37.5000 2489.0144   13.5576
   -7.5000  -22.5000  -37.5000 2462.6428   13.7198
    0.0000  -22.5000  -37.5000 2487.4573   13.6230
    7.5000  -22.5000  -37.5000 2484.7356   13.6168
   -7.5000  -15.0000  -37.5000 2450.4561   14.0077
    0.0000  -15.0000  -37.5000 2475.8901   13.8879
    7.5000  -15.0000  -37.5000 2473.9878   13.9065
   -7.5000   -7.5000  -37.5000 2417.5374   14.5672
    0.0000   -7.5000  -37.5000 2443.7468   14.4341
    7.5000   -7.5000  -37.5000 2441.4470   14.4432
   -7.5000    0.0000  -37.5000 2366.3687   15.4199
    0.0000    0.0000  -37.5000 2388.8560   15.2803
    7.5000    0.0000  -37.5000 2382.7139   15.3249
   -7.5000    7.5000  -37.5000 2290.5508   16.5785
    0.0000    7.5000  -37.5000 2312.5947   16.4251
    7.5000    7.5000  -37.5000 2307.2297   16.5273
   -7.5000   15.0000  -37.5000 2188.4541   18.0743
    0.0000   15.0000  -37.5000 2208.5825   17.9112
    7.5000   15.0000  -37.5000 2205.3459   18.0372
   -7.5000   22.5000  -37.5000 2082.8503   20.1142
    0.0000   22.5000  -37.5000 2102.0276   19.9030
    7.5000   22.5000  -37.5000 2102.4973   20.0326
   -7.5000   30.0000  -37.5000 1961.9954   22.7875
    0.0000   30.0000  -37.5000 1984.1825   22.5962
    7.5000   30.0000  -37.5000 1982.0015   22.7091
   -7.5000   37.5000  -37.5000 1834.0526   26.2158
    0.0000   37.5000  -37.5000 1845.9973   25.9264
    7.5000   37.5000  -37.5000 1846.4199   26.0698
   -7.5000  -52.5000  -30.0000 2538.0237   14.5712
    0.0000  -52.5000  -30.0000 2553.7063   14.5108
    7.5000  -52.5000  -30.0000 2538.4302   14.5079
   -7.5000  -45.0000  -30.0000 2578.1873   13.8513
    0.0000  -45.0000  -30.0000 2601.5720   13.7897
    7.5000  -45.0000  -30.0000 2584.6580   13.7939
   -7.5000  -37.5000  -30.0000 2607.2844   13.3541
    0.0000  -37.5000  -30.0000 2626.3591   13.2897
    7.5000  -37.5000  -30.0000 2612.6604   13.2866
   -7.5000  -30.0000  -30.0000 2628.3540   13.1269
    0.0000  -30.0000  -30.0000 2642.2539   13.0278
    7.5000  -30.0000  -30.0000 2631.0229   13.0170
   -7.5000  -22.5000  -30.0000 2618.8960   13.1825
    0.0000  -22.5000  -30.0000 2642.1028   13.0743
    7.5000  -22.5000  -30.0000 2634.5254   13.0511
   -7.5000  -15.0000  -30.0000 2602.2373   13.4860
    0.0000  -15.0000  -30.0000 2629.6096   13.3685
    7.5000  -15.0000  -30.0000 2619.4568   13.3496
   -7.5000   -7.5000  -30.0000 2566.2893   14.0403
    0.0000   -7.5000  -30.0000 2593.1855   13.9253
    7.5000   -7.5000  -30.0000 2584.0193   13.9132
   -7.5000    0.0000  -30.0000 2504.2673   14.8897
    0.0000    0.0000  -30.0000 2528.6628   14.7649
    7.5000    0.0000  -30.0000 2522.1936   14.7823
   -7.5000    7.5000  -30.0000 2421.6941   16.0101
    0.0000    7.5000  -30.0000 2443.3501   15.9038
    7.5000    7.5000  -30.0000 2438.5205   15.9482
   -7.5000   15.0000  -30.0000 2316.3850   17.5165
    0.0000   15.0000  -30.0000 2335.7722   17.3835
    7.5000   15.0000  -30.0000 2329.3865   17.4692
   -7.5000   22.5000  -30.0000 2193.2991   19.4585
    0.0000   22.5000  -30.0000 2215.3599   19.3052
    7.5000   22.5000  -30.0000 2209.2605   19.4130
   -7.5000   30.0000  -30.0000 2063.4932   21.9564
    0.0000   30.0000  -30.0000 2083.9800   21.7989
    7.5000   30.0000  -30.0000 2079.8992   21.9074
   -7.5000   37.5000  -30.0000 1926.4078   25.2190
    0.0000   37.5000  -30.0000 1941.6720   24.9690
    7.5000   37.5000  -30.0000 1935.1151   25.0921
   -7.5000  -52.5000  -22.5000 2625.2034   13.9547
    0.0000  -52.5000  -22.5000 2644.0869   13.9020
    7.5000  -52.5000  -22.5000 2627.8442   13.8808
   -7.5000  -45.0000  -22.5000 2673.3457   13.2772
    0.0000  -45.0000  -22.5000 2694.6233   13.1844
    7.5000  -45.0000  -22.5000 2683.4939   13.1810
   -7.5000  -37.5000  -22.5000 2711.9695   12.7983
    0.0000  -37.5000  -22.5000 2734.1143   12.6872
    7.5000  -37.5000  -22.5000 2723.5508   12.6879
   -7.5000  -30.0000  -22.5000 2739.1860   12.5301
    0.0000  -30.0000  -22.5000 2754.0400   12.4192
    7.5000  -30.0000  -22.5000 2743.8665   12.4029
   -7.5000  -22.5000  -22.5000 2742.9604   12.5720
    0.0000  -22.5000  -22.5000 2766.4333   12.4594
    7.5000  -22.5000  -22.5000 2753.2820   12.4333
   -7.5000  -15.0000  -22.5000 2723.3650   12.9047
    0.0000  -15.0000  -22.5000 2755.7329   12.7790
    7.5000  -15.0000  -22.5000 2739.0234   12.7488
   -7.5000   -7.5000  -22.5000 2681.3188   13.4856
    0.0000   -7.5000  -22.5000 2714.7351   13.3493
    7.5000   -7.5000  -22.5000 2698.7634   13.3227
   -7.5000    0.0000  -22.5000 2611.2612   14.3152
    0.0000    0.0000  -22.5000 2639.4805   14.1640
    7.5000    0.0000  -22.5000 2630.0564   14.1512
   -7.5000    7.5000  -22.5000 2522.2581   15.4483
    0.0000    7.5000  -22.5000 2543.6675   15.3028
    7.5000    7.5000  -22.5000 2534.3857   15.3115
   -7.5000   15.0000  -22.5000 2409.5706   16.9119
    0.0000   15.0000  -22.5000 2428.7334   16.7619
    7.5000   15.0000  -22.5000 2417.3577   16.7977
   -7.5000   22.5000  -22.5000 2275.6106   18.7878
    0.0000   22.5000  -22.5000 2298.0627   18.6329
    7.5000   22.5000  -22.5000 2287.2188   18.6564
   -7.5000   30.0000  -22.5000 2142.7102   21.1690
    0.0000   30.0000  -22.5000 2155.1401   20.9634
    7.5000   30.0000  -22.5000 2148.4600   21.0353
   -7.5000   37.5000  -22.5000 1993.6437   24.2923
    0.0000   37.5000  -22.5000 2002.4735   23.9734
    7.5000   37.5000  -22.5000 1998.3240   24.1009
   -7.5000  -52.5000  -15.0000 2676.9321   13.3625
    0.0000  -52.5000  -15.0000 2698.1978   13.2999
    7.5000  -52.5000  -15.0000 2686.6118   13.2835
   -7.5000  -45.0000  -15.0000 2738.1616   12.7005
    0.0000  -45.0000  -15.0000 2758.1387   12.6015
    7.5000  -45.0000  -15.0000 2749.8779   12.5835
   -7.5000  -37.5000  -15.0000 2784.3965   12.2300
    0.0000  -37.5000  -15.0000 2809.3330   12.1212
    7.5000  -37.5000  -15.0000 2796.2927   12.1038
   -7.5000  -30.0000  -15.0000 2808.5510   11.9575
    0.0000  -30.0000  -15.0000 2833.2734   11.8463
    7.5000  -30.0000  -15.0000 2819.7068   11.8355
   -7.5000  -22.5000  -15.0000 2823.3757   11.9796
    0.0000  -22.5000  -15.0000 2850.1050   11.8615
    7.5000  -22.5000  -15.0000 2838.8574   11.8637
   -7.5000  -15.0000  -15.0000 2807.7705   12.3450
    0.0000  -15.0000  -15.0000 2837.4138   12.1858
    7.5000  -15.0000  -15.0000 2825.3940   12.1950
   -7.5000   -7.5000  -15.0000 2760.5132   12.9527
    0.0000   -7.5000  -15.0000 2792.9011   12.7797
    7.5000   -7.5000  -15.0000 2780.8721   12.7680
   -7.5000    0.0000  -15.0000 2681.0107   13.7519
    0.0000    0.0000  -15.0000 2714.4651   13.5860
    7.5000    0.0000  -15.0000 2700.1047   13.5618
   -7.5000    7.5000  -15.0000 2579.9399   14.8723
    0.0000    7.5000  -15.0000 2606.5803   14.7219
    7.5000    7.5000  -15.0000 2595.6316   14.7077
   -7.5000   15.0000  -15.0000 2461.3865   16.3157
    0.0000   15.0000  -15.0000 2485.1665   16.1991
    7.5000   15.0000  -15.0000 2472.2922   16.1843
   -7.5000   22.5000  -15.0000 2319.0654   18.1604
    0.0000   22.5000  -15.0000 2340.9236   18.0406
    7.5000   22.5000  -15.0000 2327.6055   18.0107
   -7.5000   30.0000  -15.0000 2172.6797   20.4159
    0.0000   30.0000  -15.0000 2187.9768   20.2703
    7.5000   30.0000  -15.0000 2180.2446   20.2586
   -7.5000   37.5000  -15.0000 2021.4583   23.3864
    0.0000   37.5000  -15.0000 2036.3280   23.1526
    7.5000   37.5000  -15.0000 2030.6635   23.1802
   -7.5000  -52.5000   -7.5000 2712.4224   12.8462
    0.0000  -52.5000   -7.5000 2739.6077   12.7670
    7.5000  -52.5000   -7.5000 2732.1350   12.8430
   -7.5000  -45.0000   -7.5000 2782.5308   12.1521
    0.0000  -45.0000   -7.5000 2811.0225   12.0650
    7.5000  -45.0000   -7.5000 2798.5098   12.0953
   -7.5000  -37.5000   -7.5000 2841.1455   11.6938
    0.0000  -37.5000   -7.5000 2868.1748   11.5884
    7.5000  -37.5000   -7.5000 2857.8411   11.5903
   -7.5000  -30.0000   -7.5000 2870.0369   11.4158
    0.0000  -30.0000   -7.5000 2896.2397   11.2760
    7.5000  -30.0000   -7.5000 2884.9309   11.3102
   -7.5000  -22.5000   -7.5000 2889.5220   11.4605
    0.0000  -22.5000   -7.5000 2913.7305   11.3030
    7.5000  -22.5000   -7.5000 2907.9919   11.3587
   -7.5000  -15.0000   -7.5000 2866.5837   11.8446
    0.0000  -15.0000   -7.5000 2896.6235   11.6652
    7.5000  -15.0000   -7.5000 2892.3054   11.7228
   -7.5000   -7.5000   -7.5000 2811.3191   12.4394
    0.0000   -7.5000   -7.5000 2840.6096   12.2474
    7.5000   -7.5000   -7.5000 2837.1055   12.2996
   -7.5000    0.0000   -7.5000 2725.3274   13.2537
    0.0000    0.0000   -7.5000 2753.4380   13.0638
    7.5000    0.0000   -7.5000 2747.5479   13.1117
   -7.5000    7.5000   -7.5000 2616.5757   14.3304
    0.0000    7.5000   -7.5000 2639.1111   14.1574
    7.5000    7.5000   -7.5000 2637.1936   14.2153
   -7.5000   15.0000   -7.5000 2491.9524   15.7692
    0.0000   15.0000   -7.5000 2517.7681   15.5998
    7.5000   15.0000   -7.5000 2510.9929   15.6605
   -7.5000   22.5000   -7.5000 2345.8767   17.5509
    0.0000   22.5000   -7.5000 2368.4895   17.4100
    7.5000   22.5000   -7.5000 2362.4685   17.4675
   -7.5000   30.0000   -7.5000 2190.0972   19.7428
    0.0000   30.0000   -7.5000 2207.9233   19.5853
    7.5000   30.0000   -7.5000 2207.7891   19.6663
   -7.5000   37.5000   -7.5000 2039.3425   22.6207
    0.0000   37.5000   -7.5000 2056.9209   22.4153
    7.5000   37.5000   -7.5000 2054.4829   22.5107
   -7.5000  -52.5000    0.0000 2729.5171   12.5271
    0.0000  -52.5000    0.0000 2762.3230   12.3994
    7.5000  -52.5000    0.0000 2762.7202   12.5500
   -7.5000  -45.0000    0.0000 2816.6406   11.8607
    0.0000  -45.0000    0.0000 2850.8662   11.7177
    7.5000  -45.0000    0.0000 2848.0410   11.8545
   -7.5000  -37.5000    0.0000 2875.6675   11.3420
    0.0000  -37.5000    0.0000 2912.9854   11.2015
    7.5000  -37.5000    0.0000 2906.4873   11.3312
   -7.5000  -30.0000    0.0000 2911.2390   11.0220
    0.0000  -30.0000    0.0000 2941.2378   10.8109
    7.5000  -30.0000    0.0000 2931.8345   10.9862
   -7.5000  -22.5000    0.0000 2931.8206   11.1140
    0.0000  -22.5000    0.0000 2959.0522   10.9004
    7.5000  -22.5000    0.0000 2955.7485   11.0628
   -7.5000  -15.0000    0.0000 2899.1016   11.5053
    0.0000  -15.0000    0.0000 2933.9512   11.3032
    7.5000  -15.0000    0.0000 2936.8735   11.4426
   -7.5000   -7.5000    0.0000 2835.5508   12.0977
    0.0000   -7.5000    0.0000 2869.3843   11.9079
    7.5000   -7.5000    0.0000 2874.6812   12.0432
   -7.5000    0.0000    0.0000 2746.0046   12.9093
    0.0000    0.0000    0.0000 2770.9968   12.7309
    7.5000    0.0000    0.0000 2778.9924   12.8649
   -7.5000    7.5000    0.0000 2636.5200   14.0140
    0.0000    7.5000    0.0000 2662.6934   13.8200
    7.5000    7.5000    0.0000 2661.8208   13.9594
   -7.5000   15.0000    0.0000 2507.8286   15.4226
    0.0000   15.0000    0.0000 2537.0100   15.2368
    7.5000   15.0000    0.0000 2533.2393   15.3644
   -7.5000   22.5000    0.0000 2362.1216   17.1430
    0.0000   22.5000    0.0000 2390.3018   16.9940
    7.5000   22.5000    0.0000 2388.0591   17.1383
   -7.5000   30.0000    0.0000 2204.8259   19.3443
    0.0000   30.0000    0.0000 2229.1079   19.2135
    7.5000   30.0000    0.0000 2227.8403   19.3495
   -7.5000   37.5000    0.0000 2052.0818   22.1369
    0.0000   37.5000    0.0000 2069.0242   21.9619
    7.5000   37.5000    0.0000 2068.2551   22.0874
   -7.5000  -52.5000    7.5000 2741.7214   12.4477
    0.0000  -52.5000    7.5000 2773.2834   12.1726
    7.5000  -52.5000    7.5000 2779.6772   12.4233
   -7.5000  -45.0000    7.5000 2834.1357   11.7994
    0.0000  -45.0000    7.5000 2869.9556   11.5651
    7.5000  -45.0000    7.5000 2877.6333   11.7915
   -7.5000  -37.5000    7.5000 2899.5623   11.3421
    0.0000  -37.5000    7.5000 2954.0925   11.1146
    7.5000  -37.5000    7.5000 2962.0764   11.3532
   -7.5000  -30.0000    7.5000 2938.6160   11.0207
    0.0000  -30.0000    7.5000 2977.1531   10.6707
    7.5000  -30.0000    7.5000 2979.9812   10.9960
   -7.5000  -22.5000    7.5000 2954.0215   11.0766
    0.0000  -22.5000    7.5000 2989.0159   10.7635
    7.5000  -22.5000    7.5000 2990.7046   10.9883
   -7.5000  -15.0000    7.5000 2912.8081   11.4561
    0.0000  -15.0000    7.5000 2953.7903   11.1780
    7.5000  -15.0000    7.5000 2957.6138   11.3331
   -7.5000   -7.5000    7.5000 2847.2075   12.0201
    0.0000   -7.5000    7.5000 2885.6953   11.7591
    7.5000   -7.5000    7.5000 2889.7188   11.9011
   -7.5000    0.0000    7.5000 2752.3606   12.8327
    0.0000    0.0000    7.5000 2782.4570   12.5858
    7.5000    0.0000    7.5000 2785.5000   12.7325
   -7.5000    7.5000    7.5000 2638.5664   13.9416
    0.0000    7.5000    7.5000 2668.1001   13.6840
    7.5000    7.5000    7.5000 2664.2351   13.8276
   -7.5000   15.0000    7.5000 2511.4290   15.3692
    0.0000   15.0000    7.5000 2542.0903   15.1024
    7.5000   15.0000    7.5000 2539.1045   15.2173
   -7.5000   22.5000    7.5000 2373.2214   17.1330
    0.0000   22.5000    7.5000 2398.0007   16.8719
    7.5000   22.5000    7.5000 2399.8245   16.9982
   -7.5000   30.0000    7.5000 2211.3169   19.2654
    0.0000   30.0000    7.5000 2232.8914   19.0144
    7.5000   30.0000    7.5000 2232.0454   19.1511
   -7.5000   37.5000    7.5000 2056.2954   21.9413
    0.0000   37.5000    7.5000 2073.8560   21.5984
    7.5000   37.5000    7.5000 2069.2693   21.7656
   -7.5000  -52.5000   15.0000 2737.2412   12.5742
    0.0000  -52.5000   15.0000 2772.1738   12.2046
    7.5000  -52.5000   15.0000 2785.1790   12.3795
   -7.5000  -45.0000   15.0000 2832.0271   11.9272
    0.0000  -45.0000   15.0000 2870.0842   11.6439
    7.5000  -45.0000   15.0000 2884.2764   11.7640
   -7.5000  -37.5000   15.0000 2895.6768   11.5068
    0.0000  -37.5000   15.0000 2958.9543   11.2510
    7.5000  -37.5000   15.0000 2968.8315   11.3427
   -7.5000  -30.0000   15.0000 2936.4272   11.2866
    0.0000  -30.0000   15.0000 2993.7842   10.9858
    7.5000  -30.0000   15.0000 2987.4448   11.0796
   -7.5000  -22.5000   15.0000 2943.5969   11.3216
    0.0000  -22.5000   15.0000 2984.1792   11.0073
    7.5000  -22.5000   15.0000 2979.8494   11.1010
   -7.5000  -15.0000   15.0000 2902.3584   11.6153
    0.0000  -15.0000   15.0000 2940.0754   11.3348
    7.5000  -15.0000   15.0000 2944.3337   11.4047
   -7.5000   -7.5000   15.0000 2832.9810   12.1361
    0.0000   -7.5000   15.0000 2864.4861   11.8665
    7.5000   -7.5000   15.0000 2875.6843   11.9491
   -7.5000    0.0000   15.0000 2736.4609   12.9278
    0.0000    0.0000   15.0000 2764.5339   12.6479
    7.5000    0.0000   15.0000 2773.6365   12.7254
   -7.5000    7.5000   15.0000 2626.6523   14.0010
    0.0000    7.5000   15.0000 2656.6870   13.7226
    7.5000    7.5000   15.0000 2655.4167   13.7930
   -7.5000   15.0000   15.0000 2499.2573   15.3892
    0.0000   15.0000   15.0000 2531.3972   15.1226
    7.5000   15.0000   15.0000 2528.7058   15.1905
   -7.5000   22.5000   15.0000 2362.8562   17.1408
    0.0000   22.5000   15.0000 2388.4258   16.9005
    7.5000   22.5000   15.0000 2390.1091   16.9371
   -7.5000   30.0000   15.0000 2205.5530   19.3170
    0.0000   30.0000   15.0000 2232.0637   19.0550
    7.5000   30.0000   15.0000 2225.3911   19.0393
   -7.5000   37.5000   15.0000 2054.2144   22.0205
    0.0000   37.5000   15.0000 2075.2144   21.6708
    7.5000   37.5000   15.0000 2069.3215   21.7120
   -7.5000  -52.5000   22.5000 2734.5737   12.9439
    0.0000  -52.5000   22.5000 2766.5117   12.6448
    7.5000  -52.5000   22.5000 2776.5308   12.6884
   -7.5000  -45.0000   22.5000 2824.2043   12.2802
    0.0000  -45.0000   22.5000 2858.2239   11.9973
    7.5000  -45.0000   22.5000 2864.0828   11.9893
   -7.5000  -37.5000   22.5000 2884.9282   11.8286
    0.0000  -37.5000   22.5000 2933.5540   11.5470
    7.5000  -37.5000   22.5000 2936.2021   11.5299
   -7.5000  -30.0000   22.5000 2908.6521   11.6039
    0.0000  -30.0000   22.5000 2964.5742   11.3615
    7.5000  -30.0000   22.5000 2960.2380   11.3799
   -7.5000  -22.5000   22.5000 2907.9580   11.6486
    0.0000  -22.5000   22.5000 2958.1770   11.4290
    7.5000  -22.5000   22.5000 2953.9258   11.4368
   -7.5000  -15.0000   22.5000 2866.9448   11.9527
    0.0000  -15.0000   22.5000 2907.6594   11.7516
    7.5000  -15.0000   22.5000 2910.7510   11.7345
   -7.5000   -7.5000   22.5000 2796.0835   12.4868
    0.0000   -7.5000   22.5000 2830.4758   12.2654
    7.5000   -7.5000   22.5000 2837.9331   12.2537
   -7.5000    0.0000   22.5000 2704.0630   13.2238
    0.0000    0.0000   22.5000 2734.8369   12.9792
    7.5000    0.0000   22.5000 2742.8604   13.0188
   -7.5000    7.5000   22.5000 2600.2466   14.2464
    0.0000    7.5000   22.5000 2634.4006   13.9510
    7.5000    7.5000   22.5000 2634.2935   14.0256
   -7.5000   15.0000   22.5000 2477.2297   15.6065
    0.0000   15.0000   22.5000 2504.4187   15.2918
    7.5000   15.0000   22.5000 2508.7732   15.3815
   -7.5000   22.5000   22.5000 2338.2725   17.3451
    0.0000   22.5000   22.5000 2364.5090   17.0456
    7.5000   22.5000   22.5000 2364.3215   17.0623
   -7.5000   30.0000   22.5000 2188.2283   19.5463
    0.0000   30.0000   22.5000 2216.5210   19.1943
    7.5000   30.0000   22.5000 2211.9763   19.1653
   -7.5000   37.5000   22.5000 2043.9243   22.2956
    0.0000   37.5000   22.5000 2072.8577   21.9128
    7.5000   37.5000   22.5000 2062.1899   21.8922
   -7.5000  -52.5000   30.0000 2707.8655   13.4772
    0.0000  -52.5000   30.0000 2745.2219   13.1046
    7.5000  -52.5000   30.0000 2754.6614   13.1432
   -7.5000  -45.0000   30.0000 2794.7568   12.7872
    0.0000  -45.0000   30.0000 2829.6267   12.3930
    7.5000  -45.0000   30.0000 2835.6255   12.4072
   -7.5000  -37.5000   30.0000 2846.7168   12.3169
    0.0000  -37.5000   30.0000 2887.5078   11.9388
    7.5000  -37.5000   30.0000 2898.7026   11.9885
   -7.5000  -30.0000   30.0000 2863.6235   12.0963
    0.0000  -30.0000   30.0000 2909.2190   11.8111
    7.5000  -30.0000   30.0000 2916.8154   11.8625
   -7.5000  -22.5000   30.0000 2855.3264   12.1371
    0.0000  -22.5000   30.0000 2902.7664   11.8976
    7.5000  -22.5000   30.0000 2907.2397   11.9302
   -7.5000  -15.0000   30.0000 2811.6543   12.4726
    0.0000  -15.0000   30.0000 2853.6074   12.2422
    7.5000  -15.0000   30.0000 2857.8618   12.2394
   -7.5000   -7.5000   30.0000 2744.4675   13.0137
    0.0000   -7.5000   30.0000 2782.8530   12.7686
    7.5000   -7.5000   30.0000 2786.6343   12.7603
   -7.5000    0.0000   30.0000 2656.6260   13.7517
    0.0000    0.0000   30.0000 2694.8040   13.5163
    7.5000    0.0000   30.0000 2696.0574   13.4945
   -7.5000    7.5000   30.0000 2558.9331   14.7216
    0.0000    7.5000   30.0000 2592.0095   14.4585
    7.5000    7.5000   30.0000 2593.4729   14.4456
   -7.5000   15.0000   30.0000 2436.7000   16.0395
    0.0000   15.0000   30.0000 2461.1467   15.7584
    7.5000   15.0000   30.0000 2463.1191   15.7528
   -7.5000   22.5000   30.0000 2299.3950   17.7954
    0.0000   22.5000   30.0000 2324.6775   17.4380
    7.5000   22.5000   30.0000 2327.0547   17.4320
   -7.5000   30.0000   30.0000 2159.6191   20.0130
    0.0000   30.0000   30.0000 2184.2136   19.5845
    7.5000   30.0000   30.0000 2182.9111   19.5528
   -7.5000   37.5000   30.0000 2020.7869   22.7966
    0.0000   37.5000   30.0000 2046.8427   22.3632
    7.5000   37.5000   30.0000 2041.0773   22.3646
   -7.5000  -52.5000   37.5000 2666.2629   14.1306
    0.0000  -52.5000   37.5000 2708.2800   13.6881
    7.5000  -52.5000   37.5000 2716.3369   13.7031
   -7.5000  -45.0000   37.5000 2744.0522   13.4142
    0.0000  -45.0000   37.5000 2782.8333   12.9558
    7.5000  -45.0000   37.5000 2793.3281   12.9852
   -7.5000  -37.5000   37.5000 2791.9226   12.9361
    0.0000  -37.5000   37.5000 2833.4558   12.5524
    7.5000  -37.5000   37.5000 2844.4565   12.5780
   -7.5000  -30.0000   37.5000 2801.3699   12.7331
    0.0000  -30.0000   37.5000 2844.8245   12.4193
    7.5000  -30.0000   37.5000 2858.2000   12.4274
   -7.5000  -22.5000   37.5000 2791.9548   12.7664
    0.0000  -22.5000   37.5000 2833.5618   12.5075
    7.5000  -22.5000   37.5000 2844.1724   12.5139
   -7.5000  -15.0000   37.5000 2750.2659   13.1028
    0.0000  -15.0000   37.5000 2788.6108   12.8701
    7.5000  -15.0000   37.5000 2792.9993   12.8652
   -7.5000   -7.5000   37.5000 2685.5024   13.6546
    0.0000   -7.5000   37.5000 2723.2649   13.4150
    7.5000   -7.5000   37.5000 2728.0623   13.4163
   -7.5000    0.0000   37.5000 2605.5786   14.3940
    0.0000    0.0000   37.5000 2637.9922   14.1558
    7.5000    0.0000   37.5000 2643.3271   14.1402
   -7.5000    7.5000   37.5000 2506.6152   15.3625
    0.0000    7.5000   37.5000 2532.4866   15.1017
    7.5000    7.5000   37.5000 2534.1619   15.0828
   -7.5000   15.0000   37.5000 2382.6533   16.6831
    0.0000   15.0000   37.5000 2405.0481   16.3787
    7.5000   15.0000   37.5000 2409.9941   16.3534
   -7.5000   22.5000   37.5000 2253.6011   18.4101
    0.0000   22.5000   37.5000 2275.9753   18.1019
    7.5000   22.5000   37.5000 2279.9963   18.0613
   -7.5000   30.0000   37.5000 2124.8960   20.7044
    0.0000   30.0000   37.5000 2144.3782   20.3358
    7.5000   30.0000   37.5000 2140.7456   20.2640
   -7.5000   37.5000   37.5000 1986.5742   23.6259
    0.0000   37.5000   37.5000 2006.6398   23.1344
    7.5000   37.5000   37.5000 1999.0687   23.1141
   -7.5000  -52.5000   45.0000 2603.5454   14.9449
    0.0000  -52.5000   45.0000 2651.3208   14.4889
    7.5000  -52.5000   45.0000 2663.1345   14.5028
   -7.5000  -45.0000   45.0000 2676.3743   14.1876
    0.0000  -45.0000   45.0000 2717.4500   13.7476
    7.5000  -45.0000   45.0000 2729.3289   13.7666
   -7.5000  -37.5000   45.0000 2720.4192   13.6826
    0.0000  -37.5000   45.0000 2759.8787   13.3170
    7.5000  -37.5000   45.0000 2767.8899   13.3155
   -7.5000  -30.0000   45.0000 2724.9329   13.5000
    0.0000  -30.0000   45.0000 2768.5559   13.1830
    7.5000  -30.0000   45.0000 2782.9783   13.1752
   -7.5000  -22.5000   45.0000 2717.1948   13.5203
    0.0000  -22.5000   45.0000 2760.4089   13.2481
    7.5000  -22.5000   45.0000 2771.6421   13.2227
   -7.5000  -15.0000   45.0000 2677.4404   13.8775
    0.0000  -15.0000   45.0000 2716.5291   13.6272
    7.5000  -15.0000   45.0000 2723.0957   13.6027
   -7.5000   -7.5000   45.0000 2618.6282   14.4233
    0.0000   -7.5000   45.0000 2655.5459   14.1736
    7.5000   -7.5000   45.0000 2657.7527   14.1353
   -7.5000    0.0000   45.0000 2539.3704   15.1563
    0.0000    0.0000   45.0000 2570.1846   14.8989
    7.5000    0.0000   45.0000 2573.2332   14.8521
   -7.5000    7.5000   45.0000 2441.9214   16.1462
    0.0000    7.5000   45.0000 2467.5676   15.8589
    7.5000    7.5000   45.0000 2474.0232   15.8230
   -7.5000   15.0000   45.0000 2324.6223   17.5029
    0.0000   15.0000   45.0000 2344.6885   17.1870
    7.5000   15.0000   45.0000 2346.3660   17.1410
   -7.5000   22.5000   45.0000 2200.9001   19.3172
    0.0000   22.5000   45.0000 2214.8518   18.9749
    7.5000   22.5000   45.0000 2212.0320   18.9001
   -7.5000   30.0000   45.0000 2072.9407   21.6317
    0.0000   30.0000   45.0000 2088.4944   21.2532
    7.5000   30.0000   45.0000 2084.6418   21.1869
   -7.5000   37.5000   45.0000 1934.3345   24.6148
    0.0000   37.5000   45.0000 1954.7600   24.0802
    7.5000   37.5000   45.0000 1949.0947   24.0521

---------------------------------------------------------------------
imgreg_4dfp /opt/freesurfer/average/711-2C_as_mni_average_305 /opt/freesurfer/average/711-2B_as_mni_average_305_mask talsrcimg_g11 none talsrcimg_to_711-2C_as_mni_average_305_t4 1283
---------------------------------------------------------------------

freesurfer imgreg_4dfp.c
/opt/freesurfer/average/711-2C_as_mni_average_305.4dfp.img
       256       256       256         1
  1.000000  1.000000  1.000000
orientation T byte_order littleendian
Reading image: /opt/freesurfer/average/711-2C_as_mni_average_305.4dfp.img
dimensions:      256       256       256
mmppix:       1.0000   -1.0000   -1.0000
center:     128.0000 -129.0000 -129.0000
/opt/freesurfer/average/711-2B_as_mni_average_305_mask.4dfp.img
       256       256       256         1
  1.000000  1.000000  1.000000
orientation T byte_order littleendian
Reading mask: /opt/freesurfer/average/711-2B_as_mni_average_305_mask.4dfp.img (2306576 pixels)
talsrcimg_g11.4dfp.img
       256       256       256         1
  1.000000  1.000000  1.000000
orientation T byte_order littleendian
Reading image: talsrcimg_g11.4dfp.img
dimensions:      256       256       256
mmppix:       1.0000   -1.0000   -1.0000
center:     128.0000 -129.0000 -129.0000
rotation matrix determinant  1.000000
fimgreg.f
image alignment mode   1283 decimal      503 hex
parameters
    0.0000  -30.0000   15.0000    0.0000    0.0000    0.0000
eta,q 0.94108 10.99464
niter,ni,del,rscale     5    3   12.0000    1.2000
parameter  1 -0.541420 -> -0.500000 qaram    1.1500
parameter  4 -1.073274 -> -0.500000 qaram    1.1500
parameter  5  0.775607 ->  0.500000 qaram    1.1500
parameters
    3.4500  -28.6599   13.4827    3.4500   -3.4500   -2.4639
eta,q 0.94935 10.77517
  0.0750  0.0645  0.0597  0.0620  0.0524  0.0517
  0.0697  0.0621  0.0574  0.0614  0.0512  0.0511
  0.0642  0.0600  0.0564  0.0588  0.0519  0.0506
  0.0605  0.0581  0.0572  0.0563  0.0549  0.0512
  0.0587  0.0574  0.0584  0.0552  0.0584  0.0524
  0.0588  0.0590  0.0611  0.0548  0.0628  0.0547
  0.0603  0.0610  0.0645  0.0549  0.0673  0.0575
niter,ni,del,rscale     7    3   12.0000    1.2000
parameters
    3.7507  -30.6578   12.9906    6.4414   -4.8165   -2.9806
eta,q 0.95241 10.78417
  0.0639  0.0529  0.0562  0.0591  0.0515  0.0511
  0.0575  0.0487  0.0518  0.0562  0.0493  0.0491
  0.0529  0.0488  0.0491  0.0519  0.0480  0.0480
  0.0507  0.0505  0.0488  0.0487  0.0476  0.0475
  0.0511  0.0526  0.0502  0.0475  0.0495  0.0482
  0.0565  0.0553  0.0539  0.0487  0.0521  0.0501
  0.0618  0.0590  0.0589  0.0502  0.0570  0.0527
niter,ni,del,rscale     6    3   12.0000    1.2000
parameters
    3.7845  -31.7149   13.2804    7.1131   -4.7009   -2.9792
eta,q 0.95294 10.82463
  0.0596  0.0536  0.0579  0.0559  0.0535  0.0509
  0.0541  0.0485  0.0515  0.0510  0.0502  0.0486
  0.0495  0.0469  0.0473  0.0477  0.0483  0.0476
  0.0476  0.0476  0.0469  0.0470  0.0471  0.0471
  0.0490  0.0504  0.0487  0.0477  0.0476  0.0473
  0.0542  0.0538  0.0514  0.0493  0.0498  0.0486
  0.0594  0.0575  0.0547  0.0526  0.0533  0.0510
niter,ni,del,rscale     5    3   12.0000    1.2000
parameters
    3.7995  -31.9470   13.3635    7.2939   -4.7295   -2.9801
eta,q 0.95295 10.83359
  0.0602  0.0559  0.0572  0.0549  0.0533  0.0509
  0.0538  0.0505  0.0507  0.0498  0.0500  0.0486
  0.0490  0.0475  0.0471  0.0473  0.0482  0.0475
  0.0471  0.0471  0.0470  0.0470  0.0470  0.0471
  0.0487  0.0493  0.0490  0.0478  0.0476  0.0474
  0.0544  0.0524  0.0516  0.0498  0.0500  0.0486
  0.0597  0.0562  0.0552  0.0535  0.0537  0.0509
niter,ni,del,rscale     4    3   12.0000    1.2000
parameters
    3.8036  -32.0348   13.3839    7.3607   -4.7373   -2.9824
eta,q 0.95295 10.83664
  0.0604  0.0564  0.0570  0.0547  0.0534  0.0508
  0.0537  0.0510  0.0505  0.0495  0.0500  0.0486
  0.0489  0.0478  0.0471  0.0473  0.0482  0.0475
  0.0471  0.0471  0.0470  0.0470  0.0471  0.0471
  0.0487  0.0492  0.0490  0.0479  0.0475  0.0474
  0.0545  0.0522  0.0517  0.0499  0.0499  0.0486
  0.0598  0.0559  0.0553  0.0538  0.0537  0.0509
niter,ni,del,rscale     3    3   12.0000    1.2000
parameters
    3.8031  -32.0670   13.3910    7.3857   -4.7386   -2.9852
eta,q 0.95295 10.83766
  0.0604  0.0565  0.0569  0.0546  0.0534  0.0508
  0.0537  0.0512  0.0505  0.0495  0.0500  0.0486
  0.0489  0.0480  0.0471  0.0473  0.0482  0.0475
  0.0471  0.0471  0.0470  0.0470  0.0471  0.0471
  0.0487  0.0491  0.0491  0.0479  0.0475  0.0474
  0.0545  0.0521  0.0517  0.0500  0.0499  0.0486
  0.0599  0.0558  0.0554  0.0538  0.0537  0.0508
registration optimization eta report
parameter search radius
    6.9000    6.0000    6.0000    6.9000    6.9000    6.0000
100000*second partial in parameter space
       27.       24.       25.       15.       13.       11.
  0.0604  0.0565  0.0569  0.0546  0.0534  0.0508
  0.0537  0.0512  0.0505  0.0495  0.0500  0.0486
  0.0489  0.0480  0.0471  0.0473  0.0482  0.0475
  0.0471  0.0471  0.0470  0.0470  0.0471  0.0471
  0.0487  0.0491  0.0491  0.0479  0.0475  0.0474
  0.0545  0.0521  0.0517  0.0500  0.0499  0.0486
  0.0599  0.0558  0.0554  0.0538  0.0537  0.0508
    3.8031  -32.0670   13.3910    7.3857   -4.7386   -2.9852
eta,q 0.95295 10.83766

---------------------------------------------------------------------
imgreg_4dfp /opt/freesurfer/average/711-2C_as_mni_average_305 /opt/freesurfer/average/711-2B_as_mni_average_305_mask talsrcimg_g11 none talsrcimg_to_711-2C_as_mni_average_305_t4 3335
---------------------------------------------------------------------

freesurfer imgreg_4dfp.c
/opt/freesurfer/average/711-2C_as_mni_average_305.4dfp.img
       256       256       256         1
  1.000000  1.000000  1.000000
orientation T byte_order littleendian
Reading image: /opt/freesurfer/average/711-2C_as_mni_average_305.4dfp.img
dimensions:      256       256       256
mmppix:       1.0000   -1.0000   -1.0000
center:     128.0000 -129.0000 -129.0000
/opt/freesurfer/average/711-2B_as_mni_average_305_mask.4dfp.img
       256       256       256         1
  1.000000  1.000000  1.000000
orientation T byte_order littleendian
Reading mask: /opt/freesurfer/average/711-2B_as_mni_average_305_mask.4dfp.img (2306576 pixels)
talsrcimg_g11.4dfp.img
       256       256       256         1
  1.000000  1.000000  1.000000
orientation T byte_order littleendian
Reading image: talsrcimg_g11.4dfp.img
dimensions:      256       256       256
mmppix:       1.0000   -1.0000   -1.0000
center:     128.0000 -129.0000 -129.0000
fimgreg.f
image alignment mode   3335 decimal      D07 hex
parameters
    3.8031  -32.0670   13.3910   -0.4770   -1.0196   -1.1687
    6.2251    7.5119   -5.1900  -13.2641   -8.2610   12.8109
eta,q 0.95572 10.82227
niter,ni,del,rscale     5    3    5.0000    1.2000
parameter  4  8.422551 ->  0.500000 qaram    1.1500
parameter  5  6.694946 ->  0.500000 qaram    1.1500
parameter  6  0.501651 ->  0.500000 qaram    1.1500
parameters
    3.7324  -31.6235   13.4213   -4.6170   -5.1596   -5.3087
    5.2728    8.6366   -3.2738  -11.5462   -5.6550   11.6129
eta,q 0.96894 10.77844
  0.0462  0.0465  0.0459  0.0350  0.0297  0.0329  0.0340  0.0394  0.0345  0.0370  0.0345  0.0316
  0.0452  0.0456  0.0450  0.0371  0.0322  0.0322  0.0328  0.0364  0.0332  0.0345  0.0331  0.0313
  0.0445  0.0448  0.0444  0.0403  0.0350  0.0321  0.0321  0.0337  0.0323  0.0326  0.0320  0.0311
  0.0443  0.0443  0.0442  0.0442  0.0379  0.0329  0.0321  0.0320  0.0317  0.0316  0.0313  0.0311
  0.0445  0.0442  0.0443  0.0481  0.0411  0.0354  0.0326  0.0319  0.0316  0.0313  0.0311  0.0312
  0.0453  0.0446  0.0449  0.0514  0.0444  0.0396  0.0338  0.0334  0.0319  0.0320  0.0313  0.0316
  0.0465  0.0454  0.0458  0.0545  0.0475  0.0444  0.0354  0.0364  0.0326  0.0336  0.0319  0.0322
niter,ni,del,rscale     7    3    5.0000    1.2000
parameter  4  0.529580 ->  0.500000 qaram    1.3225
parameter  5  1.199804 ->  0.500000 qaram    1.3225
parameters
    3.6639  -32.1283   12.3506   -9.3780   -9.9206   -3.5213
    4.9584    8.3196   -3.6342  -12.1804   -5.6271   10.3251
eta,q 0.97454 10.68322
  0.0350  0.0324  0.0311  0.0307  0.0260  0.0306  0.0283  0.0308  0.0271  0.0285  0.0267  0.0262
  0.0327  0.0313  0.0306  0.0298  0.0261  0.0291  0.0268  0.0280  0.0262  0.0266  0.0260  0.0257
  0.0314  0.0309  0.0306  0.0294  0.0274  0.0276  0.0258  0.0262  0.0257  0.0256  0.0256  0.0255
  0.0311  0.0311  0.0309  0.0306  0.0296  0.0263  0.0256  0.0256  0.0256  0.0256  0.0255  0.0255
  0.0317  0.0317  0.0316  0.0337  0.0327  0.0252  0.0260  0.0263  0.0258  0.0263  0.0256  0.0257
  0.0332  0.0327  0.0325  0.0381  0.0360  0.0254  0.0271  0.0285  0.0265  0.0276  0.0260  0.0262
  0.0354  0.0340  0.0338  0.0421  0.0391  0.0290  0.0288  0.0320  0.0275  0.0295  0.0267  0.0270
niter,ni,del,rscale     7    3    5.0000    1.2000
parameters
    3.7580  -31.9951   12.4661   -9.6789  -13.0984   -3.3842
    4.9223    8.3312   -3.3975  -12.1838   -5.5065   10.6501
eta,q 0.97494 10.60307
  0.0294  0.0285  0.0271  0.0305  0.0274  0.0292  0.0278  0.0304  0.0266  0.0281  0.0262  0.0262
  0.0273  0.0269  0.0262  0.0285  0.0260  0.0277  0.0263  0.0277  0.0258  0.0262  0.0256  0.0256
  0.0260  0.0259  0.0257  0.0268  0.0251  0.0263  0.0254  0.0258  0.0253  0.0252  0.0252  0.0252
  0.0255  0.0255  0.0254  0.0254  0.0255  0.0251  0.0251  0.0251  0.0251  0.0251  0.0251  0.0251
  0.0258  0.0257  0.0256  0.0254  0.0275  0.0244  0.0254  0.0256  0.0252  0.0255  0.0252  0.0252
  0.0269  0.0265  0.0260  0.0279  0.0308  0.0260  0.0264  0.0274  0.0257  0.0264  0.0255  0.0255
  0.0289  0.0278  0.0268  0.0326  0.0347  0.0305  0.0278  0.0306  0.0264  0.0279  0.0261  0.0260
niter,ni,del,rscale     6    3    5.0000    1.2000
parameters
    3.8065  -31.6781   12.7004   -9.1552  -13.9835   -3.4495
    4.8278    8.3221   -3.2307  -11.8778   -5.4335   10.3005
eta,q 0.97506 10.58473
  0.0287  0.0281  0.0268  0.0305  0.0284  0.0289  0.0276  0.0302  0.0264  0.0280  0.0261  0.0259
  0.0268  0.0266  0.0259  0.0284  0.0269  0.0274  0.0261  0.0276  0.0256  0.0261  0.0255  0.0253
  0.0255  0.0255  0.0253  0.0265  0.0255  0.0261  0.0252  0.0257  0.0251  0.0252  0.0251  0.0250
  0.0251  0.0251  0.0250  0.0250  0.0248  0.0249  0.0249  0.0249  0.0249  0.0249  0.0249  0.0249
  0.0254  0.0251  0.0251  0.0245  0.0254  0.0244  0.0253  0.0255  0.0251  0.0253  0.0251  0.0251
  0.0265  0.0257  0.0255  0.0264  0.0275  0.0261  0.0262  0.0273  0.0255  0.0261  0.0254  0.0255
  0.0284  0.0268  0.0262  0.0306  0.0307  0.0306  0.0277  0.0305  0.0263  0.0273  0.0261  0.0260
niter,ni,del,rscale     5    3    5.0000    1.2000
parameters
    3.8118  -31.4799   12.7150   -9.0003  -14.2612   -3.4579
    4.7486    8.3127   -3.1428  -11.5431   -5.4298   10.0177
eta,q 0.97507 10.57572
  0.0285  0.0276  0.0264  0.0303  0.0287  0.0289  0.0275  0.0302  0.0263  0.0279  0.0261  0.0259
  0.0266  0.0262  0.0256  0.0282  0.0271  0.0274  0.0261  0.0276  0.0256  0.0261  0.0254  0.0253
  0.0254  0.0253  0.0251  0.0264  0.0258  0.0261  0.0252  0.0257  0.0251  0.0251  0.0251  0.0250
  0.0249  0.0249  0.0249  0.0249  0.0249  0.0249  0.0249  0.0249  0.0249  0.0249  0.0249  0.0249
  0.0253  0.0251  0.0251  0.0246  0.0251  0.0244  0.0253  0.0255  0.0251  0.0252  0.0251  0.0251
  0.0265  0.0257  0.0256  0.0268  0.0269  0.0260  0.0262  0.0273  0.0255  0.0260  0.0255  0.0255
  0.0285  0.0268  0.0264  0.0312  0.0299  0.0304  0.0277  0.0305  0.0263  0.0271  0.0261  0.0260
niter,ni,del,rscale     4    3    5.0000    1.2000
parameters
    3.8074  -31.3402   12.6734   -8.9519  -14.3986   -3.4820
    4.7079    8.3112   -3.0836  -11.2614   -5.4406    9.8350
eta,q 0.97505 10.56894
  0.0285  0.0274  0.0264  0.0302  0.0287  0.0289  0.0276  0.0302  0.0263  0.0277  0.0261  0.0259
  0.0266  0.0261  0.0256  0.0281  0.0272  0.0274  0.0262  0.0276  0.0256  0.0260  0.0255  0.0254
  0.0254  0.0252  0.0251  0.0264  0.0258  0.0261  0.0252  0.0257  0.0251  0.0251  0.0251  0.0250
  0.0249  0.0249  0.0249  0.0249  0.0249  0.0249  0.0249  0.0249  0.0249  0.0249  0.0250  0.0249
  0.0253  0.0251  0.0251  0.0247  0.0251  0.0244  0.0253  0.0255  0.0251  0.0253  0.0251  0.0251
  0.0265  0.0257  0.0256  0.0270  0.0267  0.0260  0.0262  0.0273  0.0255  0.0260  0.0255  0.0255
  0.0285  0.0268  0.0265  0.0313  0.0296  0.0304  0.0276  0.0305  0.0263  0.0271  0.0261  0.0260
niter,ni,del,rscale     3    3    5.0000    1.2000
parameters
    3.8010  -31.2285   12.6238   -8.9291  -14.5020   -3.5177
    4.6800    8.3079   -3.0310  -11.0113   -5.4530    9.6999
eta,q 0.97503 10.56293
  0.0285  0.0273  0.0264  0.0302  0.0287  0.0288  0.0276  0.0302  0.0263  0.0277  0.0262  0.0259
  0.0266  0.0260  0.0256  0.0281  0.0272  0.0274  0.0262  0.0276  0.0256  0.0260  0.0255  0.0254
  0.0254  0.0252  0.0251  0.0264  0.0258  0.0261  0.0253  0.0257  0.0251  0.0251  0.0251  0.0251
  0.0249  0.0249  0.0249  0.0249  0.0249  0.0250  0.0250  0.0250  0.0250  0.0250  0.0250  0.0250
  0.0253  0.0251  0.0251  0.0247  0.0251  0.0244  0.0253  0.0255  0.0251  0.0253  0.0251  0.0251
  0.0266  0.0258  0.0257  0.0270  0.0267  0.0260  0.0262  0.0273  0.0255  0.0260  0.0255  0.0255
  0.0286  0.0269  0.0265  0.0314  0.0295  0.0305  0.0276  0.0305  0.0263  0.0271  0.0262  0.0260
niter,ni,del,rscale     2    3    5.0000    1.2000
parameters
    3.7957  -31.1281   12.5724   -8.9113  -14.6026   -3.5615
    4.6525    8.3086   -2.9995  -10.7857   -5.4556    9.6054
eta,q 0.97500 10.55688
  0.0285  0.0272  0.0264  0.0302  0.0286  0.0288  0.0276  0.0302  0.0263  0.0276  0.0262  0.0260
  0.0266  0.0260  0.0256  0.0281  0.0272  0.0274  0.0262  0.0276  0.0256  0.0260  0.0255  0.0254
  0.0254  0.0253  0.0251  0.0264  0.0259  0.0261  0.0253  0.0257  0.0252  0.0252  0.0251  0.0251
  0.0250  0.0250  0.0250  0.0250  0.0250  0.0250  0.0250  0.0250  0.0250  0.0250  0.0250  0.0250
  0.0254  0.0252  0.0252  0.0248  0.0251  0.0245  0.0253  0.0255  0.0251  0.0253  0.0251  0.0252
  0.0266  0.0258  0.0257  0.0270  0.0267  0.0260  0.0262  0.0274  0.0256  0.0260  0.0255  0.0255
  0.0286  0.0269  0.0265  0.0314  0.0295  0.0305  0.0277  0.0305  0.0263  0.0271  0.0262  0.0260
niter,ni,del,rscale     1    3    5.0000    1.2000
parameters
    3.7912  -31.0342   12.5247   -8.9008  -14.6974   -3.6089
    4.6366    8.3061   -2.9654  -10.5695   -5.4526    9.5066
eta,q 0.97496 10.55077
  0.0285  0.0272  0.0264  0.0302  0.0286  0.0288  0.0276  0.0302  0.0263  0.0276  0.0262  0.0260
  0.0266  0.0260  0.0256  0.0281  0.0272  0.0274  0.0262  0.0276  0.0256  0.0260  0.0256  0.0255
  0.0254  0.0253  0.0252  0.0264  0.0259  0.0261  0.0253  0.0258  0.0252  0.0252  0.0252  0.0251
  0.0250  0.0250  0.0250  0.0250  0.0250  0.0250  0.0250  0.0250  0.0250  0.0250  0.0250  0.0250
  0.0254  0.0252  0.0252  0.0248  0.0251  0.0245  0.0253  0.0256  0.0252  0.0253  0.0252  0.0252
  0.0266  0.0258  0.0257  0.0271  0.0267  0.0260  0.0263  0.0274  0.0256  0.0261  0.0256  0.0255
  0.0286  0.0269  0.0265  0.0314  0.0295  0.0305  0.0277  0.0305  0.0263  0.0271  0.0262  0.0260
registration optimization eta report
parameter search radius
    2.4000    2.4000    2.4000    9.5220    9.5220    8.2800
    7.2000    7.2000    7.2000    7.2000    7.2000    7.2000
100000*second partial in parameter space
       61.       36.       26.        6.        4.        7.
        5.       10.        2.        4.        2.        2.
  0.0285  0.0272  0.0264  0.0302  0.0286  0.0288  0.0276  0.0302  0.0263  0.0276  0.0262  0.0260
  0.0266  0.0260  0.0256  0.0281  0.0272  0.0274  0.0262  0.0276  0.0256  0.0260  0.0256  0.0255
  0.0254  0.0253  0.0252  0.0264  0.0259  0.0261  0.0253  0.0258  0.0252  0.0252  0.0252  0.0251
  0.0250  0.0250  0.0250  0.0250  0.0250  0.0250  0.0250  0.0250  0.0250  0.0250  0.0250  0.0250
  0.0254  0.0252  0.0252  0.0248  0.0251  0.0245  0.0253  0.0256  0.0252  0.0253  0.0252  0.0252
  0.0266  0.0258  0.0257  0.0271  0.0267  0.0260  0.0263  0.0274  0.0256  0.0261  0.0256  0.0255
  0.0286  0.0269  0.0265  0.0314  0.0295  0.0305  0.0277  0.0305  0.0263  0.0271  0.0262  0.0260
    3.7912  -31.0342   12.5247   -8.9008  -14.6974   -3.6089
    4.6366    8.3061   -2.9654  -10.5695   -5.4526    9.5066
eta,q 0.97496 10.55077

---------------------------------------------------------------------
imgreg_4dfp /opt/freesurfer/average/711-2C_as_mni_average_305 /opt/freesurfer/average/711-2B_as_mni_average_305_mask talsrcimg_g11 none talsrcimg_to_711-2C_as_mni_average_305_t4 2311
---------------------------------------------------------------------

freesurfer imgreg_4dfp.c
/opt/freesurfer/average/711-2C_as_mni_average_305.4dfp.img
       256       256       256         1
  1.000000  1.000000  1.000000
orientation T byte_order littleendian
Reading image: /opt/freesurfer/average/711-2C_as_mni_average_305.4dfp.img
dimensions:      256       256       256
mmppix:       1.0000   -1.0000   -1.0000
center:     128.0000 -129.0000 -129.0000
/opt/freesurfer/average/711-2B_as_mni_average_305_mask.4dfp.img
       256       256       256         1
  1.000000  1.000000  1.000000
orientation T byte_order littleendian
Reading mask: /opt/freesurfer/average/711-2B_as_mni_average_305_mask.4dfp.img (2306576 pixels)
talsrcimg_g11.4dfp.img
       256       256       256         1
  1.000000  1.000000  1.000000
orientation T byte_order littleendian
Reading image: talsrcimg_g11.4dfp.img
dimensions:      256       256       256
mmppix:       1.0000   -1.0000   -1.0000
center:     128.0000 -129.0000 -129.0000
fimgreg.f
image alignment mode   2311 decimal      907 hex
parameters
    3.7912  -31.0342   12.5247   -8.9008  -14.6974   -3.6089
    4.6366    8.3061   -2.9654  -10.5695   -5.4526    9.5066
eta,q 0.97496 10.55077
niter,ni,del,rscale     5    3    5.0000    0.8000
parameters
    3.8001  -30.9404   12.4842   -7.2845  -13.9876   -2.4810
    4.7627    8.4611   -2.7278  -10.1924   -5.5256    8.7251
eta,q 0.97565 10.62011
  0.0266  0.0260  0.0257  0.0273  0.0261  0.0266  0.0259  0.0279  0.0252  0.0258  0.0252  0.0247
  0.0258  0.0255  0.0253  0.0265  0.0255  0.0258  0.0251  0.0262  0.0247  0.0250  0.0247  0.0245
  0.0252  0.0252  0.0251  0.0257  0.0250  0.0251  0.0246  0.0249  0.0245  0.0245  0.0244  0.0244
  0.0250  0.0250  0.0250  0.0250  0.0247  0.0246  0.0244  0.0244  0.0244  0.0244  0.0244  0.0244
  0.0252  0.0251  0.0251  0.0247  0.0246  0.0243  0.0245  0.0247  0.0244  0.0245  0.0245  0.0245
  0.0257  0.0254  0.0254  0.0248  0.0249  0.0245  0.0249  0.0258  0.0246  0.0248  0.0248  0.0247
  0.0266  0.0258  0.0257  0.0257  0.0256  0.0256  0.0257  0.0276  0.0250  0.0254  0.0252  0.0251
niter,ni,del,rscale     4    3    5.0000    0.7000
parameters
    3.6901  -31.1354   12.6728   -7.6159  -13.6144   -2.0340
    4.8221    8.4503   -2.7505  -10.5842   -5.6701    8.8204
eta,q 0.97579 10.63751
  0.0256  0.0249  0.0251  0.0258  0.0255  0.0260  0.0254  0.0269  0.0248  0.0250  0.0248  0.0247
  0.0249  0.0245  0.0247  0.0251  0.0250  0.0253  0.0247  0.0255  0.0245  0.0245  0.0245  0.0244
  0.0244  0.0244  0.0244  0.0246  0.0246  0.0247  0.0244  0.0246  0.0243  0.0242  0.0243  0.0243
  0.0244  0.0243  0.0243  0.0243  0.0243  0.0243  0.0242  0.0242  0.0242  0.0242  0.0242  0.0242
  0.0246  0.0245  0.0243  0.0245  0.0243  0.0242  0.0243  0.0245  0.0243  0.0244  0.0243  0.0242
  0.0252  0.0248  0.0245  0.0253  0.0246  0.0245  0.0247  0.0255  0.0245  0.0248  0.0246  0.0244
  0.0261  0.0253  0.0248  0.0266  0.0252  0.0257  0.0253  0.0270  0.0248  0.0253  0.0249  0.0246
niter,ni,del,rscale     3    3    5.0000    0.6000
parameters
    3.7063  -31.3551   12.7766   -7.6902  -13.3705   -1.7685
    4.8493    8.5159   -2.7466  -11.0037   -5.7423    8.9897
eta,q 0.97588 10.65086
  0.0254  0.0246  0.0248  0.0254  0.0251  0.0255  0.0250  0.0263  0.0246  0.0247  0.0246  0.0245
  0.0247  0.0243  0.0245  0.0249  0.0247  0.0249  0.0245  0.0252  0.0243  0.0243  0.0243  0.0243
  0.0243  0.0242  0.0243  0.0244  0.0244  0.0245  0.0242  0.0244  0.0242  0.0241  0.0242  0.0242
  0.0242  0.0242  0.0242  0.0242  0.0242  0.0242  0.0241  0.0241  0.0241  0.0241  0.0241  0.0241
  0.0243  0.0244  0.0242  0.0243  0.0242  0.0241  0.0242  0.0243  0.0242  0.0243  0.0242  0.0241
  0.0247  0.0246  0.0243  0.0248  0.0245  0.0244  0.0245  0.0250  0.0243  0.0246  0.0244  0.0242
  0.0253  0.0250  0.0246  0.0257  0.0249  0.0253  0.0250  0.0262  0.0246  0.0250  0.0247  0.0244
niter,ni,del,rscale     2    3    5.0000    0.5000
parameters
    3.7258  -31.5475   12.8760   -7.7051  -13.2078   -1.5480
    4.8722    8.5639   -2.7756  -11.3472   -5.7679    9.1493
eta,q 0.97594 10.66172
  0.0249  0.0244  0.0245  0.0250  0.0248  0.0251  0.0247  0.0256  0.0244  0.0245  0.0244  0.0243
  0.0245  0.0242  0.0243  0.0246  0.0244  0.0246  0.0243  0.0248  0.0242  0.0242  0.0242  0.0242
  0.0242  0.0241  0.0242  0.0243  0.0242  0.0243  0.0241  0.0243  0.0241  0.0241  0.0241  0.0241
  0.0241  0.0241  0.0241  0.0241  0.0241  0.0241  0.0241  0.0241  0.0241  0.0241  0.0241  0.0241
  0.0242  0.0242  0.0241  0.0242  0.0241  0.0241  0.0241  0.0242  0.0241  0.0242  0.0241  0.0241
  0.0244  0.0244  0.0242  0.0245  0.0243  0.0243  0.0243  0.0247  0.0242  0.0244  0.0242  0.0241
  0.0249  0.0247  0.0244  0.0251  0.0247  0.0249  0.0246  0.0256  0.0244  0.0247  0.0244  0.0243
niter,ni,del,rscale     1    3    5.0000    0.4000
parameters
    3.7438  -31.6924   12.9493   -7.7235  -13.1018   -1.3824
    4.8926    8.5911   -2.8198  -11.6121   -5.7776    9.2773
eta,q 0.97598 10.66890
  0.0246  0.0242  0.0243  0.0247  0.0245  0.0247  0.0244  0.0251  0.0242  0.0243  0.0243  0.0242
  0.0243  0.0241  0.0242  0.0244  0.0243  0.0244  0.0242  0.0245  0.0241  0.0241  0.0241  0.0241
  0.0241  0.0241  0.0241  0.0241  0.0241  0.0242  0.0241  0.0242  0.0241  0.0240  0.0240  0.0240
  0.0241  0.0241  0.0241  0.0240  0.0240  0.0240  0.0240  0.0240  0.0240  0.0240  0.0240  0.0240
  0.0241  0.0241  0.0241  0.0241  0.0241  0.0240  0.0241  0.0241  0.0241  0.0241  0.0240  0.0240
  0.0243  0.0243  0.0241  0.0243  0.0242  0.0242  0.0242  0.0245  0.0241  0.0242  0.0241  0.0241
  0.0246  0.0244  0.0242  0.0247  0.0244  0.0246  0.0244  0.0250  0.0242  0.0245  0.0243  0.0242
registration optimization eta report
parameter search radius
    0.8000    0.8000    0.8000    2.4000    2.4000    2.4000
    2.4000    2.4000    2.4000    2.4000    2.4000    2.4000
100000*second partial in parameter space
       81.       44.       37.       11.        7.       11.
        7.       18.        4.        6.        4.        3.
  0.0246  0.0242  0.0243  0.0247  0.0245  0.0247  0.0244  0.0251  0.0242  0.0243  0.0243  0.0242
  0.0243  0.0241  0.0242  0.0244  0.0243  0.0244  0.0242  0.0245  0.0241  0.0241  0.0241  0.0241
  0.0241  0.0241  0.0241  0.0241  0.0241  0.0242  0.0241  0.0242  0.0241  0.0240  0.0240  0.0240
  0.0241  0.0241  0.0241  0.0240  0.0240  0.0240  0.0240  0.0240  0.0240  0.0240  0.0240  0.0240
  0.0241  0.0241  0.0241  0.0241  0.0241  0.0240  0.0241  0.0241  0.0241  0.0241  0.0240  0.0240
  0.0243  0.0243  0.0241  0.0243  0.0242  0.0242  0.0242  0.0245  0.0241  0.0242  0.0241  0.0241
  0.0246  0.0244  0.0242  0.0247  0.0244  0.0246  0.0244  0.0250  0.0242  0.0245  0.0243  0.0242
    3.7438  -31.6924   12.9493   -7.7235  -13.1018   -1.3824
    4.8926    8.5911   -2.8198  -11.6121   -5.7776    9.2773
eta,q 0.97598 10.66890

---------------------------------------------------------------------
imgreg_4dfp /opt/freesurfer/average/711-2C_as_mni_average_305 /opt/freesurfer/average/711-2B_as_mni_average_305_mask talsrcimg_g11 none talsrcimg_to_711-2C_as_mni_average_305_t4 2311
---------------------------------------------------------------------

freesurfer imgreg_4dfp.c
/opt/freesurfer/average/711-2C_as_mni_average_305.4dfp.img
       256       256       256         1
  1.000000  1.000000  1.000000
orientation T byte_order littleendian
Reading image: /opt/freesurfer/average/711-2C_as_mni_average_305.4dfp.img
dimensions:      256       256       256
mmppix:       1.0000   -1.0000   -1.0000
center:     128.0000 -129.0000 -129.0000
/opt/freesurfer/average/711-2B_as_mni_average_305_mask.4dfp.img
       256       256       256         1
  1.000000  1.000000  1.000000
orientation T byte_order littleendian
Reading mask: /opt/freesurfer/average/711-2B_as_mni_average_305_mask.4dfp.img (2306576 pixels)
talsrcimg_g11.4dfp.img
       256       256       256         1
  1.000000  1.000000  1.000000
orientation T byte_order littleendian
Reading image: talsrcimg_g11.4dfp.img
dimensions:      256       256       256
mmppix:       1.0000   -1.0000   -1.0000
center:     128.0000 -129.0000 -129.0000
fimgreg.f
image alignment mode   2311 decimal      907 hex
parameters
    3.7438  -31.6924   12.9493   -7.7235  -13.1018   -1.3824
    4.8926    8.5911   -2.8198  -11.6121   -5.7776    9.2773
eta,q 0.97598 10.66890
niter,ni,del,rscale     5    3    5.0000    0.8000
parameters
    3.7516  -31.7814   12.9827   -8.2276  -13.2704   -1.8980
    4.8721    8.5399   -2.9359  -11.8709   -5.7837    9.6085
eta,q 0.97587 10.65417
  0.0261  0.0251  0.0250  0.0258  0.0254  0.0259  0.0255  0.0274  0.0249  0.0254  0.0250  0.0248
  0.0250  0.0244  0.0245  0.0250  0.0248  0.0251  0.0248  0.0257  0.0245  0.0246  0.0245  0.0244
  0.0243  0.0241  0.0241  0.0243  0.0243  0.0245  0.0243  0.0246  0.0242  0.0242  0.0242  0.0242
  0.0240  0.0240  0.0240  0.0240  0.0241  0.0241  0.0241  0.0241  0.0241  0.0241  0.0241  0.0241
  0.0242  0.0242  0.0241  0.0243  0.0242  0.0242  0.0243  0.0246  0.0242  0.0244  0.0242  0.0242
  0.0249  0.0246  0.0244  0.0254  0.0248  0.0254  0.0248  0.0257  0.0245  0.0249  0.0245  0.0243
  0.0260  0.0253  0.0250  0.0271  0.0258  0.0276  0.0256  0.0276  0.0250  0.0257  0.0250  0.0246
niter,ni,del,rscale     4    3    5.0000    0.7000
parameters
    3.7811  -31.7669   12.9227   -7.9849  -13.2292   -1.9156
    4.9030    8.5694   -2.9274  -11.8439   -5.7585    9.5907
eta,q 0.97590 10.65805
  0.0257  0.0250  0.0247  0.0259  0.0252  0.0257  0.0252  0.0268  0.0247  0.0252  0.0248  0.0245
  0.0248  0.0245  0.0244  0.0251  0.0247  0.0250  0.0246  0.0254  0.0244  0.0246  0.0244  0.0243
  0.0243  0.0242  0.0242  0.0245  0.0243  0.0245  0.0242  0.0245  0.0242  0.0242  0.0242  0.0241
  0.0241  0.0241  0.0241  0.0241  0.0241  0.0241  0.0241  0.0241  0.0241  0.0241  0.0241  0.0241
  0.0243  0.0242  0.0242  0.0241  0.0242  0.0241  0.0242  0.0244  0.0242  0.0242  0.0242  0.0242
  0.0247  0.0245  0.0245  0.0246  0.0246  0.0247  0.0246  0.0253  0.0244  0.0246  0.0244  0.0243
  0.0256  0.0250  0.0249  0.0257  0.0253  0.0261  0.0252  0.0268  0.0247  0.0252  0.0247  0.0245
niter,ni,del,rscale     3    3    5.0000    0.6000
parameters
    3.7718  -31.7727   12.9390   -7.8475  -13.1764   -1.7432
    4.9227    8.5738   -2.9162  -11.8284   -5.7491    9.5300
eta,q 0.97595 10.66363
  0.0252  0.0247  0.0246  0.0254  0.0250  0.0254  0.0249  0.0261  0.0245  0.0249  0.0246  0.0244
  0.0246  0.0244  0.0243  0.0248  0.0245  0.0248  0.0244  0.0250  0.0243  0.0244  0.0243  0.0242
  0.0242  0.0242  0.0242  0.0244  0.0242  0.0244  0.0242  0.0243  0.0241  0.0241  0.0241  0.0241
  0.0241  0.0241  0.0241  0.0241  0.0241  0.0241  0.0241  0.0241  0.0241  0.0241  0.0241  0.0241
  0.0242  0.0242  0.0241  0.0241  0.0241  0.0240  0.0241  0.0243  0.0241  0.0242  0.0241  0.0241
  0.0246  0.0244  0.0243  0.0245  0.0244  0.0244  0.0244  0.0250  0.0243  0.0244  0.0243  0.0242
  0.0252  0.0247  0.0246  0.0254  0.0250  0.0254  0.0249  0.0262  0.0245  0.0249  0.0246  0.0244
niter,ni,del,rscale     2    3    5.0000    0.5000
parameters
    3.7626  -31.7978   12.9701   -7.7926  -13.1176   -1.5629
    4.9443    8.5769   -2.9009  -11.8551   -5.7507    9.4883
eta,q 0.97597 10.66820
  0.0248  0.0245  0.0244  0.0250  0.0247  0.0250  0.0246  0.0256  0.0244  0.0246  0.0244  0.0243
  0.0244  0.0242  0.0242  0.0246  0.0244  0.0246  0.0243  0.0247  0.0242  0.0243  0.0242  0.0241
  0.0241  0.0241  0.0241  0.0242  0.0242  0.0243  0.0241  0.0242  0.0241  0.0241  0.0241  0.0241
  0.0241  0.0241  0.0241  0.0241  0.0241  0.0240  0.0240  0.0240  0.0240  0.0240  0.0240  0.0240
  0.0241  0.0241  0.0241  0.0241  0.0241  0.0240  0.0241  0.0242  0.0241  0.0241  0.0241  0.0241
  0.0244  0.0243  0.0242  0.0244  0.0243  0.0243  0.0243  0.0247  0.0242  0.0243  0.0242  0.0241
  0.0249  0.0245  0.0244  0.0250  0.0247  0.0250  0.0246  0.0256  0.0244  0.0246  0.0244  0.0243
niter,ni,del,rscale     1    3    5.0000    0.4000
parameters
    3.7598  -31.8341   12.9978   -7.7592  -13.0589   -1.4115
    4.9416    8.5843   -2.8932  -11.8992   -5.7630    9.4703
eta,q 0.97599 10.67227
  0.0245  0.0243  0.0243  0.0247  0.0245  0.0247  0.0244  0.0250  0.0242  0.0244  0.0243  0.0242
  0.0243  0.0241  0.0242  0.0244  0.0242  0.0244  0.0242  0.0245  0.0241  0.0242  0.0241  0.0241
  0.0241  0.0241  0.0241  0.0241  0.0241  0.0242  0.0241  0.0241  0.0240  0.0240  0.0240  0.0240
  0.0240  0.0240  0.0240  0.0240  0.0240  0.0240  0.0240  0.0240  0.0240  0.0240  0.0240  0.0240
  0.0241  0.0241  0.0240  0.0241  0.0241  0.0240  0.0241  0.0241  0.0240  0.0241  0.0240  0.0240
  0.0243  0.0242  0.0241  0.0243  0.0242  0.0242  0.0242  0.0245  0.0241  0.0242  0.0241  0.0241
  0.0245  0.0244  0.0243  0.0247  0.0244  0.0246  0.0244  0.0250  0.0242  0.0244  0.0243  0.0242
registration optimization eta report
parameter search radius
    0.8000    0.8000    0.8000    2.4000    2.4000    2.4000
    2.4000    2.4000    2.4000    2.4000    2.4000    2.4000
100000*second partial in parameter space
       81.       46.       37.       11.        7.       11.
        7.       17.        4.        6.        4.        3.
  0.0245  0.0243  0.0243  0.0247  0.0245  0.0247  0.0244  0.0250  0.0242  0.0244  0.0243  0.0242
  0.0243  0.0241  0.0242  0.0244  0.0242  0.0244  0.0242  0.0245  0.0241  0.0242  0.0241  0.0241
  0.0241  0.0241  0.0241  0.0241  0.0241  0.0242  0.0241  0.0241  0.0240  0.0240  0.0240  0.0240
  0.0240  0.0240  0.0240  0.0240  0.0240  0.0240  0.0240  0.0240  0.0240  0.0240  0.0240  0.0240
  0.0241  0.0241  0.0240  0.0241  0.0241  0.0240  0.0241  0.0241  0.0240  0.0241  0.0240  0.0240
  0.0243  0.0242  0.0241  0.0243  0.0242  0.0242  0.0242  0.0245  0.0241  0.0242  0.0241  0.0241
  0.0245  0.0244  0.0243  0.0247  0.0244  0.0246  0.0244  0.0250  0.0242  0.0244  0.0243  0.0242
    3.7598  -31.8341   12.9978   -7.7592  -13.0589   -1.4115
    4.9416    8.5843   -2.8932  -11.8992   -5.7630    9.4703
eta,q 0.97599 10.67227

---------------------------------------------------------------------
compute_vox2vox talsrcimg talsrcimg_to_711-2C_as_mni_average_305_t4 /opt/freesurfer/average/711-2C_as_mni_average_305
---------------------------------------------------------------------

freesurfer compute_vox2vox.c
Reading: talsrcimg.4dfp.ifh
Reading: talsrcimg_to_711-2C_as_mni_average_305_t4
Reading: /opt/freesurfer/average/711-2C_as_mni_average_305.4dfp.ifh
Writing: talsrcimg_to_711-2C_as_mni_average_305_t4_vox2vox.txt

start time Wed Mar 11 07:56:39 CET 2026
end		time Wed Mar 11 07:58:05 CET 2026

mpr2mni305 success

avi2talxfm orig_nu.mgz /opt/freesurfer/average/mni305.cor.mgz talsrcimg_to_711-2C_as_mni_average_305_t4_vox2vox.txt transforms/talairach.auto.xfm
avi2talxfm done
mv -f /out/sourcedata/freesurfer/sub-v2s15x29736_ses-1/mri/talsrcimg_to_711-2C_as_mni_average_305_t4_vox2vox.txt /out/sourcedata/freesurfer/sub-v2s15x29736_ses-1/mri/transforms/talsrcimg_to_711-2C_as_mni_average_305_t4_vox2vox.txt
lta_convert --src orig_nu.mgz --trg /opt/freesurfer/average/mni305.cor.mgz --inxfm transforms/talairach.auto.xfm --outlta transforms/talairach.auto.xfm.lta --subject fsaverage
7.3.2

--src: orig_nu.mgz src image (geometry).
--trg: /opt/freesurfer/average/mni305.cor.mgz trg image (geometry).
--inmni: transforms/talairach.auto.xfm input MNI/XFM transform.
--outlta: transforms/talairach.auto.xfm.lta output LTA.
--s: fsaverage subject name
 LTA read, type : 1
 1.07631  -0.09979  -0.05031   2.21994;
 0.05870   0.99571  -0.11180  -22.72211;
 0.04385   0.13296   1.13323   19.98224;
 0.00000   0.00000   0.00000   1.00000;
setting subject to fsaverage
Writing  LTA to file transforms/talairach.auto.xfm.lta...
lta_convert successful.
 
 
Started at Wed Mar 11 07:56:39 CET 2026
Ended   at Wed Mar 11 07:58:05 CET 2026
talairach_avi done
