/out/sourcedata/freesurfer/sub-v2s15x29745_ses-1/mri
/opt/freesurfer/bin/talairach_avi
--i orig_nu.mgz --xfm transforms/talairach.auto.xfm
talairach_avi 7.3.2
Linux dna058 5.14.0-427.37.1.el9_4.x86_64 #1 SMP PREEMPT_DYNAMIC Fri Sep 13 12:41:50 EDT 2024 x86_64 x86_64 x86_64 GNU/Linux
Wed Mar 11 08:47:41 CET 2026
mri_convert orig_nu.mgz talsrcimg.img 
reading from orig_nu.mgz...
TR=0.00, TE=0.00, TI=0.00, flip angle=0.00
i_ras = (-1, 0, 0)
j_ras = (0, 0, -1)
k_ras = (0, 1, 0)
writing to talsrcimg.img...
Analyze Output Matrix
-1.00000   0.00000   0.00000   128.99452;
 0.00000   0.00000   1.00000  -128.00531;
 0.00000  -1.00000   0.00000   130.60533;
 0.00000   0.00000   0.00000   1.00000;
--------------------
INFO: set hdr.hist.orient to -1
mpr2mni305 talsrcimg
Wed Mar 11 08:47:41 CET 2026
/opt/freesurfer/bin/mpr2mni305 talsrcimg
mpr2mni305 7.3.2
target=711-2C_as_mni_average_305

---------------------------------------------------------------------
analyzeto4dfp talsrcimg -O0 -y
---------------------------------------------------------------------

freesurfer ifh2hdr.c
Wed Mar 11 08:47:42 2026
Writing: talsrcimg.4dfp.hdr
freesurfer analyzeto4dfp.c
Reading: talsrcimg.hdr
header size 348 bytes
hdr.dime.datatype	offset=70	value=2
hdr.dime.bitpix		offset=72	value=8
hdr.hist.orient		offset=252	value=-1
dimensionality     4
dimensions       256       256       256         1
Reading: talsrcimg.img
Writing: talsrcimg.4dfp.img
Writing: talsrcimg.4dfp.ifh
ifh2hdr talsrcimg -r0to235
ori=2

---------------------------------------------------------------------
gauss_4dfp talsrcimg 1.1
---------------------------------------------------------------------

freesurfer gauss_4dfp.c
Reading: talsrcimg.4dfp.img
Writing: talsrcimg_g11.4dfp.img
image dimensions 256 256 256 padded to 288 288 288
processing volume 1freesurfer ifh2hdr.c
Wed Mar 11 08:47:43 2026
Writing: talsrcimg_g11.4dfp.hdr

Writing: talsrcimg_g11.4dfp.ifh
including: talsrcimg.4dfp.img.rec in talsrcimg_g11.4dfp.img.rec

---------------------------------------------------------------------
imgreg_4dfp /opt/freesurfer/average/711-2C_as_mni_average_305 none talsrcimg_g11 none talsrcimg_to_711-2C_as_mni_average_305_t4 4355
---------------------------------------------------------------------

freesurfer imgreg_4dfp.c
/opt/freesurfer/average/711-2C_as_mni_average_305.4dfp.img
       256       256       256         1
  1.000000  1.000000  1.000000
orientation T byte_order littleendian
Reading image: /opt/freesurfer/average/711-2C_as_mni_average_305.4dfp.img
dimensions:      256       256       256
mmppix:       1.0000   -1.0000   -1.0000
center:     128.0000 -129.0000 -129.0000
talsrcimg_g11.4dfp.img
       256       256       256         1
  1.000000  1.000000  1.000000
orientation T byte_order littleendian
Reading image: talsrcimg_g11.4dfp.img
dimensions:      256       256       256
mmppix:       1.0000   -1.0000   -1.0000
center:     128.0000 -129.0000 -129.0000
t4_read: open error in t4_sub.f l:  41 t4_file(1:l)talsrcimg_to_711-2C_as_mni_average_305_t4 
t4_read: transform initialized to I4
rotation matrix determinant  1.000000
image alignment mode   4355 decimal     1103 hex
   -7.5000  -45.0000  -45.0000 8108.2192   18.8321
    0.0000  -45.0000  -45.0000 8516.6172   18.8046
    7.5000  -45.0000  -45.0000 8191.0508   18.8155
   -7.5000  -37.5000  -45.0000 8736.2939   18.7523
    0.0000  -37.5000  -45.0000 9190.2031   18.7146
    7.5000  -37.5000  -45.0000 8827.2490   18.7145
   -7.5000  -30.0000  -45.0000 9583.6240   18.7550
    0.0000  -30.0000  -45.000010094.6484   18.7144
    7.5000  -30.0000  -45.0000 9684.3057   18.7145
   -7.5000  -22.5000  -45.000010284.6387   18.8435
    0.0000  -22.5000  -45.000010824.2021   18.8134
    7.5000  -22.5000  -45.000010370.2725   18.8275
   -7.5000  -15.0000  -45.000010899.6807   18.9273
    0.0000  -15.0000  -45.000011464.3926   18.9082
    7.5000  -15.0000  -45.000010988.0879   18.9360
   -7.5000   -7.5000  -45.000011454.0820   18.9181
    0.0000   -7.5000  -45.000012052.0762   18.8988
    7.5000   -7.5000  -45.000011529.4043   18.9234
   -7.5000    0.0000  -45.000012021.7178   18.8315
    0.0000    0.0000  -45.000012630.4268   18.8040
    7.5000    0.0000  -45.000012097.2520   18.8149
   -7.5000    7.5000  -45.000011825.8984   18.7523
    0.0000    7.5000  -45.000012395.3408   18.7146
    7.5000    7.5000  -45.000011902.7734   18.7145
   -7.5000   15.0000  -45.000011388.5195   18.7550
    0.0000   15.0000  -45.000011884.1055   18.7144
    7.5000   15.0000  -45.000011413.7930   18.7145
   -7.5000   22.5000  -45.000010640.5078   18.8409
    0.0000   22.5000  -45.000011070.4619   18.8108
    7.5000   22.5000  -45.000010599.2207   18.8249
   -7.5000   30.0000  -45.0000 9666.2627   18.6751
    0.0000   30.0000  -45.000010032.7607   18.6562
    7.5000   30.0000  -45.0000 9601.8096   18.6837
   -7.5000   37.5000  -45.0000 9077.8574   18.6660
    0.0000   37.5000  -45.0000 9403.8975   18.6469
    7.5000   37.5000  -45.0000 9001.0537   18.6712
   -7.5000   45.0000  -45.0000 8149.8848   18.1087
    0.0000   45.0000  -45.0000 8433.2432   18.0823
    7.5000   45.0000  -45.0000 8088.3584   18.0928
   -7.5000  -45.0000  -37.5000 8652.1172   18.7683
    0.0000  -45.0000  -37.5000 9115.8574   18.7482
    7.5000  -45.0000  -37.5000 8775.4258   18.7630
   -7.5000  -37.5000  -37.5000 9292.2920   18.6923
    0.0000  -37.5000  -37.5000 9802.4248   18.6599
    7.5000  -37.5000  -37.5000 9419.2412   18.6625
   -7.5000  -30.0000  -37.500010182.8574   18.7038
    0.0000  -30.0000  -37.500010745.2266   18.6663
    7.5000  -30.0000  -37.500010284.5098   18.6665
   -7.5000  -22.5000  -37.500010906.7354   18.7991
    0.0000  -22.5000  -37.500011534.2500   18.7719
    7.5000  -22.5000  -37.500011004.3994   18.7846
   -7.5000  -15.0000  -37.500011554.8965   18.8812
    0.0000  -15.0000  -37.500012228.9863   18.8673
    7.5000  -15.0000  -37.500011638.8594   18.8951
   -7.5000   -7.5000  -37.500012167.9766   18.8613
    0.0000   -7.5000  -37.500012848.6982   18.8495
    7.5000   -7.5000  -37.500012220.2471   18.8768
   -7.5000    0.0000  -37.500012761.6855   18.7677
    0.0000    0.0000  -37.500013445.6182   18.7476
    7.5000    0.0000  -37.500012813.5117   18.7624
   -7.5000    7.5000  -37.500012539.1553   18.6923
    0.0000    7.5000  -37.500013179.2617   18.6599
    7.5000    7.5000  -37.500012581.6191   18.6625
   -7.5000   15.0000  -37.500012033.3613   18.7038
    0.0000   15.0000  -37.500012613.9111   18.6663
    7.5000   15.0000  -37.500012036.6719   18.6665
   -7.5000   22.5000  -37.500011215.3076   18.7965
    0.0000   22.5000  -37.500011728.7100   18.7693
    7.5000   22.5000  -37.500011170.3486   18.7820
   -7.5000   30.0000  -37.500010167.6592   18.6296
    0.0000   30.0000  -37.500010610.9854   18.6158
    7.5000   30.0000  -37.500010104.1377   18.6432
   -7.5000   37.5000  -37.5000 9534.0615   18.6099
    0.0000   37.5000  -37.5000 9923.9453   18.5984
    7.5000   37.5000  -37.5000 9468.8008   18.6253
   -7.5000   45.0000  -37.5000 8560.6709   18.0474
    0.0000   45.0000  -37.5000 8883.5889   18.0281
    7.5000   45.0000  -37.5000 8501.8516   18.0423
   -7.5000  -45.0000  -30.0000 9340.1758   19.5494
    0.0000  -45.0000  -30.0000 9835.6201   19.5408
    7.5000  -45.0000  -30.0000 9451.8389   19.5530
   -7.5000  -37.5000  -30.000010005.3018   19.4705
    0.0000  -37.5000  -30.000010542.5117   19.4504
    7.5000  -37.5000  -30.000010111.0205   19.4519
   -7.5000  -30.0000  -30.000010942.4033   19.4856
    0.0000  -30.0000  -30.000011543.5410   19.4596
    7.5000  -30.0000  -30.000011045.6025   19.4555
   -7.5000  -22.5000  -30.000011724.0615   19.5881
    0.0000  -22.5000  -30.000012425.8848   19.5692
    7.5000  -22.5000  -30.000011857.1934   19.5724
   -7.5000  -15.0000  -30.000012407.7881   19.6743
    0.0000  -15.0000  -30.000013184.0293   19.6669
    7.5000  -15.0000  -30.000012518.8486   19.6828
   -7.5000   -7.5000  -30.000013104.0293   19.6501
    0.0000   -7.5000  -30.000013894.0557   19.6470
    7.5000   -7.5000  -30.000013156.7451   19.6663
   -7.5000    0.0000  -30.000013718.7607   19.5487
    0.0000    0.0000  -30.000014534.0811   19.5401
    7.5000    0.0000  -30.000013770.9082   19.5523
   -7.5000    7.5000  -30.000013458.7100   19.4705
    0.0000    7.5000  -30.000014226.6914   19.4504
    7.5000    7.5000  -30.000013514.8301   19.4519
   -7.5000   15.0000  -30.000012850.2920   19.4856
    0.0000   15.0000  -30.000013557.5928   19.4596
    7.5000   15.0000  -30.000012872.7207   19.4555
   -7.5000   22.5000  -30.000011964.2637   19.5834
    0.0000   22.5000  -30.000012593.4141   19.5645
    7.5000   22.5000  -30.000011938.2314   19.5677
   -7.5000   30.0000  -30.000010864.8936   19.4140
    0.0000   30.0000  -30.000011393.1699   19.4067
    7.5000   30.0000  -30.000010807.0654   19.4223
   -7.5000   37.5000  -30.000010185.1074   19.3901
    0.0000   37.5000  -30.000010640.4375   19.3871
    7.5000   37.5000  -30.000010125.7803   19.4061
   -7.5000   45.0000  -30.0000 9125.8486   18.8122
    0.0000   45.0000  -30.0000 9483.6309   18.8040
    7.5000   45.0000  -30.0000 9044.2100   18.8157
   -7.5000  -45.0000  -22.500010013.8613   20.2637
    0.0000  -45.0000  -22.500010566.1572   20.2595
    7.5000  -45.0000  -22.500010148.1143   20.2648
   -7.5000  -37.5000  -22.500010717.8887   20.1790
    0.0000  -37.5000  -22.500011315.1963   20.1667
    7.5000  -37.5000  -22.500010836.9463   20.1639
   -7.5000  -30.0000  -22.500011702.0303   20.1875
    0.0000  -30.0000  -22.500012370.5078   20.1705
    7.5000  -30.0000  -22.500011829.6250   20.1613
   -7.5000  -22.5000  -22.500012580.4785   20.2882
    0.0000  -22.5000  -22.500013311.2158   20.2746
    7.5000  -22.5000  -22.500012683.7764   20.2690
   -7.5000  -15.0000  -22.500013304.4619   20.3793
    0.0000  -15.0000  -22.500014102.3789   20.3720
    7.5000  -15.0000  -22.500013356.7422   20.3758
   -7.5000   -7.5000  -22.500014032.9854   20.3626
    0.0000   -7.5000  -22.500014910.0713   20.3602
    7.5000   -7.5000  -22.500014078.8887   20.3685
   -7.5000    0.0000  -22.500014676.2119   20.2630
    0.0000    0.0000  -22.500015620.3994   20.2589
    7.5000    0.0000  -22.500014759.9707   20.2642
   -7.5000    7.5000  -22.500014364.5752   20.1790
    0.0000    7.5000  -22.500015289.9160   20.1667
    7.5000    7.5000  -22.500014446.1387   20.1639
   -7.5000   15.0000  -22.500013659.6260   20.1875
    0.0000   15.0000  -22.500014510.5957   20.1705
    7.5000   15.0000  -22.500013700.4600   20.1613
   -7.5000   22.5000  -22.500012710.4873   20.2819
    0.0000   22.5000  -22.500013499.2197   20.2683
    7.5000   22.5000  -22.500012711.5391   20.2628
   -7.5000   30.0000  -22.500011567.3184   20.1127
    0.0000   30.0000  -22.500012234.9736   20.1056
    7.5000   30.0000  -22.500011541.0625   20.1093
   -7.5000   37.5000  -22.500010826.7041   20.0962
    0.0000   37.5000  -22.500011384.3682   20.0939
    7.5000   37.5000  -22.500010775.2373   20.1020
   -7.5000   45.0000  -22.5000 9684.7764   19.5143
    0.0000   45.0000  -22.500010114.8916   19.5103
    7.5000   45.0000  -22.5000 9613.5693   19.5154
   -7.5000  -45.0000  -15.000010734.8096   20.7981
    0.0000  -45.0000  -15.000011300.3340   20.7874
    7.5000  -45.0000  -15.000010809.9971   20.7893
   -7.5000  -37.5000  -15.000011445.2178   20.7073
    0.0000  -37.5000  -15.000012065.8838   20.6903
    7.5000  -37.5000  -15.000011512.9102   20.6852
   -7.5000  -30.0000  -15.000012458.9365   20.7068
    0.0000  -30.0000  -15.000013180.9160   20.6867
    7.5000  -30.0000  -15.000012546.3730   20.6777
   -7.5000  -22.5000  -15.000013378.4473   20.8032
    0.0000  -22.5000  -15.000014165.7041   20.7859
    7.5000  -22.5000  -15.000013467.2354   20.7817
   -7.5000  -15.0000  -15.000014122.8389   20.8983
    0.0000  -15.0000  -15.000014968.6445   20.8850
    7.5000  -15.0000  -15.000014184.9795   20.8889
   -7.5000   -7.5000  -15.000014894.7744   20.8921
    0.0000   -7.5000  -15.000015840.7959   20.8824
    7.5000   -7.5000  -15.000014935.8301   20.8883
   -7.5000    0.0000  -15.000015587.3662   20.7974
    0.0000    0.0000  -15.000016644.8672   20.7867
    7.5000    0.0000  -15.000015660.1182   20.7886
   -7.5000    7.5000  -15.000015271.4336   20.7073
    0.0000    7.5000  -15.000016292.2139   20.6903
    7.5000    7.5000  -15.000015343.6826   20.6852
   -7.5000   15.0000  -15.000014416.8711   20.7068
    0.0000   15.0000  -15.000015362.6631   20.6867
    7.5000   15.0000  -15.000014457.5381   20.6777
   -7.5000   22.5000  -15.000013400.7910   20.7958
    0.0000   22.5000  -15.000014279.3447   20.7786
    7.5000   22.5000  -15.000013401.4922   20.7743
   -7.5000   30.0000  -15.000012243.7617   20.6279
    0.0000   30.0000  -15.000013023.6250   20.6147
    7.5000   30.0000  -15.000012210.6875   20.6185
   -7.5000   37.5000  -15.000011467.3818   20.6218
    0.0000   37.5000  -15.000012113.9902   20.6121
    7.5000   37.5000  -15.000011414.3740   20.6179
   -7.5000   45.0000  -15.000010217.5938   20.0410
    0.0000   45.0000  -15.000010727.8164   20.0307
    7.5000   45.0000  -15.000010155.8047   20.0326
   -7.5000  -45.0000   -7.500011474.3428   21.0444
    0.0000  -45.0000   -7.500012010.0537   21.0217
    7.5000  -45.0000   -7.500011484.9336   21.0279
   -7.5000  -37.5000   -7.500012200.5146   20.9515
    0.0000  -37.5000   -7.500012790.5830   20.9207
    7.5000  -37.5000   -7.500012214.3809   20.9183
   -7.5000  -30.0000   -7.500013267.2852   20.9482
    0.0000  -30.0000   -7.500013957.5137   20.9152
    7.5000  -30.0000   -7.500013290.1650   20.9123
   -7.5000  -22.5000   -7.500014222.6162   21.0435
    0.0000  -22.5000   -7.500014981.1162   21.0178
    7.5000  -22.5000   -7.500014250.8232   21.0254
   -7.5000  -15.0000   -7.500015020.4990   21.1400
    0.0000  -15.0000   -7.500015823.9609   21.1213
    7.5000  -15.0000   -7.500015018.0430   21.1395
   -7.5000   -7.5000   -7.500015848.5918   21.1372
    0.0000   -7.5000   -7.500016785.7930   21.1191
    7.5000   -7.5000   -7.500015857.2285   21.1353
   -7.5000    0.0000   -7.500016579.9785   21.0438
    0.0000    0.0000   -7.500017607.1797   21.0210
    7.5000    0.0000   -7.500016619.5723   21.0272
   -7.5000    7.5000   -7.500016253.5664   20.9515
    0.0000    7.5000   -7.500017230.6211   20.9207
    7.5000    7.5000   -7.500016257.4902   20.9183
   -7.5000   15.0000   -7.500015258.3057   20.9482
    0.0000   15.0000   -7.500016196.7998   20.9152
    7.5000   15.0000   -7.500015226.9414   20.9123
   -7.5000   22.5000   -7.500014111.1621   21.0338
    0.0000   22.5000   -7.500014997.2061   21.0081
    7.5000   22.5000   -7.500014066.8447   21.0157
   -7.5000   30.0000   -7.500012910.7549   20.8659
    0.0000   30.0000   -7.500013704.0010   20.8474
    7.5000   30.0000   -7.500012816.9111   20.8653
   -7.5000   37.5000   -7.500012132.1582   20.8630
    0.0000   37.5000   -7.500012798.3594   20.8452
    7.5000   37.5000   -7.500012025.2832   20.8612
   -7.5000   45.0000   -7.500010827.8760   20.2822
    0.0000   45.0000   -7.500011371.4004   20.2603
    7.5000   45.0000   -7.500010721.1523   20.2663
   -7.5000  -45.0000    0.000012066.1260   21.0483
    0.0000  -45.0000    0.000012597.3086   21.0186
    7.5000  -45.0000    0.000012025.7070   21.0319
   -7.5000  -37.5000    0.000012840.4893   20.9588
    0.0000  -37.5000    0.000013393.0830   20.9176
    7.5000  -37.5000    0.000012803.3213   20.9188
   -7.5000  -30.0000    0.000013995.7021   20.9615
    0.0000  -30.0000    0.000014616.4639   20.9172
    7.5000  -30.0000    0.000013939.0723   20.9185
   -7.5000  -22.5000    0.000014992.2441   21.0605
    0.0000  -22.5000    0.000015687.4219   21.0279
    7.5000  -22.5000    0.000014922.3135   21.0449
   -7.5000  -15.0000    0.000015786.6582   21.1545
    0.0000  -15.0000    0.000016492.2656   21.1341
    7.5000  -15.0000    0.000015719.2988   21.1665
   -7.5000   -7.5000    0.000016682.1953   21.1444
    0.0000   -7.5000    0.000017475.9043   21.1238
    7.5000   -7.5000    0.000016632.5996   21.1526
   -7.5000    0.0000    0.000017497.3047   21.0476
    0.0000    0.0000    0.000018371.5547   21.0179
    7.5000    0.0000    0.000017476.7598   21.0313
   -7.5000    7.5000    0.000017095.9961   20.9588
    0.0000    7.5000    0.000017968.2402   20.9176
    7.5000    7.5000    0.000017083.7090   20.9188
   -7.5000   15.0000    0.000015971.3857   20.9615
    0.0000   15.0000    0.000016833.1406   20.9172
    7.5000   15.0000    0.000015951.0693   20.9185
   -7.5000   22.5000    0.000014738.2021   21.0508
    0.0000   22.5000    0.000015560.3604   21.0182
    7.5000   22.5000    0.000014682.6172   21.0352
   -7.5000   30.0000    0.000013470.9424   20.8808
    0.0000   30.0000    0.000014215.6455   20.8606
    7.5000   30.0000    0.000013386.2617   20.8926
   -7.5000   37.5000    0.000012683.2930   20.8708
    0.0000   37.5000    0.000013353.7295   20.8505
    7.5000   37.5000    0.000012570.2568   20.8788
   -7.5000   45.0000    0.000011335.6650   20.2874
    0.0000   45.0000    0.000011889.7607   20.2588
    7.5000   45.0000    0.000011208.5781   20.2717
   -7.5000  -45.0000    7.500011639.5303   21.0022
    0.0000  -45.0000    7.500012106.1768   20.9797
    7.5000  -45.0000    7.500011624.2422   20.9963
   -7.5000  -37.5000    7.500012422.9336   20.9172
    0.0000  -37.5000    7.500012854.0908   20.8809
    7.5000  -37.5000    7.500012356.9385   20.8838
   -7.5000  -30.0000    7.500013669.1367   20.9300
    0.0000  -30.0000    7.500014156.3633   20.8881
    7.5000  -30.0000    7.500013517.4648   20.8883
   -7.5000  -22.5000    7.500014652.3184   21.0367
    0.0000  -22.5000    7.500015055.5801   21.0062
    7.5000  -22.5000    7.500014488.3008   21.0205
   -7.5000  -15.0000    7.500015235.8848   21.1285
    0.0000  -15.0000    7.500015556.9170   21.1129
    7.5000  -15.0000    7.500015155.0527   21.1440
   -7.5000   -7.5000    7.500016081.8916   21.1063
    0.0000   -7.5000    7.500016471.5508   21.0931
    7.5000   -7.5000    7.500016000.8965   21.1237
   -7.5000    0.0000    7.500016952.1719   21.0015
    0.0000    0.0000    7.500017470.1797   20.9791
    7.5000    0.0000    7.500016899.8379   20.9956
   -7.5000    7.5000    7.500016621.7461   20.9172
    0.0000    7.5000    7.500017203.5586   20.8809
    7.5000    7.5000    7.500016590.8008   20.8838
   -7.5000   15.0000    7.500015573.0596   20.9300
    0.0000   15.0000    7.500016184.8916   20.8881
    7.5000   15.0000    7.500015539.1582   20.8883
   -7.5000   22.5000    7.500014351.9365   21.0270
    0.0000   22.5000    7.500014980.8994   20.9965
    7.5000   22.5000    7.500014264.0166   21.0108
   -7.5000   30.0000    7.500013090.6924   20.8551
    0.0000   30.0000    7.500013717.5752   20.8397
    7.5000   30.0000    7.500012993.6270   20.8704
   -7.5000   37.5000    7.500012308.3223   20.8331
    0.0000   37.5000    7.500012899.8613   20.8201
    7.5000   37.5000    7.500012196.2334   20.8503
   -7.5000   45.0000    7.500010995.3389   20.2430
    0.0000   45.0000    7.500011515.0830   20.2214
    7.5000   45.0000    7.500010875.7812   20.2373
   -7.5000  -45.0000   15.000011055.6152   20.9928
    0.0000  -45.0000   15.000011556.4521   20.9836
    7.5000  -45.0000   15.000011050.9648   20.9967
   -7.5000  -37.5000   15.000011814.1855   20.9082
    0.0000  -37.5000   15.000012287.1670   20.8866
    7.5000  -37.5000   15.000011774.1172   20.8882
   -7.5000  -30.0000   15.000013086.0400   20.9244
    0.0000  -30.0000   15.000013548.7520   20.8965
    7.5000  -30.0000   15.000012950.6064   20.8921
   -7.5000  -22.5000   15.000014185.8818   21.0344
    0.0000  -22.5000   15.000014401.5010   21.0142
    7.5000  -22.5000   15.000014005.3018   21.0176
   -7.5000  -15.0000   15.000014800.2188   21.1270
    0.0000  -15.0000   15.000014882.8711   21.1191
    7.5000  -15.0000   15.000014730.9951   21.1361
   -7.5000   -7.5000   15.000015565.0010   21.1010
    0.0000   -7.5000   15.000015718.4707   21.0977
    7.5000   -7.5000   15.000015499.9170   21.1185
   -7.5000    0.0000   15.000016412.6523   20.9921
    0.0000    0.0000   15.000016748.8125   20.9830
    7.5000    0.0000   15.000016298.4043   20.9961
   -7.5000    7.5000   15.000016096.0479   20.9082
    0.0000    7.5000   15.000016593.1582   20.8866
    7.5000    7.5000   15.000015943.3750   20.8882
   -7.5000   15.0000   15.000015042.2490   20.9244
    0.0000   15.0000   15.000015624.5732   20.8965
    7.5000   15.0000   15.000014861.1045   20.8921
   -7.5000   22.5000   15.000013806.4453   21.0248
    0.0000   22.5000   15.000014432.5166   21.0045
    7.5000   22.5000   15.000013643.6729   21.0079
   -7.5000   30.0000   15.000012571.4658   20.8536
    0.0000   30.0000   15.000013196.8096   20.8458
    7.5000   30.0000   15.000012429.4258   20.8626
   -7.5000   37.5000   15.000011770.3379   20.8279
    0.0000   37.5000   15.000012338.0410   20.8247
    7.5000   37.5000   15.000011648.7979   20.8452
   -7.5000   45.0000   15.000010483.1738   20.2340
    0.0000   45.0000   15.000010968.6309   20.2252
    7.5000   45.0000   15.000010371.8506   20.2378
   -7.5000  -45.0000   22.500010494.7402   21.0652
    0.0000  -45.0000   22.500010959.3691   21.0621
    7.5000  -45.0000   22.500010491.0537   21.0683
   -7.5000  -37.5000   22.500011202.7998   20.9775
    0.0000  -37.5000   22.500011686.6670   20.9659
    7.5000  -37.5000   22.500011182.5039   20.9637
   -7.5000  -30.0000   22.500012338.3770   20.9867
    0.0000  -30.0000   22.500012863.3457   20.9702
    7.5000  -30.0000   22.500012272.7822   20.9613
   -7.5000  -22.5000   22.500013379.7012   21.0914
    0.0000  -22.5000   22.500013818.1260   21.0784
    7.5000  -22.5000   22.500013219.2520   21.0734
   -7.5000  -15.0000   22.500014158.6631   21.1857
    0.0000  -15.0000   22.500014572.2539   21.1794
    7.5000  -15.0000   22.500013962.1035   21.1841
   -7.5000   -7.5000   22.500014893.2539   21.1679
    0.0000   -7.5000   22.500015380.4492   21.1668
    7.5000   -7.5000   22.500014700.4619   21.1760
   -7.5000    0.0000   22.500015583.6240   21.0645
    0.0000    0.0000   22.500016148.7627   21.0615
    7.5000    0.0000   22.500015411.8701   21.0676
   -7.5000    7.5000   22.500015212.0127   20.9775
    0.0000    7.5000   22.500015801.1895   20.9659
    7.5000    7.5000   22.500015079.8564   20.9637
   -7.5000   15.0000   22.500014171.3955   20.9867
    0.0000   15.0000   22.500014733.1191   20.9702
    7.5000   15.0000   22.500014038.1250   20.9613
   -7.5000   22.5000   22.500013031.9492   21.0817
    0.0000   22.5000   22.500013564.5449   21.0687
    7.5000   22.5000   22.500012912.6924   21.0637
   -7.5000   30.0000   22.500011884.8809   20.9115
    0.0000   30.0000   22.500012399.6934   20.9053
    7.5000   30.0000   22.500011779.0488   20.9099
   -7.5000   37.5000   22.500011094.4131   20.8940
    0.0000   37.5000   22.500011570.8008   20.8928
    7.5000   37.5000   22.500010990.9258   20.9020
   -7.5000   45.0000   22.5000 9862.4961   20.3037
    0.0000   45.0000   22.500010300.0752   20.3008
    7.5000   45.0000   22.5000 9770.4316   20.3068
   -7.5000  -45.0000   30.0000 9764.6865   21.2224
    0.0000  -45.0000   30.000010351.0303   21.2139
    7.5000  -45.0000   30.0000 9759.8516   21.2171
   -7.5000  -37.5000   30.000010414.6152   21.1302
    0.0000  -37.5000   30.000011033.6211   21.1153
    7.5000  -37.5000   30.000010418.3740   21.1113
   -7.5000  -30.0000   30.000011414.2549   21.1311
    0.0000  -30.0000   30.000012044.5498   21.1129
    7.5000  -30.0000   30.000011401.4092   21.1047
   -7.5000  -22.5000   30.000012313.5371   21.2304
    0.0000  -22.5000   30.000012863.2363   21.2150
    7.5000  -22.5000   30.000012243.0977   21.2119
   -7.5000  -15.0000   30.000013044.2705   21.3270
    0.0000  -15.0000   30.000013572.4385   21.3157
    7.5000  -15.0000   30.000012937.1367   21.3209
   -7.5000   -7.5000   30.000013752.8643   21.3192
    0.0000   -7.5000   30.000014290.2529   21.3115
    7.5000   -7.5000   30.000013634.1680   21.3189
   -7.5000    0.0000   30.000014409.9297   21.2217
    0.0000    0.0000   30.000014985.2461   21.2132
    7.5000    0.0000   30.000014277.5596   21.2164
   -7.5000    7.5000   30.000014055.3359   21.1302
    0.0000    7.5000   30.000014677.6572   21.1153
    7.5000    7.5000   30.000013979.5020   21.1113
   -7.5000   15.0000   30.000013113.9912   21.1311
    0.0000   15.0000   30.000013718.3037   21.1129
    7.5000   15.0000   30.000013029.0801   21.1047
   -7.5000   22.5000   30.000012088.1572   21.2206
    0.0000   22.5000   30.000012651.5762   21.2052
    7.5000   22.5000   30.000011997.6895   21.2021
   -7.5000   30.0000   30.000011080.3633   21.0510
    0.0000   30.0000   30.000011568.2383   21.0398
    7.5000   30.0000   30.000010962.1943   21.0449
   -7.5000   37.5000   30.000010356.8350   21.0433
    0.0000   37.5000   30.000010809.7734   21.0357
    7.5000   37.5000   30.000010237.3193   21.0430
   -7.5000   45.0000   30.0000 9200.5938   20.4552
    0.0000   45.0000   30.0000 9596.6113   20.4471
    7.5000   45.0000   30.0000 9100.4531   20.4502
   -7.5000  -45.0000   37.5000 9341.0322   21.4577
    0.0000  -45.0000   37.5000 9864.7861   21.4382
    7.5000  -45.0000   37.5000 9375.1426   21.4476
   -7.5000  -37.5000   37.5000 9948.7676   21.3628
    0.0000  -37.5000   37.500010475.8662   21.3349
    7.5000  -37.5000   37.5000 9982.3066   21.3353
   -7.5000  -30.0000   37.500010858.0215   21.3614
    0.0000  -30.0000   37.500011380.6963   21.3310
    7.5000  -30.0000   37.500010854.4287   21.3308
   -7.5000  -22.5000   37.500011683.9883   21.4610
    0.0000  -22.5000   37.500012171.5273   21.4381
    7.5000  -22.5000   37.500011635.5225   21.4487
   -7.5000  -15.0000   37.500012385.8301   21.5597
    0.0000  -15.0000   37.500012881.9492   21.5441
    7.5000  -15.0000   37.500012316.1895   21.5657
   -7.5000   -7.5000   37.500013073.3340   21.5545
    0.0000   -7.5000   37.500013567.9775   21.5397
    7.5000   -7.5000   37.500012978.8145   21.5594
   -7.5000    0.0000   37.500013734.8789   21.4570
    0.0000    0.0000   37.500014267.0938   21.4375
    7.5000    0.0000   37.500013611.9453   21.4469
   -7.5000    7.5000   37.500013441.0820   21.3628
    0.0000    7.5000   37.500014007.3887   21.3349
    7.5000    7.5000   37.500013342.2588   21.3353
   -7.5000   15.0000   37.500012579.1416   21.3614
    0.0000   15.0000   37.500013112.1895   21.3310
    7.5000   15.0000   37.500012468.5557   21.3308
   -7.5000   22.5000   37.500011613.4189   21.4511
    0.0000   22.5000   37.500012092.8154   21.4282
    7.5000   22.5000   37.500011480.4648   21.4388
   -7.5000   30.0000   37.500010639.2568   21.2807
    0.0000   30.0000   37.500011085.0879   21.2652
    7.5000   30.0000   37.500010499.0703   21.2866
   -7.5000   37.5000   37.5000 9969.0566   21.2755
    0.0000   37.5000   37.500010400.9189   21.2609
    7.5000   37.5000   37.5000 9827.4238   21.2803
   -7.5000   45.0000   37.5000 8867.3262   20.6821
    0.0000   45.0000   37.5000 9249.0166   20.6633
    7.5000   45.0000   37.5000 8762.4658   20.6723
   -7.5000  -45.0000   45.0000 8545.1035   21.7948
    0.0000  -45.0000   45.0000 8977.5801   21.7695
    7.5000  -45.0000   45.0000 8565.5166   21.7885
   -7.5000  -37.5000   45.0000 9086.5410   21.7024
    0.0000  -37.5000   45.0000 9548.1992   21.6650
    7.5000  -37.5000   45.0000 9110.6514   21.6711
   -7.5000  -30.0000   45.0000 9888.3340   21.7084
    0.0000  -30.0000   45.000010377.0020   21.6673
    7.5000  -30.0000   45.0000 9902.2471   21.6738
   -7.5000  -22.5000   45.000010631.1406   21.8146
    0.0000  -22.5000   45.000011120.7568   21.7855
    7.5000  -22.5000   45.000010631.4297   21.8088
   -7.5000  -15.0000   45.000011270.8672   21.9121
    0.0000  -15.0000   45.000011765.9502   21.8959
    7.5000  -15.0000   45.000011266.7988   21.9354
   -7.5000   -7.5000   45.000011902.9287   21.8977
    0.0000   -7.5000   45.000012398.4219   21.8817
    7.5000   -7.5000   45.000011854.7217   21.9170
   -7.5000    0.0000   45.000012524.9229   21.7941
    0.0000    0.0000   45.000013036.5137   21.7688
    7.5000    0.0000   45.000012452.5566   21.7878
   -7.5000    7.5000   45.000012283.3232   21.7024
    0.0000    7.5000   45.000012818.6436   21.6650
    7.5000    7.5000   45.000012223.4668   21.6711
   -7.5000   15.0000   45.000011520.3877   21.7084
    0.0000   15.0000   45.000011993.8613   21.6673
    7.5000   15.0000   45.000011426.6719   21.6738
   -7.5000   22.5000   45.000010652.0625   21.8045
    0.0000   22.5000   45.000011072.8721   21.7754
    7.5000   22.5000   45.000010542.5166   21.7987
   -7.5000   30.0000   45.0000 9777.3760   21.6267
    0.0000   30.0000   45.000010167.4014   21.6107
    7.5000   30.0000   45.0000 9658.1494   21.6497
   -7.5000   37.5000   45.0000 9198.8965   21.6124
    0.0000   37.5000   45.0000 9557.4844   21.5966
    7.5000   37.5000   45.0000 9075.2783   21.6315
   -7.5000   45.0000   45.0000 8196.6553   21.0165
    0.0000   45.0000   45.0000 8506.3506   20.9921
    7.5000   45.0000   45.0000 8097.1660   21.0104

---------------------------------------------------------------------
imgreg_4dfp /opt/freesurfer/average/711-2C_as_mni_average_305 /opt/freesurfer/average/711-2B_as_mni_average_305_mask talsrcimg_g11 none talsrcimg_to_711-2C_as_mni_average_305_t4 4355
---------------------------------------------------------------------

freesurfer imgreg_4dfp.c
/opt/freesurfer/average/711-2C_as_mni_average_305.4dfp.img
       256       256       256         1
  1.000000  1.000000  1.000000
orientation T byte_order littleendian
Reading image: /opt/freesurfer/average/711-2C_as_mni_average_305.4dfp.img
dimensions:      256       256       256
mmppix:       1.0000   -1.0000   -1.0000
center:     128.0000 -129.0000 -129.0000
/opt/freesurfer/average/711-2B_as_mni_average_305_mask.4dfp.img
       256       256       256         1
  1.000000  1.000000  1.000000
orientation T byte_order littleendian
Reading mask: /opt/freesurfer/average/711-2B_as_mni_average_305_mask.4dfp.img (2306576 pixels)
talsrcimg_g11.4dfp.img
       256       256       256         1
  1.000000  1.000000  1.000000
orientation T byte_order littleendian
Reading image: talsrcimg_g11.4dfp.img
dimensions:      256       256       256
mmppix:       1.0000   -1.0000   -1.0000
center:     128.0000 -129.0000 -129.0000
rotation matrix determinant  1.000000
image alignment mode   4355 decimal     1103 hex
   -7.5000  -45.0000  -45.0000 2121.6702   22.2730
    0.0000  -45.0000  -45.0000 2140.8630   22.0904
    7.5000  -45.0000  -45.0000 2126.8264   22.1888
   -7.5000  -37.5000  -45.0000 2221.8984   20.6369
    0.0000  -37.5000  -45.0000 2243.1348   20.5183
    7.5000  -37.5000  -45.0000 2225.5938   20.5258
   -7.5000  -30.0000  -45.0000 2277.8042   19.5463
    0.0000  -30.0000  -45.0000 2295.5884   19.4405
    7.5000  -30.0000  -45.0000 2285.5100   19.4710
   -7.5000  -22.5000  -45.0000 2303.0056   18.8866
    0.0000  -22.5000  -45.0000 2312.4556   18.7285
    7.5000  -22.5000  -45.0000 2308.2432   18.8506
   -7.5000  -15.0000  -45.0000 2307.8157   18.6260
    0.0000  -15.0000  -45.0000 2318.7759   18.4763
    7.5000  -15.0000  -45.0000 2310.4978   18.6205
   -7.5000   -7.5000  -45.0000 2295.6853   18.6132
    0.0000   -7.5000  -45.0000 2303.6045   18.4715
    7.5000   -7.5000  -45.0000 2296.2952   18.6516
   -7.5000    0.0000  -45.0000 2276.4514   19.0969
    0.0000    0.0000  -45.0000 2285.4290   18.8641
    7.5000    0.0000  -45.0000 2275.0474   19.0523
   -7.5000    7.5000  -45.0000 2250.5090   19.8314
    0.0000    7.5000  -45.0000 2259.3337   19.5400
    7.5000    7.5000  -45.0000 2252.0244   19.7646
   -7.5000   15.0000  -45.0000 2216.6245   20.9466
    0.0000   15.0000  -45.0000 2223.3574   20.6379
    7.5000   15.0000  -45.0000 2210.7900   20.8757
   -7.5000   22.5000  -45.0000 2153.3613   22.4812
    0.0000   22.5000  -45.0000 2159.5142   22.1713
    7.5000   22.5000  -45.0000 2145.5356   22.5362
   -7.5000   30.0000  -45.0000 2061.6750   24.4053
    0.0000   30.0000  -45.0000 2069.9380   24.0905
    7.5000   30.0000  -45.0000 2057.2275   24.4913
   -7.5000   37.5000  -45.0000 1967.2245   26.9084
    0.0000   37.5000  -45.0000 1975.3279   26.5622
    7.5000   37.5000  -45.0000 1961.2214   26.9554
   -7.5000   45.0000  -45.0000 1859.7325   30.2856
    0.0000   45.0000  -45.0000 1863.9086   29.9756
    7.5000   45.0000  -45.0000 1850.0719   30.3203
   -7.5000  -45.0000  -37.5000 2204.8757   20.5405
    0.0000  -45.0000  -37.5000 2222.2278   20.4201
    7.5000  -45.0000  -37.5000 2213.3657   20.5058
   -7.5000  -37.5000  -37.5000 2307.2808   19.0116
    0.0000  -37.5000  -37.5000 2325.8469   18.9228
    7.5000  -37.5000  -37.5000 2313.4995   18.9638
   -7.5000  -30.0000  -37.5000 2368.0037   17.9694
    0.0000  -30.0000  -37.5000 2385.4014   17.9057
    7.5000  -30.0000  -37.5000 2365.5786   17.9003
   -7.5000  -22.5000  -37.5000 2395.1130   17.3853
    0.0000  -22.5000  -37.5000 2410.1343   17.2673
    7.5000  -22.5000  -37.5000 2392.8657   17.2792
   -7.5000  -15.0000  -37.5000 2406.4563   17.1013
    0.0000  -15.0000  -37.5000 2421.7004   16.9952
    7.5000  -15.0000  -37.5000 2402.4932   17.0688
   -7.5000   -7.5000  -37.5000 2399.7129   17.0571
    0.0000   -7.5000  -37.5000 2411.1614   17.0051
    7.5000   -7.5000  -37.5000 2392.9724   17.1166
   -7.5000    0.0000  -37.5000 2384.1526   17.4529
    0.0000    0.0000  -37.5000 2395.0708   17.3420
    7.5000    0.0000  -37.5000 2376.4456   17.4791
   -7.5000    7.5000  -37.5000 2355.8926   18.1389
    0.0000    7.5000  -37.5000 2364.2900   17.9556
    7.5000    7.5000  -37.5000 2352.7227   18.1268
   -7.5000   15.0000  -37.5000 2316.3230   19.2590
    0.0000   15.0000  -37.5000 2321.8315   19.0062
    7.5000   15.0000  -37.5000 2311.3555   19.1921
   -7.5000   22.5000  -37.5000 2251.6948   20.7123
    0.0000   22.5000  -37.5000 2253.5820   20.4645
    7.5000   22.5000  -37.5000 2242.8552   20.7224
   -7.5000   30.0000  -37.5000 2158.2180   22.5831
    0.0000   30.0000  -37.5000 2156.7588   22.2440
    7.5000   30.0000  -37.5000 2146.6860   22.5817
   -7.5000   37.5000  -37.5000 2056.4648   24.8805
    0.0000   37.5000  -37.5000 2055.5537   24.5369
    7.5000   37.5000  -37.5000 2042.2959   24.8658
   -7.5000   45.0000  -37.5000 1944.4360   27.9000
    0.0000   45.0000  -37.5000 1939.8843   27.5598
    7.5000   45.0000  -37.5000 1930.8463   27.9333
   -7.5000  -45.0000  -30.0000 2319.9028   19.7127
    0.0000  -45.0000  -30.0000 2336.7305   19.6636
    7.5000  -45.0000  -30.0000 2321.3921   19.6531
   -7.5000  -37.5000  -30.0000 2429.2141   18.1968
    0.0000  -37.5000  -30.0000 2443.2158   18.1531
    7.5000  -37.5000  -30.0000 2426.6638   18.1486
   -7.5000  -30.0000  -30.0000 2496.6663   17.1754
    0.0000  -30.0000  -30.0000 2511.7893   17.1329
    7.5000  -30.0000  -30.0000 2492.1934   17.1334
   -7.5000  -22.5000  -30.0000 2525.5530   16.5695
    0.0000  -22.5000  -30.0000 2543.2957   16.5352
    7.5000  -22.5000  -30.0000 2528.5723   16.5354
   -7.5000  -15.0000  -30.0000 2541.8315   16.2818
    0.0000  -15.0000  -30.0000 2562.8132   16.2140
    7.5000  -15.0000  -30.0000 2546.3674   16.2496
   -7.5000   -7.5000  -30.0000 2546.5505   16.2526
    0.0000   -7.5000  -30.0000 2565.8374   16.2141
    7.5000   -7.5000  -30.0000 2544.5884   16.2491
   -7.5000    0.0000  -30.0000 2533.4709   16.6456
    0.0000    0.0000  -30.0000 2552.9417   16.5735
    7.5000    0.0000  -30.0000 2526.3958   16.6589
   -7.5000    7.5000  -30.0000 2513.4614   17.3588
    0.0000    7.5000  -30.0000 2524.1926   17.2467
    7.5000    7.5000  -30.0000 2499.8506   17.3329
   -7.5000   15.0000  -30.0000 2461.4856   18.4062
    0.0000   15.0000  -30.0000 2467.9097   18.2732
    7.5000   15.0000  -30.0000 2450.5181   18.3810
   -7.5000   22.5000  -30.0000 2383.0884   19.7794
    0.0000   22.5000  -30.0000 2388.2646   19.6170
    7.5000   22.5000  -30.0000 2375.5488   19.7936
   -7.5000   30.0000  -30.0000 2284.3591   21.5323
    0.0000   30.0000  -30.0000 2288.0303   21.3524
    7.5000   30.0000  -30.0000 2273.0483   21.5765
   -7.5000   37.5000  -30.0000 2170.1267   23.7427
    0.0000   37.5000  -30.0000 2177.8721   23.5258
    7.5000   37.5000  -30.0000 2161.0015   23.8160
   -7.5000   45.0000  -30.0000 2042.7228   26.5656
    0.0000   45.0000  -30.0000 2048.6260   26.3202
    7.5000   45.0000  -30.0000 2029.4839   26.6470
   -7.5000  -45.0000  -22.5000 2402.8176   19.0323
    0.0000  -45.0000  -22.5000 2421.4705   18.9099
    7.5000  -45.0000  -22.5000 2405.1362   18.8555
   -7.5000  -37.5000  -22.5000 2517.1477   17.4389
    0.0000  -37.5000  -22.5000 2534.7214   17.3816
    7.5000  -37.5000  -22.5000 2517.9590   17.3273
   -7.5000  -30.0000  -22.5000 2591.9160   16.3722
    0.0000  -30.0000  -22.5000 2610.2463   16.3306
    7.5000  -30.0000  -22.5000 2594.8103   16.2893
   -7.5000  -22.5000  -22.5000 2639.3535   15.7454
    0.0000  -22.5000  -22.5000 2655.8352   15.7271
    7.5000  -22.5000  -22.5000 2638.5850   15.6957
   -7.5000  -15.0000  -22.5000 2666.5359   15.4335
    0.0000  -15.0000  -22.5000 2680.6621   15.3802
    7.5000  -15.0000  -22.5000 2654.3843   15.3717
   -7.5000   -7.5000  -22.5000 2676.5989   15.4112
    0.0000   -7.5000  -22.5000 2697.5625   15.3820
    7.5000   -7.5000  -22.5000 2669.2007   15.3982
   -7.5000    0.0000  -22.5000 2661.7488   15.7932
    0.0000    0.0000  -22.5000 2687.5522   15.7762
    7.5000    0.0000  -22.5000 2661.1558   15.8305
   -7.5000    7.5000  -22.5000 2630.8867   16.4850
    0.0000    7.5000  -22.5000 2656.7551   16.4487
    7.5000    7.5000  -22.5000 2629.7437   16.4854
   -7.5000   15.0000  -22.5000 2576.7458   17.4960
    0.0000   15.0000  -22.5000 2595.6567   17.4231
    7.5000   15.0000  -22.5000 2572.0012   17.4981
   -7.5000   22.5000  -22.5000 2495.7549   18.8016
    0.0000   22.5000  -22.5000 2510.1917   18.6783
    7.5000   22.5000  -22.5000 2488.1873   18.8008
   -7.5000   30.0000  -22.5000 2389.2471   20.5160
    0.0000   30.0000  -22.5000 2397.8474   20.3553
    7.5000   30.0000  -22.5000 2384.9150   20.5417
   -7.5000   37.5000  -22.5000 2267.8521   22.6874
    0.0000   37.5000  -22.5000 2272.5142   22.4847
    7.5000   37.5000  -22.5000 2259.3403   22.7513
   -7.5000   45.0000  -22.5000 2137.8875   25.4428
    0.0000   45.0000  -22.5000 2139.9080   25.1475
    7.5000   45.0000  -22.5000 2125.9661   25.4983
   -7.5000  -45.0000  -15.0000 2454.0002   18.3949
    0.0000  -45.0000  -15.0000 2470.6707   18.1947
    7.5000  -45.0000  -15.0000 2454.9023   18.1641
   -7.5000  -37.5000  -15.0000 2571.8828   16.8126
    0.0000  -37.5000  -15.0000 2592.8918   16.6659
    7.5000  -37.5000  -15.0000 2570.4026   16.6047
   -7.5000  -30.0000  -15.0000 2654.5972   15.6491
    0.0000  -30.0000  -15.0000 2677.9551   15.5459
    7.5000  -30.0000  -15.0000 2659.6519   15.5224
   -7.5000  -22.5000  -15.0000 2713.2905   14.9859
    0.0000  -22.5000  -15.0000 2738.4880   14.9360
    7.5000  -22.5000  -15.0000 2716.3750   14.8962
   -7.5000  -15.0000  -15.0000 2749.2815   14.6304
    0.0000  -15.0000  -15.0000 2766.4163   14.5822
    7.5000  -15.0000  -15.0000 2742.2688   14.6115
   -7.5000   -7.5000  -15.0000 2770.0771   14.6522
    0.0000   -7.5000  -15.0000 2793.3142   14.6322
    7.5000   -7.5000  -15.0000 2760.0586   14.6454
   -7.5000    0.0000  -15.0000 2756.6331   15.0333
    0.0000    0.0000  -15.0000 2786.6951   15.0021
    7.5000    0.0000  -15.0000 2756.4219   15.0297
   -7.5000    7.5000  -15.0000 2724.9985   15.6991
    0.0000    7.5000  -15.0000 2754.3252   15.6650
    7.5000    7.5000  -15.0000 2724.4475   15.7207
   -7.5000   15.0000  -15.0000 2660.6624   16.6494
    0.0000   15.0000  -15.0000 2683.1731   16.5964
    7.5000   15.0000  -15.0000 2656.2881   16.6833
   -7.5000   22.5000  -15.0000 2573.1736   17.9252
    0.0000   22.5000  -15.0000 2593.1746   17.8411
    7.5000   22.5000  -15.0000 2567.0017   17.9328
   -7.5000   30.0000  -15.0000 2467.1389   19.5925
    0.0000   30.0000  -15.0000 2482.4404   19.4898
    7.5000   30.0000  -15.0000 2457.2603   19.6127
   -7.5000   37.5000  -15.0000 2337.4644   21.7084
    0.0000   37.5000  -15.0000 2342.1624   21.5656
    7.5000   37.5000  -15.0000 2324.5012   21.7117
   -7.5000   45.0000  -15.0000 2197.8279   24.3740
    0.0000   45.0000  -15.0000 2203.4888   24.1761
    7.5000   45.0000  -15.0000 2188.3613   24.3476
   -7.5000  -45.0000   -7.5000 2490.2373   17.8508
    0.0000  -45.0000   -7.5000 2497.2854   17.5126
    7.5000  -45.0000   -7.5000 2487.9429   17.6227
   -7.5000  -37.5000   -7.5000 2603.2263   16.2058
    0.0000  -37.5000   -7.5000 2619.4438   15.9698
    7.5000  -37.5000   -7.5000 2602.3755   16.0387
   -7.5000  -30.0000   -7.5000 2695.7068   15.0462
    0.0000  -30.0000   -7.5000 2720.8748   14.8776
    7.5000  -30.0000   -7.5000 2698.4729   14.9212
   -7.5000  -22.5000   -7.5000 2761.2920   14.3208
    0.0000  -22.5000   -7.5000 2795.0754   14.2203
    7.5000  -22.5000   -7.5000 2769.6941   14.2552
   -7.5000  -15.0000   -7.5000 2807.6025   13.9059
    0.0000  -15.0000   -7.5000 2832.6074   13.8759
    7.5000  -15.0000   -7.5000 2805.7561   13.9306
   -7.5000   -7.5000   -7.5000 2840.2419   13.9729
    0.0000   -7.5000   -7.5000 2873.2314   13.9640
    7.5000   -7.5000   -7.5000 2833.1816   13.9711
   -7.5000    0.0000   -7.5000 2832.1628   14.3360
    0.0000    0.0000   -7.5000 2862.0647   14.3177
    7.5000    0.0000   -7.5000 2830.5574   14.3428
   -7.5000    7.5000   -7.5000 2802.5020   15.0124
    0.0000    7.5000   -7.5000 2819.8521   14.9378
    7.5000    7.5000   -7.5000 2791.8037   14.9987
   -7.5000   15.0000   -7.5000 2729.5872   15.9320
    0.0000   15.0000   -7.5000 2747.3408   15.8394
    7.5000   15.0000   -7.5000 2716.7341   15.9205
   -7.5000   22.5000   -7.5000 2625.5222   17.2130
    0.0000   22.5000   -7.5000 2645.5820   17.1169
    7.5000   22.5000   -7.5000 2617.2046   17.1959
   -7.5000   30.0000   -7.5000 2517.6045   18.8650
    0.0000   30.0000   -7.5000 2536.9639   18.7789
    7.5000   30.0000   -7.5000 2504.5969   18.8559
   -7.5000   37.5000   -7.5000 2387.0444   20.9050
    0.0000   37.5000   -7.5000 2392.3503   20.8027
    7.5000   37.5000   -7.5000 2370.2957   20.8952
   -7.5000   45.0000   -7.5000 2243.8970   23.4400
    0.0000   45.0000   -7.5000 2249.8726   23.2663
    7.5000   45.0000   -7.5000 2224.3474   23.3708
   -7.5000  -45.0000    0.0000 2498.4883   17.4957
    0.0000  -45.0000    0.0000 2501.3542   17.0651
    7.5000  -45.0000    0.0000 2493.9617   17.2504
   -7.5000  -37.5000    0.0000 2614.4172   15.8587
    0.0000  -37.5000    0.0000 2624.5698   15.5146
    7.5000  -37.5000    0.0000 2615.7769   15.6689
   -7.5000  -30.0000    0.0000 2715.0586   14.6831
    0.0000  -30.0000    0.0000 2733.3567   14.3943
    7.5000  -30.0000    0.0000 2716.0056   14.5480
   -7.5000  -22.5000    0.0000 2795.7322   13.8957
    0.0000  -22.5000    0.0000 2825.7605   13.6818
    7.5000  -22.5000    0.0000 2795.6177   13.8427
   -7.5000  -15.0000    0.0000 2847.7185   13.3853
    0.0000  -15.0000    0.0000 2877.3396   13.2495
    7.5000  -15.0000    0.0000 2841.6660   13.4440
   -7.5000   -7.5000    0.0000 2888.1018   13.4439
    0.0000   -7.5000    0.0000 2922.2676   13.3745
    7.5000   -7.5000    0.0000 2882.6687   13.4616
   -7.5000    0.0000    0.0000 2886.2600   13.8377
    0.0000    0.0000    0.0000 2912.4368   13.7881
    7.5000    0.0000    0.0000 2882.9231   13.8636
   -7.5000    7.5000    0.0000 2844.7651   14.5116
    0.0000    7.5000    0.0000 2860.3308   14.4219
    7.5000    7.5000    0.0000 2836.5134   14.5033
   -7.5000   15.0000    0.0000 2764.1560   15.4639
    0.0000   15.0000    0.0000 2778.3628   15.3217
    7.5000   15.0000    0.0000 2756.4207   15.4219
   -7.5000   22.5000    0.0000 2662.4678   16.7495
    0.0000   22.5000    0.0000 2674.7766   16.6232
    7.5000   22.5000    0.0000 2656.6709   16.7313
   -7.5000   30.0000    0.0000 2549.6323   18.3514
    0.0000   30.0000    0.0000 2559.7908   18.2431
    7.5000   30.0000    0.0000 2541.8948   18.3625
   -7.5000   37.5000    0.0000 2415.2656   20.3005
    0.0000   37.5000    0.0000 2419.8689   20.1876
    7.5000   37.5000    0.0000 2405.0205   20.3161
   -7.5000   45.0000    0.0000 2264.2102   22.6815
    0.0000   45.0000    0.0000 2270.6501   22.4774
    7.5000   45.0000    0.0000 2251.8997   22.6865
   -7.5000  -45.0000    7.5000 2492.2017   17.3605
    0.0000  -45.0000    7.5000 2491.6970   16.8313
    7.5000  -45.0000    7.5000 2492.8198   17.1268
   -7.5000  -37.5000    7.5000 2610.0432   15.7905
    0.0000  -37.5000    7.5000 2606.6714   15.2612
    7.5000  -37.5000    7.5000 2609.3362   15.5443
   -7.5000  -30.0000    7.5000 2720.3220   14.6666
    0.0000  -30.0000    7.5000 2717.1370   14.1620
    7.5000  -30.0000    7.5000 2714.7021   14.4235
   -7.5000  -22.5000    7.5000 2813.1394   13.8607
    0.0000  -22.5000    7.5000 2819.8225   13.4237
    7.5000  -22.5000    7.5000 2805.4553   13.7077
   -7.5000  -15.0000    7.5000 2864.8579   13.1740
    0.0000  -15.0000    7.5000 2875.0146   12.8145
    7.5000  -15.0000    7.5000 2856.4919   13.2274
   -7.5000   -7.5000    7.5000 2920.3362   13.1119
    0.0000   -7.5000    7.5000 2932.4802   12.8101
    7.5000   -7.5000    7.5000 2906.7646   13.2057
   -7.5000    0.0000    7.5000 2916.4490   13.5585
    0.0000    0.0000    7.5000 2934.8403   13.3490
    7.5000    0.0000    7.5000 2919.1836   13.6440
   -7.5000    7.5000    7.5000 2873.1426   14.3384
    0.0000    7.5000    7.5000 2883.0688   14.1315
    7.5000    7.5000    7.5000 2876.9570   14.3685
   -7.5000   15.0000    7.5000 2794.3081   15.3397
    0.0000   15.0000    7.5000 2800.9243   15.1016
    7.5000   15.0000    7.5000 2794.3376   15.2945
   -7.5000   22.5000    7.5000 2690.1306   16.6024
    0.0000   22.5000    7.5000 2693.8928   16.3745
    7.5000   22.5000    7.5000 2682.5527   16.5320
   -7.5000   30.0000    7.5000 2574.4053   18.1424
    0.0000   30.0000    7.5000 2582.1831   17.9405
    7.5000   30.0000    7.5000 2564.1948   18.1010
   -7.5000   37.5000    7.5000 2438.3042   20.0199
    0.0000   37.5000    7.5000 2440.8352   19.8320
    7.5000   37.5000    7.5000 2428.2361   20.0373
   -7.5000   45.0000    7.5000 2284.6523   22.3894
    0.0000   45.0000    7.5000 2291.9246   22.1579
    7.5000   45.0000    7.5000 2275.3057   22.3985
   -7.5000  -45.0000   15.0000 2473.8420   17.5750
    0.0000  -45.0000   15.0000 2475.2158   17.0733
    7.5000  -45.0000   15.0000 2467.0354   17.2969
   -7.5000  -37.5000   15.0000 2600.5107   16.0241
    0.0000  -37.5000   15.0000 2595.4219   15.4629
    7.5000  -37.5000   15.0000 2587.4912   15.7296
   -7.5000  -30.0000   15.0000 2716.0457   14.9338
    0.0000  -30.0000   15.0000 2700.8162   14.3355
    7.5000  -30.0000   15.0000 2701.4346   14.6645
   -7.5000  -22.5000   15.0000 2810.2751   14.2338
    0.0000  -22.5000   15.0000 2797.3074   13.6229
    7.5000  -22.5000   15.0000 2801.6362   13.9780
   -7.5000  -15.0000   15.0000 2869.7002   13.6356
    0.0000  -15.0000   15.0000 2856.9717   12.9885
    7.5000  -15.0000   15.0000 2860.3315   13.5117
   -7.5000   -7.5000   15.0000 2913.7324   13.3617
    0.0000   -7.5000   15.0000 2910.3662   12.8942
    7.5000   -7.5000   15.0000 2904.2346   13.3847
   -7.5000    0.0000   15.0000 2913.5420   13.6744
    0.0000    0.0000   15.0000 2925.7676   13.4188
    7.5000    0.0000   15.0000 2908.7717   13.7271
   -7.5000    7.5000   15.0000 2867.9810   14.4556
    0.0000    7.5000   15.0000 2887.7151   14.2667
    7.5000    7.5000   15.0000 2869.5537   14.4349
   -7.5000   15.0000   15.0000 2790.6829   15.4611
    0.0000   15.0000   15.0000 2808.8450   15.2919
    7.5000   15.0000   15.0000 2786.9895   15.3636
   -7.5000   22.5000   15.0000 2686.8325   16.6859
    0.0000   22.5000   15.0000 2706.2671   16.5786
    7.5000   22.5000   15.0000 2680.6423   16.5911
   -7.5000   30.0000   15.0000 2572.4905   18.1734
    0.0000   30.0000   15.0000 2596.5903   18.1053
    7.5000   30.0000   15.0000 2563.1096   18.1175
   -7.5000   37.5000   15.0000 2437.3633   20.0174
    0.0000   37.5000   15.0000 2454.0728   19.9402
    7.5000   37.5000   15.0000 2430.4856   19.9947
   -7.5000   45.0000   15.0000 2284.2981   22.3451
    0.0000   45.0000   15.0000 2295.3860   22.1646
    7.5000   45.0000   15.0000 2272.9653   22.3094
   -7.5000  -45.0000   22.5000 2457.3340   18.2014
    0.0000  -45.0000   22.5000 2453.7302   17.6344
    7.5000  -45.0000   22.5000 2457.8459   17.8477
   -7.5000  -37.5000   22.5000 2578.2668   16.6250
    0.0000  -37.5000   22.5000 2580.6018   16.0928
    7.5000  -37.5000   22.5000 2576.7920   16.3024
   -7.5000  -30.0000   22.5000 2692.7900   15.5587
    0.0000  -30.0000   22.5000 2694.2583   15.0415
    7.5000  -30.0000   22.5000 2688.7292   15.2402
   -7.5000  -22.5000   22.5000 2786.7800   14.8345
    0.0000  -22.5000   22.5000 2791.0662   14.3080
    7.5000  -22.5000   22.5000 2777.3242   14.5441
   -7.5000  -15.0000   22.5000 2847.7803   14.2826
    0.0000  -15.0000   22.5000 2853.8408   13.8129
    7.5000  -15.0000   22.5000 2831.9929   14.0395
   -7.5000   -7.5000   22.5000 2883.6375   14.0525
    0.0000   -7.5000   22.5000 2898.8298   13.7291
    7.5000   -7.5000   22.5000 2868.3010   13.8889
   -7.5000    0.0000   22.5000 2881.3140   14.2084
    0.0000    0.0000   22.5000 2902.1279   14.0291
    7.5000    0.0000   22.5000 2871.0657   14.1570
   -7.5000    7.5000   22.5000 2841.5698   14.8552
    0.0000    7.5000   22.5000 2860.3958   14.7073
    7.5000    7.5000   22.5000 2837.8333   14.8046
   -7.5000   15.0000   22.5000 2769.3936   15.8312
    0.0000   15.0000   22.5000 2779.8340   15.6537
    7.5000   15.0000   22.5000 2762.5674   15.7435
   -7.5000   22.5000   22.5000 2673.5222   17.0103
    0.0000   22.5000   22.5000 2682.7942   16.8464
    7.5000   22.5000   22.5000 2667.7048   16.9233
   -7.5000   30.0000   22.5000 2558.9575   18.4517
    0.0000   30.0000   22.5000 2571.9731   18.2935
    7.5000   30.0000   22.5000 2550.3896   18.3683
   -7.5000   37.5000   22.5000 2423.2688   20.2465
    0.0000   37.5000   22.5000 2435.2720   20.1045
    7.5000   37.5000   22.5000 2415.9199   20.2034
   -7.5000   45.0000   22.5000 2265.4058   22.5417
    0.0000   45.0000   22.5000 2282.3677   22.4059
    7.5000   45.0000   22.5000 2263.7417   22.5432
   -7.5000  -45.0000   30.0000 2424.3042   19.1224
    0.0000  -45.0000   30.0000 2444.8901   18.7730
    7.5000  -45.0000   30.0000 2425.0076   18.7594
   -7.5000  -37.5000   30.0000 2546.3572   17.5034
    0.0000  -37.5000   30.0000 2565.2932   17.1730
    7.5000  -37.5000   30.0000 2545.2822   17.2027
   -7.5000  -30.0000   30.0000 2655.3567   16.3830
    0.0000  -30.0000   30.0000 2667.0591   15.9988
    7.5000  -30.0000   30.0000 2655.4507   16.0919
   -7.5000  -22.5000   30.0000 2738.5989   15.6113
    0.0000  -22.5000   30.0000 2746.2090   15.1119
    7.5000  -22.5000   30.0000 2735.3301   15.3337
   -7.5000  -15.0000   30.0000 2798.0056   15.0506
    0.0000  -15.0000   30.0000 2800.1536   14.6223
    7.5000  -15.0000   30.0000 2787.2942   14.7986
   -7.5000   -7.5000   30.0000 2828.0442   14.8379
    0.0000   -7.5000   30.0000 2837.9199   14.4771
    7.5000   -7.5000   30.0000 2818.8083   14.6038
   -7.5000    0.0000   30.0000 2820.2019   14.9658
    0.0000    0.0000   30.0000 2834.1816   14.6826
    7.5000    0.0000   30.0000 2808.2666   14.8055
   -7.5000    7.5000   30.0000 2780.1431   15.5056
    0.0000    7.5000   30.0000 2801.8223   15.3320
    7.5000    7.5000   30.0000 2776.5525   15.3987
   -7.5000   15.0000   30.0000 2710.4729   16.3785
    0.0000   15.0000   30.0000 2727.7861   16.2579
    7.5000   15.0000   30.0000 2707.4524   16.2742
   -7.5000   22.5000   30.0000 2624.1030   17.4968
    0.0000   22.5000   30.0000 2640.3928   17.3707
    7.5000   22.5000   30.0000 2619.0144   17.4025
   -7.5000   30.0000   30.0000 2516.1199   18.9242
    0.0000   30.0000   30.0000 2528.5352   18.7795
    7.5000   30.0000   30.0000 2507.4153   18.8165
   -7.5000   37.5000   30.0000 2387.5496   20.7193
    0.0000   37.5000   30.0000 2399.4072   20.5516
    7.5000   37.5000   30.0000 2379.8552   20.6343
   -7.5000   45.0000   30.0000 2240.6182   23.0176
    0.0000   45.0000   30.0000 2252.5303   22.8040
    7.5000   45.0000   30.0000 2232.7266   22.9660
   -7.5000  -45.0000   37.5000 2381.9133   20.1310
    0.0000  -45.0000   37.5000 2406.8640   19.8559
    7.5000  -45.0000   37.5000 2385.5649   19.8327
   -7.5000  -37.5000   37.5000 2499.1438   18.4692
    0.0000  -37.5000   37.5000 2522.5435   18.1211
    7.5000  -37.5000   37.5000 2501.4441   18.1626
   -7.5000  -30.0000   37.5000 2602.2334   17.3009
    0.0000  -30.0000   37.5000 2618.4954   16.8832
    7.5000  -30.0000   37.5000 2599.0303   16.9681
   -7.5000  -22.5000   37.5000 2680.4746   16.4955
    0.0000  -22.5000   37.5000 2689.3245   16.0372
    7.5000  -22.5000   37.5000 2669.4600   16.1964
   -7.5000  -15.0000   37.5000 2730.8916   15.9607
    0.0000  -15.0000   37.5000 2735.8230   15.5751
    7.5000  -15.0000   37.5000 2721.6296   15.7215
   -7.5000   -7.5000   37.5000 2753.4829   15.7118
    0.0000   -7.5000   37.5000 2761.6570   15.3768
    7.5000   -7.5000   37.5000 2746.0085   15.5012
   -7.5000    0.0000   37.5000 2749.3511   15.7924
    0.0000    0.0000   37.5000 2762.4250   15.5154
    7.5000    0.0000   37.5000 2738.9729   15.6226
   -7.5000    7.5000   37.5000 2714.7434   16.3295
    0.0000    7.5000   37.5000 2732.9419   16.0805
    7.5000    7.5000   37.5000 2705.1296   16.1327
   -7.5000   15.0000   37.5000 2650.1731   17.1844
    0.0000   15.0000   37.5000 2670.4836   17.0022
    7.5000   15.0000   37.5000 2644.7285   17.0125
   -7.5000   22.5000   37.5000 2566.3333   18.2746
    0.0000   22.5000   37.5000 2584.5828   18.1020
    7.5000   22.5000   37.5000 2556.6189   18.1109
   -7.5000   30.0000   37.5000 2454.0645   19.6365
    0.0000   30.0000   37.5000 2472.8735   19.5035
    7.5000   30.0000   37.5000 2446.5920   19.5178
   -7.5000   37.5000   37.5000 2339.2505   21.3747
    0.0000   37.5000   37.5000 2357.0684   21.2631
    7.5000   37.5000   37.5000 2327.9224   21.3605
   -7.5000   45.0000   37.5000 2202.0005   23.7281
    0.0000   45.0000   37.5000 2214.1277   23.5716
    7.5000   45.0000   37.5000 2197.6243   23.7219
   -7.5000  -45.0000   45.0000 2326.1445   21.2654
    0.0000  -45.0000   45.0000 2349.8782   21.0349
    7.5000  -45.0000   45.0000 2327.6206   21.0940
   -7.5000  -37.5000   45.0000 2437.1128   19.5628
    0.0000  -37.5000   45.0000 2461.6536   19.2585
    7.5000  -37.5000   45.0000 2438.0481   19.2979
   -7.5000  -30.0000   45.0000 2531.9648   18.3888
    0.0000  -30.0000   45.0000 2551.9187   17.9993
    7.5000  -30.0000   45.0000 2530.7976   18.0828
   -7.5000  -22.5000   45.0000 2602.4817   17.5934
    0.0000  -22.5000   45.0000 2615.5825   17.2033
    7.5000  -22.5000   45.0000 2595.2954   17.2774
   -7.5000  -15.0000   45.0000 2645.2822   17.0651
    0.0000  -15.0000   45.0000 2651.4451   16.7050
    7.5000  -15.0000   45.0000 2639.0127   16.8208
   -7.5000   -7.5000   45.0000 2666.2122   16.7811
    0.0000   -7.5000   45.0000 2673.8428   16.4847
    7.5000   -7.5000   45.0000 2657.6956   16.5493
   -7.5000    0.0000   45.0000 2662.6108   16.7934
    0.0000    0.0000   45.0000 2676.8794   16.5651
    7.5000    0.0000   45.0000 2660.3867   16.6505
   -7.5000    7.5000   45.0000 2634.0312   17.2924
    0.0000    7.5000   45.0000 2654.4717   17.0972
    7.5000    7.5000   45.0000 2633.9648   17.1400
   -7.5000   15.0000   45.0000 2577.7522   18.1650
    0.0000   15.0000   45.0000 2593.3496   17.9750
    7.5000   15.0000   45.0000 2573.7747   17.9533
   -7.5000   22.5000   45.0000 2500.9106   19.2721
    0.0000   22.5000   45.0000 2513.9045   19.1097
    7.5000   22.5000   45.0000 2491.9272   19.1181
   -7.5000   30.0000   45.0000 2386.2310   20.6866
    0.0000   30.0000   45.0000 2406.9312   20.5516
    7.5000   30.0000   45.0000 2382.5386   20.5640
   -7.5000   37.5000   45.0000 2276.5554   22.3987
    0.0000   37.5000   45.0000 2292.3750   22.2905
    7.5000   37.5000   45.0000 2269.8821   22.4010
   -7.5000   45.0000   45.0000 2145.1494   24.7217
    0.0000   45.0000   45.0000 2157.1062   24.5885
    7.5000   45.0000   45.0000 2143.4102   24.7514

---------------------------------------------------------------------
imgreg_4dfp /opt/freesurfer/average/711-2C_as_mni_average_305 /opt/freesurfer/average/711-2B_as_mni_average_305_mask talsrcimg_g11 none talsrcimg_to_711-2C_as_mni_average_305_t4 1283
---------------------------------------------------------------------

freesurfer imgreg_4dfp.c
/opt/freesurfer/average/711-2C_as_mni_average_305.4dfp.img
       256       256       256         1
  1.000000  1.000000  1.000000
orientation T byte_order littleendian
Reading image: /opt/freesurfer/average/711-2C_as_mni_average_305.4dfp.img
dimensions:      256       256       256
mmppix:       1.0000   -1.0000   -1.0000
center:     128.0000 -129.0000 -129.0000
/opt/freesurfer/average/711-2B_as_mni_average_305_mask.4dfp.img
       256       256       256         1
  1.000000  1.000000  1.000000
orientation T byte_order littleendian
Reading mask: /opt/freesurfer/average/711-2B_as_mni_average_305_mask.4dfp.img (2306576 pixels)
talsrcimg_g11.4dfp.img
       256       256       256         1
  1.000000  1.000000  1.000000
orientation T byte_order littleendian
Reading image: talsrcimg_g11.4dfp.img
dimensions:      256       256       256
mmppix:       1.0000   -1.0000   -1.0000
center:     128.0000 -129.0000 -129.0000
rotation matrix determinant  1.000000
fimgreg.f
image alignment mode   1283 decimal      503 hex
parameters
    0.0000    0.0000    7.5000    0.0000    0.0000    0.0000
eta,q 0.92251 13.36690
niter,ni,del,rscale     5    3   12.0000    1.2000
parameter  2  0.655034 ->  0.500000 qaram    1.1500
parameter  5-79.171898 -> -0.500000 qaram    1.1500
parameters
    0.7056   -3.4500    8.2665    1.3886    3.4500    2.3681
eta,q 0.92705 13.03871
  0.0876  0.0777  0.0813  0.0804  0.0829  0.0764
  0.0827  0.0785  0.0790  0.0786  0.0809  0.0759
  0.0805  0.0795  0.0788  0.0782  0.0792  0.0746
  0.0807  0.0798  0.0784  0.0777  0.0777  0.0736
  0.0794  0.0808  0.0767  0.0775  0.0751  0.0729
  0.0807  0.0836  0.0779  0.0777  0.0730  0.0733
  0.0847  0.0894  0.0803  0.0786  0.0719  0.0743
niter,ni,del,rscale     6    3   12.0000    1.2000
parameter  5 -0.517757 -> -0.500000 qaram    1.3225
parameters
    1.0067   -3.1116    9.2254    2.5125    7.4175    1.1804
eta,q 0.92865 13.17616
  0.0796  0.0833  0.0791  0.0792  0.0812  0.0733
  0.0781  0.0768  0.0759  0.0757  0.0785  0.0715
  0.0758  0.0737  0.0735  0.0733  0.0748  0.0712
  0.0729  0.0729  0.0730  0.0724  0.0724  0.0717
  0.0746  0.0739  0.0719  0.0726  0.0715  0.0722
  0.0763  0.0763  0.0732  0.0737  0.0718  0.0734
  0.0794  0.0807  0.0763  0.0752  0.0726  0.0750
niter,ni,del,rscale     6    3   12.0000    1.2000
parameters
    0.1531   -3.7110   10.0966    3.5076    7.4027   -0.1632
eta,q 0.93024 13.17825
  0.0770  0.0799  0.0777  0.0784  0.0782  0.0723
  0.0755  0.0754  0.0738  0.0756  0.0743  0.0707
  0.0729  0.0725  0.0725  0.0723  0.0712  0.0697
  0.0714  0.0715  0.0714  0.0707  0.0704  0.0704
  0.0731  0.0740  0.0702  0.0707  0.0715  0.0717
  0.0768  0.0775  0.0720  0.0724  0.0738  0.0728
  0.0837  0.0834  0.0748  0.0749  0.0785  0.0745
niter,ni,del,rscale     5    3   12.0000    1.2000
parameters
   -0.0710   -4.0168   10.3812    3.5485    7.9585   -0.5600
eta,q 0.93023 13.15860
  0.0760  0.0803  0.0750  0.0757  0.0774  0.0727
  0.0742  0.0762  0.0719  0.0730  0.0743  0.0716
  0.0726  0.0722  0.0716  0.0707  0.0711  0.0703
  0.0698  0.0699  0.0699  0.0697  0.0697  0.0698
  0.0708  0.0727  0.0696  0.0703  0.0709  0.0709
  0.0736  0.0768  0.0720  0.0724  0.0724  0.0722
  0.0787  0.0827  0.0742  0.0760  0.0759  0.0733
niter,ni,del,rscale     4    3   12.0000    1.2000
parameters
   -0.1839   -3.9578   10.5030    3.5641    8.2079   -0.7648
eta,q 0.93023 13.16716
  0.0761  0.0817  0.0744  0.0755  0.0769  0.0728
  0.0741  0.0778  0.0719  0.0732  0.0736  0.0717
  0.0725  0.0732  0.0715  0.0709  0.0705  0.0705
  0.0698  0.0698  0.0698  0.0697  0.0697  0.0698
  0.0704  0.0721  0.0697  0.0704  0.0711  0.0707
  0.0732  0.0766  0.0722  0.0724  0.0725  0.0720
  0.0782  0.0823  0.0743  0.0761  0.0762  0.0731
niter,ni,del,rscale     3    3   12.0000    1.2000
parameters
   -0.2962   -3.8996   10.5496    3.5089    8.4044   -0.8359
eta,q 0.93007 13.16787
  0.0762  0.0820  0.0742  0.0753  0.0768  0.0729
  0.0741  0.0781  0.0720  0.0731  0.0735  0.0718
  0.0725  0.0733  0.0716  0.0710  0.0706  0.0707
  0.0698  0.0699  0.0698  0.0698  0.0698  0.0699
  0.0703  0.0722  0.0698  0.0705  0.0712  0.0706
  0.0732  0.0767  0.0723  0.0725  0.0724  0.0719
  0.0783  0.0826  0.0744  0.0762  0.0763  0.0731
niter,ni,del,rscale     2    3   12.0000    1.2000
parameters
   -0.3903   -3.8420   10.5937    3.4214    8.5364   -0.8692
eta,q 0.92993 13.16787
  0.0764  0.0823  0.0743  0.0752  0.0767  0.0730
  0.0741  0.0783  0.0721  0.0732  0.0734  0.0719
  0.0725  0.0734  0.0718  0.0711  0.0706  0.0709
  0.0699  0.0700  0.0700  0.0700  0.0700  0.0701
  0.0704  0.0724  0.0699  0.0707  0.0712  0.0707
  0.0732  0.0769  0.0724  0.0727  0.0724  0.0720
  0.0784  0.0829  0.0745  0.0762  0.0765  0.0731
niter,ni,del,rscale     1    3   12.0000    1.2000
parameters
   -0.4525   -3.7797   10.6241    3.3433    8.6183   -0.8907
eta,q 0.92984 13.16980
  0.0766  0.0825  0.0743  0.0752  0.0766  0.0731
  0.0742  0.0784  0.0722  0.0733  0.0733  0.0720
  0.0726  0.0735  0.0719  0.0712  0.0705  0.0709
  0.0701  0.0701  0.0701  0.0701  0.0701  0.0702
  0.0704  0.0726  0.0700  0.0707  0.0713  0.0708
  0.0732  0.0771  0.0725  0.0728  0.0724  0.0721
  0.0784  0.0831  0.0747  0.0762  0.0766  0.0732
registration optimization eta report
parameter search radius
    6.0000    6.9000    6.0000    6.0000    7.9350    6.0000
100000*second partial in parameter space
       20.       25.       12.       15.       10.        8.
  0.0766  0.0825  0.0743  0.0752  0.0766  0.0731
  0.0742  0.0784  0.0722  0.0733  0.0733  0.0720
  0.0726  0.0735  0.0719  0.0712  0.0705  0.0709
  0.0701  0.0701  0.0701  0.0701  0.0701  0.0702
  0.0704  0.0726  0.0700  0.0707  0.0713  0.0708
  0.0732  0.0771  0.0725  0.0728  0.0724  0.0721
  0.0784  0.0831  0.0747  0.0762  0.0766  0.0732
   -0.4525   -3.7797   10.6241    3.3433    8.6183   -0.8907
eta,q 0.92984 13.16980

---------------------------------------------------------------------
imgreg_4dfp /opt/freesurfer/average/711-2C_as_mni_average_305 /opt/freesurfer/average/711-2B_as_mni_average_305_mask talsrcimg_g11 none talsrcimg_to_711-2C_as_mni_average_305_t4 3335
---------------------------------------------------------------------

freesurfer imgreg_4dfp.c
/opt/freesurfer/average/711-2C_as_mni_average_305.4dfp.img
       256       256       256         1
  1.000000  1.000000  1.000000
orientation T byte_order littleendian
Reading image: /opt/freesurfer/average/711-2C_as_mni_average_305.4dfp.img
dimensions:      256       256       256
mmppix:       1.0000   -1.0000   -1.0000
center:     128.0000 -129.0000 -129.0000
/opt/freesurfer/average/711-2B_as_mni_average_305_mask.4dfp.img
       256       256       256         1
  1.000000  1.000000  1.000000
orientation T byte_order littleendian
Reading mask: /opt/freesurfer/average/711-2B_as_mni_average_305_mask.4dfp.img (2306576 pixels)
talsrcimg_g11.4dfp.img
       256       256       256         1
  1.000000  1.000000  1.000000
orientation T byte_order littleendian
Reading image: talsrcimg_g11.4dfp.img
dimensions:      256       256       256
mmppix:       1.0000   -1.0000   -1.0000
center:     128.0000 -129.0000 -129.0000
fimgreg.f
image alignment mode   3335 decimal      D07 hex
parameters
   -0.4525   -3.7797   10.6241   -1.1411   -0.1687   -1.2974
    0.6780  -15.0485   -1.5369   -5.5986   14.9852    5.7660
eta,q 0.92848 13.18119
niter,ni,del,rscale     5    3    5.0000    1.2000
parameter  1 -0.621185 -> -0.500000 qaram    1.1500
parameter  3 -0.791750 -> -0.500000 qaram    1.1500
parameter  4  1.572280 ->  0.500000 qaram    1.1500
parameter  5  0.913220 ->  0.500000 qaram    1.1500
parameter  6  3.297602 ->  0.500000 qaram    1.1500
parameter  7 -1.295489 -> -0.500000 qaram    1.1500
parameter  8 -2.662631 -> -0.500000 qaram    1.1500
parameter 11  0.556994 ->  0.500000 qaram    1.1500
parameter 12  0.620234 ->  0.500000 qaram    1.1500
parameters
    0.9275   -4.0436   12.0041   -5.2811   -4.3087   -5.4374
    4.8180  -10.9085    0.2539   -7.2278   10.8452    1.6260
eta,q 0.94520 12.80137
  0.0735  0.0722  0.0720  0.0645  0.0640  0.0569  0.0621  0.0659  0.0582  0.0568  0.0554  0.0549
  0.0728  0.0714  0.0716  0.0660  0.0643  0.0593  0.0613  0.0636  0.0572  0.0560  0.0551  0.0548
  0.0721  0.0711  0.0713  0.0681  0.0652  0.0619  0.0606  0.0615  0.0564  0.0556  0.0552  0.0549
  0.0715  0.0710  0.0710  0.0707  0.0665  0.0645  0.0600  0.0593  0.0559  0.0558  0.0557  0.0551
  0.0711  0.0712  0.0708  0.0743  0.0684  0.0673  0.0595  0.0571  0.0558  0.0563  0.0567  0.0555
  0.0710  0.0719  0.0707  0.0789  0.0713  0.0717  0.0592  0.0555  0.0561  0.0571  0.0583  0.0560
  0.0714  0.0729  0.0708  0.0830  0.0749  0.0747  0.0591  0.0547  0.0567  0.0583  0.0602  0.0569
niter,ni,del,rscale     7    3    5.0000    1.2000
parameter  1  0.825312 ->  0.500000 qaram    1.3225
parameter  2  0.638988 ->  0.500000 qaram    1.1500
parameter  3  0.975888 ->  0.500000 qaram    1.3225
parameter  4  1.163195 ->  0.500000 qaram    1.3225
parameter  5  1.101892 ->  0.500000 qaram    1.3225
parameter  6  1.115815 ->  0.500000 qaram    1.3225
parameter  7  0.618050 ->  0.500000 qaram    1.3225
parameter  8 -0.992131 -> -0.500000 qaram    1.3225
parameter  9  0.635708 ->  0.500000 qaram    1.1500
parameter 10 -2.459714 -> -0.500000 qaram    1.1500
parameter 12 -3.721616 -> -0.500000 qaram    1.3225
parameters
   -0.6595   -5.4236   10.4171  -10.0421   -9.0697  -10.1984
    0.0570   -6.1475   -3.8861   -3.0878   11.0884    6.3870
eta,q 0.96855 12.53248
  0.0533  0.0527  0.0512  0.0454  0.0444  0.0400  0.0414  0.0514  0.0370  0.0418  0.0371  0.0399
  0.0530  0.0525  0.0508  0.0465  0.0452  0.0412  0.0410  0.0482  0.0367  0.0400  0.0357  0.0382
  0.0535  0.0526  0.0512  0.0481  0.0460  0.0431  0.0411  0.0446  0.0368  0.0383  0.0349  0.0364
  0.0548  0.0531  0.0525  0.0508  0.0468  0.0454  0.0417  0.0410  0.0373  0.0367  0.0344  0.0344
  0.0568  0.0539  0.0541  0.0549  0.0480  0.0502  0.0427  0.0384  0.0380  0.0353  0.0346  0.0326
  0.0592  0.0550  0.0557  0.0605  0.0499  0.0551  0.0441  0.0371  0.0390  0.0341  0.0355  0.0311
  0.0617  0.0564  0.0572  0.0652  0.0527  0.0610  0.0456  0.0380  0.0401  0.0334  0.0369  0.0303
niter,ni,del,rscale     7    3    5.0000    1.2000
parameter  2  1.435349 ->  0.500000 qaram    1.3225
parameter  5  1.088427 ->  0.500000 qaram    1.5209
parameters
   -1.4920   -7.0106   10.3815  -13.4120  -14.5448  -12.5589
   -0.1632   -6.7726   -2.7737   -3.7231   10.6524   10.3894
eta,q 0.97542 12.43423
  0.0349  0.0273  0.0329  0.0308  0.0249  0.0280  0.0289  0.0317  0.0281  0.0285  0.0258  0.0286
  0.0323  0.0280  0.0300  0.0296  0.0243  0.0266  0.0270  0.0266  0.0266  0.0260  0.0253  0.0270
  0.0311  0.0292  0.0285  0.0285  0.0258  0.0255  0.0257  0.0251  0.0256  0.0250  0.0250  0.0258
  0.0315  0.0310  0.0283  0.0283  0.0286  0.0245  0.0252  0.0252  0.0251  0.0251  0.0250  0.0250
  0.0336  0.0332  0.0291  0.0313  0.0313  0.0248  0.0257  0.0262  0.0252  0.0259  0.0251  0.0246
  0.0372  0.0359  0.0307  0.0375  0.0348  0.0309  0.0271  0.0285  0.0258  0.0273  0.0254  0.0247
  0.0418  0.0387  0.0326  0.0450  0.0383  0.0423  0.0294  0.0332  0.0269  0.0291  0.0260  0.0254
niter,ni,del,rscale     7    3    5.0000    1.2000
parameters
   -1.3236   -8.1690    9.6644  -12.6595  -15.4524  -14.0409
   -0.8400   -6.3731   -3.0086   -5.6967   11.2218   12.2793
eta,q 0.97637 12.39239
  0.0292  0.0259  0.0250  0.0285  0.0298  0.0276  0.0277  0.0333  0.0262  0.0261  0.0248  0.0264
  0.0268  0.0243  0.0242  0.0267  0.0269  0.0260  0.0257  0.0271  0.0250  0.0243  0.0242  0.0252
  0.0253  0.0239  0.0238  0.0252  0.0244  0.0247  0.0244  0.0243  0.0243  0.0237  0.0239  0.0242
  0.0246  0.0246  0.0239  0.0238  0.0235  0.0234  0.0241  0.0240  0.0241  0.0241  0.0237  0.0237
  0.0248  0.0262  0.0244  0.0226  0.0252  0.0225  0.0247  0.0248  0.0244  0.0252  0.0238  0.0237
  0.0261  0.0287  0.0255  0.0239  0.0284  0.0268  0.0264  0.0269  0.0252  0.0269  0.0240  0.0240
  0.0285  0.0315  0.0272  0.0287  0.0322  0.0367  0.0290  0.0311  0.0265  0.0289  0.0246  0.0249
niter,ni,del,rscale     6    3    5.0000    1.2000
parameters
   -1.2355   -8.2471   10.0426  -12.2507  -15.8305  -14.2252
   -0.9314   -6.3851   -3.1298   -5.7831   11.3043   12.5504
eta,q 0.97654 12.39904
  0.0282  0.0282  0.0261  0.0279  0.0300  0.0278  0.0276  0.0321  0.0260  0.0274  0.0246  0.0256
  0.0258  0.0256  0.0249  0.0262  0.0271  0.0260  0.0254  0.0262  0.0246  0.0250  0.0240  0.0245
  0.0242  0.0240  0.0240  0.0248  0.0245  0.0246  0.0240  0.0236  0.0237  0.0237  0.0236  0.0237
  0.0236  0.0236  0.0236  0.0236  0.0234  0.0234  0.0235  0.0235  0.0235  0.0235  0.0235  0.0235
  0.0240  0.0243  0.0236  0.0226  0.0248  0.0223  0.0239  0.0243  0.0238  0.0241  0.0235  0.0236
  0.0253  0.0260  0.0241  0.0241  0.0277  0.0235  0.0254  0.0268  0.0247  0.0254  0.0238  0.0242
  0.0279  0.0285  0.0252  0.0287  0.0309  0.0311  0.0279  0.0314  0.0261  0.0272  0.0246  0.0254
niter,ni,del,rscale     5    3    5.0000    1.2000
parameters
   -1.2597   -8.2639   10.0883  -12.1718  -15.9295  -14.2356
   -0.8979   -6.4271   -3.1705   -5.8257   11.3167   12.6090
eta,q 0.97658 12.40045
  0.0278  0.0282  0.0256  0.0277  0.0302  0.0279  0.0277  0.0320  0.0260  0.0274  0.0246  0.0254
  0.0254  0.0256  0.0245  0.0260  0.0273  0.0261  0.0255  0.0261  0.0246  0.0250  0.0239  0.0244
  0.0240  0.0239  0.0238  0.0247  0.0247  0.0246  0.0240  0.0236  0.0237  0.0237  0.0236  0.0237
  0.0235  0.0235  0.0235  0.0235  0.0234  0.0234  0.0234  0.0234  0.0234  0.0234  0.0234  0.0234
  0.0239  0.0241  0.0236  0.0226  0.0246  0.0223  0.0238  0.0243  0.0237  0.0241  0.0235  0.0236
  0.0254  0.0257  0.0243  0.0245  0.0274  0.0232  0.0253  0.0268  0.0246  0.0253  0.0238  0.0243
  0.0281  0.0282  0.0256  0.0292  0.0306  0.0306  0.0278  0.0315  0.0260  0.0271  0.0247  0.0254
niter,ni,del,rscale     4    3    5.0000    1.2000
parameters
   -1.2694   -8.2669   10.0989  -12.1534  -15.9542  -14.2391
   -0.8848   -6.4359   -3.1777   -5.8356   11.3260   12.6244
eta,q 0.97658 12.40078
  0.0279  0.0282  0.0255  0.0277  0.0303  0.0279  0.0276  0.0321  0.0260  0.0274  0.0246  0.0254
  0.0254  0.0256  0.0244  0.0260  0.0274  0.0260  0.0254  0.0262  0.0246  0.0250  0.0239  0.0243
  0.0240  0.0239  0.0237  0.0246  0.0247  0.0246  0.0240  0.0236  0.0237  0.0237  0.0235  0.0237
  0.0234  0.0234  0.0234  0.0234  0.0234  0.0234  0.0234  0.0234  0.0234  0.0234  0.0234  0.0234
  0.0238  0.0240  0.0236  0.0225  0.0245  0.0223  0.0238  0.0243  0.0237  0.0240  0.0235  0.0236
  0.0253  0.0257  0.0243  0.0245  0.0273  0.0232  0.0253  0.0268  0.0246  0.0253  0.0238  0.0243
  0.0281  0.0281  0.0256  0.0293  0.0305  0.0305  0.0278  0.0315  0.0260  0.0271  0.0247  0.0254
registration optimization eta report
parameter search radius
    3.1740    3.1740    3.1740    9.5220   10.9503    9.5220
    9.5220    9.5220    8.2800    8.2800    8.2800    9.5220
100000*second partial in parameter space
       45.       47.       21.        6.        6.        7.
        5.        9.        4.        6.        2.        2.
  0.0279  0.0282  0.0255  0.0277  0.0303  0.0279  0.0276  0.0321  0.0260  0.0274  0.0246  0.0254
  0.0254  0.0256  0.0244  0.0260  0.0274  0.0260  0.0254  0.0262  0.0246  0.0250  0.0239  0.0243
  0.0240  0.0239  0.0237  0.0246  0.0247  0.0246  0.0240  0.0236  0.0237  0.0237  0.0235  0.0237
  0.0234  0.0234  0.0234  0.0234  0.0234  0.0234  0.0234  0.0234  0.0234  0.0234  0.0234  0.0234
  0.0238  0.0240  0.0236  0.0225  0.0245  0.0223  0.0238  0.0243  0.0237  0.0240  0.0235  0.0236
  0.0253  0.0257  0.0243  0.0245  0.0273  0.0232  0.0253  0.0268  0.0246  0.0253  0.0238  0.0243
  0.0281  0.0281  0.0256  0.0293  0.0305  0.0305  0.0278  0.0315  0.0260  0.0271  0.0247  0.0254
   -1.2694   -8.2669   10.0989  -12.1534  -15.9542  -14.2391
   -0.8848   -6.4359   -3.1777   -5.8356   11.3260   12.6244
eta,q 0.97658 12.40078

---------------------------------------------------------------------
imgreg_4dfp /opt/freesurfer/average/711-2C_as_mni_average_305 /opt/freesurfer/average/711-2B_as_mni_average_305_mask talsrcimg_g11 none talsrcimg_to_711-2C_as_mni_average_305_t4 2311
---------------------------------------------------------------------

freesurfer imgreg_4dfp.c
/opt/freesurfer/average/711-2C_as_mni_average_305.4dfp.img
       256       256       256         1
  1.000000  1.000000  1.000000
orientation T byte_order littleendian
Reading image: /opt/freesurfer/average/711-2C_as_mni_average_305.4dfp.img
dimensions:      256       256       256
mmppix:       1.0000   -1.0000   -1.0000
center:     128.0000 -129.0000 -129.0000
/opt/freesurfer/average/711-2B_as_mni_average_305_mask.4dfp.img
       256       256       256         1
  1.000000  1.000000  1.000000
orientation T byte_order littleendian
Reading mask: /opt/freesurfer/average/711-2B_as_mni_average_305_mask.4dfp.img (2306576 pixels)
talsrcimg_g11.4dfp.img
       256       256       256         1
  1.000000  1.000000  1.000000
orientation T byte_order littleendian
Reading image: talsrcimg_g11.4dfp.img
dimensions:      256       256       256
mmppix:       1.0000   -1.0000   -1.0000
center:     128.0000 -129.0000 -129.0000
fimgreg.f
image alignment mode   2311 decimal      907 hex
parameters
   -1.2694   -8.2669   10.0989  -12.1534  -15.9542  -14.2391
   -0.8848   -6.4359   -3.1777   -5.8356   11.3260   12.6244
eta,q 0.97658 12.40078
niter,ni,del,rscale     5    3    5.0000    0.8000
parameter  4 -0.778640 -> -0.500000 qaram    1.1500
parameter  6 -0.767628 -> -0.500000 qaram    1.1500
parameters
   -1.1880   -8.3143   10.2167   -9.3934  -16.1952  -11.4791
   -0.8595   -6.3733   -3.2350   -5.8486   10.8242   11.8208
eta,q 0.97826 12.54182
  0.0246  0.0246  0.0240  0.0253  0.0244  0.0247  0.0235  0.0267  0.0229  0.0234  0.0229  0.0223
  0.0240  0.0239  0.0237  0.0246  0.0234  0.0239  0.0226  0.0239  0.0222  0.0225  0.0222  0.0219
  0.0236  0.0235  0.0235  0.0240  0.0228  0.0232  0.0220  0.0222  0.0219  0.0219  0.0218  0.0218
  0.0234  0.0234  0.0234  0.0234  0.0226  0.0226  0.0218  0.0218  0.0218  0.0218  0.0218  0.0218
  0.0235  0.0236  0.0234  0.0228  0.0229  0.0220  0.0219  0.0224  0.0219  0.0219  0.0220  0.0219
  0.0238  0.0240  0.0236  0.0226  0.0237  0.0217  0.0225  0.0240  0.0223  0.0225  0.0226  0.0223
  0.0244  0.0248  0.0239  0.0231  0.0249  0.0222  0.0235  0.0262  0.0229  0.0234  0.0235  0.0229
niter,ni,del,rscale     6    3    5.0000    0.9000
parameters
   -1.4253   -8.3610   10.2710  -10.8389  -15.9537  -12.3408
   -0.5875   -6.7085   -3.0522   -5.9642   10.8910   12.4784
eta,q 0.97780 12.50710
  0.0237  0.0234  0.0231  0.0241  0.0248  0.0245  0.0241  0.0255  0.0236  0.0240  0.0231  0.0231
  0.0225  0.0224  0.0223  0.0232  0.0235  0.0236  0.0232  0.0232  0.0228  0.0229  0.0226  0.0227
  0.0218  0.0219  0.0219  0.0222  0.0225  0.0227  0.0225  0.0223  0.0224  0.0224  0.0223  0.0224
  0.0217  0.0217  0.0217  0.0217  0.0220  0.0220  0.0223  0.0223  0.0222  0.0222  0.0222  0.0222
  0.0223  0.0219  0.0218  0.0227  0.0221  0.0218  0.0224  0.0228  0.0223  0.0225  0.0223  0.0222
  0.0234  0.0226  0.0223  0.0257  0.0230  0.0238  0.0229  0.0241  0.0227  0.0231  0.0225  0.0224
  0.0252  0.0235  0.0229  0.0295  0.0245  0.0288  0.0238  0.0262  0.0234  0.0241  0.0231  0.0228
niter,ni,del,rscale     5    3    5.0000    0.8000
parameters
   -1.3712   -8.4064   10.0812  -10.8403  -15.8453  -12.3091
   -0.6434   -6.6789   -3.1195   -6.0260   11.0305   12.4596
eta,q 0.97784 12.50712
  0.0238  0.0235  0.0227  0.0246  0.0243  0.0244  0.0235  0.0254  0.0231  0.0237  0.0229  0.0228
  0.0229  0.0227  0.0224  0.0238  0.0233  0.0236  0.0228  0.0233  0.0226  0.0228  0.0225  0.0224
  0.0224  0.0223  0.0222  0.0229  0.0225  0.0229  0.0223  0.0223  0.0223  0.0223  0.0223  0.0222
  0.0222  0.0222  0.0222  0.0222  0.0222  0.0222  0.0222  0.0222  0.0222  0.0222  0.0222  0.0222
  0.0223  0.0224  0.0223  0.0219  0.0223  0.0217  0.0223  0.0225  0.0223  0.0224  0.0222  0.0222
  0.0228  0.0228  0.0226  0.0230  0.0231  0.0224  0.0228  0.0235  0.0226  0.0229  0.0224  0.0224
  0.0236  0.0236  0.0231  0.0255  0.0243  0.0255  0.0236  0.0251  0.0232  0.0237  0.0229  0.0228
niter,ni,del,rscale     4    3    5.0000    0.7000
parameters
   -1.3493   -8.4088   10.0612  -10.5888  -15.8525  -11.9773
   -0.6382   -6.6916   -3.1734   -6.0142   11.0560   12.3278
eta,q 0.97804 12.52066
  0.0233  0.0232  0.0227  0.0243  0.0237  0.0240  0.0231  0.0247  0.0227  0.0232  0.0226  0.0224
  0.0227  0.0226  0.0224  0.0235  0.0229  0.0233  0.0225  0.0230  0.0223  0.0225  0.0223  0.0222
  0.0223  0.0223  0.0222  0.0228  0.0223  0.0227  0.0221  0.0221  0.0220  0.0221  0.0221  0.0220
  0.0222  0.0222  0.0222  0.0222  0.0221  0.0221  0.0220  0.0220  0.0220  0.0220  0.0220  0.0220
  0.0223  0.0223  0.0222  0.0219  0.0223  0.0216  0.0221  0.0223  0.0221  0.0221  0.0220  0.0220
  0.0226  0.0226  0.0224  0.0226  0.0228  0.0221  0.0225  0.0232  0.0223  0.0225  0.0222  0.0222
  0.0233  0.0232  0.0227  0.0245  0.0238  0.0243  0.0231  0.0246  0.0228  0.0231  0.0227  0.0225
niter,ni,del,rscale     3    3    5.0000    0.6000
parameters
   -1.3654   -8.4100   10.0637  -10.4028  -15.8557  -11.6727
   -0.6078   -6.7179   -3.2023   -5.9741   11.0457   12.1825
eta,q 0.97818 12.53177
  0.0229  0.0227  0.0224  0.0237  0.0232  0.0235  0.0227  0.0240  0.0224  0.0227  0.0224  0.0222
  0.0224  0.0223  0.0222  0.0231  0.0225  0.0230  0.0222  0.0227  0.0221  0.0222  0.0221  0.0220
  0.0221  0.0220  0.0220  0.0225  0.0221  0.0224  0.0219  0.0220  0.0219  0.0219  0.0219  0.0219
  0.0220  0.0220  0.0220  0.0220  0.0219  0.0219  0.0218  0.0218  0.0218  0.0218  0.0218  0.0218
  0.0221  0.0221  0.0220  0.0218  0.0220  0.0216  0.0219  0.0221  0.0219  0.0219  0.0219  0.0219
  0.0224  0.0223  0.0222  0.0224  0.0225  0.0220  0.0222  0.0228  0.0221  0.0222  0.0221  0.0220
  0.0229  0.0227  0.0224  0.0239  0.0232  0.0237  0.0227  0.0240  0.0224  0.0227  0.0224  0.0223
niter,ni,del,rscale     2    3    5.0000    0.5000
parameters
   -1.3832   -8.4059   10.0688  -10.2364  -15.8590  -11.3809
   -0.5847   -6.7390   -3.2127   -5.9322   11.0316   12.0142
eta,q 0.97830 12.54088
  0.0225  0.0224  0.0222  0.0233  0.0227  0.0231  0.0223  0.0234  0.0221  0.0224  0.0222  0.0220
  0.0221  0.0221  0.0220  0.0227  0.0222  0.0226  0.0220  0.0224  0.0219  0.0220  0.0219  0.0218
  0.0219  0.0219  0.0218  0.0222  0.0219  0.0222  0.0218  0.0218  0.0217  0.0218  0.0218  0.0217
  0.0218  0.0218  0.0218  0.0218  0.0218  0.0218  0.0217  0.0217  0.0217  0.0217  0.0217  0.0217
  0.0219  0.0219  0.0218  0.0217  0.0219  0.0216  0.0218  0.0219  0.0217  0.0218  0.0217  0.0217
  0.0221  0.0221  0.0220  0.0222  0.0222  0.0219  0.0220  0.0225  0.0219  0.0220  0.0219  0.0218
  0.0225  0.0223  0.0222  0.0233  0.0227  0.0231  0.0223  0.0234  0.0221  0.0223  0.0222  0.0220
niter,ni,del,rscale     1    3    5.0000    0.4000
parameters
   -1.3991   -8.3988   10.0865  -10.1130  -15.8626  -11.0952
   -0.5682   -6.7555   -3.2119   -5.8687   11.0065   11.8148
eta,q 0.97838 12.54827
  0.0222  0.0221  0.0220  0.0227  0.0223  0.0227  0.0220  0.0228  0.0219  0.0221  0.0219  0.0218
  0.0219  0.0219  0.0218  0.0223  0.0220  0.0223  0.0218  0.0221  0.0217  0.0218  0.0218  0.0217
  0.0217  0.0217  0.0217  0.0220  0.0218  0.0220  0.0217  0.0217  0.0216  0.0217  0.0217  0.0216
  0.0217  0.0217  0.0217  0.0217  0.0217  0.0217  0.0216  0.0216  0.0216  0.0216  0.0216  0.0216
  0.0218  0.0217  0.0217  0.0217  0.0217  0.0216  0.0217  0.0218  0.0216  0.0217  0.0217  0.0216
  0.0219  0.0218  0.0218  0.0220  0.0219  0.0218  0.0218  0.0222  0.0217  0.0218  0.0218  0.0217
  0.0222  0.0220  0.0219  0.0228  0.0223  0.0225  0.0220  0.0228  0.0219  0.0220  0.0220  0.0219
registration optimization eta report
parameter search radius
    0.8000    0.8000    0.8000    2.7600    2.4000    2.7600
    2.4000    2.4000    2.4000    2.4000    2.4000    2.4000
100000*second partial in parameter space
       76.       55.       39.       14.       10.       12.
        7.       21.        5.        7.        6.        3.
  0.0222  0.0221  0.0220  0.0227  0.0223  0.0227  0.0220  0.0228  0.0219  0.0221  0.0219  0.0218
  0.0219  0.0219  0.0218  0.0223  0.0220  0.0223  0.0218  0.0221  0.0217  0.0218  0.0218  0.0217
  0.0217  0.0217  0.0217  0.0220  0.0218  0.0220  0.0217  0.0217  0.0216  0.0217  0.0217  0.0216
  0.0217  0.0217  0.0217  0.0217  0.0217  0.0217  0.0216  0.0216  0.0216  0.0216  0.0216  0.0216
  0.0218  0.0217  0.0217  0.0217  0.0217  0.0216  0.0217  0.0218  0.0216  0.0217  0.0217  0.0216
  0.0219  0.0218  0.0218  0.0220  0.0219  0.0218  0.0218  0.0222  0.0217  0.0218  0.0218  0.0217
  0.0222  0.0220  0.0219  0.0228  0.0223  0.0225  0.0220  0.0228  0.0219  0.0220  0.0220  0.0219
   -1.3991   -8.3988   10.0865  -10.1130  -15.8626  -11.0952
   -0.5682   -6.7555   -3.2119   -5.8687   11.0065   11.8148
eta,q 0.97838 12.54827

---------------------------------------------------------------------
imgreg_4dfp /opt/freesurfer/average/711-2C_as_mni_average_305 /opt/freesurfer/average/711-2B_as_mni_average_305_mask talsrcimg_g11 none talsrcimg_to_711-2C_as_mni_average_305_t4 2311
---------------------------------------------------------------------

freesurfer imgreg_4dfp.c
/opt/freesurfer/average/711-2C_as_mni_average_305.4dfp.img
       256       256       256         1
  1.000000  1.000000  1.000000
orientation T byte_order littleendian
Reading image: /opt/freesurfer/average/711-2C_as_mni_average_305.4dfp.img
dimensions:      256       256       256
mmppix:       1.0000   -1.0000   -1.0000
center:     128.0000 -129.0000 -129.0000
/opt/freesurfer/average/711-2B_as_mni_average_305_mask.4dfp.img
       256       256       256         1
  1.000000  1.000000  1.000000
orientation T byte_order littleendian
Reading mask: /opt/freesurfer/average/711-2B_as_mni_average_305_mask.4dfp.img (2306576 pixels)
talsrcimg_g11.4dfp.img
       256       256       256         1
  1.000000  1.000000  1.000000
orientation T byte_order littleendian
Reading image: talsrcimg_g11.4dfp.img
dimensions:      256       256       256
mmppix:       1.0000   -1.0000   -1.0000
center:     128.0000 -129.0000 -129.0000
fimgreg.f
image alignment mode   2311 decimal      907 hex
parameters
   -1.3991   -8.3988   10.0865  -10.1130  -15.8626  -11.0952
   -0.5682   -6.7555   -3.2119   -5.8687   11.0065   11.8148
eta,q 0.97838 12.54827
niter,ni,del,rscale     5    3    5.0000    0.8000
parameters
   -1.4441   -8.3743   10.1391  -10.8029  -15.8945  -11.7202
   -0.5617   -6.7416   -3.1029   -5.9081   10.8791   12.2012
eta,q 0.97805 12.52398
  0.0235  0.0231  0.0228  0.0236  0.0239  0.0236  0.0234  0.0255  0.0230  0.0235  0.0228  0.0227
  0.0225  0.0223  0.0221  0.0228  0.0228  0.0230  0.0226  0.0233  0.0224  0.0226  0.0223  0.0223
  0.0218  0.0218  0.0217  0.0221  0.0221  0.0223  0.0221  0.0222  0.0221  0.0221  0.0221  0.0221
  0.0216  0.0216  0.0216  0.0216  0.0218  0.0218  0.0220  0.0220  0.0220  0.0220  0.0220  0.0220
  0.0219  0.0218  0.0217  0.0219  0.0220  0.0217  0.0221  0.0224  0.0221  0.0222  0.0220  0.0220
  0.0226  0.0222  0.0221  0.0235  0.0228  0.0231  0.0226  0.0235  0.0224  0.0227  0.0223  0.0222
  0.0238  0.0230  0.0226  0.0261  0.0241  0.0263  0.0234  0.0252  0.0229  0.0235  0.0229  0.0225
niter,ni,del,rscale     4    3    5.0000    0.7000
parameters
   -1.3815   -8.3916   10.0324  -10.4923  -15.8600  -11.7143
   -0.6090   -6.6440   -3.1471   -5.9615   10.9190   12.1263
eta,q 0.97815 12.52828
  0.0233  0.0230  0.0225  0.0238  0.0235  0.0235  0.0230  0.0250  0.0226  0.0231  0.0226  0.0224
  0.0226  0.0224  0.0222  0.0231  0.0227  0.0229  0.0224  0.0231  0.0222  0.0224  0.0222  0.0221
  0.0221  0.0220  0.0220  0.0225  0.0221  0.0224  0.0220  0.0221  0.0219  0.0220  0.0220  0.0219
  0.0220  0.0219  0.0219  0.0219  0.0218  0.0218  0.0218  0.0218  0.0219  0.0219  0.0219  0.0219
  0.0220  0.0221  0.0220  0.0217  0.0220  0.0216  0.0220  0.0222  0.0219  0.0220  0.0219  0.0219
  0.0224  0.0224  0.0223  0.0223  0.0226  0.0222  0.0224  0.0231  0.0222  0.0224  0.0222  0.0221
  0.0231  0.0230  0.0227  0.0238  0.0236  0.0242  0.0231  0.0246  0.0227  0.0231  0.0226  0.0224
niter,ni,del,rscale     3    3    5.0000    0.6000
parameters
   -1.3783   -8.3976   10.0595  -10.2596  -15.8744  -11.4225
   -0.6107   -6.6518   -3.1703   -5.9243   10.9180   11.9712
eta,q 0.97829 12.53888
  0.0228  0.0226  0.0224  0.0234  0.0231  0.0232  0.0226  0.0241  0.0223  0.0227  0.0224  0.0221
  0.0223  0.0222  0.0221  0.0228  0.0224  0.0227  0.0221  0.0227  0.0220  0.0221  0.0220  0.0219
  0.0220  0.0219  0.0219  0.0223  0.0220  0.0222  0.0218  0.0219  0.0218  0.0218  0.0218  0.0218
  0.0219  0.0218  0.0218  0.0219  0.0218  0.0218  0.0217  0.0217  0.0217  0.0217  0.0217  0.0217
  0.0220  0.0219  0.0219  0.0217  0.0219  0.0216  0.0218  0.0220  0.0218  0.0218  0.0218  0.0218
  0.0223  0.0222  0.0221  0.0222  0.0224  0.0219  0.0221  0.0228  0.0220  0.0221  0.0220  0.0219
  0.0228  0.0226  0.0223  0.0234  0.0231  0.0232  0.0226  0.0241  0.0223  0.0226  0.0224  0.0222
niter,ni,del,rscale     2    3    5.0000    0.5000
parameters
   -1.3915   -8.3940   10.0830  -10.1492  -15.8730  -11.1673
   -0.5977   -6.6764   -3.1653   -5.8778   10.9057   11.8275
eta,q 0.97836 12.54607
  0.0224  0.0223  0.0221  0.0229  0.0226  0.0228  0.0223  0.0234  0.0221  0.0223  0.0221  0.0219
  0.0220  0.0220  0.0219  0.0224  0.0221  0.0224  0.0219  0.0224  0.0218  0.0219  0.0219  0.0218
  0.0218  0.0218  0.0218  0.0220  0.0218  0.0220  0.0217  0.0218  0.0217  0.0217  0.0217  0.0217
  0.0217  0.0217  0.0217  0.0217  0.0217  0.0217  0.0216  0.0216  0.0216  0.0216  0.0216  0.0216
  0.0218  0.0218  0.0218  0.0217  0.0218  0.0216  0.0217  0.0219  0.0217  0.0217  0.0217  0.0217
  0.0221  0.0220  0.0219  0.0221  0.0221  0.0218  0.0219  0.0225  0.0218  0.0219  0.0219  0.0218
  0.0225  0.0223  0.0221  0.0230  0.0226  0.0227  0.0223  0.0234  0.0221  0.0223  0.0222  0.0220
niter,ni,del,rscale     1    3    5.0000    0.4000
parameters
   -1.4023   -8.3889   10.0963  -10.0718  -15.8673  -10.9330
   -0.5709   -6.7022   -3.1812   -5.8330   10.9111   11.6873
eta,q 0.97841 12.55143
  0.0221  0.0220  0.0219  0.0225  0.0222  0.0224  0.0220  0.0228  0.0219  0.0220  0.0219  0.0218
  0.0219  0.0218  0.0218  0.0221  0.0219  0.0221  0.0218  0.0221  0.0217  0.0218  0.0218  0.0217
  0.0217  0.0217  0.0217  0.0218  0.0217  0.0219  0.0216  0.0217  0.0216  0.0216  0.0216  0.0216
  0.0216  0.0216  0.0216  0.0216  0.0216  0.0216  0.0216  0.0216  0.0216  0.0216  0.0216  0.0216
  0.0217  0.0217  0.0217  0.0216  0.0217  0.0216  0.0216  0.0218  0.0216  0.0216  0.0216  0.0216
  0.0219  0.0218  0.0218  0.0219  0.0219  0.0218  0.0218  0.0222  0.0217  0.0218  0.0217  0.0217
  0.0222  0.0220  0.0219  0.0225  0.0222  0.0223  0.0220  0.0228  0.0219  0.0220  0.0219  0.0218
registration optimization eta report
parameter search radius
    0.8000    0.8000    0.8000    2.4000    2.4000    2.4000
    2.4000    2.4000    2.4000    2.4000    2.4000    2.4000
100000*second partial in parameter space
       79.       55.       41.       15.       10.       13.
        7.       21.        5.        8.        6.        4.
  0.0221  0.0220  0.0219  0.0225  0.0222  0.0224  0.0220  0.0228  0.0219  0.0220  0.0219  0.0218
  0.0219  0.0218  0.0218  0.0221  0.0219  0.0221  0.0218  0.0221  0.0217  0.0218  0.0218  0.0217
  0.0217  0.0217  0.0217  0.0218  0.0217  0.0219  0.0216  0.0217  0.0216  0.0216  0.0216  0.0216
  0.0216  0.0216  0.0216  0.0216  0.0216  0.0216  0.0216  0.0216  0.0216  0.0216  0.0216  0.0216
  0.0217  0.0217  0.0217  0.0216  0.0217  0.0216  0.0216  0.0218  0.0216  0.0216  0.0216  0.0216
  0.0219  0.0218  0.0218  0.0219  0.0219  0.0218  0.0218  0.0222  0.0217  0.0218  0.0217  0.0217
  0.0222  0.0220  0.0219  0.0225  0.0222  0.0223  0.0220  0.0228  0.0219  0.0220  0.0219  0.0218
   -1.4023   -8.3889   10.0963  -10.0718  -15.8673  -10.9330
   -0.5709   -6.7022   -3.1812   -5.8330   10.9111   11.6873
eta,q 0.97841 12.55143

---------------------------------------------------------------------
compute_vox2vox talsrcimg talsrcimg_to_711-2C_as_mni_average_305_t4 /opt/freesurfer/average/711-2C_as_mni_average_305
---------------------------------------------------------------------

freesurfer compute_vox2vox.c
Reading: talsrcimg.4dfp.ifh
Reading: talsrcimg_to_711-2C_as_mni_average_305_t4
Reading: /opt/freesurfer/average/711-2C_as_mni_average_305.4dfp.ifh
Writing: talsrcimg_to_711-2C_as_mni_average_305_t4_vox2vox.txt

start time Wed Mar 11 08:47:41 CET 2026
end		time Wed Mar 11 08:49:10 CET 2026

mpr2mni305 success

avi2talxfm orig_nu.mgz /opt/freesurfer/average/mni305.cor.mgz talsrcimg_to_711-2C_as_mni_average_305_t4_vox2vox.txt transforms/talairach.auto.xfm
avi2talxfm done
mv -f /out/sourcedata/freesurfer/sub-v2s15x29745_ses-1/mri/talsrcimg_to_711-2C_as_mni_average_305_t4_vox2vox.txt /out/sourcedata/freesurfer/sub-v2s15x29745_ses-1/mri/transforms/talsrcimg_to_711-2C_as_mni_average_305_t4_vox2vox.txt
lta_convert --src orig_nu.mgz --trg /opt/freesurfer/average/mni305.cor.mgz --inxfm transforms/talairach.auto.xfm --outlta transforms/talairach.auto.xfm.lta --subject fsaverage
7.3.2

--src: orig_nu.mgz src image (geometry).
--trg: /opt/freesurfer/average/mni305.cor.mgz trg image (geometry).
--inmni: transforms/talairach.auto.xfm input MNI/XFM transform.
--outlta: transforms/talairach.auto.xfm.lta output LTA.
--s: fsaverage subject name
 LTA read, type : 1
 1.10183   0.08265  -0.00400   0.69000;
-0.13918   1.10219  -0.15405  -13.36322;
 0.03201   0.07954   1.17777   7.23195;
 0.00000   0.00000   0.00000   1.00000;
setting subject to fsaverage
Writing  LTA to file transforms/talairach.auto.xfm.lta...
lta_convert successful.
 
 
Started at Wed Mar 11 08:47:41 CET 2026
Ended   at Wed Mar 11 08:49:10 CET 2026
talairach_avi done
