status file for recon-all
Wed Mar 11 09:56:58 CET 2026
#@# MotionCor Wed Mar 11 09:56:59 CET 2026
#@# Talairach Wed Mar 11 09:57:07 CET 2026
#@# Talairach Failure Detection Wed Mar 11 10:01:32 CET 2026
#@# Nu Intensity Correction Wed Mar 11 10:01:32 CET 2026
#@# Intensity Normalization Wed Mar 11 10:04:47 CET 2026
recon-all -s sub-v2s15x29759_ses-1 finished without error at Wed Mar 11 10:06:12 CET 2026



#New# invocation of recon-all 



status file for recon-all
Wed Mar 11 10:13:36 CET 2026
#@# EM Registration Wed Mar 11 10:13:36 CET 2026
recon-all -s sub-v2s15x29759_ses-1 finished without error at Wed Mar 11 10:16:07 CET 2026



#New# invocation of recon-all 



status file for recon-all
Wed Mar 11 10:16:08 CET 2026
#@# CA Normalize Wed Mar 11 10:16:08 CET 2026
#@# CA Reg Wed Mar 11 10:17:28 CET 2026
#@# SubCort Seg Wed Mar 11 11:08:57 CET 2026
#@# CC Seg Wed Mar 11 11:38:12 CET 2026
#@# Merge ASeg Wed Mar 11 11:38:48 CET 2026
#@# Intensity Normalization2 Wed Mar 11 11:38:48 CET 2026
#@# Mask BFS Wed Mar 11 11:41:00 CET 2026
#@# WM Segmentation Wed Mar 11 11:41:01 CET 2026
#@# Fill Wed Mar 11 11:42:49 CET 2026
recon-all -s sub-v2s15x29759_ses-1 finished without error at Wed Mar 11 11:43:58 CET 2026



#New# invocation of recon-all 



status file for recon-all
Wed Mar 11 12:26:03 CET 2026
#@# white curv lh Wed Mar 11 12:26:03 CET 2026
#@# white area lh Wed Mar 11 12:26:03 CET 2026
#@# pial curv lh Wed Mar 11 12:26:03 CET 2026
#@# pial area lh Wed Mar 11 12:26:03 CET 2026
#@# thickness lh Wed Mar 11 12:26:03 CET 2026
#@# area and vertex vol lh Wed Mar 11 12:26:03 CET 2026
#@# white curv rh Wed Mar 11 12:26:03 CET 2026
#@# white area rh Wed Mar 11 12:26:03 CET 2026
#@# pial curv rh Wed Mar 11 12:26:03 CET 2026
#@# pial area rh Wed Mar 11 12:26:03 CET 2026
#@# thickness rh Wed Mar 11 12:26:03 CET 2026
#@# area and vertex vol rh Wed Mar 11 12:26:03 CET 2026
#@# Cortical ribbon mask Wed Mar 11 12:26:03 CET 2026
recon-all -s sub-v2s15x29759_ses-1 finished without error at Wed Mar 11 12:32:27 CET 2026



#New# invocation of recon-all 



status file for recon-all
Wed Mar 11 12:39:07 CET 2026
#@# white curv lh Wed Mar 11 12:39:07 CET 2026
#@# white area lh Wed Mar 11 12:39:07 CET 2026
#@# pial curv lh Wed Mar 11 12:39:07 CET 2026
#@# pial area lh Wed Mar 11 12:39:07 CET 2026
#@# thickness lh Wed Mar 11 12:39:07 CET 2026
#@# area and vertex vol lh Wed Mar 11 12:39:07 CET 2026
#@# white curv rh Wed Mar 11 12:39:07 CET 2026
#@# white area rh Wed Mar 11 12:39:07 CET 2026
#@# pial curv rh Wed Mar 11 12:39:07 CET 2026
#@# pial area rh Wed Mar 11 12:39:07 CET 2026
#@# thickness rh Wed Mar 11 12:39:07 CET 2026
#@# area and vertex vol rh Wed Mar 11 12:39:07 CET 2026
#@# Curvature Stats lh Wed Mar 11 12:39:07 CET 2026
#@# Curvature Stats rh Wed Mar 11 12:39:10 CET 2026
#@# Relabel Hypointensities Wed Mar 11 12:39:12 CET 2026
#@# APas-to-ASeg Wed Mar 11 12:39:27 CET 2026
#@# AParc-to-ASeg aparc Wed Mar 11 12:39:36 CET 2026
#@# AParc-to-ASeg aparc.a2009s Wed Mar 11 12:40:14 CET 2026
#@# AParc-to-ASeg aparc.DKTatlas Wed Mar 11 12:40:56 CET 2026
#@# WMParc Wed Mar 11 12:41:33 CET 2026
#@# ASeg Stats Wed Mar 11 12:45:10 CET 2026
recon-all -s sub-v2s15x29759_ses-1 finished without error at Wed Mar 11 12:45:50 CET 2026
