status file for recon-all
Wed Mar 11 11:44:03 CET 2026
#@# Tessellate lh Wed Mar 11 11:44:03 CET 2026
#@# Smooth1 lh Wed Mar 11 11:44:06 CET 2026
#@# Inflation1 lh Wed Mar 11 11:44:09 CET 2026
#@# QSphere lh Wed Mar 11 11:44:20 CET 2026
#@# Fix Topology lh Wed Mar 11 11:45:23 CET 2026
#@# Smooth2 lh Wed Mar 11 11:50:20 CET 2026
#@# Inflation2 lh Wed Mar 11 11:50:23 CET 2026
#@# Curv .H and .K lh Wed Mar 11 11:50:37 CET 2026
#@# Sphere lh Wed Mar 11 11:51:21 CET 2026
#@# Surf Reg lh Wed Mar 11 11:54:17 CET 2026
#@# Jacobian white lh Wed Mar 11 11:57:48 CET 2026
#@# AvgCurv lh Wed Mar 11 11:57:49 CET 2026
#@# Cortical Parc lh Wed Mar 11 11:57:50 CET 2026
#@# white curv lh Wed Mar 11 12:03:58 CET 2026
#@# white area lh Wed Mar 11 12:03:59 CET 2026
#@# pial curv lh Wed Mar 11 12:04:00 CET 2026
#@# pial area lh Wed Mar 11 12:04:02 CET 2026
#@# thickness lh Wed Mar 11 12:04:02 CET 2026
#@# area and vertex vol lh Wed Mar 11 12:04:32 CET 2026
#@# Curvature Stats lh Wed Mar 11 12:04:34 CET 2026
#@# Cortical Parc 2 lh Wed Mar 11 12:04:36 CET 2026
#@# Cortical Parc 3 lh Wed Mar 11 12:04:48 CET 2026
#@# WM/GM Contrast lh Wed Mar 11 12:04:58 CET 2026
recon-all -s sub-v2s15x29759_ses-1 finished without error at Wed Mar 11 12:05:01 CET 2026



#New# invocation of recon-all 



status file for recon-all
Wed Mar 11 12:32:31 CET 2026
#@# white curv lh Wed Mar 11 12:32:31 CET 2026
#@# white area lh Wed Mar 11 12:32:31 CET 2026
#@# pial curv lh Wed Mar 11 12:32:31 CET 2026
#@# pial area lh Wed Mar 11 12:32:31 CET 2026
#@# thickness lh Wed Mar 11 12:32:31 CET 2026
#@# area and vertex vol lh Wed Mar 11 12:32:31 CET 2026
#@# Parcellation Stats lh Wed Mar 11 12:32:31 CET 2026
#@# Parcellation Stats 2 lh Wed Mar 11 12:32:48 CET 2026
#@# Parcellation Stats 3 lh Wed Mar 11 12:32:56 CET 2026
#@# BA_exvivo Labels lh Wed Mar 11 12:33:05 CET 2026
recon-all -s sub-v2s15x29759_ses-1 finished without error at Wed Mar 11 12:35:44 CET 2026
