status file for recon-all
Wed Mar 11 08:14:50 CET 2026
#@# MotionCor Wed Mar 11 08:14:52 CET 2026
#@# Talairach Wed Mar 11 08:15:00 CET 2026
#@# Talairach Failure Detection Wed Mar 11 08:19:25 CET 2026
#@# Nu Intensity Correction Wed Mar 11 08:19:25 CET 2026
#@# Intensity Normalization Wed Mar 11 08:22:40 CET 2026
recon-all -s sub-v2s15x29737_ses-1 finished without error at Wed Mar 11 08:24:08 CET 2026



#New# invocation of recon-all 



status file for recon-all
Wed Mar 11 08:31:25 CET 2026
#@# EM Registration Wed Mar 11 08:31:25 CET 2026
recon-all -s sub-v2s15x29737_ses-1 finished without error at Wed Mar 11 08:33:22 CET 2026



#New# invocation of recon-all 



status file for recon-all
Wed Mar 11 08:33:27 CET 2026
#@# CA Normalize Wed Mar 11 08:33:27 CET 2026
#@# CA Reg Wed Mar 11 08:34:46 CET 2026
#@# SubCort Seg Wed Mar 11 09:28:22 CET 2026
#@# CC Seg Wed Mar 11 09:54:08 CET 2026
#@# Merge ASeg Wed Mar 11 09:54:43 CET 2026
#@# Intensity Normalization2 Wed Mar 11 09:54:43 CET 2026
#@# Mask BFS Wed Mar 11 09:56:45 CET 2026
#@# WM Segmentation Wed Mar 11 09:56:46 CET 2026
#@# Fill Wed Mar 11 09:58:36 CET 2026
recon-all -s sub-v2s15x29737_ses-1 finished without error at Wed Mar 11 09:59:38 CET 2026



#New# invocation of recon-all 



status file for recon-all
Wed Mar 11 10:43:04 CET 2026
#@# white curv lh Wed Mar 11 10:43:04 CET 2026
#@# white area lh Wed Mar 11 10:43:04 CET 2026
#@# pial curv lh Wed Mar 11 10:43:04 CET 2026
#@# pial area lh Wed Mar 11 10:43:04 CET 2026
#@# thickness lh Wed Mar 11 10:43:04 CET 2026
#@# area and vertex vol lh Wed Mar 11 10:43:04 CET 2026
#@# white curv rh Wed Mar 11 10:43:04 CET 2026
#@# white area rh Wed Mar 11 10:43:04 CET 2026
#@# pial curv rh Wed Mar 11 10:43:04 CET 2026
#@# pial area rh Wed Mar 11 10:43:04 CET 2026
#@# thickness rh Wed Mar 11 10:43:04 CET 2026
#@# area and vertex vol rh Wed Mar 11 10:43:04 CET 2026
#@# Cortical ribbon mask Wed Mar 11 10:43:04 CET 2026
recon-all -s sub-v2s15x29737_ses-1 finished without error at Wed Mar 11 10:48:07 CET 2026



#New# invocation of recon-all 



status file for recon-all
Wed Mar 11 10:54:26 CET 2026
#@# white curv lh Wed Mar 11 10:54:26 CET 2026
#@# white area lh Wed Mar 11 10:54:26 CET 2026
#@# pial curv lh Wed Mar 11 10:54:26 CET 2026
#@# pial area lh Wed Mar 11 10:54:26 CET 2026
#@# thickness lh Wed Mar 11 10:54:26 CET 2026
#@# area and vertex vol lh Wed Mar 11 10:54:26 CET 2026
#@# white curv rh Wed Mar 11 10:54:26 CET 2026
#@# white area rh Wed Mar 11 10:54:26 CET 2026
#@# pial curv rh Wed Mar 11 10:54:26 CET 2026
#@# pial area rh Wed Mar 11 10:54:26 CET 2026
#@# thickness rh Wed Mar 11 10:54:26 CET 2026
#@# area and vertex vol rh Wed Mar 11 10:54:26 CET 2026
#@# Curvature Stats lh Wed Mar 11 10:54:26 CET 2026
#@# Curvature Stats rh Wed Mar 11 10:54:29 CET 2026
#@# Relabel Hypointensities Wed Mar 11 10:54:31 CET 2026
#@# APas-to-ASeg Wed Mar 11 10:54:46 CET 2026
#@# AParc-to-ASeg aparc Wed Mar 11 10:54:54 CET 2026
#@# AParc-to-ASeg aparc.a2009s Wed Mar 11 10:55:31 CET 2026
#@# AParc-to-ASeg aparc.DKTatlas Wed Mar 11 10:56:10 CET 2026
#@# WMParc Wed Mar 11 10:56:47 CET 2026
#@# ASeg Stats Wed Mar 11 11:00:25 CET 2026
recon-all -s sub-v2s15x29737_ses-1 finished without error at Wed Mar 11 11:01:06 CET 2026
