status file for recon-all
Wed Mar 11 09:59:41 CET 2026
#@# Tessellate lh Wed Mar 11 09:59:41 CET 2026
#@# Smooth1 lh Wed Mar 11 09:59:45 CET 2026
#@# Inflation1 lh Wed Mar 11 09:59:47 CET 2026
#@# QSphere lh Wed Mar 11 10:00:01 CET 2026
#@# Fix Topology lh Wed Mar 11 10:01:19 CET 2026
#@# Smooth2 lh Wed Mar 11 10:06:29 CET 2026
#@# Inflation2 lh Wed Mar 11 10:06:31 CET 2026
#@# Curv .H and .K lh Wed Mar 11 10:06:47 CET 2026
#@# Sphere lh Wed Mar 11 10:07:28 CET 2026
#@# Surf Reg lh Wed Mar 11 10:10:55 CET 2026
#@# Jacobian white lh Wed Mar 11 10:14:50 CET 2026
#@# AvgCurv lh Wed Mar 11 10:14:51 CET 2026
#@# Cortical Parc lh Wed Mar 11 10:14:51 CET 2026
#@# white curv lh Wed Mar 11 10:21:02 CET 2026
#@# white area lh Wed Mar 11 10:21:03 CET 2026
#@# pial curv lh Wed Mar 11 10:21:04 CET 2026
#@# pial area lh Wed Mar 11 10:21:06 CET 2026
#@# thickness lh Wed Mar 11 10:21:07 CET 2026
#@# area and vertex vol lh Wed Mar 11 10:21:34 CET 2026
#@# Curvature Stats lh Wed Mar 11 10:21:36 CET 2026
#@# Cortical Parc 2 lh Wed Mar 11 10:21:39 CET 2026
#@# Cortical Parc 3 lh Wed Mar 11 10:21:51 CET 2026
#@# WM/GM Contrast lh Wed Mar 11 10:22:00 CET 2026
recon-all -s sub-v2s15x29737_ses-1 finished without error at Wed Mar 11 10:22:03 CET 2026



#New# invocation of recon-all 



status file for recon-all
Wed Mar 11 10:48:12 CET 2026
#@# white curv lh Wed Mar 11 10:48:12 CET 2026
#@# white area lh Wed Mar 11 10:48:12 CET 2026
#@# pial curv lh Wed Mar 11 10:48:12 CET 2026
#@# pial area lh Wed Mar 11 10:48:12 CET 2026
#@# thickness lh Wed Mar 11 10:48:12 CET 2026
#@# area and vertex vol lh Wed Mar 11 10:48:12 CET 2026
#@# Parcellation Stats lh Wed Mar 11 10:48:12 CET 2026
#@# Parcellation Stats 2 lh Wed Mar 11 10:48:28 CET 2026
#@# Parcellation Stats 3 lh Wed Mar 11 10:48:37 CET 2026
#@# BA_exvivo Labels lh Wed Mar 11 10:48:45 CET 2026
recon-all -s sub-v2s15x29737_ses-1 finished without error at Wed Mar 11 10:51:18 CET 2026
