status file for recon-all
Wed Mar 11 10:22:07 CET 2026
#@# Tessellate rh Wed Mar 11 10:22:07 CET 2026
#@# Smooth1 rh Wed Mar 11 10:22:11 CET 2026
#@# Inflation1 rh Wed Mar 11 10:22:13 CET 2026
#@# QSphere rh Wed Mar 11 10:22:25 CET 2026
#@# Fix Topology rh Wed Mar 11 10:23:36 CET 2026
#@# Smooth2 rh Wed Mar 11 10:28:32 CET 2026
#@# Inflation2 rh Wed Mar 11 10:28:35 CET 2026
#@# Curv .H and .K rh Wed Mar 11 10:28:48 CET 2026
#@# Sphere rh Wed Mar 11 10:29:30 CET 2026
#@# Surf Reg rh Wed Mar 11 10:32:00 CET 2026
#@# Jacobian white rh Wed Mar 11 10:35:56 CET 2026
#@# AvgCurv rh Wed Mar 11 10:35:57 CET 2026
#@# Cortical Parc rh Wed Mar 11 10:35:58 CET 2026
#@# white curv rh Wed Mar 11 10:42:00 CET 2026
#@# white area rh Wed Mar 11 10:42:02 CET 2026
#@# pial curv rh Wed Mar 11 10:42:02 CET 2026
#@# pial area rh Wed Mar 11 10:42:04 CET 2026
#@# thickness rh Wed Mar 11 10:42:05 CET 2026
#@# area and vertex vol rh Wed Mar 11 10:42:30 CET 2026
#@# Curvature Stats rh Wed Mar 11 10:42:32 CET 2026
#@# Cortical Parc 2 rh Wed Mar 11 10:42:34 CET 2026
#@# Cortical Parc 3 rh Wed Mar 11 10:42:47 CET 2026
#@# WM/GM Contrast rh Wed Mar 11 10:42:56 CET 2026
recon-all -s sub-v2s15x29737_ses-1 finished without error at Wed Mar 11 10:42:59 CET 2026



#New# invocation of recon-all 



status file for recon-all
Wed Mar 11 10:51:20 CET 2026
#@# white curv rh Wed Mar 11 10:51:20 CET 2026
#@# white area rh Wed Mar 11 10:51:20 CET 2026
#@# pial curv rh Wed Mar 11 10:51:20 CET 2026
#@# pial area rh Wed Mar 11 10:51:20 CET 2026
#@# thickness rh Wed Mar 11 10:51:20 CET 2026
#@# area and vertex vol rh Wed Mar 11 10:51:20 CET 2026
#@# Parcellation Stats rh Wed Mar 11 10:51:20 CET 2026
#@# Parcellation Stats 2 rh Wed Mar 11 10:51:36 CET 2026
#@# Parcellation Stats 3 rh Wed Mar 11 10:51:44 CET 2026
#@# BA_exvivo Labels rh Wed Mar 11 10:51:52 CET 2026
recon-all -s sub-v2s15x29737_ses-1 finished without error at Wed Mar 11 10:54:22 CET 2026
