status file for recon-all
Wed Mar 11 09:43:32 CET 2026
#@# Tessellate rh Wed Mar 11 09:43:32 CET 2026
#@# Smooth1 rh Wed Mar 11 09:43:35 CET 2026
#@# Inflation1 rh Wed Mar 11 09:43:38 CET 2026
#@# QSphere rh Wed Mar 11 09:43:47 CET 2026
#@# Fix Topology rh Wed Mar 11 09:44:45 CET 2026
#@# Smooth2 rh Wed Mar 11 09:50:03 CET 2026
#@# Inflation2 rh Wed Mar 11 09:50:06 CET 2026
#@# Curv .H and .K rh Wed Mar 11 09:50:16 CET 2026
#@# Sphere rh Wed Mar 11 09:51:02 CET 2026
#@# Surf Reg rh Wed Mar 11 09:52:48 CET 2026
#@# Jacobian white rh Wed Mar 11 09:56:27 CET 2026
#@# AvgCurv rh Wed Mar 11 09:56:28 CET 2026
#@# Cortical Parc rh Wed Mar 11 09:56:28 CET 2026
#@# white curv rh Wed Mar 11 10:02:23 CET 2026
#@# white area rh Wed Mar 11 10:02:25 CET 2026
#@# pial curv rh Wed Mar 11 10:02:25 CET 2026
#@# pial area rh Wed Mar 11 10:02:27 CET 2026
#@# thickness rh Wed Mar 11 10:02:27 CET 2026
#@# area and vertex vol rh Wed Mar 11 10:02:56 CET 2026
#@# Curvature Stats rh Wed Mar 11 10:02:57 CET 2026
#@# Cortical Parc 2 rh Wed Mar 11 10:02:59 CET 2026
#@# Cortical Parc 3 rh Wed Mar 11 10:03:12 CET 2026
#@# WM/GM Contrast rh Wed Mar 11 10:03:22 CET 2026
recon-all -s sub-v2s15x29733_ses-1 finished without error at Wed Mar 11 10:03:24 CET 2026



#New# invocation of recon-all 



status file for recon-all
Wed Mar 11 10:11:10 CET 2026
#@# white curv rh Wed Mar 11 10:11:10 CET 2026
#@# white area rh Wed Mar 11 10:11:10 CET 2026
#@# pial curv rh Wed Mar 11 10:11:10 CET 2026
#@# pial area rh Wed Mar 11 10:11:10 CET 2026
#@# thickness rh Wed Mar 11 10:11:10 CET 2026
#@# area and vertex vol rh Wed Mar 11 10:11:10 CET 2026
#@# Parcellation Stats rh Wed Mar 11 10:11:10 CET 2026
#@# Parcellation Stats 2 rh Wed Mar 11 10:11:28 CET 2026
#@# Parcellation Stats 3 rh Wed Mar 11 10:11:37 CET 2026
#@# BA_exvivo Labels rh Wed Mar 11 10:11:45 CET 2026
recon-all -s sub-v2s15x29733_ses-1 finished without error at Wed Mar 11 10:14:02 CET 2026
