status file for recon-all
Wed Mar 11 09:24:32 CET 2026
#@# Tessellate lh Wed Mar 11 09:24:32 CET 2026
#@# Smooth1 lh Wed Mar 11 09:24:35 CET 2026
#@# Inflation1 lh Wed Mar 11 09:24:38 CET 2026
#@# QSphere lh Wed Mar 11 09:24:48 CET 2026
#@# Fix Topology lh Wed Mar 11 09:25:52 CET 2026
#@# Smooth2 lh Wed Mar 11 09:30:58 CET 2026
#@# Inflation2 lh Wed Mar 11 09:31:00 CET 2026
#@# Curv .H and .K lh Wed Mar 11 09:31:11 CET 2026
#@# Sphere lh Wed Mar 11 09:31:56 CET 2026
#@# Surf Reg lh Wed Mar 11 09:33:27 CET 2026
#@# Jacobian white lh Wed Mar 11 09:36:36 CET 2026
#@# AvgCurv lh Wed Mar 11 09:36:36 CET 2026
#@# Cortical Parc lh Wed Mar 11 09:36:37 CET 2026
#@# white curv lh Wed Mar 11 09:42:27 CET 2026
#@# white area lh Wed Mar 11 09:42:28 CET 2026
#@# pial curv lh Wed Mar 11 09:42:29 CET 2026
#@# pial area lh Wed Mar 11 09:42:30 CET 2026
#@# thickness lh Wed Mar 11 09:42:31 CET 2026
#@# area and vertex vol lh Wed Mar 11 09:43:00 CET 2026
#@# Curvature Stats lh Wed Mar 11 09:43:01 CET 2026
#@# Cortical Parc 2 lh Wed Mar 11 09:43:04 CET 2026
#@# Cortical Parc 3 lh Wed Mar 11 09:43:16 CET 2026
#@# WM/GM Contrast lh Wed Mar 11 09:43:26 CET 2026
recon-all -s sub-v2s15x29733_ses-1 finished without error at Wed Mar 11 09:43:29 CET 2026



#New# invocation of recon-all 



status file for recon-all
Wed Mar 11 10:08:10 CET 2026
#@# white curv lh Wed Mar 11 10:08:10 CET 2026
#@# white area lh Wed Mar 11 10:08:10 CET 2026
#@# pial curv lh Wed Mar 11 10:08:10 CET 2026
#@# pial area lh Wed Mar 11 10:08:10 CET 2026
#@# thickness lh Wed Mar 11 10:08:10 CET 2026
#@# area and vertex vol lh Wed Mar 11 10:08:10 CET 2026
#@# Parcellation Stats lh Wed Mar 11 10:08:10 CET 2026
#@# Parcellation Stats 2 lh Wed Mar 11 10:08:28 CET 2026
#@# Parcellation Stats 3 lh Wed Mar 11 10:08:37 CET 2026
#@# BA_exvivo Labels lh Wed Mar 11 10:08:46 CET 2026
recon-all -s sub-v2s15x29733_ses-1 finished without error at Wed Mar 11 10:11:05 CET 2026
