/out/sourcedata/freesurfer/sub-v2s15x29748_ses-1/mri
/opt/freesurfer/bin/talairach_avi
--i orig_nu.mgz --xfm transforms/talairach.auto.xfm
talairach_avi 7.3.2
Linux dna052 5.14.0-427.37.1.el9_4.x86_64 #1 SMP PREEMPT_DYNAMIC Fri Sep 13 12:41:50 EDT 2024 x86_64 x86_64 x86_64 GNU/Linux
Wed Mar 11 08:50:39 CET 2026
mri_convert orig_nu.mgz talsrcimg.img 
reading from orig_nu.mgz...
TR=0.00, TE=0.00, TI=0.00, flip angle=0.00
i_ras = (-1, 0, 0)
j_ras = (0, 0, -1)
k_ras = (0, 1, 0)
writing to talsrcimg.img...
Analyze Output Matrix
-1.00000   0.00000   0.00000   127.17854;
 0.00000   0.00000   1.00000  -126.79465;
 0.00000  -1.00000   0.00000   144.52785;
 0.00000   0.00000   0.00000   1.00000;
--------------------
INFO: set hdr.hist.orient to -1
mpr2mni305 talsrcimg
Wed Mar 11 08:50:39 CET 2026
/opt/freesurfer/bin/mpr2mni305 talsrcimg
mpr2mni305 7.3.2
target=711-2C_as_mni_average_305

---------------------------------------------------------------------
analyzeto4dfp talsrcimg -O0 -y
---------------------------------------------------------------------

freesurfer ifh2hdr.c
Wed Mar 11 08:50:40 2026
Writing: talsrcimg.4dfp.hdr
freesurfer analyzeto4dfp.c
Reading: talsrcimg.hdr
header size 348 bytes
hdr.dime.datatype	offset=70	value=2
hdr.dime.bitpix		offset=72	value=8
hdr.hist.orient		offset=252	value=-1
dimensionality     4
dimensions       256       256       256         1
Reading: talsrcimg.img
Writing: talsrcimg.4dfp.img
Writing: talsrcimg.4dfp.ifh
ifh2hdr talsrcimg -r0to235
ori=2

---------------------------------------------------------------------
gauss_4dfp talsrcimg 1.1
---------------------------------------------------------------------

freesurfer gauss_4dfp.c
Reading: talsrcimg.4dfp.img
Writing: talsrcimg_g11.4dfp.img
image dimensions 256 256 256 padded to 288 288 288
processing volume 1freesurfer ifh2hdr.c
Wed Mar 11 08:50:41 2026
Writing: talsrcimg_g11.4dfp.hdr

Writing: talsrcimg_g11.4dfp.ifh
including: talsrcimg.4dfp.img.rec in talsrcimg_g11.4dfp.img.rec

---------------------------------------------------------------------
imgreg_4dfp /opt/freesurfer/average/711-2C_as_mni_average_305 none talsrcimg_g11 none talsrcimg_to_711-2C_as_mni_average_305_t4 4355
---------------------------------------------------------------------

freesurfer imgreg_4dfp.c
/opt/freesurfer/average/711-2C_as_mni_average_305.4dfp.img
       256       256       256         1
  1.000000  1.000000  1.000000
orientation T byte_order littleendian
Reading image: /opt/freesurfer/average/711-2C_as_mni_average_305.4dfp.img
dimensions:      256       256       256
mmppix:       1.0000   -1.0000   -1.0000
center:     128.0000 -129.0000 -129.0000
talsrcimg_g11.4dfp.img
       256       256       256         1
  1.000000  1.000000  1.000000
orientation T byte_order littleendian
Reading image: talsrcimg_g11.4dfp.img
dimensions:      256       256       256
mmppix:       1.0000   -1.0000   -1.0000
center:     128.0000 -129.0000 -129.0000
t4_read: open error in t4_sub.f l:  41 t4_file(1:l)talsrcimg_to_711-2C_as_mni_average_305_t4 
t4_read: transform initialized to I4
rotation matrix determinant  1.000000
image alignment mode   4355 decimal     1103 hex
   -7.5000  -45.0000  -45.0000 7614.7656   21.8475
    0.0000  -45.0000  -45.0000 8007.4561   21.8825
    7.5000  -45.0000  -45.0000 7716.9526   21.8644
   -7.5000  -37.5000  -45.0000 8191.8657   21.7025
    0.0000  -37.5000  -45.0000 8600.2773   21.7336
    7.5000  -37.5000  -45.0000 8279.9014   21.7224
   -7.5000  -30.0000  -45.0000 9153.3223   21.6445
    0.0000  -30.0000  -45.0000 9603.9043   21.6647
    7.5000  -30.0000  -45.0000 9247.6064   21.6428
   -7.5000  -22.5000  -45.000010004.2031   21.6202
    0.0000  -22.5000  -45.000010483.8525   21.6335
    7.5000  -22.5000  -45.000010099.8115   21.5942
   -7.5000  -15.0000  -45.000010713.2402   21.6486
    0.0000  -15.0000  -45.000011231.8604   21.6656
    7.5000  -15.0000  -45.000010793.6367   21.6202
   -7.5000   -7.5000  -45.000011373.5713   21.7057
    0.0000   -7.5000  -45.000011912.2607   21.7329
    7.5000   -7.5000  -45.000011437.8779   21.6982
   -7.5000    0.0000  -45.000011906.0947   21.7352
    0.0000    0.0000  -45.000012453.3652   21.7697
    7.5000    0.0000  -45.000011978.7080   21.7517
   -7.5000    7.5000  -45.000011631.4141   21.7024
    0.0000    7.5000  -45.000012175.4893   21.7336
    7.5000    7.5000  -45.000011696.6172   21.7223
   -7.5000   15.0000  -45.000011379.0205   21.6445
    0.0000   15.0000  -45.000011873.6660   21.6647
    7.5000   15.0000  -45.000011399.0830   21.6428
   -7.5000   22.5000  -45.000010955.6406   21.6172
    0.0000   22.5000  -45.000011381.7236   21.6305
    7.5000   22.5000  -45.000010928.9717   21.5912
   -7.5000   30.0000  -45.000010134.7490   21.3601
    0.0000   30.0000  -45.000010493.5547   21.3769
    7.5000   30.0000  -45.000010056.7334   21.3321
   -7.5000   37.5000  -45.0000 9644.8652   21.4164
    0.0000   37.5000  -45.0000 9987.3750   21.4432
    7.5000   37.5000  -45.0000 9542.4385   21.4090
   -7.5000   45.0000  -45.0000 8788.8418   20.9010
    0.0000   45.0000  -45.0000 9125.9238   20.9342
    7.5000   45.0000  -45.0000 8716.5420   20.9169
   -7.5000  -45.0000  -37.5000 8115.3125   21.7541
    0.0000  -45.0000  -37.5000 8542.0859   21.7724
    7.5000  -45.0000  -37.5000 8206.5625   21.7364
   -7.5000  -37.5000  -37.5000 8707.4277   21.6070
    0.0000  -37.5000  -37.5000 9148.9561   21.6168
    7.5000  -37.5000  -37.5000 8794.0762   21.5861
   -7.5000  -30.0000  -37.5000 9696.3018   21.5525
    0.0000  -30.0000  -37.500010181.3242   21.5501
    7.5000  -30.0000  -37.5000 9803.5967   21.5140
   -7.5000  -22.5000  -37.500010590.5596   21.5366
    0.0000  -22.5000  -37.500011105.6689   21.5295
    7.5000  -22.5000  -37.500010703.0781   21.4824
   -7.5000  -15.0000  -37.500011373.8008   21.5669
    0.0000  -15.0000  -37.500011924.4072   21.5671
    7.5000  -15.0000  -37.500011461.0645   21.5165
   -7.5000   -7.5000  -37.500012037.8613   21.6184
    0.0000   -7.5000  -37.500012625.8252   21.6316
    7.5000   -7.5000  -37.500012126.3379   21.5868
   -7.5000    0.0000  -37.500012587.8701   21.6425
    0.0000    0.0000  -37.500013165.4141   21.6605
    7.5000    0.0000  -37.500012637.4863   21.6248
   -7.5000    7.5000  -37.500012279.1943   21.6070
    0.0000    7.5000  -37.500012826.9375   21.6168
    7.5000    7.5000  -37.500012318.0791   21.5861
   -7.5000   15.0000  -37.500012025.8955   21.5525
    0.0000   15.0000  -37.500012516.9609   21.5501
    7.5000   15.0000  -37.500012016.6875   21.5140
   -7.5000   22.5000  -37.500011560.9434   21.5336
    0.0000   22.5000  -37.500012004.1025   21.5265
    7.5000   22.5000  -37.500011492.1143   21.4794
   -7.5000   30.0000  -37.500010690.4102   21.2795
    0.0000   30.0000  -37.500011070.7266   21.2797
    7.5000   30.0000  -37.500010569.7188   21.2298
   -7.5000   37.5000  -37.500010148.0273   21.3303
    0.0000   37.5000  -37.500010502.3330   21.3433
    7.5000   37.5000  -37.500010031.2666   21.2992
   -7.5000   45.0000  -37.5000 9192.1924   20.8119
    0.0000   45.0000  -37.5000 9548.3320   20.8291
    7.5000   45.0000  -37.5000 9117.4639   20.7949
   -7.5000  -45.0000  -30.0000 8762.2393   22.6272
    0.0000  -45.0000  -30.0000 9185.9893   22.6238
    7.5000  -45.0000  -30.0000 8831.7207   22.5929
   -7.5000  -37.5000  -30.0000 9380.9189   22.4680
    0.0000  -37.5000  -30.0000 9809.6025   22.4549
    7.5000  -37.5000  -30.0000 9452.2949   22.4250
   -7.5000  -30.0000  -30.000010407.9756   22.4008
    0.0000  -30.0000  -30.000010901.1562   22.3757
    7.5000  -30.0000  -30.000010506.9170   22.3448
   -7.5000  -22.5000  -30.000011344.5156   22.3815
    0.0000  -22.5000  -30.000011867.3691   22.3524
    7.5000  -22.5000  -30.000011450.2432   22.3192
   -7.5000  -15.0000  -30.000012183.4326   22.4169
    0.0000  -15.0000  -30.000012753.3506   22.3960
    7.5000  -15.0000  -30.000012272.8965   22.3647
   -7.5000   -7.5000  -30.000012921.2861   22.4795
    0.0000   -7.5000  -30.000013528.5859   22.4722
    7.5000   -7.5000  -30.000012973.7715   22.4424
   -7.5000    0.0000  -30.000013537.5186   22.5114
    0.0000    0.0000  -30.000014110.1074   22.5077
    7.5000    0.0000  -30.000013510.2422   22.4769
   -7.5000    7.5000  -30.000013184.8516   22.4679
    0.0000    7.5000  -30.000013739.2080   22.4548
    7.5000    7.5000  -30.000013162.4434   22.4249
   -7.5000   15.0000  -30.000012844.0381   22.4008
    0.0000   15.0000  -30.000013403.5068   22.3757
    7.5000   15.0000  -30.000012828.8701   22.3448
   -7.5000   22.5000  -30.000012299.4609   22.3762
    0.0000   22.5000  -30.000012793.4473   22.3471
    7.5000   22.5000  -30.000012201.3828   22.3138
   -7.5000   30.0000  -30.000011343.9844   22.1202
    0.0000   30.0000  -30.000011767.1553   22.0997
    7.5000   30.0000  -30.000011205.8018   22.0688
   -7.5000   37.5000  -30.000010777.1611   22.1821
    0.0000   37.5000  -30.000011165.8564   22.1749
    7.5000   37.5000  -30.000010623.5156   22.1454
   -7.5000   45.0000  -30.0000 9761.5557   21.6633
    0.0000   45.0000  -30.000010127.9385   21.6598
    7.5000   45.0000  -30.0000 9642.8369   21.6301
   -7.5000  -45.0000  -22.5000 9408.8525   23.3910
    0.0000  -45.0000  -22.5000 9805.6240   23.3839
    7.5000  -45.0000  -22.5000 9437.5439   23.3827
   -7.5000  -37.5000  -22.500010043.9619   23.2221
    0.0000  -37.5000  -22.500010482.3125   23.2100
    7.5000  -37.5000  -22.500010121.2910   23.2077
   -7.5000  -30.0000  -22.500011119.2061   23.1377
    0.0000  -30.0000  -22.500011615.0430   23.1154
    7.5000  -30.0000  -22.500011195.9502   23.1119
   -7.5000  -22.5000  -22.500012105.5859   23.1067
    0.0000  -22.5000  -22.500012651.5693   23.0779
    7.5000  -22.5000  -22.500012209.5908   23.0747
   -7.5000  -15.0000  -22.500013004.7959   23.1469
    0.0000  -15.0000  -22.500013595.7197   23.1217
    7.5000  -15.0000  -22.500013112.4541   23.1233
   -7.5000   -7.5000  -22.500013817.6006   23.2272
    0.0000   -7.5000  -22.500014416.8730   23.2135
    7.5000   -7.5000  -22.500013817.7148   23.2157
   -7.5000    0.0000  -22.500014502.7578   23.2715
    0.0000    0.0000  -22.500015058.9873   23.2642
    7.5000    0.0000  -22.500014403.4873   23.2627
   -7.5000    7.5000  -22.500014079.2656   23.2220
    0.0000    7.5000  -22.500014647.9746   23.2099
    7.5000    7.5000  -22.500014035.8311   23.2076
   -7.5000   15.0000  -22.500013637.7100   23.1377
    0.0000   15.0000  -22.500014214.9561   23.1154
    7.5000   15.0000  -22.500013637.0244   23.1119
   -7.5000   22.5000  -22.500013006.1240   23.0996
    0.0000   22.5000  -22.500013533.0850   23.0708
    7.5000   22.5000  -22.500012917.7217   23.0676
   -7.5000   30.0000  -22.500011992.7920   22.8441
    0.0000   30.0000  -22.500012469.7705   22.8193
    7.5000   30.0000  -22.500011888.2412   22.8208
   -7.5000   37.5000  -22.500011412.4258   22.9234
    0.0000   37.5000  -22.500011850.3018   22.9099
    7.5000   37.5000  -22.500011258.8184   22.9120
   -7.5000   45.0000  -22.500010347.6494   22.4116
    0.0000   45.0000  -22.500010692.7793   22.4045
    7.5000   45.0000  -22.500010184.0127   22.4031
   -7.5000  -45.0000  -15.000010041.3262   23.9739
    0.0000  -45.0000  -15.000010472.9062   23.9844
    7.5000  -45.0000  -15.000010088.6406   24.0075
   -7.5000  -37.5000  -15.000010729.6035   23.8032
    0.0000  -37.5000  -15.000011209.2939   23.8130
    7.5000  -37.5000  -15.000010793.1895   23.8357
   -7.5000  -30.0000  -15.000011835.4316   23.7137
    0.0000  -30.0000  -15.000012345.1582   23.7142
    7.5000  -30.0000  -15.000011885.8867   23.7308
   -7.5000  -22.5000  -15.000012852.8730   23.6749
    0.0000  -22.5000  -15.000013440.6309   23.6671
    7.5000  -22.5000  -15.000012960.6826   23.6782
   -7.5000  -15.0000  -15.000013812.5166   23.7159
    0.0000  -15.0000  -15.000014456.1299   23.7082
    7.5000  -15.0000  -15.000013888.6484   23.7223
   -7.5000   -7.5000  -15.000014655.4229   23.8029
    0.0000   -7.5000  -15.000015231.3232   23.8040
    7.5000   -7.5000  -15.000014614.1436   23.8233
   -7.5000    0.0000  -15.000015320.7803   23.8515
    0.0000    0.0000  -15.000015892.2227   23.8615
    7.5000    0.0000  -15.000015225.6582   23.8841
   -7.5000    7.5000  -15.000014847.7080   23.8031
    0.0000    7.5000  -15.000015450.9629   23.8129
    7.5000    7.5000  -15.000014817.7344   23.8356
   -7.5000   15.0000  -15.000014402.1025   23.7137
    0.0000   15.0000  -15.000015002.4307   23.7142
    7.5000   15.0000  -15.000014393.6299   23.7308
   -7.5000   22.5000  -15.000013658.5732   23.6666
    0.0000   22.5000  -15.000014194.0215   23.6587
    7.5000   22.5000  -15.000013572.4014   23.6698
   -7.5000   30.0000  -15.000012614.6035   23.4090
    0.0000   30.0000  -15.000013086.2959   23.4014
    7.5000   30.0000  -15.000012518.1279   23.4153
   -7.5000   37.5000  -15.000012022.2598   23.4949
    0.0000   37.5000  -15.000012437.7588   23.4959
    7.5000   37.5000  -15.000011857.1270   23.5150
   -7.5000   45.0000  -15.000010898.9873   22.9840
    0.0000   45.0000  -15.000011231.2598   22.9937
    7.5000   45.0000  -15.000010718.1758   23.0155
   -7.5000  -45.0000   -7.500010719.9736   24.3017
    0.0000  -45.0000   -7.500011201.9365   24.3356
    7.5000  -45.0000   -7.500010762.2090   24.3488
   -7.5000  -37.5000   -7.500011428.1855   24.1362
    0.0000  -37.5000   -7.500011930.2168   24.1693
    7.5000  -37.5000   -7.500011477.4473   24.1862
   -7.5000  -30.0000   -7.500012595.9854   24.0575
    0.0000  -30.0000   -7.500013116.7666   24.0808
    7.5000  -30.0000   -7.500012674.1152   24.0857
   -7.5000  -22.5000   -7.500013689.4053   24.0212
    0.0000  -22.5000   -7.500014308.8555   24.0363
    7.5000  -22.5000   -7.500013776.0371   24.0258
   -7.5000  -15.0000   -7.500014703.2334   24.0572
    0.0000  -15.0000   -7.500015310.0547   24.0732
    7.5000  -15.0000   -7.500014712.0938   24.0602
   -7.5000   -7.5000   -7.500015462.3086   24.1349
    0.0000   -7.5000   -7.500016028.4375   24.1593
    7.5000   -7.5000   -7.500015446.9463   24.1576
   -7.5000    0.0000   -7.500016076.0273   24.1773
    0.0000    0.0000   -7.500016721.6641   24.2108
    7.5000    0.0000   -7.500016122.7334   24.2236
   -7.5000    7.5000   -7.500015613.7188   24.1361
    0.0000    7.5000   -7.500016300.6162   24.1692
    7.5000    7.5000   -7.500015708.0156   24.1861
   -7.5000   15.0000   -7.500015203.0068   24.0575
    0.0000   15.0000   -7.500015849.6182   24.0808
    7.5000   15.0000   -7.500015252.0010   24.0857
   -7.5000   22.5000   -7.500014317.3594   24.0101
    0.0000   22.5000   -7.500014878.9766   24.0252
    7.5000   22.5000   -7.500014266.7979   24.0147
   -7.5000   30.0000   -7.500013229.3545   23.7453
    0.0000   30.0000   -7.500013720.0693   23.7611
    7.5000   30.0000   -7.500013158.0859   23.7481
   -7.5000   37.5000   -7.500012661.7520   23.8219
    0.0000   37.5000   -7.500013093.4150   23.8460
    7.5000   37.5000   -7.500012516.9824   23.8443
   -7.5000   45.0000   -7.500011467.2373   23.3024
    0.0000   45.0000   -7.500011819.0303   23.3347
    7.5000   45.0000   -7.500011303.6113   23.3470
   -7.5000  -45.0000    0.000011217.8574   24.3728
    0.0000  -45.0000    0.000011742.4170   24.4132
    7.5000  -45.0000    0.000011303.0166   24.3947
   -7.5000  -37.5000    0.000011954.6396   24.2110
    0.0000  -37.5000    0.000012495.9873   24.2470
    7.5000  -37.5000    0.000012027.8223   24.2362
   -7.5000  -30.0000    0.000013215.1572   24.1465
    0.0000  -30.0000    0.000013785.6318   24.1704
    7.5000  -30.0000    0.000013277.0459   24.1478
   -7.5000  -22.5000    0.000014429.5840   24.1202
    0.0000  -22.5000    0.000015070.6943   24.1366
    7.5000  -22.5000    0.000014427.2920   24.0945
   -7.5000  -15.0000    0.000015278.6699   24.1524
    0.0000  -15.0000    0.000015892.1328   24.1729
    7.5000  -15.0000    0.000015339.5537   24.1240
   -7.5000   -7.5000    0.000015909.5742   24.2158
    0.0000   -7.5000    0.000016520.7812   24.2475
    7.5000   -7.5000    0.000016089.9844   24.2106
   -7.5000    0.0000    0.000016604.6230   24.2479
    0.0000    0.0000    0.000017355.5723   24.2877
    7.5000    0.0000    0.000016863.3125   24.2694
   -7.5000    7.5000    0.000016207.1045   24.2109
    0.0000    7.5000    0.000016986.4160   24.2470
    7.5000    7.5000    0.000016452.4023   24.2361
   -7.5000   15.0000    0.000015835.8721   24.1465
    0.0000   15.0000    0.000016540.7168   24.1704
    7.5000   15.0000    0.000015985.0342   24.1478
   -7.5000   22.5000    0.000014865.2715   24.1090
    0.0000   22.5000    0.000015451.4541   24.1254
    7.5000   22.5000    0.000014878.8662   24.0834
   -7.5000   30.0000    0.000013758.1611   23.8399
    0.0000   30.0000    0.000014252.2148   23.8600
    7.5000   30.0000    0.000013692.6865   23.8118
   -7.5000   37.5000    0.000013179.8057   23.9024
    0.0000   37.5000    0.000013610.4775   23.9337
    7.5000   37.5000    0.000013051.7051   23.8972
   -7.5000   45.0000    0.000011961.4326   23.3722
    0.0000   45.0000    0.000012339.0156   23.4106
    7.5000   45.0000    0.000011806.8652   23.3929
   -7.5000  -45.0000    7.500010905.2461   24.3410
    0.0000  -45.0000    7.500011387.6152   24.3616
    7.5000  -45.0000    7.500010947.8154   24.3214
   -7.5000  -37.5000    7.500011623.3965   24.1765
    0.0000  -37.5000    7.500012106.8389   24.1875
    7.5000  -37.5000    7.500011639.5771   24.1532
   -7.5000  -30.0000    7.500012852.5391   24.1155
    0.0000  -30.0000    7.500013390.7676   24.1128
    7.5000  -30.0000    7.500012816.9873   24.0725
   -7.5000  -22.5000    7.500014013.3145   24.0976
    0.0000  -22.5000    7.500014613.7363   24.0897
    7.5000  -22.5000    7.500013978.0840   24.0371
   -7.5000  -15.0000    7.500014768.0850   24.1316
    0.0000  -15.0000    7.500015258.1572   24.1319
    7.5000  -15.0000    7.500014826.6025   24.0753
   -7.5000   -7.5000    7.500015336.3164   24.1892
    0.0000   -7.5000    7.500015783.7656   24.2040
    7.5000   -7.5000    7.500015444.9590   24.1540
   -7.5000    0.0000    7.500016052.7510   24.2163
    0.0000    0.0000    7.500016603.0527   24.2364
    7.5000    0.0000    7.500016182.3457   24.1965
   -7.5000    7.5000    7.500015692.3418   24.1764
    0.0000    7.5000    7.500016257.9121   24.1874
    7.5000    7.5000    7.500015830.4385   24.1531
   -7.5000   15.0000    7.500015349.4756   24.1155
    0.0000   15.0000    7.500015895.0928   24.1128
    7.5000   15.0000    7.500015436.7070   24.0725
   -7.5000   22.5000    7.500014381.4932   24.0865
    0.0000   22.5000    7.500014862.6104   24.0786
    7.5000   22.5000    7.500014381.5254   24.0260
   -7.5000   30.0000    7.500013304.5264   23.8193
    0.0000   30.0000    7.500013772.5771   23.8196
    7.5000   30.0000    7.500013262.4590   23.7637
   -7.5000   37.5000    7.500012742.0986   23.8762
    0.0000   37.5000    7.500013197.3701   23.8908
    7.5000   37.5000    7.500012680.3330   23.8414
   -7.5000   45.0000    7.500011544.6621   23.3417
    0.0000   45.0000    7.500011951.6816   23.3611
    7.5000   45.0000    7.500011458.7334   23.3227
   -7.5000  -45.0000   15.000010406.9326   24.2996
    0.0000  -45.0000   15.000010879.0400   24.2965
    7.5000  -45.0000   15.000010433.5381   24.2634
   -7.5000  -37.5000   15.000011102.0332   24.1287
    0.0000  -37.5000   15.000011560.4385   24.1150
    7.5000  -37.5000   15.000011104.5205   24.0830
   -7.5000  -30.0000   15.000012237.7246   24.0565
    0.0000  -30.0000   15.000012744.0713   24.0299
    7.5000  -30.0000   15.000012233.6240   23.9970
   -7.5000  -22.5000   15.000013342.9170   24.0358
    0.0000  -22.5000   15.000013916.6709   24.0050
    7.5000  -22.5000   15.000013353.3086   23.9693
   -7.5000  -15.0000   15.000014227.6230   24.0737
    0.0000  -15.0000   15.000014683.7422   24.0518
    7.5000  -15.0000   15.000014222.1182   24.0183
   -7.5000   -7.5000   15.000014937.2607   24.1410
    0.0000   -7.5000   15.000015203.5830   24.1337
    7.5000   -7.5000   15.000014795.3447   24.1017
   -7.5000    0.0000   15.000015632.4932   24.1753
    0.0000    0.0000   15.000015905.6396   24.1718
    7.5000    0.0000   15.000015429.1895   24.1389
   -7.5000    7.5000   15.000015272.1484   24.1286
    0.0000    7.5000   15.000015630.8545   24.1149
    7.5000    7.5000   15.000015169.8418   24.0830
   -7.5000   15.0000   15.000014897.6689   24.0565
    0.0000   15.0000   15.000015379.5723   24.0299
    7.5000   15.0000   15.000014889.2451   23.9970
   -7.5000   22.5000   15.000013873.8984   24.0247
    0.0000   22.5000   15.000014353.9307   23.9939
    7.5000   22.5000   15.000013842.2148   23.9583
   -7.5000   30.0000   15.000012761.0947   23.7622
    0.0000   30.0000   15.000013243.8252   23.7405
    7.5000   30.0000   15.000012751.9814   23.7075
   -7.5000   37.5000   15.000012133.3896   23.8286
    0.0000   37.5000   15.000012586.6992   23.8213
    7.5000   37.5000   15.000012151.5322   23.7898
   -7.5000   45.0000   15.000010962.1016   23.3022
    0.0000   45.0000   15.000011377.1396   23.2988
    7.5000   45.0000   15.000010993.7070   23.2671
   -7.5000  -45.0000   22.5000 9866.1504   24.3523
    0.0000  -45.0000   22.500010267.7266   24.3464
    7.5000  -45.0000   22.5000 9865.0117   24.3451
   -7.5000  -37.5000   22.500010517.2646   24.1764
    0.0000  -37.5000   22.500010919.3936   24.1651
    7.5000  -37.5000   22.500010500.8955   24.1627
   -7.5000  -30.0000   22.500011550.3447   24.0878
    0.0000  -30.0000   22.500012026.7812   24.0659
    7.5000  -30.0000   22.500011567.2012   24.0623
   -7.5000  -22.5000   22.500012561.3330   24.0546
    0.0000  -22.5000   22.500013093.8047   24.0259
    7.5000  -22.5000   22.500012627.1963   24.0225
   -7.5000  -15.0000   22.500013458.7715   24.0961
    0.0000  -15.0000   22.500014004.6348   24.0712
    7.5000  -15.0000   22.500013517.8779   24.0729
   -7.5000   -7.5000   22.500014262.3057   24.1804
    0.0000   -7.5000   22.500014781.2402   24.1675
    7.5000   -7.5000   22.500014277.5488   24.1698
   -7.5000    0.0000   22.500014964.7734   24.2275
    0.0000    0.0000   22.500015519.9619   24.2213
    7.5000    0.0000   22.500014955.7314   24.2197
   -7.5000    7.5000   22.500014590.7842   24.1763
    0.0000    7.5000   22.500015150.1787   24.1650
    7.5000    7.5000   22.500014588.4590   24.1626
   -7.5000   15.0000   22.500014161.0488   24.0878
    0.0000   15.0000   22.500014735.7480   24.0659
    7.5000   15.0000   22.500014173.4795   24.0623
   -7.5000   22.5000   22.500013109.4590   24.0435
    0.0000   22.5000   22.500013629.7207   24.0148
    7.5000   22.5000   22.500013096.1309   24.0114
   -7.5000   30.0000   22.500012054.7529   23.7842
    0.0000   30.0000   22.500012542.4707   23.7597
    7.5000   30.0000   22.500012047.0215   23.7613
   -7.5000   37.5000   22.500011427.4062   23.8675
    0.0000   37.5000   22.500011899.4912   23.8548
    7.5000   37.5000   22.500011411.7764   23.8570
   -7.5000   45.0000   22.500010341.5576   23.3525
    0.0000   45.0000   22.500010764.3047   23.3465
    7.5000   45.0000   22.500010305.1230   23.3450
   -7.5000  -45.0000   30.0000 9196.2441   24.5274
    0.0000  -45.0000   30.0000 9555.2354   24.5402
    7.5000  -45.0000   30.0000 9141.7891   24.5648
   -7.5000  -37.5000   30.0000 9798.5410   24.3529
    0.0000  -37.5000   30.000010199.9463   24.3649
    7.5000  -37.5000   30.0000 9765.3145   24.3891
   -7.5000  -30.0000   30.000010784.2842   24.2604
    0.0000  -30.0000   30.000011253.2734   24.2628
    7.5000  -30.0000   30.000010770.6582   24.2806
   -7.5000  -22.5000   30.000011756.6416   24.2186
    0.0000  -22.5000   30.000012312.8584   24.2124
    7.5000  -22.5000   30.000011775.4521   24.2246
   -7.5000  -15.0000   30.000012625.5254   24.2591
    0.0000  -15.0000   30.000013220.9434   24.2532
    7.5000  -15.0000   30.000012642.6621   24.2685
   -7.5000   -7.5000   30.000013353.6768   24.3492
    0.0000   -7.5000   30.000013963.5645   24.3523
    7.5000   -7.5000   30.000013327.3994   24.3731
   -7.5000    0.0000   30.000013943.2598   24.4011
    0.0000    0.0000   30.000014558.4873   24.4135
    7.5000    0.0000   30.000013933.6016   24.4376
   -7.5000    7.5000   30.000013557.1553   24.3528
    0.0000    7.5000   30.000014138.4580   24.3648
    7.5000    7.5000   30.000013583.6143   24.3890
   -7.5000   15.0000   30.000013125.0928   24.2604
    0.0000   15.0000   30.000013691.6621   24.2628
    7.5000   15.0000   30.000013189.1709   24.2806
   -7.5000   22.5000   30.000012156.6992   24.2074
    0.0000   22.5000   30.000012648.2969   24.2012
    7.5000   22.5000   30.000012189.4795   24.2134
   -7.5000   30.0000   30.000011230.2500   23.9452
    0.0000   30.0000   30.000011656.6191   23.9393
    7.5000   30.0000   30.000011223.6143   23.9544
   -7.5000   37.5000   30.000010678.9717   24.0341
    0.0000   37.5000   30.000011053.0742   24.0371
    7.5000   37.5000   30.000010650.8750   24.0576
   -7.5000   45.0000   30.0000 9665.4541   23.5198
    0.0000   45.0000   30.000010002.8906   23.5318
    7.5000   45.0000   30.0000 9620.0654   23.5550
   -7.5000  -45.0000   37.5000 8811.0078   24.8577
    0.0000  -45.0000   37.5000 9179.0820   24.8944
    7.5000  -45.0000   37.5000 8793.3125   24.9098
   -7.5000  -37.5000   37.5000 9420.3438   24.6918
    0.0000  -37.5000   37.5000 9821.8086   24.7279
    7.5000  -37.5000   37.5000 9398.8320   24.7472
   -7.5000  -30.0000   37.500010419.6299   24.6106
    0.0000  -30.0000   37.500010867.8428   24.6362
    7.5000  -30.0000   37.500010373.4336   24.6429
   -7.5000  -22.5000   37.500011333.0928   24.5706
    0.0000  -22.5000   37.500011829.4873   24.5874
    7.5000  -22.5000   37.500011284.0361   24.5779
   -7.5000  -15.0000   37.500012114.7754   24.6054
    0.0000  -15.0000   37.500012627.6445   24.6233
    7.5000  -15.0000   37.500012072.0479   24.6110
   -7.5000   -7.5000   37.500012767.1143   24.6861
    0.0000   -7.5000   37.500013333.6396   24.7129
    7.5000   -7.5000   37.500012732.3848   24.7126
   -7.5000    0.0000   37.500013327.4082   24.7323
    0.0000    0.0000   37.500013912.9795   24.7687
    7.5000    0.0000   37.500013323.8398   24.7837
   -7.5000    7.5000   37.500012946.9082   24.6918
    0.0000    7.5000   37.500013521.4990   24.7278
    7.5000    7.5000   37.500013004.1572   24.7471
   -7.5000   15.0000   37.500012557.4102   24.6106
    0.0000   15.0000   37.500013152.3135   24.6362
    7.5000   15.0000   37.500012654.6592   24.6429
   -7.5000   22.5000   37.500011649.2520   24.5593
    0.0000   22.5000   37.500012181.8604   24.5761
    7.5000   22.5000   37.500011706.7021   24.5666
   -7.5000   30.0000   37.500010763.4805   24.2870
    0.0000   30.0000   37.500011238.9521   24.3046
    7.5000   30.0000   37.500010790.9219   24.2925
   -7.5000   37.5000   37.500010246.4902   24.3666
    0.0000   37.5000   37.500010661.1924   24.3931
    7.5000   37.5000   37.500010234.3809   24.3928
   -7.5000   45.0000   37.5000 9283.1631   23.8391
    0.0000   45.0000   37.5000 9653.0293   23.8742
    7.5000   45.0000   37.5000 9257.4004   23.8887
   -7.5000  -45.0000   45.0000 8055.2065   25.2158
    0.0000  -45.0000   45.0000 8403.9590   25.2614
    7.5000  -45.0000   45.0000 8038.3765   25.2465
   -7.5000  -37.5000   45.0000 8607.0713   25.0569
    0.0000  -37.5000   45.0000 8972.6514   25.0983
    7.5000  -37.5000   45.0000 8584.9209   25.0919
   -7.5000  -30.0000   45.0000 9490.0518   24.9878
    0.0000  -30.0000   45.0000 9896.0498   25.0160
    7.5000  -30.0000   45.0000 9447.9902   24.9968
   -7.5000  -22.5000   45.000010316.8018   24.9559
    0.0000  -22.5000   45.000010758.5205   24.9756
    7.5000  -22.5000   45.000010261.6729   24.9354
   -7.5000  -15.0000   45.000011018.5498   24.9873
    0.0000  -15.0000   45.000011488.6602   25.0111
    7.5000  -15.0000   45.000010968.3311   24.9636
   -7.5000   -7.5000   45.000011615.8789   25.0559
    0.0000   -7.5000   45.000012121.7070   25.0922
    7.5000   -7.5000   45.000011597.4561   25.0574
   -7.5000    0.0000   45.000012147.5947   25.0936
    0.0000    0.0000   45.000012666.1357   25.1389
    7.5000    0.0000   45.000012150.4639   25.1243
   -7.5000    7.5000   45.000011841.8096   25.0569
    0.0000    7.5000   45.000012351.7109   25.0983
    7.5000    7.5000   45.000011873.3750   25.0919
   -7.5000   15.0000   45.000011535.5205   24.9878
    0.0000   15.0000   45.000012058.9834   25.0160
    7.5000   15.0000   45.000011573.8340   24.9968
   -7.5000   22.5000   45.000010720.6602   24.9444
    0.0000   22.5000   45.000011174.8877   24.9640
    7.5000   22.5000   45.000010722.7705   24.9238
   -7.5000   30.0000   45.0000 9916.4990   24.6618
    0.0000   30.0000   45.000010320.7686   24.6853
    7.5000   30.0000   45.0000 9901.9424   24.6384
   -7.5000   37.5000   45.0000 9450.8301   24.7295
    0.0000   37.5000   45.0000 9817.6748   24.7653
    7.5000   37.5000   45.0000 9419.2715   24.7309
   -7.5000   45.0000   45.0000 8567.2969   24.1983
    0.0000   45.0000   45.0000 8895.0684   24.2420
    7.5000   45.0000   45.0000 8525.7314   24.2279

---------------------------------------------------------------------
imgreg_4dfp /opt/freesurfer/average/711-2C_as_mni_average_305 /opt/freesurfer/average/711-2B_as_mni_average_305_mask talsrcimg_g11 none talsrcimg_to_711-2C_as_mni_average_305_t4 4355
---------------------------------------------------------------------

freesurfer imgreg_4dfp.c
/opt/freesurfer/average/711-2C_as_mni_average_305.4dfp.img
       256       256       256         1
  1.000000  1.000000  1.000000
orientation T byte_order littleendian
Reading image: /opt/freesurfer/average/711-2C_as_mni_average_305.4dfp.img
dimensions:      256       256       256
mmppix:       1.0000   -1.0000   -1.0000
center:     128.0000 -129.0000 -129.0000
/opt/freesurfer/average/711-2B_as_mni_average_305_mask.4dfp.img
       256       256       256         1
  1.000000  1.000000  1.000000
orientation T byte_order littleendian
Reading mask: /opt/freesurfer/average/711-2B_as_mni_average_305_mask.4dfp.img (2306576 pixels)
talsrcimg_g11.4dfp.img
       256       256       256         1
  1.000000  1.000000  1.000000
orientation T byte_order littleendian
Reading image: talsrcimg_g11.4dfp.img
dimensions:      256       256       256
mmppix:       1.0000   -1.0000   -1.0000
center:     128.0000 -129.0000 -129.0000
rotation matrix determinant  1.000000
image alignment mode   4355 decimal     1103 hex
   -7.5000  -45.0000  -45.0000 1985.9463   26.7766
    0.0000  -45.0000  -45.0000 2009.5653   26.2720
    7.5000  -45.0000  -45.0000 2010.5747   26.4177
   -7.5000  -37.5000  -45.0000 2078.8357   24.3486
    0.0000  -37.5000  -45.0000 2103.2502   23.9622
    7.5000  -37.5000  -45.0000 2105.9175   24.1236
   -7.5000  -30.0000  -45.0000 2182.7891   22.5216
    0.0000  -30.0000  -45.0000 2206.7388   22.1979
    7.5000  -30.0000  -45.0000 2207.2144   22.3625
   -7.5000  -22.5000  -45.0000 2239.7224   21.3813
    0.0000  -22.5000  -45.0000 2260.2996   21.0144
    7.5000  -22.5000  -45.0000 2264.2754   21.1383
   -7.5000  -15.0000  -45.0000 2264.6174   20.6660
    0.0000  -15.0000  -45.0000 2283.2583   20.2295
    7.5000  -15.0000  -45.0000 2287.8271   20.3834
   -7.5000   -7.5000  -45.0000 2273.3982   20.2296
    0.0000   -7.5000  -45.0000 2292.0486   19.8137
    7.5000   -7.5000  -45.0000 2288.7837   19.9990
   -7.5000    0.0000  -45.0000 2270.6345   20.1519
    0.0000    0.0000  -45.0000 2285.8318   19.7381
    7.5000    0.0000  -45.0000 2286.1733   19.9729
   -7.5000    7.5000  -45.0000 2261.7717   20.7249
    0.0000    7.5000  -45.0000 2282.2092   20.2200
    7.5000    7.5000  -45.0000 2275.7397   20.4162
   -7.5000   15.0000  -45.0000 2232.1389   21.5306
    0.0000   15.0000  -45.0000 2250.3608   20.9701
    7.5000   15.0000  -45.0000 2245.7148   21.1657
   -7.5000   22.5000  -45.0000 2183.9451   22.6954
    0.0000   22.5000  -45.0000 2204.7554   22.1594
    7.5000   22.5000  -45.0000 2198.5911   22.3452
   -7.5000   30.0000  -45.0000 2115.8188   24.3665
    0.0000   30.0000  -45.0000 2138.0381   23.8990
    7.5000   30.0000  -45.0000 2129.4041   24.0814
   -7.5000   37.5000  -45.0000 2037.8599   26.5749
    0.0000   37.5000  -45.0000 2056.0901   26.0634
    7.5000   37.5000  -45.0000 2043.6345   26.2322
   -7.5000   45.0000  -45.0000 1950.4065   29.3529
    0.0000   45.0000  -45.0000 1964.7316   28.8166
    7.5000   45.0000  -45.0000 1955.1212   28.9575
   -7.5000  -45.0000  -37.5000 2067.0325   24.7496
    0.0000  -45.0000  -37.5000 2092.5413   24.3110
    7.5000  -45.0000  -37.5000 2084.9080   24.4866
   -7.5000  -37.5000  -37.5000 2163.9180   22.4877
    0.0000  -37.5000  -37.5000 2187.7104   22.1334
    7.5000  -37.5000  -37.5000 2181.5081   22.3402
   -7.5000  -30.0000  -37.5000 2264.2725   20.7820
    0.0000  -30.0000  -37.5000 2289.5679   20.4970
    7.5000  -30.0000  -37.5000 2288.3992   20.6766
   -7.5000  -22.5000  -37.5000 2327.7654   19.6808
    0.0000  -22.5000  -37.5000 2349.4299   19.3870
    7.5000  -22.5000  -37.5000 2352.1672   19.5276
   -7.5000  -15.0000  -37.5000 2363.9236   19.0133
    0.0000  -15.0000  -37.5000 2384.8218   18.7173
    7.5000  -15.0000  -37.5000 2385.6482   18.8232
   -7.5000   -7.5000  -37.5000 2368.5586   18.6633
    0.0000   -7.5000  -37.5000 2392.8916   18.3018
    7.5000   -7.5000  -37.5000 2393.1228   18.4884
   -7.5000    0.0000  -37.5000 2364.0527   18.5489
    0.0000    0.0000  -37.5000 2383.0076   18.1714
    7.5000    0.0000  -37.5000 2379.6538   18.3700
   -7.5000    7.5000  -37.5000 2352.2085   18.9241
    0.0000    7.5000  -37.5000 2374.8777   18.4964
    7.5000    7.5000  -37.5000 2371.1174   18.7167
   -7.5000   15.0000  -37.5000 2330.3760   19.6448
    0.0000   15.0000  -37.5000 2346.1899   19.2042
    7.5000   15.0000  -37.5000 2341.6313   19.4346
   -7.5000   22.5000  -37.5000 2287.9565   20.8897
    0.0000   22.5000  -37.5000 2305.3765   20.4040
    7.5000   22.5000  -37.5000 2296.4114   20.6355
   -7.5000   30.0000  -37.5000 2221.1006   22.5261
    0.0000   30.0000  -37.5000 2235.8601   22.0229
    7.5000   30.0000  -37.5000 2224.5471   22.2760
   -7.5000   37.5000  -37.5000 2129.8208   24.5639
    0.0000   37.5000  -37.5000 2146.9756   24.0612
    7.5000   37.5000  -37.5000 2135.4009   24.2476
   -7.5000   45.0000  -37.5000 2027.1440   27.1359
    0.0000   45.0000  -37.5000 2043.0636   26.6978
    7.5000   45.0000  -37.5000 2028.5326   26.8348
   -7.5000  -45.0000  -30.0000 2175.0020   23.8551
    0.0000  -45.0000  -30.0000 2194.7859   23.3844
    7.5000  -45.0000  -30.0000 2190.8535   23.6230
   -7.5000  -37.5000  -30.0000 2281.0098   21.5934
    0.0000  -37.5000  -30.0000 2298.3269   21.1526
    7.5000  -37.5000  -30.0000 2295.3384   21.3970
   -7.5000  -30.0000  -30.0000 2382.6455   19.8973
    0.0000  -30.0000  -30.0000 2407.1870   19.5548
    7.5000  -30.0000  -30.0000 2404.4473   19.7659
   -7.5000  -22.5000  -30.0000 2449.9731   18.7710
    0.0000  -22.5000  -30.0000 2478.2561   18.5319
    7.5000  -22.5000  -30.0000 2474.4041   18.6874
   -7.5000  -15.0000  -30.0000 2492.5642   18.0736
    0.0000  -15.0000  -30.0000 2520.2244   17.8550
    7.5000  -15.0000  -30.0000 2516.8423   17.9903
   -7.5000   -7.5000  -30.0000 2516.4189   17.7918
    0.0000   -7.5000  -30.0000 2539.8030   17.5043
    7.5000   -7.5000  -30.0000 2534.8713   17.6576
   -7.5000    0.0000  -30.0000 2513.9780   17.7138
    0.0000    0.0000  -30.0000 2534.0312   17.3908
    7.5000    0.0000  -30.0000 2530.0325   17.5790
   -7.5000    7.5000  -30.0000 2507.9863   18.0660
    0.0000    7.5000  -30.0000 2522.9819   17.7217
    7.5000    7.5000  -30.0000 2515.5964   17.9270
   -7.5000   15.0000  -30.0000 2477.5225   18.7521
    0.0000   15.0000  -30.0000 2495.4089   18.3799
    7.5000   15.0000  -30.0000 2486.7170   18.6022
   -7.5000   22.5000  -30.0000 2428.5754   19.9516
    0.0000   22.5000  -30.0000 2445.4021   19.5223
    7.5000   22.5000  -30.0000 2431.3013   19.7581
   -7.5000   30.0000  -30.0000 2353.2979   21.5641
    0.0000   30.0000  -30.0000 2365.4895   21.1021
    7.5000   30.0000  -30.0000 2349.7327   21.3472
   -7.5000   37.5000  -30.0000 2263.7520   23.5777
    0.0000   37.5000  -30.0000 2272.3679   23.1450
    7.5000   37.5000  -30.0000 2252.7397   23.3849
   -7.5000   45.0000  -30.0000 2142.4807   26.0820
    0.0000   45.0000  -30.0000 2155.3059   25.6425
    7.5000   45.0000  -30.0000 2135.3713   25.8379
   -7.5000  -45.0000  -22.5000 2256.2185   22.7594
    0.0000  -45.0000  -22.5000 2265.8801   22.3049
    7.5000  -45.0000  -22.5000 2263.6431   22.6247
   -7.5000  -37.5000  -22.5000 2364.0093   20.6013
    0.0000  -37.5000  -22.5000 2382.9531   20.1725
    7.5000  -37.5000  -22.5000 2386.5681   20.5605
   -7.5000  -30.0000  -22.5000 2471.5464   18.9202
    0.0000  -30.0000  -22.5000 2499.6143   18.5380
    7.5000  -30.0000  -22.5000 2494.9951   18.8701
   -7.5000  -22.5000  -22.5000 2549.7288   17.7832
    0.0000  -22.5000  -22.5000 2584.8962   17.5227
    7.5000  -22.5000  -22.5000 2576.8054   17.7937
   -7.5000  -15.0000  -22.5000 2602.3005   17.1263
    0.0000  -15.0000  -22.5000 2634.4458   16.9337
    7.5000  -15.0000  -22.5000 2625.0300   17.1340
   -7.5000   -7.5000  -22.5000 2636.6843   16.8250
    0.0000   -7.5000  -22.5000 2665.1653   16.6128
    7.5000   -7.5000  -22.5000 2650.6694   16.8083
   -7.5000    0.0000  -22.5000 2644.1658   16.8582
    0.0000    0.0000  -22.5000 2671.3992   16.5733
    7.5000    0.0000  -22.5000 2651.7383   16.7595
   -7.5000    7.5000  -22.5000 2632.7568   17.1814
    0.0000    7.5000  -22.5000 2657.3555   16.8989
    7.5000    7.5000  -22.5000 2636.5903   17.1159
   -7.5000   15.0000  -22.5000 2590.7859   17.8653
    0.0000   15.0000  -22.5000 2615.7715   17.5757
    7.5000   15.0000  -22.5000 2599.8208   17.8264
   -7.5000   22.5000  -22.5000 2539.0928   18.9876
    0.0000   22.5000  -22.5000 2559.2598   18.6694
    7.5000   22.5000  -22.5000 2544.8594   18.9694
   -7.5000   30.0000  -22.5000 2453.9590   20.4884
    0.0000   30.0000  -22.5000 2471.8777   20.1443
    7.5000   30.0000  -22.5000 2456.0935   20.5034
   -7.5000   37.5000  -22.5000 2348.1184   22.4493
    0.0000   37.5000  -22.5000 2361.3066   22.0849
    7.5000   37.5000  -22.5000 2345.5081   22.4390
   -7.5000   45.0000  -22.5000 2220.0283   24.9692
    0.0000   45.0000  -22.5000 2227.4412   24.5270
    7.5000   45.0000  -22.5000 2218.4639   24.8585
   -7.5000  -45.0000  -15.0000 2301.5542   21.8183
    0.0000  -45.0000  -15.0000 2313.9333   21.4248
    7.5000  -45.0000  -15.0000 2318.7983   21.8513
   -7.5000  -37.5000  -15.0000 2419.9326   19.7006
    0.0000  -37.5000  -15.0000 2440.6406   19.3735
    7.5000  -37.5000  -15.0000 2444.8569   19.8137
   -7.5000  -30.0000  -15.0000 2536.7710   18.0688
    0.0000  -30.0000  -15.0000 2559.3872   17.7926
    7.5000  -30.0000  -15.0000 2557.0964   18.1464
   -7.5000  -22.5000  -15.0000 2622.8948   16.9264
    0.0000  -22.5000  -15.0000 2655.5352   16.6616
    7.5000  -22.5000  -15.0000 2647.2097   17.0107
   -7.5000  -15.0000  -15.0000 2684.5491   16.2982
    0.0000  -15.0000  -15.0000 2715.7822   16.0857
    7.5000  -15.0000  -15.0000 2703.7832   16.3694
   -7.5000   -7.5000  -15.0000 2724.1079   16.0023
    0.0000   -7.5000  -15.0000 2752.0857   15.8116
    7.5000   -7.5000  -15.0000 2730.7126   16.0362
   -7.5000    0.0000  -15.0000 2732.5435   16.0419
    0.0000    0.0000  -15.0000 2763.4019   15.8063
    7.5000    0.0000  -15.0000 2734.5688   16.0390
   -7.5000    7.5000  -15.0000 2716.4688   16.3407
    0.0000    7.5000  -15.0000 2749.6150   16.1305
    7.5000    7.5000  -15.0000 2722.6724   16.4037
   -7.5000   15.0000  -15.0000 2678.1299   17.0418
    0.0000   15.0000  -15.0000 2706.7952   16.8395
    7.5000   15.0000  -15.0000 2686.8823   17.1174
   -7.5000   22.5000  -15.0000 2615.5886   18.1895
    0.0000   22.5000  -15.0000 2637.2283   17.9425
    7.5000   22.5000  -15.0000 2619.7043   18.2425
   -7.5000   30.0000  -15.0000 2522.4016   19.7007
    0.0000   30.0000  -15.0000 2539.3743   19.4001
    7.5000   30.0000  -15.0000 2529.2585   19.7308
   -7.5000   37.5000  -15.0000 2408.4348   21.5830
    0.0000   37.5000  -15.0000 2422.2292   21.2280
    7.5000   37.5000  -15.0000 2412.8428   21.5937
   -7.5000   45.0000  -15.0000 2275.1436   23.9624
    0.0000   45.0000  -15.0000 2279.5056   23.5862
    7.5000   45.0000  -15.0000 2273.2244   23.9626
   -7.5000  -45.0000   -7.5000 2334.2632   21.1150
    0.0000  -45.0000   -7.5000 2352.9023   20.7827
    7.5000  -45.0000   -7.5000 2352.9236   21.2195
   -7.5000  -37.5000   -7.5000 2457.7710   18.9906
    0.0000  -37.5000   -7.5000 2480.2334   18.7232
    7.5000  -37.5000   -7.5000 2480.5056   19.1298
   -7.5000  -30.0000   -7.5000 2579.9653   17.3695
    0.0000  -30.0000   -7.5000 2601.8494   17.1216
    7.5000  -30.0000   -7.5000 2603.2227   17.5397
   -7.5000  -22.5000   -7.5000 2683.3340   16.2365
    0.0000  -22.5000   -7.5000 2708.9583   16.0019
    7.5000  -22.5000   -7.5000 2703.2542   16.3863
   -7.5000  -15.0000   -7.5000 2753.1963   15.5898
    0.0000  -15.0000   -7.5000 2782.6428   15.3657
    7.5000  -15.0000   -7.5000 2767.8474   15.6962
   -7.5000   -7.5000   -7.5000 2794.0964   15.2902
    0.0000   -7.5000   -7.5000 2825.1108   15.0851
    7.5000   -7.5000   -7.5000 2800.9641   15.3655
   -7.5000    0.0000   -7.5000 2798.9893   15.2867
    0.0000    0.0000   -7.5000 2834.8059   15.1259
    7.5000    0.0000   -7.5000 2808.2549   15.3932
   -7.5000    7.5000   -7.5000 2786.3091   15.5935
    0.0000    7.5000   -7.5000 2822.6687   15.4740
    7.5000    7.5000   -7.5000 2795.7466   15.7561
   -7.5000   15.0000   -7.5000 2752.2871   16.4158
    0.0000   15.0000   -7.5000 2774.8401   16.2546
    7.5000   15.0000   -7.5000 2751.3809   16.5233
   -7.5000   22.5000   -7.5000 2673.9270   17.5574
    0.0000   22.5000   -7.5000 2695.6824   17.3533
    7.5000   22.5000   -7.5000 2672.5278   17.5820
   -7.5000   30.0000   -7.5000 2563.9492   19.0124
    0.0000   30.0000   -7.5000 2587.8279   18.7478
    7.5000   30.0000   -7.5000 2569.3916   18.9846
   -7.5000   37.5000   -7.5000 2452.5820   20.9040
    0.0000   37.5000   -7.5000 2473.0503   20.6134
    7.5000   37.5000   -7.5000 2457.3438   20.8661
   -7.5000   45.0000   -7.5000 2310.9485   23.2351
    0.0000   45.0000   -7.5000 2322.0437   22.8931
    7.5000   45.0000   -7.5000 2309.7217   23.1806
   -7.5000  -45.0000    0.0000 2349.0935   20.6818
    0.0000  -45.0000    0.0000 2372.0354   20.4402
    7.5000  -45.0000    0.0000 2366.5537   20.7849
   -7.5000  -37.5000    0.0000 2471.0969   18.5858
    0.0000  -37.5000    0.0000 2498.7705   18.3803
    7.5000  -37.5000    0.0000 2489.3652   18.7095
   -7.5000  -30.0000    0.0000 2594.1611   16.9853
    0.0000  -30.0000    0.0000 2623.8740   16.7675
    7.5000  -30.0000    0.0000 2616.2456   17.1200
   -7.5000  -22.5000    0.0000 2709.6821   15.8678
    0.0000  -22.5000    0.0000 2736.9880   15.6251
    7.5000  -22.5000    0.0000 2725.8613   15.9736
   -7.5000  -15.0000    0.0000 2791.4922   15.1071
    0.0000  -15.0000    0.0000 2824.0977   14.8599
    7.5000  -15.0000    0.0000 2800.9570   15.1758
   -7.5000   -7.5000    0.0000 2840.1160   14.6513
    0.0000   -7.5000    0.0000 2868.3887   14.4364
    7.5000   -7.5000    0.0000 2842.4707   14.8392
   -7.5000    0.0000    0.0000 2848.2422   14.6928
    0.0000    0.0000    0.0000 2886.8545   14.5999
    7.5000    0.0000    0.0000 2855.8640   14.9357
   -7.5000    7.5000    0.0000 2837.2629   15.1282
    0.0000    7.5000    0.0000 2874.1094   15.0260
    7.5000    7.5000    0.0000 2844.1108   15.2816
   -7.5000   15.0000    0.0000 2787.3164   15.9814
    0.0000   15.0000    0.0000 2811.7031   15.8296
    7.5000   15.0000    0.0000 2788.1011   16.0181
   -7.5000   22.5000    0.0000 2702.7058   17.1589
    0.0000   22.5000    0.0000 2722.7507   16.9425
    7.5000   22.5000    0.0000 2704.0981   17.1060
   -7.5000   30.0000    0.0000 2597.9888   18.6956
    0.0000   30.0000    0.0000 2615.0242   18.4226
    7.5000   30.0000    0.0000 2596.3892   18.5638
   -7.5000   37.5000    0.0000 2476.8862   20.4907
    0.0000   37.5000    0.0000 2494.3967   20.1799
    7.5000   37.5000    0.0000 2475.1775   20.3846
   -7.5000   45.0000    0.0000 2330.1406   22.6705
    0.0000   45.0000    0.0000 2345.3398   22.3150
    7.5000   45.0000    0.0000 2328.3391   22.6003
   -7.5000  -45.0000    7.5000 2366.8438   20.7017
    0.0000  -45.0000    7.5000 2384.5610   20.3497
    7.5000  -45.0000    7.5000 2374.9712   20.6755
   -7.5000  -37.5000    7.5000 2485.8306   18.5956
    0.0000  -37.5000    7.5000 2504.2173   18.2859
    7.5000  -37.5000    7.5000 2490.3999   18.5869
   -7.5000  -30.0000    7.5000 2611.1880   16.9842
    0.0000  -30.0000    7.5000 2629.5300   16.6686
    7.5000  -30.0000    7.5000 2609.7346   16.9840
   -7.5000  -22.5000    7.5000 2729.7622   15.8288
    0.0000  -22.5000    7.5000 2743.6255   15.4830
    7.5000  -22.5000    7.5000 2724.3352   15.7728
   -7.5000  -15.0000    7.5000 2812.5532   14.9853
    0.0000  -15.0000    7.5000 2839.9932   14.6317
    7.5000  -15.0000    7.5000 2819.1665   14.9669
   -7.5000   -7.5000    7.5000 2865.6538   14.3491
    0.0000   -7.5000    7.5000 2884.9890   13.9487
    7.5000   -7.5000    7.5000 2865.9885   14.4753
   -7.5000    0.0000    7.5000 2881.7349   14.4232
    0.0000    0.0000    7.5000 2899.5491   14.1250
    7.5000    0.0000    7.5000 2880.6274   14.4870
   -7.5000    7.5000    7.5000 2863.0898   15.0069
    0.0000    7.5000    7.5000 2885.2114   14.6925
    7.5000    7.5000    7.5000 2866.7241   14.9462
   -7.5000   15.0000    7.5000 2809.7458   15.9180
    0.0000   15.0000    7.5000 2830.9504   15.5868
    7.5000   15.0000    7.5000 2811.3364   15.7981
   -7.5000   22.5000    7.5000 2723.4961   17.1179
    0.0000   22.5000    7.5000 2741.8728   16.7614
    7.5000   22.5000    7.5000 2721.3560   16.9313
   -7.5000   30.0000    7.5000 2611.4832   18.5350
    0.0000   30.0000    7.5000 2627.4084   18.1758
    7.5000   30.0000    7.5000 2604.6858   18.3269
   -7.5000   37.5000    7.5000 2490.3152   20.2878
    0.0000   37.5000    7.5000 2504.4033   19.9274
    7.5000   37.5000    7.5000 2480.6084   20.1043
   -7.5000   45.0000    7.5000 2339.5933   22.4691
    0.0000   45.0000    7.5000 2346.5298   22.0518
    7.5000   45.0000    7.5000 2333.3420   22.3135
   -7.5000  -45.0000   15.0000 2360.0088   20.8822
    0.0000  -45.0000   15.0000 2380.0659   20.5788
    7.5000  -45.0000   15.0000 2359.2271   20.8986
   -7.5000  -37.5000   15.0000 2481.8542   18.8359
    0.0000  -37.5000   15.0000 2497.0706   18.4956
    7.5000  -37.5000   15.0000 2475.9795   18.8077
   -7.5000  -30.0000   15.0000 2604.7502   17.1962
    0.0000  -30.0000   15.0000 2615.7305   16.8431
    7.5000  -30.0000   15.0000 2589.6592   17.1219
   -7.5000  -22.5000   15.0000 2722.3013   15.9772
    0.0000  -22.5000   15.0000 2727.7786   15.6164
    7.5000  -22.5000   15.0000 2704.3428   15.8557
   -7.5000  -15.0000   15.0000 2807.2578   15.1087
    0.0000  -15.0000   15.0000 2820.3296   14.7019
    7.5000  -15.0000   15.0000 2797.7327   15.0833
   -7.5000   -7.5000   15.0000 2868.0864   14.6273
    0.0000   -7.5000   15.0000 2866.1931   14.1393
    7.5000   -7.5000   15.0000 2852.1348   14.5676
   -7.5000    0.0000   15.0000 2892.8462   14.6645
    0.0000    0.0000   15.0000 2891.0933   14.2028
    7.5000    0.0000   15.0000 2872.5999   14.5495
   -7.5000    7.5000   15.0000 2867.7397   15.1645
    0.0000    7.5000   15.0000 2880.6646   14.7937
    7.5000    7.5000   15.0000 2865.1665   15.0368
   -7.5000   15.0000   15.0000 2800.9246   16.0254
    0.0000   15.0000   15.0000 2826.6987   15.7051
    7.5000   15.0000   15.0000 2807.1877   15.8839
   -7.5000   22.5000   15.0000 2712.5591   17.1390
    0.0000   22.5000   15.0000 2731.8877   16.7868
    7.5000   22.5000   15.0000 2711.6748   16.9644
   -7.5000   30.0000   15.0000 2601.8599   18.5399
    0.0000   30.0000   15.0000 2615.5403   18.1522
    7.5000   30.0000   15.0000 2595.7639   18.3553
   -7.5000   37.5000   15.0000 2476.0830   20.2979
    0.0000   37.5000   15.0000 2485.0610   19.9132
    7.5000   37.5000   15.0000 2472.4768   20.1518
   -7.5000   45.0000   15.0000 2327.2778   22.4833
    0.0000   45.0000   15.0000 2333.1318   22.0791
    7.5000   45.0000   15.0000 2325.3840   22.3673
   -7.5000  -45.0000   22.5000 2360.0371   21.5201
    0.0000  -45.0000   22.5000 2369.6265   21.1598
    7.5000  -45.0000   22.5000 2345.4673   21.5615
   -7.5000  -37.5000   22.5000 2479.0938   19.3760
    0.0000  -37.5000   22.5000 2481.9326   19.0201
    7.5000  -37.5000   22.5000 2459.4900   19.3552
   -7.5000  -30.0000   22.5000 2591.6831   17.7052
    0.0000  -30.0000   22.5000 2593.9807   17.3598
    7.5000  -30.0000   22.5000 2568.1619   17.6466
   -7.5000  -22.5000   22.5000 2700.6536   16.4636
    0.0000  -22.5000   22.5000 2703.6013   16.1199
    7.5000  -22.5000   22.5000 2682.9946   16.4141
   -7.5000  -15.0000   22.5000 2787.4626   15.6575
    0.0000  -15.0000   22.5000 2799.9170   15.3116
    7.5000  -15.0000   22.5000 2767.8945   15.6532
   -7.5000   -7.5000   22.5000 2846.3098   15.2979
    0.0000   -7.5000   22.5000 2852.1255   14.9473
    7.5000   -7.5000   22.5000 2825.9824   15.2581
   -7.5000    0.0000   22.5000 2856.7166   15.3106
    0.0000    0.0000   22.5000 2867.2671   15.0049
    7.5000    0.0000   22.5000 2840.7517   15.2936
   -7.5000    7.5000   22.5000 2835.8164   15.6333
    0.0000    7.5000   22.5000 2849.9866   15.3897
    7.5000    7.5000   22.5000 2828.3589   15.6751
   -7.5000   15.0000   22.5000 2771.2607   16.3871
    0.0000   15.0000   22.5000 2792.9673   16.1219
    7.5000   15.0000   22.5000 2771.0349   16.3795
   -7.5000   22.5000   22.5000 2686.6235   17.4367
    0.0000   22.5000   22.5000 2707.8596   17.1246
    7.5000   22.5000   22.5000 2684.6318   17.3517
   -7.5000   30.0000   22.5000 2577.3308   18.8012
    0.0000   30.0000   22.5000 2594.4253   18.4461
    7.5000   30.0000   22.5000 2573.5007   18.6826
   -7.5000   37.5000   22.5000 2448.9390   20.5337
    0.0000   37.5000   22.5000 2463.9592   20.1355
    7.5000   37.5000   22.5000 2446.9583   20.4301
   -7.5000   45.0000   22.5000 2304.8606   22.6699
    0.0000   45.0000   22.5000 2316.0947   22.2852
    7.5000   45.0000   22.5000 2300.0642   22.6365
   -7.5000  -45.0000   30.0000 2335.0813   22.4574
    0.0000  -45.0000   30.0000 2340.1589   22.0595
    7.5000  -45.0000   30.0000 2313.8616   22.3891
   -7.5000  -37.5000   30.0000 2451.9624   20.2883
    0.0000  -37.5000   30.0000 2455.6218   19.9562
    7.5000  -37.5000   30.0000 2428.8127   20.2705
   -7.5000  -30.0000   30.0000 2564.7974   18.5986
    0.0000  -30.0000   30.0000 2570.3774   18.3706
    7.5000  -30.0000   30.0000 2535.8274   18.6263
   -7.5000  -22.5000   30.0000 2671.3035   17.4175
    0.0000  -22.5000   30.0000 2683.2419   17.1988
    7.5000  -22.5000   30.0000 2646.7366   17.4129
   -7.5000  -15.0000   30.0000 2743.9685   16.6209
    0.0000  -15.0000   30.0000 2760.6108   16.4247
    7.5000  -15.0000   30.0000 2723.3752   16.6122
   -7.5000   -7.5000   30.0000 2786.0833   16.2409
    0.0000   -7.5000   30.0000 2795.4541   16.0371
    7.5000   -7.5000   30.0000 2764.3184   16.2029
   -7.5000    0.0000   30.0000 2785.2280   16.1751
    0.0000    0.0000   30.0000 2800.4661   16.0012
    7.5000    0.0000   30.0000 2774.6838   16.1794
   -7.5000    7.5000   30.0000 2768.3062   16.4175
    0.0000    7.5000   30.0000 2777.6426   16.2176
    7.5000    7.5000   30.0000 2758.3279   16.4511
   -7.5000   15.0000   30.0000 2708.0977   17.0579
    0.0000   15.0000   30.0000 2725.8557   16.8870
    7.5000   15.0000   30.0000 2703.1877   17.1437
   -7.5000   22.5000   30.0000 2632.9197   18.0915
    0.0000   22.5000   30.0000 2647.2109   17.8710
    7.5000   22.5000   30.0000 2626.1245   18.0925
   -7.5000   30.0000   30.0000 2532.0649   19.3967
    0.0000   30.0000   30.0000 2542.5967   19.0780
    7.5000   30.0000   30.0000 2525.3564   19.3744
   -7.5000   37.5000   30.0000 2410.9475   21.0720
    0.0000   37.5000   30.0000 2419.7258   20.7001
    7.5000   37.5000   30.0000 2406.1167   21.0526
   -7.5000   45.0000   30.0000 2273.4600   23.2069
    0.0000   45.0000   30.0000 2281.9717   22.8077
    7.5000   45.0000   30.0000 2266.2251   23.2392
   -7.5000  -45.0000   37.5000 2298.8240   23.7746
    0.0000  -45.0000   37.5000 2300.9861   23.4858
    7.5000  -45.0000   37.5000 2281.2007   23.7871
   -7.5000  -37.5000   37.5000 2417.6750   21.5176
    0.0000  -37.5000   37.5000 2423.5698   21.3516
    7.5000  -37.5000   37.5000 2395.2791   21.6050
   -7.5000  -30.0000   37.5000 2531.9255   19.9292
    0.0000  -30.0000   37.5000 2535.3911   19.7133
    7.5000  -30.0000   37.5000 2497.3203   19.8914
   -7.5000  -22.5000   37.5000 2625.8145   18.6895
    0.0000  -22.5000   37.5000 2634.2600   18.4541
    7.5000  -22.5000   37.5000 2592.7876   18.6079
   -7.5000  -15.0000   37.5000 2687.4719   17.8190
    0.0000  -15.0000   37.5000 2694.2004   17.6059
    7.5000  -15.0000   37.5000 2659.4121   17.7171
   -7.5000   -7.5000   37.5000 2711.9958   17.3825
    0.0000   -7.5000   37.5000 2725.2559   17.1605
    7.5000   -7.5000   37.5000 2693.4927   17.2745
   -7.5000    0.0000   37.5000 2704.9387   17.2446
    0.0000    0.0000   37.5000 2720.9197   17.0672
    7.5000    0.0000   37.5000 2699.6797   17.2045
   -7.5000    7.5000   37.5000 2685.1594   17.4159
    0.0000    7.5000   37.5000 2699.5676   17.2420
    7.5000    7.5000   37.5000 2683.8152   17.4259
   -7.5000   15.0000   37.5000 2632.1057   18.0239
    0.0000   15.0000   37.5000 2656.2715   17.8559
    7.5000   15.0000   37.5000 2633.3257   18.0646
   -7.5000   22.5000   37.5000 2562.2117   18.9929
    0.0000   22.5000   37.5000 2583.4036   18.8075
    7.5000   22.5000   37.5000 2562.2925   19.0256
   -7.5000   30.0000   37.5000 2465.0603   20.2679
    0.0000   30.0000   37.5000 2482.7690   20.0132
    7.5000   30.0000   37.5000 2466.7151   20.2754
   -7.5000   37.5000   37.5000 2351.7305   21.8766
    0.0000   37.5000   37.5000 2360.8271   21.6051
    7.5000   37.5000   37.5000 2349.5571   21.9427
   -7.5000   45.0000   37.5000 2226.3770   24.0187
    0.0000   45.0000   37.5000 2230.7322   23.7501
    7.5000   45.0000   37.5000 2220.9531   24.1207
   -7.5000  -45.0000   45.0000 2252.2288   25.3371
    0.0000  -45.0000   45.0000 2255.8806   25.1640
    7.5000  -45.0000   45.0000 2232.0784   25.4278
   -7.5000  -37.5000   45.0000 2367.1584   23.0623
    0.0000  -37.5000   45.0000 2369.0330   22.8690
    7.5000  -37.5000   45.0000 2339.7532   23.1069
   -7.5000  -30.0000   45.0000 2465.4009   21.3522
    0.0000  -30.0000   45.0000 2472.0674   21.1254
    7.5000  -30.0000   45.0000 2436.2415   21.3507
   -7.5000  -22.5000   45.0000 2549.3640   20.0303
    0.0000  -22.5000   45.0000 2557.8918   19.8103
    7.5000  -22.5000   45.0000 2520.4619   19.9600
   -7.5000  -15.0000   45.0000 2601.4836   19.1018
    0.0000  -15.0000   45.0000 2605.9194   18.8698
    7.5000  -15.0000   45.0000 2575.8110   18.9804
   -7.5000   -7.5000   45.0000 2618.8389   18.6373
    0.0000   -7.5000   45.0000 2633.5171   18.3582
    7.5000   -7.5000   45.0000 2609.8772   18.5091
   -7.5000    0.0000   45.0000 2616.8040   18.4340
    0.0000    0.0000   45.0000 2631.2915   18.1951
    7.5000    0.0000   45.0000 2615.9507   18.3462
   -7.5000    7.5000   45.0000 2597.5012   18.5631
    0.0000    7.5000   45.0000 2612.9294   18.3740
    7.5000    7.5000   45.0000 2599.2422   18.5567
   -7.5000   15.0000   45.0000 2552.0295   19.1781
    0.0000   15.0000   45.0000 2571.3564   19.0367
    7.5000   15.0000   45.0000 2555.1299   19.2017
   -7.5000   22.5000   45.0000 2487.6931   20.0905
    0.0000   22.5000   45.0000 2504.4094   19.9107
    7.5000   22.5000   45.0000 2488.5159   20.1186
   -7.5000   30.0000   45.0000 2394.4287   21.3986
    0.0000   30.0000   45.0000 2405.8198   21.1726
    7.5000   30.0000   45.0000 2392.0676   21.4110
   -7.5000   37.5000   45.0000 2285.9023   23.0758
    0.0000   37.5000   45.0000 2292.1187   22.8016
    7.5000   37.5000   45.0000 2281.9358   23.0846
   -7.5000   45.0000   45.0000 2165.0110   25.2456
    0.0000   45.0000   45.0000 2169.6350   24.9478
    7.5000   45.0000   45.0000 2158.8923   25.3449

---------------------------------------------------------------------
imgreg_4dfp /opt/freesurfer/average/711-2C_as_mni_average_305 /opt/freesurfer/average/711-2B_as_mni_average_305_mask talsrcimg_g11 none talsrcimg_to_711-2C_as_mni_average_305_t4 1283
---------------------------------------------------------------------

freesurfer imgreg_4dfp.c
/opt/freesurfer/average/711-2C_as_mni_average_305.4dfp.img
       256       256       256         1
  1.000000  1.000000  1.000000
orientation T byte_order littleendian
Reading image: /opt/freesurfer/average/711-2C_as_mni_average_305.4dfp.img
dimensions:      256       256       256
mmppix:       1.0000   -1.0000   -1.0000
center:     128.0000 -129.0000 -129.0000
/opt/freesurfer/average/711-2B_as_mni_average_305_mask.4dfp.img
       256       256       256         1
  1.000000  1.000000  1.000000
orientation T byte_order littleendian
Reading mask: /opt/freesurfer/average/711-2B_as_mni_average_305_mask.4dfp.img (2306576 pixels)
talsrcimg_g11.4dfp.img
       256       256       256         1
  1.000000  1.000000  1.000000
orientation T byte_order littleendian
Reading image: talsrcimg_g11.4dfp.img
dimensions:      256       256       256
mmppix:       1.0000   -1.0000   -1.0000
center:     128.0000 -129.0000 -129.0000
rotation matrix determinant  1.000000
fimgreg.f
image alignment mode   1283 decimal      503 hex
parameters
    0.0000    0.0000    7.5000    0.0000    0.0000    0.0000
eta,q 0.91210 14.06522
niter,ni,del,rscale     5    3   12.0000    1.2000
parameter  4 -0.581863 -> -0.500000 qaram    1.1500
parameter  5 -1.142307 -> -0.500000 qaram    1.1500
parameters
    1.5116    0.2760    6.8876    3.4500    3.4500    0.8966
eta,q 0.91963 14.04238
  0.0943  0.0931  0.0879  0.0919  0.0914  0.0842
  0.0917  0.0910  0.0873  0.0899  0.0889  0.0826
  0.0907  0.0875  0.0855  0.0881  0.0870  0.0815
  0.0886  0.0848  0.0844  0.0852  0.0837  0.0805
  0.0849  0.0859  0.0840  0.0839  0.0812  0.0804
  0.0863  0.0885  0.0869  0.0837  0.0805  0.0811
  0.0917  0.0931  0.0925  0.0855  0.0811  0.0828
niter,ni,del,rscale     6    3   12.0000    1.2000
parameters
    0.2190   -0.9851    7.4080    3.3467    5.2610   -0.6772
eta,q 0.92037 13.95964
  0.0867  0.0895  0.0854  0.0906  0.0873  0.0807
  0.0853  0.0847  0.0864  0.0870  0.0853  0.0802
  0.0830  0.0814  0.0844  0.0820  0.0826  0.0798
  0.0804  0.0817  0.0809  0.0803  0.0803  0.0795
  0.0835  0.0862  0.0797  0.0828  0.0794  0.0801
  0.0906  0.0925  0.0813  0.0870  0.0807  0.0817
  0.0971  0.0974  0.0876  0.0913  0.0833  0.0840
niter,ni,del,rscale     5    3   12.0000    1.2000
parameters
   -0.7575   -1.4462    7.2141    3.4862    7.0535   -2.2636
eta,q 0.92048 13.93077
  0.0854  0.0916  0.0837  0.0901  0.0862  0.0805
  0.0817  0.0856  0.0846  0.0877  0.0849  0.0795
  0.0804  0.0808  0.0828  0.0815  0.0825  0.0795
  0.0796  0.0800  0.0799  0.0801  0.0802  0.0796
  0.0799  0.0829  0.0786  0.0822  0.0798  0.0798
  0.0854  0.0889  0.0816  0.0859  0.0813  0.0811
  0.0932  0.0950  0.0883  0.0899  0.0829  0.0832
niter,ni,del,rscale     4    3   12.0000    1.2000
parameters
   -1.5443   -1.6785    7.3441    3.9103    7.8858   -3.0071
eta,q 0.92125 13.94053
  0.0854  0.0908  0.0833  0.0890  0.0862  0.0804
  0.0811  0.0860  0.0838  0.0860  0.0836  0.0790
  0.0784  0.0801  0.0828  0.0796  0.0804  0.0785
  0.0795  0.0788  0.0787  0.0785  0.0789  0.0790
  0.0801  0.0812  0.0775  0.0806  0.0799  0.0792
  0.0834  0.0867  0.0808  0.0834  0.0816  0.0797
  0.0912  0.0930  0.0863  0.0869  0.0835  0.0813
niter,ni,del,rscale     3    3   12.0000    1.2000
parameters
   -2.1089   -1.9740    7.4222    4.2920    8.1137   -3.0906
eta,q 0.92180 13.94508
  0.0853  0.0894  0.0834  0.0888  0.0855  0.0808
  0.0823  0.0849  0.0839  0.0849  0.0825  0.0790
  0.0784  0.0796  0.0828  0.0784  0.0794  0.0780
  0.0787  0.0781  0.0780  0.0779  0.0782  0.0782
  0.0808  0.0806  0.0773  0.0801  0.0797  0.0788
  0.0825  0.0860  0.0816  0.0828  0.0821  0.0793
  0.0896  0.0922  0.0863  0.0864  0.0843  0.0806
niter,ni,del,rscale     2    3   12.0000    1.2000
parameters
   -2.4462   -2.2274    7.2850    4.4562    8.0753   -3.3420
eta,q 0.92181 13.93062
  0.0851  0.0891  0.0834  0.0884  0.0851  0.0812
  0.0832  0.0847  0.0840  0.0842  0.0821  0.0794
  0.0792  0.0797  0.0830  0.0781  0.0795  0.0781
  0.0782  0.0778  0.0779  0.0781  0.0783  0.0783
  0.0812  0.0801  0.0777  0.0803  0.0798  0.0791
  0.0819  0.0853  0.0827  0.0830  0.0827  0.0799
  0.0879  0.0917  0.0869  0.0870  0.0848  0.0813
niter,ni,del,rscale     1    3   12.0000    1.2000
parameters
   -2.6204   -2.3705    7.1129    4.4554    7.9501   -3.4528
eta,q 0.92151 13.91284
  0.0848  0.0893  0.0835  0.0880  0.0848  0.0817
  0.0836  0.0852  0.0837  0.0838  0.0820  0.0800
  0.0799  0.0803  0.0831  0.0782  0.0797  0.0786
  0.0782  0.0780  0.0781  0.0785  0.0785  0.0785
  0.0812  0.0799  0.0777  0.0807  0.0798  0.0794
  0.0818  0.0849  0.0827  0.0835  0.0828  0.0803
  0.0867  0.0913  0.0871  0.0874  0.0850  0.0816
registration optimization eta report
parameter search radius
    6.0000    6.0000    6.0000    6.9000    6.9000    6.0000
100000*second partial in parameter space
       18.       33.       17.       19.       13.        9.
  0.0848  0.0893  0.0835  0.0880  0.0848  0.0817
  0.0836  0.0852  0.0837  0.0838  0.0820  0.0800
  0.0799  0.0803  0.0831  0.0782  0.0797  0.0786
  0.0782  0.0780  0.0781  0.0785  0.0785  0.0785
  0.0812  0.0799  0.0777  0.0807  0.0798  0.0794
  0.0818  0.0849  0.0827  0.0835  0.0828  0.0803
  0.0867  0.0913  0.0871  0.0874  0.0850  0.0816
   -2.6204   -2.3705    7.1129    4.4554    7.9501   -3.4528
eta,q 0.92151 13.91284

---------------------------------------------------------------------
imgreg_4dfp /opt/freesurfer/average/711-2C_as_mni_average_305 /opt/freesurfer/average/711-2B_as_mni_average_305_mask talsrcimg_g11 none talsrcimg_to_711-2C_as_mni_average_305_t4 3335
---------------------------------------------------------------------

freesurfer imgreg_4dfp.c
/opt/freesurfer/average/711-2C_as_mni_average_305.4dfp.img
       256       256       256         1
  1.000000  1.000000  1.000000
orientation T byte_order littleendian
Reading image: /opt/freesurfer/average/711-2C_as_mni_average_305.4dfp.img
dimensions:      256       256       256
mmppix:       1.0000   -1.0000   -1.0000
center:     128.0000 -129.0000 -129.0000
/opt/freesurfer/average/711-2B_as_mni_average_305_mask.4dfp.img
       256       256       256         1
  1.000000  1.000000  1.000000
orientation T byte_order littleendian
Reading mask: /opt/freesurfer/average/711-2B_as_mni_average_305_mask.4dfp.img (2306576 pixels)
talsrcimg_g11.4dfp.img
       256       256       256         1
  1.000000  1.000000  1.000000
orientation T byte_order littleendian
Reading image: talsrcimg_g11.4dfp.img
dimensions:      256       256       256
mmppix:       1.0000   -1.0000   -1.0000
center:     128.0000 -129.0000 -129.0000
fimgreg.f
image alignment mode   3335 decimal      D07 hex
parameters
   -2.6204   -2.3705    7.1129   -1.1409   -0.4184   -1.2604
    4.9319  -14.2321   -5.9647   -6.9237   13.8311    7.6936
eta,q 0.91954 13.91620
niter,ni,del,rscale     5    3    5.0000    1.2000
parameter  4  7.567902 ->  0.500000 qaram    1.1500
parameter  5  4.250688 ->  0.500000 qaram    1.1500
parameter  6 -3.737638 ->  0.500000 qaram    1.1500
parameter  7  2.541602 ->  0.500000 qaram    1.1500
parameter  8  0.655456 -> -0.500000 qaram    1.1500
parameter 10  1.287906 ->  0.500000 qaram    1.1500
parameter 11  2.268713 -> -0.500000 qaram    1.1500
parameter 12 -7.789639 ->  0.500000 qaram    1.1500
parameters
   -2.7722   -1.6436    7.0441   -5.2809   -4.5584   -5.4004
    0.7919  -10.0921   -3.8541  -11.0637   17.9711    3.5536
eta,q 0.93820 13.15123
  0.0812  0.0817  0.0809  0.0742  0.0715  0.0628  0.0677  0.0686  0.0671  0.0657  0.0668  0.0599
  0.0807  0.0810  0.0806  0.0764  0.0731  0.0675  0.0678  0.0685  0.0667  0.0657  0.0667  0.0614
  0.0805  0.0806  0.0804  0.0783  0.0748  0.0711  0.0682  0.0684  0.0664  0.0659  0.0663  0.0630
  0.0805  0.0805  0.0804  0.0804  0.0769  0.0735  0.0687  0.0679  0.0662  0.0662  0.0658  0.0647
  0.0805  0.0804  0.0805  0.0822  0.0787  0.0762  0.0692  0.0673  0.0662  0.0667  0.0651  0.0662
  0.0808  0.0804  0.0806  0.0842  0.0806  0.0784  0.0698  0.0658  0.0663  0.0675  0.0645  0.0675
  0.0815  0.0807  0.0810  0.0871  0.0834  0.0822  0.0702  0.0641  0.0665  0.0676  0.0641  0.0688
niter,ni,del,rscale     7    3    5.0000    1.2000
parameter  1  0.581518 ->  0.500000 qaram    1.1500
parameter  3 -1.110357 -> -0.500000 qaram    1.1500
parameter  4  3.748225 ->  0.500000 qaram    1.3225
parameter  5  3.185632 ->  0.500000 qaram    1.3225
parameter  6  2.312654 ->  0.500000 qaram    1.3225
parameter  9  0.528150 ->  0.500000 qaram    1.1500
parameter 11  1.401419 ->  0.500000 qaram    1.3225
parameter 12  0.673068 ->  0.500000 qaram    1.3225
parameters
   -4.1522   -1.8263    8.4241  -10.0419   -9.3194  -10.1614
    0.1871  -12.8633   -7.9941   -8.7362   13.2101   -1.2074
eta,q 0.96363 12.80531
  0.0615  0.0625  0.0646  0.0494  0.0449  0.0385  0.0444  0.0438  0.0409  0.0470  0.0370  0.0365
  0.0613  0.0618  0.0633  0.0518  0.0474  0.0412  0.0430  0.0413  0.0404  0.0441  0.0373  0.0363
  0.0614  0.0614  0.0622  0.0552  0.0500  0.0444  0.0422  0.0409  0.0404  0.0418  0.0383  0.0366
  0.0618  0.0613  0.0613  0.0602  0.0526  0.0482  0.0420  0.0420  0.0409  0.0404  0.0399  0.0375
  0.0626  0.0616  0.0606  0.0649  0.0556  0.0532  0.0424  0.0438  0.0419  0.0399  0.0419  0.0388
  0.0638  0.0621  0.0602  0.0692  0.0591  0.0584  0.0435  0.0460  0.0432  0.0405  0.0440  0.0408
  0.0655  0.0629  0.0600  0.0740  0.0632  0.0637  0.0453  0.0488  0.0446  0.0424  0.0462  0.0436
niter,ni,del,rscale     7    3    5.0000    1.2000
parameter  2  0.745675 ->  0.500000 qaram    1.1500
parameter  4  1.074908 ->  0.500000 qaram    1.5209
parameter  5  0.887512 ->  0.500000 qaram    1.5209
parameter  7 -0.568645 -> -0.500000 qaram    1.3225
parameters
   -3.2620   -3.2063    7.9611  -15.5170  -14.7946  -14.8935
    4.9481  -13.1914   -5.0279   -6.8929   11.4018   -0.8969
eta,q 0.97926 12.83329
  0.0441  0.0347  0.0366  0.0280  0.0253  0.0242  0.0309  0.0290  0.0275  0.0288  0.0230  0.0238
  0.0408  0.0344  0.0351  0.0278  0.0246  0.0230  0.0278  0.0246  0.0249  0.0251  0.0216  0.0221
  0.0382  0.0348  0.0344  0.0296  0.0256  0.0231  0.0250  0.0220  0.0228  0.0223  0.0209  0.0210
  0.0364  0.0357  0.0345  0.0343  0.0280  0.0247  0.0229  0.0215  0.0214  0.0209  0.0208  0.0207
  0.0357  0.0371  0.0353  0.0412  0.0312  0.0280  0.0217  0.0228  0.0209  0.0209  0.0216  0.0210
  0.0363  0.0389  0.0367  0.0474  0.0345  0.0345  0.0216  0.0258  0.0213  0.0220  0.0233  0.0219
  0.0383  0.0409  0.0385  0.0538  0.0385  0.0436  0.0226  0.0299  0.0225  0.0239  0.0259  0.0233
niter,ni,del,rscale     7    3    5.0000    1.2000
parameters
   -3.0817   -3.2073    7.6519  -16.8042  -14.5438  -15.0210
    3.4974  -12.5996   -4.1599   -7.2146   11.0815   -0.9928
eta,q 0.97898 12.79317
  0.0273  0.0250  0.0228  0.0282  0.0294  0.0263  0.0250  0.0294  0.0249  0.0259  0.0236  0.0238
  0.0239  0.0226  0.0216  0.0252  0.0264  0.0241  0.0226  0.0246  0.0230  0.0229  0.0222  0.0221
  0.0217  0.0211  0.0209  0.0227  0.0234  0.0224  0.0213  0.0219  0.0217  0.0213  0.0213  0.0212
  0.0207  0.0207  0.0207  0.0207  0.0212  0.0212  0.0212  0.0211  0.0211  0.0211  0.0210  0.0210
  0.0211  0.0213  0.0212  0.0221  0.0219  0.0209  0.0224  0.0216  0.0212  0.0219  0.0213  0.0214
  0.0229  0.0227  0.0224  0.0276  0.0252  0.0224  0.0248  0.0235  0.0221  0.0238  0.0223  0.0223
  0.0258  0.0249  0.0241  0.0342  0.0296  0.0285  0.0282  0.0270  0.0236  0.0263  0.0242  0.0237
niter,ni,del,rscale     6    3    5.0000    1.2000
parameters
   -2.8650   -3.2789    7.7428  -17.0049  -14.3578  -14.9670
    3.1826  -12.3700   -3.9211   -7.3044   10.8362   -0.9660
eta,q 0.97900 12.79063
  0.0267  0.0250  0.0237  0.0289  0.0293  0.0261  0.0260  0.0285  0.0244  0.0263  0.0236  0.0239
  0.0238  0.0227  0.0223  0.0259  0.0262  0.0240  0.0233  0.0240  0.0226  0.0231  0.0222  0.0222
  0.0219  0.0213  0.0214  0.0232  0.0232  0.0223  0.0216  0.0216  0.0214  0.0213  0.0213  0.0213
  0.0210  0.0210  0.0210  0.0210  0.0211  0.0210  0.0210  0.0210  0.0210  0.0210  0.0210  0.0210
  0.0212  0.0216  0.0211  0.0206  0.0219  0.0208  0.0217  0.0217  0.0213  0.0218  0.0213  0.0213
  0.0226  0.0231  0.0220  0.0249  0.0252  0.0222  0.0237  0.0238  0.0224  0.0236  0.0222  0.0223
  0.0253  0.0253  0.0234  0.0315  0.0295  0.0276  0.0268  0.0274  0.0240  0.0261  0.0240  0.0237
niter,ni,del,rscale     5    3    5.0000    1.2000
parameters
   -2.8266   -3.3193    7.7659  -17.0519  -14.3133  -14.9742
    3.1177  -12.2932   -3.8422   -7.3684   10.7687   -0.9251
eta,q 0.97900 12.78941
  0.0260  0.0252  0.0236  0.0290  0.0291  0.0261  0.0262  0.0282  0.0243  0.0264  0.0236  0.0239
  0.0233  0.0228  0.0223  0.0259  0.0261  0.0239  0.0235  0.0238  0.0225  0.0232  0.0223  0.0222
  0.0216  0.0214  0.0214  0.0233  0.0230  0.0222  0.0217  0.0215  0.0214  0.0214  0.0214  0.0213
  0.0210  0.0210  0.0210  0.0210  0.0210  0.0210  0.0210  0.0210  0.0210  0.0210  0.0210  0.0210
  0.0214  0.0216  0.0212  0.0205  0.0220  0.0208  0.0216  0.0218  0.0214  0.0219  0.0212  0.0214
  0.0230  0.0231  0.0221  0.0245  0.0254  0.0222  0.0235  0.0240  0.0225  0.0236  0.0222  0.0223
  0.0258  0.0253  0.0236  0.0312  0.0297  0.0277  0.0265  0.0276  0.0242  0.0262  0.0239  0.0237
niter,ni,del,rscale     4    3    5.0000    1.2000
parameters
   -2.8179   -3.3360    7.7732  -17.0616  -14.2975  -14.9810
    3.0982  -12.2698   -3.8265   -7.3990   10.7511   -0.9024
eta,q 0.97900 12.78919
  0.0259  0.0253  0.0236  0.0291  0.0291  0.0261  0.0263  0.0281  0.0243  0.0264  0.0237  0.0239
  0.0232  0.0229  0.0223  0.0259  0.0260  0.0239  0.0236  0.0237  0.0225  0.0232  0.0223  0.0222
  0.0216  0.0214  0.0214  0.0233  0.0230  0.0222  0.0217  0.0215  0.0214  0.0214  0.0214  0.0213
  0.0210  0.0210  0.0210  0.0210  0.0210  0.0210  0.0210  0.0210  0.0210  0.0210  0.0210  0.0210
  0.0215  0.0216  0.0213  0.0204  0.0220  0.0208  0.0216  0.0218  0.0214  0.0218  0.0212  0.0214
  0.0231  0.0231  0.0222  0.0244  0.0254  0.0223  0.0235  0.0240  0.0225  0.0236  0.0221  0.0223
  0.0259  0.0253  0.0237  0.0311  0.0298  0.0277  0.0264  0.0277  0.0242  0.0261  0.0239  0.0237
registration optimization eta report
parameter search radius
    2.7600    2.7600    2.7600   10.9503   10.9503    9.5220
    9.5220    8.2800    8.2800    8.2800    9.5220    9.5220
100000*second partial in parameter space
       64.       56.       35.        8.        7.        7.
        6.       10.        5.        8.        3.        3.
  0.0259  0.0253  0.0236  0.0291  0.0291  0.0261  0.0263  0.0281  0.0243  0.0264  0.0237  0.0239
  0.0232  0.0229  0.0223  0.0259  0.0260  0.0239  0.0236  0.0237  0.0225  0.0232  0.0223  0.0222
  0.0216  0.0214  0.0214  0.0233  0.0230  0.0222  0.0217  0.0215  0.0214  0.0214  0.0214  0.0213
  0.0210  0.0210  0.0210  0.0210  0.0210  0.0210  0.0210  0.0210  0.0210  0.0210  0.0210  0.0210
  0.0215  0.0216  0.0213  0.0204  0.0220  0.0208  0.0216  0.0218  0.0214  0.0218  0.0212  0.0214
  0.0231  0.0231  0.0222  0.0244  0.0254  0.0223  0.0235  0.0240  0.0225  0.0236  0.0221  0.0223
  0.0259  0.0253  0.0237  0.0311  0.0298  0.0277  0.0264  0.0277  0.0242  0.0261  0.0239  0.0237
   -2.8179   -3.3360    7.7732  -17.0616  -14.2975  -14.9810
    3.0982  -12.2698   -3.8265   -7.3990   10.7511   -0.9024
eta,q 0.97900 12.78919

---------------------------------------------------------------------
imgreg_4dfp /opt/freesurfer/average/711-2C_as_mni_average_305 /opt/freesurfer/average/711-2B_as_mni_average_305_mask talsrcimg_g11 none talsrcimg_to_711-2C_as_mni_average_305_t4 2311
---------------------------------------------------------------------

freesurfer imgreg_4dfp.c
/opt/freesurfer/average/711-2C_as_mni_average_305.4dfp.img
       256       256       256         1
  1.000000  1.000000  1.000000
orientation T byte_order littleendian
Reading image: /opt/freesurfer/average/711-2C_as_mni_average_305.4dfp.img
dimensions:      256       256       256
mmppix:       1.0000   -1.0000   -1.0000
center:     128.0000 -129.0000 -129.0000
/opt/freesurfer/average/711-2B_as_mni_average_305_mask.4dfp.img
       256       256       256         1
  1.000000  1.000000  1.000000
orientation T byte_order littleendian
Reading mask: /opt/freesurfer/average/711-2B_as_mni_average_305_mask.4dfp.img (2306576 pixels)
talsrcimg_g11.4dfp.img
       256       256       256         1
  1.000000  1.000000  1.000000
orientation T byte_order littleendian
Reading image: talsrcimg_g11.4dfp.img
dimensions:      256       256       256
mmppix:       1.0000   -1.0000   -1.0000
center:     128.0000 -129.0000 -129.0000
fimgreg.f
image alignment mode   2311 decimal      907 hex
parameters
   -2.8179   -3.3360    7.7732  -17.0616  -14.2975  -14.9810
    3.0982  -12.2698   -3.8265   -7.3990   10.7511   -0.9024
eta,q 0.97899 12.78919
niter,ni,del,rscale     5    3    5.0000    0.8000
parameter  4 -0.508082 -> -0.500000 qaram    1.1500
parameters
   -2.7926   -3.3919    7.8330  -14.3016  -14.1559  -14.1396
    2.8857  -12.3647   -3.6689   -7.1403   10.1612   -0.7048
eta,q 0.97994 12.87275
  0.0227  0.0224  0.0220  0.0240  0.0228  0.0221  0.0218  0.0234  0.0215  0.0225  0.0209  0.0209
  0.0218  0.0216  0.0215  0.0230  0.0216  0.0213  0.0208  0.0215  0.0207  0.0211  0.0204  0.0205
  0.0212  0.0211  0.0211  0.0219  0.0207  0.0206  0.0203  0.0204  0.0203  0.0203  0.0201  0.0202
  0.0210  0.0210  0.0210  0.0210  0.0202  0.0202  0.0201  0.0201  0.0201  0.0201  0.0201  0.0201
  0.0212  0.0212  0.0211  0.0203  0.0204  0.0201  0.0203  0.0205  0.0202  0.0203  0.0203  0.0201
  0.0217  0.0218  0.0214  0.0203  0.0213  0.0204  0.0210  0.0217  0.0206  0.0209  0.0207  0.0204
  0.0226  0.0226  0.0219  0.0212  0.0227  0.0212  0.0222  0.0235  0.0214  0.0219  0.0215  0.0208
niter,ni,del,rscale     5    3    5.0000    0.8000
parameters
   -2.8696   -3.3346    7.7080  -15.3300  -14.0234  -13.6211
    3.0263  -12.4125   -3.5795   -7.1715   10.3849   -0.7413
eta,q 0.97994 12.87080
  0.0222  0.0218  0.0210  0.0226  0.0228  0.0219  0.0219  0.0233  0.0214  0.0222  0.0211  0.0209
  0.0210  0.0208  0.0204  0.0214  0.0216  0.0211  0.0210  0.0213  0.0207  0.0209  0.0206  0.0204
  0.0202  0.0203  0.0201  0.0204  0.0206  0.0205  0.0203  0.0203  0.0202  0.0202  0.0202  0.0201
  0.0201  0.0200  0.0201  0.0200  0.0201  0.0201  0.0201  0.0201  0.0201  0.0201  0.0201  0.0201
  0.0204  0.0202  0.0202  0.0209  0.0203  0.0201  0.0202  0.0205  0.0202  0.0204  0.0201  0.0202
  0.0213  0.0207  0.0207  0.0231  0.0213  0.0205  0.0208  0.0216  0.0206  0.0211  0.0204  0.0204
  0.0226  0.0216  0.0213  0.0262  0.0227  0.0214  0.0218  0.0233  0.0213  0.0221  0.0210  0.0209
niter,ni,del,rscale     4    3    5.0000    0.7000
parameters
   -2.8385   -3.3465    7.6740  -15.4405  -14.0297  -13.4947
    3.0264  -12.4825   -3.6014   -7.2014   10.4749   -0.7428
eta,q 0.97993 12.87037
  0.0218  0.0213  0.0208  0.0227  0.0222  0.0214  0.0214  0.0225  0.0210  0.0217  0.0208  0.0207
  0.0209  0.0206  0.0204  0.0216  0.0212  0.0208  0.0207  0.0210  0.0205  0.0208  0.0204  0.0203
  0.0203  0.0202  0.0201  0.0207  0.0204  0.0203  0.0202  0.0203  0.0202  0.0202  0.0202  0.0201
  0.0201  0.0201  0.0201  0.0201  0.0201  0.0201  0.0201  0.0201  0.0201  0.0201  0.0201  0.0201
  0.0202  0.0202  0.0202  0.0202  0.0203  0.0202  0.0202  0.0204  0.0202  0.0203  0.0201  0.0201
  0.0207  0.0206  0.0204  0.0214  0.0211  0.0205  0.0207  0.0212  0.0205  0.0209  0.0204  0.0203
  0.0217  0.0213  0.0209  0.0235  0.0223  0.0213  0.0214  0.0226  0.0211  0.0217  0.0208  0.0207
niter,ni,del,rscale     3    3    5.0000    0.6000
parameters
   -2.8359   -3.3544    7.6669  -15.3126  -14.0322  -13.4423
    3.0183  -12.5195   -3.6065   -7.2115   10.4856   -0.7303
eta,q 0.97996 12.87329
  0.0213  0.0210  0.0207  0.0223  0.0216  0.0210  0.0210  0.0219  0.0208  0.0213  0.0206  0.0205
  0.0206  0.0205  0.0203  0.0214  0.0209  0.0205  0.0205  0.0208  0.0204  0.0206  0.0203  0.0202
  0.0202  0.0202  0.0201  0.0206  0.0203  0.0202  0.0202  0.0202  0.0201  0.0201  0.0201  0.0201
  0.0201  0.0201  0.0201  0.0201  0.0200  0.0200  0.0200  0.0200  0.0200  0.0200  0.0200  0.0200
  0.0202  0.0202  0.0201  0.0201  0.0202  0.0201  0.0201  0.0203  0.0201  0.0202  0.0201  0.0201
  0.0206  0.0205  0.0203  0.0209  0.0208  0.0204  0.0205  0.0209  0.0204  0.0206  0.0203  0.0202
  0.0213  0.0210  0.0207  0.0224  0.0217  0.0210  0.0211  0.0219  0.0208  0.0212  0.0206  0.0205
niter,ni,del,rscale     2    3    5.0000    0.5000
parameters
   -2.8419   -3.3595    7.6591  -15.1672  -14.0277  -13.4163
    3.0031  -12.5375   -3.5916   -7.2303   10.4786   -0.7152
eta,q 0.97999 12.87579
  0.0209  0.0207  0.0205  0.0217  0.0212  0.0207  0.0207  0.0213  0.0205  0.0209  0.0204  0.0203
  0.0204  0.0203  0.0202  0.0210  0.0206  0.0203  0.0203  0.0206  0.0202  0.0204  0.0202  0.0201
  0.0201  0.0201  0.0201  0.0204  0.0202  0.0201  0.0201  0.0201  0.0201  0.0201  0.0201  0.0200
  0.0200  0.0200  0.0200  0.0200  0.0200  0.0200  0.0200  0.0200  0.0200  0.0200  0.0200  0.0200
  0.0201  0.0201  0.0201  0.0201  0.0201  0.0201  0.0201  0.0202  0.0201  0.0201  0.0201  0.0200
  0.0204  0.0203  0.0202  0.0206  0.0206  0.0203  0.0203  0.0206  0.0202  0.0204  0.0202  0.0201
  0.0209  0.0207  0.0205  0.0217  0.0212  0.0207  0.0208  0.0213  0.0205  0.0209  0.0204  0.0203
niter,ni,del,rscale     1    3    5.0000    0.4000
parameters
   -2.8478   -3.3657    7.6553  -15.0338  -14.0153  -13.4158
    2.9906  -12.5360   -3.5739   -7.2511   10.4578   -0.6794
eta,q 0.98000 12.87788
  0.0206  0.0204  0.0203  0.0212  0.0208  0.0204  0.0205  0.0209  0.0203  0.0206  0.0203  0.0202
  0.0203  0.0202  0.0201  0.0207  0.0204  0.0202  0.0202  0.0204  0.0201  0.0202  0.0201  0.0201
  0.0201  0.0201  0.0200  0.0203  0.0201  0.0200  0.0200  0.0201  0.0200  0.0200  0.0200  0.0200
  0.0200  0.0200  0.0200  0.0200  0.0200  0.0200  0.0200  0.0200  0.0200  0.0200  0.0200  0.0200
  0.0201  0.0201  0.0200  0.0200  0.0201  0.0200  0.0200  0.0201  0.0200  0.0201  0.0200  0.0200
  0.0203  0.0202  0.0201  0.0204  0.0203  0.0202  0.0202  0.0204  0.0201  0.0203  0.0201  0.0201
  0.0206  0.0204  0.0203  0.0211  0.0208  0.0205  0.0205  0.0208  0.0203  0.0206  0.0203  0.0202
registration optimization eta report
parameter search radius
    0.8000    0.8000    0.8000    2.7600    2.4000    2.4000
    2.4000    2.4000    2.4000    2.4000    2.4000    2.4000
100000*second partial in parameter space
       90.       66.       43.       15.       14.        8.
        8.       15.        6.       10.        5.        3.
  0.0206  0.0204  0.0203  0.0212  0.0208  0.0204  0.0205  0.0209  0.0203  0.0206  0.0203  0.0202
  0.0203  0.0202  0.0201  0.0207  0.0204  0.0202  0.0202  0.0204  0.0201  0.0202  0.0201  0.0201
  0.0201  0.0201  0.0200  0.0203  0.0201  0.0200  0.0200  0.0201  0.0200  0.0200  0.0200  0.0200
  0.0200  0.0200  0.0200  0.0200  0.0200  0.0200  0.0200  0.0200  0.0200  0.0200  0.0200  0.0200
  0.0201  0.0201  0.0200  0.0200  0.0201  0.0200  0.0200  0.0201  0.0200  0.0201  0.0200  0.0200
  0.0203  0.0202  0.0201  0.0204  0.0203  0.0202  0.0202  0.0204  0.0201  0.0203  0.0201  0.0201
  0.0206  0.0204  0.0203  0.0211  0.0208  0.0205  0.0205  0.0208  0.0203  0.0206  0.0203  0.0202
   -2.8478   -3.3657    7.6553  -15.0338  -14.0153  -13.4158
    2.9906  -12.5360   -3.5739   -7.2511   10.4578   -0.6794
eta,q 0.98000 12.87788

---------------------------------------------------------------------
imgreg_4dfp /opt/freesurfer/average/711-2C_as_mni_average_305 /opt/freesurfer/average/711-2B_as_mni_average_305_mask talsrcimg_g11 none talsrcimg_to_711-2C_as_mni_average_305_t4 2311
---------------------------------------------------------------------

freesurfer imgreg_4dfp.c
/opt/freesurfer/average/711-2C_as_mni_average_305.4dfp.img
       256       256       256         1
  1.000000  1.000000  1.000000
orientation T byte_order littleendian
Reading image: /opt/freesurfer/average/711-2C_as_mni_average_305.4dfp.img
dimensions:      256       256       256
mmppix:       1.0000   -1.0000   -1.0000
center:     128.0000 -129.0000 -129.0000
/opt/freesurfer/average/711-2B_as_mni_average_305_mask.4dfp.img
       256       256       256         1
  1.000000  1.000000  1.000000
orientation T byte_order littleendian
Reading mask: /opt/freesurfer/average/711-2B_as_mni_average_305_mask.4dfp.img (2306576 pixels)
talsrcimg_g11.4dfp.img
       256       256       256         1
  1.000000  1.000000  1.000000
orientation T byte_order littleendian
Reading image: talsrcimg_g11.4dfp.img
dimensions:      256       256       256
mmppix:       1.0000   -1.0000   -1.0000
center:     128.0000 -129.0000 -129.0000
fimgreg.f
image alignment mode   2311 decimal      907 hex
parameters
   -2.8478   -3.3657    7.6553  -15.0338  -14.0153  -13.4158
    2.9906  -12.5360   -3.5739   -7.2511   10.4578   -0.6794
eta,q 0.98000 12.87788
niter,ni,del,rscale     5    3    5.0000    0.8000
parameters
   -2.8612   -3.3528    7.6628  -15.4513  -14.1093  -13.6228
    2.9856  -12.4747   -3.6175   -7.2195   10.4720   -0.7337
eta,q 0.97992 12.86654
  0.0222  0.0217  0.0211  0.0224  0.0226  0.0216  0.0218  0.0234  0.0213  0.0223  0.0210  0.0209
  0.0210  0.0208  0.0205  0.0214  0.0214  0.0209  0.0209  0.0214  0.0206  0.0210  0.0205  0.0204
  0.0203  0.0202  0.0201  0.0205  0.0205  0.0203  0.0203  0.0204  0.0202  0.0203  0.0202  0.0201
  0.0200  0.0200  0.0200  0.0200  0.0201  0.0201  0.0201  0.0201  0.0201  0.0201  0.0201  0.0201
  0.0203  0.0202  0.0201  0.0204  0.0204  0.0202  0.0203  0.0204  0.0202  0.0204  0.0202  0.0202
  0.0211  0.0207  0.0205  0.0217  0.0214  0.0208  0.0208  0.0215  0.0207  0.0211  0.0205  0.0205
  0.0223  0.0216  0.0211  0.0240  0.0229  0.0221  0.0219  0.0231  0.0214  0.0221  0.0211  0.0209
niter,ni,del,rscale     4    3    5.0000    0.7000
parameters
   -2.8352   -3.3470    7.6797  -15.2897  -14.0712  -13.5497
    2.9951  -12.4863   -3.6104   -7.1947   10.4452   -0.7370
eta,q 0.97996 12.87123
  0.0218  0.0214  0.0209  0.0224  0.0222  0.0213  0.0214  0.0226  0.0210  0.0217  0.0208  0.0207
  0.0209  0.0206  0.0205  0.0214  0.0212  0.0207  0.0207  0.0211  0.0205  0.0208  0.0204  0.0203
  0.0203  0.0202  0.0202  0.0206  0.0204  0.0203  0.0202  0.0203  0.0202  0.0202  0.0201  0.0201
  0.0201  0.0201  0.0201  0.0201  0.0200  0.0200  0.0200  0.0200  0.0200  0.0200  0.0200  0.0200
  0.0202  0.0202  0.0202  0.0201  0.0202  0.0201  0.0202  0.0203  0.0201  0.0203  0.0201  0.0201
  0.0208  0.0206  0.0204  0.0209  0.0210  0.0205  0.0206  0.0212  0.0205  0.0208  0.0204  0.0203
  0.0217  0.0213  0.0209  0.0224  0.0222  0.0214  0.0214  0.0225  0.0210  0.0216  0.0208  0.0207
niter,ni,del,rscale     3    3    5.0000    0.6000
parameters
   -2.8416   -3.3504    7.6699  -15.1658  -14.0524  -13.4838
    2.9940  -12.5025   -3.5918   -7.2023   10.4345   -0.7106
eta,q 0.97998 12.87464
  0.0213  0.0210  0.0206  0.0219  0.0216  0.0210  0.0210  0.0219  0.0208  0.0213  0.0206  0.0205
  0.0206  0.0204  0.0203  0.0211  0.0209  0.0205  0.0205  0.0208  0.0204  0.0205  0.0203  0.0202
  0.0202  0.0201  0.0201  0.0205  0.0203  0.0202  0.0201  0.0202  0.0201  0.0201  0.0201  0.0201
  0.0200  0.0200  0.0200  0.0200  0.0200  0.0200  0.0200  0.0200  0.0200  0.0200  0.0200  0.0200
  0.0202  0.0202  0.0201  0.0201  0.0202  0.0201  0.0201  0.0202  0.0201  0.0202  0.0201  0.0201
  0.0206  0.0205  0.0203  0.0207  0.0208  0.0204  0.0205  0.0209  0.0203  0.0206  0.0203  0.0202
  0.0213  0.0210  0.0207  0.0219  0.0217  0.0210  0.0211  0.0219  0.0208  0.0212  0.0206  0.0205
niter,ni,del,rscale     2    3    5.0000    0.5000
parameters
   -2.8477   -3.3572    7.6657  -15.0514  -14.0418  -13.4500
    2.9862  -12.5150   -3.5759   -7.2257   10.4233   -0.6937
eta,q 0.98000 12.87676
  0.0209  0.0207  0.0204  0.0214  0.0212  0.0207  0.0207  0.0213  0.0205  0.0209  0.0204  0.0203
  0.0204  0.0203  0.0202  0.0208  0.0206  0.0203  0.0203  0.0206  0.0202  0.0204  0.0202  0.0201
  0.0201  0.0201  0.0201  0.0203  0.0202  0.0201  0.0201  0.0201  0.0201  0.0201  0.0201  0.0200
  0.0200  0.0200  0.0200  0.0200  0.0200  0.0200  0.0200  0.0200  0.0200  0.0200  0.0200  0.0200
  0.0201  0.0201  0.0201  0.0200  0.0201  0.0201  0.0201  0.0202  0.0200  0.0201  0.0200  0.0200
  0.0204  0.0203  0.0202  0.0205  0.0205  0.0203  0.0203  0.0206  0.0202  0.0204  0.0202  0.0201
  0.0209  0.0207  0.0204  0.0213  0.0212  0.0207  0.0207  0.0213  0.0205  0.0209  0.0204  0.0203
niter,ni,del,rscale     1    3    5.0000    0.4000
parameters
   -2.8499   -3.3628    7.6598  -14.9553  -14.0250  -13.4402
    2.9680  -12.5215   -3.5468   -7.2496   10.4217   -0.6654
eta,q 0.98001 12.87837
  0.0206  0.0204  0.0203  0.0209  0.0208  0.0204  0.0205  0.0208  0.0203  0.0205  0.0203  0.0202
  0.0203  0.0202  0.0201  0.0205  0.0204  0.0202  0.0202  0.0204  0.0201  0.0202  0.0201  0.0201
  0.0201  0.0200  0.0200  0.0202  0.0201  0.0200  0.0200  0.0201  0.0200  0.0200  0.0200  0.0200
  0.0200  0.0200  0.0200  0.0200  0.0200  0.0200  0.0200  0.0200  0.0200  0.0200  0.0200  0.0200
  0.0201  0.0200  0.0200  0.0200  0.0201  0.0200  0.0200  0.0201  0.0200  0.0201  0.0200  0.0200
  0.0203  0.0202  0.0201  0.0203  0.0203  0.0202  0.0202  0.0204  0.0201  0.0203  0.0201  0.0201
  0.0206  0.0204  0.0203  0.0209  0.0208  0.0204  0.0205  0.0209  0.0203  0.0205  0.0203  0.0202
registration optimization eta report
parameter search radius
    0.8000    0.8000    0.8000    2.4000    2.4000    2.4000
    2.4000    2.4000    2.4000    2.4000    2.4000    2.4000
100000*second partial in parameter space
       90.       67.       43.       16.       14.        8.
        8.       15.        6.       10.        5.        3.
  0.0206  0.0204  0.0203  0.0209  0.0208  0.0204  0.0205  0.0208  0.0203  0.0205  0.0203  0.0202
  0.0203  0.0202  0.0201  0.0205  0.0204  0.0202  0.0202  0.0204  0.0201  0.0202  0.0201  0.0201
  0.0201  0.0200  0.0200  0.0202  0.0201  0.0200  0.0200  0.0201  0.0200  0.0200  0.0200  0.0200
  0.0200  0.0200  0.0200  0.0200  0.0200  0.0200  0.0200  0.0200  0.0200  0.0200  0.0200  0.0200
  0.0201  0.0200  0.0200  0.0200  0.0201  0.0200  0.0200  0.0201  0.0200  0.0201  0.0200  0.0200
  0.0203  0.0202  0.0201  0.0203  0.0203  0.0202  0.0202  0.0204  0.0201  0.0203  0.0201  0.0201
  0.0206  0.0204  0.0203  0.0209  0.0208  0.0204  0.0205  0.0209  0.0203  0.0205  0.0203  0.0202
   -2.8499   -3.3628    7.6598  -14.9553  -14.0250  -13.4402
    2.9680  -12.5215   -3.5468   -7.2496   10.4217   -0.6654
eta,q 0.98001 12.87837

---------------------------------------------------------------------
compute_vox2vox talsrcimg talsrcimg_to_711-2C_as_mni_average_305_t4 /opt/freesurfer/average/711-2C_as_mni_average_305
---------------------------------------------------------------------

freesurfer compute_vox2vox.c
Reading: talsrcimg.4dfp.ifh
Reading: talsrcimg_to_711-2C_as_mni_average_305_t4
Reading: /opt/freesurfer/average/711-2C_as_mni_average_305.4dfp.ifh
Writing: talsrcimg_to_711-2C_as_mni_average_305_t4_vox2vox.txt

start time Wed Mar 11 08:50:39 CET 2026
end		time Wed Mar 11 08:52:06 CET 2026

mpr2mni305 success

avi2talxfm orig_nu.mgz /opt/freesurfer/average/mni305.cor.mgz talsrcimg_to_711-2C_as_mni_average_305_t4_vox2vox.txt transforms/talairach.auto.xfm
avi2talxfm done
mv -f /out/sourcedata/freesurfer/sub-v2s15x29748_ses-1/mri/talsrcimg_to_711-2C_as_mni_average_305_t4_vox2vox.txt /out/sourcedata/freesurfer/sub-v2s15x29748_ses-1/mri/transforms/talsrcimg_to_711-2C_as_mni_average_305_t4_vox2vox.txt
lta_convert --src orig_nu.mgz --trg /opt/freesurfer/average/mni305.cor.mgz --inxfm transforms/talairach.auto.xfm --outlta transforms/talairach.auto.xfm.lta --subject fsaverage
7.3.2

--src: orig_nu.mgz src image (geometry).
--trg: /opt/freesurfer/average/mni305.cor.mgz trg image (geometry).
--inmni: transforms/talairach.auto.xfm input MNI/XFM transform.
--outlta: transforms/talairach.auto.xfm.lta output LTA.
--s: fsaverage subject name
 LTA read, type : 1
 1.15418   0.16373  -0.03858   4.40934;
-0.13869   1.13635   0.01358  -11.88693;
 0.03592   0.10257   1.16268  -14.88567;
 0.00000   0.00000   0.00000   1.00000;
setting subject to fsaverage
Writing  LTA to file transforms/talairach.auto.xfm.lta...
lta_convert successful.
 
 
Started at Wed Mar 11 08:50:39 CET 2026
Ended   at Wed Mar 11 08:52:06 CET 2026
talairach_avi done
