status file for recon-all
Wed Mar 11 08:46:38 CET 2026
#@# MotionCor Wed Mar 11 08:46:39 CET 2026
#@# Talairach Wed Mar 11 08:46:47 CET 2026
#@# Talairach Failure Detection Wed Mar 11 08:51:19 CET 2026
#@# Nu Intensity Correction Wed Mar 11 08:51:19 CET 2026
#@# Intensity Normalization Wed Mar 11 08:54:34 CET 2026
recon-all -s sub-v2s15x29747_ses-1 finished without error at Wed Mar 11 08:55:58 CET 2026



#New# invocation of recon-all 



status file for recon-all
Wed Mar 11 09:03:08 CET 2026
#@# EM Registration Wed Mar 11 09:03:08 CET 2026
recon-all -s sub-v2s15x29747_ses-1 finished without error at Wed Mar 11 09:06:10 CET 2026



#New# invocation of recon-all 



status file for recon-all
Wed Mar 11 09:06:14 CET 2026
#@# CA Normalize Wed Mar 11 09:06:14 CET 2026
#@# CA Reg Wed Mar 11 09:07:33 CET 2026
#@# SubCort Seg Wed Mar 11 09:56:14 CET 2026
#@# CC Seg Wed Mar 11 10:22:35 CET 2026
#@# Merge ASeg Wed Mar 11 10:23:09 CET 2026
#@# Intensity Normalization2 Wed Mar 11 10:23:09 CET 2026
#@# Mask BFS Wed Mar 11 10:25:14 CET 2026
#@# WM Segmentation Wed Mar 11 10:25:15 CET 2026
#@# Fill Wed Mar 11 10:27:05 CET 2026
recon-all -s sub-v2s15x29747_ses-1 finished without error at Wed Mar 11 10:28:07 CET 2026



#New# invocation of recon-all 



status file for recon-all
Wed Mar 11 11:12:11 CET 2026
#@# white curv lh Wed Mar 11 11:12:11 CET 2026
#@# white area lh Wed Mar 11 11:12:11 CET 2026
#@# pial curv lh Wed Mar 11 11:12:11 CET 2026
#@# pial area lh Wed Mar 11 11:12:11 CET 2026
#@# thickness lh Wed Mar 11 11:12:11 CET 2026
#@# area and vertex vol lh Wed Mar 11 11:12:11 CET 2026
#@# white curv rh Wed Mar 11 11:12:11 CET 2026
#@# white area rh Wed Mar 11 11:12:11 CET 2026
#@# pial curv rh Wed Mar 11 11:12:11 CET 2026
#@# pial area rh Wed Mar 11 11:12:11 CET 2026
#@# thickness rh Wed Mar 11 11:12:11 CET 2026
#@# area and vertex vol rh Wed Mar 11 11:12:11 CET 2026
#@# Cortical ribbon mask Wed Mar 11 11:12:11 CET 2026
recon-all -s sub-v2s15x29747_ses-1 finished without error at Wed Mar 11 11:16:57 CET 2026



#New# invocation of recon-all 



status file for recon-all
Wed Mar 11 11:23:31 CET 2026
#@# white curv lh Wed Mar 11 11:23:31 CET 2026
#@# white area lh Wed Mar 11 11:23:31 CET 2026
#@# pial curv lh Wed Mar 11 11:23:31 CET 2026
#@# pial area lh Wed Mar 11 11:23:31 CET 2026
#@# thickness lh Wed Mar 11 11:23:31 CET 2026
#@# area and vertex vol lh Wed Mar 11 11:23:31 CET 2026
#@# white curv rh Wed Mar 11 11:23:31 CET 2026
#@# white area rh Wed Mar 11 11:23:31 CET 2026
#@# pial curv rh Wed Mar 11 11:23:31 CET 2026
#@# pial area rh Wed Mar 11 11:23:31 CET 2026
#@# thickness rh Wed Mar 11 11:23:31 CET 2026
#@# area and vertex vol rh Wed Mar 11 11:23:31 CET 2026
#@# Curvature Stats lh Wed Mar 11 11:23:31 CET 2026
#@# Curvature Stats rh Wed Mar 11 11:23:34 CET 2026
#@# Relabel Hypointensities Wed Mar 11 11:23:36 CET 2026
#@# APas-to-ASeg Wed Mar 11 11:23:52 CET 2026
#@# AParc-to-ASeg aparc Wed Mar 11 11:24:01 CET 2026
#@# AParc-to-ASeg aparc.a2009s Wed Mar 11 11:24:43 CET 2026
#@# AParc-to-ASeg aparc.DKTatlas Wed Mar 11 11:25:25 CET 2026
#@# WMParc Wed Mar 11 11:26:10 CET 2026
#@# ASeg Stats Wed Mar 11 11:30:35 CET 2026
recon-all -s sub-v2s15x29747_ses-1 finished without error at Wed Mar 11 11:31:16 CET 2026
