status file for recon-all
Wed Mar 11 10:48:05 CET 2026
#@# Tessellate rh Wed Mar 11 10:48:05 CET 2026
#@# Smooth1 rh Wed Mar 11 10:48:08 CET 2026
#@# Inflation1 rh Wed Mar 11 10:48:11 CET 2026
#@# QSphere rh Wed Mar 11 10:48:23 CET 2026
#@# Fix Topology rh Wed Mar 11 10:49:36 CET 2026
#@# Smooth2 rh Wed Mar 11 10:54:30 CET 2026
#@# Inflation2 rh Wed Mar 11 10:54:33 CET 2026
#@# Curv .H and .K rh Wed Mar 11 10:54:48 CET 2026
#@# Sphere rh Wed Mar 11 10:55:31 CET 2026
#@# Surf Reg rh Wed Mar 11 10:59:28 CET 2026
#@# Jacobian white rh Wed Mar 11 11:04:14 CET 2026
#@# AvgCurv rh Wed Mar 11 11:04:15 CET 2026
#@# Cortical Parc rh Wed Mar 11 11:04:16 CET 2026
#@# white curv rh Wed Mar 11 11:11:00 CET 2026
#@# white area rh Wed Mar 11 11:11:02 CET 2026
#@# pial curv rh Wed Mar 11 11:11:03 CET 2026
#@# pial area rh Wed Mar 11 11:11:05 CET 2026
#@# thickness rh Wed Mar 11 11:11:05 CET 2026
#@# area and vertex vol rh Wed Mar 11 11:11:34 CET 2026
#@# Curvature Stats rh Wed Mar 11 11:11:35 CET 2026
#@# Cortical Parc 2 rh Wed Mar 11 11:11:38 CET 2026
#@# Cortical Parc 3 rh Wed Mar 11 11:11:51 CET 2026
#@# WM/GM Contrast rh Wed Mar 11 11:12:02 CET 2026
recon-all -s sub-v2s15x29747_ses-1 finished without error at Wed Mar 11 11:12:05 CET 2026



#New# invocation of recon-all 



status file for recon-all
Wed Mar 11 11:20:11 CET 2026
#@# white curv rh Wed Mar 11 11:20:11 CET 2026
#@# white area rh Wed Mar 11 11:20:12 CET 2026
#@# pial curv rh Wed Mar 11 11:20:12 CET 2026
#@# pial area rh Wed Mar 11 11:20:12 CET 2026
#@# thickness rh Wed Mar 11 11:20:12 CET 2026
#@# area and vertex vol rh Wed Mar 11 11:20:12 CET 2026
#@# Parcellation Stats rh Wed Mar 11 11:20:12 CET 2026
#@# Parcellation Stats 2 rh Wed Mar 11 11:20:28 CET 2026
#@# Parcellation Stats 3 rh Wed Mar 11 11:20:36 CET 2026
#@# BA_exvivo Labels rh Wed Mar 11 11:20:44 CET 2026
recon-all -s sub-v2s15x29747_ses-1 finished without error at Wed Mar 11 11:23:26 CET 2026
