status file for recon-all
Wed Mar 11 10:28:11 CET 2026
#@# Tessellate lh Wed Mar 11 10:28:11 CET 2026
#@# Smooth1 lh Wed Mar 11 10:28:15 CET 2026
#@# Inflation1 lh Wed Mar 11 10:28:17 CET 2026
#@# QSphere lh Wed Mar 11 10:28:29 CET 2026
#@# Fix Topology lh Wed Mar 11 10:29:39 CET 2026
#@# Smooth2 lh Wed Mar 11 10:34:40 CET 2026
#@# Inflation2 lh Wed Mar 11 10:34:42 CET 2026
#@# Curv .H and .K lh Wed Mar 11 10:34:56 CET 2026
#@# Sphere lh Wed Mar 11 10:35:37 CET 2026
#@# Surf Reg lh Wed Mar 11 10:37:46 CET 2026
#@# Jacobian white lh Wed Mar 11 10:40:59 CET 2026
#@# AvgCurv lh Wed Mar 11 10:41:00 CET 2026
#@# Cortical Parc lh Wed Mar 11 10:41:01 CET 2026
#@# white curv lh Wed Mar 11 10:47:03 CET 2026
#@# white area lh Wed Mar 11 10:47:04 CET 2026
#@# pial curv lh Wed Mar 11 10:47:05 CET 2026
#@# pial area lh Wed Mar 11 10:47:06 CET 2026
#@# thickness lh Wed Mar 11 10:47:07 CET 2026
#@# area and vertex vol lh Wed Mar 11 10:47:34 CET 2026
#@# Curvature Stats lh Wed Mar 11 10:47:35 CET 2026
#@# Cortical Parc 2 lh Wed Mar 11 10:47:37 CET 2026
#@# Cortical Parc 3 lh Wed Mar 11 10:47:50 CET 2026
#@# WM/GM Contrast lh Wed Mar 11 10:47:59 CET 2026
recon-all -s sub-v2s15x29747_ses-1 finished without error at Wed Mar 11 10:48:02 CET 2026



#New# invocation of recon-all 



status file for recon-all
Wed Mar 11 11:17:01 CET 2026
#@# white curv lh Wed Mar 11 11:17:01 CET 2026
#@# white area lh Wed Mar 11 11:17:01 CET 2026
#@# pial curv lh Wed Mar 11 11:17:01 CET 2026
#@# pial area lh Wed Mar 11 11:17:01 CET 2026
#@# thickness lh Wed Mar 11 11:17:01 CET 2026
#@# area and vertex vol lh Wed Mar 11 11:17:01 CET 2026
#@# Parcellation Stats lh Wed Mar 11 11:17:01 CET 2026
#@# Parcellation Stats 2 lh Wed Mar 11 11:17:19 CET 2026
#@# Parcellation Stats 3 lh Wed Mar 11 11:17:27 CET 2026
#@# BA_exvivo Labels lh Wed Mar 11 11:17:34 CET 2026
recon-all -s sub-v2s15x29747_ses-1 finished without error at Wed Mar 11 11:20:10 CET 2026
