status file for recon-all
Wed Mar 11 09:52:05 CET 2026
#@# Tessellate rh Wed Mar 11 09:52:05 CET 2026
#@# Smooth1 rh Wed Mar 11 09:52:09 CET 2026
#@# Inflation1 rh Wed Mar 11 09:52:11 CET 2026
#@# QSphere rh Wed Mar 11 09:52:24 CET 2026
#@# Fix Topology rh Wed Mar 11 09:53:33 CET 2026
#@# Smooth2 rh Wed Mar 11 09:58:55 CET 2026
#@# Inflation2 rh Wed Mar 11 09:58:57 CET 2026
#@# Curv .H and .K rh Wed Mar 11 09:59:11 CET 2026
#@# Sphere rh Wed Mar 11 09:59:53 CET 2026
#@# Surf Reg rh Wed Mar 11 10:02:54 CET 2026
#@# Jacobian white rh Wed Mar 11 10:06:51 CET 2026
#@# AvgCurv rh Wed Mar 11 10:06:52 CET 2026
#@# Cortical Parc rh Wed Mar 11 10:06:53 CET 2026
#@# white curv rh Wed Mar 11 10:13:34 CET 2026
#@# white area rh Wed Mar 11 10:13:35 CET 2026
#@# pial curv rh Wed Mar 11 10:13:36 CET 2026
#@# pial area rh Wed Mar 11 10:13:38 CET 2026
#@# thickness rh Wed Mar 11 10:13:39 CET 2026
#@# area and vertex vol rh Wed Mar 11 10:14:06 CET 2026
#@# Curvature Stats rh Wed Mar 11 10:14:08 CET 2026
#@# Cortical Parc 2 rh Wed Mar 11 10:14:10 CET 2026
#@# Cortical Parc 3 rh Wed Mar 11 10:14:23 CET 2026
#@# WM/GM Contrast rh Wed Mar 11 10:14:33 CET 2026
recon-all -s sub-v2s15x29732_ses-1 finished without error at Wed Mar 11 10:14:36 CET 2026



#New# invocation of recon-all 



status file for recon-all
Wed Mar 11 10:21:22 CET 2026
#@# white curv rh Wed Mar 11 10:21:22 CET 2026
#@# white area rh Wed Mar 11 10:21:22 CET 2026
#@# pial curv rh Wed Mar 11 10:21:22 CET 2026
#@# pial area rh Wed Mar 11 10:21:22 CET 2026
#@# thickness rh Wed Mar 11 10:21:22 CET 2026
#@# area and vertex vol rh Wed Mar 11 10:21:22 CET 2026
#@# Parcellation Stats rh Wed Mar 11 10:21:22 CET 2026
#@# Parcellation Stats 2 rh Wed Mar 11 10:21:38 CET 2026
#@# Parcellation Stats 3 rh Wed Mar 11 10:21:47 CET 2026
#@# BA_exvivo Labels rh Wed Mar 11 10:21:55 CET 2026
recon-all -s sub-v2s15x29732_ses-1 finished without error at Wed Mar 11 10:24:23 CET 2026
