status file for recon-all
Wed Mar 11 07:43:14 CET 2026
#@# MotionCor Wed Mar 11 07:43:16 CET 2026
#@# Talairach Wed Mar 11 07:43:23 CET 2026
#@# Talairach Failure Detection Wed Mar 11 07:47:50 CET 2026
#@# Nu Intensity Correction Wed Mar 11 07:47:50 CET 2026
#@# Intensity Normalization Wed Mar 11 07:51:05 CET 2026
recon-all -s sub-v2s15x29732_ses-1 finished without error at Wed Mar 11 07:52:28 CET 2026



#New# invocation of recon-all 



status file for recon-all
Wed Mar 11 07:59:32 CET 2026
#@# EM Registration Wed Mar 11 07:59:32 CET 2026
recon-all -s sub-v2s15x29732_ses-1 finished without error at Wed Mar 11 08:02:14 CET 2026



#New# invocation of recon-all 



status file for recon-all
Wed Mar 11 08:02:15 CET 2026
#@# CA Normalize Wed Mar 11 08:02:15 CET 2026
#@# CA Reg Wed Mar 11 08:03:33 CET 2026
#@# SubCort Seg Wed Mar 11 08:55:03 CET 2026
#@# CC Seg Wed Mar 11 09:23:28 CET 2026
#@# Merge ASeg Wed Mar 11 09:24:51 CET 2026
#@# Intensity Normalization2 Wed Mar 11 09:24:51 CET 2026
#@# Mask BFS Wed Mar 11 09:26:55 CET 2026
#@# WM Segmentation Wed Mar 11 09:26:56 CET 2026
#@# Fill Wed Mar 11 09:28:44 CET 2026
recon-all -s sub-v2s15x29732_ses-1 finished without error at Wed Mar 11 09:29:47 CET 2026



#New# invocation of recon-all 



status file for recon-all
Wed Mar 11 10:14:42 CET 2026
#@# white curv lh Wed Mar 11 10:14:42 CET 2026
#@# white area lh Wed Mar 11 10:14:42 CET 2026
#@# pial curv lh Wed Mar 11 10:14:42 CET 2026
#@# pial area lh Wed Mar 11 10:14:42 CET 2026
#@# thickness lh Wed Mar 11 10:14:42 CET 2026
#@# area and vertex vol lh Wed Mar 11 10:14:42 CET 2026
#@# white curv rh Wed Mar 11 10:14:42 CET 2026
#@# white area rh Wed Mar 11 10:14:42 CET 2026
#@# pial curv rh Wed Mar 11 10:14:42 CET 2026
#@# pial area rh Wed Mar 11 10:14:42 CET 2026
#@# thickness rh Wed Mar 11 10:14:42 CET 2026
#@# area and vertex vol rh Wed Mar 11 10:14:42 CET 2026
#@# Cortical ribbon mask Wed Mar 11 10:14:42 CET 2026
recon-all -s sub-v2s15x29732_ses-1 finished without error at Wed Mar 11 10:18:21 CET 2026



#New# invocation of recon-all 



status file for recon-all
Wed Mar 11 10:24:28 CET 2026
#@# white curv lh Wed Mar 11 10:24:28 CET 2026
#@# white area lh Wed Mar 11 10:24:28 CET 2026
#@# pial curv lh Wed Mar 11 10:24:28 CET 2026
#@# pial area lh Wed Mar 11 10:24:28 CET 2026
#@# thickness lh Wed Mar 11 10:24:28 CET 2026
#@# area and vertex vol lh Wed Mar 11 10:24:28 CET 2026
#@# white curv rh Wed Mar 11 10:24:28 CET 2026
#@# white area rh Wed Mar 11 10:24:28 CET 2026
#@# pial curv rh Wed Mar 11 10:24:28 CET 2026
#@# pial area rh Wed Mar 11 10:24:28 CET 2026
#@# thickness rh Wed Mar 11 10:24:28 CET 2026
#@# area and vertex vol rh Wed Mar 11 10:24:28 CET 2026
#@# Curvature Stats lh Wed Mar 11 10:24:28 CET 2026
#@# Curvature Stats rh Wed Mar 11 10:24:30 CET 2026
#@# Relabel Hypointensities Wed Mar 11 10:24:33 CET 2026
#@# APas-to-ASeg Wed Mar 11 10:24:48 CET 2026
#@# AParc-to-ASeg aparc Wed Mar 11 10:24:55 CET 2026
#@# AParc-to-ASeg aparc.a2009s Wed Mar 11 10:25:32 CET 2026
#@# AParc-to-ASeg aparc.DKTatlas Wed Mar 11 10:26:09 CET 2026
#@# WMParc Wed Mar 11 10:26:46 CET 2026
#@# ASeg Stats Wed Mar 11 10:30:48 CET 2026
recon-all -s sub-v2s15x29732_ses-1 finished without error at Wed Mar 11 10:31:27 CET 2026
