status file for recon-all
Wed Mar 11 11:36:06 CET 2026
#@# Tessellate lh Wed Mar 11 11:36:06 CET 2026
#@# Smooth1 lh Wed Mar 11 11:36:09 CET 2026
#@# Inflation1 lh Wed Mar 11 11:36:12 CET 2026
#@# QSphere lh Wed Mar 11 11:36:27 CET 2026
#@# Fix Topology lh Wed Mar 11 11:37:52 CET 2026
#@# Smooth2 lh Wed Mar 11 11:44:08 CET 2026
#@# Inflation2 lh Wed Mar 11 11:44:11 CET 2026
#@# Curv .H and .K lh Wed Mar 11 11:44:28 CET 2026
#@# Sphere lh Wed Mar 11 11:45:20 CET 2026
#@# Surf Reg lh Wed Mar 11 11:49:06 CET 2026
#@# Jacobian white lh Wed Mar 11 11:53:51 CET 2026
#@# AvgCurv lh Wed Mar 11 11:53:52 CET 2026
#@# Cortical Parc lh Wed Mar 11 11:53:53 CET 2026
#@# white curv lh Wed Mar 11 12:01:43 CET 2026
#@# white area lh Wed Mar 11 12:01:46 CET 2026
#@# pial curv lh Wed Mar 11 12:01:47 CET 2026
#@# pial area lh Wed Mar 11 12:01:49 CET 2026
#@# thickness lh Wed Mar 11 12:01:50 CET 2026
#@# area and vertex vol lh Wed Mar 11 12:02:24 CET 2026
#@# Curvature Stats lh Wed Mar 11 12:02:26 CET 2026
#@# Cortical Parc 2 lh Wed Mar 11 12:02:29 CET 2026
#@# Cortical Parc 3 lh Wed Mar 11 12:02:44 CET 2026
#@# WM/GM Contrast lh Wed Mar 11 12:02:56 CET 2026
recon-all -s sub-v2s15x29757_ses-1 finished without error at Wed Mar 11 12:02:59 CET 2026



#New# invocation of recon-all 



status file for recon-all
Wed Mar 11 12:36:22 CET 2026
#@# white curv lh Wed Mar 11 12:36:22 CET 2026
#@# white area lh Wed Mar 11 12:36:22 CET 2026
#@# pial curv lh Wed Mar 11 12:36:22 CET 2026
#@# pial area lh Wed Mar 11 12:36:22 CET 2026
#@# thickness lh Wed Mar 11 12:36:22 CET 2026
#@# area and vertex vol lh Wed Mar 11 12:36:22 CET 2026
#@# Parcellation Stats lh Wed Mar 11 12:36:22 CET 2026
#@# Parcellation Stats 2 lh Wed Mar 11 12:36:45 CET 2026
#@# Parcellation Stats 3 lh Wed Mar 11 12:36:56 CET 2026
#@# BA_exvivo Labels lh Wed Mar 11 12:37:08 CET 2026
recon-all -s sub-v2s15x29757_ses-1 finished without error at Wed Mar 11 12:40:08 CET 2026
