status file for recon-all
Wed Mar 11 09:48:58 CET 2026
#@# MotionCor Wed Mar 11 09:49:00 CET 2026
#@# Talairach Wed Mar 11 09:49:08 CET 2026
#@# Talairach Failure Detection Wed Mar 11 09:53:32 CET 2026
#@# Nu Intensity Correction Wed Mar 11 09:53:32 CET 2026
#@# Intensity Normalization Wed Mar 11 09:56:49 CET 2026
recon-all -s sub-v2s15x29757_ses-1 finished without error at Wed Mar 11 09:58:21 CET 2026



#New# invocation of recon-all 



status file for recon-all
Wed Mar 11 10:05:52 CET 2026
#@# EM Registration Wed Mar 11 10:05:52 CET 2026
recon-all -s sub-v2s15x29757_ses-1 finished without error at Wed Mar 11 10:07:50 CET 2026



#New# invocation of recon-all 



status file for recon-all
Wed Mar 11 10:07:51 CET 2026
#@# CA Normalize Wed Mar 11 10:07:51 CET 2026
#@# CA Reg Wed Mar 11 10:09:09 CET 2026
#@# SubCort Seg Wed Mar 11 10:59:47 CET 2026
#@# CC Seg Wed Mar 11 11:29:58 CET 2026
#@# Merge ASeg Wed Mar 11 11:30:48 CET 2026
#@# Intensity Normalization2 Wed Mar 11 11:30:48 CET 2026
#@# Mask BFS Wed Mar 11 11:33:06 CET 2026
#@# WM Segmentation Wed Mar 11 11:33:07 CET 2026
#@# Fill Wed Mar 11 11:35:01 CET 2026
recon-all -s sub-v2s15x29757_ses-1 finished without error at Wed Mar 11 11:36:02 CET 2026



#New# invocation of recon-all 



status file for recon-all
Wed Mar 11 12:28:34 CET 2026
#@# white curv lh Wed Mar 11 12:28:34 CET 2026
#@# white area lh Wed Mar 11 12:28:34 CET 2026
#@# pial curv lh Wed Mar 11 12:28:34 CET 2026
#@# pial area lh Wed Mar 11 12:28:34 CET 2026
#@# thickness lh Wed Mar 11 12:28:34 CET 2026
#@# area and vertex vol lh Wed Mar 11 12:28:34 CET 2026
#@# white curv rh Wed Mar 11 12:28:34 CET 2026
#@# white area rh Wed Mar 11 12:28:34 CET 2026
#@# pial curv rh Wed Mar 11 12:28:34 CET 2026
#@# pial area rh Wed Mar 11 12:28:34 CET 2026
#@# thickness rh Wed Mar 11 12:28:34 CET 2026
#@# area and vertex vol rh Wed Mar 11 12:28:34 CET 2026
#@# Cortical ribbon mask Wed Mar 11 12:28:34 CET 2026
recon-all -s sub-v2s15x29757_ses-1 finished without error at Wed Mar 11 12:36:17 CET 2026



#New# invocation of recon-all 



status file for recon-all
Wed Mar 11 12:43:56 CET 2026
#@# white curv lh Wed Mar 11 12:43:56 CET 2026
#@# white area lh Wed Mar 11 12:43:56 CET 2026
#@# pial curv lh Wed Mar 11 12:43:56 CET 2026
#@# pial area lh Wed Mar 11 12:43:56 CET 2026
#@# thickness lh Wed Mar 11 12:43:56 CET 2026
#@# area and vertex vol lh Wed Mar 11 12:43:56 CET 2026
#@# white curv rh Wed Mar 11 12:43:56 CET 2026
#@# white area rh Wed Mar 11 12:43:56 CET 2026
#@# pial curv rh Wed Mar 11 12:43:56 CET 2026
#@# pial area rh Wed Mar 11 12:43:56 CET 2026
#@# thickness rh Wed Mar 11 12:43:56 CET 2026
#@# area and vertex vol rh Wed Mar 11 12:43:56 CET 2026
#@# Curvature Stats lh Wed Mar 11 12:43:56 CET 2026
#@# Curvature Stats rh Wed Mar 11 12:43:58 CET 2026
#@# Relabel Hypointensities Wed Mar 11 12:44:01 CET 2026
#@# APas-to-ASeg Wed Mar 11 12:44:18 CET 2026
#@# AParc-to-ASeg aparc Wed Mar 11 12:44:28 CET 2026
#@# AParc-to-ASeg aparc.a2009s Wed Mar 11 12:45:13 CET 2026
#@# AParc-to-ASeg aparc.DKTatlas Wed Mar 11 12:46:03 CET 2026
#@# WMParc Wed Mar 11 12:46:50 CET 2026
#@# ASeg Stats Wed Mar 11 12:50:38 CET 2026
recon-all -s sub-v2s15x29757_ses-1 finished without error at Wed Mar 11 12:51:22 CET 2026
