status file for recon-all
Wed Mar 11 12:03:02 CET 2026
#@# Tessellate rh Wed Mar 11 12:03:02 CET 2026
#@# Smooth1 rh Wed Mar 11 12:03:06 CET 2026
#@# Inflation1 rh Wed Mar 11 12:03:09 CET 2026
#@# QSphere rh Wed Mar 11 12:03:25 CET 2026
#@# Fix Topology rh Wed Mar 11 12:04:52 CET 2026
#@# Smooth2 rh Wed Mar 11 12:11:01 CET 2026
#@# Inflation2 rh Wed Mar 11 12:11:04 CET 2026
#@# Curv .H and .K rh Wed Mar 11 12:11:21 CET 2026
#@# Sphere rh Wed Mar 11 12:12:14 CET 2026
#@# Surf Reg rh Wed Mar 11 12:15:01 CET 2026
#@# Jacobian white rh Wed Mar 11 12:19:34 CET 2026
#@# AvgCurv rh Wed Mar 11 12:19:35 CET 2026
#@# Cortical Parc rh Wed Mar 11 12:19:36 CET 2026
#@# white curv rh Wed Mar 11 12:27:16 CET 2026
#@# white area rh Wed Mar 11 12:27:18 CET 2026
#@# pial curv rh Wed Mar 11 12:27:19 CET 2026
#@# pial area rh Wed Mar 11 12:27:21 CET 2026
#@# thickness rh Wed Mar 11 12:27:22 CET 2026
#@# area and vertex vol rh Wed Mar 11 12:27:57 CET 2026
#@# Curvature Stats rh Wed Mar 11 12:27:59 CET 2026
#@# Cortical Parc 2 rh Wed Mar 11 12:28:02 CET 2026
#@# Cortical Parc 3 rh Wed Mar 11 12:28:16 CET 2026
#@# WM/GM Contrast rh Wed Mar 11 12:28:27 CET 2026
recon-all -s sub-v2s15x29757_ses-1 finished without error at Wed Mar 11 12:28:30 CET 2026



#New# invocation of recon-all 



status file for recon-all
Wed Mar 11 12:40:10 CET 2026
#@# white curv rh Wed Mar 11 12:40:10 CET 2026
#@# white area rh Wed Mar 11 12:40:10 CET 2026
#@# pial curv rh Wed Mar 11 12:40:10 CET 2026
#@# pial area rh Wed Mar 11 12:40:10 CET 2026
#@# thickness rh Wed Mar 11 12:40:10 CET 2026
#@# area and vertex vol rh Wed Mar 11 12:40:10 CET 2026
#@# Parcellation Stats rh Wed Mar 11 12:40:10 CET 2026
#@# Parcellation Stats 2 rh Wed Mar 11 12:40:32 CET 2026
#@# Parcellation Stats 3 rh Wed Mar 11 12:40:44 CET 2026
#@# BA_exvivo Labels rh Wed Mar 11 12:40:55 CET 2026
recon-all -s sub-v2s15x29757_ses-1 finished without error at Wed Mar 11 12:43:49 CET 2026
