status file for recon-all
Wed Mar 11 07:51:18 CET 2026
#@# MotionCor Wed Mar 11 07:51:19 CET 2026
#@# Talairach Wed Mar 11 07:51:27 CET 2026
#@# Talairach Failure Detection Wed Mar 11 07:55:51 CET 2026
#@# Nu Intensity Correction Wed Mar 11 07:55:51 CET 2026
#@# Intensity Normalization Wed Mar 11 07:59:09 CET 2026
recon-all -s sub-v2s15x29734_ses-1 finished without error at Wed Mar 11 08:00:38 CET 2026



#New# invocation of recon-all 



status file for recon-all
Wed Mar 11 08:08:03 CET 2026
#@# EM Registration Wed Mar 11 08:08:03 CET 2026
recon-all -s sub-v2s15x29734_ses-1 finished without error at Wed Mar 11 08:11:15 CET 2026



#New# invocation of recon-all 



status file for recon-all
Wed Mar 11 08:11:16 CET 2026
#@# CA Normalize Wed Mar 11 08:11:17 CET 2026
#@# CA Reg Wed Mar 11 08:12:35 CET 2026
#@# SubCort Seg Wed Mar 11 09:02:16 CET 2026
#@# CC Seg Wed Mar 11 09:32:32 CET 2026
#@# Merge ASeg Wed Mar 11 09:33:15 CET 2026
#@# Intensity Normalization2 Wed Mar 11 09:33:15 CET 2026
#@# Mask BFS Wed Mar 11 09:35:24 CET 2026
#@# WM Segmentation Wed Mar 11 09:35:25 CET 2026
#@# Fill Wed Mar 11 09:37:24 CET 2026
recon-all -s sub-v2s15x29734_ses-1 finished without error at Wed Mar 11 09:38:25 CET 2026



#New# invocation of recon-all 



status file for recon-all
Wed Mar 11 10:39:13 CET 2026
#@# white curv lh Wed Mar 11 10:39:13 CET 2026
#@# white area lh Wed Mar 11 10:39:13 CET 2026
#@# pial curv lh Wed Mar 11 10:39:13 CET 2026
#@# pial area lh Wed Mar 11 10:39:13 CET 2026
#@# thickness lh Wed Mar 11 10:39:13 CET 2026
#@# area and vertex vol lh Wed Mar 11 10:39:13 CET 2026
#@# white curv rh Wed Mar 11 10:39:13 CET 2026
#@# white area rh Wed Mar 11 10:39:13 CET 2026
#@# pial curv rh Wed Mar 11 10:39:13 CET 2026
#@# pial area rh Wed Mar 11 10:39:13 CET 2026
#@# thickness rh Wed Mar 11 10:39:13 CET 2026
#@# area and vertex vol rh Wed Mar 11 10:39:13 CET 2026
#@# Cortical ribbon mask Wed Mar 11 10:39:13 CET 2026
recon-all -s sub-v2s15x29734_ses-1 finished without error at Wed Mar 11 10:45:22 CET 2026



#New# invocation of recon-all 



status file for recon-all
Wed Mar 11 10:51:45 CET 2026
#@# white curv lh Wed Mar 11 10:51:45 CET 2026
#@# white area lh Wed Mar 11 10:51:45 CET 2026
#@# pial curv lh Wed Mar 11 10:51:45 CET 2026
#@# pial area lh Wed Mar 11 10:51:45 CET 2026
#@# thickness lh Wed Mar 11 10:51:45 CET 2026
#@# area and vertex vol lh Wed Mar 11 10:51:45 CET 2026
#@# white curv rh Wed Mar 11 10:51:45 CET 2026
#@# white area rh Wed Mar 11 10:51:45 CET 2026
#@# pial curv rh Wed Mar 11 10:51:45 CET 2026
#@# pial area rh Wed Mar 11 10:51:45 CET 2026
#@# thickness rh Wed Mar 11 10:51:45 CET 2026
#@# area and vertex vol rh Wed Mar 11 10:51:45 CET 2026
#@# Curvature Stats lh Wed Mar 11 10:51:45 CET 2026
#@# Curvature Stats rh Wed Mar 11 10:51:48 CET 2026
#@# Relabel Hypointensities Wed Mar 11 10:51:50 CET 2026
#@# APas-to-ASeg Wed Mar 11 10:52:05 CET 2026
#@# AParc-to-ASeg aparc Wed Mar 11 10:52:13 CET 2026
#@# AParc-to-ASeg aparc.a2009s Wed Mar 11 10:52:43 CET 2026
#@# AParc-to-ASeg aparc.DKTatlas Wed Mar 11 10:53:14 CET 2026
#@# WMParc Wed Mar 11 10:53:47 CET 2026
#@# ASeg Stats Wed Mar 11 10:57:27 CET 2026
recon-all -s sub-v2s15x29734_ses-1 finished without error at Wed Mar 11 10:58:08 CET 2026
