status file for recon-all
Wed Mar 11 09:38:29 CET 2026
#@# Tessellate lh Wed Mar 11 09:38:29 CET 2026
#@# Smooth1 lh Wed Mar 11 09:38:33 CET 2026
#@# Inflation1 lh Wed Mar 11 09:38:35 CET 2026
#@# QSphere lh Wed Mar 11 09:38:49 CET 2026
#@# Fix Topology lh Wed Mar 11 09:39:57 CET 2026
#@# Smooth2 lh Wed Mar 11 09:48:48 CET 2026
#@# Inflation2 lh Wed Mar 11 09:48:51 CET 2026
#@# Curv .H and .K lh Wed Mar 11 09:49:04 CET 2026
#@# Sphere lh Wed Mar 11 09:49:48 CET 2026
#@# Surf Reg lh Wed Mar 11 09:57:43 CET 2026
#@# Jacobian white lh Wed Mar 11 10:04:12 CET 2026
#@# AvgCurv lh Wed Mar 11 10:04:13 CET 2026
#@# Cortical Parc lh Wed Mar 11 10:04:14 CET 2026
#@# white curv lh Wed Mar 11 10:10:16 CET 2026
#@# white area lh Wed Mar 11 10:10:18 CET 2026
#@# pial curv lh Wed Mar 11 10:10:19 CET 2026
#@# pial area lh Wed Mar 11 10:10:20 CET 2026
#@# thickness lh Wed Mar 11 10:10:21 CET 2026
#@# area and vertex vol lh Wed Mar 11 10:10:48 CET 2026
#@# Curvature Stats lh Wed Mar 11 10:10:49 CET 2026
#@# Cortical Parc 2 lh Wed Mar 11 10:10:52 CET 2026
#@# Cortical Parc 3 lh Wed Mar 11 10:11:04 CET 2026
#@# WM/GM Contrast lh Wed Mar 11 10:11:13 CET 2026
recon-all -s sub-v2s15x29734_ses-1 finished without error at Wed Mar 11 10:11:16 CET 2026



#New# invocation of recon-all 



status file for recon-all
Wed Mar 11 10:45:25 CET 2026
#@# white curv lh Wed Mar 11 10:45:25 CET 2026
#@# white area lh Wed Mar 11 10:45:25 CET 2026
#@# pial curv lh Wed Mar 11 10:45:25 CET 2026
#@# pial area lh Wed Mar 11 10:45:25 CET 2026
#@# thickness lh Wed Mar 11 10:45:25 CET 2026
#@# area and vertex vol lh Wed Mar 11 10:45:25 CET 2026
#@# Parcellation Stats lh Wed Mar 11 10:45:25 CET 2026
#@# Parcellation Stats 2 lh Wed Mar 11 10:45:42 CET 2026
#@# Parcellation Stats 3 lh Wed Mar 11 10:45:51 CET 2026
#@# BA_exvivo Labels lh Wed Mar 11 10:45:59 CET 2026
recon-all -s sub-v2s15x29734_ses-1 finished without error at Wed Mar 11 10:48:35 CET 2026
