status file for recon-all
Wed Mar 11 10:11:19 CET 2026
#@# Tessellate rh Wed Mar 11 10:11:19 CET 2026
#@# Smooth1 rh Wed Mar 11 10:11:23 CET 2026
#@# Inflation1 rh Wed Mar 11 10:11:25 CET 2026
#@# QSphere rh Wed Mar 11 10:11:39 CET 2026
#@# Fix Topology rh Wed Mar 11 10:12:59 CET 2026
#@# Smooth2 rh Wed Mar 11 10:23:16 CET 2026
#@# Inflation2 rh Wed Mar 11 10:23:19 CET 2026
#@# Curv .H and .K rh Wed Mar 11 10:23:31 CET 2026
#@# Sphere rh Wed Mar 11 10:24:13 CET 2026
#@# Surf Reg rh Wed Mar 11 10:28:23 CET 2026
#@# Jacobian white rh Wed Mar 11 10:32:20 CET 2026
#@# AvgCurv rh Wed Mar 11 10:32:21 CET 2026
#@# Cortical Parc rh Wed Mar 11 10:32:22 CET 2026
#@# white curv rh Wed Mar 11 10:38:12 CET 2026
#@# white area rh Wed Mar 11 10:38:14 CET 2026
#@# pial curv rh Wed Mar 11 10:38:15 CET 2026
#@# pial area rh Wed Mar 11 10:38:16 CET 2026
#@# thickness rh Wed Mar 11 10:38:17 CET 2026
#@# area and vertex vol rh Wed Mar 11 10:38:43 CET 2026
#@# Curvature Stats rh Wed Mar 11 10:38:45 CET 2026
#@# Cortical Parc 2 rh Wed Mar 11 10:38:47 CET 2026
#@# Cortical Parc 3 rh Wed Mar 11 10:38:58 CET 2026
#@# WM/GM Contrast rh Wed Mar 11 10:39:07 CET 2026
recon-all -s sub-v2s15x29734_ses-1 finished without error at Wed Mar 11 10:39:10 CET 2026



#New# invocation of recon-all 



status file for recon-all
Wed Mar 11 10:48:39 CET 2026
#@# white curv rh Wed Mar 11 10:48:39 CET 2026
#@# white area rh Wed Mar 11 10:48:39 CET 2026
#@# pial curv rh Wed Mar 11 10:48:39 CET 2026
#@# pial area rh Wed Mar 11 10:48:39 CET 2026
#@# thickness rh Wed Mar 11 10:48:39 CET 2026
#@# area and vertex vol rh Wed Mar 11 10:48:39 CET 2026
#@# Parcellation Stats rh Wed Mar 11 10:48:39 CET 2026
#@# Parcellation Stats 2 rh Wed Mar 11 10:48:55 CET 2026
#@# Parcellation Stats 3 rh Wed Mar 11 10:49:04 CET 2026
#@# BA_exvivo Labels rh Wed Mar 11 10:49:12 CET 2026
recon-all -s sub-v2s15x29734_ses-1 finished without error at Wed Mar 11 10:51:42 CET 2026
