/out/sourcedata/freesurfer/sub-v2s15x29734_ses-1/mri
/opt/freesurfer/bin/talairach_avi
--i orig_nu.mgz --xfm transforms/talairach.auto.xfm
talairach_avi 7.3.2
Linux dna023 5.14.0-427.37.1.el9_4.x86_64 #1 SMP PREEMPT_DYNAMIC Fri Sep 13 12:41:50 EDT 2024 x86_64 x86_64 x86_64 GNU/Linux
Wed Mar 11 07:54:22 CET 2026
mri_convert orig_nu.mgz talsrcimg.img 
reading from orig_nu.mgz...
TR=0.00, TE=0.00, TI=0.00, flip angle=0.00
i_ras = (-1, 0, 0)
j_ras = (0, 0, -1)
k_ras = (0, 1, 0)
writing to talsrcimg.img...
Analyze Output Matrix
-1.00000   0.00000   0.00000   135.65311;
 0.00000   0.00000   1.00000  -121.34671;
 0.00000  -1.00000   0.00000   139.68523;
 0.00000   0.00000   0.00000   1.00000;
--------------------
INFO: set hdr.hist.orient to -1
mpr2mni305 talsrcimg
Wed Mar 11 07:54:22 CET 2026
/opt/freesurfer/bin/mpr2mni305 talsrcimg
mpr2mni305 7.3.2
target=711-2C_as_mni_average_305

---------------------------------------------------------------------
analyzeto4dfp talsrcimg -O0 -y
---------------------------------------------------------------------

freesurfer ifh2hdr.c
Wed Mar 11 07:54:22 2026
Writing: talsrcimg.4dfp.hdr
freesurfer analyzeto4dfp.c
Reading: talsrcimg.hdr
header size 348 bytes
hdr.dime.datatype	offset=70	value=2
hdr.dime.bitpix		offset=72	value=8
hdr.hist.orient		offset=252	value=-1
dimensionality     4
dimensions       256       256       256         1
Reading: talsrcimg.img
Writing: talsrcimg.4dfp.img
Writing: talsrcimg.4dfp.ifh
ifh2hdr talsrcimg -r0to204
ori=2

---------------------------------------------------------------------
gauss_4dfp talsrcimg 1.1
---------------------------------------------------------------------

freesurfer gauss_4dfp.c
Reading: talsrcimg.4dfp.img
Writing: talsrcimg_g11.4dfp.img
image dimensions 256 256 256 padded to 288 288 288
processing volume 1freesurfer ifh2hdr.c
Wed Mar 11 07:54:24 2026
Writing: talsrcimg_g11.4dfp.hdr

Writing: talsrcimg_g11.4dfp.ifh
including: talsrcimg.4dfp.img.rec in talsrcimg_g11.4dfp.img.rec

---------------------------------------------------------------------
imgreg_4dfp /opt/freesurfer/average/711-2C_as_mni_average_305 none talsrcimg_g11 none talsrcimg_to_711-2C_as_mni_average_305_t4 4355
---------------------------------------------------------------------

freesurfer imgreg_4dfp.c
/opt/freesurfer/average/711-2C_as_mni_average_305.4dfp.img
       256       256       256         1
  1.000000  1.000000  1.000000
orientation T byte_order littleendian
Reading image: /opt/freesurfer/average/711-2C_as_mni_average_305.4dfp.img
dimensions:      256       256       256
mmppix:       1.0000   -1.0000   -1.0000
center:     128.0000 -129.0000 -129.0000
talsrcimg_g11.4dfp.img
       256       256       256         1
  1.000000  1.000000  1.000000
orientation T byte_order littleendian
Reading image: talsrcimg_g11.4dfp.img
dimensions:      256       256       256
mmppix:       1.0000   -1.0000   -1.0000
center:     128.0000 -129.0000 -129.0000
t4_read: open error in t4_sub.f l:  41 t4_file(1:l)talsrcimg_to_711-2C_as_mni_average_305_t4 
t4_read: transform initialized to I4
rotation matrix determinant  1.000000
image alignment mode   4355 decimal     1103 hex
   -7.5000  -45.0000  -45.0000 6525.1914   16.3566
    0.0000  -45.0000  -45.0000 6778.7656   16.3533
    7.5000  -45.0000  -45.0000 6483.1348   16.3393
   -7.5000  -37.5000  -45.0000 7055.1104   16.1470
    0.0000  -37.5000  -45.0000 7330.1211   16.1358
    7.5000  -37.5000  -45.0000 7002.2959   16.1248
   -7.5000  -30.0000  -45.0000 7956.4370   16.0899
    0.0000  -30.0000  -45.0000 8283.8799   16.0690
    7.5000  -30.0000  -45.0000 7898.3340   16.0605
   -7.5000  -22.5000  -45.0000 8804.6377   16.0952
    0.0000  -22.5000  -45.0000 9173.6348   16.0714
    7.5000  -22.5000  -45.0000 8730.4131   16.0612
   -7.5000  -15.0000  -45.0000 9548.8760   16.1553
    0.0000  -15.0000  -45.0000 9954.0098   16.1369
    7.5000  -15.0000  -45.0000 9461.0605   16.1230
   -7.5000   -7.5000  -45.000010204.3652   16.2105
    0.0000   -7.5000  -45.000010690.9766   16.2028
    7.5000   -7.5000  -45.000010141.4072   16.1874
   -7.5000    0.0000  -45.000010879.7686   16.2045
    0.0000    0.0000  -45.000011376.1904   16.2010
    7.5000    0.0000  -45.000010783.9971   16.1867
   -7.5000    7.5000  -45.000010768.6465   16.1438
    0.0000    7.5000  -45.000011227.8535   16.1326
    7.5000    7.5000  -45.000010639.6377   16.1215
   -7.5000   15.0000  -45.000010615.5752   16.0899
    0.0000   15.0000  -45.000011062.7988   16.0690
    7.5000   15.0000  -45.000010490.9092   16.0605
   -7.5000   22.5000  -45.000010273.8896   16.0930
    0.0000   22.5000  -45.000010720.6074   16.0692
    7.5000   22.5000  -45.000010163.4531   16.0590
   -7.5000   30.0000  -45.0000 9634.1035   15.9400
    0.0000   30.0000  -45.000010073.2129   15.9218
    7.5000   30.0000  -45.0000 9534.3311   15.9081
   -7.5000   37.5000  -45.0000 9265.3174   15.9945
    0.0000   37.5000  -45.0000 9695.1592   15.9868
    7.5000   37.5000  -45.0000 9155.0566   15.9717
   -7.5000   45.0000  -45.0000 8564.5664   15.5825
    0.0000   45.0000  -45.0000 8956.4170   15.5792
    7.5000   45.0000  -45.0000 8461.3057   15.5655
   -7.5000  -45.0000  -37.5000 6944.7188   16.0277
    0.0000  -45.0000  -37.5000 7227.9097   16.0141
    7.5000  -45.0000  -37.5000 6900.0396   16.0033
   -7.5000  -37.5000  -37.5000 7505.8950   15.8268
    0.0000  -37.5000  -37.5000 7819.4062   15.8086
    7.5000  -37.5000  -37.5000 7467.6074   15.7989
   -7.5000  -30.0000  -37.5000 8490.9883   15.7779
    0.0000  -30.0000  -37.5000 8858.0850   15.7534
    7.5000  -30.0000  -37.5000 8447.0742   15.7455
   -7.5000  -22.5000  -37.5000 9410.4346   15.7881
    0.0000  -22.5000  -37.5000 9807.0479   15.7606
    7.5000  -22.5000  -37.5000 9338.9795   15.7524
   -7.5000  -15.0000  -37.500010201.7861   15.8454
    0.0000  -15.0000  -37.500010627.5566   15.8207
    7.5000  -15.0000  -37.500010097.9395   15.8110
   -7.5000   -7.5000  -37.500010868.6768   15.8919
    0.0000   -7.5000  -37.500011377.6953   15.8747
    7.5000   -7.5000  -37.500010774.6318   15.8639
   -7.5000    0.0000  -37.500011535.9365   15.8804
    0.0000    0.0000  -37.500012048.1514   15.8668
    7.5000    0.0000  -37.500011412.8398   15.8557
   -7.5000    7.5000  -37.500011387.6582   15.8237
    0.0000    7.5000  -37.500011887.5918   15.8055
    7.5000    7.5000  -37.500011264.9336   15.7958
   -7.5000   15.0000  -37.500011264.5020   15.7779
    0.0000   15.0000  -37.500011759.3896   15.7534
    7.5000   15.0000  -37.500011143.8945   15.7455
   -7.5000   22.5000  -37.500010902.8770   15.7860
    0.0000   22.5000  -37.500011398.6143   15.7584
    7.5000   22.5000  -37.500010771.6152   15.7503
   -7.5000   30.0000  -37.500010216.7305   15.6343
    0.0000   30.0000  -37.500010708.4111   15.6098
    7.5000   30.0000  -37.500010084.9600   15.6003
   -7.5000   37.5000  -37.5000 9794.8477   15.6801
    0.0000   37.5000  -37.500010273.6895   15.6631
    7.5000   37.5000  -37.5000 9654.9092   15.6525
   -7.5000   45.0000  -37.5000 9001.9238   15.2710
    0.0000   45.0000  -37.5000 9468.9717   15.2578
    7.5000   45.0000  -37.5000 8887.7764   15.2471
   -7.5000  -45.0000  -30.0000 7487.3481   16.4052
    0.0000  -45.0000  -30.0000 7812.0273   16.3866
    7.5000  -45.0000  -30.0000 7469.3213   16.3759
   -7.5000  -37.5000  -30.0000 8127.3311   16.2005
    0.0000  -37.5000  -30.0000 8481.3359   16.1794
    7.5000  -37.5000  -30.0000 8089.8599   16.1690
   -7.5000  -30.0000  -30.0000 9216.6387   16.1476
    0.0000  -30.0000  -30.0000 9618.5928   16.1209
    7.5000  -30.0000  -30.0000 9155.9814   16.1128
   -7.5000  -22.5000  -30.000010226.9971   16.1571
    0.0000  -22.5000  -30.000010662.4707   16.1262
    7.5000  -22.5000  -30.000010125.3486   16.1189
   -7.5000  -15.0000  -30.000011072.8779   16.2176
    0.0000  -15.0000  -30.000011525.2119   16.1876
    7.5000  -15.0000  -30.000010941.0117   16.1798
   -7.5000   -7.5000  -30.000011783.1328   16.2674
    0.0000   -7.5000  -30.000012309.2139   16.2443
    7.5000   -7.5000  -30.000011664.1699   16.2349
   -7.5000    0.0000  -30.000012473.9658   16.2568
    0.0000    0.0000  -30.000012987.4512   16.2382
    7.5000    0.0000  -30.000012317.8984   16.2270
   -7.5000    7.5000  -30.000012294.9697   16.1973
    0.0000    7.5000  -30.000012807.4990   16.1763
    7.5000    7.5000  -30.000012142.6816   16.1658
   -7.5000   15.0000  -30.000012150.2012   16.1476
    0.0000   15.0000  -30.000012673.2734   16.1209
    7.5000   15.0000  -30.000011993.8555   16.1128
   -7.5000   22.5000  -30.000011730.2832   16.1533
    0.0000   22.5000  -30.000012241.6299   16.1223
    7.5000   22.5000  -30.000011563.6631   16.1150
   -7.5000   30.0000  -30.000010956.3398   16.0031
    0.0000   30.0000  -30.000011484.2969   15.9735
    7.5000   30.0000  -30.000010822.0449   15.9657
   -7.5000   37.5000  -30.000010484.7236   16.0521
    0.0000   37.5000  -30.000011003.4531   16.0293
    7.5000   37.5000  -30.000010355.1260   16.0201
   -7.5000   45.0000  -30.0000 9612.3535   15.6443
    0.0000   45.0000  -30.000010119.1641   15.6265
    7.5000   45.0000  -30.0000 9512.1445   15.6157
   -7.5000  -45.0000  -22.5000 8129.7114   16.7999
    0.0000  -45.0000  -22.5000 8474.5186   16.7867
    7.5000  -45.0000  -22.5000 8090.0234   16.7701
   -7.5000  -37.5000  -22.5000 8842.1592   16.5865
    0.0000  -37.5000  -22.5000 9215.0068   16.5708
    7.5000  -37.5000  -22.5000 8785.5791   16.5565
   -7.5000  -30.0000  -22.500010005.9951   16.5258
    0.0000  -30.0000  -22.500010436.8418   16.5019
    7.5000  -30.0000  -22.5000 9927.5391   16.4916
   -7.5000  -22.5000  -22.500011098.9463   16.5344
    0.0000  -22.5000  -22.500011549.5723   16.5039
    7.5000  -22.5000  -22.500010978.3613   16.4945
   -7.5000  -15.0000  -22.500012009.4521   16.6010
    0.0000  -15.0000  -22.500012484.0635   16.5714
    7.5000  -15.0000  -22.500011886.6982   16.5596
   -7.5000   -7.5000  -22.500012818.5850   16.6581
    0.0000   -7.5000  -22.500013344.1875   16.6376
    7.5000   -7.5000  -22.500012681.9502   16.6224
   -7.5000    0.0000  -22.500013535.6855   16.6490
    0.0000    0.0000  -22.500014038.0771   16.6359
    7.5000    0.0000  -22.500013359.6328   16.6190
   -7.5000    7.5000  -22.500013272.7939   16.5833
    0.0000    7.5000  -22.500013795.0957   16.5676
    7.5000    7.5000  -22.500013108.6543   16.5532
   -7.5000   15.0000  -22.500013081.6045   16.5258
    0.0000   15.0000  -22.500013612.6738   16.5019
    7.5000   15.0000  -22.500012918.4443   16.4916
   -7.5000   22.5000  -22.500012612.5557   16.5293
    0.0000   22.5000  -22.500013138.8203   16.4988
    7.5000   22.5000  -22.500012450.3027   16.4894
   -7.5000   30.0000  -22.500011781.6855   16.3839
    0.0000   30.0000  -22.500012308.9814   16.3547
    7.5000   30.0000  -22.500011661.1162   16.3430
   -7.5000   37.5000  -22.500011241.2949   16.4402
    0.0000   37.5000  -22.500011771.7666   16.4200
    7.5000   37.5000  -22.500011145.4893   16.4050
   -7.5000   45.0000  -22.500010308.6035   16.0338
    0.0000   45.0000  -22.500010817.6982   16.0211
    7.5000   45.0000  -22.500010215.0176   16.0049
   -7.5000  -45.0000  -15.0000 8814.9482   17.1997
    0.0000  -45.0000  -15.0000 9192.4766   17.1966
    7.5000  -45.0000  -15.0000 8761.8311   17.1749
   -7.5000  -37.5000  -15.0000 9595.5430   16.9803
    0.0000  -37.5000  -15.0000 9988.8418   16.9717
    7.5000  -37.5000  -15.0000 9513.6963   16.9539
   -7.5000  -30.0000  -15.000010837.8125   16.9162
    0.0000  -30.0000  -15.000011278.1475   16.8954
    7.5000  -30.0000  -15.000010726.2070   16.8829
   -7.5000  -22.5000  -15.000012007.5576   16.9232
    0.0000  -22.5000  -15.000012474.8740   16.8947
    7.5000  -22.5000  -15.000011904.4131   16.8829
   -7.5000  -15.0000  -15.000013018.5820   16.9914
    0.0000  -15.0000  -15.000013533.0342   16.9661
    7.5000  -15.0000  -15.000012917.5264   16.9500
   -7.5000   -7.5000  -15.000013933.3496   17.0522
    0.0000   -7.5000  -15.000014490.7334   17.0399
    7.5000   -7.5000  -15.000013810.3643   17.0193
   -7.5000    0.0000  -15.000014657.7832   17.0449
    0.0000    0.0000  -15.000015214.9033   17.0416
    7.5000    0.0000  -15.000014501.9297   17.0199
   -7.5000    7.5000  -15.000014322.5215   16.9769
    0.0000    7.5000  -15.000014882.2422   16.9684
    7.5000    7.5000  -15.000014161.3203   16.9506
   -7.5000   15.0000  -15.000014110.4160   16.9162
    0.0000   15.0000  -15.000014659.9414   16.8954
    7.5000   15.0000  -15.000013960.3037   16.8829
   -7.5000   22.5000  -15.000013560.3398   16.9172
    0.0000   22.5000  -15.000014115.4141   16.8888
    7.5000   22.5000  -15.000013450.4180   16.8769
   -7.5000   30.0000  -15.000012677.3516   16.7715
    0.0000   30.0000  -15.000013223.0430   16.7465
    7.5000   30.0000  -15.000012596.2021   16.7306
   -7.5000   37.5000  -15.000012069.1748   16.8316
    0.0000   37.5000  -15.000012618.8398   16.8194
    7.5000   37.5000  -15.000012026.8936   16.7991
   -7.5000   45.0000  -15.000011049.4297   16.4250
    0.0000   45.0000  -15.000011583.4834   16.4218
    7.5000   45.0000  -15.000011012.4121   16.4009
   -7.5000  -45.0000   -7.5000 9550.3955   17.4294
    0.0000  -45.0000   -7.5000 9974.2930   17.4309
    7.5000  -45.0000   -7.5000 9476.8633   17.4090
   -7.5000  -37.5000   -7.500010377.6211   17.2112
    0.0000  -37.5000   -7.500010819.2119   17.2044
    7.5000  -37.5000   -7.500010277.7803   17.1866
   -7.5000  -30.0000   -7.500011715.0459   17.1515
    0.0000  -30.0000   -7.500012206.5645   17.1319
    7.5000  -30.0000   -7.500011600.2705   17.1184
   -7.5000  -22.5000   -7.500012989.0361   17.1580
    0.0000  -22.5000   -7.500013521.0801   17.1325
    7.5000  -22.5000   -7.500012917.7686   17.1186
   -7.5000  -15.0000   -7.500014144.1758   17.2217
    0.0000  -15.0000   -7.500014742.7480   17.2017
    7.5000  -15.0000   -7.500014065.4785   17.1834
   -7.5000   -7.5000   -7.500015160.0947   17.2790
    0.0000   -7.5000   -7.500015793.7002   17.2727
    7.5000   -7.5000   -7.500015026.9590   17.2509
   -7.5000    0.0000   -7.500015874.5811   17.2717
    0.0000    0.0000   -7.500016517.6582   17.2729
    7.5000    0.0000   -7.500015720.6064   17.2511
   -7.5000    7.5000   -7.500015480.7666   17.2078
    0.0000    7.5000   -7.500016091.3936   17.2011
    7.5000    7.5000   -7.500015344.5293   17.1833
   -7.5000   15.0000   -7.500015233.9609   17.1515
    0.0000   15.0000   -7.500015853.5723   17.1319
    7.5000   15.0000   -7.500015119.5830   17.1184
   -7.5000   22.5000   -7.500014619.5068   17.1501
    0.0000   22.5000   -7.500015211.7783   17.1246
    7.5000   22.5000   -7.500014536.0469   17.1107
   -7.5000   30.0000   -7.500013667.4883   16.9983
    0.0000   30.0000   -7.500014237.4863   16.9786
    7.5000   30.0000   -7.500013631.3809   16.9605
   -7.5000   37.5000   -7.500013026.6230   17.0549
    0.0000   37.5000   -7.500013587.1699   17.0487
    7.5000   37.5000   -7.500013018.3945   17.0272
   -7.5000   45.0000   -7.500011900.0879   16.6467
    0.0000   45.0000   -7.500012451.7275   16.6479
    7.5000   45.0000   -7.500011903.0186   16.6268
   -7.5000  -45.0000    0.000010164.8574   17.4636
    0.0000  -45.0000    0.000010628.7041   17.4593
    7.5000  -45.0000    0.000010071.0957   17.4408
   -7.5000  -37.5000    0.000011057.0537   17.2504
    0.0000  -37.5000    0.000011545.5898   17.2383
    7.5000  -37.5000    0.000010930.4238   17.2222
   -7.5000  -30.0000    0.000012492.3311   17.1977
    0.0000  -30.0000    0.000013039.6191   17.1756
    7.5000  -30.0000    0.000012371.8379   17.1623
   -7.5000  -22.5000    0.000013937.2139   17.2054
    0.0000  -22.5000    0.000014558.4541   17.1799
    7.5000  -22.5000    0.000013885.3623   17.1656
   -7.5000  -15.0000    0.000015264.0029   17.2638
    0.0000  -15.0000    0.000015988.1406   17.2436
    7.5000  -15.0000    0.000015191.8223   17.2262
   -7.5000   -7.5000    0.000016327.1260   17.3144
    0.0000   -7.5000    0.000017117.6211   17.3052
    7.5000   -7.5000    0.000016209.3398   17.2863
   -7.5000    0.0000    0.000016972.4395   17.3055
    0.0000    0.0000    0.000017742.0488   17.3010
    7.5000    0.0000    0.000016909.9238   17.2823
   -7.5000    7.5000    0.000016538.4297   17.2471
    0.0000    7.5000    0.000017263.8379   17.2350
    7.5000    7.5000    0.000016505.7812   17.2189
   -7.5000   15.0000    0.000016291.0586   17.1977
    0.0000   15.0000    0.000017007.6211   17.1756
    7.5000   15.0000    0.000016262.2656   17.1623
   -7.5000   22.5000    0.000015597.5439   17.1974
    0.0000   22.5000    0.000016248.0127   17.1719
    7.5000   22.5000    0.000015580.4902   17.1577
   -7.5000   30.0000    0.000014627.9961   17.0404
    0.0000   30.0000    0.000015232.0684   17.0205
    7.5000   30.0000    0.000014624.4121   17.0033
   -7.5000   37.5000    0.000013980.5605   17.0904
    0.0000   37.5000    0.000014584.4668   17.0813
    7.5000   37.5000    0.000014012.8301   17.0626
   -7.5000   45.0000    0.000012750.8027   16.6805
    0.0000   45.0000    0.000013353.7764   16.6761
    7.5000   45.0000    0.000012805.7979   16.6582
   -7.5000  -45.0000    7.5000 9998.1279   17.4278
    0.0000  -45.0000    7.500010472.9307   17.4123
    7.5000  -45.0000    7.5000 9930.1484   17.3975
   -7.5000  -37.5000    7.500010846.5332   17.2166
    0.0000  -37.5000    7.500011354.3555   17.1961
    7.5000  -37.5000    7.500010746.5430   17.1818
   -7.5000  -30.0000    7.500012268.6074   17.1658
    0.0000  -30.0000    7.500012842.9814   17.1386
    7.5000  -30.0000    7.500012146.9277   17.1261
   -7.5000  -22.5000    7.500013802.3760   17.1749
    0.0000  -22.5000    7.500014465.9404   17.1445
    7.5000  -22.5000    7.500013707.5518   17.1319
   -7.5000  -15.0000    7.500015289.4277   17.2329
    0.0000  -15.0000    7.500016133.0078   17.2055
    7.5000  -15.0000    7.500015187.1436   17.1920
   -7.5000   -7.5000    7.500016312.3701   17.2812
    0.0000   -7.5000    7.500017274.9941   17.2619
    7.5000   -7.5000    7.500016234.4004   17.2475
   -7.5000    0.0000    7.500016816.7168   17.2707
    0.0000    0.0000    7.500017735.1074   17.2552
    7.5000    0.0000    7.500016882.3711   17.2400
   -7.5000    7.5000    7.500016343.6641   17.2133
    0.0000    7.5000    7.500017168.7168   17.1928
    7.5000    7.5000    7.500016462.4297   17.1785
   -7.5000   15.0000    7.500016126.6035   17.1658
    0.0000   15.0000    7.500016899.4238   17.1386
    7.5000   15.0000    7.500016203.3154   17.1261
   -7.5000   22.5000    7.500015434.9365   17.1670
    0.0000   22.5000    7.500016136.9395   17.1366
    7.5000   22.5000    7.500015462.8203   17.1241
   -7.5000   30.0000    7.500014506.6660   17.0098
    0.0000   30.0000    7.500015148.1064   16.9828
    7.5000   30.0000    7.500014512.6465   16.9695
   -7.5000   37.5000    7.500013950.2881   17.0575
    0.0000   37.5000    7.500014589.6377   17.0385
    7.5000   37.5000    7.500013964.6260   17.0243
   -7.5000   45.0000    7.500012763.0742   16.6470
    0.0000   45.0000    7.500013366.7910   16.6320
    7.5000   45.0000    7.500012770.6055   16.6174
   -7.5000  -45.0000   15.0000 9702.8535   17.3980
    0.0000  -45.0000   15.000010210.1318   17.3770
    7.5000  -45.0000   15.0000 9668.9688   17.3629
   -7.5000  -37.5000   15.000010511.1523   17.1829
    0.0000  -37.5000   15.000011047.3408   17.1594
    7.5000  -37.5000   15.000010447.3574   17.1456
   -7.5000  -30.0000   15.000011840.0918   17.1269
    0.0000  -30.0000   15.000012430.2617   17.0975
    7.5000  -30.0000   15.000011769.1836   17.0860
   -7.5000  -22.5000   15.000013384.4619   17.1363
    0.0000  -22.5000   15.000014120.3145   17.1024
    7.5000  -22.5000   15.000013310.4844   17.0917
   -7.5000  -15.0000   15.000015003.5732   17.1995
    0.0000  -15.0000   15.000016086.3408   17.1667
    7.5000  -15.0000   15.000014912.3857   17.1555
   -7.5000   -7.5000   15.000016168.2930   17.2524
    0.0000   -7.5000   15.000017443.3633   17.2267
    7.5000   -7.5000   15.000016139.6357   17.2140
   -7.5000    0.0000   15.000016737.3887   17.2420
    0.0000    0.0000   15.000017919.4492   17.2211
    7.5000    0.0000   15.000016857.0234   17.2066
   -7.5000    7.5000   15.000016274.9834   17.1796
    0.0000    7.5000   15.000017207.6719   17.1561
    7.5000    7.5000   15.000016350.8574   17.1423
   -7.5000   15.0000   15.000016015.8369   17.1269
    0.0000   15.0000   15.000016840.0273   17.0975
    7.5000   15.0000   15.000015985.7852   17.0860
   -7.5000   22.5000   15.000015252.0732   17.1284
    0.0000   22.5000   15.000015997.5986   17.0945
    7.5000   22.5000   15.000015147.0830   17.0838
   -7.5000   30.0000   15.000014287.1084   16.9770
    0.0000   30.0000   15.000014982.0693   16.9445
    7.5000   30.0000   15.000014168.0479   16.9334
   -7.5000   37.5000   15.000013747.2217   17.0291
    0.0000   37.5000   15.000014417.9463   17.0037
    7.5000   37.5000   15.000013661.9062   16.9912
   -7.5000   45.0000   15.000012593.3096   16.6193
    0.0000   45.0000   15.000013204.0000   16.5991
    7.5000   45.0000   15.000012504.9111   16.5852
   -7.5000  -45.0000   22.5000 9315.6504   17.4085
    0.0000  -45.0000   22.5000 9848.4053   17.3940
    7.5000  -45.0000   22.5000 9334.5732   17.3760
   -7.5000  -37.5000   22.500010070.0762   17.1874
    0.0000  -37.5000   22.500010631.5215   17.1702
    7.5000  -37.5000   22.500010075.9922   17.1545
   -7.5000  -30.0000   22.500011344.7734   17.1242
    0.0000  -30.0000   22.500011965.6934   17.0985
    7.5000  -30.0000   22.500011351.5791   17.0868
   -7.5000  -22.5000   22.500012834.2510   17.1329
    0.0000  -22.5000   22.500013700.4971   17.1004
    7.5000  -22.5000   22.500012862.2256   17.0897
   -7.5000  -15.0000   22.500014359.2295   17.2021
    0.0000  -15.0000   22.500015685.5820   17.1705
    7.5000  -15.0000   22.500014337.1641   17.1575
   -7.5000   -7.5000   22.500015647.0654   17.2616
    0.0000   -7.5000   22.500017139.1836   17.2395
    7.5000   -7.5000   22.500015493.1230   17.2231
   -7.5000    0.0000   22.500016542.2422   17.2523
    0.0000    0.0000   22.500017912.1348   17.2379
    7.5000    0.0000   22.500016285.0234   17.2196
   -7.5000    7.5000   22.500016192.6729   17.1841
    0.0000    7.5000   22.500017251.4648   17.1669
    7.5000    7.5000   22.500015830.9375   17.1511
   -7.5000   15.0000   22.500015771.7529   17.1242
    0.0000   15.0000   22.500016654.8574   17.0985
    7.5000   15.0000   22.500015413.7295   17.0868
   -7.5000   22.5000   22.500014783.5166   17.1250
    0.0000   22.5000   22.500015574.8438   17.0925
    7.5000   22.5000   22.500014516.4170   17.0818
   -7.5000   30.0000   22.500013721.4238   16.9794
    0.0000   30.0000   22.500014440.6260   16.9483
    7.5000   30.0000   22.500013536.5020   16.9355
   -7.5000   37.5000   22.500013165.8047   17.0382
    0.0000   37.5000   22.500013872.7803   17.0164
    7.5000   37.5000   22.500013076.1729   17.0002
   -7.5000   45.0000   22.500012072.0234   16.6293
    0.0000   45.0000   22.500012722.9619   16.6153
    7.5000   45.0000   22.500012028.9355   16.5978
   -7.5000  -45.0000   30.0000 8873.5625   17.5022
    0.0000  -45.0000   30.0000 9387.1104   17.4983
    7.5000  -45.0000   30.0000 8881.3018   17.4757
   -7.5000  -37.5000   30.0000 9602.0820   17.2777
    0.0000  -37.5000   30.000010144.4600   17.2683
    7.5000  -37.5000   30.0000 9580.5322   17.2498
   -7.5000  -30.0000   30.000010834.0635   17.2120
    0.0000  -30.0000   30.000011468.2637   17.1903
    7.5000  -30.0000   30.000010814.8291   17.1773
   -7.5000  -22.5000   30.000012177.8027   17.2195
    0.0000  -22.5000   30.000013068.8672   17.1900
    7.5000  -22.5000   30.000012151.4336   17.1776
   -7.5000  -15.0000   30.000013460.1270   17.2895
    0.0000  -15.0000   30.000014563.2402   17.2632
    7.5000  -15.0000   30.000013345.3350   17.2463
   -7.5000   -7.5000   30.000014525.2236   17.3518
    0.0000   -7.5000   30.000015656.7939   17.3386
    7.5000   -7.5000   30.000014297.7148   17.3171
   -7.5000    0.0000   30.000015434.3223   17.3441
    0.0000    0.0000   30.000016575.1758   17.3400
    7.5000    0.0000   30.000015174.4268   17.3174
   -7.5000    7.5000   30.000015213.5410   17.2743
    0.0000    7.5000   30.000016260.1865   17.2649
    7.5000    7.5000   30.000014921.5000   17.2464
   -7.5000   15.0000   30.000014833.5430   17.2120
    0.0000   15.0000   30.000015780.6826   17.1903
    7.5000   15.0000   30.000014573.2061   17.1773
   -7.5000   22.5000   30.000013868.8613   17.2116
    0.0000   22.5000   30.000014716.7285   17.1821
    7.5000   22.5000   30.000013686.9834   17.1697
   -7.5000   30.0000   30.000012872.5146   17.0658
    0.0000   30.0000   30.000013647.2051   17.0398
    7.5000   30.0000   30.000012773.0625   17.0231
   -7.5000   37.5000   30.000012375.8555   17.1272
    0.0000   37.5000   30.000013119.9219   17.1142
    7.5000   37.5000   30.000012351.8545   17.0930
   -7.5000   45.0000   30.000011342.0996   16.7177
    0.0000   45.0000   30.000012027.3672   16.7138
    7.5000   45.0000   30.000011384.7529   16.6920
   -7.5000  -45.0000   37.5000 8675.1211   17.6694
    0.0000  -45.0000   37.5000 9134.6787   17.6703
    7.5000  -45.0000   37.5000 8630.3271   17.6480
   -7.5000  -37.5000   37.5000 9405.4873   17.4462
    0.0000  -37.5000   37.5000 9885.2773   17.4388
    7.5000  -37.5000   37.5000 9335.8086   17.4209
   -7.5000  -30.0000   37.500010586.0518   17.3851
    0.0000  -30.0000   37.500011181.7520   17.3646
    7.5000  -30.0000   37.500010556.5381   17.3513
   -7.5000  -22.5000   37.500011794.4492   17.3919
    0.0000  -22.5000   37.500012553.5674   17.3655
    7.5000  -22.5000   37.500011793.5684   17.3515
   -7.5000  -15.0000   37.500012871.1514   17.4571
    0.0000  -15.0000   37.500013709.8975   17.4363
    7.5000  -15.0000   37.500012807.7207   17.4175
   -7.5000   -7.5000   37.500013795.7627   17.5158
    0.0000   -7.5000   37.500014637.2764   17.5089
    7.5000   -7.5000   37.500013691.8076   17.4865
   -7.5000    0.0000   37.500014643.4102   17.5083
    0.0000    0.0000   37.500015567.0859   17.5090
    7.5000    0.0000   37.500014570.4912   17.4867
   -7.5000    7.5000   37.500014473.8545   17.4428
    0.0000    7.5000   37.500015411.6426   17.4353
    7.5000    7.5000   37.500014402.8457   17.4175
   -7.5000   15.0000   37.500014185.3447   17.3851
    0.0000   15.0000   37.500015106.3643   17.3646
    7.5000   15.0000   37.500014136.2979   17.3513
   -7.5000   22.5000   37.500013340.4580   17.3839
    0.0000   22.5000   37.500014175.8887   17.3575
    7.5000   22.5000   37.500013310.5166   17.3435
   -7.5000   30.0000   37.500012428.4814   17.2311
    0.0000   30.0000   37.500013199.1719   17.2106
    7.5000   30.0000   37.500012436.0908   17.1921
   -7.5000   37.5000   37.500011994.4072   17.2891
    0.0000   37.5000   37.500012732.4326   17.2823
    7.5000   37.5000   37.500012013.7441   17.2602
   -7.5000   45.0000   37.500010983.4111   16.8759
    0.0000   45.0000   37.500011628.8682   16.8766
    7.5000   45.0000   37.500011019.7549   16.8551
   -7.5000  -45.0000   45.0000 8072.5845   17.8841
    0.0000  -45.0000   45.0000 8442.0537   17.8788
    7.5000  -45.0000   45.0000 8056.2275   17.8594
   -7.5000  -37.5000   45.0000 8749.4561   17.6649
    0.0000  -37.5000   45.0000 9166.7783   17.6513
    7.5000  -37.5000   45.0000 8754.2627   17.6345
   -7.5000  -30.0000   45.0000 9811.0303   17.6095
    0.0000  -30.0000   45.000010356.4492   17.5853
    7.5000  -30.0000   45.0000 9877.1992   17.5715
   -7.5000  -22.5000   45.000010903.2471   17.6168
    0.0000  -22.5000   45.000011526.0400   17.5891
    7.5000  -22.5000   45.000010948.9043   17.5745
   -7.5000  -15.0000   45.000011832.8838   17.6777
    0.0000  -15.0000   45.000012464.9316   17.6557
    7.5000  -15.0000   45.000011817.3232   17.6377
   -7.5000   -7.5000   45.000012635.7666   17.7311
    0.0000   -7.5000   45.000013281.9873   17.7208
    7.5000   -7.5000   45.000012604.5020   17.7010
   -7.5000    0.0000   45.000013403.9863   17.7224
    0.0000    0.0000   45.000014121.0020   17.7169
    7.5000    0.0000   45.000013383.3506   17.6974
   -7.5000    7.5000   45.000013261.1143   17.6615
    0.0000    7.5000   45.000014025.2236   17.6479
    7.5000    7.5000   45.000013254.2607   17.6311
   -7.5000   15.0000   45.000013044.1953   17.6095
    0.0000   15.0000   45.000013775.4189   17.5853
    7.5000   15.0000   45.000013047.5020   17.5715
   -7.5000   22.5000   45.000012294.0742   17.6087
    0.0000   22.5000   45.000012981.0938   17.5810
    7.5000   22.5000   45.000012302.3691   17.5664
   -7.5000   30.0000   45.000011485.7842   17.4474
    0.0000   30.0000   45.000012144.4697   17.4257
    7.5000   30.0000   45.000011509.4658   17.4080
   -7.5000   37.5000   45.000011067.1406   17.5001
    0.0000   37.5000   45.000011699.3848   17.4899
    7.5000   37.5000   45.000011105.6475   17.4704
   -7.5000   45.0000   45.000010109.5537   17.0901
    0.0000   45.0000   45.000010685.5059   17.0848
    7.5000   45.0000   45.000010169.6045   17.0660

---------------------------------------------------------------------
imgreg_4dfp /opt/freesurfer/average/711-2C_as_mni_average_305 /opt/freesurfer/average/711-2B_as_mni_average_305_mask talsrcimg_g11 none talsrcimg_to_711-2C_as_mni_average_305_t4 4355
---------------------------------------------------------------------

freesurfer imgreg_4dfp.c
/opt/freesurfer/average/711-2C_as_mni_average_305.4dfp.img
       256       256       256         1
  1.000000  1.000000  1.000000
orientation T byte_order littleendian
Reading image: /opt/freesurfer/average/711-2C_as_mni_average_305.4dfp.img
dimensions:      256       256       256
mmppix:       1.0000   -1.0000   -1.0000
center:     128.0000 -129.0000 -129.0000
/opt/freesurfer/average/711-2B_as_mni_average_305_mask.4dfp.img
       256       256       256         1
  1.000000  1.000000  1.000000
orientation T byte_order littleendian
Reading mask: /opt/freesurfer/average/711-2B_as_mni_average_305_mask.4dfp.img (2306576 pixels)
talsrcimg_g11.4dfp.img
       256       256       256         1
  1.000000  1.000000  1.000000
orientation T byte_order littleendian
Reading image: talsrcimg_g11.4dfp.img
dimensions:      256       256       256
mmppix:       1.0000   -1.0000   -1.0000
center:     128.0000 -129.0000 -129.0000
rotation matrix determinant  1.000000
image alignment mode   4355 decimal     1103 hex
   -7.5000  -45.0000  -30.0000 2151.8481   23.7753
    0.0000  -45.0000  -30.0000 2158.5200   23.8175
    7.5000  -45.0000  -30.0000 2158.0422   23.8938
   -7.5000  -37.5000  -30.0000 2271.5054   21.3100
    0.0000  -37.5000  -30.0000 2276.7686   21.3742
    7.5000  -37.5000  -30.0000 2269.1328   21.4388
   -7.5000  -30.0000  -30.0000 2390.7556   19.5687
    0.0000  -30.0000  -30.0000 2394.5640   19.5786
    7.5000  -30.0000  -30.0000 2385.3369   19.6557
   -7.5000  -22.5000  -30.0000 2458.5835   18.3488
    0.0000  -22.5000  -30.0000 2466.2109   18.3315
    7.5000  -22.5000  -30.0000 2450.9055   18.4236
   -7.5000  -15.0000  -30.0000 2494.7959   17.4786
    0.0000  -15.0000  -30.0000 2501.6538   17.4545
    7.5000  -15.0000  -30.0000 2480.9673   17.5210
   -7.5000   -7.5000  -30.0000 2508.3384   16.7587
    0.0000   -7.5000  -30.0000 2520.8748   16.7744
    7.5000   -7.5000  -30.0000 2498.1194   16.8401
   -7.5000    0.0000  -30.0000 2520.0623   16.3008
    0.0000    0.0000  -30.0000 2526.5791   16.2456
    7.5000    0.0000  -30.0000 2509.1353   16.3629
   -7.5000    7.5000  -30.0000 2513.0386   16.1284
    0.0000    7.5000  -30.0000 2531.0710   16.1199
    7.5000    7.5000  -30.0000 2511.7703   16.2586
   -7.5000   15.0000  -30.0000 2513.8694   16.4059
    0.0000   15.0000  -30.0000 2531.5527   16.3911
    7.5000   15.0000  -30.0000 2510.1860   16.5242
   -7.5000   22.5000  -30.0000 2489.3938   16.9965
    0.0000   22.5000  -30.0000 2505.5732   17.0034
    7.5000   22.5000  -30.0000 2483.8525   17.0735
   -7.5000   30.0000  -30.0000 2435.8889   17.9084
    0.0000   30.0000  -30.0000 2451.9548   17.9108
    7.5000   30.0000  -30.0000 2431.4473   17.9495
   -7.5000   37.5000  -30.0000 2366.6697   19.0575
    0.0000   37.5000  -30.0000 2381.4592   19.0913
    7.5000   37.5000  -30.0000 2357.6562   19.1783
   -7.5000   45.0000  -30.0000 2261.0715   20.5726
    0.0000   45.0000  -30.0000 2273.8250   20.5679
    7.5000   45.0000  -30.0000 2257.9724   20.6825
   -7.5000  -45.0000  -22.5000 2248.9373   22.8586
    0.0000  -45.0000  -22.5000 2256.3015   22.8600
    7.5000  -45.0000  -22.5000 2250.8396   22.8687
   -7.5000  -37.5000  -22.5000 2376.4092   20.5129
    0.0000  -37.5000  -22.5000 2381.9504   20.5306
    7.5000  -37.5000  -22.5000 2376.3174   20.5620
   -7.5000  -30.0000  -22.5000 2494.3159   18.7546
    0.0000  -30.0000  -22.5000 2503.3396   18.7304
    7.5000  -30.0000  -22.5000 2487.2192   18.7981
   -7.5000  -22.5000  -22.5000 2565.3494   17.5045
    0.0000  -22.5000  -22.5000 2570.7163   17.4742
    7.5000  -22.5000  -22.5000 2554.2175   17.5725
   -7.5000  -15.0000  -22.5000 2603.9919   16.6555
    0.0000  -15.0000  -22.5000 2610.9299   16.5940
    7.5000  -15.0000  -22.5000 2598.5483   16.7013
   -7.5000   -7.5000  -22.5000 2624.8232   15.9791
    0.0000   -7.5000  -22.5000 2633.8296   15.9274
    7.5000   -7.5000  -22.5000 2620.7522   16.0444
   -7.5000    0.0000  -22.5000 2631.3994   15.4647
    0.0000    0.0000  -22.5000 2633.5032   15.3819
    7.5000    0.0000  -22.5000 2627.7881   15.5343
   -7.5000    7.5000  -22.5000 2635.8406   15.2674
    0.0000    7.5000  -22.5000 2648.3755   15.2166
    7.5000    7.5000  -22.5000 2630.6440   15.3544
   -7.5000   15.0000  -22.5000 2633.3203   15.5087
    0.0000   15.0000  -22.5000 2649.1370   15.4726
    7.5000   15.0000  -22.5000 2627.4646   15.5920
   -7.5000   22.5000  -22.5000 2615.1235   16.0869
    0.0000   22.5000  -22.5000 2627.5396   16.0802
    7.5000   22.5000  -22.5000 2604.5486   16.1550
   -7.5000   30.0000  -22.5000 2557.2454   16.9497
    0.0000   30.0000  -22.5000 2577.2239   16.9712
    7.5000   30.0000  -22.5000 2553.1975   17.0226
   -7.5000   37.5000  -22.5000 2477.1792   18.0948
    0.0000   37.5000  -22.5000 2499.7063   18.1484
    7.5000   37.5000  -22.5000 2473.7300   18.1752
   -7.5000   45.0000  -22.5000 2374.3298   19.5702
    0.0000   45.0000  -22.5000 2391.2273   19.6107
    7.5000   45.0000  -22.5000 2364.4065   19.6669
   -7.5000  -45.0000  -15.0000 2317.9250   22.0093
    0.0000  -45.0000  -15.0000 2329.1194   21.9942
    7.5000  -45.0000  -15.0000 2321.9829   22.0732
   -7.5000  -37.5000  -15.0000 2447.6414   19.7020
    0.0000  -37.5000  -15.0000 2455.1389   19.6685
    7.5000  -37.5000  -15.0000 2445.3682   19.7628
   -7.5000  -30.0000  -15.0000 2561.6323   17.9318
    0.0000  -30.0000  -15.0000 2572.7004   17.9061
    7.5000  -30.0000  -15.0000 2554.8484   18.0367
   -7.5000  -22.5000  -15.0000 2635.4075   16.7333
    0.0000  -22.5000  -15.0000 2640.9248   16.6675
    7.5000  -22.5000  -15.0000 2629.1182   16.7888
   -7.5000  -15.0000  -15.0000 2678.7544   15.8872
    0.0000  -15.0000  -15.0000 2682.1550   15.7782
    7.5000  -15.0000  -15.0000 2677.1101   15.9291
   -7.5000   -7.5000  -15.0000 2705.1228   15.2310
    0.0000   -7.5000  -15.0000 2715.7788   15.1058
    7.5000   -7.5000  -15.0000 2709.6350   15.2445
   -7.5000    0.0000  -15.0000 2710.3311   14.6560
    0.0000    0.0000  -15.0000 2719.0146   14.5674
    7.5000    0.0000  -15.0000 2715.1191   14.7241
   -7.5000    7.5000  -15.0000 2722.1873   14.4416
    0.0000    7.5000  -15.0000 2735.1704   14.3743
    7.5000    7.5000  -15.0000 2718.4888   14.5354
   -7.5000   15.0000  -15.0000 2722.2900   14.6777
    0.0000   15.0000  -15.0000 2733.2708   14.6183
    7.5000   15.0000  -15.0000 2717.9087   14.7707
   -7.5000   22.5000  -15.0000 2699.7151   15.2484
    0.0000   22.5000  -15.0000 2713.3164   15.1790
    7.5000   22.5000  -15.0000 2699.0105   15.3402
   -7.5000   30.0000  -15.0000 2642.9695   16.0750
    0.0000   30.0000  -15.0000 2662.3418   16.0469
    7.5000   30.0000  -15.0000 2643.0559   16.1779
   -7.5000   37.5000  -15.0000 2558.6829   17.2066
    0.0000   37.5000  -15.0000 2579.3918   17.2041
    7.5000   37.5000  -15.0000 2559.0991   17.2871
   -7.5000   45.0000  -15.0000 2448.7649   18.6611
    0.0000   45.0000  -15.0000 2471.8645   18.6698
    7.5000   45.0000  -15.0000 2449.0698   18.7464
   -7.5000  -45.0000   -7.5000 2368.9294   21.2219
    0.0000  -45.0000   -7.5000 2383.5557   21.1594
    7.5000  -45.0000   -7.5000 2370.6096   21.2423
   -7.5000  -37.5000   -7.5000 2495.2986   18.9043
    0.0000  -37.5000   -7.5000 2506.2000   18.8753
    7.5000  -37.5000   -7.5000 2495.2185   19.0208
   -7.5000  -30.0000   -7.5000 2610.0149   17.2015
    0.0000  -30.0000   -7.5000 2621.0044   17.1391
    7.5000  -30.0000   -7.5000 2609.6736   17.3248
   -7.5000  -22.5000   -7.5000 2687.0828   15.9987
    0.0000  -22.5000   -7.5000 2693.8186   15.9214
    7.5000  -22.5000   -7.5000 2690.7454   16.0987
   -7.5000  -15.0000   -7.5000 2736.8787   15.1617
    0.0000  -15.0000   -7.5000 2742.7217   15.0613
    7.5000  -15.0000   -7.5000 2739.6072   15.2222
   -7.5000   -7.5000   -7.5000 2767.3442   14.4555
    0.0000   -7.5000   -7.5000 2778.5852   14.3420
    7.5000   -7.5000   -7.5000 2770.7971   14.5126
   -7.5000    0.0000   -7.5000 2773.1707   13.8451
    0.0000    0.0000   -7.5000 2783.6672   13.7553
    7.5000    0.0000   -7.5000 2779.2556   13.9604
   -7.5000    7.5000   -7.5000 2785.2463   13.6341
    0.0000    7.5000   -7.5000 2799.2197   13.5567
    7.5000    7.5000   -7.5000 2793.7332   13.7817
   -7.5000   15.0000   -7.5000 2791.3547   13.9124
    0.0000   15.0000   -7.5000 2803.0325   13.8271
    7.5000   15.0000   -7.5000 2796.2163   14.0525
   -7.5000   22.5000   -7.5000 2771.4663   14.4885
    0.0000   22.5000   -7.5000 2784.4277   14.3792
    7.5000   22.5000   -7.5000 2773.7146   14.5960
   -7.5000   30.0000   -7.5000 2710.2227   15.2909
    0.0000   30.0000   -7.5000 2724.7654   15.1837
    7.5000   30.0000   -7.5000 2712.3022   15.3653
   -7.5000   37.5000   -7.5000 2623.2593   16.4433
    0.0000   37.5000   -7.5000 2640.2681   16.3455
    7.5000   37.5000   -7.5000 2624.2388   16.4769
   -7.5000   45.0000   -7.5000 2507.1067   17.8777
    0.0000   45.0000   -7.5000 2527.8694   17.8216
    7.5000   45.0000   -7.5000 2509.4458   17.9453
   -7.5000  -45.0000    0.0000 2396.7097   20.5392
    0.0000  -45.0000    0.0000 2405.4934   20.4740
    7.5000  -45.0000    0.0000 2394.3740   20.5438
   -7.5000  -37.5000    0.0000 2522.2874   18.2906
    0.0000  -37.5000    0.0000 2529.4343   18.2537
    7.5000  -37.5000    0.0000 2518.2854   18.3693
   -7.5000  -30.0000    0.0000 2637.2532   16.5958
    0.0000  -30.0000    0.0000 2646.9980   16.5503
    7.5000  -30.0000    0.0000 2638.3638   16.7188
   -7.5000  -22.5000    0.0000 2724.2930   15.4187
    0.0000  -22.5000    0.0000 2737.3979   15.3613
    7.5000  -22.5000    0.0000 2734.3118   15.5716
   -7.5000  -15.0000    0.0000 2780.0024   14.5960
    0.0000  -15.0000    0.0000 2789.4580   14.5199
    7.5000  -15.0000    0.0000 2787.4355   14.7282
   -7.5000   -7.5000    0.0000 2808.0906   13.8615
    0.0000   -7.5000    0.0000 2822.9148   13.7588
    7.5000   -7.5000    0.0000 2816.2693   13.9831
   -7.5000    0.0000    0.0000 2806.4683   13.1464
    0.0000    0.0000    0.0000 2820.8862   13.0694
    7.5000    0.0000    0.0000 2820.9792   13.3680
   -7.5000    7.5000    0.0000 2831.3152   12.9574
    0.0000    7.5000    0.0000 2842.7830   12.8628
    7.5000    7.5000    0.0000 2842.4495   13.1810
   -7.5000   15.0000    0.0000 2839.6575   13.2830
    0.0000   15.0000    0.0000 2851.8105   13.1612
    7.5000   15.0000    0.0000 2848.4883   13.4744
   -7.5000   22.5000    0.0000 2813.1885   13.8907
    0.0000   22.5000    0.0000 2826.2202   13.7381
    7.5000   22.5000    0.0000 2822.3328   14.0173
   -7.5000   30.0000    0.0000 2754.4524   14.7136
    0.0000   30.0000    0.0000 2766.4905   14.5716
    7.5000   30.0000    0.0000 2762.7888   14.8098
   -7.5000   37.5000    0.0000 2664.7524   15.8300
    0.0000   37.5000    0.0000 2676.5093   15.7079
    7.5000   37.5000    0.0000 2669.8147   15.9265
   -7.5000   45.0000    0.0000 2544.6560   17.2814
    0.0000   45.0000    0.0000 2561.6389   17.1980
    7.5000   45.0000    0.0000 2547.2585   17.3943
   -7.5000  -45.0000    7.5000 2406.2957   20.1351
    0.0000  -45.0000    7.5000 2420.3975   20.0228
    7.5000  -45.0000    7.5000 2415.3892   20.2228
   -7.5000  -37.5000    7.5000 2527.1550   17.9135
    0.0000  -37.5000    7.5000 2538.0549   17.8128
    7.5000  -37.5000    7.5000 2536.4980   18.0539
   -7.5000  -30.0000    7.5000 2650.7886   16.2291
    0.0000  -30.0000    7.5000 2661.6130   16.1541
    7.5000  -30.0000    7.5000 2659.9875   16.3489
   -7.5000  -22.5000    7.5000 2752.3618   15.0490
    0.0000  -22.5000    7.5000 2766.9661   14.9773
    7.5000  -22.5000    7.5000 2765.1511   15.1614
   -7.5000  -15.0000    7.5000 2818.9897   14.2834
    0.0000  -15.0000    7.5000 2834.3232   14.2199
    7.5000  -15.0000    7.5000 2833.6252   14.3920
   -7.5000   -7.5000    7.5000 2843.2732   13.5284
    0.0000   -7.5000    7.5000 2864.7939   13.4424
    7.5000   -7.5000    7.5000 2861.5085   13.6902
   -7.5000    0.0000    7.5000 2830.5457   12.6856
    0.0000    0.0000    7.5000 2843.2473   12.6095
    7.5000    0.0000    7.5000 2855.1267   13.0084
   -7.5000    7.5000    7.5000 2855.9290   12.4752
    0.0000    7.5000    7.5000 2863.2141   12.3565
    7.5000    7.5000    7.5000 2877.2134   12.7941
   -7.5000   15.0000    7.5000 2864.6277   12.8446
    0.0000   15.0000    7.5000 2874.6855   12.6767
    7.5000   15.0000    7.5000 2883.0557   13.0922
   -7.5000   22.5000    7.5000 2840.9812   13.4845
    0.0000   22.5000    7.5000 2851.5842   13.3062
    7.5000   22.5000    7.5000 2856.9641   13.6585
   -7.5000   30.0000    7.5000 2779.8103   14.3443
    0.0000   30.0000    7.5000 2788.8152   14.1891
    7.5000   30.0000    7.5000 2789.4807   14.4951
   -7.5000   37.5000    7.5000 2692.6064   15.5006
    0.0000   37.5000    7.5000 2700.8567   15.3275
    7.5000   37.5000    7.5000 2697.6436   15.6216
   -7.5000   45.0000    7.5000 2572.6091   16.9327
    0.0000   45.0000    7.5000 2585.7366   16.7785
    7.5000   45.0000    7.5000 2577.0161   17.0424
   -7.5000  -45.0000   15.0000 2401.6831   19.9876
    0.0000  -45.0000   15.0000 2419.5149   19.9204
    7.5000  -45.0000   15.0000 2421.8450   20.0871
   -7.5000  -37.5000   15.0000 2523.2766   17.7693
    0.0000  -37.5000   15.0000 2538.2539   17.7048
    7.5000  -37.5000   15.0000 2543.9971   17.8825
   -7.5000  -30.0000   15.0000 2643.6523   16.0648
    0.0000  -30.0000   15.0000 2660.1875   15.9963
    7.5000  -30.0000   15.0000 2663.9062   16.1486
   -7.5000  -22.5000   15.0000 2754.1614   14.9011
    0.0000  -22.5000   15.0000 2776.1401   14.8394
    7.5000  -22.5000   15.0000 2778.5828   14.9759
   -7.5000  -15.0000   15.0000 2839.3250   14.1660
    0.0000  -15.0000   15.0000 2861.5432   14.1327
    7.5000  -15.0000   15.0000 2863.2178   14.2096
   -7.5000   -7.5000   15.0000 2877.6704   13.5109
    0.0000   -7.5000   15.0000 2914.0823   13.5345
    7.5000   -7.5000   15.0000 2906.6157   13.5896
   -7.5000    0.0000   15.0000 2864.2932   12.6969
    0.0000    0.0000   15.0000 2892.9670   12.6869
    7.5000    0.0000   15.0000 2905.5503   12.9904
   -7.5000    7.5000   15.0000 2879.1025   12.4364
    0.0000    7.5000   15.0000 2884.1389   12.3289
    7.5000    7.5000   15.0000 2904.6086   12.7185
   -7.5000   15.0000   15.0000 2878.2092   12.7404
    0.0000   15.0000   15.0000 2882.0012   12.5398
    7.5000   15.0000   15.0000 2895.5005   12.9000
   -7.5000   22.5000   15.0000 2851.7717   13.3632
    0.0000   22.5000   15.0000 2857.1628   13.1448
    7.5000   22.5000   15.0000 2867.7188   13.4526
   -7.5000   30.0000   15.0000 2787.2952   14.2961
    0.0000   30.0000   15.0000 2793.2729   14.0590
    7.5000   30.0000   15.0000 2797.0588   14.3323
   -7.5000   37.5000   15.0000 2703.3208   15.4729
    0.0000   37.5000   15.0000 2706.8997   15.2323
    7.5000   37.5000   15.0000 2707.1765   15.4420
   -7.5000   45.0000   15.0000 2587.2627   16.9140
    0.0000   45.0000   15.0000 2596.8008   16.7120
    7.5000   45.0000   15.0000 2585.1665   16.8644
   -7.5000  -45.0000   22.5000 2392.9377   20.0034
    0.0000  -45.0000   22.5000 2417.4309   19.9959
    7.5000  -45.0000   22.5000 2418.8257   20.1254
   -7.5000  -37.5000   22.5000 2516.0308   17.7493
    0.0000  -37.5000   22.5000 2540.6819   17.7355
    7.5000  -37.5000   22.5000 2543.3569   17.8542
   -7.5000  -30.0000   22.5000 2636.6086   16.0719
    0.0000  -30.0000   22.5000 2661.3992   16.0658
    7.5000  -30.0000   22.5000 2670.1785   16.1749
   -7.5000  -22.5000   22.5000 2750.8057   14.9451
    0.0000  -22.5000   22.5000 2784.5454   14.9789
    7.5000  -22.5000   22.5000 2782.6040   14.9727
   -7.5000  -15.0000   22.5000 2844.4170   14.2743
    0.0000  -15.0000   22.5000 2886.3362   14.3484
    7.5000  -15.0000   22.5000 2873.3354   14.2015
   -7.5000   -7.5000   22.5000 2902.4028   13.6528
    0.0000   -7.5000   22.5000 2963.5088   13.8255
    7.5000   -7.5000   22.5000 2929.2046   13.5753
   -7.5000    0.0000   22.5000 2915.7925   13.0719
    0.0000    0.0000   22.5000 2966.0332   13.1338
    7.5000    0.0000   22.5000 2926.2065   13.0574
   -7.5000    7.5000   22.5000 2916.5366   12.8899
    0.0000    7.5000   22.5000 2930.9414   12.7628
    7.5000    7.5000   22.5000 2917.9905   12.8748
   -7.5000   15.0000   22.5000 2889.0884   13.0470
    0.0000   15.0000   22.5000 2893.4180   12.8512
    7.5000   15.0000   22.5000 2890.5542   13.0310
   -7.5000   22.5000   22.5000 2847.0752   13.5254
    0.0000   22.5000   22.5000 2851.9736   13.3322
    7.5000   22.5000   22.5000 2851.9346   13.5275
   -7.5000   30.0000   22.5000 2778.1030   14.3798
    0.0000   30.0000   22.5000 2783.5554   14.1597
    7.5000   30.0000   22.5000 2785.6023   14.3324
   -7.5000   37.5000   22.5000 2689.5015   15.5271
    0.0000   37.5000   22.5000 2699.4954   15.3243
    7.5000   37.5000   22.5000 2695.7410   15.4561
   -7.5000   45.0000   22.5000 2577.5952   16.9872
    0.0000   45.0000   22.5000 2588.6694   16.8030
    7.5000   45.0000   22.5000 2578.2878   16.9127
   -7.5000  -45.0000   30.0000 2379.6067   20.3013
    0.0000  -45.0000   30.0000 2403.2581   20.2580
    7.5000  -45.0000   30.0000 2415.5962   20.3472
   -7.5000  -37.5000   30.0000 2509.1858   18.0470
    0.0000  -37.5000   30.0000 2535.4138   18.0555
    7.5000  -37.5000   30.0000 2540.8069   18.0936
   -7.5000  -30.0000   30.0000 2637.4368   16.4240
    0.0000  -30.0000   30.0000 2665.3328   16.4790
    7.5000  -30.0000   30.0000 2664.3022   16.4428
   -7.5000  -22.5000   30.0000 2755.4277   15.2843
    0.0000  -22.5000   30.0000 2788.6785   15.3713
    7.5000  -22.5000   30.0000 2769.7847   15.1946
   -7.5000  -15.0000   30.0000 2843.9087   14.4595
    0.0000  -15.0000   30.0000 2891.2766   14.6090
    7.5000  -15.0000   30.0000 2854.7920   14.2743
   -7.5000   -7.5000   30.0000 2892.3701   13.8006
    0.0000   -7.5000   30.0000 2938.1760   13.8076
    7.5000   -7.5000   30.0000 2896.5486   13.5724
   -7.5000    0.0000   30.0000 2923.1323   13.3714
    0.0000    0.0000   30.0000 2964.2368   13.2591
    7.5000    0.0000   30.0000 2919.2715   13.2105
   -7.5000    7.5000   30.0000 2932.3186   13.3189
    0.0000    7.5000   30.0000 2958.1975   13.1847
    7.5000    7.5000   30.0000 2918.3679   13.2135
   -7.5000   15.0000   30.0000 2895.5354   13.5312
    0.0000   15.0000   30.0000 2913.4070   13.3836
    7.5000   15.0000   30.0000 2885.9480   13.4515
   -7.5000   22.5000   30.0000 2834.9863   14.0001
    0.0000   22.5000   30.0000 2846.9658   13.8761
    7.5000   22.5000   30.0000 2830.7134   13.9629
   -7.5000   30.0000   30.0000 2755.2979   14.7577
    0.0000   30.0000   30.0000 2768.0847   14.6089
    7.5000   30.0000   30.0000 2761.0662   14.7215
   -7.5000   37.5000   30.0000 2666.4590   15.8457
    0.0000   37.5000   30.0000 2677.8601   15.6901
    7.5000   37.5000   30.0000 2674.6245   15.8086
   -7.5000   45.0000   30.0000 2547.5930   17.2239
    0.0000   45.0000   30.0000 2561.9927   17.0962
    7.5000   45.0000   30.0000 2558.5535   17.2093
   -7.5000  -45.0000   37.5000 2374.7935   20.9182
    0.0000  -45.0000   37.5000 2389.1509   20.7530
    7.5000  -45.0000   37.5000 2394.4966   20.7933
   -7.5000  -37.5000   37.5000 2505.9280   18.6614
    0.0000  -37.5000   37.5000 2520.2290   18.5413
    7.5000  -37.5000   37.5000 2522.1345   18.5469
   -7.5000  -30.0000   37.5000 2633.1206   16.9971
    0.0000  -30.0000   37.5000 2650.9854   16.9343
    7.5000  -30.0000   37.5000 2651.7451   16.9006
   -7.5000  -22.5000   37.5000 2746.7307   15.7451
    0.0000  -22.5000   37.5000 2767.8250   15.7331
    7.5000  -22.5000   37.5000 2761.7168   15.6262
   -7.5000  -15.0000   37.5000 2823.9478   14.7914
    0.0000  -15.0000   37.5000 2852.0554   14.7816
    7.5000  -15.0000   37.5000 2833.3408   14.5891
   -7.5000   -7.5000   37.5000 2873.4263   14.0929
    0.0000   -7.5000   37.5000 2897.3115   13.9344
    7.5000   -7.5000   37.5000 2878.9490   13.8679
   -7.5000    0.0000   37.5000 2908.6941   13.7059
    0.0000    0.0000   37.5000 2935.5532   13.5628
    7.5000    0.0000   37.5000 2916.1206   13.5881
   -7.5000    7.5000   37.5000 2913.2471   13.7377
    0.0000    7.5000   37.5000 2941.2488   13.6091
    7.5000    7.5000   37.5000 2914.0327   13.6820
   -7.5000   15.0000   37.5000 2879.9148   14.1127
    0.0000   15.0000   37.5000 2895.8269   13.9453
    7.5000   15.0000   37.5000 2875.3044   14.0371
   -7.5000   22.5000   37.5000 2815.8965   14.6661
    0.0000   22.5000   37.5000 2828.6628   14.5206
    7.5000   22.5000   37.5000 2819.7515   14.6250
   -7.5000   30.0000   37.5000 2727.1436   15.4210
    0.0000   30.0000   37.5000 2747.0374   15.2890
    7.5000   30.0000   37.5000 2737.8972   15.4042
   -7.5000   37.5000   37.5000 2634.1404   16.4371
    0.0000   37.5000   37.5000 2651.1926   16.3242
    7.5000   37.5000   37.5000 2639.2781   16.4252
   -7.5000   45.0000   37.5000 2504.9980   17.7732
    0.0000   45.0000   37.5000 2514.6809   17.6916
    7.5000   45.0000   37.5000 2512.3196   17.7791
   -7.5000  -45.0000   45.0000 2355.0876   21.5917
    0.0000  -45.0000   45.0000 2357.3774   21.2167
    7.5000  -45.0000   45.0000 2372.5496   21.4359
   -7.5000  -37.5000   45.0000 2486.2041   19.3070
    0.0000  -37.5000   45.0000 2490.8652   18.9993
    7.5000  -37.5000   45.0000 2505.9385   19.1777
   -7.5000  -30.0000   45.0000 2609.7710   17.5742
    0.0000  -30.0000   45.0000 2622.0859   17.4039
    7.5000  -30.0000   45.0000 2635.1335   17.4973
   -7.5000  -22.5000   45.0000 2721.3796   16.2486
    0.0000  -22.5000   45.0000 2732.3230   16.1235
    7.5000  -22.5000   45.0000 2738.7161   16.1131
   -7.5000  -15.0000   45.0000 2793.3762   15.2893
    0.0000  -15.0000   45.0000 2800.6064   15.0625
    7.5000  -15.0000   45.0000 2804.1877   15.0535
   -7.5000   -7.5000   45.0000 2838.6650   14.5785
    0.0000   -7.5000   45.0000 2853.0249   14.3164
    7.5000   -7.5000   45.0000 2850.9873   14.3932
   -7.5000    0.0000   45.0000 2869.4341   14.2222
    0.0000    0.0000   45.0000 2893.0427   14.0493
    7.5000    0.0000   45.0000 2881.7991   14.1358
   -7.5000    7.5000   45.0000 2869.2654   14.2917
    0.0000    7.5000   45.0000 2902.5969   14.1395
    7.5000    7.5000   45.0000 2881.2739   14.2502
   -7.5000   15.0000   45.0000 2838.2458   14.7554
    0.0000   15.0000   45.0000 2857.1587   14.5858
    7.5000   15.0000   45.0000 2847.1899   14.7236
   -7.5000   22.5000   45.0000 2779.7549   15.4402
    0.0000   22.5000   45.0000 2790.3452   15.2478
    7.5000   22.5000   45.0000 2787.4402   15.3935
   -7.5000   30.0000   45.0000 2695.8708   16.2869
    0.0000   30.0000   45.0000 2712.2146   16.1067
    7.5000   30.0000   45.0000 2704.0710   16.2377
   -7.5000   37.5000   45.0000 2589.5066   17.2643
    0.0000   37.5000   45.0000 2605.5493   17.1630
    7.5000   37.5000   45.0000 2597.1667   17.2594
   -7.5000   45.0000   45.0000 2450.9436   18.5829
    0.0000   45.0000   45.0000 2461.4514   18.4905
    7.5000   45.0000   45.0000 2461.5249   18.5930
   -7.5000  -45.0000   52.5000 2328.6948   22.3707
    0.0000  -45.0000   52.5000 2327.9841   21.8563
    7.5000  -45.0000   52.5000 2344.6519   22.1934
   -7.5000  -37.5000   52.5000 2457.6499   20.0296
    0.0000  -37.5000   52.5000 2455.6362   19.6209
    7.5000  -37.5000   52.5000 2475.6606   19.9194
   -7.5000  -30.0000   52.5000 2575.2561   18.2363
    0.0000  -30.0000   52.5000 2579.8433   17.9134
    7.5000  -30.0000   52.5000 2597.2771   18.1367
   -7.5000  -22.5000   52.5000 2678.1064   16.8604
    0.0000  -22.5000   52.5000 2680.8323   16.5305
    7.5000  -22.5000   52.5000 2692.6028   16.6585
   -7.5000  -15.0000   52.5000 2746.3215   15.8982
    0.0000  -15.0000   52.5000 2750.3000   15.5208
    7.5000  -15.0000   52.5000 2762.3047   15.6647
   -7.5000   -7.5000   52.5000 2792.6321   15.2270
    0.0000   -7.5000   52.5000 2804.1653   14.9100
    7.5000   -7.5000   52.5000 2806.9380   15.0617
   -7.5000    0.0000   52.5000 2815.7244   14.9009
    0.0000    0.0000   52.5000 2836.2339   14.6836
    7.5000    0.0000   52.5000 2830.3142   14.7966
   -7.5000    7.5000   52.5000 2811.4290   14.9721
    0.0000    7.5000   52.5000 2839.8784   14.7834
    7.5000    7.5000   52.5000 2826.9983   14.8862
   -7.5000   15.0000   52.5000 2781.3186   15.4943
    0.0000   15.0000   52.5000 2795.6169   15.2964
    7.5000   15.0000   52.5000 2789.3274   15.4126
   -7.5000   22.5000   52.5000 2727.9216   16.2161
    0.0000   22.5000   52.5000 2740.5464   16.0304
    7.5000   22.5000   52.5000 2736.4824   16.1724
   -7.5000   30.0000   52.5000 2643.9341   17.1159
    0.0000   30.0000   52.5000 2656.4497   16.9282
    7.5000   30.0000   52.5000 2649.4714   17.0739
   -7.5000   37.5000   52.5000 2531.3828   18.1611
    0.0000   37.5000   52.5000 2545.8931   18.0369
    7.5000   37.5000   52.5000 2539.7869   18.1432
   -7.5000   45.0000   52.5000 2392.8821   19.5219
    0.0000   45.0000   52.5000 2410.5916   19.4136
    7.5000   45.0000   52.5000 2406.6963   19.5247
   -7.5000  -45.0000   60.0000 2270.8101   23.1329
    0.0000  -45.0000   60.0000 2274.9287   22.5645
    7.5000  -45.0000   60.0000 2286.1040   22.9257
   -7.5000  -37.5000   60.0000 2396.2783   20.7571
    0.0000  -37.5000   60.0000 2399.1626   20.2678
    7.5000  -37.5000   60.0000 2412.1726   20.6194
   -7.5000  -30.0000   60.0000 2504.3110   18.9324
    0.0000  -30.0000   60.0000 2508.0901   18.4988
    7.5000  -30.0000   60.0000 2521.3306   18.7420
   -7.5000  -22.5000   60.0000 2601.8894   17.5536
    0.0000  -22.5000   60.0000 2603.6587   17.0765
    7.5000  -22.5000   60.0000 2614.7498   17.2903
   -7.5000  -15.0000   60.0000 2665.6191   16.5853
    0.0000  -15.0000   60.0000 2670.4275   16.1242
    7.5000  -15.0000   60.0000 2679.1350   16.3322
   -7.5000   -7.5000   60.0000 2704.4878   15.9472
    0.0000   -7.5000   60.0000 2717.5090   15.5890
    7.5000   -7.5000   60.0000 2718.7896   15.7515
   -7.5000    0.0000   60.0000 2721.9846   15.6811
    0.0000    0.0000   60.0000 2743.3198   15.3888
    7.5000    0.0000   60.0000 2738.7793   15.5202
   -7.5000    7.5000   60.0000 2717.5515   15.7155
    0.0000    7.5000   60.0000 2738.9878   15.4798
    7.5000    7.5000   60.0000 2730.1726   15.5803
   -7.5000   15.0000   60.0000 2691.2683   16.2169
    0.0000   15.0000   60.0000 2702.8914   15.9560
    7.5000   15.0000   60.0000 2698.1045   16.0833
   -7.5000   22.5000   60.0000 2637.6824   17.0076
    0.0000   22.5000   60.0000 2653.3594   16.7535
    7.5000   22.5000   60.0000 2645.0215   16.9060
   -7.5000   30.0000   60.0000 2551.6750   17.9456
    0.0000   30.0000   60.0000 2569.7593   17.7355
    7.5000   30.0000   60.0000 2564.6340   17.8569
   -7.5000   37.5000   60.0000 2439.8181   19.0550
    0.0000   37.5000   60.0000 2457.1072   18.8950
    7.5000   37.5000   60.0000 2453.5881   18.9669
   -7.5000   45.0000   60.0000 2316.4077   20.5543
    0.0000   45.0000   60.0000 2334.8586   20.4247
    7.5000   45.0000   60.0000 2328.2844   20.4568

---------------------------------------------------------------------
imgreg_4dfp /opt/freesurfer/average/711-2C_as_mni_average_305 /opt/freesurfer/average/711-2B_as_mni_average_305_mask talsrcimg_g11 none talsrcimg_to_711-2C_as_mni_average_305_t4 1283
---------------------------------------------------------------------

freesurfer imgreg_4dfp.c
/opt/freesurfer/average/711-2C_as_mni_average_305.4dfp.img
       256       256       256         1
  1.000000  1.000000  1.000000
orientation T byte_order littleendian
Reading image: /opt/freesurfer/average/711-2C_as_mni_average_305.4dfp.img
dimensions:      256       256       256
mmppix:       1.0000   -1.0000   -1.0000
center:     128.0000 -129.0000 -129.0000
/opt/freesurfer/average/711-2B_as_mni_average_305_mask.4dfp.img
       256       256       256         1
  1.000000  1.000000  1.000000
orientation T byte_order littleendian
Reading mask: /opt/freesurfer/average/711-2B_as_mni_average_305_mask.4dfp.img (2306576 pixels)
talsrcimg_g11.4dfp.img
       256       256       256         1
  1.000000  1.000000  1.000000
orientation T byte_order littleendian
Reading image: talsrcimg_g11.4dfp.img
dimensions:      256       256       256
mmppix:       1.0000   -1.0000   -1.0000
center:     128.0000 -129.0000 -129.0000
rotation matrix determinant  1.000000
fimgreg.f
image alignment mode   1283 decimal      503 hex
parameters
    0.0000    0.0000   22.5000    0.0000    0.0000    0.0000
eta,q 0.93299 13.23505
niter,ni,del,rscale     5    3   12.0000    1.2000
parameter  4 14.369249 -> -0.500000 qaram    1.1500
parameter  5  0.636075 ->  0.500000 qaram    1.1500
parameters
   -0.5206   -2.5450   23.4893    3.4500   -3.4500   -2.6786
eta,q 0.94299 13.25453
  0.0791  0.0669  0.0802  0.0693  0.0599  0.0586
  0.0712  0.0665  0.0730  0.0684  0.0583  0.0572
  0.0663  0.0668  0.0683  0.0679  0.0583  0.0570
  0.0665  0.0656  0.0665  0.0665  0.0615  0.0579
  0.0711  0.0680  0.0671  0.0632  0.0670  0.0601
  0.0775  0.0756  0.0693  0.0614  0.0738  0.0628
  0.0802  0.0811  0.0728  0.0623  0.0803  0.0667
niter,ni,del,rscale     6    3   12.0000    1.2000
parameters
    0.5251   -2.8821   23.9004    4.4217   -4.4916   -2.6966
eta,q 0.94417 13.25120
  0.0795  0.0651  0.0717  0.0631  0.0639  0.0602
  0.0707  0.0629  0.0632  0.0640  0.0594  0.0575
  0.0630  0.0598  0.0580  0.0619  0.0565  0.0562
  0.0570  0.0561  0.0565  0.0567  0.0559  0.0558
  0.0568  0.0569  0.0586  0.0561  0.0582  0.0559
  0.0619  0.0628  0.0621  0.0584  0.0636  0.0575
  0.0693  0.0699  0.0668  0.0637  0.0718  0.0603
niter,ni,del,rscale     5    3   12.0000    1.2000
parameters
    0.7811   -3.0209   24.0574    4.8108   -4.7318   -2.6514
eta,q 0.94412 13.24091
  0.0745  0.0655  0.0697  0.0635  0.0657  0.0602
  0.0660  0.0627  0.0618  0.0639  0.0611  0.0574
  0.0594  0.0587  0.0568  0.0599  0.0572  0.0562
  0.0558  0.0558  0.0559  0.0560  0.0559  0.0559
  0.0579  0.0566  0.0584  0.0562  0.0569  0.0558
  0.0645  0.0620  0.0621  0.0595  0.0610  0.0573
  0.0716  0.0682  0.0669  0.0650  0.0683  0.0602
niter,ni,del,rscale     4    3   12.0000    1.2000
parameters
    0.8495   -3.1057   24.1093    5.0232   -4.8040   -2.6183
eta,q 0.94411 13.23861
  0.0733  0.0656  0.0690  0.0637  0.0661  0.0602
  0.0651  0.0626  0.0613  0.0637  0.0615  0.0574
  0.0589  0.0584  0.0566  0.0592  0.0575  0.0561
  0.0559  0.0559  0.0559  0.0560  0.0559  0.0559
  0.0586  0.0567  0.0586  0.0564  0.0568  0.0558
  0.0653  0.0618  0.0623  0.0601  0.0605  0.0573
  0.0721  0.0677  0.0670  0.0655  0.0676  0.0602
niter,ni,del,rscale     3    3   12.0000    1.2000
parameters
    0.8780   -3.1635   24.1336    5.1360   -4.8378   -2.5953
eta,q 0.94411 13.23903
  0.0729  0.0657  0.0687  0.0638  0.0661  0.0602
  0.0650  0.0625  0.0612  0.0635  0.0616  0.0574
  0.0588  0.0583  0.0566  0.0588  0.0575  0.0562
  0.0559  0.0559  0.0559  0.0559  0.0559  0.0559
  0.0587  0.0567  0.0585  0.0565  0.0568  0.0558
  0.0655  0.0617  0.0623  0.0605  0.0604  0.0573
  0.0722  0.0674  0.0670  0.0658  0.0674  0.0603
niter,ni,del,rscale     2    3   12.0000    1.2000
parameters
    0.8923   -3.1983   24.1487    5.2004   -4.8545   -2.5823
eta,q 0.94410 13.23934
  0.0728  0.0657  0.0686  0.0638  0.0661  0.0602
  0.0649  0.0625  0.0612  0.0635  0.0616  0.0574
  0.0588  0.0583  0.0566  0.0586  0.0575  0.0562
  0.0559  0.0559  0.0559  0.0559  0.0559  0.0559
  0.0588  0.0567  0.0585  0.0565  0.0569  0.0559
  0.0655  0.0616  0.0623  0.0606  0.0604  0.0573
  0.0722  0.0672  0.0670  0.0659  0.0674  0.0603
registration optimization eta report
parameter search radius
    6.0000    6.0000    6.0000    6.9000    6.9000    6.0000
100000*second partial in parameter space
       44.       29.       32.       18.       23.       13.
  0.0728  0.0657  0.0686  0.0638  0.0661  0.0602
  0.0649  0.0625  0.0612  0.0635  0.0616  0.0574
  0.0588  0.0583  0.0566  0.0586  0.0575  0.0562
  0.0559  0.0559  0.0559  0.0559  0.0559  0.0559
  0.0588  0.0567  0.0585  0.0565  0.0569  0.0559
  0.0655  0.0616  0.0623  0.0606  0.0604  0.0573
  0.0722  0.0672  0.0670  0.0659  0.0674  0.0603
    0.8923   -3.1983   24.1487    5.2004   -4.8545   -2.5823
eta,q 0.94410 13.23934

---------------------------------------------------------------------
imgreg_4dfp /opt/freesurfer/average/711-2C_as_mni_average_305 /opt/freesurfer/average/711-2B_as_mni_average_305_mask talsrcimg_g11 none talsrcimg_to_711-2C_as_mni_average_305_t4 3335
---------------------------------------------------------------------

freesurfer imgreg_4dfp.c
/opt/freesurfer/average/711-2C_as_mni_average_305.4dfp.img
       256       256       256         1
  1.000000  1.000000  1.000000
orientation T byte_order littleendian
Reading image: /opt/freesurfer/average/711-2C_as_mni_average_305.4dfp.img
dimensions:      256       256       256
mmppix:       1.0000   -1.0000   -1.0000
center:     128.0000 -129.0000 -129.0000
/opt/freesurfer/average/711-2B_as_mni_average_305_mask.4dfp.img
       256       256       256         1
  1.000000  1.000000  1.000000
orientation T byte_order littleendian
Reading mask: /opt/freesurfer/average/711-2B_as_mni_average_305_mask.4dfp.img (2306576 pixels)
talsrcimg_g11.4dfp.img
       256       256       256         1
  1.000000  1.000000  1.000000
orientation T byte_order littleendian
Reading image: talsrcimg_g11.4dfp.img
dimensions:      256       256       256
mmppix:       1.0000   -1.0000   -1.0000
center:     128.0000 -129.0000 -129.0000
fimgreg.f
image alignment mode   3335 decimal      D07 hex
parameters
    0.8923   -3.1983   24.1487   -0.4599   -0.5473   -0.7689
    5.2531    8.0108   -4.4892   -9.4344   -8.4626    9.0314
eta,q 0.94261 13.34987
niter,ni,del,rscale     5    3    5.0000    1.2000
parameter  2 -0.578510 -> -0.500000 qaram    1.1500
parameter  4  1.345818 ->  0.500000 qaram    1.1500
parameter  5 -3.964816 ->  0.500000 qaram    1.1500
parameter  6  0.598930 ->  0.500000 qaram    1.1500
parameter  9 -0.500805 -> -0.500000 qaram    1.1500
parameter 12  3.486428 ->  0.500000 qaram    1.1500
parameters
    1.0137   -1.8183   25.0901   -4.5999   -4.6873   -4.9089
    5.8161    7.4645   -0.3492   -8.5526   -5.4688    4.8914
eta,q 0.96240 13.48424
  0.0621  0.0586  0.0611  0.0487  0.0364  0.0412  0.0436  0.0456  0.0446  0.0452  0.0426  0.0362
  0.0596  0.0580  0.0593  0.0494  0.0411  0.0408  0.0422  0.0426  0.0430  0.0429  0.0414  0.0373
  0.0580  0.0576  0.0580  0.0519  0.0459  0.0411  0.0413  0.0411  0.0417  0.0412  0.0407  0.0385
  0.0574  0.0574  0.0572  0.0569  0.0499  0.0425  0.0409  0.0408  0.0408  0.0403  0.0402  0.0400
  0.0578  0.0572  0.0569  0.0636  0.0529  0.0448  0.0410  0.0417  0.0404  0.0404  0.0400  0.0417
  0.0591  0.0571  0.0570  0.0705  0.0565  0.0482  0.0417  0.0438  0.0404  0.0416  0.0401  0.0434
  0.0611  0.0573  0.0576  0.0762  0.0601  0.0536  0.0429  0.0473  0.0408  0.0433  0.0404  0.0451
niter,ni,del,rscale     7    3    5.0000    1.2000
parameter  3  0.719282 ->  0.500000 qaram    1.1500
parameter  5  1.879426 ->  0.500000 qaram    1.3225
parameter 12  0.908584 ->  0.500000 qaram    1.3225
parameters
    0.9630   -2.6933   23.7101   -7.7939   -9.4483   -3.8827
    2.8641    7.3044   -2.7684   -8.7223   -6.4356    0.1304
eta,q 0.97227 13.51587
  0.0410  0.0389  0.0366  0.0378  0.0282  0.0339  0.0303  0.0329  0.0307  0.0325  0.0296  0.0275
  0.0391  0.0377  0.0365  0.0369  0.0294  0.0323  0.0296  0.0308  0.0295  0.0306  0.0292  0.0276
  0.0379  0.0373  0.0367  0.0364  0.0321  0.0310  0.0294  0.0297  0.0291  0.0295  0.0291  0.0281
  0.0376  0.0376  0.0373  0.0365  0.0364  0.0300  0.0298  0.0294  0.0294  0.0291  0.0291  0.0291
  0.0380  0.0387  0.0381  0.0387  0.0424  0.0298  0.0309  0.0297  0.0304  0.0295  0.0292  0.0304
  0.0393  0.0405  0.0393  0.0442  0.0479  0.0306  0.0325  0.0309  0.0320  0.0307  0.0295  0.0321
  0.0413  0.0427  0.0408  0.0518  0.0519  0.0329  0.0346  0.0333  0.0342  0.0330  0.0299  0.0344
niter,ni,del,rscale     7    3    5.0000    1.2000
parameter  5  0.512469 ->  0.500000 qaram    1.5209
parameters
    1.0789   -1.3713   24.0506   -8.2141  -14.9235   -3.0364
    4.1187    7.1655   -2.8398   -8.0113   -6.5718   -2.6448
eta,q 0.97538 13.36466
  0.0305  0.0350  0.0291  0.0307  0.0269  0.0291  0.0281  0.0285  0.0277  0.0286  0.0257  0.0257
  0.0290  0.0319  0.0279  0.0290  0.0253  0.0274  0.0266  0.0262  0.0262  0.0267  0.0252  0.0249
  0.0281  0.0295  0.0271  0.0277  0.0251  0.0260  0.0255  0.0251  0.0252  0.0254  0.0249  0.0246
  0.0277  0.0277  0.0267  0.0267  0.0268  0.0251  0.0250  0.0249  0.0249  0.0249  0.0248  0.0248
  0.0279  0.0268  0.0268  0.0262  0.0314  0.0248  0.0249  0.0253  0.0252  0.0250  0.0249  0.0255
  0.0286  0.0269  0.0272  0.0280  0.0388  0.0257  0.0255  0.0265  0.0262  0.0259  0.0252  0.0266
  0.0300  0.0280  0.0282  0.0336  0.0461  0.0282  0.0265  0.0287  0.0278  0.0274  0.0257  0.0279
niter,ni,del,rscale     7    3    5.0000    1.2000
parameters
    1.1695   -0.4289   24.5723   -6.8121  -16.2742   -3.0638
    3.8310    7.2828   -2.8930   -7.4244   -5.8768   -3.2433
eta,q 0.97633 13.36346
  0.0274  0.0306  0.0268  0.0292  0.0303  0.0276  0.0262  0.0283  0.0265  0.0271  0.0250  0.0256
  0.0259  0.0279  0.0255  0.0272  0.0273  0.0258  0.0248  0.0254  0.0250  0.0253  0.0242  0.0245
  0.0250  0.0259  0.0246  0.0255  0.0248  0.0245  0.0240  0.0240  0.0241  0.0241  0.0239  0.0238
  0.0246  0.0246  0.0242  0.0241  0.0234  0.0237  0.0237  0.0237  0.0237  0.0237  0.0237  0.0237
  0.0248  0.0242  0.0241  0.0230  0.0244  0.0235  0.0240  0.0241  0.0240  0.0240  0.0237  0.0241
  0.0256  0.0246  0.0244  0.0235  0.0288  0.0252  0.0250  0.0254  0.0250  0.0248  0.0240  0.0249
  0.0270  0.0258  0.0254  0.0277  0.0375  0.0284  0.0267  0.0278  0.0267  0.0260  0.0245  0.0261
niter,ni,del,rscale     6    3    5.0000    1.2000
parameters
    1.2796   -0.2583   24.5135   -6.8065  -16.3721   -3.0027
    3.7501    7.2826   -3.1218   -7.1860   -5.7346   -3.4633
eta,q 0.97634 13.36034
  0.0268  0.0275  0.0256  0.0285  0.0314  0.0276  0.0263  0.0280  0.0263  0.0267  0.0248  0.0258
  0.0252  0.0255  0.0245  0.0266  0.0284  0.0259  0.0249  0.0252  0.0248  0.0250  0.0241  0.0246
  0.0241  0.0242  0.0239  0.0251  0.0256  0.0245  0.0240  0.0240  0.0240  0.0239  0.0238  0.0238
  0.0237  0.0237  0.0236  0.0236  0.0236  0.0237  0.0237  0.0237  0.0237  0.0237  0.0237  0.0237
  0.0239  0.0239  0.0238  0.0229  0.0237  0.0235  0.0240  0.0241  0.0240  0.0240  0.0238  0.0240
  0.0247  0.0250  0.0245  0.0249  0.0266  0.0251  0.0249  0.0253  0.0250  0.0249  0.0241  0.0248
  0.0263  0.0267  0.0259  0.0304  0.0338  0.0283  0.0264  0.0279  0.0266  0.0261  0.0247  0.0259
niter,ni,del,rscale     5    3    5.0000    1.2000
parameters
    1.2945   -0.1923   24.4895   -6.7888  -16.3801   -3.0161
    3.7841    7.2756   -3.1969   -7.0962   -5.6981   -3.5558
eta,q 0.97634 13.36001
  0.0266  0.0272  0.0256  0.0285  0.0314  0.0276  0.0263  0.0280  0.0263  0.0265  0.0247  0.0259
  0.0250  0.0253  0.0246  0.0267  0.0284  0.0258  0.0249  0.0252  0.0249  0.0249  0.0241  0.0246
  0.0240  0.0241  0.0239  0.0251  0.0257  0.0245  0.0240  0.0240  0.0240  0.0239  0.0238  0.0239
  0.0237  0.0237  0.0237  0.0237  0.0236  0.0237  0.0237  0.0237  0.0237  0.0237  0.0237  0.0237
  0.0239  0.0240  0.0238  0.0229  0.0236  0.0235  0.0239  0.0241  0.0240  0.0241  0.0238  0.0240
  0.0249  0.0251  0.0245  0.0248  0.0264  0.0252  0.0248  0.0253  0.0249  0.0249  0.0241  0.0247
  0.0266  0.0269  0.0259  0.0304  0.0335  0.0284  0.0263  0.0279  0.0265  0.0262  0.0247  0.0259
niter,ni,del,rscale     4    3    5.0000    1.2000
parameters
    1.2950   -0.1730   24.4804   -6.7826  -16.3742   -3.0210
    3.7949    7.2768   -3.2156   -7.0598   -5.6833   -3.5863
eta,q 0.97634 13.36038
  0.0265  0.0271  0.0257  0.0285  0.0314  0.0276  0.0263  0.0280  0.0264  0.0264  0.0247  0.0259
  0.0250  0.0252  0.0246  0.0267  0.0284  0.0258  0.0249  0.0252  0.0249  0.0248  0.0241  0.0246
  0.0240  0.0241  0.0239  0.0251  0.0257  0.0245  0.0240  0.0240  0.0240  0.0239  0.0238  0.0239
  0.0237  0.0237  0.0237  0.0237  0.0237  0.0237  0.0237  0.0237  0.0237  0.0237  0.0237  0.0237
  0.0239  0.0240  0.0238  0.0229  0.0236  0.0235  0.0239  0.0240  0.0239  0.0241  0.0238  0.0240
  0.0249  0.0252  0.0245  0.0249  0.0264  0.0252  0.0248  0.0253  0.0249  0.0250  0.0241  0.0247
  0.0266  0.0270  0.0259  0.0304  0.0335  0.0284  0.0264  0.0279  0.0264  0.0262  0.0247  0.0258
registration optimization eta report
parameter search radius
    2.4000    2.7600    2.7600    8.2800   10.9503    8.2800
    7.2000    7.2000    8.2800    7.2000    7.2000    9.5220
100000*second partial in parameter space
       51.       44.       28.        9.        7.        6.
        5.        8.        4.        5.        2.        2.
  0.0265  0.0271  0.0257  0.0285  0.0314  0.0276  0.0263  0.0280  0.0264  0.0264  0.0247  0.0259
  0.0250  0.0252  0.0246  0.0267  0.0284  0.0258  0.0249  0.0252  0.0249  0.0248  0.0241  0.0246
  0.0240  0.0241  0.0239  0.0251  0.0257  0.0245  0.0240  0.0240  0.0240  0.0239  0.0238  0.0239
  0.0237  0.0237  0.0237  0.0237  0.0237  0.0237  0.0237  0.0237  0.0237  0.0237  0.0237  0.0237
  0.0239  0.0240  0.0238  0.0229  0.0236  0.0235  0.0239  0.0240  0.0239  0.0241  0.0238  0.0240
  0.0249  0.0252  0.0245  0.0249  0.0264  0.0252  0.0248  0.0253  0.0249  0.0250  0.0241  0.0247
  0.0266  0.0270  0.0259  0.0304  0.0335  0.0284  0.0264  0.0279  0.0264  0.0262  0.0247  0.0258
    1.2950   -0.1730   24.4804   -6.7826  -16.3742   -3.0210
    3.7949    7.2768   -3.2156   -7.0598   -5.6833   -3.5863
eta,q 0.97634 13.36038

---------------------------------------------------------------------
imgreg_4dfp /opt/freesurfer/average/711-2C_as_mni_average_305 /opt/freesurfer/average/711-2B_as_mni_average_305_mask talsrcimg_g11 none talsrcimg_to_711-2C_as_mni_average_305_t4 2311
---------------------------------------------------------------------

freesurfer imgreg_4dfp.c
/opt/freesurfer/average/711-2C_as_mni_average_305.4dfp.img
       256       256       256         1
  1.000000  1.000000  1.000000
orientation T byte_order littleendian
Reading image: /opt/freesurfer/average/711-2C_as_mni_average_305.4dfp.img
dimensions:      256       256       256
mmppix:       1.0000   -1.0000   -1.0000
center:     128.0000 -129.0000 -129.0000
/opt/freesurfer/average/711-2B_as_mni_average_305_mask.4dfp.img
       256       256       256         1
  1.000000  1.000000  1.000000
orientation T byte_order littleendian
Reading mask: /opt/freesurfer/average/711-2B_as_mni_average_305_mask.4dfp.img (2306576 pixels)
talsrcimg_g11.4dfp.img
       256       256       256         1
  1.000000  1.000000  1.000000
orientation T byte_order littleendian
Reading image: talsrcimg_g11.4dfp.img
dimensions:      256       256       256
mmppix:       1.0000   -1.0000   -1.0000
center:     128.0000 -129.0000 -129.0000
fimgreg.f
image alignment mode   2311 decimal      907 hex
parameters
    1.2950   -0.1730   24.4804   -6.7826  -16.3742   -3.0210
    3.7949    7.2768   -3.2156   -7.0598   -5.6833   -3.5863
eta,q 0.97634 13.36037
niter,ni,del,rscale     5    3    5.0000    0.8000
parameters
    1.3289   -0.1694   24.6279   -4.5853  -15.1254   -2.6051
    3.5529    7.4686   -3.2838   -6.5741   -5.1106   -4.1655
eta,q 0.97742 13.45108
  0.0250  0.0248  0.0244  0.0262  0.0255  0.0245  0.0241  0.0256  0.0238  0.0242  0.0235  0.0231
  0.0243  0.0242  0.0240  0.0253  0.0244  0.0237  0.0233  0.0239  0.0232  0.0234  0.0230  0.0228
  0.0238  0.0238  0.0238  0.0244  0.0235  0.0232  0.0228  0.0230  0.0228  0.0229  0.0227  0.0226
  0.0237  0.0237  0.0237  0.0236  0.0229  0.0227  0.0226  0.0226  0.0226  0.0226  0.0226  0.0226
  0.0238  0.0238  0.0237  0.0230  0.0227  0.0225  0.0229  0.0228  0.0228  0.0227  0.0226  0.0227
  0.0242  0.0242  0.0238  0.0230  0.0230  0.0230  0.0235  0.0236  0.0232  0.0231  0.0228  0.0230
  0.0249  0.0248  0.0242  0.0240  0.0239  0.0243  0.0245  0.0252  0.0239  0.0237  0.0232  0.0234
niter,ni,del,rscale     4    3    5.0000    0.7000
parameters
    1.2264   -0.4557   24.5270   -5.0751  -14.5286   -2.1679
    3.8266    7.3538   -3.3291   -6.6134   -5.0473   -4.1698
eta,q 0.97754 13.46731
  0.0238  0.0232  0.0231  0.0243  0.0245  0.0240  0.0238  0.0243  0.0234  0.0235  0.0230  0.0230
  0.0231  0.0227  0.0228  0.0235  0.0236  0.0234  0.0231  0.0232  0.0229  0.0229  0.0227  0.0227
  0.0227  0.0226  0.0226  0.0229  0.0230  0.0230  0.0227  0.0226  0.0226  0.0226  0.0225  0.0225
  0.0226  0.0226  0.0225  0.0225  0.0226  0.0226  0.0225  0.0224  0.0225  0.0225  0.0225  0.0225
  0.0228  0.0228  0.0226  0.0227  0.0226  0.0224  0.0225  0.0227  0.0226  0.0226  0.0225  0.0225
  0.0234  0.0233  0.0229  0.0238  0.0229  0.0228  0.0229  0.0233  0.0229  0.0229  0.0227  0.0227
  0.0243  0.0240  0.0233  0.0260  0.0238  0.0238  0.0235  0.0246  0.0234  0.0236  0.0230  0.0230
niter,ni,del,rscale     3    3    5.0000    0.6000
parameters
    1.1877   -0.5306   24.5260   -5.0216  -14.4841   -2.0118
    3.8744    7.3535   -3.2890   -6.6097   -5.0345   -4.1553
eta,q 0.97760 13.47316
  0.0234  0.0231  0.0230  0.0240  0.0236  0.0235  0.0233  0.0238  0.0231  0.0232  0.0228  0.0228
  0.0229  0.0227  0.0227  0.0234  0.0230  0.0231  0.0228  0.0230  0.0227  0.0228  0.0226  0.0226
  0.0226  0.0225  0.0225  0.0228  0.0226  0.0228  0.0225  0.0226  0.0225  0.0225  0.0225  0.0224
  0.0225  0.0225  0.0225  0.0225  0.0224  0.0224  0.0224  0.0224  0.0224  0.0224  0.0224  0.0224
  0.0226  0.0226  0.0225  0.0224  0.0225  0.0224  0.0225  0.0225  0.0225  0.0225  0.0225  0.0225
  0.0229  0.0229  0.0227  0.0230  0.0229  0.0228  0.0228  0.0230  0.0227  0.0228  0.0226  0.0226
  0.0235  0.0233  0.0230  0.0243  0.0237  0.0236  0.0233  0.0239  0.0231  0.0232  0.0228  0.0228
niter,ni,del,rscale     2    3    5.0000    0.5000
parameters
    1.1772   -0.5510   24.5380   -4.8351  -14.4775   -1.8545
    3.8858    7.3966   -3.2506   -6.5582   -5.0201   -4.1929
eta,q 0.97765 13.47889
  0.0231  0.0229  0.0228  0.0236  0.0232  0.0232  0.0230  0.0234  0.0229  0.0229  0.0226  0.0226
  0.0227  0.0226  0.0226  0.0231  0.0228  0.0229  0.0227  0.0228  0.0226  0.0226  0.0225  0.0225
  0.0225  0.0225  0.0225  0.0227  0.0225  0.0226  0.0224  0.0225  0.0224  0.0224  0.0224  0.0224
  0.0224  0.0224  0.0224  0.0224  0.0224  0.0224  0.0224  0.0224  0.0224  0.0224  0.0223  0.0223
  0.0225  0.0225  0.0224  0.0224  0.0224  0.0223  0.0224  0.0224  0.0224  0.0224  0.0224  0.0224
  0.0227  0.0227  0.0226  0.0227  0.0227  0.0226  0.0226  0.0228  0.0226  0.0226  0.0225  0.0225
  0.0231  0.0230  0.0228  0.0236  0.0232  0.0232  0.0230  0.0234  0.0228  0.0229  0.0226  0.0226
niter,ni,del,rscale     1    3    5.0000    0.4000
parameters
    1.1653   -0.5718   24.5425   -4.6764  -14.4469   -1.7108
    3.9089    7.4378   -3.2198   -6.5016   -5.0120   -4.2151
eta,q 0.97769 13.48440
  0.0228  0.0227  0.0226  0.0232  0.0229  0.0230  0.0227  0.0230  0.0226  0.0227  0.0225  0.0225
  0.0226  0.0225  0.0225  0.0229  0.0226  0.0227  0.0225  0.0226  0.0225  0.0225  0.0224  0.0224
  0.0224  0.0224  0.0224  0.0225  0.0224  0.0225  0.0224  0.0224  0.0224  0.0224  0.0223  0.0223
  0.0224  0.0223  0.0223  0.0223  0.0223  0.0223  0.0223  0.0223  0.0223  0.0223  0.0223  0.0223
  0.0224  0.0224  0.0224  0.0223  0.0224  0.0223  0.0224  0.0224  0.0223  0.0223  0.0223  0.0223
  0.0226  0.0225  0.0225  0.0226  0.0226  0.0225  0.0225  0.0226  0.0225  0.0225  0.0224  0.0224
  0.0228  0.0227  0.0226  0.0231  0.0229  0.0229  0.0227  0.0230  0.0226  0.0227  0.0225  0.0225
registration optimization eta report
parameter search radius
    0.8000    0.8000    0.8000    2.4000    2.4000    2.4000
    2.4000    2.4000    2.4000    2.4000    2.4000    2.4000
100000*second partial in parameter space
       75.       55.       41.       14.       10.       11.
        7.       12.        6.        6.        3.        3.
  0.0228  0.0227  0.0226  0.0232  0.0229  0.0230  0.0227  0.0230  0.0226  0.0227  0.0225  0.0225
  0.0226  0.0225  0.0225  0.0229  0.0226  0.0227  0.0225  0.0226  0.0225  0.0225  0.0224  0.0224
  0.0224  0.0224  0.0224  0.0225  0.0224  0.0225  0.0224  0.0224  0.0224  0.0224  0.0223  0.0223
  0.0224  0.0223  0.0223  0.0223  0.0223  0.0223  0.0223  0.0223  0.0223  0.0223  0.0223  0.0223
  0.0224  0.0224  0.0224  0.0223  0.0224  0.0223  0.0224  0.0224  0.0223  0.0223  0.0223  0.0223
  0.0226  0.0225  0.0225  0.0226  0.0226  0.0225  0.0225  0.0226  0.0225  0.0225  0.0224  0.0224
  0.0228  0.0227  0.0226  0.0231  0.0229  0.0229  0.0227  0.0230  0.0226  0.0227  0.0225  0.0225
    1.1653   -0.5718   24.5425   -4.6764  -14.4469   -1.7108
    3.9089    7.4378   -3.2198   -6.5016   -5.0120   -4.2151
eta,q 0.97769 13.48440

---------------------------------------------------------------------
imgreg_4dfp /opt/freesurfer/average/711-2C_as_mni_average_305 /opt/freesurfer/average/711-2B_as_mni_average_305_mask talsrcimg_g11 none talsrcimg_to_711-2C_as_mni_average_305_t4 2311
---------------------------------------------------------------------

freesurfer imgreg_4dfp.c
/opt/freesurfer/average/711-2C_as_mni_average_305.4dfp.img
       256       256       256         1
  1.000000  1.000000  1.000000
orientation T byte_order littleendian
Reading image: /opt/freesurfer/average/711-2C_as_mni_average_305.4dfp.img
dimensions:      256       256       256
mmppix:       1.0000   -1.0000   -1.0000
center:     128.0000 -129.0000 -129.0000
/opt/freesurfer/average/711-2B_as_mni_average_305_mask.4dfp.img
       256       256       256         1
  1.000000  1.000000  1.000000
orientation T byte_order littleendian
Reading mask: /opt/freesurfer/average/711-2B_as_mni_average_305_mask.4dfp.img (2306576 pixels)
talsrcimg_g11.4dfp.img
       256       256       256         1
  1.000000  1.000000  1.000000
orientation T byte_order littleendian
Reading image: talsrcimg_g11.4dfp.img
dimensions:      256       256       256
mmppix:       1.0000   -1.0000   -1.0000
center:     128.0000 -129.0000 -129.0000
fimgreg.f
image alignment mode   2311 decimal      907 hex
parameters
    1.1653   -0.5718   24.5425   -4.6764  -14.4469   -1.7108
    3.9089    7.4378   -3.2198   -6.5016   -5.0120   -4.2151
eta,q 0.97769 13.48441
niter,ni,del,rscale     5    3    5.0000    0.8000
parameters
    1.1354   -0.5892   24.4650   -5.4131  -14.5370   -2.2052
    3.9176    7.2546   -3.2721   -6.7667   -5.1099   -3.9919
eta,q 0.97744 13.46338
  0.0242  0.0237  0.0233  0.0244  0.0244  0.0240  0.0240  0.0248  0.0237  0.0238  0.0232  0.0233
  0.0232  0.0229  0.0228  0.0235  0.0235  0.0234  0.0232  0.0235  0.0231  0.0231  0.0228  0.0229
  0.0225  0.0225  0.0224  0.0228  0.0228  0.0229  0.0227  0.0228  0.0227  0.0227  0.0226  0.0226
  0.0223  0.0223  0.0223  0.0223  0.0225  0.0225  0.0226  0.0226  0.0226  0.0226  0.0226  0.0226
  0.0225  0.0225  0.0224  0.0227  0.0226  0.0227  0.0227  0.0228  0.0227  0.0228  0.0226  0.0226
  0.0232  0.0230  0.0228  0.0243  0.0234  0.0236  0.0232  0.0236  0.0231  0.0233  0.0229  0.0228
  0.0244  0.0237  0.0235  0.0273  0.0248  0.0252  0.0241  0.0252  0.0238  0.0242  0.0232  0.0232
niter,ni,del,rscale     4    3    5.0000    0.7000
parameters
    1.1778   -0.5261   24.5143   -5.2490  -14.5648   -2.1688
    3.8317    7.3019   -3.2752   -6.7335   -5.0837   -4.0761
eta,q 0.97750 13.46418
  0.0239  0.0237  0.0232  0.0245  0.0240  0.0238  0.0236  0.0244  0.0234  0.0236  0.0230  0.0230
  0.0232  0.0231  0.0229  0.0238  0.0233  0.0233  0.0230  0.0233  0.0229  0.0230  0.0227  0.0227
  0.0227  0.0227  0.0227  0.0231  0.0227  0.0229  0.0226  0.0227  0.0226  0.0226  0.0226  0.0225
  0.0226  0.0226  0.0226  0.0225  0.0225  0.0225  0.0225  0.0225  0.0225  0.0225  0.0225  0.0225
  0.0227  0.0226  0.0226  0.0224  0.0226  0.0225  0.0226  0.0226  0.0226  0.0226  0.0225  0.0226
  0.0231  0.0230  0.0228  0.0230  0.0232  0.0230  0.0231  0.0232  0.0229  0.0230  0.0227  0.0227
  0.0238  0.0235  0.0232  0.0247  0.0242  0.0241  0.0238  0.0244  0.0234  0.0236  0.0230  0.0230
niter,ni,del,rscale     3    3    5.0000    0.6000
parameters
    1.1888   -0.5284   24.5364   -5.0186  -14.5233   -2.0246
    3.8397    7.3557   -3.2699   -6.6385   -5.0427   -4.1254
eta,q 0.97758 13.47185
  0.0235  0.0233  0.0230  0.0241  0.0236  0.0235  0.0233  0.0239  0.0231  0.0233  0.0228  0.0228
  0.0229  0.0228  0.0228  0.0235  0.0230  0.0231  0.0228  0.0231  0.0227  0.0228  0.0226  0.0226
  0.0226  0.0226  0.0226  0.0229  0.0226  0.0228  0.0225  0.0226  0.0225  0.0225  0.0225  0.0224
  0.0225  0.0225  0.0225  0.0225  0.0224  0.0224  0.0224  0.0224  0.0224  0.0224  0.0224  0.0224
  0.0226  0.0226  0.0225  0.0224  0.0225  0.0224  0.0225  0.0225  0.0225  0.0225  0.0225  0.0225
  0.0229  0.0228  0.0227  0.0229  0.0229  0.0228  0.0228  0.0230  0.0227  0.0227  0.0226  0.0226
  0.0235  0.0233  0.0230  0.0241  0.0237  0.0236  0.0233  0.0238  0.0231  0.0232  0.0228  0.0228
niter,ni,del,rscale     2    3    5.0000    0.5000
parameters
    1.1805   -0.5501   24.5465   -4.8332  -14.4841   -1.8597
    3.8756    7.3971   -3.2505   -6.5767   -5.0115   -4.1666
eta,q 0.97765 13.47838
  0.0231  0.0229  0.0228  0.0236  0.0232  0.0233  0.0230  0.0234  0.0229  0.0229  0.0227  0.0226
  0.0227  0.0226  0.0226  0.0231  0.0228  0.0229  0.0227  0.0228  0.0226  0.0226  0.0225  0.0225
  0.0225  0.0225  0.0225  0.0227  0.0225  0.0226  0.0224  0.0225  0.0224  0.0224  0.0224  0.0224
  0.0224  0.0224  0.0224  0.0224  0.0224  0.0224  0.0224  0.0224  0.0224  0.0224  0.0224  0.0223
  0.0225  0.0225  0.0224  0.0224  0.0224  0.0223  0.0224  0.0224  0.0224  0.0224  0.0224  0.0224
  0.0227  0.0227  0.0226  0.0227  0.0227  0.0226  0.0226  0.0228  0.0226  0.0226  0.0225  0.0225
  0.0231  0.0230  0.0228  0.0236  0.0232  0.0232  0.0230  0.0234  0.0229  0.0229  0.0226  0.0226
niter,ni,del,rscale     1    3    5.0000    0.4000
parameters
    1.1667   -0.5720   24.5463   -4.6709  -14.4512   -1.7095
    3.9074    7.4377   -3.2219   -6.5091   -5.0067   -4.2155
eta,q 0.97769 13.48427
  0.0228  0.0227  0.0226  0.0232  0.0229  0.0230  0.0227  0.0230  0.0226  0.0227  0.0225  0.0225
  0.0226  0.0225  0.0225  0.0229  0.0226  0.0227  0.0225  0.0226  0.0225  0.0225  0.0224  0.0224
  0.0224  0.0224  0.0224  0.0225  0.0224  0.0225  0.0224  0.0224  0.0224  0.0224  0.0223  0.0223
  0.0224  0.0224  0.0224  0.0224  0.0223  0.0223  0.0223  0.0223  0.0223  0.0223  0.0223  0.0223
  0.0224  0.0224  0.0224  0.0223  0.0224  0.0223  0.0224  0.0224  0.0223  0.0223  0.0223  0.0223
  0.0226  0.0225  0.0225  0.0226  0.0226  0.0225  0.0225  0.0226  0.0225  0.0225  0.0224  0.0224
  0.0228  0.0227  0.0226  0.0231  0.0229  0.0229  0.0227  0.0230  0.0226  0.0227  0.0225  0.0225
registration optimization eta report
parameter search radius
    0.8000    0.8000    0.8000    2.4000    2.4000    2.4000
    2.4000    2.4000    2.4000    2.4000    2.4000    2.4000
100000*second partial in parameter space
       74.       55.       41.       14.       10.       11.
        7.       12.        6.        7.        3.        3.
  0.0228  0.0227  0.0226  0.0232  0.0229  0.0230  0.0227  0.0230  0.0226  0.0227  0.0225  0.0225
  0.0226  0.0225  0.0225  0.0229  0.0226  0.0227  0.0225  0.0226  0.0225  0.0225  0.0224  0.0224
  0.0224  0.0224  0.0224  0.0225  0.0224  0.0225  0.0224  0.0224  0.0224  0.0224  0.0223  0.0223
  0.0224  0.0224  0.0224  0.0224  0.0223  0.0223  0.0223  0.0223  0.0223  0.0223  0.0223  0.0223
  0.0224  0.0224  0.0224  0.0223  0.0224  0.0223  0.0224  0.0224  0.0223  0.0223  0.0223  0.0223
  0.0226  0.0225  0.0225  0.0226  0.0226  0.0225  0.0225  0.0226  0.0225  0.0225  0.0224  0.0224
  0.0228  0.0227  0.0226  0.0231  0.0229  0.0229  0.0227  0.0230  0.0226  0.0227  0.0225  0.0225
    1.1667   -0.5720   24.5463   -4.6709  -14.4512   -1.7095
    3.9074    7.4377   -3.2219   -6.5091   -5.0067   -4.2155
eta,q 0.97769 13.48427

---------------------------------------------------------------------
compute_vox2vox talsrcimg talsrcimg_to_711-2C_as_mni_average_305_t4 /opt/freesurfer/average/711-2C_as_mni_average_305
---------------------------------------------------------------------

freesurfer compute_vox2vox.c
Reading: talsrcimg.4dfp.ifh
Reading: talsrcimg_to_711-2C_as_mni_average_305_t4
Reading: /opt/freesurfer/average/711-2C_as_mni_average_305.4dfp.ifh
Writing: talsrcimg_to_711-2C_as_mni_average_305_t4_vox2vox.txt

start time Wed Mar 11 07:54:22 CET 2026
end		time Wed Mar 11 07:55:48 CET 2026

mpr2mni305 success

avi2talxfm orig_nu.mgz /opt/freesurfer/average/mni305.cor.mgz talsrcimg_to_711-2C_as_mni_average_305_t4_vox2vox.txt transforms/talairach.auto.xfm
avi2talxfm done
mv -f /out/sourcedata/freesurfer/sub-v2s15x29734_ses-1/mri/talsrcimg_to_711-2C_as_mni_average_305_t4_vox2vox.txt /out/sourcedata/freesurfer/sub-v2s15x29734_ses-1/mri/transforms/talsrcimg_to_711-2C_as_mni_average_305_t4_vox2vox.txt
lta_convert --src orig_nu.mgz --trg /opt/freesurfer/average/mni305.cor.mgz --inxfm transforms/talairach.auto.xfm --outlta transforms/talairach.auto.xfm.lta --subject fsaverage
7.3.2

--src: orig_nu.mgz src image (geometry).
--trg: /opt/freesurfer/average/mni305.cor.mgz trg image (geometry).
--inmni: transforms/talairach.auto.xfm input MNI/XFM transform.
--outlta: transforms/talairach.auto.xfm.lta output LTA.
--s: fsaverage subject name
 LTA read, type : 1
 1.04293  -0.08234  -0.05169  -5.06361;
 0.05499   1.01638   0.04757  -33.62174;
 0.04346   0.07423   1.17060  -14.49440;
 0.00000   0.00000   0.00000   1.00000;
setting subject to fsaverage
Writing  LTA to file transforms/talairach.auto.xfm.lta...
lta_convert successful.
 
 
Started at Wed Mar 11 07:54:22 CET 2026
Ended   at Wed Mar 11 07:55:49 CET 2026
talairach_avi done
