/out/sourcedata/freesurfer/sub-v2s15x29730_ses-1/mri
/opt/freesurfer/bin/talairach_avi
--i orig_nu.mgz --xfm transforms/talairach.auto.xfm
talairach_avi 7.3.2
Linux dna016 5.14.0-427.37.1.el9_4.x86_64 #1 SMP PREEMPT_DYNAMIC Fri Sep 13 12:41:50 EDT 2024 x86_64 x86_64 x86_64 GNU/Linux
Wed Mar 11 07:45:52 CET 2026
mri_convert orig_nu.mgz talsrcimg.img 
reading from orig_nu.mgz...
TR=0.00, TE=0.00, TI=0.00, flip angle=0.00
i_ras = (-1, 0, 0)
j_ras = (3.72529e-09, 0, -1)
k_ras = (0, 1, 0)
writing to talsrcimg.img...
Analyze Output Matrix
-1.00000   0.00000   0.00000   115.03320;
 0.00000   0.00000   1.00000  -118.92541;
 0.00000  -1.00000   0.00000   133.65424;
 0.00000   0.00000   0.00000   1.00000;
--------------------
INFO: set hdr.hist.orient to -1
mpr2mni305 talsrcimg
Wed Mar 11 07:45:53 CET 2026
/opt/freesurfer/bin/mpr2mni305 talsrcimg
mpr2mni305 7.3.2
target=711-2C_as_mni_average_305

---------------------------------------------------------------------
analyzeto4dfp talsrcimg -O0 -y
---------------------------------------------------------------------

freesurfer ifh2hdr.c
Wed Mar 11 07:45:53 2026
Writing: talsrcimg.4dfp.hdr
freesurfer analyzeto4dfp.c
Reading: talsrcimg.hdr
header size 348 bytes
hdr.dime.datatype	offset=70	value=2
hdr.dime.bitpix		offset=72	value=8
hdr.hist.orient		offset=252	value=-1
dimensionality     4
dimensions       256       256       256         1
Reading: talsrcimg.img
Writing: talsrcimg.4dfp.img
Writing: talsrcimg.4dfp.ifh
ifh2hdr talsrcimg -r0to194
ori=2

---------------------------------------------------------------------
gauss_4dfp talsrcimg 1.1
---------------------------------------------------------------------

freesurfer gauss_4dfp.c
Reading: talsrcimg.4dfp.img
Writing: talsrcimg_g11.4dfp.img
image dimensions 256 256 256 padded to 288 288 288
processing volume 1freesurfer ifh2hdr.c
Wed Mar 11 07:45:55 2026
Writing: talsrcimg_g11.4dfp.hdr

Writing: talsrcimg_g11.4dfp.ifh
including: talsrcimg.4dfp.img.rec in talsrcimg_g11.4dfp.img.rec

---------------------------------------------------------------------
imgreg_4dfp /opt/freesurfer/average/711-2C_as_mni_average_305 none talsrcimg_g11 none talsrcimg_to_711-2C_as_mni_average_305_t4 4355
---------------------------------------------------------------------

freesurfer imgreg_4dfp.c
/opt/freesurfer/average/711-2C_as_mni_average_305.4dfp.img
       256       256       256         1
  1.000000  1.000000  1.000000
orientation T byte_order littleendian
Reading image: /opt/freesurfer/average/711-2C_as_mni_average_305.4dfp.img
dimensions:      256       256       256
mmppix:       1.0000   -1.0000   -1.0000
center:     128.0000 -129.0000 -129.0000
talsrcimg_g11.4dfp.img
       256       256       256         1
  1.000000  1.000000  1.000000
orientation T byte_order littleendian
Reading image: talsrcimg_g11.4dfp.img
dimensions:      256       256       256
mmppix:       1.0000   -1.0000   -1.0000
center:     128.0000 -129.0000 -129.0000
t4_read: open error in t4_sub.f l:  41 t4_file(1:l)talsrcimg_to_711-2C_as_mni_average_305_t4 
t4_read: transform initialized to I4
rotation matrix determinant  1.000000
image alignment mode   4355 decimal     1103 hex
   -7.5000  -45.0000  -45.0000 8253.0781   24.4782
    0.0000  -45.0000  -45.0000 8604.9473   24.5104
    7.5000  -45.0000  -45.0000 8321.0117   24.5134
   -7.5000  -37.5000  -45.0000 8578.9629   24.5785
    0.0000  -37.5000  -45.0000 8948.3174   24.6069
    7.5000  -37.5000  -45.0000 8631.9170   24.5860
   -7.5000  -30.0000  -45.0000 9155.9092   24.6127
    0.0000  -30.0000  -45.0000 9558.5078   24.6417
    7.5000  -30.0000  -45.0000 9230.2295   24.6222
   -7.5000  -22.5000  -45.0000 9766.2178   24.5324
    0.0000  -22.5000  -45.000010198.8223   24.5652
    7.5000  -22.5000  -45.0000 9809.9014   24.5724
   -7.5000  -15.0000  -45.000010361.5742   24.4246
    0.0000  -15.0000  -45.000010789.3613   24.4606
    7.5000  -15.0000  -45.000010368.8926   24.4922
   -7.5000   -7.5000  -45.000010956.3418   24.4044
    0.0000   -7.5000  -45.000011378.3740   24.4403
    7.5000   -7.5000  -45.000010973.4160   24.4691
   -7.5000    0.0000  -45.000011254.7031   24.4782
    0.0000    0.0000  -45.000011630.3770   24.5104
    7.5000    0.0000  -45.000011223.9512   24.5134
   -7.5000    7.5000  -45.000010647.8506   24.5785
    0.0000    7.5000  -45.000010985.4941   24.6069
    7.5000    7.5000  -45.000010634.1064   24.5860
   -7.5000   15.0000  -45.0000 9770.3945   24.6127
    0.0000   15.0000  -45.000010075.3633   24.6417
    7.5000   15.0000  -45.0000 9746.6240   24.6222
   -7.5000   22.5000  -45.0000 8893.8281   24.5290
    0.0000   22.5000  -45.0000 9180.5059   24.5618
    7.5000   22.5000  -45.0000 8860.3867   24.5690
   -7.5000   30.0000  -45.0000 8057.3687   24.0991
    0.0000   30.0000  -45.0000 8336.3320   24.1347
    7.5000   30.0000  -45.0000 8024.4917   24.1658
   -7.5000   37.5000  -45.0000 7568.9839   24.0792
    0.0000   37.5000  -45.0000 7825.6030   24.1146
    7.5000   37.5000  -45.0000 7524.9355   24.1431
   -7.5000   45.0000  -45.0000 6778.9038   23.5391
    0.0000   45.0000  -45.0000 7043.5347   23.5700
    7.5000   45.0000  -45.0000 6743.3208   23.5729
   -7.5000  -45.0000  -37.5000 8802.7881   24.3233
    0.0000  -45.0000  -37.5000 9162.8486   24.3426
    7.5000  -45.0000  -37.5000 8828.4414   24.3367
   -7.5000  -37.5000  -37.5000 9126.9199   24.4267
    0.0000  -37.5000  -37.5000 9513.1719   24.4377
    7.5000  -37.5000  -37.5000 9146.6104   24.4035
   -7.5000  -30.0000  -37.5000 9744.7754   24.4487
    0.0000  -30.0000  -37.500010146.4033   24.4556
    7.5000  -30.0000  -37.5000 9756.1260   24.4144
   -7.5000  -22.5000  -37.500010367.8242   24.3507
    0.0000  -22.5000  -37.500010790.4629   24.3621
    7.5000  -22.5000  -37.500010332.1602   24.3448
   -7.5000  -15.0000  -37.500010962.1621   24.2378
    0.0000  -15.0000  -37.500011405.7314   24.2564
    7.5000  -15.0000  -37.500010914.6963   24.2675
   -7.5000   -7.5000  -37.500011591.9482   24.2322
    0.0000   -7.5000  -37.500012070.0498   24.2547
    7.5000   -7.5000  -37.500011551.5635   24.2701
   -7.5000    0.0000  -37.500011891.3545   24.3233
    0.0000    0.0000  -37.500012326.7285   24.3426
    7.5000    0.0000  -37.500011807.7559   24.3367
   -7.5000    7.5000  -37.500011278.6387   24.4267
    0.0000    7.5000  -37.500011670.7188   24.4377
    7.5000    7.5000  -37.500011198.5967   24.4035
   -7.5000   15.0000  -37.500010329.8076   24.4487
    0.0000   15.0000  -37.500010675.8623   24.4556
    7.5000   15.0000  -37.500010239.6133   24.4144
   -7.5000   22.5000  -37.5000 9353.6533   24.3474
    0.0000   22.5000  -37.5000 9675.5820   24.3588
    7.5000   22.5000  -37.5000 9286.3018   24.3414
   -7.5000   30.0000  -37.5000 8469.7363   23.9148
    0.0000   30.0000  -37.5000 8762.4570   23.9332
    7.5000   30.0000  -37.5000 8398.4531   23.9441
   -7.5000   37.5000  -37.5000 7914.6362   23.9093
    0.0000   37.5000  -37.5000 8171.9746   23.9314
    7.5000   37.5000  -37.5000 7832.7280   23.9467
   -7.5000   45.0000  -37.5000 7086.7197   23.3901
    0.0000   45.0000  -37.5000 7344.3027   23.4087
    7.5000   45.0000  -37.5000 7026.7349   23.4030
   -7.5000  -45.0000  -30.0000 9526.9170   25.3739
    0.0000  -45.0000  -30.0000 9922.4941   25.3849
    7.5000  -45.0000  -30.0000 9498.4990   25.3834
   -7.5000  -37.5000  -30.0000 9863.5322   25.4840
    0.0000  -37.5000  -30.000010305.4600   25.4886
    7.5000  -37.5000  -30.0000 9847.7520   25.4591
   -7.5000  -30.0000  -30.000010539.7041   25.5115
    0.0000  -30.0000  -30.000011026.3203   25.5112
    7.5000  -30.0000  -30.000010499.0771   25.4698
   -7.5000  -22.5000  -30.000011212.8633   25.4116
    0.0000  -22.5000  -30.000011710.1025   25.4131
    7.5000  -22.5000  -30.000011109.5928   25.3910
   -7.5000  -15.0000  -30.000011833.8975   25.2926
    0.0000  -15.0000  -30.000012336.7842   25.2993
    7.5000  -15.0000  -30.000011713.2461   25.3045
   -7.5000   -7.5000  -30.000012458.1885   25.2823
    0.0000   -7.5000  -30.000012999.6660   25.2935
    7.5000   -7.5000  -30.000012374.1895   25.3075
   -7.5000    0.0000  -30.000012735.6748   25.3739
    0.0000    0.0000  -30.000013248.7822   25.3849
    7.5000    0.0000  -30.000012613.8535   25.3834
   -7.5000    7.5000  -30.000012069.7471   25.4840
    0.0000    7.5000  -30.000012552.2354   25.4886
    7.5000    7.5000  -30.000011934.7021   25.4591
   -7.5000   15.0000  -30.000011048.8975   25.5115
    0.0000   15.0000  -30.000011474.9512   25.5112
    7.5000   15.0000  -30.000010900.3867   25.4698
   -7.5000   22.5000  -30.000010006.2021   25.4055
    0.0000   22.5000  -30.000010376.2275   25.4070
    7.5000   22.5000  -30.0000 9883.3037   25.3849
   -7.5000   30.0000  -30.0000 9024.5723   24.9579
    0.0000   30.0000  -30.0000 9351.5703   24.9645
    7.5000   30.0000  -30.0000 8920.6504   24.9697
   -7.5000   37.5000  -30.0000 8444.9229   24.9477
    0.0000   37.5000  -30.0000 8700.3203   24.9589
    7.5000   37.5000  -30.0000 8320.6377   24.9727
   -7.5000   45.0000  -30.0000 7560.4771   24.4184
    0.0000   45.0000  -30.0000 7793.0249   24.4289
    7.5000   45.0000  -30.0000 7474.1914   24.4275
   -7.5000  -45.0000  -22.500010283.6152   26.2381
    0.0000  -45.0000  -22.500010746.8193   26.2516
    7.5000  -45.0000  -22.500010227.3057   26.2627
   -7.5000  -37.5000  -22.500010641.6338   26.3469
    0.0000  -37.5000  -22.500011133.4248   26.3605
    7.5000  -37.5000  -22.500010587.2129   26.3488
   -7.5000  -30.0000  -22.500011401.3574   26.3921
    0.0000  -30.0000  -22.500011950.2236   26.4062
    7.5000  -30.0000  -22.500011281.6289   26.3872
   -7.5000  -22.5000  -22.500012148.3193   26.3141
    0.0000  -22.5000  -22.500012722.9609   26.3279
    7.5000  -22.5000  -22.500011945.3145   26.3272
   -7.5000  -15.0000  -22.500012770.1211   26.1991
    0.0000  -15.0000  -22.500013367.2979   26.2117
    7.5000  -15.0000  -22.500012561.3301   26.2338
   -7.5000   -7.5000  -22.500013388.0596   26.1680
    0.0000   -7.5000  -22.500014038.9404   26.1810
    7.5000   -7.5000  -22.500013233.7793   26.2077
   -7.5000    0.0000  -22.500013644.7090   26.2381
    0.0000    0.0000  -22.500014262.6289   26.2516
    7.5000    0.0000  -22.500013445.6562   26.2627
   -7.5000    7.5000  -22.500012927.9434   26.3469
    0.0000    7.5000  -22.500013501.8418   26.3605
    7.5000    7.5000  -22.500012710.2471   26.3488
   -7.5000   15.0000  -22.500011814.5264   26.3921
    0.0000   15.0000  -22.500012320.9580   26.4062
    7.5000   15.0000  -22.500011625.8838   26.3872
   -7.5000   22.5000  -22.500010729.1729   26.3060
    0.0000   22.5000  -22.500011160.2930   26.3197
    7.5000   22.5000  -22.500010561.9355   26.3191
   -7.5000   30.0000  -22.5000 9648.4746   25.8564
    0.0000   30.0000  -22.500010033.4502   25.8689
    7.5000   30.0000  -22.5000 9528.1230   25.8907
   -7.5000   37.5000  -22.5000 8976.4814   25.8257
    0.0000   37.5000  -22.5000 9267.1133   25.8386
    7.5000   37.5000  -22.5000 8846.6885   25.8649
   -7.5000   45.0000  -22.5000 8025.7974   25.2689
    0.0000   45.0000  -22.5000 8277.0518   25.2819
    7.5000   45.0000  -22.5000 7938.8286   25.2926
   -7.5000  -45.0000  -15.000011041.6084   26.8311
    0.0000  -45.0000  -15.000011554.6533   26.8563
    7.5000  -45.0000  -15.000010960.0879   26.8761
   -7.5000  -37.5000  -15.000011451.1641   26.9373
    0.0000  -37.5000  -15.000011964.1240   26.9670
    7.5000  -37.5000  -15.000011343.5420   26.9684
   -7.5000  -30.0000  -15.000012278.7373   26.9959
    0.0000  -30.0000  -15.000012861.8750   27.0322
    7.5000  -30.0000  -15.000012099.0215   27.0360
   -7.5000  -22.5000  -15.000013053.6699   26.9367
    0.0000  -22.5000  -15.000013674.1797   26.9733
    7.5000  -22.5000  -15.000012805.6426   26.9993
   -7.5000  -15.0000  -15.000013713.6504   26.8262
    0.0000  -15.0000  -15.000014373.5059   26.8582
    7.5000  -15.0000  -15.000013458.2256   26.9028
   -7.5000   -7.5000  -15.000014376.7822   26.7792
    0.0000   -7.5000  -15.000015096.3740   26.8061
    7.5000   -7.5000  -15.000014155.9229   26.8470
   -7.5000    0.0000  -15.000014623.5625   26.8311
    0.0000    0.0000  -15.000015294.8193   26.8563
    7.5000    0.0000  -15.000014325.2471   26.8761
   -7.5000    7.5000  -15.000013843.2568   26.9373
    0.0000    7.5000  -15.000014480.2295   26.9670
    7.5000    7.5000  -15.000013563.3828   26.9684
   -7.5000   15.0000  -15.000012638.7012   26.9959
    0.0000   15.0000  -15.000013228.6367   27.0322
    7.5000   15.0000  -15.000012405.6562   27.0360
   -7.5000   22.5000  -15.000011463.5850   26.9272
    0.0000   22.5000  -15.000011953.5186   26.9638
    7.5000   22.5000  -15.000011249.9258   26.9898
   -7.5000   30.0000  -15.000010265.7842   26.4791
    0.0000   30.0000  -15.000010665.4727   26.5106
    7.5000   30.0000  -15.000010099.4775   26.5546
   -7.5000   37.5000  -15.0000 9524.2334   26.4326
    0.0000   37.5000  -15.0000 9855.9727   26.4592
    7.5000   37.5000  -15.0000 9386.4658   26.4995
   -7.5000   45.0000  -15.0000 8472.7002   25.8556
    0.0000   45.0000  -15.0000 8760.6631   25.8799
    7.5000   45.0000  -15.0000 8376.9912   25.8990
   -7.5000  -45.0000   -7.500011841.4531   27.1175
    0.0000  -45.0000   -7.500012412.1885   27.1532
    7.5000  -45.0000   -7.500011775.1553   27.1691
   -7.5000  -37.5000   -7.500012301.5996   27.2230
    0.0000  -37.5000   -7.500012894.8809   27.2606
    7.5000  -37.5000   -7.500012179.3164   27.2559
   -7.5000  -30.0000   -7.500013189.2910   27.2770
    0.0000  -30.0000   -7.500013870.5752   27.3208
    7.5000  -30.0000   -7.500013002.4639   27.3216
   -7.5000  -22.5000   -7.500013959.9414   27.2133
    0.0000  -22.5000   -7.500014646.7188   27.2601
    7.5000  -22.5000   -7.500013707.3037   27.2879
   -7.5000  -15.0000   -7.500014646.9619   27.1028
    0.0000  -15.0000   -7.500015414.6670   27.1475
    7.5000  -15.0000   -7.500014396.5928   27.1964
   -7.5000   -7.5000   -7.500015417.9287   27.0607
    0.0000   -7.5000   -7.500016211.5205   27.1008
    7.5000   -7.5000   -7.500015146.4131   27.1432
   -7.5000    0.0000   -7.500015634.3730   27.1175
    0.0000    0.0000   -7.500016383.6543   27.1532
    7.5000    0.0000   -7.500015285.6240   27.1691
   -7.5000    7.5000   -7.500014761.9893   27.2230
    0.0000    7.5000   -7.500015478.6729   27.2606
    7.5000    7.5000   -7.500014417.5537   27.2559
   -7.5000   15.0000   -7.500013507.6973   27.2770
    0.0000   15.0000   -7.500014184.0654   27.3208
    7.5000   15.0000   -7.500013217.6279   27.3216
   -7.5000   22.5000   -7.500012245.1943   27.2007
    0.0000   22.5000   -7.500012842.2373   27.2475
    7.5000   22.5000   -7.500012014.2510   27.2753
   -7.5000   30.0000   -7.500010932.9707   26.7513
    0.0000   30.0000   -7.500011397.9014   26.7954
    7.5000   30.0000   -7.500010762.2861   26.8437
   -7.5000   37.5000   -7.500010086.5693   26.7097
    0.0000   37.5000   -7.500010490.8789   26.7494
    7.5000   37.5000   -7.5000 9968.9023   26.7912
   -7.5000   45.0000   -7.5000 8943.8203   26.1365
    0.0000   45.0000   -7.5000 9292.4316   26.1710
    7.5000   45.0000   -7.5000 8874.2920   26.1862
   -7.5000  -45.0000    0.000012562.3027   27.1809
    0.0000  -45.0000    0.000013188.1982   27.2149
    7.5000  -45.0000    0.000012510.8994   27.2171
   -7.5000  -37.5000    0.000013121.4805   27.2894
    0.0000  -37.5000    0.000013810.7764   27.3185
    7.5000  -37.5000    0.000012994.5615   27.2933
   -7.5000  -30.0000    0.000014056.0830   27.3262
    0.0000  -30.0000    0.000014785.1729   27.3560
    7.5000  -30.0000    0.000013809.2344   27.3314
   -7.5000  -22.5000    0.000014781.5078   27.2390
    0.0000  -22.5000    0.000015513.9824   27.2741
    7.5000  -22.5000    0.000014513.9111   27.2794
   -7.5000  -15.0000    0.000015507.8477   27.1222
    0.0000  -15.0000    0.000016299.3857   27.1617
    7.5000  -15.0000    0.000015251.0420   27.1950
   -7.5000   -7.5000    0.000016334.1035   27.1006
    0.0000   -7.5000    0.000017131.1504   27.1397
    7.5000   -7.5000    0.000016034.6377   27.1707
   -7.5000    0.0000    0.000016487.3984   27.1809
    0.0000    0.0000    0.000017263.8906   27.2149
    7.5000    0.0000    0.000016142.3174   27.2171
   -7.5000    7.5000    0.000015511.6133   27.2894
    0.0000    7.5000    0.000016239.0586   27.3185
    7.5000    7.5000    0.000015174.0605   27.2933
   -7.5000   15.0000    0.000014211.6055   27.3262
    0.0000   15.0000    0.000014901.8008   27.3560
    7.5000   15.0000    0.000013897.9111   27.3314
   -7.5000   22.5000    0.000012936.0039   27.2265
    0.0000   22.5000    0.000013551.0752   27.2615
    7.5000   22.5000    0.000012677.0049   27.2668
   -7.5000   30.0000    0.000011570.9648   26.7712
    0.0000   30.0000    0.000012078.5996   26.8102
    7.5000   30.0000    0.000011369.6641   26.8431
   -7.5000   37.5000    0.000010633.9209   26.7499
    0.0000   37.5000    0.000011091.7520   26.7884
    7.5000   37.5000    0.000010501.7803   26.8190
   -7.5000   45.0000    0.0000 9416.0029   26.1996
    0.0000   45.0000    0.0000 9790.3086   26.2324
    7.5000   45.0000    0.0000 9322.1543   26.2346
   -7.5000  -45.0000    7.500012440.6094   27.2182
    0.0000  -45.0000    7.500013086.9375   27.2397
    7.5000  -45.0000    7.500012359.6387   27.2331
   -7.5000  -37.5000    7.500013077.2412   27.3338
    0.0000  -37.5000    7.500013827.5391   27.3461
    7.5000  -37.5000    7.500012947.4844   27.3078
   -7.5000  -30.0000    7.500013915.9062   27.3585
    0.0000  -30.0000    7.500014472.6299   27.3662
    7.5000  -30.0000    7.500013666.5957   27.3200
   -7.5000  -22.5000    7.500014516.1807   27.2488
    0.0000  -22.5000    7.500014991.3936   27.2616
    7.5000  -22.5000    7.500014252.4873   27.2421
   -7.5000  -15.0000    7.500015234.8037   27.1225
    0.0000  -15.0000    7.500015797.0088   27.1434
    7.5000  -15.0000    7.500015002.1562   27.1557
   -7.5000   -7.5000    7.500016049.3057   27.1162
    0.0000   -7.5000    7.500016666.9023   27.1414
    7.5000   -7.5000    7.500015815.8516   27.1586
   -7.5000    0.0000    7.500016206.5205   27.2182
    0.0000    0.0000    7.500016833.9512   27.2397
    7.5000    0.0000    7.500015935.9736   27.2331
   -7.5000    7.5000    7.500015220.2637   27.3338
    0.0000    7.5000    7.500015831.0977   27.3461
    7.5000    7.5000    7.500014916.4346   27.3078
   -7.5000   15.0000    7.500013964.6035   27.3585
    0.0000   15.0000    7.500014565.4912   27.3662
    7.5000   15.0000    7.500013659.6406   27.3200
   -7.5000   22.5000    7.500012704.8252   27.2362
    0.0000   22.5000    7.500013306.7207   27.2490
    7.5000   22.5000    7.500012449.0664   27.2296
   -7.5000   30.0000    7.500011392.0146   26.7715
    0.0000   30.0000    7.500011925.6172   26.7921
    7.5000   30.0000    7.500011184.0840   26.8043
   -7.5000   37.5000    7.500010452.2529   26.7653
    0.0000   37.5000    7.500010928.1826   26.7901
    7.5000   37.5000    7.500010280.8213   26.8071
   -7.5000   45.0000    7.5000 9218.9023   26.2356
    0.0000   45.0000    7.5000 9587.7900   26.2564
    7.5000   45.0000    7.5000 9090.3174   26.2500
   -7.5000  -45.0000   15.000011931.2246   27.2474
    0.0000  -45.0000   15.000012594.6240   27.2592
    7.5000  -45.0000   15.000011905.8398   27.2576
   -7.5000  -37.5000   15.000012592.0713   27.3656
    0.0000  -37.5000   15.000013189.5557   27.3706
    7.5000  -37.5000   15.000012615.1934   27.3389
   -7.5000  -30.0000   15.000013388.8828   27.3951
    0.0000  -30.0000   15.000013607.7275   27.3948
    7.5000  -30.0000   15.000013295.7383   27.3503
   -7.5000  -22.5000   15.000014018.9941   27.2879
    0.0000  -22.5000   15.000014046.6943   27.2895
    7.5000  -22.5000   15.000013790.1729   27.2658
   -7.5000  -15.0000   15.000014808.5068   27.1601
    0.0000  -15.0000   15.000014981.6807   27.1673
    7.5000  -15.0000   15.000014554.3145   27.1729
   -7.5000   -7.5000   15.000015622.1260   27.1490
    0.0000   -7.5000   15.000016008.0176   27.1611
    7.5000   -7.5000   15.000015419.5762   27.1761
   -7.5000    0.0000   15.000015794.4502   27.2474
    0.0000    0.0000   15.000016308.9258   27.2592
    7.5000    0.0000   15.000015563.2422   27.2576
   -7.5000    7.5000   15.000014741.7617   27.3656
    0.0000    7.5000   15.000015347.7500   27.3706
    7.5000    7.5000   15.000014497.2207   27.3389
   -7.5000   15.0000   15.000013512.8223   27.3951
    0.0000   15.0000   15.000014137.8428   27.3948
    7.5000   15.0000   15.000013250.5186   27.3503
   -7.5000   22.5000   15.000012258.4287   27.2754
    0.0000   22.5000   15.000012872.5244   27.2769
    7.5000   22.5000   15.000012058.7998   27.2532
   -7.5000   30.0000   15.000010958.9424   26.8086
    0.0000   30.0000   15.000011517.2461   26.8157
    7.5000   30.0000   15.000010788.3545   26.8212
   -7.5000   37.5000   15.000010092.3223   26.7976
    0.0000   37.5000   15.000010584.6660   26.8096
    7.5000   37.5000   15.0000 9926.6533   26.8244
   -7.5000   45.0000   15.0000 8882.6611   26.2638
    0.0000   45.0000   15.0000 9282.3691   26.2751
    7.5000   45.0000   15.0000 8758.4746   26.2736
   -7.5000  -45.0000   22.500011293.1865   27.2373
    0.0000  -45.0000   22.500011793.7188   27.2512
    7.5000  -45.0000   22.500011316.1484   27.2628
   -7.5000  -37.5000   22.500011859.8203   27.3502
    0.0000  -37.5000   22.500012383.1787   27.3644
    7.5000  -37.5000   22.500011986.2520   27.3522
   -7.5000  -30.0000   22.500012763.4346   27.3971
    0.0000  -30.0000   22.500013196.5020   27.4118
    7.5000  -30.0000   22.500012901.8223   27.3920
   -7.5000  -22.5000   22.500013573.3438   27.3162
    0.0000  -22.5000   22.500013970.2842   27.3305
    7.5000  -22.5000   22.500013621.7959   27.3297
   -7.5000  -15.0000   22.500014346.6963   27.1968
    0.0000  -15.0000   22.500014853.8623   27.2099
    7.5000  -15.0000   22.500014284.4990   27.2328
   -7.5000   -7.5000   22.500015034.8486   27.1645
    0.0000   -7.5000   22.500015637.6914   27.1780
    7.5000   -7.5000   22.500014908.7920   27.2057
   -7.5000    0.0000   22.500015103.1074   27.2373
    0.0000    0.0000   22.500015715.5840   27.2512
    7.5000    0.0000   22.500014920.9883   27.2628
   -7.5000    7.5000   22.500014023.2578   27.3502
    0.0000    7.5000   22.500014618.4014   27.3644
    7.5000    7.5000   22.500013814.2568   27.3522
   -7.5000   15.0000   22.500012833.7041   27.3971
    0.0000   15.0000   22.500013426.5439   27.4118
    7.5000   15.0000   22.500012632.5879   27.3920
   -7.5000   22.5000   22.500011647.5654   27.3036
    0.0000   22.5000   22.500012198.6230   27.3179
    7.5000   22.5000   22.500011487.8652   27.3172
   -7.5000   30.0000   22.500010438.5273   26.8448
    0.0000   30.0000   22.500010955.8379   26.8578
    7.5000   30.0000   22.500010288.9258   26.8804
   -7.5000   37.5000   22.5000 9630.8291   26.8130
    0.0000   37.5000   22.500010096.3086   26.8263
    7.5000   37.5000   22.5000 9494.3857   26.8536
   -7.5000   45.0000   22.5000 8474.6738   26.2539
    0.0000   45.0000   22.5000 8841.0898   26.2674
    7.5000   45.0000   22.5000 8366.7061   26.2785
   -7.5000  -45.0000   30.000010521.8652   27.2319
    0.0000  -45.0000   30.000011131.7246   27.2581
    7.5000  -45.0000   30.000010601.0830   27.2784
   -7.5000  -37.5000   30.000011032.8730   27.3399
    0.0000  -37.5000   30.000011631.6211   27.3709
    7.5000  -37.5000   30.000011141.4980   27.3724
   -7.5000  -30.0000   30.000011867.7236   27.3995
    0.0000  -30.0000   30.000012463.0684   27.4372
    7.5000  -30.0000   30.000011937.4414   27.4413
   -7.5000  -22.5000   30.000012647.9727   27.3393
    0.0000  -22.5000   30.000013252.6309   27.3773
    7.5000  -22.5000   30.000012677.0898   27.4040
   -7.5000  -15.0000   30.000013372.9316   27.2269
    0.0000  -15.0000   30.000014024.9980   27.2601
    7.5000  -15.0000   30.000013351.0059   27.3057
   -7.5000   -7.5000   30.000013998.6904   27.1791
    0.0000   -7.5000   30.000014653.8730   27.2071
    7.5000   -7.5000   30.000013917.1152   27.2489
   -7.5000    0.0000   30.000014032.8672   27.2319
    0.0000    0.0000   30.000014665.4434   27.2581
    7.5000    0.0000   30.000013905.2520   27.2784
   -7.5000    7.5000   30.000013016.8877   27.3399
    0.0000    7.5000   30.000013608.6006   27.3709
    7.5000    7.5000   30.000012858.6357   27.3724
   -7.5000   15.0000   30.000011932.1318   27.3995
    0.0000   15.0000   30.000012484.0820   27.4372
    7.5000   15.0000   30.000011786.4287   27.4413
   -7.5000   22.5000   30.000010804.9150   27.3267
    0.0000   22.5000   30.000011290.8516   27.3647
    7.5000   22.5000   30.000010684.1621   27.3914
   -7.5000   30.0000   30.0000 9702.1943   26.8745
    0.0000   30.0000   30.000010125.4512   26.9073
    7.5000   30.0000   30.0000 9588.0234   26.9524
   -7.5000   37.5000   30.0000 8963.0605   26.8274
    0.0000   37.5000   30.0000 9371.1289   26.8550
    7.5000   37.5000   30.0000 8873.9570   26.8962
   -7.5000   45.0000   30.0000 7901.9219   26.2487
    0.0000   45.0000   30.0000 8236.7695   26.2740
    7.5000   45.0000   30.0000 7829.5894   26.2936
   -7.5000  -45.0000   37.500010056.6484   27.3325
    0.0000  -45.0000   37.500010635.6133   27.3701
    7.5000  -45.0000   37.500010090.6162   27.3873
   -7.5000  -37.5000   37.500010470.6699   27.4403
    0.0000  -37.5000   37.500010978.3066   27.4797
    7.5000  -37.5000   37.500010494.2627   27.4761
   -7.5000  -30.0000   37.500011206.9014   27.4952
    0.0000  -30.0000   37.500011711.3564   27.5410
    7.5000  -30.0000   37.500011231.2363   27.5430
   -7.5000  -22.5000   37.500011927.9053   27.4299
    0.0000  -22.5000   37.500012442.2900   27.4788
    7.5000  -22.5000   37.500011945.5088   27.5082
   -7.5000  -15.0000   37.500012612.1162   27.3170
    0.0000  -15.0000   37.500013159.2969   27.3637
    7.5000  -15.0000   37.500012611.3750   27.4145
   -7.5000   -7.5000   37.500013258.8389   27.2742
    0.0000   -7.5000   37.500013826.2148   27.3164
    7.5000   -7.5000   37.500013246.3145   27.3605
   -7.5000    0.0000   37.500013345.3730   27.3325
    0.0000    0.0000   37.500013934.5127   27.3701
    7.5000    0.0000   37.500013322.5293   27.3873
   -7.5000    7.5000   37.500012411.0010   27.4403
    0.0000    7.5000   37.500012985.0664   27.4797
    7.5000    7.5000   37.500012363.3936   27.4761
   -7.5000   15.0000   37.500011395.5098   27.4952
    0.0000   15.0000   37.500011913.0615   27.5410
    7.5000   15.0000   37.500011335.6592   27.5430
   -7.5000   22.5000   37.500010298.0439   27.4173
    0.0000   22.5000   37.500010800.4297   27.4661
    7.5000   22.5000   37.500010237.2686   27.4955
   -7.5000   30.0000   37.5000 9242.6475   26.9634
    0.0000   30.0000   37.5000 9692.9580   27.0096
    7.5000   30.0000   37.5000 9191.5381   27.0597
   -7.5000   37.5000   37.5000 8566.7021   26.9212
    0.0000   37.5000   37.5000 8962.8711   26.9628
    7.5000   37.5000   37.5000 8513.9590   27.0064
   -7.5000   45.0000   37.5000 7540.9712   26.3456
    0.0000   45.0000   37.5000 7898.9771   26.3819
    7.5000   45.0000   37.5000 7520.3086   26.3985
   -7.5000  -45.0000   45.0000 9174.8330   27.6716
    0.0000  -45.0000   45.0000 9659.5811   27.7082
    7.5000  -45.0000   45.0000 9187.3203   27.7124
   -7.5000  -37.5000   45.0000 9524.3398   27.7868
    0.0000  -37.5000   45.0000 9962.9424   27.8182
    7.5000  -37.5000   45.0000 9529.5244   27.7936
   -7.5000  -30.0000   45.000010167.4883   27.8258
    0.0000  -30.0000   45.000010636.8223   27.8585
    7.5000  -30.0000   45.000010195.4082   27.8343
   -7.5000  -22.5000   45.000010810.3809   27.7331
    0.0000  -22.5000   45.000011310.7881   27.7716
    7.5000  -22.5000   45.000010861.4922   27.7786
   -7.5000  -15.0000   45.000011459.4092   27.6090
    0.0000  -15.0000   45.000011963.6514   27.6522
    7.5000  -15.0000   45.000011485.3604   27.6887
   -7.5000   -7.5000   45.000012080.5576   27.5863
    0.0000   -7.5000   45.000012618.9102   27.6286
    7.5000   -7.5000   45.000012071.2969   27.6630
   -7.5000    0.0000   45.000012227.3779   27.6716
    0.0000    0.0000   45.000012798.8984   27.7082
    7.5000    0.0000   45.000012226.0986   27.7124
   -7.5000    7.5000   45.000011407.3818   27.7868
    0.0000    7.5000   45.000011922.9971   27.8182
    7.5000    7.5000   45.000011370.5518   27.7936
   -7.5000   15.0000   45.000010484.7998   27.8258
    0.0000   15.0000   45.000010964.7783   27.8585
    7.5000   15.0000   45.000010427.4238   27.8343
   -7.5000   22.5000   45.0000 9507.8721   27.7202
    0.0000   22.5000   45.0000 9948.0459   27.7588
    7.5000   22.5000   45.0000 9451.3281   27.7658
   -7.5000   30.0000   45.0000 8555.5645   27.2493
    0.0000   30.0000   45.0000 8931.3750   27.2919
    7.5000   30.0000   45.0000 8502.3535   27.3279
   -7.5000   37.5000   45.0000 7917.8242   27.2270
    0.0000   37.5000   45.0000 8270.5586   27.2687
    7.5000   37.5000   45.0000 7896.0215   27.3026
   -7.5000   45.0000   45.0000 6967.1006   26.6845
    0.0000   45.0000   45.0000 7272.1230   26.7198
    7.5000   45.0000   45.0000 6954.0654   26.7239

---------------------------------------------------------------------
imgreg_4dfp /opt/freesurfer/average/711-2C_as_mni_average_305 /opt/freesurfer/average/711-2B_as_mni_average_305_mask talsrcimg_g11 none talsrcimg_to_711-2C_as_mni_average_305_t4 4355
---------------------------------------------------------------------

freesurfer imgreg_4dfp.c
/opt/freesurfer/average/711-2C_as_mni_average_305.4dfp.img
       256       256       256         1
  1.000000  1.000000  1.000000
orientation T byte_order littleendian
Reading image: /opt/freesurfer/average/711-2C_as_mni_average_305.4dfp.img
dimensions:      256       256       256
mmppix:       1.0000   -1.0000   -1.0000
center:     128.0000 -129.0000 -129.0000
/opt/freesurfer/average/711-2B_as_mni_average_305_mask.4dfp.img
       256       256       256         1
  1.000000  1.000000  1.000000
orientation T byte_order littleendian
Reading mask: /opt/freesurfer/average/711-2B_as_mni_average_305_mask.4dfp.img (2306576 pixels)
talsrcimg_g11.4dfp.img
       256       256       256         1
  1.000000  1.000000  1.000000
orientation T byte_order littleendian
Reading image: talsrcimg_g11.4dfp.img
dimensions:      256       256       256
mmppix:       1.0000   -1.0000   -1.0000
center:     128.0000 -129.0000 -129.0000
rotation matrix determinant  1.000000
image alignment mode   4355 decimal     1103 hex
   -7.5000  -45.0000  -45.0000 2109.5400   26.5939
    0.0000  -45.0000  -45.0000 2128.5671   26.1838
    7.5000  -45.0000  -45.0000 2131.3555   26.3147
   -7.5000  -37.5000  -45.0000 2143.7244   25.5195
    0.0000  -37.5000  -45.0000 2158.4519   25.0582
    7.5000  -37.5000  -45.0000 2160.7783   25.2133
   -7.5000  -30.0000  -45.0000 2153.9380   24.8316
    0.0000  -30.0000  -45.0000 2172.2678   24.4066
    7.5000  -30.0000  -45.0000 2176.8442   24.6261
   -7.5000  -22.5000  -45.0000 2159.2285   24.6486
    0.0000  -22.5000  -45.0000 2180.3203   24.2276
    7.5000  -22.5000  -45.0000 2180.8535   24.4595
   -7.5000  -15.0000  -45.0000 2149.2410   24.9572
    0.0000  -15.0000  -45.0000 2169.8552   24.4616
    7.5000  -15.0000  -45.0000 2165.9526   24.7220
   -7.5000   -7.5000  -45.0000 2129.1831   25.6880
    0.0000   -7.5000  -45.0000 2145.5303   25.1358
    7.5000   -7.5000  -45.0000 2145.7146   25.4329
   -7.5000    0.0000  -45.0000 2090.0830   26.7335
    0.0000    0.0000  -45.0000 2108.5283   26.1643
    7.5000    0.0000  -45.0000 2106.0125   26.5002
   -7.5000    7.5000  -45.0000 2040.4490   28.2452
    0.0000    7.5000  -45.0000 2055.8691   27.6404
    7.5000    7.5000  -45.0000 2050.1140   28.0235
   -7.5000   15.0000  -45.0000 1967.0176   30.3232
    0.0000   15.0000  -45.0000 1988.3755   29.7154
    7.5000   15.0000  -45.0000 1980.4103   30.2088
   -7.5000   22.5000  -45.0000 1881.1792   33.0552
    0.0000   22.5000  -45.0000 1903.2168   32.4789
    7.5000   22.5000  -45.0000 1896.8915   33.0072
   -7.5000   30.0000  -45.0000 1775.6188   36.7870
    0.0000   30.0000  -45.0000 1800.7117   36.3561
    7.5000   30.0000  -45.0000 1787.3867   36.7633
   -7.5000   37.5000  -45.0000 1675.1053   41.9343
    0.0000   37.5000  -45.0000 1689.2336   41.5927
    7.5000   37.5000  -45.0000 1678.6582   41.9113
   -7.5000   45.0000  -45.0000 1550.7944   49.2570
    0.0000   45.0000  -45.0000 1568.6747   48.8237
    7.5000   45.0000  -45.0000 1548.3557   49.1189
   -7.5000  -45.0000  -37.5000 2219.1538   24.6473
    0.0000  -45.0000  -37.5000 2233.5764   24.3817
    7.5000  -45.0000  -37.5000 2232.2358   24.4800
   -7.5000  -37.5000  -37.5000 2249.4692   23.5700
    0.0000  -37.5000  -37.5000 2264.5063   23.2855
    7.5000  -37.5000  -37.5000 2266.1763   23.4005
   -7.5000  -30.0000  -37.5000 2264.2959   22.9057
    0.0000  -30.0000  -37.5000 2277.1199   22.6019
    7.5000  -30.0000  -37.5000 2277.5479   22.7713
   -7.5000  -22.5000  -37.5000 2264.7898   22.6650
    0.0000  -22.5000  -37.5000 2282.8162   22.3744
    7.5000  -22.5000  -37.5000 2276.4905   22.5134
   -7.5000  -15.0000  -37.5000 2247.2854   22.8580
    0.0000  -15.0000  -37.5000 2264.5845   22.4922
    7.5000  -15.0000  -37.5000 2258.3745   22.6844
   -7.5000   -7.5000  -37.5000 2235.5483   23.4651
    0.0000   -7.5000  -37.5000 2257.4705   23.0806
    7.5000   -7.5000  -37.5000 2250.4590   23.3611
   -7.5000    0.0000  -37.5000 2209.7534   24.5029
    0.0000    0.0000  -37.5000 2227.4314   24.1109
    7.5000    0.0000  -37.5000 2218.6885   24.4051
   -7.5000    7.5000  -37.5000 2160.2432   26.0629
    0.0000    7.5000  -37.5000 2173.9792   25.5664
    7.5000    7.5000  -37.5000 2165.3438   25.9134
   -7.5000   15.0000  -37.5000 2077.8379   28.0616
    0.0000   15.0000  -37.5000 2094.3240   27.4837
    7.5000   15.0000  -37.5000 2085.6812   27.8878
   -7.5000   22.5000  -37.5000 1978.9045   30.6942
    0.0000   22.5000  -37.5000 1993.7220   29.9929
    7.5000   22.5000  -37.5000 1987.6881   30.4437
   -7.5000   30.0000  -37.5000 1873.7230   34.1391
    0.0000   30.0000  -37.5000 1891.2311   33.5273
    7.5000   30.0000  -37.5000 1876.8107   33.9801
   -7.5000   37.5000  -37.5000 1754.3580   38.8316
    0.0000   37.5000  -37.5000 1762.8951   38.2938
    7.5000   37.5000  -37.5000 1751.5668   38.7750
   -7.5000   45.0000  -37.5000 1623.4609   45.2992
    0.0000   45.0000  -37.5000 1637.7347   44.8197
    7.5000   45.0000  -37.5000 1620.7650   45.1580
   -7.5000  -45.0000  -30.0000 2349.2825   23.6281
    0.0000  -45.0000  -30.0000 2367.0496   23.4567
    7.5000  -45.0000  -30.0000 2356.9834   23.5181
   -7.5000  -37.5000  -30.0000 2388.0295   22.5609
    0.0000  -37.5000  -30.0000 2409.3999   22.4173
    7.5000  -37.5000  -30.0000 2397.8792   22.4485
   -7.5000  -30.0000  -30.0000 2410.7405   21.8560
    0.0000  -30.0000  -30.0000 2430.9470   21.6732
    7.5000  -30.0000  -30.0000 2416.4731   21.7645
   -7.5000  -22.5000  -30.0000 2418.7959   21.5620
    0.0000  -22.5000  -30.0000 2440.1665   21.3848
    7.5000  -22.5000  -30.0000 2419.5479   21.4328
   -7.5000  -15.0000  -30.0000 2400.0884   21.6909
    0.0000  -15.0000  -30.0000 2420.7146   21.4983
    7.5000  -15.0000  -30.0000 2408.0925   21.6333
   -7.5000   -7.5000  -30.0000 2384.2693   22.2871
    0.0000   -7.5000  -30.0000 2411.0352   22.0381
    7.5000   -7.5000  -30.0000 2399.6646   22.2220
   -7.5000    0.0000  -30.0000 2359.5642   23.3734
    0.0000    0.0000  -30.0000 2378.1711   23.0879
    7.5000    0.0000  -30.0000 2365.3096   23.3060
   -7.5000    7.5000  -30.0000 2303.2666   24.9739
    0.0000    7.5000  -30.0000 2317.4917   24.6176
    7.5000    7.5000  -30.0000 2302.0237   24.8781
   -7.5000   15.0000  -30.0000 2217.7180   26.9800
    0.0000   15.0000  -30.0000 2233.9712   26.4836
    7.5000   15.0000  -30.0000 2215.2781   26.8168
   -7.5000   22.5000  -30.0000 2110.8008   29.5031
    0.0000   22.5000  -30.0000 2124.2271   28.9756
    7.5000   22.5000  -30.0000 2108.4897   29.3039
   -7.5000   30.0000  -30.0000 1989.6328   32.7655
    0.0000   30.0000  -30.0000 2004.1737   32.2234
    7.5000   30.0000  -30.0000 1987.7222   32.6236
   -7.5000   37.5000  -30.0000 1859.1084   37.1521
    0.0000   37.5000  -30.0000 1870.0917   36.5993
    7.5000   37.5000  -30.0000 1851.5693   37.0891
   -7.5000   45.0000  -30.0000 1722.4078   43.1346
    0.0000   45.0000  -30.0000 1736.6257   42.6813
    7.5000   45.0000  -30.0000 1719.1836   43.0514
   -7.5000  -45.0000  -22.5000 2454.7603   22.3374
    0.0000  -45.0000  -22.5000 2474.8784   22.2234
    7.5000  -45.0000  -22.5000 2457.9573   22.2388
   -7.5000  -37.5000  -22.5000 2494.3550   21.2864
    0.0000  -37.5000  -22.5000 2519.9829   21.2616
    7.5000  -37.5000  -22.5000 2501.1970   21.2736
   -7.5000  -30.0000  -22.5000 2528.5503   20.6367
    0.0000  -30.0000  -22.5000 2551.4268   20.5714
    7.5000  -30.0000  -22.5000 2524.0244   20.5896
   -7.5000  -22.5000  -22.5000 2547.4602   20.3485
    0.0000  -22.5000  -22.5000 2573.5664   20.2195
    7.5000  -22.5000  -22.5000 2540.6606   20.2126
   -7.5000  -15.0000  -22.5000 2534.4583   20.4498
    0.0000  -15.0000  -22.5000 2560.7659   20.3305
    7.5000  -15.0000  -22.5000 2533.2148   20.3475
   -7.5000   -7.5000  -22.5000 2516.5430   20.9973
    0.0000   -7.5000  -22.5000 2543.6877   20.8982
    7.5000   -7.5000  -22.5000 2518.1233   20.9664
   -7.5000    0.0000  -22.5000 2481.2744   22.0448
    0.0000    0.0000  -22.5000 2509.1511   21.9265
    7.5000    0.0000  -22.5000 2487.1641   22.0542
   -7.5000    7.5000  -22.5000 2414.2405   23.5422
    0.0000    7.5000  -22.5000 2438.1357   23.3592
    7.5000    7.5000  -22.5000 2416.3853   23.5336
   -7.5000   15.0000  -22.5000 2318.4116   25.4897
    0.0000   15.0000  -22.5000 2337.7788   25.1782
    7.5000   15.0000  -22.5000 2323.2944   25.4584
   -7.5000   22.5000  -22.5000 2212.9731   27.9482
    0.0000   22.5000  -22.5000 2220.8027   27.4949
    7.5000   22.5000  -22.5000 2208.1860   27.9137
   -7.5000   30.0000  -22.5000 2085.6482   31.0957
    0.0000   30.0000  -22.5000 2096.3323   30.5356
    7.5000   30.0000  -22.5000 2082.8684   31.0999
   -7.5000   37.5000  -22.5000 1940.8854   35.2554
    0.0000   37.5000  -22.5000 1943.2841   34.6750
    7.5000   37.5000  -22.5000 1932.9906   35.2496
   -7.5000   45.0000  -22.5000 1796.1066   40.7891
    0.0000   45.0000  -22.5000 1811.7516   40.0897
    7.5000   45.0000  -22.5000 1798.8204   40.7318
   -7.5000  -45.0000  -15.0000 2521.5010   21.1452
    0.0000  -45.0000  -15.0000 2545.4512   21.0845
    7.5000  -45.0000  -15.0000 2526.3999   21.0394
   -7.5000  -37.5000  -15.0000 2574.9531   20.0604
    0.0000  -37.5000  -15.0000 2598.3499   20.0737
    7.5000  -37.5000  -15.0000 2579.8887   20.0503
   -7.5000  -30.0000  -15.0000 2616.9380   19.4094
    0.0000  -30.0000  -15.0000 2639.8530   19.4341
    7.5000  -30.0000  -15.0000 2611.5820   19.4069
   -7.5000  -22.5000  -15.0000 2637.6741   19.0943
    0.0000  -22.5000  -15.0000 2668.7979   19.0940
    7.5000  -22.5000  -15.0000 2634.4365   19.0733
   -7.5000  -15.0000  -15.0000 2627.4321   19.1756
    0.0000  -15.0000  -15.0000 2659.1714   19.1732
    7.5000  -15.0000  -15.0000 2628.8479   19.2064
   -7.5000   -7.5000  -15.0000 2609.3745   19.7389
    0.0000   -7.5000  -15.0000 2645.2598   19.7241
    7.5000   -7.5000  -15.0000 2613.3567   19.7606
   -7.5000    0.0000  -15.0000 2566.3889   20.7852
    0.0000    0.0000  -15.0000 2597.9790   20.7202
    7.5000    0.0000  -15.0000 2569.4070   20.7837
   -7.5000    7.5000  -15.0000 2499.5132   22.2088
    0.0000    7.5000  -15.0000 2528.9197   22.0754
    7.5000    7.5000  -15.0000 2505.6309   22.1961
   -7.5000   15.0000  -15.0000 2397.2988   24.0642
    0.0000   15.0000  -15.0000 2421.7295   23.8578
    7.5000   15.0000  -15.0000 2406.0657   24.0510
   -7.5000   22.5000  -15.0000 2279.9043   26.4607
    0.0000   22.5000  -15.0000 2289.9463   26.1568
    7.5000   22.5000  -15.0000 2278.6553   26.4816
   -7.5000   30.0000  -15.0000 2143.4365   29.4180
    0.0000   30.0000  -15.0000 2144.8901   29.0636
    7.5000   30.0000  -15.0000 2137.8093   29.5283
   -7.5000   37.5000  -15.0000 1998.3035   33.3397
    0.0000   37.5000  -15.0000 1998.3063   32.8559
    7.5000   37.5000  -15.0000 1992.3560   33.3517
   -7.5000   45.0000  -15.0000 1846.6182   38.5929
    0.0000   45.0000  -15.0000 1856.0325   37.8549
    7.5000   45.0000  -15.0000 1848.1523   38.5581
   -7.5000  -45.0000   -7.5000 2568.0151   20.1246
    0.0000  -45.0000   -7.5000 2604.0562   20.0955
    7.5000  -45.0000   -7.5000 2587.7268   20.0810
   -7.5000  -37.5000   -7.5000 2635.0312   18.9979
    0.0000  -37.5000   -7.5000 2665.1235   18.9816
    7.5000  -37.5000   -7.5000 2647.2471   18.9610
   -7.5000  -30.0000   -7.5000 2685.4165   18.2825
    0.0000  -30.0000   -7.5000 2717.9866   18.3248
    7.5000  -30.0000   -7.5000 2693.3391   18.2862
   -7.5000  -22.5000   -7.5000 2707.9182   17.9609
    0.0000  -22.5000   -7.5000 2744.0935   17.9875
    7.5000  -22.5000   -7.5000 2718.7734   17.9991
   -7.5000  -15.0000   -7.5000 2700.2405   18.0425
    0.0000  -15.0000   -7.5000 2742.1711   18.0525
    7.5000  -15.0000   -7.5000 2717.3137   18.0965
   -7.5000   -7.5000   -7.5000 2689.7559   18.6641
    0.0000   -7.5000   -7.5000 2728.7283   18.6549
    7.5000   -7.5000   -7.5000 2700.8132   18.7251
   -7.5000    0.0000   -7.5000 2645.3833   19.6635
    0.0000    0.0000   -7.5000 2673.8862   19.6117
    7.5000    0.0000   -7.5000 2646.0557   19.6985
   -7.5000    7.5000   -7.5000 2563.8374   21.0604
    0.0000    7.5000   -7.5000 2594.3401   20.9501
    7.5000    7.5000   -7.5000 2571.7424   21.0267
   -7.5000   15.0000   -7.5000 2453.9070   22.8747
    0.0000   15.0000   -7.5000 2483.7524   22.7381
    7.5000   15.0000   -7.5000 2464.1311   22.8425
   -7.5000   22.5000   -7.5000 2329.0312   25.1768
    0.0000   22.5000   -7.5000 2354.0940   25.0194
    7.5000   22.5000   -7.5000 2336.7756   25.1781
   -7.5000   30.0000   -7.5000 2180.8748   28.0786
    0.0000   30.0000   -7.5000 2192.6240   27.8648
    7.5000   30.0000   -7.5000 2190.6917   28.1218
   -7.5000   37.5000   -7.5000 2026.1403   31.8730
    0.0000   37.5000   -7.5000 2038.7241   31.4344
    7.5000   37.5000   -7.5000 2034.2974   31.8634
   -7.5000   45.0000   -7.5000 1879.1100   36.8567
    0.0000   45.0000   -7.5000 1892.8508   36.2744
    7.5000   45.0000   -7.5000 1885.7098   36.7353
   -7.5000  -45.0000    0.0000 2592.3330   19.4688
    0.0000  -45.0000    0.0000 2634.6370   19.3977
    7.5000  -45.0000    0.0000 2621.0610   19.5215
   -7.5000  -37.5000    0.0000 2676.0784   18.3068
    0.0000  -37.5000    0.0000 2723.9285   18.2644
    7.5000  -37.5000    0.0000 2699.0476   18.3214
   -7.5000  -30.0000    0.0000 2734.9648   17.5243
    0.0000  -30.0000    0.0000 2777.0134   17.4992
    7.5000  -30.0000    0.0000 2746.6890   17.5036
   -7.5000  -22.5000    0.0000 2765.9778   17.1417
    0.0000  -22.5000    0.0000 2808.7563   17.0863
    7.5000  -22.5000    0.0000 2776.0369   17.1438
   -7.5000  -15.0000    0.0000 2763.8821   17.2317
    0.0000  -15.0000    0.0000 2810.7937   17.1990
    7.5000  -15.0000    0.0000 2782.4595   17.2704
   -7.5000   -7.5000    0.0000 2749.9814   17.8776
    0.0000   -7.5000    0.0000 2787.5840   17.8038
    7.5000   -7.5000    0.0000 2762.7383   17.9094
   -7.5000    0.0000    0.0000 2695.1487   18.9332
    0.0000    0.0000    0.0000 2728.7783   18.8164
    7.5000    0.0000    0.0000 2701.8975   18.9393
   -7.5000    7.5000    0.0000 2612.0908   20.3700
    0.0000    7.5000    0.0000 2641.2268   20.2441
    7.5000    7.5000    0.0000 2621.5593   20.3153
   -7.5000   15.0000    0.0000 2496.3562   22.1714
    0.0000   15.0000    0.0000 2524.9817   22.0662
    7.5000   15.0000    0.0000 2509.2893   22.1560
   -7.5000   22.5000    0.0000 2369.0183   24.3661
    0.0000   22.5000    0.0000 2396.1172   24.2629
    7.5000   22.5000    0.0000 2384.0413   24.4057
   -7.5000   30.0000    0.0000 2217.4897   27.2332
    0.0000   30.0000    0.0000 2236.1172   26.9864
    7.5000   30.0000    0.0000 2232.8066   27.2849
   -7.5000   37.5000    0.0000 2062.2788   30.9766
    0.0000   37.5000    0.0000 2079.7205   30.5180
    7.5000   37.5000    0.0000 2075.6699   30.9606
   -7.5000   45.0000    0.0000 1909.7842   35.7694
    0.0000   45.0000    0.0000 1922.0275   35.2562
    7.5000   45.0000    0.0000 1910.8840   35.6862
   -7.5000  -45.0000    7.5000 2624.7241   19.2679
    0.0000  -45.0000    7.5000 2656.8528   19.1237
    7.5000  -45.0000    7.5000 2639.4255   19.3558
   -7.5000  -37.5000    7.5000 2716.1802   18.0744
    0.0000  -37.5000    7.5000 2755.4983   17.9283
    7.5000  -37.5000    7.5000 2731.0776   18.1203
   -7.5000  -30.0000    7.5000 2780.3816   17.1566
    0.0000  -30.0000    7.5000 2819.7087   16.9414
    7.5000  -30.0000    7.5000 2783.8386   17.1414
   -7.5000  -22.5000    7.5000 2811.1824   16.5789
    0.0000  -22.5000    7.5000 2850.6050   16.2898
    7.5000  -22.5000    7.5000 2807.7939   16.5620
   -7.5000  -15.0000    7.5000 2817.8621   16.7930
    0.0000  -15.0000    7.5000 2848.8477   16.4932
    7.5000  -15.0000    7.5000 2824.4534   16.7549
   -7.5000   -7.5000    7.5000 2801.9204   17.5785
    0.0000   -7.5000    7.5000 2825.4531   17.3059
    7.5000   -7.5000    7.5000 2809.9348   17.5453
   -7.5000    0.0000    7.5000 2750.6221   18.6834
    0.0000    0.0000    7.5000 2766.7498   18.4147
    7.5000    0.0000    7.5000 2754.0244   18.6475
   -7.5000    7.5000    7.5000 2666.4897   20.1744
    0.0000    7.5000    7.5000 2681.8054   19.8753
    7.5000    7.5000    7.5000 2668.4851   20.0812
   -7.5000   15.0000    7.5000 2546.2312   21.9954
    0.0000   15.0000    7.5000 2564.1689   21.7292
    7.5000   15.0000    7.5000 2546.4038   21.9071
   -7.5000   22.5000    7.5000 2405.9370   24.1464
    0.0000   22.5000    7.5000 2428.7913   23.8789
    7.5000   22.5000    7.5000 2410.6279   24.0885
   -7.5000   30.0000    7.5000 2251.0420   26.8275
    0.0000   30.0000    7.5000 2266.4685   26.4558
    7.5000   30.0000    7.5000 2259.6033   26.7992
   -7.5000   37.5000    7.5000 2083.3562   30.3846
    0.0000   37.5000    7.5000 2097.9495   29.9219
    7.5000   37.5000    7.5000 2091.8743   30.3958
   -7.5000   45.0000    7.5000 1927.5782   34.8489
    0.0000   45.0000    7.5000 1936.3242   34.3012
    7.5000   45.0000    7.5000 1929.7908   34.9487
   -7.5000  -45.0000   15.0000 2617.1948   19.2383
    0.0000  -45.0000   15.0000 2636.4319   18.9922
    7.5000  -45.0000   15.0000 2623.5332   19.3890
   -7.5000  -37.5000   15.0000 2714.0420   18.0758
    0.0000  -37.5000   15.0000 2733.7273   17.8243
    7.5000  -37.5000   15.0000 2724.2183   18.1824
   -7.5000  -30.0000   15.0000 2789.2830   17.1163
    0.0000  -30.0000   15.0000 2808.0542   16.6260
    7.5000  -30.0000   15.0000 2792.5349   17.2384
   -7.5000  -22.5000   15.0000 2842.4294   16.4891
    0.0000  -22.5000   15.0000 2830.5222   15.7652
    7.5000  -22.5000   15.0000 2823.5381   16.5447
   -7.5000  -15.0000   15.0000 2857.9099   16.7702
    0.0000  -15.0000   15.0000 2857.0613   16.2178
    7.5000  -15.0000   15.0000 2847.8347   16.7617
   -7.5000   -7.5000   15.0000 2823.5403   17.6692
    0.0000   -7.5000   15.0000 2834.2063   17.2984
    7.5000   -7.5000   15.0000 2833.2583   17.6359
   -7.5000    0.0000   15.0000 2764.2708   18.7708
    0.0000    0.0000   15.0000 2785.0764   18.4732
    7.5000    0.0000   15.0000 2772.2014   18.7165
   -7.5000    7.5000   15.0000 2671.1445   20.1860
    0.0000    7.5000   15.0000 2699.8376   19.9627
    7.5000    7.5000   15.0000 2674.0398   20.0829
   -7.5000   15.0000   15.0000 2553.3813   21.9643
    0.0000   15.0000   15.0000 2579.1172   21.7934
    7.5000   15.0000   15.0000 2548.4741   21.8541
   -7.5000   22.5000   15.0000 2419.4128   24.0636
    0.0000   22.5000   15.0000 2443.4785   23.9028
    7.5000   22.5000   15.0000 2422.3674   23.9869
   -7.5000   30.0000   15.0000 2258.3550   26.6840
    0.0000   30.0000   15.0000 2274.0264   26.4661
    7.5000   30.0000   15.0000 2263.9189   26.6834
   -7.5000   37.5000   15.0000 2094.2983   30.2395
    0.0000   37.5000   15.0000 2105.9519   29.7868
    7.5000   37.5000   15.0000 2101.6074   30.2379
   -7.5000   45.0000   15.0000 1936.2452   34.8047
    0.0000   45.0000   15.0000 1940.9188   34.1450
    7.5000   45.0000   15.0000 1947.1256   34.7964
   -7.5000  -45.0000   22.5000 2611.9744   19.6689
    0.0000  -45.0000   22.5000 2608.6733   19.2269
    7.5000  -45.0000   22.5000 2619.0542   19.8609
   -7.5000  -37.5000   22.5000 2707.0049   18.4840
    0.0000  -37.5000   22.5000 2712.5540   18.1392
    7.5000  -37.5000   22.5000 2722.6365   18.7540
   -7.5000  -30.0000   22.5000 2779.1421   17.6500
    0.0000  -30.0000   22.5000 2792.4832   17.1960
    7.5000  -30.0000   22.5000 2799.4995   17.9495
   -7.5000  -22.5000   22.5000 2846.5269   17.1852
    0.0000  -22.5000   22.5000 2862.1506   16.7823
    7.5000  -22.5000   22.5000 2852.6316   17.3866
   -7.5000  -15.0000   22.5000 2858.5437   17.2722
    0.0000  -15.0000   22.5000 2883.0649   17.0308
    7.5000  -15.0000   22.5000 2858.5557   17.4214
   -7.5000   -7.5000   22.5000 2815.2761   18.0054
    0.0000   -7.5000   22.5000 2836.3799   17.7842
    7.5000   -7.5000   22.5000 2817.7551   18.0485
   -7.5000    0.0000   22.5000 2752.3110   19.0248
    0.0000    0.0000   22.5000 2769.4143   18.7952
    7.5000    0.0000   22.5000 2759.8083   18.9831
   -7.5000    7.5000   22.5000 2658.0264   20.4116
    0.0000    7.5000   22.5000 2679.2454   20.2104
    7.5000    7.5000   22.5000 2666.8374   20.3352
   -7.5000   15.0000   22.5000 2542.7400   22.1200
    0.0000   15.0000   22.5000 2571.4290   21.9506
    7.5000   15.0000   22.5000 2551.0710   22.0659
   -7.5000   22.5000   22.5000 2411.3000   24.2317
    0.0000   22.5000   22.5000 2437.1677   24.0993
    7.5000   22.5000   22.5000 2416.4150   24.2298
   -7.5000   30.0000   22.5000 2251.1152   26.9224
    0.0000   30.0000   22.5000 2273.1162   26.7476
    7.5000   30.0000   22.5000 2254.4167   26.9184
   -7.5000   37.5000   22.5000 2093.6023   30.3675
    0.0000   37.5000   22.5000 2113.2295   30.0806
    7.5000   37.5000   22.5000 2101.0996   30.4417
   -7.5000   45.0000   22.5000 1941.1941   34.8180
    0.0000   45.0000   22.5000 1951.2191   34.3202
    7.5000   45.0000   22.5000 1945.3324   34.8864
   -7.5000  -45.0000   30.0000 2591.3745   20.6235
    0.0000  -45.0000   30.0000 2615.7307   20.5042
    7.5000  -45.0000   30.0000 2603.7234   21.0480
   -7.5000  -37.5000   30.0000 2687.3254   19.4390
    0.0000  -37.5000   30.0000 2710.5918   19.2183
    7.5000  -37.5000   30.0000 2702.2515   19.8737
   -7.5000  -30.0000   30.0000 2758.2012   18.5863
    0.0000  -30.0000   30.0000 2787.2058   18.3358
    7.5000  -30.0000   30.0000 2768.4968   18.9376
   -7.5000  -22.5000   30.0000 2817.1465   18.1927
    0.0000  -22.5000   30.0000 2840.5505   18.0070
    7.5000  -22.5000   30.0000 2825.4167   18.4349
   -7.5000  -15.0000   30.0000 2823.0532   18.2670
    0.0000  -15.0000   30.0000 2856.0830   18.1543
    7.5000  -15.0000   30.0000 2832.2344   18.4526
   -7.5000   -7.5000   30.0000 2778.5859   18.8458
    0.0000   -7.5000   30.0000 2809.3035   18.8053
    7.5000   -7.5000   30.0000 2785.1897   18.9890
   -7.5000    0.0000   30.0000 2708.7419   19.7545
    0.0000    0.0000   30.0000 2735.2498   19.6816
    7.5000    0.0000   30.0000 2712.6096   19.7835
   -7.5000    7.5000   30.0000 2619.2800   21.0398
    0.0000    7.5000   30.0000 2647.4673   20.9328
    7.5000    7.5000   30.0000 2623.9583   20.9913
   -7.5000   15.0000   30.0000 2511.6243   22.7069
    0.0000   15.0000   30.0000 2541.1108   22.5343
    7.5000   15.0000   30.0000 2519.9519   22.5849
   -7.5000   22.5000   30.0000 2377.5337   24.7376
    0.0000   22.5000   30.0000 2400.0339   24.5521
    7.5000   22.5000   30.0000 2386.5942   24.6180
   -7.5000   30.0000   30.0000 2225.2117   27.3716
    0.0000   30.0000   30.0000 2246.8899   27.1520
    7.5000   30.0000   30.0000 2232.9431   27.3068
   -7.5000   37.5000   30.0000 2077.3440   30.7733
    0.0000   37.5000   30.0000 2100.2878   30.4445
    7.5000   37.5000   30.0000 2081.8547   30.8470
   -7.5000   45.0000   30.0000 1926.9637   35.2953
    0.0000   45.0000   30.0000 1943.6794   34.8213
    7.5000   45.0000   30.0000 1932.1376   35.3662
   -7.5000  -45.0000   37.5000 2568.2483   21.8374
    0.0000  -45.0000   37.5000 2589.6509   21.8092
    7.5000  -45.0000   37.5000 2566.6470   22.3185
   -7.5000  -37.5000   37.5000 2651.0125   20.5859
    0.0000  -37.5000   37.5000 2671.8955   20.3457
    7.5000  -37.5000   37.5000 2654.5596   20.9695
   -7.5000  -30.0000   37.5000 2717.5508   19.7044
    0.0000  -30.0000   37.5000 2740.1587   19.5037
    7.5000  -30.0000   37.5000 2722.4680   19.9875
   -7.5000  -22.5000   37.5000 2764.1204   19.3034
    0.0000  -22.5000   37.5000 2784.0061   19.0996
    7.5000  -22.5000   37.5000 2768.7805   19.5160
   -7.5000  -15.0000   37.5000 2761.3406   19.3546
    0.0000  -15.0000   37.5000 2787.5520   19.1575
    7.5000  -15.0000   37.5000 2768.0410   19.5188
   -7.5000   -7.5000   37.5000 2723.1409   19.9082
    0.0000   -7.5000   37.5000 2748.7410   19.7874
    7.5000   -7.5000   37.5000 2730.4907   20.0480
   -7.5000    0.0000   37.5000 2650.5955   20.7410
    0.0000    0.0000   37.5000 2681.8250   20.7278
    7.5000    0.0000   37.5000 2658.9558   20.8697
   -7.5000    7.5000   37.5000 2566.5122   21.9807
    0.0000    7.5000   37.5000 2598.8401   21.9848
    7.5000    7.5000   37.5000 2571.0688   22.0349
   -7.5000   15.0000   37.5000 2454.2363   23.5629
    0.0000   15.0000   37.5000 2478.4917   23.4653
    7.5000   15.0000   37.5000 2461.2429   23.5267
   -7.5000   22.5000   37.5000 2325.2437   25.4578
    0.0000   22.5000   37.5000 2353.0803   25.3461
    7.5000   22.5000   37.5000 2328.5144   25.4769
   -7.5000   30.0000   37.5000 2188.3767   28.0485
    0.0000   30.0000   37.5000 2213.9478   27.8431
    7.5000   30.0000   37.5000 2191.9453   28.1138
   -7.5000   37.5000   37.5000 2053.4690   31.5409
    0.0000   37.5000   37.5000 2070.7222   31.1694
    7.5000   37.5000   37.5000 2053.9709   31.5809
   -7.5000   45.0000   37.5000 1898.7987   36.1788
    0.0000   45.0000   37.5000 1914.1118   35.6278
    7.5000   45.0000   37.5000 1905.6139   36.0868
   -7.5000  -45.0000   45.0000 2511.8198   23.1481
    0.0000  -45.0000   45.0000 2536.1643   23.0487
    7.5000  -45.0000   45.0000 2504.1460   23.5501
   -7.5000  -37.5000   45.0000 2586.8901   21.8092
    0.0000  -37.5000   45.0000 2607.0762   21.6573
    7.5000  -37.5000   45.0000 2584.0117   22.2019
   -7.5000  -30.0000   45.0000 2644.9333   20.9038
    0.0000  -30.0000   45.0000 2664.7954   20.7811
    7.5000  -30.0000   45.0000 2646.3030   21.1847
   -7.5000  -22.5000   45.0000 2681.0767   20.5067
    0.0000  -22.5000   45.0000 2704.3408   20.3430
    7.5000  -22.5000   45.0000 2689.9321   20.7231
   -7.5000  -15.0000   45.0000 2682.1238   20.5081
    0.0000  -15.0000   45.0000 2703.3533   20.3273
    7.5000  -15.0000   45.0000 2685.4048   20.6912
   -7.5000   -7.5000   45.0000 2651.1528   21.0484
    0.0000   -7.5000   45.0000 2674.3328   20.9095
    7.5000   -7.5000   45.0000 2651.3877   21.1983
   -7.5000    0.0000   45.0000 2582.8589   21.8693
    0.0000    0.0000   45.0000 2615.2246   21.8094
    7.5000    0.0000   45.0000 2590.5273   22.0159
   -7.5000    7.5000   45.0000 2498.7522   23.0874
    0.0000    7.5000   45.0000 2530.7585   23.0869
    7.5000    7.5000   45.0000 2508.7795   23.1757
   -7.5000   15.0000   45.0000 2384.4670   24.6581
    0.0000   15.0000   45.0000 2415.8599   24.6910
    7.5000   15.0000   45.0000 2388.8337   24.6955
   -7.5000   22.5000   45.0000 2262.6631   26.5414
    0.0000   22.5000   45.0000 2291.0132   26.5323
    7.5000   22.5000   45.0000 2262.5037   26.5711
   -7.5000   30.0000   45.0000 2139.1431   29.0787
    0.0000   30.0000   45.0000 2155.4941   28.9830
    7.5000   30.0000   45.0000 2138.8635   29.1534
   -7.5000   37.5000   45.0000 2007.6963   32.6763
    0.0000   37.5000   45.0000 2023.4514   32.3535
    7.5000   37.5000   45.0000 2012.5525   32.7385
   -7.5000   45.0000   45.0000 1862.6742   37.3763
    0.0000   45.0000   45.0000 1873.7025   36.8615
    7.5000   45.0000   45.0000 1863.2191   37.4206

---------------------------------------------------------------------
imgreg_4dfp /opt/freesurfer/average/711-2C_as_mni_average_305 /opt/freesurfer/average/711-2B_as_mni_average_305_mask talsrcimg_g11 none talsrcimg_to_711-2C_as_mni_average_305_t4 1283
---------------------------------------------------------------------

freesurfer imgreg_4dfp.c
/opt/freesurfer/average/711-2C_as_mni_average_305.4dfp.img
       256       256       256         1
  1.000000  1.000000  1.000000
orientation T byte_order littleendian
Reading image: /opt/freesurfer/average/711-2C_as_mni_average_305.4dfp.img
dimensions:      256       256       256
mmppix:       1.0000   -1.0000   -1.0000
center:     128.0000 -129.0000 -129.0000
/opt/freesurfer/average/711-2B_as_mni_average_305_mask.4dfp.img
       256       256       256         1
  1.000000  1.000000  1.000000
orientation T byte_order littleendian
Reading mask: /opt/freesurfer/average/711-2B_as_mni_average_305_mask.4dfp.img (2306576 pixels)
talsrcimg_g11.4dfp.img
       256       256       256         1
  1.000000  1.000000  1.000000
orientation T byte_order littleendian
Reading image: talsrcimg_g11.4dfp.img
dimensions:      256       256       256
mmppix:       1.0000   -1.0000   -1.0000
center:     128.0000 -129.0000 -129.0000
rotation matrix determinant  1.000000
fimgreg.f
image alignment mode   1283 decimal      503 hex
parameters
    0.0000  -15.0000   22.5000    0.0000    0.0000    0.0000
eta,q 0.90531 17.06108
niter,ni,del,rscale     5    3   12.0000    1.2000
parameter  2  0.839556 ->  0.500000 qaram    1.1500
parameter  3 -1.298570 -> -0.500000 qaram    1.1500
parameter  5 -0.627103 -> -0.500000 qaram    1.1500
parameters
   -0.9065  -18.4500   25.9500    0.6436    3.4500    0.4682
eta,q 0.91206 17.38851
  0.1039  0.0987  0.1033  0.0995  0.1023  0.0934
  0.0999  0.0972  0.1037  0.0941  0.0987  0.0905
  0.1004  0.0970  0.0991  0.0913  0.0935  0.0888
  0.1019  0.1006  0.0962  0.0904  0.0903  0.0880
  0.1042  0.1025  0.0928  0.0905  0.0884  0.0881
  0.1021  0.1033  0.0899  0.0925  0.0882  0.0895
  0.1020  0.1063  0.0937  0.0958  0.0894  0.0920
niter,ni,del,rscale     7    3   12.0000    1.2000
parameters
   -0.7116  -18.3389   25.1973   -0.1332    3.8548    0.7814
eta,q 0.91148 17.33681
  0.1019  0.1092  0.1012  0.0946  0.0980  0.0938
  0.0973  0.0980  0.0955  0.0897  0.0931  0.0912
  0.0908  0.0886  0.0913  0.0886  0.0902  0.0894
  0.0879  0.0881  0.0882  0.0889  0.0887  0.0886
  0.0910  0.0936  0.0919  0.0907  0.0888  0.0887
  0.0953  0.0989  0.0997  0.0937  0.0919  0.0903
  0.1006  0.1050  0.1090  0.0967  0.0962  0.0931
niter,ni,del,rscale     6    3   12.0000    1.2000
parameters
   -0.7668  -18.1306   24.9303   -0.4128    4.1788    0.7941
eta,q 0.91132 17.31427
  0.1007  0.1106  0.1022  0.0961  0.0977  0.0936
  0.0951  0.1003  0.0962  0.0905  0.0934  0.0910
  0.0894  0.0898  0.0916  0.0887  0.0906  0.0895
  0.0885  0.0885  0.0887  0.0889  0.0889  0.0887
  0.0918  0.0932  0.0901  0.0901  0.0890  0.0891
  0.0958  0.0997  0.0968  0.0930  0.0923  0.0908
  0.1002  0.1062  0.1059  0.0961  0.0966  0.0937
niter,ni,del,rscale     5    3   12.0000    1.2000
parameters
   -0.8368  -17.9863   24.8118   -0.6455    4.3930    0.8145
eta,q 0.91134 17.29973
  0.1010  0.1103  0.1027  0.0961  0.0975  0.0936
  0.0950  0.1000  0.0966  0.0904  0.0934  0.0910
  0.0893  0.0897  0.0914  0.0885  0.0907  0.0894
  0.0887  0.0886  0.0887  0.0889  0.0889  0.0887
  0.0922  0.0933  0.0898  0.0900  0.0891  0.0891
  0.0961  0.1001  0.0963  0.0927  0.0927  0.0908
  0.1001  0.1065  0.1051  0.0958  0.0969  0.0937
niter,ni,del,rscale     4    3   12.0000    1.2000
parameters
   -0.8822  -17.8764   24.7520   -0.7747    4.4930    0.8185
eta,q 0.91129 17.29319
  0.1012  0.1100  0.1029  0.0962  0.0973  0.0935
  0.0952  0.0998  0.0968  0.0905  0.0934  0.0910
  0.0893  0.0896  0.0913  0.0884  0.0908  0.0895
  0.0887  0.0886  0.0887  0.0888  0.0888  0.0887
  0.0923  0.0933  0.0897  0.0898  0.0893  0.0892
  0.0963  0.1002  0.0960  0.0924  0.0931  0.0908
  0.1001  0.1065  0.1047  0.0955  0.0973  0.0937
niter,ni,del,rscale     3    3   12.0000    1.2000
parameters
   -0.9171  -17.8088   24.7182   -0.8358    4.5524    0.8150
eta,q 0.91127 17.28998
  0.1015  0.1097  0.1030  0.0964  0.0972  0.0935
  0.0954  0.0995  0.0968  0.0906  0.0935  0.0910
  0.0895  0.0894  0.0912  0.0884  0.0908  0.0894
  0.0887  0.0887  0.0888  0.0888  0.0888  0.0887
  0.0923  0.0935  0.0897  0.0897  0.0893  0.0892
  0.0964  0.1004  0.0959  0.0923  0.0933  0.0908
  0.1002  0.1066  0.1046  0.0953  0.0974  0.0937
niter,ni,del,rscale     2    3   12.0000    1.2000
parameters
   -0.9431  -17.7717   24.6981   -0.8701    4.5874    0.8109
eta,q 0.91128 17.28797
  0.1016  0.1096  0.1030  0.0964  0.0972  0.0934
  0.0955  0.0993  0.0969  0.0907  0.0935  0.0910
  0.0895  0.0893  0.0912  0.0884  0.0908  0.0894
  0.0887  0.0887  0.0887  0.0888  0.0887  0.0887
  0.0924  0.0936  0.0897  0.0897  0.0893  0.0892
  0.0965  0.1005  0.0958  0.0923  0.0933  0.0908
  0.1003  0.1067  0.1045  0.0952  0.0975  0.0937
registration optimization eta report
parameter search radius
    6.0000    6.9000    6.9000    6.0000    6.9000    6.0000
100000*second partial in parameter space
       32.       40.       31.       20.       18.       13.
  0.1016  0.1096  0.1030  0.0964  0.0972  0.0934
  0.0955  0.0993  0.0969  0.0907  0.0935  0.0910
  0.0895  0.0893  0.0912  0.0884  0.0908  0.0894
  0.0887  0.0887  0.0887  0.0888  0.0887  0.0887
  0.0924  0.0936  0.0897  0.0897  0.0893  0.0892
  0.0965  0.1005  0.0958  0.0923  0.0933  0.0908
  0.1003  0.1067  0.1045  0.0952  0.0975  0.0937
   -0.9431  -17.7717   24.6981   -0.8701    4.5874    0.8109
eta,q 0.91128 17.28797

---------------------------------------------------------------------
imgreg_4dfp /opt/freesurfer/average/711-2C_as_mni_average_305 /opt/freesurfer/average/711-2B_as_mni_average_305_mask talsrcimg_g11 none talsrcimg_to_711-2C_as_mni_average_305_t4 3335
---------------------------------------------------------------------

freesurfer imgreg_4dfp.c
/opt/freesurfer/average/711-2C_as_mni_average_305.4dfp.img
       256       256       256         1
  1.000000  1.000000  1.000000
orientation T byte_order littleendian
Reading image: /opt/freesurfer/average/711-2C_as_mni_average_305.4dfp.img
dimensions:      256       256       256
mmppix:       1.0000   -1.0000   -1.0000
center:     128.0000 -129.0000 -129.0000
/opt/freesurfer/average/711-2B_as_mni_average_305_mask.4dfp.img
       256       256       256         1
  1.000000  1.000000  1.000000
orientation T byte_order littleendian
Reading mask: /opt/freesurfer/average/711-2B_as_mni_average_305_mask.4dfp.img (2306576 pixels)
talsrcimg_g11.4dfp.img
       256       256       256         1
  1.000000  1.000000  1.000000
orientation T byte_order littleendian
Reading image: talsrcimg_g11.4dfp.img
dimensions:      256       256       256
mmppix:       1.0000   -1.0000   -1.0000
center:     128.0000 -129.0000 -129.0000
fimgreg.f
image alignment mode   3335 decimal      D07 hex
parameters
   -0.9431  -17.7717   24.6981   -0.3303   -0.0198   -0.3319
   -1.2937   -8.0178    1.4108    1.4052    7.9980   -1.5137
eta,q 0.90796 17.27305
niter,ni,del,rscale     5    3    5.0000    1.2000
parameter  1 -1.651340 -> -0.500000 qaram    1.1500
parameter  4-58.700832 ->  0.500000 qaram    1.1500
parameter  5  5.108392 ->  0.500000 qaram    1.1500
parameter  6  0.633071 ->  0.500000 qaram    1.1500
parameter  7 -0.623449 -> -0.500000 qaram    1.1500
parameter  8 -0.614584 -> -0.500000 qaram    1.1500
parameter 12 -1.325322 -> -0.500000 qaram    1.1500
parameters
    0.4369  -17.3178   23.6574   -4.4703   -4.1598   -4.4719
    2.8463   -3.8778    3.2064    3.4722    5.0750    2.6263
eta,q 0.92929 17.09795
  0.0930  0.0927  0.0914  0.0774  0.0743  0.0749  0.0775  0.0823  0.0748  0.0782  0.0729  0.0773
  0.0928  0.0919  0.0910  0.0816  0.0770  0.0750  0.0765  0.0795  0.0740  0.0758  0.0725  0.0754
  0.0926  0.0914  0.0909  0.0862  0.0794  0.0761  0.0757  0.0769  0.0734  0.0740  0.0724  0.0738
  0.0920  0.0912  0.0911  0.0908  0.0828  0.0776  0.0752  0.0747  0.0730  0.0729  0.0726  0.0724
  0.0915  0.0912  0.0919  0.0961  0.0862  0.0819  0.0748  0.0733  0.0729  0.0726  0.0732  0.0713
  0.0912  0.0913  0.0931  0.1006  0.0893  0.0898  0.0747  0.0730  0.0731  0.0733  0.0741  0.0706
  0.0915  0.0919  0.0946  0.1044  0.0931  0.0991  0.0749  0.0742  0.0736  0.0744  0.0754  0.0702
niter,ni,del,rscale     7    3    5.0000    1.2000
parameter  3  1.647601 ->  0.500000 qaram    1.1500
parameter  4  2.613094 ->  0.500000 qaram    1.3225
parameter  5  1.620128 ->  0.500000 qaram    1.3225
parameter 12 -1.146913 -> -0.500000 qaram    1.3225
parameters
   -0.1706  -17.6023   22.2774   -9.2313   -8.9208   -7.2857
    1.0791   -2.2785    2.6905    2.4945    7.1536    7.3873
eta,q 0.94480 16.75551
  0.0729  0.0717  0.0682  0.0570  0.0550  0.0565  0.0585  0.0646  0.0574  0.0580  0.0570  0.0586
  0.0714  0.0710  0.0688  0.0592  0.0561  0.0565  0.0573  0.0611  0.0567  0.0569  0.0568  0.0577
  0.0706  0.0705  0.0695  0.0632  0.0577  0.0569  0.0568  0.0584  0.0563  0.0563  0.0565  0.0569
  0.0707  0.0705  0.0705  0.0690  0.0601  0.0565  0.0569  0.0568  0.0563  0.0563  0.0562  0.0561
  0.0719  0.0708  0.0717  0.0767  0.0628  0.0559  0.0576  0.0563  0.0565  0.0567  0.0561  0.0555
  0.0737  0.0715  0.0732  0.0832  0.0662  0.0591  0.0590  0.0575  0.0569  0.0577  0.0562  0.0551
  0.0758  0.0725  0.0748  0.0881  0.0696  0.0660  0.0608  0.0606  0.0577  0.0594  0.0566  0.0552
niter,ni,del,rscale     7    3    5.0000    1.2000
parameter  2  0.811827 ->  0.500000 qaram    1.1500
parameter  3  4.758037 ->  0.500000 qaram    1.3225
parameter  4  0.755023 ->  0.500000 qaram    1.5209
parameter  5  0.942549 ->  0.500000 qaram    1.5209
parameter  6  0.641691 ->  0.500000 qaram    1.3225
parameter 10  6.086070 ->  0.500000 qaram    1.1500
parameter 11  0.611626 ->  0.500000 qaram    1.1500
parameter 12 -7.206680 ->  0.500000 qaram    1.5209
parameters
   -0.3408  -18.9823   20.6904  -14.7064  -14.3960  -12.0467
    0.8892   -3.4529   -0.5365   -1.6455    3.0136    1.9121
eta,q 0.96258 16.33737
  0.0591  0.0544  0.0491  0.0467  0.0448  0.0436  0.0469  0.0472  0.0444  0.0395  0.0410  0.0352
  0.0567  0.0543  0.0506  0.0470  0.0454  0.0441  0.0453  0.0453  0.0440  0.0407  0.0408  0.0369
  0.0553  0.0546  0.0524  0.0481  0.0460  0.0449  0.0445  0.0443  0.0439  0.0423  0.0408  0.0388
  0.0552  0.0551  0.0544  0.0510  0.0472  0.0456  0.0444  0.0443  0.0442  0.0439  0.0411  0.0407
  0.0561  0.0559  0.0566  0.0573  0.0489  0.0463  0.0448  0.0452  0.0447  0.0456  0.0417  0.0425
  0.0577  0.0571  0.0588  0.0660  0.0520  0.0491  0.0457  0.0468  0.0452  0.0473  0.0424  0.0441
  0.0597  0.0584  0.0609  0.0748  0.0548  0.0544  0.0469  0.0493  0.0459  0.0491  0.0432  0.0455
niter,ni,del,rscale     7    3    5.0000    1.2000
parameter  2  1.143514 ->  0.500000 qaram    1.3225
parameter  3  2.301590 ->  0.500000 qaram    1.5209
parameter 10  0.555329 ->  0.500000 qaram    1.3225
parameters
   -0.8813  -20.5693   18.8654  -16.3837  -16.8798  -12.4613
    0.9008   -4.1333    1.2107   -6.4065    3.2997    2.0569
eta,q 0.97210 16.26956
  0.0399  0.0342  0.0263  0.0336  0.0339  0.0340  0.0325  0.0338  0.0314  0.0287  0.0295  0.0308
  0.0382  0.0344  0.0281  0.0314  0.0315  0.0324  0.0305  0.0311  0.0303  0.0280  0.0287  0.0296
  0.0374  0.0355  0.0308  0.0297  0.0296  0.0305  0.0295  0.0294  0.0296  0.0281  0.0281  0.0287
  0.0374  0.0373  0.0346  0.0287  0.0291  0.0292  0.0292  0.0292  0.0291  0.0290  0.0279  0.0279
  0.0384  0.0397  0.0390  0.0286  0.0317  0.0304  0.0297  0.0304  0.0290  0.0310  0.0281  0.0278
  0.0404  0.0425  0.0433  0.0325  0.0363  0.0323  0.0307  0.0325  0.0293  0.0338  0.0286  0.0288
  0.0431  0.0454  0.0477  0.0426  0.0419  0.0356  0.0323  0.0351  0.0299  0.0372  0.0293  0.0313
niter,ni,del,rscale     7    3    5.0000    1.2000
parameter  3  0.764529 ->  0.500000 qaram    1.7490
parameters
   -1.3143  -20.1560   16.7665  -15.1341  -16.7375  -11.0693
    0.3637   -4.5510    1.1033   -5.3944    4.5518   -0.5637
eta,q 0.97532 16.33908
  0.0305  0.0330  0.0256  0.0322  0.0333  0.0304  0.0279  0.0298  0.0266  0.0313  0.0263  0.0259
  0.0288  0.0305  0.0258  0.0297  0.0306  0.0286  0.0259  0.0268  0.0255  0.0274  0.0255  0.0251
  0.0279  0.0287  0.0264  0.0276  0.0280  0.0270  0.0250  0.0251  0.0249  0.0255  0.0249  0.0247
  0.0279  0.0278  0.0277  0.0259  0.0255  0.0254  0.0248  0.0248  0.0247  0.0247  0.0247  0.0247
  0.0288  0.0278  0.0299  0.0247  0.0245  0.0244  0.0253  0.0257  0.0249  0.0250  0.0248  0.0251
  0.0304  0.0288  0.0333  0.0252  0.0284  0.0252  0.0267  0.0276  0.0256  0.0263  0.0250  0.0264
  0.0327  0.0310  0.0374  0.0317  0.0352  0.0294  0.0287  0.0308  0.0267  0.0286  0.0255  0.0289
niter,ni,del,rscale     7    3    5.0000    1.2000
parameters
   -1.3372  -19.8505   14.8303  -15.3953  -16.8638  -12.0895
    0.3462   -5.0142    0.9747   -3.4913    5.1862   -2.2996
eta,q 0.97544 16.24099
  0.0285  0.0294  0.0248  0.0306  0.0321  0.0290  0.0281  0.0291  0.0261  0.0327  0.0253  0.0258
  0.0264  0.0270  0.0241  0.0280  0.0294  0.0271  0.0260  0.0264  0.0252  0.0274  0.0249  0.0249
  0.0251  0.0254  0.0240  0.0258  0.0267  0.0256  0.0249  0.0251  0.0248  0.0253  0.0247  0.0245
  0.0247  0.0247  0.0246  0.0240  0.0241  0.0242  0.0247  0.0247  0.0247  0.0247  0.0247  0.0247
  0.0251  0.0248  0.0262  0.0228  0.0228  0.0227  0.0250  0.0252  0.0248  0.0249  0.0247  0.0251
  0.0265  0.0258  0.0291  0.0257  0.0271  0.0263  0.0261  0.0269  0.0253  0.0258  0.0248  0.0257
  0.0286  0.0280  0.0332  0.0346  0.0356  0.0366  0.0280  0.0305  0.0262  0.0272  0.0251  0.0267
niter,ni,del,rscale     6    3    5.0000    1.2000
parameters
   -1.2780  -19.2561   14.0002  -15.3341  -17.0720  -12.6959
    0.4381   -5.1353    0.7653   -1.7641    5.4388   -2.4321
eta,q 0.97528 16.18918
  0.0283  0.0292  0.0262  0.0310  0.0319  0.0292  0.0281  0.0295  0.0259  0.0320  0.0254  0.0265
  0.0263  0.0269  0.0249  0.0284  0.0293  0.0273  0.0260  0.0267  0.0251  0.0269  0.0250  0.0252
  0.0251  0.0253  0.0243  0.0261  0.0267  0.0257  0.0249  0.0252  0.0247  0.0250  0.0248  0.0248
  0.0246  0.0246  0.0245  0.0243  0.0243  0.0244  0.0246  0.0246  0.0246  0.0246  0.0247  0.0247
  0.0249  0.0245  0.0252  0.0231  0.0229  0.0229  0.0250  0.0251  0.0248  0.0250  0.0248  0.0250
  0.0261  0.0252  0.0264  0.0256  0.0273  0.0251  0.0260  0.0266  0.0253  0.0258  0.0250  0.0256
  0.0281  0.0267  0.0285  0.0336  0.0357  0.0348  0.0279  0.0301  0.0260  0.0271  0.0253  0.0264
niter,ni,del,rscale     5    3    5.0000    1.2000
parameters
   -1.2808  -18.6338   13.2125  -15.4154  -17.5756  -13.5225
    0.6406   -5.2080    0.6648   -0.0908    5.3623   -2.2184
eta,q 0.97499 16.08430
  0.0282  0.0289  0.0264  0.0311  0.0313  0.0289  0.0282  0.0295  0.0262  0.0305  0.0259  0.0268
  0.0263  0.0269  0.0251  0.0285  0.0289  0.0271  0.0263  0.0269  0.0254  0.0267  0.0254  0.0257
  0.0251  0.0255  0.0245  0.0263  0.0266  0.0257  0.0253  0.0255  0.0251  0.0254  0.0251  0.0252
  0.0247  0.0247  0.0246  0.0244  0.0245  0.0248  0.0250  0.0250  0.0250  0.0250  0.0250  0.0250
  0.0251  0.0246  0.0254  0.0233  0.0234  0.0237  0.0253  0.0254  0.0251  0.0252  0.0252  0.0253
  0.0263  0.0252  0.0265  0.0261  0.0277  0.0255  0.0262  0.0268  0.0255  0.0258  0.0255  0.0257
  0.0283  0.0266  0.0282  0.0340  0.0359  0.0348  0.0278  0.0299  0.0262  0.0270  0.0259  0.0265
niter,ni,del,rscale     4    3    5.0000    1.2000
parameters
   -1.3128  -17.8049   12.3228  -15.5619  -18.5328  -14.6138
    0.8612   -5.2733    0.9936    2.1031    4.9056   -1.9981
eta,q 0.97484 15.91918
  0.0283  0.0292  0.0265  0.0312  0.0306  0.0287  0.0281  0.0294  0.0268  0.0298  0.0262  0.0269
  0.0265  0.0273  0.0253  0.0286  0.0284  0.0271  0.0264  0.0270  0.0259  0.0271  0.0257  0.0260
  0.0254  0.0259  0.0247  0.0264  0.0264  0.0258  0.0256  0.0257  0.0255  0.0259  0.0253  0.0254
  0.0250  0.0250  0.0247  0.0246  0.0247  0.0251  0.0253  0.0253  0.0253  0.0253  0.0252  0.0252
  0.0254  0.0247  0.0256  0.0235  0.0240  0.0244  0.0255  0.0258  0.0254  0.0252  0.0254  0.0254
  0.0266  0.0252  0.0270  0.0264  0.0284  0.0261  0.0263  0.0270  0.0258  0.0257  0.0259  0.0259
  0.0284  0.0264  0.0287  0.0343  0.0364  0.0349  0.0278  0.0296  0.0265  0.0267  0.0264  0.0268
niter,ni,del,rscale     3    3    5.0000    1.2000
parameters
   -1.3262  -16.8088   11.5474  -15.6529  -19.6756  -15.5579
    0.8842   -5.1981    1.2655    4.3387    4.7439   -2.2916
eta,q 0.97487 15.76413
  0.0282  0.0297  0.0268  0.0311  0.0300  0.0284  0.0277  0.0292  0.0269  0.0291  0.0263  0.0268
  0.0265  0.0277  0.0256  0.0286  0.0280  0.0269  0.0263  0.0269  0.0260  0.0273  0.0257  0.0259
  0.0255  0.0261  0.0249  0.0265  0.0262  0.0258  0.0256  0.0257  0.0255  0.0260  0.0253  0.0253
  0.0252  0.0252  0.0248  0.0247  0.0248  0.0252  0.0253  0.0253  0.0253  0.0253  0.0251  0.0251
  0.0255  0.0248  0.0256  0.0237  0.0244  0.0246  0.0255  0.0257  0.0254  0.0252  0.0253  0.0254
  0.0266  0.0251  0.0271  0.0263  0.0284  0.0258  0.0263  0.0268  0.0259  0.0257  0.0258  0.0260
  0.0283  0.0263  0.0290  0.0339  0.0358  0.0334  0.0277  0.0291  0.0267  0.0267  0.0264  0.0270
niter,ni,del,rscale     2    3    5.0000    1.2000
parameters
   -1.2638  -15.9631   11.0012  -15.6696  -20.6685  -16.2041
    0.7166   -5.0668    1.1539    5.9389    4.7327   -2.7916
eta,q 0.97482 15.65836
  0.0282  0.0296  0.0271  0.0310  0.0299  0.0282  0.0274  0.0291  0.0267  0.0288  0.0263  0.0268
  0.0266  0.0276  0.0259  0.0286  0.0279  0.0268  0.0262  0.0269  0.0259  0.0272  0.0257  0.0259
  0.0255  0.0260  0.0251  0.0265  0.0262  0.0258  0.0255  0.0257  0.0255  0.0260  0.0253  0.0253
  0.0251  0.0251  0.0249  0.0249  0.0249  0.0252  0.0253  0.0253  0.0253  0.0253  0.0252  0.0252
  0.0254  0.0249  0.0255  0.0239  0.0246  0.0247  0.0255  0.0257  0.0254  0.0252  0.0253  0.0254
  0.0264  0.0253  0.0269  0.0263  0.0280  0.0254  0.0263  0.0267  0.0260  0.0259  0.0257  0.0260
  0.0280  0.0266  0.0288  0.0335  0.0346  0.0317  0.0277  0.0289  0.0268  0.0271  0.0264  0.0271
niter,ni,del,rscale     1    3    5.0000    1.2000
parameters
   -1.1718  -15.3244   10.6175  -15.7078  -21.4260  -16.7186
    0.6150   -4.9797    0.9806    7.1536    4.7150   -3.2444
eta,q 0.97472 15.58559
  0.0283  0.0293  0.0274  0.0310  0.0299  0.0281  0.0275  0.0291  0.0267  0.0288  0.0264  0.0269
  0.0267  0.0273  0.0262  0.0286  0.0280  0.0268  0.0263  0.0269  0.0259  0.0272  0.0258  0.0260
  0.0256  0.0259  0.0253  0.0266  0.0263  0.0258  0.0256  0.0258  0.0255  0.0260  0.0254  0.0254
  0.0252  0.0252  0.0250  0.0251  0.0251  0.0253  0.0253  0.0253  0.0253  0.0253  0.0253  0.0253
  0.0254  0.0251  0.0255  0.0241  0.0247  0.0249  0.0256  0.0257  0.0255  0.0254  0.0254  0.0255
  0.0264  0.0256  0.0267  0.0264  0.0275  0.0253  0.0263  0.0268  0.0260  0.0261  0.0258  0.0261
  0.0279  0.0270  0.0286  0.0335  0.0338  0.0309  0.0276  0.0290  0.0269  0.0275  0.0264  0.0272
registration optimization eta report
parameter search radius
    2.7600    3.1740    4.1976   10.9503   10.9503    9.5220
    8.2800    8.2800    7.2000    9.5220    8.2800   10.9503
100000*second partial in parameter space
       38.       29.       17.        6.        6.        5.
        3.        5.        3.        3.        2.        1.
  0.0283  0.0293  0.0274  0.0310  0.0299  0.0281  0.0275  0.0291  0.0267  0.0288  0.0264  0.0269
  0.0267  0.0273  0.0262  0.0286  0.0280  0.0268  0.0263  0.0269  0.0259  0.0272  0.0258  0.0260
  0.0256  0.0259  0.0253  0.0266  0.0263  0.0258  0.0256  0.0258  0.0255  0.0260  0.0254  0.0254
  0.0252  0.0252  0.0250  0.0251  0.0251  0.0253  0.0253  0.0253  0.0253  0.0253  0.0253  0.0253
  0.0254  0.0251  0.0255  0.0241  0.0247  0.0249  0.0256  0.0257  0.0255  0.0254  0.0254  0.0255
  0.0264  0.0256  0.0267  0.0264  0.0275  0.0253  0.0263  0.0268  0.0260  0.0261  0.0258  0.0261
  0.0279  0.0270  0.0286  0.0335  0.0338  0.0309  0.0276  0.0290  0.0269  0.0275  0.0264  0.0272
   -1.1718  -15.3244   10.6175  -15.7078  -21.4260  -16.7186
    0.6150   -4.9797    0.9806    7.1536    4.7150   -3.2444
eta,q 0.97472 15.58559

---------------------------------------------------------------------
imgreg_4dfp /opt/freesurfer/average/711-2C_as_mni_average_305 /opt/freesurfer/average/711-2B_as_mni_average_305_mask talsrcimg_g11 none talsrcimg_to_711-2C_as_mni_average_305_t4 2311
---------------------------------------------------------------------

freesurfer imgreg_4dfp.c
/opt/freesurfer/average/711-2C_as_mni_average_305.4dfp.img
       256       256       256         1
  1.000000  1.000000  1.000000
orientation T byte_order littleendian
Reading image: /opt/freesurfer/average/711-2C_as_mni_average_305.4dfp.img
dimensions:      256       256       256
mmppix:       1.0000   -1.0000   -1.0000
center:     128.0000 -129.0000 -129.0000
/opt/freesurfer/average/711-2B_as_mni_average_305_mask.4dfp.img
       256       256       256         1
  1.000000  1.000000  1.000000
orientation T byte_order littleendian
Reading mask: /opt/freesurfer/average/711-2B_as_mni_average_305_mask.4dfp.img (2306576 pixels)
talsrcimg_g11.4dfp.img
       256       256       256         1
  1.000000  1.000000  1.000000
orientation T byte_order littleendian
Reading image: talsrcimg_g11.4dfp.img
dimensions:      256       256       256
mmppix:       1.0000   -1.0000   -1.0000
center:     128.0000 -129.0000 -129.0000
fimgreg.f
image alignment mode   2311 decimal      907 hex
parameters
   -1.1718  -15.3244   10.6175  -15.7078  -21.4260  -16.7186
    0.6150   -4.9797    0.9806    7.1536    4.7150   -3.2444
eta,q 0.97472 15.58559
niter,ni,del,rscale     5    3    5.0000    0.8000
parameter  4 -1.110065 -> -0.500000 qaram    1.1500
parameter  6 -2.560530 -> -0.500000 qaram    1.1500
parameters
   -1.1132  -14.8003   10.5211  -12.9478  -19.6014  -13.9586
    0.7471   -5.0260    0.9605    7.1438    4.9746   -4.8077
eta,q 0.97633 15.98124
  0.0264  0.0265  0.0256  0.0272  0.0262  0.0249  0.0254  0.0261  0.0249  0.0248  0.0243  0.0239
  0.0258  0.0259  0.0254  0.0265  0.0255  0.0245  0.0244  0.0247  0.0242  0.0242  0.0241  0.0237
  0.0254  0.0255  0.0252  0.0258  0.0249  0.0242  0.0239  0.0240  0.0238  0.0239  0.0238  0.0237
  0.0253  0.0253  0.0252  0.0252  0.0244  0.0240  0.0237  0.0237  0.0237  0.0237  0.0237  0.0237
  0.0254  0.0252  0.0253  0.0247  0.0241  0.0239  0.0239  0.0239  0.0239  0.0238  0.0238  0.0239
  0.0257  0.0253  0.0254  0.0243  0.0241  0.0237  0.0244  0.0247  0.0242  0.0242  0.0239  0.0242
  0.0262  0.0255  0.0257  0.0244  0.0248  0.0234  0.0252  0.0263  0.0249  0.0249  0.0243  0.0247
niter,ni,del,rscale     6    3    5.0000    0.9000
parameters
   -1.1651  -15.3920   10.5909  -13.9142  -19.0293  -15.1306
    0.8438   -5.0677    1.0438    6.8141    5.1034   -4.7306
eta,q 0.97614 15.92205
  0.0255  0.0241  0.0242  0.0261  0.0259  0.0247  0.0254  0.0259  0.0251  0.0248  0.0244  0.0245
  0.0244  0.0237  0.0239  0.0251  0.0251  0.0243  0.0245  0.0247  0.0244  0.0243  0.0241  0.0241
  0.0239  0.0236  0.0236  0.0242  0.0244  0.0240  0.0240  0.0241  0.0240  0.0239  0.0239  0.0239
  0.0237  0.0237  0.0236  0.0236  0.0238  0.0237  0.0239  0.0239  0.0239  0.0239  0.0239  0.0239
  0.0239  0.0241  0.0236  0.0238  0.0235  0.0232  0.0240  0.0240  0.0240  0.0240  0.0239  0.0239
  0.0246  0.0248  0.0238  0.0259  0.0240  0.0245  0.0245  0.0247  0.0243  0.0244  0.0241  0.0241
  0.0257  0.0259  0.0241  0.0300  0.0256  0.0286  0.0253  0.0260  0.0250  0.0251  0.0244  0.0244
niter,ni,del,rscale     5    3    5.0000    0.8000
parameters
   -1.2048  -15.4218   10.5628  -13.6630  -18.7710  -14.4737
    0.9177   -5.1826    1.0421    6.8283    5.2709   -4.8117
eta,q 0.97636 15.98539
  0.0250  0.0247  0.0243  0.0262  0.0255  0.0248  0.0250  0.0254  0.0246  0.0246  0.0241  0.0241
  0.0244  0.0243  0.0241  0.0253  0.0248  0.0243  0.0242  0.0243  0.0240  0.0240  0.0239  0.0239
  0.0240  0.0240  0.0239  0.0245  0.0243  0.0240  0.0238  0.0238  0.0237  0.0237  0.0237  0.0237
  0.0239  0.0239  0.0239  0.0239  0.0238  0.0237  0.0236  0.0236  0.0236  0.0236  0.0236  0.0236
  0.0240  0.0239  0.0239  0.0236  0.0236  0.0234  0.0238  0.0238  0.0237  0.0237  0.0237  0.0237
  0.0244  0.0243  0.0241  0.0242  0.0241  0.0232  0.0242  0.0244  0.0241  0.0240  0.0238  0.0239
  0.0251  0.0249  0.0243  0.0265  0.0256  0.0248  0.0249  0.0257  0.0246  0.0245  0.0241  0.0242
niter,ni,del,rscale     4    3    5.0000    0.7000
parameters
   -1.2399  -15.5510   10.5437  -13.4483  -18.4074  -14.3645
    0.9691   -5.2552    1.0684    6.7299    5.3093   -4.8459
eta,q 0.97650 16.02487
  0.0246  0.0242  0.0240  0.0257  0.0250  0.0243  0.0246  0.0249  0.0243  0.0242  0.0239  0.0239
  0.0240  0.0239  0.0238  0.0249  0.0245  0.0240  0.0240  0.0241  0.0238  0.0238  0.0237  0.0237
  0.0237  0.0237  0.0237  0.0242  0.0240  0.0237  0.0236  0.0236  0.0236  0.0236  0.0236  0.0235
  0.0236  0.0236  0.0236  0.0236  0.0236  0.0235  0.0235  0.0235  0.0235  0.0235  0.0235  0.0235
  0.0238  0.0237  0.0237  0.0234  0.0234  0.0231  0.0236  0.0236  0.0236  0.0236  0.0235  0.0236
  0.0241  0.0240  0.0238  0.0240  0.0238  0.0232  0.0240  0.0241  0.0238  0.0238  0.0237  0.0237
  0.0247  0.0245  0.0240  0.0259  0.0249  0.0249  0.0245  0.0251  0.0243  0.0242  0.0239  0.0239
niter,ni,del,rscale     3    3    5.0000    0.6000
parameters
   -1.2690  -15.6777   10.5716  -13.1893  -18.0816  -13.6415
    1.0124   -5.3935    1.1158    6.6508    5.3398   -4.9000
eta,q 0.97677 16.09382
  0.0242  0.0239  0.0238  0.0251  0.0246  0.0240  0.0242  0.0244  0.0239  0.0238  0.0236  0.0236
  0.0238  0.0237  0.0236  0.0245  0.0242  0.0238  0.0236  0.0237  0.0235  0.0235  0.0234  0.0234
  0.0236  0.0235  0.0235  0.0239  0.0237  0.0236  0.0233  0.0234  0.0233  0.0233  0.0233  0.0233
  0.0235  0.0235  0.0235  0.0235  0.0234  0.0234  0.0232  0.0232  0.0232  0.0232  0.0232  0.0232
  0.0236  0.0236  0.0235  0.0233  0.0233  0.0231  0.0233  0.0233  0.0233  0.0233  0.0233  0.0233
  0.0239  0.0238  0.0236  0.0238  0.0236  0.0230  0.0236  0.0238  0.0235  0.0235  0.0234  0.0234
  0.0243  0.0242  0.0237  0.0252  0.0245  0.0240  0.0241  0.0247  0.0239  0.0238  0.0236  0.0236
niter,ni,del,rscale     2    3    5.0000    0.5000
parameters
   -1.3005  -15.8630   10.6130  -13.0184  -17.6874  -13.4165
    1.0049   -5.4562    1.1830    6.4552    5.2898   -4.9176
eta,q 0.97693 16.13786
  0.0238  0.0235  0.0234  0.0245  0.0241  0.0237  0.0237  0.0240  0.0236  0.0234  0.0233  0.0233
  0.0235  0.0233  0.0233  0.0240  0.0238  0.0235  0.0234  0.0235  0.0233  0.0232  0.0232  0.0232
  0.0233  0.0232  0.0232  0.0235  0.0234  0.0234  0.0231  0.0232  0.0231  0.0231  0.0231  0.0231
  0.0232  0.0232  0.0232  0.0232  0.0232  0.0231  0.0231  0.0231  0.0231  0.0231  0.0231  0.0231
  0.0233  0.0233  0.0232  0.0231  0.0231  0.0229  0.0232  0.0232  0.0231  0.0231  0.0231  0.0231
  0.0235  0.0235  0.0233  0.0235  0.0233  0.0229  0.0234  0.0235  0.0233  0.0233  0.0232  0.0232
  0.0239  0.0238  0.0234  0.0246  0.0239  0.0240  0.0237  0.0241  0.0235  0.0236  0.0234  0.0233
niter,ni,del,rscale     1    3    5.0000    0.4000
parameters
   -1.3228  -16.0441   10.6885  -12.8258  -17.3469  -12.6669
    0.9876   -5.6140    1.2324    6.1461    5.1375   -5.0057
eta,q 0.97718 16.19932
  0.0235  0.0232  0.0232  0.0240  0.0237  0.0235  0.0233  0.0235  0.0232  0.0231  0.0230  0.0230
  0.0232  0.0231  0.0231  0.0236  0.0234  0.0234  0.0230  0.0231  0.0230  0.0229  0.0229  0.0229
  0.0231  0.0231  0.0231  0.0233  0.0232  0.0232  0.0229  0.0229  0.0229  0.0228  0.0228  0.0228
  0.0231  0.0231  0.0231  0.0231  0.0230  0.0230  0.0228  0.0228  0.0228  0.0228  0.0228  0.0228
  0.0231  0.0231  0.0231  0.0230  0.0230  0.0228  0.0229  0.0229  0.0229  0.0229  0.0229  0.0228
  0.0233  0.0233  0.0231  0.0233  0.0231  0.0228  0.0230  0.0232  0.0230  0.0230  0.0229  0.0229
  0.0235  0.0235  0.0232  0.0239  0.0235  0.0233  0.0233  0.0237  0.0231  0.0232  0.0231  0.0230
registration optimization eta report
parameter search radius
    0.8000    0.8000    0.8000    2.7600    2.4000    2.7600
    2.4000    2.4000    2.4000    2.4000    2.4000    2.4000
100000*second partial in parameter space
       63.       46.       23.       12.       10.        6.
        9.       14.        6.        6.        4.        4.
  0.0235  0.0232  0.0232  0.0240  0.0237  0.0235  0.0233  0.0235  0.0232  0.0231  0.0230  0.0230
  0.0232  0.0231  0.0231  0.0236  0.0234  0.0234  0.0230  0.0231  0.0230  0.0229  0.0229  0.0229
  0.0231  0.0231  0.0231  0.0233  0.0232  0.0232  0.0229  0.0229  0.0229  0.0228  0.0228  0.0228
  0.0231  0.0231  0.0231  0.0231  0.0230  0.0230  0.0228  0.0228  0.0228  0.0228  0.0228  0.0228
  0.0231  0.0231  0.0231  0.0230  0.0230  0.0228  0.0229  0.0229  0.0229  0.0229  0.0229  0.0228
  0.0233  0.0233  0.0231  0.0233  0.0231  0.0228  0.0230  0.0232  0.0230  0.0230  0.0229  0.0229
  0.0235  0.0235  0.0232  0.0239  0.0235  0.0233  0.0233  0.0237  0.0231  0.0232  0.0231  0.0230
   -1.3228  -16.0441   10.6885  -12.8258  -17.3469  -12.6669
    0.9876   -5.6140    1.2324    6.1461    5.1375   -5.0057
eta,q 0.97718 16.19932

---------------------------------------------------------------------
imgreg_4dfp /opt/freesurfer/average/711-2C_as_mni_average_305 /opt/freesurfer/average/711-2B_as_mni_average_305_mask talsrcimg_g11 none talsrcimg_to_711-2C_as_mni_average_305_t4 2311
---------------------------------------------------------------------

freesurfer imgreg_4dfp.c
/opt/freesurfer/average/711-2C_as_mni_average_305.4dfp.img
       256       256       256         1
  1.000000  1.000000  1.000000
orientation T byte_order littleendian
Reading image: /opt/freesurfer/average/711-2C_as_mni_average_305.4dfp.img
dimensions:      256       256       256
mmppix:       1.0000   -1.0000   -1.0000
center:     128.0000 -129.0000 -129.0000
/opt/freesurfer/average/711-2B_as_mni_average_305_mask.4dfp.img
       256       256       256         1
  1.000000  1.000000  1.000000
orientation T byte_order littleendian
Reading mask: /opt/freesurfer/average/711-2B_as_mni_average_305_mask.4dfp.img (2306576 pixels)
talsrcimg_g11.4dfp.img
       256       256       256         1
  1.000000  1.000000  1.000000
orientation T byte_order littleendian
Reading image: talsrcimg_g11.4dfp.img
dimensions:      256       256       256
mmppix:       1.0000   -1.0000   -1.0000
center:     128.0000 -129.0000 -129.0000
fimgreg.f
image alignment mode   2311 decimal      907 hex
parameters
   -1.3228  -16.0441   10.6885  -12.8258  -17.3469  -12.6669
    0.9876   -5.6140    1.2324    6.1461    5.1375   -5.0057
eta,q 0.97718 16.19932
niter,ni,del,rscale     5    3    5.0000    0.8000
parameters
   -1.3496  -16.3111   10.9870  -13.5111  -17.7343  -13.5482
    1.0426   -5.4301    1.2874    5.6384    5.2546   -4.3323
eta,q 0.97677 16.12105
  0.0246  0.0237  0.0239  0.0247  0.0247  0.0240  0.0247  0.0255  0.0243  0.0240  0.0238  0.0239
  0.0236  0.0231  0.0233  0.0239  0.0240  0.0237  0.0239  0.0242  0.0237  0.0235  0.0235  0.0236
  0.0230  0.0229  0.0230  0.0232  0.0234  0.0234  0.0234  0.0235  0.0234  0.0233  0.0233  0.0234
  0.0228  0.0228  0.0228  0.0228  0.0229  0.0230  0.0233  0.0233  0.0233  0.0233  0.0232  0.0232
  0.0230  0.0231  0.0228  0.0230  0.0230  0.0228  0.0234  0.0234  0.0233  0.0234  0.0233  0.0233
  0.0237  0.0237  0.0230  0.0245  0.0239  0.0241  0.0238  0.0239  0.0237  0.0238  0.0234  0.0234
  0.0247  0.0246  0.0233  0.0274  0.0261  0.0271  0.0246  0.0252  0.0243  0.0244  0.0238  0.0236
niter,ni,del,rscale     4    3    5.0000    0.7000
parameters
   -1.3647  -16.2184   10.7920  -13.2195  -17.6883  -13.6072
    1.0371   -5.4959    1.2281    5.7610    5.2936   -4.3340
eta,q 0.97685 16.12792
  0.0243  0.0241  0.0235  0.0250  0.0247  0.0239  0.0244  0.0248  0.0240  0.0240  0.0236  0.0236
  0.0237  0.0237  0.0233  0.0243  0.0241  0.0237  0.0237  0.0239  0.0235  0.0235  0.0234  0.0233
  0.0233  0.0234  0.0232  0.0237  0.0236  0.0234  0.0233  0.0233  0.0232  0.0232  0.0232  0.0232
  0.0232  0.0232  0.0232  0.0232  0.0231  0.0231  0.0231  0.0231  0.0232  0.0232  0.0232  0.0232
  0.0234  0.0233  0.0233  0.0230  0.0231  0.0228  0.0233  0.0233  0.0232  0.0232  0.0232  0.0232
  0.0237  0.0235  0.0235  0.0235  0.0236  0.0230  0.0237  0.0239  0.0235  0.0234  0.0233  0.0233
  0.0243  0.0240  0.0237  0.0250  0.0250  0.0247  0.0243  0.0250  0.0240  0.0239  0.0236  0.0236
niter,ni,del,rscale     3    3    5.0000    0.6000
parameters
   -1.3683  -16.1833   10.7715  -13.0194  -17.5651  -13.1130
    1.0478   -5.5954    1.2177    5.8150    5.2589   -4.5137
eta,q 0.97704 16.16582
  0.0240  0.0238  0.0234  0.0246  0.0243  0.0237  0.0239  0.0244  0.0236  0.0236  0.0234  0.0233
  0.0235  0.0235  0.0233  0.0240  0.0239  0.0235  0.0234  0.0236  0.0233  0.0232  0.0232  0.0231
  0.0232  0.0233  0.0232  0.0235  0.0234  0.0233  0.0231  0.0231  0.0230  0.0230  0.0230  0.0230
  0.0232  0.0232  0.0231  0.0232  0.0231  0.0231  0.0230  0.0230  0.0230  0.0230  0.0230  0.0230
  0.0232  0.0232  0.0232  0.0231  0.0231  0.0228  0.0231  0.0231  0.0230  0.0230  0.0230  0.0230
  0.0235  0.0234  0.0233  0.0235  0.0235  0.0228  0.0234  0.0236  0.0233  0.0232  0.0231  0.0232
  0.0240  0.0238  0.0235  0.0246  0.0245  0.0238  0.0239  0.0246  0.0237  0.0236  0.0234  0.0234
niter,ni,del,rscale     2    3    5.0000    0.5000
parameters
   -1.3767  -16.2393   10.8063  -12.8897  -17.3333  -12.7943
    1.0284   -5.6414    1.2556    5.7707    5.1839   -4.6761
eta,q 0.97717 16.20024
  0.0236  0.0234  0.0232  0.0241  0.0239  0.0235  0.0235  0.0239  0.0233  0.0233  0.0231  0.0231
  0.0232  0.0231  0.0231  0.0236  0.0235  0.0233  0.0231  0.0233  0.0231  0.0230  0.0230  0.0229
  0.0230  0.0230  0.0230  0.0232  0.0232  0.0232  0.0229  0.0229  0.0229  0.0229  0.0229  0.0229
  0.0230  0.0230  0.0230  0.0230  0.0229  0.0229  0.0228  0.0228  0.0228  0.0228  0.0228  0.0228
  0.0230  0.0230  0.0230  0.0229  0.0229  0.0227  0.0229  0.0229  0.0229  0.0229  0.0229  0.0229
  0.0233  0.0232  0.0231  0.0233  0.0232  0.0228  0.0232  0.0233  0.0230  0.0230  0.0230  0.0230
  0.0236  0.0235  0.0232  0.0241  0.0238  0.0236  0.0236  0.0240  0.0233  0.0233  0.0232  0.0231
niter,ni,del,rscale     1    3    5.0000    0.4000
parameters
   -1.3805  -16.3387   10.8727  -12.7683  -17.0660  -12.3070
    0.9877   -5.7019    1.2916    5.5897    5.0482   -4.8142
eta,q 0.97734 16.24143
  0.0233  0.0231  0.0230  0.0236  0.0235  0.0233  0.0232  0.0234  0.0230  0.0230  0.0229  0.0228
  0.0230  0.0229  0.0229  0.0233  0.0232  0.0232  0.0229  0.0230  0.0228  0.0228  0.0228  0.0227
  0.0229  0.0228  0.0229  0.0230  0.0230  0.0230  0.0227  0.0227  0.0227  0.0227  0.0227  0.0227
  0.0228  0.0228  0.0228  0.0228  0.0228  0.0228  0.0227  0.0227  0.0227  0.0227  0.0227  0.0227
  0.0229  0.0229  0.0228  0.0228  0.0228  0.0226  0.0227  0.0227  0.0227  0.0227  0.0227  0.0227
  0.0230  0.0230  0.0229  0.0230  0.0229  0.0227  0.0229  0.0230  0.0228  0.0228  0.0228  0.0228
  0.0233  0.0232  0.0230  0.0236  0.0234  0.0232  0.0232  0.0235  0.0230  0.0231  0.0229  0.0229
registration optimization eta report
parameter search radius
    0.8000    0.8000    0.8000    2.4000    2.4000    2.4000
    2.4000    2.4000    2.4000    2.4000    2.4000    2.4000
100000*second partial in parameter space
       68.       49.       27.       13.       11.        8.
        9.       14.        6.        6.        4.        4.
  0.0233  0.0231  0.0230  0.0236  0.0235  0.0233  0.0232  0.0234  0.0230  0.0230  0.0229  0.0228
  0.0230  0.0229  0.0229  0.0233  0.0232  0.0232  0.0229  0.0230  0.0228  0.0228  0.0228  0.0227
  0.0229  0.0228  0.0229  0.0230  0.0230  0.0230  0.0227  0.0227  0.0227  0.0227  0.0227  0.0227
  0.0228  0.0228  0.0228  0.0228  0.0228  0.0228  0.0227  0.0227  0.0227  0.0227  0.0227  0.0227
  0.0229  0.0229  0.0228  0.0228  0.0228  0.0226  0.0227  0.0227  0.0227  0.0227  0.0227  0.0227
  0.0230  0.0230  0.0229  0.0230  0.0229  0.0227  0.0229  0.0230  0.0228  0.0228  0.0228  0.0228
  0.0233  0.0232  0.0230  0.0236  0.0234  0.0232  0.0232  0.0235  0.0230  0.0231  0.0229  0.0229
   -1.3805  -16.3387   10.8727  -12.7683  -17.0660  -12.3070
    0.9877   -5.7019    1.2916    5.5897    5.0482   -4.8142
eta,q 0.97734 16.24143

---------------------------------------------------------------------
compute_vox2vox talsrcimg talsrcimg_to_711-2C_as_mni_average_305_t4 /opt/freesurfer/average/711-2C_as_mni_average_305
---------------------------------------------------------------------

freesurfer compute_vox2vox.c
Reading: talsrcimg.4dfp.ifh
Reading: talsrcimg_to_711-2C_as_mni_average_305_t4
Reading: /opt/freesurfer/average/711-2C_as_mni_average_305.4dfp.ifh
Writing: talsrcimg_to_711-2C_as_mni_average_305_t4_vox2vox.txt

start time Wed Mar 11 07:45:53 CET 2026
end		time Wed Mar 11 07:47:34 CET 2026

mpr2mni305 success

avi2talxfm orig_nu.mgz /opt/freesurfer/average/mni305.cor.mgz talsrcimg_to_711-2C_as_mni_average_305_t4_vox2vox.txt transforms/talairach.auto.xfm
avi2talxfm done
mv -f /out/sourcedata/freesurfer/sub-v2s15x29730_ses-1/mri/talsrcimg_to_711-2C_as_mni_average_305_t4_vox2vox.txt /out/sourcedata/freesurfer/sub-v2s15x29730_ses-1/mri/transforms/talsrcimg_to_711-2C_as_mni_average_305_t4_vox2vox.txt
lta_convert --src orig_nu.mgz --trg /opt/freesurfer/average/mni305.cor.mgz --inxfm transforms/talairach.auto.xfm --outlta transforms/talairach.auto.xfm.lta --subject fsaverage
7.3.2

--src: orig_nu.mgz src image (geometry).
--trg: /opt/freesurfer/average/mni305.cor.mgz trg image (geometry).
--inmni: transforms/talairach.auto.xfm input MNI/XFM transform.
--outlta: transforms/talairach.auto.xfm.lta output LTA.
--s: fsaverage subject name
 LTA read, type : 1
 1.14218   0.07486  -0.00926   15.92807;
-0.06648   1.13178   0.06649  -23.81938;
-0.01331  -0.07745   1.20144   15.37891;
 0.00000   0.00000   0.00000   1.00000;
setting subject to fsaverage
Writing  LTA to file transforms/talairach.auto.xfm.lta...
lta_convert successful.
 
 
Started at Wed Mar 11 07:45:52 CET 2026
Ended   at Wed Mar 11 07:47:34 CET 2026
talairach_avi done
