/out/sourcedata/freesurfer/sub-v2s15x29728_ses-1/mri
/opt/freesurfer/bin/talairach_avi
--i orig_nu.mgz --xfm transforms/talairach.auto.xfm
talairach_avi 7.3.2
Linux dna023 5.14.0-427.37.1.el9_4.x86_64 #1 SMP PREEMPT_DYNAMIC Fri Sep 13 12:41:50 EDT 2024 x86_64 x86_64 x86_64 GNU/Linux
Wed Mar 11 07:28:22 CET 2026
mri_convert orig_nu.mgz talsrcimg.img 
reading from orig_nu.mgz...
TR=0.00, TE=0.00, TI=0.00, flip angle=0.00
i_ras = (-1, 0, 0)
j_ras = (0, 0, -1)
k_ras = (0, 1, 0)
writing to talsrcimg.img...
Analyze Output Matrix
-1.00000   0.00000   0.00000   121.73060;
 0.00000   0.00000   1.00000  -110.45084;
 0.00000  -1.00000   0.00000   149.97578;
 0.00000   0.00000   0.00000   1.00000;
--------------------
INFO: set hdr.hist.orient to -1
mpr2mni305 talsrcimg
Wed Mar 11 07:28:23 CET 2026
/opt/freesurfer/bin/mpr2mni305 talsrcimg
mpr2mni305 7.3.2
target=711-2C_as_mni_average_305

---------------------------------------------------------------------
analyzeto4dfp talsrcimg -O0 -y
---------------------------------------------------------------------

freesurfer ifh2hdr.c
Wed Mar 11 07:28:23 2026
Writing: talsrcimg.4dfp.hdr
freesurfer analyzeto4dfp.c
Reading: talsrcimg.hdr
header size 348 bytes
hdr.dime.datatype	offset=70	value=2
hdr.dime.bitpix		offset=72	value=8
hdr.hist.orient		offset=252	value=-1
dimensionality     4
dimensions       256       256       256         1
Reading: talsrcimg.img
Writing: talsrcimg.4dfp.img
Writing: talsrcimg.4dfp.ifh
ifh2hdr talsrcimg -r0to254
ori=2

---------------------------------------------------------------------
gauss_4dfp talsrcimg 1.1
---------------------------------------------------------------------

freesurfer gauss_4dfp.c
Reading: talsrcimg.4dfp.img
Writing: talsrcimg_g11.4dfp.img
image dimensions 256 256 256 padded to 288 288 288
processing volume 1freesurfer ifh2hdr.c
Wed Mar 11 07:28:24 2026
Writing: talsrcimg_g11.4dfp.hdr

Writing: talsrcimg_g11.4dfp.ifh
including: talsrcimg.4dfp.img.rec in talsrcimg_g11.4dfp.img.rec

---------------------------------------------------------------------
imgreg_4dfp /opt/freesurfer/average/711-2C_as_mni_average_305 none talsrcimg_g11 none talsrcimg_to_711-2C_as_mni_average_305_t4 4355
---------------------------------------------------------------------

freesurfer imgreg_4dfp.c
/opt/freesurfer/average/711-2C_as_mni_average_305.4dfp.img
       256       256       256         1
  1.000000  1.000000  1.000000
orientation T byte_order littleendian
Reading image: /opt/freesurfer/average/711-2C_as_mni_average_305.4dfp.img
dimensions:      256       256       256
mmppix:       1.0000   -1.0000   -1.0000
center:     128.0000 -129.0000 -129.0000
talsrcimg_g11.4dfp.img
       256       256       256         1
  1.000000  1.000000  1.000000
orientation T byte_order littleendian
Reading image: talsrcimg_g11.4dfp.img
dimensions:      256       256       256
mmppix:       1.0000   -1.0000   -1.0000
center:     128.0000 -129.0000 -129.0000
t4_read: open error in t4_sub.f l:  41 t4_file(1:l)talsrcimg_to_711-2C_as_mni_average_305_t4 
t4_read: transform initialized to I4
rotation matrix determinant  1.000000
image alignment mode   4355 decimal     1103 hex
   -7.5000  -45.0000  -45.000010489.7695   10.7202
    0.0000  -45.0000  -45.000010930.4922   10.7593
    7.5000  -45.0000  -45.000010432.4336   10.7554
   -7.5000  -37.5000  -45.000010943.0098   10.5724
    0.0000  -37.5000  -45.000011385.9863   10.6118
    7.5000  -37.5000  -45.000010892.0566   10.6066
   -7.5000  -30.0000  -45.000011662.2188   10.4375
    0.0000  -30.0000  -45.000012134.0986   10.4769
    7.5000  -30.0000  -45.000011587.3955   10.4723
   -7.5000  -22.5000  -45.000012058.7578   10.3643
    0.0000  -22.5000  -45.000012553.8379   10.4026
    7.5000  -22.5000  -45.000011944.6104   10.3999
   -7.5000  -15.0000  -45.000012325.8535   10.3662
    0.0000  -15.0000  -45.000012808.8779   10.4037
    7.5000  -15.0000  -45.000012182.1475   10.4023
   -7.5000   -7.5000  -45.000012489.2168   10.3733
    0.0000   -7.5000  -45.000012962.4326   10.4109
    7.5000   -7.5000  -45.000012331.1523   10.4088
   -7.5000    0.0000  -45.000012580.3008   10.3720
    0.0000    0.0000  -45.000013053.1523   10.4104
    7.5000    0.0000  -45.000012421.6377   10.4066
   -7.5000    7.5000  -45.000011705.3203   10.3622
    0.0000    7.5000  -45.000012187.2393   10.4013
    7.5000    7.5000  -45.000011580.5645   10.3966
   -7.5000   15.0000  -45.000010801.9170   10.3625
    0.0000   15.0000  -45.000011279.5195   10.4018
    7.5000   15.0000  -45.000010686.6494   10.3976
   -7.5000   22.5000  -45.0000 9959.8672   10.5669
    0.0000   22.5000  -45.000010390.9033   10.6080
    7.5000   22.5000  -45.0000 9837.2832   10.6060
   -7.5000   30.0000  -45.0000 9223.3154   10.7574
    0.0000   30.0000  -45.0000 9643.2627   10.8005
    7.5000   30.0000  -45.0000 9125.6855   10.7985
   -7.5000   37.5000  -45.0000 8858.6631   11.1535
    0.0000   37.5000  -45.0000 9260.1406   11.1982
    7.5000   37.5000  -45.0000 8790.9365   11.1950
   -7.5000   45.0000  -45.0000 8224.8320   11.3280
    0.0000   45.0000  -45.0000 8576.2666   11.3736
    7.5000   45.0000  -45.0000 8152.6196   11.3681
   -7.5000  -45.0000  -37.500011108.9092   10.5957
    0.0000  -45.0000  -37.500011546.7529   10.6379
    7.5000  -45.0000  -37.500010974.8467   10.6364
   -7.5000  -37.5000  -37.500011571.3027   10.4493
    0.0000  -37.5000  -37.500012020.7422   10.4926
    7.5000  -37.5000  -37.500011450.8652   10.4904
   -7.5000  -30.0000  -37.500012307.4062   10.3205
    0.0000  -30.0000  -37.500012790.0283   10.3640
    7.5000  -30.0000  -37.500012169.9609   10.3624
   -7.5000  -22.5000  -37.500012731.7549   10.2511
    0.0000  -22.5000  -37.500013252.2881   10.2926
    7.5000  -22.5000  -37.500012547.3193   10.2924
   -7.5000  -15.0000  -37.500013007.0439   10.2523
    0.0000  -15.0000  -37.500013522.8066   10.2921
    7.5000  -15.0000  -37.500012809.7686   10.2925
   -7.5000   -7.5000  -37.500013149.1328   10.2559
    0.0000   -7.5000  -37.500013671.5459   10.2959
    7.5000   -7.5000  -37.500012956.2266   10.2954
   -7.5000    0.0000  -37.500013227.5234   10.2520
    0.0000    0.0000  -37.500013722.5869   10.2933
    7.5000    0.0000  -37.500013011.8867   10.2919
   -7.5000    7.5000  -37.500012292.2393   10.2435
    0.0000    7.5000  -37.500012782.8555   10.2864
    7.5000    7.5000  -37.500012107.0742   10.2847
   -7.5000   15.0000  -37.500011330.4082   10.2472
    0.0000   15.0000  -37.500011802.8848   10.2906
    7.5000   15.0000  -37.500011179.2861   10.2894
   -7.5000   22.5000  -37.500010424.1992   10.4498
    0.0000   22.5000  -37.500010869.2627   10.4943
    7.5000   22.5000  -37.500010299.6953   10.4951
   -7.5000   30.0000  -37.5000 9656.3271   10.6337
    0.0000   30.0000  -37.500010081.8604   10.6792
    7.5000   30.0000  -37.5000 9535.9023   10.6785
   -7.5000   37.5000  -37.5000 9254.7832   11.0163
    0.0000   37.5000  -37.5000 9684.9561   11.0640
    7.5000   37.5000  -37.5000 9175.7939   11.0614
   -7.5000   45.0000  -37.5000 8559.9180   11.1806
    0.0000   45.0000  -37.5000 8946.6572   11.2291
    7.5000   45.0000  -37.5000 8499.0342   11.2249
   -7.5000  -45.0000  -30.000011867.7979   10.9910
    0.0000  -45.0000  -30.000012321.1309   11.0358
    7.5000  -45.0000  -30.000011720.7725   11.0349
   -7.5000  -37.5000  -30.000012374.3662   10.8411
    0.0000  -37.5000  -30.000012842.8584   10.8880
    7.5000  -37.5000  -30.000012207.3643   10.8874
   -7.5000  -30.0000  -30.000013141.0557   10.7121
    0.0000  -30.0000  -30.000013625.8330   10.7594
    7.5000  -30.0000  -30.000012933.3613   10.7602
   -7.5000  -22.5000  -30.000013612.2920   10.6415
    0.0000  -22.5000  -30.000014109.8896   10.6857
    7.5000  -22.5000  -30.000013354.4619   10.6873
   -7.5000  -15.0000  -30.000013905.4229   10.6407
    0.0000  -15.0000  -30.000014428.2041   10.6820
    7.5000  -15.0000  -30.000013647.0225   10.6830
   -7.5000   -7.5000  -30.000014049.2295   10.6405
    0.0000   -7.5000  -30.000014590.7969   10.6820
    7.5000   -7.5000  -30.000013808.3066   10.6815
   -7.5000    0.0000  -30.000014104.8213   10.6347
    0.0000    0.0000  -30.000014665.2803   10.6785
    7.5000    0.0000  -30.000013856.4502   10.6774
   -7.5000    7.5000  -30.000013110.8936   10.6285
    0.0000    7.5000  -30.000013648.3926   10.6749
    7.5000    7.5000  -30.000012886.3232   10.6747
   -7.5000   15.0000  -30.000012083.4062   10.6364
    0.0000   15.0000  -30.000012586.4453   10.6834
    7.5000   15.0000  -30.000011903.9238   10.6848
   -7.5000   22.5000  -30.000011099.3047   10.8472
    0.0000   22.5000  -30.000011583.7256   10.8947
    7.5000   22.5000  -30.000010970.4258   10.8974
   -7.5000   30.0000  -30.000010253.3965   11.0369
    0.0000   30.0000  -30.000010726.8311   11.0843
    7.5000   30.0000  -30.000010141.8799   11.0835
   -7.5000   37.5000  -30.0000 9800.2773   11.4278
    0.0000   37.5000  -30.000010275.0137   11.4771
    7.5000   37.5000  -30.0000 9718.5986   11.4732
   -7.5000   45.0000  -30.0000 9057.7744   11.6010
    0.0000   45.0000  -30.0000 9477.7383   11.6515
    7.5000   45.0000  -30.0000 8993.0986   11.6461
   -7.5000  -45.0000  -22.500012589.1357   11.3765
    0.0000  -45.0000  -22.500013113.1387   11.4194
    7.5000  -45.0000  -22.500012493.1445   11.4167
   -7.5000  -37.5000  -22.500013144.5645   11.2220
    0.0000  -37.5000  -22.500013688.6689   11.2675
    7.5000  -37.5000  -22.500013002.0312   11.2657
   -7.5000  -30.0000  -22.500013951.6143   11.0882
    0.0000  -30.0000  -22.500014494.8555   11.1341
    7.5000  -30.0000  -22.500013744.0342   11.1346
   -7.5000  -22.5000  -22.500014458.8740   11.0137
    0.0000  -22.5000  -22.500015001.8193   11.0561
    7.5000  -22.5000  -22.500014195.9033   11.0576
   -7.5000  -15.0000  -22.500014777.0176   11.0117
    0.0000  -15.0000  -22.500015356.4365   11.0509
    7.5000  -15.0000  -22.500014514.5625   11.0512
   -7.5000   -7.5000  -22.500014960.5039   11.0119
    0.0000   -7.5000  -22.500015564.5186   11.0513
    7.5000   -7.5000  -22.500014712.1904   11.0492
   -7.5000    0.0000  -22.500015004.5234   11.0074
    0.0000    0.0000  -22.500015631.6191   11.0494
    7.5000    0.0000  -22.500014759.3369   11.0463
   -7.5000    7.5000  -22.500013963.6143   11.0018
    0.0000    7.5000  -22.500014520.0693   11.0468
    7.5000    7.5000  -22.500013715.9404   11.0453
   -7.5000   15.0000  -22.500012878.4414   11.0099
    0.0000   15.0000  -22.500013390.6992   11.0555
    7.5000   15.0000  -22.500012675.4688   11.0565
   -7.5000   22.5000  -22.500011843.3516   11.2266
    0.0000   22.5000  -22.500012343.8232   11.2726
    7.5000   22.5000  -22.500011695.0918   11.2749
   -7.5000   30.0000  -22.500010893.4023   11.4251
    0.0000   30.0000  -22.500011403.5713   11.4706
    7.5000   30.0000  -22.500010796.5762   11.4691
   -7.5000   37.5000  -22.500010397.8916   11.8310
    0.0000   37.5000  -22.500010904.7432   11.8776
    7.5000   37.5000  -22.500010330.1719   11.8721
   -7.5000   45.0000  -22.5000 9593.4346   12.0188
    0.0000   45.0000  -22.500010050.1455   12.0669
    7.5000   45.0000  -22.5000 9538.4580   12.0593
   -7.5000  -45.0000  -15.000013312.8047   11.6629
    0.0000  -45.0000  -15.000013882.7715   11.7029
    7.5000  -45.0000  -15.000013261.8076   11.6970
   -7.5000  -37.5000  -15.000013898.9717   11.5036
    0.0000  -37.5000  -15.000014506.6201   11.5452
    7.5000  -37.5000  -15.000013821.2529   11.5397
   -7.5000  -30.0000  -15.000014766.8506   11.3626
    0.0000  -30.0000  -15.000015404.2803   11.4044
    7.5000  -30.0000  -15.000014610.1035   11.4011
   -7.5000  -22.5000  -15.000015311.6240   11.2833
    0.0000  -22.5000  -15.000016008.4404   11.3227
    7.5000  -22.5000  -15.000015138.3027   11.3212
   -7.5000  -15.0000  -15.000015620.1797   11.2816
    0.0000  -15.0000  -15.000016398.2051   11.3187
    7.5000  -15.0000  -15.000015496.8975   11.3169
   -7.5000   -7.5000  -15.000015814.6758   11.2854
    0.0000   -7.5000  -15.000016581.7617   11.3228
    7.5000   -7.5000  -15.000015694.1504   11.3185
   -7.5000    0.0000  -15.000015893.3477   11.2842
    0.0000    0.0000  -15.000016615.6445   11.3233
    7.5000    0.0000  -15.000015712.0996   11.3171
   -7.5000    7.5000  -15.000014763.6904   11.2777
    0.0000    7.5000  -15.000015410.4922   11.3189
    7.5000    7.5000  -15.000014589.2148   11.3137
   -7.5000   15.0000  -15.000013627.5889   11.2823
    0.0000   15.0000  -15.000014219.1045   11.3240
    7.5000   15.0000  -15.000013447.8945   11.3211
   -7.5000   22.5000  -15.000012543.3232   11.5006
    0.0000   22.5000  -15.000013107.8096   11.5435
    7.5000   22.5000  -15.000012412.6934   11.5423
   -7.5000   30.0000  -15.000011587.3252   11.7069
    0.0000   30.0000  -15.000012129.2803   11.7504
    7.5000   30.0000  -15.000011470.6865   11.7471
   -7.5000   37.5000  -15.000011031.4297   12.1280
    0.0000   37.5000  -15.000011570.9092   12.1719
    7.5000   37.5000  -15.000010962.9531   12.1653
   -7.5000   45.0000  -15.000010141.3350   12.3301
    0.0000   45.0000  -15.000010628.1982   12.3754
    7.5000   45.0000  -15.000010075.2998   12.3655
   -7.5000  -45.0000   -7.500014066.7969   11.7986
    0.0000  -45.0000   -7.500014653.8564   11.8386
    7.5000  -45.0000   -7.500014055.6680   11.8314
   -7.5000  -37.5000   -7.500014708.9336   11.6352
    0.0000  -37.5000   -7.500015339.5146   11.6756
    7.5000  -37.5000   -7.500014705.6396   11.6675
   -7.5000  -30.0000   -7.500015621.4766   11.4891
    0.0000  -30.0000   -7.500016389.7207   11.5295
    7.5000  -30.0000   -7.500015603.3809   11.5229
   -7.5000  -22.5000   -7.500016165.5273   11.4081
    0.0000  -22.5000   -7.500017137.0176   11.4471
    7.5000  -22.5000   -7.500016233.0283   11.4427
   -7.5000  -15.0000   -7.500016483.1445   11.4080
    0.0000  -15.0000   -7.500017525.1543   11.4460
    7.5000  -15.0000   -7.500016609.8164   11.4427
   -7.5000   -7.5000   -7.500016713.7910   11.4152
    0.0000   -7.5000   -7.500017662.3633   11.4535
    7.5000   -7.5000   -7.500016758.3438   11.4483
   -7.5000    0.0000   -7.500016771.0820   11.4154
    0.0000    0.0000   -7.500017648.8633   11.4545
    7.5000    0.0000   -7.500016730.4355   11.4472
   -7.5000    7.5000   -7.500015561.1953   11.4068
    0.0000    7.5000   -7.500016350.5254   11.4469
    7.5000    7.5000   -7.500015499.3398   11.4392
   -7.5000   15.0000   -7.500014378.6494   11.4079
    0.0000   15.0000   -7.500015101.2969   11.4482
    7.5000   15.0000   -7.500014259.6133   11.4420
   -7.5000   22.5000   -7.500013276.9893   11.6250
    0.0000   22.5000   -7.500013943.8467   11.6672
    7.5000   22.5000   -7.500013161.3555   11.6631
   -7.5000   30.0000   -7.500012292.7031   11.8355
    0.0000   30.0000   -7.500012903.1807   11.8797
    7.5000   30.0000   -7.500012190.1855   11.8753
   -7.5000   37.5000   -7.500011703.6758   12.2644
    0.0000   37.5000   -7.500012287.2373   12.3095
    7.5000   37.5000   -7.500011641.0908   12.3031
   -7.5000   45.0000   -7.500010693.7910   12.4730
    0.0000   45.0000   -7.500011231.8281   12.5191
    7.5000   45.0000   -7.500010652.6865   12.5094
   -7.5000  -45.0000    0.000014700.8184   11.8089
    0.0000  -45.0000    0.000015212.4453   11.8518
    7.5000  -45.0000    0.000014636.8643   11.8461
   -7.5000  -37.5000    0.000015428.6582   11.6435
    0.0000  -37.5000    0.000016066.1445   11.6867
    7.5000  -37.5000    0.000015449.0889   11.6796
   -7.5000  -30.0000    0.000016322.8652   11.4970
    0.0000  -30.0000    0.000017209.5195   11.5404
    7.5000  -30.0000    0.000016395.1309   11.5340
   -7.5000  -22.5000    0.000016799.7012   11.4176
    0.0000  -22.5000    0.000017774.8770   11.4597
    7.5000  -22.5000    0.000016979.2012   11.4555
   -7.5000  -15.0000    0.000017167.5879   11.4194
    0.0000  -15.0000    0.000018146.4160   11.4606
    7.5000  -15.0000    0.000017372.1855   11.4579
   -7.5000   -7.5000    0.000017512.8828   11.4269
    0.0000   -7.5000    0.000018440.5059   11.4682
    7.5000   -7.5000    0.000017573.4180   11.4645
   -7.5000    0.0000    0.000017542.9336   11.4255
    0.0000    0.0000    0.000018457.0098   11.4676
    7.5000    0.0000    0.000017548.6953   11.4620
   -7.5000    7.5000    0.000016243.6895   11.4152
    0.0000    7.5000    0.000017109.5312   11.4581
    7.5000    7.5000    0.000016200.7812   11.4515
   -7.5000   15.0000    0.000015001.4541   11.4157
    0.0000   15.0000    0.000015799.1328   11.4590
    7.5000   15.0000    0.000014887.7285   11.4530
   -7.5000   22.5000    0.000013863.2100   11.6335
    0.0000   22.5000    0.000014598.5166   11.6787
    7.5000   22.5000    0.000013746.3340   11.6751
   -7.5000   30.0000    0.000012845.9307   11.8454
    0.0000   30.0000    0.000013543.9131   11.8927
    7.5000   30.0000    0.000012757.0195   11.8891
   -7.5000   37.5000    0.000012224.5977   12.2738
    0.0000   37.5000    0.000012870.9316   12.3229
    7.5000   37.5000    0.000012162.7451   12.3178
   -7.5000   45.0000    0.000011156.3945   12.4816
    0.0000   45.0000    0.000011741.9102   12.5315
    7.5000   45.0000    0.000011085.8154   12.5238
   -7.5000  -45.0000    7.500014244.1943   11.7952
    0.0000  -45.0000    7.500014687.2686   11.8422
    7.5000  -45.0000    7.500014190.6914   11.8396
   -7.5000  -37.5000    7.500015009.4600   11.6314
    0.0000  -37.5000    7.500015604.4248   11.6796
    7.5000  -37.5000    7.500014946.0225   11.6760
   -7.5000  -30.0000    7.500015859.8281   11.4889
    0.0000  -30.0000    7.500016617.0059   11.5374
    7.5000  -30.0000    7.500015784.6230   11.5344
   -7.5000  -22.5000    7.500016272.3555   11.4119
    0.0000  -22.5000    7.500016994.0605   11.4582
    7.5000  -22.5000    7.500016254.6963   11.4568
   -7.5000  -15.0000    7.500016578.5566   11.4130
    0.0000  -15.0000    7.500017304.4316   11.4575
    7.5000  -15.0000    7.500016596.9238   11.4569
   -7.5000   -7.5000    7.500016900.1172   11.4169
    0.0000   -7.5000    7.500017688.3398   11.4615
    7.5000   -7.5000    7.500016857.0332   11.4600
   -7.5000    0.0000    7.500016965.0879   11.4127
    0.0000    0.0000    7.500017812.8223   11.4587
    7.5000    0.0000    7.500016876.6406   11.4560
   -7.5000    7.5000    7.500015706.5576   11.4035
    0.0000    7.5000    7.500016525.7012   11.4512
    7.5000    7.5000    7.500015590.2979   11.4482
   -7.5000   15.0000    7.500014506.2490   11.4077
    0.0000   15.0000    7.500015229.2168   11.4560
    7.5000   15.0000    7.500014354.6162   11.4536
   -7.5000   22.5000    7.500013428.1250   11.6282
    0.0000   22.5000    7.500014112.8086   11.6778
    7.5000   22.5000    7.500013277.2393   11.6774
   -7.5000   30.0000    7.500012446.1426   11.8391
    0.0000   30.0000    7.500013092.9795   11.8899
    7.5000   30.0000    7.500012337.7949   11.8879
   -7.5000   37.5000    7.500011855.5918   12.2626
    0.0000   37.5000    7.500012443.4531   12.3157
    7.5000   37.5000    7.500011775.9160   12.3116
   -7.5000   45.0000    7.500010819.8301   12.4670
    0.0000   45.0000    7.500011371.4072   12.5212
    7.5000   45.0000    7.500010742.3418   12.5151
   -7.5000  -45.0000   15.000013627.6738   11.8365
    0.0000  -45.0000   15.000014197.1104   11.8847
    7.5000  -45.0000   15.000013548.8877   11.8834
   -7.5000  -37.5000   15.000014334.3066   11.6741
    0.0000  -37.5000   15.000015060.1777   11.7245
    7.5000  -37.5000   15.000014196.3184   11.7236
   -7.5000  -30.0000   15.000015235.6982   11.5346
    0.0000  -30.0000   15.000016024.8174   11.5854
    7.5000  -30.0000   15.000014914.0527   11.5860
   -7.5000  -22.5000   15.000015747.7305   11.4584
    0.0000  -22.5000   15.000016436.0020   11.5059
    7.5000  -22.5000   15.000015399.2012   11.5074
   -7.5000  -15.0000   15.000015955.2275   11.4578
    0.0000  -15.0000   15.000016585.6133   11.5022
    7.5000  -15.0000   15.000015724.1963   11.5030
   -7.5000   -7.5000   15.000016123.2383   11.4578
    0.0000   -7.5000   15.000016757.0840   11.5024
    7.5000   -7.5000   15.000015934.4160   11.5016
   -7.5000    0.0000   15.000016131.8701   11.4515
    0.0000    0.0000   15.000016831.7383   11.4986
    7.5000    0.0000   15.000016005.1768   11.4971
   -7.5000    7.5000   15.000014942.1631   11.4445
    0.0000    7.5000   15.000015613.2480   11.4944
    7.5000    7.5000   15.000014846.2871   11.4939
   -7.5000   15.0000   15.000013786.9453   11.4528
    0.0000   15.0000   15.000014399.2373   11.5034
    7.5000   15.0000   15.000013690.9746   11.5046
   -7.5000   22.5000   15.000012772.4199   11.6779
    0.0000   22.5000   15.000013361.0732   11.7291
    7.5000   22.5000   15.000012679.9688   11.7316
   -7.5000   30.0000   15.000011842.1953   11.8868
    0.0000   30.0000   15.000012389.8340   11.9378
    7.5000   30.0000   15.000011749.3955   11.9366
   -7.5000   37.5000   15.000011276.1182   12.3063
    0.0000   37.5000   15.000011814.4043   12.3594
    7.5000   37.5000   15.000011206.1914   12.3547
   -7.5000   45.0000   15.000010301.4453   12.5078
    0.0000   45.0000   15.000010791.0674   12.5623
    7.5000   45.0000   15.000010215.2939   12.5560
   -7.5000  -45.0000   22.500012822.9209   11.9782
    0.0000  -45.0000   22.500013292.3125   12.0227
    7.5000  -45.0000   22.500012693.4209   12.0197
   -7.5000  -37.5000   22.500013420.4814   11.8123
    0.0000  -37.5000   22.500013940.9785   11.8595
    7.5000  -37.5000   22.500013287.1104   11.8576
   -7.5000  -30.0000   22.500014175.8887   11.6692
    0.0000  -30.0000   22.500014715.8867   11.7168
    7.5000  -30.0000   22.500013950.6338   11.7175
   -7.5000  -22.5000   22.500014741.9189   11.5904
    0.0000  -22.5000   22.500015263.5303   11.6344
    7.5000  -22.5000   22.500014449.4863   11.6362
   -7.5000  -15.0000   22.500015052.2217   11.5892
    0.0000  -15.0000   22.500015626.9902   11.6299
    7.5000  -15.0000   22.500014818.1455   11.6304
   -7.5000   -7.5000   22.500015212.2012   11.5896
    0.0000   -7.5000   22.500015807.7129   11.6305
    7.5000   -7.5000   22.500015008.1123   11.6283
   -7.5000    0.0000   22.500015176.3330   11.5842
    0.0000    0.0000   22.500015812.4688   11.6278
    7.5000    0.0000   22.500015030.9150   11.6244
   -7.5000    7.5000   22.500014055.1426   11.5774
    0.0000    7.5000   22.500014658.9307   11.6241
    7.5000    7.5000   22.500013954.9746   11.6225
   -7.5000   15.0000   22.500012972.6152   11.5857
    0.0000   15.0000   22.500013550.7402   11.6330
    7.5000   15.0000   22.500012887.8125   11.6342
   -7.5000   22.5000   22.500012023.2842   11.8157
    0.0000   22.5000   22.500012572.6172   11.8635
    7.5000   22.5000   22.500011958.8877   11.8661
   -7.5000   30.0000   22.500011132.6377   12.0251
    0.0000   30.0000   22.500011617.7979   12.0723
    7.5000   30.0000   22.500011067.7725   12.0706
   -7.5000   37.5000   22.500010637.0469   12.4489
    0.0000   37.5000   22.500011105.0977   12.4972
    7.5000   37.5000   22.500010558.3584   12.4911
   -7.5000   45.0000   22.5000 9767.3232   12.6528
    0.0000   45.0000   22.500010183.4473   12.7027
    7.5000   45.0000   22.5000 9662.1865   12.6943
   -7.5000  -45.0000   30.000011809.2021   12.1508
    0.0000  -45.0000   30.000012194.3496   12.1905
    7.5000  -45.0000   30.000011733.0986   12.1836
   -7.5000  -37.5000   30.000012324.7822   11.9790
    0.0000  -37.5000   30.000012746.6797   12.0205
    7.5000  -37.5000   30.000012272.6758   12.0142
   -7.5000  -30.0000   30.000012943.6162   11.8275
    0.0000  -30.0000   30.000013353.9668   11.8693
    7.5000  -30.0000   30.000012860.1279   11.8656
   -7.5000  -22.5000   30.000013412.1729   11.7440
    0.0000  -22.5000   30.000013848.5459   11.7832
    7.5000  -22.5000   30.000013325.6221   11.7813
   -7.5000  -15.0000   30.000013748.0908   11.7438
    0.0000  -15.0000   30.000014249.6455   11.7807
    7.5000  -15.0000   30.000013664.9766   11.7782
   -7.5000   -7.5000   30.000014023.0293   11.7484
    0.0000   -7.5000   30.000014566.9795   11.7855
    7.5000   -7.5000   30.000013928.3555   11.7803
   -7.5000    0.0000   30.000014088.0605   11.7461
    0.0000    0.0000   30.000014646.1240   11.7851
    7.5000    0.0000   30.000013974.9941   11.7778
   -7.5000    7.5000   30.000013084.4512   11.7375
    0.0000    7.5000   30.000013610.6562   11.7787
    7.5000    7.5000   30.000012972.9824   11.7726
   -7.5000   15.0000   30.000012093.3457   11.7418
    0.0000   15.0000   30.000012595.1152   11.7834
    7.5000   15.0000   30.000011986.0723   11.7800
   -7.5000   22.5000   30.000011206.5264   11.9746
    0.0000   22.5000   30.000011677.0791   12.0175
    7.5000   22.5000   30.000011117.1113   12.0159
   -7.5000   30.0000   30.000010368.5117   12.1853
    0.0000   30.0000   30.000010799.1133   12.2286
    7.5000   30.0000   30.000010289.9023   12.2243
   -7.5000   37.5000   30.0000 9911.9199   12.6180
    0.0000   37.5000   30.000010322.9727   12.6615
    7.5000   37.5000   30.0000 9826.3672   12.6536
   -7.5000   45.0000   30.0000 9120.1943   12.8271
    0.0000   45.0000   30.0000 9485.9961   12.8721
    7.5000   45.0000   30.0000 9017.7354   12.8609
   -7.5000  -45.0000   37.500011264.5850   12.3964
    0.0000  -45.0000   37.500011656.6445   12.4362
    7.5000  -45.0000   37.500011202.8428   12.4282
   -7.5000  -37.5000   37.500011755.0176   12.2190
    0.0000  -37.5000   37.500012164.7852   12.2593
    7.5000  -37.5000   37.500011700.4033   12.2506
   -7.5000  -30.0000   37.500012324.0127   12.0601
    0.0000  -30.0000   37.500012705.3818   12.1005
    7.5000  -30.0000   37.500012246.4893   12.0934
   -7.5000  -22.5000   37.500012752.0078   11.9739
    0.0000  -22.5000   37.500013139.6377   12.0128
    7.5000  -22.5000   37.500012688.0439   12.0079
   -7.5000  -15.0000   37.500013093.3271   11.9765
    0.0000  -15.0000   37.500013528.7939   12.0144
    7.5000  -15.0000   37.500013033.4600   12.0105
   -7.5000   -7.5000   37.500013390.3066   11.9854
    0.0000   -7.5000   37.500013871.2070   12.0237
    7.5000   -7.5000   37.500013324.0186   12.0178
   -7.5000    0.0000   37.500013511.3018   11.9846
    0.0000    0.0000   37.500014021.6309   12.0238
    7.5000    0.0000   37.500013424.7539   12.0155
   -7.5000    7.5000   37.500012578.6211   11.9729
    0.0000    7.5000   37.500013086.6064   12.0130
    7.5000    7.5000   37.500012488.8369   12.0045
   -7.5000   15.0000   37.500011633.3213   11.9728
    0.0000   15.0000   37.500012116.5205   12.0131
    7.5000   15.0000   37.500011544.2031   12.0063
   -7.5000   22.5000   37.500010790.9492   12.2121
    0.0000   22.5000   37.500011243.9316   12.2545
    7.5000   22.5000   37.500010701.1426   12.2498
   -7.5000   30.0000   37.5000 9995.0830   12.4281
    0.0000   30.0000   37.500010410.3555   12.4725
    7.5000   30.0000   37.5000 9904.7422   12.4671
   -7.5000   37.5000   37.5000 9576.7188   12.8746
    0.0000   37.5000   37.5000 9963.3408   12.9199
    7.5000   37.5000   37.5000 9478.1406   12.9123
   -7.5000   45.0000   37.5000 8824.1133   13.0920
    0.0000   45.0000   37.5000 9165.3408   13.1382
    7.5000   45.0000   37.5000 8728.5537   13.1273
   -7.5000  -45.0000   45.000010384.5420   12.7282
    0.0000  -45.0000   45.000010777.9639   12.7723
    7.5000  -45.0000   45.000010315.9863   12.7660
   -7.5000  -37.5000   45.000010810.4658   12.5419
    0.0000  -37.5000   45.000011187.9521   12.5861
    7.5000  -37.5000   45.000010724.7080   12.5783
   -7.5000  -30.0000   45.000011298.9619   12.3767
    0.0000  -30.0000   45.000011682.2930   12.4210
    7.5000  -30.0000   45.000011221.8750   12.4140
   -7.5000  -22.5000   45.000011701.5518   12.2934
    0.0000  -22.5000   45.000012095.3398   12.3366
    7.5000  -22.5000   45.000011639.3525   12.3320
   -7.5000  -15.0000   45.000012042.0186   12.3041
    0.0000  -15.0000   45.000012449.3242   12.3468
    7.5000  -15.0000   45.000011984.4795   12.3436
   -7.5000   -7.5000   45.000012307.3193   12.3165
    0.0000   -7.5000   45.000012765.9551   12.3593
    7.5000   -7.5000   45.000012282.5801   12.3550
   -7.5000    0.0000   45.000012451.5996   12.3136
    0.0000    0.0000   45.000012931.2402   12.3570
    7.5000    0.0000   45.000012406.3213   12.3505
   -7.5000    7.5000   45.000011622.2500   12.2957
    0.0000    7.5000   45.000012095.1064   12.3397
    7.5000    7.5000   45.000011571.0410   12.3322
   -7.5000   15.0000   45.000010751.3682   12.2919
    0.0000   15.0000   45.000011204.4199   12.3361
    7.5000   15.0000   45.000010702.5908   12.3295
   -7.5000   22.5000   45.0000 9990.7930   12.5463
    0.0000   22.5000   45.000010419.0459   12.5931
    7.5000   22.5000   45.0000 9934.5020   12.5892
   -7.5000   30.0000   45.0000 9277.9951   12.7639
    0.0000   30.0000   45.0000 9662.5498   12.8133
    7.5000   30.0000   45.0000 9201.3135   12.8089
   -7.5000   37.5000   45.0000 8904.1357   13.2159
    0.0000   37.5000   45.0000 9265.8232   13.2673
    7.5000   37.5000   45.0000 8827.3633   13.2613
   -7.5000   45.0000   45.0000 8218.7529   13.4349
    0.0000   45.0000   45.0000 8544.8281   13.4865
    7.5000   45.0000   45.0000 8142.2847   13.4775

---------------------------------------------------------------------
imgreg_4dfp /opt/freesurfer/average/711-2C_as_mni_average_305 /opt/freesurfer/average/711-2B_as_mni_average_305_mask talsrcimg_g11 none talsrcimg_to_711-2C_as_mni_average_305_t4 4355
---------------------------------------------------------------------

freesurfer imgreg_4dfp.c
/opt/freesurfer/average/711-2C_as_mni_average_305.4dfp.img
       256       256       256         1
  1.000000  1.000000  1.000000
orientation T byte_order littleendian
Reading image: /opt/freesurfer/average/711-2C_as_mni_average_305.4dfp.img
dimensions:      256       256       256
mmppix:       1.0000   -1.0000   -1.0000
center:     128.0000 -129.0000 -129.0000
/opt/freesurfer/average/711-2B_as_mni_average_305_mask.4dfp.img
       256       256       256         1
  1.000000  1.000000  1.000000
orientation T byte_order littleendian
Reading mask: /opt/freesurfer/average/711-2B_as_mni_average_305_mask.4dfp.img (2306576 pixels)
talsrcimg_g11.4dfp.img
       256       256       256         1
  1.000000  1.000000  1.000000
orientation T byte_order littleendian
Reading image: talsrcimg_g11.4dfp.img
dimensions:      256       256       256
mmppix:       1.0000   -1.0000   -1.0000
center:     128.0000 -129.0000 -129.0000
rotation matrix determinant  1.000000
image alignment mode   4355 decimal     1103 hex
   -7.5000  -45.0000  -45.0000 2463.5991   14.0732
    0.0000  -45.0000  -45.0000 2469.5793   14.0828
    7.5000  -45.0000  -45.0000 2460.2356   14.1455
   -7.5000  -37.5000  -45.0000 2464.2344   14.0474
    0.0000  -37.5000  -45.0000 2470.1172   14.0427
    7.5000  -37.5000  -45.0000 2459.7676   14.0800
   -7.5000  -30.0000  -45.0000 2453.0132   14.0934
    0.0000  -30.0000  -45.0000 2458.9421   14.0779
    7.5000  -30.0000  -45.0000 2445.2898   14.1267
   -7.5000  -22.5000  -45.0000 2442.6182   14.2147
    0.0000  -22.5000  -45.0000 2445.5088   14.1935
    7.5000  -22.5000  -45.0000 2433.2295   14.2567
   -7.5000  -15.0000  -45.0000 2422.6812   14.4120
    0.0000  -15.0000  -45.0000 2427.8315   14.4116
    7.5000  -15.0000  -45.0000 2413.2803   14.4443
   -7.5000   -7.5000  -45.0000 2408.5686   14.6590
    0.0000   -7.5000  -45.0000 2409.7378   14.6694
    7.5000   -7.5000  -45.0000 2395.1250   14.7511
   -7.5000    0.0000  -45.0000 2392.3298   15.1314
    0.0000    0.0000  -45.0000 2395.7085   15.1071
    7.5000    0.0000  -45.0000 2378.8164   15.2015
   -7.5000    7.5000  -45.0000 2370.1641   15.7677
    0.0000    7.5000  -45.0000 2371.8469   15.7400
    7.5000    7.5000  -45.0000 2359.2986   15.8234
   -7.5000   15.0000  -45.0000 2331.1733   16.6257
    0.0000   15.0000  -45.0000 2335.3953   16.5579
    7.5000   15.0000  -45.0000 2320.1389   16.6942
   -7.5000   22.5000  -45.0000 2279.3362   17.7059
    0.0000   22.5000  -45.0000 2280.4001   17.6271
    7.5000   22.5000  -45.0000 2265.6213   17.8025
   -7.5000   30.0000  -45.0000 2205.3801   19.1165
    0.0000   30.0000  -45.0000 2209.0366   18.9879
    7.5000   30.0000  -45.0000 2197.8457   19.2214
   -7.5000   37.5000  -45.0000 2129.2349   20.9824
    0.0000   37.5000  -45.0000 2132.7939   20.8190
    7.5000   37.5000  -45.0000 2129.6270   21.0792
   -7.5000   45.0000  -45.0000 2044.4467   23.4433
    0.0000   45.0000  -45.0000 2045.2614   23.2633
    7.5000   45.0000  -45.0000 2040.2866   23.5224
   -7.5000  -45.0000  -37.5000 2551.1462   13.0396
    0.0000  -45.0000  -37.5000 2557.4585   13.0461
    7.5000  -45.0000  -37.5000 2535.4187   13.0814
   -7.5000  -37.5000  -37.5000 2549.4082   12.9810
    0.0000  -37.5000  -37.5000 2552.0679   12.9641
    7.5000  -37.5000  -37.5000 2537.2678   13.0387
   -7.5000  -30.0000  -37.5000 2539.3428   13.0193
    0.0000  -30.0000  -37.5000 2540.9624   12.9663
    7.5000  -30.0000  -37.5000 2526.0691   13.0781
   -7.5000  -22.5000  -37.5000 2531.7393   13.1033
    0.0000  -22.5000  -37.5000 2532.1401   13.0494
    7.5000  -22.5000  -37.5000 2515.1394   13.1655
   -7.5000  -15.0000  -37.5000 2518.7783   13.3036
    0.0000  -15.0000  -37.5000 2517.9875   13.2641
    7.5000  -15.0000  -37.5000 2506.5459   13.3570
   -7.5000   -7.5000  -37.5000 2500.1199   13.5795
    0.0000   -7.5000  -37.5000 2504.4243   13.5735
    7.5000   -7.5000  -37.5000 2490.8743   13.6646
   -7.5000    0.0000  -37.5000 2481.8557   14.0272
    0.0000    0.0000  -37.5000 2490.1099   13.9998
    7.5000    0.0000  -37.5000 2471.4917   14.0992
   -7.5000    7.5000  -37.5000 2454.1191   14.6085
    0.0000    7.5000  -37.5000 2461.6428   14.6099
    7.5000    7.5000  -37.5000 2444.6165   14.6884
   -7.5000   15.0000  -37.5000 2415.9841   15.4143
    0.0000   15.0000  -37.5000 2421.4375   15.4095
    7.5000   15.0000  -37.5000 2402.9124   15.4961
   -7.5000   22.5000  -37.5000 2363.3499   16.4138
    0.0000   22.5000  -37.5000 2363.9885   16.4069
    7.5000   22.5000  -37.5000 2347.8201   16.5016
   -7.5000   30.0000  -37.5000 2288.4683   17.7813
    0.0000   30.0000  -37.5000 2290.1677   17.6885
    7.5000   30.0000  -37.5000 2278.1086   17.8258
   -7.5000   37.5000  -37.5000 2204.6760   19.4964
    0.0000   37.5000  -37.5000 2207.7866   19.3501
    7.5000   37.5000  -37.5000 2203.8857   19.5446
   -7.5000   45.0000  -37.5000 2105.5217   21.6815
    0.0000   45.0000  -37.5000 2106.4817   21.5270
    7.5000   45.0000  -37.5000 2110.9497   21.7563
   -7.5000  -45.0000  -30.0000 2667.4263   12.5129
    0.0000  -45.0000  -30.0000 2673.8835   12.5154
    7.5000  -45.0000  -30.0000 2658.3374   12.5714
   -7.5000  -37.5000  -30.0000 2668.4893   12.4660
    0.0000  -37.5000  -30.0000 2668.7910   12.4306
    7.5000  -37.5000  -30.0000 2658.2422   12.5064
   -7.5000  -30.0000  -30.0000 2658.8049   12.4894
    0.0000  -30.0000  -30.0000 2659.0337   12.4421
    7.5000  -30.0000  -30.0000 2648.2625   12.5584
   -7.5000  -22.5000  -30.0000 2655.9241   12.5591
    0.0000  -22.5000  -30.0000 2659.1646   12.5065
    7.5000  -22.5000  -30.0000 2641.2720   12.6224
   -7.5000  -15.0000  -30.0000 2652.4487   12.7378
    0.0000  -15.0000  -30.0000 2652.3928   12.6742
    7.5000  -15.0000  -30.0000 2636.2395   12.8019
   -7.5000   -7.5000  -30.0000 2634.8149   13.0239
    0.0000   -7.5000  -30.0000 2644.0613   12.9957
    7.5000   -7.5000  -30.0000 2623.6443   13.1090
   -7.5000    0.0000  -30.0000 2615.7798   13.4775
    0.0000    0.0000  -30.0000 2629.9707   13.4562
    7.5000    0.0000  -30.0000 2602.8545   13.5598
   -7.5000    7.5000  -30.0000 2582.6655   14.0642
    0.0000    7.5000  -30.0000 2597.2629   14.0641
    7.5000    7.5000  -30.0000 2572.6682   14.1538
   -7.5000   15.0000  -30.0000 2536.6255   14.8417
    0.0000   15.0000  -30.0000 2547.5090   14.8328
    7.5000   15.0000  -30.0000 2526.5315   14.9206
   -7.5000   22.5000  -30.0000 2481.1172   15.8593
    0.0000   22.5000  -30.0000 2487.6904   15.8425
    7.5000   22.5000  -30.0000 2466.7673   15.9206
   -7.5000   30.0000  -30.0000 2400.6025   17.1823
    0.0000   30.0000  -30.0000 2409.7917   17.1187
    7.5000   30.0000  -30.0000 2392.3547   17.2138
   -7.5000   37.5000  -30.0000 2307.8308   18.8445
    0.0000   37.5000  -30.0000 2318.8076   18.7719
    7.5000   37.5000  -30.0000 2303.7241   18.8835
   -7.5000   45.0000  -30.0000 2206.6636   20.8558
    0.0000   45.0000  -30.0000 2209.1689   20.7841
    7.5000   45.0000  -30.0000 2210.4724   20.9425
   -7.5000  -45.0000  -22.5000 2755.4949   11.9607
    0.0000  -45.0000  -22.5000 2768.9578   11.9778
    7.5000  -45.0000  -22.5000 2751.1492   12.0366
   -7.5000  -37.5000  -22.5000 2763.2957   11.8623
    0.0000  -37.5000  -22.5000 2772.0420   11.8607
    7.5000  -37.5000  -22.5000 2756.3135   11.9345
   -7.5000  -30.0000  -22.5000 2758.8323   11.9071
    0.0000  -30.0000  -22.5000 2762.9658   11.8820
    7.5000  -30.0000  -22.5000 2750.8665   11.9792
   -7.5000  -22.5000  -22.5000 2757.9385   11.9782
    0.0000  -22.5000  -22.5000 2766.3950   11.9635
    7.5000  -22.5000  -22.5000 2751.4924   12.0811
   -7.5000  -15.0000  -22.5000 2759.5015   12.1453
    0.0000  -15.0000  -22.5000 2765.2097   12.1072
    7.5000  -15.0000  -22.5000 2748.2009   12.2570
   -7.5000   -7.5000  -22.5000 2747.7227   12.4372
    0.0000   -7.5000  -22.5000 2760.2368   12.4061
    7.5000   -7.5000  -22.5000 2740.3645   12.5417
   -7.5000    0.0000  -22.5000 2729.3398   12.8822
    0.0000    0.0000  -22.5000 2742.1245   12.8422
    7.5000    0.0000  -22.5000 2718.4370   12.9738
   -7.5000    7.5000  -22.5000 2694.7170   13.4778
    0.0000    7.5000  -22.5000 2704.2410   13.4441
    7.5000    7.5000  -22.5000 2685.2949   13.5611
   -7.5000   15.0000  -22.5000 2640.3877   14.2395
    0.0000   15.0000  -22.5000 2649.3555   14.2050
    7.5000   15.0000  -22.5000 2631.1257   14.2920
   -7.5000   22.5000  -22.5000 2572.9849   15.2351
    0.0000   22.5000  -22.5000 2585.1506   15.2131
    7.5000   22.5000  -22.5000 2564.6794   15.2932
   -7.5000   30.0000  -22.5000 2484.8625   16.5259
    0.0000   30.0000  -22.5000 2499.8428   16.4966
    7.5000   30.0000  -22.5000 2479.4531   16.5737
   -7.5000   37.5000  -22.5000 2394.0813   18.1449
    0.0000   37.5000  -22.5000 2403.5901   18.0939
    7.5000   37.5000  -22.5000 2385.7058   18.1396
   -7.5000   45.0000  -22.5000 2291.9451   20.0421
    0.0000   45.0000  -22.5000 2294.3784   20.0330
    7.5000   45.0000  -22.5000 2289.9666   20.1159
   -7.5000  -45.0000  -15.0000 2808.6467   11.5025
    0.0000  -45.0000  -15.0000 2827.6775   11.4947
    7.5000  -45.0000  -15.0000 2812.1597   11.5971
   -7.5000  -37.5000  -15.0000 2821.6006   11.3815
    0.0000  -37.5000  -15.0000 2835.8057   11.3588
    7.5000  -37.5000  -15.0000 2821.4153   11.4422
   -7.5000  -30.0000  -15.0000 2830.2607   11.3648
    0.0000  -30.0000  -15.0000 2837.5854   11.3308
    7.5000  -30.0000  -15.0000 2823.0488   11.4450
   -7.5000  -22.5000  -15.0000 2837.4106   11.4615
    0.0000  -22.5000  -15.0000 2842.0396   11.4202
    7.5000  -22.5000  -15.0000 2834.2871   11.5721
   -7.5000  -15.0000  -15.0000 2836.4368   11.6183
    0.0000  -15.0000  -15.0000 2843.8015   11.6028
    7.5000  -15.0000  -15.0000 2834.0938   11.7562
   -7.5000   -7.5000  -15.0000 2828.3335   11.8977
    0.0000   -7.5000  -15.0000 2837.5771   11.8693
    7.5000   -7.5000  -15.0000 2826.6296   12.0217
   -7.5000    0.0000  -15.0000 2810.6357   12.3369
    0.0000    0.0000  -15.0000 2817.3604   12.2725
    7.5000    0.0000  -15.0000 2801.4719   12.4308
   -7.5000    7.5000  -15.0000 2769.7327   12.9520
    0.0000    7.5000  -15.0000 2774.1252   12.8760
    7.5000    7.5000  -15.0000 2761.9397   13.0184
   -7.5000   15.0000  -15.0000 2707.2520   13.7402
    0.0000   15.0000  -15.0000 2713.0781   13.6593
    7.5000   15.0000  -15.0000 2701.9192   13.7854
   -7.5000   22.5000  -15.0000 2634.4407   14.7623
    0.0000   22.5000  -15.0000 2644.3281   14.6776
    7.5000   22.5000  -15.0000 2629.3984   14.7963
   -7.5000   30.0000  -15.0000 2547.9302   16.0334
    0.0000   30.0000  -15.0000 2554.8279   15.9539
    7.5000   30.0000  -15.0000 2537.4690   16.0571
   -7.5000   37.5000  -15.0000 2448.3762   17.5452
    0.0000   37.5000  -15.0000 2454.5186   17.5157
    7.5000   37.5000  -15.0000 2435.5447   17.5818
   -7.5000   45.0000  -15.0000 2338.2244   19.3576
    0.0000   45.0000  -15.0000 2342.0215   19.3367
    7.5000   45.0000  -15.0000 2330.4001   19.4243
   -7.5000  -45.0000   -7.5000 2838.3418   11.1125
    0.0000  -45.0000   -7.5000 2853.7751   11.0794
    7.5000  -45.0000   -7.5000 2845.9360   11.2276
   -7.5000  -37.5000   -7.5000 2855.6648   10.9772
    0.0000  -37.5000   -7.5000 2871.7297   10.9577
    7.5000  -37.5000   -7.5000 2861.7095   11.0955
   -7.5000  -30.0000   -7.5000 2874.5571   10.9597
    0.0000  -30.0000   -7.5000 2888.4668   10.9056
    7.5000  -30.0000   -7.5000 2875.1309   11.0714
   -7.5000  -22.5000   -7.5000 2896.1355   11.0316
    0.0000  -22.5000   -7.5000 2909.0752   10.9869
    7.5000  -22.5000   -7.5000 2894.4634   11.1694
   -7.5000  -15.0000   -7.5000 2903.2632   11.1235
    0.0000  -15.0000   -7.5000 2917.0159   11.1564
    7.5000  -15.0000   -7.5000 2904.1426   11.3436
   -7.5000   -7.5000   -7.5000 2894.2083   11.4310
    0.0000   -7.5000   -7.5000 2903.9189   11.4006
    7.5000   -7.5000   -7.5000 2895.8401   11.5805
   -7.5000    0.0000   -7.5000 2870.7466   11.8813
    0.0000    0.0000   -7.5000 2875.3137   11.7948
    7.5000    0.0000   -7.5000 2867.6577   11.9790
   -7.5000    7.5000   -7.5000 2820.0002   12.5067
    0.0000    7.5000   -7.5000 2824.2490   12.4013
    7.5000    7.5000   -7.5000 2818.7078   12.6024
   -7.5000   15.0000   -7.5000 2751.9553   13.3196
    0.0000   15.0000   -7.5000 2756.0764   13.2183
    7.5000   15.0000   -7.5000 2745.7280   13.4000
   -7.5000   22.5000   -7.5000 2677.5261   14.3084
    0.0000   22.5000   -7.5000 2685.0693   14.2260
    7.5000   22.5000   -7.5000 2668.7815   14.3870
   -7.5000   30.0000   -7.5000 2587.5388   15.5469
    0.0000   30.0000   -7.5000 2594.5730   15.5013
    7.5000   30.0000   -7.5000 2577.1545   15.6217
   -7.5000   37.5000   -7.5000 2478.3523   17.0076
    0.0000   37.5000   -7.5000 2484.5706   16.9856
    7.5000   37.5000   -7.5000 2472.4319   17.0745
   -7.5000   45.0000   -7.5000 2355.6497   18.8099
    0.0000   45.0000   -7.5000 2362.3118   18.7719
    7.5000   45.0000   -7.5000 2353.0649   18.8764
   -7.5000  -45.0000    0.0000 2845.4600   10.9397
    0.0000  -45.0000    0.0000 2849.2219   10.8327
    7.5000  -45.0000    0.0000 2846.1973   11.0237
   -7.5000  -37.5000    0.0000 2867.4561   10.7775
    0.0000  -37.5000    0.0000 2879.0015   10.6931
    7.5000  -37.5000    0.0000 2876.8647   10.8885
   -7.5000  -30.0000    0.0000 2895.0115   10.7416
    0.0000  -30.0000    0.0000 2911.5349   10.6606
    7.5000  -30.0000    0.0000 2904.5076   10.8848
   -7.5000  -22.5000    0.0000 2921.8259   10.7056
    0.0000  -22.5000    0.0000 2951.3752   10.6857
    7.5000  -22.5000    0.0000 2932.9189   10.9185
   -7.5000  -15.0000    0.0000 2940.0679   10.8042
    0.0000  -15.0000    0.0000 2965.6357   10.7358
    7.5000  -15.0000    0.0000 2943.9226   11.0415
   -7.5000   -7.5000    0.0000 2942.5415   11.2113
    0.0000   -7.5000    0.0000 2952.6711   11.0866
    7.5000   -7.5000    0.0000 2938.5469   11.3504
   -7.5000    0.0000    0.0000 2908.0100   11.6767
    0.0000    0.0000    0.0000 2914.5193   11.5527
    7.5000    0.0000    0.0000 2906.8210   11.7841
   -7.5000    7.5000    0.0000 2848.0325   12.2666
    0.0000    7.5000    0.0000 2856.8674   12.1492
    7.5000    7.5000    0.0000 2850.6416   12.3782
   -7.5000   15.0000    0.0000 2773.6836   13.0580
    0.0000   15.0000    0.0000 2777.3066   12.9460
    7.5000   15.0000    0.0000 2769.0674   13.1563
   -7.5000   22.5000    0.0000 2694.2832   14.0278
    0.0000   22.5000    0.0000 2697.8428   13.9486
    7.5000   22.5000    0.0000 2688.9260   14.1446
   -7.5000   30.0000    0.0000 2601.3127   15.2083
    0.0000   30.0000    0.0000 2610.4358   15.1525
    7.5000   30.0000    0.0000 2596.8433   15.3426
   -7.5000   37.5000    0.0000 2487.9814   16.6418
    0.0000   37.5000    0.0000 2500.0618   16.6307
    7.5000   37.5000    0.0000 2484.9736   16.7865
   -7.5000   45.0000    0.0000 2359.9150   18.3789
    0.0000   45.0000    0.0000 2372.6909   18.3944
    7.5000   45.0000    0.0000 2355.2800   18.5395
   -7.5000  -45.0000    7.5000 2842.8425   10.9525
    0.0000  -45.0000    7.5000 2841.5737   10.8210
    7.5000  -45.0000    7.5000 2853.7222   11.0375
   -7.5000  -37.5000    7.5000 2873.5723   10.7969
    0.0000  -37.5000    7.5000 2878.2400   10.7086
    7.5000  -37.5000    7.5000 2886.5635   10.9069
   -7.5000  -30.0000    7.5000 2900.9197   10.7313
    0.0000  -30.0000    7.5000 2919.4465   10.7131
    7.5000  -30.0000    7.5000 2915.9761   10.8786
   -7.5000  -22.5000    7.5000 2927.8704   10.6242
    0.0000  -22.5000    7.5000 2965.7429   10.6231
    7.5000  -22.5000    7.5000 2936.4016   10.8254
   -7.5000  -15.0000    7.5000 2949.5049   10.6786
    0.0000  -15.0000    7.5000 2976.6982   10.6020
    7.5000  -15.0000    7.5000 2950.5413   10.9201
   -7.5000   -7.5000    7.5000 2950.1699   11.1287
    0.0000   -7.5000    7.5000 2971.0996   11.0433
    7.5000   -7.5000    7.5000 2949.3232   11.2614
   -7.5000    0.0000    7.5000 2918.5081   11.6375
    0.0000    0.0000    7.5000 2937.8442   11.5666
    7.5000    0.0000    7.5000 2917.1360   11.7208
   -7.5000    7.5000    7.5000 2862.0251   12.2378
    0.0000    7.5000    7.5000 2877.9885   12.1791
    7.5000    7.5000    7.5000 2859.8250   12.3218
   -7.5000   15.0000    7.5000 2786.7617   13.0326
    0.0000   15.0000    7.5000 2793.9819   12.9374
    7.5000   15.0000    7.5000 2783.8813   13.0682
   -7.5000   22.5000    7.5000 2708.8984   13.9743
    0.0000   22.5000    7.5000 2713.1096   13.8738
    7.5000   22.5000    7.5000 2703.2200   14.0238
   -7.5000   30.0000    7.5000 2611.5254   15.1262
    0.0000   30.0000    7.5000 2619.3594   15.0737
    7.5000   30.0000    7.5000 2607.0032   15.2291
   -7.5000   37.5000    7.5000 2490.8237   16.5410
    0.0000   37.5000    7.5000 2498.4038   16.5222
    7.5000   37.5000    7.5000 2490.2493   16.6916
   -7.5000   45.0000    7.5000 2362.2234   18.2774
    0.0000   45.0000    7.5000 2374.6658   18.2642
    7.5000   45.0000    7.5000 2360.6157   18.4375
   -7.5000  -45.0000   15.0000 2832.8557   11.1556
    0.0000  -45.0000   15.0000 2851.1152   11.0807
    7.5000  -45.0000   15.0000 2853.0579   11.2214
   -7.5000  -37.5000   15.0000 2864.8374   11.0071
    0.0000  -37.5000   15.0000 2888.3247   10.9916
    7.5000  -37.5000   15.0000 2882.5066   11.0921
   -7.5000  -30.0000   15.0000 2895.6101   10.9605
    0.0000  -30.0000   15.0000 2920.6792   10.9723
    7.5000  -30.0000   15.0000 2908.2373   11.0137
   -7.5000  -22.5000   15.0000 2932.3970   10.9506
    0.0000  -22.5000   15.0000 2961.4604   10.8805
    7.5000  -22.5000   15.0000 2927.7024   10.9579
   -7.5000  -15.0000   15.0000 2942.3840   10.9399
    0.0000  -15.0000   15.0000 2967.7415   10.8480
    7.5000  -15.0000   15.0000 2943.7781   11.0713
   -7.5000   -7.5000   15.0000 2931.8887   11.2043
    0.0000   -7.5000   15.0000 2952.4207   11.1139
    7.5000   -7.5000   15.0000 2934.1506   11.3377
   -7.5000    0.0000   15.0000 2901.5959   11.7166
    0.0000    0.0000   15.0000 2919.8767   11.6157
    7.5000    0.0000   15.0000 2906.3140   11.8039
   -7.5000    7.5000   15.0000 2848.8103   12.3663
    0.0000    7.5000   15.0000 2862.5286   12.2678
    7.5000    7.5000   15.0000 2853.2888   12.4467
   -7.5000   15.0000   15.0000 2782.8250   13.1371
    0.0000   15.0000   15.0000 2788.2009   13.0428
    7.5000   15.0000   15.0000 2782.5911   13.2099
   -7.5000   22.5000   15.0000 2705.3293   14.0500
    0.0000   22.5000   15.0000 2710.5139   13.9423
    7.5000   22.5000   15.0000 2699.5625   14.1172
   -7.5000   30.0000   15.0000 2606.4331   15.2002
    0.0000   30.0000   15.0000 2610.7866   15.1402
    7.5000   30.0000   15.0000 2597.2117   15.2513
   -7.5000   37.5000   15.0000 2486.4590   16.6079
    0.0000   37.5000   15.0000 2493.6062   16.5785
    7.5000   37.5000   15.0000 2480.6826   16.6705
   -7.5000   45.0000   15.0000 2358.7253   18.2800
    0.0000   45.0000   15.0000 2369.9866   18.2730
    7.5000   45.0000   15.0000 2356.4993   18.3867
   -7.5000  -45.0000   22.5000 2832.7175   11.6383
    0.0000  -45.0000   22.5000 2842.0083   11.4831
    7.5000  -45.0000   22.5000 2841.9963   11.6621
   -7.5000  -37.5000   22.5000 2863.3252   11.4755
    0.0000  -37.5000   22.5000 2870.6643   11.3629
    7.5000  -37.5000   22.5000 2873.4629   11.5072
   -7.5000  -30.0000   22.5000 2894.5603   11.4262
    0.0000  -30.0000   22.5000 2898.7004   11.2784
    7.5000  -30.0000   22.5000 2897.9534   11.4177
   -7.5000  -22.5000   22.5000 2923.8408   11.4233
    0.0000  -22.5000   22.5000 2928.7292   11.2281
    7.5000  -22.5000   22.5000 2914.8184   11.4067
   -7.5000  -15.0000   22.5000 2929.7393   11.5123
    0.0000  -15.0000   22.5000 2943.2329   11.3675
    7.5000  -15.0000   22.5000 2924.7134   11.5115
   -7.5000   -7.5000   22.5000 2910.4690   11.7138
    0.0000   -7.5000   22.5000 2923.6414   11.6167
    7.5000   -7.5000   22.5000 2903.7488   11.7510
   -7.5000    0.0000   22.5000 2871.2607   12.0716
    0.0000    0.0000   22.5000 2884.9556   11.9771
    7.5000    0.0000   22.5000 2869.9653   12.1174
   -7.5000    7.5000   22.5000 2824.4878   12.6128
    0.0000    7.5000   22.5000 2833.0859   12.5193
    7.5000    7.5000   22.5000 2827.9194   12.6793
   -7.5000   15.0000   22.5000 2759.7017   13.3575
    0.0000   15.0000   22.5000 2769.8738   13.2502
    7.5000   15.0000   22.5000 2763.3503   13.4111
   -7.5000   22.5000   22.5000 2686.4587   14.2269
    0.0000   22.5000   22.5000 2692.4807   14.1190
    7.5000   22.5000   22.5000 2686.7922   14.2723
   -7.5000   30.0000   22.5000 2583.7273   15.3260
    0.0000   30.0000   22.5000 2586.6885   15.2515
    7.5000   30.0000   22.5000 2581.7842   15.3836
   -7.5000   37.5000   22.5000 2471.6904   16.7426
    0.0000   37.5000   22.5000 2481.6877   16.6722
    7.5000   37.5000   22.5000 2467.1025   16.8056
   -7.5000   45.0000   22.5000 2354.4607   18.4514
    0.0000   45.0000   22.5000 2369.2866   18.4277
    7.5000   45.0000   22.5000 2353.5291   18.5183
   -7.5000  -45.0000   30.0000 2799.4849   12.1869
    0.0000  -45.0000   30.0000 2809.3982   11.9364
    7.5000  -45.0000   30.0000 2807.5173   12.1453
   -7.5000  -37.5000   30.0000 2830.2317   11.9762
    0.0000  -37.5000   30.0000 2840.3879   11.7700
    7.5000  -37.5000   30.0000 2841.6611   11.9544
   -7.5000  -30.0000   30.0000 2856.5264   11.8972
    0.0000  -30.0000   30.0000 2859.7808   11.6536
    7.5000  -30.0000   30.0000 2861.9812   11.8681
   -7.5000  -22.5000   30.0000 2877.2864   11.8872
    0.0000  -22.5000   30.0000 2880.4546   11.6230
    7.5000  -22.5000   30.0000 2876.3386   11.8730
   -7.5000  -15.0000   30.0000 2879.2576   12.0173
    0.0000  -15.0000   30.0000 2889.5583   11.8197
    7.5000  -15.0000   30.0000 2877.8416   12.0198
   -7.5000   -7.5000   30.0000 2863.4380   12.2937
    0.0000   -7.5000   30.0000 2880.1360   12.1587
    7.5000   -7.5000   30.0000 2864.0850   12.2992
   -7.5000    0.0000   30.0000 2825.1482   12.6840
    0.0000    0.0000   30.0000 2834.1045   12.5406
    7.5000    0.0000   30.0000 2823.8533   12.6817
   -7.5000    7.5000   30.0000 2778.5427   13.1503
    0.0000    7.5000   30.0000 2785.2908   13.0230
    7.5000    7.5000   30.0000 2777.9834   13.1775
   -7.5000   15.0000   30.0000 2717.6711   13.7803
    0.0000   15.0000   30.0000 2724.6499   13.6601
    7.5000   15.0000   30.0000 2718.1060   13.8045
   -7.5000   22.5000   30.0000 2644.4229   14.5799
    0.0000   22.5000   30.0000 2650.5178   14.4617
    7.5000   22.5000   30.0000 2644.6733   14.6030
   -7.5000   30.0000   30.0000 2543.5222   15.6447
    0.0000   30.0000   30.0000 2555.6699   15.5549
    7.5000   30.0000   30.0000 2549.7688   15.6724
   -7.5000   37.5000   30.0000 2443.0413   17.0303
    0.0000   37.5000   30.0000 2457.9990   16.9705
    7.5000   37.5000   30.0000 2447.5256   17.0692
   -7.5000   45.0000   30.0000 2339.1262   18.8085
    0.0000   45.0000   30.0000 2346.1736   18.7635
    7.5000   45.0000   30.0000 2334.8950   18.8539
   -7.5000  -45.0000   37.5000 2751.1470   12.8306
    0.0000  -45.0000   37.5000 2761.8435   12.5522
    7.5000  -45.0000   37.5000 2757.6143   12.7192
   -7.5000  -37.5000   37.5000 2781.9661   12.5672
    0.0000  -37.5000   37.5000 2795.2158   12.3089
    7.5000  -37.5000   37.5000 2792.9854   12.4981
   -7.5000  -30.0000   37.5000 2802.0593   12.4985
    0.0000  -30.0000   37.5000 2809.0769   12.1955
    7.5000  -30.0000   37.5000 2807.6055   12.4211
   -7.5000  -22.5000   37.5000 2814.3931   12.5011
    0.0000  -22.5000   37.5000 2816.2344   12.2403
    7.5000  -22.5000   37.5000 2813.7935   12.4658
   -7.5000  -15.0000   37.5000 2818.8467   12.6726
    0.0000  -15.0000   37.5000 2821.0034   12.4658
    7.5000  -15.0000   37.5000 2812.6760   12.6575
   -7.5000   -7.5000   37.5000 2805.7607   12.9937
    0.0000   -7.5000   37.5000 2817.0613   12.8496
    7.5000   -7.5000   37.5000 2804.4194   12.9747
   -7.5000    0.0000   37.5000 2770.6775   13.3905
    0.0000    0.0000   37.5000 2777.3044   13.2512
    7.5000    0.0000   37.5000 2769.2961   13.3719
   -7.5000    7.5000   37.5000 2723.3101   13.8488
    0.0000    7.5000   37.5000 2732.0205   13.7018
    7.5000    7.5000   37.5000 2720.0945   13.8487
   -7.5000   15.0000   37.5000 2662.3447   14.4363
    0.0000   15.0000   37.5000 2673.9292   14.3020
    7.5000   15.0000   37.5000 2660.9822   14.4362
   -7.5000   22.5000   37.5000 2590.4746   15.1793
    0.0000   22.5000   37.5000 2601.6836   15.0633
    7.5000   22.5000   37.5000 2591.7100   15.1637
   -7.5000   30.0000   37.5000 2500.7444   16.1807
    0.0000   30.0000   37.5000 2514.5652   16.0977
    7.5000   30.0000   37.5000 2501.7881   16.1917
   -7.5000   37.5000   37.5000 2407.3423   17.5841
    0.0000   37.5000   37.5000 2419.9280   17.5364
    7.5000   37.5000   37.5000 2406.4734   17.6122
   -7.5000   45.0000   37.5000 2308.5059   19.3689
    0.0000   45.0000   37.5000 2319.0706   19.3245
    7.5000   45.0000   37.5000 2312.3000   19.4223
   -7.5000  -45.0000   45.0000 2687.8936   13.5541
    0.0000  -45.0000   45.0000 2699.9856   13.2898
    7.5000  -45.0000   45.0000 2693.5222   13.4234
   -7.5000  -37.5000   45.0000 2714.8914   13.2773
    0.0000  -37.5000   45.0000 2724.1370   12.9915
    7.5000  -37.5000   45.0000 2719.1448   13.1620
   -7.5000  -30.0000   45.0000 2727.5049   13.1978
    0.0000  -30.0000   45.0000 2736.0571   12.9108
    7.5000  -30.0000   45.0000 2731.4194   13.1230
   -7.5000  -22.5000   45.0000 2737.5120   13.2388
    0.0000  -22.5000   45.0000 2742.6052   13.0324
    7.5000  -22.5000   45.0000 2737.2488   13.2103
   -7.5000  -15.0000   45.0000 2740.5781   13.4653
    0.0000  -15.0000   45.0000 2747.1069   13.2908
    7.5000  -15.0000   45.0000 2740.0662   13.4595
   -7.5000   -7.5000   45.0000 2726.5662   13.7977
    0.0000   -7.5000   45.0000 2739.8237   13.6619
    7.5000   -7.5000   45.0000 2734.4253   13.7875
   -7.5000    0.0000   45.0000 2700.4739   14.1978
    0.0000    0.0000   45.0000 2714.3354   14.0690
    7.5000    0.0000   45.0000 2702.0295   14.1876
   -7.5000    7.5000   45.0000 2659.5859   14.6466
    0.0000    7.5000   45.0000 2674.7395   14.5203
    7.5000    7.5000   45.0000 2663.3828   14.6421
   -7.5000   15.0000   45.0000 2598.9260   15.2130
    0.0000   15.0000   45.0000 2612.4121   15.1235
    7.5000   15.0000   45.0000 2603.2600   15.2422
   -7.5000   22.5000   45.0000 2527.9954   15.9675
    0.0000   22.5000   45.0000 2542.6785   15.9090
    7.5000   22.5000   45.0000 2531.0693   15.9906
   -7.5000   30.0000   45.0000 2445.7007   16.9694
    0.0000   30.0000   45.0000 2459.0020   16.8971
    7.5000   30.0000   45.0000 2447.5393   16.9683
   -7.5000   37.5000   45.0000 2360.1792   18.3582
    0.0000   37.5000   45.0000 2370.0488   18.3025
    7.5000   37.5000   45.0000 2360.7844   18.3674
   -7.5000   45.0000   45.0000 2265.6194   20.1680
    0.0000   45.0000   45.0000 2276.2996   20.1378
    7.5000   45.0000   45.0000 2267.1060   20.2033

---------------------------------------------------------------------
imgreg_4dfp /opt/freesurfer/average/711-2C_as_mni_average_305 /opt/freesurfer/average/711-2B_as_mni_average_305_mask talsrcimg_g11 none talsrcimg_to_711-2C_as_mni_average_305_t4 1283
---------------------------------------------------------------------

freesurfer imgreg_4dfp.c
/opt/freesurfer/average/711-2C_as_mni_average_305.4dfp.img
       256       256       256         1
  1.000000  1.000000  1.000000
orientation T byte_order littleendian
Reading image: /opt/freesurfer/average/711-2C_as_mni_average_305.4dfp.img
dimensions:      256       256       256
mmppix:       1.0000   -1.0000   -1.0000
center:     128.0000 -129.0000 -129.0000
/opt/freesurfer/average/711-2B_as_mni_average_305_mask.4dfp.img
       256       256       256         1
  1.000000  1.000000  1.000000
orientation T byte_order littleendian
Reading mask: /opt/freesurfer/average/711-2B_as_mni_average_305_mask.4dfp.img (2306576 pixels)
talsrcimg_g11.4dfp.img
       256       256       256         1
  1.000000  1.000000  1.000000
orientation T byte_order littleendian
Reading image: talsrcimg_g11.4dfp.img
dimensions:      256       256       256
mmppix:       1.0000   -1.0000   -1.0000
center:     128.0000 -129.0000 -129.0000
rotation matrix determinant  1.000000
fimgreg.f
image alignment mode   1283 decimal      503 hex
parameters
    0.0000  -15.0000    7.5000    0.0000    0.0000    0.0000
eta,q 0.93327 10.64752
niter,ni,del,rscale     5    3   12.0000    1.2000
parameter  4 -0.820606 -> -0.500000 qaram    1.1500
parameters
    0.4005  -12.5972    7.8850    3.4500   -2.8319    2.0875
eta,q 0.93611 10.70496
  0.0750  0.0713  0.0706  0.0720  0.0657  0.0689
  0.0712  0.0699  0.0698  0.0704  0.0648  0.0671
  0.0677  0.0681  0.0678  0.0680  0.0647  0.0658
  0.0671  0.0667  0.0661  0.0663  0.0654  0.0646
  0.0671  0.0664  0.0665  0.0656  0.0670  0.0639
  0.0688  0.0667  0.0682  0.0652  0.0694  0.0640
  0.0736  0.0676  0.0704  0.0653  0.0721  0.0657
niter,ni,del,rscale     5    3   12.0000    1.2000
parameters
    0.7933  -13.5254    8.5299    4.9139   -2.9148    1.4275
eta,q 0.93667 10.73137
  0.0722  0.0674  0.0665  0.0693  0.0666  0.0665
  0.0683  0.0653  0.0661  0.0664  0.0649  0.0650
  0.0655  0.0636  0.0650  0.0644  0.0640  0.0638
  0.0639  0.0638  0.0635  0.0632  0.0632  0.0632
  0.0646  0.0652  0.0633  0.0635  0.0636  0.0637
  0.0668  0.0671  0.0645  0.0643  0.0648  0.0660
  0.0705  0.0707  0.0663  0.0656  0.0671  0.0689
niter,ni,del,rscale     4    3   12.0000    1.2000
parameters
    1.0855  -14.0520    8.7657    5.0241   -3.1120    1.1733
eta,q 0.93655 10.72094
  0.0709  0.0671  0.0653  0.0677  0.0663  0.0669
  0.0671  0.0658  0.0653  0.0648  0.0647  0.0651
  0.0645  0.0641  0.0648  0.0634  0.0638  0.0640
  0.0633  0.0633  0.0634  0.0634  0.0634  0.0634
  0.0639  0.0639  0.0633  0.0641  0.0638  0.0635
  0.0658  0.0661  0.0644  0.0651  0.0649  0.0652
  0.0699  0.0697  0.0659  0.0668  0.0669  0.0681
niter,ni,del,rscale     3    3   12.0000    1.2000
parameters
    1.2505  -14.2419    8.8547    5.0173   -3.2091    1.1033
eta,q 0.93655 10.71635
  0.0699  0.0669  0.0653  0.0677  0.0664  0.0672
  0.0664  0.0662  0.0653  0.0647  0.0647  0.0652
  0.0643  0.0644  0.0648  0.0633  0.0639  0.0640
  0.0635  0.0634  0.0635  0.0634  0.0634  0.0634
  0.0637  0.0636  0.0635  0.0642  0.0639  0.0635
  0.0653  0.0653  0.0646  0.0653  0.0648  0.0650
  0.0697  0.0686  0.0661  0.0670  0.0666  0.0677
niter,ni,del,rscale     2    3   12.0000    1.2000
parameters
    1.3022  -14.2952    8.9297    5.0167   -3.2373    1.0762
eta,q 0.93656 10.71733
  0.0694  0.0668  0.0654  0.0678  0.0665  0.0672
  0.0660  0.0662  0.0653  0.0647  0.0647  0.0652
  0.0641  0.0646  0.0648  0.0633  0.0639  0.0640
  0.0635  0.0634  0.0635  0.0634  0.0634  0.0634
  0.0637  0.0634  0.0635  0.0643  0.0639  0.0635
  0.0652  0.0651  0.0647  0.0654  0.0647  0.0650
  0.0697  0.0682  0.0661  0.0670  0.0665  0.0676
niter,ni,del,rscale     1    3   12.0000    1.2000
parameters
    1.3292  -14.3091    8.9641    5.0171   -3.2470    1.0637
eta,q 0.93657 10.71818
  0.0692  0.0668  0.0654  0.0678  0.0665  0.0672
  0.0659  0.0663  0.0653  0.0647  0.0647  0.0652
  0.0641  0.0646  0.0648  0.0633  0.0639  0.0640
  0.0634  0.0634  0.0634  0.0634  0.0634  0.0634
  0.0637  0.0634  0.0636  0.0643  0.0638  0.0635
  0.0651  0.0650  0.0648  0.0654  0.0647  0.0649
  0.0697  0.0680  0.0662  0.0670  0.0665  0.0676
registration optimization eta report
parameter search radius
    6.0000    6.0000    6.0000    6.9000    6.0000    6.0000
100000*second partial in parameter space
       17.       11.        6.        9.        8.       11.
  0.0692  0.0668  0.0654  0.0678  0.0665  0.0672
  0.0659  0.0663  0.0653  0.0647  0.0647  0.0652
  0.0641  0.0646  0.0648  0.0633  0.0639  0.0640
  0.0634  0.0634  0.0634  0.0634  0.0634  0.0634
  0.0637  0.0634  0.0636  0.0643  0.0638  0.0635
  0.0651  0.0650  0.0648  0.0654  0.0647  0.0649
  0.0697  0.0680  0.0662  0.0670  0.0665  0.0676
    1.3292  -14.3091    8.9641    5.0171   -3.2470    1.0637
eta,q 0.93657 10.71818

---------------------------------------------------------------------
imgreg_4dfp /opt/freesurfer/average/711-2C_as_mni_average_305 /opt/freesurfer/average/711-2B_as_mni_average_305_mask talsrcimg_g11 none talsrcimg_to_711-2C_as_mni_average_305_t4 3335
---------------------------------------------------------------------

freesurfer imgreg_4dfp.c
/opt/freesurfer/average/711-2C_as_mni_average_305.4dfp.img
       256       256       256         1
  1.000000  1.000000  1.000000
orientation T byte_order littleendian
Reading image: /opt/freesurfer/average/711-2C_as_mni_average_305.4dfp.img
dimensions:      256       256       256
mmppix:       1.0000   -1.0000   -1.0000
center:     128.0000 -129.0000 -129.0000
/opt/freesurfer/average/711-2B_as_mni_average_305_mask.4dfp.img
       256       256       256         1
  1.000000  1.000000  1.000000
orientation T byte_order littleendian
Reading mask: /opt/freesurfer/average/711-2B_as_mni_average_305_mask.4dfp.img (2306576 pixels)
talsrcimg_g11.4dfp.img
       256       256       256         1
  1.000000  1.000000  1.000000
orientation T byte_order littleendian
Reading image: talsrcimg_g11.4dfp.img
dimensions:      256       256       256
mmppix:       1.0000   -1.0000   -1.0000
center:     128.0000 -129.0000 -129.0000
fimgreg.f
image alignment mode   3335 decimal      D07 hex
parameters
    1.3292  -14.3091    8.9641   -0.1777   -0.3911   -0.5431
   -1.3540    5.8037    1.8533   -8.6391   -5.6641    8.7313
eta,q 0.93955 10.76535
niter,ni,del,rscale     5    3    5.0000    1.2000
parameter  4  2.246248 ->  0.500000 qaram    1.1500
parameter  5 -7.509867 ->  0.500000 qaram    1.1500
parameter  6 12.001884 ->  0.500000 qaram    1.1500
parameter 10  8.485055 -> -0.500000 qaram    1.1500
parameter 12 -6.052437 -> -0.500000 qaram    1.1500
parameters
    0.6669  -13.9708    8.9871   -4.3177   -4.5311   -4.6831
   -1.5901    6.7821    1.1335   -4.4991   -3.1361   12.8713
eta,q 0.95758 10.75852
  0.0613  0.0614  0.0611  0.0532  0.0509  0.0436  0.0495  0.0523  0.0491  0.0529  0.0471  0.0492
  0.0606  0.0609  0.0608  0.0545  0.0527  0.0472  0.0488  0.0503  0.0486  0.0515  0.0462  0.0479
  0.0603  0.0605  0.0605  0.0569  0.0540  0.0508  0.0485  0.0490  0.0483  0.0500  0.0456  0.0464
  0.0605  0.0603  0.0603  0.0603  0.0550  0.0530  0.0484  0.0484  0.0483  0.0483  0.0451  0.0449
  0.0610  0.0603  0.0603  0.0641  0.0558  0.0560  0.0485  0.0484  0.0485  0.0464  0.0449  0.0434
  0.0620  0.0605  0.0606  0.0682  0.0570  0.0594  0.0490  0.0491  0.0489  0.0446  0.0450  0.0421
  0.0634  0.0609  0.0612  0.0716  0.0585  0.0637  0.0497  0.0507  0.0495  0.0430  0.0455  0.0412
niter,ni,del,rscale     7    3    5.0000    1.2000
parameter  2  1.894261 ->  0.500000 qaram    1.1500
parameter  4  0.581284 ->  0.500000 qaram    1.3225
parameter  5  1.806919 ->  0.500000 qaram    1.3225
parameter  6  0.753033 ->  0.500000 qaram    1.3225
parameter 12  0.855965 ->  0.500000 qaram    1.3225
parameters
    0.6275  -15.3508    9.6246   -9.0787   -9.2921   -9.4441
   -1.3886    6.6538    1.7151   -7.8591   -4.8145    8.1103
eta,q 0.96937 10.76206
  0.0458  0.0389  0.0422  0.0388  0.0332  0.0325  0.0344  0.0351  0.0341  0.0330  0.0321  0.0309
  0.0440  0.0396  0.0413  0.0381  0.0341  0.0322  0.0333  0.0335  0.0332  0.0315  0.0315  0.0306
  0.0428  0.0408  0.0405  0.0381  0.0358  0.0326  0.0325  0.0326  0.0325  0.0314  0.0313  0.0308
  0.0424  0.0424  0.0399  0.0397  0.0380  0.0345  0.0322  0.0322  0.0322  0.0322  0.0314  0.0313
  0.0428  0.0443  0.0397  0.0435  0.0407  0.0385  0.0324  0.0324  0.0323  0.0336  0.0317  0.0318
  0.0441  0.0464  0.0400  0.0490  0.0439  0.0423  0.0331  0.0335  0.0328  0.0353  0.0323  0.0323
  0.0460  0.0485  0.0408  0.0551  0.0467  0.0471  0.0342  0.0355  0.0336  0.0373  0.0333  0.0329
niter,ni,del,rscale     7    3    5.0000    1.2000
parameter  2  0.743882 ->  0.500000 qaram    1.3225
parameter  3  1.939375 ->  0.500000 qaram    1.1500
parameter  5  0.505065 ->  0.500000 qaram    1.5209
parameters
    0.6214  -16.9378    8.2446   -8.6915  -14.7673  -12.4424
   -1.8697    7.0899    2.1289  -10.5402   -5.3557   10.9019
eta,q 0.97678 10.75141
  0.0334  0.0291  0.0244  0.0312  0.0260  0.0277  0.0263  0.0277  0.0264  0.0259  0.0247  0.0278
  0.0319  0.0287  0.0254  0.0291  0.0246  0.0260  0.0252  0.0258  0.0253  0.0239  0.0239  0.0258
  0.0310  0.0292  0.0269  0.0273  0.0243  0.0244  0.0245  0.0247  0.0246  0.0235  0.0236  0.0244
  0.0306  0.0306  0.0288  0.0258  0.0256  0.0244  0.0243  0.0243  0.0243  0.0243  0.0235  0.0235
  0.0309  0.0329  0.0310  0.0250  0.0292  0.0273  0.0247  0.0245  0.0244  0.0258  0.0238  0.0232
  0.0319  0.0358  0.0335  0.0268  0.0343  0.0328  0.0256  0.0253  0.0250  0.0279  0.0243  0.0236
  0.0335  0.0391  0.0362  0.0320  0.0391  0.0378  0.0269  0.0270  0.0260  0.0304  0.0250  0.0247
niter,ni,del,rscale     7    3    5.0000    1.2000
parameter  3  0.659016 ->  0.500000 qaram    1.3225
parameters
    0.5883  -16.6394    6.6576   -6.4407  -14.9393  -13.9593
   -1.6615    7.1538    2.4010   -9.7588   -4.4720   12.0147
eta,q 0.97846 10.77650
  0.0258  0.0291  0.0224  0.0280  0.0285  0.0267  0.0246  0.0259  0.0242  0.0280  0.0233  0.0249
  0.0244  0.0262  0.0219  0.0258  0.0254  0.0248  0.0230  0.0235  0.0228  0.0241  0.0224  0.0233
  0.0235  0.0241  0.0222  0.0238  0.0225  0.0228  0.0219  0.0220  0.0219  0.0220  0.0218  0.0222
  0.0232  0.0232  0.0232  0.0219  0.0207  0.0208  0.0216  0.0216  0.0216  0.0216  0.0216  0.0216
  0.0236  0.0235  0.0249  0.0204  0.0211  0.0222  0.0219  0.0219  0.0218  0.0222  0.0217  0.0216
  0.0245  0.0249  0.0271  0.0211  0.0246  0.0281  0.0228  0.0233  0.0225  0.0235  0.0220  0.0223
  0.0260  0.0273  0.0296  0.0251  0.0303  0.0333  0.0243  0.0258  0.0239  0.0253  0.0226  0.0237
niter,ni,del,rscale     7    3    5.0000    1.2000
parameters
    0.4251  -16.3959    6.0224   -6.4181  -14.3543  -14.5959
   -1.4579    6.9539    2.2828   -9.3105   -4.0612   11.9380
eta,q 0.97837 10.76596
  0.0242  0.0271  0.0236  0.0268  0.0292  0.0272  0.0246  0.0254  0.0238  0.0271  0.0230  0.0242
  0.0226  0.0243  0.0220  0.0248  0.0261  0.0252  0.0230  0.0232  0.0226  0.0235  0.0222  0.0228
  0.0217  0.0224  0.0213  0.0230  0.0232  0.0233  0.0219  0.0220  0.0218  0.0218  0.0218  0.0220
  0.0215  0.0215  0.0215  0.0213  0.0213  0.0211  0.0216  0.0216  0.0216  0.0216  0.0216  0.0216
  0.0220  0.0218  0.0224  0.0207  0.0212  0.0210  0.0219  0.0219  0.0219  0.0222  0.0217  0.0219
  0.0232  0.0233  0.0239  0.0232  0.0239  0.0255  0.0228  0.0234  0.0227  0.0235  0.0220  0.0228
  0.0250  0.0257  0.0261  0.0285  0.0288  0.0310  0.0243  0.0261  0.0240  0.0253  0.0227  0.0244
niter,ni,del,rscale     6    3    5.0000    1.2000
parameters
    0.3527  -16.2888    5.7457   -6.4043  -14.1047  -14.8081
   -1.3943    6.8225    2.1682   -8.9992   -3.9060   11.8318
eta,q 0.97829 10.76179
  0.0245  0.0267  0.0242  0.0269  0.0291  0.0275  0.0246  0.0256  0.0238  0.0269  0.0229  0.0242
  0.0229  0.0241  0.0225  0.0250  0.0261  0.0254  0.0230  0.0234  0.0227  0.0234  0.0222  0.0229
  0.0219  0.0223  0.0217  0.0233  0.0233  0.0236  0.0220  0.0221  0.0219  0.0218  0.0218  0.0220
  0.0216  0.0216  0.0216  0.0216  0.0216  0.0215  0.0217  0.0217  0.0217  0.0217  0.0217  0.0217
  0.0220  0.0221  0.0222  0.0210  0.0218  0.0208  0.0220  0.0220  0.0219  0.0224  0.0218  0.0219
  0.0231  0.0236  0.0234  0.0234  0.0247  0.0245  0.0229  0.0234  0.0227  0.0237  0.0221  0.0229
  0.0248  0.0261  0.0251  0.0286  0.0295  0.0301  0.0245  0.0261  0.0240  0.0254  0.0228  0.0244
niter,ni,del,rscale     5    3    5.0000    1.2000
parameters
    0.3180  -16.2325    5.6196   -6.3971  -13.9987  -14.8713
   -1.3584    6.7571    2.1097   -8.8218   -3.8445   11.7682
eta,q 0.97826 10.76055
  0.0247  0.0266  0.0245  0.0270  0.0290  0.0276  0.0246  0.0257  0.0239  0.0267  0.0229  0.0243
  0.0230  0.0240  0.0227  0.0251  0.0260  0.0256  0.0230  0.0235  0.0227  0.0233  0.0222  0.0229
  0.0220  0.0223  0.0218  0.0233  0.0234  0.0237  0.0220  0.0222  0.0220  0.0218  0.0218  0.0221
  0.0217  0.0217  0.0217  0.0217  0.0217  0.0217  0.0217  0.0217  0.0217  0.0217  0.0217  0.0217
  0.0221  0.0222  0.0222  0.0211  0.0220  0.0209  0.0220  0.0220  0.0220  0.0225  0.0219  0.0220
  0.0231  0.0238  0.0232  0.0235  0.0250  0.0242  0.0230  0.0234  0.0227  0.0238  0.0222  0.0229
  0.0248  0.0263  0.0248  0.0287  0.0297  0.0298  0.0246  0.0261  0.0240  0.0255  0.0228  0.0244
niter,ni,del,rscale     4    3    5.0000    1.2000
parameters
    0.2998  -16.2031    5.5662   -6.3951  -13.9544  -14.8909
   -1.3408    6.7237    2.0739   -8.7393   -3.8173   11.7292
eta,q 0.97825 10.75998
  0.0247  0.0265  0.0247  0.0270  0.0290  0.0277  0.0246  0.0257  0.0239  0.0265  0.0229  0.0243
  0.0231  0.0240  0.0228  0.0251  0.0260  0.0256  0.0231  0.0235  0.0227  0.0232  0.0222  0.0229
  0.0221  0.0223  0.0219  0.0234  0.0234  0.0238  0.0221  0.0222  0.0220  0.0218  0.0218  0.0221
  0.0217  0.0217  0.0217  0.0217  0.0217  0.0217  0.0217  0.0217  0.0217  0.0217  0.0218  0.0218
  0.0221  0.0223  0.0222  0.0212  0.0221  0.0209  0.0221  0.0220  0.0220  0.0225  0.0219  0.0220
  0.0231  0.0239  0.0231  0.0236  0.0251  0.0242  0.0231  0.0234  0.0227  0.0238  0.0222  0.0229
  0.0248  0.0264  0.0247  0.0287  0.0299  0.0297  0.0246  0.0260  0.0240  0.0256  0.0229  0.0245
niter,ni,del,rscale     3    3    5.0000    1.2000
parameters
    0.2923  -16.1889    5.5427   -6.3909  -13.9378  -14.8981
   -1.3354    6.7071    2.0617   -8.6995   -3.7973   11.7101
eta,q 0.97824 10.75985
  0.0248  0.0265  0.0247  0.0270  0.0290  0.0277  0.0246  0.0258  0.0239  0.0265  0.0229  0.0244
  0.0231  0.0240  0.0229  0.0251  0.0260  0.0256  0.0231  0.0235  0.0228  0.0232  0.0222  0.0229
  0.0221  0.0223  0.0219  0.0234  0.0234  0.0238  0.0221  0.0223  0.0220  0.0218  0.0218  0.0221
  0.0218  0.0218  0.0218  0.0218  0.0217  0.0217  0.0218  0.0217  0.0218  0.0218  0.0218  0.0218
  0.0221  0.0223  0.0222  0.0212  0.0221  0.0209  0.0221  0.0220  0.0220  0.0225  0.0219  0.0220
  0.0231  0.0239  0.0231  0.0236  0.0252  0.0241  0.0231  0.0234  0.0227  0.0239  0.0222  0.0229
  0.0248  0.0264  0.0246  0.0287  0.0299  0.0297  0.0246  0.0260  0.0240  0.0256  0.0229  0.0244
registration optimization eta report
parameter search radius
    2.4000    3.1740    3.1740    9.5220   10.9503    9.5220
    7.2000    7.2000    7.2000    8.2800    7.2000    9.5220
100000*second partial in parameter space
       53.       46.       29.        7.        6.        8.
        6.        8.        4.        6.        2.        3.
  0.0248  0.0265  0.0247  0.0270  0.0290  0.0277  0.0246  0.0258  0.0239  0.0265  0.0229  0.0244
  0.0231  0.0240  0.0229  0.0251  0.0260  0.0256  0.0231  0.0235  0.0228  0.0232  0.0222  0.0229
  0.0221  0.0223  0.0219  0.0234  0.0234  0.0238  0.0221  0.0223  0.0220  0.0218  0.0218  0.0221
  0.0218  0.0218  0.0218  0.0218  0.0217  0.0217  0.0218  0.0217  0.0218  0.0218  0.0218  0.0218
  0.0221  0.0223  0.0222  0.0212  0.0221  0.0209  0.0221  0.0220  0.0220  0.0225  0.0219  0.0220
  0.0231  0.0239  0.0231  0.0236  0.0252  0.0241  0.0231  0.0234  0.0227  0.0239  0.0222  0.0229
  0.0248  0.0264  0.0246  0.0287  0.0299  0.0297  0.0246  0.0260  0.0240  0.0256  0.0229  0.0244
    0.2923  -16.1889    5.5427   -6.3909  -13.9378  -14.8981
   -1.3354    6.7071    2.0617   -8.6995   -3.7973   11.7101
eta,q 0.97824 10.75985

---------------------------------------------------------------------
imgreg_4dfp /opt/freesurfer/average/711-2C_as_mni_average_305 /opt/freesurfer/average/711-2B_as_mni_average_305_mask talsrcimg_g11 none talsrcimg_to_711-2C_as_mni_average_305_t4 2311
---------------------------------------------------------------------

freesurfer imgreg_4dfp.c
/opt/freesurfer/average/711-2C_as_mni_average_305.4dfp.img
       256       256       256         1
  1.000000  1.000000  1.000000
orientation T byte_order littleendian
Reading image: /opt/freesurfer/average/711-2C_as_mni_average_305.4dfp.img
dimensions:      256       256       256
mmppix:       1.0000   -1.0000   -1.0000
center:     128.0000 -129.0000 -129.0000
/opt/freesurfer/average/711-2B_as_mni_average_305_mask.4dfp.img
       256       256       256         1
  1.000000  1.000000  1.000000
orientation T byte_order littleendian
Reading mask: /opt/freesurfer/average/711-2B_as_mni_average_305_mask.4dfp.img (2306576 pixels)
talsrcimg_g11.4dfp.img
       256       256       256         1
  1.000000  1.000000  1.000000
orientation T byte_order littleendian
Reading image: talsrcimg_g11.4dfp.img
dimensions:      256       256       256
mmppix:       1.0000   -1.0000   -1.0000
center:     128.0000 -129.0000 -129.0000
fimgreg.f
image alignment mode   2311 decimal      907 hex
parameters
    0.2923  -16.1889    5.5427   -6.3909  -13.9378  -14.8981
   -1.3354    6.7071    2.0617   -8.6995   -3.7973   11.7101
eta,q 0.97824 10.75985
niter,ni,del,rscale     5    3    5.0000    0.8000
parameters
    0.2871  -16.1874    5.3581   -4.0981  -13.5386  -13.3129
   -1.2993    6.6717    2.0647   -7.8728   -3.3903   11.6040
eta,q 0.97960 10.82906
  0.0231  0.0230  0.0223  0.0243  0.0232  0.0243  0.0221  0.0236  0.0218  0.0233  0.0217  0.0213
  0.0224  0.0223  0.0219  0.0234  0.0222  0.0233  0.0212  0.0219  0.0210  0.0217  0.0210  0.0208
  0.0219  0.0219  0.0218  0.0226  0.0215  0.0222  0.0206  0.0208  0.0206  0.0208  0.0206  0.0205
  0.0218  0.0218  0.0218  0.0217  0.0211  0.0211  0.0204  0.0204  0.0204  0.0204  0.0204  0.0204
  0.0219  0.0219  0.0219  0.0212  0.0212  0.0204  0.0206  0.0208  0.0206  0.0205  0.0205  0.0205
  0.0224  0.0223  0.0222  0.0212  0.0217  0.0208  0.0212  0.0219  0.0210  0.0209  0.0208  0.0208
  0.0231  0.0230  0.0226  0.0220  0.0227  0.0222  0.0221  0.0238  0.0218  0.0217  0.0213  0.0214
niter,ni,del,rscale     4    3    5.0000    0.7000
parameters
    0.2828  -16.4556    5.7490   -4.5849  -13.1948  -12.7439
   -1.2938    6.5876    2.0928   -8.3402   -3.5452   11.5413
eta,q 0.97988 10.84467
  0.0219  0.0211  0.0218  0.0219  0.0220  0.0232  0.0215  0.0225  0.0212  0.0214  0.0209  0.0209
  0.0211  0.0206  0.0211  0.0212  0.0212  0.0222  0.0207  0.0212  0.0206  0.0205  0.0204  0.0204
  0.0206  0.0204  0.0206  0.0205  0.0206  0.0212  0.0203  0.0204  0.0203  0.0202  0.0202  0.0202
  0.0204  0.0204  0.0204  0.0203  0.0203  0.0203  0.0202  0.0202  0.0202  0.0202  0.0201  0.0201
  0.0206  0.0207  0.0203  0.0206  0.0204  0.0202  0.0203  0.0204  0.0203  0.0205  0.0202  0.0202
  0.0211  0.0212  0.0204  0.0216  0.0208  0.0208  0.0207  0.0213  0.0206  0.0211  0.0205  0.0205
  0.0219  0.0219  0.0208  0.0233  0.0216  0.0224  0.0214  0.0227  0.0211  0.0219  0.0210  0.0209
niter,ni,del,rscale     3    3    5.0000    0.6000
parameters
    0.2959  -16.6140    5.9880   -4.6867  -13.2415  -12.4246
   -1.3680    6.6539    2.1952   -8.6366   -3.7170   11.5762
eta,q 0.97997 10.85034
  0.0212  0.0207  0.0211  0.0215  0.0212  0.0225  0.0210  0.0219  0.0208  0.0210  0.0206  0.0206
  0.0206  0.0204  0.0206  0.0209  0.0206  0.0216  0.0205  0.0209  0.0204  0.0204  0.0203  0.0203
  0.0202  0.0202  0.0203  0.0204  0.0202  0.0206  0.0201  0.0203  0.0202  0.0201  0.0201  0.0201
  0.0201  0.0201  0.0201  0.0201  0.0201  0.0201  0.0201  0.0201  0.0201  0.0201  0.0200  0.0200
  0.0202  0.0203  0.0201  0.0202  0.0202  0.0202  0.0202  0.0202  0.0201  0.0203  0.0201  0.0201
  0.0206  0.0206  0.0202  0.0208  0.0206  0.0207  0.0205  0.0208  0.0204  0.0207  0.0204  0.0203
  0.0212  0.0212  0.0205  0.0219  0.0213  0.0220  0.0210  0.0218  0.0208  0.0213  0.0207  0.0206
niter,ni,del,rscale     2    3    5.0000    0.5000
parameters
    0.3205  -16.6901    6.1454   -4.6584  -13.3344  -12.2279
   -1.4345    6.7386    2.2683   -8.8349   -3.8283   11.5956
eta,q 0.98000 10.85268
  0.0208  0.0205  0.0207  0.0211  0.0208  0.0218  0.0206  0.0213  0.0206  0.0207  0.0204  0.0204
  0.0204  0.0202  0.0204  0.0206  0.0204  0.0210  0.0203  0.0206  0.0203  0.0203  0.0202  0.0202
  0.0201  0.0201  0.0201  0.0202  0.0201  0.0203  0.0201  0.0202  0.0201  0.0200  0.0200  0.0200
  0.0200  0.0200  0.0200  0.0200  0.0200  0.0200  0.0200  0.0200  0.0200  0.0200  0.0200  0.0200
  0.0201  0.0201  0.0200  0.0201  0.0201  0.0201  0.0201  0.0201  0.0201  0.0202  0.0201  0.0200
  0.0203  0.0204  0.0201  0.0205  0.0204  0.0206  0.0203  0.0205  0.0202  0.0205  0.0202  0.0202
  0.0208  0.0207  0.0204  0.0212  0.0209  0.0215  0.0207  0.0212  0.0205  0.0209  0.0205  0.0204
niter,ni,del,rscale     1    3    5.0000    0.4000
parameters
    0.3396  -16.7328    6.2563   -4.6114  -13.4171  -12.1182
   -1.4640    6.8090    2.2917   -8.9946   -3.9117   11.6188
eta,q 0.98002 10.85346
  0.0205  0.0203  0.0204  0.0208  0.0205  0.0212  0.0204  0.0209  0.0203  0.0205  0.0203  0.0202
  0.0202  0.0201  0.0202  0.0204  0.0202  0.0206  0.0202  0.0204  0.0201  0.0202  0.0201  0.0201
  0.0201  0.0200  0.0201  0.0201  0.0200  0.0201  0.0200  0.0201  0.0200  0.0200  0.0200  0.0200
  0.0200  0.0200  0.0200  0.0200  0.0200  0.0200  0.0200  0.0200  0.0200  0.0200  0.0200  0.0200
  0.0200  0.0201  0.0200  0.0200  0.0200  0.0201  0.0200  0.0201  0.0200  0.0201  0.0200  0.0200
  0.0202  0.0202  0.0201  0.0203  0.0202  0.0204  0.0202  0.0203  0.0201  0.0203  0.0201  0.0201
  0.0205  0.0204  0.0202  0.0208  0.0206  0.0210  0.0204  0.0208  0.0203  0.0206  0.0203  0.0202
registration optimization eta report
parameter search radius
    0.8000    0.8000    0.8000    2.4000    2.4000    2.4000
    2.4000    2.4000    2.4000    2.4000    2.4000    2.4000
100000*second partial in parameter space
       77.       61.       51.       14.        9.       19.
        7.       15.        6.        9.        5.        5.
  0.0205  0.0203  0.0204  0.0208  0.0205  0.0212  0.0204  0.0209  0.0203  0.0205  0.0203  0.0202
  0.0202  0.0201  0.0202  0.0204  0.0202  0.0206  0.0202  0.0204  0.0201  0.0202  0.0201  0.0201
  0.0201  0.0200  0.0201  0.0201  0.0200  0.0201  0.0200  0.0201  0.0200  0.0200  0.0200  0.0200
  0.0200  0.0200  0.0200  0.0200  0.0200  0.0200  0.0200  0.0200  0.0200  0.0200  0.0200  0.0200
  0.0200  0.0201  0.0200  0.0200  0.0200  0.0201  0.0200  0.0201  0.0200  0.0201  0.0200  0.0200
  0.0202  0.0202  0.0201  0.0203  0.0202  0.0204  0.0202  0.0203  0.0201  0.0203  0.0201  0.0201
  0.0205  0.0204  0.0202  0.0208  0.0206  0.0210  0.0204  0.0208  0.0203  0.0206  0.0203  0.0202
    0.3396  -16.7328    6.2563   -4.6114  -13.4171  -12.1182
   -1.4640    6.8090    2.2917   -8.9946   -3.9117   11.6188
eta,q 0.98002 10.85346

---------------------------------------------------------------------
imgreg_4dfp /opt/freesurfer/average/711-2C_as_mni_average_305 /opt/freesurfer/average/711-2B_as_mni_average_305_mask talsrcimg_g11 none talsrcimg_to_711-2C_as_mni_average_305_t4 2311
---------------------------------------------------------------------

freesurfer imgreg_4dfp.c
/opt/freesurfer/average/711-2C_as_mni_average_305.4dfp.img
       256       256       256         1
  1.000000  1.000000  1.000000
orientation T byte_order littleendian
Reading image: /opt/freesurfer/average/711-2C_as_mni_average_305.4dfp.img
dimensions:      256       256       256
mmppix:       1.0000   -1.0000   -1.0000
center:     128.0000 -129.0000 -129.0000
/opt/freesurfer/average/711-2B_as_mni_average_305_mask.4dfp.img
       256       256       256         1
  1.000000  1.000000  1.000000
orientation T byte_order littleendian
Reading mask: /opt/freesurfer/average/711-2B_as_mni_average_305_mask.4dfp.img (2306576 pixels)
talsrcimg_g11.4dfp.img
       256       256       256         1
  1.000000  1.000000  1.000000
orientation T byte_order littleendian
Reading image: talsrcimg_g11.4dfp.img
dimensions:      256       256       256
mmppix:       1.0000   -1.0000   -1.0000
center:     128.0000 -129.0000 -129.0000
fimgreg.f
image alignment mode   2311 decimal      907 hex
parameters
    0.3396  -16.7328    6.2563   -4.6114  -13.4171  -12.1182
   -1.4640    6.8090    2.2917   -8.9946   -3.9117   11.6188
eta,q 0.98002 10.85346
niter,ni,del,rscale     5    3    5.0000    0.8000
parameters
    0.3638  -16.7775    6.2758   -5.1341  -13.4980  -12.5771
   -1.4626    6.8269    2.3211   -9.1195   -3.9322   11.6693
eta,q 0.97993 10.84622
  0.0220  0.0214  0.0213  0.0221  0.0219  0.0230  0.0217  0.0229  0.0214  0.0220  0.0211  0.0210
  0.0209  0.0206  0.0206  0.0212  0.0210  0.0219  0.0208  0.0214  0.0207  0.0208  0.0205  0.0205
  0.0202  0.0201  0.0202  0.0204  0.0203  0.0206  0.0203  0.0204  0.0202  0.0202  0.0202  0.0202
  0.0200  0.0200  0.0200  0.0200  0.0200  0.0200  0.0201  0.0201  0.0201  0.0201  0.0201  0.0201
  0.0202  0.0202  0.0201  0.0203  0.0202  0.0205  0.0203  0.0204  0.0202  0.0204  0.0202  0.0202
  0.0208  0.0207  0.0205  0.0216  0.0209  0.0221  0.0208  0.0213  0.0206  0.0211  0.0205  0.0205
  0.0219  0.0216  0.0213  0.0238  0.0222  0.0253  0.0217  0.0229  0.0213  0.0221  0.0211  0.0210
niter,ni,del,rscale     4    3    5.0000    0.7000
parameters
    0.3664  -16.6681    6.1795   -4.9424  -13.4768  -12.5838
   -1.4630    6.8525    2.3163   -9.0057   -3.9080   11.6247
eta,q 0.97997 10.84567
  0.0215  0.0214  0.0209  0.0221  0.0216  0.0228  0.0213  0.0223  0.0210  0.0217  0.0209  0.0208
  0.0207  0.0207  0.0204  0.0213  0.0208  0.0218  0.0206  0.0211  0.0205  0.0207  0.0204  0.0204
  0.0202  0.0203  0.0201  0.0205  0.0202  0.0207  0.0202  0.0203  0.0201  0.0202  0.0201  0.0201
  0.0201  0.0201  0.0201  0.0201  0.0200  0.0200  0.0200  0.0200  0.0200  0.0200  0.0200  0.0200
  0.0202  0.0201  0.0202  0.0200  0.0201  0.0202  0.0202  0.0203  0.0201  0.0202  0.0201  0.0201
  0.0207  0.0205  0.0206  0.0207  0.0207  0.0211  0.0206  0.0210  0.0205  0.0207  0.0204  0.0204
  0.0214  0.0210  0.0212  0.0221  0.0216  0.0234  0.0213  0.0223  0.0210  0.0214  0.0208  0.0208
niter,ni,del,rscale     3    3    5.0000    0.6000
parameters
    0.3586  -16.6619    6.1715   -4.7847  -13.4373  -12.4086
   -1.4565    6.8472    2.3104   -8.9258   -3.9108   11.6049
eta,q 0.98000 10.84881
  0.0211  0.0209  0.0207  0.0216  0.0212  0.0224  0.0210  0.0218  0.0208  0.0213  0.0206  0.0206
  0.0205  0.0204  0.0204  0.0209  0.0206  0.0214  0.0204  0.0208  0.0203  0.0205  0.0203  0.0202
  0.0201  0.0201  0.0201  0.0204  0.0202  0.0205  0.0201  0.0202  0.0201  0.0201  0.0201  0.0201
  0.0200  0.0200  0.0200  0.0200  0.0200  0.0200  0.0200  0.0200  0.0200  0.0200  0.0200  0.0200
  0.0202  0.0201  0.0201  0.0200  0.0201  0.0202  0.0201  0.0202  0.0201  0.0202  0.0201  0.0201
  0.0205  0.0204  0.0204  0.0205  0.0205  0.0208  0.0204  0.0208  0.0203  0.0205  0.0203  0.0203
  0.0211  0.0209  0.0208  0.0216  0.0212  0.0222  0.0209  0.0218  0.0208  0.0211  0.0206  0.0206
niter,ni,del,rscale     2    3    5.0000    0.5000
parameters
    0.3545  -16.6946    6.2209   -4.6813  -13.4359  -12.2336
   -1.4593    6.8443    2.3050   -8.9472   -3.9158   11.5956
eta,q 0.98002 10.85147
  0.0207  0.0206  0.0206  0.0212  0.0208  0.0218  0.0207  0.0213  0.0205  0.0208  0.0205  0.0204
  0.0203  0.0202  0.0203  0.0206  0.0204  0.0210  0.0203  0.0206  0.0202  0.0203  0.0202  0.0202
  0.0201  0.0201  0.0201  0.0202  0.0201  0.0203  0.0201  0.0201  0.0200  0.0200  0.0200  0.0200
  0.0200  0.0200  0.0200  0.0200  0.0200  0.0200  0.0200  0.0200  0.0200  0.0200  0.0200  0.0200
  0.0201  0.0201  0.0200  0.0200  0.0201  0.0201  0.0201  0.0201  0.0200  0.0201  0.0200  0.0200
  0.0203  0.0203  0.0202  0.0204  0.0203  0.0206  0.0203  0.0206  0.0202  0.0204  0.0202  0.0202
  0.0208  0.0206  0.0205  0.0211  0.0208  0.0215  0.0207  0.0213  0.0205  0.0208  0.0204  0.0204
niter,ni,del,rscale     1    3    5.0000    0.4000
parameters
    0.3568  -16.7292    6.2863   -4.6087  -13.4649  -12.1273
   -1.4712    6.8538    2.3012   -9.0271   -3.9463   11.6136
eta,q 0.98002 10.85294
  0.0205  0.0203  0.0204  0.0208  0.0205  0.0212  0.0204  0.0208  0.0203  0.0205  0.0203  0.0202
  0.0202  0.0201  0.0202  0.0204  0.0202  0.0206  0.0202  0.0204  0.0201  0.0202  0.0201  0.0201
  0.0200  0.0200  0.0200  0.0201  0.0200  0.0201  0.0200  0.0201  0.0200  0.0200  0.0200  0.0200
  0.0200  0.0200  0.0200  0.0200  0.0200  0.0200  0.0200  0.0200  0.0200  0.0200  0.0200  0.0200
  0.0200  0.0200  0.0200  0.0200  0.0200  0.0201  0.0200  0.0201  0.0200  0.0201  0.0200  0.0200
  0.0202  0.0202  0.0201  0.0203  0.0202  0.0204  0.0202  0.0203  0.0201  0.0202  0.0201  0.0201
  0.0205  0.0204  0.0203  0.0207  0.0205  0.0210  0.0204  0.0208  0.0203  0.0205  0.0203  0.0202
registration optimization eta report
parameter search radius
    0.8000    0.8000    0.8000    2.4000    2.4000    2.4000
    2.4000    2.4000    2.4000    2.4000    2.4000    2.4000
100000*second partial in parameter space
       76.       61.       51.       13.        9.       19.
        8.       15.        6.        9.        5.        5.
  0.0205  0.0203  0.0204  0.0208  0.0205  0.0212  0.0204  0.0208  0.0203  0.0205  0.0203  0.0202
  0.0202  0.0201  0.0202  0.0204  0.0202  0.0206  0.0202  0.0204  0.0201  0.0202  0.0201  0.0201
  0.0200  0.0200  0.0200  0.0201  0.0200  0.0201  0.0200  0.0201  0.0200  0.0200  0.0200  0.0200
  0.0200  0.0200  0.0200  0.0200  0.0200  0.0200  0.0200  0.0200  0.0200  0.0200  0.0200  0.0200
  0.0200  0.0200  0.0200  0.0200  0.0200  0.0201  0.0200  0.0201  0.0200  0.0201  0.0200  0.0200
  0.0202  0.0202  0.0201  0.0203  0.0202  0.0204  0.0202  0.0203  0.0201  0.0202  0.0201  0.0201
  0.0205  0.0204  0.0203  0.0207  0.0205  0.0210  0.0204  0.0208  0.0203  0.0205  0.0203  0.0202
    0.3568  -16.7292    6.2863   -4.6087  -13.4649  -12.1273
   -1.4712    6.8538    2.3012   -9.0271   -3.9463   11.6136
eta,q 0.98002 10.85294

---------------------------------------------------------------------
compute_vox2vox talsrcimg talsrcimg_to_711-2C_as_mni_average_305_t4 /opt/freesurfer/average/711-2C_as_mni_average_305
---------------------------------------------------------------------

freesurfer compute_vox2vox.c
Reading: talsrcimg.4dfp.ifh
Reading: talsrcimg_to_711-2C_as_mni_average_305_t4
Reading: /opt/freesurfer/average/711-2C_as_mni_average_305.4dfp.ifh
Writing: talsrcimg_to_711-2C_as_mni_average_305_t4_vox2vox.txt

start time Wed Mar 11 07:28:23 CET 2026
end		time Wed Mar 11 07:29:48 CET 2026

mpr2mni305 success

avi2talxfm orig_nu.mgz /opt/freesurfer/average/mni305.cor.mgz talsrcimg_to_711-2C_as_mni_average_305_t4_vox2vox.txt transforms/talairach.auto.xfm
avi2talxfm done
mv -f /out/sourcedata/freesurfer/sub-v2s15x29728_ses-1/mri/talsrcimg_to_711-2C_as_mni_average_305_t4_vox2vox.txt /out/sourcedata/freesurfer/sub-v2s15x29728_ses-1/mri/transforms/talsrcimg_to_711-2C_as_mni_average_305_t4_vox2vox.txt
lta_convert --src orig_nu.mgz --trg /opt/freesurfer/average/mni305.cor.mgz --inxfm transforms/talairach.auto.xfm --outlta transforms/talairach.auto.xfm.lta --subject fsaverage
7.3.2

--src: orig_nu.mgz src image (geometry).
--trg: /opt/freesurfer/average/mni305.cor.mgz trg image (geometry).
--inmni: transforms/talairach.auto.xfm input MNI/XFM transform.
--outlta: transforms/talairach.auto.xfm.lta output LTA.
--s: fsaverage subject name
 LTA read, type : 1
 1.04438  -0.07855   0.02830   8.97151;
 0.04989   1.11878  -0.14930  -26.68779;
-0.02257   0.11880   1.13927  -7.82564;
 0.00000   0.00000   0.00000   1.00000;
setting subject to fsaverage
Writing  LTA to file transforms/talairach.auto.xfm.lta...
lta_convert successful.
 
 
Started at Wed Mar 11 07:28:22 CET 2026
Ended   at Wed Mar 11 07:29:48 CET 2026
talairach_avi done
