status file for recon-all
Wed Mar 11 08:47:34 CET 2026
#@# MotionCor Wed Mar 11 08:47:36 CET 2026
#@# Talairach Wed Mar 11 08:47:43 CET 2026
#@# Talairach Failure Detection Wed Mar 11 08:52:08 CET 2026
#@# Nu Intensity Correction Wed Mar 11 08:52:08 CET 2026
#@# Intensity Normalization Wed Mar 11 08:55:26 CET 2026
recon-all -s sub-v2s15x29748_ses-1 finished without error at Wed Mar 11 08:56:52 CET 2026



#New# invocation of recon-all 



status file for recon-all
Wed Mar 11 09:04:09 CET 2026
#@# EM Registration Wed Mar 11 09:04:09 CET 2026
recon-all -s sub-v2s15x29748_ses-1 finished without error at Wed Mar 11 09:06:13 CET 2026



#New# invocation of recon-all 



status file for recon-all
Wed Mar 11 09:06:16 CET 2026
#@# CA Normalize Wed Mar 11 09:06:16 CET 2026
#@# CA Reg Wed Mar 11 09:07:36 CET 2026
#@# SubCort Seg Wed Mar 11 10:03:57 CET 2026
#@# CC Seg Wed Mar 11 10:28:45 CET 2026
#@# Merge ASeg Wed Mar 11 10:29:49 CET 2026
#@# Intensity Normalization2 Wed Mar 11 10:29:49 CET 2026
#@# Mask BFS Wed Mar 11 10:31:56 CET 2026
#@# WM Segmentation Wed Mar 11 10:31:57 CET 2026
#@# Fill Wed Mar 11 10:33:49 CET 2026
recon-all -s sub-v2s15x29748_ses-1 finished without error at Wed Mar 11 10:34:49 CET 2026



#New# invocation of recon-all 



status file for recon-all
Wed Mar 11 11:10:54 CET 2026
#@# white curv lh Wed Mar 11 11:10:54 CET 2026
#@# white area lh Wed Mar 11 11:10:54 CET 2026
#@# pial curv lh Wed Mar 11 11:10:54 CET 2026
#@# pial area lh Wed Mar 11 11:10:54 CET 2026
#@# thickness lh Wed Mar 11 11:10:54 CET 2026
#@# area and vertex vol lh Wed Mar 11 11:10:54 CET 2026
#@# white curv rh Wed Mar 11 11:10:54 CET 2026
#@# white area rh Wed Mar 11 11:10:54 CET 2026
#@# pial curv rh Wed Mar 11 11:10:54 CET 2026
#@# pial area rh Wed Mar 11 11:10:54 CET 2026
#@# thickness rh Wed Mar 11 11:10:54 CET 2026
#@# area and vertex vol rh Wed Mar 11 11:10:54 CET 2026
#@# Cortical ribbon mask Wed Mar 11 11:10:54 CET 2026
recon-all -s sub-v2s15x29748_ses-1 finished without error at Wed Mar 11 11:14:27 CET 2026



#New# invocation of recon-all 



status file for recon-all
Wed Mar 11 11:19:58 CET 2026
#@# white curv lh Wed Mar 11 11:19:58 CET 2026
#@# white area lh Wed Mar 11 11:19:58 CET 2026
#@# pial curv lh Wed Mar 11 11:19:58 CET 2026
#@# pial area lh Wed Mar 11 11:19:58 CET 2026
#@# thickness lh Wed Mar 11 11:19:58 CET 2026
#@# area and vertex vol lh Wed Mar 11 11:19:58 CET 2026
#@# white curv rh Wed Mar 11 11:19:58 CET 2026
#@# white area rh Wed Mar 11 11:19:58 CET 2026
#@# pial curv rh Wed Mar 11 11:19:58 CET 2026
#@# pial area rh Wed Mar 11 11:19:58 CET 2026
#@# thickness rh Wed Mar 11 11:19:58 CET 2026
#@# area and vertex vol rh Wed Mar 11 11:19:58 CET 2026
#@# Curvature Stats lh Wed Mar 11 11:19:58 CET 2026
#@# Curvature Stats rh Wed Mar 11 11:20:00 CET 2026
#@# Relabel Hypointensities Wed Mar 11 11:20:02 CET 2026
#@# APas-to-ASeg Wed Mar 11 11:20:16 CET 2026
#@# AParc-to-ASeg aparc Wed Mar 11 11:20:24 CET 2026
#@# AParc-to-ASeg aparc.a2009s Wed Mar 11 11:20:57 CET 2026
#@# AParc-to-ASeg aparc.DKTatlas Wed Mar 11 11:21:25 CET 2026
#@# WMParc Wed Mar 11 11:21:54 CET 2026
#@# ASeg Stats Wed Mar 11 11:25:24 CET 2026
recon-all -s sub-v2s15x29748_ses-1 finished without error at Wed Mar 11 11:26:04 CET 2026
