status file for recon-all
Wed Mar 11 10:34:54 CET 2026
#@# Tessellate lh Wed Mar 11 10:34:54 CET 2026
#@# Smooth1 lh Wed Mar 11 10:34:57 CET 2026
#@# Inflation1 lh Wed Mar 11 10:34:59 CET 2026
#@# QSphere lh Wed Mar 11 10:35:09 CET 2026
#@# Fix Topology lh Wed Mar 11 10:36:19 CET 2026
#@# Smooth2 lh Wed Mar 11 10:41:06 CET 2026
#@# Inflation2 lh Wed Mar 11 10:41:08 CET 2026
#@# Curv .H and .K lh Wed Mar 11 10:41:18 CET 2026
#@# Sphere lh Wed Mar 11 10:41:55 CET 2026
#@# Surf Reg lh Wed Mar 11 10:44:13 CET 2026
#@# Jacobian white lh Wed Mar 11 10:47:23 CET 2026
#@# AvgCurv lh Wed Mar 11 10:47:24 CET 2026
#@# Cortical Parc lh Wed Mar 11 10:47:25 CET 2026
#@# white curv lh Wed Mar 11 10:52:49 CET 2026
#@# white area lh Wed Mar 11 10:52:50 CET 2026
#@# pial curv lh Wed Mar 11 10:52:51 CET 2026
#@# pial area lh Wed Mar 11 10:52:52 CET 2026
#@# thickness lh Wed Mar 11 10:52:53 CET 2026
#@# area and vertex vol lh Wed Mar 11 10:53:15 CET 2026
#@# Curvature Stats lh Wed Mar 11 10:53:16 CET 2026
#@# Cortical Parc 2 lh Wed Mar 11 10:53:18 CET 2026
#@# Cortical Parc 3 lh Wed Mar 11 10:53:28 CET 2026
#@# WM/GM Contrast lh Wed Mar 11 10:53:36 CET 2026
recon-all -s sub-v2s15x29748_ses-1 finished without error at Wed Mar 11 10:53:39 CET 2026



#New# invocation of recon-all 



status file for recon-all
Wed Mar 11 11:14:30 CET 2026
#@# white curv lh Wed Mar 11 11:14:30 CET 2026
#@# white area lh Wed Mar 11 11:14:30 CET 2026
#@# pial curv lh Wed Mar 11 11:14:30 CET 2026
#@# pial area lh Wed Mar 11 11:14:30 CET 2026
#@# thickness lh Wed Mar 11 11:14:30 CET 2026
#@# area and vertex vol lh Wed Mar 11 11:14:30 CET 2026
#@# Parcellation Stats lh Wed Mar 11 11:14:30 CET 2026
#@# Parcellation Stats 2 lh Wed Mar 11 11:14:43 CET 2026
#@# Parcellation Stats 3 lh Wed Mar 11 11:14:50 CET 2026
#@# BA_exvivo Labels lh Wed Mar 11 11:14:56 CET 2026
recon-all -s sub-v2s15x29748_ses-1 finished without error at Wed Mar 11 11:17:07 CET 2026
