status file for recon-all
Wed Mar 11 10:53:40 CET 2026
#@# Tessellate rh Wed Mar 11 10:53:40 CET 2026
#@# Smooth1 rh Wed Mar 11 10:53:43 CET 2026
#@# Inflation1 rh Wed Mar 11 10:53:45 CET 2026
#@# QSphere rh Wed Mar 11 10:53:55 CET 2026
#@# Fix Topology rh Wed Mar 11 10:54:56 CET 2026
#@# Smooth2 rh Wed Mar 11 10:59:18 CET 2026
#@# Inflation2 rh Wed Mar 11 10:59:21 CET 2026
#@# Curv .H and .K rh Wed Mar 11 10:59:33 CET 2026
#@# Sphere rh Wed Mar 11 11:00:11 CET 2026
#@# Surf Reg rh Wed Mar 11 11:01:23 CET 2026
#@# Jacobian white rh Wed Mar 11 11:04:21 CET 2026
#@# AvgCurv rh Wed Mar 11 11:04:22 CET 2026
#@# Cortical Parc rh Wed Mar 11 11:04:22 CET 2026
#@# white curv rh Wed Mar 11 11:09:59 CET 2026
#@# white area rh Wed Mar 11 11:10:01 CET 2026
#@# pial curv rh Wed Mar 11 11:10:01 CET 2026
#@# pial area rh Wed Mar 11 11:10:03 CET 2026
#@# thickness rh Wed Mar 11 11:10:03 CET 2026
#@# area and vertex vol rh Wed Mar 11 11:10:25 CET 2026
#@# Curvature Stats rh Wed Mar 11 11:10:27 CET 2026
#@# Cortical Parc 2 rh Wed Mar 11 11:10:28 CET 2026
#@# Cortical Parc 3 rh Wed Mar 11 11:10:39 CET 2026
#@# WM/GM Contrast rh Wed Mar 11 11:10:47 CET 2026
recon-all -s sub-v2s15x29748_ses-1 finished without error at Wed Mar 11 11:10:49 CET 2026



#New# invocation of recon-all 



status file for recon-all
Wed Mar 11 11:17:12 CET 2026
#@# white curv rh Wed Mar 11 11:17:12 CET 2026
#@# white area rh Wed Mar 11 11:17:12 CET 2026
#@# pial curv rh Wed Mar 11 11:17:12 CET 2026
#@# pial area rh Wed Mar 11 11:17:12 CET 2026
#@# thickness rh Wed Mar 11 11:17:12 CET 2026
#@# area and vertex vol rh Wed Mar 11 11:17:12 CET 2026
#@# Parcellation Stats rh Wed Mar 11 11:17:12 CET 2026
#@# Parcellation Stats 2 rh Wed Mar 11 11:17:25 CET 2026
#@# Parcellation Stats 3 rh Wed Mar 11 11:17:32 CET 2026
#@# BA_exvivo Labels rh Wed Mar 11 11:17:39 CET 2026
recon-all -s sub-v2s15x29748_ses-1 finished without error at Wed Mar 11 11:19:54 CET 2026
