status file for recon-all
Wed Mar 11 10:32:38 CET 2026
#@# Tessellate lh Wed Mar 11 10:32:38 CET 2026
#@# Smooth1 lh Wed Mar 11 10:32:41 CET 2026
#@# Inflation1 lh Wed Mar 11 10:32:43 CET 2026
#@# QSphere lh Wed Mar 11 10:32:56 CET 2026
#@# Fix Topology lh Wed Mar 11 10:34:01 CET 2026
#@# Smooth2 lh Wed Mar 11 10:39:00 CET 2026
#@# Inflation2 lh Wed Mar 11 10:39:03 CET 2026
#@# Curv .H and .K lh Wed Mar 11 10:39:17 CET 2026
#@# Sphere lh Wed Mar 11 10:40:01 CET 2026
#@# Surf Reg lh Wed Mar 11 10:42:09 CET 2026
#@# Jacobian white lh Wed Mar 11 10:45:24 CET 2026
#@# AvgCurv lh Wed Mar 11 10:45:25 CET 2026
#@# Cortical Parc lh Wed Mar 11 10:45:26 CET 2026
#@# white curv lh Wed Mar 11 10:51:30 CET 2026
#@# white area lh Wed Mar 11 10:51:32 CET 2026
#@# pial curv lh Wed Mar 11 10:51:32 CET 2026
#@# pial area lh Wed Mar 11 10:51:34 CET 2026
#@# thickness lh Wed Mar 11 10:51:35 CET 2026
#@# area and vertex vol lh Wed Mar 11 10:52:02 CET 2026
#@# Curvature Stats lh Wed Mar 11 10:52:04 CET 2026
#@# Cortical Parc 2 lh Wed Mar 11 10:52:06 CET 2026
#@# Cortical Parc 3 lh Wed Mar 11 10:52:19 CET 2026
#@# WM/GM Contrast lh Wed Mar 11 10:52:29 CET 2026
recon-all -s sub-v2s15x29750_ses-1 finished without error at Wed Mar 11 10:52:32 CET 2026



#New# invocation of recon-all 



status file for recon-all
Wed Mar 11 11:21:00 CET 2026
#@# white curv lh Wed Mar 11 11:21:00 CET 2026
#@# white area lh Wed Mar 11 11:21:00 CET 2026
#@# pial curv lh Wed Mar 11 11:21:00 CET 2026
#@# pial area lh Wed Mar 11 11:21:00 CET 2026
#@# thickness lh Wed Mar 11 11:21:00 CET 2026
#@# area and vertex vol lh Wed Mar 11 11:21:00 CET 2026
#@# Parcellation Stats lh Wed Mar 11 11:21:00 CET 2026
#@# Parcellation Stats 2 lh Wed Mar 11 11:21:18 CET 2026
#@# Parcellation Stats 3 lh Wed Mar 11 11:21:27 CET 2026
#@# BA_exvivo Labels lh Wed Mar 11 11:21:35 CET 2026
recon-all -s sub-v2s15x29750_ses-1 finished without error at Wed Mar 11 11:24:03 CET 2026
