status file for recon-all
Wed Mar 11 10:52:34 CET 2026
#@# Tessellate rh Wed Mar 11 10:52:34 CET 2026
#@# Smooth1 rh Wed Mar 11 10:52:38 CET 2026
#@# Inflation1 rh Wed Mar 11 10:52:41 CET 2026
#@# QSphere rh Wed Mar 11 10:52:55 CET 2026
#@# Fix Topology rh Wed Mar 11 10:54:06 CET 2026
#@# Smooth2 rh Wed Mar 11 10:59:37 CET 2026
#@# Inflation2 rh Wed Mar 11 10:59:40 CET 2026
#@# Curv .H and .K rh Wed Mar 11 10:59:55 CET 2026
#@# Sphere rh Wed Mar 11 11:00:40 CET 2026
#@# Surf Reg rh Wed Mar 11 11:04:56 CET 2026
#@# Jacobian white rh Wed Mar 11 11:09:29 CET 2026
#@# AvgCurv rh Wed Mar 11 11:09:30 CET 2026
#@# Cortical Parc rh Wed Mar 11 11:09:31 CET 2026
#@# white curv rh Wed Mar 11 11:15:33 CET 2026
#@# white area rh Wed Mar 11 11:15:35 CET 2026
#@# pial curv rh Wed Mar 11 11:15:35 CET 2026
#@# pial area rh Wed Mar 11 11:15:37 CET 2026
#@# thickness rh Wed Mar 11 11:15:38 CET 2026
#@# area and vertex vol rh Wed Mar 11 11:16:05 CET 2026
#@# Curvature Stats rh Wed Mar 11 11:16:07 CET 2026
#@# Cortical Parc 2 rh Wed Mar 11 11:16:09 CET 2026
#@# Cortical Parc 3 rh Wed Mar 11 11:16:22 CET 2026
#@# WM/GM Contrast rh Wed Mar 11 11:16:32 CET 2026
recon-all -s sub-v2s15x29750_ses-1 finished without error at Wed Mar 11 11:16:34 CET 2026



#New# invocation of recon-all 



status file for recon-all
Wed Mar 11 11:24:04 CET 2026
#@# white curv rh Wed Mar 11 11:24:04 CET 2026
#@# white area rh Wed Mar 11 11:24:04 CET 2026
#@# pial curv rh Wed Mar 11 11:24:04 CET 2026
#@# pial area rh Wed Mar 11 11:24:05 CET 2026
#@# thickness rh Wed Mar 11 11:24:05 CET 2026
#@# area and vertex vol rh Wed Mar 11 11:24:05 CET 2026
#@# Parcellation Stats rh Wed Mar 11 11:24:05 CET 2026
#@# Parcellation Stats 2 rh Wed Mar 11 11:24:22 CET 2026
#@# Parcellation Stats 3 rh Wed Mar 11 11:24:31 CET 2026
#@# BA_exvivo Labels rh Wed Mar 11 11:24:40 CET 2026
recon-all -s sub-v2s15x29750_ses-1 finished without error at Wed Mar 11 11:27:11 CET 2026
