status file for recon-all
Wed Mar 11 08:49:41 CET 2026
#@# MotionCor Wed Mar 11 08:49:43 CET 2026
#@# Talairach Wed Mar 11 08:49:50 CET 2026
#@# Talairach Failure Detection Wed Mar 11 08:54:16 CET 2026
#@# Nu Intensity Correction Wed Mar 11 08:54:16 CET 2026
#@# Intensity Normalization Wed Mar 11 08:57:32 CET 2026
recon-all -s sub-v2s15x29750_ses-1 finished without error at Wed Mar 11 08:58:55 CET 2026



#New# invocation of recon-all 



status file for recon-all
Wed Mar 11 09:06:08 CET 2026
#@# EM Registration Wed Mar 11 09:06:08 CET 2026
recon-all -s sub-v2s15x29750_ses-1 finished without error at Wed Mar 11 09:07:50 CET 2026



#New# invocation of recon-all 



status file for recon-all
Wed Mar 11 09:07:52 CET 2026
#@# CA Normalize Wed Mar 11 09:07:52 CET 2026
#@# CA Reg Wed Mar 11 09:09:12 CET 2026
#@# SubCort Seg Wed Mar 11 09:58:38 CET 2026
#@# CC Seg Wed Mar 11 10:25:38 CET 2026
#@# Merge ASeg Wed Mar 11 10:27:27 CET 2026
#@# Intensity Normalization2 Wed Mar 11 10:27:27 CET 2026
#@# Mask BFS Wed Mar 11 10:29:37 CET 2026
#@# WM Segmentation Wed Mar 11 10:29:38 CET 2026
#@# Fill Wed Mar 11 10:31:33 CET 2026
recon-all -s sub-v2s15x29750_ses-1 finished without error at Wed Mar 11 10:32:35 CET 2026



#New# invocation of recon-all 



status file for recon-all
Wed Mar 11 11:16:40 CET 2026
#@# white curv lh Wed Mar 11 11:16:40 CET 2026
#@# white area lh Wed Mar 11 11:16:40 CET 2026
#@# pial curv lh Wed Mar 11 11:16:40 CET 2026
#@# pial area lh Wed Mar 11 11:16:40 CET 2026
#@# thickness lh Wed Mar 11 11:16:40 CET 2026
#@# area and vertex vol lh Wed Mar 11 11:16:40 CET 2026
#@# white curv rh Wed Mar 11 11:16:40 CET 2026
#@# white area rh Wed Mar 11 11:16:40 CET 2026
#@# pial curv rh Wed Mar 11 11:16:40 CET 2026
#@# pial area rh Wed Mar 11 11:16:40 CET 2026
#@# thickness rh Wed Mar 11 11:16:40 CET 2026
#@# area and vertex vol rh Wed Mar 11 11:16:40 CET 2026
#@# Cortical ribbon mask Wed Mar 11 11:16:40 CET 2026
recon-all -s sub-v2s15x29750_ses-1 finished without error at Wed Mar 11 11:20:57 CET 2026



#New# invocation of recon-all 



status file for recon-all
Wed Mar 11 11:27:14 CET 2026
#@# white curv lh Wed Mar 11 11:27:14 CET 2026
#@# white area lh Wed Mar 11 11:27:14 CET 2026
#@# pial curv lh Wed Mar 11 11:27:14 CET 2026
#@# pial area lh Wed Mar 11 11:27:14 CET 2026
#@# thickness lh Wed Mar 11 11:27:14 CET 2026
#@# area and vertex vol lh Wed Mar 11 11:27:14 CET 2026
#@# white curv rh Wed Mar 11 11:27:14 CET 2026
#@# white area rh Wed Mar 11 11:27:14 CET 2026
#@# pial curv rh Wed Mar 11 11:27:14 CET 2026
#@# pial area rh Wed Mar 11 11:27:14 CET 2026
#@# thickness rh Wed Mar 11 11:27:14 CET 2026
#@# area and vertex vol rh Wed Mar 11 11:27:15 CET 2026
#@# Curvature Stats lh Wed Mar 11 11:27:15 CET 2026
#@# Curvature Stats rh Wed Mar 11 11:27:17 CET 2026
#@# Relabel Hypointensities Wed Mar 11 11:27:19 CET 2026
#@# APas-to-ASeg Wed Mar 11 11:27:34 CET 2026
#@# AParc-to-ASeg aparc Wed Mar 11 11:27:42 CET 2026
#@# AParc-to-ASeg aparc.a2009s Wed Mar 11 11:28:31 CET 2026
#@# AParc-to-ASeg aparc.DKTatlas Wed Mar 11 11:29:22 CET 2026
#@# WMParc Wed Mar 11 11:30:10 CET 2026
#@# ASeg Stats Wed Mar 11 11:33:43 CET 2026
recon-all -s sub-v2s15x29750_ses-1 finished without error at Wed Mar 11 11:34:25 CET 2026
