status file for recon-all
Wed Mar 11 10:45:39 CET 2026
#@# Tessellate lh Wed Mar 11 10:45:39 CET 2026
#@# Smooth1 lh Wed Mar 11 10:45:42 CET 2026
#@# Inflation1 lh Wed Mar 11 10:45:45 CET 2026
#@# QSphere lh Wed Mar 11 10:45:58 CET 2026
#@# Fix Topology lh Wed Mar 11 10:47:05 CET 2026
#@# Smooth2 lh Wed Mar 11 10:52:43 CET 2026
#@# Inflation2 lh Wed Mar 11 10:52:46 CET 2026
#@# Curv .H and .K lh Wed Mar 11 10:53:02 CET 2026
#@# Sphere lh Wed Mar 11 10:53:44 CET 2026
#@# Surf Reg lh Wed Mar 11 10:57:11 CET 2026
#@# Jacobian white lh Wed Mar 11 11:01:51 CET 2026
#@# AvgCurv lh Wed Mar 11 11:01:52 CET 2026
#@# Cortical Parc lh Wed Mar 11 11:01:53 CET 2026
#@# white curv lh Wed Mar 11 11:07:23 CET 2026
#@# white area lh Wed Mar 11 11:07:25 CET 2026
#@# pial curv lh Wed Mar 11 11:07:25 CET 2026
#@# pial area lh Wed Mar 11 11:07:27 CET 2026
#@# thickness lh Wed Mar 11 11:07:28 CET 2026
#@# area and vertex vol lh Wed Mar 11 11:07:54 CET 2026
#@# Curvature Stats lh Wed Mar 11 11:07:55 CET 2026
#@# Cortical Parc 2 lh Wed Mar 11 11:07:57 CET 2026
#@# Cortical Parc 3 lh Wed Mar 11 11:08:10 CET 2026
#@# WM/GM Contrast lh Wed Mar 11 11:08:19 CET 2026
recon-all -s sub-v2s15x29756_ses-1 finished without error at Wed Mar 11 11:08:21 CET 2026



#New# invocation of recon-all 



status file for recon-all
Wed Mar 11 11:33:12 CET 2026
#@# white curv lh Wed Mar 11 11:33:12 CET 2026
#@# white area lh Wed Mar 11 11:33:12 CET 2026
#@# pial curv lh Wed Mar 11 11:33:12 CET 2026
#@# pial area lh Wed Mar 11 11:33:12 CET 2026
#@# thickness lh Wed Mar 11 11:33:12 CET 2026
#@# area and vertex vol lh Wed Mar 11 11:33:12 CET 2026
#@# Parcellation Stats lh Wed Mar 11 11:33:12 CET 2026
#@# Parcellation Stats 2 lh Wed Mar 11 11:33:28 CET 2026
#@# Parcellation Stats 3 lh Wed Mar 11 11:33:36 CET 2026
#@# BA_exvivo Labels lh Wed Mar 11 11:33:43 CET 2026
recon-all -s sub-v2s15x29756_ses-1 finished without error at Wed Mar 11 11:36:07 CET 2026
