status file for recon-all
Wed Mar 11 11:08:25 CET 2026
#@# Tessellate rh Wed Mar 11 11:08:25 CET 2026
#@# Smooth1 rh Wed Mar 11 11:08:28 CET 2026
#@# Inflation1 rh Wed Mar 11 11:08:31 CET 2026
#@# QSphere rh Wed Mar 11 11:08:43 CET 2026
#@# Fix Topology rh Wed Mar 11 11:09:45 CET 2026
#@# Smooth2 rh Wed Mar 11 11:14:23 CET 2026
#@# Inflation2 rh Wed Mar 11 11:14:26 CET 2026
#@# Curv .H and .K rh Wed Mar 11 11:14:43 CET 2026
#@# Sphere rh Wed Mar 11 11:15:25 CET 2026
#@# Surf Reg rh Wed Mar 11 11:18:56 CET 2026
#@# Jacobian white rh Wed Mar 11 11:23:09 CET 2026
#@# AvgCurv rh Wed Mar 11 11:23:10 CET 2026
#@# Cortical Parc rh Wed Mar 11 11:23:11 CET 2026
#@# white curv rh Wed Mar 11 11:29:00 CET 2026
#@# white area rh Wed Mar 11 11:29:02 CET 2026
#@# pial curv rh Wed Mar 11 11:29:03 CET 2026
#@# pial area rh Wed Mar 11 11:29:04 CET 2026
#@# thickness rh Wed Mar 11 11:29:05 CET 2026
#@# area and vertex vol rh Wed Mar 11 11:29:31 CET 2026
#@# Curvature Stats rh Wed Mar 11 11:29:32 CET 2026
#@# Cortical Parc 2 rh Wed Mar 11 11:29:35 CET 2026
#@# Cortical Parc 3 rh Wed Mar 11 11:29:47 CET 2026
#@# WM/GM Contrast rh Wed Mar 11 11:29:56 CET 2026
recon-all -s sub-v2s15x29756_ses-1 finished without error at Wed Mar 11 11:29:59 CET 2026



#New# invocation of recon-all 



status file for recon-all
Wed Mar 11 11:36:10 CET 2026
#@# white curv rh Wed Mar 11 11:36:10 CET 2026
#@# white area rh Wed Mar 11 11:36:10 CET 2026
#@# pial curv rh Wed Mar 11 11:36:10 CET 2026
#@# pial area rh Wed Mar 11 11:36:10 CET 2026
#@# thickness rh Wed Mar 11 11:36:10 CET 2026
#@# area and vertex vol rh Wed Mar 11 11:36:10 CET 2026
#@# Parcellation Stats rh Wed Mar 11 11:36:10 CET 2026
#@# Parcellation Stats 2 rh Wed Mar 11 11:36:25 CET 2026
#@# Parcellation Stats 3 rh Wed Mar 11 11:36:33 CET 2026
#@# BA_exvivo Labels rh Wed Mar 11 11:36:41 CET 2026
recon-all -s sub-v2s15x29756_ses-1 finished without error at Wed Mar 11 11:39:05 CET 2026
