status file for recon-all
Wed Mar 11 08:15:04 CET 2026
#@# MotionCor Wed Mar 11 08:15:05 CET 2026
#@# Talairach Wed Mar 11 08:15:13 CET 2026
#@# Talairach Failure Detection Wed Mar 11 08:19:37 CET 2026
#@# Nu Intensity Correction Wed Mar 11 08:19:37 CET 2026
#@# Intensity Normalization Wed Mar 11 08:22:52 CET 2026
recon-all -s sub-v2s15x29738_ses-1 finished without error at Wed Mar 11 08:24:16 CET 2026



#New# invocation of recon-all 



status file for recon-all
Wed Mar 11 08:31:36 CET 2026
#@# EM Registration Wed Mar 11 08:31:36 CET 2026
recon-all -s sub-v2s15x29738_ses-1 finished without error at Wed Mar 11 08:33:32 CET 2026



#New# invocation of recon-all 



status file for recon-all
Wed Mar 11 08:33:33 CET 2026
#@# CA Normalize Wed Mar 11 08:33:33 CET 2026
#@# CA Reg Wed Mar 11 08:34:51 CET 2026
#@# SubCort Seg Wed Mar 11 09:26:50 CET 2026
#@# CC Seg Wed Mar 11 09:56:46 CET 2026
#@# Merge ASeg Wed Mar 11 09:57:18 CET 2026
#@# Intensity Normalization2 Wed Mar 11 09:57:18 CET 2026
#@# Mask BFS Wed Mar 11 09:59:28 CET 2026
#@# WM Segmentation Wed Mar 11 09:59:29 CET 2026
#@# Fill Wed Mar 11 10:01:20 CET 2026
recon-all -s sub-v2s15x29738_ses-1 finished without error at Wed Mar 11 10:02:20 CET 2026



#New# invocation of recon-all 



status file for recon-all
Wed Mar 11 10:49:11 CET 2026
#@# white curv lh Wed Mar 11 10:49:11 CET 2026
#@# white area lh Wed Mar 11 10:49:11 CET 2026
#@# pial curv lh Wed Mar 11 10:49:11 CET 2026
#@# pial area lh Wed Mar 11 10:49:11 CET 2026
#@# thickness lh Wed Mar 11 10:49:11 CET 2026
#@# area and vertex vol lh Wed Mar 11 10:49:11 CET 2026
#@# white curv rh Wed Mar 11 10:49:11 CET 2026
#@# white area rh Wed Mar 11 10:49:11 CET 2026
#@# pial curv rh Wed Mar 11 10:49:11 CET 2026
#@# pial area rh Wed Mar 11 10:49:11 CET 2026
#@# thickness rh Wed Mar 11 10:49:12 CET 2026
#@# area and vertex vol rh Wed Mar 11 10:49:12 CET 2026
#@# Cortical ribbon mask Wed Mar 11 10:49:12 CET 2026
recon-all -s sub-v2s15x29738_ses-1 finished without error at Wed Mar 11 10:54:38 CET 2026



#New# invocation of recon-all 



status file for recon-all
Wed Mar 11 11:01:15 CET 2026
#@# white curv lh Wed Mar 11 11:01:15 CET 2026
#@# white area lh Wed Mar 11 11:01:16 CET 2026
#@# pial curv lh Wed Mar 11 11:01:16 CET 2026
#@# pial area lh Wed Mar 11 11:01:16 CET 2026
#@# thickness lh Wed Mar 11 11:01:16 CET 2026
#@# area and vertex vol lh Wed Mar 11 11:01:16 CET 2026
#@# white curv rh Wed Mar 11 11:01:16 CET 2026
#@# white area rh Wed Mar 11 11:01:16 CET 2026
#@# pial curv rh Wed Mar 11 11:01:16 CET 2026
#@# pial area rh Wed Mar 11 11:01:16 CET 2026
#@# thickness rh Wed Mar 11 11:01:16 CET 2026
#@# area and vertex vol rh Wed Mar 11 11:01:16 CET 2026
#@# Curvature Stats lh Wed Mar 11 11:01:16 CET 2026
#@# Curvature Stats rh Wed Mar 11 11:01:18 CET 2026
#@# Relabel Hypointensities Wed Mar 11 11:01:20 CET 2026
#@# APas-to-ASeg Wed Mar 11 11:01:36 CET 2026
#@# AParc-to-ASeg aparc Wed Mar 11 11:01:44 CET 2026
#@# AParc-to-ASeg aparc.a2009s Wed Mar 11 11:02:36 CET 2026
#@# AParc-to-ASeg aparc.DKTatlas Wed Mar 11 11:03:32 CET 2026
#@# WMParc Wed Mar 11 11:04:15 CET 2026
#@# ASeg Stats Wed Mar 11 11:08:17 CET 2026
recon-all -s sub-v2s15x29738_ses-1 finished without error at Wed Mar 11 11:08:58 CET 2026
