status file for recon-all
Wed Mar 11 10:25:47 CET 2026
#@# Tessellate rh Wed Mar 11 10:25:47 CET 2026
#@# Smooth1 rh Wed Mar 11 10:25:51 CET 2026
#@# Inflation1 rh Wed Mar 11 10:25:54 CET 2026
#@# QSphere rh Wed Mar 11 10:26:07 CET 2026
#@# Fix Topology rh Wed Mar 11 10:27:24 CET 2026
#@# Smooth2 rh Wed Mar 11 10:32:28 CET 2026
#@# Inflation2 rh Wed Mar 11 10:32:31 CET 2026
#@# Curv .H and .K rh Wed Mar 11 10:32:46 CET 2026
#@# Sphere rh Wed Mar 11 10:33:32 CET 2026
#@# Surf Reg rh Wed Mar 11 10:37:17 CET 2026
#@# Jacobian white rh Wed Mar 11 10:41:29 CET 2026
#@# AvgCurv rh Wed Mar 11 10:41:31 CET 2026
#@# Cortical Parc rh Wed Mar 11 10:41:31 CET 2026
#@# white curv rh Wed Mar 11 10:48:05 CET 2026
#@# white area rh Wed Mar 11 10:48:07 CET 2026
#@# pial curv rh Wed Mar 11 10:48:07 CET 2026
#@# pial area rh Wed Mar 11 10:48:09 CET 2026
#@# thickness rh Wed Mar 11 10:48:10 CET 2026
#@# area and vertex vol rh Wed Mar 11 10:48:38 CET 2026
#@# Curvature Stats rh Wed Mar 11 10:48:40 CET 2026
#@# Cortical Parc 2 rh Wed Mar 11 10:48:42 CET 2026
#@# Cortical Parc 3 rh Wed Mar 11 10:48:55 CET 2026
#@# WM/GM Contrast rh Wed Mar 11 10:49:05 CET 2026
recon-all -s sub-v2s15x29738_ses-1 finished without error at Wed Mar 11 10:49:08 CET 2026



#New# invocation of recon-all 



status file for recon-all
Wed Mar 11 10:57:59 CET 2026
#@# white curv rh Wed Mar 11 10:57:59 CET 2026
#@# white area rh Wed Mar 11 10:57:59 CET 2026
#@# pial curv rh Wed Mar 11 10:57:59 CET 2026
#@# pial area rh Wed Mar 11 10:57:59 CET 2026
#@# thickness rh Wed Mar 11 10:57:59 CET 2026
#@# area and vertex vol rh Wed Mar 11 10:57:59 CET 2026
#@# Parcellation Stats rh Wed Mar 11 10:57:59 CET 2026
#@# Parcellation Stats 2 rh Wed Mar 11 10:58:17 CET 2026
#@# Parcellation Stats 3 rh Wed Mar 11 10:58:26 CET 2026
#@# BA_exvivo Labels rh Wed Mar 11 10:58:35 CET 2026
recon-all -s sub-v2s15x29738_ses-1 finished without error at Wed Mar 11 11:01:11 CET 2026
