status file for recon-all
Wed Mar 11 10:02:25 CET 2026
#@# Tessellate lh Wed Mar 11 10:02:25 CET 2026
#@# Smooth1 lh Wed Mar 11 10:02:28 CET 2026
#@# Inflation1 lh Wed Mar 11 10:02:31 CET 2026
#@# QSphere lh Wed Mar 11 10:02:44 CET 2026
#@# Fix Topology lh Wed Mar 11 10:04:04 CET 2026
#@# Smooth2 lh Wed Mar 11 10:09:05 CET 2026
#@# Inflation2 lh Wed Mar 11 10:09:08 CET 2026
#@# Curv .H and .K lh Wed Mar 11 10:09:22 CET 2026
#@# Sphere lh Wed Mar 11 10:10:07 CET 2026
#@# Surf Reg lh Wed Mar 11 10:14:08 CET 2026
#@# Jacobian white lh Wed Mar 11 10:18:10 CET 2026
#@# AvgCurv lh Wed Mar 11 10:18:11 CET 2026
#@# Cortical Parc lh Wed Mar 11 10:18:12 CET 2026
#@# white curv lh Wed Mar 11 10:24:42 CET 2026
#@# white area lh Wed Mar 11 10:24:44 CET 2026
#@# pial curv lh Wed Mar 11 10:24:45 CET 2026
#@# pial area lh Wed Mar 11 10:24:46 CET 2026
#@# thickness lh Wed Mar 11 10:24:47 CET 2026
#@# area and vertex vol lh Wed Mar 11 10:25:16 CET 2026
#@# Curvature Stats lh Wed Mar 11 10:25:18 CET 2026
#@# Cortical Parc 2 lh Wed Mar 11 10:25:20 CET 2026
#@# Cortical Parc 3 lh Wed Mar 11 10:25:33 CET 2026
#@# WM/GM Contrast lh Wed Mar 11 10:25:43 CET 2026
recon-all -s sub-v2s15x29738_ses-1 finished without error at Wed Mar 11 10:25:45 CET 2026



#New# invocation of recon-all 



status file for recon-all
Wed Mar 11 10:54:42 CET 2026
#@# white curv lh Wed Mar 11 10:54:42 CET 2026
#@# white area lh Wed Mar 11 10:54:42 CET 2026
#@# pial curv lh Wed Mar 11 10:54:42 CET 2026
#@# pial area lh Wed Mar 11 10:54:42 CET 2026
#@# thickness lh Wed Mar 11 10:54:42 CET 2026
#@# area and vertex vol lh Wed Mar 11 10:54:42 CET 2026
#@# Parcellation Stats lh Wed Mar 11 10:54:42 CET 2026
#@# Parcellation Stats 2 lh Wed Mar 11 10:55:00 CET 2026
#@# Parcellation Stats 3 lh Wed Mar 11 10:55:09 CET 2026
#@# BA_exvivo Labels lh Wed Mar 11 10:55:18 CET 2026
recon-all -s sub-v2s15x29738_ses-1 finished without error at Wed Mar 11 10:57:55 CET 2026
