status file for recon-all
Wed Mar 11 10:19:57 CET 2026
#@# Tessellate lh Wed Mar 11 10:19:57 CET 2026
#@# Smooth1 lh Wed Mar 11 10:19:59 CET 2026
#@# Inflation1 lh Wed Mar 11 10:20:01 CET 2026
#@# QSphere lh Wed Mar 11 10:20:12 CET 2026
#@# Fix Topology lh Wed Mar 11 10:20:56 CET 2026
#@# Smooth2 lh Wed Mar 11 10:26:57 CET 2026
#@# Inflation2 lh Wed Mar 11 10:26:58 CET 2026
#@# Curv .H and .K lh Wed Mar 11 10:27:11 CET 2026
#@# Sphere lh Wed Mar 11 10:27:48 CET 2026
#@# Surf Reg lh Wed Mar 11 10:29:35 CET 2026
#@# Jacobian white lh Wed Mar 11 10:32:35 CET 2026
#@# AvgCurv lh Wed Mar 11 10:32:35 CET 2026
#@# Cortical Parc lh Wed Mar 11 10:32:36 CET 2026
#@# white curv lh Wed Mar 11 10:38:48 CET 2026
#@# white area lh Wed Mar 11 10:38:49 CET 2026
#@# pial curv lh Wed Mar 11 10:38:50 CET 2026
#@# pial area lh Wed Mar 11 10:38:51 CET 2026
#@# thickness lh Wed Mar 11 10:38:52 CET 2026
#@# area and vertex vol lh Wed Mar 11 10:39:10 CET 2026
#@# Curvature Stats lh Wed Mar 11 10:39:11 CET 2026
#@# Cortical Parc 2 lh Wed Mar 11 10:39:12 CET 2026
#@# Cortical Parc 3 lh Wed Mar 11 10:39:23 CET 2026
#@# WM/GM Contrast lh Wed Mar 11 10:39:30 CET 2026
recon-all -s sub-v2s15x29752_ses-1 finished without error at Wed Mar 11 10:39:32 CET 2026



#New# invocation of recon-all 



status file for recon-all
Wed Mar 11 11:02:21 CET 2026
#@# white curv lh Wed Mar 11 11:02:21 CET 2026
#@# white area lh Wed Mar 11 11:02:21 CET 2026
#@# pial curv lh Wed Mar 11 11:02:21 CET 2026
#@# pial area lh Wed Mar 11 11:02:21 CET 2026
#@# thickness lh Wed Mar 11 11:02:21 CET 2026
#@# area and vertex vol lh Wed Mar 11 11:02:21 CET 2026
#@# Parcellation Stats lh Wed Mar 11 11:02:21 CET 2026
#@# Parcellation Stats 2 lh Wed Mar 11 11:02:35 CET 2026
#@# Parcellation Stats 3 lh Wed Mar 11 11:02:43 CET 2026
#@# BA_exvivo Labels lh Wed Mar 11 11:02:50 CET 2026
recon-all -s sub-v2s15x29752_ses-1 finished without error at Wed Mar 11 11:04:44 CET 2026
