status file for recon-all
Wed Mar 11 08:59:36 CET 2026
#@# MotionCor Wed Mar 11 08:59:37 CET 2026
#@# Talairach Wed Mar 11 08:59:43 CET 2026
#@# Talairach Failure Detection Wed Mar 11 09:02:33 CET 2026
#@# Nu Intensity Correction Wed Mar 11 09:02:33 CET 2026
#@# Intensity Normalization Wed Mar 11 09:05:19 CET 2026
recon-all -s sub-v2s15x29752_ses-1 finished without error at Wed Mar 11 09:06:13 CET 2026



#New# invocation of recon-all 



status file for recon-all
Wed Mar 11 09:12:09 CET 2026
#@# EM Registration Wed Mar 11 09:12:09 CET 2026
recon-all -s sub-v2s15x29752_ses-1 finished without error at Wed Mar 11 09:13:46 CET 2026



#New# invocation of recon-all 



status file for recon-all
Wed Mar 11 09:13:49 CET 2026
#@# CA Normalize Wed Mar 11 09:13:49 CET 2026
#@# CA Reg Wed Mar 11 09:14:41 CET 2026
#@# SubCort Seg Wed Mar 11 09:55:36 CET 2026
#@# CC Seg Wed Mar 11 10:15:52 CET 2026
#@# Merge ASeg Wed Mar 11 10:16:16 CET 2026
#@# Intensity Normalization2 Wed Mar 11 10:16:16 CET 2026
#@# Mask BFS Wed Mar 11 10:17:36 CET 2026
#@# WM Segmentation Wed Mar 11 10:17:37 CET 2026
#@# Fill Wed Mar 11 10:19:15 CET 2026
recon-all -s sub-v2s15x29752_ses-1 finished without error at Wed Mar 11 10:19:52 CET 2026



#New# invocation of recon-all 



status file for recon-all
Wed Mar 11 10:59:29 CET 2026
#@# white curv lh Wed Mar 11 10:59:29 CET 2026
#@# white area lh Wed Mar 11 10:59:29 CET 2026
#@# pial curv lh Wed Mar 11 10:59:29 CET 2026
#@# pial area lh Wed Mar 11 10:59:29 CET 2026
#@# thickness lh Wed Mar 11 10:59:29 CET 2026
#@# area and vertex vol lh Wed Mar 11 10:59:29 CET 2026
#@# white curv rh Wed Mar 11 10:59:29 CET 2026
#@# white area rh Wed Mar 11 10:59:29 CET 2026
#@# pial curv rh Wed Mar 11 10:59:29 CET 2026
#@# pial area rh Wed Mar 11 10:59:29 CET 2026
#@# thickness rh Wed Mar 11 10:59:29 CET 2026
#@# area and vertex vol rh Wed Mar 11 10:59:29 CET 2026
#@# Cortical ribbon mask Wed Mar 11 10:59:30 CET 2026
recon-all -s sub-v2s15x29752_ses-1 finished without error at Wed Mar 11 11:02:18 CET 2026



#New# invocation of recon-all 



status file for recon-all
Wed Mar 11 11:07:12 CET 2026
#@# white curv lh Wed Mar 11 11:07:12 CET 2026
#@# white area lh Wed Mar 11 11:07:12 CET 2026
#@# pial curv lh Wed Mar 11 11:07:12 CET 2026
#@# pial area lh Wed Mar 11 11:07:12 CET 2026
#@# thickness lh Wed Mar 11 11:07:12 CET 2026
#@# area and vertex vol lh Wed Mar 11 11:07:12 CET 2026
#@# white curv rh Wed Mar 11 11:07:12 CET 2026
#@# white area rh Wed Mar 11 11:07:12 CET 2026
#@# pial curv rh Wed Mar 11 11:07:12 CET 2026
#@# pial area rh Wed Mar 11 11:07:12 CET 2026
#@# thickness rh Wed Mar 11 11:07:12 CET 2026
#@# area and vertex vol rh Wed Mar 11 11:07:12 CET 2026
#@# Curvature Stats lh Wed Mar 11 11:07:12 CET 2026
#@# Curvature Stats rh Wed Mar 11 11:07:14 CET 2026
#@# Relabel Hypointensities Wed Mar 11 11:07:15 CET 2026
#@# APas-to-ASeg Wed Mar 11 11:07:26 CET 2026
#@# AParc-to-ASeg aparc Wed Mar 11 11:07:31 CET 2026
#@# AParc-to-ASeg aparc.a2009s Wed Mar 11 11:07:55 CET 2026
#@# AParc-to-ASeg aparc.DKTatlas Wed Mar 11 11:08:19 CET 2026
#@# WMParc Wed Mar 11 11:08:42 CET 2026
#@# ASeg Stats Wed Mar 11 11:10:29 CET 2026
recon-all -s sub-v2s15x29752_ses-1 finished without error at Wed Mar 11 11:10:48 CET 2026
