status file for recon-all
Wed Mar 11 10:39:33 CET 2026
#@# Tessellate rh Wed Mar 11 10:39:33 CET 2026
#@# Smooth1 rh Wed Mar 11 10:39:36 CET 2026
#@# Inflation1 rh Wed Mar 11 10:39:37 CET 2026
#@# QSphere rh Wed Mar 11 10:39:50 CET 2026
#@# Fix Topology rh Wed Mar 11 10:40:40 CET 2026
#@# Smooth2 rh Wed Mar 11 10:45:22 CET 2026
#@# Inflation2 rh Wed Mar 11 10:45:24 CET 2026
#@# Curv .H and .K rh Wed Mar 11 10:45:37 CET 2026
#@# Sphere rh Wed Mar 11 10:46:13 CET 2026
#@# Surf Reg rh Wed Mar 11 10:49:23 CET 2026
#@# Jacobian white rh Wed Mar 11 10:52:47 CET 2026
#@# AvgCurv rh Wed Mar 11 10:52:47 CET 2026
#@# Cortical Parc rh Wed Mar 11 10:52:48 CET 2026
#@# white curv rh Wed Mar 11 10:58:42 CET 2026
#@# white area rh Wed Mar 11 10:58:43 CET 2026
#@# pial curv rh Wed Mar 11 10:58:43 CET 2026
#@# pial area rh Wed Mar 11 10:58:45 CET 2026
#@# thickness rh Wed Mar 11 10:58:45 CET 2026
#@# area and vertex vol rh Wed Mar 11 10:59:03 CET 2026
#@# Curvature Stats rh Wed Mar 11 10:59:04 CET 2026
#@# Cortical Parc 2 rh Wed Mar 11 10:59:06 CET 2026
#@# Cortical Parc 3 rh Wed Mar 11 10:59:15 CET 2026
#@# WM/GM Contrast rh Wed Mar 11 10:59:22 CET 2026
recon-all -s sub-v2s15x29752_ses-1 finished without error at Wed Mar 11 10:59:24 CET 2026



#New# invocation of recon-all 



status file for recon-all
Wed Mar 11 11:04:45 CET 2026
#@# white curv rh Wed Mar 11 11:04:45 CET 2026
#@# white area rh Wed Mar 11 11:04:45 CET 2026
#@# pial curv rh Wed Mar 11 11:04:45 CET 2026
#@# pial area rh Wed Mar 11 11:04:45 CET 2026
#@# thickness rh Wed Mar 11 11:04:45 CET 2026
#@# area and vertex vol rh Wed Mar 11 11:04:45 CET 2026
#@# Parcellation Stats rh Wed Mar 11 11:04:45 CET 2026
#@# Parcellation Stats 2 rh Wed Mar 11 11:04:59 CET 2026
#@# Parcellation Stats 3 rh Wed Mar 11 11:05:06 CET 2026
#@# BA_exvivo Labels rh Wed Mar 11 11:05:14 CET 2026
recon-all -s sub-v2s15x29752_ses-1 finished without error at Wed Mar 11 11:07:08 CET 2026
