status file for recon-all
Wed Mar 11 07:53:36 CET 2026
#@# MotionCor Wed Mar 11 07:53:37 CET 2026
#@# Talairach Wed Mar 11 07:53:45 CET 2026
#@# Talairach Failure Detection Wed Mar 11 07:58:07 CET 2026
#@# Nu Intensity Correction Wed Mar 11 07:58:07 CET 2026
#@# Intensity Normalization Wed Mar 11 08:01:21 CET 2026
recon-all -s sub-v2s15x29736_ses-1 finished without error at Wed Mar 11 08:02:50 CET 2026



#New# invocation of recon-all 



status file for recon-all
Wed Mar 11 08:09:45 CET 2026
#@# EM Registration Wed Mar 11 08:09:45 CET 2026
recon-all -s sub-v2s15x29736_ses-1 finished without error at Wed Mar 11 08:12:16 CET 2026



#New# invocation of recon-all 



status file for recon-all
Wed Mar 11 08:12:19 CET 2026
#@# CA Normalize Wed Mar 11 08:12:19 CET 2026
#@# CA Reg Wed Mar 11 08:13:40 CET 2026
#@# SubCort Seg Wed Mar 11 08:51:31 CET 2026
#@# CC Seg Wed Mar 11 09:18:51 CET 2026
#@# Merge ASeg Wed Mar 11 09:19:31 CET 2026
#@# Intensity Normalization2 Wed Mar 11 09:19:31 CET 2026
#@# Mask BFS Wed Mar 11 09:21:45 CET 2026
#@# WM Segmentation Wed Mar 11 09:21:45 CET 2026
#@# Fill Wed Mar 11 09:23:33 CET 2026
recon-all -s sub-v2s15x29736_ses-1 finished without error at Wed Mar 11 09:24:34 CET 2026



#New# invocation of recon-all 



status file for recon-all
Wed Mar 11 10:04:40 CET 2026
#@# white curv lh Wed Mar 11 10:04:40 CET 2026
#@# white area lh Wed Mar 11 10:04:41 CET 2026
#@# pial curv lh Wed Mar 11 10:04:41 CET 2026
#@# pial area lh Wed Mar 11 10:04:41 CET 2026
#@# thickness lh Wed Mar 11 10:04:41 CET 2026
#@# area and vertex vol lh Wed Mar 11 10:04:41 CET 2026
#@# white curv rh Wed Mar 11 10:04:41 CET 2026
#@# white area rh Wed Mar 11 10:04:41 CET 2026
#@# pial curv rh Wed Mar 11 10:04:41 CET 2026
#@# pial area rh Wed Mar 11 10:04:41 CET 2026
#@# thickness rh Wed Mar 11 10:04:41 CET 2026
#@# area and vertex vol rh Wed Mar 11 10:04:41 CET 2026
#@# Cortical ribbon mask Wed Mar 11 10:04:41 CET 2026
recon-all -s sub-v2s15x29736_ses-1 finished without error at Wed Mar 11 10:08:59 CET 2026



#New# invocation of recon-all 



status file for recon-all
Wed Mar 11 10:14:57 CET 2026
#@# white curv lh Wed Mar 11 10:14:57 CET 2026
#@# white area lh Wed Mar 11 10:14:57 CET 2026
#@# pial curv lh Wed Mar 11 10:14:57 CET 2026
#@# pial area lh Wed Mar 11 10:14:57 CET 2026
#@# thickness lh Wed Mar 11 10:14:57 CET 2026
#@# area and vertex vol lh Wed Mar 11 10:14:57 CET 2026
#@# white curv rh Wed Mar 11 10:14:57 CET 2026
#@# white area rh Wed Mar 11 10:14:57 CET 2026
#@# pial curv rh Wed Mar 11 10:14:57 CET 2026
#@# pial area rh Wed Mar 11 10:14:57 CET 2026
#@# thickness rh Wed Mar 11 10:14:57 CET 2026
#@# area and vertex vol rh Wed Mar 11 10:14:57 CET 2026
#@# Curvature Stats lh Wed Mar 11 10:14:57 CET 2026
#@# Curvature Stats rh Wed Mar 11 10:14:59 CET 2026
#@# Relabel Hypointensities Wed Mar 11 10:15:01 CET 2026
#@# APas-to-ASeg Wed Mar 11 10:15:16 CET 2026
#@# AParc-to-ASeg aparc Wed Mar 11 10:15:23 CET 2026
#@# AParc-to-ASeg aparc.a2009s Wed Mar 11 10:15:52 CET 2026
#@# AParc-to-ASeg aparc.DKTatlas Wed Mar 11 10:16:20 CET 2026
#@# WMParc Wed Mar 11 10:16:49 CET 2026
#@# ASeg Stats Wed Mar 11 10:20:15 CET 2026
recon-all -s sub-v2s15x29736_ses-1 finished without error at Wed Mar 11 10:20:46 CET 2026
