status file for recon-all
Wed Mar 11 09:44:07 CET 2026
#@# Tessellate rh Wed Mar 11 09:44:07 CET 2026
#@# Smooth1 rh Wed Mar 11 09:44:10 CET 2026
#@# Inflation1 rh Wed Mar 11 09:44:12 CET 2026
#@# QSphere rh Wed Mar 11 09:44:21 CET 2026
#@# Fix Topology rh Wed Mar 11 09:45:25 CET 2026
#@# Smooth2 rh Wed Mar 11 09:50:31 CET 2026
#@# Inflation2 rh Wed Mar 11 09:50:34 CET 2026
#@# Curv .H and .K rh Wed Mar 11 09:50:44 CET 2026
#@# Sphere rh Wed Mar 11 09:51:30 CET 2026
#@# Surf Reg rh Wed Mar 11 09:54:10 CET 2026
#@# Jacobian white rh Wed Mar 11 09:57:38 CET 2026
#@# AvgCurv rh Wed Mar 11 09:57:39 CET 2026
#@# Cortical Parc rh Wed Mar 11 09:57:39 CET 2026
#@# white curv rh Wed Mar 11 10:03:33 CET 2026
#@# white area rh Wed Mar 11 10:03:35 CET 2026
#@# pial curv rh Wed Mar 11 10:03:36 CET 2026
#@# pial area rh Wed Mar 11 10:03:38 CET 2026
#@# thickness rh Wed Mar 11 10:03:38 CET 2026
#@# area and vertex vol rh Wed Mar 11 10:04:07 CET 2026
#@# Curvature Stats rh Wed Mar 11 10:04:08 CET 2026
#@# Cortical Parc 2 rh Wed Mar 11 10:04:10 CET 2026
#@# Cortical Parc 3 rh Wed Mar 11 10:04:22 CET 2026
#@# WM/GM Contrast rh Wed Mar 11 10:04:32 CET 2026
recon-all -s sub-v2s15x29736_ses-1 finished without error at Wed Mar 11 10:04:34 CET 2026



#New# invocation of recon-all 



status file for recon-all
Wed Mar 11 10:11:57 CET 2026
#@# white curv rh Wed Mar 11 10:11:57 CET 2026
#@# white area rh Wed Mar 11 10:11:57 CET 2026
#@# pial curv rh Wed Mar 11 10:11:57 CET 2026
#@# pial area rh Wed Mar 11 10:11:57 CET 2026
#@# thickness rh Wed Mar 11 10:11:57 CET 2026
#@# area and vertex vol rh Wed Mar 11 10:11:57 CET 2026
#@# Parcellation Stats rh Wed Mar 11 10:11:57 CET 2026
#@# Parcellation Stats 2 rh Wed Mar 11 10:12:15 CET 2026
#@# Parcellation Stats 3 rh Wed Mar 11 10:12:25 CET 2026
#@# BA_exvivo Labels rh Wed Mar 11 10:12:34 CET 2026
recon-all -s sub-v2s15x29736_ses-1 finished without error at Wed Mar 11 10:14:54 CET 2026
