status file for recon-all
Wed Mar 11 09:24:39 CET 2026
#@# Tessellate lh Wed Mar 11 09:24:39 CET 2026
#@# Smooth1 lh Wed Mar 11 09:24:42 CET 2026
#@# Inflation1 lh Wed Mar 11 09:24:45 CET 2026
#@# QSphere lh Wed Mar 11 09:24:54 CET 2026
#@# Fix Topology lh Wed Mar 11 09:25:49 CET 2026
#@# Smooth2 lh Wed Mar 11 09:31:04 CET 2026
#@# Inflation2 lh Wed Mar 11 09:31:07 CET 2026
#@# Curv .H and .K lh Wed Mar 11 09:31:17 CET 2026
#@# Sphere lh Wed Mar 11 09:32:01 CET 2026
#@# Surf Reg lh Wed Mar 11 09:34:25 CET 2026
#@# Jacobian white lh Wed Mar 11 09:37:28 CET 2026
#@# AvgCurv lh Wed Mar 11 09:37:29 CET 2026
#@# Cortical Parc lh Wed Mar 11 09:37:29 CET 2026
#@# white curv lh Wed Mar 11 09:43:08 CET 2026
#@# white area lh Wed Mar 11 09:43:09 CET 2026
#@# pial curv lh Wed Mar 11 09:43:10 CET 2026
#@# pial area lh Wed Mar 11 09:43:11 CET 2026
#@# thickness lh Wed Mar 11 09:43:12 CET 2026
#@# area and vertex vol lh Wed Mar 11 09:43:39 CET 2026
#@# Curvature Stats lh Wed Mar 11 09:43:40 CET 2026
#@# Cortical Parc 2 lh Wed Mar 11 09:43:42 CET 2026
#@# Cortical Parc 3 lh Wed Mar 11 09:43:54 CET 2026
#@# WM/GM Contrast lh Wed Mar 11 09:44:03 CET 2026
recon-all -s sub-v2s15x29736_ses-1 finished without error at Wed Mar 11 09:44:05 CET 2026



#New# invocation of recon-all 



status file for recon-all
Wed Mar 11 10:09:03 CET 2026
#@# white curv lh Wed Mar 11 10:09:03 CET 2026
#@# white area lh Wed Mar 11 10:09:03 CET 2026
#@# pial curv lh Wed Mar 11 10:09:03 CET 2026
#@# pial area lh Wed Mar 11 10:09:03 CET 2026
#@# thickness lh Wed Mar 11 10:09:03 CET 2026
#@# area and vertex vol lh Wed Mar 11 10:09:03 CET 2026
#@# Parcellation Stats lh Wed Mar 11 10:09:03 CET 2026
#@# Parcellation Stats 2 lh Wed Mar 11 10:09:20 CET 2026
#@# Parcellation Stats 3 lh Wed Mar 11 10:09:29 CET 2026
#@# BA_exvivo Labels lh Wed Mar 11 10:09:37 CET 2026
recon-all -s sub-v2s15x29736_ses-1 finished without error at Wed Mar 11 10:11:54 CET 2026
