/out/sourcedata/freesurfer/sub-v2s15x29740_ses-1/mri
/opt/freesurfer/bin/talairach_avi
--i orig_nu.mgz --xfm transforms/talairach.auto.xfm
talairach_avi 7.3.2
Linux dna060 5.14.0-427.37.1.el9_4.x86_64 #1 SMP PREEMPT_DYNAMIC Fri Sep 13 12:41:50 EDT 2024 x86_64 x86_64 x86_64 GNU/Linux
Wed Mar 11 08:21:09 CET 2026
mri_convert orig_nu.mgz talsrcimg.img 
reading from orig_nu.mgz...
TR=0.00, TE=0.00, TI=0.00, flip angle=0.00
i_ras = (-1, 0, -3.72529e-09)
j_ras = (0, 0, -1)
k_ras = (0, 1, 0)
writing to talsrcimg.img...
Analyze Output Matrix
-1.00000   0.00000   0.00000   128.43225;
 0.00000   0.00000   1.00000  -130.42661;
-0.00000  -1.00000   0.00000   140.86880;
 0.00000   0.00000   0.00000   1.00000;
--------------------
INFO: set hdr.hist.orient to -1
mpr2mni305 talsrcimg
Wed Mar 11 08:21:09 CET 2026
/opt/freesurfer/bin/mpr2mni305 talsrcimg
mpr2mni305 7.3.2
target=711-2C_as_mni_average_305

---------------------------------------------------------------------
analyzeto4dfp talsrcimg -O0 -y
---------------------------------------------------------------------

freesurfer ifh2hdr.c
Wed Mar 11 08:21:09 2026
Writing: talsrcimg.4dfp.hdr
freesurfer analyzeto4dfp.c
Reading: talsrcimg.hdr
header size 348 bytes
hdr.dime.datatype	offset=70	value=2
hdr.dime.bitpix		offset=72	value=8
hdr.hist.orient		offset=252	value=-1
dimensionality     4
dimensions       256       256       256         1
Reading: talsrcimg.img
Writing: talsrcimg.4dfp.img
Writing: talsrcimg.4dfp.ifh
ifh2hdr talsrcimg -r0to246
ori=2

---------------------------------------------------------------------
gauss_4dfp talsrcimg 1.1
---------------------------------------------------------------------

freesurfer gauss_4dfp.c
Reading: talsrcimg.4dfp.img
Writing: talsrcimg_g11.4dfp.img
image dimensions 256 256 256 padded to 288 288 288
processing volume 1freesurfer ifh2hdr.c
Wed Mar 11 08:21:11 2026
Writing: talsrcimg_g11.4dfp.hdr

Writing: talsrcimg_g11.4dfp.ifh
including: talsrcimg.4dfp.img.rec in talsrcimg_g11.4dfp.img.rec

---------------------------------------------------------------------
imgreg_4dfp /opt/freesurfer/average/711-2C_as_mni_average_305 none talsrcimg_g11 none talsrcimg_to_711-2C_as_mni_average_305_t4 4355
---------------------------------------------------------------------

freesurfer imgreg_4dfp.c
/opt/freesurfer/average/711-2C_as_mni_average_305.4dfp.img
       256       256       256         1
  1.000000  1.000000  1.000000
orientation T byte_order littleendian
Reading image: /opt/freesurfer/average/711-2C_as_mni_average_305.4dfp.img
dimensions:      256       256       256
mmppix:       1.0000   -1.0000   -1.0000
center:     128.0000 -129.0000 -129.0000
talsrcimg_g11.4dfp.img
       256       256       256         1
  1.000000  1.000000  1.000000
orientation T byte_order littleendian
Reading image: talsrcimg_g11.4dfp.img
dimensions:      256       256       256
mmppix:       1.0000   -1.0000   -1.0000
center:     128.0000 -129.0000 -129.0000
t4_read: open error in t4_sub.f l:  41 t4_file(1:l)talsrcimg_to_711-2C_as_mni_average_305_t4 
t4_read: transform initialized to I4
rotation matrix determinant  1.000000
image alignment mode   4355 decimal     1103 hex
   -7.5000  -45.0000  -45.0000 7847.1670   16.5741
    0.0000  -45.0000  -45.0000 8147.1504   16.5610
    7.5000  -45.0000  -45.0000 7776.3027   16.5335
   -7.5000  -37.5000  -45.0000 8421.7158   16.5573
    0.0000  -37.5000  -45.0000 8737.8652   16.5421
    7.5000  -37.5000  -45.0000 8323.0859   16.5132
   -7.5000  -30.0000  -45.0000 9246.7988   16.5557
    0.0000  -30.0000  -45.0000 9591.7959   16.5442
    7.5000  -30.0000  -45.0000 9124.1631   16.5164
   -7.5000  -22.5000  -45.000010004.7432   16.5431
    0.0000  -22.5000  -45.000010378.3906   16.5375
    7.5000  -22.5000  -45.0000 9865.1943   16.5121
   -7.5000  -15.0000  -45.000010664.4590   16.5256
    0.0000  -15.0000  -45.000011055.5889   16.5230
    7.5000  -15.0000  -45.000010525.2754   16.4986
   -7.5000   -7.5000  -45.000011202.3340   16.5192
    0.0000   -7.5000  -45.000011656.0107   16.5124
    7.5000   -7.5000  -45.000011108.2480   16.4875
   -7.5000    0.0000  -45.000011700.3320   16.5292
    0.0000    0.0000  -45.000012187.4756   16.5158
    7.5000    0.0000  -45.000011608.4248   16.4891
   -7.5000    7.5000  -45.000011384.5820   16.5481
    0.0000    7.5000  -45.000011852.7783   16.5329
    7.5000    7.5000  -45.000011277.5879   16.5045
   -7.5000   15.0000  -45.000011026.8574   16.5556
    0.0000   15.0000  -45.000011458.5781   16.5441
    7.5000   15.0000  -45.000010930.2939   16.5163
   -7.5000   22.5000  -45.000010400.0371   16.5408
    0.0000   22.5000  -45.000010792.9551   16.5352
    7.5000   22.5000  -45.000010293.6758   16.5098
   -7.5000   30.0000  -45.0000 9525.9170   16.3054
    0.0000   30.0000  -45.0000 9853.1367   16.3028
    7.5000   30.0000  -45.0000 9388.0693   16.2787
   -7.5000   37.5000  -45.0000 9033.8760   16.2990
    0.0000   37.5000  -45.0000 9312.3398   16.2923
    7.5000   37.5000  -45.0000 8893.4668   16.2678
   -7.5000   45.0000  -45.0000 8177.0972   15.8948
    0.0000   45.0000  -45.0000 8444.5137   15.8819
    7.5000   45.0000  -45.0000 8081.5083   15.8563
   -7.5000  -45.0000  -37.5000 8477.4688   16.5056
    0.0000  -45.0000  -37.5000 8782.6709   16.5016
    7.5000  -45.0000  -37.5000 8360.7266   16.4864
   -7.5000  -37.5000  -37.5000 9066.8525   16.4854
    0.0000  -37.5000  -37.5000 9396.6514   16.4780
    7.5000  -37.5000  -37.5000 8923.2363   16.4614
   -7.5000  -30.0000  -37.5000 9933.2930   16.4872
    0.0000  -30.0000  -37.500010291.2666   16.4803
    7.5000  -30.0000  -37.5000 9790.6758   16.4636
   -7.5000  -22.5000  -37.500010704.1455   16.4829
    0.0000  -22.5000  -37.500011111.5879   16.4796
    7.5000  -22.5000  -37.500010575.0791   16.4637
   -7.5000  -15.0000  -37.500011395.0293   16.4705
    0.0000  -15.0000  -37.500011816.1133   16.4707
    7.5000  -15.0000  -37.500011251.8096   16.4559
   -7.5000   -7.5000  -37.500011968.5605   16.4591
    0.0000   -7.5000  -37.500012444.5352   16.4588
    7.5000   -7.5000  -37.500011835.3330   16.4449
   -7.5000    0.0000  -37.500012488.8525   16.4608
    0.0000    0.0000  -37.500012991.7471   16.4565
    7.5000    0.0000  -37.500012333.5127   16.4421
   -7.5000    7.5000  -37.500012160.1123   16.4764
    0.0000    7.5000  -37.500012631.6133   16.4689
    7.5000    7.5000  -37.500011985.9336   16.4528
   -7.5000   15.0000  -37.500011724.2510   16.4871
    0.0000   15.0000  -37.500012152.4551   16.4802
    7.5000   15.0000  -37.500011560.1182   16.4635
   -7.5000   22.5000  -37.500011026.9502   16.4806
    0.0000   22.5000  -37.500011387.5391   16.4773
    7.5000   22.5000  -37.500010839.7061   16.4615
   -7.5000   30.0000  -37.500010087.1982   16.2510
    0.0000   30.0000  -37.500010400.1504   16.2512
    7.5000   30.0000  -37.5000 9912.6475   16.2366
   -7.5000   37.5000  -37.5000 9530.7598   16.2398
    0.0000   37.5000  -37.5000 9809.4209   16.2395
    7.5000   37.5000  -37.5000 9367.2666   16.2257
   -7.5000   45.0000  -37.5000 8623.1133   15.8291
    0.0000   45.0000  -37.5000 8886.3857   15.8249
    7.5000   45.0000  -37.5000 8497.9150   15.8110
   -7.5000  -45.0000  -30.0000 9209.3848   17.1555
    0.0000  -45.0000  -30.0000 9576.1455   17.1618
    7.5000  -45.0000  -30.0000 9072.0908   17.1563
   -7.5000  -37.5000  -30.0000 9832.1592   17.1282
    0.0000  -37.5000  -30.000010211.1875   17.1306
    7.5000  -37.5000  -30.0000 9682.4170   17.1237
   -7.5000  -30.0000  -30.000010739.0762   17.1336
    0.0000  -30.0000  -30.000011146.8545   17.1344
    7.5000  -30.0000  -30.000010591.2441   17.1262
   -7.5000  -22.5000  -30.000011572.2471   17.1412
    0.0000  -22.5000  -30.000012030.4072   17.1436
    7.5000  -22.5000  -30.000011397.8057   17.1350
   -7.5000  -15.0000  -30.000012295.3008   17.1364
    0.0000  -15.0000  -30.000012783.2568   17.1425
    7.5000  -15.0000  -30.000012105.9795   17.1352
   -7.5000   -7.5000  -30.000012925.2207   17.1189
    0.0000   -7.5000  -30.000013439.2705   17.1268
    7.5000   -7.5000  -30.000012710.4473   17.1217
   -7.5000    0.0000  -30.000013470.6768   17.1088
    0.0000    0.0000  -30.000014004.8291   17.1147
    7.5000    0.0000  -30.000013244.6680   17.1099
   -7.5000    7.5000  -30.000013110.3926   17.1186
    0.0000    7.5000  -30.000013611.2793   17.1210
    7.5000    7.5000  -30.000012841.1230   17.1145
   -7.5000   15.0000  -30.000012621.9482   17.1334
    0.0000   15.0000  -30.000013064.9170   17.1343
    7.5000   15.0000  -30.000012360.3760   17.1260
   -7.5000   22.5000  -30.000011803.1973   17.1371
    0.0000   22.5000  -30.000012190.3193   17.1395
    7.5000   22.5000  -30.000011572.0576   17.1309
   -7.5000   30.0000  -30.000010779.6338   16.9097
    0.0000   30.0000  -30.000011107.2656   16.9157
    7.5000   30.0000  -30.000010576.6504   16.9084
   -7.5000   37.5000  -30.000010172.2812   16.8924
    0.0000   37.5000  -30.000010475.5371   16.9002
    7.5000   37.5000  -30.0000 9978.4414   16.8952
   -7.5000   45.0000  -30.0000 9179.0430   16.4642
    0.0000   45.0000  -30.0000 9460.3877   16.4699
    7.5000   45.0000  -30.0000 9022.9004   16.4653
   -7.5000  -45.0000  -22.5000 9938.0371   17.7193
    0.0000  -45.0000  -22.500010330.6064   17.7260
    7.5000  -45.0000  -22.5000 9800.3457   17.7166
   -7.5000  -37.5000  -22.500010561.8604   17.6867
    0.0000  -37.5000  -22.500010991.8438   17.6912
    7.5000  -37.5000  -22.500010433.1816   17.6813
   -7.5000  -30.0000  -22.500011526.3418   17.6912
    0.0000  -30.0000  -22.500011992.7412   17.6956
    7.5000  -30.0000  -22.500011369.6689   17.6851
   -7.5000  -22.5000  -22.500012414.7578   17.7033
    0.0000  -22.5000  -22.500012912.4111   17.7092
    7.5000  -22.5000  -22.500012215.3213   17.6980
   -7.5000  -15.0000  -22.500013138.7510   17.7025
    0.0000  -15.0000  -22.500013696.4023   17.7114
    7.5000  -15.0000  -22.500012925.6094   17.7009
   -7.5000   -7.5000  -22.500013804.8584   17.6847
    0.0000   -7.5000  -22.500014391.0176   17.6939
    7.5000   -7.5000  -22.500013555.3447   17.6849
   -7.5000    0.0000  -22.500014419.5693   17.6710
    0.0000    0.0000  -22.500015029.6973   17.6773
    7.5000    0.0000  -22.500014126.4336   17.6687
   -7.5000    7.5000  -22.500014019.8223   17.6766
    0.0000    7.5000  -22.500014590.8262   17.6810
    7.5000    7.5000  -22.500013680.3252   17.6716
   -7.5000   15.0000  -22.500013467.1768   17.6911
    0.0000   15.0000  -22.500013977.1797   17.6954
    7.5000   15.0000  -22.500013134.7979   17.6849
   -7.5000   22.5000  -22.500012570.8545   17.6979
    0.0000   22.5000  -22.500013009.4697   17.7037
    7.5000   22.5000  -22.500012275.7061   17.6925
   -7.5000   30.0000  -22.500011501.1875   17.4710
    0.0000   30.0000  -22.500011855.7432   17.4798
    7.5000   30.0000  -22.500011239.7490   17.4693
   -7.5000   37.5000  -22.500010799.7793   17.4534
    0.0000   37.5000  -22.500011146.0410   17.4624
    7.5000   37.5000  -22.500010567.2100   17.4536
   -7.5000   45.0000  -22.5000 9735.4795   17.0180
    0.0000   45.0000  -22.500010054.3330   17.0241
    7.5000   45.0000  -22.5000 9556.4492   17.0158
   -7.5000  -45.0000  -15.000010659.6885   18.1197
    0.0000  -45.0000  -15.000011071.7441   18.1182
    7.5000  -45.0000  -15.000010537.4307   18.0948
   -7.5000  -37.5000  -15.000011288.1865   18.0897
    0.0000  -37.5000  -15.000011746.8320   18.0876
    7.5000  -37.5000  -15.000011177.5078   18.0641
   -7.5000  -30.0000  -15.000012285.5371   18.0908
    0.0000  -30.0000  -15.000012809.3574   18.0916
    7.5000  -30.0000  -15.000012148.3115   18.0687
   -7.5000  -22.5000  -15.000013229.7939   18.0951
    0.0000  -22.5000  -15.000013768.5547   18.0992
    7.5000  -22.5000  -15.000013050.0625   18.0769
   -7.5000  -15.0000  -15.000013995.0020   18.0893
    0.0000  -15.0000  -15.000014583.7344   18.0956
    7.5000  -15.0000  -15.000013747.0283   18.0735
   -7.5000   -7.5000  -15.000014685.6270   18.0761
    0.0000   -7.5000  -15.000015288.7490   18.0794
    7.5000   -7.5000  -15.000014396.7080   18.0572
   -7.5000    0.0000  -15.000015310.1641   18.0705
    0.0000    0.0000  -15.000015951.7705   18.0687
    7.5000    0.0000  -15.000014993.2930   18.0462
   -7.5000    7.5000  -15.000014852.2598   18.0793
    0.0000    7.5000  -15.000015475.8896   18.0772
    7.5000    7.5000  -15.000014524.7393   18.0542
   -7.5000   15.0000  -15.000014218.7227   18.0906
    0.0000   15.0000  -15.000014773.2295   18.0914
    7.5000   15.0000  -15.000013880.6396   18.0686
   -7.5000   22.5000  -15.000013274.6299   18.0887
    0.0000   22.5000  -15.000013764.6504   18.0928
    7.5000   22.5000  -15.000012940.5625   18.0705
   -7.5000   30.0000  -15.000012156.1172   17.8552
    0.0000   30.0000  -15.000012563.9619   17.8614
    7.5000   30.0000  -15.000011834.9980   17.8396
   -7.5000   37.5000  -15.000011399.8652   17.8422
    0.0000   37.5000  -15.000011778.2178   17.8454
    7.5000   37.5000  -15.000011125.6484   17.8235
   -7.5000   45.0000  -15.000010244.1191   17.4133
    0.0000   45.0000  -15.000010597.7686   17.4116
    7.5000   45.0000  -15.000010031.6191   17.3898
   -7.5000  -45.0000   -7.500011418.4092   18.3378
    0.0000  -45.0000   -7.500011885.9707   18.3263
    7.5000  -45.0000   -7.500011329.1816   18.2929
   -7.5000  -37.5000   -7.500012047.1406   18.3160
    0.0000  -37.5000   -7.500012548.7207   18.3036
    7.5000  -37.5000   -7.500011955.7588   18.2692
   -7.5000  -30.0000   -7.500013090.8779   18.3148
    0.0000  -30.0000   -7.500013661.8691   18.3071
    7.5000  -30.0000   -7.500012991.6992   18.2740
   -7.5000  -22.5000   -7.500014099.0527   18.3059
    0.0000  -22.5000   -7.500014693.1387   18.3039
    7.5000  -22.5000   -7.500013906.5469   18.2731
   -7.5000  -15.0000   -7.500014890.2109   18.2900
    0.0000  -15.0000   -7.500015481.2559   18.2905
    7.5000  -15.0000   -7.500014609.9326   18.2606
   -7.5000   -7.5000   -7.500015591.8877   18.2815
    0.0000   -7.5000   -7.500016215.5088   18.2767
    7.5000   -7.5000   -7.500015312.3516   18.2461
   -7.5000    0.0000   -7.500016250.6611   18.2884
    0.0000    0.0000   -7.500016922.9277   18.2766
    7.5000    0.0000   -7.500015954.7461   18.2441
   -7.5000    7.5000   -7.500015758.1309   18.3057
    0.0000    7.5000   -7.500016401.1152   18.2933
    7.5000    7.5000   -7.500015456.3105   18.2594
   -7.5000   15.0000   -7.500015017.2129   18.3147
    0.0000   15.0000   -7.500015583.6377   18.3070
    7.5000   15.0000   -7.500014693.6426   18.2739
   -7.5000   22.5000   -7.500014003.2441   18.2974
    0.0000   22.5000   -7.500014534.0322   18.2954
    7.5000   22.5000   -7.500013666.4014   18.2647
   -7.5000   30.0000   -7.500012819.8896   18.0528
    0.0000   30.0000   -7.500013263.1885   18.0533
    7.5000   30.0000   -7.500012472.4854   18.0238
   -7.5000   37.5000   -7.500012016.9619   18.0444
    0.0000   37.5000   -7.500012418.1865   18.0397
    7.5000   37.5000   -7.500011691.0771   18.0095
   -7.5000   45.0000   -7.500010743.1777   17.6266
    0.0000   45.0000   -7.500011118.5537   17.6152
    7.5000   45.0000   -7.500010503.7139   17.5839
   -7.5000  -45.0000    0.000012071.1162   18.4029
    0.0000  -45.0000    0.000012606.7158   18.3887
    7.5000  -45.0000    0.000012046.5137   18.3585
   -7.5000  -37.5000    0.000012719.2432   18.3845
    0.0000  -37.5000    0.000013285.4639   18.3681
    7.5000  -37.5000    0.000012698.1660   18.3363
   -7.5000  -30.0000    0.000013838.4688   18.3830
    0.0000  -30.0000    0.000014509.7861   18.3706
    7.5000  -30.0000    0.000013797.8896   18.3399
   -7.5000  -22.5000    0.000014862.9941   18.3692
    0.0000  -22.5000    0.000015528.8076   18.3633
    7.5000  -22.5000    0.000014708.3545   18.3351
   -7.5000  -15.0000    0.000015623.0371   18.3497
    0.0000  -15.0000    0.000016241.8213   18.3471
    7.5000  -15.0000    0.000015452.6729   18.3201
   -7.5000   -7.5000    0.000016374.0283   18.3424
    0.0000   -7.5000    0.000017057.5957   18.3352
    7.5000   -7.5000    0.000016233.7451   18.3077
   -7.5000    0.0000    0.000017088.2793   18.3534
    0.0000    0.0000    0.000017838.6621   18.3390
    7.5000    0.0000    0.000016913.1113   18.3096
   -7.5000    7.5000    0.000016547.2949   18.3744
    0.0000    7.5000    0.000017247.1523   18.3580
    7.5000    7.5000    0.000016373.3936   18.3267
   -7.5000   15.0000    0.000015758.8965   18.3829
    0.0000   15.0000    0.000016361.9785   18.3705
    7.5000   15.0000    0.000015520.7588   18.3398
   -7.5000   22.5000    0.000014656.7217   18.3607
    0.0000   22.5000    0.000015197.7969   18.3549
    7.5000   22.5000    0.000014373.2090   18.3266
   -7.5000   30.0000    0.000013390.4307   18.1123
    0.0000   30.0000    0.000013861.8760   18.1097
    7.5000   30.0000    0.000013096.4668   18.0830
   -7.5000   37.5000    0.000012545.7188   18.1050
    0.0000   37.5000    0.000012984.0664   18.0979
    7.5000   37.5000    0.000012263.3516   18.0708
   -7.5000   45.0000    0.000011191.9287   17.6906
    0.0000   45.0000    0.000011571.4258   17.6766
    7.5000   45.0000    0.000010971.3721   17.6483
   -7.5000  -45.0000    7.500011752.4209   18.4226
    0.0000  -45.0000    7.500012284.3359   18.4185
    7.5000  -45.0000    7.500011769.4834   18.4017
   -7.5000  -37.5000    7.500012398.6172   18.4001
    0.0000  -37.5000    7.500012961.3701   18.3921
    7.5000  -37.5000    7.500012414.0293   18.3738
   -7.5000  -30.0000    7.500013459.6875   18.4021
    0.0000  -30.0000    7.500014112.7822   18.3947
    7.5000  -30.0000    7.500013507.5811   18.3761
   -7.5000  -22.5000    7.500014326.5771   18.3973
    0.0000  -22.5000    7.500014934.2012   18.3940
    7.5000  -22.5000    7.500014384.7178   18.3763
   -7.5000  -15.0000    7.500014949.1074   18.3836
    0.0000  -15.0000    7.500015528.2793   18.3842
    7.5000  -15.0000    7.500015064.6025   18.3677
   -7.5000   -7.5000    7.500015741.5742   18.3709
    0.0000   -7.5000    7.500016367.2988   18.3709
    7.5000   -7.5000    7.500015824.2676   18.3554
   -7.5000    0.0000    7.500016495.9551   18.3728
    0.0000    0.0000    7.500017227.3438   18.3683
    7.5000    0.0000    7.500016549.1641   18.3523
   -7.5000    7.5000    7.500016002.8330   18.3900
    0.0000    7.5000    7.500016706.7754   18.3821
    7.5000    7.5000    7.500016011.8271   18.3641
   -7.5000   15.0000    7.500015197.4551   18.4020
    0.0000   15.0000    7.500015834.1484   18.3946
    7.5000   15.0000    7.500015149.9492   18.3760
   -7.5000   22.5000    7.500014148.8369   18.3888
    0.0000   22.5000    7.500014689.7686   18.3855
    7.5000   22.5000    7.500014001.8975   18.3678
   -7.5000   30.0000    7.500012949.7920   18.1457
    0.0000   30.0000    7.500013434.5469   18.1462
    7.5000   30.0000    7.500012797.9951   18.1299
   -7.5000   37.5000    7.500012114.3691   18.1332
    0.0000   37.5000    7.500012569.4863   18.1332
    7.5000   37.5000    7.500011965.6699   18.1179
   -7.5000   45.0000    7.500010764.6201   17.7092
    0.0000   45.0000    7.500011162.1553   17.7049
    7.5000   45.0000    7.500010628.0918   17.6895
   -7.5000  -45.0000   15.000011382.3174   18.4203
    0.0000  -45.0000   15.000011857.5850   18.4270
    7.5000  -45.0000   15.000011328.2568   18.4212
   -7.5000  -37.5000   15.000011943.8379   18.3909
    0.0000  -37.5000   15.000012464.4883   18.3935
    7.5000  -37.5000   15.000011944.0039   18.3862
   -7.5000  -30.0000   15.000012923.1475   18.3968
    0.0000  -30.0000   15.000013548.7031   18.3977
    7.5000  -30.0000   15.000012991.2695   18.3888
   -7.5000  -22.5000   15.000013795.8486   18.4050
    0.0000  -22.5000   15.000014342.3223   18.4076
    7.5000  -22.5000   15.000013912.2686   18.3983
   -7.5000  -15.0000   15.000014356.7285   18.3998
    0.0000  -15.0000   15.000014888.5723   18.4063
    7.5000  -15.0000   15.000014592.7725   18.3984
   -7.5000   -7.5000   15.000015037.4541   18.3810
    0.0000   -7.5000   15.000015644.9502   18.3895
    7.5000   -7.5000   15.000015283.4170   18.3840
   -7.5000    0.0000   15.000015768.3555   18.3701
    0.0000    0.0000   15.000016466.1309   18.3764
    7.5000    0.0000   15.000015956.9521   18.3713
   -7.5000    7.5000   15.000015374.6074   18.3806
    0.0000    7.5000   15.000016042.6523   18.3832
    7.5000    7.5000   15.000015434.9893   18.3763
   -7.5000   15.0000   15.000014649.0830   18.3967
    0.0000   15.0000   15.000015251.4277   18.3976
    7.5000   15.0000   15.000014611.0322   18.3887
   -7.5000   22.5000   15.000013613.2148   18.3965
    0.0000   22.5000   15.000014162.8760   18.3991
    7.5000   22.5000   15.000013515.7422   18.3899
   -7.5000   30.0000   15.000012441.4150   18.1617
    0.0000   30.0000   15.000012926.7705   18.1681
    7.5000   30.0000   15.000012304.4443   18.1603
   -7.5000   37.5000   15.000011618.4375   18.1431
    0.0000   37.5000   15.000012065.9346   18.1515
    7.5000   37.5000   15.000011491.2764   18.1461
   -7.5000   45.0000   15.000010343.5098   17.7067
    0.0000   45.0000   15.000010705.7734   17.7128
    7.5000   45.0000   15.000010205.3887   17.7079
   -7.5000  -45.0000   22.500010867.2314   18.4087
    0.0000  -45.0000   22.500011340.9678   18.4155
    7.5000  -45.0000   22.500010806.6572   18.4057
   -7.5000  -37.5000   22.500011387.1807   18.3748
    0.0000  -37.5000   22.500011914.6934   18.3793
    7.5000  -37.5000   22.500011401.0801   18.3689
   -7.5000  -30.0000   22.500012320.9199   18.3795
    0.0000  -30.0000   22.500012939.7051   18.3839
    7.5000  -30.0000   22.500012386.5205   18.3728
   -7.5000  -22.5000   22.500013235.0830   18.3920
    0.0000  -22.5000   22.500013814.5293   18.3980
    7.5000  -22.5000   22.500013260.4766   18.3863
   -7.5000  -15.0000   22.500013949.4580   18.3912
    0.0000  -15.0000   22.500014500.8643   18.4004
    7.5000  -15.0000   22.500013962.8223   18.3893
   -7.5000   -7.5000   22.500014621.7461   18.3727
    0.0000   -7.5000   22.500015195.7871   18.3821
    7.5000   -7.5000   22.500014658.9570   18.3727
   -7.5000    0.0000   22.500015236.3037   18.3584
    0.0000    0.0000   22.500015845.6445   18.3649
    7.5000    0.0000   22.500015253.9883   18.3558
   -7.5000    7.5000   22.500014773.0166   18.3643
    0.0000    7.5000   22.500015330.9531   18.3688
    7.5000    7.5000   22.500014727.5928   18.3588
   -7.5000   15.0000   22.500014005.0527   18.3793
    0.0000   15.0000   22.500014503.6826   18.3837
    7.5000   15.0000   22.500013918.5967   18.3727
   -7.5000   22.5000   22.500012962.9883   18.3835
    0.0000   22.5000   22.500013436.4844   18.3895
    7.5000   22.5000   22.500012858.5615   18.3779
   -7.5000   30.0000   22.500011786.4375   18.1532
    0.0000   30.0000   22.500012244.8057   18.1623
    7.5000   30.0000   22.500011710.4023   18.1514
   -7.5000   37.5000   22.500010996.7646   18.1350
    0.0000   37.5000   22.500011429.6270   18.1442
    7.5000   37.5000   22.500010920.4697   18.1350
   -7.5000   45.0000   22.5000 9820.0791   17.6954
    0.0000   45.0000   22.500010210.6562   17.7016
    7.5000   45.0000   22.5000 9720.9238   17.6929
   -7.5000  -45.0000   30.000010231.9639   18.4396
    0.0000  -45.0000   30.000010674.9980   18.4379
    7.5000  -45.0000   30.000010123.1865   18.4141
   -7.5000  -37.5000   30.000010741.2861   18.4090
    0.0000  -37.5000   30.000011243.7900   18.4067
    7.5000  -37.5000   30.000010680.9678   18.3828
   -7.5000  -30.0000   30.000011641.2373   18.4101
    0.0000  -30.0000   30.000012209.1533   18.4106
    7.5000  -30.0000   30.000011588.8711   18.3874
   -7.5000  -22.5000   30.000012518.4717   18.4145
    0.0000  -22.5000   30.000013075.1865   18.4185
    7.5000  -22.5000   30.000012417.3730   18.3958
   -7.5000  -15.0000   30.000013233.1055   18.4086
    0.0000  -15.0000   30.000013780.1660   18.4148
    7.5000  -15.0000   30.000013110.1943   18.3923
   -7.5000   -7.5000   30.000013890.0869   18.3951
    0.0000   -7.5000   30.000014438.9785   18.3982
    7.5000   -7.5000   30.000013765.5156   18.3757
   -7.5000    0.0000   30.000014451.4658   18.3894
    0.0000    0.0000   30.000015003.1240   18.3874
    7.5000    0.0000   30.000014320.6895   18.3644
   -7.5000    7.5000   30.000013906.7363   18.3983
    0.0000    7.5000   30.000014442.3477   18.3961
    7.5000    7.5000   30.000013807.7881   18.3726
   -7.5000   15.0000   30.000013129.9990   18.4099
    0.0000   15.0000   30.000013625.4531   18.4105
    7.5000   15.0000   30.000013030.1475   18.3873
   -7.5000   22.5000   30.000012150.2471   18.4061
    0.0000   22.5000   30.000012613.0254   18.4100
    7.5000   22.5000   30.000012048.2061   18.3873
   -7.5000   30.0000   30.000011040.9717   18.1704
    0.0000   30.0000   30.000011473.4268   18.1765
    7.5000   30.0000   30.000010972.6357   18.1543
   -7.5000   37.5000   30.000010313.7354   18.1570
    0.0000   37.5000   30.000010718.5068   18.1601
    7.5000   37.5000   30.000010252.8955   18.1379
   -7.5000   45.0000   30.0000 9227.9756   17.7253
    0.0000   45.0000   30.0000 9584.4131   17.7233
    7.5000   45.0000   30.0000 9154.6211   17.7012
   -7.5000  -45.0000   37.5000 9925.1328   18.5531
    0.0000  -45.0000   37.500010339.0166   18.5407
    7.5000  -45.0000   37.5000 9772.8096   18.5065
   -7.5000  -37.5000   37.500010438.6758   18.5309
    0.0000  -37.5000   37.500010898.2539   18.5177
    7.5000  -37.5000   37.500010314.7666   18.4823
   -7.5000  -30.0000   37.500011287.2627   18.5297
    0.0000  -30.0000   37.500011800.4141   18.5213
    7.5000  -30.0000   37.500011180.7051   18.4872
   -7.5000  -22.5000   37.500012095.8340   18.5205
    0.0000  -22.5000   37.500012605.8662   18.5179
    7.5000  -22.5000   37.500011985.8613   18.4863
   -7.5000  -15.0000   37.500012758.5176   18.5040
    0.0000  -15.0000   37.500013292.1533   18.5040
    7.5000  -15.0000   37.500012662.2764   18.4733
   -7.5000   -7.5000   37.500013390.6504   18.4954
    0.0000   -7.5000   37.500013926.6143   18.4899
    7.5000   -7.5000   37.500013285.5693   18.4586
   -7.5000    0.0000   37.500013962.5000   18.5026
    0.0000    0.0000   37.500014504.8828   18.4899
    7.5000    0.0000   37.500013857.6914   18.4566
   -7.5000    7.5000   37.500013464.0215   18.5204
    0.0000    7.5000   37.500013984.1172   18.5072
    7.5000    7.5000   37.500013366.5791   18.4723
   -7.5000   15.0000   37.500012718.7480   18.5296
    0.0000   15.0000   37.500013200.8359   18.5212
    7.5000   15.0000   37.500012597.1240   18.4871
   -7.5000   22.5000   37.500011767.1611   18.5119
    0.0000   22.5000   37.500012225.6953   18.5094
    7.5000   22.5000   37.500011634.5518   18.4777
   -7.5000   30.0000   37.500010696.9795   18.2646
    0.0000   30.0000   37.500011143.2744   18.2645
    7.5000   30.0000   37.500010609.1113   18.2342
   -7.5000   37.5000   37.500010016.9727   18.2560
    0.0000   37.5000   37.500010428.9326   18.2507
    7.5000   37.5000   37.5000 9930.1523   18.2197
   -7.5000   45.0000   37.5000 8953.9990   17.8344
    0.0000   45.0000   37.5000 9303.7148   17.8221
    7.5000   45.0000   37.5000 8877.6377   17.7901
   -7.5000  -45.0000   45.0000 9093.3838   18.6480
    0.0000  -45.0000   45.0000 9467.3799   18.6324
    7.5000  -45.0000   45.0000 8967.9834   18.6011
   -7.5000  -37.5000   45.0000 9572.2773   18.6294
    0.0000  -37.5000   45.0000 9985.9248   18.6115
    7.5000  -37.5000   45.0000 9458.5459   18.5784
   -7.5000  -30.0000   45.000010331.9521   18.6280
    0.0000  -30.0000   45.000010800.9678   18.6142
    7.5000  -30.0000   45.000010247.7920   18.5822
   -7.5000  -22.5000   45.000011051.9053   18.6134
    0.0000  -22.5000   45.000011551.7168   18.6063
    7.5000  -22.5000   45.000010983.1621   18.5769
   -7.5000  -15.0000   45.000011655.2861   18.5927
    0.0000  -15.0000   45.000012184.7578   18.5891
    7.5000  -15.0000   45.000011610.5518   18.5611
   -7.5000   -7.5000   45.000012236.9248   18.5850
    0.0000   -7.5000   45.000012774.1035   18.5768
    7.5000   -7.5000   45.000012203.2314   18.5484
   -7.5000    0.0000   45.000012794.9941   18.5968
    0.0000    0.0000   45.000013342.2305   18.5810
    7.5000    0.0000   45.000012768.7646   18.5505
   -7.5000    7.5000   45.000012362.1748   18.6190
    0.0000    7.5000   45.000012896.2852   18.6011
    7.5000    7.5000   45.000012348.9844   18.5685
   -7.5000   15.0000   45.000011703.7178   18.6279
    0.0000   15.0000   45.000012179.4180   18.6141
    7.5000   15.0000   45.000011649.2295   18.5821
   -7.5000   22.5000   45.000010824.7939   18.6047
    0.0000   22.5000   45.000011278.8750   18.5977
    7.5000   22.5000   45.000010759.9121   18.5683
   -7.5000   30.0000   45.0000 9860.4541   18.3505
    0.0000   30.0000   45.000010300.7373   18.3469
    7.5000   30.0000   45.0000 9829.4922   18.3193
   -7.5000   37.5000   45.0000 9242.0840   18.3429
    0.0000   37.5000   45.0000 9650.0908   18.3348
    7.5000   37.5000   45.0000 9208.5986   18.3067
   -7.5000   45.0000   45.0000 8273.1797   17.9333
    0.0000   45.0000   45.0000 8616.5400   17.9180
    7.5000   45.0000   45.0000 8228.3965   17.8887

---------------------------------------------------------------------
imgreg_4dfp /opt/freesurfer/average/711-2C_as_mni_average_305 /opt/freesurfer/average/711-2B_as_mni_average_305_mask talsrcimg_g11 none talsrcimg_to_711-2C_as_mni_average_305_t4 4355
---------------------------------------------------------------------

freesurfer imgreg_4dfp.c
/opt/freesurfer/average/711-2C_as_mni_average_305.4dfp.img
       256       256       256         1
  1.000000  1.000000  1.000000
orientation T byte_order littleendian
Reading image: /opt/freesurfer/average/711-2C_as_mni_average_305.4dfp.img
dimensions:      256       256       256
mmppix:       1.0000   -1.0000   -1.0000
center:     128.0000 -129.0000 -129.0000
/opt/freesurfer/average/711-2B_as_mni_average_305_mask.4dfp.img
       256       256       256         1
  1.000000  1.000000  1.000000
orientation T byte_order littleendian
Reading mask: /opt/freesurfer/average/711-2B_as_mni_average_305_mask.4dfp.img (2306576 pixels)
talsrcimg_g11.4dfp.img
       256       256       256         1
  1.000000  1.000000  1.000000
orientation T byte_order littleendian
Reading image: talsrcimg_g11.4dfp.img
dimensions:      256       256       256
mmppix:       1.0000   -1.0000   -1.0000
center:     128.0000 -129.0000 -129.0000
rotation matrix determinant  1.000000
image alignment mode   4355 decimal     1103 hex
   -7.5000  -45.0000  -45.0000 2000.3184   19.9337
    0.0000  -45.0000  -45.0000 2010.9482   19.7248
    7.5000  -45.0000  -45.0000 1998.2222   19.8958
   -7.5000  -37.5000  -45.0000 2096.7100   18.4828
    0.0000  -37.5000  -45.0000 2101.8599   18.3231
    7.5000  -37.5000  -45.0000 2085.8591   18.4758
   -7.5000  -30.0000  -45.0000 2161.5933   17.3752
    0.0000  -30.0000  -45.0000 2166.0859   17.2401
    7.5000  -30.0000  -45.0000 2148.4385   17.3977
   -7.5000  -22.5000  -45.0000 2207.2146   16.5373
    0.0000  -22.5000  -45.0000 2209.1426   16.3946
    7.5000  -22.5000  -45.0000 2192.2437   16.5502
   -7.5000  -15.0000  -45.0000 2225.7859   16.0596
    0.0000  -15.0000  -45.0000 2229.5859   15.9174
    7.5000  -15.0000  -45.0000 2212.3542   16.0258
   -7.5000   -7.5000  -45.0000 2212.8103   15.8243
    0.0000   -7.5000  -45.0000 2218.5474   15.6781
    7.5000   -7.5000  -45.0000 2210.8179   15.8396
   -7.5000    0.0000  -45.0000 2190.9526   16.0291
    0.0000    0.0000  -45.0000 2206.3760   15.8447
    7.5000    0.0000  -45.0000 2196.3655   16.0352
   -7.5000    7.5000  -45.0000 2162.6636   16.5833
    0.0000    7.5000  -45.0000 2177.7869   16.4039
    7.5000    7.5000  -45.0000 2169.3533   16.5882
   -7.5000   15.0000  -45.0000 2127.4585   17.4646
    0.0000   15.0000  -45.0000 2139.8120   17.2232
    7.5000   15.0000  -45.0000 2130.5891   17.3993
   -7.5000   22.5000  -45.0000 2068.7004   18.8037
    0.0000   22.5000  -45.0000 2084.9998   18.5432
    7.5000   22.5000  -45.0000 2070.3545   18.7857
   -7.5000   30.0000  -45.0000 1992.1406   20.6808
    0.0000   30.0000  -45.0000 2008.8986   20.4451
    7.5000   30.0000  -45.0000 1993.9055   20.6961
   -7.5000   37.5000  -45.0000 1901.1674   23.0344
    0.0000   37.5000  -45.0000 1912.9288   22.7952
    7.5000   37.5000  -45.0000 1901.5818   23.0591
   -7.5000   45.0000  -45.0000 1791.5111   26.1159
    0.0000   45.0000  -45.0000 1805.4042   25.9016
    7.5000   45.0000  -45.0000 1794.7969   26.1202
   -7.5000  -45.0000  -37.5000 2093.4321   18.2329
    0.0000  -45.0000  -37.5000 2102.1182   17.9814
    7.5000  -45.0000  -37.5000 2088.9473   18.1940
   -7.5000  -37.5000  -37.5000 2187.5750   16.8867
    0.0000  -37.5000  -37.5000 2192.4138   16.7386
    7.5000  -37.5000  -37.5000 2174.2900   16.8433
   -7.5000  -30.0000  -37.5000 2253.0493   15.8759
    0.0000  -30.0000  -37.5000 2257.8462   15.7426
    7.5000  -30.0000  -37.5000 2242.4834   15.8206
   -7.5000  -22.5000  -37.5000 2292.4414   15.0813
    0.0000  -22.5000  -37.5000 2302.3013   14.9607
    7.5000  -22.5000  -37.5000 2291.2991   15.0558
   -7.5000  -15.0000  -37.5000 2315.1602   14.5989
    0.0000  -15.0000  -37.5000 2327.1094   14.4723
    7.5000  -15.0000  -37.5000 2318.7629   14.6138
   -7.5000   -7.5000  -37.5000 2311.6675   14.4465
    0.0000   -7.5000  -37.5000 2325.1162   14.3476
    7.5000   -7.5000  -37.5000 2319.2622   14.4849
   -7.5000    0.0000  -37.5000 2296.2996   14.6677
    0.0000    0.0000  -37.5000 2312.7095   14.5449
    7.5000    0.0000  -37.5000 2301.0669   14.7040
   -7.5000    7.5000  -37.5000 2271.3435   15.1628
    0.0000    7.5000  -37.5000 2287.2922   15.0195
    7.5000    7.5000  -37.5000 2276.1182   15.1864
   -7.5000   15.0000  -37.5000 2224.4146   15.9806
    0.0000   15.0000  -37.5000 2240.2583   15.7829
    7.5000   15.0000  -37.5000 2234.2588   15.9962
   -7.5000   22.5000  -37.5000 2165.7673   17.1889
    0.0000   22.5000  -37.5000 2180.7683   16.9956
    7.5000   22.5000  -37.5000 2167.5471   17.2587
   -7.5000   30.0000  -37.5000 2080.4856   18.9325
    0.0000   30.0000  -37.5000 2098.1077   18.7168
    7.5000   30.0000  -37.5000 2081.7603   19.0067
   -7.5000   37.5000  -37.5000 1979.0750   21.1391
    0.0000   37.5000  -37.5000 1991.8949   20.8662
    7.5000   37.5000  -37.5000 1978.9043   21.1783
   -7.5000   45.0000  -37.5000 1871.6747   23.9799
    0.0000   45.0000  -37.5000 1877.8553   23.7057
    7.5000   45.0000  -37.5000 1863.2760   23.9839
   -7.5000  -45.0000  -30.0000 2217.0513   17.2332
    0.0000  -45.0000  -30.0000 2230.2837   17.0679
    7.5000  -45.0000  -30.0000 2208.1917   17.2359
   -7.5000  -37.5000  -30.0000 2315.0291   15.9530
    0.0000  -37.5000  -30.0000 2321.8428   15.8312
    7.5000  -37.5000  -30.0000 2303.4766   15.9526
   -7.5000  -30.0000  -30.0000 2385.6414   14.9982
    0.0000  -30.0000  -30.0000 2390.4236   14.9024
    7.5000  -30.0000  -30.0000 2375.8179   14.9754
   -7.5000  -22.5000  -30.0000 2431.2546   14.2520
    0.0000  -22.5000  -30.0000 2439.0415   14.1829
    7.5000  -22.5000  -30.0000 2430.5298   14.2488
   -7.5000  -15.0000  -30.0000 2459.9802   13.8341
    0.0000  -15.0000  -30.0000 2475.6179   13.7385
    7.5000  -15.0000  -30.0000 2462.7581   13.8321
   -7.5000   -7.5000  -30.0000 2468.1938   13.7248
    0.0000   -7.5000  -30.0000 2485.7434   13.6603
    7.5000   -7.5000  -30.0000 2471.4985   13.7794
   -7.5000    0.0000  -30.0000 2455.7585   13.9371
    0.0000    0.0000  -30.0000 2472.6011   13.8576
    7.5000    0.0000  -30.0000 2459.0647   14.0118
   -7.5000    7.5000  -30.0000 2430.6025   14.4416
    0.0000    7.5000  -30.0000 2444.9287   14.3249
    7.5000    7.5000  -30.0000 2431.3604   14.4747
   -7.5000   15.0000  -30.0000 2375.5789   15.2497
    0.0000   15.0000  -30.0000 2391.5950   15.0836
    7.5000   15.0000  -30.0000 2377.5054   15.2564
   -7.5000   22.5000  -30.0000 2302.1248   16.4667
    0.0000   22.5000  -30.0000 2318.9507   16.3169
    7.5000   22.5000  -30.0000 2303.8022   16.5118
   -7.5000   30.0000  -30.0000 2205.7559   18.1135
    0.0000   30.0000  -30.0000 2223.2222   17.9499
    7.5000   30.0000  -30.0000 2208.8589   18.2265
   -7.5000   37.5000  -30.0000 2096.4343   20.1926
    0.0000   37.5000  -30.0000 2110.7664   19.9990
    7.5000   37.5000  -30.0000 2097.4194   20.3202
   -7.5000   45.0000  -30.0000 1975.2639   22.8978
    0.0000   45.0000  -30.0000 1981.8031   22.6804
    7.5000   45.0000  -30.0000 1966.3146   23.0145
   -7.5000  -45.0000  -22.5000 2311.7007   16.2227
    0.0000  -45.0000  -22.5000 2322.5203   16.0787
    7.5000  -45.0000  -22.5000 2299.7942   16.2727
   -7.5000  -37.5000  -22.5000 2417.6606   14.9353
    0.0000  -37.5000  -22.5000 2428.8835   14.8174
    7.5000  -37.5000  -22.5000 2411.9653   14.9959
   -7.5000  -30.0000  -22.5000 2497.0032   14.0401
    0.0000  -30.0000  -22.5000 2507.2874   13.9504
    7.5000  -30.0000  -22.5000 2491.9150   14.0960
   -7.5000  -22.5000  -22.5000 2552.7476   13.4137
    0.0000  -22.5000  -22.5000 2563.2795   13.3758
    7.5000  -22.5000  -22.5000 2545.6587   13.4227
   -7.5000  -15.0000  -22.5000 2584.9907   13.0337
    0.0000  -15.0000  -22.5000 2601.9065   12.9981
    7.5000  -15.0000  -22.5000 2585.7273   13.0695
   -7.5000   -7.5000  -22.5000 2596.9990   12.9818
    0.0000   -7.5000  -22.5000 2621.9529   12.9343
    7.5000   -7.5000  -22.5000 2602.9885   13.0318
   -7.5000    0.0000  -22.5000 2591.6111   13.2005
    0.0000    0.0000  -22.5000 2613.3997   13.1471
    7.5000    0.0000  -22.5000 2593.9910   13.2517
   -7.5000    7.5000  -22.5000 2564.9189   13.6890
    0.0000    7.5000  -22.5000 2583.7402   13.6183
    7.5000    7.5000  -22.5000 2555.8486   13.7275
   -7.5000   15.0000  -22.5000 2502.9385   14.4800
    0.0000   15.0000  -22.5000 2522.3115   14.3899
    7.5000   15.0000  -22.5000 2497.3428   14.5080
   -7.5000   22.5000  -22.5000 2417.5278   15.6778
    0.0000   22.5000  -22.5000 2435.4207   15.5709
    7.5000   22.5000  -22.5000 2412.7378   15.7107
   -7.5000   30.0000  -22.5000 2313.0935   17.2429
    0.0000   30.0000  -22.5000 2324.6101   17.1420
    7.5000   30.0000  -22.5000 2308.6174   17.3301
   -7.5000   37.5000  -22.5000 2187.4707   19.2386
    0.0000   37.5000  -22.5000 2200.1772   19.0767
    7.5000   37.5000  -22.5000 2180.7368   19.3139
   -7.5000   45.0000  -22.5000 2054.4692   21.7675
    0.0000   45.0000  -22.5000 2068.1689   21.6075
    7.5000   45.0000  -22.5000 2048.9846   21.8654
   -7.5000  -45.0000  -15.0000 2380.5093   15.2522
    0.0000  -45.0000  -15.0000 2388.9026   15.2005
    7.5000  -45.0000  -15.0000 2368.0032   15.4194
   -7.5000  -37.5000  -15.0000 2493.7791   14.0441
    0.0000  -37.5000  -15.0000 2505.5486   13.9789
    7.5000  -37.5000  -15.0000 2488.0901   14.1818
   -7.5000  -30.0000  -15.0000 2584.8782   13.1853
    0.0000  -30.0000  -15.0000 2600.3813   13.1118
    7.5000  -30.0000  -15.0000 2578.0757   13.2744
   -7.5000  -22.5000  -15.0000 2653.0320   12.6208
    0.0000  -22.5000  -15.0000 2665.0500   12.5989
    7.5000  -22.5000  -15.0000 2644.1550   12.6936
   -7.5000  -15.0000  -15.0000 2690.2717   12.3090
    0.0000  -15.0000  -15.0000 2707.2415   12.2961
    7.5000  -15.0000  -15.0000 2684.0542   12.3697
   -7.5000   -7.5000  -15.0000 2706.5718   12.3127
    0.0000   -7.5000  -15.0000 2732.5635   12.2621
    7.5000   -7.5000  -15.0000 2705.8037   12.3275
   -7.5000    0.0000  -15.0000 2699.1794   12.5175
    0.0000    0.0000  -15.0000 2721.2559   12.4843
    7.5000    0.0000  -15.0000 2693.7495   12.5642
   -7.5000    7.5000  -15.0000 2666.3081   12.9995
    0.0000    7.5000  -15.0000 2686.7444   12.9579
    7.5000    7.5000  -15.0000 2653.7690   13.0346
   -7.5000   15.0000  -15.0000 2593.9136   13.7919
    0.0000   15.0000  -15.0000 2610.2234   13.7444
    7.5000   15.0000  -15.0000 2582.1343   13.8327
   -7.5000   22.5000  -15.0000 2497.3057   14.9424
    0.0000   22.5000  -15.0000 2515.6277   14.8897
    7.5000   22.5000  -15.0000 2489.4421   15.0026
   -7.5000   30.0000  -15.0000 2386.0479   16.4411
    0.0000   30.0000  -15.0000 2402.2576   16.3557
    7.5000   30.0000  -15.0000 2375.8679   16.4841
   -7.5000   37.5000  -15.0000 2251.5342   18.3217
    0.0000   37.5000  -15.0000 2263.6580   18.2008
    7.5000   37.5000  -15.0000 2240.7964   18.3601
   -7.5000   45.0000  -15.0000 2107.4570   20.7510
    0.0000   45.0000  -15.0000 2122.1494   20.5706
    7.5000   45.0000  -15.0000 2103.6421   20.7475
   -7.5000  -45.0000   -7.5000 2434.4709   14.4694
    0.0000  -45.0000   -7.5000 2444.5940   14.4544
    7.5000  -45.0000   -7.5000 2426.3491   14.7500
   -7.5000  -37.5000   -7.5000 2551.0117   13.3041
    0.0000  -37.5000   -7.5000 2564.3254   13.2771
    7.5000  -37.5000   -7.5000 2541.1416   13.5079
   -7.5000  -30.0000   -7.5000 2655.4365   12.4852
    0.0000  -30.0000   -7.5000 2670.2842   12.4667
    7.5000  -30.0000   -7.5000 2643.5176   12.6334
   -7.5000  -22.5000   -7.5000 2735.6279   11.9446
    0.0000  -22.5000   -7.5000 2749.0454   11.9322
    7.5000  -22.5000   -7.5000 2723.2161   12.0670
   -7.5000  -15.0000   -7.5000 2784.4429   11.6506
    0.0000  -15.0000   -7.5000 2800.0203   11.6601
    7.5000  -15.0000   -7.5000 2767.0601   11.7697
   -7.5000   -7.5000   -7.5000 2802.0801   11.6837
    0.0000   -7.5000   -7.5000 2827.9858   11.6449
    7.5000   -7.5000   -7.5000 2790.0505   11.7491
   -7.5000    0.0000   -7.5000 2786.1091   11.9336
    0.0000    0.0000   -7.5000 2810.9475   11.9097
    7.5000    0.0000   -7.5000 2773.7034   12.0002
   -7.5000    7.5000   -7.5000 2745.1333   12.3844
    0.0000    7.5000   -7.5000 2764.8191   12.3739
    7.5000    7.5000   -7.5000 2730.1775   12.4680
   -7.5000   15.0000   -7.5000 2658.0452   13.1776
    0.0000   15.0000   -7.5000 2674.8000   13.1451
    7.5000   15.0000   -7.5000 2648.1357   13.2416
   -7.5000   22.5000   -7.5000 2550.0588   14.2980
    0.0000   22.5000   -7.5000 2572.5623   14.2572
    7.5000   22.5000   -7.5000 2544.0876   14.3734
   -7.5000   30.0000   -7.5000 2432.1326   15.6919
    0.0000   30.0000   -7.5000 2449.9148   15.6556
    7.5000   30.0000   -7.5000 2421.8516   15.7876
   -7.5000   37.5000   -7.5000 2292.1682   17.5241
    0.0000   37.5000   -7.5000 2302.0962   17.4342
    7.5000   37.5000   -7.5000 2277.7393   17.5709
   -7.5000   45.0000   -7.5000 2139.5232   19.8098
    0.0000   45.0000   -7.5000 2154.6060   19.6698
    7.5000   45.0000   -7.5000 2136.5774   19.8430
   -7.5000  -45.0000    0.0000 2470.5198   13.9310
    0.0000  -45.0000    0.0000 2482.3987   13.9356
    7.5000  -45.0000    0.0000 2463.9189   14.3172
   -7.5000  -37.5000    0.0000 2596.4973   12.7835
    0.0000  -37.5000    0.0000 2612.8657   12.7783
    7.5000  -37.5000    0.0000 2586.6714   13.0924
   -7.5000  -30.0000    0.0000 2707.9861   11.9863
    0.0000  -30.0000    0.0000 2724.1509   11.9840
    7.5000  -30.0000    0.0000 2695.4797   12.2306
   -7.5000  -22.5000    0.0000 2802.1296   11.4768
    0.0000  -22.5000    0.0000 2819.0916   11.4797
    7.5000  -22.5000    0.0000 2777.5913   11.6734
   -7.5000  -15.0000    0.0000 2857.7178   11.1678
    0.0000  -15.0000    0.0000 2872.2078   11.1785
    7.5000  -15.0000    0.0000 2827.4707   11.3520
   -7.5000   -7.5000    0.0000 2877.8591   11.1980
    0.0000   -7.5000    0.0000 2898.1880   11.1882
    7.5000   -7.5000    0.0000 2854.6296   11.3636
   -7.5000    0.0000    0.0000 2858.1670   11.5090
    0.0000    0.0000    0.0000 2879.3940   11.4877
    7.5000    0.0000    0.0000 2835.3496   11.6263
   -7.5000    7.5000    0.0000 2799.8574   11.9736
    0.0000    7.5000    0.0000 2817.5964   11.9633
    7.5000    7.5000    0.0000 2786.5203   12.0849
   -7.5000   15.0000    0.0000 2703.5503   12.7531
    0.0000   15.0000    0.0000 2722.5154   12.7214
    7.5000   15.0000    0.0000 2697.4832   12.8684
   -7.5000   22.5000    0.0000 2586.2966   13.8197
    0.0000   22.5000    0.0000 2604.4314   13.7883
    7.5000   22.5000    0.0000 2577.5710   13.9318
   -7.5000   30.0000    0.0000 2457.4641   15.2033
    0.0000   30.0000    0.0000 2471.4548   15.1616
    7.5000   30.0000    0.0000 2447.0173   15.3125
   -7.5000   37.5000    0.0000 2312.9226   16.9403
    0.0000   37.5000    0.0000 2325.6660   16.8685
    7.5000   37.5000    0.0000 2304.8235   17.0432
   -7.5000   45.0000    0.0000 2157.1406   19.1671
    0.0000   45.0000    0.0000 2168.2717   19.0296
    7.5000   45.0000    0.0000 2155.2390   19.2272
   -7.5000  -45.0000    7.5000 2500.3167   13.6344
    0.0000  -45.0000    7.5000 2511.7578   13.6572
    7.5000  -45.0000    7.5000 2491.6240   14.0586
   -7.5000  -37.5000    7.5000 2627.2354   12.5126
    0.0000  -37.5000    7.5000 2643.3176   12.5165
    7.5000  -37.5000    7.5000 2616.8269   12.8885
   -7.5000  -30.0000    7.5000 2739.5073   11.7191
    0.0000  -30.0000    7.5000 2757.9353   11.7100
    7.5000  -30.0000    7.5000 2731.8723   12.0572
   -7.5000  -22.5000    7.5000 2841.2769   11.1999
    0.0000  -22.5000    7.5000 2859.8606   11.1632
    7.5000  -22.5000    7.5000 2815.0891   11.4755
   -7.5000  -15.0000    7.5000 2901.5295   10.8112
    0.0000  -15.0000    7.5000 2915.4685   10.7805
    7.5000  -15.0000    7.5000 2863.9365   11.1671
   -7.5000   -7.5000    7.5000 2923.9165   10.8691
    0.0000   -7.5000    7.5000 2936.9270   10.8445
    7.5000   -7.5000    7.5000 2891.3157   11.1625
   -7.5000    0.0000    7.5000 2899.1003   11.2072
    0.0000    0.0000    7.5000 2919.9167   11.1973
    7.5000    0.0000    7.5000 2876.7205   11.4271
   -7.5000    7.5000    7.5000 2835.6997   11.7393
    0.0000    7.5000    7.5000 2853.7900   11.7223
    7.5000    7.5000    7.5000 2822.2649   11.9320
   -7.5000   15.0000    7.5000 2726.0527   12.4938
    0.0000   15.0000    7.5000 2745.6511   12.4931
    7.5000   15.0000    7.5000 2721.0266   12.6859
   -7.5000   22.5000    7.5000 2601.3123   13.5051
    0.0000   22.5000    7.5000 2617.4565   13.5202
    7.5000   22.5000    7.5000 2593.2937   13.6947
   -7.5000   30.0000    7.5000 2465.7629   14.8256
    0.0000   30.0000    7.5000 2483.0862   14.8203
    7.5000   30.0000    7.5000 2463.1843   15.0318
   -7.5000   37.5000    7.5000 2320.4521   16.5165
    0.0000   37.5000    7.5000 2334.9973   16.4964
    7.5000   37.5000    7.5000 2318.4836   16.7078
   -7.5000   45.0000    7.5000 2158.7385   18.6725
    0.0000   45.0000    7.5000 2178.2007   18.6066
    7.5000   45.0000    7.5000 2161.3909   18.8482
   -7.5000  -45.0000   15.0000 2518.7485   13.6732
    0.0000  -45.0000   15.0000 2529.1650   13.6348
    7.5000  -45.0000   15.0000 2499.4753   14.0497
   -7.5000  -37.5000   15.0000 2644.2292   12.5252
    0.0000  -37.5000   15.0000 2656.1399   12.4864
    7.5000  -37.5000   15.0000 2623.4990   12.8899
   -7.5000  -30.0000   15.0000 2750.2329   11.6922
    0.0000  -30.0000   15.0000 2769.1294   11.6650
    7.5000  -30.0000   15.0000 2738.4536   12.0507
   -7.5000  -22.5000   15.0000 2839.7219   11.1507
    0.0000  -22.5000   15.0000 2864.1316   11.0949
    7.5000  -22.5000   15.0000 2823.7808   11.4883
   -7.5000  -15.0000   15.0000 2896.9392   10.8052
    0.0000  -15.0000   15.0000 2914.3501   10.7025
    7.5000  -15.0000   15.0000 2871.8337   11.1818
   -7.5000   -7.5000   15.0000 2921.9407   10.7553
    0.0000   -7.5000   15.0000 2934.5000   10.7203
    7.5000   -7.5000   15.0000 2895.0483   11.1544
   -7.5000    0.0000   15.0000 2892.2505   11.1228
    0.0000    0.0000   15.0000 2912.9343   11.1105
    7.5000    0.0000   15.0000 2878.6848   11.3999
   -7.5000    7.5000   15.0000 2831.5471   11.7262
    0.0000    7.5000   15.0000 2854.2163   11.7199
    7.5000    7.5000   15.0000 2818.4165   11.9307
   -7.5000   15.0000   15.0000 2727.0369   12.5018
    0.0000   15.0000   15.0000 2745.5410   12.4970
    7.5000   15.0000   15.0000 2715.8445   12.6606
   -7.5000   22.5000   15.0000 2595.2715   13.4750
    0.0000   22.5000   15.0000 2617.0010   13.4583
    7.5000   22.5000   15.0000 2594.1575   13.6094
   -7.5000   30.0000   15.0000 2459.7234   14.7314
    0.0000   30.0000   15.0000 2480.3813   14.6976
    7.5000   30.0000   15.0000 2454.6609   14.8726
   -7.5000   37.5000   15.0000 2310.3875   16.3678
    0.0000   37.5000   15.0000 2329.4412   16.3217
    7.5000   37.5000   15.0000 2309.8123   16.5292
   -7.5000   45.0000   15.0000 2155.8997   18.4986
    0.0000   45.0000   15.0000 2172.3657   18.3967
    7.5000   45.0000   15.0000 2156.2327   18.6746
   -7.5000  -45.0000   22.5000 2520.7783   13.9388
    0.0000  -45.0000   22.5000 2530.6731   13.8891
    7.5000  -45.0000   22.5000 2493.3535   14.2732
   -7.5000  -37.5000   22.5000 2636.5647   12.7682
    0.0000  -37.5000   22.5000 2652.9314   12.7084
    7.5000  -37.5000   22.5000 2620.4160   13.0955
   -7.5000  -30.0000   22.5000 2738.9419   11.9018
    0.0000  -30.0000   22.5000 2760.7908   11.8691
    7.5000  -30.0000   22.5000 2733.8230   12.2460
   -7.5000  -22.5000   22.5000 2824.8740   11.3576
    0.0000  -22.5000   22.5000 2850.7729   11.3073
    7.5000  -22.5000   22.5000 2813.7905   11.6871
   -7.5000  -15.0000   22.5000 2876.0400   11.0579
    0.0000  -15.0000   22.5000 2897.0659   11.0056
    7.5000  -15.0000   22.5000 2857.9294   11.3686
   -7.5000   -7.5000   22.5000 2893.2080   11.0564
    0.0000   -7.5000   22.5000 2909.6270   10.9814
    7.5000   -7.5000   22.5000 2875.4104   11.3200
   -7.5000    0.0000   22.5000 2861.6812   11.2973
    0.0000    0.0000   22.5000 2885.8972   11.2474
    7.5000    0.0000   22.5000 2851.1372   11.5267
   -7.5000    7.5000   22.5000 2797.1726   11.8211
    0.0000    7.5000   22.5000 2820.5027   11.7990
    7.5000    7.5000   22.5000 2789.8801   12.0319
   -7.5000   15.0000   22.5000 2696.9390   12.5942
    0.0000   15.0000   22.5000 2716.5073   12.5589
    7.5000   15.0000   22.5000 2690.9221   12.7345
   -7.5000   22.5000   22.5000 2576.0774   13.5719
    0.0000   22.5000   22.5000 2596.6799   13.5339
    7.5000   22.5000   22.5000 2571.7280   13.6597
   -7.5000   30.0000   22.5000 2440.6721   14.8180
    0.0000   30.0000   22.5000 2463.0325   14.7858
    7.5000   30.0000   22.5000 2439.6204   14.9270
   -7.5000   37.5000   22.5000 2292.0237   16.4569
    0.0000   37.5000   22.5000 2309.5127   16.4125
    7.5000   37.5000   22.5000 2293.1885   16.5773
   -7.5000   45.0000   22.5000 2140.6028   18.5471
    0.0000   45.0000   22.5000 2157.5261   18.4705
    7.5000   45.0000   22.5000 2133.7170   18.6779
   -7.5000  -45.0000   30.0000 2499.0950   14.3293
    0.0000  -45.0000   30.0000 2509.1409   14.3038
    7.5000  -45.0000   30.0000 2476.1987   14.6203
   -7.5000  -37.5000   30.0000 2613.3267   13.1830
    0.0000  -37.5000   30.0000 2630.8384   13.1561
    7.5000  -37.5000   30.0000 2599.6179   13.4688
   -7.5000  -30.0000   30.0000 2711.6191   12.3730
    0.0000  -30.0000   30.0000 2729.4333   12.3490
    7.5000  -30.0000   30.0000 2698.3892   12.6452
   -7.5000  -22.5000   30.0000 2788.3650   11.8600
    0.0000  -22.5000   30.0000 2808.4683   11.8161
    7.5000  -22.5000   30.0000 2770.0645   12.1106
   -7.5000  -15.0000   30.0000 2826.9690   11.5453
    0.0000  -15.0000   30.0000 2839.6353   11.5214
    7.5000  -15.0000   30.0000 2807.4053   11.7916
   -7.5000   -7.5000   30.0000 2832.5840   11.5217
    0.0000   -7.5000   30.0000 2849.5681   11.4787
    7.5000   -7.5000   30.0000 2815.1326   11.7220
   -7.5000    0.0000   30.0000 2800.6824   11.6883
    0.0000    0.0000   30.0000 2818.1973   11.6503
    7.5000    0.0000   30.0000 2787.8987   11.8745
   -7.5000    7.5000   30.0000 2734.5061   12.1475
    0.0000    7.5000   30.0000 2755.0752   12.1394
    7.5000    7.5000   30.0000 2730.9604   12.3266
   -7.5000   15.0000   30.0000 2641.5498   12.8651
    0.0000   15.0000   30.0000 2660.9226   12.8391
    7.5000   15.0000   30.0000 2640.6252   13.0171
   -7.5000   22.5000   30.0000 2533.8416   13.8186
    0.0000   22.5000   30.0000 2551.2739   13.7618
    7.5000   22.5000   30.0000 2529.5745   13.9363
   -7.5000   30.0000   30.0000 2400.7219   15.0680
    0.0000   30.0000   30.0000 2420.1064   15.0084
    7.5000   30.0000   30.0000 2398.8408   15.1899
   -7.5000   37.5000   30.0000 2258.5217   16.7032
    0.0000   37.5000   30.0000 2274.9932   16.6204
    7.5000   37.5000   30.0000 2257.0442   16.8171
   -7.5000   45.0000   30.0000 2110.3572   18.8017
    0.0000   45.0000   30.0000 2124.3928   18.6706
    7.5000   45.0000   30.0000 2106.5205   18.8812
   -7.5000  -45.0000   37.5000 2460.0579   15.0608
    0.0000  -45.0000   37.5000 2474.6128   14.9757
    7.5000  -45.0000   37.5000 2437.9976   15.2147
   -7.5000  -37.5000   37.5000 2569.2898   13.9016
    0.0000  -37.5000   37.5000 2589.7534   13.8358
    7.5000  -37.5000   37.5000 2554.8464   14.0575
   -7.5000  -30.0000   37.5000 2657.2600   13.0733
    0.0000  -30.0000   37.5000 2677.2397   13.0155
    7.5000  -30.0000   37.5000 2643.3401   13.2346
   -7.5000  -22.5000   37.5000 2721.4165   12.5005
    0.0000  -22.5000   37.5000 2740.8625   12.4483
    7.5000  -22.5000   37.5000 2709.0913   12.6742
   -7.5000  -15.0000   37.5000 2751.3823   12.1431
    0.0000  -15.0000   37.5000 2768.9883   12.0929
    7.5000  -15.0000   37.5000 2746.0779   12.3249
   -7.5000   -7.5000   37.5000 2752.9788   12.0911
    0.0000   -7.5000   37.5000 2769.9150   12.0177
    7.5000   -7.5000   37.5000 2746.0879   12.2387
   -7.5000    0.0000   37.5000 2723.7734   12.2244
    0.0000    0.0000   37.5000 2738.4250   12.1765
    7.5000    0.0000   37.5000 2717.5752   12.3774
   -7.5000    7.5000   37.5000 2662.3906   12.6720
    0.0000    7.5000   37.5000 2677.1062   12.6321
    7.5000    7.5000   37.5000 2656.9775   12.8124
   -7.5000   15.0000   37.5000 2577.1946   13.3684
    0.0000   15.0000   37.5000 2591.0068   13.3440
    7.5000   15.0000   37.5000 2571.3577   13.4865
   -7.5000   22.5000   37.5000 2471.8157   14.2859
    0.0000   22.5000   37.5000 2488.4236   14.2372
    7.5000   22.5000   37.5000 2468.0740   14.3722
   -7.5000   30.0000   37.5000 2345.2476   15.4814
    0.0000   30.0000   37.5000 2365.3591   15.4493
    7.5000   30.0000   37.5000 2343.8357   15.6130
   -7.5000   37.5000   37.5000 2216.0630   17.1313
    0.0000   37.5000   37.5000 2230.1812   17.0570
    7.5000   37.5000   37.5000 2212.2000   17.2266
   -7.5000   45.0000   37.5000 2066.7571   19.2782
    0.0000   45.0000   37.5000 2077.9878   19.1519
    7.5000   45.0000   37.5000 2067.6963   19.3605
   -7.5000  -45.0000   45.0000 2405.2493   16.0030
    0.0000  -45.0000   45.0000 2419.5964   15.9051
    7.5000  -45.0000   45.0000 2380.9924   16.0954
   -7.5000  -37.5000   45.0000 2507.9209   14.8203
    0.0000  -37.5000   45.0000 2528.5767   14.7365
    7.5000  -37.5000   45.0000 2490.7334   14.8949
   -7.5000  -30.0000   45.0000 2581.9619   13.9419
    0.0000  -30.0000   45.0000 2603.7297   13.8801
    7.5000  -30.0000   45.0000 2568.1587   14.0339
   -7.5000  -22.5000   45.0000 2636.1633   13.3110
    0.0000  -22.5000   45.0000 2656.3936   13.2664
    7.5000  -22.5000   45.0000 2627.2397   13.4143
   -7.5000  -15.0000   45.0000 2659.4597   12.9120
    0.0000  -15.0000   45.0000 2680.9912   12.8635
    7.5000  -15.0000   45.0000 2661.7910   13.0095
   -7.5000   -7.5000   45.0000 2661.5820   12.8100
    0.0000   -7.5000   45.0000 2681.9226   12.7451
    7.5000   -7.5000   45.0000 2665.1011   12.8955
   -7.5000    0.0000   45.0000 2635.8640   12.9429
    0.0000    0.0000   45.0000 2652.3447   12.8814
    7.5000    0.0000   45.0000 2635.5293   13.0447
   -7.5000    7.5000   45.0000 2576.3914   13.3757
    0.0000    7.5000   45.0000 2593.0637   13.3468
    7.5000    7.5000   45.0000 2576.3560   13.4996
   -7.5000   15.0000   45.0000 2495.8135   14.0823
    0.0000   15.0000   45.0000 2508.7344   14.0183
    7.5000   15.0000   45.0000 2494.2354   14.1579
   -7.5000   22.5000   45.0000 2396.8450   14.9980
    0.0000   22.5000   45.0000 2412.1204   14.9470
    7.5000   22.5000   45.0000 2395.4019   15.0615
   -7.5000   30.0000   45.0000 2276.8723   16.2222
    0.0000   30.0000   45.0000 2298.7676   16.1486
    7.5000   30.0000   45.0000 2282.0542   16.2711
   -7.5000   37.5000   45.0000 2152.8879   17.8803
    0.0000   37.5000   45.0000 2170.0605   17.7740
    7.5000   37.5000   45.0000 2152.2461   17.9305
   -7.5000   45.0000   45.0000 2014.7368   20.0745
    0.0000   45.0000   45.0000 2024.8678   19.9191
    7.5000   45.0000   45.0000 2011.0178   20.1219

---------------------------------------------------------------------
imgreg_4dfp /opt/freesurfer/average/711-2C_as_mni_average_305 /opt/freesurfer/average/711-2B_as_mni_average_305_mask talsrcimg_g11 none talsrcimg_to_711-2C_as_mni_average_305_t4 1283
---------------------------------------------------------------------

freesurfer imgreg_4dfp.c
/opt/freesurfer/average/711-2C_as_mni_average_305.4dfp.img
       256       256       256         1
  1.000000  1.000000  1.000000
orientation T byte_order littleendian
Reading image: /opt/freesurfer/average/711-2C_as_mni_average_305.4dfp.img
dimensions:      256       256       256
mmppix:       1.0000   -1.0000   -1.0000
center:     128.0000 -129.0000 -129.0000
/opt/freesurfer/average/711-2B_as_mni_average_305_mask.4dfp.img
       256       256       256         1
  1.000000  1.000000  1.000000
orientation T byte_order littleendian
Reading mask: /opt/freesurfer/average/711-2B_as_mni_average_305_mask.4dfp.img (2306576 pixels)
talsrcimg_g11.4dfp.img
       256       256       256         1
  1.000000  1.000000  1.000000
orientation T byte_order littleendian
Reading image: talsrcimg_g11.4dfp.img
dimensions:      256       256       256
mmppix:       1.0000   -1.0000   -1.0000
center:     128.0000 -129.0000 -129.0000
rotation matrix determinant  1.000000
fimgreg.f
image alignment mode   1283 decimal      503 hex
parameters
    0.0000   -7.5000    7.5000    0.0000    0.0000    0.0000
eta,q 0.92353 10.79655
niter,ni,del,rscale     5    3   12.0000    1.2000
parameter  4 -1.149244 -> -0.500000 qaram    1.1500
parameter  6  0.991118 ->  0.500000 qaram    1.1500
parameters
   -0.7734   -5.9063    8.7667    3.4500    0.2159   -3.4500
eta,q 0.93094 10.79683
  0.0803  0.0805  0.0833  0.0820  0.0738  0.0688
  0.0781  0.0780  0.0811  0.0789  0.0722  0.0690
  0.0750  0.0755  0.0764  0.0754  0.0712  0.0695
  0.0739  0.0736  0.0732  0.0727  0.0703  0.0702
  0.0755  0.0731  0.0726  0.0712  0.0704  0.0713
  0.0798  0.0744  0.0756  0.0700  0.0716  0.0725
  0.0866  0.0761  0.0785  0.0693  0.0737  0.0745
niter,ni,del,rscale     6    3   12.0000    1.2000
parameter  4 -0.912501 -> -0.500000 qaram    1.3225
parameters
   -1.3986   -7.0610    9.4566    7.4175    1.4144   -6.7481
eta,q 0.93636 10.68508
  0.0761  0.0714  0.0802  0.0787  0.0706  0.0657
  0.0734  0.0716  0.0761  0.0738  0.0685  0.0641
  0.0706  0.0702  0.0719  0.0712  0.0673  0.0638
  0.0691  0.0691  0.0695  0.0693  0.0659  0.0653
  0.0712  0.0697  0.0704  0.0674  0.0652  0.0672
  0.0747  0.0720  0.0741  0.0656  0.0661  0.0692
  0.0808  0.0773  0.0762  0.0662  0.0684  0.0718
niter,ni,del,rscale     6    3   12.0000    1.2000
parameters
   -2.3486   -8.0924   10.5368   11.0879    1.6306   -8.9790
eta,q 0.93701 10.57948
  0.0708  0.0704  0.0766  0.0752  0.0690  0.0649
  0.0678  0.0692  0.0709  0.0721  0.0669  0.0635
  0.0654  0.0660  0.0667  0.0696  0.0652  0.0630
  0.0636  0.0639  0.0644  0.0645  0.0636  0.0635
  0.0670  0.0670  0.0653  0.0631  0.0633  0.0649
  0.0713  0.0722  0.0673  0.0645  0.0655  0.0668
  0.0773  0.0779  0.0699  0.0664  0.0693  0.0688
niter,ni,del,rscale     5    3   12.0000    1.2000
parameters
   -2.8523   -9.8052   10.4381   12.3840    1.9981   -8.9401
eta,q 0.93911 10.44906
  0.0706  0.0690  0.0686  0.0720  0.0664  0.0660
  0.0677  0.0643  0.0642  0.0704  0.0647  0.0632
  0.0657  0.0615  0.0614  0.0656  0.0627  0.0614
  0.0630  0.0635  0.0615  0.0614  0.0611  0.0609
  0.0650  0.0683  0.0636  0.0616  0.0605  0.0616
  0.0693  0.0735  0.0650  0.0640  0.0625  0.0634
  0.0744  0.0790  0.0680  0.0690  0.0665  0.0656
niter,ni,del,rscale     4    3   12.0000    1.2000
parameters
   -2.9746  -10.4708   10.5017   13.0142    2.2189   -8.8393
eta,q 0.93942 10.40094
  0.0684  0.0713  0.0683  0.0717  0.0660  0.0659
  0.0658  0.0664  0.0634  0.0693  0.0643  0.0631
  0.0641  0.0618  0.0604  0.0636  0.0624  0.0613
  0.0609  0.0610  0.0607  0.0608  0.0607  0.0606
  0.0615  0.0647  0.0631  0.0616  0.0604  0.0613
  0.0657  0.0704  0.0641  0.0653  0.0625  0.0631
  0.0704  0.0761  0.0665  0.0703  0.0666  0.0655
niter,ni,del,rscale     3    3   12.0000    1.2000
parameters
   -2.9936  -10.8009   10.5528   13.3733    2.3031   -8.7886
eta,q 0.93937 10.38047
  0.0680  0.0720  0.0681  0.0714  0.0660  0.0659
  0.0655  0.0675  0.0633  0.0686  0.0642  0.0631
  0.0638  0.0624  0.0600  0.0629  0.0622  0.0613
  0.0606  0.0606  0.0606  0.0606  0.0607  0.0606
  0.0610  0.0634  0.0631  0.0619  0.0606  0.0614
  0.0650  0.0688  0.0641  0.0661  0.0628  0.0632
  0.0695  0.0750  0.0663  0.0706  0.0669  0.0656
niter,ni,del,rscale     2    3   12.0000    1.2000
parameters
   -3.0057  -10.9757   10.5817   13.5741    2.3575   -8.7664
eta,q 0.93927 10.36998
  0.0679  0.0723  0.0681  0.0713  0.0660  0.0660
  0.0655  0.0680  0.0634  0.0681  0.0642  0.0631
  0.0637  0.0630  0.0600  0.0625  0.0622  0.0614
  0.0606  0.0606  0.0607  0.0607  0.0607  0.0607
  0.0611  0.0630  0.0632  0.0622  0.0607  0.0615
  0.0648  0.0681  0.0641  0.0666  0.0630  0.0633
  0.0693  0.0744  0.0664  0.0708  0.0671  0.0657
niter,ni,del,rscale     1    3   12.0000    1.2000
parameters
   -3.0251  -11.0683   10.6029   13.6761    2.3981   -8.7632
eta,q 0.93920 10.36405
  0.0679  0.0724  0.0681  0.0711  0.0661  0.0660
  0.0655  0.0682  0.0635  0.0678  0.0643  0.0632
  0.0638  0.0633  0.0600  0.0624  0.0622  0.0614
  0.0607  0.0607  0.0608  0.0608  0.0608  0.0608
  0.0612  0.0628  0.0632  0.0625  0.0608  0.0615
  0.0649  0.0678  0.0642  0.0669  0.0631  0.0634
  0.0693  0.0740  0.0664  0.0709  0.0671  0.0658
registration optimization eta report
parameter search radius
    6.0000    6.0000    6.0000    7.9350    6.0000    6.9000
100000*second partial in parameter space
       20.       33.       18.       16.       16.       11.
  0.0679  0.0724  0.0681  0.0711  0.0661  0.0660
  0.0655  0.0682  0.0635  0.0678  0.0643  0.0632
  0.0638  0.0633  0.0600  0.0624  0.0622  0.0614
  0.0607  0.0607  0.0608  0.0608  0.0608  0.0608
  0.0612  0.0628  0.0632  0.0625  0.0608  0.0615
  0.0649  0.0678  0.0642  0.0669  0.0631  0.0634
  0.0693  0.0740  0.0664  0.0709  0.0671  0.0658
   -3.0251  -11.0683   10.6029   13.6761    2.3981   -8.7632
eta,q 0.93920 10.36405

---------------------------------------------------------------------
imgreg_4dfp /opt/freesurfer/average/711-2C_as_mni_average_305 /opt/freesurfer/average/711-2B_as_mni_average_305_mask talsrcimg_g11 none talsrcimg_to_711-2C_as_mni_average_305_t4 3335
---------------------------------------------------------------------

freesurfer imgreg_4dfp.c
/opt/freesurfer/average/711-2C_as_mni_average_305.4dfp.img
       256       256       256         1
  1.000000  1.000000  1.000000
orientation T byte_order littleendian
Reading image: /opt/freesurfer/average/711-2C_as_mni_average_305.4dfp.img
dimensions:      256       256       256
mmppix:       1.0000   -1.0000   -1.0000
center:     128.0000 -129.0000 -129.0000
/opt/freesurfer/average/711-2B_as_mni_average_305_mask.4dfp.img
       256       256       256         1
  1.000000  1.000000  1.000000
orientation T byte_order littleendian
Reading mask: /opt/freesurfer/average/711-2B_as_mni_average_305_mask.4dfp.img (2306576 pixels)
talsrcimg_g11.4dfp.img
       256       256       256         1
  1.000000  1.000000  1.000000
orientation T byte_order littleendian
Reading image: talsrcimg_g11.4dfp.img
dimensions:      256       256       256
mmppix:       1.0000   -1.0000   -1.0000
center:     128.0000 -129.0000 -129.0000
fimgreg.f
image alignment mode   3335 decimal      D07 hex
parameters
   -3.0251  -11.0683   10.6029   -1.2539   -3.8187   -2.9203
   13.8254   -7.6202  -15.2217  -22.7479    4.1843   23.6226
eta,q 0.93728 10.51867
niter,ni,del,rscale     5    3    5.0000    1.2000
parameter  4 23.249451 ->  0.500000 qaram    1.1500
parameter  5  3.993468 ->  0.500000 qaram    1.1500
parameter  6-24.281023 ->  0.500000 qaram    1.1500
parameter  7  0.784717 ->  0.500000 qaram    1.1500
parameter  9 -0.780683 -> -0.500000 qaram    1.1500
parameter 11  0.911607 ->  0.500000 qaram    1.1500
parameter 12  4.295833 ->  0.500000 qaram    1.1500
parameters
   -3.8632  -11.3414   11.4289   -5.3939   -7.9587   -7.0603
    9.6854   -4.1591  -11.0817  -19.2169    0.0443   19.4826
eta,q 0.95981  9.67047
  0.0629  0.0634  0.0639  0.0537  0.0484  0.0384  0.0442  0.0477  0.0472  0.0472  0.0423  0.0388
  0.0626  0.0629  0.0633  0.0563  0.0510  0.0436  0.0441  0.0458  0.0458  0.0453  0.0423  0.0399
  0.0626  0.0626  0.0629  0.0592  0.0539  0.0477  0.0443  0.0447  0.0447  0.0439  0.0424  0.0410
  0.0627  0.0626  0.0625  0.0624  0.0570  0.0517  0.0449  0.0441  0.0438  0.0430  0.0426  0.0424
  0.0630  0.0627  0.0624  0.0651  0.0602  0.0561  0.0458  0.0438  0.0432  0.0426  0.0427  0.0438
  0.0633  0.0632  0.0625  0.0679  0.0638  0.0607  0.0469  0.0438  0.0429  0.0427  0.0430  0.0452
  0.0641  0.0640  0.0628  0.0711  0.0679  0.0647  0.0482  0.0440  0.0430  0.0430  0.0434  0.0468
niter,ni,del,rscale     7    3    5.0000    1.2000
parameter  1 -0.669401 -> -0.500000 qaram    1.1500
parameter  3 -0.696836 -> -0.500000 qaram    1.1500
parameter  4  1.388427 ->  0.500000 qaram    1.3225
parameter  5  2.769232 ->  0.500000 qaram    1.3225
parameter  6  0.977889 ->  0.500000 qaram    1.3225
parameters
   -2.4832  -11.7061   12.8089  -10.1549  -12.7197  -11.8213
   10.5946   -3.1653  -10.3620  -20.7683    0.6432   16.8151
eta,q 0.97804  9.49275
  0.0452  0.0401  0.0418  0.0325  0.0253  0.0230  0.0272  0.0297  0.0258  0.0248  0.0257  0.0229
  0.0432  0.0395  0.0406  0.0332  0.0271  0.0226  0.0251  0.0267  0.0240  0.0230  0.0239  0.0222
  0.0415  0.0392  0.0397  0.0352  0.0298  0.0237  0.0235  0.0241  0.0229  0.0222  0.0226  0.0220
  0.0402  0.0391  0.0391  0.0385  0.0336  0.0277  0.0226  0.0226  0.0224  0.0224  0.0222  0.0221
  0.0393  0.0393  0.0387  0.0433  0.0375  0.0331  0.0227  0.0226  0.0226  0.0234  0.0224  0.0229
  0.0391  0.0401  0.0385  0.0481  0.0412  0.0387  0.0238  0.0241  0.0234  0.0255  0.0232  0.0242
  0.0396  0.0412  0.0386  0.0524  0.0455  0.0439  0.0257  0.0270  0.0248  0.0282  0.0248  0.0261
niter,ni,del,rscale     7    3    5.0000    1.2000
parameters
   -2.9555  -12.1542   11.7634  -12.2818  -17.4348  -14.2700
   11.2775   -3.5447  -11.0787  -21.5602    1.2815   18.4658
eta,q 0.97968  9.31474
  0.0254  0.0235  0.0225  0.0250  0.0217  0.0232  0.0243  0.0243  0.0225  0.0231  0.0224  0.0227
  0.0231  0.0222  0.0214  0.0231  0.0202  0.0218  0.0225  0.0220  0.0213  0.0213  0.0214  0.0216
  0.0219  0.0217  0.0211  0.0217  0.0199  0.0208  0.0212  0.0207  0.0206  0.0205  0.0207  0.0208
  0.0220  0.0218  0.0216  0.0211  0.0214  0.0199  0.0206  0.0205  0.0205  0.0205  0.0204  0.0204
  0.0232  0.0225  0.0228  0.0228  0.0241  0.0212  0.0207  0.0211  0.0209  0.0211  0.0205  0.0203
  0.0256  0.0237  0.0246  0.0268  0.0280  0.0264  0.0216  0.0226  0.0219  0.0225  0.0210  0.0207
  0.0287  0.0254  0.0270  0.0323  0.0322  0.0325  0.0233  0.0251  0.0232  0.0243  0.0219  0.0214
niter,ni,del,rscale     6    3    5.0000    1.2000
parameters
   -2.8635  -12.3289   11.8693  -11.3335  -18.0538  -15.1385
   11.3786   -3.7033  -11.2529  -21.7761    1.3800   18.9080
eta,q 0.97979  9.30587
  0.0246  0.0227  0.0225  0.0257  0.0244  0.0241  0.0236  0.0244  0.0226  0.0233  0.0221  0.0221
  0.0223  0.0212  0.0213  0.0235  0.0224  0.0223  0.0219  0.0220  0.0213  0.0215  0.0211  0.0211
  0.0209  0.0204  0.0206  0.0217  0.0207  0.0210  0.0207  0.0206  0.0205  0.0205  0.0204  0.0205
  0.0203  0.0203  0.0203  0.0203  0.0199  0.0200  0.0202  0.0202  0.0202  0.0202  0.0202  0.0202
  0.0207  0.0208  0.0204  0.0196  0.0207  0.0194  0.0206  0.0207  0.0206  0.0207  0.0204  0.0203
  0.0219  0.0218  0.0211  0.0211  0.0229  0.0224  0.0217  0.0222  0.0215  0.0218  0.0210  0.0209
  0.0241  0.0233  0.0223  0.0248  0.0261  0.0283  0.0236  0.0248  0.0228  0.0236  0.0220  0.0217
niter,ni,del,rscale     5    3    5.0000    1.2000
parameters
   -2.9031  -12.3969   11.9029  -11.2496  -18.2047  -15.2795
   11.4120   -3.7799  -11.2948  -21.8730    1.4103   19.0695
eta,q 0.97977  9.30245
  0.0243  0.0228  0.0223  0.0251  0.0248  0.0246  0.0236  0.0245  0.0227  0.0234  0.0221  0.0220
  0.0220  0.0213  0.0212  0.0231  0.0228  0.0227  0.0219  0.0220  0.0214  0.0216  0.0211  0.0210
  0.0207  0.0204  0.0205  0.0215  0.0211  0.0213  0.0207  0.0206  0.0205  0.0205  0.0204  0.0204
  0.0202  0.0202  0.0202  0.0202  0.0202  0.0202  0.0202  0.0202  0.0202  0.0202  0.0202  0.0202
  0.0207  0.0206  0.0204  0.0200  0.0206  0.0194  0.0206  0.0207  0.0206  0.0207  0.0204  0.0204
  0.0222  0.0216  0.0211  0.0219  0.0226  0.0211  0.0217  0.0222  0.0214  0.0218  0.0210  0.0209
  0.0245  0.0230  0.0223  0.0261  0.0256  0.0269  0.0236  0.0247  0.0227  0.0235  0.0221  0.0218
niter,ni,del,rscale     4    3    5.0000    1.2000
parameters
   -2.9158  -12.4256   11.9265  -11.2332  -18.2528  -15.2946
   11.4172   -3.8099  -11.2949  -21.9130    1.4061   19.1284
eta,q 0.97977  9.30217
  0.0244  0.0229  0.0224  0.0251  0.0249  0.0247  0.0236  0.0246  0.0228  0.0235  0.0221  0.0219
  0.0221  0.0214  0.0213  0.0231  0.0229  0.0228  0.0219  0.0221  0.0214  0.0216  0.0211  0.0210
  0.0207  0.0205  0.0205  0.0215  0.0212  0.0213  0.0207  0.0206  0.0205  0.0205  0.0204  0.0204
  0.0202  0.0202  0.0202  0.0202  0.0202  0.0202  0.0202  0.0202  0.0202  0.0202  0.0202  0.0202
  0.0207  0.0206  0.0204  0.0201  0.0206  0.0194  0.0206  0.0207  0.0206  0.0206  0.0204  0.0204
  0.0221  0.0215  0.0212  0.0220  0.0225  0.0210  0.0217  0.0221  0.0214  0.0217  0.0211  0.0210
  0.0245  0.0229  0.0223  0.0263  0.0255  0.0266  0.0237  0.0246  0.0227  0.0234  0.0221  0.0219
niter,ni,del,rscale     3    3    5.0000    1.2000
parameters
   -2.9202  -12.4372   11.9351  -11.2306  -18.2707  -15.3010
   11.4180   -3.8141  -11.2931  -21.9262    1.4032   19.1460
eta,q 0.97977  9.30187
  0.0244  0.0229  0.0223  0.0251  0.0250  0.0247  0.0235  0.0246  0.0228  0.0235  0.0221  0.0219
  0.0221  0.0214  0.0212  0.0231  0.0229  0.0228  0.0219  0.0221  0.0214  0.0216  0.0211  0.0210
  0.0207  0.0205  0.0205  0.0215  0.0212  0.0213  0.0207  0.0206  0.0205  0.0205  0.0204  0.0204
  0.0202  0.0202  0.0202  0.0202  0.0202  0.0202  0.0202  0.0202  0.0202  0.0202  0.0202  0.0202
  0.0207  0.0206  0.0204  0.0201  0.0206  0.0194  0.0206  0.0207  0.0206  0.0206  0.0204  0.0204
  0.0221  0.0215  0.0212  0.0220  0.0225  0.0210  0.0217  0.0221  0.0214  0.0217  0.0211  0.0210
  0.0245  0.0229  0.0224  0.0263  0.0255  0.0266  0.0237  0.0246  0.0227  0.0234  0.0221  0.0219
registration optimization eta report
parameter search radius
    2.7600    2.4000    2.7600    9.5220    9.5220    9.5220
    8.2800    7.2000    8.2800    7.2000    8.2800    8.2800
100000*second partial in parameter space
       55.       46.       28.        6.        5.        6.
        5.        9.        4.        6.        3.        2.
  0.0244  0.0229  0.0223  0.0251  0.0250  0.0247  0.0235  0.0246  0.0228  0.0235  0.0221  0.0219
  0.0221  0.0214  0.0212  0.0231  0.0229  0.0228  0.0219  0.0221  0.0214  0.0216  0.0211  0.0210
  0.0207  0.0205  0.0205  0.0215  0.0212  0.0213  0.0207  0.0206  0.0205  0.0205  0.0204  0.0204
  0.0202  0.0202  0.0202  0.0202  0.0202  0.0202  0.0202  0.0202  0.0202  0.0202  0.0202  0.0202
  0.0207  0.0206  0.0204  0.0201  0.0206  0.0194  0.0206  0.0207  0.0206  0.0206  0.0204  0.0204
  0.0221  0.0215  0.0212  0.0220  0.0225  0.0210  0.0217  0.0221  0.0214  0.0217  0.0211  0.0210
  0.0245  0.0229  0.0224  0.0263  0.0255  0.0266  0.0237  0.0246  0.0227  0.0234  0.0221  0.0219
   -2.9202  -12.4372   11.9351  -11.2306  -18.2707  -15.3010
   11.4180   -3.8141  -11.2931  -21.9262    1.4032   19.1460
eta,q 0.97977  9.30187

---------------------------------------------------------------------
imgreg_4dfp /opt/freesurfer/average/711-2C_as_mni_average_305 /opt/freesurfer/average/711-2B_as_mni_average_305_mask talsrcimg_g11 none talsrcimg_to_711-2C_as_mni_average_305_t4 2311
---------------------------------------------------------------------

freesurfer imgreg_4dfp.c
/opt/freesurfer/average/711-2C_as_mni_average_305.4dfp.img
       256       256       256         1
  1.000000  1.000000  1.000000
orientation T byte_order littleendian
Reading image: /opt/freesurfer/average/711-2C_as_mni_average_305.4dfp.img
dimensions:      256       256       256
mmppix:       1.0000   -1.0000   -1.0000
center:     128.0000 -129.0000 -129.0000
/opt/freesurfer/average/711-2B_as_mni_average_305_mask.4dfp.img
       256       256       256         1
  1.000000  1.000000  1.000000
orientation T byte_order littleendian
Reading mask: /opt/freesurfer/average/711-2B_as_mni_average_305_mask.4dfp.img (2306576 pixels)
talsrcimg_g11.4dfp.img
       256       256       256         1
  1.000000  1.000000  1.000000
orientation T byte_order littleendian
Reading image: talsrcimg_g11.4dfp.img
dimensions:      256       256       256
mmppix:       1.0000   -1.0000   -1.0000
center:     128.0000 -129.0000 -129.0000
fimgreg.f
image alignment mode   2311 decimal      907 hex
parameters
   -2.9202  -12.4372   11.9351  -11.2306  -18.2707  -15.3010
   11.4180   -3.8141  -11.2931  -21.9262    1.4032   19.1460
eta,q 0.97977  9.30187
niter,ni,del,rscale     5    3    5.0000    0.8000
parameter  6 -0.700473 -> -0.500000 qaram    1.1500
parameters
   -2.9089  -12.4884   11.9945   -9.6655  -17.9518  -12.5410
   11.2206   -3.7584  -11.0778  -21.7346    1.1546   18.7948
eta,q 0.98079  9.40879
  0.0217  0.0214  0.0210  0.0223  0.0216  0.0218  0.0206  0.0223  0.0203  0.0211  0.0202  0.0199
  0.0209  0.0207  0.0206  0.0215  0.0208  0.0211  0.0198  0.0207  0.0197  0.0201  0.0196  0.0195
  0.0204  0.0203  0.0203  0.0208  0.0202  0.0204  0.0194  0.0196  0.0194  0.0194  0.0193  0.0193
  0.0202  0.0202  0.0202  0.0202  0.0199  0.0199  0.0192  0.0192  0.0192  0.0192  0.0192  0.0192
  0.0204  0.0204  0.0203  0.0199  0.0199  0.0195  0.0194  0.0196  0.0193  0.0194  0.0194  0.0193
  0.0209  0.0209  0.0205  0.0201  0.0204  0.0192  0.0200  0.0206  0.0196  0.0199  0.0198  0.0196
  0.0217  0.0215  0.0209  0.0208  0.0213  0.0196  0.0209  0.0222  0.0202  0.0208  0.0204  0.0201
niter,ni,del,rscale     5    3    5.0000    0.8000
parameters
   -3.0562  -12.4052   11.9895  -10.2560  -17.8043  -13.4985
   11.3541   -3.8150  -11.2122  -21.8257    1.1814   18.9767
eta,q 0.98055  9.38716
  0.0208  0.0207  0.0203  0.0208  0.0210  0.0210  0.0209  0.0220  0.0204  0.0210  0.0203  0.0202
  0.0198  0.0199  0.0196  0.0201  0.0201  0.0203  0.0202  0.0206  0.0198  0.0201  0.0198  0.0198
  0.0193  0.0194  0.0193  0.0195  0.0195  0.0197  0.0197  0.0197  0.0195  0.0196  0.0195  0.0196
  0.0192  0.0192  0.0192  0.0192  0.0192  0.0192  0.0195  0.0195  0.0195  0.0195  0.0195  0.0195
  0.0196  0.0193  0.0193  0.0196  0.0193  0.0194  0.0196  0.0198  0.0196  0.0197  0.0195  0.0195
  0.0203  0.0197  0.0197  0.0206  0.0199  0.0210  0.0200  0.0207  0.0199  0.0202  0.0198  0.0197
  0.0214  0.0204  0.0203  0.0222  0.0209  0.0243  0.0208  0.0221  0.0205  0.0211  0.0203  0.0201
niter,ni,del,rscale     4    3    5.0000    0.7000
parameters
   -3.0183  -12.4444   11.9038  -10.0334  -17.7555  -13.4246
   11.3641   -3.7953  -11.2014  -21.8516    1.1857   18.9571
eta,q 0.98061  9.39306
  0.0209  0.0204  0.0200  0.0210  0.0207  0.0210  0.0205  0.0215  0.0202  0.0206  0.0201  0.0199
  0.0201  0.0198  0.0197  0.0204  0.0201  0.0204  0.0199  0.0203  0.0197  0.0199  0.0197  0.0196
  0.0196  0.0195  0.0195  0.0198  0.0196  0.0198  0.0195  0.0196  0.0195  0.0195  0.0195  0.0194
  0.0194  0.0194  0.0194  0.0194  0.0194  0.0194  0.0194  0.0194  0.0194  0.0194  0.0194  0.0194
  0.0196  0.0196  0.0195  0.0194  0.0195  0.0191  0.0195  0.0196  0.0195  0.0195  0.0195  0.0194
  0.0200  0.0199  0.0198  0.0200  0.0200  0.0197  0.0199  0.0203  0.0197  0.0200  0.0197  0.0196
  0.0207  0.0205  0.0202  0.0209  0.0207  0.0215  0.0205  0.0215  0.0202  0.0207  0.0201  0.0199
niter,ni,del,rscale     3    3    5.0000    0.6000
parameters
   -3.0295  -12.4374   11.8958   -9.9381  -17.7099  -13.0870
   11.3346   -3.7927  -11.1897  -21.8096    1.1769   18.9001
eta,q 0.98071  9.40239
  0.0204  0.0202  0.0199  0.0206  0.0204  0.0207  0.0201  0.0210  0.0199  0.0203  0.0198  0.0197
  0.0198  0.0197  0.0196  0.0201  0.0199  0.0202  0.0197  0.0200  0.0196  0.0197  0.0195  0.0195
  0.0195  0.0195  0.0194  0.0196  0.0195  0.0197  0.0194  0.0195  0.0194  0.0194  0.0194  0.0193
  0.0194  0.0194  0.0194  0.0194  0.0194  0.0194  0.0193  0.0193  0.0193  0.0193  0.0193  0.0193
  0.0195  0.0195  0.0194  0.0194  0.0195  0.0191  0.0194  0.0195  0.0194  0.0194  0.0194  0.0193
  0.0199  0.0197  0.0196  0.0199  0.0198  0.0195  0.0197  0.0201  0.0196  0.0197  0.0195  0.0195
  0.0204  0.0201  0.0199  0.0207  0.0204  0.0207  0.0202  0.0210  0.0199  0.0202  0.0198  0.0197
niter,ni,del,rscale     2    3    5.0000    0.5000
parameters
   -3.0459  -12.4320   11.9011   -9.9083  -17.6578  -12.7904
   11.3228   -3.7972  -11.1984  -21.7641    1.1851   18.8465
eta,q 0.98077  9.40958
  0.0200  0.0198  0.0197  0.0202  0.0200  0.0203  0.0198  0.0205  0.0196  0.0199  0.0196  0.0195
  0.0196  0.0195  0.0194  0.0198  0.0197  0.0199  0.0195  0.0198  0.0194  0.0196  0.0194  0.0194
  0.0194  0.0194  0.0193  0.0195  0.0194  0.0196  0.0193  0.0194  0.0193  0.0193  0.0193  0.0193
  0.0193  0.0193  0.0193  0.0193  0.0193  0.0193  0.0192  0.0192  0.0192  0.0192  0.0192  0.0192
  0.0194  0.0194  0.0193  0.0194  0.0193  0.0191  0.0193  0.0194  0.0193  0.0193  0.0193  0.0193
  0.0196  0.0195  0.0195  0.0197  0.0196  0.0194  0.0195  0.0198  0.0194  0.0195  0.0194  0.0194
  0.0200  0.0198  0.0197  0.0203  0.0200  0.0203  0.0198  0.0205  0.0196  0.0199  0.0196  0.0195
niter,ni,del,rscale     1    3    5.0000    0.4000
parameters
   -3.0546  -12.4252   11.9142   -9.8928  -17.6201  -12.5015
   11.3151   -3.7962  -11.1928  -21.7067    1.1648   18.7889
eta,q 0.98083  9.41509
  0.0197  0.0196  0.0195  0.0199  0.0197  0.0200  0.0196  0.0200  0.0194  0.0197  0.0194  0.0194
  0.0194  0.0194  0.0193  0.0196  0.0195  0.0197  0.0193  0.0195  0.0193  0.0194  0.0193  0.0193
  0.0193  0.0193  0.0193  0.0193  0.0193  0.0194  0.0192  0.0193  0.0192  0.0192  0.0192  0.0192
  0.0192  0.0192  0.0192  0.0192  0.0192  0.0192  0.0192  0.0192  0.0192  0.0192  0.0192  0.0192
  0.0193  0.0193  0.0192  0.0193  0.0193  0.0191  0.0192  0.0193  0.0192  0.0192  0.0192  0.0192
  0.0195  0.0194  0.0193  0.0195  0.0194  0.0193  0.0193  0.0195  0.0193  0.0194  0.0193  0.0193
  0.0197  0.0196  0.0195  0.0199  0.0197  0.0199  0.0196  0.0200  0.0194  0.0196  0.0194  0.0194
registration optimization eta report
parameter search radius
    0.8000    0.8000    0.8000    2.4000    2.4000    2.7600
    2.4000    2.4000    2.4000    2.4000    2.4000    2.4000
100000*second partial in parameter space
       75.       53.       39.       11.        8.        9.
        7.       14.        5.        8.        5.        4.
  0.0197  0.0196  0.0195  0.0199  0.0197  0.0200  0.0196  0.0200  0.0194  0.0197  0.0194  0.0194
  0.0194  0.0194  0.0193  0.0196  0.0195  0.0197  0.0193  0.0195  0.0193  0.0194  0.0193  0.0193
  0.0193  0.0193  0.0193  0.0193  0.0193  0.0194  0.0192  0.0193  0.0192  0.0192  0.0192  0.0192
  0.0192  0.0192  0.0192  0.0192  0.0192  0.0192  0.0192  0.0192  0.0192  0.0192  0.0192  0.0192
  0.0193  0.0193  0.0192  0.0193  0.0193  0.0191  0.0192  0.0193  0.0192  0.0192  0.0192  0.0192
  0.0195  0.0194  0.0193  0.0195  0.0194  0.0193  0.0193  0.0195  0.0193  0.0194  0.0193  0.0193
  0.0197  0.0196  0.0195  0.0199  0.0197  0.0199  0.0196  0.0200  0.0194  0.0196  0.0194  0.0194
   -3.0546  -12.4252   11.9142   -9.8928  -17.6201  -12.5015
   11.3151   -3.7962  -11.1928  -21.7067    1.1648   18.7889
eta,q 0.98083  9.41509

---------------------------------------------------------------------
imgreg_4dfp /opt/freesurfer/average/711-2C_as_mni_average_305 /opt/freesurfer/average/711-2B_as_mni_average_305_mask talsrcimg_g11 none talsrcimg_to_711-2C_as_mni_average_305_t4 2311
---------------------------------------------------------------------

freesurfer imgreg_4dfp.c
/opt/freesurfer/average/711-2C_as_mni_average_305.4dfp.img
       256       256       256         1
  1.000000  1.000000  1.000000
orientation T byte_order littleendian
Reading image: /opt/freesurfer/average/711-2C_as_mni_average_305.4dfp.img
dimensions:      256       256       256
mmppix:       1.0000   -1.0000   -1.0000
center:     128.0000 -129.0000 -129.0000
/opt/freesurfer/average/711-2B_as_mni_average_305_mask.4dfp.img
       256       256       256         1
  1.000000  1.000000  1.000000
orientation T byte_order littleendian
Reading mask: /opt/freesurfer/average/711-2B_as_mni_average_305_mask.4dfp.img (2306576 pixels)
talsrcimg_g11.4dfp.img
       256       256       256         1
  1.000000  1.000000  1.000000
orientation T byte_order littleendian
Reading image: talsrcimg_g11.4dfp.img
dimensions:      256       256       256
mmppix:       1.0000   -1.0000   -1.0000
center:     128.0000 -129.0000 -129.0000
fimgreg.f
image alignment mode   2311 decimal      907 hex
parameters
   -3.0546  -12.4252   11.9142   -9.8928  -17.6201  -12.5015
   11.3151   -3.7962  -11.1928  -21.7067    1.1648   18.7889
eta,q 0.98083  9.41509
niter,ni,del,rscale     5    3    5.0000    0.8000
parameters
   -3.0598  -12.3889   11.9641  -10.3575  -17.7676  -13.2114
   11.3937   -3.8219  -11.2388  -21.7884    1.1972   18.8977
eta,q 0.98062  9.39160
  0.0211  0.0206  0.0203  0.0209  0.0208  0.0207  0.0208  0.0220  0.0204  0.0210  0.0203  0.0201
  0.0200  0.0198  0.0197  0.0201  0.0200  0.0201  0.0201  0.0206  0.0198  0.0201  0.0198  0.0197
  0.0194  0.0193  0.0193  0.0195  0.0195  0.0196  0.0196  0.0197  0.0195  0.0195  0.0195  0.0195
  0.0192  0.0192  0.0192  0.0192  0.0192  0.0192  0.0194  0.0194  0.0194  0.0194  0.0194  0.0194
  0.0194  0.0193  0.0193  0.0195  0.0194  0.0193  0.0195  0.0197  0.0195  0.0196  0.0195  0.0194
  0.0200  0.0198  0.0196  0.0205  0.0200  0.0205  0.0200  0.0206  0.0199  0.0202  0.0198  0.0197
  0.0211  0.0204  0.0202  0.0220  0.0211  0.0230  0.0208  0.0221  0.0204  0.0211  0.0203  0.0201
niter,ni,del,rscale     4    3    5.0000    0.7000
parameters
   -3.0225  -12.4313   11.9026  -10.0995  -17.7379  -13.0985
   11.3717   -3.7969  -11.2151  -21.8064    1.1892   18.8828
eta,q 0.98068  9.39860
  0.0208  0.0203  0.0200  0.0210  0.0206  0.0207  0.0204  0.0215  0.0201  0.0206  0.0200  0.0198
  0.0200  0.0198  0.0196  0.0204  0.0200  0.0201  0.0198  0.0203  0.0197  0.0199  0.0196  0.0196
  0.0196  0.0195  0.0194  0.0198  0.0196  0.0197  0.0194  0.0196  0.0194  0.0195  0.0194  0.0194
  0.0194  0.0194  0.0194  0.0194  0.0193  0.0193  0.0193  0.0193  0.0193  0.0193  0.0193  0.0193
  0.0195  0.0195  0.0195  0.0194  0.0194  0.0191  0.0194  0.0196  0.0194  0.0195  0.0194  0.0194
  0.0199  0.0199  0.0197  0.0199  0.0199  0.0196  0.0198  0.0203  0.0197  0.0199  0.0196  0.0195
  0.0207  0.0204  0.0201  0.0209  0.0207  0.0210  0.0205  0.0215  0.0201  0.0206  0.0200  0.0199
niter,ni,del,rscale     3    3    5.0000    0.6000
parameters
   -3.0363  -12.4257   11.9038  -10.0117  -17.6975  -12.8362
   11.3379   -3.7962  -11.2061  -21.7731    1.1897   18.8485
eta,q 0.98075  9.40604
  0.0203  0.0201  0.0198  0.0206  0.0203  0.0204  0.0201  0.0210  0.0198  0.0203  0.0198  0.0196
  0.0198  0.0196  0.0195  0.0200  0.0198  0.0200  0.0196  0.0200  0.0195  0.0197  0.0195  0.0194
  0.0194  0.0194  0.0194  0.0196  0.0195  0.0196  0.0193  0.0194  0.0193  0.0194  0.0193  0.0193
  0.0193  0.0193  0.0193  0.0193  0.0193  0.0193  0.0193  0.0193  0.0193  0.0192  0.0192  0.0192
  0.0194  0.0194  0.0194  0.0194  0.0194  0.0191  0.0193  0.0194  0.0193  0.0194  0.0193  0.0193
  0.0198  0.0197  0.0196  0.0198  0.0197  0.0194  0.0196  0.0200  0.0195  0.0197  0.0195  0.0194
  0.0204  0.0201  0.0198  0.0206  0.0203  0.0204  0.0201  0.0210  0.0198  0.0202  0.0198  0.0197
niter,ni,del,rscale     2    3    5.0000    0.5000
parameters
   -3.0500  -12.4245   11.9094   -9.9687  -17.6560  -12.5890
   11.3206   -3.7973  -11.1977  -21.7304    1.1706   18.8001
eta,q 0.98081  9.41169
  0.0200  0.0198  0.0196  0.0202  0.0200  0.0201  0.0198  0.0204  0.0196  0.0199  0.0196  0.0195
  0.0196  0.0195  0.0194  0.0198  0.0196  0.0198  0.0195  0.0198  0.0194  0.0195  0.0194  0.0193
  0.0193  0.0193  0.0193  0.0194  0.0194  0.0195  0.0193  0.0193  0.0192  0.0193  0.0192  0.0192
  0.0193  0.0192  0.0192  0.0192  0.0192  0.0192  0.0192  0.0192  0.0192  0.0192  0.0192  0.0192
  0.0193  0.0193  0.0193  0.0193  0.0193  0.0191  0.0193  0.0193  0.0192  0.0193  0.0192  0.0192
  0.0196  0.0195  0.0194  0.0196  0.0195  0.0194  0.0195  0.0198  0.0194  0.0195  0.0194  0.0193
  0.0200  0.0198  0.0196  0.0202  0.0200  0.0200  0.0198  0.0204  0.0196  0.0199  0.0196  0.0195
niter,ni,del,rscale     1    3    5.0000    0.4000
parameters
   -3.0590  -12.4191   11.9325   -9.9353  -17.6279  -12.3517
   11.3083   -3.7877  -11.1876  -21.6723    1.1350   18.7387
eta,q 0.98085  9.41638
  0.0197  0.0195  0.0195  0.0198  0.0197  0.0198  0.0195  0.0200  0.0194  0.0196  0.0194  0.0193
  0.0194  0.0193  0.0193  0.0195  0.0194  0.0196  0.0193  0.0195  0.0193  0.0194  0.0193  0.0192
  0.0192  0.0192  0.0192  0.0193  0.0193  0.0194  0.0192  0.0192  0.0192  0.0192  0.0192  0.0192
  0.0192  0.0192  0.0192  0.0192  0.0192  0.0192  0.0191  0.0192  0.0191  0.0192  0.0192  0.0192
  0.0192  0.0192  0.0192  0.0192  0.0192  0.0191  0.0192  0.0192  0.0192  0.0192  0.0192  0.0192
  0.0194  0.0193  0.0193  0.0195  0.0194  0.0193  0.0193  0.0195  0.0193  0.0193  0.0193  0.0193
  0.0197  0.0195  0.0194  0.0198  0.0197  0.0197  0.0195  0.0200  0.0194  0.0196  0.0194  0.0194
registration optimization eta report
parameter search radius
    0.8000    0.8000    0.8000    2.4000    2.4000    2.4000
    2.4000    2.4000    2.4000    2.4000    2.4000    2.4000
100000*second partial in parameter space
       75.       53.       41.       11.        8.       10.
        7.       15.        5.        8.        5.        4.
  0.0197  0.0195  0.0195  0.0198  0.0197  0.0198  0.0195  0.0200  0.0194  0.0196  0.0194  0.0193
  0.0194  0.0193  0.0193  0.0195  0.0194  0.0196  0.0193  0.0195  0.0193  0.0194  0.0193  0.0192
  0.0192  0.0192  0.0192  0.0193  0.0193  0.0194  0.0192  0.0192  0.0192  0.0192  0.0192  0.0192
  0.0192  0.0192  0.0192  0.0192  0.0192  0.0192  0.0191  0.0192  0.0191  0.0192  0.0192  0.0192
  0.0192  0.0192  0.0192  0.0192  0.0192  0.0191  0.0192  0.0192  0.0192  0.0192  0.0192  0.0192
  0.0194  0.0193  0.0193  0.0195  0.0194  0.0193  0.0193  0.0195  0.0193  0.0193  0.0193  0.0193
  0.0197  0.0195  0.0194  0.0198  0.0197  0.0197  0.0195  0.0200  0.0194  0.0196  0.0194  0.0194
   -3.0590  -12.4191   11.9325   -9.9353  -17.6279  -12.3517
   11.3083   -3.7877  -11.1876  -21.6723    1.1350   18.7387
eta,q 0.98085  9.41638

---------------------------------------------------------------------
compute_vox2vox talsrcimg talsrcimg_to_711-2C_as_mni_average_305_t4 /opt/freesurfer/average/711-2C_as_mni_average_305
---------------------------------------------------------------------

freesurfer compute_vox2vox.c
Reading: talsrcimg.4dfp.ifh
Reading: talsrcimg_to_711-2C_as_mni_average_305_t4
Reading: /opt/freesurfer/average/711-2C_as_mni_average_305.4dfp.ifh
Writing: talsrcimg_to_711-2C_as_mni_average_305_t4_vox2vox.txt

start time Wed Mar 11 08:21:09 CET 2026
end		time Wed Mar 11 08:22:41 CET 2026

mpr2mni305 success

avi2talxfm orig_nu.mgz /opt/freesurfer/average/mni305.cor.mgz talsrcimg_to_711-2C_as_mni_average_305_t4_vox2vox.txt transforms/talairach.auto.xfm
avi2talxfm done
mv -f /out/sourcedata/freesurfer/sub-v2s15x29740_ses-1/mri/talsrcimg_to_711-2C_as_mni_average_305_t4_vox2vox.txt /out/sourcedata/freesurfer/sub-v2s15x29740_ses-1/mri/transforms/talsrcimg_to_711-2C_as_mni_average_305_t4_vox2vox.txt
lta_convert --src orig_nu.mgz --trg /opt/freesurfer/average/mni305.cor.mgz --inxfm transforms/talairach.auto.xfm --outlta transforms/talairach.auto.xfm.lta --subject fsaverage
7.3.2

--src: orig_nu.mgz src image (geometry).
--trg: /opt/freesurfer/average/mni305.cor.mgz trg image (geometry).
--inmni: transforms/talairach.auto.xfm input MNI/XFM transform.
--outlta: transforms/talairach.auto.xfm.lta output LTA.
--s: fsaverage subject name
 LTA read, type : 1
 1.09131   0.00958  -0.15200   3.78323;
-0.04338   1.07978  -0.23968  -11.55353;
 0.13681   0.28539   1.13030  -1.59479;
 0.00000   0.00000   0.00000   1.00000;
setting subject to fsaverage
Writing  LTA to file transforms/talairach.auto.xfm.lta...
lta_convert successful.
 
 
Started at Wed Mar 11 08:21:09 CET 2026
Ended   at Wed Mar 11 08:22:41 CET 2026
talairach_avi done
