/out/sourcedata/freesurfer/sub-v2s15x29747_ses-1/mri
/opt/freesurfer/bin/talairach_avi
--i orig_nu.mgz --xfm transforms/talairach.auto.xfm
talairach_avi 7.3.2
Linux dna060 5.14.0-427.37.1.el9_4.x86_64 #1 SMP PREEMPT_DYNAMIC Fri Sep 13 12:41:50 EDT 2024 x86_64 x86_64 x86_64 GNU/Linux
Wed Mar 11 08:49:41 CET 2026
mri_convert orig_nu.mgz talsrcimg.img 
reading from orig_nu.mgz...
TR=0.00, TE=0.00, TI=0.00, flip angle=0.00
i_ras = (-1, 0, 0)
j_ras = (-9.31323e-10, 0, -1)
k_ras = (0, 1, 0)
writing to talsrcimg.img...
Analyze Output Matrix
-1.00000  -0.00000   0.00000   137.46030;
 0.00000   0.00000   1.00000  -121.34673;
 0.00000  -1.00000   0.00000   135.34262;
 0.00000   0.00000   0.00000   1.00000;
--------------------
INFO: set hdr.hist.orient to -1
mpr2mni305 talsrcimg
Wed Mar 11 08:49:41 CET 2026
/opt/freesurfer/bin/mpr2mni305 talsrcimg
mpr2mni305 7.3.2
target=711-2C_as_mni_average_305

---------------------------------------------------------------------
analyzeto4dfp talsrcimg -O0 -y
---------------------------------------------------------------------

freesurfer ifh2hdr.c
Wed Mar 11 08:49:42 2026
Writing: talsrcimg.4dfp.hdr
freesurfer analyzeto4dfp.c
Reading: talsrcimg.hdr
header size 348 bytes
hdr.dime.datatype	offset=70	value=2
hdr.dime.bitpix		offset=72	value=8
hdr.hist.orient		offset=252	value=-1
dimensionality     4
dimensions       256       256       256         1
Reading: talsrcimg.img
Writing: talsrcimg.4dfp.img
Writing: talsrcimg.4dfp.ifh
ifh2hdr talsrcimg -r0to255
ori=2

---------------------------------------------------------------------
gauss_4dfp talsrcimg 1.1
---------------------------------------------------------------------

freesurfer gauss_4dfp.c
Reading: talsrcimg.4dfp.img
Writing: talsrcimg_g11.4dfp.img
image dimensions 256 256 256 padded to 288 288 288
processing volume 1freesurfer ifh2hdr.c
Wed Mar 11 08:49:43 2026
Writing: talsrcimg_g11.4dfp.hdr

Writing: talsrcimg_g11.4dfp.ifh
including: talsrcimg.4dfp.img.rec in talsrcimg_g11.4dfp.img.rec

---------------------------------------------------------------------
imgreg_4dfp /opt/freesurfer/average/711-2C_as_mni_average_305 none talsrcimg_g11 none talsrcimg_to_711-2C_as_mni_average_305_t4 4355
---------------------------------------------------------------------

freesurfer imgreg_4dfp.c
/opt/freesurfer/average/711-2C_as_mni_average_305.4dfp.img
       256       256       256         1
  1.000000  1.000000  1.000000
orientation T byte_order littleendian
Reading image: /opt/freesurfer/average/711-2C_as_mni_average_305.4dfp.img
dimensions:      256       256       256
mmppix:       1.0000   -1.0000   -1.0000
center:     128.0000 -129.0000 -129.0000
talsrcimg_g11.4dfp.img
       256       256       256         1
  1.000000  1.000000  1.000000
orientation T byte_order littleendian
Reading image: talsrcimg_g11.4dfp.img
dimensions:      256       256       256
mmppix:       1.0000   -1.0000   -1.0000
center:     128.0000 -129.0000 -129.0000
t4_read: open error in t4_sub.f l:  41 t4_file(1:l)talsrcimg_to_711-2C_as_mni_average_305_t4 
t4_read: transform initialized to I4
rotation matrix determinant  1.000000
image alignment mode   4355 decimal     1103 hex
   -7.5000  -45.0000  -45.0000 8396.2480   18.0316
    0.0000  -45.0000  -45.0000 8745.4375   18.0799
    7.5000  -45.0000  -45.0000 8364.8613   18.1195
   -7.5000  -37.5000  -45.0000 8794.1016   18.0360
    0.0000  -37.5000  -45.0000 9156.8271   18.0779
    7.5000  -37.5000  -45.0000 8744.7598   18.1159
   -7.5000  -30.0000  -45.0000 9467.7090   18.0247
    0.0000  -30.0000  -45.0000 9867.7480   18.0572
    7.5000  -30.0000  -45.0000 9383.1279   18.0952
   -7.5000  -22.5000  -45.000010107.8340   18.0020
    0.0000  -22.5000  -45.000010516.8525   18.0312
    7.5000  -22.5000  -45.000010034.7686   18.0705
   -7.5000  -15.0000  -45.000010641.0312   17.9914
    0.0000  -15.0000  -45.000011079.0312   18.0256
    7.5000  -15.0000  -45.000010592.7080   18.0671
   -7.5000   -7.5000  -45.000011174.9258   18.0096
    0.0000   -7.5000  -45.000011671.0312   18.0535
    7.5000   -7.5000  -45.000011147.8594   18.0953
   -7.5000    0.0000  -45.000011681.9355   18.0316
    0.0000    0.0000  -45.000012190.5869   18.0799
    7.5000    0.0000  -45.000011646.9551   18.1195
   -7.5000    7.5000  -45.000011258.7422   18.0360
    0.0000    7.5000  -45.000011725.2773   18.0779
    7.5000    7.5000  -45.000011223.9385   18.1159
   -7.5000   15.0000  -45.000010386.6865   18.0247
    0.0000   15.0000  -45.000010800.6006   18.0572
    7.5000   15.0000  -45.000010342.1426   18.0952
   -7.5000   22.5000  -45.0000 9476.7920   17.9995
    0.0000   22.5000  -45.0000 9867.6465   18.0287
    7.5000   22.5000  -45.0000 9456.4727   18.0680
   -7.5000   30.0000  -45.0000 8676.7510   17.7516
    0.0000   30.0000  -45.0000 9028.5566   17.7854
    7.5000   30.0000  -45.0000 8643.3350   17.8263
   -7.5000   37.5000  -45.0000 8196.2842   17.7696
    0.0000   37.5000  -45.0000 8513.9160   17.8129
    7.5000   37.5000  -45.0000 8133.4497   17.8542
   -7.5000   45.0000  -45.0000 7369.8989   17.3395
    0.0000   45.0000  -45.0000 7667.5806   17.3860
    7.5000   45.0000  -45.0000 7324.2344   17.4240
   -7.5000  -45.0000  -37.5000 9032.0361   18.0520
    0.0000  -45.0000  -37.5000 9414.5879   18.0915
    7.5000  -45.0000  -37.5000 8958.8623   18.1324
   -7.5000  -37.5000  -37.5000 9436.8857   18.0527
    0.0000  -37.5000  -37.5000 9831.0225   18.0841
    7.5000  -37.5000  -37.5000 9354.0557   18.1230
   -7.5000  -30.0000  -37.500010118.2607   18.0421
    0.0000  -30.0000  -37.500010548.1826   18.0621
    7.5000  -30.0000  -37.500010024.1426   18.1001
   -7.5000  -22.5000  -37.500010779.6914   18.0244
    0.0000  -22.5000  -37.500011237.5293   18.0409
    7.5000  -22.5000  -37.500010688.1406   18.0800
   -7.5000  -15.0000  -37.500011321.6992   18.0194
    0.0000  -15.0000  -37.500011814.7588   18.0428
    7.5000  -15.0000  -37.500011242.5049   18.0844
   -7.5000   -7.5000  -37.500011869.8896   18.0364
    0.0000   -7.5000  -37.500012383.2979   18.0713
    7.5000   -7.5000  -37.500011799.3652   18.1138
   -7.5000    0.0000  -37.500012375.8652   18.0520
    0.0000    0.0000  -37.500012893.7715   18.0915
    7.5000    0.0000  -37.500012309.0889   18.1324
   -7.5000    7.5000  -37.500011913.0098   18.0527
    0.0000    7.5000  -37.500012399.7314   18.0841
    7.5000    7.5000  -37.500011807.9746   18.1230
   -7.5000   15.0000  -37.500011008.9424   18.0421
    0.0000   15.0000  -37.500011457.8223   18.0621
    7.5000   15.0000  -37.500010903.6846   18.1001
   -7.5000   22.5000  -37.500010012.0859   18.0219
    0.0000   22.5000  -37.500010440.5996   18.0384
    7.5000   22.5000  -37.5000 9963.3057   18.0775
   -7.5000   30.0000  -37.5000 9130.2256   17.7792
    0.0000   30.0000  -37.5000 9515.2910   17.8024
    7.5000   30.0000  -37.5000 9102.1279   17.8434
   -7.5000   37.5000  -37.5000 8586.8750   17.7960
    0.0000   37.5000  -37.5000 8932.9521   17.8304
    7.5000   37.5000  -37.5000 8537.4287   17.8724
   -7.5000   45.0000  -37.5000 7721.1147   17.3592
    0.0000   45.0000  -37.5000 8039.2979   17.3971
    7.5000   45.0000  -37.5000 7671.8726   17.4365
   -7.5000  -45.0000  -30.0000 9770.4648   18.8365
    0.0000  -45.0000  -30.000010185.5713   18.8644
    7.5000  -45.0000  -30.0000 9696.6973   18.8956
   -7.5000  -37.5000  -30.000010198.5703   18.8302
    0.0000  -37.5000  -30.000010649.9189   18.8497
    7.5000  -37.5000  -30.000010134.7236   18.8817
   -7.5000  -30.0000  -30.000010926.3125   18.8119
    0.0000  -30.0000  -30.000011409.9473   18.8221
    7.5000  -30.0000  -30.000010831.0547   18.8559
   -7.5000  -22.5000  -30.000011635.8965   18.7936
    0.0000  -22.5000  -30.000012151.9775   18.8022
    7.5000  -22.5000  -30.000011504.0566   18.8367
   -7.5000  -15.0000  -30.000012235.9268   18.7954
    0.0000  -15.0000  -30.000012776.4717   18.8110
    7.5000  -15.0000  -30.000012106.0254   18.8450
   -7.5000   -7.5000  -30.000012811.2197   18.8199
    0.0000   -7.5000  -30.000013367.5156   18.8456
    7.5000   -7.5000  -30.000012691.8711   18.8781
   -7.5000    0.0000  -30.000013340.6963   18.8365
    0.0000    0.0000  -30.000013904.6436   18.8644
    7.5000    0.0000  -30.000013194.5127   18.8956
   -7.5000    7.5000  -30.000012810.1240   18.8302
    0.0000    7.5000  -30.000013334.3125   18.8497
    7.5000    7.5000  -30.000012614.6406   18.8817
   -7.5000   15.0000  -30.000011846.7812   18.8119
    0.0000   15.0000  -30.000012320.5322   18.8221
    7.5000   15.0000  -30.000011645.3730   18.8559
   -7.5000   22.5000  -30.000010765.6631   18.7891
    0.0000   22.5000  -30.000011220.6104   18.7977
    7.5000   22.5000  -30.000010629.0889   18.8322
   -7.5000   30.0000  -30.0000 9776.2480   18.5467
    0.0000   30.0000  -30.000010218.1055   18.5621
    7.5000   30.0000  -30.0000 9702.4268   18.5957
   -7.5000   37.5000  -30.0000 9154.2266   18.5709
    0.0000   37.5000  -30.0000 9556.4365   18.5963
    7.5000   37.5000  -30.0000 9090.4639   18.6283
   -7.5000   45.0000  -30.0000 8197.8779   18.1268
    0.0000   45.0000  -30.0000 8533.9248   18.1537
    7.5000   45.0000  -30.0000 8143.8799   18.1837
   -7.5000  -45.0000  -22.500010508.8389   19.4828
    0.0000  -45.0000  -22.500010986.0400   19.5092
    7.5000  -45.0000  -22.500010441.6904   19.5291
   -7.5000  -37.5000  -22.500010969.3838   19.4736
    0.0000  -37.5000  -22.500011458.5801   19.4933
    7.5000  -37.5000  -22.500010879.5254   19.5178
   -7.5000  -30.0000  -22.500011750.4238   19.4432
    0.0000  -30.0000  -22.500012269.6006   19.4588
    7.5000  -30.0000  -22.500011644.2451   19.4892
   -7.5000  -22.5000  -22.500012517.7031   19.4149
    0.0000  -22.5000  -22.500013085.5381   19.4314
    7.5000  -22.5000  -22.500012382.8594   19.4622
   -7.5000  -15.0000  -22.500013198.7637   19.4166
    0.0000  -15.0000  -22.500013816.4229   19.4383
    7.5000  -15.0000  -22.500013024.9678   19.4644
   -7.5000   -7.5000  -22.500013805.8262   19.4542
    0.0000   -7.5000  -22.500014446.6836   19.4814
    7.5000   -7.5000  -22.500013621.1494   19.5027
   -7.5000    0.0000  -22.500014327.4102   19.4828
    0.0000    0.0000  -22.500014970.6426   19.5092
    7.5000    0.0000  -22.500014108.0645   19.5291
   -7.5000    7.5000  -22.500013674.0898   19.4736
    0.0000    7.5000  -22.500014258.3896   19.4933
    7.5000    7.5000  -22.500013421.7402   19.5178
   -7.5000   15.0000  -22.500012635.4824   19.4432
    0.0000   15.0000  -22.500013168.3232   19.4588
    7.5000   15.0000  -22.500012397.5518   19.4892
   -7.5000   22.5000  -22.500011537.5869   19.4089
    0.0000   22.5000  -22.500012037.3594   19.4254
    7.5000   22.5000  -22.500011338.5225   19.4562
   -7.5000   30.0000  -22.500010440.8438   19.1626
    0.0000   30.0000  -22.500010921.5430   19.1840
    7.5000   30.0000  -22.500010303.5547   19.2098
   -7.5000   37.5000  -22.5000 9747.9170   19.1997
    0.0000   37.5000  -22.500010165.4189   19.2266
    7.5000   37.5000  -22.5000 9640.6416   19.2476
   -7.5000   45.0000  -22.5000 8699.7461   18.7629
    0.0000   45.0000  -22.5000 9064.7676   18.7883
    7.5000   45.0000  -22.5000 8628.2246   18.8075
   -7.5000  -45.0000  -15.000011275.5742   19.9289
    0.0000  -45.0000  -15.000011800.1709   19.9667
    7.5000  -45.0000  -15.000011189.8018   19.9857
   -7.5000  -37.5000  -15.000011738.4922   19.9235
    0.0000  -37.5000  -15.000012279.7871   19.9566
    7.5000  -37.5000  -15.000011650.3076   19.9818
   -7.5000  -30.0000  -15.000012589.1104   19.8886
    0.0000  -30.0000  -15.000013150.9229   19.9205
    7.5000  -30.0000  -15.000012481.7275   19.9540
   -7.5000  -22.5000  -15.000013379.4268   19.8505
    0.0000  -22.5000  -15.000013993.5576   19.8845
    7.5000  -22.5000  -15.000013232.0166   19.9186
   -7.5000  -15.0000  -15.000014095.3613   19.8459
    0.0000  -15.0000  -15.000014777.3125   19.8828
    7.5000  -15.0000  -15.000013874.4941   19.9106
   -7.5000   -7.5000  -15.000014728.4502   19.8892
    0.0000   -7.5000  -15.000015456.8262   19.9288
    7.5000   -7.5000  -15.000014487.1865   19.9499
   -7.5000    0.0000  -15.000015261.8691   19.9289
    0.0000    0.0000  -15.000015966.8477   19.9667
    7.5000    0.0000  -15.000014980.2891   19.9857
   -7.5000    7.5000  -15.000014523.7344   19.9235
    0.0000    7.5000  -15.000015135.2930   19.9566
    7.5000    7.5000  -15.000014191.5410   19.9818
   -7.5000   15.0000  -15.000013390.4561   19.8886
    0.0000   15.0000  -15.000013983.7217   19.9205
    7.5000   15.0000  -15.000013108.4365   19.9540
   -7.5000   22.5000  -15.000012229.8037   19.8434
    0.0000   22.5000  -15.000012815.1230   19.8775
    7.5000   22.5000  -15.000012031.0029   19.9116
   -7.5000   30.0000  -15.000011058.1611   19.5890
    0.0000   30.0000  -15.000011546.5127   19.6255
    7.5000   30.0000  -15.000010884.1143   19.6529
   -7.5000   37.5000  -15.000010327.7314   19.6318
    0.0000   37.5000  -15.000010759.9502   19.6709
    7.5000   37.5000  -15.000010165.8281   19.6917
   -7.5000   45.0000  -15.0000 9182.9248   19.2041
    0.0000   45.0000  -15.0000 9579.8682   19.2405
    7.5000   45.0000  -15.0000 9097.8232   19.2588
   -7.5000  -45.0000   -7.500012018.4277   20.1379
    0.0000  -45.0000   -7.500012560.5049   20.1886
    7.5000  -45.0000   -7.500011965.7881   20.2193
   -7.5000  -37.5000   -7.500012527.4932   20.1394
    0.0000  -37.5000   -7.500013097.9492   20.1850
    7.5000  -37.5000   -7.500012477.8428   20.2184
   -7.5000  -30.0000   -7.500013446.0557   20.1149
    0.0000  -30.0000   -7.500014072.8281   20.1561
    7.5000  -30.0000   -7.500013353.3555   20.1947
   -7.5000  -22.5000   -7.500014234.1816   20.0806
    0.0000  -22.5000   -7.500014871.1006   20.1213
    7.5000  -22.5000   -7.500014127.5449   20.1612
   -7.5000  -15.0000   -7.500014982.2949   20.0697
    0.0000  -15.0000   -7.500015670.0322   20.1137
    7.5000  -15.0000   -7.500014798.4561   20.1512
   -7.5000   -7.5000   -7.500015680.9336   20.1025
    0.0000   -7.5000   -7.500016391.9570   20.1520
    7.5000   -7.5000   -7.500015416.1445   20.1855
   -7.5000    0.0000   -7.500016212.0449   20.1379
    0.0000    0.0000   -7.500016933.4004   20.1886
    7.5000    0.0000   -7.500015931.2744   20.2193
   -7.5000    7.5000   -7.500015332.0557   20.1394
    0.0000    7.5000   -7.500015975.3086   20.1850
    7.5000    7.5000   -7.500015013.7275   20.2184
   -7.5000   15.0000   -7.500014118.5176   20.1149
    0.0000   15.0000   -7.500014738.0840   20.1561
    7.5000   15.0000   -7.500013818.6270   20.1947
   -7.5000   22.5000   -7.500012925.2246   20.0713
    0.0000   22.5000   -7.500013531.5859   20.1120
    7.5000   22.5000   -7.500012698.0859   20.1519
   -7.5000   30.0000   -7.500011702.8623   19.8095
    0.0000   30.0000   -7.500012224.5732   19.8529
    7.5000   30.0000   -7.500011497.8730   19.8898
   -7.5000   37.5000   -7.500010869.4775   19.8418
    0.0000   37.5000   -7.500011345.3779   19.8906
    7.5000   37.5000   -7.500010690.1865   19.9237
   -7.5000   45.0000   -7.5000 9641.2783   19.4091
    0.0000   45.0000   -7.500010069.3047   19.4580
    7.5000   45.0000   -7.5000 9531.4805   19.4876
   -7.5000  -45.0000    0.000012636.7266   20.1745
    0.0000  -45.0000    0.000013219.9082   20.2285
    7.5000  -45.0000    0.000012663.4814   20.2730
   -7.5000  -37.5000    0.000013211.6240   20.1793
    0.0000  -37.5000    0.000013862.0186   20.2262
    7.5000  -37.5000    0.000013193.4893   20.2689
   -7.5000  -30.0000    0.000014200.6465   20.1665
    0.0000  -30.0000    0.000014825.4570   20.2029
    7.5000  -30.0000    0.000014111.8955   20.2456
   -7.5000  -22.5000    0.000014959.4082   20.1411
    0.0000  -22.5000    0.000015564.4121   20.1738
    7.5000  -22.5000    0.000014883.7764   20.2179
   -7.5000  -15.0000    0.000015764.0586   20.1292
    0.0000  -15.0000    0.000016434.7383   20.1676
    7.5000  -15.0000    0.000015654.3770   20.2141
   -7.5000   -7.5000    0.000016466.4707   20.1498
    0.0000   -7.5000    0.000017190.1504   20.1990
    7.5000   -7.5000    0.000016362.1406   20.2459
   -7.5000    0.0000    0.000016986.5391   20.1745
    0.0000    0.0000    0.000017707.1426   20.2285
    7.5000    0.0000    0.000016857.7285   20.2730
   -7.5000    7.5000    0.000016006.4111   20.1793
    0.0000    7.5000    0.000016651.7988   20.2262
    7.5000    7.5000    0.000015791.7207   20.2689
   -7.5000   15.0000    0.000014733.8486   20.1665
    0.0000   15.0000    0.000015335.3906   20.2029
    7.5000   15.0000    0.000014506.0576   20.2456
   -7.5000   22.5000    0.000013482.9766   20.1318
    0.0000   22.5000    0.000014071.5723   20.1645
    7.5000   22.5000    0.000013266.3027   20.2086
   -7.5000   30.0000    0.000012222.1768   19.8687
    0.0000   30.0000    0.000012747.7666   19.9066
    7.5000   30.0000    0.000012032.8604   19.9525
   -7.5000   37.5000    0.000011351.6533   19.8890
    0.0000   37.5000    0.000011846.5654   19.9376
    7.5000   37.5000    0.000011186.6523   19.9839
   -7.5000   45.0000    0.000010052.2881   19.4459
    0.0000   45.0000    0.000010475.5059   19.4980
    7.5000   45.0000    0.0000 9930.1914   19.5408
   -7.5000  -45.0000    7.500012307.0342   20.2007
    0.0000  -45.0000    7.500012896.7178   20.2449
    7.5000  -45.0000    7.500012378.4492   20.2907
   -7.5000  -37.5000    7.500012852.5771   20.2015
    0.0000  -37.5000    7.500013459.0312   20.2365
    7.5000  -37.5000    7.500012886.4746   20.2802
   -7.5000  -30.0000    7.500013639.6230   20.1895
    0.0000  -30.0000    7.500014133.2617   20.2120
    7.5000  -30.0000    7.500013684.0840   20.2544
   -7.5000  -22.5000    7.500014342.5195   20.1698
    0.0000  -22.5000    7.500014836.4609   20.1882
    7.5000  -22.5000    7.500014391.5908   20.2320
   -7.5000  -15.0000    7.500015187.4580   20.1642
    0.0000  -15.0000    7.500015769.3643   20.1904
    7.5000  -15.0000    7.500015197.2402   20.2369
   -7.5000   -7.5000    7.500015889.9385   20.1832
    0.0000   -7.5000    7.500016555.1738   20.2222
    7.5000   -7.5000    7.500015925.9443   20.2698
   -7.5000    0.0000    7.500016334.2236   20.2007
    0.0000    0.0000    7.500017034.8594   20.2449
    7.5000    0.0000    7.500016387.3945   20.2907
   -7.5000    7.5000    7.500015337.1299   20.2015
    0.0000    7.5000    7.500015936.6240   20.2365
    7.5000    7.5000    7.500015297.6475   20.2802
   -7.5000   15.0000    7.500014163.2490   20.1895
    0.0000   15.0000    7.500014693.6592   20.2120
    7.5000   15.0000    7.500014040.7148   20.2544
   -7.5000   22.5000    7.500012975.9941   20.1605
    0.0000   22.5000    7.500013465.6621   20.1789
    7.5000   22.5000    7.500012835.0176   20.2227
   -7.5000   30.0000    7.500011799.0117   19.9032
    0.0000   30.0000    7.500012265.1768   19.9291
    7.5000   30.0000    7.500011664.0615   19.9750
   -7.5000   37.5000    7.500010954.1475   19.9220
    0.0000   37.5000    7.500011407.0000   19.9605
    7.5000   37.5000    7.500010821.5137   20.0075
   -7.5000   45.0000    7.5000 9702.7910   19.4711
    0.0000   45.0000    7.500010075.9561   19.5137
    7.5000   45.0000    7.5000 9584.9668   19.5579
   -7.5000  -45.0000   15.000011889.5527   20.2273
    0.0000  -45.0000   15.000012454.8379   20.2573
    7.5000  -45.0000   15.000011941.3389   20.2908
   -7.5000  -37.5000   15.000012392.0400   20.2205
    0.0000  -37.5000   15.000012934.3213   20.2414
    7.5000  -37.5000   15.000012415.4189   20.2758
   -7.5000  -30.0000   15.000013111.0283   20.2009
    0.0000  -30.0000   15.000013563.8877   20.2119
    7.5000  -30.0000   15.000013190.4619   20.2481
   -7.5000  -22.5000   15.000013737.0430   20.1813
    0.0000  -22.5000   15.000014211.9561   20.1905
    7.5000  -22.5000   15.000013884.6533   20.2275
   -7.5000  -15.0000   15.000014555.9805   20.1832
    0.0000  -15.0000   15.000015115.6416   20.1999
    7.5000  -15.0000   15.000014667.4512   20.2365
   -7.5000   -7.5000   15.000015247.5420   20.2095
    0.0000   -7.5000   15.000015869.1924   20.2371
    7.5000   -7.5000   15.000015384.0830   20.2720
   -7.5000    0.0000   15.000015724.8252   20.2273
    0.0000    0.0000   15.000016373.5742   20.2573
    7.5000    0.0000   15.000015838.9551   20.2908
   -7.5000    7.5000   15.000014714.7812   20.2205
    0.0000    7.5000   15.000015267.0811   20.2414
    7.5000    7.5000   15.000014741.7979   20.2758
   -7.5000   15.0000   15.000013591.1543   20.2009
    0.0000   15.0000   15.000014079.2334   20.2119
    7.5000   15.0000   15.000013533.4561   20.2481
   -7.5000   22.5000   15.000012469.1143   20.1720
    0.0000   22.5000   15.000012895.0176   20.1812
    7.5000   22.5000   15.000012365.9160   20.2182
   -7.5000   30.0000   15.000011311.3457   19.9220
    0.0000   30.0000   15.000011704.4932   19.9385
    7.5000   30.0000   15.000011213.8838   19.9746
   -7.5000   37.5000   15.000010506.8779   19.9479
    0.0000   37.5000   15.000010896.1426   19.9752
    7.5000   37.5000   15.000010403.7188   20.0096
   -7.5000   45.0000   15.0000 9276.4629   19.4968
    0.0000   45.0000   15.0000 9631.4131   19.5257
    7.5000   45.0000   15.0000 9213.9619   19.5580
   -7.5000  -45.0000   22.500011338.0107   20.2247
    0.0000  -45.0000   22.500011890.9619   20.2521
    7.5000  -45.0000   22.500011400.2344   20.2728
   -7.5000  -37.5000   22.500011789.1338   20.2151
    0.0000  -37.5000   22.500012310.6250   20.2356
    7.5000  -37.5000   22.500011838.9473   20.2611
   -7.5000  -30.0000   22.500012601.3184   20.1836
    0.0000  -30.0000   22.500013010.5977   20.1997
    7.5000  -30.0000   22.500012669.2676   20.2313
   -7.5000  -22.5000   22.500013284.7354   20.1542
    0.0000  -22.5000   22.500013670.9717   20.1713
    7.5000  -22.5000   22.500013450.0352   20.2033
   -7.5000  -15.0000   22.500013978.7588   20.1560
    0.0000  -15.0000   22.500014422.0273   20.1785
    7.5000  -15.0000   22.500014163.0713   20.2056
   -7.5000   -7.5000   22.500014691.5098   20.1950
    0.0000   -7.5000   22.500015211.0234   20.2232
    7.5000   -7.5000   22.500014826.4580   20.2454
   -7.5000    0.0000   22.500015197.9355   20.2247
    0.0000    0.0000   22.500015782.5850   20.2521
    7.5000    0.0000   22.500015231.5801   20.2728
   -7.5000    7.5000   22.500014185.5850   20.2151
    0.0000    7.5000   22.500014699.0635   20.2356
    7.5000    7.5000   22.500014090.3359   20.2611
   -7.5000   15.0000   22.500013019.5391   20.1836
    0.0000   15.0000   22.500013509.0381   20.1997
    7.5000   15.0000   22.500012914.3291   20.2313
   -7.5000   22.5000   22.500011903.9883   20.1449
    0.0000   22.5000   22.500012331.2256   20.1620
    7.5000   22.5000   22.500011768.2236   20.1940
   -7.5000   30.0000   22.500010745.7568   19.8951
    0.0000   30.0000   22.500011137.5596   19.9173
    7.5000   30.0000   22.500010612.5586   19.9441
   -7.5000   37.5000   22.5000 9943.4873   19.9336
    0.0000   37.5000   22.500010313.2344   19.9615
    7.5000   37.5000   22.5000 9839.6367   19.9834
   -7.5000   45.0000   22.5000 8785.8672   19.4942
    0.0000   45.0000   22.5000 9106.5508   19.5207
    7.5000   45.0000   22.5000 8709.1016   19.5406
   -7.5000  -45.0000   30.000010708.8379   20.2029
    0.0000  -45.0000   30.000011223.2490   20.2411
    7.5000  -45.0000   30.000010723.2598   20.2605
   -7.5000  -37.5000   30.000011131.0166   20.1974
    0.0000  -37.5000   30.000011626.3545   20.2309
    7.5000  -37.5000   30.000011145.2754   20.2565
   -7.5000  -30.0000   30.000011945.1484   20.1620
    0.0000  -30.0000   30.000012445.7109   20.1944
    7.5000  -30.0000   30.000011928.6074   20.2283
   -7.5000  -22.5000   30.000012732.6260   20.1233
    0.0000  -22.5000   30.000013252.5723   20.1579
    7.5000  -22.5000   30.000012679.4971   20.1924
   -7.5000  -15.0000   30.000013440.9805   20.1187
    0.0000  -15.0000   30.000013958.0205   20.1561
    7.5000  -15.0000   30.000013342.1436   20.1844
   -7.5000   -7.5000   30.000014008.8311   20.1626
    0.0000   -7.5000   30.000014544.8193   20.2027
    7.5000   -7.5000   30.000013935.0361   20.2241
   -7.5000    0.0000   30.000014403.7842   20.2029
    0.0000    0.0000   30.000014940.8408   20.2411
    7.5000    0.0000   30.000014328.2373   20.2605
   -7.5000    7.5000   30.000013399.0156   20.1974
    0.0000    7.5000   30.000013875.3135   20.2309
    7.5000    7.5000   30.000013293.3301   20.2565
   -7.5000   15.0000   30.000012278.4668   20.1620
    0.0000   15.0000   30.000012721.6357   20.1944
    7.5000   15.0000   30.000012194.7070   20.2283
   -7.5000   22.5000   30.000011204.6436   20.1141
    0.0000   22.5000   30.000011600.8018   20.1486
    7.5000   22.5000   30.000011081.9375   20.1831
   -7.5000   30.0000   30.000010124.9639   19.8583
    0.0000   30.0000   30.000010507.2207   19.8953
    7.5000   30.0000   30.0000 9985.8145   19.9231
   -7.5000   37.5000   30.0000 9367.5674   19.9017
    0.0000   37.5000   30.0000 9726.4463   19.9413
    7.5000   37.5000   30.0000 9256.0840   19.9624
   -7.5000   45.0000   30.0000 8272.5439   19.4732
    0.0000   45.0000   30.0000 8617.0566   19.5101
    7.5000   45.0000   30.0000 8189.6636   19.5287
   -7.5000  -45.0000   37.500010448.7949   20.3337
    0.0000  -45.0000   37.500011005.5781   20.3856
    7.5000  -45.0000   37.500010403.8086   20.4173
   -7.5000  -37.5000   37.500010894.1895   20.3353
    0.0000  -37.5000   37.500011445.6836   20.3820
    7.5000  -37.5000   37.500010809.6035   20.4165
   -7.5000  -30.0000   37.500011658.6221   20.3107
    0.0000  -30.0000   37.500012221.3525   20.3530
    7.5000  -30.0000   37.500011567.5752   20.3927
   -7.5000  -22.5000   37.500012337.8271   20.2762
    0.0000  -22.5000   37.500012928.4590   20.3179
    7.5000  -22.5000   37.500012268.3506   20.3589
   -7.5000  -15.0000   37.500012978.3799   20.2652
    0.0000  -15.0000   37.500013566.3086   20.3102
    7.5000  -15.0000   37.500012912.2471   20.3487
   -7.5000   -7.5000   37.500013550.9746   20.2980
    0.0000   -7.5000   37.500014167.0449   20.3487
    7.5000   -7.5000   37.500013503.7979   20.3833
   -7.5000    0.0000   37.500013960.2295   20.3337
    0.0000    0.0000   37.500014584.8789   20.3856
    7.5000    0.0000   37.500013914.8594   20.4173
   -7.5000    7.5000   37.500013016.3857   20.3353
    0.0000    7.5000   37.500013563.0312   20.3820
    7.5000    7.5000   37.500012944.5332   20.4165
   -7.5000   15.0000   37.500011946.6943   20.3107
    0.0000   15.0000   37.500012433.1494   20.3530
    7.5000   15.0000   37.500011875.7471   20.3927
   -7.5000   22.5000   37.500010902.4385   20.2668
    0.0000   22.5000   37.500011362.2637   20.3085
    7.5000   22.5000   37.500010825.4014   20.3496
   -7.5000   30.0000   37.5000 9864.8057   20.0029
    0.0000   30.0000   37.500010282.3721   20.0473
    7.5000   30.0000   37.5000 9778.2832   20.0854
   -7.5000   37.5000   37.5000 9142.3027   20.0353
    0.0000   37.5000   37.5000 9512.0381   20.0854
    7.5000   37.5000   37.5000 9074.5225   20.1195
   -7.5000   45.0000   37.5000 8072.2031   19.5993
    0.0000   45.0000   37.5000 8388.6084   19.6494
    7.5000   45.0000   37.5000 8016.0752   19.6799
   -7.5000  -45.0000   45.0000 9588.7607   20.3797
    0.0000  -45.0000   45.000010067.4648   20.4361
    7.5000  -45.0000   45.0000 9536.6338   20.4824
   -7.5000  -37.5000   45.0000 9946.8877   20.3846
    0.0000  -37.5000   45.000010437.6377   20.4336
    7.5000  -37.5000   45.0000 9914.8281   20.4780
   -7.5000  -30.0000   45.000010633.2773   20.3720
    0.0000  -30.0000   45.000011158.2383   20.4100
    7.5000  -30.0000   45.000010624.7598   20.4543
   -7.5000  -22.5000   45.000011260.4785   20.3466
    0.0000  -22.5000   45.000011820.7490   20.3808
    7.5000  -22.5000   45.000011276.2510   20.4265
   -7.5000  -15.0000   45.000011825.6367   20.3346
    0.0000  -15.0000   45.000012414.9639   20.3747
    7.5000  -15.0000   45.000011879.2930   20.4229
   -7.5000   -7.5000   45.000012384.8994   20.3551
    0.0000   -7.5000   45.000012982.5518   20.4064
    7.5000   -7.5000   45.000012420.9727   20.4552
   -7.5000    0.0000   45.000012844.7510   20.3797
    0.0000    0.0000   45.000013452.0703   20.4361
    7.5000    0.0000   45.000012835.5322   20.4824
   -7.5000    7.5000   45.000011992.4834   20.3846
    0.0000    7.5000   45.000012509.8154   20.4336
    7.5000    7.5000   45.000011959.4580   20.4780
   -7.5000   15.0000   45.000011018.5186   20.3720
    0.0000   15.0000   45.000011484.2705   20.4100
    7.5000   15.0000   45.000010983.9033   20.4543
   -7.5000   22.5000   45.000010075.5781   20.3372
    0.0000   22.5000   45.000010516.9023   20.3714
    7.5000   22.5000   45.000010037.4590   20.4170
   -7.5000   30.0000   45.0000 9120.8389   20.0697
    0.0000   30.0000   45.0000 9521.3428   20.1093
    7.5000   30.0000   45.0000 9080.3174   20.1568
   -7.5000   37.5000   45.0000 8465.0322   20.0899
    0.0000   37.5000   45.0000 8820.6865   20.1405
    7.5000   37.5000   45.0000 8432.9326   20.1887
   -7.5000   45.0000   45.0000 7472.6538   19.6526
    0.0000   45.0000   45.0000 7781.8013   19.7070
    7.5000   45.0000   45.0000 7436.0928   19.7516

---------------------------------------------------------------------
imgreg_4dfp /opt/freesurfer/average/711-2C_as_mni_average_305 /opt/freesurfer/average/711-2B_as_mni_average_305_mask talsrcimg_g11 none talsrcimg_to_711-2C_as_mni_average_305_t4 4355
---------------------------------------------------------------------

freesurfer imgreg_4dfp.c
/opt/freesurfer/average/711-2C_as_mni_average_305.4dfp.img
       256       256       256         1
  1.000000  1.000000  1.000000
orientation T byte_order littleendian
Reading image: /opt/freesurfer/average/711-2C_as_mni_average_305.4dfp.img
dimensions:      256       256       256
mmppix:       1.0000   -1.0000   -1.0000
center:     128.0000 -129.0000 -129.0000
/opt/freesurfer/average/711-2B_as_mni_average_305_mask.4dfp.img
       256       256       256         1
  1.000000  1.000000  1.000000
orientation T byte_order littleendian
Reading mask: /opt/freesurfer/average/711-2B_as_mni_average_305_mask.4dfp.img (2306576 pixels)
talsrcimg_g11.4dfp.img
       256       256       256         1
  1.000000  1.000000  1.000000
orientation T byte_order littleendian
Reading image: talsrcimg_g11.4dfp.img
dimensions:      256       256       256
mmppix:       1.0000   -1.0000   -1.0000
center:     128.0000 -129.0000 -129.0000
rotation matrix determinant  1.000000
image alignment mode   4355 decimal     1103 hex
   -7.5000  -45.0000  -45.0000 2107.5610   20.1666
    0.0000  -45.0000  -45.0000 2115.9480   20.0172
    7.5000  -45.0000  -45.0000 2099.7673   20.1469
   -7.5000  -37.5000  -45.0000 2149.7090   19.0581
    0.0000  -37.5000  -45.0000 2154.8523   18.9381
    7.5000  -37.5000  -45.0000 2135.3691   19.0598
   -7.5000  -30.0000  -45.0000 2178.8284   18.2411
    0.0000  -30.0000  -45.0000 2183.0481   18.0965
    7.5000  -30.0000  -45.0000 2156.3948   18.2123
   -7.5000  -22.5000  -45.0000 2184.5793   17.8325
    0.0000  -22.5000  -45.0000 2186.2227   17.6594
    7.5000  -22.5000  -45.0000 2171.4827   17.8140
   -7.5000  -15.0000  -45.0000 2176.8474   17.7703
    0.0000  -15.0000  -45.0000 2179.9202   17.6082
    7.5000  -15.0000  -45.0000 2169.0947   17.8257
   -7.5000   -7.5000  -45.0000 2166.3684   18.1661
    0.0000   -7.5000  -45.0000 2177.8938   18.0249
    7.5000   -7.5000  -45.0000 2159.3899   18.2288
   -7.5000    0.0000  -45.0000 2139.7793   18.9496
    0.0000    0.0000  -45.0000 2151.0725   18.8223
    7.5000    0.0000  -45.0000 2132.3059   19.0380
   -7.5000    7.5000  -45.0000 2093.6179   20.0870
    0.0000    7.5000  -45.0000 2099.5012   19.9599
    7.5000    7.5000  -45.0000 2087.8206   20.1701
   -7.5000   15.0000  -45.0000 2019.4590   21.6564
    0.0000   15.0000  -45.0000 2029.4258   21.4980
    7.5000   15.0000  -45.0000 2016.0693   21.7707
   -7.5000   22.5000  -45.0000 1932.9198   23.7039
    0.0000   22.5000  -45.0000 1946.1198   23.4995
    7.5000   22.5000  -45.0000 1929.3174   23.8285
   -7.5000   30.0000  -45.0000 1836.5059   26.3986
    0.0000   30.0000  -45.0000 1851.7823   26.2565
    7.5000   30.0000  -45.0000 1831.3164   26.5270
   -7.5000   37.5000  -45.0000 1738.9111   30.2034
    0.0000   37.5000  -45.0000 1745.0729   30.2131
    7.5000   37.5000  -45.0000 1723.8722   30.4437
   -7.5000   45.0000  -45.0000 1622.7911   35.6294
    0.0000   45.0000  -45.0000 1633.2917   35.5827
    7.5000   45.0000  -45.0000 1611.9045   35.9494
   -7.5000  -45.0000  -37.5000 2207.1794   18.4649
    0.0000  -45.0000  -37.5000 2217.5483   18.3390
    7.5000  -45.0000  -37.5000 2194.6897   18.4053
   -7.5000  -37.5000  -37.5000 2242.6050   17.4335
    0.0000  -37.5000  -37.5000 2251.0061   17.2866
    7.5000  -37.5000  -37.5000 2232.0220   17.3168
   -7.5000  -30.0000  -37.5000 2268.6448   16.7022
    0.0000  -30.0000  -37.5000 2275.2976   16.5303
    7.5000  -30.0000  -37.5000 2258.1865   16.6022
   -7.5000  -22.5000  -37.5000 2283.8291   16.3816
    0.0000  -22.5000  -37.5000 2290.8179   16.2052
    7.5000  -22.5000  -37.5000 2273.4648   16.3206
   -7.5000  -15.0000  -37.5000 2275.5281   16.3252
    0.0000  -15.0000  -37.5000 2281.8918   16.1981
    7.5000  -15.0000  -37.5000 2268.5876   16.3277
   -7.5000   -7.5000  -37.5000 2262.2346   16.6368
    0.0000   -7.5000  -37.5000 2273.5681   16.5081
    7.5000   -7.5000  -37.5000 2254.2798   16.6356
   -7.5000    0.0000  -37.5000 2233.2729   17.2650
    0.0000    0.0000  -37.5000 2245.7253   17.1209
    7.5000    0.0000  -37.5000 2228.1479   17.2502
   -7.5000    7.5000  -37.5000 2185.2695   18.3149
    0.0000    7.5000  -37.5000 2197.1936   18.1368
    7.5000    7.5000  -37.5000 2180.2437   18.3204
   -7.5000   15.0000  -37.5000 2114.6946   19.7768
    0.0000   15.0000  -37.5000 2124.2900   19.6291
    7.5000   15.0000  -37.5000 2107.0452   19.8393
   -7.5000   22.5000  -37.5000 2020.3079   21.7102
    0.0000   22.5000  -37.5000 2031.1687   21.5361
    7.5000   22.5000  -37.5000 2011.3529   21.7957
   -7.5000   30.0000  -37.5000 1917.3979   24.1493
    0.0000   30.0000  -37.5000 1925.4832   23.9773
    7.5000   30.0000  -37.5000 1910.2283   24.2615
   -7.5000   37.5000  -37.5000 1802.2616   27.5502
    0.0000   37.5000  -37.5000 1805.9402   27.3895
    7.5000   37.5000  -37.5000 1792.2690   27.7557
   -7.5000   45.0000  -37.5000 1682.8342   32.2349
    0.0000   45.0000  -37.5000 1695.5529   32.1439
    7.5000   45.0000  -37.5000 1677.0403   32.4205
   -7.5000  -45.0000  -30.0000 2329.6875   17.4475
    0.0000  -45.0000  -30.0000 2338.6587   17.3280
    7.5000  -45.0000  -30.0000 2316.6250   17.3587
   -7.5000  -37.5000  -30.0000 2377.5396   16.4599
    0.0000  -37.5000  -30.0000 2389.2593   16.3466
    7.5000  -37.5000  -30.0000 2371.6670   16.3499
   -7.5000  -30.0000  -30.0000 2407.4668   15.7805
    0.0000  -30.0000  -30.0000 2418.7485   15.6567
    7.5000  -30.0000  -30.0000 2400.3582   15.6788
   -7.5000  -22.5000  -30.0000 2430.8682   15.5181
    0.0000  -22.5000  -30.0000 2445.5154   15.3403
    7.5000  -22.5000  -30.0000 2416.5879   15.3919
   -7.5000  -15.0000  -30.0000 2428.9407   15.5012
    0.0000  -15.0000  -30.0000 2440.4636   15.3651
    7.5000  -15.0000  -30.0000 2419.4607   15.4160
   -7.5000   -7.5000  -30.0000 2415.7000   15.7940
    0.0000   -7.5000  -30.0000 2429.9395   15.6670
    7.5000   -7.5000  -30.0000 2408.7290   15.7192
   -7.5000    0.0000  -30.0000 2385.1587   16.4173
    0.0000    0.0000  -30.0000 2398.8000   16.2905
    7.5000    0.0000  -30.0000 2376.6528   16.3464
   -7.5000    7.5000  -30.0000 2330.1990   17.4085
    0.0000    7.5000  -30.0000 2342.7642   17.2726
    7.5000    7.5000  -30.0000 2322.3650   17.3806
   -7.5000   15.0000  -30.0000 2250.2483   18.7950
    0.0000   15.0000  -30.0000 2257.9456   18.6143
    7.5000   15.0000  -30.0000 2239.6323   18.7662
   -7.5000   22.5000  -30.0000 2147.8784   20.6546
    0.0000   22.5000  -30.0000 2156.5020   20.4450
    7.5000   22.5000  -30.0000 2133.7751   20.6354
   -7.5000   30.0000  -30.0000 2035.3887   23.0333
    0.0000   30.0000  -30.0000 2043.8623   22.8479
    7.5000   30.0000  -30.0000 2024.1165   23.0653
   -7.5000   37.5000  -30.0000 1905.6591   26.2077
    0.0000   37.5000  -30.0000 1911.9996   25.9897
    7.5000   37.5000  -30.0000 1897.0115   26.2756
   -7.5000   45.0000  -30.0000 1776.6748   30.4360
    0.0000   45.0000  -30.0000 1787.1255   30.2811
    7.5000   45.0000  -30.0000 1771.3527   30.5752
   -7.5000  -45.0000  -22.5000 2430.3264   16.3879
    0.0000  -45.0000  -22.5000 2438.6074   16.3219
    7.5000  -45.0000  -22.5000 2420.9377   16.3367
   -7.5000  -37.5000  -22.5000 2487.6108   15.4419
    0.0000  -37.5000  -22.5000 2502.1843   15.3876
    7.5000  -37.5000  -22.5000 2480.9548   15.3589
   -7.5000  -30.0000  -22.5000 2526.6733   14.8153
    0.0000  -30.0000  -22.5000 2542.3774   14.7311
    7.5000  -30.0000  -22.5000 2520.4565   14.7106
   -7.5000  -22.5000  -22.5000 2564.2056   14.5616
    0.0000  -22.5000  -22.5000 2581.5156   14.4314
    7.5000  -22.5000  -22.5000 2551.3259   14.4518
   -7.5000  -15.0000  -22.5000 2567.4956   14.5984
    0.0000  -15.0000  -22.5000 2589.2332   14.4972
    7.5000  -15.0000  -22.5000 2561.3931   14.5193
   -7.5000   -7.5000  -22.5000 2552.4202   14.9181
    0.0000   -7.5000  -22.5000 2575.5088   14.8102
    7.5000   -7.5000  -22.5000 2547.3521   14.8510
   -7.5000    0.0000  -22.5000 2516.0581   15.5179
    0.0000    0.0000  -22.5000 2538.0229   15.4183
    7.5000    0.0000  -22.5000 2508.6306   15.4643
   -7.5000    7.5000  -22.5000 2450.4692   16.4865
    0.0000    7.5000  -22.5000 2470.0767   16.3661
    7.5000    7.5000  -22.5000 2443.2373   16.4071
   -7.5000   15.0000  -22.5000 2361.7571   17.7963
    0.0000   15.0000  -22.5000 2374.7991   17.6596
    7.5000   15.0000  -22.5000 2352.0969   17.7436
   -7.5000   22.5000  -22.5000 2253.6074   19.5378
    0.0000   22.5000  -22.5000 2261.9253   19.3801
    7.5000   22.5000  -22.5000 2240.2864   19.5266
   -7.5000   30.0000  -22.5000 2122.2610   21.7914
    0.0000   30.0000  -22.5000 2135.7893   21.6011
    7.5000   30.0000  -22.5000 2112.6809   21.7674
   -7.5000   37.5000  -22.5000 1992.0657   24.7646
    0.0000   37.5000  -22.5000 1998.9619   24.5768
    7.5000   37.5000  -22.5000 1982.9474   24.7036
   -7.5000   45.0000  -22.5000 1849.9404   28.6429
    0.0000   45.0000  -22.5000 1862.6882   28.5028
    7.5000   45.0000  -22.5000 1844.3636   28.7463
   -7.5000  -45.0000  -15.0000 2505.3296   15.5081
    0.0000  -45.0000  -15.0000 2519.0947   15.3996
    7.5000  -45.0000  -15.0000 2495.3711   15.4999
   -7.5000  -37.5000  -15.0000 2580.1118   14.5560
    0.0000  -37.5000  -15.0000 2594.1736   14.5034
    7.5000  -37.5000  -15.0000 2572.8809   14.5403
   -7.5000  -30.0000  -15.0000 2633.2332   13.9536
    0.0000  -30.0000  -15.0000 2647.2578   13.8880
    7.5000  -30.0000  -15.0000 2622.7788   13.9128
   -7.5000  -22.5000  -15.0000 2674.5901   13.6776
    0.0000  -22.5000  -15.0000 2692.7026   13.5962
    7.5000  -22.5000  -15.0000 2665.0933   13.6539
   -7.5000  -15.0000  -15.0000 2679.5032   13.7692
    0.0000  -15.0000  -15.0000 2706.2800   13.6794
    7.5000  -15.0000  -15.0000 2669.6938   13.7033
   -7.5000   -7.5000  -15.0000 2662.9785   14.1206
    0.0000   -7.5000  -15.0000 2693.2361   14.0491
    7.5000   -7.5000  -15.0000 2653.4031   14.0513
   -7.5000    0.0000  -15.0000 2619.0532   14.7318
    0.0000    0.0000  -15.0000 2646.1475   14.6642
    7.5000    0.0000  -15.0000 2607.6816   14.6946
   -7.5000    7.5000  -15.0000 2547.3352   15.6402
    0.0000    7.5000  -15.0000 2569.5576   15.5526
    7.5000    7.5000  -15.0000 2537.3835   15.6032
   -7.5000   15.0000  -15.0000 2442.0669   16.8940
    0.0000   15.0000  -15.0000 2460.4980   16.7968
    7.5000   15.0000  -15.0000 2434.7473   16.8776
   -7.5000   22.5000  -15.0000 2323.1204   18.5645
    0.0000   22.5000  -15.0000 2339.3447   18.4652
    7.5000   22.5000  -15.0000 2315.0371   18.5768
   -7.5000   30.0000  -15.0000 2191.8569   20.6889
    0.0000   30.0000  -15.0000 2200.9692   20.5896
    7.5000   30.0000  -15.0000 2181.3816   20.6929
   -7.5000   37.5000  -15.0000 2055.4373   23.4614
    0.0000   37.5000  -15.0000 2065.5466   23.3276
    7.5000   37.5000  -15.0000 2047.7616   23.4373
   -7.5000   45.0000  -15.0000 1908.3171   27.1408
    0.0000   45.0000  -15.0000 1925.1650   26.9481
    7.5000   45.0000  -15.0000 1907.4858   27.2326
   -7.5000  -45.0000   -7.5000 2559.9839   14.7074
    0.0000  -45.0000   -7.5000 2574.4536   14.6284
    7.5000  -45.0000   -7.5000 2553.0305   14.8171
   -7.5000  -37.5000   -7.5000 2648.8784   13.8155
    0.0000  -37.5000   -7.5000 2670.3896   13.7400
    7.5000  -37.5000   -7.5000 2648.1453   13.8715
   -7.5000  -30.0000   -7.5000 2720.9624   13.2153
    0.0000  -30.0000   -7.5000 2744.2122   13.1485
    7.5000  -30.0000   -7.5000 2713.6738   13.2416
   -7.5000  -22.5000   -7.5000 2762.9224   12.9680
    0.0000  -22.5000   -7.5000 2788.0293   12.9026
    7.5000  -22.5000   -7.5000 2757.7932   12.9796
   -7.5000  -15.0000   -7.5000 2770.8735   13.0306
    0.0000  -15.0000   -7.5000 2804.4639   13.0023
    7.5000  -15.0000   -7.5000 2762.5012   13.0233
   -7.5000   -7.5000   -7.5000 2754.8511   13.3863
    0.0000   -7.5000   -7.5000 2783.2014   13.3552
    7.5000   -7.5000   -7.5000 2743.1057   13.3880
   -7.5000    0.0000   -7.5000 2699.7563   13.9919
    0.0000    0.0000   -7.5000 2728.3267   13.9216
    7.5000    0.0000   -7.5000 2692.5544   14.0094
   -7.5000    7.5000   -7.5000 2614.8701   14.9020
    0.0000    7.5000   -7.5000 2638.2766   14.8476
    7.5000    7.5000   -7.5000 2608.0420   14.9431
   -7.5000   15.0000   -7.5000 2499.6421   16.1323
    0.0000   15.0000   -7.5000 2520.2197   16.0608
    7.5000   15.0000   -7.5000 2494.0762   16.1777
   -7.5000   22.5000   -7.5000 2380.0630   17.6978
    0.0000   22.5000   -7.5000 2397.8623   17.6625
    7.5000   22.5000   -7.5000 2376.0740   17.7745
   -7.5000   30.0000   -7.5000 2243.2727   19.7154
    0.0000   30.0000   -7.5000 2252.8232   19.6757
    7.5000   30.0000   -7.5000 2234.4736   19.7839
   -7.5000   37.5000   -7.5000 2094.4961   22.2809
    0.0000   37.5000   -7.5000 2108.2346   22.2202
    7.5000   37.5000   -7.5000 2089.0791   22.3616
   -7.5000   45.0000   -7.5000 1952.8955   25.6587
    0.0000   45.0000   -7.5000 1963.0646   25.5617
    7.5000   45.0000   -7.5000 1946.1492   25.8436
   -7.5000  -45.0000    0.0000 2592.4426   14.1250
    0.0000  -45.0000    0.0000 2609.1489   14.0579
    7.5000  -45.0000    0.0000 2590.6589   14.3410
   -7.5000  -37.5000    0.0000 2700.8577   13.2291
    0.0000  -37.5000    0.0000 2719.1113   13.1378
    7.5000  -37.5000    0.0000 2695.5662   13.3725
   -7.5000  -30.0000    0.0000 2794.2222   12.6347
    0.0000  -30.0000    0.0000 2817.5671   12.5485
    7.5000  -30.0000    0.0000 2779.6677   12.7282
   -7.5000  -22.5000    0.0000 2839.7778   12.3751
    0.0000  -22.5000    0.0000 2871.0378   12.2924
    7.5000  -22.5000    0.0000 2826.3694   12.4324
   -7.5000  -15.0000    0.0000 2849.7502   12.4972
    0.0000  -15.0000    0.0000 2890.8230   12.4274
    7.5000  -15.0000    0.0000 2835.9988   12.5199
   -7.5000   -7.5000    0.0000 2819.9260   12.8827
    0.0000   -7.5000    0.0000 2851.4133   12.8295
    7.5000   -7.5000    0.0000 2813.9365   12.9219
   -7.5000    0.0000    0.0000 2757.4058   13.4424
    0.0000    0.0000    0.0000 2779.6782   13.3972
    7.5000    0.0000    0.0000 2753.3550   13.4907
   -7.5000    7.5000    0.0000 2667.4543   14.3361
    0.0000    7.5000    0.0000 2688.1621   14.2722
    7.5000    7.5000    0.0000 2659.4380   14.3568
   -7.5000   15.0000    0.0000 2544.9307   15.5734
    0.0000   15.0000    0.0000 2561.4993   15.5184
    7.5000   15.0000    0.0000 2536.7393   15.5861
   -7.5000   22.5000    0.0000 2419.8862   17.1264
    0.0000   22.5000    0.0000 2437.4304   17.0654
    7.5000   22.5000    0.0000 2412.1406   17.1595
   -7.5000   30.0000    0.0000 2272.8018   19.0123
    0.0000   30.0000    0.0000 2287.3567   18.9884
    7.5000   30.0000    0.0000 2267.7869   19.0857
   -7.5000   37.5000    0.0000 2119.9351   21.4442
    0.0000   37.5000    0.0000 2136.8333   21.3799
    7.5000   37.5000    0.0000 2117.0205   21.5153
   -7.5000   45.0000    0.0000 1973.6913   24.6249
    0.0000   45.0000    0.0000 1988.1586   24.5535
    7.5000   45.0000    0.0000 1967.4830   24.7401
   -7.5000  -45.0000    7.5000 2608.3367   13.7956
    0.0000  -45.0000    7.5000 2627.5776   13.6812
    7.5000  -45.0000    7.5000 2610.8433   14.0294
   -7.5000  -37.5000    7.5000 2732.0764   12.8911
    0.0000  -37.5000    7.5000 2748.5837   12.7473
    7.5000  -37.5000    7.5000 2727.0532   13.0836
   -7.5000  -30.0000    7.5000 2832.3308   12.2360
    0.0000  -30.0000    7.5000 2861.7769   12.0959
    7.5000  -30.0000    7.5000 2820.8887   12.3851
   -7.5000  -22.5000    7.5000 2893.1641   11.8782
    0.0000  -22.5000    7.5000 2918.6392   11.6815
    7.5000  -22.5000    7.5000 2872.5452   12.0224
   -7.5000  -15.0000    7.5000 2912.7522   12.0487
    0.0000  -15.0000    7.5000 2944.7683   11.8817
    7.5000  -15.0000    7.5000 2893.1763   12.1050
   -7.5000   -7.5000    7.5000 2869.0427   12.4873
    0.0000   -7.5000    7.5000 2900.3035   12.4252
    7.5000   -7.5000    7.5000 2865.9207   12.5419
   -7.5000    0.0000    7.5000 2789.8508   13.1030
    0.0000    0.0000    7.5000 2817.0991   13.0419
    7.5000    0.0000    7.5000 2793.1497   13.1200
   -7.5000    7.5000    7.5000 2689.4666   13.9790
    0.0000    7.5000    7.5000 2713.7000   13.9000
    7.5000    7.5000    7.5000 2688.6592   13.9974
   -7.5000   15.0000    7.5000 2569.0928   15.1664
    0.0000   15.0000    7.5000 2588.4509   15.1006
    7.5000   15.0000    7.5000 2561.1191   15.2047
   -7.5000   22.5000    7.5000 2440.4585   16.6332
    0.0000   22.5000    7.5000 2455.0630   16.5868
    7.5000   22.5000    7.5000 2431.2078   16.6971
   -7.5000   30.0000    7.5000 2294.3435   18.4645
    0.0000   30.0000    7.5000 2307.3701   18.4469
    7.5000   30.0000    7.5000 2290.6387   18.5610
   -7.5000   37.5000    7.5000 2140.0461   20.8294
    0.0000   37.5000    7.5000 2154.1484   20.7867
    7.5000   37.5000    7.5000 2131.7437   20.9331
   -7.5000   45.0000    7.5000 1986.3296   23.8424
    0.0000   45.0000    7.5000 1992.9456   23.7169
    7.5000   45.0000    7.5000 1981.4070   23.9566
   -7.5000  -45.0000   15.0000 2609.5417   13.7459
    0.0000  -45.0000   15.0000 2630.6394   13.6065
    7.5000  -45.0000   15.0000 2610.0752   13.9983
   -7.5000  -37.5000   15.0000 2735.7515   12.8337
    0.0000  -37.5000   15.0000 2756.2058   12.6723
    7.5000  -37.5000   15.0000 2729.7637   13.0203
   -7.5000  -30.0000   15.0000 2834.9253   12.1548
    0.0000  -30.0000   15.0000 2869.1909   11.9288
    7.5000  -30.0000   15.0000 2825.4016   12.3240
   -7.5000  -22.5000   15.0000 2903.9785   11.7520
    0.0000  -22.5000   15.0000 2929.2363   11.5032
    7.5000  -22.5000   15.0000 2886.8555   11.9639
   -7.5000  -15.0000   15.0000 2933.8916   11.8820
    0.0000  -15.0000   15.0000 2961.8555   11.7092
    7.5000  -15.0000   15.0000 2910.5903   12.0274
   -7.5000   -7.5000   15.0000 2881.7290   12.3614
    0.0000   -7.5000   15.0000 2913.7617   12.2484
    7.5000   -7.5000   15.0000 2874.5728   12.4802
   -7.5000    0.0000   15.0000 2803.7039   13.0268
    0.0000    0.0000   15.0000 2829.8525   12.9335
    7.5000    0.0000   15.0000 2801.9014   13.1099
   -7.5000    7.5000   15.0000 2693.6997   13.8930
    0.0000    7.5000   15.0000 2715.7258   13.8025
    7.5000    7.5000   15.0000 2694.0159   13.9365
   -7.5000   15.0000   15.0000 2570.9956   15.0205
    0.0000   15.0000   15.0000 2587.1003   14.9226
    7.5000   15.0000   15.0000 2564.3303   15.0549
   -7.5000   22.5000   15.0000 2438.0344   16.4025
    0.0000   22.5000   15.0000 2452.6252   16.3367
    7.5000   22.5000   15.0000 2430.8059   16.4889
   -7.5000   30.0000   15.0000 2289.7722   18.2181
    0.0000   30.0000   15.0000 2304.3611   18.1560
    7.5000   30.0000   15.0000 2286.9629   18.3443
   -7.5000   37.5000   15.0000 2140.0757   20.5843
    0.0000   37.5000   15.0000 2152.1208   20.4785
    7.5000   37.5000   15.0000 2131.8169   20.7040
   -7.5000   45.0000   15.0000 1985.0947   23.5335
    0.0000   45.0000   15.0000 1998.1918   23.4221
    7.5000   45.0000   15.0000 1981.8752   23.6793
   -7.5000  -45.0000   22.5000 2593.3032   14.0047
    0.0000  -45.0000   22.5000 2618.6851   13.8597
    7.5000  -45.0000   22.5000 2596.1799   14.2170
   -7.5000  -37.5000   22.5000 2711.5610   13.0318
    0.0000  -37.5000   22.5000 2734.0403   12.8531
    7.5000  -37.5000   22.5000 2710.1125   13.2287
   -7.5000  -30.0000   22.5000 2806.9209   12.3773
    0.0000  -30.0000   22.5000 2831.0100   12.0838
    7.5000  -30.0000   22.5000 2806.1555   12.5619
   -7.5000  -22.5000   22.5000 2881.0808   12.0735
    0.0000  -22.5000   22.5000 2898.9080   11.7830
    7.5000  -22.5000   22.5000 2877.8962   12.2528
   -7.5000  -15.0000   22.5000 2900.5530   12.1449
    0.0000  -15.0000   22.5000 2923.8008   11.8913
    7.5000  -15.0000   22.5000 2892.8640   12.3271
   -7.5000   -7.5000   22.5000 2866.9155   12.5334
    0.0000   -7.5000   22.5000 2887.9185   12.3669
    7.5000   -7.5000   22.5000 2857.2573   12.6683
   -7.5000    0.0000   22.5000 2784.4114   13.1959
    0.0000    0.0000   22.5000 2809.8726   13.0572
    7.5000    0.0000   22.5000 2777.5012   13.2622
   -7.5000    7.5000   22.5000 2678.4473   14.0633
    0.0000    7.5000   22.5000 2700.1650   13.9301
    7.5000    7.5000   22.5000 2672.6118   14.0908
   -7.5000   15.0000   22.5000 2555.3123   15.1488
    0.0000   15.0000   22.5000 2575.6995   15.0374
    7.5000   15.0000   22.5000 2551.4116   15.1781
   -7.5000   22.5000   22.5000 2423.0916   16.4965
    0.0000   22.5000   22.5000 2434.3877   16.4208
    7.5000   22.5000   22.5000 2417.1509   16.5681
   -7.5000   30.0000   22.5000 2273.2900   18.2570
    0.0000   30.0000   22.5000 2290.1726   18.2099
    7.5000   30.0000   22.5000 2270.8706   18.3041
   -7.5000   37.5000   22.5000 2123.0117   20.5364
    0.0000   37.5000   22.5000 2138.6936   20.4774
    7.5000   37.5000   22.5000 2120.0669   20.6252
   -7.5000   45.0000   22.5000 1973.3176   23.4966
    0.0000   45.0000   22.5000 1983.7179   23.3318
    7.5000   45.0000   22.5000 1969.8530   23.6786
   -7.5000  -45.0000   30.0000 2568.1333   14.4987
    0.0000  -45.0000   30.0000 2591.8215   14.3486
    7.5000  -45.0000   30.0000 2570.6448   14.6478
   -7.5000  -37.5000   30.0000 2673.6077   13.5340
    0.0000  -37.5000   30.0000 2699.9011   13.3653
    7.5000  -37.5000   30.0000 2679.7654   13.6847
   -7.5000  -30.0000   30.0000 2762.3669   12.8984
    0.0000  -30.0000   30.0000 2789.2251   12.7210
    7.5000  -30.0000   30.0000 2761.3596   13.0438
   -7.5000  -22.5000   30.0000 2820.7234   12.6386
    0.0000  -22.5000   30.0000 2842.9868   12.4796
    7.5000  -22.5000   30.0000 2817.9377   12.7288
   -7.5000  -15.0000   30.0000 2832.5378   12.6844
    0.0000  -15.0000   30.0000 2850.5132   12.5237
    7.5000  -15.0000   30.0000 2827.0044   12.7454
   -7.5000   -7.5000   30.0000 2797.3452   12.9602
    0.0000   -7.5000   30.0000 2818.5347   12.8372
    7.5000   -7.5000   30.0000 2793.3945   13.0642
   -7.5000    0.0000   30.0000 2730.6453   13.5137
    0.0000    0.0000   30.0000 2746.5999   13.3968
    7.5000    0.0000   30.0000 2724.1594   13.5977
   -7.5000    7.5000   30.0000 2640.5090   14.3426
    0.0000    7.5000   30.0000 2655.4941   14.2198
    7.5000    7.5000   30.0000 2629.5913   14.3888
   -7.5000   15.0000   30.0000 2518.8499   15.4348
    0.0000   15.0000   30.0000 2535.7139   15.3243
    7.5000   15.0000   30.0000 2514.9133   15.4529
   -7.5000   22.5000   30.0000 2385.3967   16.7410
    0.0000   22.5000   30.0000 2399.0125   16.6192
    7.5000   22.5000   30.0000 2378.7234   16.7604
   -7.5000   30.0000   30.0000 2243.3477   18.4534
    0.0000   30.0000   30.0000 2264.8103   18.3482
    7.5000   30.0000   30.0000 2234.8503   18.5143
   -7.5000   37.5000   30.0000 2098.6802   20.8000
    0.0000   37.5000   30.0000 2114.8057   20.6969
    7.5000   37.5000   30.0000 2093.1868   20.8415
   -7.5000   45.0000   30.0000 1951.2153   23.8327
    0.0000   45.0000   30.0000 1961.6525   23.6937
    7.5000   45.0000   30.0000 1945.9163   23.9028
   -7.5000  -45.0000   37.5000 2530.0051   15.2999
    0.0000  -45.0000   37.5000 2557.6616   15.2270
    7.5000  -45.0000   37.5000 2527.3411   15.3387
   -7.5000  -37.5000   37.5000 2625.5881   14.3380
    0.0000  -37.5000   37.5000 2656.2852   14.2350
    7.5000  -37.5000   37.5000 2624.7844   14.3830
   -7.5000  -30.0000   37.5000 2696.9663   13.6744
    0.0000  -30.0000   37.5000 2724.5828   13.5411
    7.5000  -30.0000   37.5000 2694.7703   13.7058
   -7.5000  -22.5000   37.5000 2735.1606   13.3622
    0.0000  -22.5000   37.5000 2762.9741   13.2204
    7.5000  -22.5000   37.5000 2739.8694   13.3591
   -7.5000  -15.0000   37.5000 2742.6748   13.3243
    0.0000  -15.0000   37.5000 2765.9363   13.1953
    7.5000  -15.0000   37.5000 2747.1746   13.3261
   -7.5000   -7.5000   37.5000 2715.6699   13.5448
    0.0000   -7.5000   37.5000 2736.4084   13.4378
    7.5000   -7.5000   37.5000 2715.6965   13.5897
   -7.5000    0.0000   37.5000 2653.4424   14.0239
    0.0000    0.0000   37.5000 2677.1687   13.9399
    7.5000    0.0000   37.5000 2655.5027   14.0874
   -7.5000    7.5000   37.5000 2573.6438   14.8538
    0.0000    7.5000   37.5000 2590.3708   14.7635
    7.5000    7.5000   37.5000 2571.2085   14.8798
   -7.5000   15.0000   37.5000 2466.5312   15.8806
    0.0000   15.0000   37.5000 2478.6428   15.7930
    7.5000   15.0000   37.5000 2458.8174   15.8881
   -7.5000   22.5000   37.5000 2337.9563   17.1905
    0.0000   22.5000   37.5000 2353.2864   17.1391
    7.5000   22.5000   37.5000 2332.4739   17.2212
   -7.5000   30.0000   37.5000 2204.5435   18.9285
    0.0000   30.0000   37.5000 2222.1875   18.8752
    7.5000   30.0000   37.5000 2202.3650   18.9788
   -7.5000   37.5000   37.5000 2064.5671   21.2843
    0.0000   37.5000   37.5000 2077.0261   21.1644
    7.5000   37.5000   37.5000 2064.6226   21.3280
   -7.5000   45.0000   37.5000 1920.3173   24.3484
    0.0000   45.0000   37.5000 1927.1715   24.2042
    7.5000   45.0000   37.5000 1914.7964   24.4553
   -7.5000  -45.0000   45.0000 2464.2571   16.3203
    0.0000  -45.0000   45.0000 2492.1384   16.2100
    7.5000  -45.0000   45.0000 2459.8647   16.3080
   -7.5000  -37.5000   45.0000 2549.6934   15.2849
    0.0000  -37.5000   45.0000 2579.9912   15.1603
    7.5000  -37.5000   45.0000 2549.8904   15.3108
   -7.5000  -30.0000   45.0000 2611.0488   14.5834
    0.0000  -30.0000   45.0000 2639.7083   14.4506
    7.5000  -30.0000   45.0000 2612.9438   14.5869
   -7.5000  -22.5000   45.0000 2640.6936   14.2434
    0.0000  -22.5000   45.0000 2669.7629   14.1000
    7.5000  -22.5000   45.0000 2645.0518   14.2349
   -7.5000  -15.0000   45.0000 2643.5938   14.1628
    0.0000  -15.0000   45.0000 2668.2593   14.0518
    7.5000  -15.0000   45.0000 2653.3657   14.1731
   -7.5000   -7.5000   45.0000 2625.4983   14.3219
    0.0000   -7.5000   45.0000 2644.4980   14.2397
    7.5000   -7.5000   45.0000 2625.1938   14.3768
   -7.5000    0.0000   45.0000 2573.4814   14.7825
    0.0000    0.0000   45.0000 2594.9487   14.6949
    7.5000    0.0000   45.0000 2571.1836   14.8225
   -7.5000    7.5000   45.0000 2497.3845   15.5723
    0.0000    7.5000   45.0000 2511.3430   15.4863
    7.5000    7.5000   45.0000 2495.6885   15.5696
   -7.5000   15.0000   45.0000 2394.4797   16.6131
    0.0000   15.0000   45.0000 2403.5161   16.5029
    7.5000   15.0000   45.0000 2386.2939   16.5860
   -7.5000   22.5000   45.0000 2275.5210   17.9879
    0.0000   22.5000   45.0000 2288.8418   17.8938
    7.5000   22.5000   45.0000 2272.6987   17.9747
   -7.5000   30.0000   45.0000 2149.7432   19.6916
    0.0000   30.0000   45.0000 2164.4976   19.6298
    7.5000   30.0000   45.0000 2147.8516   19.7208
   -7.5000   37.5000   45.0000 2021.0496   22.0583
    0.0000   37.5000   45.0000 2030.2767   21.9528
    7.5000   37.5000   45.0000 2019.1752   22.0827
   -7.5000   45.0000   45.0000 1877.4860   25.1538
    0.0000   45.0000   45.0000 1883.9077   24.9543
    7.5000   45.0000   45.0000 1871.7819   25.2265

---------------------------------------------------------------------
imgreg_4dfp /opt/freesurfer/average/711-2C_as_mni_average_305 /opt/freesurfer/average/711-2B_as_mni_average_305_mask talsrcimg_g11 none talsrcimg_to_711-2C_as_mni_average_305_t4 1283
---------------------------------------------------------------------

freesurfer imgreg_4dfp.c
/opt/freesurfer/average/711-2C_as_mni_average_305.4dfp.img
       256       256       256         1
  1.000000  1.000000  1.000000
orientation T byte_order littleendian
Reading image: /opt/freesurfer/average/711-2C_as_mni_average_305.4dfp.img
dimensions:      256       256       256
mmppix:       1.0000   -1.0000   -1.0000
center:     128.0000 -129.0000 -129.0000
/opt/freesurfer/average/711-2B_as_mni_average_305_mask.4dfp.img
       256       256       256         1
  1.000000  1.000000  1.000000
orientation T byte_order littleendian
Reading mask: /opt/freesurfer/average/711-2B_as_mni_average_305_mask.4dfp.img (2306576 pixels)
talsrcimg_g11.4dfp.img
       256       256       256         1
  1.000000  1.000000  1.000000
orientation T byte_order littleendian
Reading image: talsrcimg_g11.4dfp.img
dimensions:      256       256       256
mmppix:       1.0000   -1.0000   -1.0000
center:     128.0000 -129.0000 -129.0000
rotation matrix determinant  1.000000
fimgreg.f
image alignment mode   1283 decimal      503 hex
parameters
    0.0000  -15.0000   15.0000    0.0000    0.0000    0.0000
eta,q 0.92899 11.68786
niter,ni,del,rscale     5    3   12.0000    1.2000
parameter  3  0.864546 ->  0.500000 qaram    1.1500
parameters
   -0.9367  -15.5810   11.5500   -0.7587    2.0119   -1.4873
eta,q 0.93455 11.46878
  0.0751  0.0796  0.0708  0.0738  0.0721  0.0677
  0.0719  0.0754  0.0674  0.0687  0.0697  0.0666
  0.0721  0.0729  0.0691  0.0660  0.0675  0.0657
  0.0722  0.0725  0.0722  0.0667  0.0663  0.0651
  0.0714  0.0733  0.0739  0.0699  0.0651  0.0664
  0.0748  0.0776  0.0738  0.0731  0.0657  0.0698
  0.0784  0.0837  0.0769  0.0758  0.0677  0.0737
niter,ni,del,rscale     5    3   12.0000    1.2000
parameters
   -1.6661  -15.9313   12.1375   -0.2046    1.9629   -1.5844
eta,q 0.93387 11.44674
  0.0727  0.0783  0.0792  0.0767  0.0702  0.0698
  0.0675  0.0724  0.0744  0.0713  0.0681  0.0680
  0.0657  0.0662  0.0683  0.0663  0.0667  0.0672
  0.0655  0.0655  0.0652  0.0658  0.0661  0.0661
  0.0668  0.0696  0.0692  0.0672  0.0665  0.0657
  0.0717  0.0746  0.0729  0.0696  0.0682  0.0675
  0.0766  0.0806  0.0745  0.0724  0.0705  0.0711
niter,ni,del,rscale     4    3   12.0000    1.2000
parameters
   -1.6296  -16.1423   12.4689    0.1156    1.9523   -1.5171
eta,q 0.93334 11.43916
  0.0749  0.0781  0.0784  0.0761  0.0705  0.0704
  0.0696  0.0724  0.0735  0.0704  0.0686  0.0687
  0.0667  0.0670  0.0673  0.0663  0.0671  0.0679
  0.0661  0.0661  0.0660  0.0665  0.0667  0.0667
  0.0656  0.0692  0.0706  0.0680  0.0670  0.0663
  0.0693  0.0735  0.0736  0.0703  0.0685  0.0678
  0.0751  0.0793  0.0745  0.0729  0.0706  0.0712
niter,ni,del,rscale     3    3   12.0000    1.2000
parameters
   -1.5440  -16.2749   12.6698    0.2722    2.0026   -1.5023
eta,q 0.93296 11.43239
  0.0752  0.0780  0.0781  0.0755  0.0706  0.0706
  0.0702  0.0725  0.0730  0.0698  0.0689  0.0690
  0.0675  0.0676  0.0668  0.0664  0.0675  0.0682
  0.0667  0.0666  0.0665  0.0670  0.0670  0.0670
  0.0657  0.0693  0.0713  0.0685  0.0671  0.0666
  0.0695  0.0730  0.0737  0.0707  0.0686  0.0682
  0.0754  0.0786  0.0745  0.0730  0.0708  0.0717
niter,ni,del,rscale     2    3   12.0000    1.2000
parameters
   -1.4864  -16.3343   12.7679    0.3406    2.0377   -1.5002
eta,q 0.93281 11.42930
  0.0753  0.0780  0.0779  0.0752  0.0707  0.0707
  0.0704  0.0727  0.0727  0.0696  0.0690  0.0692
  0.0680  0.0680  0.0666  0.0665  0.0678  0.0684
  0.0670  0.0670  0.0670  0.0672  0.0672  0.0672
  0.0659  0.0693  0.0717  0.0687  0.0673  0.0667
  0.0699  0.0727  0.0738  0.0708  0.0687  0.0684
  0.0758  0.0782  0.0747  0.0731  0.0710  0.0719
niter,ni,del,rscale     1    3   12.0000    1.2000
parameters
   -1.4625  -16.3530   12.8163    0.3668    2.0512   -1.4984
eta,q 0.93273 11.42875
  0.0752  0.0780  0.0778  0.0750  0.0707  0.0708
  0.0705  0.0728  0.0726  0.0694  0.0691  0.0693
  0.0683  0.0682  0.0665  0.0665  0.0679  0.0685
  0.0672  0.0672  0.0672  0.0673  0.0673  0.0673
  0.0660  0.0693  0.0719  0.0688  0.0674  0.0668
  0.0701  0.0726  0.0738  0.0709  0.0687  0.0684
  0.0760  0.0780  0.0748  0.0731  0.0711  0.0719
registration optimization eta report
parameter search radius
    6.0000    6.0000    6.9000    6.0000    6.0000    6.0000
100000*second partial in parameter space
       25.       29.       18.       20.       10.       12.
  0.0752  0.0780  0.0778  0.0750  0.0707  0.0708
  0.0705  0.0728  0.0726  0.0694  0.0691  0.0693
  0.0683  0.0682  0.0665  0.0665  0.0679  0.0685
  0.0672  0.0672  0.0672  0.0673  0.0673  0.0673
  0.0660  0.0693  0.0719  0.0688  0.0674  0.0668
  0.0701  0.0726  0.0738  0.0709  0.0687  0.0684
  0.0760  0.0780  0.0748  0.0731  0.0711  0.0719
   -1.4625  -16.3530   12.8163    0.3668    2.0512   -1.4984
eta,q 0.93273 11.42875

---------------------------------------------------------------------
imgreg_4dfp /opt/freesurfer/average/711-2C_as_mni_average_305 /opt/freesurfer/average/711-2B_as_mni_average_305_mask talsrcimg_g11 none talsrcimg_to_711-2C_as_mni_average_305_t4 3335
---------------------------------------------------------------------

freesurfer imgreg_4dfp.c
/opt/freesurfer/average/711-2C_as_mni_average_305.4dfp.img
       256       256       256         1
  1.000000  1.000000  1.000000
orientation T byte_order littleendian
Reading image: /opt/freesurfer/average/711-2C_as_mni_average_305.4dfp.img
dimensions:      256       256       256
mmppix:       1.0000   -1.0000   -1.0000
center:     128.0000 -129.0000 -129.0000
/opt/freesurfer/average/711-2B_as_mni_average_305_mask.4dfp.img
       256       256       256         1
  1.000000  1.000000  1.000000
orientation T byte_order littleendian
Reading mask: /opt/freesurfer/average/711-2B_as_mni_average_305_mask.4dfp.img (2306576 pixels)
talsrcimg_g11.4dfp.img
       256       256       256         1
  1.000000  1.000000  1.000000
orientation T byte_order littleendian
Reading image: talsrcimg_g11.4dfp.img
dimensions:      256       256       256
mmppix:       1.0000   -1.0000   -1.0000
center:     128.0000 -129.0000 -129.0000
fimgreg.f
image alignment mode   3335 decimal      D07 hex
parameters
   -1.4625  -16.3530   12.8163   -0.0982   -0.0356   -0.0661
    2.5920   -3.5947   -2.6133   -0.5464    3.5793    0.6398
eta,q 0.93145 11.64259
niter,ni,del,rscale     5    3    5.0000    1.2000
parameter  2 -0.905087 -> -0.500000 qaram    1.1500
parameter  4  5.494370 ->  0.500000 qaram    1.1500
parameter  5  2.363041 ->  0.500000 qaram    1.1500
parameter  6  7.321292 ->  0.500000 qaram    1.1500
parameter  8 -1.468266 -> -0.500000 qaram    1.1500
parameters
   -1.7741  -14.9730   12.7527   -4.2382   -4.1756   -4.2061
    1.6056    0.5453   -2.5995    0.7554    6.3157    0.8611
eta,q 0.94876 10.86197
  0.0696  0.0707  0.0694  0.0592  0.0559  0.0465  0.0532  0.0547  0.0531  0.0543  0.0520  0.0519
  0.0689  0.0699  0.0685  0.0618  0.0577  0.0513  0.0526  0.0535  0.0522  0.0530  0.0517  0.0516
  0.0686  0.0692  0.0678  0.0645  0.0598  0.0551  0.0523  0.0529  0.0516  0.0520  0.0515  0.0514
  0.0686  0.0685  0.0677  0.0677  0.0625  0.0583  0.0523  0.0523  0.0514  0.0514  0.0513  0.0512
  0.0689  0.0679  0.0680  0.0711  0.0659  0.0625  0.0525  0.0517  0.0516  0.0514  0.0513  0.0512
  0.0695  0.0676  0.0687  0.0743  0.0693  0.0673  0.0530  0.0513  0.0522  0.0519  0.0513  0.0514
  0.0703  0.0679  0.0695  0.0778  0.0730  0.0723  0.0538  0.0510  0.0531  0.0528  0.0514  0.0519
niter,ni,del,rscale     7    3    5.0000    1.2000
parameter  4  1.672041 ->  0.500000 qaram    1.3225
parameter  5  2.904588 ->  0.500000 qaram    1.3225
parameter  6  5.293182 ->  0.500000 qaram    1.3225
parameter 11  0.610857 ->  0.500000 qaram    1.1500
parameter 12  0.507824 ->  0.500000 qaram    1.1500
parameters
   -2.0757  -15.9030   12.4618   -8.9992   -8.9366   -8.9671
    2.5550   -1.6166   -4.3340   -1.7567    2.1757   -3.2789
eta,q 0.97006 10.36070
  0.0529  0.0520  0.0515  0.0440  0.0387  0.0286  0.0359  0.0359  0.0331  0.0331  0.0308  0.0304
  0.0517  0.0511  0.0509  0.0453  0.0409  0.0315  0.0344  0.0332  0.0322  0.0317  0.0304  0.0300
  0.0512  0.0508  0.0506  0.0475  0.0432  0.0365  0.0332  0.0319  0.0318  0.0312  0.0305  0.0300
  0.0512  0.0511  0.0508  0.0507  0.0458  0.0416  0.0327  0.0326  0.0319  0.0317  0.0312  0.0304
  0.0518  0.0521  0.0512  0.0548  0.0492  0.0466  0.0327  0.0349  0.0326  0.0333  0.0324  0.0313
  0.0526  0.0534  0.0514  0.0590  0.0525  0.0511  0.0334  0.0380  0.0337  0.0356  0.0340  0.0327
  0.0538  0.0552  0.0515  0.0634  0.0562  0.0570  0.0346  0.0414  0.0353  0.0385  0.0358  0.0343
niter,ni,del,rscale     7    3    5.0000    1.2000
parameter  2  0.663370 ->  0.500000 qaram    1.3225
parameter  5  0.903923 ->  0.500000 qaram    1.5209
parameters
   -1.7682  -17.4900   12.1427  -13.6415  -14.4118  -13.3018
    3.3109   -0.7375   -3.8533   -1.7184    2.4099   -0.2455
eta,q 0.97789 10.20137
  0.0347  0.0291  0.0306  0.0288  0.0237  0.0250  0.0254  0.0294  0.0248  0.0259  0.0238  0.0253
  0.0323  0.0285  0.0293  0.0274  0.0230  0.0234  0.0239  0.0258  0.0236  0.0238  0.0229  0.0239
  0.0307  0.0288  0.0286  0.0271  0.0241  0.0219  0.0229  0.0233  0.0227  0.0226  0.0225  0.0229
  0.0299  0.0299  0.0285  0.0284  0.0271  0.0231  0.0224  0.0224  0.0223  0.0223  0.0223  0.0223
  0.0300  0.0315  0.0291  0.0318  0.0309  0.0286  0.0225  0.0225  0.0225  0.0228  0.0224  0.0221
  0.0310  0.0335  0.0303  0.0369  0.0352  0.0357  0.0232  0.0239  0.0231  0.0239  0.0228  0.0223
  0.0328  0.0360  0.0321  0.0428  0.0397  0.0418  0.0244  0.0270  0.0242  0.0256  0.0237  0.0228
niter,ni,del,rscale     7    3    5.0000    1.2000
parameter  3  0.671344 ->  0.500000 qaram    1.1500
parameters
   -1.2767  -17.4613   10.7627  -10.5428  -15.5877  -15.5087
    3.6961   -0.4872   -4.0074   -1.9034    3.1367   -1.1839
eta,q 0.97914 10.18653
  0.0261  0.0273  0.0214  0.0273  0.0255  0.0249  0.0239  0.0279  0.0230  0.0239  0.0230  0.0221
  0.0242  0.0245  0.0211  0.0251  0.0228  0.0230  0.0224  0.0245  0.0219  0.0222  0.0219  0.0213
  0.0228  0.0226  0.0213  0.0230  0.0207  0.0215  0.0214  0.0220  0.0212  0.0211  0.0213  0.0209
  0.0221  0.0220  0.0220  0.0211  0.0198  0.0199  0.0210  0.0210  0.0209  0.0209  0.0209  0.0209
  0.0220  0.0226  0.0230  0.0198  0.0213  0.0219  0.0212  0.0215  0.0212  0.0215  0.0209  0.0212
  0.0226  0.0244  0.0244  0.0202  0.0247  0.0286  0.0220  0.0237  0.0220  0.0225  0.0214  0.0218
  0.0238  0.0270  0.0261  0.0231  0.0288  0.0347  0.0233  0.0274  0.0232  0.0240  0.0225  0.0228
niter,ni,del,rscale     7    3    5.0000    1.2000
parameters
   -1.2806  -17.2858   10.2025  -10.0311  -15.4069  -16.4086
    3.7554   -0.5298   -4.2187   -1.6012    3.3072   -1.5680
eta,q 0.97905 10.17162
  0.0241  0.0265  0.0221  0.0259  0.0273  0.0261  0.0237  0.0275  0.0230  0.0244  0.0228  0.0224
  0.0223  0.0236  0.0211  0.0240  0.0245  0.0238  0.0222  0.0242  0.0219  0.0224  0.0219  0.0215
  0.0212  0.0216  0.0207  0.0222  0.0221  0.0220  0.0213  0.0219  0.0212  0.0213  0.0212  0.0210
  0.0209  0.0209  0.0209  0.0207  0.0205  0.0205  0.0209  0.0210  0.0209  0.0209  0.0210  0.0210
  0.0212  0.0213  0.0214  0.0204  0.0211  0.0202  0.0212  0.0217  0.0212  0.0214  0.0211  0.0212
  0.0223  0.0229  0.0223  0.0223  0.0239  0.0247  0.0221  0.0241  0.0220  0.0223  0.0216  0.0218
  0.0242  0.0254  0.0236  0.0259  0.0274  0.0309  0.0236  0.0278  0.0232  0.0236  0.0228  0.0226
niter,ni,del,rscale     6    3    5.0000    1.2000
parameters
   -1.2654  -17.1577    9.9896   -9.8785  -15.3346  -16.6982
    3.8080   -0.5381   -4.3065   -1.3871    3.3624   -1.7593
eta,q 0.97901 10.16592
  0.0244  0.0264  0.0227  0.0258  0.0274  0.0267  0.0237  0.0276  0.0230  0.0243  0.0229  0.0226
  0.0225  0.0235  0.0215  0.0240  0.0247  0.0243  0.0223  0.0243  0.0219  0.0224  0.0219  0.0216
  0.0214  0.0217  0.0210  0.0223  0.0223  0.0224  0.0213  0.0219  0.0212  0.0213  0.0213  0.0211
  0.0209  0.0209  0.0209  0.0209  0.0209  0.0209  0.0210  0.0210  0.0210  0.0210  0.0210  0.0210
  0.0213  0.0215  0.0213  0.0208  0.0215  0.0200  0.0213  0.0217  0.0213  0.0214  0.0212  0.0212
  0.0224  0.0231  0.0221  0.0229  0.0243  0.0234  0.0222  0.0241  0.0220  0.0224  0.0218  0.0218
  0.0243  0.0255  0.0232  0.0265  0.0277  0.0295  0.0237  0.0278  0.0232  0.0237  0.0230  0.0226
niter,ni,del,rscale     5    3    5.0000    1.2000
parameters
   -1.2607  -17.0919    9.9032   -9.8366  -15.3172  -16.7958
    3.8324   -0.5376   -4.3413   -1.2789    3.3790   -1.8481
eta,q 0.97898 10.16334
  0.0244  0.0262  0.0229  0.0258  0.0274  0.0269  0.0237  0.0276  0.0231  0.0242  0.0229  0.0226
  0.0226  0.0234  0.0217  0.0240  0.0247  0.0245  0.0223  0.0243  0.0220  0.0223  0.0220  0.0217
  0.0214  0.0216  0.0211  0.0224  0.0224  0.0225  0.0214  0.0220  0.0213  0.0213  0.0213  0.0211
  0.0210  0.0210  0.0210  0.0210  0.0210  0.0210  0.0210  0.0210  0.0210  0.0210  0.0210  0.0210
  0.0214  0.0216  0.0213  0.0209  0.0217  0.0200  0.0213  0.0217  0.0213  0.0215  0.0212  0.0213
  0.0225  0.0232  0.0220  0.0231  0.0244  0.0230  0.0222  0.0241  0.0220  0.0224  0.0218  0.0218
  0.0244  0.0257  0.0231  0.0267  0.0278  0.0292  0.0237  0.0278  0.0231  0.0238  0.0230  0.0226
niter,ni,del,rscale     4    3    5.0000    1.2000
parameters
   -1.2555  -17.0618    9.8699   -9.8215  -15.3167  -16.8271
    3.8408   -0.5339   -4.3533   -1.2292    3.3820   -1.8822
eta,q 0.97897 10.16231
  0.0244  0.0261  0.0231  0.0258  0.0274  0.0269  0.0237  0.0276  0.0231  0.0241  0.0229  0.0227
  0.0226  0.0233  0.0218  0.0240  0.0247  0.0245  0.0223  0.0244  0.0220  0.0223  0.0220  0.0217
  0.0214  0.0216  0.0212  0.0224  0.0224  0.0225  0.0214  0.0220  0.0213  0.0212  0.0213  0.0211
  0.0210  0.0210  0.0210  0.0210  0.0210  0.0210  0.0210  0.0210  0.0210  0.0210  0.0210  0.0210
  0.0214  0.0216  0.0213  0.0210  0.0217  0.0200  0.0213  0.0217  0.0213  0.0215  0.0212  0.0213
  0.0225  0.0233  0.0220  0.0231  0.0244  0.0229  0.0223  0.0241  0.0220  0.0225  0.0218  0.0218
  0.0244  0.0258  0.0230  0.0268  0.0278  0.0290  0.0238  0.0278  0.0231  0.0238  0.0230  0.0226
niter,ni,del,rscale     3    3    5.0000    1.2000
parameters
   -1.2534  -17.0486    9.8577   -9.8130  -15.3185  -16.8421
    3.8418   -0.5312   -4.3547   -1.2065    3.3771   -1.9014
eta,q 0.97897 10.16181
  0.0244  0.0260  0.0231  0.0258  0.0274  0.0270  0.0237  0.0276  0.0231  0.0241  0.0229  0.0227
  0.0226  0.0233  0.0218  0.0240  0.0248  0.0246  0.0223  0.0244  0.0220  0.0223  0.0220  0.0217
  0.0214  0.0216  0.0212  0.0224  0.0224  0.0226  0.0214  0.0220  0.0213  0.0212  0.0213  0.0211
  0.0210  0.0210  0.0210  0.0210  0.0210  0.0210  0.0210  0.0210  0.0210  0.0210  0.0210  0.0210
  0.0214  0.0217  0.0213  0.0210  0.0217  0.0200  0.0213  0.0218  0.0213  0.0215  0.0212  0.0213
  0.0226  0.0234  0.0220  0.0231  0.0245  0.0229  0.0223  0.0241  0.0220  0.0225  0.0218  0.0218
  0.0245  0.0258  0.0230  0.0268  0.0278  0.0290  0.0238  0.0278  0.0231  0.0238  0.0230  0.0226
registration optimization eta report
parameter search radius
    2.4000    3.1740    2.7600    9.5220   10.9503    9.5220
    7.2000    8.2800    7.2000    7.2000    8.2800    8.2800
100000*second partial in parameter space
       59.       48.       27.        6.        5.        8.
        5.       10.        4.        6.        3.        2.
  0.0244  0.0260  0.0231  0.0258  0.0274  0.0270  0.0237  0.0276  0.0231  0.0241  0.0229  0.0227
  0.0226  0.0233  0.0218  0.0240  0.0248  0.0246  0.0223  0.0244  0.0220  0.0223  0.0220  0.0217
  0.0214  0.0216  0.0212  0.0224  0.0224  0.0226  0.0214  0.0220  0.0213  0.0212  0.0213  0.0211
  0.0210  0.0210  0.0210  0.0210  0.0210  0.0210  0.0210  0.0210  0.0210  0.0210  0.0210  0.0210
  0.0214  0.0217  0.0213  0.0210  0.0217  0.0200  0.0213  0.0218  0.0213  0.0215  0.0212  0.0213
  0.0226  0.0234  0.0220  0.0231  0.0245  0.0229  0.0223  0.0241  0.0220  0.0225  0.0218  0.0218
  0.0245  0.0258  0.0230  0.0268  0.0278  0.0290  0.0238  0.0278  0.0231  0.0238  0.0230  0.0226
   -1.2534  -17.0486    9.8577   -9.8130  -15.3185  -16.8421
    3.8418   -0.5312   -4.3547   -1.2065    3.3771   -1.9014
eta,q 0.97897 10.16181

---------------------------------------------------------------------
imgreg_4dfp /opt/freesurfer/average/711-2C_as_mni_average_305 /opt/freesurfer/average/711-2B_as_mni_average_305_mask talsrcimg_g11 none talsrcimg_to_711-2C_as_mni_average_305_t4 2311
---------------------------------------------------------------------

freesurfer imgreg_4dfp.c
/opt/freesurfer/average/711-2C_as_mni_average_305.4dfp.img
       256       256       256         1
  1.000000  1.000000  1.000000
orientation T byte_order littleendian
Reading image: /opt/freesurfer/average/711-2C_as_mni_average_305.4dfp.img
dimensions:      256       256       256
mmppix:       1.0000   -1.0000   -1.0000
center:     128.0000 -129.0000 -129.0000
/opt/freesurfer/average/711-2B_as_mni_average_305_mask.4dfp.img
       256       256       256         1
  1.000000  1.000000  1.000000
orientation T byte_order littleendian
Reading mask: /opt/freesurfer/average/711-2B_as_mni_average_305_mask.4dfp.img (2306576 pixels)
talsrcimg_g11.4dfp.img
       256       256       256         1
  1.000000  1.000000  1.000000
orientation T byte_order littleendian
Reading image: talsrcimg_g11.4dfp.img
dimensions:      256       256       256
mmppix:       1.0000   -1.0000   -1.0000
center:     128.0000 -129.0000 -129.0000
fimgreg.f
image alignment mode   2311 decimal      907 hex
parameters
   -1.2534  -17.0486    9.8577   -9.8130  -15.3185  -16.8421
    3.8418   -0.5312   -4.3547   -1.2065    3.3771   -1.9014
eta,q 0.97897 10.16181
niter,ni,del,rscale     5    3    5.0000    0.8000
parameters
   -1.2424  -17.0898    9.7523   -8.5934  -14.9591  -15.1781
    3.7819   -0.5146   -4.1646   -1.3135    3.0855   -2.4988
eta,q 0.97982 10.24335
  0.0226  0.0223  0.0216  0.0232  0.0228  0.0232  0.0217  0.0236  0.0214  0.0218  0.0212  0.0208
  0.0217  0.0216  0.0213  0.0224  0.0219  0.0222  0.0209  0.0219  0.0208  0.0208  0.0206  0.0204
  0.0212  0.0212  0.0211  0.0216  0.0212  0.0214  0.0204  0.0207  0.0204  0.0203  0.0203  0.0202
  0.0210  0.0210  0.0210  0.0210  0.0208  0.0207  0.0202  0.0202  0.0202  0.0202  0.0202  0.0202
  0.0212  0.0212  0.0211  0.0208  0.0208  0.0202  0.0204  0.0206  0.0203  0.0205  0.0204  0.0204
  0.0217  0.0217  0.0214  0.0210  0.0214  0.0202  0.0209  0.0218  0.0207  0.0210  0.0208  0.0207
  0.0226  0.0224  0.0218  0.0219  0.0224  0.0214  0.0218  0.0236  0.0213  0.0219  0.0215  0.0211
niter,ni,del,rscale     4    3    5.0000    0.7000
parameters
   -1.3277  -17.1650   10.2415   -8.9241  -14.9399  -14.5196
    3.7677   -0.5442   -4.0540   -1.4015    2.8669   -2.3861
eta,q 0.98015 10.26380
  0.0214  0.0212  0.0215  0.0215  0.0216  0.0221  0.0210  0.0225  0.0208  0.0211  0.0206  0.0205
  0.0207  0.0206  0.0208  0.0208  0.0209  0.0214  0.0204  0.0211  0.0203  0.0204  0.0202  0.0201
  0.0203  0.0203  0.0204  0.0203  0.0203  0.0207  0.0200  0.0202  0.0200  0.0199  0.0199  0.0199
  0.0202  0.0202  0.0202  0.0201  0.0201  0.0201  0.0199  0.0199  0.0199  0.0199  0.0199  0.0199
  0.0204  0.0204  0.0201  0.0203  0.0202  0.0197  0.0200  0.0202  0.0199  0.0201  0.0200  0.0199
  0.0209  0.0208  0.0202  0.0210  0.0208  0.0201  0.0204  0.0212  0.0202  0.0205  0.0203  0.0201
  0.0218  0.0214  0.0204  0.0222  0.0217  0.0215  0.0211  0.0226  0.0207  0.0212  0.0208  0.0204
niter,ni,del,rscale     3    3    5.0000    0.6000
parameters
   -1.3585  -17.2459   10.4506   -8.9973  -14.9456  -14.0831
    3.7373   -0.5481   -3.9899   -1.5190    2.7098   -2.2984
eta,q 0.98031 10.27493
  0.0209  0.0206  0.0207  0.0210  0.0210  0.0215  0.0206  0.0218  0.0204  0.0206  0.0203  0.0202
  0.0203  0.0202  0.0202  0.0205  0.0204  0.0210  0.0201  0.0207  0.0200  0.0201  0.0200  0.0199
  0.0200  0.0199  0.0200  0.0200  0.0200  0.0204  0.0198  0.0200  0.0198  0.0198  0.0198  0.0197
  0.0198  0.0198  0.0198  0.0198  0.0198  0.0198  0.0197  0.0197  0.0197  0.0197  0.0197  0.0197
  0.0200  0.0200  0.0199  0.0199  0.0199  0.0196  0.0198  0.0199  0.0198  0.0199  0.0198  0.0197
  0.0204  0.0203  0.0200  0.0204  0.0204  0.0200  0.0201  0.0207  0.0200  0.0202  0.0200  0.0199
  0.0210  0.0208  0.0202  0.0213  0.0210  0.0212  0.0206  0.0218  0.0204  0.0207  0.0205  0.0201
niter,ni,del,rscale     2    3    5.0000    0.5000
parameters
   -1.3849  -17.2842   10.6140   -9.0245  -14.9607  -13.7109
    3.7142   -0.5520   -3.9488   -1.5877    2.5724   -2.2653
eta,q 0.98042 10.28329
  0.0204  0.0202  0.0203  0.0206  0.0205  0.0211  0.0202  0.0212  0.0201  0.0203  0.0201  0.0199
  0.0200  0.0199  0.0200  0.0201  0.0201  0.0206  0.0199  0.0203  0.0198  0.0199  0.0198  0.0197
  0.0198  0.0197  0.0198  0.0198  0.0198  0.0201  0.0197  0.0198  0.0196  0.0196  0.0196  0.0196
  0.0197  0.0197  0.0197  0.0197  0.0197  0.0197  0.0196  0.0196  0.0196  0.0196  0.0196  0.0196
  0.0198  0.0198  0.0197  0.0197  0.0198  0.0195  0.0197  0.0198  0.0196  0.0197  0.0197  0.0196
  0.0201  0.0200  0.0198  0.0201  0.0200  0.0199  0.0199  0.0203  0.0198  0.0199  0.0199  0.0197
  0.0205  0.0203  0.0200  0.0207  0.0205  0.0208  0.0202  0.0212  0.0201  0.0203  0.0202  0.0199
niter,ni,del,rscale     1    3    5.0000    0.4000
parameters
   -1.4043  -17.3061   10.7490   -9.0566  -14.9752  -13.4036
    3.6987   -0.5440   -3.9242   -1.6123    2.4692   -2.2313
eta,q 0.98049 10.28935
  0.0200  0.0199  0.0200  0.0202  0.0201  0.0207  0.0199  0.0206  0.0198  0.0200  0.0198  0.0197
  0.0198  0.0197  0.0198  0.0199  0.0198  0.0203  0.0197  0.0200  0.0197  0.0197  0.0197  0.0196
  0.0196  0.0196  0.0196  0.0197  0.0196  0.0199  0.0196  0.0196  0.0195  0.0196  0.0195  0.0195
  0.0196  0.0196  0.0196  0.0196  0.0196  0.0196  0.0195  0.0195  0.0195  0.0195  0.0195  0.0195
  0.0196  0.0196  0.0196  0.0196  0.0196  0.0195  0.0196  0.0196  0.0195  0.0196  0.0196  0.0195
  0.0198  0.0198  0.0197  0.0198  0.0198  0.0198  0.0197  0.0200  0.0196  0.0197  0.0197  0.0196
  0.0201  0.0200  0.0198  0.0202  0.0201  0.0204  0.0199  0.0206  0.0198  0.0200  0.0199  0.0197
registration optimization eta report
parameter search radius
    0.8000    0.8000    0.8000    2.4000    2.4000    2.4000
    2.4000    2.4000    2.4000    2.4000    2.4000    2.4000
100000*second partial in parameter space
       78.       62.       51.       11.       10.       17.
        7.       19.        5.        8.        6.        4.
  0.0200  0.0199  0.0200  0.0202  0.0201  0.0207  0.0199  0.0206  0.0198  0.0200  0.0198  0.0197
  0.0198  0.0197  0.0198  0.0199  0.0198  0.0203  0.0197  0.0200  0.0197  0.0197  0.0197  0.0196
  0.0196  0.0196  0.0196  0.0197  0.0196  0.0199  0.0196  0.0196  0.0195  0.0196  0.0195  0.0195
  0.0196  0.0196  0.0196  0.0196  0.0196  0.0196  0.0195  0.0195  0.0195  0.0195  0.0195  0.0195
  0.0196  0.0196  0.0196  0.0196  0.0196  0.0195  0.0196  0.0196  0.0195  0.0196  0.0196  0.0195
  0.0198  0.0198  0.0197  0.0198  0.0198  0.0198  0.0197  0.0200  0.0196  0.0197  0.0197  0.0196
  0.0201  0.0200  0.0198  0.0202  0.0201  0.0204  0.0199  0.0206  0.0198  0.0200  0.0199  0.0197
   -1.4043  -17.3061   10.7490   -9.0566  -14.9752  -13.4036
    3.6987   -0.5440   -3.9242   -1.6123    2.4692   -2.2313
eta,q 0.98049 10.28935

---------------------------------------------------------------------
imgreg_4dfp /opt/freesurfer/average/711-2C_as_mni_average_305 /opt/freesurfer/average/711-2B_as_mni_average_305_mask talsrcimg_g11 none talsrcimg_to_711-2C_as_mni_average_305_t4 2311
---------------------------------------------------------------------

freesurfer imgreg_4dfp.c
/opt/freesurfer/average/711-2C_as_mni_average_305.4dfp.img
       256       256       256         1
  1.000000  1.000000  1.000000
orientation T byte_order littleendian
Reading image: /opt/freesurfer/average/711-2C_as_mni_average_305.4dfp.img
dimensions:      256       256       256
mmppix:       1.0000   -1.0000   -1.0000
center:     128.0000 -129.0000 -129.0000
/opt/freesurfer/average/711-2B_as_mni_average_305_mask.4dfp.img
       256       256       256         1
  1.000000  1.000000  1.000000
orientation T byte_order littleendian
Reading mask: /opt/freesurfer/average/711-2B_as_mni_average_305_mask.4dfp.img (2306576 pixels)
talsrcimg_g11.4dfp.img
       256       256       256         1
  1.000000  1.000000  1.000000
orientation T byte_order littleendian
Reading image: talsrcimg_g11.4dfp.img
dimensions:      256       256       256
mmppix:       1.0000   -1.0000   -1.0000
center:     128.0000 -129.0000 -129.0000
fimgreg.f
image alignment mode   2311 decimal      907 hex
parameters
   -1.4043  -17.3061   10.7490   -9.0566  -14.9752  -13.4036
    3.6987   -0.5440   -3.9242   -1.6123    2.4692   -2.2313
eta,q 0.98049 10.28935
niter,ni,del,rscale     5    3    5.0000    0.8000
parameters
   -1.4239  -17.3145   10.8783   -9.4760  -15.1589  -13.9813
    3.7339   -0.5432   -3.9131   -1.5592    2.5169   -1.8768
eta,q 0.98027 10.27305
  0.0214  0.0210  0.0210  0.0213  0.0213  0.0220  0.0212  0.0230  0.0209  0.0215  0.0209  0.0206
  0.0204  0.0202  0.0202  0.0204  0.0204  0.0211  0.0204  0.0214  0.0203  0.0205  0.0203  0.0201
  0.0197  0.0197  0.0197  0.0198  0.0198  0.0203  0.0199  0.0202  0.0199  0.0199  0.0199  0.0198
  0.0195  0.0195  0.0195  0.0195  0.0195  0.0195  0.0197  0.0197  0.0197  0.0197  0.0197  0.0197
  0.0197  0.0197  0.0196  0.0198  0.0198  0.0198  0.0199  0.0201  0.0199  0.0200  0.0199  0.0198
  0.0204  0.0202  0.0200  0.0208  0.0205  0.0215  0.0204  0.0213  0.0202  0.0205  0.0202  0.0200
  0.0215  0.0211  0.0206  0.0223  0.0217  0.0247  0.0212  0.0231  0.0209  0.0213  0.0208  0.0203
niter,ni,del,rscale     4    3    5.0000    0.7000
parameters
   -1.3859  -17.3264   10.6568   -9.1909  -15.0555  -14.1193
    3.7229   -0.5036   -3.9097   -1.6343    2.5755   -2.0267
eta,q 0.98029 10.27318
  0.0212  0.0209  0.0203  0.0215  0.0212  0.0217  0.0209  0.0225  0.0206  0.0210  0.0206  0.0202
  0.0204  0.0202  0.0199  0.0207  0.0205  0.0210  0.0202  0.0211  0.0201  0.0202  0.0202  0.0199
  0.0199  0.0199  0.0197  0.0201  0.0199  0.0203  0.0199  0.0201  0.0198  0.0198  0.0198  0.0198
  0.0197  0.0197  0.0197  0.0197  0.0197  0.0197  0.0197  0.0197  0.0197  0.0197  0.0197  0.0197
  0.0199  0.0199  0.0199  0.0197  0.0198  0.0196  0.0198  0.0200  0.0198  0.0199  0.0198  0.0198
  0.0203  0.0203  0.0203  0.0202  0.0203  0.0206  0.0202  0.0210  0.0201  0.0204  0.0201  0.0200
  0.0211  0.0209  0.0208  0.0212  0.0212  0.0227  0.0209  0.0224  0.0206  0.0210  0.0206  0.0203
niter,ni,del,rscale     3    3    5.0000    0.6000
parameters
   -1.3809  -17.3127   10.6160   -9.0759  -15.0110  -13.9360
    3.6983   -0.5089   -3.9197   -1.6329    2.5560   -2.1524
eta,q 0.98037 10.27805
  0.0208  0.0206  0.0203  0.0210  0.0208  0.0214  0.0205  0.0218  0.0203  0.0207  0.0203  0.0200
  0.0202  0.0201  0.0199  0.0204  0.0203  0.0208  0.0200  0.0207  0.0199  0.0201  0.0200  0.0198
  0.0198  0.0198  0.0198  0.0199  0.0199  0.0202  0.0197  0.0199  0.0197  0.0197  0.0197  0.0197
  0.0197  0.0197  0.0197  0.0197  0.0197  0.0197  0.0196  0.0196  0.0196  0.0196  0.0196  0.0196
  0.0198  0.0198  0.0198  0.0198  0.0198  0.0196  0.0197  0.0199  0.0197  0.0198  0.0197  0.0197
  0.0202  0.0201  0.0200  0.0202  0.0202  0.0202  0.0200  0.0206  0.0199  0.0201  0.0200  0.0199
  0.0208  0.0205  0.0204  0.0210  0.0209  0.0215  0.0205  0.0218  0.0203  0.0206  0.0204  0.0201
niter,ni,del,rscale     2    3    5.0000    0.5000
parameters
   -1.3914  -17.3095   10.6811   -9.0474  -14.9853  -13.6547
    3.6936   -0.5167   -3.9060   -1.6251    2.4931   -2.2011
eta,q 0.98044 10.28467
  0.0204  0.0202  0.0202  0.0205  0.0205  0.0211  0.0202  0.0211  0.0201  0.0203  0.0201  0.0199
  0.0200  0.0199  0.0199  0.0201  0.0200  0.0206  0.0198  0.0203  0.0198  0.0199  0.0198  0.0197
  0.0197  0.0197  0.0197  0.0198  0.0197  0.0201  0.0196  0.0198  0.0196  0.0196  0.0196  0.0196
  0.0196  0.0196  0.0196  0.0196  0.0196  0.0196  0.0196  0.0196  0.0196  0.0196  0.0196  0.0196
  0.0197  0.0197  0.0197  0.0197  0.0197  0.0195  0.0196  0.0197  0.0196  0.0196  0.0196  0.0196
  0.0200  0.0199  0.0198  0.0200  0.0200  0.0199  0.0198  0.0203  0.0198  0.0199  0.0198  0.0197
  0.0204  0.0202  0.0200  0.0206  0.0205  0.0209  0.0202  0.0212  0.0200  0.0203  0.0201  0.0199
niter,ni,del,rscale     1    3    5.0000    0.4000
parameters
   -1.4049  -17.3171   10.7773   -9.0689  -14.9843  -13.3788
    3.6838   -0.5234   -3.9001   -1.6301    2.4284   -2.2004
eta,q 0.98050 10.28980
  0.0200  0.0199  0.0200  0.0201  0.0201  0.0207  0.0199  0.0206  0.0198  0.0200  0.0198  0.0197
  0.0198  0.0197  0.0197  0.0198  0.0198  0.0203  0.0197  0.0200  0.0196  0.0197  0.0197  0.0196
  0.0196  0.0196  0.0196  0.0196  0.0196  0.0199  0.0196  0.0196  0.0195  0.0196  0.0195  0.0195
  0.0196  0.0196  0.0196  0.0196  0.0196  0.0196  0.0195  0.0195  0.0195  0.0195  0.0195  0.0195
  0.0196  0.0196  0.0196  0.0196  0.0196  0.0195  0.0195  0.0196  0.0195  0.0196  0.0195  0.0195
  0.0198  0.0197  0.0197  0.0198  0.0198  0.0198  0.0197  0.0200  0.0196  0.0197  0.0197  0.0196
  0.0201  0.0200  0.0198  0.0202  0.0201  0.0204  0.0199  0.0206  0.0198  0.0200  0.0199  0.0197
registration optimization eta report
parameter search radius
    0.8000    0.8000    0.8000    2.4000    2.4000    2.4000
    2.4000    2.4000    2.4000    2.4000    2.4000    2.4000
100000*second partial in parameter space
       78.       61.       51.       11.        9.       17.
        7.       19.        5.        8.        6.        4.
  0.0200  0.0199  0.0200  0.0201  0.0201  0.0207  0.0199  0.0206  0.0198  0.0200  0.0198  0.0197
  0.0198  0.0197  0.0197  0.0198  0.0198  0.0203  0.0197  0.0200  0.0196  0.0197  0.0197  0.0196
  0.0196  0.0196  0.0196  0.0196  0.0196  0.0199  0.0196  0.0196  0.0195  0.0196  0.0195  0.0195
  0.0196  0.0196  0.0196  0.0196  0.0196  0.0196  0.0195  0.0195  0.0195  0.0195  0.0195  0.0195
  0.0196  0.0196  0.0196  0.0196  0.0196  0.0195  0.0195  0.0196  0.0195  0.0196  0.0195  0.0195
  0.0198  0.0197  0.0197  0.0198  0.0198  0.0198  0.0197  0.0200  0.0196  0.0197  0.0197  0.0196
  0.0201  0.0200  0.0198  0.0202  0.0201  0.0204  0.0199  0.0206  0.0198  0.0200  0.0199  0.0197
   -1.4049  -17.3171   10.7773   -9.0689  -14.9843  -13.3788
    3.6838   -0.5234   -3.9001   -1.6301    2.4284   -2.2004
eta,q 0.98050 10.28980

---------------------------------------------------------------------
compute_vox2vox talsrcimg talsrcimg_to_711-2C_as_mni_average_305_t4 /opt/freesurfer/average/711-2C_as_mni_average_305
---------------------------------------------------------------------

freesurfer compute_vox2vox.c
Reading: talsrcimg.4dfp.ifh
Reading: talsrcimg_to_711-2C_as_mni_average_305_t4
Reading: /opt/freesurfer/average/711-2C_as_mni_average_305.4dfp.ifh
Writing: talsrcimg_to_711-2C_as_mni_average_305_t4_vox2vox.txt

start time Wed Mar 11 08:49:41 CET 2026
end		time Wed Mar 11 08:51:16 CET 2026

mpr2mni305 success

avi2talxfm orig_nu.mgz /opt/freesurfer/average/mni305.cor.mgz talsrcimg_to_711-2C_as_mni_average_305_t4_vox2vox.txt transforms/talairach.auto.xfm
avi2talxfm done
mv -f /out/sourcedata/freesurfer/sub-v2s15x29747_ses-1/mri/talsrcimg_to_711-2C_as_mni_average_305_t4_vox2vox.txt /out/sourcedata/freesurfer/sub-v2s15x29747_ses-1/mri/transforms/talsrcimg_to_711-2C_as_mni_average_305_t4_vox2vox.txt
lta_convert --src orig_nu.mgz --trg /opt/freesurfer/average/mni305.cor.mgz --inxfm transforms/talairach.auto.xfm --outlta transforms/talairach.auto.xfm.lta --subject fsaverage
7.3.2

--src: orig_nu.mgz src image (geometry).
--trg: /opt/freesurfer/average/mni305.cor.mgz trg image (geometry).
--inmni: transforms/talairach.auto.xfm input MNI/XFM transform.
--outlta: transforms/talairach.auto.xfm.lta output LTA.
--s: fsaverage subject name
 LTA read, type : 1
 1.09755   0.00574  -0.04741  -8.36395;
-0.02950   1.15486   0.03117  -20.57964;
 0.04978   0.02241   1.17468   12.14964;
 0.00000   0.00000   0.00000   1.00000;
setting subject to fsaverage
Writing  LTA to file transforms/talairach.auto.xfm.lta...
lta_convert successful.
 
 
Started at Wed Mar 11 08:49:41 CET 2026
Ended   at Wed Mar 11 08:51:17 CET 2026
talairach_avi done
