/out/sourcedata/freesurfer/sub-v2s15x29735_ses-1/mri
/opt/freesurfer/bin/talairach_avi
--i orig_nu.mgz --xfm transforms/talairach.auto.xfm
talairach_avi 7.3.2
Linux dna043 5.14.0-427.37.1.el9_4.x86_64 #1 SMP PREEMPT_DYNAMIC Fri Sep 13 12:41:50 EDT 2024 x86_64 x86_64 x86_64 GNU/Linux
Wed Mar 11 07:54:12 CET 2026
mri_convert orig_nu.mgz talsrcimg.img 
reading from orig_nu.mgz...
TR=0.00, TE=0.00, TI=0.00, flip angle=0.00
i_ras = (-1, 0, 0)
j_ras = (0, 0, -1)
k_ras = (0, 1, 0)
writing to talsrcimg.img...
Analyze Output Matrix
-1.00000   0.00000   0.00000   133.83713;
 0.00000   0.00000   1.00000  -113.47746;
 0.00000  -1.00000   0.00000   156.02905;
 0.00000   0.00000   0.00000   1.00000;
--------------------
INFO: set hdr.hist.orient to -1
mpr2mni305 talsrcimg
Wed Mar 11 07:54:13 CET 2026
/opt/freesurfer/bin/mpr2mni305 talsrcimg
mpr2mni305 7.3.2
target=711-2C_as_mni_average_305

---------------------------------------------------------------------
analyzeto4dfp talsrcimg -O0 -y
---------------------------------------------------------------------

freesurfer ifh2hdr.c
Wed Mar 11 07:54:13 2026
Writing: talsrcimg.4dfp.hdr
freesurfer analyzeto4dfp.c
Reading: talsrcimg.hdr
header size 348 bytes
hdr.dime.datatype	offset=70	value=2
hdr.dime.bitpix		offset=72	value=8
hdr.hist.orient		offset=252	value=-1
dimensionality     4
dimensions       256       256       256         1
Reading: talsrcimg.img
Writing: talsrcimg.4dfp.img
Writing: talsrcimg.4dfp.ifh
ifh2hdr talsrcimg -r0to249
ori=2

---------------------------------------------------------------------
gauss_4dfp talsrcimg 1.1
---------------------------------------------------------------------

freesurfer gauss_4dfp.c
Reading: talsrcimg.4dfp.img
Writing: talsrcimg_g11.4dfp.img
image dimensions 256 256 256 padded to 288 288 288
processing volume 1freesurfer ifh2hdr.c
Wed Mar 11 07:54:14 2026
Writing: talsrcimg_g11.4dfp.hdr

Writing: talsrcimg_g11.4dfp.ifh
including: talsrcimg.4dfp.img.rec in talsrcimg_g11.4dfp.img.rec

---------------------------------------------------------------------
imgreg_4dfp /opt/freesurfer/average/711-2C_as_mni_average_305 none talsrcimg_g11 none talsrcimg_to_711-2C_as_mni_average_305_t4 4355
---------------------------------------------------------------------

freesurfer imgreg_4dfp.c
/opt/freesurfer/average/711-2C_as_mni_average_305.4dfp.img
       256       256       256         1
  1.000000  1.000000  1.000000
orientation T byte_order littleendian
Reading image: /opt/freesurfer/average/711-2C_as_mni_average_305.4dfp.img
dimensions:      256       256       256
mmppix:       1.0000   -1.0000   -1.0000
center:     128.0000 -129.0000 -129.0000
talsrcimg_g11.4dfp.img
       256       256       256         1
  1.000000  1.000000  1.000000
orientation T byte_order littleendian
Reading image: talsrcimg_g11.4dfp.img
dimensions:      256       256       256
mmppix:       1.0000   -1.0000   -1.0000
center:     128.0000 -129.0000 -129.0000
t4_read: open error in t4_sub.f l:  41 t4_file(1:l)talsrcimg_to_711-2C_as_mni_average_305_t4 
t4_read: transform initialized to I4
rotation matrix determinant  1.000000
image alignment mode   4355 decimal     1103 hex
   -7.5000  -45.0000  -45.0000 8110.6108   15.2625
    0.0000  -45.0000  -45.0000 8473.1494   15.2665
    7.5000  -45.0000  -45.0000 8095.6104   15.2787
   -7.5000  -37.5000  -45.0000 8710.9043   15.1541
    0.0000  -37.5000  -45.0000 9090.4727   15.1518
    7.5000  -37.5000  -45.0000 8664.4482   15.1604
   -7.5000  -30.0000  -45.0000 9601.2686   15.1031
    0.0000  -30.0000  -45.000010019.9961   15.0965
    7.5000  -30.0000  -45.0000 9534.2480   15.1031
   -7.5000  -22.5000  -45.000010421.6074   15.0389
    0.0000  -22.5000  -45.000010890.6025   15.0334
    7.5000  -22.5000  -45.000010349.9482   15.0402
   -7.5000  -15.0000  -45.000011159.9004   15.0162
    0.0000  -15.0000  -45.000011719.1484   15.0144
    7.5000  -15.0000  -45.000011086.2959   15.0222
   -7.5000   -7.5000  -45.000011844.9951   15.0718
    0.0000   -7.5000  -45.000012423.1348   15.0742
    7.5000   -7.5000  -45.000011777.8994   15.0847
   -7.5000    0.0000  -45.000012435.9297   15.1455
    0.0000    0.0000  -45.000013039.7119   15.1487
    7.5000    0.0000  -45.000012368.2822   15.1601
   -7.5000    7.5000  -45.000012189.7041   15.1539
    0.0000    7.5000  -45.000012762.8223   15.1517
    7.5000    7.5000  -45.000012093.9941   15.1602
   -7.5000   15.0000  -45.000011676.1328   15.1031
    0.0000   15.0000  -45.000012207.0264   15.0965
    7.5000   15.0000  -45.000011567.3271   15.1031
   -7.5000   22.5000  -45.000010814.2812   15.0369
    0.0000   22.5000  -45.000011338.3457   15.0313
    7.5000   22.5000  -45.000010733.5850   15.0381
   -7.5000   30.0000  -45.0000 9980.2607   14.8161
    0.0000   30.0000  -45.000010470.5674   14.8143
    7.5000   30.0000  -45.0000 9885.6836   14.8220
   -7.5000   37.5000  -45.0000 9553.6885   14.8710
    0.0000   37.5000  -45.000010050.7119   14.8734
    7.5000   37.5000  -45.0000 9458.5371   14.8837
   -7.5000   45.0000  -45.0000 8775.6211   14.5642
    0.0000   45.0000  -45.0000 9242.2070   14.5672
    7.5000   45.0000  -45.0000 8701.7832   14.5783
   -7.5000  -45.0000  -37.5000 8651.8682   15.0550
    0.0000  -45.0000  -37.5000 9028.7686   15.0473
    7.5000  -45.0000  -37.5000 8598.3682   15.0531
   -7.5000  -37.5000  -37.5000 9272.7344   14.9406
    0.0000  -37.5000  -37.5000 9660.8291   14.9272
    7.5000  -37.5000  -37.5000 9201.2549   14.9300
   -7.5000  -30.0000  -37.500010209.2656   14.8840
    0.0000  -30.0000  -37.500010654.0889   14.8670
    7.5000  -30.0000  -37.500010107.9463   14.8683
   -7.5000  -22.5000  -37.500011077.3428   14.8238
    0.0000  -22.5000  -37.500011569.4170   14.8083
    7.5000  -22.5000  -37.500010942.2158   14.8097
   -7.5000  -15.0000  -37.500011862.7656   14.8099
    0.0000  -15.0000  -37.500012415.0713   14.7982
    7.5000  -15.0000  -37.500011728.7861   14.8006
   -7.5000   -7.5000  -37.500012553.2012   14.8702
    0.0000   -7.5000  -37.500013137.1738   14.8621
    7.5000   -7.5000  -37.500012425.8672   14.8668
   -7.5000    0.0000  -37.500013163.0410   14.9409
    0.0000    0.0000  -37.500013783.0605   14.9325
    7.5000    0.0000  -37.500013003.0469   14.9377
   -7.5000    7.5000  -37.500012888.0010   14.9404
    0.0000    7.5000  -37.500013476.4648   14.9270
    7.5000    7.5000  -37.500012692.6963   14.9298
   -7.5000   15.0000  -37.500012329.7100   14.8840
    0.0000   15.0000  -37.500012875.7266   14.8670
    7.5000   15.0000  -37.500012122.0146   14.8683
   -7.5000   22.5000  -37.500011402.3613   14.8218
    0.0000   22.5000  -37.500011932.3389   14.8063
    7.5000   22.5000  -37.500011233.5225   14.8077
   -7.5000   30.0000  -37.500010455.0029   14.6125
    0.0000   30.0000  -37.500010968.0000   14.6010
    7.5000   30.0000  -37.500010339.4434   14.6034
   -7.5000   37.5000  -37.5000 9989.6406   14.6720
    0.0000   37.5000  -37.500010503.7998   14.6640
    7.5000   37.5000  -37.5000 9858.6797   14.6687
   -7.5000   45.0000  -37.5000 9150.4102   14.3674
    0.0000   45.0000  -37.5000 9651.8232   14.3594
    7.5000   45.0000  -37.5000 9043.8096   14.3644
   -7.5000  -45.0000  -30.0000 9368.6709   15.6571
    0.0000  -45.0000  -30.0000 9757.1768   15.6408
    7.5000  -45.0000  -30.0000 9270.6436   15.6392
   -7.5000  -37.5000  -30.000010047.2588   15.5386
    0.0000  -37.5000  -30.000010476.0137   15.5205
    7.5000  -37.5000  -30.0000 9924.0566   15.5165
   -7.5000  -30.0000  -30.000011047.0322   15.4779
    0.0000  -30.0000  -30.000011528.3789   15.4585
    7.5000  -30.0000  -30.000010900.7490   15.4529
   -7.5000  -22.5000  -30.000011945.3945   15.4130
    0.0000  -22.5000  -30.000012481.2393   15.3928
    7.5000  -22.5000  -30.000011779.9746   15.3868
   -7.5000  -15.0000  -30.000012810.7373   15.3969
    0.0000  -15.0000  -30.000013384.3857   15.3774
    7.5000  -15.0000  -30.000012630.9346   15.3727
   -7.5000   -7.5000  -30.000013572.7441   15.4618
    0.0000   -7.5000  -30.000014177.3730   15.4444
    7.5000   -7.5000  -30.000013347.4570   15.4419
   -7.5000    0.0000  -30.000014207.1016   15.5387
    0.0000    0.0000  -30.000014833.2236   15.5218
    7.5000    0.0000  -30.000013922.0625   15.5196
   -7.5000    7.5000  -30.000013844.1240   15.5384
    0.0000    7.5000  -30.000014425.1611   15.5203
    7.5000    7.5000  -30.000013569.3213   15.5163
   -7.5000   15.0000  -30.000013180.6797   15.4779
    0.0000   15.0000  -30.000013735.0928   15.4585
    7.5000   15.0000  -30.000012915.4648   15.4529
   -7.5000   22.5000  -30.000012198.7607   15.4093
    0.0000   22.5000  -30.000012743.9053   15.3891
    7.5000   22.5000  -30.000011978.9756   15.3831
   -7.5000   30.0000  -30.000011194.7520   15.1931
    0.0000   30.0000  -30.000011735.3701   15.1739
    7.5000   30.0000  -30.000011015.7256   15.1693
   -7.5000   37.5000  -30.000010655.6230   15.2572
    0.0000   37.5000  -30.000011198.3643   15.2400
    7.5000   37.5000  -30.000010485.5156   15.2376
   -7.5000   45.0000  -30.0000 9715.6387   14.9532
    0.0000   45.0000  -30.000010234.9355   14.9370
    7.5000   45.0000  -30.0000 9571.1533   14.9350
   -7.5000  -45.0000  -22.500010084.8447   16.2019
    0.0000  -45.0000  -22.500010519.8584   16.1908
    7.5000  -45.0000  -22.5000 9944.6279   16.1898
   -7.5000  -37.5000  -22.500010801.4131   16.0908
    0.0000  -37.5000  -22.500011272.5371   16.0824
    7.5000  -37.5000  -22.500010643.9941   16.0790
   -7.5000  -30.0000  -22.500011851.9541   16.0363
    0.0000  -30.0000  -22.500012395.7070   16.0278
    7.5000  -30.0000  -22.500011710.4863   16.0217
   -7.5000  -22.5000  -22.500012816.3350   15.9644
    0.0000  -22.5000  -22.500013421.3828   15.9513
    7.5000  -22.5000  -22.500012635.1543   15.9438
   -7.5000  -15.0000  -22.500013760.1445   15.9351
    0.0000  -15.0000  -22.500014381.8076   15.9188
    7.5000  -15.0000  -22.500013519.2148   15.9129
   -7.5000   -7.5000  -22.500014537.4746   15.9957
    0.0000   -7.5000  -22.500015228.6270   15.9806
    7.5000   -7.5000  -22.500014274.8408   15.9779
   -7.5000    0.0000  -22.500015191.5254   16.0795
    0.0000    0.0000  -22.500015894.7402   16.0677
    7.5000    0.0000  -22.500014907.8428   16.0663
   -7.5000    7.5000  -22.500014797.6162   16.0906
    0.0000    7.5000  -22.500015469.8203   16.0822
    7.5000    7.5000  -22.500014524.3574   16.0788
   -7.5000   15.0000  -22.500014089.9688   16.0363
    0.0000   15.0000  -22.500014684.0342   16.0278
    7.5000   15.0000  -22.500013806.8203   16.0217
   -7.5000   22.5000  -22.500013017.5059   15.9595
    0.0000   22.5000  -22.500013584.3359   15.9464
    7.5000   22.5000  -22.500012786.6025   15.9389
   -7.5000   30.0000  -22.500011921.5254   15.7266
    0.0000   30.0000  -22.500012498.8691   15.7106
    7.5000   30.0000  -22.500011742.6309   15.7048
   -7.5000   37.5000  -22.500011338.3896   15.7864
    0.0000   37.5000  -22.500011916.9668   15.7716
    7.5000   37.5000  -22.500011161.0723   15.7689
   -7.5000   45.0000  -22.500010299.0547   15.4854
    0.0000   45.0000  -22.500010838.1211   15.4740
    7.5000   45.0000  -22.500010148.7256   15.4726
   -7.5000  -45.0000  -15.000010719.3877   16.6088
    0.0000  -45.0000  -15.000011211.5371   16.6107
    7.5000  -45.0000  -15.000010614.7412   16.6172
   -7.5000  -37.5000  -15.000011484.1572   16.5054
    0.0000  -37.5000  -15.000012020.7715   16.5108
    7.5000  -37.5000  -15.000011357.6211   16.5152
   -7.5000  -30.0000  -15.000012650.7061   16.4579
    0.0000  -30.0000  -15.000013270.8965   16.4628
    7.5000  -30.0000  -15.000012521.4502   16.4639
   -7.5000  -22.5000  -15.000013668.1709   16.3814
    0.0000  -22.5000  -15.000014352.5566   16.3800
    7.5000  -22.5000  -15.000013506.8730   16.3789
   -7.5000  -15.0000  -15.000014633.8271   16.3410
    0.0000  -15.0000  -15.000015336.7314   16.3350
    7.5000  -15.0000  -15.000014406.8076   16.3349
   -7.5000   -7.5000  -15.000015447.7168   16.3956
    0.0000   -7.5000  -15.000016204.9180   16.3914
    7.5000   -7.5000  -15.000015170.7119   16.3950
   -7.5000    0.0000  -15.000016149.1660   16.4835
    0.0000    0.0000  -15.000016923.4531   16.4844
    7.5000    0.0000  -15.000015882.6650   16.4903
   -7.5000    7.5000  -15.000015762.9961   16.5052
    0.0000    7.5000  -15.000016480.5703   16.5106
    7.5000    7.5000  -15.000015499.7852   16.5150
   -7.5000   15.0000  -15.000014974.2012   16.4579
    0.0000   15.0000  -15.000015603.8105   16.4628
    7.5000   15.0000  -15.000014714.6855   16.4639
   -7.5000   22.5000  -15.000013852.9453   16.3756
    0.0000   22.5000  -15.000014437.0908   16.3742
    7.5000   22.5000  -15.000013615.0635   16.3731
   -7.5000   30.0000  -15.000012684.0527   16.1295
    0.0000   30.0000  -15.000013274.1484   16.1236
    7.5000   30.0000  -15.000012495.9541   16.1235
   -7.5000   37.5000  -15.000012029.0371   16.1834
    0.0000   37.5000  -15.000012634.0068   16.1793
    7.5000   37.5000  -15.000011863.2559   16.1828
   -7.5000   45.0000  -15.000010895.1963   15.8840
    0.0000   45.0000  -15.000011441.0127   15.8849
    7.5000   45.0000  -15.000010756.6494   15.8906
   -7.5000  -45.0000   -7.500011350.9678   16.8131
    0.0000  -45.0000   -7.500011876.7861   16.8237
    7.5000  -45.0000   -7.500011277.6924   16.8382
   -7.5000  -37.5000   -7.500012155.9150   16.7070
    0.0000  -37.5000   -7.500012749.2598   16.7162
    7.5000  -37.5000   -7.500012069.3701   16.7281
   -7.5000  -30.0000   -7.500013453.5039   16.6595
    0.0000  -30.0000   -7.500014118.0654   16.6660
    7.5000  -30.0000   -7.500013351.3633   16.6751
   -7.5000  -22.5000   -7.500014644.7979   16.5847
    0.0000  -22.5000   -7.500015385.8799   16.5879
    7.5000  -22.5000   -7.500014508.5049   16.5959
   -7.5000  -15.0000   -7.500015622.7451   16.5470
    0.0000  -15.0000   -7.500016438.4082   16.5495
    7.5000  -15.0000   -7.500015445.6279   16.5579
   -7.5000   -7.5000   -7.500016425.8379   16.6011
    0.0000   -7.5000   -7.500017179.0156   16.6070
    7.5000   -7.5000   -7.500016184.1113   16.6186
   -7.5000    0.0000   -7.500017132.3984   16.6862
    0.0000    0.0000   -7.500017860.8848   16.6957
    7.5000    0.0000   -7.500016916.0801   16.7095
   -7.5000    7.5000   -7.500016734.3438   16.7068
    0.0000    7.5000   -7.500017421.5918   16.7161
    7.5000    7.5000   -7.500016504.7148   16.7279
   -7.5000   15.0000   -7.500015840.0322   16.6595
    0.0000   15.0000   -7.500016468.9043   16.6660
    7.5000   15.0000   -7.500015621.0986   16.6751
   -7.5000   22.5000   -7.500014640.7432   16.5771
    0.0000   22.5000   -7.500015269.9961   16.5803
    7.5000   22.5000   -7.500014453.5645   16.5883
   -7.5000   30.0000   -7.500013483.5625   16.3325
    0.0000   30.0000   -7.500014087.3008   16.3348
    7.5000   30.0000   -7.500013280.9971   16.3432
   -7.5000   37.5000   -7.500012808.1885   16.3858
    0.0000   37.5000   -7.500013422.6719   16.3916
    7.5000   37.5000   -7.500012637.2979   16.4031
   -7.5000   45.0000   -7.500011611.9893   16.0824
    0.0000   45.0000   -7.500012150.6143   16.0915
    7.5000   45.0000   -7.500011444.6680   16.1048
   -7.5000  -45.0000    0.000011883.8125   16.8415
    0.0000  -45.0000    0.000012414.1152   16.8480
    7.5000  -45.0000    0.000011802.1084   16.8643
   -7.5000  -37.5000    0.000012645.9814   16.7238
    0.0000  -37.5000    0.000013207.8906   16.7236
    7.5000  -37.5000    0.000012564.7031   16.7361
   -7.5000  -30.0000    0.000014029.5518   16.6691
    0.0000  -30.0000    0.000014655.7451   16.6643
    7.5000  -30.0000    0.000013932.0322   16.6747
   -7.5000  -22.5000    0.000015538.6260   16.5997
    0.0000  -22.5000    0.000016370.4326   16.5959
    7.5000  -22.5000    0.000015330.5674   16.6063
   -7.5000  -15.0000    0.000016700.2090   16.5747
    0.0000  -15.0000    0.000017542.6133   16.5747
    7.5000  -15.0000    0.000016467.8125   16.5861
   -7.5000   -7.5000    0.000017385.3594   16.6345
    0.0000   -7.5000    0.000018050.5273   16.6391
    7.5000   -7.5000    0.000017214.0430   16.6534
   -7.5000    0.0000    0.000018004.6875   16.7142
    0.0000    0.0000    0.000018613.1445   16.7196
    7.5000    0.0000    0.000017895.7129   16.7352
   -7.5000    7.5000    0.000017504.3379   16.7236
    0.0000    7.5000    0.000018115.6113   16.7234
    7.5000    7.5000    0.000017403.5508   16.7359
   -7.5000   15.0000    0.000016561.9238   16.6691
    0.0000   15.0000    0.000017142.9727   16.6643
    7.5000   15.0000    0.000016389.7383   16.6747
   -7.5000   22.5000    0.000015389.3125   16.5920
    0.0000   22.5000    0.000015989.1182   16.5882
    7.5000   22.5000    0.000015142.2861   16.5986
   -7.5000   30.0000    0.000014242.6270   16.3602
    0.0000   30.0000    0.000014818.4443   16.3602
    7.5000   30.0000    0.000013914.2529   16.3715
   -7.5000   37.5000    0.000013551.0947   16.4192
    0.0000   37.5000    0.000014142.8682   16.4238
    7.5000   37.5000    0.000013223.8623   16.4379
   -7.5000   45.0000    0.000012274.0732   16.1105
    0.0000   45.0000    0.000012791.4023   16.1158
    7.5000   45.0000    0.000011968.8086   16.1308
   -7.5000  -45.0000    7.500011481.4766   16.8254
    0.0000  -45.0000    7.500012006.3516   16.8172
    7.5000  -45.0000    7.500011430.4805   16.8249
   -7.5000  -37.5000    7.500012186.4355   16.6972
    0.0000  -37.5000    7.500012713.0449   16.6827
    7.5000  -37.5000    7.500012157.5234   16.6870
   -7.5000  -30.0000    7.500013473.0205   16.6334
    0.0000  -30.0000    7.500014091.6025   16.6150
    7.5000  -30.0000    7.500013476.9961   16.6177
   -7.5000  -22.5000    7.500015011.9111   16.5663
    0.0000  -22.5000    7.500015884.1689   16.5497
    7.5000  -22.5000    7.500014916.5391   16.5525
   -7.5000  -15.0000    7.500016375.3857   16.5513
    0.0000  -15.0000    7.500017211.3555   16.5388
    7.5000  -15.0000    7.500016157.1533   16.5427
   -7.5000   -7.5000    7.500017226.0527   16.6191
    0.0000   -7.5000    7.500017921.6309   16.6106
    7.5000   -7.5000    7.500016984.5117   16.6169
   -7.5000    0.0000    7.500017855.3770   16.6980
    0.0000    0.0000    7.500018443.6797   16.6891
    7.5000    0.0000    7.500017635.8789   16.6961
   -7.5000    7.5000    7.500017348.2715   16.6970
    0.0000    7.5000    7.500017875.3652   16.6825
    7.5000    7.5000    7.500017048.2812   16.6868
   -7.5000   15.0000    7.500016346.2246   16.6334
    0.0000   15.0000    7.500016814.9180   16.6150
    7.5000   15.0000    7.500015936.4121   16.6177
   -7.5000   22.5000    7.500015131.7764   16.5587
    0.0000   22.5000    7.500015598.9033   16.5420
    7.5000   22.5000    7.500014677.0957   16.5448
   -7.5000   30.0000    7.500013929.6436   16.3371
    0.0000   30.0000    7.500014413.6104   16.3248
    7.5000   30.0000    7.500013482.3320   16.3286
   -7.5000   37.5000    7.500013225.4053   16.4040
    0.0000   37.5000    7.500013751.0742   16.3956
    7.5000   37.5000    7.500012810.6143   16.4019
   -7.5000   45.0000    7.500011937.1309   16.0949
    0.0000   45.0000    7.500012431.8340   16.0864
    7.5000   45.0000    7.500011610.6641   16.0931
   -7.5000  -45.0000   15.000010896.2451   16.8157
    0.0000  -45.0000   15.000011383.5459   16.7982
    7.5000  -45.0000   15.000010892.5615   16.7965
   -7.5000  -37.5000   15.000011554.7285   16.6884
    0.0000  -37.5000   15.000012059.2764   16.6690
    7.5000  -37.5000   15.000011595.7607   16.6647
   -7.5000  -30.0000   15.000012776.2354   16.6232
    0.0000  -30.0000   15.000013351.8574   16.6024
    7.5000  -30.0000   15.000012827.1865   16.5964
   -7.5000  -22.5000   15.000014061.8701   16.5535
    0.0000  -22.5000   15.000014770.9199   16.5318
    7.5000  -22.5000   15.000014087.3730   16.5254
   -7.5000  -15.0000   15.000015332.7676   16.5362
    0.0000  -15.0000   15.000016049.6943   16.5153
    7.5000  -15.0000   15.000015209.9639   16.5103
   -7.5000   -7.5000   15.000016481.9355   16.6059
    0.0000   -7.5000   15.000017136.6719   16.5872
    7.5000   -7.5000   15.000016097.1670   16.5846
   -7.5000    0.0000   15.000017305.4219   16.6885
    0.0000    0.0000   15.000017959.7500   16.6703
    7.5000    0.0000   15.000016773.3242   16.6681
   -7.5000    7.5000   15.000016729.8750   16.6882
    0.0000    7.5000   15.000017337.7617   16.6688
    7.5000    7.5000   15.000016185.7295   16.6645
   -7.5000   15.0000   15.000015579.3418   16.6232
    0.0000   15.0000   15.000016089.0537   16.6024
    7.5000   15.0000   15.000015060.6367   16.5964
   -7.5000   22.5000   15.000014312.5391   16.5459
    0.0000   22.5000   15.000014826.3340   16.5242
    7.5000   22.5000   15.000013889.2324   16.5178
   -7.5000   30.0000   15.000013164.6924   16.3221
    0.0000   30.0000   15.000013671.0557   16.3016
    7.5000   30.0000   15.000012800.1924   16.2966
   -7.5000   37.5000   15.000012521.6084   16.3910
    0.0000   37.5000   15.000013028.8525   16.3726
    7.5000   37.5000   15.000012207.6641   16.3700
   -7.5000   45.0000   15.000011306.8311   16.0858
    0.0000   45.0000   15.000011772.9336   16.0683
    7.5000   45.0000   15.000011064.2754   16.0662
   -7.5000  -45.0000   22.500010298.7715   16.9197
    0.0000  -45.0000   22.500010773.3672   16.9078
    7.5000  -45.0000   22.500010250.0186   16.9071
   -7.5000  -37.5000   22.500010966.5312   16.8031
    0.0000  -37.5000   22.500011465.7822   16.7941
    7.5000  -37.5000   22.500010919.6406   16.7908
   -7.5000  -30.0000   22.500012114.3652   16.7460
    0.0000  -30.0000   22.500012680.0898   16.7368
    7.5000  -30.0000   22.500012059.4473   16.7307
   -7.5000  -22.5000   22.500013261.2500   16.6706
    0.0000  -22.5000   22.500013877.5713   16.6565
    7.5000  -22.5000   22.500013166.2148   16.6489
   -7.5000  -15.0000   22.500014348.0332   16.6396
    0.0000  -15.0000   22.500014903.5967   16.6223
    7.5000  -15.0000   22.500014156.4541   16.6164
   -7.5000   -7.5000   22.500015313.7549   16.7031
    0.0000   -7.5000   22.500015878.2490   16.6871
    7.5000   -7.5000   22.500015024.8760   16.6845
   -7.5000    0.0000   22.500016054.1738   16.7911
    0.0000    0.0000   22.500016671.5508   16.7785
    7.5000    0.0000   22.500015737.2764   16.7773
   -7.5000    7.5000   22.500015556.6826   16.8030
    0.0000    7.5000   22.500016164.6729   16.7939
    7.5000    7.5000   22.500015237.0391   16.7906
   -7.5000   15.0000   22.500014479.2754   16.7460
    0.0000   15.0000   22.500015028.7871   16.7368
    7.5000   15.0000   22.500014169.6895   16.7307
   -7.5000   22.5000   22.500013318.7109   16.6629
    0.0000   22.5000   22.500013859.5352   16.6488
    7.5000   22.5000   22.500013043.2197   16.6412
   -7.5000   30.0000   22.500012280.4951   16.4242
    0.0000   30.0000   22.500012796.7021   16.4071
    7.5000   30.0000   22.500012038.6533   16.4013
   -7.5000   37.5000   22.500011715.2812   16.4869
    0.0000   37.5000   22.500012203.7939   16.4711
    7.5000   37.5000   22.500011492.1924   16.4686
   -7.5000   45.0000   22.500010601.1924   16.1847
    0.0000   45.0000   22.500011042.9805   16.1726
    7.5000   45.0000   22.500010415.9727   16.1714
   -7.5000  -45.0000   30.0000 9645.5742   17.1296
    0.0000  -45.0000   30.000010116.5322   17.1312
    7.5000  -45.0000   30.0000 9550.1611   17.1384
   -7.5000  -37.5000   30.000010253.8740   17.0229
    0.0000  -37.5000   30.000010755.5693   17.0282
    7.5000  -37.5000   30.000010180.7109   17.0331
   -7.5000  -30.0000   30.000011266.3379   16.9738
    0.0000  -30.0000   30.000011800.5205   16.9784
    7.5000  -30.0000   30.000011226.4180   16.9800
   -7.5000  -22.5000   30.000012229.1416   16.8943
    0.0000  -22.5000   30.000012763.7256   16.8923
    7.5000  -22.5000   30.000012178.0596   16.8916
   -7.5000  -15.0000   30.000013129.3525   16.8522
    0.0000  -15.0000   30.000013660.6602   16.8454
    7.5000  -15.0000   30.000013055.0146   16.8457
   -7.5000   -7.5000   30.000013956.4023   16.9087
    0.0000   -7.5000   30.000014507.0967   16.9039
    7.5000   -7.5000   30.000013873.4189   16.9082
   -7.5000    0.0000   30.000014646.8936   17.0000
    0.0000    0.0000   30.000015268.2686   17.0006
    7.5000    0.0000   30.000014565.0752   17.0072
   -7.5000    7.5000   30.000014261.2480   17.0228
    0.0000    7.5000   30.000014862.9404   17.0280
    7.5000    7.5000   30.000014160.8926   17.0329
   -7.5000   15.0000   30.000013336.2314   16.9738
    0.0000   15.0000   30.000013871.0479   16.9784
    7.5000   15.0000   30.000013178.8516   16.9800
   -7.5000   22.5000   30.000012326.9971   16.8865
    0.0000   22.5000   30.000012835.0195   16.8845
    7.5000   22.5000   30.000012152.3105   16.8838
   -7.5000   30.0000   30.000011378.0059   16.6341
    0.0000   30.0000   30.000011842.0303   16.6274
    7.5000   30.0000   30.000011210.8184   16.6277
   -7.5000   37.5000   30.000010814.6602   16.6899
    0.0000   37.5000   30.000011265.6641   16.6852
    7.5000   37.5000   30.000010676.3350   16.6893
   -7.5000   45.0000   30.0000 9796.3467   16.3860
    0.0000   45.0000   30.000010194.7656   16.3866
    7.5000   45.0000   30.0000 9665.1270   16.3930
   -7.5000  -45.0000   37.5000 9259.1426   17.4375
    0.0000  -45.0000   37.5000 9705.7676   17.4482
    7.5000  -45.0000   37.5000 9177.4492   17.4649
   -7.5000  -37.5000   37.5000 9798.7988   17.3316
    0.0000  -37.5000   37.500010298.1338   17.3405
    7.5000  -37.5000   37.5000 9765.2422   17.3541
   -7.5000  -30.0000   37.500010748.6348   17.2817
    0.0000  -30.0000   37.500011272.7363   17.2874
    7.5000  -30.0000   37.500010751.4512   17.2982
   -7.5000  -22.5000   37.500011648.8984   17.2020
    0.0000  -22.5000   37.500012190.6064   17.2044
    7.5000  -22.5000   37.500011648.2217   17.2141
   -7.5000  -15.0000   37.500012485.9902   17.1613
    0.0000  -15.0000   37.500013066.4590   17.1633
    7.5000  -15.0000   37.500012511.6475   17.1735
   -7.5000   -7.5000   37.500013266.3232   17.2182
    0.0000   -7.5000   37.500013845.7041   17.2240
    7.5000   -7.5000   37.500013254.9521   17.2377
   -7.5000    0.0000   37.500013932.0146   17.3087
    0.0000    0.0000   37.500014543.2061   17.3183
    7.5000    0.0000   37.500013892.5918   17.3341
   -7.5000    7.5000   37.500013563.0771   17.3314
    0.0000    7.5000   37.500014147.5352   17.3403
    7.5000    7.5000   37.500013529.4854   17.3539
   -7.5000   15.0000   37.500012720.7881   17.2817
    0.0000   15.0000   37.500013278.1162   17.2874
    7.5000   15.0000   37.500012663.6924   17.2982
   -7.5000   22.5000   37.500011794.9053   17.1941
    0.0000   22.5000   37.500012316.1172   17.1965
    7.5000   22.5000   37.500011712.1016   17.2062
   -7.5000   30.0000   37.500010874.4111   16.9392
    0.0000   30.0000   37.500011356.8447   16.9411
    7.5000   30.0000   37.500010777.5234   16.9513
   -7.5000   37.5000   37.500010332.9531   16.9954
    0.0000   37.5000   37.500010805.9580   17.0011
    7.5000   37.5000   37.500010242.9551   17.0146
   -7.5000   45.0000   37.5000 9366.6299   16.6836
    0.0000   45.0000   37.5000 9779.6445   16.6928
    7.5000   45.0000   37.5000 9281.3945   16.7081
   -7.5000  -45.0000   45.0000 8533.1299   17.8350
    0.0000  -45.0000   45.0000 8938.2617   17.8386
    7.5000  -45.0000   45.0000 8467.6689   17.8572
   -7.5000  -37.5000   45.0000 9023.3213   17.7180
    0.0000  -37.5000   45.0000 9460.4385   17.7144
    7.5000  -37.5000   45.0000 8976.9531   17.7287
   -7.5000  -30.0000   45.0000 9871.5752   17.6547
    0.0000  -30.0000   45.000010348.5508   17.6460
    7.5000  -30.0000   45.0000 9847.4150   17.6584
   -7.5000  -22.5000   45.000010684.3613   17.5725
    0.0000  -22.5000   45.000011208.9775   17.5652
    7.5000  -22.5000   45.000010696.6641   17.5782
   -7.5000  -15.0000   45.000011424.1768   17.5422
    0.0000  -15.0000   45.000011998.6992   17.5392
    7.5000  -15.0000   45.000011486.8008   17.5534
   -7.5000   -7.5000   45.000012127.0938   17.6115
    0.0000   -7.5000   45.000012702.9834   17.6134
    7.5000   -7.5000   45.000012163.1318   17.6301
   -7.5000    0.0000   45.000012765.5137   17.7052
    0.0000    0.0000   45.000013333.3516   17.7078
    7.5000    0.0000   45.000012744.0625   17.7254
   -7.5000    7.5000   45.000012452.5986   17.7178
    0.0000    7.5000   45.000012988.1250   17.7142
    7.5000    7.5000   45.000012394.7148   17.7285
   -7.5000   15.0000   45.000011676.6406   17.6547
    0.0000   15.0000   45.000012197.6133   17.6460
    7.5000   15.0000   45.000011621.5127   17.6584
   -7.5000   22.5000   45.000010843.4951   17.5643
    0.0000   22.5000   45.000011324.9990   17.5570
    7.5000   22.5000   45.000010785.4463   17.5701
   -7.5000   30.0000   45.0000 9985.8994   17.3136
    0.0000   30.0000   45.000010447.1270   17.3107
    7.5000   30.0000   45.0000 9926.8096   17.3247
   -7.5000   37.5000   45.0000 9515.1357   17.3821
    0.0000   37.5000   45.0000 9950.4326   17.3840
    7.5000   37.5000   45.0000 9454.4395   17.4005
   -7.5000   45.0000   45.0000 8638.3486   17.0735
    0.0000   45.0000   45.0000 9012.7295   17.0760
    7.5000   45.0000   45.0000 8567.4092   17.0930

---------------------------------------------------------------------
imgreg_4dfp /opt/freesurfer/average/711-2C_as_mni_average_305 /opt/freesurfer/average/711-2B_as_mni_average_305_mask talsrcimg_g11 none talsrcimg_to_711-2C_as_mni_average_305_t4 4355
---------------------------------------------------------------------

freesurfer imgreg_4dfp.c
/opt/freesurfer/average/711-2C_as_mni_average_305.4dfp.img
       256       256       256         1
  1.000000  1.000000  1.000000
orientation T byte_order littleendian
Reading image: /opt/freesurfer/average/711-2C_as_mni_average_305.4dfp.img
dimensions:      256       256       256
mmppix:       1.0000   -1.0000   -1.0000
center:     128.0000 -129.0000 -129.0000
/opt/freesurfer/average/711-2B_as_mni_average_305_mask.4dfp.img
       256       256       256         1
  1.000000  1.000000  1.000000
orientation T byte_order littleendian
Reading mask: /opt/freesurfer/average/711-2B_as_mni_average_305_mask.4dfp.img (2306576 pixels)
talsrcimg_g11.4dfp.img
       256       256       256         1
  1.000000  1.000000  1.000000
orientation T byte_order littleendian
Reading image: talsrcimg_g11.4dfp.img
dimensions:      256       256       256
mmppix:       1.0000   -1.0000   -1.0000
center:     128.0000 -129.0000 -129.0000
rotation matrix determinant  1.000000
image alignment mode   4355 decimal     1103 hex
   -7.5000  -45.0000  -45.0000 2157.4778   19.1192
    0.0000  -45.0000  -45.0000 2169.9746   19.0856
    7.5000  -45.0000  -45.0000 2156.1577   19.2380
   -7.5000  -37.5000  -45.0000 2249.7637   17.6140
    0.0000  -37.5000  -45.0000 2253.9729   17.6216
    7.5000  -37.5000  -45.0000 2239.9626   17.7242
   -7.5000  -30.0000  -45.0000 2318.9048   16.4212
    0.0000  -30.0000  -45.0000 2321.5339   16.4344
    7.5000  -30.0000  -45.0000 2305.9651   16.4799
   -7.5000  -22.5000  -45.0000 2358.2119   15.5737
    0.0000  -22.5000  -45.0000 2364.3726   15.5599
    7.5000  -22.5000  -45.0000 2347.7969   15.5995
   -7.5000  -15.0000  -45.0000 2379.7214   15.0959
    0.0000  -15.0000  -45.0000 2390.0403   15.0714
    7.5000  -15.0000  -45.0000 2368.2615   15.1204
   -7.5000   -7.5000  -45.0000 2384.3440   14.9601
    0.0000   -7.5000  -45.0000 2394.6609   14.8813
    7.5000   -7.5000  -45.0000 2373.1819   14.9356
   -7.5000    0.0000  -45.0000 2377.8303   14.9370
    0.0000    0.0000  -45.0000 2390.8040   14.8993
    7.5000    0.0000  -45.0000 2367.0479   14.9561
   -7.5000    7.5000  -45.0000 2372.7297   15.2665
    0.0000    7.5000  -45.0000 2384.8022   15.2081
    7.5000    7.5000  -45.0000 2358.1167   15.2568
   -7.5000   15.0000  -45.0000 2341.1174   15.8524
    0.0000   15.0000  -45.0000 2354.5676   15.8176
    7.5000   15.0000  -45.0000 2331.6768   15.8458
   -7.5000   22.5000  -45.0000 2283.7192   16.7343
    0.0000   22.5000  -45.0000 2301.0483   16.6846
    7.5000   22.5000  -45.0000 2282.1755   16.7299
   -7.5000   30.0000  -45.0000 2208.2861   17.8954
    0.0000   30.0000  -45.0000 2222.0259   17.8322
    7.5000   30.0000  -45.0000 2204.1912   17.9437
   -7.5000   37.5000  -45.0000 2121.4622   19.4823
    0.0000   37.5000  -45.0000 2133.7607   19.3892
    7.5000   37.5000  -45.0000 2114.3069   19.5355
   -7.5000   45.0000  -45.0000 2021.3729   21.5928
    0.0000   45.0000  -45.0000 2031.1173   21.5117
    7.5000   45.0000  -45.0000 2019.2141   21.6769
   -7.5000  -45.0000  -37.5000 2244.8213   17.8737
    0.0000  -45.0000  -37.5000 2256.0347   17.8432
    7.5000  -45.0000  -37.5000 2238.6296   17.8777
   -7.5000  -37.5000  -37.5000 2338.4246   16.3795
    0.0000  -37.5000  -37.5000 2341.2859   16.4060
    7.5000  -37.5000  -37.5000 2322.5876   16.4323
   -7.5000  -30.0000  -37.5000 2409.0947   15.1991
    0.0000  -30.0000  -37.5000 2411.3989   15.1978
    7.5000  -30.0000  -37.5000 2387.5720   15.2076
   -7.5000  -22.5000  -37.5000 2458.5322   14.4167
    0.0000  -22.5000  -37.5000 2461.7065   14.3881
    7.5000  -22.5000  -37.5000 2434.4717   14.4221
   -7.5000  -15.0000  -37.5000 2481.3176   13.9448
    0.0000  -15.0000  -37.5000 2492.4312   13.9425
    7.5000  -15.0000  -37.5000 2459.0454   13.9505
   -7.5000   -7.5000  -37.5000 2486.1462   13.8176
    0.0000   -7.5000  -37.5000 2495.0522   13.7619
    7.5000   -7.5000  -37.5000 2472.1980   13.8107
   -7.5000    0.0000  -37.5000 2478.8164   13.8323
    0.0000    0.0000  -37.5000 2496.0542   13.7995
    7.5000    0.0000  -37.5000 2467.3889   13.8378
   -7.5000    7.5000  -37.5000 2474.5085   14.1286
    0.0000    7.5000  -37.5000 2493.1558   14.0564
    7.5000    7.5000  -37.5000 2458.2305   14.1132
   -7.5000   15.0000  -37.5000 2443.0859   14.6689
    0.0000   15.0000  -37.5000 2458.0095   14.5900
    7.5000   15.0000  -37.5000 2427.3933   14.6158
   -7.5000   22.5000  -37.5000 2385.6423   15.4966
    0.0000   22.5000  -37.5000 2404.4524   15.4220
    7.5000   22.5000  -37.5000 2374.3716   15.4752
   -7.5000   30.0000  -37.5000 2304.2544   16.6351
    0.0000   30.0000  -37.5000 2318.0005   16.5851
    7.5000   30.0000  -37.5000 2291.7827   16.6197
   -7.5000   37.5000  -37.5000 2213.7776   18.1293
    0.0000   37.5000  -37.5000 2224.3242   18.1022
    7.5000   37.5000  -37.5000 2196.4963   18.1197
   -7.5000   45.0000  -37.5000 2103.7498   20.0550
    0.0000   45.0000  -37.5000 2115.6196   20.0133
    7.5000   45.0000  -37.5000 2092.2095   20.0725
   -7.5000  -45.0000  -30.0000 2362.9392   17.2324
    0.0000  -45.0000  -30.0000 2366.9014   17.2128
    7.5000  -45.0000  -30.0000 2340.3630   17.2219
   -7.5000  -37.5000  -30.0000 2466.2278   15.8424
    0.0000  -37.5000  -30.0000 2469.8875   15.8506
    7.5000  -37.5000  -30.0000 2437.0474   15.8247
   -7.5000  -30.0000  -30.0000 2535.7656   14.6460
    0.0000  -30.0000  -30.0000 2537.8687   14.6276
    7.5000  -30.0000  -30.0000 2506.4758   14.6159
   -7.5000  -22.5000  -30.0000 2590.6536   13.8273
    0.0000  -22.5000  -30.0000 2594.6536   13.7949
    7.5000  -22.5000  -30.0000 2562.6250   13.7996
   -7.5000  -15.0000  -30.0000 2626.3098   13.3710
    0.0000  -15.0000  -30.0000 2633.6892   13.3136
    7.5000  -15.0000  -30.0000 2600.8245   13.3522
   -7.5000   -7.5000  -30.0000 2639.5237   13.2177
    0.0000   -7.5000  -30.0000 2647.2632   13.1407
    7.5000   -7.5000  -30.0000 2621.4800   13.2016
   -7.5000    0.0000  -30.0000 2638.1226   13.2902
    0.0000    0.0000  -30.0000 2649.5818   13.2058
    7.5000    0.0000  -30.0000 2616.5037   13.2555
   -7.5000    7.5000  -30.0000 2625.2366   13.6021
    0.0000    7.5000  -30.0000 2636.2068   13.5110
    7.5000    7.5000  -30.0000 2598.9717   13.5611
   -7.5000   15.0000  -30.0000 2582.1812   14.1370
    0.0000   15.0000  -30.0000 2594.4382   14.0444
    7.5000   15.0000  -30.0000 2560.4380   14.0972
   -7.5000   22.5000  -30.0000 2526.5586   14.9425
    0.0000   22.5000  -30.0000 2541.2722   14.8764
    7.5000   22.5000  -30.0000 2502.8420   14.9215
   -7.5000   30.0000  -30.0000 2438.0574   16.0292
    0.0000   30.0000  -30.0000 2453.8335   15.9731
    7.5000   30.0000  -30.0000 2418.3950   16.0065
   -7.5000   37.5000  -30.0000 2330.8120   17.4836
    0.0000   37.5000  -30.0000 2344.7732   17.4324
    7.5000   37.5000  -30.0000 2314.3284   17.4532
   -7.5000   45.0000  -30.0000 2208.2244   19.3397
    0.0000   45.0000  -30.0000 2217.0381   19.3329
    7.5000   45.0000  -30.0000 2193.2358   19.3548
   -7.5000  -45.0000  -22.5000 2445.9226   16.5907
    0.0000  -45.0000  -22.5000 2449.3198   16.5438
    7.5000  -45.0000  -22.5000 2417.1626   16.5405
   -7.5000  -37.5000  -22.5000 2550.6160   15.2027
    0.0000  -37.5000  -22.5000 2550.7532   15.1680
    7.5000  -37.5000  -22.5000 2515.6174   15.1569
   -7.5000  -30.0000  -22.5000 2626.5696   14.0740
    0.0000  -30.0000  -22.5000 2631.5681   14.0579
    7.5000  -30.0000  -22.5000 2599.2161   14.0493
   -7.5000  -22.5000  -22.5000 2687.5776   13.2457
    0.0000  -22.5000  -22.5000 2693.0994   13.1911
    7.5000  -22.5000  -22.5000 2661.9116   13.2278
   -7.5000  -15.0000  -22.5000 2734.9209   12.7514
    0.0000  -15.0000  -22.5000 2741.1948   12.6590
    7.5000  -15.0000  -22.5000 2707.9473   12.7338
   -7.5000   -7.5000  -22.5000 2753.4812   12.5594
    0.0000   -7.5000  -22.5000 2764.4587   12.4792
    7.5000   -7.5000  -22.5000 2734.0264   12.5385
   -7.5000    0.0000  -22.5000 2752.6221   12.6434
    0.0000    0.0000  -22.5000 2769.4377   12.5796
    7.5000    0.0000  -22.5000 2732.2578   12.6232
   -7.5000    7.5000  -22.5000 2742.0300   12.9858
    0.0000    7.5000  -22.5000 2755.4185   12.9040
    7.5000    7.5000  -22.5000 2718.5396   12.9768
   -7.5000   15.0000  -22.5000 2694.3870   13.5545
    0.0000   15.0000  -22.5000 2708.2109   13.4645
    7.5000   15.0000  -22.5000 2674.9014   13.5569
   -7.5000   22.5000  -22.5000 2625.8401   14.3486
    0.0000   22.5000  -22.5000 2635.7585   14.2666
    7.5000   22.5000  -22.5000 2607.6609   14.3494
   -7.5000   30.0000  -22.5000 2529.1523   15.4080
    0.0000   30.0000  -22.5000 2546.6348   15.3284
    7.5000   30.0000  -22.5000 2516.6082   15.4091
   -7.5000   37.5000  -22.5000 2422.3582   16.7955
    0.0000   37.5000  -22.5000 2439.4089   16.7353
    7.5000   37.5000  -22.5000 2410.6399   16.8095
   -7.5000   45.0000  -22.5000 2285.3594   18.6142
    0.0000   45.0000  -22.5000 2295.7290   18.5915
    7.5000   45.0000  -22.5000 2270.9927   18.6441
   -7.5000  -45.0000  -15.0000 2482.4692   15.9989
    0.0000  -45.0000  -15.0000 2490.8613   15.9411
    7.5000  -45.0000  -15.0000 2470.3601   16.0194
   -7.5000  -37.5000  -15.0000 2590.5701   14.6289
    0.0000  -37.5000  -15.0000 2599.6047   14.5913
    7.5000  -37.5000  -15.0000 2571.3655   14.6453
   -7.5000  -30.0000  -15.0000 2679.8174   13.5194
    0.0000  -30.0000  -15.0000 2692.4272   13.4849
    7.5000  -30.0000  -15.0000 2663.2529   13.5365
   -7.5000  -22.5000  -15.0000 2746.4021   12.7240
    0.0000  -22.5000  -15.0000 2761.3381   12.6720
    7.5000  -22.5000  -15.0000 2732.3198   12.7169
   -7.5000  -15.0000  -15.0000 2797.4763   12.1978
    0.0000  -15.0000  -15.0000 2809.9819   12.1018
    7.5000  -15.0000  -15.0000 2773.2253   12.1854
   -7.5000   -7.5000  -15.0000 2823.9255   11.9405
    0.0000   -7.5000  -15.0000 2837.5808   11.8725
    7.5000   -7.5000  -15.0000 2800.3430   11.9681
   -7.5000    0.0000  -15.0000 2826.3696   12.0453
    0.0000    0.0000  -15.0000 2845.8604   11.9670
    7.5000    0.0000  -15.0000 2812.5234   12.0741
   -7.5000    7.5000  -15.0000 2819.2197   12.4155
    0.0000    7.5000  -15.0000 2834.9507   12.3233
    7.5000    7.5000  -15.0000 2805.8848   12.4744
   -7.5000   15.0000  -15.0000 2770.6904   13.0306
    0.0000   15.0000  -15.0000 2783.3406   12.9233
    7.5000   15.0000  -15.0000 2762.2761   13.0720
   -7.5000   22.5000  -15.0000 2697.6526   13.8175
    0.0000   22.5000  -15.0000 2704.9536   13.6981
    7.5000   22.5000  -15.0000 2688.4338   13.8280
   -7.5000   30.0000  -15.0000 2589.3713   14.8799
    0.0000   30.0000  -15.0000 2599.8933   14.7588
    7.5000   30.0000  -15.0000 2583.3599   14.8874
   -7.5000   37.5000  -15.0000 2474.0149   16.2837
    0.0000   37.5000  -15.0000 2491.6528   16.1784
    7.5000   37.5000  -15.0000 2473.3054   16.3177
   -7.5000   45.0000  -15.0000 2333.1541   18.0267
    0.0000   45.0000  -15.0000 2340.5884   17.9516
    7.5000   45.0000  -15.0000 2325.2209   18.0522
   -7.5000  -45.0000   -7.5000 2507.1462   15.5105
    0.0000  -45.0000   -7.5000 2520.0364   15.4450
    7.5000  -45.0000   -7.5000 2496.3149   15.6070
   -7.5000  -37.5000   -7.5000 2619.6052   14.1502
    0.0000  -37.5000   -7.5000 2633.2180   14.0917
    7.5000  -37.5000   -7.5000 2605.4905   14.2626
   -7.5000  -30.0000   -7.5000 2716.3450   13.0681
    0.0000  -30.0000   -7.5000 2735.3442   13.0282
    7.5000  -30.0000   -7.5000 2707.1426   13.1392
   -7.5000  -22.5000   -7.5000 2800.9304   12.2942
    0.0000  -22.5000   -7.5000 2818.6157   12.2304
    7.5000  -22.5000   -7.5000 2788.8484   12.3189
   -7.5000  -15.0000   -7.5000 2848.8972   11.7440
    0.0000  -15.0000   -7.5000 2867.4338   11.6456
    7.5000  -15.0000   -7.5000 2836.5381   11.8124
   -7.5000   -7.5000   -7.5000 2875.3672   11.4365
    0.0000   -7.5000   -7.5000 2896.1746   11.3409
    7.5000   -7.5000   -7.5000 2858.4250   11.5599
   -7.5000    0.0000   -7.5000 2879.0647   11.5266
    0.0000    0.0000   -7.5000 2896.0383   11.3905
    7.5000    0.0000   -7.5000 2872.9336   11.6423
   -7.5000    7.5000   -7.5000 2870.2019   11.9103
    0.0000    7.5000   -7.5000 2887.4116   11.7677
    7.5000    7.5000   -7.5000 2864.9775   12.0289
   -7.5000   15.0000   -7.5000 2815.5706   12.5511
    0.0000   15.0000   -7.5000 2829.5066   12.3898
    7.5000   15.0000   -7.5000 2821.1729   12.6383
   -7.5000   22.5000   -7.5000 2734.6709   13.3935
    0.0000   22.5000   -7.5000 2746.4976   13.2300
    7.5000   22.5000   -7.5000 2742.1296   13.4917
   -7.5000   30.0000   -7.5000 2625.8999   14.5053
    0.0000   30.0000   -7.5000 2638.6335   14.3459
    7.5000   30.0000   -7.5000 2626.5242   14.6081
   -7.5000   37.5000   -7.5000 2510.3647   15.8399
    0.0000   37.5000   -7.5000 2526.8865   15.7319
    7.5000   37.5000   -7.5000 2511.3669   15.9446
   -7.5000   45.0000   -7.5000 2368.8049   17.5173
    0.0000   45.0000   -7.5000 2378.6404   17.4560
    7.5000   45.0000   -7.5000 2364.8296   17.6295
   -7.5000  -45.0000    0.0000 2521.5203   15.1962
    0.0000  -45.0000    0.0000 2531.1255   15.0615
    7.5000  -45.0000    0.0000 2512.4761   15.4014
   -7.5000  -37.5000    0.0000 2628.5613   13.8571
    0.0000  -37.5000    0.0000 2641.0261   13.7254
    7.5000  -37.5000    0.0000 2613.7927   14.0006
   -7.5000  -30.0000    0.0000 2734.3704   12.7646
    0.0000  -30.0000    0.0000 2749.5286   12.6719
    7.5000  -30.0000    0.0000 2717.5798   12.8909
   -7.5000  -22.5000    0.0000 2835.8376   12.0459
    0.0000  -22.5000    0.0000 2852.8481   11.9381
    7.5000  -22.5000    0.0000 2818.0173   12.0919
   -7.5000  -15.0000    0.0000 2900.7119   11.5854
    0.0000  -15.0000    0.0000 2931.2256   11.4768
    7.5000  -15.0000    0.0000 2884.3984   11.6277
   -7.5000   -7.5000    0.0000 2920.3086   11.1976
    0.0000   -7.5000    0.0000 2948.4082   11.0083
    7.5000   -7.5000    0.0000 2907.5007   11.3799
   -7.5000    0.0000    0.0000 2916.6694   11.2147
    0.0000    0.0000    0.0000 2930.6042   11.0044
    7.5000    0.0000    0.0000 2911.7048   11.4639
   -7.5000    7.5000    0.0000 2895.8984   11.6332
    0.0000    7.5000    0.0000 2904.7632   11.3992
    7.5000    7.5000    0.0000 2898.7039   11.8195
   -7.5000   15.0000    0.0000 2840.6753   12.3205
    0.0000   15.0000    0.0000 2850.9839   12.1026
    7.5000   15.0000    0.0000 2846.3184   12.4365
   -7.5000   22.5000    0.0000 2758.1123   13.2315
    0.0000   22.5000    0.0000 2771.0654   13.0175
    7.5000   22.5000    0.0000 2761.6543   13.2900
   -7.5000   30.0000    0.0000 2647.7549   14.3418
    0.0000   30.0000    0.0000 2658.1123   14.1390
    7.5000   30.0000    0.0000 2643.6201   14.3699
   -7.5000   37.5000    0.0000 2527.2944   15.6937
    0.0000   37.5000    0.0000 2543.1960   15.5223
    7.5000   37.5000    0.0000 2522.0193   15.7168
   -7.5000   45.0000    0.0000 2387.3489   17.3543
    0.0000   45.0000    0.0000 2391.9763   17.2253
    7.5000   45.0000    0.0000 2376.8337   17.3921
   -7.5000  -45.0000    7.5000 2522.3225   15.1304
    0.0000  -45.0000    7.5000 2532.3984   14.9684
    7.5000  -45.0000    7.5000 2514.2302   15.3916
   -7.5000  -37.5000    7.5000 2630.9490   13.7424
    0.0000  -37.5000    7.5000 2640.6309   13.6205
    7.5000  -37.5000    7.5000 2619.8064   13.9961
   -7.5000  -30.0000    7.5000 2740.2944   12.6057
    0.0000  -30.0000    7.5000 2753.1890   12.4934
    7.5000  -30.0000    7.5000 2726.4958   12.8263
   -7.5000  -22.5000    7.5000 2848.9812   11.8792
    0.0000  -22.5000    7.5000 2868.7036   11.7588
    7.5000  -22.5000    7.5000 2836.9170   12.0497
   -7.5000  -15.0000    7.5000 2932.9197   11.5707
    0.0000  -15.0000    7.5000 2968.5940   11.4494
    7.5000  -15.0000    7.5000 2915.4504   11.6440
   -7.5000   -7.5000    7.5000 2972.0742   11.3356
    0.0000   -7.5000    7.5000 3012.6074   11.0978
    7.5000   -7.5000    7.5000 2945.4458   11.4508
   -7.5000    0.0000    7.5000 2957.7002   11.3459
    0.0000    0.0000    7.5000 2973.0164   11.1121
    7.5000    0.0000    7.5000 2940.5693   11.5215
   -7.5000    7.5000    7.5000 2921.2146   11.7010
    0.0000    7.5000    7.5000 2924.7930   11.4805
    7.5000    7.5000    7.5000 2906.8916   11.8075
   -7.5000   15.0000    7.5000 2858.1665   12.3148
    0.0000   15.0000    7.5000 2863.9346   12.0810
    7.5000   15.0000    7.5000 2845.4790   12.3433
   -7.5000   22.5000    7.5000 2768.2021   13.1975
    0.0000   22.5000    7.5000 2775.0391   12.9634
    7.5000   22.5000    7.5000 2759.2078   13.1779
   -7.5000   30.0000    7.5000 2652.1387   14.3243
    0.0000   30.0000    7.5000 2662.2793   14.1461
    7.5000   30.0000    7.5000 2643.5093   14.3142
   -7.5000   37.5000    7.5000 2527.3086   15.7019
    0.0000   37.5000    7.5000 2541.9858   15.5834
    7.5000   37.5000    7.5000 2516.1392   15.7192
   -7.5000   45.0000    7.5000 2383.5388   17.3685
    0.0000   45.0000    7.5000 2393.9236   17.3023
    7.5000   45.0000    7.5000 2375.0991   17.3769
   -7.5000  -45.0000   15.0000 2509.9846   15.1894
    0.0000  -45.0000   15.0000 2519.6753   14.9966
    7.5000  -45.0000   15.0000 2503.2087   15.4619
   -7.5000  -37.5000   15.0000 2612.4155   13.8011
    0.0000  -37.5000   15.0000 2621.9319   13.6072
    7.5000  -37.5000   15.0000 2615.7263   14.1084
   -7.5000  -30.0000   15.0000 2724.9644   12.7251
    0.0000  -30.0000   15.0000 2738.9426   12.5560
    7.5000  -30.0000   15.0000 2732.1672   12.9991
   -7.5000  -22.5000   15.0000 2843.9495   12.0212
    0.0000  -22.5000   15.0000 2863.3391   11.8621
    7.5000  -22.5000   15.0000 2839.8337   12.1836
   -7.5000  -15.0000   15.0000 2934.1335   11.7037
    0.0000  -15.0000   15.0000 2961.4966   11.5143
    7.5000  -15.0000   15.0000 2909.7415   11.8013
   -7.5000   -7.5000   15.0000 2986.5571   11.6314
    0.0000   -7.5000   15.0000 3011.2585   11.4037
    7.5000   -7.5000   15.0000 2938.6035   11.6617
   -7.5000    0.0000   15.0000 2963.2986   11.7692
    0.0000    0.0000   15.0000 2984.9583   11.6086
    7.5000    0.0000   15.0000 2926.9990   11.7578
   -7.5000    7.5000   15.0000 2916.1946   12.0546
    0.0000    7.5000   15.0000 2934.5515   11.9189
    7.5000    7.5000   15.0000 2891.9397   12.0363
   -7.5000   15.0000   15.0000 2840.9255   12.5856
    0.0000   15.0000   15.0000 2856.5146   12.4424
    7.5000   15.0000   15.0000 2821.5518   12.5575
   -7.5000   22.5000   15.0000 2743.4514   13.3688
    0.0000   22.5000   15.0000 2756.8838   13.2359
    7.5000   22.5000   15.0000 2732.8540   13.3386
   -7.5000   30.0000   15.0000 2634.6985   14.4244
    0.0000   30.0000   15.0000 2646.7651   14.3051
    7.5000   30.0000   15.0000 2623.4211   14.4141
   -7.5000   37.5000   15.0000 2510.2554   15.7986
    0.0000   37.5000   15.0000 2523.8176   15.7018
    7.5000   37.5000   15.0000 2504.3687   15.7932
   -7.5000   45.0000   15.0000 2364.8345   17.4731
    0.0000   45.0000   15.0000 2375.2903   17.4054
    7.5000   45.0000   15.0000 2357.2263   17.5143
   -7.5000  -45.0000   22.5000 2500.0308   15.5569
    0.0000  -45.0000   22.5000 2510.2212   15.3603
    7.5000  -45.0000   22.5000 2496.0754   15.7874
   -7.5000  -37.5000   22.5000 2610.2366   14.2511
    0.0000  -37.5000   22.5000 2623.0498   14.0862
    7.5000  -37.5000   22.5000 2607.2188   14.4693
   -7.5000  -30.0000   22.5000 2730.5520   13.2137
    0.0000  -30.0000   22.5000 2747.2136   13.0630
    7.5000  -30.0000   22.5000 2724.8030   13.4023
   -7.5000  -22.5000   22.5000 2836.7134   12.4826
    0.0000  -22.5000   22.5000 2860.6270   12.3417
    7.5000  -22.5000   22.5000 2826.4714   12.5992
   -7.5000  -15.0000   22.5000 2912.4810   12.1124
    0.0000  -15.0000   22.5000 2932.0325   11.8445
    7.5000  -15.0000   22.5000 2888.8110   12.1525
   -7.5000   -7.5000   22.5000 2955.1272   12.0190
    0.0000   -7.5000   22.5000 2971.1716   11.8109
    7.5000   -7.5000   22.5000 2918.8057   12.0163
   -7.5000    0.0000   22.5000 2933.7341   12.1831
    0.0000    0.0000   22.5000 2955.4958   12.0312
    7.5000    0.0000   22.5000 2905.7524   12.1600
   -7.5000    7.5000   22.5000 2889.5984   12.5181
    0.0000    7.5000   22.5000 2908.0588   12.3731
    7.5000    7.5000   22.5000 2869.7761   12.4730
   -7.5000   15.0000   22.5000 2809.2888   13.0819
    0.0000   15.0000   22.5000 2828.0059   12.9481
    7.5000   15.0000   22.5000 2796.7864   13.0332
   -7.5000   22.5000   22.5000 2712.4355   13.8213
    0.0000   22.5000   22.5000 2726.9922   13.7043
    7.5000   22.5000   22.5000 2699.5291   13.7684
   -7.5000   30.0000   22.5000 2600.9248   14.7690
    0.0000   30.0000   22.5000 2612.5569   14.6447
    7.5000   30.0000   22.5000 2587.6472   14.7234
   -7.5000   37.5000   22.5000 2477.9685   16.0623
    0.0000   37.5000   22.5000 2489.0464   15.9631
    7.5000   37.5000   22.5000 2470.7947   16.0215
   -7.5000   45.0000   22.5000 2330.9739   17.7895
    0.0000   45.0000   22.5000 2345.1340   17.7035
    7.5000   45.0000   22.5000 2332.3748   17.7493
   -7.5000  -45.0000   30.0000 2492.0581   16.2761
    0.0000  -45.0000   30.0000 2506.2427   16.1618
    7.5000  -45.0000   30.0000 2474.2693   16.4588
   -7.5000  -37.5000   30.0000 2604.4849   14.9871
    0.0000  -37.5000   30.0000 2619.8704   14.8644
    7.5000  -37.5000   30.0000 2585.8306   15.1378
   -7.5000  -30.0000   30.0000 2709.4382   13.8457
    0.0000  -30.0000   30.0000 2728.7695   13.7460
    7.5000  -30.0000   30.0000 2696.4116   14.0240
   -7.5000  -22.5000   30.0000 2802.8669   13.0259
    0.0000  -22.5000   30.0000 2815.6104   12.8308
    7.5000  -22.5000   30.0000 2791.2134   13.1556
   -7.5000  -15.0000   30.0000 2866.8940   12.5803
    0.0000  -15.0000   30.0000 2881.8599   12.3622
    7.5000  -15.0000   30.0000 2851.7524   12.6394
   -7.5000   -7.5000   30.0000 2899.1416   12.5040
    0.0000   -7.5000   30.0000 2906.5522   12.3305
    7.5000   -7.5000   30.0000 2879.9946   12.5387
   -7.5000    0.0000   30.0000 2879.1431   12.6914
    0.0000    0.0000   30.0000 2895.2195   12.5455
    7.5000    0.0000   30.0000 2861.1816   12.7187
   -7.5000    7.5000   30.0000 2834.8118   13.0683
    0.0000    7.5000   30.0000 2850.5046   12.9381
    7.5000    7.5000   30.0000 2822.0117   13.0713
   -7.5000   15.0000   30.0000 2760.6990   13.6634
    0.0000   15.0000   30.0000 2772.7178   13.5208
    7.5000   15.0000   30.0000 2746.8938   13.6277
   -7.5000   22.5000   30.0000 2670.6509   14.4368
    0.0000   22.5000   30.0000 2682.6709   14.3075
    7.5000   22.5000   30.0000 2654.6145   14.3722
   -7.5000   30.0000   30.0000 2557.4329   15.3755
    0.0000   30.0000   30.0000 2566.4431   15.2459
    7.5000   30.0000   30.0000 2547.9333   15.2916
   -7.5000   37.5000   30.0000 2429.9810   16.6104
    0.0000   37.5000   30.0000 2442.2263   16.4932
    7.5000   37.5000   30.0000 2426.9182   16.5476
   -7.5000   45.0000   30.0000 2292.2607   18.2876
    0.0000   45.0000   30.0000 2306.5603   18.1962
    7.5000   45.0000   30.0000 2282.6729   18.2604
   -7.5000  -45.0000   37.5000 2465.8274   17.0668
    0.0000  -45.0000   37.5000 2480.6760   16.9545
    7.5000  -45.0000   37.5000 2444.0676   17.2421
   -7.5000  -37.5000   37.5000 2570.9453   15.6752
    0.0000  -37.5000   37.5000 2591.7893   15.5756
    7.5000  -37.5000   37.5000 2552.3511   15.8898
   -7.5000  -30.0000   37.5000 2672.7583   14.4884
    0.0000  -30.0000   37.5000 2691.1790   14.3918
    7.5000  -30.0000   37.5000 2657.9880   14.7157
   -7.5000  -22.5000   37.5000 2757.2922   13.6717
    0.0000  -22.5000   37.5000 2773.4507   13.4946
    7.5000  -22.5000   37.5000 2742.9719   13.8131
   -7.5000  -15.0000   37.5000 2812.2839   13.2226
    0.0000  -15.0000   37.5000 2826.5798   13.0634
    7.5000  -15.0000   37.5000 2801.0886   13.3167
   -7.5000   -7.5000   37.5000 2833.8286   13.1428
    0.0000   -7.5000   37.5000 2838.7747   12.9975
    7.5000   -7.5000   37.5000 2816.9045   13.2474
   -7.5000    0.0000   37.5000 2807.8389   13.3274
    0.0000    0.0000   37.5000 2822.9177   13.1937
    7.5000    0.0000   37.5000 2790.6948   13.4109
   -7.5000    7.5000   37.5000 2761.0354   13.7009
    0.0000    7.5000   37.5000 2774.2200   13.5876
    7.5000    7.5000   37.5000 2749.6709   13.7657
   -7.5000   15.0000   37.5000 2695.1470   14.2870
    0.0000   15.0000   37.5000 2708.3313   14.1823
    7.5000   15.0000   37.5000 2684.1877   14.3320
   -7.5000   22.5000   37.5000 2610.2188   15.0851
    0.0000   22.5000   37.5000 2624.1968   14.9616
    7.5000   22.5000   37.5000 2599.5322   15.0758
   -7.5000   30.0000   37.5000 2497.3674   16.0669
    0.0000   30.0000   37.5000 2513.3511   15.9443
    7.5000   30.0000   37.5000 2489.4338   16.0208
   -7.5000   37.5000   37.5000 2374.7205   17.3533
    0.0000   37.5000   37.5000 2395.8279   17.2751
    7.5000   37.5000   37.5000 2366.5928   17.3479
   -7.5000   45.0000   37.5000 2244.3569   19.0470
    0.0000   45.0000   37.5000 2257.1587   18.9611
    7.5000   45.0000   37.5000 2232.9119   19.0563
   -7.5000  -45.0000   45.0000 2421.6311   17.9093
    0.0000  -45.0000   45.0000 2439.1047   17.8009
    7.5000  -45.0000   45.0000 2396.2485   18.0816
   -7.5000  -37.5000   45.0000 2522.0027   16.4541
    0.0000  -37.5000   45.0000 2542.9756   16.3764
    7.5000  -37.5000   45.0000 2499.6392   16.6818
   -7.5000  -30.0000   45.0000 2612.8479   15.2597
    0.0000  -30.0000   45.0000 2635.1531   15.1726
    7.5000  -30.0000   45.0000 2594.4565   15.4830
   -7.5000  -22.5000   45.0000 2688.3826   14.4570
    0.0000  -22.5000   45.0000 2710.3088   14.3469
    7.5000  -22.5000   45.0000 2675.8464   14.6324
   -7.5000  -15.0000   45.0000 2726.9670   14.0240
    0.0000  -15.0000   45.0000 2746.2634   13.9328
    7.5000  -15.0000   45.0000 2722.9377   14.1395
   -7.5000   -7.5000   45.0000 2740.8750   13.9263
    0.0000   -7.5000   45.0000 2755.5691   13.8212
    7.5000   -7.5000   45.0000 2732.0618   14.0561
   -7.5000    0.0000   45.0000 2720.9326   14.0564
    0.0000    0.0000   45.0000 2736.3025   13.9778
    7.5000    0.0000   45.0000 2707.3716   14.1868
   -7.5000    7.5000   45.0000 2679.9490   14.4313
    0.0000    7.5000   45.0000 2693.1975   14.3586
    7.5000    7.5000   45.0000 2666.9326   14.5514
   -7.5000   15.0000   45.0000 2617.4414   15.0320
    0.0000   15.0000   45.0000 2633.6904   14.9425
    7.5000   15.0000   45.0000 2607.2104   15.1099
   -7.5000   22.5000   45.0000 2540.6873   15.8180
    0.0000   22.5000   45.0000 2551.1819   15.7198
    7.5000   22.5000   45.0000 2529.1558   15.8674
   -7.5000   30.0000   45.0000 2425.9065   16.8576
    0.0000   30.0000   45.0000 2441.2979   16.7797
    7.5000   30.0000   45.0000 2418.7512   16.8905
   -7.5000   37.5000   45.0000 2306.0420   18.1948
    0.0000   37.5000   45.0000 2323.8901   18.1409
    7.5000   37.5000   45.0000 2303.1458   18.2610
   -7.5000   45.0000   45.0000 2181.2251   19.9765
    0.0000   45.0000   45.0000 2192.9844   19.9453
    7.5000   45.0000   45.0000 2176.3870   20.0444

---------------------------------------------------------------------
imgreg_4dfp /opt/freesurfer/average/711-2C_as_mni_average_305 /opt/freesurfer/average/711-2B_as_mni_average_305_mask talsrcimg_g11 none talsrcimg_to_711-2C_as_mni_average_305_t4 1283
---------------------------------------------------------------------

freesurfer imgreg_4dfp.c
/opt/freesurfer/average/711-2C_as_mni_average_305.4dfp.img
       256       256       256         1
  1.000000  1.000000  1.000000
orientation T byte_order littleendian
Reading image: /opt/freesurfer/average/711-2C_as_mni_average_305.4dfp.img
dimensions:      256       256       256
mmppix:       1.0000   -1.0000   -1.0000
center:     128.0000 -129.0000 -129.0000
/opt/freesurfer/average/711-2B_as_mni_average_305_mask.4dfp.img
       256       256       256         1
  1.000000  1.000000  1.000000
orientation T byte_order littleendian
Reading mask: /opt/freesurfer/average/711-2B_as_mni_average_305_mask.4dfp.img (2306576 pixels)
talsrcimg_g11.4dfp.img
       256       256       256         1
  1.000000  1.000000  1.000000
orientation T byte_order littleendian
Reading image: talsrcimg_g11.4dfp.img
dimensions:      256       256       256
mmppix:       1.0000   -1.0000   -1.0000
center:     128.0000 -129.0000 -129.0000
rotation matrix determinant  1.000000
fimgreg.f
image alignment mode   1283 decimal      503 hex
parameters
    0.0000   -7.5000    7.5000    0.0000    0.0000    0.0000
eta,q 0.94478 11.17626
niter,ni,del,rscale     5    3   12.0000    1.2000
parameter  3 -0.508445 -> -0.500000 qaram    1.1500
parameters
   -0.5361   -8.4147   10.9500    1.9877    0.0646   -1.7201
eta,q 0.94877 11.22663
  0.0643  0.0646  0.0695  0.0643  0.0548  0.0518
  0.0574  0.0570  0.0635  0.0602  0.0532  0.0515
  0.0552  0.0531  0.0570  0.0547  0.0523  0.0513
  0.0551  0.0544  0.0532  0.0514  0.0509  0.0509
  0.0568  0.0591  0.0518  0.0509  0.0510  0.0514
  0.0611  0.0647  0.0512  0.0525  0.0521  0.0531
  0.0673  0.0691  0.0536  0.0547  0.0557  0.0565
niter,ni,del,rscale     5    3   12.0000    1.2000
parameters
   -1.9026   -7.6543   12.1912    1.9642    0.2825   -2.3605
eta,q 0.95041 11.26023
  0.0564  0.0665  0.0648  0.0564  0.0552  0.0526
  0.0504  0.0578  0.0578  0.0514  0.0518  0.0505
  0.0497  0.0522  0.0533  0.0493  0.0501  0.0497
  0.0512  0.0502  0.0503  0.0496  0.0496  0.0496
  0.0524  0.0514  0.0496  0.0511  0.0499  0.0500
  0.0576  0.0550  0.0527  0.0527  0.0512  0.0517
  0.0660  0.0589  0.0573  0.0550  0.0545  0.0543
niter,ni,del,rscale     4    3   12.0000    1.2000
parameters
   -2.0402   -7.1979   12.5993    1.7978    0.2560   -2.3523
eta,q 0.95071 11.27854
  0.0603  0.0639  0.0618  0.0556  0.0549  0.0537
  0.0527  0.0559  0.0559  0.0509  0.0517  0.0512
  0.0488  0.0509  0.0518  0.0487  0.0500  0.0497
  0.0496  0.0494  0.0495  0.0494  0.0493  0.0493
  0.0519  0.0515  0.0505  0.0510  0.0499  0.0495
  0.0539  0.0552  0.0553  0.0525  0.0516  0.0511
  0.0600  0.0586  0.0588  0.0547  0.0552  0.0538
niter,ni,del,rscale     3    3   12.0000    1.2000
parameters
   -2.0347   -7.0258   12.6805    1.7152    0.2541   -2.3507
eta,q 0.95070 11.28372
  0.0610  0.0627  0.0608  0.0558  0.0550  0.0538
  0.0533  0.0548  0.0553  0.0511  0.0519  0.0513
  0.0489  0.0504  0.0512  0.0488  0.0501  0.0498
  0.0493  0.0493  0.0494  0.0494  0.0493  0.0493
  0.0521  0.0521  0.0513  0.0511  0.0499  0.0495
  0.0542  0.0559  0.0562  0.0525  0.0516  0.0512
  0.0593  0.0593  0.0594  0.0546  0.0552  0.0540
niter,ni,del,rscale     2    3   12.0000    1.2000
parameters
   -2.0432   -6.9718   12.6910    1.6901    0.2661   -2.3478
eta,q 0.95070 11.28513
  0.0611  0.0621  0.0606  0.0559  0.0551  0.0538
  0.0534  0.0543  0.0551  0.0512  0.0519  0.0514
  0.0490  0.0503  0.0510  0.0488  0.0501  0.0499
  0.0493  0.0493  0.0493  0.0493  0.0493  0.0493
  0.0522  0.0523  0.0515  0.0510  0.0499  0.0495
  0.0544  0.0561  0.0564  0.0525  0.0517  0.0512
  0.0594  0.0596  0.0595  0.0545  0.0552  0.0540
registration optimization eta report
parameter search radius
    6.0000    6.0000    6.9000    6.0000    6.0000    6.0000
100000*second partial in parameter space
       30.       31.       22.       16.       16.       13.
  0.0611  0.0621  0.0606  0.0559  0.0551  0.0538
  0.0534  0.0543  0.0551  0.0512  0.0519  0.0514
  0.0490  0.0503  0.0510  0.0488  0.0501  0.0499
  0.0493  0.0493  0.0493  0.0493  0.0493  0.0493
  0.0522  0.0523  0.0515  0.0510  0.0499  0.0495
  0.0544  0.0561  0.0564  0.0525  0.0517  0.0512
  0.0594  0.0596  0.0595  0.0545  0.0552  0.0540
   -2.0432   -6.9718   12.6910    1.6901    0.2661   -2.3478
eta,q 0.95070 11.28513

---------------------------------------------------------------------
imgreg_4dfp /opt/freesurfer/average/711-2C_as_mni_average_305 /opt/freesurfer/average/711-2B_as_mni_average_305_mask talsrcimg_g11 none talsrcimg_to_711-2C_as_mni_average_305_t4 3335
---------------------------------------------------------------------

freesurfer imgreg_4dfp.c
/opt/freesurfer/average/711-2C_as_mni_average_305.4dfp.img
       256       256       256         1
  1.000000  1.000000  1.000000
orientation T byte_order littleendian
Reading image: /opt/freesurfer/average/711-2C_as_mni_average_305.4dfp.img
dimensions:      256       256       256
mmppix:       1.0000   -1.0000   -1.0000
center:     128.0000 -129.0000 -129.0000
/opt/freesurfer/average/711-2B_as_mni_average_305_mask.4dfp.img
       256       256       256         1
  1.000000  1.000000  1.000000
orientation T byte_order littleendian
Reading mask: /opt/freesurfer/average/711-2B_as_mni_average_305_mask.4dfp.img (2306576 pixels)
talsrcimg_g11.4dfp.img
       256       256       256         1
  1.000000  1.000000  1.000000
orientation T byte_order littleendian
Reading image: talsrcimg_g11.4dfp.img
dimensions:      256       256       256
mmppix:       1.0000   -1.0000   -1.0000
center:     128.0000 -129.0000 -129.0000
fimgreg.f
image alignment mode   3335 decimal      D07 hex
parameters
   -2.0432   -6.9718   12.6910   -0.0850   -0.1269   -0.0446
    4.0811   -0.5847   -4.0965   -2.9279    0.4645    2.9493
eta,q 0.95267 11.32540
niter,ni,del,rscale     5    3    5.0000    1.2000
parameter  4  5.007075 ->  0.500000 qaram    1.1500
parameter  5  4.974145 ->  0.500000 qaram    1.1500
parameter  6  0.799159 ->  0.500000 qaram    1.1500
parameter 10  0.511299 ->  0.500000 qaram    1.1500
parameter 12  0.949434 ->  0.500000 qaram    1.1500
parameters
   -2.0869   -6.7315   12.5667   -4.2250   -4.2669   -4.1846
    5.3794   -0.5113   -1.9688   -7.0679    0.5092   -1.1907
eta,q 0.97315 11.31205
  0.0497  0.0497  0.0488  0.0350  0.0300  0.0294  0.0339  0.0366  0.0325  0.0291  0.0305  0.0268
  0.0485  0.0485  0.0478  0.0376  0.0323  0.0294  0.0318  0.0330  0.0310  0.0282  0.0291  0.0268
  0.0477  0.0477  0.0474  0.0420  0.0352  0.0304  0.0303  0.0304  0.0300  0.0282  0.0284  0.0272
  0.0473  0.0473  0.0473  0.0473  0.0386  0.0330  0.0295  0.0294  0.0294  0.0292  0.0281  0.0281
  0.0475  0.0474  0.0476  0.0527  0.0420  0.0369  0.0295  0.0302  0.0292  0.0310  0.0284  0.0293
  0.0485  0.0479  0.0482  0.0579  0.0455  0.0422  0.0302  0.0327  0.0295  0.0336  0.0292  0.0308
  0.0501  0.0489  0.0490  0.0623  0.0491  0.0487  0.0316  0.0364  0.0302  0.0371  0.0303  0.0325
niter,ni,del,rscale     7    3    5.0000    1.2000
parameter  2  0.876045 ->  0.500000 qaram    1.1500
parameter  3  0.828726 ->  0.500000 qaram    1.1500
parameter  4  0.556272 ->  0.500000 qaram    1.3225
parameters
   -2.2353   -8.1115   11.1867   -8.9860   -8.3928   -2.3797
    5.2272   -1.1422   -2.4777   -6.5641    1.6431   -2.4224
eta,q 0.98073 11.31499
  0.0311  0.0249  0.0232  0.0229  0.0227  0.0256  0.0226  0.0242  0.0214  0.0269  0.0211  0.0212
  0.0287  0.0247  0.0232  0.0221  0.0210  0.0237  0.0209  0.0210  0.0203  0.0229  0.0202  0.0200
  0.0272  0.0254  0.0237  0.0218  0.0202  0.0220  0.0198  0.0196  0.0196  0.0203  0.0196  0.0193
  0.0269  0.0268  0.0248  0.0233  0.0219  0.0204  0.0194  0.0194  0.0194  0.0194  0.0194  0.0193
  0.0276  0.0289  0.0264  0.0279  0.0258  0.0191  0.0198  0.0203  0.0198  0.0199  0.0194  0.0198
  0.0295  0.0314  0.0286  0.0340  0.0301  0.0194  0.0210  0.0225  0.0207  0.0219  0.0197  0.0210
  0.0323  0.0343  0.0312  0.0405  0.0342  0.0235  0.0230  0.0262  0.0221  0.0252  0.0202  0.0229
niter,ni,del,rscale     7    3    5.0000    1.2000
parameters
   -2.0669   -7.6088   10.7012   -9.5178   -9.1855   -2.8931
    5.1982   -1.1768   -2.4943   -5.8387    2.1317   -3.3459
eta,q 0.98037 11.25332
  0.0234  0.0257  0.0208  0.0244  0.0246  0.0242  0.0226  0.0248  0.0217  0.0267  0.0208  0.0214
  0.0213  0.0227  0.0197  0.0221  0.0225  0.0225  0.0210  0.0215  0.0206  0.0229  0.0202  0.0203
  0.0199  0.0205  0.0191  0.0204  0.0205  0.0209  0.0200  0.0200  0.0200  0.0205  0.0198  0.0197
  0.0193  0.0192  0.0190  0.0190  0.0192  0.0194  0.0197  0.0197  0.0197  0.0197  0.0197  0.0197
  0.0195  0.0191  0.0196  0.0184  0.0201  0.0187  0.0200  0.0202  0.0199  0.0201  0.0198  0.0201
  0.0205  0.0202  0.0209  0.0215  0.0236  0.0213  0.0210  0.0217  0.0206  0.0217  0.0200  0.0209
  0.0224  0.0224  0.0228  0.0281  0.0281  0.0284  0.0227  0.0247  0.0218  0.0244  0.0205  0.0224
niter,ni,del,rscale     6    3    5.0000    1.2000
parameters
   -2.0020   -7.2945   10.6103   -9.1372   -9.3648   -2.9423
    5.0926   -1.1670   -2.4489   -5.2538    2.0756   -3.8830
eta,q 0.98051 11.26313
  0.0231  0.0249  0.0217  0.0253  0.0251  0.0244  0.0224  0.0248  0.0215  0.0262  0.0205  0.0215
  0.0213  0.0223  0.0205  0.0229  0.0230  0.0226  0.0208  0.0214  0.0205  0.0225  0.0199  0.0203
  0.0201  0.0205  0.0198  0.0210  0.0210  0.0209  0.0198  0.0198  0.0198  0.0202  0.0196  0.0196
  0.0196  0.0196  0.0196  0.0196  0.0194  0.0195  0.0195  0.0195  0.0195  0.0195  0.0195  0.0195
  0.0199  0.0197  0.0198  0.0185  0.0196  0.0184  0.0198  0.0200  0.0197  0.0200  0.0196  0.0199
  0.0209  0.0209  0.0206  0.0204  0.0225  0.0203  0.0209  0.0215  0.0204  0.0215  0.0199  0.0207
  0.0228  0.0230  0.0221  0.0262  0.0268  0.0270  0.0226  0.0247  0.0216  0.0243  0.0206  0.0221
niter,ni,del,rscale     5    3    5.0000    1.2000
parameters
   -2.0004   -7.1605   10.5118   -9.0498   -9.3918   -2.9927
    5.0717   -1.1172   -2.3369   -4.9099    2.1190   -4.1702
eta,q 0.98051 11.26516
  0.0229  0.0241  0.0215  0.0251  0.0252  0.0245  0.0225  0.0249  0.0215  0.0258  0.0205  0.0217
  0.0210  0.0217  0.0204  0.0228  0.0231  0.0226  0.0209  0.0215  0.0205  0.0222  0.0199  0.0204
  0.0199  0.0202  0.0197  0.0210  0.0211  0.0210  0.0198  0.0198  0.0198  0.0201  0.0196  0.0197
  0.0195  0.0195  0.0195  0.0195  0.0194  0.0195  0.0195  0.0195  0.0195  0.0195  0.0195  0.0195
  0.0198  0.0198  0.0197  0.0186  0.0194  0.0184  0.0198  0.0199  0.0196  0.0201  0.0196  0.0198
  0.0209  0.0211  0.0205  0.0208  0.0222  0.0203  0.0208  0.0215  0.0203  0.0217  0.0199  0.0206
  0.0229  0.0234  0.0220  0.0268  0.0265  0.0271  0.0225  0.0246  0.0215  0.0246  0.0205  0.0220
niter,ni,del,rscale     4    3    5.0000    1.2000
parameters
   -1.9966   -7.0907   10.4477   -9.0019   -9.3956   -3.0358
    5.0428   -1.1076   -2.2847   -4.7210    2.1710   -4.3242
eta,q 0.98050 11.26592
  0.0229  0.0239  0.0216  0.0251  0.0253  0.0245  0.0225  0.0249  0.0215  0.0255  0.0205  0.0218
  0.0210  0.0216  0.0204  0.0228  0.0232  0.0227  0.0209  0.0215  0.0204  0.0220  0.0199  0.0205
  0.0199  0.0201  0.0197  0.0210  0.0212  0.0210  0.0199  0.0198  0.0198  0.0200  0.0196  0.0197
  0.0195  0.0195  0.0195  0.0195  0.0195  0.0195  0.0195  0.0195  0.0195  0.0195  0.0195  0.0195
  0.0198  0.0199  0.0197  0.0186  0.0195  0.0184  0.0198  0.0200  0.0196  0.0202  0.0196  0.0198
  0.0209  0.0212  0.0205  0.0209  0.0222  0.0203  0.0209  0.0215  0.0203  0.0218  0.0199  0.0206
  0.0229  0.0235  0.0219  0.0270  0.0265  0.0272  0.0226  0.0247  0.0215  0.0247  0.0205  0.0219
niter,ni,del,rscale     3    3    5.0000    1.2000
parameters
   -1.9954   -7.0523   10.4137   -8.9767   -9.3934   -3.0613
    5.0211   -1.1088   -2.2528   -4.6174    2.1966   -4.4066
eta,q 0.98049 11.26656
  0.0229  0.0238  0.0216  0.0251  0.0253  0.0245  0.0225  0.0249  0.0215  0.0254  0.0205  0.0219
  0.0210  0.0215  0.0205  0.0228  0.0232  0.0227  0.0209  0.0215  0.0204  0.0219  0.0199  0.0205
  0.0199  0.0201  0.0198  0.0210  0.0212  0.0210  0.0199  0.0199  0.0198  0.0200  0.0196  0.0197
  0.0195  0.0195  0.0195  0.0195  0.0195  0.0195  0.0195  0.0195  0.0195  0.0195  0.0195  0.0195
  0.0198  0.0199  0.0197  0.0186  0.0195  0.0184  0.0198  0.0200  0.0197  0.0202  0.0196  0.0198
  0.0210  0.0213  0.0204  0.0210  0.0222  0.0203  0.0209  0.0216  0.0203  0.0219  0.0199  0.0206
  0.0229  0.0236  0.0218  0.0270  0.0265  0.0272  0.0226  0.0248  0.0215  0.0248  0.0205  0.0219
niter,ni,del,rscale     2    3    5.0000    1.2000
parameters
   -1.9943   -7.0316   10.3953   -8.9633   -9.3940   -3.0748
    5.0111   -1.1069   -2.2344   -4.5592    2.2055   -4.4544
eta,q 0.98048 11.26677
  0.0229  0.0237  0.0217  0.0251  0.0253  0.0246  0.0225  0.0249  0.0214  0.0253  0.0205  0.0219
  0.0210  0.0215  0.0205  0.0228  0.0232  0.0227  0.0209  0.0215  0.0204  0.0219  0.0199  0.0205
  0.0199  0.0201  0.0198  0.0210  0.0212  0.0210  0.0199  0.0199  0.0198  0.0200  0.0196  0.0197
  0.0195  0.0195  0.0195  0.0195  0.0195  0.0195  0.0195  0.0195  0.0195  0.0195  0.0195  0.0195
  0.0198  0.0199  0.0197  0.0186  0.0195  0.0184  0.0198  0.0200  0.0197  0.0202  0.0196  0.0198
  0.0210  0.0213  0.0204  0.0211  0.0222  0.0203  0.0209  0.0216  0.0203  0.0220  0.0199  0.0206
  0.0229  0.0237  0.0218  0.0271  0.0265  0.0272  0.0226  0.0248  0.0215  0.0249  0.0205  0.0219
registration optimization eta report
parameter search radius
    2.4000    2.7600    2.7600    9.5220    8.2800    8.2800
    7.2000    7.2000    7.2000    8.2800    7.2000    8.2800
100000*second partial in parameter space
       59.       55.       29.        8.        9.       10.
        6.       11.        4.        8.        2.        3.
  0.0229  0.0237  0.0217  0.0251  0.0253  0.0246  0.0225  0.0249  0.0214  0.0253  0.0205  0.0219
  0.0210  0.0215  0.0205  0.0228  0.0232  0.0227  0.0209  0.0215  0.0204  0.0219  0.0199  0.0205
  0.0199  0.0201  0.0198  0.0210  0.0212  0.0210  0.0199  0.0199  0.0198  0.0200  0.0196  0.0197
  0.0195  0.0195  0.0195  0.0195  0.0195  0.0195  0.0195  0.0195  0.0195  0.0195  0.0195  0.0195
  0.0198  0.0199  0.0197  0.0186  0.0195  0.0184  0.0198  0.0200  0.0197  0.0202  0.0196  0.0198
  0.0210  0.0213  0.0204  0.0211  0.0222  0.0203  0.0209  0.0216  0.0203  0.0220  0.0199  0.0206
  0.0229  0.0237  0.0218  0.0271  0.0265  0.0272  0.0226  0.0248  0.0215  0.0249  0.0205  0.0219
   -1.9943   -7.0316   10.3953   -8.9633   -9.3940   -3.0748
    5.0111   -1.1069   -2.2344   -4.5592    2.2055   -4.4544
eta,q 0.98048 11.26677

---------------------------------------------------------------------
imgreg_4dfp /opt/freesurfer/average/711-2C_as_mni_average_305 /opt/freesurfer/average/711-2B_as_mni_average_305_mask talsrcimg_g11 none talsrcimg_to_711-2C_as_mni_average_305_t4 2311
---------------------------------------------------------------------

freesurfer imgreg_4dfp.c
/opt/freesurfer/average/711-2C_as_mni_average_305.4dfp.img
       256       256       256         1
  1.000000  1.000000  1.000000
orientation T byte_order littleendian
Reading image: /opt/freesurfer/average/711-2C_as_mni_average_305.4dfp.img
dimensions:      256       256       256
mmppix:       1.0000   -1.0000   -1.0000
center:     128.0000 -129.0000 -129.0000
/opt/freesurfer/average/711-2B_as_mni_average_305_mask.4dfp.img
       256       256       256         1
  1.000000  1.000000  1.000000
orientation T byte_order littleendian
Reading mask: /opt/freesurfer/average/711-2B_as_mni_average_305_mask.4dfp.img (2306576 pixels)
talsrcimg_g11.4dfp.img
       256       256       256         1
  1.000000  1.000000  1.000000
orientation T byte_order littleendian
Reading image: talsrcimg_g11.4dfp.img
dimensions:      256       256       256
mmppix:       1.0000   -1.0000   -1.0000
center:     128.0000 -129.0000 -129.0000
fimgreg.f
image alignment mode   2311 decimal      907 hex
parameters
   -1.9943   -7.0316   10.3953   -8.9633   -9.3940   -3.0748
    5.0111   -1.1069   -2.2344   -4.5592    2.2055   -4.4544
eta,q 0.98048 11.26677
niter,ni,del,rscale     5    3    5.0000    0.8000
parameter  4 -0.667449 -> -0.500000 qaram    1.1500
parameters
   -1.9699   -6.9810   10.4576   -6.2033   -8.9738   -1.7253
    4.7972   -0.9456   -2.2286   -4.4337    2.0467   -4.7260
eta,q 0.98203 11.38781
  0.0210  0.0210  0.0203  0.0219  0.0217  0.0215  0.0199  0.0226  0.0192  0.0209  0.0191  0.0192
  0.0202  0.0202  0.0199  0.0210  0.0205  0.0204  0.0188  0.0201  0.0186  0.0193  0.0185  0.0185
  0.0197  0.0197  0.0196  0.0202  0.0194  0.0194  0.0182  0.0185  0.0181  0.0183  0.0181  0.0181
  0.0195  0.0195  0.0195  0.0195  0.0186  0.0185  0.0180  0.0180  0.0180  0.0180  0.0180  0.0180
  0.0197  0.0196  0.0196  0.0189  0.0185  0.0179  0.0182  0.0184  0.0181  0.0183  0.0181  0.0182
  0.0201  0.0201  0.0198  0.0186  0.0194  0.0180  0.0190  0.0197  0.0185  0.0191  0.0186  0.0187
  0.0210  0.0209  0.0202  0.0193  0.0212  0.0198  0.0203  0.0219  0.0193  0.0206  0.0193  0.0195
niter,ni,del,rscale     5    3    5.0000    0.8000
parameters
   -2.1789   -7.1111   10.3870   -7.4058   -8.8992   -1.7551
    4.9823   -1.1574   -2.1542   -4.3662    2.2990   -4.5830
eta,q 0.98192 11.37048
  0.0198  0.0194  0.0190  0.0202  0.0211  0.0208  0.0200  0.0213  0.0192  0.0208  0.0191  0.0194
  0.0186  0.0186  0.0184  0.0192  0.0199  0.0198  0.0190  0.0194  0.0186  0.0193  0.0186  0.0187
  0.0180  0.0180  0.0180  0.0183  0.0188  0.0189  0.0184  0.0183  0.0183  0.0184  0.0182  0.0183
  0.0180  0.0179  0.0179  0.0179  0.0181  0.0181  0.0181  0.0181  0.0181  0.0181  0.0181  0.0181
  0.0185  0.0182  0.0181  0.0187  0.0182  0.0178  0.0182  0.0185  0.0182  0.0184  0.0181  0.0182
  0.0195  0.0189  0.0185  0.0212  0.0193  0.0188  0.0188  0.0198  0.0185  0.0193  0.0184  0.0186
  0.0211  0.0201  0.0193  0.0249  0.0214  0.0220  0.0198  0.0219  0.0192  0.0206  0.0189  0.0193
niter,ni,del,rscale     4    3    5.0000    0.7000
parameters
   -2.1429   -7.1265   10.3737   -7.4284   -8.7497   -1.5289
    4.9237   -1.2042   -2.1833   -4.4120    2.3731   -4.5305
eta,q 0.98203 11.37701
  0.0197  0.0194  0.0189  0.0204  0.0206  0.0204  0.0193  0.0207  0.0188  0.0201  0.0187  0.0190
  0.0188  0.0187  0.0185  0.0195  0.0196  0.0195  0.0186  0.0191  0.0184  0.0189  0.0183  0.0184
  0.0183  0.0182  0.0182  0.0187  0.0187  0.0187  0.0181  0.0182  0.0181  0.0182  0.0181  0.0181
  0.0181  0.0181  0.0181  0.0181  0.0181  0.0181  0.0180  0.0180  0.0180  0.0180  0.0180  0.0180
  0.0182  0.0182  0.0182  0.0179  0.0181  0.0177  0.0181  0.0183  0.0181  0.0183  0.0180  0.0181
  0.0187  0.0187  0.0185  0.0189  0.0190  0.0184  0.0186  0.0192  0.0184  0.0190  0.0183  0.0184
  0.0196  0.0195  0.0190  0.0212  0.0206  0.0207  0.0195  0.0209  0.0189  0.0202  0.0187  0.0190
niter,ni,del,rscale     3    3    5.0000    0.6000
parameters
   -2.1572   -7.1717   10.3956   -7.2578   -8.6803   -1.3252
    4.9296   -1.2377   -2.2050   -4.4868    2.4009   -4.5067
eta,q 0.98216 11.38551
  0.0191  0.0189  0.0187  0.0199  0.0199  0.0198  0.0189  0.0200  0.0185  0.0195  0.0184  0.0186
  0.0185  0.0184  0.0183  0.0192  0.0190  0.0191  0.0183  0.0188  0.0182  0.0186  0.0181  0.0182
  0.0181  0.0181  0.0181  0.0185  0.0183  0.0184  0.0180  0.0181  0.0179  0.0180  0.0179  0.0179
  0.0180  0.0180  0.0180  0.0180  0.0179  0.0179  0.0178  0.0178  0.0178  0.0178  0.0178  0.0178
  0.0181  0.0181  0.0180  0.0178  0.0180  0.0177  0.0179  0.0181  0.0179  0.0181  0.0179  0.0179
  0.0185  0.0185  0.0182  0.0185  0.0187  0.0182  0.0183  0.0188  0.0181  0.0187  0.0181  0.0182
  0.0192  0.0191  0.0186  0.0201  0.0200  0.0199  0.0190  0.0201  0.0185  0.0196  0.0185  0.0186
niter,ni,del,rscale     2    3    5.0000    0.5000
parameters
   -2.1770   -7.2081   10.4144   -7.0927   -8.6381   -1.1265
    4.9368   -1.2598   -2.2187   -4.5495    2.4160   -4.4998
eta,q 0.98225 11.39233
  0.0187  0.0185  0.0184  0.0193  0.0193  0.0193  0.0185  0.0194  0.0182  0.0190  0.0182  0.0183
  0.0182  0.0182  0.0181  0.0187  0.0186  0.0187  0.0181  0.0185  0.0180  0.0183  0.0180  0.0180
  0.0179  0.0179  0.0179  0.0182  0.0181  0.0182  0.0178  0.0179  0.0178  0.0179  0.0178  0.0178
  0.0178  0.0178  0.0178  0.0178  0.0178  0.0178  0.0177  0.0177  0.0177  0.0177  0.0177  0.0177
  0.0179  0.0179  0.0179  0.0178  0.0179  0.0177  0.0178  0.0179  0.0178  0.0179  0.0178  0.0178
  0.0182  0.0182  0.0180  0.0182  0.0184  0.0181  0.0181  0.0185  0.0180  0.0184  0.0179  0.0180
  0.0187  0.0186  0.0183  0.0194  0.0193  0.0192  0.0185  0.0194  0.0183  0.0190  0.0182  0.0183
niter,ni,del,rscale     1    3    5.0000    0.4000
parameters
   -2.1957   -7.2340   10.4294   -6.9557   -8.6198   -0.9530
    4.9453   -1.2817   -2.2383   -4.6080    2.4272   -4.4974
eta,q 0.98231 11.39699
  0.0183  0.0182  0.0181  0.0188  0.0187  0.0188  0.0182  0.0188  0.0180  0.0185  0.0180  0.0181
  0.0180  0.0180  0.0179  0.0184  0.0183  0.0183  0.0179  0.0182  0.0178  0.0181  0.0178  0.0179
  0.0178  0.0178  0.0178  0.0180  0.0179  0.0180  0.0178  0.0178  0.0177  0.0178  0.0177  0.0177
  0.0177  0.0177  0.0177  0.0177  0.0177  0.0177  0.0177  0.0177  0.0177  0.0177  0.0177  0.0177
  0.0178  0.0178  0.0178  0.0177  0.0178  0.0177  0.0177  0.0178  0.0177  0.0178  0.0177  0.0177
  0.0180  0.0180  0.0179  0.0180  0.0181  0.0179  0.0179  0.0182  0.0178  0.0181  0.0178  0.0179
  0.0184  0.0183  0.0181  0.0188  0.0188  0.0187  0.0182  0.0188  0.0180  0.0186  0.0180  0.0181
registration optimization eta report
parameter search radius
    0.8000    0.8000    0.8000    2.7600    2.4000    2.4000
    2.4000    2.4000    2.4000    2.4000    2.4000    2.4000
100000*second partial in parameter space
       91.       77.       55.       14.       18.       18.
        9.       20.        6.       14.        6.        7.
  0.0183  0.0182  0.0181  0.0188  0.0187  0.0188  0.0182  0.0188  0.0180  0.0185  0.0180  0.0181
  0.0180  0.0180  0.0179  0.0184  0.0183  0.0183  0.0179  0.0182  0.0178  0.0181  0.0178  0.0179
  0.0178  0.0178  0.0178  0.0180  0.0179  0.0180  0.0178  0.0178  0.0177  0.0178  0.0177  0.0177
  0.0177  0.0177  0.0177  0.0177  0.0177  0.0177  0.0177  0.0177  0.0177  0.0177  0.0177  0.0177
  0.0178  0.0178  0.0178  0.0177  0.0178  0.0177  0.0177  0.0178  0.0177  0.0178  0.0177  0.0177
  0.0180  0.0180  0.0179  0.0180  0.0181  0.0179  0.0179  0.0182  0.0178  0.0181  0.0178  0.0179
  0.0184  0.0183  0.0181  0.0188  0.0188  0.0187  0.0182  0.0188  0.0180  0.0186  0.0180  0.0181
   -2.1957   -7.2340   10.4294   -6.9557   -8.6198   -0.9530
    4.9453   -1.2817   -2.2383   -4.6080    2.4272   -4.4974
eta,q 0.98231 11.39699

---------------------------------------------------------------------
imgreg_4dfp /opt/freesurfer/average/711-2C_as_mni_average_305 /opt/freesurfer/average/711-2B_as_mni_average_305_mask talsrcimg_g11 none talsrcimg_to_711-2C_as_mni_average_305_t4 2311
---------------------------------------------------------------------

freesurfer imgreg_4dfp.c
/opt/freesurfer/average/711-2C_as_mni_average_305.4dfp.img
       256       256       256         1
  1.000000  1.000000  1.000000
orientation T byte_order littleendian
Reading image: /opt/freesurfer/average/711-2C_as_mni_average_305.4dfp.img
dimensions:      256       256       256
mmppix:       1.0000   -1.0000   -1.0000
center:     128.0000 -129.0000 -129.0000
/opt/freesurfer/average/711-2B_as_mni_average_305_mask.4dfp.img
       256       256       256         1
  1.000000  1.000000  1.000000
orientation T byte_order littleendian
Reading mask: /opt/freesurfer/average/711-2B_as_mni_average_305_mask.4dfp.img (2306576 pixels)
talsrcimg_g11.4dfp.img
       256       256       256         1
  1.000000  1.000000  1.000000
orientation T byte_order littleendian
Reading image: talsrcimg_g11.4dfp.img
dimensions:      256       256       256
mmppix:       1.0000   -1.0000   -1.0000
center:     128.0000 -129.0000 -129.0000
fimgreg.f
image alignment mode   2311 decimal      907 hex
parameters
   -2.1957   -7.2340   10.4294   -6.9557   -8.6198   -0.9530
    4.9453   -1.2817   -2.2383   -4.6080    2.4272   -4.4974
eta,q 0.98231 11.39699
niter,ni,del,rscale     5    3    5.0000    0.8000
parameters
   -2.2194   -7.2691   10.4411   -7.6391   -8.9694   -1.5666
    5.0056   -1.3057   -2.2345   -4.6626    2.4496   -4.3589
eta,q 0.98191 11.36667
  0.0200  0.0196  0.0192  0.0198  0.0205  0.0205  0.0198  0.0215  0.0192  0.0207  0.0190  0.0194
  0.0187  0.0185  0.0184  0.0189  0.0194  0.0195  0.0189  0.0195  0.0186  0.0192  0.0185  0.0187
  0.0179  0.0179  0.0179  0.0182  0.0184  0.0186  0.0183  0.0184  0.0182  0.0184  0.0182  0.0183
  0.0177  0.0177  0.0177  0.0177  0.0178  0.0179  0.0181  0.0181  0.0181  0.0181  0.0181  0.0181
  0.0180  0.0179  0.0178  0.0180  0.0182  0.0180  0.0182  0.0184  0.0182  0.0185  0.0182  0.0182
  0.0188  0.0186  0.0183  0.0195  0.0196  0.0199  0.0188  0.0196  0.0186  0.0194  0.0185  0.0186
  0.0202  0.0197  0.0191  0.0224  0.0219  0.0237  0.0198  0.0216  0.0192  0.0208  0.0190  0.0192
niter,ni,del,rscale     4    3    5.0000    0.7000
parameters
   -2.1508   -7.1819   10.4040   -7.2111   -8.8385   -1.5557
    4.9446   -1.2407   -2.2483   -4.6017    2.3828   -4.4210
eta,q 0.98207 11.37929
  0.0198  0.0196  0.0189  0.0201  0.0205  0.0202  0.0193  0.0209  0.0188  0.0201  0.0187  0.0189
  0.0189  0.0188  0.0185  0.0194  0.0194  0.0194  0.0186  0.0192  0.0184  0.0189  0.0183  0.0184
  0.0183  0.0183  0.0182  0.0187  0.0185  0.0186  0.0181  0.0182  0.0180  0.0182  0.0180  0.0180
  0.0181  0.0181  0.0181  0.0181  0.0180  0.0179  0.0179  0.0179  0.0179  0.0179  0.0179  0.0179
  0.0182  0.0182  0.0182  0.0178  0.0180  0.0177  0.0181  0.0182  0.0180  0.0182  0.0180  0.0180
  0.0187  0.0186  0.0185  0.0183  0.0189  0.0185  0.0186  0.0191  0.0183  0.0189  0.0183  0.0184
  0.0195  0.0193  0.0190  0.0198  0.0205  0.0210  0.0194  0.0207  0.0189  0.0200  0.0187  0.0190
niter,ni,del,rscale     3    3    5.0000    0.6000
parameters
   -2.1693   -7.1859   10.4088   -7.0415   -8.7248   -1.3526
    4.9404   -1.2373   -2.2420   -4.5719    2.3802   -4.4745
eta,q 0.98219 11.38867
  0.0191  0.0190  0.0186  0.0195  0.0199  0.0198  0.0189  0.0201  0.0185  0.0195  0.0184  0.0186
  0.0184  0.0184  0.0182  0.0189  0.0190  0.0190  0.0183  0.0188  0.0181  0.0186  0.0181  0.0181
  0.0180  0.0181  0.0180  0.0183  0.0183  0.0184  0.0179  0.0180  0.0179  0.0180  0.0179  0.0179
  0.0179  0.0179  0.0179  0.0179  0.0179  0.0179  0.0178  0.0178  0.0178  0.0178  0.0178  0.0178
  0.0181  0.0181  0.0180  0.0178  0.0180  0.0177  0.0179  0.0180  0.0179  0.0180  0.0179  0.0179
  0.0185  0.0184  0.0182  0.0183  0.0186  0.0182  0.0183  0.0188  0.0181  0.0186  0.0181  0.0182
  0.0192  0.0190  0.0186  0.0196  0.0199  0.0199  0.0189  0.0201  0.0185  0.0195  0.0185  0.0186
niter,ni,del,rscale     2    3    5.0000    0.5000
parameters
   -2.1880   -7.2079   10.4223   -6.9319   -8.6668   -1.1533
    4.9470   -1.2550   -2.2347   -4.5814    2.3874   -4.5007
eta,q 0.98227 11.39440
  0.0187  0.0185  0.0183  0.0190  0.0193  0.0193  0.0185  0.0194  0.0182  0.0190  0.0182  0.0183
  0.0182  0.0181  0.0180  0.0185  0.0186  0.0187  0.0181  0.0185  0.0180  0.0183  0.0180  0.0180
  0.0179  0.0179  0.0179  0.0181  0.0181  0.0182  0.0178  0.0179  0.0178  0.0179  0.0178  0.0178
  0.0178  0.0178  0.0178  0.0178  0.0178  0.0178  0.0177  0.0177  0.0177  0.0177  0.0177  0.0177
  0.0179  0.0179  0.0179  0.0178  0.0179  0.0177  0.0178  0.0179  0.0178  0.0179  0.0178  0.0178
  0.0182  0.0182  0.0180  0.0182  0.0184  0.0180  0.0181  0.0185  0.0180  0.0183  0.0179  0.0180
  0.0187  0.0186  0.0183  0.0191  0.0193  0.0192  0.0185  0.0194  0.0182  0.0190  0.0182  0.0183
niter,ni,del,rscale     1    3    5.0000    0.4000
parameters
   -2.2016   -7.2310   10.4333   -6.8432   -8.6384   -0.9712
    4.9479   -1.2756   -2.2370   -4.6145    2.4127   -4.5206
eta,q 0.98231 11.39829
  0.0183  0.0182  0.0181  0.0186  0.0187  0.0188  0.0182  0.0188  0.0180  0.0185  0.0180  0.0181
  0.0180  0.0179  0.0179  0.0182  0.0183  0.0183  0.0179  0.0182  0.0178  0.0181  0.0178  0.0179
  0.0178  0.0178  0.0178  0.0179  0.0179  0.0180  0.0178  0.0178  0.0177  0.0178  0.0177  0.0177
  0.0177  0.0177  0.0177  0.0177  0.0177  0.0177  0.0177  0.0177  0.0177  0.0177  0.0177  0.0177
  0.0178  0.0178  0.0178  0.0177  0.0178  0.0177  0.0177  0.0178  0.0177  0.0178  0.0177  0.0177
  0.0180  0.0180  0.0179  0.0180  0.0181  0.0179  0.0179  0.0182  0.0178  0.0181  0.0178  0.0179
  0.0183  0.0183  0.0181  0.0186  0.0188  0.0187  0.0182  0.0189  0.0180  0.0185  0.0180  0.0181
registration optimization eta report
parameter search radius
    0.8000    0.8000    0.8000    2.4000    2.4000    2.4000
    2.4000    2.4000    2.4000    2.4000    2.4000    2.4000
100000*second partial in parameter space
       93.       77.       55.       15.       18.       17.
        9.       20.        6.       14.        6.        7.
  0.0183  0.0182  0.0181  0.0186  0.0187  0.0188  0.0182  0.0188  0.0180  0.0185  0.0180  0.0181
  0.0180  0.0179  0.0179  0.0182  0.0183  0.0183  0.0179  0.0182  0.0178  0.0181  0.0178  0.0179
  0.0178  0.0178  0.0178  0.0179  0.0179  0.0180  0.0178  0.0178  0.0177  0.0178  0.0177  0.0177
  0.0177  0.0177  0.0177  0.0177  0.0177  0.0177  0.0177  0.0177  0.0177  0.0177  0.0177  0.0177
  0.0178  0.0178  0.0178  0.0177  0.0178  0.0177  0.0177  0.0178  0.0177  0.0178  0.0177  0.0177
  0.0180  0.0180  0.0179  0.0180  0.0181  0.0179  0.0179  0.0182  0.0178  0.0181  0.0178  0.0179
  0.0183  0.0183  0.0181  0.0186  0.0188  0.0187  0.0182  0.0189  0.0180  0.0185  0.0180  0.0181
   -2.2016   -7.2310   10.4333   -6.8432   -8.6384   -0.9712
    4.9479   -1.2756   -2.2370   -4.6145    2.4127   -4.5206
eta,q 0.98231 11.39829

---------------------------------------------------------------------
compute_vox2vox talsrcimg talsrcimg_to_711-2C_as_mni_average_305_t4 /opt/freesurfer/average/711-2C_as_mni_average_305
---------------------------------------------------------------------

freesurfer compute_vox2vox.c
Reading: talsrcimg.4dfp.ifh
Reading: talsrcimg_to_711-2C_as_mni_average_305_t4
Reading: /opt/freesurfer/average/711-2C_as_mni_average_305.4dfp.ifh
Writing: talsrcimg_to_711-2C_as_mni_average_305_t4_vox2vox.txt

start time Wed Mar 11 07:54:13 CET 2026
end		time Wed Mar 11 07:55:37 CET 2026

mpr2mni305 success

avi2talxfm orig_nu.mgz /opt/freesurfer/average/mni305.cor.mgz talsrcimg_to_711-2C_as_mni_average_305_t4_vox2vox.txt transforms/talairach.auto.xfm
avi2talxfm done
mv -f /out/sourcedata/freesurfer/sub-v2s15x29735_ses-1/mri/talsrcimg_to_711-2C_as_mni_average_305_t4_vox2vox.txt /out/sourcedata/freesurfer/sub-v2s15x29735_ses-1/mri/transforms/talsrcimg_to_711-2C_as_mni_average_305_t4_vox2vox.txt
lta_convert --src orig_nu.mgz --trg /opt/freesurfer/average/mni305.cor.mgz --inxfm transforms/talairach.auto.xfm --outlta transforms/talairach.auto.xfm.lta --subject fsaverage
7.3.2

--src: orig_nu.mgz src image (geometry).
--trg: /opt/freesurfer/average/mni305.cor.mgz trg image (geometry).
--inmni: transforms/talairach.auto.xfm input MNI/XFM transform.
--outlta: transforms/talairach.auto.xfm.lta output LTA.
--s: fsaverage subject name
 LTA read, type : 1
 1.07179   0.01113  -0.05750  -1.96408;
-0.02497   1.01188   0.05142  -27.20456;
 0.02498   0.05138   1.09574  -23.04163;
 0.00000   0.00000   0.00000   1.00000;
setting subject to fsaverage
Writing  LTA to file transforms/talairach.auto.xfm.lta...
lta_convert successful.
 
 
Started at Wed Mar 11 07:54:12 CET 2026
Ended   at Wed Mar 11 07:55:38 CET 2026
talairach_avi done
