status file for recon-all
Wed Mar 11 10:05:01 CET 2026
#@# Tessellate lh Wed Mar 11 10:05:01 CET 2026
#@# Smooth1 lh Wed Mar 11 10:05:04 CET 2026
#@# Inflation1 lh Wed Mar 11 10:05:07 CET 2026
#@# QSphere lh Wed Mar 11 10:05:20 CET 2026
#@# Fix Topology lh Wed Mar 11 10:06:34 CET 2026
#@# Smooth2 lh Wed Mar 11 10:12:14 CET 2026
#@# Inflation2 lh Wed Mar 11 10:12:17 CET 2026
#@# Curv .H and .K lh Wed Mar 11 10:12:33 CET 2026
#@# Sphere lh Wed Mar 11 10:13:17 CET 2026
#@# Surf Reg lh Wed Mar 11 10:15:35 CET 2026
#@# Jacobian white lh Wed Mar 11 10:19:33 CET 2026
#@# AvgCurv lh Wed Mar 11 10:19:34 CET 2026
#@# Cortical Parc lh Wed Mar 11 10:19:34 CET 2026
#@# white curv lh Wed Mar 11 10:26:34 CET 2026
#@# white area lh Wed Mar 11 10:26:36 CET 2026
#@# pial curv lh Wed Mar 11 10:26:36 CET 2026
#@# pial area lh Wed Mar 11 10:26:38 CET 2026
#@# thickness lh Wed Mar 11 10:26:39 CET 2026
#@# area and vertex vol lh Wed Mar 11 10:27:09 CET 2026
#@# Curvature Stats lh Wed Mar 11 10:27:10 CET 2026
#@# Cortical Parc 2 lh Wed Mar 11 10:27:13 CET 2026
#@# Cortical Parc 3 lh Wed Mar 11 10:27:26 CET 2026
#@# WM/GM Contrast lh Wed Mar 11 10:27:36 CET 2026
recon-all -s sub-v2s15x29739_ses-1 finished without error at Wed Mar 11 10:27:39 CET 2026



#New# invocation of recon-all 



status file for recon-all
Wed Mar 11 10:56:47 CET 2026
#@# white curv lh Wed Mar 11 10:56:47 CET 2026
#@# white area lh Wed Mar 11 10:56:47 CET 2026
#@# pial curv lh Wed Mar 11 10:56:47 CET 2026
#@# pial area lh Wed Mar 11 10:56:47 CET 2026
#@# thickness lh Wed Mar 11 10:56:47 CET 2026
#@# area and vertex vol lh Wed Mar 11 10:56:47 CET 2026
#@# Parcellation Stats lh Wed Mar 11 10:56:47 CET 2026
#@# Parcellation Stats 2 lh Wed Mar 11 10:57:05 CET 2026
#@# Parcellation Stats 3 lh Wed Mar 11 10:57:15 CET 2026
#@# BA_exvivo Labels lh Wed Mar 11 10:57:24 CET 2026
recon-all -s sub-v2s15x29739_ses-1 finished without error at Wed Mar 11 11:00:04 CET 2026
