status file for recon-all
Wed Mar 11 10:27:41 CET 2026
#@# Tessellate rh Wed Mar 11 10:27:41 CET 2026
#@# Smooth1 rh Wed Mar 11 10:27:45 CET 2026
#@# Inflation1 rh Wed Mar 11 10:27:48 CET 2026
#@# QSphere rh Wed Mar 11 10:28:01 CET 2026
#@# Fix Topology rh Wed Mar 11 10:29:22 CET 2026
#@# Smooth2 rh Wed Mar 11 10:34:43 CET 2026
#@# Inflation2 rh Wed Mar 11 10:34:46 CET 2026
#@# Curv .H and .K rh Wed Mar 11 10:35:01 CET 2026
#@# Sphere rh Wed Mar 11 10:35:47 CET 2026
#@# Surf Reg rh Wed Mar 11 10:38:04 CET 2026
#@# Jacobian white rh Wed Mar 11 10:42:38 CET 2026
#@# AvgCurv rh Wed Mar 11 10:42:39 CET 2026
#@# Cortical Parc rh Wed Mar 11 10:42:40 CET 2026
#@# white curv rh Wed Mar 11 10:49:35 CET 2026
#@# white area rh Wed Mar 11 10:49:37 CET 2026
#@# pial curv rh Wed Mar 11 10:49:38 CET 2026
#@# pial area rh Wed Mar 11 10:49:40 CET 2026
#@# thickness rh Wed Mar 11 10:49:41 CET 2026
#@# area and vertex vol rh Wed Mar 11 10:50:09 CET 2026
#@# Curvature Stats rh Wed Mar 11 10:50:11 CET 2026
#@# Cortical Parc 2 rh Wed Mar 11 10:50:14 CET 2026
#@# Cortical Parc 3 rh Wed Mar 11 10:50:26 CET 2026
#@# WM/GM Contrast rh Wed Mar 11 10:50:37 CET 2026
recon-all -s sub-v2s15x29739_ses-1 finished without error at Wed Mar 11 10:50:41 CET 2026



#New# invocation of recon-all 



status file for recon-all
Wed Mar 11 11:00:05 CET 2026
#@# white curv rh Wed Mar 11 11:00:05 CET 2026
#@# white area rh Wed Mar 11 11:00:05 CET 2026
#@# pial curv rh Wed Mar 11 11:00:05 CET 2026
#@# pial area rh Wed Mar 11 11:00:05 CET 2026
#@# thickness rh Wed Mar 11 11:00:05 CET 2026
#@# area and vertex vol rh Wed Mar 11 11:00:05 CET 2026
#@# Parcellation Stats rh Wed Mar 11 11:00:05 CET 2026
#@# Parcellation Stats 2 rh Wed Mar 11 11:00:24 CET 2026
#@# Parcellation Stats 3 rh Wed Mar 11 11:00:33 CET 2026
#@# BA_exvivo Labels rh Wed Mar 11 11:00:42 CET 2026
recon-all -s sub-v2s15x29739_ses-1 finished without error at Wed Mar 11 11:03:31 CET 2026
