status file for recon-all
Wed Mar 11 08:39:07 CET 2026
#@# MotionCor Wed Mar 11 08:39:09 CET 2026
#@# Talairach Wed Mar 11 08:39:16 CET 2026
#@# Talairach Failure Detection Wed Mar 11 08:43:46 CET 2026
#@# Nu Intensity Correction Wed Mar 11 08:43:46 CET 2026
#@# Intensity Normalization Wed Mar 11 08:47:00 CET 2026
recon-all -s sub-v2s15x29744_ses-1 finished without error at Wed Mar 11 08:48:22 CET 2026



#New# invocation of recon-all 



status file for recon-all
Wed Mar 11 08:55:14 CET 2026
#@# EM Registration Wed Mar 11 08:55:14 CET 2026
recon-all -s sub-v2s15x29744_ses-1 finished without error at Wed Mar 11 08:57:11 CET 2026



#New# invocation of recon-all 



status file for recon-all
Wed Mar 11 08:57:14 CET 2026
#@# CA Normalize Wed Mar 11 08:57:14 CET 2026
#@# CA Reg Wed Mar 11 08:58:32 CET 2026
#@# SubCort Seg Wed Mar 11 09:47:07 CET 2026
#@# CC Seg Wed Mar 11 10:14:02 CET 2026
#@# Merge ASeg Wed Mar 11 10:14:48 CET 2026
#@# Intensity Normalization2 Wed Mar 11 10:14:48 CET 2026
#@# Mask BFS Wed Mar 11 10:16:55 CET 2026
#@# WM Segmentation Wed Mar 11 10:16:56 CET 2026
#@# Fill Wed Mar 11 10:18:46 CET 2026
recon-all -s sub-v2s15x29744_ses-1 finished without error at Wed Mar 11 10:19:49 CET 2026



#New# invocation of recon-all 



status file for recon-all
Wed Mar 11 10:56:48 CET 2026
#@# white curv lh Wed Mar 11 10:56:48 CET 2026
#@# white area lh Wed Mar 11 10:56:48 CET 2026
#@# pial curv lh Wed Mar 11 10:56:48 CET 2026
#@# pial area lh Wed Mar 11 10:56:48 CET 2026
#@# thickness lh Wed Mar 11 10:56:48 CET 2026
#@# area and vertex vol lh Wed Mar 11 10:56:48 CET 2026
#@# white curv rh Wed Mar 11 10:56:48 CET 2026
#@# white area rh Wed Mar 11 10:56:48 CET 2026
#@# pial curv rh Wed Mar 11 10:56:48 CET 2026
#@# pial area rh Wed Mar 11 10:56:48 CET 2026
#@# thickness rh Wed Mar 11 10:56:48 CET 2026
#@# area and vertex vol rh Wed Mar 11 10:56:48 CET 2026
#@# Cortical ribbon mask Wed Mar 11 10:56:48 CET 2026
recon-all -s sub-v2s15x29744_ses-1 finished without error at Wed Mar 11 11:01:17 CET 2026



#New# invocation of recon-all 



status file for recon-all
Wed Mar 11 11:06:44 CET 2026
#@# white curv lh Wed Mar 11 11:06:44 CET 2026
#@# white area lh Wed Mar 11 11:06:44 CET 2026
#@# pial curv lh Wed Mar 11 11:06:44 CET 2026
#@# pial area lh Wed Mar 11 11:06:44 CET 2026
#@# thickness lh Wed Mar 11 11:06:44 CET 2026
#@# area and vertex vol lh Wed Mar 11 11:06:44 CET 2026
#@# white curv rh Wed Mar 11 11:06:44 CET 2026
#@# white area rh Wed Mar 11 11:06:44 CET 2026
#@# pial curv rh Wed Mar 11 11:06:44 CET 2026
#@# pial area rh Wed Mar 11 11:06:44 CET 2026
#@# thickness rh Wed Mar 11 11:06:44 CET 2026
#@# area and vertex vol rh Wed Mar 11 11:06:44 CET 2026
#@# Curvature Stats lh Wed Mar 11 11:06:44 CET 2026
#@# Curvature Stats rh Wed Mar 11 11:06:46 CET 2026
#@# Relabel Hypointensities Wed Mar 11 11:06:48 CET 2026
#@# APas-to-ASeg Wed Mar 11 11:07:03 CET 2026
#@# AParc-to-ASeg aparc Wed Mar 11 11:07:10 CET 2026
#@# AParc-to-ASeg aparc.a2009s Wed Mar 11 11:07:45 CET 2026
#@# AParc-to-ASeg aparc.DKTatlas Wed Mar 11 11:08:20 CET 2026
#@# WMParc Wed Mar 11 11:08:55 CET 2026
#@# ASeg Stats Wed Mar 11 11:12:44 CET 2026
recon-all -s sub-v2s15x29744_ses-1 finished without error at Wed Mar 11 11:13:17 CET 2026
