status file for recon-all
Wed Mar 11 10:38:44 CET 2026
#@# Tessellate rh Wed Mar 11 10:38:44 CET 2026
#@# Smooth1 rh Wed Mar 11 10:38:47 CET 2026
#@# Inflation1 rh Wed Mar 11 10:38:49 CET 2026
#@# QSphere rh Wed Mar 11 10:38:58 CET 2026
#@# Fix Topology rh Wed Mar 11 10:39:42 CET 2026
#@# Smooth2 rh Wed Mar 11 10:44:05 CET 2026
#@# Inflation2 rh Wed Mar 11 10:44:07 CET 2026
#@# Curv .H and .K rh Wed Mar 11 10:44:16 CET 2026
#@# Sphere rh Wed Mar 11 10:44:56 CET 2026
#@# Surf Reg rh Wed Mar 11 10:47:42 CET 2026
#@# Jacobian white rh Wed Mar 11 10:50:31 CET 2026
#@# AvgCurv rh Wed Mar 11 10:50:32 CET 2026
#@# Cortical Parc rh Wed Mar 11 10:50:33 CET 2026
#@# white curv rh Wed Mar 11 10:55:51 CET 2026
#@# white area rh Wed Mar 11 10:55:52 CET 2026
#@# pial curv rh Wed Mar 11 10:55:52 CET 2026
#@# pial area rh Wed Mar 11 10:55:54 CET 2026
#@# thickness rh Wed Mar 11 10:55:54 CET 2026
#@# area and vertex vol rh Wed Mar 11 10:56:19 CET 2026
#@# Curvature Stats rh Wed Mar 11 10:56:21 CET 2026
#@# Cortical Parc 2 rh Wed Mar 11 10:56:22 CET 2026
#@# Cortical Parc 3 rh Wed Mar 11 10:56:34 CET 2026
#@# WM/GM Contrast rh Wed Mar 11 10:56:42 CET 2026
recon-all -s sub-v2s15x29744_ses-1 finished without error at Wed Mar 11 10:56:44 CET 2026



#New# invocation of recon-all 



status file for recon-all
Wed Mar 11 11:04:06 CET 2026
#@# white curv rh Wed Mar 11 11:04:06 CET 2026
#@# white area rh Wed Mar 11 11:04:06 CET 2026
#@# pial curv rh Wed Mar 11 11:04:06 CET 2026
#@# pial area rh Wed Mar 11 11:04:06 CET 2026
#@# thickness rh Wed Mar 11 11:04:06 CET 2026
#@# area and vertex vol rh Wed Mar 11 11:04:06 CET 2026
#@# Parcellation Stats rh Wed Mar 11 11:04:06 CET 2026
#@# Parcellation Stats 2 rh Wed Mar 11 11:04:20 CET 2026
#@# Parcellation Stats 3 rh Wed Mar 11 11:04:27 CET 2026
#@# BA_exvivo Labels rh Wed Mar 11 11:04:34 CET 2026
recon-all -s sub-v2s15x29744_ses-1 finished without error at Wed Mar 11 11:06:40 CET 2026
