status file for recon-all
Wed Mar 11 10:19:54 CET 2026
#@# Tessellate lh Wed Mar 11 10:19:54 CET 2026
#@# Smooth1 lh Wed Mar 11 10:19:57 CET 2026
#@# Inflation1 lh Wed Mar 11 10:19:59 CET 2026
#@# QSphere lh Wed Mar 11 10:20:08 CET 2026
#@# Fix Topology lh Wed Mar 11 10:20:56 CET 2026
#@# Smooth2 lh Wed Mar 11 10:25:58 CET 2026
#@# Inflation2 lh Wed Mar 11 10:26:00 CET 2026
#@# Curv .H and .K lh Wed Mar 11 10:26:10 CET 2026
#@# Sphere lh Wed Mar 11 10:26:51 CET 2026
#@# Surf Reg lh Wed Mar 11 10:29:40 CET 2026
#@# Jacobian white lh Wed Mar 11 10:32:26 CET 2026
#@# AvgCurv lh Wed Mar 11 10:32:27 CET 2026
#@# Cortical Parc lh Wed Mar 11 10:32:27 CET 2026
#@# white curv lh Wed Mar 11 10:37:47 CET 2026
#@# white area lh Wed Mar 11 10:37:48 CET 2026
#@# pial curv lh Wed Mar 11 10:37:49 CET 2026
#@# pial area lh Wed Mar 11 10:37:50 CET 2026
#@# thickness lh Wed Mar 11 10:37:51 CET 2026
#@# area and vertex vol lh Wed Mar 11 10:38:17 CET 2026
#@# Curvature Stats lh Wed Mar 11 10:38:18 CET 2026
#@# Cortical Parc 2 lh Wed Mar 11 10:38:20 CET 2026
#@# Cortical Parc 3 lh Wed Mar 11 10:38:31 CET 2026
#@# WM/GM Contrast lh Wed Mar 11 10:38:40 CET 2026
recon-all -s sub-v2s15x29744_ses-1 finished without error at Wed Mar 11 10:38:42 CET 2026



#New# invocation of recon-all 



status file for recon-all
Wed Mar 11 11:01:22 CET 2026
#@# white curv lh Wed Mar 11 11:01:22 CET 2026
#@# white area lh Wed Mar 11 11:01:22 CET 2026
#@# pial curv lh Wed Mar 11 11:01:22 CET 2026
#@# pial area lh Wed Mar 11 11:01:22 CET 2026
#@# thickness lh Wed Mar 11 11:01:22 CET 2026
#@# area and vertex vol lh Wed Mar 11 11:01:22 CET 2026
#@# Parcellation Stats lh Wed Mar 11 11:01:22 CET 2026
#@# Parcellation Stats 2 lh Wed Mar 11 11:01:37 CET 2026
#@# Parcellation Stats 3 lh Wed Mar 11 11:01:45 CET 2026
#@# BA_exvivo Labels lh Wed Mar 11 11:01:52 CET 2026
recon-all -s sub-v2s15x29744_ses-1 finished without error at Wed Mar 11 11:04:03 CET 2026
