/out/sourcedata/freesurfer/sub-v2s15x29733_ses-1/mri
/opt/freesurfer/bin/talairach_avi
--i orig_nu.mgz --xfm transforms/talairach.auto.xfm
talairach_avi 7.3.2
Linux dna013 5.14.0-427.37.1.el9_4.x86_64 #1 SMP PREEMPT_DYNAMIC Fri Sep 13 12:41:50 EDT 2024 x86_64 x86_64 x86_64 GNU/Linux
Wed Mar 11 07:48:38 CET 2026
mri_convert orig_nu.mgz talsrcimg.img 
reading from orig_nu.mgz...
TR=0.00, TE=0.00, TI=0.00, flip angle=0.00
i_ras = (-1, 0, 0)
j_ras = (0, 0, -1)
k_ras = (0, 1, 0)
writing to talsrcimg.img...
Analyze Output Matrix
-1.00000   0.00000   0.00000   124.07160;
 0.00000   0.00000   1.00000  -118.92541;
 0.00000  -1.00000   0.00000   158.49435;
 0.00000   0.00000   0.00000   1.00000;
--------------------
INFO: set hdr.hist.orient to -1
mpr2mni305 talsrcimg
Wed Mar 11 07:48:38 CET 2026
/opt/freesurfer/bin/mpr2mni305 talsrcimg
mpr2mni305 7.3.2
target=711-2C_as_mni_average_305

---------------------------------------------------------------------
analyzeto4dfp talsrcimg -O0 -y
---------------------------------------------------------------------

freesurfer ifh2hdr.c
Wed Mar 11 07:48:39 2026
Writing: talsrcimg.4dfp.hdr
freesurfer analyzeto4dfp.c
Reading: talsrcimg.hdr
header size 348 bytes
hdr.dime.datatype	offset=70	value=2
hdr.dime.bitpix		offset=72	value=8
hdr.hist.orient		offset=252	value=-1
dimensionality     4
dimensions       256       256       256         1
Reading: talsrcimg.img
Writing: talsrcimg.4dfp.img
Writing: talsrcimg.4dfp.ifh
ifh2hdr talsrcimg -r0to237
ori=2

---------------------------------------------------------------------
gauss_4dfp talsrcimg 1.1
---------------------------------------------------------------------

freesurfer gauss_4dfp.c
Reading: talsrcimg.4dfp.img
Writing: talsrcimg_g11.4dfp.img
image dimensions 256 256 256 padded to 288 288 288
processing volume 1freesurfer ifh2hdr.c
Wed Mar 11 07:48:40 2026
Writing: talsrcimg_g11.4dfp.hdr

Writing: talsrcimg_g11.4dfp.ifh
including: talsrcimg.4dfp.img.rec in talsrcimg_g11.4dfp.img.rec

---------------------------------------------------------------------
imgreg_4dfp /opt/freesurfer/average/711-2C_as_mni_average_305 none talsrcimg_g11 none talsrcimg_to_711-2C_as_mni_average_305_t4 4355
---------------------------------------------------------------------

freesurfer imgreg_4dfp.c
/opt/freesurfer/average/711-2C_as_mni_average_305.4dfp.img
       256       256       256         1
  1.000000  1.000000  1.000000
orientation T byte_order littleendian
Reading image: /opt/freesurfer/average/711-2C_as_mni_average_305.4dfp.img
dimensions:      256       256       256
mmppix:       1.0000   -1.0000   -1.0000
center:     128.0000 -129.0000 -129.0000
talsrcimg_g11.4dfp.img
       256       256       256         1
  1.000000  1.000000  1.000000
orientation T byte_order littleendian
Reading image: talsrcimg_g11.4dfp.img
dimensions:      256       256       256
mmppix:       1.0000   -1.0000   -1.0000
center:     128.0000 -129.0000 -129.0000
t4_read: open error in t4_sub.f l:  41 t4_file(1:l)talsrcimg_to_711-2C_as_mni_average_305_t4 
t4_read: transform initialized to I4
rotation matrix determinant  1.000000
image alignment mode   4355 decimal     1103 hex
   -7.5000  -45.0000  -45.0000 8079.7329   16.2866
    0.0000  -45.0000  -45.0000 8441.6221   16.2790
    7.5000  -45.0000  -45.0000 8101.8252   16.2958
   -7.5000  -37.5000  -45.0000 8687.4727   16.2198
    0.0000  -37.5000  -45.0000 9101.0078   16.2198
    7.5000  -37.5000  -45.0000 8720.9424   16.2441
   -7.5000  -30.0000  -45.0000 9559.4385   16.2159
    0.0000  -30.0000  -45.000010029.7314   16.2152
    7.5000  -30.0000  -45.0000 9610.5283   16.2427
   -7.5000  -22.5000  -45.000010374.3936   16.2347
    0.0000  -22.5000  -45.000010909.0664   16.2257
    7.5000  -22.5000  -45.000010414.9297   16.2484
   -7.5000  -15.0000  -45.000011096.7295   16.2496
    0.0000  -15.0000  -45.000011681.6709   16.2342
    7.5000  -15.0000  -45.000011125.9023   16.2491
   -7.5000   -7.5000  -45.000011777.2061   16.2435
    0.0000   -7.5000  -45.000012376.5947   16.2290
    7.5000   -7.5000  -45.000011774.8457   16.2409
   -7.5000    0.0000  -45.000012377.9482   16.2258
    0.0000    0.0000  -45.000012984.2588   16.2184
    7.5000    0.0000  -45.000012321.5342   16.2347
   -7.5000    7.5000  -45.000012139.3516   16.2131
    0.0000    7.5000  -45.000012740.6055   16.2132
    7.5000    7.5000  -45.000012081.0645   16.2372
   -7.5000   15.0000  -45.000011791.5527   16.2159
    0.0000   15.0000  -45.000012386.4023   16.2152
    7.5000   15.0000  -45.000011733.0889   16.2427
   -7.5000   22.5000  -45.000011071.2910   16.2325
    0.0000   22.5000  -45.000011640.7988   16.2235
    7.5000   22.5000  -45.000011035.5098   16.2462
   -7.5000   30.0000  -45.000010125.7080   16.0331
    0.0000   30.0000  -45.000010665.3857   16.0179
    7.5000   30.0000  -45.000010116.2637   16.0326
   -7.5000   37.5000  -45.0000 9612.4600   16.0271
    0.0000   37.5000  -45.000010128.3965   16.0127
    7.5000   37.5000  -45.0000 9602.6650   16.0244
   -7.5000   45.0000  -45.0000 8778.3154   15.6031
    0.0000   45.0000  -45.0000 9221.3047   15.5960
    7.5000   45.0000  -45.0000 8745.4082   15.6116
   -7.5000  -45.0000  -37.5000 8627.6367   16.1376
    0.0000  -45.0000  -37.5000 9040.5586   16.1291
    7.5000  -45.0000  -37.5000 8636.3525   16.1553
   -7.5000  -37.5000  -37.5000 9254.6289   16.0726
    0.0000  -37.5000  -37.5000 9718.1748   16.0691
    7.5000  -37.5000  -37.5000 9279.0605   16.1028
   -7.5000  -30.0000  -37.500010170.9707   16.0619
    0.0000  -30.0000  -37.500010667.9424   16.0591
    7.5000  -30.0000  -37.500010184.0566   16.0957
   -7.5000  -22.5000  -37.500011038.4658   16.0712
    0.0000  -22.5000  -37.500011568.5469   16.0650
    7.5000  -22.5000  -37.500011035.9385   16.0958
   -7.5000  -15.0000  -37.500011831.0576   16.0846
    0.0000  -15.0000  -37.500012431.4277   16.0741
    7.5000  -15.0000  -37.500011806.9248   16.0964
   -7.5000   -7.5000  -37.500012543.0732   16.0866
    0.0000   -7.5000  -37.500013167.0869   16.0751
    7.5000   -7.5000  -37.500012480.6309   16.0951
   -7.5000    0.0000  -37.500013146.5742   16.0776
    0.0000    0.0000  -37.500013786.2480   16.0695
    7.5000    0.0000  -37.500013041.7715   16.0951
   -7.5000    7.5000  -37.500012855.4404   16.0662
    0.0000    7.5000  -37.500013490.8633   16.0628
    7.5000    7.5000  -37.500012745.6094   16.0962
   -7.5000   15.0000  -37.500012441.9082   16.0619
    0.0000   15.0000  -37.500013069.3086   16.0591
    7.5000   15.0000  -37.500012342.0479   16.0957
   -7.5000   22.5000  -37.500011626.0791   16.0690
    0.0000   22.5000  -37.500012222.8389   16.0628
    7.5000   22.5000  -37.500011575.3887   16.0936
   -7.5000   30.0000  -37.500010620.5732   15.8703
    0.0000   30.0000  -37.500011172.3496   15.8599
    7.5000   30.0000  -37.500010607.3447   15.8819
   -7.5000   37.5000  -37.500010090.1387   15.8722
    0.0000   37.5000  -37.500010622.3867   15.8608
    7.5000   37.5000  -37.500010051.1699   15.8806
   -7.5000   45.0000  -37.5000 9188.1582   15.4606
    0.0000   45.0000  -37.5000 9659.7217   15.4527
    7.5000   45.0000  -37.5000 9135.3838   15.4773
   -7.5000  -45.0000  -30.0000 9303.3408   16.7692
    0.0000  -45.0000  -30.0000 9763.9385   16.7607
    7.5000  -45.0000  -30.0000 9305.6602   16.7889
   -7.5000  -37.5000  -30.0000 9968.2529   16.7055
    0.0000  -37.5000  -30.000010457.7627   16.6952
    7.5000  -37.5000  -30.0000 9976.7793   16.7285
   -7.5000  -30.0000  -30.000010934.2773   16.6949
    0.0000  -30.0000  -30.000011470.2842   16.6831
    7.5000  -30.0000  -30.000010945.8213   16.7164
   -7.5000  -22.5000  -30.000011876.3369   16.7010
    0.0000  -22.5000  -30.000012442.3896   16.6909
    7.5000  -22.5000  -30.000011852.6182   16.7175
   -7.5000  -15.0000  -30.000012753.6270   16.7110
    0.0000  -15.0000  -30.000013381.2080   16.7029
    7.5000  -15.0000  -30.000012692.9590   16.7230
   -7.5000   -7.5000  -30.000013511.4580   16.7127
    0.0000   -7.5000  -30.000014176.0068   16.7051
    7.5000   -7.5000  -30.000013402.4453   16.7263
   -7.5000    0.0000  -30.000014122.8223   16.7067
    0.0000    0.0000  -30.000014811.8408   16.6985
    7.5000    0.0000  -30.000013998.1445   16.7261
   -7.5000    7.5000  -30.000013764.6309   16.6989
    0.0000    7.5000  -30.000014438.3574   16.6885
    7.5000    7.5000  -30.000013641.8096   16.7216
   -7.5000   15.0000  -30.000013271.3096   16.6949
    0.0000   15.0000  -30.000013932.2119   16.6831
    7.5000   15.0000  -30.000013162.1074   16.7164
   -7.5000   22.5000  -30.000012410.2744   16.6970
    0.0000   22.5000  -30.000013033.1484   16.6868
    7.5000   22.5000  -30.000012312.4990   16.7135
   -7.5000   30.0000  -30.000011342.8672   16.4898
    0.0000   30.0000  -30.000011943.4658   16.4819
    7.5000   30.0000  -30.000011299.9346   16.5017
   -7.5000   37.5000  -30.000010739.2500   16.4916
    0.0000   37.5000  -30.000011311.6387   16.4840
    7.5000   37.5000  -30.000010677.9766   16.5049
   -7.5000   45.0000  -30.0000 9736.7832   16.0773
    0.0000   45.0000  -30.000010256.6016   16.0694
    7.5000   45.0000  -30.0000 9644.0908   16.0959
   -7.5000  -45.0000  -22.5000 9983.4551   17.3403
    0.0000  -45.0000  -22.500010480.2188   17.3315
    7.5000  -45.0000  -22.5000 9983.3125   17.3500
   -7.5000  -37.5000  -22.500010708.6973   17.2769
    0.0000  -37.5000  -22.500011233.5127   17.2622
    7.5000  -37.5000  -22.500010711.7803   17.2824
   -7.5000  -30.0000  -22.500011753.1787   17.2737
    0.0000  -30.0000  -22.500012326.3838   17.2531
    7.5000  -30.0000  -22.500011745.9824   17.2707
   -7.5000  -22.5000  -22.500012735.9570   17.2866
    0.0000  -22.5000  -22.500013355.8037   17.2675
    7.5000  -22.5000  -22.500012701.3438   17.2792
   -7.5000  -15.0000  -22.500013698.1660   17.2948
    0.0000  -15.0000  -22.500014370.3711   17.2823
    7.5000  -15.0000  -22.500013596.7354   17.2907
   -7.5000   -7.5000  -22.500014473.7939   17.2878
    0.0000   -7.5000  -22.500015183.5527   17.2799
    7.5000   -7.5000  -22.500014314.9395   17.2922
   -7.5000    0.0000  -22.500015157.6455   17.2756
    0.0000    0.0000  -22.500015876.1250   17.2672
    7.5000    0.0000  -22.500014967.2900   17.2851
   -7.5000    7.5000  -22.500014754.8877   17.2697
    0.0000    7.5000  -22.500015470.2041   17.2550
    7.5000    7.5000  -22.500014589.0918   17.2750
   -7.5000   15.0000  -22.500014219.2266   17.2737
    0.0000   15.0000  -22.500014914.3877   17.2531
    7.5000   15.0000  -22.500014062.5254   17.2707
   -7.5000   22.5000  -22.500013254.1084   17.2813
    0.0000   22.5000  -22.500013932.1006   17.2622
    7.5000   22.5000  -22.500013125.7832   17.2739
   -7.5000   30.0000  -22.500012103.6416   17.0686
    0.0000   30.0000  -22.500012737.6865   17.0562
    7.5000   30.0000  -22.500012018.6357   17.0645
   -7.5000   37.5000  -22.500011433.1260   17.0617
    0.0000   37.5000  -22.500012032.2158   17.0539
    7.5000   37.5000  -22.500011329.2627   17.0660
   -7.5000   45.0000  -22.500010328.2568   16.6372
    0.0000   45.0000  -22.500010861.7803   16.6291
    7.5000   45.0000  -22.500010200.6963   16.6464
   -7.5000  -45.0000  -15.000010700.7285   17.7591
    0.0000  -45.0000  -15.000011212.0439   17.7501
    7.5000  -45.0000  -15.000010681.3926   17.7571
   -7.5000  -37.5000  -15.000011467.4229   17.6937
    0.0000  -37.5000  -15.000012023.3145   17.6813
    7.5000  -37.5000  -15.000011434.5459   17.6892
   -7.5000  -30.0000  -15.000012626.9121   17.6977
    0.0000  -30.0000  -15.000013233.7900   17.6771
    7.5000  -30.0000  -15.000012588.0713   17.6829
   -7.5000  -22.5000  -15.000013664.9795   17.7200
    0.0000  -22.5000  -15.000014328.9229   17.6960
    7.5000  -22.5000  -15.000013593.6084   17.6976
   -7.5000  -15.0000  -15.000014653.9033   17.7295
    0.0000  -15.0000  -15.000015374.6924   17.7102
    7.5000  -15.0000  -15.000014492.9199   17.7099
   -7.5000   -7.5000  -15.000015416.3369   17.7140
    0.0000   -7.5000  -15.000016191.6367   17.7019
    7.5000   -7.5000  -15.000015226.2490   17.7048
   -7.5000    0.0000  -15.000016178.1318   17.6930
    0.0000    0.0000  -15.000016966.7227   17.6844
    7.5000    0.0000  -15.000015975.6055   17.6909
   -7.5000    7.5000  -15.000015756.8555   17.6861
    0.0000    7.5000  -15.000016518.8496   17.6736
    7.5000    7.5000  -15.000015565.1582   17.6813
   -7.5000   15.0000  -15.000015169.1875   17.6977
    0.0000   15.0000  -15.000015910.5352   17.6771
    7.5000   15.0000  -15.000014973.2070   17.6829
   -7.5000   22.5000  -15.000014127.5137   17.7138
    0.0000   22.5000  -15.000014857.6396   17.6898
    7.5000   22.5000  -15.000013958.4688   17.6913
   -7.5000   30.0000  -15.000012928.0947   17.5000
    0.0000   30.0000  -15.000013587.5723   17.4810
    7.5000   30.0000  -15.000012768.4795   17.4807
   -7.5000   37.5000  -15.000012164.7334   17.4848
    0.0000   37.5000  -15.000012801.0596   17.4728
    7.5000   37.5000  -15.000012021.3125   17.4757
   -7.5000   45.0000  -15.000010934.3711   17.0495
    0.0000   45.0000  -15.000011482.3115   17.0412
    7.5000   45.0000  -15.000010782.8203   17.0475
   -7.5000  -45.0000   -7.500011440.8164   17.9719
    0.0000  -45.0000   -7.500011972.1582   17.9631
    7.5000  -45.0000   -7.500011389.1963   17.9703
   -7.5000  -37.5000   -7.500012248.7012   17.9027
    0.0000  -37.5000   -7.500012809.3359   17.8972
    7.5000  -37.5000   -7.500012179.7588   17.9088
   -7.5000  -30.0000   -7.500013534.3281   17.9062
    0.0000  -30.0000   -7.500014156.8145   17.8952
    7.5000  -30.0000   -7.500013466.2607   17.9078
   -7.5000  -22.5000   -7.500014707.2646   17.9318
    0.0000  -22.5000   -7.500015411.0439   17.9125
    7.5000  -22.5000   -7.500014589.7383   17.9209
   -7.5000  -15.0000   -7.500015690.1836   17.9447
    0.0000  -15.0000   -7.500016467.6934   17.9235
    7.5000  -15.0000   -7.500015479.0098   17.9273
   -7.5000   -7.5000   -7.500016419.8965   17.9295
    0.0000   -7.5000   -7.500017200.1289   17.9135
    7.5000   -7.5000   -7.500016233.3857   17.9169
   -7.5000    0.0000   -7.500017209.9570   17.9054
    0.0000    0.0000   -7.500018017.1484   17.8969
    7.5000    0.0000   -7.500017046.0137   17.9036
   -7.5000    7.5000   -7.500016815.7559   17.8951
    0.0000    7.5000   -7.500017587.7539   17.8896
    7.5000    7.5000   -7.500016631.5234   17.9009
   -7.5000   15.0000   -7.500016154.5381   17.9062
    0.0000   15.0000   -7.500016912.5801   17.8952
    7.5000   15.0000   -7.500015957.9629   17.9078
   -7.5000   22.5000   -7.500015001.0850   17.9235
    0.0000   22.5000   -7.500015770.1572   17.9042
    7.5000   22.5000   -7.500014823.2725   17.9126
   -7.5000   30.0000   -7.500013728.7705   17.7120
    0.0000   30.0000   -7.500014451.5371   17.6911
    7.5000   30.0000   -7.500013569.6367   17.6948
   -7.5000   37.5000   -7.500012948.8408   17.6970
    0.0000   37.5000   -7.500013632.7002   17.6812
    7.5000   37.5000   -7.500012792.7109   17.6845
   -7.5000   45.0000   -7.500011642.2334   17.2575
    0.0000   45.0000   -7.500012230.5820   17.2493
    7.5000   45.0000   -7.500011463.4570   17.2557
   -7.5000  -45.0000    0.000012054.4102   18.0121
    0.0000  -45.0000    0.000012586.1436   18.0030
    7.5000  -45.0000    0.000012003.1416   18.0213
   -7.5000  -37.5000    0.000012859.8438   17.9387
    0.0000  -37.5000    0.000013420.5322   17.9379
    7.5000  -37.5000    0.000012810.9424   17.9645
   -7.5000  -30.0000    0.000014290.7549   17.9347
    0.0000  -30.0000    0.000014892.7314   17.9329
    7.5000  -30.0000    0.000014169.5869   17.9632
   -7.5000  -22.5000    0.000015771.2773   17.9557
    0.0000  -22.5000    0.000016493.4043   17.9449
    7.5000  -22.5000    0.000015502.9961   17.9699
   -7.5000  -15.0000    0.000016809.5996   17.9724
    0.0000  -15.0000    0.000017544.6289   17.9546
    7.5000  -15.0000    0.000016497.3809   17.9710
   -7.5000   -7.5000    0.000017415.9004   17.9656
    0.0000   -7.5000    0.000018083.6855   17.9488
    7.5000   -7.5000    0.000017204.6562   17.9618
   -7.5000    0.0000    0.000018176.1621   17.9456
    0.0000    0.0000    0.000018940.1426   17.9368
    7.5000    0.0000    0.000018071.5586   17.9545
   -7.5000    7.5000    0.000017757.1152   17.9314
    0.0000    7.5000    0.000018579.6934   17.9306
    7.5000    7.5000    0.000017650.7734   17.9569
   -7.5000   15.0000    0.000017049.0312   17.9347
    0.0000   15.0000    0.000017876.8457   17.9329
    7.5000   15.0000    0.000016900.3945   17.9632
   -7.5000   22.5000    0.000015812.4502   17.9474
    0.0000   22.5000    0.000016648.8105   17.9367
    7.5000   22.5000    0.000015691.0781   17.9616
   -7.5000   30.0000    0.000014544.8457   17.7398
    0.0000   30.0000    0.000015305.9189   17.7223
    7.5000   30.0000    0.000014377.3340   17.7384
   -7.5000   37.5000    0.000013716.7998   17.7331
    0.0000   37.5000    0.000014436.1582   17.7165
    7.5000   37.5000    0.000013533.0547   17.7293
   -7.5000   45.0000    0.000012298.1104   17.2975
    0.0000   45.0000    0.000012926.6777   17.2890
    7.5000   45.0000    0.000012102.4346   17.3061
   -7.5000  -45.0000    7.500011629.2021   18.0117
    0.0000  -45.0000    7.500012190.2393   18.0022
    7.5000  -45.0000    7.500011608.0059   18.0316
   -7.5000  -37.5000    7.500012455.1221   17.9387
    0.0000  -37.5000    7.500013034.8916   17.9347
    7.5000  -37.5000    7.500012420.3818   17.9726
   -7.5000  -30.0000    7.500013859.5967   17.9270
    0.0000  -30.0000    7.500014550.5723   17.9238
    7.5000  -30.0000    7.500013739.2725   17.9647
   -7.5000  -22.5000    7.500015325.8223   17.9382
    0.0000  -22.5000    7.500016151.2725   17.9312
    7.5000  -22.5000    7.500015090.1699   17.9658
   -7.5000  -15.0000    7.500016431.3164   17.9539
    0.0000  -15.0000    7.500017175.1992   17.9421
    7.5000  -15.0000    7.500016201.0361   17.9671
   -7.5000   -7.5000    7.500017069.6602   17.9558
    0.0000   -7.5000    7.500017729.2969   17.9428
    7.5000   -7.5000    7.500016980.1445   17.9654
   -7.5000    0.0000    7.500017848.2910   17.9450
    0.0000    0.0000    7.500018574.6250   17.9358
    7.5000    0.0000    7.500017795.0488   17.9645
   -7.5000    7.5000    7.500017398.4473   17.9316
    0.0000    7.5000    7.500018227.9883   17.9276
    7.5000    7.5000    7.500017354.6992   17.9652
   -7.5000   15.0000    7.500016619.7500   17.9270
    0.0000   15.0000    7.500017466.3926   17.9238
    7.5000   15.0000    7.500016548.8184   17.9647
   -7.5000   22.5000    7.500015376.0264   17.9299
    0.0000   22.5000    7.500016198.9160   17.9229
    7.5000   22.5000    7.500015257.6221   17.9575
   -7.5000   30.0000    7.500014148.1816   17.7215
    0.0000   30.0000    7.500014917.7949   17.7099
    7.5000   30.0000    7.500013975.7930   17.7346
   -7.5000   37.5000    7.500013349.3535   17.7235
    0.0000   37.5000    7.500014081.4658   17.7106
    7.5000   37.5000    7.500013165.5830   17.7329
   -7.5000   45.0000    7.500011931.5752   17.2969
    0.0000   45.0000    7.500012562.0889   17.2880
    7.5000   45.0000    7.500011751.7627   17.3157
   -7.5000  -45.0000   15.000011061.1045   18.0200
    0.0000  -45.0000   15.000011626.6729   18.0108
    7.5000  -45.0000   15.000011092.2578   18.0413
   -7.5000  -37.5000   15.000011841.0713   17.9514
    0.0000  -37.5000   15.000012464.1611   17.9403
    7.5000  -37.5000   15.000011859.5898   17.9763
   -7.5000  -30.0000   15.000013089.2969   17.9399
    0.0000  -30.0000   15.000013850.4395   17.9272
    7.5000  -30.0000   15.000013083.0439   17.9631
   -7.5000  -22.5000   15.000014293.7451   17.9464
    0.0000  -22.5000   15.000015219.2314   17.9355
    7.5000  -22.5000   15.000014258.9717   17.9643
   -7.5000  -15.0000   15.000015353.9590   17.9572
    0.0000  -15.0000   15.000016284.2158   17.9486
    7.5000  -15.0000   15.000015302.2979   17.9703
   -7.5000   -7.5000   15.000016204.4238   17.9593
    0.0000   -7.5000   15.000017081.5430   17.9510
    7.5000   -7.5000   15.000016144.3242   17.9739
   -7.5000    0.0000   15.000017025.0645   17.9528
    0.0000    0.0000   15.000017915.0664   17.9440
    7.5000    0.0000   15.000016953.2246   17.9737
   -7.5000    7.5000   15.000016573.5742   17.9443
    0.0000    7.5000   15.000017420.7598   17.9331
    7.5000    7.5000   15.000016510.1758   17.9688
   -7.5000   15.0000   15.000015782.0156   17.9399
    0.0000   15.0000   15.000016568.4863   17.9272
    7.5000   15.0000   15.000015705.0410   17.9631
   -7.5000   22.5000   15.000014594.4814   17.9382
    0.0000   22.5000   15.000015303.9541   17.9273
    7.5000   22.5000   15.000014504.8408   17.9560
   -7.5000   30.0000   15.000013486.3574   17.7248
    0.0000   30.0000   15.000014119.3037   17.7163
    7.5000   30.0000   15.000013353.5869   17.7378
   -7.5000   37.5000   15.000012739.7676   17.7268
    0.0000   37.5000   15.000013356.0732   17.7187
    7.5000   37.5000   15.000012607.4922   17.7413
   -7.5000   45.0000   15.000011405.5771   17.3044
    0.0000   45.0000   15.000011924.1641   17.2959
    7.5000   45.0000   15.000011247.8408   17.3246
   -7.5000  -45.0000   22.500010417.5000   18.1049
    0.0000  -45.0000   22.500011000.9375   18.0958
    7.5000  -45.0000   22.500010418.6025   18.1150
   -7.5000  -37.5000   22.500011166.6943   18.0387
    0.0000  -37.5000   22.500011773.1514   18.0234
    7.5000  -37.5000   22.500011162.2412   18.0445
   -7.5000  -30.0000   22.500012311.6465   18.0355
    0.0000  -30.0000   22.500012971.9141   18.0138
    7.5000  -30.0000   22.500012289.6670   18.0322
   -7.5000  -22.5000   22.500013401.4307   18.0487
    0.0000  -22.5000   22.500014119.8193   18.0287
    7.5000  -22.5000   22.500013376.9629   18.0408
   -7.5000  -15.0000   22.500014368.6221   18.0568
    0.0000  -15.0000   22.500015046.5889   18.0437
    7.5000  -15.0000   22.500014289.2949   18.0524
   -7.5000   -7.5000   22.500015250.4658   18.0494
    0.0000   -7.5000   22.500015904.5762   18.0412
    7.5000   -7.5000   22.500015113.0078   18.0540
   -7.5000    0.0000   22.500016039.7100   18.0370
    0.0000    0.0000   22.500016722.3965   18.0282
    7.5000    0.0000   22.500015896.8193   18.0469
   -7.5000    7.5000   22.500015582.7275   18.0312
    0.0000    7.5000   22.500016262.9199   18.0158
    7.5000    7.5000   22.500015466.2793   18.0366
   -7.5000   15.0000   22.500014789.1865   18.0355
    0.0000   15.0000   22.500015446.5654   18.0138
    7.5000   15.0000   22.500014688.1328   18.0322
   -7.5000   22.5000   22.500013668.6641   18.0404
    0.0000   22.5000   22.500014280.1074   18.0204
    7.5000   22.5000   22.500013566.4971   18.0325
   -7.5000   30.0000   22.500012650.4805   17.8231
    0.0000   30.0000   22.500013201.8213   17.8102
    7.5000   30.0000   22.500012515.9521   17.8188
   -7.5000   37.5000   22.500011962.8369   17.8159
    0.0000   37.5000   22.500012481.7764   17.8077
    7.5000   37.5000   22.500011829.4199   17.8204
   -7.5000   45.0000   22.500010727.5146   17.3855
    0.0000   45.0000   22.500011168.1172   17.3771
    7.5000   45.0000   22.500010579.1201   17.3951
   -7.5000  -45.0000   30.0000 9740.5693   18.2810
    0.0000  -45.0000   30.000010214.4219   18.2723
    7.5000  -45.0000   30.0000 9674.1357   18.2802
   -7.5000  -37.5000   30.000010415.4160   18.2131
    0.0000  -37.5000   30.000010891.0859   18.2007
    7.5000  -37.5000   30.000010341.9102   18.2094
   -7.5000  -30.0000   30.000011452.5635   18.2174
    0.0000  -30.0000   30.000011931.6211   18.1965
    7.5000  -30.0000   30.000011375.1133   18.2029
   -7.5000  -22.5000   30.000012429.9297   18.2406
    0.0000  -22.5000   30.000012930.1963   18.2161
    7.5000  -22.5000   30.000012363.5098   18.2181
   -7.5000  -15.0000   30.000013308.1377   18.2502
    0.0000  -15.0000   30.000013784.9521   18.2305
    7.5000  -15.0000   30.000013203.2090   18.2307
   -7.5000   -7.5000   30.000014088.8506   18.2337
    0.0000   -7.5000   30.000014631.2188   18.2217
    7.5000   -7.5000   30.000013949.7539   18.2254
   -7.5000    0.0000   30.000014852.4160   18.2119
    0.0000    0.0000   30.000015418.1670   18.2036
    7.5000    0.0000   30.000014698.8818   18.2110
   -7.5000    7.5000   30.000014481.0195   18.2051
    0.0000    7.5000   30.000015049.7705   18.1927
    7.5000    7.5000   30.000014324.5156   18.2011
   -7.5000   15.0000   30.000013704.2002   18.2174
    0.0000   15.0000   30.000014286.9824   18.1965
    7.5000   15.0000   30.000013580.3867   18.2029
   -7.5000   22.5000   30.000012690.7178   18.2322
    0.0000   22.5000   30.000013235.1016   18.2077
    7.5000   22.5000   30.000012544.8877   18.2097
   -7.5000   30.0000   30.000011729.6875   18.0140
    0.0000   30.0000   30.000012221.2725   17.9946
    7.5000   30.0000   30.000011574.3213   17.9947
   -7.5000   37.5000   30.000011067.0039   17.9978
    0.0000   37.5000   30.000011510.1973   17.9859
    7.5000   37.5000   30.000010925.5205   17.9895
   -7.5000   45.0000   30.0000 9940.3174   17.5542
    0.0000   45.0000   30.000010314.6807   17.5462
    7.5000   45.0000   30.0000 9787.3164   17.5533
   -7.5000  -45.0000   37.5000 9401.6299   18.6617
    0.0000  -45.0000   37.5000 9822.2461   18.6529
    7.5000  -45.0000   37.5000 9327.9912   18.6626
   -7.5000  -37.5000   37.500010028.6025   18.5883
    0.0000  -37.5000   37.500010448.3594   18.5833
    7.5000  -37.5000   37.5000 9942.6719   18.5973
   -7.5000  -30.0000   37.500011011.0850   18.5929
    0.0000  -30.0000   37.500011435.3730   18.5820
    7.5000  -30.0000   37.500010931.8770   18.5969
   -7.5000  -22.5000   37.500011937.4023   18.6204
    0.0000  -22.5000   37.500012377.0391   18.6002
    7.5000  -22.5000   37.500011855.7070   18.6106
   -7.5000  -15.0000   37.500012764.0254   18.6334
    0.0000  -15.0000   37.500013185.2812   18.6110
    7.5000  -15.0000   37.500012670.7148   18.6166
   -7.5000   -7.5000   37.500013519.4824   18.6162
    0.0000   -7.5000   37.500014005.9531   18.5994
    7.5000   -7.5000   37.500013400.7168   18.6048
   -7.5000    0.0000   37.500014248.0088   18.5902
    0.0000    0.0000   37.500014791.5518   18.5817
    7.5000    0.0000   37.500014124.2656   18.5908
   -7.5000    7.5000   37.500013926.3779   18.5801
    0.0000    7.5000   37.500014470.5195   18.5751
    7.5000    7.5000   37.500013799.6533   18.5888
   -7.5000   15.0000   37.500013198.8037   18.5929
    0.0000   15.0000   37.500013748.0762   18.5820
    7.5000   15.0000   37.500013075.5645   18.5969
   -7.5000   22.5000   37.500012211.1777   18.6118
    0.0000   22.5000   37.500012734.3740   18.5917
    7.5000   22.5000   37.500012088.9717   18.6020
   -7.5000   30.0000   37.500011275.0020   18.3923
    0.0000   30.0000   37.500011748.5664   18.3701
    7.5000   30.0000   37.500011139.9834   18.3756
   -7.5000   37.5000   37.500010627.1152   18.3753
    0.0000   37.5000   37.500011065.5479   18.3587
    7.5000   37.5000   37.500010490.0625   18.3640
   -7.5000   45.0000   37.5000 9570.1260   17.9188
    0.0000   45.0000   37.5000 9936.3730   17.9107
    7.5000   45.0000   37.5000 9409.7803   17.9194
   -7.5000  -45.0000   45.0000 8712.7451   19.1144
    0.0000  -45.0000   45.0000 9093.8730   19.1065
    7.5000  -45.0000   45.0000 8639.4307   19.1272
   -7.5000  -37.5000   45.0000 9274.0225   19.0373
    0.0000  -37.5000   45.0000 9672.1729   19.0394
    7.5000  -37.5000   45.0000 9198.3838   19.0695
   -7.5000  -30.0000   45.000010157.1465   19.0305
    0.0000  -30.0000   45.000010575.0967   19.0323
    7.5000  -30.0000   45.000010088.8750   19.0675
   -7.5000  -22.5000   45.000010970.0342   19.0459
    0.0000  -22.5000   45.000011402.5273   19.0377
    7.5000  -22.5000   45.000010916.7100   19.0681
   -7.5000  -15.0000   45.000011712.1982   19.0593
    0.0000  -15.0000   45.000012130.9189   19.0426
    7.5000  -15.0000   45.000011653.0762   19.0633
   -7.5000   -7.5000   45.000012416.6211   19.0550
    0.0000   -7.5000   45.000012874.1074   19.0387
    7.5000   -7.5000   45.000012335.8672   19.0546
   -7.5000    0.0000   45.000013080.3809   19.0403
    0.0000    0.0000   45.000013596.2627   19.0327
    7.5000    0.0000   45.000012993.1982   19.0527
   -7.5000    7.5000   45.000012816.8428   19.0291
    0.0000    7.5000   45.000013332.7510   19.0312
    7.5000    7.5000   45.000012718.9678   19.0609
   -7.5000   15.0000   45.000012142.8242   19.0305
    0.0000   15.0000   45.000012665.4678   19.0323
    7.5000   15.0000   45.000012047.0430   19.0675
   -7.5000   22.5000   45.000011248.4053   19.0371
    0.0000   22.5000   45.000011720.1143   19.0289
    7.5000   22.5000   45.000011138.0820   19.0592
   -7.5000   30.0000   45.000010390.3984   18.8110
    0.0000   30.0000   45.000010822.8701   18.7945
    7.5000   30.0000   45.000010263.2764   18.8150
   -7.5000   37.5000   45.0000 9819.9336   18.8068
    0.0000   37.5000   45.000010212.7285   18.7907
    7.5000   37.5000   45.0000 9687.5996   18.8064
   -7.5000   45.0000   45.0000 8854.4971   18.3610
    0.0000   45.0000   45.0000 9193.3994   18.3537
    7.5000   45.0000   45.0000 8734.9092   18.3730

---------------------------------------------------------------------
imgreg_4dfp /opt/freesurfer/average/711-2C_as_mni_average_305 /opt/freesurfer/average/711-2B_as_mni_average_305_mask talsrcimg_g11 none talsrcimg_to_711-2C_as_mni_average_305_t4 4355
---------------------------------------------------------------------

freesurfer imgreg_4dfp.c
/opt/freesurfer/average/711-2C_as_mni_average_305.4dfp.img
       256       256       256         1
  1.000000  1.000000  1.000000
orientation T byte_order littleendian
Reading image: /opt/freesurfer/average/711-2C_as_mni_average_305.4dfp.img
dimensions:      256       256       256
mmppix:       1.0000   -1.0000   -1.0000
center:     128.0000 -129.0000 -129.0000
/opt/freesurfer/average/711-2B_as_mni_average_305_mask.4dfp.img
       256       256       256         1
  1.000000  1.000000  1.000000
orientation T byte_order littleendian
Reading mask: /opt/freesurfer/average/711-2B_as_mni_average_305_mask.4dfp.img (2306576 pixels)
talsrcimg_g11.4dfp.img
       256       256       256         1
  1.000000  1.000000  1.000000
orientation T byte_order littleendian
Reading image: talsrcimg_g11.4dfp.img
dimensions:      256       256       256
mmppix:       1.0000   -1.0000   -1.0000
center:     128.0000 -129.0000 -129.0000
rotation matrix determinant  1.000000
image alignment mode   4355 decimal     1103 hex
   -7.5000  -45.0000  -45.0000 2163.2520   20.9837
    0.0000  -45.0000  -45.0000 2169.9133   20.9632
    7.5000  -45.0000  -45.0000 2159.6614   20.9795
   -7.5000  -37.5000  -45.0000 2265.3308   19.4054
    0.0000  -37.5000  -45.0000 2281.2651   19.4265
    7.5000  -37.5000  -45.0000 2269.1155   19.4152
   -7.5000  -30.0000  -45.0000 2335.9475   18.2520
    0.0000  -30.0000  -45.0000 2355.7488   18.3025
    7.5000  -30.0000  -45.0000 2339.7551   18.2882
   -7.5000  -22.5000  -45.0000 2380.6675   17.3942
    0.0000  -22.5000  -45.0000 2399.5083   17.4413
    7.5000  -22.5000  -45.0000 2377.9380   17.4324
   -7.5000  -15.0000  -45.0000 2401.7114   16.8600
    0.0000  -15.0000  -45.0000 2413.0195   16.8486
    7.5000  -15.0000  -45.0000 2396.9746   16.8364
   -7.5000   -7.5000  -45.0000 2406.7861   16.6220
    0.0000   -7.5000  -45.0000 2414.4099   16.5945
    7.5000   -7.5000  -45.0000 2394.5994   16.5461
   -7.5000    0.0000  -45.0000 2393.8276   16.5800
    0.0000    0.0000  -45.0000 2397.2551   16.5551
    7.5000    0.0000  -45.0000 2375.3191   16.5449
   -7.5000    7.5000  -45.0000 2382.9368   16.8652
    0.0000    7.5000  -45.0000 2385.4082   16.8162
    7.5000    7.5000  -45.0000 2366.5930   16.8451
   -7.5000   15.0000  -45.0000 2355.2991   17.4751
    0.0000   15.0000  -45.0000 2349.6130   17.3891
    7.5000   15.0000  -45.0000 2334.9590   17.4337
   -7.5000   22.5000  -45.0000 2301.6768   18.5062
    0.0000   22.5000  -45.0000 2298.1167   18.3671
    7.5000   22.5000  -45.0000 2289.0291   18.4581
   -7.5000   30.0000  -45.0000 2231.0632   19.9194
    0.0000   30.0000  -45.0000 2232.5273   19.7457
    7.5000   30.0000  -45.0000 2221.3376   19.9048
   -7.5000   37.5000  -45.0000 2141.2424   21.7217
    0.0000   37.5000  -45.0000 2142.9744   21.5190
    7.5000   37.5000  -45.0000 2131.1892   21.6994
   -7.5000   45.0000  -45.0000 2036.9615   24.0328
    0.0000   45.0000  -45.0000 2037.2152   23.8068
    7.5000   45.0000  -45.0000 2027.4022   24.0490
   -7.5000  -45.0000  -37.5000 2240.9851   19.5778
    0.0000  -45.0000  -37.5000 2253.9275   19.6155
    7.5000  -45.0000  -37.5000 2241.8247   19.5898
   -7.5000  -37.5000  -37.5000 2343.3647   18.0590
    0.0000  -37.5000  -37.5000 2363.8967   18.0865
    7.5000  -37.5000  -37.5000 2351.2732   18.0884
   -7.5000  -30.0000  -37.5000 2417.4832   16.9345
    0.0000  -30.0000  -37.5000 2434.0151   16.9686
    7.5000  -30.0000  -37.5000 2420.1687   16.9786
   -7.5000  -22.5000  -37.5000 2465.1062   16.1279
    0.0000  -22.5000  -37.5000 2478.2991   16.1325
    7.5000  -22.5000  -37.5000 2462.5122   16.1569
   -7.5000  -15.0000  -37.5000 2495.0728   15.5995
    0.0000  -15.0000  -37.5000 2505.4146   15.5735
    7.5000  -15.0000  -37.5000 2489.1868   15.5921
   -7.5000   -7.5000  -37.5000 2508.3799   15.3798
    0.0000   -7.5000  -37.5000 2512.5359   15.3427
    7.5000   -7.5000  -37.5000 2495.2578   15.3444
   -7.5000    0.0000  -37.5000 2493.1267   15.3268
    0.0000    0.0000  -37.5000 2502.5647   15.3437
    7.5000    0.0000  -37.5000 2478.2527   15.3502
   -7.5000    7.5000  -37.5000 2481.7148   15.5848
    0.0000    7.5000  -37.5000 2491.0293   15.5919
    7.5000    7.5000  -37.5000 2469.2263   15.6131
   -7.5000   15.0000  -37.5000 2449.8081   16.1598
    0.0000   15.0000  -37.5000 2456.0481   16.1635
    7.5000   15.0000  -37.5000 2435.6257   16.1787
   -7.5000   22.5000  -37.5000 2394.0054   17.1098
    0.0000   22.5000  -37.5000 2398.7412   17.0985
    7.5000   22.5000  -37.5000 2385.6919   17.1579
   -7.5000   30.0000  -37.5000 2322.7993   18.4192
    0.0000   30.0000  -37.5000 2320.4824   18.3445
    7.5000   30.0000  -37.5000 2313.3826   18.4695
   -7.5000   37.5000  -37.5000 2228.9229   20.1109
    0.0000   37.5000  -37.5000 2229.5242   19.9768
    7.5000   37.5000  -37.5000 2221.5176   20.1582
   -7.5000   45.0000  -37.5000 2110.4351   22.2829
    0.0000   45.0000  -37.5000 2115.3254   22.1131
    7.5000   45.0000  -37.5000 2111.6272   22.3843
   -7.5000  -45.0000  -30.0000 2344.8340   18.9167
    0.0000  -45.0000  -30.0000 2363.0784   18.9668
    7.5000  -45.0000  -30.0000 2348.9658   18.9148
   -7.5000  -37.5000  -30.0000 2456.4285   17.4084
    0.0000  -37.5000  -30.0000 2475.9805   17.4391
    7.5000  -37.5000  -30.0000 2464.2673   17.4586
   -7.5000  -30.0000  -30.0000 2532.6716   16.2853
    0.0000  -30.0000  -30.0000 2545.9460   16.2790
    7.5000  -30.0000  -30.0000 2536.0483   16.3394
   -7.5000  -22.5000  -30.0000 2591.9019   15.5020
    0.0000  -22.5000  -30.0000 2598.8826   15.4838
    7.5000  -22.5000  -30.0000 2588.4009   15.5398
   -7.5000  -15.0000  -30.0000 2630.5249   14.9633
    0.0000  -15.0000  -30.0000 2638.7576   14.9382
    7.5000  -15.0000  -30.0000 2623.0200   14.9815
   -7.5000   -7.5000  -30.0000 2654.2795   14.6926
    0.0000   -7.5000  -30.0000 2656.9458   14.6606
    7.5000   -7.5000  -30.0000 2641.6936   14.7027
   -7.5000    0.0000  -30.0000 2642.4216   14.7086
    0.0000    0.0000  -30.0000 2651.9937   14.6794
    7.5000    0.0000  -30.0000 2631.4539   14.7526
   -7.5000    7.5000  -30.0000 2625.5176   14.9640
    0.0000    7.5000  -30.0000 2636.8228   14.9525
    7.5000    7.5000  -30.0000 2616.1636   15.0111
   -7.5000   15.0000  -30.0000 2585.7969   15.5513
    0.0000   15.0000  -30.0000 2598.8047   15.5407
    7.5000   15.0000  -30.0000 2579.1284   15.5799
   -7.5000   22.5000  -30.0000 2529.5029   16.4505
    0.0000   22.5000  -30.0000 2542.9409   16.4637
    7.5000   22.5000  -30.0000 2521.1973   16.5007
   -7.5000   30.0000  -30.0000 2450.9331   17.7213
    0.0000   30.0000  -30.0000 2461.8650   17.7136
    7.5000   30.0000  -30.0000 2441.7444   17.7648
   -7.5000   37.5000  -30.0000 2345.1243   19.4151
    0.0000   37.5000  -30.0000 2354.3984   19.3355
    7.5000   37.5000  -30.0000 2341.8745   19.4401
   -7.5000   45.0000  -30.0000 2222.2126   21.6178
    0.0000   45.0000  -30.0000 2228.4138   21.4462
    7.5000   45.0000  -30.0000 2215.9229   21.6430
   -7.5000  -45.0000  -22.5000 2422.4509   18.2017
    0.0000  -45.0000  -22.5000 2437.7234   18.1767
    7.5000  -45.0000  -22.5000 2421.6165   18.1660
   -7.5000  -37.5000  -22.5000 2540.7175   16.6516
    0.0000  -37.5000  -22.5000 2556.0303   16.6254
    7.5000  -37.5000  -22.5000 2542.8298   16.6372
   -7.5000  -30.0000  -22.5000 2625.7681   15.5373
    0.0000  -30.0000  -22.5000 2635.0691   15.5311
    7.5000  -30.0000  -22.5000 2623.1707   15.5719
   -7.5000  -22.5000  -22.5000 2688.5364   14.7615
    0.0000  -22.5000  -22.5000 2695.0415   14.7108
    7.5000  -22.5000  -22.5000 2678.4216   14.7892
   -7.5000  -15.0000  -22.5000 2737.6770   14.2541
    0.0000  -15.0000  -22.5000 2745.0762   14.1880
    7.5000  -15.0000  -22.5000 2721.6086   14.2628
   -7.5000   -7.5000  -22.5000 2763.6467   13.9519
    0.0000   -7.5000  -22.5000 2765.7317   13.9006
    7.5000   -7.5000  -22.5000 2747.6526   13.9643
   -7.5000    0.0000  -22.5000 2766.7500   13.9894
    0.0000    0.0000  -22.5000 2771.6382   13.9218
    7.5000    0.0000  -22.5000 2748.8484   14.0005
   -7.5000    7.5000  -22.5000 2750.9785   14.2688
    0.0000    7.5000  -22.5000 2759.7729   14.2008
    7.5000    7.5000  -22.5000 2736.6958   14.2707
   -7.5000   15.0000  -22.5000 2710.0530   14.8767
    0.0000   15.0000  -22.5000 2720.1536   14.8174
    7.5000   15.0000  -22.5000 2695.3271   14.8909
   -7.5000   22.5000  -22.5000 2640.6057   15.7686
    0.0000   22.5000  -22.5000 2654.9253   15.7438
    7.5000   22.5000  -22.5000 2627.8486   15.7901
   -7.5000   30.0000  -22.5000 2547.7190   17.0095
    0.0000   30.0000  -22.5000 2565.1057   16.9896
    7.5000   30.0000  -22.5000 2536.8701   17.0150
   -7.5000   37.5000  -22.5000 2438.0950   18.6315
    0.0000   37.5000  -22.5000 2453.2051   18.6179
    7.5000   37.5000  -22.5000 2427.3882   18.6268
   -7.5000   45.0000  -22.5000 2303.1826   20.7830
    0.0000   45.0000  -22.5000 2312.9707   20.7181
    7.5000   45.0000  -22.5000 2287.5632   20.7457
   -7.5000  -45.0000  -15.0000 2470.0935   17.5349
    0.0000  -45.0000  -15.0000 2478.6802   17.4219
    7.5000  -45.0000  -15.0000 2464.8298   17.4819
   -7.5000  -37.5000  -15.0000 2591.4114   15.9904
    0.0000  -37.5000  -15.0000 2600.5530   15.8595
    7.5000  -37.5000  -15.0000 2585.9019   15.9308
   -7.5000  -30.0000  -15.0000 2685.3975   14.9009
    0.0000  -30.0000  -15.0000 2694.6133   14.7854
    7.5000  -30.0000  -15.0000 2678.2949   14.8493
   -7.5000  -22.5000  -15.0000 2759.1897   14.1217
    0.0000  -22.5000  -15.0000 2763.9407   13.9967
    7.5000  -22.5000  -15.0000 2740.0579   14.0794
   -7.5000  -15.0000  -15.0000 2811.3315   13.5753
    0.0000  -15.0000  -15.0000 2816.5557   13.4677
    7.5000  -15.0000  -15.0000 2788.1980   13.5455
   -7.5000   -7.5000  -15.0000 2836.0146   13.2553
    0.0000   -7.5000  -15.0000 2840.6721   13.1780
    7.5000   -7.5000  -15.0000 2818.9146   13.2509
   -7.5000    0.0000  -15.0000 2848.8191   13.2759
    0.0000    0.0000  -15.0000 2850.6809   13.1814
    7.5000    0.0000  -15.0000 2830.1106   13.2864
   -7.5000    7.5000  -15.0000 2836.7031   13.5734
    0.0000    7.5000  -15.0000 2842.2319   13.4714
    7.5000    7.5000  -15.0000 2821.1016   13.5916
   -7.5000   15.0000  -15.0000 2795.1228   14.2287
    0.0000   15.0000  -15.0000 2799.2705   14.1407
    7.5000   15.0000  -15.0000 2778.7134   14.2389
   -7.5000   22.5000  -15.0000 2717.6560   15.1322
    0.0000   22.5000  -15.0000 2728.0947   15.0520
    7.5000   22.5000  -15.0000 2702.8657   15.1387
   -7.5000   30.0000  -15.0000 2616.7788   16.3882
    0.0000   30.0000  -15.0000 2628.3369   16.2972
    7.5000   30.0000  -15.0000 2600.7583   16.3533
   -7.5000   37.5000  -15.0000 2497.2229   18.0042
    0.0000   37.5000  -15.0000 2506.9482   17.9182
    7.5000   37.5000  -15.0000 2481.8699   17.9739
   -7.5000   45.0000  -15.0000 2351.2109   20.0728
    0.0000   45.0000  -15.0000 2357.6255   19.9974
    7.5000   45.0000  -15.0000 2332.0566   20.0254
   -7.5000  -45.0000   -7.5000 2506.2925   17.0425
    0.0000  -45.0000   -7.5000 2507.2129   16.8375
    7.5000  -45.0000   -7.5000 2493.3022   16.9677
   -7.5000  -37.5000   -7.5000 2624.5845   15.4293
    0.0000  -37.5000   -7.5000 2626.8430   15.2573
    7.5000  -37.5000   -7.5000 2611.2795   15.3831
   -7.5000  -30.0000   -7.5000 2724.7585   14.3545
    0.0000  -30.0000   -7.5000 2734.0518   14.1823
    7.5000  -30.0000   -7.5000 2715.6172   14.2753
   -7.5000  -22.5000   -7.5000 2810.0696   13.6283
    0.0000  -22.5000   -7.5000 2815.3320   13.4088
    7.5000  -22.5000   -7.5000 2790.0398   13.5290
   -7.5000  -15.0000   -7.5000 2867.8689   13.0313
    0.0000  -15.0000   -7.5000 2871.1929   12.8496
    7.5000  -15.0000   -7.5000 2840.2764   12.9706
   -7.5000   -7.5000   -7.5000 2895.0510   12.6648
    0.0000   -7.5000   -7.5000 2893.1155   12.5282
    7.5000   -7.5000   -7.5000 2875.8259   12.6396
   -7.5000    0.0000   -7.5000 2907.7854   12.6746
    0.0000    0.0000   -7.5000 2906.6389   12.5288
    7.5000    0.0000   -7.5000 2891.4988   12.6724
   -7.5000    7.5000   -7.5000 2900.5596   13.0349
    0.0000    7.5000   -7.5000 2900.9924   12.8769
    7.5000    7.5000   -7.5000 2884.0613   13.0430
   -7.5000   15.0000   -7.5000 2852.9160   13.7125
    0.0000   15.0000   -7.5000 2852.7756   13.5705
    7.5000   15.0000   -7.5000 2833.9502   13.7272
   -7.5000   22.5000   -7.5000 2767.2229   14.6556
    0.0000   22.5000   -7.5000 2771.7620   14.4997
    7.5000   22.5000   -7.5000 2750.3313   14.6514
   -7.5000   30.0000   -7.5000 2657.0391   15.9014
    0.0000   30.0000   -7.5000 2666.7209   15.7351
    7.5000   30.0000   -7.5000 2645.7239   15.8555
   -7.5000   37.5000   -7.5000 2535.5142   17.4766
    0.0000   37.5000   -7.5000 2542.5146   17.3433
    7.5000   37.5000   -7.5000 2518.6670   17.4236
   -7.5000   45.0000   -7.5000 2385.7317   19.4592
    0.0000   45.0000   -7.5000 2390.6462   19.3619
    7.5000   45.0000   -7.5000 2370.0991   19.4319
   -7.5000  -45.0000    0.0000 2527.8062   16.7424
    0.0000  -45.0000    0.0000 2521.8948   16.4973
    7.5000  -45.0000    0.0000 2516.9275   16.7314
   -7.5000  -37.5000    0.0000 2641.4773   15.1674
    0.0000  -37.5000    0.0000 2636.8162   14.9651
    7.5000  -37.5000    0.0000 2628.7097   15.1645
   -7.5000  -30.0000    0.0000 2746.2407   14.0760
    0.0000  -30.0000    0.0000 2746.8101   13.8919
    7.5000  -30.0000    0.0000 2729.7317   14.0446
   -7.5000  -22.5000    0.0000 2840.6389   13.3402
    0.0000  -22.5000    0.0000 2842.6204   13.1399
    7.5000  -22.5000    0.0000 2815.3647   13.2617
   -7.5000  -15.0000    0.0000 2910.3792   12.8353
    0.0000  -15.0000    0.0000 2912.7397   12.5598
    7.5000  -15.0000    0.0000 2877.5198   12.7360
   -7.5000   -7.5000    0.0000 2936.6323   12.2889
    0.0000   -7.5000    0.0000 2934.7383   12.0531
    7.5000   -7.5000    0.0000 2912.7346   12.3344
   -7.5000    0.0000    0.0000 2947.0283   12.3114
    0.0000    0.0000    0.0000 2943.2046   12.1152
    7.5000    0.0000    0.0000 2938.7239   12.3963
   -7.5000    7.5000    0.0000 2937.9841   12.7545
    0.0000    7.5000    0.0000 2941.7517   12.5607
    7.5000    7.5000    0.0000 2931.1782   12.8308
   -7.5000   15.0000    0.0000 2881.8093   13.4638
    0.0000   15.0000    0.0000 2883.1631   13.2852
    7.5000   15.0000    0.0000 2870.1799   13.5288
   -7.5000   22.5000    0.0000 2788.3660   14.4292
    0.0000   22.5000    0.0000 2794.6113   14.2457
    7.5000   22.5000    0.0000 2784.9524   14.4431
   -7.5000   30.0000    0.0000 2681.4309   15.6569
    0.0000   30.0000    0.0000 2686.2136   15.4945
    7.5000   30.0000    0.0000 2671.9819   15.6363
   -7.5000   37.5000    0.0000 2554.3828   17.2067
    0.0000   37.5000    0.0000 2563.8821   17.0841
    7.5000   37.5000    0.0000 2539.5642   17.1787
   -7.5000   45.0000    0.0000 2399.7703   19.1517
    0.0000   45.0000    0.0000 2412.2424   19.0551
    7.5000   45.0000    0.0000 2393.1758   19.1607
   -7.5000  -45.0000    7.5000 2540.4426   16.6158
    0.0000  -45.0000    7.5000 2535.2476   16.4151
    7.5000  -45.0000    7.5000 2525.2307   16.6503
   -7.5000  -37.5000    7.5000 2659.7234   15.0592
    0.0000  -37.5000    7.5000 2656.6382   14.9057
    7.5000  -37.5000    7.5000 2644.2693   15.1178
   -7.5000  -30.0000    7.5000 2764.5940   13.9476
    0.0000  -30.0000    7.5000 2763.6926   13.7914
    7.5000  -30.0000    7.5000 2743.9666   13.9995
   -7.5000  -22.5000    7.5000 2856.9966   13.2149
    0.0000  -22.5000    7.5000 2861.4172   13.1178
    7.5000  -22.5000    7.5000 2835.2781   13.2309
   -7.5000  -15.0000    7.5000 2930.9819   12.7020
    0.0000  -15.0000    7.5000 2951.6348   12.6208
    7.5000  -15.0000    7.5000 2902.8630   12.7025
   -7.5000   -7.5000    7.5000 2955.7405   12.2625
    0.0000   -7.5000    7.5000 2974.1111   12.0686
    7.5000   -7.5000    7.5000 2942.3867   12.4071
   -7.5000    0.0000    7.5000 2973.0681   12.3041
    0.0000    0.0000    7.5000 2978.9807   12.1159
    7.5000    0.0000    7.5000 2964.0574   12.4554
   -7.5000    7.5000    7.5000 2952.2478   12.7411
    0.0000    7.5000    7.5000 2963.0115   12.6002
    7.5000    7.5000    7.5000 2949.2737   12.8408
   -7.5000   15.0000    7.5000 2886.2012   13.4168
    0.0000   15.0000    7.5000 2894.0127   13.2773
    7.5000   15.0000    7.5000 2888.4558   13.4772
   -7.5000   22.5000    7.5000 2793.2996   14.3756
    0.0000   22.5000    7.5000 2799.5376   14.2368
    7.5000   22.5000    7.5000 2788.4885   14.3964
   -7.5000   30.0000    7.5000 2681.1265   15.6056
    0.0000   30.0000    7.5000 2692.5190   15.4836
    7.5000   30.0000    7.5000 2669.1094   15.5875
   -7.5000   37.5000    7.5000 2553.5122   17.1435
    0.0000   37.5000    7.5000 2571.3577   17.0743
    7.5000   37.5000    7.5000 2543.0051   17.1540
   -7.5000   45.0000    7.5000 2397.4060   19.0609
    0.0000   45.0000    7.5000 2412.7354   19.0483
    7.5000   45.0000    7.5000 2390.8792   19.0932
   -7.5000  -45.0000   15.0000 2541.8867   16.6516
    0.0000  -45.0000   15.0000 2536.8203   16.4576
    7.5000  -45.0000   15.0000 2523.4517   16.7826
   -7.5000  -37.5000   15.0000 2663.6411   15.1316
    0.0000  -37.5000   15.0000 2661.0063   14.9581
    7.5000  -37.5000   15.0000 2646.6582   15.2630
   -7.5000  -30.0000   15.0000 2763.1013   14.0184
    0.0000  -30.0000   15.0000 2764.9080   13.9103
    7.5000  -30.0000   15.0000 2746.1038   14.1403
   -7.5000  -22.5000   15.0000 2848.0359   13.2431
    0.0000  -22.5000   15.0000 2859.0955   13.1913
    7.5000  -22.5000   15.0000 2829.9670   13.3501
   -7.5000  -15.0000   15.0000 2913.7300   12.6932
    0.0000  -15.0000   15.0000 2944.1472   12.6354
    7.5000  -15.0000   15.0000 2890.6992   12.8266
   -7.5000   -7.5000   15.0000 2950.3452   12.4300
    0.0000   -7.5000   15.0000 2975.2151   12.3336
    7.5000   -7.5000   15.0000 2924.6050   12.5910
   -7.5000    0.0000   15.0000 2962.1982   12.5220
    0.0000    0.0000   15.0000 2977.0090   12.4470
    7.5000    0.0000   15.0000 2942.8625   12.6905
   -7.5000    7.5000   15.0000 2935.4753   12.9487
    0.0000    7.5000   15.0000 2946.1399   12.8751
    7.5000    7.5000   15.0000 2922.8992   13.0783
   -7.5000   15.0000   15.0000 2867.5681   13.6416
    0.0000   15.0000   15.0000 2877.0515   13.5207
    7.5000   15.0000   15.0000 2861.1719   13.7026
   -7.5000   22.5000   15.0000 2776.8362   14.5403
    0.0000   22.5000   15.0000 2785.0286   14.3944
    7.5000   22.5000   15.0000 2768.8716   14.5619
   -7.5000   30.0000   15.0000 2669.5208   15.7153
    0.0000   30.0000   15.0000 2676.4524   15.5788
    7.5000   30.0000   15.0000 2659.4443   15.7313
   -7.5000   37.5000   15.0000 2541.5159   17.2346
    0.0000   37.5000   15.0000 2550.6531   17.1226
    7.5000   37.5000   15.0000 2530.6240   17.2584
   -7.5000   45.0000   15.0000 2382.7837   19.1268
    0.0000   45.0000   15.0000 2392.3376   19.0588
    7.5000   45.0000   15.0000 2376.9336   19.1914
   -7.5000  -45.0000   22.5000 2534.7000   16.9059
    0.0000  -45.0000   22.5000 2539.3979   16.8436
    7.5000  -45.0000   22.5000 2517.6733   17.1613
   -7.5000  -37.5000   22.5000 2659.6108   15.4577
    0.0000  -37.5000   22.5000 2666.2070   15.3471
    7.5000  -37.5000   22.5000 2645.5078   15.6715
   -7.5000  -30.0000   22.5000 2760.3311   14.4012
    0.0000  -30.0000   22.5000 2762.5786   14.2715
    7.5000  -30.0000   22.5000 2743.1709   14.5779
   -7.5000  -22.5000   22.5000 2840.8960   13.6270
    0.0000  -22.5000   22.5000 2848.0754   13.4800
    7.5000  -22.5000   22.5000 2831.2109   13.7491
   -7.5000  -15.0000   22.5000 2903.1897   13.0855
    0.0000  -15.0000   22.5000 2910.1646   12.8657
    7.5000  -15.0000   22.5000 2879.0911   13.2091
   -7.5000   -7.5000   22.5000 2932.7920   12.8332
    0.0000   -7.5000   22.5000 2943.3689   12.6835
    7.5000   -7.5000   22.5000 2904.2288   12.9496
   -7.5000    0.0000   22.5000 2936.6355   12.9319
    0.0000    0.0000   22.5000 2949.4226   12.8036
    7.5000    0.0000   22.5000 2915.2112   13.0196
   -7.5000    7.5000   22.5000 2897.5652   13.3334
    0.0000    7.5000   22.5000 2907.8271   13.2261
    7.5000    7.5000   22.5000 2882.8459   13.4002
   -7.5000   15.0000   22.5000 2832.0640   14.0077
    0.0000   15.0000   22.5000 2841.0793   13.8995
    7.5000   15.0000   22.5000 2823.4287   14.0575
   -7.5000   22.5000   22.5000 2746.1826   14.8617
    0.0000   22.5000   22.5000 2753.6719   14.7614
    7.5000   22.5000   22.5000 2738.0400   14.8790
   -7.5000   30.0000   22.5000 2639.1082   15.9559
    0.0000   30.0000   22.5000 2645.9773   15.8537
    7.5000   30.0000   22.5000 2627.5559   15.9866
   -7.5000   37.5000   22.5000 2511.6877   17.4582
    0.0000   37.5000   22.5000 2517.2935   17.3634
    7.5000   37.5000   22.5000 2502.1919   17.4736
   -7.5000   45.0000   22.5000 2358.9141   19.3887
    0.0000   45.0000   22.5000 2365.5464   19.3019
    7.5000   45.0000   22.5000 2352.0312   19.4509
   -7.5000  -45.0000   30.0000 2515.9216   17.5400
    0.0000  -45.0000   30.0000 2523.4028   17.4335
    7.5000  -45.0000   30.0000 2500.2773   17.7645
   -7.5000  -37.5000   30.0000 2640.4097   16.0693
    0.0000  -37.5000   30.0000 2645.7539   15.9144
    7.5000  -37.5000   30.0000 2626.3572   16.2341
   -7.5000  -30.0000   30.0000 2739.1450   14.9805
    0.0000  -30.0000   30.0000 2738.9888   14.7629
    7.5000  -30.0000   30.0000 2724.2410   15.0920
   -7.5000  -22.5000   30.0000 2819.5291   14.1554
    0.0000  -22.5000   30.0000 2824.2131   13.8781
    7.5000  -22.5000   30.0000 2809.9226   14.2770
   -7.5000  -15.0000   30.0000 2872.1423   13.6294
    0.0000  -15.0000   30.0000 2872.0815   13.3578
    7.5000  -15.0000   30.0000 2851.8313   13.7466
   -7.5000   -7.5000   30.0000 2890.4893   13.4041
    0.0000   -7.5000   30.0000 2896.5732   13.1837
    7.5000   -7.5000   30.0000 2870.6882   13.4940
   -7.5000    0.0000   30.0000 2890.7434   13.5007
    0.0000    0.0000   30.0000 2898.2061   13.3036
    7.5000    0.0000   30.0000 2872.3325   13.5058
   -7.5000    7.5000   30.0000 2851.4485   13.9134
    0.0000    7.5000   30.0000 2860.5669   13.7760
    7.5000    7.5000   30.0000 2838.6592   13.9204
   -7.5000   15.0000   30.0000 2783.9429   14.5468
    0.0000   15.0000   30.0000 2796.3076   14.4275
    7.5000   15.0000   30.0000 2774.9419   14.5548
   -7.5000   22.5000   30.0000 2701.9709   15.4242
    0.0000   22.5000   30.0000 2712.2361   15.2990
    7.5000   22.5000   30.0000 2693.6243   15.4104
   -7.5000   30.0000   30.0000 2594.4075   16.5101
    0.0000   30.0000   30.0000 2605.2600   16.3519
    7.5000   30.0000   30.0000 2589.0046   16.4752
   -7.5000   37.5000   30.0000 2463.2214   17.9194
    0.0000   37.5000   30.0000 2473.7173   17.8225
    7.5000   37.5000   30.0000 2459.7839   17.9408
   -7.5000   45.0000   30.0000 2321.5996   19.7955
    0.0000   45.0000   30.0000 2333.3943   19.7535
    7.5000   45.0000   30.0000 2313.5762   19.8673
   -7.5000  -45.0000   37.5000 2483.8684   18.3116
    0.0000  -45.0000   37.5000 2493.1477   18.1857
    7.5000  -45.0000   37.5000 2470.9927   18.4834
   -7.5000  -37.5000   37.5000 2603.1184   16.8065
    0.0000  -37.5000   37.5000 2609.3381   16.6066
    7.5000  -37.5000   37.5000 2587.8765   16.9456
   -7.5000  -30.0000   37.5000 2699.9038   15.6807
    0.0000  -30.0000   37.5000 2701.4482   15.4476
    7.5000  -30.0000   37.5000 2683.9006   15.8037
   -7.5000  -22.5000   37.5000 2776.1394   14.8545
    0.0000  -22.5000   37.5000 2778.9099   14.5794
    7.5000  -22.5000   37.5000 2760.9351   14.9668
   -7.5000  -15.0000   37.5000 2821.4902   14.3393
    0.0000  -15.0000   37.5000 2818.9792   14.0831
    7.5000  -15.0000   37.5000 2801.3486   14.4422
   -7.5000   -7.5000   37.5000 2838.4331   14.1129
    0.0000   -7.5000   37.5000 2841.3853   13.8949
    7.5000   -7.5000   37.5000 2817.9246   14.1969
   -7.5000    0.0000   37.5000 2825.4539   14.2072
    0.0000    0.0000   37.5000 2834.0095   13.9905
    7.5000    0.0000   37.5000 2811.4580   14.2191
   -7.5000    7.5000   37.5000 2788.6741   14.6313
    0.0000    7.5000   37.5000 2795.2737   14.4765
    7.5000    7.5000   37.5000 2778.3518   14.6443
   -7.5000   15.0000   37.5000 2726.4863   15.2957
    0.0000   15.0000   37.5000 2737.1816   15.1574
    7.5000   15.0000   37.5000 2716.1812   15.2933
   -7.5000   22.5000   37.5000 2640.4961   16.0988
    0.0000   22.5000   37.5000 2653.6287   15.9876
    7.5000   22.5000   37.5000 2635.4084   16.1125
   -7.5000   30.0000   37.5000 2535.1016   17.1690
    0.0000   30.0000   37.5000 2545.5903   17.0660
    7.5000   30.0000   37.5000 2529.3218   17.1810
   -7.5000   37.5000   37.5000 2408.4890   18.6263
    0.0000   37.5000   37.5000 2425.6970   18.5200
    7.5000   37.5000   37.5000 2404.9167   18.6365
   -7.5000   45.0000   37.5000 2276.4087   20.5242
    0.0000   45.0000   37.5000 2291.1313   20.4503
    7.5000   45.0000   37.5000 2268.5596   20.5353
   -7.5000  -45.0000   45.0000 2442.3035   19.1843
    0.0000  -45.0000   45.0000 2454.2349   19.0699
    7.5000  -45.0000   45.0000 2427.5820   19.3537
   -7.5000  -37.5000   45.0000 2550.5339   17.6696
    0.0000  -37.5000   45.0000 2562.1812   17.4909
    7.5000  -37.5000   45.0000 2535.2439   17.8110
   -7.5000  -30.0000   45.0000 2642.6433   16.5354
    0.0000  -30.0000   45.0000 2651.4539   16.3165
    7.5000  -30.0000   45.0000 2626.6438   16.6477
   -7.5000  -22.5000   45.0000 2709.8059   15.6985
    0.0000  -22.5000   45.0000 2712.9707   15.4720
    7.5000  -22.5000   45.0000 2695.8228   15.8096
   -7.5000  -15.0000   45.0000 2751.2195   15.1579
    0.0000  -15.0000   45.0000 2747.3142   14.9618
    7.5000  -15.0000   45.0000 2734.4438   15.2493
   -7.5000   -7.5000   45.0000 2771.4480   14.9416
    0.0000   -7.5000   45.0000 2770.1389   14.7325
    7.5000   -7.5000   45.0000 2753.4412   14.9960
   -7.5000    0.0000   45.0000 2754.9250   15.0263
    0.0000    0.0000   45.0000 2760.7415   14.8159
    7.5000    0.0000   45.0000 2742.3987   15.0196
   -7.5000    7.5000   45.0000 2716.7751   15.4687
    0.0000    7.5000   45.0000 2725.4236   15.3362
    7.5000    7.5000   45.0000 2705.5037   15.4809
   -7.5000   15.0000   45.0000 2654.5955   16.1182
    0.0000   15.0000   45.0000 2668.3833   16.0033
    7.5000   15.0000   45.0000 2642.4875   16.1583
   -7.5000   22.5000   45.0000 2571.7949   16.9832
    0.0000   22.5000   45.0000 2581.1072   16.8785
    7.5000   22.5000   45.0000 2561.6501   16.9942
   -7.5000   30.0000   45.0000 2465.9165   18.0546
    0.0000   30.0000   45.0000 2480.1516   17.9860
    7.5000   30.0000   45.0000 2458.4072   18.0807
   -7.5000   37.5000   45.0000 2344.8176   19.5392
    0.0000   37.5000   45.0000 2356.4727   19.4689
    7.5000   37.5000   45.0000 2340.4871   19.5398
   -7.5000   45.0000   45.0000 2215.3420   21.5404
    0.0000   45.0000   45.0000 2227.3059   21.4719
    7.5000   45.0000   45.0000 2216.8066   21.5714

---------------------------------------------------------------------
imgreg_4dfp /opt/freesurfer/average/711-2C_as_mni_average_305 /opt/freesurfer/average/711-2B_as_mni_average_305_mask talsrcimg_g11 none talsrcimg_to_711-2C_as_mni_average_305_t4 1283
---------------------------------------------------------------------

freesurfer imgreg_4dfp.c
/opt/freesurfer/average/711-2C_as_mni_average_305.4dfp.img
       256       256       256         1
  1.000000  1.000000  1.000000
orientation T byte_order littleendian
Reading image: /opt/freesurfer/average/711-2C_as_mni_average_305.4dfp.img
dimensions:      256       256       256
mmppix:       1.0000   -1.0000   -1.0000
center:     128.0000 -129.0000 -129.0000
/opt/freesurfer/average/711-2B_as_mni_average_305_mask.4dfp.img
       256       256       256         1
  1.000000  1.000000  1.000000
orientation T byte_order littleendian
Reading mask: /opt/freesurfer/average/711-2B_as_mni_average_305_mask.4dfp.img (2306576 pixels)
talsrcimg_g11.4dfp.img
       256       256       256         1
  1.000000  1.000000  1.000000
orientation T byte_order littleendian
Reading image: talsrcimg_g11.4dfp.img
dimensions:      256       256       256
mmppix:       1.0000   -1.0000   -1.0000
center:     128.0000 -129.0000 -129.0000
rotation matrix determinant  1.000000
fimgreg.f
image alignment mode   1283 decimal      503 hex
parameters
    0.0000    0.0000    7.5000    0.0000    0.0000    0.0000
eta,q 0.93754 12.12393
niter,ni,del,rscale     5    3   12.0000    1.2000
parameter  4 -1.029612 -> -0.500000 qaram    1.1500
parameter  5 -0.533213 -> -0.500000 qaram    1.1500
parameters
   -0.3016    0.8768   10.0125    3.4500    3.4500    0.7900
eta,q 0.94023 12.10847
  0.0677  0.0685  0.0681  0.0680  0.0688  0.0609
  0.0657  0.0666  0.0669  0.0653  0.0663  0.0595
  0.0656  0.0656  0.0661  0.0632  0.0634  0.0587
  0.0639  0.0637  0.0632  0.0623  0.0606  0.0593
  0.0639  0.0633  0.0619  0.0616  0.0591  0.0604
  0.0662  0.0641  0.0628  0.0603  0.0595  0.0602
  0.0693  0.0674  0.0647  0.0602  0.0610  0.0593
niter,ni,del,rscale     6    3   12.0000    1.2000
parameter  2  0.600807 ->  0.500000 qaram    1.1500
parameters
   -0.8578   -2.5732   11.0666    5.7742    2.9910    2.7925
eta,q 0.94138 12.04061
  0.0651  0.0583  0.0667  0.0655  0.0647  0.0612
  0.0628  0.0590  0.0644  0.0618  0.0609  0.0602
  0.0616  0.0598  0.0611  0.0604  0.0590  0.0595
  0.0598  0.0601  0.0593  0.0596  0.0590  0.0588
  0.0605  0.0611  0.0602  0.0590  0.0602  0.0586
  0.0632  0.0650  0.0618  0.0594  0.0628  0.0590
  0.0693  0.0707  0.0631  0.0603  0.0655  0.0594
niter,ni,del,rscale     6    3   12.0000    1.2000
parameter  2  1.766676 ->  0.500000 qaram    1.3225
parameters
   -0.9617   -6.5407   11.2976    9.1538    3.2772    3.1594
eta,q 0.94777 11.97200
  0.0652  0.0534  0.0653  0.0651  0.0607  0.0564
  0.0611  0.0545  0.0593  0.0621  0.0558  0.0546
  0.0596  0.0566  0.0557  0.0579  0.0536  0.0530
  0.0586  0.0587  0.0554  0.0555  0.0522  0.0522
  0.0581  0.0606  0.0571  0.0524  0.0534  0.0527
  0.0610  0.0626  0.0602  0.0531  0.0560  0.0538
  0.0665  0.0674  0.0623  0.0560  0.0588  0.0556
niter,ni,del,rscale     6    3   12.0000    1.2000
parameters
   -1.0888   -8.3235   11.5733   10.1682    3.2958    1.8163
eta,q 0.94975 11.94070
  0.0606  0.0603  0.0621  0.0636  0.0581  0.0532
  0.0546  0.0515  0.0543  0.0562  0.0533  0.0511
  0.0523  0.0502  0.0510  0.0520  0.0518  0.0502
  0.0522  0.0522  0.0505  0.0506  0.0508  0.0508
  0.0530  0.0576  0.0523  0.0518  0.0514  0.0523
  0.0553  0.0617  0.0553  0.0540  0.0541  0.0538
  0.0611  0.0659  0.0582  0.0566  0.0576  0.0560
niter,ni,del,rscale     5    3   12.0000    1.2000
parameters
   -1.4329   -8.9513   11.7168   10.6428    3.6448    1.5044
eta,q 0.95034 11.92112
  0.0588  0.0629  0.0603  0.0610  0.0586  0.0544
  0.0526  0.0554  0.0528  0.0541  0.0539  0.0515
  0.0504  0.0498  0.0501  0.0504  0.0516  0.0499
  0.0502  0.0502  0.0497  0.0497  0.0499  0.0497
  0.0515  0.0547  0.0514  0.0513  0.0503  0.0510
  0.0544  0.0606  0.0543  0.0542  0.0531  0.0528
  0.0607  0.0642  0.0575  0.0567  0.0571  0.0546
niter,ni,del,rscale     4    3   12.0000    1.2000
parameters
   -1.5869   -9.2760   11.7209   10.8408    3.7512    1.4132
eta,q 0.95055 11.91100
  0.0595  0.0637  0.0598  0.0598  0.0579  0.0546
  0.0530  0.0567  0.0521  0.0532  0.0536  0.0516
  0.0503  0.0506  0.0496  0.0499  0.0512  0.0498
  0.0497  0.0496  0.0494  0.0494  0.0495  0.0495
  0.0510  0.0539  0.0514  0.0513  0.0503  0.0506
  0.0540  0.0601  0.0544  0.0543  0.0535  0.0525
  0.0603  0.0637  0.0576  0.0570  0.0575  0.0542
niter,ni,del,rscale     3    3   12.0000    1.2000
parameters
   -1.6268   -9.4201   11.7177   10.9256    3.7771    1.3930
eta,q 0.95060 11.90797
  0.0599  0.0642  0.0598  0.0594  0.0576  0.0547
  0.0533  0.0572  0.0521  0.0528  0.0534  0.0516
  0.0503  0.0510  0.0495  0.0498  0.0511  0.0497
  0.0495  0.0495  0.0494  0.0494  0.0494  0.0494
  0.0506  0.0534  0.0514  0.0513  0.0504  0.0505
  0.0538  0.0596  0.0545  0.0544  0.0536  0.0523
  0.0600  0.0634  0.0576  0.0571  0.0576  0.0541
niter,ni,del,rscale     2    3   12.0000    1.2000
parameters
   -1.6393   -9.4851   11.7122   10.9583    3.7823    1.3896
eta,q 0.95062 11.90733
  0.0601  0.0644  0.0598  0.0592  0.0576  0.0548
  0.0534  0.0575  0.0521  0.0527  0.0534  0.0516
  0.0503  0.0513  0.0494  0.0497  0.0511  0.0497
  0.0494  0.0494  0.0494  0.0494  0.0494  0.0494
  0.0505  0.0532  0.0514  0.0514  0.0503  0.0504
  0.0537  0.0594  0.0545  0.0544  0.0536  0.0523
  0.0599  0.0632  0.0576  0.0572  0.0576  0.0541
registration optimization eta report
parameter search radius
    6.0000    7.9350    6.0000    6.9000    6.9000    6.0000
100000*second partial in parameter space
       30.       22.       26.       18.       17.       14.
  0.0601  0.0644  0.0598  0.0592  0.0576  0.0548
  0.0534  0.0575  0.0521  0.0527  0.0534  0.0516
  0.0503  0.0513  0.0494  0.0497  0.0511  0.0497
  0.0494  0.0494  0.0494  0.0494  0.0494  0.0494
  0.0505  0.0532  0.0514  0.0514  0.0503  0.0504
  0.0537  0.0594  0.0545  0.0544  0.0536  0.0523
  0.0599  0.0632  0.0576  0.0572  0.0576  0.0541
   -1.6393   -9.4851   11.7122   10.9583    3.7823    1.3896
eta,q 0.95062 11.90733

---------------------------------------------------------------------
imgreg_4dfp /opt/freesurfer/average/711-2C_as_mni_average_305 /opt/freesurfer/average/711-2B_as_mni_average_305_mask talsrcimg_g11 none talsrcimg_to_711-2C_as_mni_average_305_t4 3335
---------------------------------------------------------------------

freesurfer imgreg_4dfp.c
/opt/freesurfer/average/711-2C_as_mni_average_305.4dfp.img
       256       256       256         1
  1.000000  1.000000  1.000000
orientation T byte_order littleendian
Reading image: /opt/freesurfer/average/711-2C_as_mni_average_305.4dfp.img
dimensions:      256       256       256
mmppix:       1.0000   -1.0000   -1.0000
center:     128.0000 -129.0000 -129.0000
/opt/freesurfer/average/711-2B_as_mni_average_305_mask.4dfp.img
       256       256       256         1
  1.000000  1.000000  1.000000
orientation T byte_order littleendian
Reading mask: /opt/freesurfer/average/711-2B_as_mni_average_305_mask.4dfp.img (2306576 pixels)
talsrcimg_g11.4dfp.img
       256       256       256         1
  1.000000  1.000000  1.000000
orientation T byte_order littleendian
Reading image: talsrcimg_g11.4dfp.img
dimensions:      256       256       256
mmppix:       1.0000   -1.0000   -1.0000
center:     128.0000 -129.0000 -129.0000
fimgreg.f
image alignment mode   3335 decimal      D07 hex
parameters
   -1.6393   -9.4851   11.7122   -0.2472   -1.8827   -2.0373
   -3.6344   -6.0134    2.4198  -19.1608    6.5966   18.9680
eta,q 0.95318 12.10187
niter,ni,del,rscale     5    3    5.0000    1.2000
parameter  4  3.295055 ->  0.500000 qaram    1.1500
parameter  5 25.465626 ->  0.500000 qaram    1.1500
parameter  6  0.682525 ->  0.500000 qaram    1.1500
parameter 12  1.083086 ->  0.500000 qaram    1.1500
parameters
   -1.3499   -9.0047   11.4335   -4.3872   -6.0227   -6.1773
   -7.0665   -3.6947    3.8980  -17.9591    5.9687   14.8280
eta,q 0.97041 12.11176
  0.0500  0.0488  0.0481  0.0366  0.0310  0.0322  0.0323  0.0420  0.0335  0.0360  0.0323  0.0295
  0.0486  0.0479  0.0470  0.0385  0.0338  0.0319  0.0316  0.0376  0.0322  0.0334  0.0313  0.0295
  0.0475  0.0472  0.0465  0.0420  0.0366  0.0329  0.0316  0.0339  0.0313  0.0316  0.0307  0.0299
  0.0468  0.0467  0.0466  0.0465  0.0393  0.0346  0.0321  0.0315  0.0307  0.0306  0.0305  0.0305
  0.0468  0.0466  0.0470  0.0520  0.0424  0.0378  0.0331  0.0307  0.0306  0.0306  0.0309  0.0313
  0.0475  0.0470  0.0478  0.0573  0.0454  0.0432  0.0344  0.0316  0.0310  0.0314  0.0317  0.0322
  0.0490  0.0477  0.0486  0.0607  0.0482  0.0496  0.0361  0.0341  0.0320  0.0334  0.0330  0.0334
niter,ni,del,rscale     7    3    5.0000    1.2000
parameter  2  0.746204 ->  0.500000 qaram    1.1500
parameter  4  0.574189 ->  0.500000 qaram    1.3225
parameter  5  1.295414 ->  0.500000 qaram    1.3225
parameters
   -1.4631  -10.3847   10.2852   -9.1482  -10.7837   -5.9387
   -6.4600   -4.1984    4.4213  -19.2303    7.0791   13.1447
eta,q 0.97782 12.05153
  0.0336  0.0286  0.0285  0.0272  0.0218  0.0264  0.0258  0.0262  0.0249  0.0250  0.0235  0.0233
  0.0313  0.0283  0.0280  0.0267  0.0223  0.0249  0.0241  0.0239  0.0237  0.0230  0.0229  0.0226
  0.0299  0.0287  0.0279  0.0266  0.0238  0.0236  0.0230  0.0227  0.0229  0.0223  0.0225  0.0222
  0.0296  0.0296  0.0284  0.0279  0.0266  0.0226  0.0225  0.0225  0.0225  0.0225  0.0223  0.0223
  0.0303  0.0309  0.0294  0.0319  0.0305  0.0223  0.0227  0.0231  0.0226  0.0235  0.0223  0.0227
  0.0320  0.0326  0.0309  0.0374  0.0346  0.0234  0.0235  0.0247  0.0233  0.0251  0.0224  0.0235
  0.0343  0.0346  0.0328  0.0431  0.0383  0.0271  0.0249  0.0275  0.0244  0.0272  0.0230  0.0249
niter,ni,del,rscale     7    3    5.0000    1.2000
parameters
   -1.2817  -10.0345   10.4771  -10.5278  -14.5043   -5.2852
   -6.9072   -4.2677    4.0102  -19.4355    6.8857   13.8340
eta,q 0.97843 11.91238
  0.0259  0.0271  0.0242  0.0255  0.0238  0.0256  0.0240  0.0256  0.0234  0.0250  0.0225  0.0235
  0.0240  0.0247  0.0232  0.0239  0.0222  0.0242  0.0226  0.0233  0.0224  0.0229  0.0220  0.0226
  0.0227  0.0230  0.0225  0.0228  0.0217  0.0228  0.0218  0.0220  0.0217  0.0218  0.0217  0.0219
  0.0222  0.0222  0.0221  0.0220  0.0223  0.0217  0.0216  0.0216  0.0216  0.0216  0.0216  0.0216
  0.0223  0.0222  0.0221  0.0221  0.0246  0.0218  0.0220  0.0220  0.0219  0.0222  0.0217  0.0217
  0.0233  0.0232  0.0227  0.0250  0.0287  0.0227  0.0231  0.0233  0.0227  0.0234  0.0220  0.0222
  0.0250  0.0252  0.0237  0.0305  0.0332  0.0252  0.0246  0.0258  0.0238  0.0251  0.0227  0.0230
niter,ni,del,rscale     6    3    5.0000    1.2000
parameters
   -1.1791   -9.9364   10.6913   -9.8238  -15.2445   -5.4520
   -6.9300   -4.2264    4.0739  -19.5558    6.7304   13.9222
eta,q 0.97863 11.91585
  0.0248  0.0255  0.0238  0.0261  0.0258  0.0250  0.0241  0.0257  0.0234  0.0248  0.0224  0.0231
  0.0231  0.0233  0.0228  0.0241  0.0236  0.0235  0.0226  0.0231  0.0223  0.0227  0.0218  0.0222
  0.0220  0.0220  0.0220  0.0226  0.0219  0.0222  0.0217  0.0218  0.0216  0.0216  0.0215  0.0216
  0.0216  0.0216  0.0216  0.0215  0.0213  0.0214  0.0214  0.0214  0.0214  0.0214  0.0214  0.0214
  0.0218  0.0220  0.0216  0.0208  0.0219  0.0218  0.0217  0.0218  0.0216  0.0219  0.0215  0.0215
  0.0227  0.0231  0.0222  0.0218  0.0241  0.0230  0.0226  0.0231  0.0223  0.0231  0.0218  0.0221
  0.0243  0.0248  0.0232  0.0261  0.0281  0.0260  0.0241  0.0255  0.0233  0.0247  0.0225  0.0231
niter,ni,del,rscale     5    3    5.0000    1.2000
parameters
   -1.1757   -9.9596   10.7688   -9.7633  -15.3438   -5.4546
   -6.9388   -4.2139    4.1228  -19.6047    6.6595   13.9508
eta,q 0.97866 11.91585
  0.0244  0.0250  0.0234  0.0257  0.0262  0.0251  0.0240  0.0256  0.0234  0.0248  0.0224  0.0231
  0.0227  0.0229  0.0224  0.0238  0.0240  0.0236  0.0226  0.0231  0.0223  0.0228  0.0218  0.0222
  0.0217  0.0217  0.0217  0.0224  0.0221  0.0222  0.0217  0.0217  0.0216  0.0217  0.0214  0.0216
  0.0214  0.0214  0.0214  0.0214  0.0213  0.0213  0.0213  0.0213  0.0213  0.0213  0.0213  0.0213
  0.0217  0.0219  0.0215  0.0207  0.0217  0.0217  0.0216  0.0218  0.0216  0.0219  0.0215  0.0215
  0.0227  0.0231  0.0222  0.0223  0.0234  0.0229  0.0226  0.0231  0.0222  0.0231  0.0218  0.0221
  0.0244  0.0249  0.0232  0.0270  0.0271  0.0257  0.0241  0.0255  0.0233  0.0247  0.0224  0.0231
niter,ni,del,rscale     4    3    5.0000    1.2000
parameters
   -1.1766   -9.9723   10.7845   -9.7496  -15.3626   -5.4513
   -6.9446   -4.2024    4.1420  -19.6236    6.6394   13.9753
eta,q 0.97866 11.91620
  0.0243  0.0250  0.0233  0.0257  0.0263  0.0251  0.0240  0.0256  0.0234  0.0248  0.0224  0.0231
  0.0227  0.0229  0.0223  0.0238  0.0240  0.0236  0.0226  0.0230  0.0223  0.0228  0.0218  0.0222
  0.0217  0.0217  0.0216  0.0223  0.0222  0.0222  0.0217  0.0217  0.0216  0.0217  0.0214  0.0216
  0.0213  0.0213  0.0213  0.0213  0.0213  0.0213  0.0213  0.0213  0.0213  0.0213  0.0213  0.0213
  0.0216  0.0219  0.0216  0.0207  0.0216  0.0217  0.0216  0.0218  0.0216  0.0219  0.0214  0.0215
  0.0226  0.0231  0.0222  0.0224  0.0233  0.0229  0.0226  0.0231  0.0223  0.0230  0.0218  0.0221
  0.0244  0.0249  0.0233  0.0271  0.0270  0.0257  0.0241  0.0255  0.0234  0.0246  0.0224  0.0231
registration optimization eta report
parameter search radius
    2.4000    2.7600    2.4000    9.5220    9.5220    8.2800
    7.2000    7.2000    7.2000    7.2000    7.2000    8.2800
100000*second partial in parameter space
       53.       47.       34.        6.        6.        6.
        5.        8.        4.        7.        2.        3.
  0.0243  0.0250  0.0233  0.0257  0.0263  0.0251  0.0240  0.0256  0.0234  0.0248  0.0224  0.0231
  0.0227  0.0229  0.0223  0.0238  0.0240  0.0236  0.0226  0.0230  0.0223  0.0228  0.0218  0.0222
  0.0217  0.0217  0.0216  0.0223  0.0222  0.0222  0.0217  0.0217  0.0216  0.0217  0.0214  0.0216
  0.0213  0.0213  0.0213  0.0213  0.0213  0.0213  0.0213  0.0213  0.0213  0.0213  0.0213  0.0213
  0.0216  0.0219  0.0216  0.0207  0.0216  0.0217  0.0216  0.0218  0.0216  0.0219  0.0214  0.0215
  0.0226  0.0231  0.0222  0.0224  0.0233  0.0229  0.0226  0.0231  0.0223  0.0230  0.0218  0.0221
  0.0244  0.0249  0.0233  0.0271  0.0270  0.0257  0.0241  0.0255  0.0234  0.0246  0.0224  0.0231
   -1.1766   -9.9723   10.7845   -9.7496  -15.3626   -5.4513
   -6.9446   -4.2024    4.1420  -19.6236    6.6394   13.9753
eta,q 0.97866 11.91620

---------------------------------------------------------------------
imgreg_4dfp /opt/freesurfer/average/711-2C_as_mni_average_305 /opt/freesurfer/average/711-2B_as_mni_average_305_mask talsrcimg_g11 none talsrcimg_to_711-2C_as_mni_average_305_t4 2311
---------------------------------------------------------------------

freesurfer imgreg_4dfp.c
/opt/freesurfer/average/711-2C_as_mni_average_305.4dfp.img
       256       256       256         1
  1.000000  1.000000  1.000000
orientation T byte_order littleendian
Reading image: /opt/freesurfer/average/711-2C_as_mni_average_305.4dfp.img
dimensions:      256       256       256
mmppix:       1.0000   -1.0000   -1.0000
center:     128.0000 -129.0000 -129.0000
/opt/freesurfer/average/711-2B_as_mni_average_305_mask.4dfp.img
       256       256       256         1
  1.000000  1.000000  1.000000
orientation T byte_order littleendian
Reading mask: /opt/freesurfer/average/711-2B_as_mni_average_305_mask.4dfp.img (2306576 pixels)
talsrcimg_g11.4dfp.img
       256       256       256         1
  1.000000  1.000000  1.000000
orientation T byte_order littleendian
Reading image: talsrcimg_g11.4dfp.img
dimensions:      256       256       256
mmppix:       1.0000   -1.0000   -1.0000
center:     128.0000 -129.0000 -129.0000
fimgreg.f
image alignment mode   2311 decimal      907 hex
parameters
   -1.1766   -9.9723   10.7845   -9.7496  -15.3626   -5.4513
   -6.9446   -4.2024    4.1420  -19.6236    6.6394   13.9753
eta,q 0.97866 11.91620
niter,ni,del,rscale     5    3    5.0000    0.8000
parameter  4 -0.667289 -> -0.500000 qaram    1.1500
parameters
   -1.1552  -10.0522   10.8286   -6.9896  -15.1725   -4.9605
   -7.0389   -4.0071    4.0835  -19.3665    6.2809   14.0976
eta,q 0.97927 12.03509
  0.0227  0.0225  0.0223  0.0230  0.0222  0.0227  0.0221  0.0236  0.0218  0.0226  0.0213  0.0214
  0.0220  0.0218  0.0218  0.0223  0.0214  0.0219  0.0213  0.0220  0.0212  0.0216  0.0209  0.0210
  0.0215  0.0214  0.0215  0.0218  0.0209  0.0211  0.0209  0.0211  0.0208  0.0210  0.0208  0.0208
  0.0213  0.0213  0.0213  0.0213  0.0207  0.0207  0.0207  0.0207  0.0207  0.0207  0.0207  0.0207
  0.0215  0.0215  0.0214  0.0209  0.0209  0.0209  0.0209  0.0209  0.0209  0.0209  0.0208  0.0208
  0.0219  0.0220  0.0217  0.0207  0.0213  0.0213  0.0214  0.0217  0.0212  0.0214  0.0211  0.0210
  0.0226  0.0227  0.0222  0.0211  0.0220  0.0221  0.0222  0.0232  0.0218  0.0222  0.0214  0.0213
niter,ni,del,rscale     5    3    5.0000    0.8000
parameters
   -1.3022  -10.1372   10.7079   -7.9433  -14.8028   -4.7276
   -6.7896   -4.1425    4.2355  -19.4900    6.4681   13.9317
eta,q 0.97915 12.02047
  0.0221  0.0219  0.0215  0.0223  0.0225  0.0226  0.0223  0.0231  0.0219  0.0224  0.0214  0.0214
  0.0213  0.0212  0.0210  0.0216  0.0217  0.0218  0.0215  0.0217  0.0213  0.0215  0.0211  0.0211
  0.0208  0.0208  0.0208  0.0211  0.0211  0.0211  0.0210  0.0210  0.0210  0.0210  0.0209  0.0209
  0.0207  0.0207  0.0207  0.0207  0.0209  0.0208  0.0209  0.0209  0.0209  0.0209  0.0208  0.0208
  0.0210  0.0209  0.0209  0.0209  0.0209  0.0210  0.0210  0.0211  0.0210  0.0211  0.0209  0.0209
  0.0217  0.0214  0.0212  0.0223  0.0213  0.0214  0.0214  0.0219  0.0213  0.0217  0.0211  0.0211
  0.0228  0.0221  0.0218  0.0250  0.0221  0.0224  0.0220  0.0233  0.0218  0.0225  0.0214  0.0215
niter,ni,del,rscale     4    3    5.0000    0.7000
parameters
   -1.2657  -10.1236   10.6512   -7.9369  -14.7982   -4.6332
   -6.8885   -4.1363    4.2047  -19.4611    6.4864   13.9419
eta,q 0.97915 12.02288
  0.0221  0.0219  0.0215  0.0223  0.0219  0.0222  0.0218  0.0226  0.0216  0.0221  0.0213  0.0213
  0.0214  0.0213  0.0211  0.0218  0.0213  0.0215  0.0213  0.0216  0.0212  0.0214  0.0210  0.0211
  0.0210  0.0210  0.0209  0.0213  0.0210  0.0210  0.0209  0.0210  0.0209  0.0210  0.0209  0.0209
  0.0209  0.0209  0.0208  0.0208  0.0208  0.0208  0.0209  0.0209  0.0209  0.0209  0.0209  0.0209
  0.0210  0.0210  0.0209  0.0207  0.0210  0.0210  0.0210  0.0210  0.0210  0.0210  0.0209  0.0209
  0.0213  0.0213  0.0212  0.0213  0.0213  0.0214  0.0213  0.0216  0.0212  0.0214  0.0210  0.0211
  0.0220  0.0218  0.0216  0.0228  0.0219  0.0221  0.0219  0.0226  0.0216  0.0221  0.0213  0.0213
niter,ni,del,rscale     3    3    5.0000    0.6000
parameters
   -1.2548  -10.1254   10.6269   -7.6213  -14.8448   -4.6220
   -6.9100   -4.1083    4.1574  -19.4383    6.4362   14.0047
eta,q 0.97921 12.03286
  0.0217  0.0216  0.0214  0.0221  0.0216  0.0218  0.0216  0.0222  0.0214  0.0217  0.0211  0.0211
  0.0213  0.0212  0.0211  0.0216  0.0211  0.0212  0.0211  0.0214  0.0210  0.0212  0.0209  0.0209
  0.0210  0.0209  0.0209  0.0212  0.0209  0.0209  0.0209  0.0209  0.0208  0.0209  0.0208  0.0208
  0.0209  0.0209  0.0208  0.0208  0.0208  0.0208  0.0208  0.0208  0.0208  0.0208  0.0208  0.0208
  0.0209  0.0209  0.0209  0.0207  0.0209  0.0210  0.0209  0.0209  0.0209  0.0209  0.0208  0.0208
  0.0212  0.0212  0.0211  0.0211  0.0211  0.0212  0.0211  0.0213  0.0211  0.0212  0.0209  0.0209
  0.0217  0.0216  0.0214  0.0221  0.0216  0.0217  0.0216  0.0221  0.0214  0.0217  0.0211  0.0211
niter,ni,del,rscale     2    3    5.0000    0.5000
parameters
   -1.2660  -10.1412   10.6266   -7.3331  -14.9074   -4.6574
   -6.9176   -4.0785    4.1402  -19.4198    6.3878   14.0909
eta,q 0.97925 12.04078
  0.0214  0.0213  0.0212  0.0218  0.0213  0.0214  0.0213  0.0217  0.0212  0.0214  0.0210  0.0210
  0.0211  0.0210  0.0210  0.0214  0.0210  0.0210  0.0210  0.0212  0.0209  0.0210  0.0208  0.0209
  0.0209  0.0208  0.0208  0.0211  0.0208  0.0208  0.0208  0.0209  0.0208  0.0208  0.0208  0.0208
  0.0208  0.0208  0.0208  0.0208  0.0208  0.0208  0.0207  0.0207  0.0207  0.0207  0.0207  0.0207
  0.0209  0.0209  0.0208  0.0207  0.0208  0.0209  0.0208  0.0208  0.0208  0.0208  0.0208  0.0208
  0.0211  0.0210  0.0210  0.0210  0.0210  0.0211  0.0210  0.0211  0.0209  0.0210  0.0208  0.0208
  0.0214  0.0213  0.0212  0.0217  0.0213  0.0214  0.0213  0.0217  0.0212  0.0214  0.0210  0.0210
niter,ni,del,rscale     1    3    5.0000    0.4000
parameters
   -1.2800  -10.1572   10.6418   -7.0602  -14.9781   -4.7477
   -6.9402   -4.0445    4.1448  -19.4283    6.3346   14.1805
eta,q 0.97929 12.04645
  0.0212  0.0211  0.0210  0.0215  0.0210  0.0212  0.0211  0.0213  0.0210  0.0211  0.0209  0.0209
  0.0209  0.0209  0.0209  0.0212  0.0209  0.0209  0.0209  0.0210  0.0208  0.0209  0.0208  0.0208
  0.0208  0.0208  0.0208  0.0209  0.0207  0.0207  0.0207  0.0208  0.0207  0.0207  0.0207  0.0207
  0.0207  0.0208  0.0207  0.0208  0.0207  0.0207  0.0207  0.0207  0.0207  0.0207  0.0207  0.0207
  0.0208  0.0208  0.0208  0.0207  0.0208  0.0208  0.0207  0.0208  0.0207  0.0208  0.0207  0.0207
  0.0209  0.0209  0.0209  0.0209  0.0209  0.0210  0.0209  0.0210  0.0208  0.0209  0.0208  0.0208
  0.0212  0.0211  0.0210  0.0213  0.0211  0.0212  0.0211  0.0213  0.0210  0.0211  0.0209  0.0208
registration optimization eta report
parameter search radius
    0.8000    0.8000    0.8000    2.7600    2.4000    2.4000
    2.4000    2.4000    2.4000    2.4000    2.4000    2.4000
100000*second partial in parameter space
       66.       53.       37.        8.        6.        8.
        6.       11.        5.        7.        3.        3.
  0.0212  0.0211  0.0210  0.0215  0.0210  0.0212  0.0211  0.0213  0.0210  0.0211  0.0209  0.0209
  0.0209  0.0209  0.0209  0.0212  0.0209  0.0209  0.0209  0.0210  0.0208  0.0209  0.0208  0.0208
  0.0208  0.0208  0.0208  0.0209  0.0207  0.0207  0.0207  0.0208  0.0207  0.0207  0.0207  0.0207
  0.0207  0.0208  0.0207  0.0208  0.0207  0.0207  0.0207  0.0207  0.0207  0.0207  0.0207  0.0207
  0.0208  0.0208  0.0208  0.0207  0.0208  0.0208  0.0207  0.0208  0.0207  0.0208  0.0207  0.0207
  0.0209  0.0209  0.0209  0.0209  0.0209  0.0210  0.0209  0.0210  0.0208  0.0209  0.0208  0.0208
  0.0212  0.0211  0.0210  0.0213  0.0211  0.0212  0.0211  0.0213  0.0210  0.0211  0.0209  0.0208
   -1.2800  -10.1572   10.6418   -7.0602  -14.9781   -4.7477
   -6.9402   -4.0445    4.1448  -19.4283    6.3346   14.1805
eta,q 0.97929 12.04645

---------------------------------------------------------------------
imgreg_4dfp /opt/freesurfer/average/711-2C_as_mni_average_305 /opt/freesurfer/average/711-2B_as_mni_average_305_mask talsrcimg_g11 none talsrcimg_to_711-2C_as_mni_average_305_t4 2311
---------------------------------------------------------------------

freesurfer imgreg_4dfp.c
/opt/freesurfer/average/711-2C_as_mni_average_305.4dfp.img
       256       256       256         1
  1.000000  1.000000  1.000000
orientation T byte_order littleendian
Reading image: /opt/freesurfer/average/711-2C_as_mni_average_305.4dfp.img
dimensions:      256       256       256
mmppix:       1.0000   -1.0000   -1.0000
center:     128.0000 -129.0000 -129.0000
/opt/freesurfer/average/711-2B_as_mni_average_305_mask.4dfp.img
       256       256       256         1
  1.000000  1.000000  1.000000
orientation T byte_order littleendian
Reading mask: /opt/freesurfer/average/711-2B_as_mni_average_305_mask.4dfp.img (2306576 pixels)
talsrcimg_g11.4dfp.img
       256       256       256         1
  1.000000  1.000000  1.000000
orientation T byte_order littleendian
Reading image: talsrcimg_g11.4dfp.img
dimensions:      256       256       256
mmppix:       1.0000   -1.0000   -1.0000
center:     128.0000 -129.0000 -129.0000
fimgreg.f
image alignment mode   2311 decimal      907 hex
parameters
   -1.2800  -10.1572   10.6418   -7.0602  -14.9781   -4.7477
   -6.9402   -4.0445    4.1448  -19.4283    6.3346   14.1805
eta,q 0.97929 12.04644
niter,ni,del,rscale     5    3    5.0000    0.8000
parameters
   -1.3090  -10.1474   10.6605   -7.7562  -14.8537   -4.7520
   -6.8186   -4.1236    4.2263  -19.4590    6.4552   13.9963
eta,q 0.97919 12.02650
  0.0224  0.0221  0.0217  0.0220  0.0223  0.0225  0.0222  0.0231  0.0219  0.0224  0.0214  0.0214
  0.0214  0.0213  0.0212  0.0215  0.0215  0.0217  0.0215  0.0217  0.0213  0.0215  0.0211  0.0210
  0.0209  0.0208  0.0208  0.0210  0.0210  0.0210  0.0210  0.0210  0.0209  0.0210  0.0209  0.0209
  0.0207  0.0207  0.0207  0.0207  0.0208  0.0208  0.0208  0.0208  0.0208  0.0208  0.0208  0.0208
  0.0209  0.0209  0.0208  0.0209  0.0209  0.0210  0.0209  0.0211  0.0209  0.0210  0.0209  0.0209
  0.0215  0.0213  0.0211  0.0219  0.0214  0.0215  0.0214  0.0219  0.0213  0.0216  0.0210  0.0211
  0.0225  0.0220  0.0216  0.0239  0.0222  0.0226  0.0221  0.0233  0.0218  0.0224  0.0213  0.0215
niter,ni,del,rscale     4    3    5.0000    0.7000
parameters
   -1.2709  -10.1261   10.6528   -7.6434  -14.8584   -4.6702
   -6.8970   -4.1142    4.1859  -19.4329    6.4489   13.9963
eta,q 0.97921 12.03109
  0.0221  0.0219  0.0215  0.0220  0.0219  0.0221  0.0218  0.0227  0.0216  0.0221  0.0212  0.0212
  0.0214  0.0213  0.0211  0.0216  0.0213  0.0215  0.0212  0.0216  0.0211  0.0213  0.0210  0.0210
  0.0210  0.0209  0.0209  0.0212  0.0209  0.0209  0.0209  0.0210  0.0209  0.0209  0.0208  0.0208
  0.0208  0.0208  0.0208  0.0208  0.0208  0.0208  0.0208  0.0208  0.0208  0.0208  0.0208  0.0208
  0.0209  0.0209  0.0209  0.0207  0.0209  0.0210  0.0209  0.0210  0.0209  0.0209  0.0208  0.0208
  0.0213  0.0213  0.0211  0.0211  0.0213  0.0213  0.0213  0.0216  0.0212  0.0214  0.0210  0.0210
  0.0220  0.0218  0.0215  0.0223  0.0219  0.0221  0.0219  0.0227  0.0216  0.0220  0.0212  0.0212
niter,ni,del,rscale     3    3    5.0000    0.6000
parameters
   -1.2700  -10.1345   10.6367   -7.3888  -14.8907   -4.6497
   -6.9099   -4.0932    4.1636  -19.4088    6.3979   14.0500
eta,q 0.97924 12.03933
  0.0217  0.0215  0.0213  0.0218  0.0215  0.0218  0.0215  0.0222  0.0213  0.0217  0.0211  0.0211
  0.0212  0.0211  0.0210  0.0214  0.0211  0.0212  0.0211  0.0214  0.0210  0.0212  0.0209  0.0209
  0.0209  0.0209  0.0208  0.0211  0.0208  0.0208  0.0208  0.0209  0.0208  0.0208  0.0208  0.0208
  0.0208  0.0208  0.0208  0.0208  0.0208  0.0208  0.0208  0.0208  0.0208  0.0208  0.0208  0.0208
  0.0209  0.0209  0.0209  0.0207  0.0208  0.0209  0.0208  0.0209  0.0208  0.0209  0.0208  0.0208
  0.0212  0.0211  0.0210  0.0210  0.0211  0.0212  0.0211  0.0213  0.0210  0.0212  0.0209  0.0209
  0.0217  0.0215  0.0213  0.0218  0.0216  0.0217  0.0215  0.0222  0.0214  0.0217  0.0211  0.0211
niter,ni,del,rscale     2    3    5.0000    0.5000
parameters
   -1.2831  -10.1503   10.6367   -7.1526  -14.9449   -4.6809
   -6.9174   -4.0667    4.1435  -19.4006    6.3487   14.1333
eta,q 0.97928 12.04557
  0.0214  0.0213  0.0211  0.0216  0.0213  0.0214  0.0213  0.0217  0.0211  0.0214  0.0210  0.0210
  0.0210  0.0210  0.0209  0.0212  0.0210  0.0210  0.0210  0.0212  0.0209  0.0210  0.0208  0.0208
  0.0208  0.0208  0.0208  0.0210  0.0208  0.0208  0.0208  0.0208  0.0208  0.0208  0.0207  0.0208
  0.0208  0.0208  0.0208  0.0208  0.0207  0.0207  0.0207  0.0207  0.0207  0.0207  0.0207  0.0207
  0.0208  0.0208  0.0208  0.0207  0.0208  0.0209  0.0208  0.0208  0.0208  0.0208  0.0208  0.0207
  0.0211  0.0210  0.0209  0.0209  0.0210  0.0211  0.0210  0.0211  0.0209  0.0210  0.0208  0.0208
  0.0214  0.0213  0.0211  0.0215  0.0213  0.0214  0.0213  0.0217  0.0211  0.0214  0.0210  0.0209
niter,ni,del,rscale     1    3    5.0000    0.4000
parameters
   -1.2937  -10.1670   10.6472   -6.9304  -15.0084   -4.7631
   -6.9361   -4.0270    4.1428  -19.4200    6.3039   14.2189
eta,q 0.97930 12.04963
  0.0211  0.0210  0.0210  0.0213  0.0210  0.0212  0.0210  0.0213  0.0210  0.0211  0.0208  0.0209
  0.0209  0.0209  0.0208  0.0211  0.0208  0.0209  0.0208  0.0210  0.0208  0.0209  0.0208  0.0208
  0.0208  0.0208  0.0208  0.0209  0.0207  0.0207  0.0207  0.0208  0.0207  0.0207  0.0207  0.0207
  0.0207  0.0207  0.0207  0.0207  0.0207  0.0207  0.0207  0.0207  0.0207  0.0207  0.0207  0.0207
  0.0208  0.0208  0.0208  0.0207  0.0207  0.0208  0.0207  0.0207  0.0207  0.0207  0.0207  0.0207
  0.0209  0.0209  0.0208  0.0208  0.0209  0.0210  0.0209  0.0209  0.0208  0.0209  0.0208  0.0208
  0.0212  0.0211  0.0210  0.0212  0.0211  0.0212  0.0211  0.0213  0.0210  0.0211  0.0209  0.0208
registration optimization eta report
parameter search radius
    0.8000    0.8000    0.8000    2.4000    2.4000    2.4000
    2.4000    2.4000    2.4000    2.4000    2.4000    2.4000
100000*second partial in parameter space
       67.       53.       38.        9.        6.        8.
        6.       11.        5.        7.        3.        3.
  0.0211  0.0210  0.0210  0.0213  0.0210  0.0212  0.0210  0.0213  0.0210  0.0211  0.0208  0.0209
  0.0209  0.0209  0.0208  0.0211  0.0208  0.0209  0.0208  0.0210  0.0208  0.0209  0.0208  0.0208
  0.0208  0.0208  0.0208  0.0209  0.0207  0.0207  0.0207  0.0208  0.0207  0.0207  0.0207  0.0207
  0.0207  0.0207  0.0207  0.0207  0.0207  0.0207  0.0207  0.0207  0.0207  0.0207  0.0207  0.0207
  0.0208  0.0208  0.0208  0.0207  0.0207  0.0208  0.0207  0.0207  0.0207  0.0207  0.0207  0.0207
  0.0209  0.0209  0.0208  0.0208  0.0209  0.0210  0.0209  0.0209  0.0208  0.0209  0.0208  0.0208
  0.0212  0.0211  0.0210  0.0212  0.0211  0.0212  0.0211  0.0213  0.0210  0.0211  0.0209  0.0208
   -1.2937  -10.1670   10.6472   -6.9304  -15.0084   -4.7631
   -6.9361   -4.0270    4.1428  -19.4200    6.3039   14.2189
eta,q 0.97930 12.04963

---------------------------------------------------------------------
compute_vox2vox talsrcimg talsrcimg_to_711-2C_as_mni_average_305_t4 /opt/freesurfer/average/711-2C_as_mni_average_305
---------------------------------------------------------------------

freesurfer compute_vox2vox.c
Reading: talsrcimg.4dfp.ifh
Reading: talsrcimg_to_711-2C_as_mni_average_305_t4
Reading: /opt/freesurfer/average/711-2C_as_mni_average_305.4dfp.ifh
Writing: talsrcimg_to_711-2C_as_mni_average_305_t4_vox2vox.txt

start time Wed Mar 11 07:48:38 CET 2026
end		time Wed Mar 11 07:50:04 CET 2026

mpr2mni305 success

avi2talxfm orig_nu.mgz /opt/freesurfer/average/mni305.cor.mgz talsrcimg_to_711-2C_as_mni_average_305_t4_vox2vox.txt transforms/talairach.auto.xfm
avi2talxfm done
mv -f /out/sourcedata/freesurfer/sub-v2s15x29733_ses-1/mri/talsrcimg_to_711-2C_as_mni_average_305_t4_vox2vox.txt /out/sourcedata/freesurfer/sub-v2s15x29733_ses-1/mri/transforms/talsrcimg_to_711-2C_as_mni_average_305_t4_vox2vox.txt
lta_convert --src orig_nu.mgz --trg /opt/freesurfer/average/mni305.cor.mgz --inxfm transforms/talairach.auto.xfm --outlta transforms/talairach.auto.xfm.lta --subject fsaverage
7.3.2

--src: orig_nu.mgz src image (geometry).
--trg: /opt/freesurfer/average/mni305.cor.mgz trg image (geometry).
--inmni: transforms/talairach.auto.xfm input MNI/XFM transform.
--outlta: transforms/talairach.auto.xfm.lta output LTA.
--s: fsaverage subject name
 LTA read, type : 1
 1.06692   0.06080   0.07690   3.95322;
-0.06078   1.01191  -0.17425  -17.96707;
-0.06589   0.22825   1.13302  -26.80983;
 0.00000   0.00000   0.00000   1.00000;
setting subject to fsaverage
Writing  LTA to file transforms/talairach.auto.xfm.lta...
lta_convert successful.
 
 
Started at Wed Mar 11 07:48:38 CET 2026
Ended   at Wed Mar 11 07:50:04 CET 2026
talairach_avi done
