/out/sourcedata/freesurfer/sub-v2s15x29729_ses-1/mri
/opt/freesurfer/bin/talairach_avi
--i orig_nu.mgz --xfm transforms/talairach.auto.xfm
talairach_avi 7.3.2
Linux dna058 5.14.0-427.37.1.el9_4.x86_64 #1 SMP PREEMPT_DYNAMIC Fri Sep 13 12:41:50 EDT 2024 x86_64 x86_64 x86_64 GNU/Linux
Wed Mar 11 07:31:16 CET 2026
mri_convert orig_nu.mgz talsrcimg.img 
reading from orig_nu.mgz...
TR=0.00, TE=0.00, TI=0.00, flip angle=0.00
i_ras = (-1, 0, 0)
j_ras = (0, 0, -1)
k_ras = (0, 1, 0)
writing to talsrcimg.img...
Analyze Output Matrix
-1.00000   0.00000   0.00000   132.06590;
 0.00000   0.00000   1.00000  -118.92541;
 0.00000  -1.00000   0.00000   146.92090;
 0.00000   0.00000   0.00000   1.00000;
--------------------
INFO: set hdr.hist.orient to -1
mpr2mni305 talsrcimg
Wed Mar 11 07:31:17 CET 2026
/opt/freesurfer/bin/mpr2mni305 talsrcimg
mpr2mni305 7.3.2
target=711-2C_as_mni_average_305

---------------------------------------------------------------------
analyzeto4dfp talsrcimg -O0 -y
---------------------------------------------------------------------

freesurfer ifh2hdr.c
Wed Mar 11 07:31:17 2026
Writing: talsrcimg.4dfp.hdr
freesurfer analyzeto4dfp.c
Reading: talsrcimg.hdr
header size 348 bytes
hdr.dime.datatype	offset=70	value=2
hdr.dime.bitpix		offset=72	value=8
hdr.hist.orient		offset=252	value=-1
dimensionality     4
dimensions       256       256       256         1
Reading: talsrcimg.img
Writing: talsrcimg.4dfp.img
Writing: talsrcimg.4dfp.ifh
ifh2hdr talsrcimg -r0to230
ori=2

---------------------------------------------------------------------
gauss_4dfp talsrcimg 1.1
---------------------------------------------------------------------

freesurfer gauss_4dfp.c
Reading: talsrcimg.4dfp.img
Writing: talsrcimg_g11.4dfp.img
image dimensions 256 256 256 padded to 288 288 288
processing volume 1freesurfer ifh2hdr.c
Wed Mar 11 07:31:18 2026
Writing: talsrcimg_g11.4dfp.hdr

Writing: talsrcimg_g11.4dfp.ifh
including: talsrcimg.4dfp.img.rec in talsrcimg_g11.4dfp.img.rec

---------------------------------------------------------------------
imgreg_4dfp /opt/freesurfer/average/711-2C_as_mni_average_305 none talsrcimg_g11 none talsrcimg_to_711-2C_as_mni_average_305_t4 4355
---------------------------------------------------------------------

freesurfer imgreg_4dfp.c
/opt/freesurfer/average/711-2C_as_mni_average_305.4dfp.img
       256       256       256         1
  1.000000  1.000000  1.000000
orientation T byte_order littleendian
Reading image: /opt/freesurfer/average/711-2C_as_mni_average_305.4dfp.img
dimensions:      256       256       256
mmppix:       1.0000   -1.0000   -1.0000
center:     128.0000 -129.0000 -129.0000
talsrcimg_g11.4dfp.img
       256       256       256         1
  1.000000  1.000000  1.000000
orientation T byte_order littleendian
Reading image: talsrcimg_g11.4dfp.img
dimensions:      256       256       256
mmppix:       1.0000   -1.0000   -1.0000
center:     128.0000 -129.0000 -129.0000
t4_read: open error in t4_sub.f l:  41 t4_file(1:l)talsrcimg_to_711-2C_as_mni_average_305_t4 
t4_read: transform initialized to I4
rotation matrix determinant  1.000000
image alignment mode   4355 decimal     1103 hex
   -7.5000  -45.0000  -45.0000 8024.8535   17.1842
    0.0000  -45.0000  -45.0000 8397.0957   17.1335
    7.5000  -45.0000  -45.0000 8089.4668   17.1241
   -7.5000  -37.5000  -45.0000 8609.5322   17.1084
    0.0000  -37.5000  -45.0000 9021.3828   17.0651
    7.5000  -37.5000  -45.0000 8673.3223   17.0575
   -7.5000  -30.0000  -45.0000 9442.1982   17.0883
    0.0000  -30.0000  -45.0000 9878.8115   17.0505
    7.5000  -30.0000  -45.0000 9500.4893   17.0449
   -7.5000  -22.5000  -45.000010203.5791   17.0975
    0.0000  -22.5000  -45.000010667.3213   17.0587
    7.5000  -22.5000  -45.000010259.4336   17.0535
   -7.5000  -15.0000  -45.000010888.0322   17.1187
    0.0000  -15.0000  -45.000011386.2314   17.0743
    7.5000  -15.0000  -45.000010935.2100   17.0682
   -7.5000   -7.5000  -45.000011520.4922   17.1325
    0.0000   -7.5000  -45.000012058.7041   17.0829
    7.5000   -7.5000  -45.000011555.2930   17.0743
   -7.5000    0.0000  -45.000012065.3203   17.1263
    0.0000    0.0000  -45.000012670.5625   17.0768
    7.5000    0.0000  -45.000012124.7480   17.0670
   -7.5000    7.5000  -45.000011772.1318   17.1032
    0.0000    7.5000  -45.000012387.0156   17.0601
    7.5000    7.5000  -45.000011857.2480   17.0523
   -7.5000   15.0000  -45.000011375.5117   17.0883
    0.0000   15.0000  -45.000011955.0977   17.0505
    7.5000   15.0000  -45.000011427.8223   17.0449
   -7.5000   22.5000  -45.000010566.4062   17.0952
    0.0000   22.5000  -45.000011090.1367   17.0564
    7.5000   22.5000  -45.000010582.5264   17.0512
   -7.5000   30.0000  -45.0000 9695.9775   16.8906
    0.0000   30.0000  -45.000010160.8457   16.8467
    7.5000   30.0000  -45.0000 9671.4717   16.8408
   -7.5000   37.5000  -45.0000 9166.9072   16.9041
    0.0000   37.5000  -45.0000 9618.0986   16.8552
    7.5000   37.5000  -45.0000 9144.9375   16.8467
   -7.5000   45.0000  -45.0000 8333.0566   16.4690
    0.0000   45.0000  -45.0000 8744.1221   16.4214
    7.5000   45.0000  -45.0000 8336.3457   16.4119
   -7.5000  -45.0000  -37.5000 8598.0801   17.0259
    0.0000  -45.0000  -37.5000 9025.9141   16.9787
    7.5000  -45.0000  -37.5000 8670.2832   16.9799
   -7.5000  -37.5000  -37.5000 9213.4951   16.9576
    0.0000  -37.5000  -37.5000 9663.0361   16.9150
    7.5000  -37.5000  -37.5000 9268.7080   16.9223
   -7.5000  -30.0000  -37.500010078.1055   16.9437
    0.0000  -30.0000  -37.500010550.4961   16.9030
    7.5000  -30.0000  -37.500010132.8086   16.9116
   -7.5000  -22.5000  -37.500010868.1416   16.9528
    0.0000  -22.5000  -37.500011350.5400   16.9104
    7.5000  -22.5000  -37.500010892.2480   16.9141
   -7.5000  -15.0000  -37.500011555.7139   16.9690
    0.0000  -15.0000  -37.500012093.5088   16.9234
    7.5000  -15.0000  -37.500011588.7129   16.9213
   -7.5000   -7.5000  -37.500012195.2275   16.9767
    0.0000   -7.5000  -37.500012775.9658   16.9290
    7.5000   -7.5000  -37.500012230.0732   16.9255
   -7.5000    0.0000  -37.500012770.9014   16.9691
    0.0000    0.0000  -37.500013408.5518   16.9230
    7.5000    0.0000  -37.500012833.0479   16.9238
   -7.5000    7.5000  -37.500012483.4229   16.9523
    0.0000    7.5000  -37.500013104.4062   16.9100
    7.5000    7.5000  -37.500012534.3691   16.9171
   -7.5000   15.0000  -37.500012022.5547   16.9437
    0.0000   15.0000  -37.500012609.0674   16.9030
    7.5000   15.0000  -37.500012038.1094   16.9116
   -7.5000   22.5000  -37.500011165.7490   16.9504
    0.0000   22.5000  -37.500011710.2920   16.9081
    7.5000   22.5000  -37.500011155.4990   16.9118
   -7.5000   30.0000  -37.500010210.7559   16.7429
    0.0000   30.0000  -37.500010704.0908   16.6979
    7.5000   30.0000  -37.500010177.5098   16.6958
   -7.5000   37.5000  -37.5000 9603.7568   16.7504
    0.0000   37.5000  -37.500010095.3145   16.7034
    7.5000   37.5000  -37.5000 9590.7803   16.6999
   -7.5000   45.0000  -37.5000 8712.6094   16.3178
    0.0000   45.0000  -37.5000 9145.8682   16.2735
    7.5000   45.0000  -37.5000 8726.6514   16.2742
   -7.5000  -45.0000  -30.0000 9329.2344   17.7009
    0.0000  -45.0000  -30.0000 9781.4365   17.6455
    7.5000  -45.0000  -30.0000 9387.6445   17.6475
   -7.5000  -37.5000  -30.0000 9998.5684   17.6339
    0.0000  -37.5000  -30.000010457.0977   17.5827
    7.5000  -37.5000  -30.000010026.9971   17.5944
   -7.5000  -30.0000  -30.000010920.6309   17.6254
    0.0000  -30.0000  -30.000011416.1650   17.5734
    7.5000  -30.0000  -30.000010950.1855   17.5857
   -7.5000  -22.5000  -30.000011730.2949   17.6363
    0.0000  -22.5000  -30.000012259.9160   17.5809
    7.5000  -22.5000  -30.000011753.8018   17.5833
   -7.5000  -15.0000  -30.000012458.8213   17.6495
    0.0000  -15.0000  -30.000013063.1260   17.5912
    7.5000  -15.0000  -30.000012492.4414   17.5839
   -7.5000   -7.5000  -30.000013138.3057   17.6516
    0.0000   -7.5000  -30.000013782.9639   17.5938
    7.5000   -7.5000  -30.000013161.3418   17.5862
   -7.5000    0.0000  -30.000013765.6406   17.6415
    0.0000    0.0000  -30.000014434.5918   17.5874
    7.5000    0.0000  -30.000013799.7168   17.5890
   -7.5000    7.5000  -30.000013449.0625   17.6284
    0.0000    7.5000  -30.000014103.4688   17.5774
    7.5000    7.5000  -30.000013464.7705   17.5890
   -7.5000   15.0000  -30.000012908.2422   17.6254
    0.0000   15.0000  -30.000013495.4160   17.5734
    7.5000   15.0000  -30.000012862.7227   17.5857
   -7.5000   22.5000  -30.000011952.9395   17.6320
    0.0000   22.5000  -30.000012517.6426   17.5767
    7.5000   22.5000  -30.000011906.3896   17.5791
   -7.5000   30.0000  -30.000010891.2881   17.4159
    0.0000   30.0000  -30.000011417.6699   17.3585
    7.5000   30.0000  -30.000010843.0703   17.3512
   -7.5000   37.5000  -30.000010237.1211   17.4181
    0.0000   37.5000  -30.000010739.5156   17.3610
    7.5000   37.5000  -30.000010221.8701   17.3535
   -7.5000   45.0000  -30.0000 9262.1982   16.9769
    0.0000   45.0000  -30.0000 9727.0684   16.9248
    7.5000   45.0000  -30.0000 9272.3652   16.9263
   -7.5000  -45.0000  -22.500010062.4668   18.3129
    0.0000  -45.0000  -22.500010541.1289   18.2444
    7.5000  -45.0000  -22.500010110.1865   18.2352
   -7.5000  -37.5000  -22.500010767.5801   18.2425
    0.0000  -37.5000  -22.500011250.9766   18.1797
    7.5000  -37.5000  -22.500010787.6094   18.1779
   -7.5000  -30.0000  -22.500011741.9648   18.2361
    0.0000  -30.0000  -22.500012286.7607   18.1740
    7.5000  -30.0000  -22.500011773.7119   18.1711
   -7.5000  -22.5000  -22.500012605.0576   18.2498
    0.0000  -22.5000  -22.500013193.7373   18.1838
    7.5000  -22.5000  -22.500012641.4277   18.1720
   -7.5000  -15.0000  -22.500013399.4531   18.2630
    0.0000  -15.0000  -22.500014043.9023   18.1927
    7.5000  -15.0000  -22.500013418.9443   18.1737
   -7.5000   -7.5000  -22.500014101.7656   18.2633
    0.0000   -7.5000  -22.500014767.7178   18.1925
    7.5000   -7.5000  -22.500014094.2676   18.1747
   -7.5000    0.0000  -22.500014770.0791   18.2509
    0.0000    0.0000  -22.500015460.8828   18.1839
    7.5000    0.0000  -22.500014772.0156   18.1742
   -7.5000    7.5000  -22.500014434.6836   18.2369
    0.0000    7.5000  -22.500015106.7148   18.1743
    7.5000    7.5000  -22.500014409.1055   18.1723
   -7.5000   15.0000  -22.500013751.3457   18.2361
    0.0000   15.0000  -22.500014396.8242   18.1740
    7.5000   15.0000  -22.500013693.9072   18.1711
   -7.5000   22.5000  -22.500012724.7490   18.2442
    0.0000   22.5000  -22.500013345.7734   18.1782
    7.5000   22.5000  -22.500012655.9033   18.1664
   -7.5000   30.0000  -22.500011604.5107   18.0241
    0.0000   30.0000  -22.500012177.5869   17.9548
    7.5000   30.0000  -22.500011544.6035   17.9360
   -7.5000   37.5000  -22.500010867.7197   18.0244
    0.0000   37.5000  -22.500011411.4639   17.9546
    7.5000   37.5000  -22.500010838.1309   17.9369
   -7.5000   45.0000  -22.5000 9784.1943   17.5765
    0.0000   45.0000  -22.500010263.4336   17.5120
    7.5000   45.0000  -22.5000 9771.1396   17.5027
   -7.5000  -45.0000  -15.000010779.1992   18.7583
    0.0000  -45.0000  -15.000011288.6465   18.6835
    7.5000  -45.0000  -15.000010846.2549   18.6624
   -7.5000  -37.5000  -15.000011523.0195   18.6786
    0.0000  -37.5000  -15.000012058.3457   18.6118
    7.5000  -37.5000  -15.000011557.2559   18.5934
   -7.5000  -30.0000  -15.000012576.4609   18.6670
    0.0000  -30.0000  -15.000013152.2764   18.6046
    7.5000  -30.0000  -15.000012622.1768   18.5843
   -7.5000  -22.5000  -15.000013491.2490   18.6833
    0.0000  -22.5000  -15.000014090.5264   18.6179
    7.5000  -22.5000  -15.000013521.0020   18.5931
   -7.5000  -15.0000  -15.000014293.8135   18.7028
    0.0000  -15.0000  -15.000014976.1348   18.6308
    7.5000  -15.0000  -15.000014320.7764   18.6040
   -7.5000   -7.5000  -15.000015029.2832   18.7081
    0.0000   -7.5000  -15.000015739.0068   18.6324
    7.5000   -7.5000  -15.000015046.4170   18.6072
   -7.5000    0.0000  -15.000015769.6006   18.6946
    0.0000    0.0000  -15.000016505.9082   18.6212
    7.5000    0.0000  -15.000015750.2861   18.5997
   -7.5000    7.5000  -15.000015393.4561   18.6730
    0.0000    7.5000  -15.000016120.7881   18.6064
    7.5000    7.5000  -15.000015337.2334   18.5878
   -7.5000   15.0000  -15.000014605.0576   18.6670
    0.0000   15.0000  -15.000015283.9941   18.6046
    7.5000   15.0000  -15.000014510.9424   18.5843
   -7.5000   22.5000  -15.000013480.4648   18.6767
    0.0000   22.5000  -15.000014131.1826   18.6113
    7.5000   22.5000  -15.000013388.7969   18.5865
   -7.5000   30.0000  -15.000012312.2627   18.4608
    0.0000   30.0000  -15.000012911.9775   18.3897
    7.5000   30.0000  -15.000012219.5586   18.3632
   -7.5000   37.5000  -15.000011515.6787   18.4660
    0.0000   37.5000  -15.000012082.9141   18.3913
    7.5000   37.5000  -15.000011451.4492   18.3664
   -7.5000   45.0000  -15.000010328.8613   18.0147
    0.0000   45.0000  -15.000010831.3164   17.9440
    7.5000   45.0000  -15.000010292.8945   17.9233
   -7.5000  -45.0000   -7.500011516.8340   18.9829
    0.0000  -45.0000   -7.500012096.2061   18.9157
    7.5000  -45.0000   -7.500011616.7031   18.8934
   -7.5000  -37.5000   -7.500012260.5908   18.8972
    0.0000  -37.5000   -7.500012867.0498   18.8391
    7.5000  -37.5000   -7.500012356.8125   18.8172
   -7.5000  -30.0000   -7.500013401.2578   18.8772
    0.0000  -30.0000   -7.500014025.9434   18.8257
    7.5000  -30.0000   -7.500013491.8926   18.8039
   -7.5000  -22.5000   -7.500014383.3203   18.8912
    0.0000  -22.5000   -7.500015038.6289   18.8377
    7.5000  -22.5000   -7.500014437.7393   18.8161
   -7.5000  -15.0000   -7.500015209.2012   18.9156
    0.0000  -15.0000   -7.500015940.8584   18.8550
    7.5000  -15.0000   -7.500015268.4326   18.8342
   -7.5000   -7.5000   -7.500015986.5732   18.9289
    0.0000   -7.5000   -7.500016712.4492   18.8623
    7.5000   -7.5000   -7.500015988.7949   18.8407
   -7.5000    0.0000   -7.500016768.1797   18.9188
    0.0000    0.0000   -7.500017538.8516   18.8530
    7.5000    0.0000   -7.500016758.1992   18.8304
   -7.5000    7.5000   -7.500016341.6094   18.8916
    0.0000    7.5000   -7.500017078.8535   18.8337
    7.5000    7.5000   -7.500016304.2305   18.8117
   -7.5000   15.0000   -7.500015435.3760   18.8772
    0.0000   15.0000   -7.500016125.7285   18.8257
    7.5000   15.0000   -7.500015356.3555   18.8039
   -7.5000   22.5000   -7.500014216.9844   18.8825
    0.0000   22.5000   -7.500014894.3203   18.8290
    7.5000   22.5000   -7.500014130.8252   18.8074
   -7.5000   30.0000   -7.500013001.8193   18.6703
    0.0000   30.0000   -7.500013643.3555   18.6104
    7.5000   30.0000   -7.500012913.0771   18.5899
   -7.5000   37.5000   -7.500012218.6104   18.6834
    0.0000   37.5000   -7.500012785.9443   18.6177
    7.5000   37.5000   -7.500012118.3359   18.5964
   -7.5000   45.0000   -7.500010933.1826   18.2342
    0.0000   45.0000   -7.500011450.5840   18.1707
    7.5000   45.0000   -7.500010891.7236   18.1489
   -7.5000  -45.0000    0.000012159.4424   19.0171
    0.0000  -45.0000    0.000012809.8496   18.9613
    7.5000  -45.0000    0.000012269.1562   18.9501
   -7.5000  -37.5000    0.000012910.3428   18.9346
    0.0000  -37.5000    0.000013577.6338   18.8864
    7.5000  -37.5000    0.000013030.6943   18.8769
   -7.5000  -30.0000    0.000014107.9980   18.9130
    0.0000  -30.0000    0.000014800.0977   18.8707
    7.5000  -30.0000    0.000014288.2412   18.8629
   -7.5000  -22.5000    0.000015233.5537   18.9230
    0.0000  -22.5000    0.000015972.5186   18.8797
    7.5000  -22.5000    0.000015385.3848   18.8724
   -7.5000  -15.0000    0.000016152.9033   18.9456
    0.0000  -15.0000    0.000016913.1172   18.8965
    7.5000  -15.0000    0.000016220.3379   18.8886
   -7.5000   -7.5000    0.000016924.4922   18.9602
    0.0000   -7.5000    0.000017628.9082   18.9056
    7.5000   -7.5000    0.000016937.9414   18.8953
   -7.5000    0.0000    0.000017672.4609   18.9536
    0.0000    0.0000    0.000018378.1934   18.8991
    7.5000    0.0000    0.000017708.2168   18.8875
   -7.5000    7.5000    0.000017157.3477   18.9289
    0.0000    7.5000    0.000017859.1289   18.8810
    7.5000    7.5000    0.000017188.9121   18.8713
   -7.5000   15.0000    0.000016127.1816   18.9130
    0.0000   15.0000    0.000016790.5156   18.8707
    7.5000   15.0000    0.000016122.9346   18.8629
   -7.5000   22.5000    0.000014866.5088   18.9143
    0.0000   22.5000    0.000015497.1631   18.8710
    7.5000   22.5000    0.000014832.8027   18.8637
   -7.5000   30.0000    0.000013629.1396   18.7004
    0.0000   30.0000    0.000014266.1738   18.6519
    7.5000   30.0000    0.000013595.2285   18.6442
   -7.5000   37.5000    0.000012859.6348   18.7148
    0.0000   37.5000    0.000013451.3281   18.6610
    7.5000   37.5000    0.000012792.2344   18.6508
   -7.5000   45.0000    0.000011537.2373   18.2691
    0.0000   45.0000    0.000012064.5703   18.2166
    7.5000   45.0000    0.000011454.2363   18.2054
   -7.5000  -45.0000    7.500011817.2305   19.0090
    0.0000  -45.0000    7.500012433.8613   18.9563
    7.5000  -45.0000    7.500011915.5889   18.9577
   -7.5000  -37.5000    7.500012499.7725   18.9327
    0.0000  -37.5000    7.500013130.9912   18.8852
    7.5000  -37.5000    7.500012638.6689   18.8934
   -7.5000  -30.0000    7.500013671.9199   18.9170
    0.0000  -30.0000    7.500014392.5850   18.8716
    7.5000  -30.0000    7.500013876.0967   18.8813
   -7.5000  -22.5000    7.500014839.3125   18.9271
    0.0000  -22.5000    7.500015654.5029   18.8798
    7.5000  -22.5000    7.500015009.4170   18.8839
   -7.5000  -15.0000    7.500015802.4600   18.9452
    0.0000  -15.0000    7.500016486.0723   18.8943
    7.5000  -15.0000    7.500015917.2695   18.8920
   -7.5000   -7.5000    7.500016509.5605   18.9540
    0.0000   -7.5000    7.500017040.5371   18.9008
    7.5000   -7.5000    7.500016568.3652   18.8970
   -7.5000    0.0000    7.500017218.3574   18.9456
    0.0000    0.0000    7.500017727.1172   18.8943
    7.5000    0.0000    7.500017282.0820   18.8952
   -7.5000    7.5000    7.500016713.6055   18.9269
    0.0000    7.5000    7.500017263.4277   18.8796
    7.5000    7.5000    7.500016789.8184   18.8877
   -7.5000   15.0000    7.500015676.8223   18.9170
    0.0000   15.0000    7.500016244.9609   18.8716
    7.5000   15.0000    7.500015713.7012   18.8813
   -7.5000   22.5000    7.500014467.2656   18.9183
    0.0000   22.5000    7.500015055.1064   18.8711
    7.5000   22.5000    7.500014459.7061   18.8752
   -7.5000   30.0000    7.500013281.8555   18.7000
    0.0000   30.0000    7.500013880.1064   18.6498
    7.5000   30.0000    7.500013222.8330   18.6475
   -7.5000   37.5000    7.500012511.0234   18.7087
    0.0000   37.5000    7.500013100.3193   18.6562
    7.5000   37.5000    7.500012435.4561   18.6524
   -7.5000   45.0000    7.500011257.5371   18.2614
    0.0000   45.0000    7.500011744.1064   18.2119
    7.5000   45.0000    7.500011158.9746   18.2128
   -7.5000  -45.0000   15.000011315.1748   19.0078
    0.0000  -45.0000   15.000011975.8281   18.9483
    7.5000  -45.0000   15.000011440.7891   18.9505
   -7.5000  -37.5000   15.000011991.3750   18.9359
    0.0000  -37.5000   15.000012649.5996   18.8809
    7.5000  -37.5000   15.000012150.9619   18.8935
   -7.5000  -30.0000   15.000013076.7920   18.9268
    0.0000  -30.0000   15.000013755.4277   18.8709
    7.5000  -30.0000   15.000013286.6289   18.8842
   -7.5000  -22.5000   15.000014075.9912   18.9384
    0.0000  -22.5000   15.000014772.7041   18.8790
    7.5000  -22.5000   15.000014300.7832   18.8816
   -7.5000  -15.0000   15.000015010.8193   18.9526
    0.0000  -15.0000   15.000015641.8643   18.8901
    7.5000  -15.0000   15.000015239.3164   18.8822
   -7.5000   -7.5000   15.000015835.3965   18.9549
    0.0000   -7.5000   15.000016399.1602   18.8929
    7.5000   -7.5000   15.000016006.6602   18.8847
   -7.5000    0.0000   15.000016582.4551   18.9441
    0.0000    0.0000   15.000017174.6914   18.8860
    7.5000    0.0000   15.000016696.1914   18.8877
   -7.5000    7.5000   15.000016140.0518   18.9300
    0.0000    7.5000   15.000016732.3203   18.8752
    7.5000    7.5000   15.000016185.6035   18.8876
   -7.5000   15.0000   15.000015079.0166   18.9268
    0.0000   15.0000   15.000015628.6445   18.8709
    7.5000   15.0000   15.000015069.8691   18.8842
   -7.5000   22.5000   15.000013923.0820   18.9297
    0.0000   22.5000   15.000014464.8857   18.8703
    7.5000   22.5000   15.000013891.5596   18.8729
   -7.5000   30.0000   15.000012792.5068   18.7073
    0.0000   30.0000   15.000013314.8232   18.6456
    7.5000   30.0000   15.000012731.7100   18.6378
   -7.5000   37.5000   15.000012040.5869   18.7096
    0.0000   37.5000   15.000012565.1475   18.6484
    7.5000   37.5000   15.000011995.0820   18.6403
   -7.5000   45.0000   15.000010793.3574   18.2599
    0.0000   45.0000   15.000011266.5537   18.2039
    7.5000   45.0000   15.000010732.7100   18.2055
   -7.5000  -45.0000   22.500010744.7891   19.0556
    0.0000  -45.0000   22.500011393.3672   18.9842
    7.5000  -45.0000   22.500010856.2012   18.9744
   -7.5000  -37.5000   22.500011341.2500   18.9822
    0.0000  -37.5000   22.500012034.1729   18.9167
    7.5000  -37.5000   22.500011505.2188   18.9148
   -7.5000  -30.0000   22.500012359.9473   18.9755
    0.0000  -30.0000   22.500013101.8936   18.9107
    7.5000  -30.0000   22.500012553.4678   18.9076
   -7.5000  -22.5000   22.500013293.6016   18.9896
    0.0000  -22.5000   22.500014047.1553   18.9208
    7.5000  -22.5000   22.500013502.5586   18.9084
   -7.5000  -15.0000   22.500014202.0801   19.0033
    0.0000  -15.0000   22.500014960.8555   18.9301
    7.5000  -15.0000   22.500014386.3838   18.9101
   -7.5000   -7.5000   22.500015059.1816   19.0037
    0.0000   -7.5000   22.500015828.6064   18.9299
    7.5000   -7.5000   22.500015209.2627   18.9111
   -7.5000    0.0000   22.500015806.5752   18.9909
    0.0000    0.0000   22.500016600.8242   18.9210
    7.5000    0.0000   22.500015918.3164   18.9108
   -7.5000    7.5000   22.500015316.3232   18.9763
    0.0000    7.5000   22.500016059.1055   18.9111
    7.5000    7.5000   22.500015391.0654   18.9089
   -7.5000   15.0000   22.500014254.8174   18.9755
    0.0000   15.0000   22.500014935.1338   18.9107
    7.5000   15.0000   22.500014285.7256   18.9076
   -7.5000   22.5000   22.500013121.7910   18.9808
    0.0000   22.5000   22.500013736.3682   18.9121
    7.5000   22.5000   22.500013137.7246   18.8997
   -7.5000   30.0000   22.500012047.2891   18.7573
    0.0000   30.0000   22.500012593.2168   18.6851
    7.5000   30.0000   22.500012043.1953   18.6654
   -7.5000   37.5000   22.500011343.5322   18.7578
    0.0000   37.5000   22.500011846.4375   18.6849
    7.5000   37.5000   22.500011354.5449   18.6664
   -7.5000   45.0000   22.500010184.4375   18.3050
    0.0000   45.0000   22.500010615.6123   18.2377
    7.5000   45.0000   22.500010169.5840   18.2278
   -7.5000  -45.0000   30.000010072.9531   19.1477
    0.0000  -45.0000   30.000010730.9150   19.0708
    7.5000  -45.0000   30.000010170.7461   19.0489
   -7.5000  -37.5000   30.000010649.6953   19.0659
    0.0000  -37.5000   30.000011341.8682   18.9972
    7.5000  -37.5000   30.000010784.5850   18.9783
   -7.5000  -30.0000   30.000011612.2461   19.0539
    0.0000  -30.0000   30.000012310.2070   18.9897
    7.5000  -30.0000   30.000011777.5654   18.9689
   -7.5000  -22.5000   30.000012485.5449   19.0704
    0.0000  -22.5000   30.000013163.3867   19.0031
    7.5000  -22.5000   30.000012651.2686   18.9775
   -7.5000  -15.0000   30.000013280.4121   19.0902
    0.0000  -15.0000   30.000013948.9072   19.0162
    7.5000  -15.0000   30.000013434.1299   18.9884
   -7.5000   -7.5000   30.000014022.3066   19.0957
    0.0000   -7.5000   30.000014722.3818   19.0179
    7.5000   -7.5000   30.000014164.6650   18.9918
   -7.5000    0.0000   30.000014721.9834   19.0822
    0.0000    0.0000   30.000015412.5293   19.0068
    7.5000    0.0000   30.000014856.3516   18.9845
   -7.5000    7.5000   30.000014271.9434   19.0601
    0.0000    7.5000   30.000014925.0859   18.9917
    7.5000    7.5000   30.000014398.3232   18.9725
   -7.5000   15.0000   30.000013291.5244   19.0539
    0.0000   15.0000   30.000013891.3125   18.9897
    7.5000   15.0000   30.000013376.2227   18.9689
   -7.5000   22.5000   30.000012252.7520   19.0616
    0.0000   22.5000   30.000012805.9756   18.9943
    7.5000   22.5000   30.000012308.1865   18.9688
   -7.5000   30.0000   30.000011228.7998   18.8431
    0.0000   30.0000   30.000011720.6943   18.7701
    7.5000   30.0000   30.000011257.6465   18.7427
   -7.5000   37.5000   30.000010560.3027   18.8486
    0.0000   37.5000   30.000010997.6455   18.7718
    7.5000   37.5000   30.000010573.8447   18.7460
   -7.5000   45.0000   30.0000 9479.5596   18.3930
    0.0000   45.0000   30.0000 9881.1885   18.3204
    7.5000   45.0000   30.0000 9485.4814   18.2989
   -7.5000  -45.0000   37.5000 9733.9932   19.3251
    0.0000  -45.0000   37.500010352.0625   19.2555
    7.5000  -45.0000   37.5000 9846.4385   19.2320
   -7.5000  -37.5000   37.500010283.1484   19.2372
    0.0000  -37.5000   37.500010921.5107   19.1768
    7.5000  -37.5000   37.500010415.0400   19.1537
   -7.5000  -30.0000   37.500011198.2363   19.2161
    0.0000  -30.0000   37.500011835.4248   19.1627
    7.5000  -30.0000   37.500011332.8086   19.1398
   -7.5000  -22.5000   37.500012005.1289   19.2295
    0.0000  -22.5000   37.500012648.7900   19.1743
    7.5000  -22.5000   37.500012162.1768   19.1515
   -7.5000  -15.0000   37.500012740.1182   19.2541
    0.0000  -15.0000   37.500013383.3984   19.1916
    7.5000  -15.0000   37.500012922.6934   19.1697
   -7.5000   -7.5000   37.500013432.1816   19.2683
    0.0000   -7.5000   37.500014132.2080   19.1996
    7.5000   -7.5000   37.500013602.8770   19.1767
   -7.5000    0.0000   37.500014090.4873   19.2589
    0.0000    0.0000   37.500014800.8896   19.1907
    7.5000    0.0000   37.500014245.0322   19.1667
   -7.5000    7.5000   37.500013676.3896   19.2314
    0.0000    7.5000   37.500014327.0586   19.1713
    7.5000    7.5000   37.500013807.7461   19.1479
   -7.5000   15.0000   37.500012775.3779   19.2161
    0.0000   15.0000   37.500013378.7998   19.1627
    7.5000   15.0000   37.500012878.0107   19.1398
   -7.5000   22.5000   37.500011805.9482   19.2207
    0.0000   22.5000   37.500012336.0059   19.1654
    7.5000   22.5000   37.500011867.0371   19.1427
   -7.5000   30.0000   37.500010811.4023   19.0049
    0.0000   30.0000   37.500011293.9316   18.9432
    7.5000   30.0000   37.500010863.1396   18.9216
   -7.5000   37.5000   37.500010164.3066   19.0189
    0.0000   37.5000   37.500010629.5957   18.9511
    7.5000   37.5000   37.500010210.2363   18.9286
   -7.5000   45.0000   37.5000 9126.4990   18.5634
    0.0000   45.0000   37.5000 9533.2451   18.4976
    7.5000   45.0000   37.5000 9147.4082   18.4745
   -7.5000  -45.0000   45.0000 8935.9492   19.5230
    0.0000  -45.0000   45.0000 9453.5215   19.4630
    7.5000  -45.0000   45.0000 9044.2266   19.4502
   -7.5000  -37.5000   45.0000 9428.0410   19.4393
    0.0000  -37.5000   45.0000 9976.0078   19.3872
    7.5000  -37.5000   45.0000 9557.7012   19.3758
   -7.5000  -30.0000   45.000010260.2578   19.4177
    0.0000  -30.0000   45.000010841.4951   19.3723
    7.5000  -30.0000   45.000010385.1426   19.3629
   -7.5000  -22.5000   45.000010991.2129   19.4272
    0.0000  -22.5000   45.000011584.4395   19.3817
    7.5000  -22.5000   45.000011138.3438   19.3731
   -7.5000  -15.0000   45.000011650.2803   19.4492
    0.0000  -15.0000   45.000012245.1572   19.3978
    7.5000  -15.0000   45.000011815.6514   19.3889
   -7.5000   -7.5000   45.000012290.7314   19.4637
    0.0000   -7.5000   45.000012929.3926   19.4059
    7.5000   -7.5000   45.000012460.2246   19.3943
   -7.5000    0.0000   45.000012899.6318   19.4576
    0.0000    0.0000   45.000013565.1816   19.3989
    7.5000    0.0000   45.000013058.1172   19.3856
   -7.5000    7.5000   45.000012535.4014   19.4334
    0.0000    7.5000   45.000013152.0654   19.3815
    7.5000    7.5000   45.000012659.5430   19.3699
   -7.5000   15.0000   45.000011711.8809   19.4177
    0.0000   15.0000   45.000012299.5586   19.3723
    7.5000   15.0000   45.000011825.6367   19.3629
   -7.5000   22.5000   45.000010834.4561   19.4182
    0.0000   22.5000   45.000011349.6172   19.3727
    7.5000   22.5000   45.000010910.8799   19.3642
   -7.5000   30.0000   45.0000 9931.4082   19.1958
    0.0000   30.0000   45.000010412.2061   19.1451
    7.5000   30.0000   45.0000 9992.7920   19.1363
   -7.5000   37.5000   45.0000 9363.3076   19.2102
    0.0000   37.5000   45.0000 9812.3701   19.1531
    7.5000   37.5000   45.0000 9409.8262   19.1417
   -7.5000   45.0000   45.0000 8417.1260   18.7634
    0.0000   45.0000   45.0000 8790.4512   18.7068
    7.5000   45.0000   45.0000 8437.3926   18.6939

---------------------------------------------------------------------
imgreg_4dfp /opt/freesurfer/average/711-2C_as_mni_average_305 /opt/freesurfer/average/711-2B_as_mni_average_305_mask talsrcimg_g11 none talsrcimg_to_711-2C_as_mni_average_305_t4 4355
---------------------------------------------------------------------

freesurfer imgreg_4dfp.c
/opt/freesurfer/average/711-2C_as_mni_average_305.4dfp.img
       256       256       256         1
  1.000000  1.000000  1.000000
orientation T byte_order littleendian
Reading image: /opt/freesurfer/average/711-2C_as_mni_average_305.4dfp.img
dimensions:      256       256       256
mmppix:       1.0000   -1.0000   -1.0000
center:     128.0000 -129.0000 -129.0000
/opt/freesurfer/average/711-2B_as_mni_average_305_mask.4dfp.img
       256       256       256         1
  1.000000  1.000000  1.000000
orientation T byte_order littleendian
Reading mask: /opt/freesurfer/average/711-2B_as_mni_average_305_mask.4dfp.img (2306576 pixels)
talsrcimg_g11.4dfp.img
       256       256       256         1
  1.000000  1.000000  1.000000
orientation T byte_order littleendian
Reading image: talsrcimg_g11.4dfp.img
dimensions:      256       256       256
mmppix:       1.0000   -1.0000   -1.0000
center:     128.0000 -129.0000 -129.0000
rotation matrix determinant  1.000000
image alignment mode   4355 decimal     1103 hex
   -7.5000  -45.0000  -45.0000 2093.7012   20.8135
    0.0000  -45.0000  -45.0000 2114.1406   20.4707
    7.5000  -45.0000  -45.0000 2102.3838   20.4953
   -7.5000  -37.5000  -45.0000 2192.8313   19.2217
    0.0000  -37.5000  -45.0000 2213.9490   18.9906
    7.5000  -37.5000  -45.0000 2202.1108   18.9747
   -7.5000  -30.0000  -45.0000 2249.9988   18.1430
    0.0000  -30.0000  -45.0000 2269.2551   17.9343
    7.5000  -30.0000  -45.0000 2259.9719   17.9255
   -7.5000  -22.5000  -45.0000 2287.0979   17.4113
    0.0000  -22.5000  -45.0000 2305.4756   17.1923
    7.5000  -22.5000  -45.0000 2300.4473   17.1791
   -7.5000  -15.0000  -45.0000 2298.2295   16.9640
    0.0000  -15.0000  -45.0000 2317.2476   16.7114
    7.5000  -15.0000  -45.0000 2316.0845   16.7321
   -7.5000   -7.5000  -45.0000 2296.7114   16.8588
    0.0000   -7.5000  -45.0000 2314.9824   16.6320
    7.5000   -7.5000  -45.0000 2313.5557   16.6212
   -7.5000    0.0000  -45.0000 2277.8826   16.9998
    0.0000    0.0000  -45.0000 2302.1296   16.7851
    7.5000    0.0000  -45.0000 2296.5715   16.7930
   -7.5000    7.5000  -45.0000 2254.2012   17.4458
    0.0000    7.5000  -45.0000 2283.3735   17.1719
    7.5000    7.5000  -45.0000 2275.5461   17.1984
   -7.5000   15.0000  -45.0000 2221.3494   18.1712
    0.0000   15.0000  -45.0000 2248.1094   17.9052
    7.5000   15.0000  -45.0000 2238.9109   17.9547
   -7.5000   22.5000  -45.0000 2164.5815   19.4010
    0.0000   22.5000  -45.0000 2188.7683   19.0810
    7.5000   22.5000  -45.0000 2181.5581   19.1610
   -7.5000   30.0000  -45.0000 2088.0103   21.0463
    0.0000   30.0000  -45.0000 2114.9541   20.6950
    7.5000   30.0000  -45.0000 2104.2788   20.8298
   -7.5000   37.5000  -45.0000 1989.6195   23.1833
    0.0000   37.5000  -45.0000 2017.2250   22.7418
    7.5000   37.5000  -45.0000 2006.8826   22.9271
   -7.5000   45.0000  -45.0000 1882.6411   26.0488
    0.0000   45.0000  -45.0000 1904.3054   25.5499
    7.5000   45.0000  -45.0000 1897.5203   25.7799
   -7.5000  -45.0000  -37.5000 2184.6523   19.1781
    0.0000  -45.0000  -37.5000 2209.9575   18.9377
    7.5000  -45.0000  -37.5000 2195.7593   18.9607
   -7.5000  -37.5000  -37.5000 2287.2734   17.7228
    0.0000  -37.5000  -37.5000 2309.3381   17.5164
    7.5000  -37.5000  -37.5000 2294.9768   17.5316
   -7.5000  -30.0000  -37.5000 2345.5906   16.6846
    0.0000  -30.0000  -37.5000 2365.6665   16.4868
    7.5000  -30.0000  -37.5000 2353.9011   16.4959
   -7.5000  -22.5000  -37.5000 2381.3391   15.9872
    0.0000  -22.5000  -37.5000 2398.7834   15.7853
    7.5000  -22.5000  -37.5000 2390.1606   15.7961
   -7.5000  -15.0000  -37.5000 2395.1418   15.5742
    0.0000  -15.0000  -37.5000 2417.5088   15.3441
    7.5000  -15.0000  -37.5000 2408.8943   15.3488
   -7.5000   -7.5000  -37.5000 2391.5906   15.4748
    0.0000   -7.5000  -37.5000 2417.1633   15.2651
    7.5000   -7.5000  -37.5000 2411.3059   15.2612
   -7.5000    0.0000  -37.5000 2375.9888   15.6397
    0.0000    0.0000  -37.5000 2405.7974   15.4442
    7.5000    0.0000  -37.5000 2401.2468   15.4345
   -7.5000    7.5000  -37.5000 2359.0388   16.0281
    0.0000    7.5000  -37.5000 2390.5876   15.8162
    7.5000    7.5000  -37.5000 2382.8638   15.8691
   -7.5000   15.0000  -37.5000 2323.8779   16.7424
    0.0000   15.0000  -37.5000 2352.9895   16.5188
    7.5000   15.0000  -37.5000 2345.5327   16.5587
   -7.5000   22.5000  -37.5000 2264.5383   17.9001
    0.0000   22.5000  -37.5000 2292.3303   17.6197
    7.5000   22.5000  -37.5000 2285.5476   17.6790
   -7.5000   30.0000  -37.5000 2180.0159   19.4172
    0.0000   30.0000  -37.5000 2206.6489   19.1303
    7.5000   30.0000  -37.5000 2197.2468   19.2077
   -7.5000   37.5000  -37.5000 2071.6750   21.3979
    0.0000   37.5000  -37.5000 2098.5852   21.0714
    7.5000   37.5000  -37.5000 2086.3455   21.1814
   -7.5000   45.0000  -37.5000 1956.9680   24.0354
    0.0000   45.0000  -37.5000 1978.2410   23.6386
    7.5000   45.0000  -37.5000 1970.4071   23.8498
   -7.5000  -45.0000  -30.0000 2308.1047   18.3431
    0.0000  -45.0000  -30.0000 2331.0044   18.1040
    7.5000  -45.0000  -30.0000 2319.8916   18.1328
   -7.5000  -37.5000  -30.0000 2413.4373   16.9562
    0.0000  -37.5000  -30.0000 2436.2791   16.7223
    7.5000  -37.5000  -30.0000 2420.9890   16.7388
   -7.5000  -30.0000  -30.0000 2478.5168   15.9177
    0.0000  -30.0000  -30.0000 2499.9141   15.7264
    7.5000  -30.0000  -30.0000 2487.1497   15.7367
   -7.5000  -22.5000  -30.0000 2513.5032   15.2357
    0.0000  -22.5000  -30.0000 2538.5613   15.0511
    7.5000  -22.5000  -30.0000 2525.1516   15.0497
   -7.5000  -15.0000  -30.0000 2533.2834   14.8173
    0.0000  -15.0000  -30.0000 2561.0554   14.6098
    7.5000  -15.0000  -30.0000 2548.5581   14.6284
   -7.5000   -7.5000  -30.0000 2543.5417   14.7041
    0.0000   -7.5000  -30.0000 2572.8325   14.5021
    7.5000   -7.5000  -30.0000 2564.0908   14.4918
   -7.5000    0.0000  -30.0000 2534.7468   14.9188
    0.0000    0.0000  -30.0000 2568.0769   14.6935
    7.5000    0.0000  -30.0000 2558.2119   14.7008
   -7.5000    7.5000  -30.0000 2515.1721   15.3486
    0.0000    7.5000  -30.0000 2553.5605   15.1360
    7.5000    7.5000  -30.0000 2539.6641   15.1570
   -7.5000   15.0000  -30.0000 2473.5505   16.0860
    0.0000   15.0000  -30.0000 2506.9561   15.8792
    7.5000   15.0000  -30.0000 2494.5859   15.8965
   -7.5000   22.5000  -30.0000 2402.8879   17.1746
    0.0000   22.5000  -30.0000 2434.8005   16.9465
    7.5000   22.5000  -30.0000 2421.3179   16.9956
   -7.5000   30.0000  -30.0000 2309.2830   18.6508
    0.0000   30.0000  -30.0000 2337.5073   18.4056
    7.5000   30.0000  -30.0000 2322.7910   18.4503
   -7.5000   37.5000  -30.0000 2195.4968   20.5744
    0.0000   37.5000  -30.0000 2221.6921   20.2550
    7.5000   37.5000  -30.0000 2209.6714   20.3433
   -7.5000   45.0000  -30.0000 2065.8687   23.0825
    0.0000   45.0000  -30.0000 2087.7039   22.7244
    7.5000   45.0000  -30.0000 2078.0083   22.8955
   -7.5000  -45.0000  -22.5000 2398.5269   17.4328
    0.0000  -45.0000  -22.5000 2424.0410   17.1990
    7.5000  -45.0000  -22.5000 2407.8103   17.2062
   -7.5000  -37.5000  -22.5000 2511.3652   16.0550
    0.0000  -37.5000  -22.5000 2532.3069   15.8718
    7.5000  -37.5000  -22.5000 2515.8977   15.8568
   -7.5000  -30.0000  -22.5000 2577.5554   15.0722
    0.0000  -30.0000  -22.5000 2601.3879   14.8772
    7.5000  -30.0000  -22.5000 2589.0576   14.8697
   -7.5000  -22.5000  -22.5000 2622.5654   14.4012
    0.0000  -22.5000  -22.5000 2654.5854   14.1873
    7.5000  -22.5000  -22.5000 2640.2805   14.2037
   -7.5000  -15.0000  -22.5000 2655.3469   14.0066
    0.0000  -15.0000  -22.5000 2686.2898   13.8002
    7.5000  -15.0000  -22.5000 2671.1638   13.8137
   -7.5000   -7.5000  -22.5000 2675.9719   13.8929
    0.0000   -7.5000  -22.5000 2705.3103   13.6775
    7.5000   -7.5000  -22.5000 2696.7363   13.6896
   -7.5000    0.0000  -22.5000 2668.5649   14.0835
    0.0000    0.0000  -22.5000 2706.8367   13.8706
    7.5000    0.0000  -22.5000 2693.3850   13.8883
   -7.5000    7.5000  -22.5000 2646.4414   14.5584
    0.0000    7.5000  -22.5000 2685.7485   14.3660
    7.5000    7.5000  -22.5000 2667.8003   14.4019
   -7.5000   15.0000  -22.5000 2593.4236   15.3450
    0.0000   15.0000  -22.5000 2633.8787   15.1418
    7.5000   15.0000  -22.5000 2618.0222   15.1562
   -7.5000   22.5000  -22.5000 2514.4507   16.3691
    0.0000   22.5000  -22.5000 2549.9343   16.1756
    7.5000   22.5000  -22.5000 2533.2610   16.1863
   -7.5000   30.0000  -22.5000 2410.0442   17.7825
    0.0000   30.0000  -22.5000 2442.5493   17.5452
    7.5000   30.0000  -22.5000 2429.6060   17.5788
   -7.5000   37.5000  -22.5000 2286.5730   19.6187
    0.0000   37.5000  -22.5000 2315.9863   19.3298
    7.5000   37.5000  -22.5000 2303.8428   19.4197
   -7.5000   45.0000  -22.5000 2144.5762   21.9918
    0.0000   45.0000  -22.5000 2168.9058   21.6994
    7.5000   45.0000  -22.5000 2156.9290   21.7977
   -7.5000  -45.0000  -15.0000 2450.3118   16.6465
    0.0000  -45.0000  -15.0000 2475.6230   16.3832
    7.5000  -45.0000  -15.0000 2466.0864   16.4558
   -7.5000  -37.5000  -15.0000 2567.5935   15.2819
    0.0000  -37.5000  -15.0000 2596.0386   15.0485
    7.5000  -37.5000  -15.0000 2579.9460   15.0942
   -7.5000  -30.0000  -15.0000 2647.7678   14.2474
    0.0000  -30.0000  -15.0000 2678.2654   14.0622
    7.5000  -30.0000  -15.0000 2665.7439   14.0599
   -7.5000  -22.5000  -15.0000 2707.9492   13.6174
    0.0000  -22.5000  -15.0000 2738.5881   13.3934
    7.5000  -22.5000  -15.0000 2726.7527   13.4173
   -7.5000  -15.0000  -15.0000 2751.1274   13.2511
    0.0000  -15.0000  -15.0000 2783.6953   13.0297
    7.5000  -15.0000  -15.0000 2767.8838   13.0634
   -7.5000   -7.5000  -15.0000 2770.8960   13.1156
    0.0000   -7.5000  -15.0000 2808.6484   12.9430
    7.5000   -7.5000  -15.0000 2797.4912   12.9759
   -7.5000    0.0000  -15.0000 2772.2034   13.2818
    0.0000    0.0000  -15.0000 2814.5776   13.1214
    7.5000    0.0000  -15.0000 2796.6030   13.1667
   -7.5000    7.5000  -15.0000 2748.5142   13.7870
    0.0000    7.5000  -15.0000 2792.0950   13.6233
    7.5000    7.5000  -15.0000 2766.8208   13.6837
   -7.5000   15.0000  -15.0000 2686.1433   14.5870
    0.0000   15.0000  -15.0000 2724.7334   14.4048
    7.5000   15.0000  -15.0000 2705.9788   14.4422
   -7.5000   22.5000  -15.0000 2596.5400   15.6123
    0.0000   22.5000  -15.0000 2629.9929   15.4132
    7.5000   22.5000  -15.0000 2616.5046   15.4268
   -7.5000   30.0000  -15.0000 2483.6602   16.9606
    0.0000   30.0000  -15.0000 2512.4722   16.7676
    7.5000   30.0000  -15.0000 2499.3320   16.7848
   -7.5000   37.5000  -15.0000 2349.6960   18.7444
    0.0000   37.5000  -15.0000 2375.5701   18.5322
    7.5000   37.5000  -15.0000 2360.6746   18.5686
   -7.5000   45.0000  -15.0000 2197.9153   21.0340
    0.0000   45.0000  -15.0000 2219.0698   20.7691
    7.5000   45.0000  -15.0000 2207.1472   20.8246
   -7.5000  -45.0000   -7.5000 2488.4810   16.0296
    0.0000  -45.0000   -7.5000 2514.0322   15.7397
    7.5000  -45.0000   -7.5000 2509.2407   15.8853
   -7.5000  -37.5000   -7.5000 2602.4788   14.6237
    0.0000  -37.5000   -7.5000 2635.3975   14.3809
    7.5000  -37.5000   -7.5000 2622.8069   14.4939
   -7.5000  -30.0000   -7.5000 2695.8796   13.5925
    0.0000  -30.0000   -7.5000 2732.0386   13.3673
    7.5000  -30.0000   -7.5000 2720.0630   13.4469
   -7.5000  -22.5000   -7.5000 2773.4287   12.9271
    0.0000  -22.5000   -7.5000 2809.9775   12.6824
    7.5000  -22.5000   -7.5000 2794.9097   12.7668
   -7.5000  -15.0000   -7.5000 2823.2749   12.5543
    0.0000  -15.0000   -7.5000 2868.4414   12.3385
    7.5000  -15.0000   -7.5000 2846.9624   12.4040
   -7.5000   -7.5000   -7.5000 2857.0044   12.4370
    0.0000   -7.5000   -7.5000 2898.9072   12.2730
    7.5000   -7.5000   -7.5000 2877.9937   12.3238
   -7.5000    0.0000   -7.5000 2863.8572   12.6204
    0.0000    0.0000   -7.5000 2906.4724   12.4631
    7.5000    0.0000   -7.5000 2884.2947   12.5297
   -7.5000    7.5000   -7.5000 2829.4438   13.1047
    0.0000    7.5000   -7.5000 2869.5242   12.9480
    7.5000    7.5000   -7.5000 2849.8796   13.0137
   -7.5000   15.0000   -7.5000 2754.7827   13.8656
    0.0000   15.0000   -7.5000 2789.3169   13.6828
    7.5000   15.0000   -7.5000 2776.5586   13.7528
   -7.5000   22.5000   -7.5000 2652.7869   14.8904
    0.0000   22.5000   -7.5000 2684.0920   14.7121
    7.5000   22.5000   -7.5000 2673.0220   14.7783
   -7.5000   30.0000   -7.5000 2531.9778   16.2666
    0.0000   30.0000   -7.5000 2559.7483   16.0844
    7.5000   30.0000   -7.5000 2548.3049   16.1641
   -7.5000   37.5000   -7.5000 2392.7607   18.0151
    0.0000   37.5000   -7.5000 2417.1587   17.8078
    7.5000   37.5000   -7.5000 2408.2754   17.9137
   -7.5000   45.0000   -7.5000 2231.1863   20.2028
    0.0000   45.0000   -7.5000 2254.0046   19.9558
    7.5000   45.0000   -7.5000 2252.5388   20.0699
   -7.5000  -45.0000    0.0000 2508.8701   15.5883
    0.0000  -45.0000    0.0000 2538.8833   15.3173
    7.5000  -45.0000    0.0000 2532.0125   15.4961
   -7.5000  -37.5000    0.0000 2626.3928   14.1662
    0.0000  -37.5000    0.0000 2660.4639   13.8945
    7.5000  -37.5000    0.0000 2647.3108   14.0876
   -7.5000  -30.0000    0.0000 2723.9102   13.1426
    0.0000  -30.0000    0.0000 2763.0562   12.8785
    7.5000  -30.0000    0.0000 2752.1768   13.0562
   -7.5000  -22.5000    0.0000 2818.4060   12.4822
    0.0000  -22.5000    0.0000 2863.0842   12.2270
    7.5000  -22.5000    0.0000 2845.3557   12.3810
   -7.5000  -15.0000    0.0000 2886.0474   12.1157
    0.0000  -15.0000    0.0000 2946.1802   11.8614
    7.5000  -15.0000    0.0000 2913.2615   12.0121
   -7.5000   -7.5000    0.0000 2928.5227   11.9862
    0.0000   -7.5000    0.0000 2983.9563   11.7566
    7.5000   -7.5000    0.0000 2949.3816   11.8676
   -7.5000    0.0000    0.0000 2930.9990   12.1561
    0.0000    0.0000    0.0000 2973.7937   11.9564
    7.5000    0.0000    0.0000 2953.2075   12.0468
   -7.5000    7.5000    0.0000 2884.0188   12.6300
    0.0000    7.5000    0.0000 2924.6465   12.4217
    7.5000    7.5000    0.0000 2905.1228   12.5425
   -7.5000   15.0000    0.0000 2793.4409   13.3837
    0.0000   15.0000    0.0000 2831.9609   13.1686
    7.5000   15.0000    0.0000 2818.7261   13.3053
   -7.5000   22.5000    0.0000 2682.7324   14.4481
    0.0000   22.5000    0.0000 2713.9976   14.2377
    7.5000   22.5000    0.0000 2704.9097   14.3885
   -7.5000   30.0000    0.0000 2553.8655   15.8197
    0.0000   30.0000    0.0000 2586.5347   15.5964
    7.5000   30.0000    0.0000 2576.2537   15.7474
   -7.5000   37.5000    0.0000 2413.0828   17.5210
    0.0000   37.5000    0.0000 2445.1785   17.3073
    7.5000   37.5000    0.0000 2433.1096   17.4384
   -7.5000   45.0000    0.0000 2250.6072   19.6568
    0.0000   45.0000    0.0000 2279.0403   19.3831
    7.5000   45.0000    0.0000 2269.6936   19.5270
   -7.5000  -45.0000    7.5000 2521.0132   15.3638
    0.0000  -45.0000    7.5000 2548.3521   15.0767
    7.5000  -45.0000    7.5000 2542.4207   15.2973
   -7.5000  -37.5000    7.5000 2639.0872   13.9323
    0.0000  -37.5000    7.5000 2664.7063   13.6586
    7.5000  -37.5000    7.5000 2661.8879   13.9003
   -7.5000  -30.0000    7.5000 2744.7495   12.8721
    0.0000  -30.0000    7.5000 2783.6462   12.5965
    7.5000  -30.0000    7.5000 2776.8647   12.8551
   -7.5000  -22.5000    7.5000 2846.2629   12.2500
    0.0000  -22.5000    7.5000 2892.8298   11.9491
    7.5000  -22.5000    7.5000 2874.4412   12.1689
   -7.5000  -15.0000    7.5000 2927.2483   11.9076
    0.0000  -15.0000    7.5000 2994.6177   11.6205
    7.5000  -15.0000    7.5000 2954.5610   11.8047
   -7.5000   -7.5000    7.5000 2973.0649   11.7457
    0.0000   -7.5000    7.5000 3035.5979   11.3867
    7.5000   -7.5000    7.5000 2988.2434   11.6884
   -7.5000    0.0000    7.5000 2973.2578   11.9366
    0.0000    0.0000    7.5000 3011.7783   11.5988
    7.5000    0.0000    7.5000 2987.4746   11.8686
   -7.5000    7.5000    7.5000 2908.9714   12.4592
    0.0000    7.5000    7.5000 2950.3433   12.1863
    7.5000    7.5000    7.5000 2930.6113   12.3961
   -7.5000   15.0000    7.5000 2811.0515   13.1869
    0.0000   15.0000    7.5000 2852.9199   12.9506
    7.5000   15.0000    7.5000 2836.0947   13.1275
   -7.5000   22.5000    7.5000 2693.5271   14.2276
    0.0000   22.5000    7.5000 2728.8574   14.0061
    7.5000   22.5000    7.5000 2717.5923   14.1497
   -7.5000   30.0000    7.5000 2559.3567   15.6020
    0.0000   30.0000    7.5000 2594.3347   15.4058
    7.5000   30.0000    7.5000 2580.3945   15.4896
   -7.5000   37.5000    7.5000 2416.2449   17.3238
    0.0000   37.5000    7.5000 2452.7690   17.0848
    7.5000   37.5000    7.5000 2434.8938   17.1686
   -7.5000   45.0000    7.5000 2265.4717   19.4624
    0.0000   45.0000    7.5000 2291.2566   19.1800
    7.5000   45.0000    7.5000 2284.2083   19.2805
   -7.5000  -45.0000   15.0000 2519.8640   15.3818
    0.0000  -45.0000   15.0000 2551.4011   15.1573
    7.5000  -45.0000   15.0000 2542.0957   15.3432
   -7.5000  -37.5000   15.0000 2639.7478   13.9696
    0.0000  -37.5000   15.0000 2672.0500   13.7095
    7.5000  -37.5000   15.0000 2664.5452   13.9501
   -7.5000  -30.0000   15.0000 2745.1184   12.9335
    0.0000  -30.0000   15.0000 2780.5808   12.6026
    7.5000  -30.0000   15.0000 2776.6094   12.8835
   -7.5000  -22.5000   15.0000 2843.4258   12.2550
    0.0000  -22.5000   15.0000 2879.7395   11.8943
    7.5000  -22.5000   15.0000 2871.6956   12.1758
   -7.5000  -15.0000   15.0000 2925.2686   11.8553
    0.0000  -15.0000   15.0000 2979.5671   11.5075
    7.5000  -15.0000   15.0000 2951.4795   11.7907
   -7.5000   -7.5000   15.0000 2969.6567   11.7940
    0.0000   -7.5000   15.0000 3026.1497   11.4452
    7.5000   -7.5000   15.0000 2987.2400   11.7623
   -7.5000    0.0000   15.0000 2959.5081   12.0267
    0.0000    0.0000   15.0000 3009.0913   11.7348
    7.5000    0.0000   15.0000 2977.9270   11.9581
   -7.5000    7.5000   15.0000 2899.4753   12.5324
    0.0000    7.5000   15.0000 2943.4695   12.2962
    7.5000    7.5000   15.0000 2920.0371   12.4447
   -7.5000   15.0000   15.0000 2798.9021   13.2731
    0.0000   15.0000   15.0000 2836.9102   13.0306
    7.5000   15.0000   15.0000 2823.7705   13.1585
   -7.5000   22.5000   15.0000 2685.2083   14.2821
    0.0000   22.5000   15.0000 2718.2417   14.0369
    7.5000   22.5000   15.0000 2709.5112   14.1567
   -7.5000   30.0000   15.0000 2554.0950   15.6322
    0.0000   30.0000   15.0000 2585.7778   15.3786
    7.5000   30.0000   15.0000 2569.3362   15.4697
   -7.5000   37.5000   15.0000 2409.2983   17.3532
    0.0000   37.5000   15.0000 2442.6255   17.1052
    7.5000   37.5000   15.0000 2427.5461   17.1696
   -7.5000   45.0000   15.0000 2252.6260   19.4664
    0.0000   45.0000   15.0000 2279.9673   19.2121
    7.5000   45.0000   15.0000 2269.7319   19.2679
   -7.5000  -45.0000   22.5000 2521.9912   15.6142
    0.0000  -45.0000   22.5000 2549.9016   15.4075
    7.5000  -45.0000   22.5000 2537.2588   15.5345
   -7.5000  -37.5000   22.5000 2635.2681   14.2325
    0.0000  -37.5000   22.5000 2666.5115   14.0154
    7.5000  -37.5000   22.5000 2657.4033   14.1893
   -7.5000  -30.0000   22.5000 2740.1575   13.2417
    0.0000  -30.0000   22.5000 2776.6445   13.0069
    7.5000  -30.0000   22.5000 2765.7820   13.2002
   -7.5000  -22.5000   22.5000 2832.2654   12.5659
    0.0000  -22.5000   22.5000 2868.5605   12.2858
    7.5000  -22.5000   22.5000 2855.4309   12.4950
   -7.5000  -15.0000   22.5000 2904.3506   12.2095
    0.0000  -15.0000   22.5000 2951.5566   11.8702
    7.5000  -15.0000   22.5000 2920.2925   12.1197
   -7.5000   -7.5000   22.5000 2937.2932   12.1913
    0.0000   -7.5000   22.5000 2982.5679   11.9132
    7.5000   -7.5000   22.5000 2950.2876   12.1060
   -7.5000    0.0000   22.5000 2917.1770   12.4077
    0.0000    0.0000   22.5000 2962.6992   12.1930
    7.5000    0.0000   22.5000 2933.3201   12.3221
   -7.5000    7.5000   22.5000 2855.8599   12.8997
    0.0000    7.5000   22.5000 2896.5762   12.7122
    7.5000    7.5000   22.5000 2874.2283   12.7896
   -7.5000   15.0000   22.5000 2762.9863   13.6248
    0.0000   15.0000   22.5000 2797.9043   13.4385
    7.5000   15.0000   22.5000 2782.1389   13.5106
   -7.5000   22.5000   22.5000 2654.2742   14.5582
    0.0000   22.5000   22.5000 2686.8545   14.3610
    7.5000   22.5000   22.5000 2674.6294   14.4380
   -7.5000   30.0000   22.5000 2529.2927   15.8181
    0.0000   30.0000   22.5000 2562.6895   15.5989
    7.5000   30.0000   22.5000 2547.4238   15.6660
   -7.5000   37.5000   22.5000 2385.0557   17.5098
    0.0000   37.5000   22.5000 2416.4170   17.2654
    7.5000   37.5000   22.5000 2405.9287   17.3149
   -7.5000   45.0000   22.5000 2234.4385   19.6542
    0.0000   45.0000   22.5000 2256.8613   19.3186
    7.5000   45.0000   22.5000 2249.3530   19.3881
   -7.5000  -45.0000   30.0000 2505.0046   16.1379
    0.0000  -45.0000   30.0000 2535.5151   16.0003
    7.5000  -45.0000   30.0000 2514.0364   16.0087
   -7.5000  -37.5000   30.0000 2620.1829   14.7765
    0.0000  -37.5000   30.0000 2653.8003   14.6250
    7.5000  -37.5000   30.0000 2632.5977   14.7042
   -7.5000  -30.0000   30.0000 2722.1155   13.7977
    0.0000  -30.0000   30.0000 2754.9385   13.5977
    7.5000  -30.0000   30.0000 2737.1875   13.7279
   -7.5000  -22.5000   30.0000 2804.1467   13.1231
    0.0000  -22.5000   30.0000 2836.5212   12.8519
    7.5000  -22.5000   30.0000 2822.9197   13.0383
   -7.5000  -15.0000   30.0000 2857.3787   12.7589
    0.0000  -15.0000   30.0000 2895.0310   12.4465
    7.5000  -15.0000   30.0000 2874.5085   12.6620
   -7.5000   -7.5000   30.0000 2877.1743   12.7347
    0.0000   -7.5000   30.0000 2913.7776   12.4545
    7.5000   -7.5000   30.0000 2894.2776   12.6250
   -7.5000    0.0000   30.0000 2854.0735   12.9457
    0.0000    0.0000   30.0000 2888.0696   12.7027
    7.5000    0.0000   30.0000 2871.4036   12.8433
   -7.5000    7.5000   30.0000 2795.2209   13.4337
    0.0000    7.5000   30.0000 2827.4041   13.2091
    7.5000    7.5000   30.0000 2811.8132   13.3339
   -7.5000   15.0000   30.0000 2707.0081   14.1549
    0.0000   15.0000   30.0000 2735.7996   13.9363
    7.5000   15.0000   30.0000 2722.4727   14.0330
   -7.5000   22.5000   30.0000 2605.4834   15.0983
    0.0000   22.5000   30.0000 2634.7808   14.9065
    7.5000   22.5000   30.0000 2621.3206   14.9533
   -7.5000   30.0000   30.0000 2487.8220   16.3263
    0.0000   30.0000   30.0000 2517.2053   16.0847
    7.5000   30.0000   30.0000 2507.2588   16.1233
   -7.5000   37.5000   30.0000 2349.7622   17.9063
    0.0000   37.5000   30.0000 2375.3271   17.6200
    7.5000   37.5000   30.0000 2368.8135   17.6723
   -7.5000   45.0000   30.0000 2200.2363   19.9792
    0.0000   45.0000   30.0000 2226.7930   19.6554
    7.5000   45.0000   30.0000 2217.9939   19.7134
   -7.5000  -45.0000   37.5000 2469.1753   16.9594
    0.0000  -45.0000   37.5000 2495.6160   16.8283
    7.5000  -45.0000   37.5000 2479.5684   16.7877
   -7.5000  -37.5000   37.5000 2581.8420   15.5306
    0.0000  -37.5000   37.5000 2614.7341   15.3784
    7.5000  -37.5000   37.5000 2592.8010   15.4104
   -7.5000  -30.0000   37.5000 2682.1042   14.4912
    0.0000  -30.0000   37.5000 2711.5728   14.2908
    7.5000  -30.0000   37.5000 2695.1072   14.3863
   -7.5000  -22.5000   37.5000 2752.9512   13.7967
    0.0000  -22.5000   37.5000 2784.6208   13.5549
    7.5000  -22.5000   37.5000 2770.4094   13.6894
   -7.5000  -15.0000   37.5000 2798.6294   13.4305
    0.0000  -15.0000   37.5000 2823.2830   13.1841
    7.5000  -15.0000   37.5000 2814.7529   13.3372
   -7.5000   -7.5000   37.5000 2803.4868   13.4087
    0.0000   -7.5000   37.5000 2834.4983   13.1479
    7.5000   -7.5000   37.5000 2817.3396   13.3194
   -7.5000    0.0000   37.5000 2773.5818   13.6118
    0.0000    0.0000   37.5000 2805.9624   13.3671
    7.5000    0.0000   37.5000 2787.0352   13.5033
   -7.5000    7.5000   37.5000 2719.2820   14.0862
    0.0000    7.5000   37.5000 2742.0244   13.8662
    7.5000    7.5000   37.5000 2727.4604   14.0009
   -7.5000   15.0000   37.5000 2638.9863   14.7767
    0.0000   15.0000   37.5000 2662.1074   14.5859
    7.5000   15.0000   37.5000 2649.9348   14.6985
   -7.5000   22.5000   37.5000 2543.1401   15.7125
    0.0000   22.5000   37.5000 2568.9297   15.5152
    7.5000   22.5000   37.5000 2554.1943   15.6019
   -7.5000   30.0000   37.5000 2428.1257   16.9182
    0.0000   30.0000   37.5000 2454.9348   16.7008
    7.5000   30.0000   37.5000 2441.9351   16.7535
   -7.5000   37.5000   37.5000 2297.2141   18.4915
    0.0000   37.5000   37.5000 2326.7678   18.2463
    7.5000   37.5000   37.5000 2311.1123   18.3294
   -7.5000   45.0000   37.5000 2157.8938   20.5343
    0.0000   45.0000   37.5000 2182.2427   20.2284
    7.5000   45.0000   37.5000 2170.4319   20.3438
   -7.5000  -45.0000   45.0000 2418.1458   17.8918
    0.0000  -45.0000   45.0000 2441.0815   17.7690
    7.5000  -45.0000   45.0000 2427.6370   17.7354
   -7.5000  -37.5000   45.0000 2524.9548   16.4289
    0.0000  -37.5000   45.0000 2551.4019   16.2687
    7.5000  -37.5000   45.0000 2535.5071   16.3199
   -7.5000  -30.0000   45.0000 2618.2671   15.3529
    0.0000  -30.0000   45.0000 2648.9668   15.1678
    7.5000  -30.0000   45.0000 2630.5222   15.2381
   -7.5000  -22.5000   45.0000 2680.4446   14.6530
    0.0000  -22.5000   45.0000 2713.1086   14.4315
    7.5000  -22.5000   45.0000 2697.8271   14.5441
   -7.5000  -15.0000   45.0000 2712.7715   14.2743
    0.0000  -15.0000   45.0000 2733.9722   14.0509
    7.5000  -15.0000   45.0000 2726.5427   14.1751
   -7.5000   -7.5000   45.0000 2713.4255   14.2293
    0.0000   -7.5000   45.0000 2741.4585   14.0069
    7.5000   -7.5000   45.0000 2731.3296   14.1413
   -7.5000    0.0000   45.0000 2687.6785   14.4143
    0.0000    0.0000   45.0000 2715.1182   14.1963
    7.5000    0.0000   45.0000 2700.0010   14.3112
   -7.5000    7.5000   45.0000 2639.6797   14.8862
    0.0000    7.5000   45.0000 2657.4851   14.7009
    7.5000    7.5000   45.0000 2643.8240   14.7943
   -7.5000   15.0000   45.0000 2562.4734   15.5651
    0.0000   15.0000   45.0000 2583.7883   15.3873
    7.5000   15.0000   45.0000 2570.7725   15.4696
   -7.5000   22.5000   45.0000 2471.5000   16.5117
    0.0000   22.5000   45.0000 2488.9746   16.3294
    7.5000   22.5000   45.0000 2475.2483   16.3797
   -7.5000   30.0000   45.0000 2359.2554   17.6865
    0.0000   30.0000   45.0000 2381.9949   17.4953
    7.5000   30.0000   45.0000 2367.1069   17.5383
   -7.5000   37.5000   45.0000 2235.8242   19.3110
    0.0000   37.5000   45.0000 2259.0752   19.0740
    7.5000   37.5000   45.0000 2244.4653   19.1325
   -7.5000   45.0000   45.0000 2097.9717   21.4452
    0.0000   45.0000   45.0000 2113.0854   21.1652
    7.5000   45.0000   45.0000 2108.3733   21.2628

---------------------------------------------------------------------
imgreg_4dfp /opt/freesurfer/average/711-2C_as_mni_average_305 /opt/freesurfer/average/711-2B_as_mni_average_305_mask talsrcimg_g11 none talsrcimg_to_711-2C_as_mni_average_305_t4 1283
---------------------------------------------------------------------

freesurfer imgreg_4dfp.c
/opt/freesurfer/average/711-2C_as_mni_average_305.4dfp.img
       256       256       256         1
  1.000000  1.000000  1.000000
orientation T byte_order littleendian
Reading image: /opt/freesurfer/average/711-2C_as_mni_average_305.4dfp.img
dimensions:      256       256       256
mmppix:       1.0000   -1.0000   -1.0000
center:     128.0000 -129.0000 -129.0000
/opt/freesurfer/average/711-2B_as_mni_average_305_mask.4dfp.img
       256       256       256         1
  1.000000  1.000000  1.000000
orientation T byte_order littleendian
Reading mask: /opt/freesurfer/average/711-2B_as_mni_average_305_mask.4dfp.img (2306576 pixels)
talsrcimg_g11.4dfp.img
       256       256       256         1
  1.000000  1.000000  1.000000
orientation T byte_order littleendian
Reading image: talsrcimg_g11.4dfp.img
dimensions:      256       256       256
mmppix:       1.0000   -1.0000   -1.0000
center:     128.0000 -129.0000 -129.0000
rotation matrix determinant  1.000000
fimgreg.f
image alignment mode   1283 decimal      503 hex
parameters
    0.0000   -7.5000    7.5000    0.0000    0.0000    0.0000
eta,q 0.95477 11.36144
niter,ni,del,rscale     5    3   12.0000    1.2000
parameter  4 -1.218448 -> -0.500000 qaram    1.1500
parameter  6  0.861286 ->  0.500000 qaram    1.1500
parameters
    0.3266   -6.6188    9.3800    3.4500   -1.2024   -3.4500
eta,q 0.95549 11.23812
  0.0619  0.0570  0.0582  0.0567  0.0478  0.0443
  0.0558  0.0535  0.0529  0.0548  0.0466  0.0445
  0.0506  0.0504  0.0501  0.0518  0.0462  0.0449
  0.0489  0.0488  0.0487  0.0483  0.0458  0.0461
  0.0511  0.0492  0.0483  0.0466  0.0464  0.0480
  0.0546  0.0511  0.0492  0.0457  0.0484  0.0505
  0.0588  0.0533  0.0503  0.0456  0.0510  0.0531
niter,ni,del,rscale     6    3   12.0000    1.2000
parameters
   -0.0771   -7.4499   11.1036    5.5576   -1.2054   -5.0810
eta,q 0.95736 11.19855
  0.0525  0.0512  0.0487  0.0543  0.0465  0.0452
  0.0474  0.0448  0.0461  0.0495  0.0443  0.0435
  0.0449  0.0428  0.0452  0.0444  0.0434  0.0427
  0.0445  0.0444  0.0435  0.0429  0.0429  0.0429
  0.0462  0.0469  0.0429  0.0429  0.0431  0.0439
  0.0496  0.0500  0.0433  0.0437  0.0442  0.0463
  0.0543  0.0533  0.0453  0.0454  0.0466  0.0496
niter,ni,del,rscale     5    3   12.0000    1.2000
parameters
   -0.0188   -8.3558   11.1301    6.4683   -1.1405   -5.0708
eta,q 0.95747 11.19257
  0.0518  0.0483  0.0464  0.0520  0.0463  0.0467
  0.0467  0.0436  0.0450  0.0457  0.0440  0.0443
  0.0433  0.0425  0.0431  0.0426  0.0429  0.0430
  0.0426  0.0427  0.0424  0.0424  0.0425  0.0425
  0.0437  0.0446  0.0424  0.0429  0.0431  0.0429
  0.0462  0.0479  0.0443  0.0440  0.0439  0.0442
  0.0514  0.0517  0.0470  0.0470  0.0461  0.0467
niter,ni,del,rscale     4    3   12.0000    1.2000
parameters
   -0.0217   -8.5987   11.3228    6.6787   -1.1844   -5.1500
eta,q 0.95750 11.19391
  0.0511  0.0502  0.0469  0.0503  0.0463  0.0467
  0.0461  0.0448  0.0453  0.0442  0.0440  0.0443
  0.0429  0.0429  0.0431  0.0425  0.0428  0.0429
  0.0425  0.0425  0.0425  0.0425  0.0425  0.0425
  0.0436  0.0438  0.0422  0.0432  0.0431  0.0430
  0.0458  0.0468  0.0442  0.0448  0.0441  0.0444
  0.0511  0.0505  0.0470  0.0483  0.0464  0.0468
niter,ni,del,rscale     3    3   12.0000    1.2000
parameters
    0.0004   -8.6375   11.3791    6.7051   -1.1863   -5.1552
eta,q 0.95750 11.19350
  0.0513  0.0507  0.0468  0.0498  0.0465  0.0468
  0.0462  0.0454  0.0452  0.0439  0.0440  0.0443
  0.0429  0.0432  0.0430  0.0424  0.0428  0.0429
  0.0425  0.0425  0.0425  0.0425  0.0425  0.0425
  0.0435  0.0436  0.0423  0.0432  0.0431  0.0430
  0.0458  0.0465  0.0445  0.0450  0.0441  0.0444
  0.0511  0.0502  0.0473  0.0486  0.0463  0.0467
registration optimization eta report
parameter search radius
    6.0000    6.0000    6.0000    6.9000    6.0000    6.9000
100000*second partial in parameter space
       25.       22.       13.       15.       11.        9.
  0.0513  0.0507  0.0468  0.0498  0.0465  0.0468
  0.0462  0.0454  0.0452  0.0439  0.0440  0.0443
  0.0429  0.0432  0.0430  0.0424  0.0428  0.0429
  0.0425  0.0425  0.0425  0.0425  0.0425  0.0425
  0.0435  0.0436  0.0423  0.0432  0.0431  0.0430
  0.0458  0.0465  0.0445  0.0450  0.0441  0.0444
  0.0511  0.0502  0.0473  0.0486  0.0463  0.0467
    0.0004   -8.6375   11.3791    6.7051   -1.1863   -5.1552
eta,q 0.95750 11.19350

---------------------------------------------------------------------
imgreg_4dfp /opt/freesurfer/average/711-2C_as_mni_average_305 /opt/freesurfer/average/711-2B_as_mni_average_305_mask talsrcimg_g11 none talsrcimg_to_711-2C_as_mni_average_305_t4 3335
---------------------------------------------------------------------

freesurfer imgreg_4dfp.c
/opt/freesurfer/average/711-2C_as_mni_average_305.4dfp.img
       256       256       256         1
  1.000000  1.000000  1.000000
orientation T byte_order littleendian
Reading image: /opt/freesurfer/average/711-2C_as_mni_average_305.4dfp.img
dimensions:      256       256       256
mmppix:       1.0000   -1.0000   -1.0000
center:     128.0000 -129.0000 -129.0000
/opt/freesurfer/average/711-2B_as_mni_average_305_mask.4dfp.img
       256       256       256         1
  1.000000  1.000000  1.000000
orientation T byte_order littleendian
Reading mask: /opt/freesurfer/average/711-2B_as_mni_average_305_mask.4dfp.img (2306576 pixels)
talsrcimg_g11.4dfp.img
       256       256       256         1
  1.000000  1.000000  1.000000
orientation T byte_order littleendian
Reading image: talsrcimg_g11.4dfp.img
dimensions:      256       256       256
mmppix:       1.0000   -1.0000   -1.0000
center:     128.0000 -129.0000 -129.0000
fimgreg.f
image alignment mode   3335 decimal      D07 hex
parameters
    0.0004   -8.6375   11.3791   -0.4258   -1.1074   -0.7053
    9.1647    0.9988   -8.9835  -11.8135   -2.0704   11.6735
eta,q 0.96267 11.27628
niter,ni,del,rscale     5    3    5.0000    1.2000
parameter  4  2.321304 ->  0.500000 qaram    1.1500
parameter  5  2.161393 ->  0.500000 qaram    1.1500
parameter  6  1.112060 ->  0.500000 qaram    1.1500
parameter 12  0.791760 ->  0.500000 qaram    1.1500
parameters
   -0.1239   -8.2956   11.7346   -4.5658   -5.2474   -4.8453
    7.1348    0.3852   -6.7384  -13.1841   -3.9225    7.5335
eta,q 0.97845 11.06585
  0.0394  0.0398  0.0386  0.0301  0.0257  0.0237  0.0248  0.0281  0.0268  0.0253  0.0238  0.0216
  0.0382  0.0386  0.0380  0.0315  0.0272  0.0233  0.0236  0.0253  0.0251  0.0236  0.0229  0.0215
  0.0375  0.0377  0.0375  0.0340  0.0294  0.0244  0.0232  0.0235  0.0239  0.0228  0.0226  0.0218
  0.0373  0.0373  0.0373  0.0373  0.0320  0.0278  0.0234  0.0232  0.0231  0.0228  0.0227  0.0225
  0.0377  0.0374  0.0373  0.0409  0.0353  0.0320  0.0244  0.0243  0.0228  0.0238  0.0234  0.0236
  0.0385  0.0378  0.0376  0.0448  0.0389  0.0355  0.0260  0.0267  0.0232  0.0256  0.0245  0.0252
  0.0399  0.0387  0.0380  0.0485  0.0424  0.0396  0.0280  0.0299  0.0240  0.0283  0.0260  0.0270
niter,ni,del,rscale     7    3    5.0000    1.2000
parameters
   -0.0941   -8.4644   11.0893   -7.5742   -9.0787   -6.1826
    6.9368    0.8144   -6.3460  -12.1969   -3.8322    7.2214
eta,q 0.97954 10.89559
  0.0259  0.0239  0.0227  0.0231  0.0212  0.0238  0.0233  0.0262  0.0227  0.0241  0.0219  0.0221
  0.0236  0.0225  0.0217  0.0217  0.0203  0.0224  0.0218  0.0234  0.0216  0.0223  0.0211  0.0212
  0.0221  0.0217  0.0213  0.0209  0.0201  0.0212  0.0209  0.0214  0.0209  0.0212  0.0206  0.0206
  0.0216  0.0216  0.0215  0.0213  0.0209  0.0201  0.0206  0.0206  0.0206  0.0206  0.0205  0.0205
  0.0220  0.0220  0.0223  0.0237  0.0226  0.0205  0.0210  0.0209  0.0207  0.0205  0.0206  0.0207
  0.0234  0.0231  0.0235  0.0273  0.0252  0.0245  0.0220  0.0224  0.0213  0.0212  0.0210  0.0213
  0.0257  0.0246  0.0250  0.0317  0.0288  0.0288  0.0236  0.0251  0.0223  0.0227  0.0218  0.0224
niter,ni,del,rscale     6    3    5.0000    1.2000
parameters
    0.1724   -8.4336   11.0310   -7.0442   -9.2752   -6.5003
    6.7979    1.0325   -6.1784  -12.1115   -4.0121    7.1886
eta,q 0.97963 10.89511
  0.0246  0.0230  0.0220  0.0248  0.0238  0.0245  0.0232  0.0259  0.0224  0.0233  0.0217  0.0221
  0.0225  0.0215  0.0210  0.0231  0.0219  0.0228  0.0217  0.0230  0.0213  0.0217  0.0209  0.0212
  0.0211  0.0207  0.0205  0.0216  0.0207  0.0215  0.0207  0.0211  0.0206  0.0208  0.0205  0.0205
  0.0205  0.0204  0.0204  0.0204  0.0203  0.0202  0.0204  0.0204  0.0204  0.0204  0.0204  0.0204
  0.0206  0.0207  0.0206  0.0201  0.0207  0.0197  0.0208  0.0208  0.0206  0.0206  0.0206  0.0206
  0.0215  0.0215  0.0212  0.0216  0.0221  0.0222  0.0218  0.0225  0.0212  0.0215  0.0210  0.0211
  0.0231  0.0228  0.0220  0.0245  0.0243  0.0268  0.0235  0.0253  0.0222  0.0232  0.0218  0.0221
niter,ni,del,rscale     5    3    5.0000    1.2000
parameters
    0.1918   -8.3989   11.0453   -6.9377   -9.2871   -6.5486
    6.7433    1.0898   -6.0876  -12.0702   -4.0945    7.1601
eta,q 0.97963 10.89620
  0.0240  0.0230  0.0220  0.0245  0.0240  0.0246  0.0233  0.0256  0.0224  0.0232  0.0218  0.0221
  0.0220  0.0215  0.0211  0.0229  0.0221  0.0230  0.0217  0.0228  0.0213  0.0217  0.0210  0.0212
  0.0208  0.0206  0.0205  0.0215  0.0208  0.0216  0.0207  0.0210  0.0206  0.0208  0.0205  0.0205
  0.0204  0.0204  0.0204  0.0204  0.0203  0.0203  0.0204  0.0204  0.0204  0.0204  0.0204  0.0204
  0.0207  0.0207  0.0206  0.0203  0.0207  0.0196  0.0207  0.0209  0.0206  0.0206  0.0205  0.0206
  0.0219  0.0215  0.0211  0.0220  0.0220  0.0217  0.0218  0.0227  0.0212  0.0215  0.0210  0.0211
  0.0239  0.0228  0.0219  0.0251  0.0241  0.0264  0.0234  0.0255  0.0223  0.0233  0.0218  0.0221
niter,ni,del,rscale     4    3    5.0000    1.2000
parameters
    0.1964   -8.3888   11.0398   -6.9154   -9.2826   -6.5530
    6.7210    1.1125   -6.0553  -12.0529   -4.1167    7.1369
eta,q 0.97964 10.89645
  0.0239  0.0229  0.0220  0.0245  0.0241  0.0247  0.0233  0.0256  0.0223  0.0232  0.0218  0.0221
  0.0220  0.0215  0.0210  0.0229  0.0221  0.0230  0.0217  0.0228  0.0213  0.0217  0.0210  0.0212
  0.0208  0.0206  0.0205  0.0214  0.0209  0.0216  0.0207  0.0210  0.0206  0.0207  0.0205  0.0205
  0.0204  0.0204  0.0204  0.0204  0.0204  0.0204  0.0204  0.0204  0.0204  0.0204  0.0204  0.0204
  0.0208  0.0207  0.0206  0.0204  0.0208  0.0196  0.0207  0.0209  0.0206  0.0206  0.0205  0.0206
  0.0219  0.0215  0.0211  0.0221  0.0220  0.0216  0.0217  0.0227  0.0212  0.0216  0.0210  0.0211
  0.0239  0.0228  0.0219  0.0252  0.0241  0.0263  0.0234  0.0256  0.0223  0.0233  0.0218  0.0221
registration optimization eta report
parameter search radius
    2.4000    2.4000    2.4000    8.2800    8.2800    8.2800
    7.2000    7.2000    7.2000    7.2000    7.2000    8.2800
100000*second partial in parameter space
       62.       43.       27.        7.        5.        8.
        6.       10.        4.        6.        3.        3.
  0.0239  0.0229  0.0220  0.0245  0.0241  0.0247  0.0233  0.0256  0.0223  0.0232  0.0218  0.0221
  0.0220  0.0215  0.0210  0.0229  0.0221  0.0230  0.0217  0.0228  0.0213  0.0217  0.0210  0.0212
  0.0208  0.0206  0.0205  0.0214  0.0209  0.0216  0.0207  0.0210  0.0206  0.0207  0.0205  0.0205
  0.0204  0.0204  0.0204  0.0204  0.0204  0.0204  0.0204  0.0204  0.0204  0.0204  0.0204  0.0204
  0.0208  0.0207  0.0206  0.0204  0.0208  0.0196  0.0207  0.0209  0.0206  0.0206  0.0205  0.0206
  0.0219  0.0215  0.0211  0.0221  0.0220  0.0216  0.0217  0.0227  0.0212  0.0216  0.0210  0.0211
  0.0239  0.0228  0.0219  0.0252  0.0241  0.0263  0.0234  0.0256  0.0223  0.0233  0.0218  0.0221
    0.1964   -8.3888   11.0398   -6.9154   -9.2826   -6.5530
    6.7210    1.1125   -6.0553  -12.0529   -4.1167    7.1369
eta,q 0.97964 10.89645

---------------------------------------------------------------------
imgreg_4dfp /opt/freesurfer/average/711-2C_as_mni_average_305 /opt/freesurfer/average/711-2B_as_mni_average_305_mask talsrcimg_g11 none talsrcimg_to_711-2C_as_mni_average_305_t4 2311
---------------------------------------------------------------------

freesurfer imgreg_4dfp.c
/opt/freesurfer/average/711-2C_as_mni_average_305.4dfp.img
       256       256       256         1
  1.000000  1.000000  1.000000
orientation T byte_order littleendian
Reading image: /opt/freesurfer/average/711-2C_as_mni_average_305.4dfp.img
dimensions:      256       256       256
mmppix:       1.0000   -1.0000   -1.0000
center:     128.0000 -129.0000 -129.0000
/opt/freesurfer/average/711-2B_as_mni_average_305_mask.4dfp.img
       256       256       256         1
  1.000000  1.000000  1.000000
orientation T byte_order littleendian
Reading mask: /opt/freesurfer/average/711-2B_as_mni_average_305_mask.4dfp.img (2306576 pixels)
talsrcimg_g11.4dfp.img
       256       256       256         1
  1.000000  1.000000  1.000000
orientation T byte_order littleendian
Reading image: talsrcimg_g11.4dfp.img
dimensions:      256       256       256
mmppix:       1.0000   -1.0000   -1.0000
center:     128.0000 -129.0000 -129.0000
fimgreg.f
image alignment mode   2311 decimal      907 hex
parameters
    0.1964   -8.3888   11.0398   -6.9154   -9.2826   -6.5530
    6.7210    1.1125   -6.0553  -12.0529   -4.1167    7.1369
eta,q 0.97964 10.89645
niter,ni,del,rscale     5    3    5.0000    0.8000
parameters
    0.2060   -8.4254   11.0053   -6.0270   -9.3509   -4.8798
    6.7487    1.1948   -5.9601  -11.8685   -4.2895    6.2544
eta,q 0.98040 10.93688
  0.0220  0.0215  0.0210  0.0225  0.0215  0.0225  0.0211  0.0228  0.0206  0.0212  0.0205  0.0201
  0.0211  0.0208  0.0206  0.0216  0.0208  0.0217  0.0203  0.0212  0.0201  0.0204  0.0200  0.0198
  0.0205  0.0205  0.0204  0.0209  0.0203  0.0209  0.0198  0.0200  0.0197  0.0199  0.0197  0.0196
  0.0204  0.0204  0.0204  0.0204  0.0202  0.0202  0.0196  0.0196  0.0196  0.0196  0.0196  0.0196
  0.0205  0.0205  0.0204  0.0202  0.0203  0.0196  0.0198  0.0200  0.0197  0.0197  0.0198  0.0198
  0.0211  0.0209  0.0207  0.0206  0.0208  0.0197  0.0203  0.0210  0.0200  0.0201  0.0201  0.0201
  0.0220  0.0215  0.0211  0.0215  0.0216  0.0209  0.0211  0.0227  0.0205  0.0210  0.0207  0.0206
niter,ni,del,rscale     4    3    5.0000    0.7000
parameters
    0.1439   -8.3957   11.1201   -6.2708   -9.3606   -4.8880
    6.7501    1.1919   -5.9510  -11.6534   -4.3549    6.2957
eta,q 0.98040 10.93597
  0.0209  0.0205  0.0205  0.0210  0.0206  0.0214  0.0207  0.0220  0.0204  0.0207  0.0203  0.0202
  0.0202  0.0200  0.0200  0.0203  0.0201  0.0207  0.0201  0.0207  0.0199  0.0202  0.0199  0.0199
  0.0197  0.0197  0.0197  0.0198  0.0197  0.0201  0.0197  0.0199  0.0197  0.0198  0.0197  0.0197
  0.0196  0.0196  0.0196  0.0196  0.0196  0.0196  0.0196  0.0196  0.0196  0.0196  0.0196  0.0196
  0.0198  0.0197  0.0196  0.0198  0.0197  0.0195  0.0197  0.0199  0.0197  0.0197  0.0197  0.0197
  0.0203  0.0200  0.0199  0.0204  0.0201  0.0202  0.0201  0.0207  0.0199  0.0200  0.0199  0.0199
  0.0211  0.0204  0.0202  0.0216  0.0207  0.0220  0.0207  0.0220  0.0203  0.0206  0.0203  0.0202
niter,ni,del,rscale     3    3    5.0000    0.6000
parameters
    0.1500   -8.3958   11.1015   -6.1765   -9.3802   -4.6863
    6.7629    1.2306   -5.9353  -11.6093   -4.3963    6.1707
eta,q 0.98046 10.93913
  0.0206  0.0203  0.0201  0.0208  0.0203  0.0211  0.0204  0.0214  0.0201  0.0203  0.0201  0.0199
  0.0201  0.0199  0.0198  0.0203  0.0199  0.0205  0.0199  0.0204  0.0198  0.0199  0.0198  0.0197
  0.0197  0.0197  0.0196  0.0198  0.0197  0.0200  0.0196  0.0198  0.0196  0.0197  0.0196  0.0196
  0.0196  0.0196  0.0196  0.0196  0.0196  0.0196  0.0195  0.0195  0.0195  0.0195  0.0195  0.0195
  0.0197  0.0197  0.0197  0.0197  0.0197  0.0195  0.0196  0.0197  0.0196  0.0196  0.0196  0.0196
  0.0201  0.0199  0.0199  0.0201  0.0199  0.0199  0.0199  0.0203  0.0198  0.0199  0.0198  0.0198
  0.0206  0.0202  0.0202  0.0208  0.0204  0.0211  0.0204  0.0213  0.0201  0.0203  0.0201  0.0200
niter,ni,del,rscale     2    3    5.0000    0.5000
parameters
    0.1466   -8.3909   11.1302   -6.1347   -9.3921   -4.4528
    6.7629    1.2445   -5.9296  -11.5346   -4.4235    6.0748
eta,q 0.98050 10.94277
  0.0203  0.0200  0.0200  0.0204  0.0201  0.0207  0.0201  0.0208  0.0199  0.0201  0.0199  0.0198
  0.0199  0.0197  0.0197  0.0200  0.0198  0.0203  0.0198  0.0201  0.0197  0.0198  0.0197  0.0196
  0.0196  0.0196  0.0196  0.0197  0.0196  0.0198  0.0196  0.0197  0.0195  0.0196  0.0195  0.0195
  0.0195  0.0195  0.0195  0.0195  0.0195  0.0195  0.0195  0.0195  0.0195  0.0195  0.0195  0.0195
  0.0196  0.0196  0.0196  0.0196  0.0196  0.0195  0.0196  0.0196  0.0195  0.0195  0.0195  0.0195
  0.0199  0.0198  0.0197  0.0199  0.0198  0.0198  0.0198  0.0201  0.0197  0.0197  0.0197  0.0197
  0.0203  0.0200  0.0199  0.0205  0.0201  0.0206  0.0201  0.0208  0.0199  0.0200  0.0199  0.0198
niter,ni,del,rscale     1    3    5.0000    0.4000
parameters
    0.1400   -8.3886   11.1674   -6.1286   -9.4091   -4.2471
    6.7741    1.2473   -5.9416  -11.4850   -4.4389    6.0099
eta,q 0.98054 10.94528
  0.0200  0.0198  0.0198  0.0201  0.0198  0.0203  0.0198  0.0203  0.0197  0.0198  0.0197  0.0197
  0.0197  0.0196  0.0196  0.0198  0.0197  0.0200  0.0196  0.0199  0.0196  0.0196  0.0196  0.0196
  0.0195  0.0195  0.0195  0.0196  0.0195  0.0197  0.0195  0.0196  0.0195  0.0195  0.0195  0.0195
  0.0195  0.0195  0.0195  0.0195  0.0195  0.0195  0.0195  0.0195  0.0195  0.0195  0.0195  0.0195
  0.0196  0.0195  0.0195  0.0195  0.0195  0.0195  0.0195  0.0196  0.0195  0.0195  0.0195  0.0195
  0.0197  0.0196  0.0196  0.0197  0.0196  0.0197  0.0196  0.0199  0.0196  0.0196  0.0196  0.0196
  0.0200  0.0198  0.0197  0.0201  0.0199  0.0202  0.0198  0.0203  0.0197  0.0198  0.0197  0.0197
registration optimization eta report
parameter search radius
    0.8000    0.8000    0.8000    2.4000    2.4000    2.4000
    2.4000    2.4000    2.4000    2.4000    2.4000    2.4000
100000*second partial in parameter space
       74.       47.       43.       10.        6.       14.
        7.       15.        4.        6.        5.        4.
  0.0200  0.0198  0.0198  0.0201  0.0198  0.0203  0.0198  0.0203  0.0197  0.0198  0.0197  0.0197
  0.0197  0.0196  0.0196  0.0198  0.0197  0.0200  0.0196  0.0199  0.0196  0.0196  0.0196  0.0196
  0.0195  0.0195  0.0195  0.0196  0.0195  0.0197  0.0195  0.0196  0.0195  0.0195  0.0195  0.0195
  0.0195  0.0195  0.0195  0.0195  0.0195  0.0195  0.0195  0.0195  0.0195  0.0195  0.0195  0.0195
  0.0196  0.0195  0.0195  0.0195  0.0195  0.0195  0.0195  0.0196  0.0195  0.0195  0.0195  0.0195
  0.0197  0.0196  0.0196  0.0197  0.0196  0.0197  0.0196  0.0199  0.0196  0.0196  0.0196  0.0196
  0.0200  0.0198  0.0197  0.0201  0.0199  0.0202  0.0198  0.0203  0.0197  0.0198  0.0197  0.0197
    0.1400   -8.3886   11.1674   -6.1286   -9.4091   -4.2471
    6.7741    1.2473   -5.9416  -11.4850   -4.4389    6.0099
eta,q 0.98054 10.94528

---------------------------------------------------------------------
imgreg_4dfp /opt/freesurfer/average/711-2C_as_mni_average_305 /opt/freesurfer/average/711-2B_as_mni_average_305_mask talsrcimg_g11 none talsrcimg_to_711-2C_as_mni_average_305_t4 2311
---------------------------------------------------------------------

freesurfer imgreg_4dfp.c
/opt/freesurfer/average/711-2C_as_mni_average_305.4dfp.img
       256       256       256         1
  1.000000  1.000000  1.000000
orientation T byte_order littleendian
Reading image: /opt/freesurfer/average/711-2C_as_mni_average_305.4dfp.img
dimensions:      256       256       256
mmppix:       1.0000   -1.0000   -1.0000
center:     128.0000 -129.0000 -129.0000
/opt/freesurfer/average/711-2B_as_mni_average_305_mask.4dfp.img
       256       256       256         1
  1.000000  1.000000  1.000000
orientation T byte_order littleendian
Reading mask: /opt/freesurfer/average/711-2B_as_mni_average_305_mask.4dfp.img (2306576 pixels)
talsrcimg_g11.4dfp.img
       256       256       256         1
  1.000000  1.000000  1.000000
orientation T byte_order littleendian
Reading image: talsrcimg_g11.4dfp.img
dimensions:      256       256       256
mmppix:       1.0000   -1.0000   -1.0000
center:     128.0000 -129.0000 -129.0000
fimgreg.f
image alignment mode   2311 decimal      907 hex
parameters
    0.1400   -8.3886   11.1674   -6.1286   -9.4091   -4.2471
    6.7741    1.2473   -5.9416  -11.4850   -4.4389    6.0099
eta,q 0.98054 10.94528
niter,ni,del,rscale     5    3    5.0000    0.8000
parameters
    0.1314   -8.3580   11.2060   -6.5303   -9.4383   -4.8911
    6.7614    1.2078   -5.9164  -11.6432   -4.3743    6.3613
eta,q 0.98036 10.93059
  0.0213  0.0207  0.0207  0.0212  0.0208  0.0215  0.0211  0.0225  0.0206  0.0209  0.0206  0.0204
  0.0203  0.0200  0.0200  0.0204  0.0201  0.0207  0.0203  0.0210  0.0201  0.0202  0.0201  0.0201
  0.0197  0.0196  0.0196  0.0197  0.0197  0.0200  0.0198  0.0200  0.0197  0.0198  0.0197  0.0198
  0.0195  0.0195  0.0195  0.0195  0.0195  0.0195  0.0196  0.0196  0.0196  0.0196  0.0196  0.0196
  0.0197  0.0196  0.0196  0.0197  0.0196  0.0197  0.0198  0.0200  0.0198  0.0198  0.0197  0.0197
  0.0203  0.0200  0.0199  0.0207  0.0201  0.0212  0.0203  0.0210  0.0201  0.0203  0.0200  0.0199
  0.0214  0.0206  0.0205  0.0221  0.0209  0.0239  0.0211  0.0226  0.0206  0.0211  0.0205  0.0203
niter,ni,del,rscale     4    3    5.0000    0.7000
parameters
    0.1627   -8.4094   11.0998   -6.2788   -9.3809   -4.9129
    6.7558    1.2357   -5.9181  -11.6804   -4.3819    6.3144
eta,q 0.98039 10.93463
  0.0211  0.0205  0.0203  0.0213  0.0207  0.0214  0.0207  0.0220  0.0203  0.0206  0.0203  0.0202
  0.0203  0.0200  0.0199  0.0206  0.0201  0.0207  0.0201  0.0207  0.0199  0.0201  0.0199  0.0199
  0.0198  0.0197  0.0197  0.0200  0.0197  0.0201  0.0197  0.0199  0.0197  0.0197  0.0197  0.0197
  0.0196  0.0196  0.0196  0.0196  0.0196  0.0196  0.0196  0.0196  0.0196  0.0196  0.0196  0.0196
  0.0198  0.0198  0.0198  0.0196  0.0197  0.0195  0.0197  0.0199  0.0197  0.0197  0.0197  0.0197
  0.0202  0.0201  0.0201  0.0201  0.0200  0.0202  0.0201  0.0207  0.0199  0.0201  0.0199  0.0199
  0.0209  0.0206  0.0205  0.0211  0.0206  0.0220  0.0207  0.0219  0.0203  0.0207  0.0203  0.0202
niter,ni,del,rscale     3    3    5.0000    0.6000
parameters
    0.1571   -8.4005   11.1010   -6.1683   -9.3775   -4.6900
    6.7562    1.2422   -5.9199  -11.6098   -4.4045    6.1845
eta,q 0.98045 10.93931
  0.0206  0.0203  0.0202  0.0208  0.0204  0.0211  0.0204  0.0214  0.0201  0.0204  0.0201  0.0199
  0.0201  0.0199  0.0198  0.0203  0.0200  0.0205  0.0199  0.0204  0.0198  0.0199  0.0198  0.0197
  0.0197  0.0197  0.0197  0.0198  0.0197  0.0200  0.0196  0.0198  0.0196  0.0197  0.0196  0.0196
  0.0196  0.0196  0.0196  0.0196  0.0196  0.0196  0.0195  0.0195  0.0195  0.0195  0.0195  0.0195
  0.0197  0.0197  0.0197  0.0197  0.0197  0.0195  0.0196  0.0198  0.0196  0.0196  0.0196  0.0196
  0.0201  0.0199  0.0199  0.0201  0.0199  0.0199  0.0199  0.0204  0.0198  0.0199  0.0198  0.0198
  0.0206  0.0202  0.0202  0.0208  0.0204  0.0211  0.0204  0.0214  0.0201  0.0203  0.0201  0.0200
niter,ni,del,rscale     2    3    5.0000    0.5000
parameters
    0.1488   -8.3908   11.1288   -6.1361   -9.3920   -4.4513
    6.7614    1.2474   -5.9309  -11.5414   -4.4267    6.0697
eta,q 0.98050 10.94265
  0.0203  0.0200  0.0200  0.0204  0.0201  0.0207  0.0201  0.0208  0.0199  0.0201  0.0199  0.0198
  0.0199  0.0198  0.0197  0.0200  0.0198  0.0203  0.0198  0.0201  0.0197  0.0198  0.0197  0.0196
  0.0196  0.0196  0.0196  0.0197  0.0196  0.0198  0.0196  0.0196  0.0195  0.0196  0.0195  0.0195
  0.0195  0.0195  0.0195  0.0195  0.0195  0.0195  0.0195  0.0195  0.0195  0.0195  0.0195  0.0195
  0.0196  0.0196  0.0196  0.0196  0.0196  0.0195  0.0196  0.0197  0.0195  0.0195  0.0195  0.0195
  0.0199  0.0198  0.0197  0.0199  0.0198  0.0198  0.0198  0.0201  0.0197  0.0197  0.0197  0.0197
  0.0203  0.0200  0.0199  0.0205  0.0201  0.0206  0.0201  0.0208  0.0199  0.0200  0.0199  0.0198
niter,ni,del,rscale     1    3    5.0000    0.4000
parameters
    0.1414   -8.3891   11.1659   -6.1287   -9.4098   -4.2461
    6.7739    1.2482   -5.9444  -11.4839   -4.4388    6.0131
eta,q 0.98054 10.94527
  0.0200  0.0198  0.0198  0.0201  0.0198  0.0203  0.0198  0.0203  0.0197  0.0198  0.0197  0.0197
  0.0197  0.0196  0.0196  0.0198  0.0197  0.0200  0.0196  0.0199  0.0196  0.0197  0.0196  0.0196
  0.0195  0.0195  0.0195  0.0196  0.0195  0.0197  0.0195  0.0196  0.0195  0.0195  0.0195  0.0195
  0.0195  0.0195  0.0195  0.0195  0.0195  0.0195  0.0195  0.0195  0.0195  0.0195  0.0195  0.0195
  0.0196  0.0195  0.0195  0.0195  0.0195  0.0195  0.0195  0.0196  0.0195  0.0195  0.0195  0.0195
  0.0197  0.0196  0.0196  0.0197  0.0196  0.0197  0.0196  0.0199  0.0196  0.0196  0.0196  0.0196
  0.0200  0.0198  0.0197  0.0201  0.0199  0.0202  0.0198  0.0203  0.0197  0.0198  0.0197  0.0197
registration optimization eta report
parameter search radius
    0.8000    0.8000    0.8000    2.4000    2.4000    2.4000
    2.4000    2.4000    2.4000    2.4000    2.4000    2.4000
100000*second partial in parameter space
       74.       46.       43.       10.        6.       14.
        7.       15.        4.        6.        5.        4.
  0.0200  0.0198  0.0198  0.0201  0.0198  0.0203  0.0198  0.0203  0.0197  0.0198  0.0197  0.0197
  0.0197  0.0196  0.0196  0.0198  0.0197  0.0200  0.0196  0.0199  0.0196  0.0197  0.0196  0.0196
  0.0195  0.0195  0.0195  0.0196  0.0195  0.0197  0.0195  0.0196  0.0195  0.0195  0.0195  0.0195
  0.0195  0.0195  0.0195  0.0195  0.0195  0.0195  0.0195  0.0195  0.0195  0.0195  0.0195  0.0195
  0.0196  0.0195  0.0195  0.0195  0.0195  0.0195  0.0195  0.0196  0.0195  0.0195  0.0195  0.0195
  0.0197  0.0196  0.0196  0.0197  0.0196  0.0197  0.0196  0.0199  0.0196  0.0196  0.0196  0.0196
  0.0200  0.0198  0.0197  0.0201  0.0199  0.0202  0.0198  0.0203  0.0197  0.0198  0.0197  0.0197
    0.1414   -8.3891   11.1659   -6.1287   -9.4098   -4.2461
    6.7739    1.2482   -5.9444  -11.4839   -4.4388    6.0131
eta,q 0.98054 10.94527

---------------------------------------------------------------------
compute_vox2vox talsrcimg talsrcimg_to_711-2C_as_mni_average_305_t4 /opt/freesurfer/average/711-2C_as_mni_average_305
---------------------------------------------------------------------

freesurfer compute_vox2vox.c
Reading: talsrcimg.4dfp.ifh
Reading: talsrcimg_to_711-2C_as_mni_average_305_t4
Reading: /opt/freesurfer/average/711-2C_as_mni_average_305.4dfp.ifh
Writing: talsrcimg_to_711-2C_as_mni_average_305_t4_vox2vox.txt

start time Wed Mar 11 07:31:17 CET 2026
end		time Wed Mar 11 07:32:41 CET 2026

mpr2mni305 success

avi2talxfm orig_nu.mgz /opt/freesurfer/average/mni305.cor.mgz talsrcimg_to_711-2C_as_mni_average_305_t4_vox2vox.txt transforms/talairach.auto.xfm
avi2talxfm done
mv -f /out/sourcedata/freesurfer/sub-v2s15x29729_ses-1/mri/talsrcimg_to_711-2C_as_mni_average_305_t4_vox2vox.txt /out/sourcedata/freesurfer/sub-v2s15x29729_ses-1/mri/transforms/talsrcimg_to_711-2C_as_mni_average_305_t4_vox2vox.txt
lta_convert --src orig_nu.mgz --trg /opt/freesurfer/average/mni305.cor.mgz --inxfm transforms/talairach.auto.xfm --outlta transforms/talairach.auto.xfm.lta --subject fsaverage
7.3.2

--src: orig_nu.mgz src image (geometry).
--trg: /opt/freesurfer/average/mni305.cor.mgz trg image (geometry).
--inmni: transforms/talairach.auto.xfm input MNI/XFM transform.
--outlta: transforms/talairach.auto.xfm.lta output LTA.
--s: fsaverage subject name
 LTA read, type : 1
 1.05928  -0.02312  -0.07767  -2.18898;
 0.04439   1.03513  -0.07203  -21.40723;
 0.07514   0.12970   1.08965  -13.25252;
 0.00000   0.00000   0.00000   1.00000;
setting subject to fsaverage
Writing  LTA to file transforms/talairach.auto.xfm.lta...
lta_convert successful.
 
 
Started at Wed Mar 11 07:31:16 CET 2026
Ended   at Wed Mar 11 07:32:42 CET 2026
talairach_avi done
