/out/sourcedata/freesurfer/sub-v2s15x29749_ses-1/mri
/opt/freesurfer/bin/talairach_avi
--i orig_nu.mgz --xfm transforms/talairach.auto.xfm
talairach_avi 7.3.2
Linux dna012 5.14.0-427.37.1.el9_4.x86_64 #1 SMP PREEMPT_DYNAMIC Fri Sep 13 12:41:50 EDT 2024 x86_64 x86_64 x86_64 GNU/Linux
Wed Mar 11 08:51:15 CET 2026
mri_convert orig_nu.mgz talsrcimg.img 
reading from orig_nu.mgz...
TR=0.00, TE=0.00, TI=0.00, flip angle=0.00
i_ras = (-1, 0, 0)
j_ras = (0, 0, -1)
k_ras = (0, 1, 0)
writing to talsrcimg.img...
Analyze Output Matrix
-1.00000   0.00000   0.00000   124.91561;
 0.00000   0.00000   1.00000  -128.61063;
 0.00000  -1.00000   0.00000   139.57117;
 0.00000   0.00000   0.00000   1.00000;
--------------------
INFO: set hdr.hist.orient to -1
mpr2mni305 talsrcimg
Wed Mar 11 08:51:15 CET 2026
/opt/freesurfer/bin/mpr2mni305 talsrcimg
mpr2mni305 7.3.2
target=711-2C_as_mni_average_305

---------------------------------------------------------------------
analyzeto4dfp talsrcimg -O0 -y
---------------------------------------------------------------------

freesurfer ifh2hdr.c
Wed Mar 11 08:51:15 2026
Writing: talsrcimg.4dfp.hdr
freesurfer analyzeto4dfp.c
Reading: talsrcimg.hdr
header size 348 bytes
hdr.dime.datatype	offset=70	value=2
hdr.dime.bitpix		offset=72	value=8
hdr.hist.orient		offset=252	value=-1
dimensionality     4
dimensions       256       256       256         1
Reading: talsrcimg.img
Writing: talsrcimg.4dfp.img
Writing: talsrcimg.4dfp.ifh
ifh2hdr talsrcimg -r0to234
ori=2

---------------------------------------------------------------------
gauss_4dfp talsrcimg 1.1
---------------------------------------------------------------------

freesurfer gauss_4dfp.c
Reading: talsrcimg.4dfp.img
Writing: talsrcimg_g11.4dfp.img
image dimensions 256 256 256 padded to 288 288 288
processing volume 1freesurfer ifh2hdr.c
Wed Mar 11 08:51:17 2026
Writing: talsrcimg_g11.4dfp.hdr

Writing: talsrcimg_g11.4dfp.ifh
including: talsrcimg.4dfp.img.rec in talsrcimg_g11.4dfp.img.rec

---------------------------------------------------------------------
imgreg_4dfp /opt/freesurfer/average/711-2C_as_mni_average_305 none talsrcimg_g11 none talsrcimg_to_711-2C_as_mni_average_305_t4 4355
---------------------------------------------------------------------

freesurfer imgreg_4dfp.c
/opt/freesurfer/average/711-2C_as_mni_average_305.4dfp.img
       256       256       256         1
  1.000000  1.000000  1.000000
orientation T byte_order littleendian
Reading image: /opt/freesurfer/average/711-2C_as_mni_average_305.4dfp.img
dimensions:      256       256       256
mmppix:       1.0000   -1.0000   -1.0000
center:     128.0000 -129.0000 -129.0000
talsrcimg_g11.4dfp.img
       256       256       256         1
  1.000000  1.000000  1.000000
orientation T byte_order littleendian
Reading image: talsrcimg_g11.4dfp.img
dimensions:      256       256       256
mmppix:       1.0000   -1.0000   -1.0000
center:     128.0000 -129.0000 -129.0000
t4_read: open error in t4_sub.f l:  41 t4_file(1:l)talsrcimg_to_711-2C_as_mni_average_305_t4 
t4_read: transform initialized to I4
rotation matrix determinant  1.000000
image alignment mode   4355 decimal     1103 hex
   -7.5000  -45.0000  -45.0000 8184.8174   19.2054
    0.0000  -45.0000  -45.0000 8528.8574   19.2188
    7.5000  -45.0000  -45.0000 8253.9600   19.2407
   -7.5000  -37.5000  -45.0000 8732.2676   19.1146
    0.0000  -37.5000  -45.0000 9116.6074   19.1292
    7.5000  -37.5000  -45.0000 8802.3027   19.1542
   -7.5000  -30.0000  -45.0000 9573.9287   19.0923
    0.0000  -30.0000  -45.0000 9984.8799   19.1008
    7.5000  -30.0000  -45.0000 9639.9131   19.1167
   -7.5000  -22.5000  -45.000010356.6748   19.1222
    0.0000  -22.5000  -45.000010782.0020   19.1210
    7.5000  -22.5000  -45.000010385.2432   19.1235
   -7.5000  -15.0000  -45.000011024.0820   19.1491
    0.0000  -15.0000  -45.000011514.3584   19.1447
    7.5000  -15.0000  -45.000011104.5039   19.1407
   -7.5000   -7.5000  -45.000011633.8125   19.1399
    0.0000   -7.5000  -45.000012172.7100   19.1439
    7.5000   -7.5000  -45.000011726.0176   19.1501
   -7.5000    0.0000  -45.000012209.6797   19.1100
    0.0000    0.0000  -45.000012761.7744   19.1233
    7.5000    0.0000  -45.000012271.2422   19.1449
   -7.5000    7.5000  -45.000011881.4482   19.0892
    0.0000    7.5000  -45.000012419.9492   19.1037
    7.5000    7.5000  -45.000011952.5820   19.1286
   -7.5000   15.0000  -45.000011389.8164   19.0923
    0.0000   15.0000  -45.000011898.6816   19.1007
    7.5000   15.0000  -45.000011454.6768   19.1167
   -7.5000   22.5000  -45.000010721.4580   19.1196
    0.0000   22.5000  -45.000011165.7559   19.1184
    7.5000   22.5000  -45.000010758.4072   19.1209
   -7.5000   30.0000  -45.0000 9973.5166   18.8939
    0.0000   30.0000  -45.000010349.4893   18.8896
    7.5000   30.0000  -45.0000 9934.2051   18.8856
   -7.5000   37.5000  -45.0000 9414.7002   18.8848
    0.0000   37.5000  -45.0000 9796.9111   18.8888
    7.5000   37.5000  -45.0000 9401.3711   18.8949
   -7.5000   45.0000  -45.0000 8531.4658   18.3765
    0.0000   45.0000  -45.0000 8919.3652   18.3894
    7.5000   45.0000  -45.0000 8559.0977   18.4101
   -7.5000  -45.0000  -37.5000 8740.0312   19.1824
    0.0000  -45.0000  -37.5000 9103.3955   19.2029
    7.5000  -45.0000  -37.5000 8769.7607   19.2274
   -7.5000  -37.5000  -37.5000 9303.0000   19.0896
    0.0000  -37.5000  -37.5000 9700.7510   19.1067
    7.5000  -37.5000  -37.5000 9337.0020   19.1356
   -7.5000  -30.0000  -37.500010183.1787   19.0616
    0.0000  -30.0000  -37.500010622.3594   19.0704
    7.5000  -30.0000  -37.500010206.9688   19.0939
   -7.5000  -22.5000  -37.500011000.0000   19.0888
    0.0000  -22.5000  -37.500011479.1191   19.0912
    7.5000  -22.5000  -37.500011032.5898   19.1035
   -7.5000  -15.0000  -37.500011675.1963   19.1180
    0.0000  -15.0000  -37.500012226.8701   19.1214
    7.5000  -15.0000  -37.500011746.1162   19.1266
   -7.5000   -7.5000  -37.500012315.5322   19.1140
    0.0000   -7.5000  -37.500012879.6309   19.1271
    7.5000   -7.5000  -37.500012332.3291   19.1390
   -7.5000    0.0000  -37.500012890.5244   19.0877
    0.0000    0.0000  -37.500013435.6016   19.1080
    7.5000    0.0000  -37.500012870.8770   19.1321
   -7.5000    7.5000  -37.500012535.6816   19.0644
    0.0000    7.5000  -37.500013047.2285   19.0814
    7.5000    7.5000  -37.500012509.5625   19.1101
   -7.5000   15.0000  -37.500012015.0508   19.0615
    0.0000   15.0000  -37.500012498.9541   19.0704
    7.5000   15.0000  -37.500011982.8389   19.0938
   -7.5000   22.5000  -37.500011301.3594   19.0861
    0.0000   22.5000  -37.500011736.7441   19.0886
    7.5000   22.5000  -37.500011257.7676   19.1009
   -7.5000   30.0000  -37.500010475.3252   18.8632
    0.0000   30.0000  -37.500010851.3730   18.8666
    7.5000   30.0000  -37.500010416.7500   18.8717
   -7.5000   37.5000  -37.5000 9875.5381   18.8593
    0.0000   37.5000  -37.500010244.7910   18.8722
    7.5000   37.5000  -37.5000 9826.4326   18.8840
   -7.5000   45.0000  -37.5000 8928.4229   18.3551
    0.0000   45.0000  -37.5000 9309.7168   18.3746
    7.5000   45.0000  -37.5000 8930.1621   18.3978
   -7.5000  -45.0000  -30.0000 9392.4219   19.9897
    0.0000  -45.0000  -30.0000 9780.7725   20.0107
    7.5000  -45.0000  -30.0000 9408.0762   20.0376
   -7.5000  -37.5000  -30.0000 9978.4951   19.8927
    0.0000  -37.5000  -30.000010396.5488   19.9110
    7.5000  -37.5000  -30.0000 9982.8555   19.9430
   -7.5000  -30.0000  -30.000010874.2617   19.8532
    0.0000  -30.0000  -30.000011364.7158   19.8630
    7.5000  -30.0000  -30.000010897.7725   19.8930
   -7.5000  -22.5000  -30.000011725.2031   19.8706
    0.0000  -22.5000  -30.000012261.9541   19.8735
    7.5000  -22.5000  -30.000011773.7988   19.8945
   -7.5000  -15.0000  -30.000012478.0615   19.8996
    0.0000  -15.0000  -30.000013055.6768   19.9029
    7.5000  -15.0000  -30.000012501.3105   19.9166
   -7.5000   -7.5000  -30.000013182.5264   19.9068
    0.0000   -7.5000  -30.000013753.0752   19.9197
    7.5000   -7.5000  -30.000013123.6768   19.9371
   -7.5000    0.0000  -30.000013785.5840   19.8913
    0.0000    0.0000  -30.000014331.7314   19.9121
    7.5000    0.0000  -30.000013696.3379   19.9386
   -7.5000    7.5000  -30.000013381.3584   19.8666
    0.0000    7.5000  -30.000013908.1797   19.8848
    7.5000    7.5000  -30.000013266.1367   19.9166
   -7.5000   15.0000  -30.000012819.9170   19.8531
    0.0000   15.0000  -30.000013308.0410   19.8629
    7.5000   15.0000  -30.000012689.6279   19.8930
   -7.5000   22.5000  -30.000012029.6865   19.8658
    0.0000   22.5000  -30.000012478.6201   19.8687
    7.5000   22.5000  -30.000011915.1689   19.8897
   -7.5000   30.0000  -30.000011096.4492   19.6363
    0.0000   30.0000  -30.000011479.6826   19.6396
    7.5000   30.0000  -30.000010970.4072   19.6531
   -7.5000   37.5000  -30.000010470.2461   19.6434
    0.0000   37.5000  -30.000010839.7051   19.6562
    7.5000   37.5000  -30.000010365.4590   19.6733
   -7.5000   45.0000  -30.0000 9436.0439   19.1419
    0.0000   45.0000  -30.0000 9833.0605   19.1619
    7.5000   45.0000  -30.0000 9410.9619   19.1874
   -7.5000  -45.0000  -22.500010033.2871   20.7019
    0.0000  -45.0000  -22.500010446.3877   20.7137
    7.5000  -45.0000  -22.500010007.7148   20.7379
   -7.5000  -37.5000  -22.500010632.3555   20.6032
    0.0000  -37.5000  -22.500011095.9268   20.6182
    7.5000  -37.5000  -22.500010642.4609   20.6481
   -7.5000  -30.0000  -22.500011570.8105   20.5573
    0.0000  -30.0000  -22.500012114.5332   20.5665
    7.5000  -30.0000  -22.500011598.4043   20.5948
   -7.5000  -22.5000  -22.500012465.1162   20.5664
    0.0000  -22.5000  -22.500013049.4775   20.5647
    7.5000  -22.5000  -22.500012493.3447   20.5837
   -7.5000  -15.0000  -22.500013280.6260   20.5925
    0.0000  -15.0000  -22.500013878.1514   20.5857
    7.5000  -15.0000  -22.500013219.5938   20.5974
   -7.5000   -7.5000  -22.500014037.6094   20.6067
    0.0000   -7.5000  -22.500014619.9189   20.6077
    7.5000   -7.5000  -22.500013897.5801   20.6228
   -7.5000    0.0000  -22.500014670.7021   20.5996
    0.0000    0.0000  -22.500015247.3994   20.6114
    7.5000    0.0000  -22.500014486.6875   20.6352
   -7.5000    7.5000  -22.500014211.4355   20.5761
    0.0000    7.5000  -22.500014737.7842   20.5910
    7.5000    7.5000  -22.500013996.6807   20.6207
   -7.5000   15.0000  -22.500013575.7637   20.5572
    0.0000   15.0000  -22.500014063.1582   20.5665
    7.5000   15.0000  -22.500013365.6494   20.5947
   -7.5000   22.5000  -22.500012721.0869   20.5601
    0.0000   22.5000  -22.500013173.0322   20.5583
    7.5000   22.5000  -22.500012526.9102   20.5773
   -7.5000   30.0000  -22.500011714.9619   20.3231
    0.0000   30.0000  -22.500012109.2627   20.3164
    7.5000   30.0000  -22.500011526.3711   20.3280
   -7.5000   37.5000  -22.500011030.5684   20.3372
    0.0000   37.5000  -22.500011440.6670   20.3382
    7.5000   37.5000  -22.500010891.6201   20.3531
   -7.5000   45.0000  -22.5000 9952.7568   19.8385
    0.0000   45.0000  -22.500010342.9521   19.8498
    7.5000   45.0000  -22.5000 9864.6201   19.8727
   -7.5000  -45.0000  -15.000010684.2119   21.2212
    0.0000  -45.0000  -15.000011155.3037   21.2249
    7.5000  -45.0000  -15.000010675.4258   21.2440
   -7.5000  -37.5000  -15.000011291.0117   21.1222
    0.0000  -37.5000  -15.000011813.7676   21.1351
    7.5000  -37.5000  -15.000011313.9717   21.1596
   -7.5000  -30.0000  -15.000012266.4238   21.0814
    0.0000  -30.0000  -15.000012861.0957   21.0910
    7.5000  -30.0000  -15.000012312.2334   21.1106
   -7.5000  -22.5000  -15.000013181.4873   21.0933
    0.0000  -22.5000  -15.000013847.8936   21.0872
    7.5000  -22.5000  -15.000013223.0664   21.0952
   -7.5000  -15.0000  -15.000014039.0146   21.1172
    0.0000  -15.0000  -15.000014675.6611   21.1004
    7.5000  -15.0000  -15.000013925.8281   21.1011
   -7.5000   -7.5000  -15.000014822.1895   21.1268
    0.0000   -7.5000  -15.000015403.5225   21.1164
    7.5000   -7.5000  -15.000014637.7803   21.1231
   -7.5000    0.0000  -15.000015489.1035   21.1158
    0.0000    0.0000  -15.000016068.2744   21.1194
    7.5000    0.0000  -15.000015252.7891   21.1382
   -7.5000    7.5000  -15.000014973.9170   21.0942
    0.0000    7.5000  -15.000015529.1123   21.1071
    7.5000    7.5000  -15.000014727.0957   21.1315
   -7.5000   15.0000  -15.000014295.4990   21.0813
    0.0000   15.0000  -15.000014821.9814   21.0909
    7.5000   15.0000  -15.000014048.9736   21.1106
   -7.5000   22.5000  -15.000013390.7686   21.0859
    0.0000   22.5000  -15.000013852.7217   21.0798
    7.5000   22.5000  -15.000013143.2744   21.0877
   -7.5000   30.0000  -15.000012309.5107   20.8439
    0.0000   30.0000  -15.000012714.0703   20.8273
    7.5000   30.0000  -15.000012078.2568   20.8280
   -7.5000   37.5000  -15.000011592.3672   20.8533
    0.0000   37.5000  -15.000012015.2500   20.8432
    7.5000   37.5000  -15.000011405.5049   20.8498
   -7.5000   45.0000  -15.000010467.6680   20.3478
    0.0000   45.0000  -15.000010841.6934   20.3513
    7.5000   45.0000  -15.000010313.3975   20.3695
   -7.5000  -45.0000   -7.500011318.1338   21.4608
    0.0000  -45.0000   -7.500011843.0742   21.4672
    7.5000  -45.0000   -7.500011364.6191   21.4869
   -7.5000  -37.5000   -7.500011943.8330   21.3613
    0.0000  -37.5000   -7.500012532.7900   21.3758
    7.5000  -37.5000   -7.500012018.1162   21.3993
   -7.5000  -30.0000   -7.500012966.2598   21.3316
    0.0000  -30.0000   -7.500013679.5039   21.3420
    7.5000  -30.0000   -7.500013111.8359   21.3560
   -7.5000  -22.5000   -7.500013939.7910   21.3558
    0.0000  -22.5000   -7.500014733.4961   21.3507
    7.5000  -22.5000   -7.500014026.6367   21.3504
   -7.5000  -15.0000   -7.500014818.4111   21.3815
    0.0000  -15.0000   -7.500015485.5732   21.3665
    7.5000  -15.0000   -7.500014713.8887   21.3593
   -7.5000   -7.5000   -7.500015584.7227   21.3782
    0.0000   -7.5000   -7.500016220.0859   21.3706
    7.5000   -7.5000   -7.500015453.3799   21.3739
   -7.5000    0.0000   -7.500016275.3721   21.3540
    0.0000    0.0000   -7.500016948.5625   21.3603
    7.5000    0.0000   -7.500016104.6875   21.3797
   -7.5000    7.5000   -7.500015744.5107   21.3329
    0.0000    7.5000   -7.500016376.6396   21.3474
    7.5000    7.5000   -7.500015566.2471   21.3707
   -7.5000   15.0000   -7.500015017.0537   21.3315
    0.0000   15.0000   -7.500015596.1426   21.3419
    7.5000   15.0000   -7.500014820.0205   21.3560
   -7.5000   22.5000   -7.500014048.2744   21.3460
    0.0000   22.5000   -7.500014561.0420   21.3409
    7.5000   22.5000   -7.500013856.3086   21.3405
   -7.5000   30.0000   -7.500012929.0898   21.1042
    0.0000   30.0000   -7.500013369.9082   21.0894
    7.5000   30.0000   -7.500012744.0596   21.0823
   -7.5000   37.5000   -7.500012170.6816   21.1010
    0.0000   37.5000   -7.500012611.3994   21.0934
    7.5000   37.5000   -7.500012019.3135   21.0967
   -7.5000   45.0000   -7.500010972.5801   20.5812
    0.0000   45.0000   -7.500011353.2021   20.5873
    7.5000   45.0000   -7.500010830.6855   20.6060
   -7.5000  -45.0000    0.000011799.0078   21.4819
    0.0000  -45.0000    0.000012388.1523   21.4971
    7.5000  -45.0000    0.000011913.1904   21.5212
   -7.5000  -37.5000    0.000012445.0566   21.3804
    0.0000  -37.5000    0.000013135.1240   21.3970
    7.5000  -37.5000    0.000012597.0938   21.4245
   -7.5000  -30.0000    0.000013565.2695   21.3555
    0.0000  -30.0000    0.000014406.6104   21.3652
    7.5000  -30.0000    0.000013768.2627   21.3827
   -7.5000  -22.5000    0.000014569.3818   21.3889
    0.0000  -22.5000    0.000015413.2266   21.3878
    7.5000  -22.5000    0.000014729.1699   21.3903
   -7.5000  -15.0000    0.000015329.3887   21.4189
    0.0000  -15.0000    0.000016019.6260   21.4143
    7.5000  -15.0000    0.000015389.1270   21.4096
   -7.5000   -7.5000    0.000016076.3984   21.4087
    0.0000   -7.5000    0.000016776.4141   21.4134
    7.5000   -7.5000    0.000016145.5635   21.4200
   -7.5000    0.0000    0.000016838.0059   21.3753
    0.0000    0.0000    0.000017603.0195   21.3904
    7.5000    0.0000    0.000016886.5527   21.4141
   -7.5000    7.5000    0.000016306.7090   21.3521
    0.0000    7.5000    0.000017050.6328   21.3685
    7.5000    7.5000    0.000016326.6455   21.3959
   -7.5000   15.0000    0.000015531.6689   21.3554
    0.0000   15.0000    0.000016194.8350   21.3651
    7.5000   15.0000    0.000015504.2061   21.3826
   -7.5000   22.5000    0.000014529.5088   21.3791
    0.0000   22.5000    0.000015086.9443   21.3779
    7.5000   22.5000    0.000014437.9404   21.3805
   -7.5000   30.0000    0.000013369.7275   21.1417
    0.0000   30.0000    0.000013825.2217   21.1372
    7.5000   30.0000    0.000013225.4707   21.1325
   -7.5000   37.5000    0.000012613.1279   21.1316
    0.0000   37.5000    0.000013034.0049   21.1362
    7.5000   37.5000    0.000012491.4443   21.1428
   -7.5000   45.0000    0.000011333.3398   20.6033
    0.0000   45.0000    0.000011742.3984   20.6178
    7.5000   45.0000    0.000011266.2959   20.6407
   -7.5000  -45.0000    7.500011451.2393   21.4657
    0.0000  -45.0000    7.500012014.0391   21.4886
    7.5000  -45.0000    7.500011568.1182   21.5160
   -7.5000  -37.5000    7.500012037.6240   21.3617
    0.0000  -37.5000    7.500012668.8203   21.3809
    7.5000  -37.5000    7.500012214.1445   21.4132
   -7.5000  -30.0000    7.500013082.0625   21.3305
    0.0000  -30.0000    7.500013879.6025   21.3403
    7.5000  -30.0000    7.500013343.5947   21.3665
   -7.5000  -22.5000    7.500014072.2227   21.3608
    0.0000  -22.5000    7.500014830.0732   21.3636
    7.5000  -22.5000    7.500014291.0439   21.3773
   -7.5000  -15.0000    7.500014794.3135   21.3935
    0.0000  -15.0000    7.500015397.7061   21.3974
    7.5000  -15.0000    7.500014909.8789   21.4032
   -7.5000   -7.5000    7.500015481.0547   21.3891
    0.0000   -7.5000    7.500016098.4082   21.4037
    7.5000   -7.5000    7.500015591.2021   21.4171
   -7.5000    0.0000    7.500016188.9297   21.3596
    0.0000    0.0000    7.500016901.8105   21.3823
    7.5000    0.0000    7.500016345.6006   21.4093
   -7.5000    7.5000    7.500015683.2012   21.3336
    0.0000    7.5000    7.500016353.6084   21.3526
    7.5000    7.5000    7.500015787.3486   21.3847
   -7.5000   15.0000    7.500014950.8301   21.3304
    0.0000   15.0000    7.500015542.4121   21.3402
    7.5000   15.0000    7.500014994.2852   21.3665
   -7.5000   22.5000    7.500013974.0273   21.3510
    0.0000   22.5000    7.500014499.4238   21.3537
    7.5000   22.5000    7.500013917.6299   21.3675
   -7.5000   30.0000    7.500012860.6631   21.1167
    0.0000   30.0000    7.500013302.7832   21.1205
    7.5000   30.0000    7.500012736.6104   21.1262
   -7.5000   37.5000    7.500012125.9893   21.1123
    0.0000   37.5000    7.500012546.3672   21.1267
    7.5000   37.5000    7.500012035.9365   21.1399
   -7.5000   45.0000    7.500010902.0137   20.5882
    0.0000   45.0000    7.500011311.3330   20.6101
    7.5000   45.0000    7.500010858.0010   20.6361
   -7.5000  -45.0000   15.000010941.3037   21.4657
    0.0000  -45.0000   15.000011496.4219   21.4882
    7.5000  -45.0000   15.000011050.4590   21.5171
   -7.5000  -37.5000   15.000011500.4658   21.3615
    0.0000  -37.5000   15.000012108.2500   21.3811
    7.5000  -37.5000   15.000011688.7275   21.4155
   -7.5000  -30.0000   15.000012468.7979   21.3190
    0.0000  -30.0000   15.000013172.0166   21.3296
    7.5000  -30.0000   15.000012763.2480   21.3619
   -7.5000  -22.5000   15.000013417.5869   21.3377
    0.0000  -22.5000   15.000014128.9619   21.3408
    7.5000  -22.5000   15.000013713.9707   21.3634
   -7.5000  -15.0000   15.000014216.0879   21.3689
    0.0000  -15.0000   15.000014808.3320   21.3725
    7.5000  -15.0000   15.000014384.8701   21.3872
   -7.5000   -7.5000   15.000014947.3975   21.3766
    0.0000   -7.5000   15.000015462.8799   21.3905
    7.5000   -7.5000   15.000015004.5488   21.4092
   -7.5000    0.0000   15.000015608.9053   21.3600
    0.0000    0.0000   15.000016154.1816   21.3823
    7.5000    0.0000   15.000015638.4268   21.4107
   -7.5000    7.5000   15.000015105.6826   21.3335
    0.0000    7.5000   15.000015652.9609   21.3530
    7.5000    7.5000   15.000015136.2432   21.3871
   -7.5000   15.0000   15.000014404.1758   21.3189
    0.0000   15.0000   15.000014914.7451   21.3295
    7.5000   15.0000   15.000014380.4316   21.3618
   -7.5000   22.5000   15.000013436.8477   21.3279
    0.0000   22.5000   15.000013922.0400   21.3310
    7.5000   22.5000   15.000013353.8242   21.3535
   -7.5000   30.0000   15.000012280.9473   21.0923
    0.0000   30.0000   15.000012715.6299   21.0959
    7.5000   30.0000   15.000012210.2500   21.1104
   -7.5000   37.5000   15.000011535.4453   21.1000
    0.0000   37.5000   15.000011961.5850   21.1137
    7.5000   37.5000   15.000011530.5742   21.1321
   -7.5000   45.0000   15.000010337.0273   20.5886
    0.0000   45.0000   15.000010741.1191   20.6101
    7.5000   45.0000   15.000010361.9141   20.6375
   -7.5000  -45.0000   22.500010363.6377   21.5181
    0.0000  -45.0000   22.500010845.6250   21.5305
    7.5000  -45.0000   22.500010484.6367   21.5557
   -7.5000  -37.5000   22.500010896.5137   21.4154
    0.0000  -37.5000   22.500011448.3682   21.4311
    7.5000  -37.5000   22.500011100.8398   21.4622
   -7.5000  -30.0000   22.500011801.4590   21.3676
    0.0000  -30.0000   22.500012425.2090   21.3772
    7.5000  -30.0000   22.500012083.3760   21.4067
   -7.5000  -22.5000   22.500012675.4570   21.3770
    0.0000  -22.5000   22.500013331.3369   21.3753
    7.5000  -22.5000   22.500012975.7266   21.3951
   -7.5000  -15.0000   22.500013466.2471   21.4042
    0.0000  -15.0000   22.500014169.6162   21.3972
    7.5000  -15.0000   22.500013740.1670   21.4094
   -7.5000   -7.5000   22.500014261.9121   21.4191
    0.0000   -7.5000   22.500014995.7686   21.4202
    7.5000   -7.5000   22.500014461.9053   21.4359
   -7.5000    0.0000   22.500014939.1816   21.4117
    0.0000    0.0000   22.500015651.4062   21.4240
    7.5000    0.0000   22.500015039.6201   21.4488
   -7.5000    7.5000   22.500014384.0605   21.3872
    0.0000    7.5000   22.500015031.6729   21.4028
    7.5000    7.5000   22.500014418.1104   21.4338
   -7.5000   15.0000   22.500013644.8037   21.3675
    0.0000   15.0000   22.500014242.0645   21.3772
    7.5000   15.0000   22.500013590.7266   21.4066
   -7.5000   22.5000   22.500012711.7041   21.3672
    0.0000   22.5000   22.500013256.0898   21.3655
    7.5000   22.5000   22.500012622.2754   21.3853
   -7.5000   30.0000   22.500011586.9814   21.1272
    0.0000   30.0000   22.500012087.3037   21.1203
    7.5000   30.0000   22.500011544.3652   21.1323
   -7.5000   37.5000   22.500010892.2715   21.1419
    0.0000   37.5000   22.500011360.8594   21.1430
    7.5000   37.5000   22.500010870.8252   21.1584
   -7.5000   45.0000   22.5000 9785.6035   20.6384
    0.0000   45.0000   22.500010187.8750   20.6503
    7.5000   45.0000   22.5000 9800.2119   20.6742
   -7.5000  -45.0000   30.0000 9661.6816   21.6775
    0.0000  -45.0000   30.000010122.8652   21.6812
    7.5000  -45.0000   30.0000 9742.6143   21.7010
   -7.5000  -37.5000   30.000010196.9336   21.5758
    0.0000  -37.5000   30.000010728.2578   21.5892
    7.5000  -37.5000   30.000010311.8164   21.6145
   -7.5000  -30.0000   30.000011091.2207   21.5339
    0.0000  -30.0000   30.000011671.9453   21.5439
    7.5000  -30.0000   30.000011207.5264   21.5642
   -7.5000  -22.5000   30.000011947.6914   21.5461
    0.0000  -22.5000   30.000012556.6611   21.5399
    7.5000  -22.5000   30.000012055.1025   21.5482
   -7.5000  -15.0000   30.000012682.4404   21.5706
    0.0000  -15.0000   30.000013354.1035   21.5533
    7.5000  -15.0000   30.000012796.3174   21.5540
   -7.5000   -7.5000   30.000013388.9023   21.5803
    0.0000   -7.5000   30.000014110.8535   21.5696
    7.5000   -7.5000   30.000013488.3682   21.5766
   -7.5000    0.0000   30.000013968.9531   21.5691
    0.0000    0.0000   30.000014696.3701   21.5728
    7.5000    0.0000   30.000014048.4316   21.5923
   -7.5000    7.5000   30.000013414.8779   21.5471
    0.0000    7.5000   30.000014105.5947   21.5604
    7.5000    7.5000   30.000013504.8281   21.5856
   -7.5000   15.0000   30.000012715.7051   21.5339
    0.0000   15.0000   30.000013331.5654   21.5438
    7.5000   15.0000   30.000012734.8398   21.5641
   -7.5000   22.5000   30.000011868.8848   21.5362
    0.0000   22.5000   30.000012399.4902   21.5300
    7.5000   22.5000   30.000011830.7881   21.5382
   -7.5000   30.0000   30.000010840.9385   21.2914
    0.0000   30.0000   30.000011312.6289   21.2744
    7.5000   30.0000   30.000010815.6787   21.2750
   -7.5000   37.5000   30.000010222.9590   21.3011
    0.0000   37.5000   30.000010655.3916   21.2905
    7.5000   37.5000   30.000010203.2607   21.2974
   -7.5000   45.0000   30.0000 9197.4180   20.7901
    0.0000   45.0000   30.0000 9553.3164   20.7937
    7.5000   45.0000   30.0000 9191.1377   20.8125
   -7.5000  -45.0000   37.5000 9286.8232   21.8894
    0.0000  -45.0000   37.5000 9692.7998   21.8961
    7.5000  -45.0000   37.5000 9300.2451   21.9165
   -7.5000  -37.5000   37.5000 9841.7090   21.7894
    0.0000  -37.5000   37.500010284.9844   21.8045
    7.5000  -37.5000   37.5000 9874.0898   21.8289
   -7.5000  -30.0000   37.500010688.2266   21.7598
    0.0000  -30.0000   37.500011170.7891   21.7706
    7.5000  -30.0000   37.500010732.5771   21.7853
   -7.5000  -22.5000   37.500011488.7939   21.7848
    0.0000  -22.5000   37.500011991.3613   21.7795
    7.5000  -22.5000   37.500011516.4229   21.7790
   -7.5000  -15.0000   37.500012189.1094   21.8110
    0.0000  -15.0000   37.500012740.2764   21.7955
    7.5000  -15.0000   37.500012229.4131   21.7879
   -7.5000   -7.5000   37.500012836.0352   21.8074
    0.0000   -7.5000   37.500013456.5967   21.7995
    7.5000   -7.5000   37.500012913.2939   21.8029
   -7.5000    0.0000   37.500013375.5166   21.7823
    0.0000    0.0000   37.500014023.7041   21.7889
    7.5000    0.0000   37.500013462.9941   21.8093
   -7.5000    7.5000   37.500012862.2246   21.7608
    0.0000    7.5000   37.500013513.8164   21.7760
    7.5000    7.5000   37.500012963.0547   21.8003
   -7.5000   15.0000   37.500012192.5713   21.7597
    0.0000   15.0000   37.500012821.9395   21.7705
    7.5000   15.0000   37.500012270.9570   21.7852
   -7.5000   22.5000   37.500011375.6914   21.7748
    0.0000   22.5000   37.500011941.1816   21.7695
    7.5000   22.5000   37.500011422.4014   21.7690
   -7.5000   30.0000   37.500010405.1299   21.5288
    0.0000   30.0000   37.500010918.8760   21.5134
    7.5000   30.0000   37.500010451.1982   21.5059
   -7.5000   37.5000   37.5000 9812.5625   21.5251
    0.0000   37.5000   37.500010290.4961   21.5173
    7.5000   37.5000   37.5000 9882.3545   21.5208
   -7.5000   45.0000   37.5000 8827.0664   20.9956
    0.0000   45.0000   37.5000 9224.7061   21.0020
    7.5000   45.0000   37.5000 8889.1406   21.0217
   -7.5000  -45.0000   45.0000 8466.4131   22.1642
    0.0000  -45.0000   45.0000 8821.0049   22.1811
    7.5000  -45.0000   45.0000 8474.8984   22.2062
   -7.5000  -37.5000   45.0000 8960.6338   22.0620
    0.0000  -37.5000   45.0000 9348.3037   22.0800
    7.5000  -37.5000   45.0000 8986.6787   22.1089
   -7.5000  -30.0000   45.0000 9724.6924   22.0378
    0.0000  -30.0000   45.000010164.3115   22.0483
    7.5000  -30.0000   45.0000 9767.3057   22.0666
   -7.5000  -22.5000   45.000010445.8770   22.0739
    0.0000  -22.5000   45.000010921.7754   22.0730
    7.5000  -22.5000   45.000010494.5020   22.0753
   -7.5000  -15.0000   45.000011075.7588   22.1059
    0.0000  -15.0000   45.000011611.6699   22.1014
    7.5000  -15.0000   45.000011160.4102   22.0960
   -7.5000   -7.5000   45.000011646.1553   22.0943
    0.0000   -7.5000   45.000012256.2041   22.1000
    7.5000   -7.5000   45.000011779.1025   22.1067
   -7.5000    0.0000   45.000012176.3496   22.0580
    0.0000    0.0000   45.000012812.3379   22.0748
    7.5000    0.0000   45.000012312.2754   22.0999
   -7.5000    7.5000   45.000011744.0791   22.0335
    0.0000    7.5000   45.000012344.9746   22.0514
    7.5000    7.5000   45.000011869.8574   22.0803
   -7.5000   15.0000   45.000011169.5713   22.0377
    0.0000   15.0000   45.000011744.2412   22.0482
    7.5000   15.0000   45.000011272.4678   22.0665
   -7.5000   22.5000   45.000010418.7246   22.0637
    0.0000   22.5000   45.000010946.3613   22.0627
    7.5000   22.5000   45.000010491.4922   22.0651
   -7.5000   30.0000   45.0000 9546.2344   21.8179
    0.0000   30.0000   45.000010013.2891   21.8135
    7.5000   30.0000   45.0000 9625.0908   21.8081
   -7.5000   37.5000   45.0000 9011.4746   21.8064
    0.0000   37.5000   45.0000 9451.7861   21.8121
    7.5000   37.5000   45.0000 9111.8643   21.8187
   -7.5000   45.0000   45.0000 8105.9370   21.2710
    0.0000   45.0000   45.0000 8493.6904   21.2872
    7.5000   45.0000   45.0000 8199.6133   21.3114

---------------------------------------------------------------------
imgreg_4dfp /opt/freesurfer/average/711-2C_as_mni_average_305 /opt/freesurfer/average/711-2B_as_mni_average_305_mask talsrcimg_g11 none talsrcimg_to_711-2C_as_mni_average_305_t4 4355
---------------------------------------------------------------------

freesurfer imgreg_4dfp.c
/opt/freesurfer/average/711-2C_as_mni_average_305.4dfp.img
       256       256       256         1
  1.000000  1.000000  1.000000
orientation T byte_order littleendian
Reading image: /opt/freesurfer/average/711-2C_as_mni_average_305.4dfp.img
dimensions:      256       256       256
mmppix:       1.0000   -1.0000   -1.0000
center:     128.0000 -129.0000 -129.0000
/opt/freesurfer/average/711-2B_as_mni_average_305_mask.4dfp.img
       256       256       256         1
  1.000000  1.000000  1.000000
orientation T byte_order littleendian
Reading mask: /opt/freesurfer/average/711-2B_as_mni_average_305_mask.4dfp.img (2306576 pixels)
talsrcimg_g11.4dfp.img
       256       256       256         1
  1.000000  1.000000  1.000000
orientation T byte_order littleendian
Reading image: talsrcimg_g11.4dfp.img
dimensions:      256       256       256
mmppix:       1.0000   -1.0000   -1.0000
center:     128.0000 -129.0000 -129.0000
rotation matrix determinant  1.000000
image alignment mode   4355 decimal     1103 hex
   -7.5000  -45.0000  -45.0000 2057.0134   21.8632
    0.0000  -45.0000  -45.0000 2074.0293   21.5385
    7.5000  -45.0000  -45.0000 2079.7141   21.6503
   -7.5000  -37.5000  -45.0000 2144.1218   20.0886
    0.0000  -37.5000  -45.0000 2164.4963   19.7987
    7.5000  -37.5000  -45.0000 2166.0059   19.9536
   -7.5000  -30.0000  -45.0000 2206.5962   18.7963
    0.0000  -30.0000  -45.0000 2226.3569   18.5119
    7.5000  -30.0000  -45.0000 2227.6960   18.6202
   -7.5000  -22.5000  -45.0000 2248.0593   17.8612
    0.0000  -22.5000  -45.0000 2258.7593   17.6306
    7.5000  -22.5000  -45.0000 2263.0771   17.7015
   -7.5000  -15.0000  -45.0000 2264.3608   17.3745
    0.0000  -15.0000  -45.0000 2280.0952   17.1096
    7.5000  -15.0000  -45.0000 2289.9260   17.1188
   -7.5000   -7.5000  -45.0000 2263.0581   17.1617
    0.0000   -7.5000  -45.0000 2286.6831   16.9653
    7.5000   -7.5000  -45.0000 2294.3728   17.0106
   -7.5000    0.0000  -45.0000 2254.9739   17.3740
    0.0000    0.0000  -45.0000 2278.7773   17.1586
    7.5000    0.0000  -45.0000 2283.6436   17.2258
   -7.5000    7.5000  -45.0000 2224.7039   18.0209
    0.0000    7.5000  -45.0000 2254.0659   17.7151
    7.5000    7.5000  -45.0000 2262.7598   17.7556
   -7.5000   15.0000  -45.0000 2182.2864   19.0041
    0.0000   15.0000  -45.0000 2208.1279   18.6202
    7.5000   15.0000  -45.0000 2218.2458   18.6553
   -7.5000   22.5000  -45.0000 2118.6626   20.4146
    0.0000   22.5000  -45.0000 2148.5901   19.9665
    7.5000   22.5000  -45.0000 2156.6765   19.9985
   -7.5000   30.0000  -45.0000 2039.0519   22.2966
    0.0000   30.0000  -45.0000 2068.1462   21.8471
    7.5000   30.0000  -45.0000 2076.0615   21.8921
   -7.5000   37.5000  -45.0000 1946.7668   24.7056
    0.0000   37.5000  -45.0000 1974.3519   24.2667
    7.5000   37.5000  -45.0000 1978.5841   24.2644
   -7.5000   45.0000  -45.0000 1838.9369   27.8604
    0.0000   45.0000  -45.0000 1863.7876   27.3778
    7.5000   45.0000  -45.0000 1863.1584   27.4469
   -7.5000  -45.0000  -37.5000 2140.3237   20.1320
    0.0000  -45.0000  -37.5000 2159.5947   19.8701
    7.5000  -45.0000  -37.5000 2157.5146   20.0113
   -7.5000  -37.5000  -37.5000 2226.6230   18.4807
    0.0000  -37.5000  -37.5000 2245.3845   18.2575
    7.5000  -37.5000  -37.5000 2242.6028   18.3525
   -7.5000  -30.0000  -37.5000 2296.9375   17.2627
    0.0000  -30.0000  -37.5000 2310.6348   17.0583
    7.5000  -30.0000  -37.5000 2313.1067   17.1329
   -7.5000  -22.5000  -37.5000 2345.7351   16.4267
    0.0000  -22.5000  -37.5000 2356.8840   16.2521
    7.5000  -22.5000  -37.5000 2365.7668   16.3101
   -7.5000  -15.0000  -37.5000 2361.6638   15.9583
    0.0000  -15.0000  -37.5000 2385.2034   15.7796
    7.5000  -15.0000  -37.5000 2393.3630   15.7898
   -7.5000   -7.5000  -37.5000 2365.0034   15.7995
    0.0000   -7.5000  -37.5000 2387.8740   15.6308
    7.5000   -7.5000  -37.5000 2391.3320   15.6897
   -7.5000    0.0000  -37.5000 2353.4014   15.9568
    0.0000    0.0000  -37.5000 2376.7324   15.7822
    7.5000    0.0000  -37.5000 2379.5107   15.8602
   -7.5000    7.5000  -37.5000 2325.9695   16.5447
    0.0000    7.5000  -37.5000 2355.5874   16.2761
    7.5000    7.5000  -37.5000 2359.3792   16.3547
   -7.5000   15.0000  -37.5000 2278.0020   17.4982
    0.0000   15.0000  -37.5000 2307.3499   17.1856
    7.5000   15.0000  -37.5000 2316.0381   17.2548
   -7.5000   22.5000  -37.5000 2213.5962   18.8402
    0.0000   22.5000  -37.5000 2242.7473   18.4989
    7.5000   22.5000  -37.5000 2250.0442   18.5183
   -7.5000   30.0000  -37.5000 2130.0002   20.5868
    0.0000   30.0000  -37.5000 2161.2966   20.1995
    7.5000   30.0000  -37.5000 2170.3403   20.2172
   -7.5000   37.5000  -37.5000 2026.7584   22.8390
    0.0000   37.5000  -37.5000 2054.7166   22.4444
    7.5000   37.5000  -37.5000 2060.3740   22.4589
   -7.5000   45.0000  -37.5000 1915.3868   25.7658
    0.0000   45.0000  -37.5000 1936.7202   25.3673
    7.5000   45.0000  -37.5000 1935.3599   25.4052
   -7.5000  -45.0000  -30.0000 2246.3044   19.2978
    0.0000  -45.0000  -30.0000 2266.0154   19.0698
    7.5000  -45.0000  -30.0000 2268.5117   19.2147
   -7.5000  -37.5000  -30.0000 2343.3892   17.6910
    0.0000  -37.5000  -30.0000 2360.2390   17.4714
    7.5000  -37.5000  -30.0000 2361.4182   17.5835
   -7.5000  -30.0000  -30.0000 2417.7222   16.4892
    0.0000  -30.0000  -30.0000 2437.5530   16.3188
    7.5000  -30.0000  -30.0000 2441.7651   16.3935
   -7.5000  -22.5000  -30.0000 2473.2615   15.7026
    0.0000  -22.5000  -30.0000 2497.5815   15.5753
    7.5000  -22.5000  -30.0000 2504.1057   15.6169
   -7.5000  -15.0000  -30.0000 2503.9939   15.2479
    0.0000  -15.0000  -30.0000 2527.6147   15.0817
    7.5000  -15.0000  -30.0000 2535.7246   15.1189
   -7.5000   -7.5000  -30.0000 2518.9878   15.1888
    0.0000   -7.5000  -30.0000 2540.5093   14.9844
    7.5000   -7.5000  -30.0000 2545.8145   15.0291
   -7.5000    0.0000  -30.0000 2506.2319   15.3777
    0.0000    0.0000  -30.0000 2530.2161   15.1779
    7.5000    0.0000  -30.0000 2532.0901   15.2352
   -7.5000    7.5000  -30.0000 2475.6130   15.9236
    0.0000    7.5000  -30.0000 2510.0510   15.6945
    7.5000    7.5000  -30.0000 2508.9041   15.7579
   -7.5000   15.0000  -30.0000 2421.6653   16.8321
    0.0000   15.0000  -30.0000 2455.6045   16.5618
    7.5000   15.0000  -30.0000 2455.8369   16.6271
   -7.5000   22.5000  -30.0000 2347.0342   18.1258
    0.0000   22.5000  -30.0000 2382.9519   17.8423
    7.5000   22.5000  -30.0000 2383.2041   17.8659
   -7.5000   30.0000  -30.0000 2253.5237   19.7979
    0.0000   30.0000  -30.0000 2283.1643   19.4794
    7.5000   30.0000  -30.0000 2282.8784   19.5123
   -7.5000   37.5000  -30.0000 2142.6614   21.9535
    0.0000   37.5000  -30.0000 2163.4329   21.6343
    7.5000   37.5000  -30.0000 2167.9897   21.6771
   -7.5000   45.0000  -30.0000 2014.4268   24.7908
    0.0000   45.0000  -30.0000 2038.7146   24.3939
    7.5000   45.0000  -30.0000 2040.1995   24.4256
   -7.5000  -45.0000  -22.5000 2332.8665   18.4677
    0.0000  -45.0000  -22.5000 2348.5308   18.2735
    7.5000  -45.0000  -22.5000 2343.8206   18.3734
   -7.5000  -37.5000  -22.5000 2434.5339   16.9211
    0.0000  -37.5000  -22.5000 2457.9858   16.7543
    7.5000  -37.5000  -22.5000 2456.0044   16.8394
   -7.5000  -30.0000  -22.5000 2518.6794   15.7565
    0.0000  -30.0000  -22.5000 2548.1230   15.5914
    7.5000  -30.0000  -22.5000 2550.0242   15.6631
   -7.5000  -22.5000  -22.5000 2583.3171   14.9882
    0.0000  -22.5000  -22.5000 2614.0488   14.8511
    7.5000  -22.5000  -22.5000 2616.6064   14.9106
   -7.5000  -15.0000  -22.5000 2623.6748   14.5478
    0.0000  -15.0000  -22.5000 2653.8574   14.4122
    7.5000  -15.0000  -22.5000 2655.5850   14.4323
   -7.5000   -7.5000  -22.5000 2645.3071   14.5051
    0.0000   -7.5000  -22.5000 2677.2383   14.3215
    7.5000   -7.5000  -22.5000 2676.1973   14.3422
   -7.5000    0.0000  -22.5000 2636.2288   14.7228
    0.0000    0.0000  -22.5000 2666.8262   14.5331
    7.5000    0.0000  -22.5000 2665.2783   14.5841
   -7.5000    7.5000  -22.5000 2602.0466   15.2373
    0.0000    7.5000  -22.5000 2637.8103   15.0494
    7.5000    7.5000  -22.5000 2630.4319   15.1215
   -7.5000   15.0000  -22.5000 2534.3806   16.1339
    0.0000   15.0000  -22.5000 2569.7305   15.9069
    7.5000   15.0000  -22.5000 2566.5559   15.9785
   -7.5000   22.5000  -22.5000 2447.5876   17.3909
    0.0000   22.5000  -22.5000 2486.5488   17.1214
    7.5000   22.5000  -22.5000 2484.1018   17.1588
   -7.5000   30.0000  -22.5000 2345.4775   18.9676
    0.0000   30.0000  -22.5000 2373.3792   18.6871
    7.5000   30.0000  -22.5000 2378.5042   18.7669
   -7.5000   37.5000  -22.5000 2225.3147   21.0635
    0.0000   37.5000  -22.5000 2245.0325   20.7281
    7.5000   37.5000  -22.5000 2249.4160   20.8004
   -7.5000   45.0000  -22.5000 2089.6809   23.6675
    0.0000   45.0000  -22.5000 2109.8235   23.3134
    7.5000   45.0000  -22.5000 2114.7822   23.4075
   -7.5000  -45.0000  -15.0000 2388.5229   17.7206
    0.0000  -45.0000  -15.0000 2404.9629   17.6319
    7.5000  -45.0000  -15.0000 2401.9292   17.7048
   -7.5000  -37.5000  -15.0000 2497.8667   16.1800
    0.0000  -37.5000  -15.0000 2521.2410   16.1041
    7.5000  -37.5000  -15.0000 2524.5251   16.2032
   -7.5000  -30.0000  -15.0000 2591.6553   15.0799
    0.0000  -30.0000  -15.0000 2622.6743   14.9870
    7.5000  -30.0000  -15.0000 2623.9094   15.0514
   -7.5000  -22.5000  -15.0000 2666.3811   14.3313
    0.0000  -22.5000  -15.0000 2700.2471   14.1925
    7.5000  -22.5000  -15.0000 2702.6428   14.2873
   -7.5000  -15.0000  -15.0000 2715.8142   13.9019
    0.0000  -15.0000  -15.0000 2747.8191   13.7705
    7.5000  -15.0000  -15.0000 2744.8372   13.8359
   -7.5000   -7.5000  -15.0000 2739.8235   13.8751
    0.0000   -7.5000  -15.0000 2772.3230   13.6915
    7.5000   -7.5000  -15.0000 2768.4346   13.7469
   -7.5000    0.0000  -15.0000 2729.8328   14.0725
    0.0000    0.0000  -15.0000 2765.4954   13.9242
    7.5000    0.0000  -15.0000 2755.3940   14.0096
   -7.5000    7.5000  -15.0000 2692.7891   14.5713
    0.0000    7.5000  -15.0000 2730.4395   14.4217
    7.5000    7.5000  -15.0000 2715.6831   14.5309
   -7.5000   15.0000  -15.0000 2613.2861   15.4393
    0.0000   15.0000  -15.0000 2652.8958   15.2705
    7.5000   15.0000  -15.0000 2643.6106   15.3554
   -7.5000   22.5000  -15.0000 2516.0776   16.6878
    0.0000   22.5000  -15.0000 2550.3252   16.4654
    7.5000   22.5000  -15.0000 2548.3184   16.5190
   -7.5000   30.0000  -15.0000 2409.1794   18.2132
    0.0000   30.0000  -15.0000 2435.4968   17.9357
    7.5000   30.0000  -15.0000 2438.7195   18.0296
   -7.5000   37.5000  -15.0000 2282.3257   20.1750
    0.0000   37.5000  -15.0000 2306.6304   19.8641
    7.5000   37.5000  -15.0000 2306.5459   19.9562
   -7.5000   45.0000  -15.0000 2141.8228   22.6485
    0.0000   45.0000  -15.0000 2157.2285   22.3210
    7.5000   45.0000  -15.0000 2162.0647   22.4104
   -7.5000  -45.0000   -7.5000 2417.8259   17.0225
    0.0000  -45.0000   -7.5000 2438.1594   16.9976
    7.5000  -45.0000   -7.5000 2439.2820   17.1658
   -7.5000  -37.5000   -7.5000 2533.8083   15.5191
    0.0000  -37.5000   -7.5000 2563.9351   15.4963
    7.5000  -37.5000   -7.5000 2565.4644   15.6539
   -7.5000  -30.0000   -7.5000 2636.5278   14.4511
    0.0000  -30.0000   -7.5000 2677.2483   14.4073
    7.5000  -30.0000   -7.5000 2678.2878   14.5127
   -7.5000  -22.5000   -7.5000 2724.4844   13.7526
    0.0000  -22.5000   -7.5000 2768.2336   13.6730
    7.5000  -22.5000   -7.5000 2770.3630   13.7957
   -7.5000  -15.0000   -7.5000 2786.0142   13.3459
    0.0000  -15.0000   -7.5000 2828.1265   13.2102
    7.5000  -15.0000   -7.5000 2813.8596   13.3127
   -7.5000   -7.5000   -7.5000 2816.5991   13.2954
    0.0000   -7.5000   -7.5000 2853.2717   13.1298
    7.5000   -7.5000   -7.5000 2836.1174   13.2412
   -7.5000    0.0000   -7.5000 2801.3752   13.4644
    0.0000    0.0000   -7.5000 2838.9275   13.3665
    7.5000    0.0000   -7.5000 2821.4414   13.4935
   -7.5000    7.5000   -7.5000 2757.1074   13.9632
    0.0000    7.5000   -7.5000 2792.4480   13.8879
    7.5000    7.5000   -7.5000 2780.0579   14.0334
   -7.5000   15.0000   -7.5000 2673.4009   14.8254
    0.0000   15.0000   -7.5000 2708.3044   14.6992
    7.5000   15.0000   -7.5000 2701.8987   14.8119
   -7.5000   22.5000   -7.5000 2565.2273   15.9877
    0.0000   22.5000   -7.5000 2602.2893   15.8185
    7.5000   22.5000   -7.5000 2602.0476   15.8958
   -7.5000   30.0000   -7.5000 2446.6963   17.4623
    0.0000   30.0000   -7.5000 2478.0269   17.2590
    7.5000   30.0000   -7.5000 2481.4609   17.3394
   -7.5000   37.5000   -7.5000 2313.1938   19.3797
    0.0000   37.5000   -7.5000 2343.6040   19.1178
    7.5000   37.5000   -7.5000 2343.7373   19.1862
   -7.5000   45.0000   -7.5000 2168.2388   21.7095
    0.0000   45.0000   -7.5000 2188.6531   21.4315
    7.5000   45.0000   -7.5000 2191.5400   21.5238
   -7.5000  -45.0000    0.0000 2425.7068   16.5400
    0.0000  -45.0000    0.0000 2454.0005   16.5903
    7.5000  -45.0000    0.0000 2454.6995   16.8592
   -7.5000  -37.5000    0.0000 2552.2312   15.0795
    0.0000  -37.5000    0.0000 2588.5884   15.1000
    7.5000  -37.5000    0.0000 2581.3218   15.3085
   -7.5000  -30.0000    0.0000 2663.3845   14.0453
    0.0000  -30.0000    0.0000 2711.7268   14.0351
    7.5000  -30.0000    0.0000 2708.2063   14.2071
   -7.5000  -22.5000    0.0000 2765.8452   13.3846
    0.0000  -22.5000    0.0000 2815.4766   13.3396
    7.5000  -22.5000    0.0000 2814.5535   13.4699
   -7.5000  -15.0000    0.0000 2835.2205   12.9466
    0.0000  -15.0000    0.0000 2881.5635   12.7705
    7.5000  -15.0000    0.0000 2862.4790   12.9498
   -7.5000   -7.5000    0.0000 2864.7861   12.8395
    0.0000   -7.5000    0.0000 2899.1021   12.6825
    7.5000   -7.5000    0.0000 2877.9524   12.9083
   -7.5000    0.0000    0.0000 2850.9065   13.0700
    0.0000    0.0000    0.0000 2887.6851   12.9816
    7.5000    0.0000    0.0000 2870.8870   13.1680
   -7.5000    7.5000    0.0000 2799.6074   13.5763
    0.0000    7.5000    0.0000 2833.0669   13.5001
    7.5000    7.5000    0.0000 2824.5376   13.6715
   -7.5000   15.0000    0.0000 2702.8850   14.4224
    0.0000   15.0000    0.0000 2736.0938   14.2898
    7.5000   15.0000    0.0000 2733.4773   14.4190
   -7.5000   22.5000    0.0000 2588.4731   15.5851
    0.0000   22.5000    0.0000 2623.5903   15.3851
    7.5000   22.5000    0.0000 2628.4045   15.4784
   -7.5000   30.0000    0.0000 2467.5862   17.0219
    0.0000   30.0000    0.0000 2498.6365   16.7889
    7.5000   30.0000    0.0000 2501.3667   16.8910
   -7.5000   37.5000    0.0000 2331.0601   18.8369
    0.0000   37.5000    0.0000 2356.6553   18.5885
    7.5000   37.5000    0.0000 2359.3103   18.6866
   -7.5000   45.0000    0.0000 2177.7529   21.1124
    0.0000   45.0000    0.0000 2203.3037   20.8428
    7.5000   45.0000    0.0000 2205.8254   20.9344
   -7.5000  -45.0000    7.5000 2437.1462   16.5036
    0.0000  -45.0000    7.5000 2463.3792   16.4995
    7.5000  -45.0000    7.5000 2462.4448   16.8236
   -7.5000  -37.5000    7.5000 2559.2654   15.0057
    0.0000  -37.5000    7.5000 2593.8584   14.9872
    7.5000  -37.5000    7.5000 2589.0332   15.2782
   -7.5000  -30.0000    7.5000 2677.4102   13.9711
    0.0000  -30.0000    7.5000 2717.5996   13.9074
    7.5000  -30.0000    7.5000 2712.7244   14.1643
   -7.5000  -22.5000    7.5000 2784.3523   13.2906
    0.0000  -22.5000    7.5000 2830.1240   13.1951
    7.5000  -22.5000    7.5000 2825.2800   13.3853
   -7.5000  -15.0000    7.5000 2850.8347   12.8184
    0.0000  -15.0000    7.5000 2898.7659   12.5658
    7.5000  -15.0000    7.5000 2888.2900   12.8446
   -7.5000   -7.5000    7.5000 2880.5764   12.6634
    0.0000   -7.5000    7.5000 2916.4260   12.4282
    7.5000   -7.5000    7.5000 2905.0657   12.7143
   -7.5000    0.0000    7.5000 2867.6970   12.9249
    0.0000    0.0000    7.5000 2904.5071   12.7435
    7.5000    0.0000    7.5000 2897.7170   12.9803
   -7.5000    7.5000    7.5000 2816.9807   13.4807
    0.0000    7.5000    7.5000 2846.2893   13.3064
    7.5000    7.5000    7.5000 2839.3945   13.5338
   -7.5000   15.0000    7.5000 2720.7087   14.3665
    0.0000   15.0000    7.5000 2745.6086   14.1322
    7.5000   15.0000    7.5000 2744.0156   14.2849
   -7.5000   22.5000    7.5000 2596.9270   15.4895
    0.0000   22.5000    7.5000 2629.9377   15.1926
    7.5000   22.5000    7.5000 2627.2300   15.3147
   -7.5000   30.0000    7.5000 2469.2068   16.8819
    0.0000   30.0000    7.5000 2496.3564   16.5713
    7.5000   30.0000    7.5000 2492.9575   16.6748
   -7.5000   37.5000    7.5000 2330.7568   18.6851
    0.0000   37.5000    7.5000 2352.0046   18.3649
    7.5000   37.5000    7.5000 2355.1907   18.4558
   -7.5000   45.0000    7.5000 2182.4836   20.9480
    0.0000   45.0000    7.5000 2203.6685   20.6014
    7.5000   45.0000    7.5000 2205.9961   20.6810
   -7.5000  -45.0000   15.0000 2433.3010   16.7348
    0.0000  -45.0000   15.0000 2461.4226   16.7159
    7.5000  -45.0000   15.0000 2449.2793   17.0759
   -7.5000  -37.5000   15.0000 2554.1702   15.2530
    0.0000  -37.5000   15.0000 2586.6460   15.2209
    7.5000  -37.5000   15.0000 2576.8074   15.5301
   -7.5000  -30.0000   15.0000 2667.9873   14.1870
    0.0000  -30.0000   15.0000 2704.4338   14.0992
    7.5000  -30.0000   15.0000 2698.8940   14.3909
   -7.5000  -22.5000   15.0000 2771.5129   13.4275
    0.0000  -22.5000   15.0000 2807.6675   13.2854
    7.5000  -22.5000   15.0000 2801.8860   13.5996
   -7.5000  -15.0000   15.0000 2831.1006   12.9722
    0.0000  -15.0000   15.0000 2865.9675   12.7460
    7.5000  -15.0000   15.0000 2862.7209   13.0931
   -7.5000   -7.5000   15.0000 2859.5125   12.8902
    0.0000   -7.5000   15.0000 2891.2971   12.6251
    7.5000   -7.5000   15.0000 2890.6565   12.9132
   -7.5000    0.0000   15.0000 2846.6047   13.1310
    0.0000    0.0000   15.0000 2882.5618   12.8540
    7.5000    0.0000   15.0000 2878.7920   13.1050
   -7.5000    7.5000   15.0000 2794.4773   13.6464
    0.0000    7.5000   15.0000 2827.1902   13.4335
    7.5000    7.5000   15.0000 2820.8596   13.6543
   -7.5000   15.0000   15.0000 2698.7349   14.4744
    0.0000   15.0000   15.0000 2727.8008   14.2389
    7.5000   15.0000   15.0000 2720.8057   14.3811
   -7.5000   22.5000   15.0000 2583.6841   15.5550
    0.0000   22.5000   15.0000 2612.8359   15.2828
    7.5000   22.5000   15.0000 2601.9753   15.3741
   -7.5000   30.0000   15.0000 2454.1255   16.9878
    0.0000   30.0000   15.0000 2477.6628   16.6798
    7.5000   30.0000   15.0000 2474.2749   16.7345
   -7.5000   37.5000   15.0000 2312.5801   18.8127
    0.0000   37.5000   15.0000 2335.1431   18.4853
    7.5000   37.5000   15.0000 2340.5193   18.5271
   -7.5000   45.0000   15.0000 2167.6848   21.0426
    0.0000   45.0000   15.0000 2188.3472   20.7001
    7.5000   45.0000   15.0000 2188.5474   20.7432
   -7.5000  -45.0000   22.5000 2425.0908   17.2203
    0.0000  -45.0000   22.5000 2444.6702   17.1515
    7.5000  -45.0000   22.5000 2434.4290   17.5918
   -7.5000  -37.5000   22.5000 2540.7419   15.7336
    0.0000  -37.5000   22.5000 2565.5527   15.6318
    7.5000  -37.5000   22.5000 2561.6001   16.0118
   -7.5000  -30.0000   22.5000 2645.6426   14.6099
    0.0000  -30.0000   22.5000 2674.0105   14.5251
    7.5000  -30.0000   22.5000 2673.5293   14.8671
   -7.5000  -22.5000   22.5000 2738.5842   13.8665
    0.0000  -22.5000   22.5000 2769.5603   13.7405
    7.5000  -22.5000   22.5000 2762.4106   14.0866
   -7.5000  -15.0000   22.5000 2794.5642   13.4416
    0.0000  -15.0000   22.5000 2821.3164   13.3465
    7.5000  -15.0000   22.5000 2815.1301   13.6089
   -7.5000   -7.5000   22.5000 2815.9307   13.4093
    0.0000   -7.5000   22.5000 2849.9502   13.2745
    7.5000   -7.5000   22.5000 2839.9250   13.4959
   -7.5000    0.0000   22.5000 2796.6272   13.6176
    0.0000    0.0000   22.5000 2833.0239   13.4413
    7.5000    0.0000   22.5000 2824.9902   13.6330
   -7.5000    7.5000   22.5000 2744.0710   14.0342
    0.0000    7.5000   22.5000 2775.6467   13.8740
    7.5000    7.5000   22.5000 2771.3857   14.0542
   -7.5000   15.0000   22.5000 2657.8208   14.7941
    0.0000   15.0000   22.5000 2687.9966   14.6049
    7.5000   15.0000   22.5000 2674.9556   14.6943
   -7.5000   22.5000   22.5000 2550.8904   15.8650
    0.0000   22.5000   22.5000 2580.5881   15.6315
    7.5000   22.5000   22.5000 2566.3596   15.6626
   -7.5000   30.0000   22.5000 2421.9888   17.2606
    0.0000   30.0000   22.5000 2452.7578   16.9767
    7.5000   30.0000   22.5000 2445.8015   16.9880
   -7.5000   37.5000   22.5000 2284.0403   19.0241
    0.0000   37.5000   22.5000 2308.0703   18.7086
    7.5000   37.5000   22.5000 2301.5193   18.7186
   -7.5000   45.0000   22.5000 2145.9021   21.2825
    0.0000   45.0000   22.5000 2161.6128   20.9682
    7.5000   45.0000   22.5000 2160.2341   21.0338
   -7.5000  -45.0000   30.0000 2391.2847   17.9784
    0.0000  -45.0000   30.0000 2408.2407   17.8907
    7.5000  -45.0000   30.0000 2397.4219   18.3171
   -7.5000  -37.5000   30.0000 2505.7424   16.4595
    0.0000  -37.5000   30.0000 2529.9575   16.4088
    7.5000  -37.5000   30.0000 2519.4526   16.7484
   -7.5000  -30.0000   30.0000 2606.9272   15.4026
    0.0000  -30.0000   30.0000 2631.2710   15.3256
    7.5000  -30.0000   30.0000 2622.2305   15.6138
   -7.5000  -22.5000   30.0000 2689.0803   14.6735
    0.0000  -22.5000   30.0000 2714.3354   14.6006
    7.5000  -22.5000   30.0000 2701.0127   14.8491
   -7.5000  -15.0000   30.0000 2732.5601   14.2155
    0.0000  -15.0000   30.0000 2758.7622   14.1849
    7.5000  -15.0000   30.0000 2748.3899   14.3412
   -7.5000   -7.5000   30.0000 2745.1450   14.1272
    0.0000   -7.5000   30.0000 2780.2603   14.0674
    7.5000   -7.5000   30.0000 2769.6863   14.1771
   -7.5000    0.0000   30.0000 2723.4929   14.2606
    0.0000    0.0000   30.0000 2754.2295   14.1797
    7.5000    0.0000   30.0000 2746.5125   14.2822
   -7.5000    7.5000   30.0000 2673.6335   14.6216
    0.0000    7.5000   30.0000 2702.3330   14.5283
    7.5000    7.5000   30.0000 2695.1819   14.6548
   -7.5000   15.0000   30.0000 2596.5901   15.3472
    0.0000   15.0000   30.0000 2620.8352   15.2365
    7.5000   15.0000   30.0000 2606.8469   15.3304
   -7.5000   22.5000   30.0000 2495.7646   16.4162
    0.0000   22.5000   30.0000 2518.9900   16.2199
    7.5000   22.5000   30.0000 2505.5090   16.2708
   -7.5000   30.0000   30.0000 2372.6758   17.7959
    0.0000   30.0000   30.0000 2396.1436   17.4805
    7.5000   30.0000   30.0000 2386.3149   17.5204
   -7.5000   37.5000   30.0000 2247.4702   19.5557
    0.0000   37.5000   30.0000 2266.6494   19.1870
    7.5000   37.5000   30.0000 2256.5693   19.2297
   -7.5000   45.0000   30.0000 2113.8057   21.8027
    0.0000   45.0000   30.0000 2123.9641   21.4466
    7.5000   45.0000   30.0000 2121.3154   21.5390
   -7.5000  -45.0000   37.5000 2349.4287   19.0942
    0.0000  -45.0000   37.5000 2361.4124   18.9942
    7.5000  -45.0000   37.5000 2347.2234   19.3685
   -7.5000  -37.5000   37.5000 2459.6189   17.5835
    0.0000  -37.5000   37.5000 2476.8301   17.4838
    7.5000  -37.5000   37.5000 2464.9348   17.7683
   -7.5000  -30.0000   37.5000 2546.5549   16.4895
    0.0000  -30.0000   37.5000 2568.5569   16.3345
    7.5000  -30.0000   37.5000 2558.0261   16.5819
   -7.5000  -22.5000   37.5000 2618.5447   15.6754
    0.0000  -22.5000   37.5000 2640.3167   15.5552
    7.5000  -22.5000   37.5000 2626.4456   15.7225
   -7.5000  -15.0000   37.5000 2653.3906   15.2159
    0.0000  -15.0000   37.5000 2676.9146   15.0940
    7.5000  -15.0000   37.5000 2670.7107   15.1842
   -7.5000   -7.5000   37.5000 2656.0388   15.0481
    0.0000   -7.5000   37.5000 2692.3115   14.9406
    7.5000   -7.5000   37.5000 2689.0803   15.0176
   -7.5000    0.0000   37.5000 2636.4116   15.1055
    0.0000    0.0000   37.5000 2663.3621   15.0260
    7.5000    0.0000   37.5000 2663.4761   15.1191
   -7.5000    7.5000   37.5000 2595.8616   15.4579
    0.0000    7.5000   37.5000 2620.3882   15.3740
    7.5000    7.5000   37.5000 2612.9595   15.4849
   -7.5000   15.0000   37.5000 2521.9707   16.1412
    0.0000   15.0000   37.5000 2546.0242   16.0467
    7.5000   15.0000   37.5000 2536.0679   16.1137
   -7.5000   22.5000   37.5000 2427.6301   17.1889
    0.0000   22.5000   37.5000 2448.6741   17.0147
    7.5000   22.5000   37.5000 2440.2217   17.0503
   -7.5000   30.0000   37.5000 2312.5571   18.5374
    0.0000   30.0000   37.5000 2335.0239   18.3228
    7.5000   30.0000   37.5000 2326.5046   18.3129
   -7.5000   37.5000   37.5000 2196.4995   20.2833
    0.0000   37.5000   37.5000 2213.9954   19.9955
    7.5000   37.5000   37.5000 2208.6113   20.0203
   -7.5000   45.0000   37.5000 2067.6006   22.5835
    0.0000   45.0000   37.5000 2073.7339   22.2254
    7.5000   45.0000   37.5000 2072.0569   22.3471
   -7.5000  -45.0000   45.0000 2284.5217   20.4832
    0.0000  -45.0000   45.0000 2294.1550   20.3791
    7.5000  -45.0000   45.0000 2281.8240   20.7487
   -7.5000  -37.5000   45.0000 2390.5808   18.9008
    0.0000  -37.5000   45.0000 2403.3101   18.7512
    7.5000  -37.5000   45.0000 2393.0320   19.0259
   -7.5000  -30.0000   45.0000 2469.1853   17.7131
    0.0000  -30.0000   45.0000 2488.3008   17.5536
    7.5000  -30.0000   45.0000 2479.8430   17.7599
   -7.5000  -22.5000   45.0000 2527.3289   16.8631
    0.0000  -22.5000   45.0000 2548.3970   16.7411
    7.5000  -22.5000   45.0000 2540.1531   16.8599
   -7.5000  -15.0000   45.0000 2554.7205   16.3518
    0.0000  -15.0000   45.0000 2580.6311   16.2350
    7.5000  -15.0000   45.0000 2578.8271   16.2985
   -7.5000   -7.5000   45.0000 2555.4902   16.1064
    0.0000   -7.5000   45.0000 2591.3899   16.0190
    7.5000   -7.5000   45.0000 2594.9204   16.0826
   -7.5000    0.0000   45.0000 2540.7607   16.1317
    0.0000    0.0000   45.0000 2568.8040   16.0864
    7.5000    0.0000   45.0000 2570.3750   16.1585
   -7.5000    7.5000   45.0000 2507.6106   16.4775
    0.0000    7.5000   45.0000 2528.1277   16.4138
    7.5000    7.5000   45.0000 2526.1724   16.5030
   -7.5000   15.0000   45.0000 2443.4329   17.1584
    0.0000   15.0000   45.0000 2462.8647   17.0628
    7.5000   15.0000   45.0000 2455.8423   17.1298
   -7.5000   22.5000   45.0000 2352.6501   18.2103
    0.0000   22.5000   45.0000 2372.5305   18.0103
    7.5000   22.5000   45.0000 2364.4858   18.0330
   -7.5000   30.0000   45.0000 2242.8877   19.5945
    0.0000   30.0000   45.0000 2258.8218   19.3494
    7.5000   30.0000   45.0000 2255.0071   19.3428
   -7.5000   37.5000   45.0000 2133.1470   21.3893
    0.0000   37.5000   45.0000 2144.7268   21.0694
    7.5000   37.5000   45.0000 2140.7153   21.1682
   -7.5000   45.0000   45.0000 2005.3975   23.7031
    0.0000   45.0000   45.0000 2011.5262   23.3043
    7.5000   45.0000   45.0000 2009.5627   23.4364

---------------------------------------------------------------------
imgreg_4dfp /opt/freesurfer/average/711-2C_as_mni_average_305 /opt/freesurfer/average/711-2B_as_mni_average_305_mask talsrcimg_g11 none talsrcimg_to_711-2C_as_mni_average_305_t4 1283
---------------------------------------------------------------------

freesurfer imgreg_4dfp.c
/opt/freesurfer/average/711-2C_as_mni_average_305.4dfp.img
       256       256       256         1
  1.000000  1.000000  1.000000
orientation T byte_order littleendian
Reading image: /opt/freesurfer/average/711-2C_as_mni_average_305.4dfp.img
dimensions:      256       256       256
mmppix:       1.0000   -1.0000   -1.0000
center:     128.0000 -129.0000 -129.0000
/opt/freesurfer/average/711-2B_as_mni_average_305_mask.4dfp.img
       256       256       256         1
  1.000000  1.000000  1.000000
orientation T byte_order littleendian
Reading mask: /opt/freesurfer/average/711-2B_as_mni_average_305_mask.4dfp.img (2306576 pixels)
talsrcimg_g11.4dfp.img
       256       256       256         1
  1.000000  1.000000  1.000000
orientation T byte_order littleendian
Reading image: talsrcimg_g11.4dfp.img
dimensions:      256       256       256
mmppix:       1.0000   -1.0000   -1.0000
center:     128.0000 -129.0000 -129.0000
rotation matrix determinant  1.000000
fimgreg.f
image alignment mode   1283 decimal      503 hex
parameters
    0.0000   -7.5000    7.5000    0.0000    0.0000    0.0000
eta,q 0.91561 12.39841
niter,ni,del,rscale     5    3   12.0000    1.2000
parameter  1 -1.024918 -> -0.500000 qaram    1.1500
parameter  2 -0.566420 -> -0.500000 qaram    1.1500
parameter  5 -0.909814 -> -0.500000 qaram    1.1500
parameter  6 -1.125636 ->  0.500000 qaram    1.1500
parameters
    3.4500   -4.0500    6.5091   -0.4267    3.4500   -3.4500
eta,q 0.91959 12.56939
  0.0946  0.0889  0.0878  0.0851  0.0856  0.0777
  0.0905  0.0858  0.0851  0.0841  0.0849  0.0798
  0.0882  0.0841  0.0832  0.0836  0.0839  0.0817
  0.0864  0.0837  0.0836  0.0833  0.0833  0.0830
  0.0851  0.0837  0.0850  0.0831  0.0834  0.0842
  0.0838  0.0830  0.0877  0.0843  0.0829  0.0849
  0.0834  0.0829  0.0921  0.0863  0.0828  0.0852
niter,ni,del,rscale     7    3   12.0000    1.2000
parameter  6 -5.771868 ->  0.500000 qaram    1.3225
parameters
    1.8866   -5.5204    5.4255    1.7913    5.4289   -7.4175
eta,q 0.92537 12.40175
  0.0843  0.0825  0.0838  0.0847  0.0845  0.0717
  0.0803  0.0820  0.0820  0.0826  0.0830  0.0739
  0.0798  0.0813  0.0805  0.0814  0.0810  0.0766
  0.0804  0.0801  0.0809  0.0804  0.0798  0.0793
  0.0798  0.0800  0.0824  0.0799  0.0793  0.0817
  0.0857  0.0837  0.0838  0.0798  0.0797  0.0842
  0.0961  0.0901  0.0871  0.0812  0.0815  0.0856
niter,ni,del,rscale     7    3   12.0000    1.2000
parameter  6  1.063300 ->  0.500000 qaram    1.5209
parameters
   -0.0025   -6.0658    5.3654    2.7259    4.6144  -11.9801
eta,q 0.93167 12.31954
  0.0788  0.0812  0.0786  0.0794  0.0775  0.0679
  0.0746  0.0779  0.0744  0.0769  0.0740  0.0684
  0.0716  0.0740  0.0724  0.0743  0.0717  0.0687
  0.0746  0.0719  0.0720  0.0720  0.0718  0.0715
  0.0768  0.0743  0.0740  0.0723  0.0738  0.0762
  0.0823  0.0791  0.0758  0.0740  0.0768  0.0802
  0.0919  0.0856  0.0776  0.0766  0.0799  0.0836
niter,ni,del,rscale     7    3   12.0000    1.2000
parameters
   -1.0957   -6.1510    5.9749    2.9340    5.5473  -15.8936
eta,q 0.93249 12.29016
  0.0748  0.0789  0.0769  0.0773  0.0761  0.0695
  0.0721  0.0759  0.0722  0.0723  0.0724  0.0671
  0.0703  0.0716  0.0702  0.0683  0.0697  0.0679
  0.0683  0.0688  0.0689  0.0687  0.0688  0.0689
  0.0707  0.0692  0.0694  0.0699  0.0692  0.0701
  0.0745  0.0737  0.0718  0.0720  0.0706  0.0749
  0.0829  0.0820  0.0735  0.0752  0.0728  0.0797
niter,ni,del,rscale     6    3   12.0000    1.2000
parameters
   -1.9707   -6.0267    6.1234    3.1468    6.8703  -16.1934
eta,q 0.93261 12.29093
  0.0741  0.0782  0.0736  0.0748  0.0761  0.0747
  0.0688  0.0745  0.0703  0.0699  0.0717  0.0705
  0.0674  0.0703  0.0681  0.0672  0.0682  0.0675
  0.0675  0.0672  0.0671  0.0671  0.0672  0.0675
  0.0696  0.0676  0.0683  0.0681  0.0680  0.0692
  0.0711  0.0714  0.0701  0.0699  0.0692  0.0711
  0.0789  0.0798  0.0728  0.0729  0.0707  0.0753
niter,ni,del,rscale     5    3   12.0000    1.2000
parameters
   -2.4786   -6.1210    6.2314    3.3538    7.2174  -16.5000
eta,q 0.93285 12.28824
  0.0750  0.0777  0.0728  0.0743  0.0742  0.0751
  0.0698  0.0733  0.0702  0.0698  0.0700  0.0712
  0.0672  0.0696  0.0678  0.0672  0.0677  0.0679
  0.0674  0.0670  0.0670  0.0671  0.0671  0.0673
  0.0697  0.0677  0.0680  0.0679  0.0684  0.0693
  0.0710  0.0719  0.0693  0.0697  0.0701  0.0718
  0.0774  0.0803  0.0726  0.0727  0.0721  0.0759
niter,ni,del,rscale     4    3   12.0000    1.2000
parameters
   -2.5977   -6.2100    6.2110    3.4743    7.2305  -16.6327
eta,q 0.93286 12.28471
  0.0763  0.0776  0.0725  0.0740  0.0737  0.0754
  0.0704  0.0730  0.0702  0.0697  0.0697  0.0716
  0.0676  0.0697  0.0679  0.0673  0.0674  0.0682
  0.0671  0.0671  0.0671  0.0671  0.0672  0.0672
  0.0696  0.0677  0.0681  0.0680  0.0687  0.0692
  0.0709  0.0717  0.0695  0.0699  0.0706  0.0717
  0.0763  0.0801  0.0730  0.0728  0.0726  0.0757
niter,ni,del,rscale     3    3   12.0000    1.2000
parameters
   -2.6095   -6.2664    6.1953    3.5376    7.2084  -16.6778
eta,q 0.93283 12.28322
  0.0767  0.0776  0.0725  0.0739  0.0736  0.0755
  0.0706  0.0730  0.0702  0.0696  0.0697  0.0718
  0.0677  0.0699  0.0680  0.0673  0.0675  0.0683
  0.0671  0.0671  0.0672  0.0672  0.0672  0.0672
  0.0696  0.0676  0.0682  0.0681  0.0688  0.0692
  0.0709  0.0716  0.0695  0.0700  0.0707  0.0717
  0.0760  0.0799  0.0730  0.0729  0.0726  0.0756
niter,ni,del,rscale     2    3   12.0000    1.2000
parameters
   -2.6088   -6.2958    6.1902    3.5665    7.1959  -16.6920
eta,q 0.93281 12.28269
  0.0768  0.0776  0.0725  0.0738  0.0737  0.0755
  0.0706  0.0730  0.0703  0.0695  0.0697  0.0719
  0.0677  0.0700  0.0680  0.0673  0.0675  0.0684
  0.0672  0.0672  0.0672  0.0672  0.0672  0.0672
  0.0696  0.0676  0.0682  0.0682  0.0688  0.0692
  0.0709  0.0715  0.0696  0.0701  0.0708  0.0717
  0.0759  0.0798  0.0729  0.0730  0.0726  0.0755
registration optimization eta report
parameter search radius
    6.9000    6.9000    6.0000    6.0000    6.9000    9.1253
100000*second partial in parameter space
       19.       24.       15.       17.       12.        9.
  0.0768  0.0776  0.0725  0.0738  0.0737  0.0755
  0.0706  0.0730  0.0703  0.0695  0.0697  0.0719
  0.0677  0.0700  0.0680  0.0673  0.0675  0.0684
  0.0672  0.0672  0.0672  0.0672  0.0672  0.0672
  0.0696  0.0676  0.0682  0.0682  0.0688  0.0692
  0.0709  0.0715  0.0696  0.0701  0.0708  0.0717
  0.0759  0.0798  0.0729  0.0730  0.0726  0.0755
   -2.6088   -6.2958    6.1902    3.5665    7.1959  -16.6920
eta,q 0.93281 12.28269

---------------------------------------------------------------------
imgreg_4dfp /opt/freesurfer/average/711-2C_as_mni_average_305 /opt/freesurfer/average/711-2B_as_mni_average_305_mask talsrcimg_g11 none talsrcimg_to_711-2C_as_mni_average_305_t4 3335
---------------------------------------------------------------------

freesurfer imgreg_4dfp.c
/opt/freesurfer/average/711-2C_as_mni_average_305.4dfp.img
       256       256       256         1
  1.000000  1.000000  1.000000
orientation T byte_order littleendian
Reading image: /opt/freesurfer/average/711-2C_as_mni_average_305.4dfp.img
dimensions:      256       256       256
mmppix:       1.0000   -1.0000   -1.0000
center:     128.0000 -129.0000 -129.0000
/opt/freesurfer/average/711-2B_as_mni_average_305_mask.4dfp.img
       256       256       256         1
  1.000000  1.000000  1.000000
orientation T byte_order littleendian
Reading mask: /opt/freesurfer/average/711-2B_as_mni_average_305_mask.4dfp.img (2306576 pixels)
talsrcimg_g11.4dfp.img
       256       256       256         1
  1.000000  1.000000  1.000000
orientation T byte_order littleendian
Reading image: talsrcimg_g11.4dfp.img
dimensions:      256       256       256
mmppix:       1.0000   -1.0000   -1.0000
center:     128.0000 -129.0000 -129.0000
fimgreg.f
image alignment mode   3335 decimal      D07 hex
parameters
   -2.6088   -6.2958    6.1902   -4.9682   -4.1754   -0.9798
   27.9206  -13.7619  -28.4964   -2.3677   12.5262    6.1717
eta,q 0.93207 12.38540
niter,ni,del,rscale     5    3    5.0000    1.2000
parameter  3 -1.122453 -> -0.500000 qaram    1.1500
parameter  4  4.122324 ->  0.500000 qaram    1.1500
parameter  5  3.733234 ->  0.500000 qaram    1.1500
parameter  6  5.533499 ->  0.500000 qaram    1.1500
parameter  7  1.737696 ->  0.500000 qaram    1.1500
parameter  8 -1.119808 -> -0.500000 qaram    1.1500
parameter  9 -1.206680 -> -0.500000 qaram    1.1500
parameter 11  0.662444 ->  0.500000 qaram    1.1500
parameter 12  7.033710 ->  0.500000 qaram    1.1500
parameters
   -1.8742   -6.0410    7.5702   -9.1082   -8.3154   -5.1198
   23.7806   -9.6219  -24.3564   -4.0415    8.3862    2.0317
eta,q 0.95396 11.28467
  0.0705  0.0690  0.0693  0.0591  0.0548  0.0473  0.0498  0.0539  0.0539  0.0487  0.0474  0.0450
  0.0694  0.0684  0.0685  0.0617  0.0572  0.0513  0.0503  0.0527  0.0522  0.0481  0.0474  0.0458
  0.0685  0.0680  0.0681  0.0645  0.0596  0.0546  0.0512  0.0515  0.0506  0.0477  0.0475  0.0466
  0.0679  0.0678  0.0677  0.0672  0.0625  0.0578  0.0523  0.0505  0.0492  0.0476  0.0476  0.0474
  0.0678  0.0677  0.0674  0.0705  0.0656  0.0614  0.0536  0.0497  0.0482  0.0482  0.0479  0.0482
  0.0680  0.0680  0.0671  0.0741  0.0689  0.0656  0.0551  0.0491  0.0475  0.0493  0.0484  0.0491
  0.0686  0.0686  0.0671  0.0777  0.0725  0.0704  0.0568  0.0493  0.0473  0.0507  0.0491  0.0502
niter,ni,del,rscale     7    3    5.0000    1.2000
parameter  4  2.371095 ->  0.500000 qaram    1.3225
parameter  5  4.215437 ->  0.500000 qaram    1.3225
parameter  6  2.133651 ->  0.500000 qaram    1.3225
parameters
   -2.0675   -6.6620    8.3596  -13.8692  -13.0764   -9.8808
   22.6801  -11.1578  -22.7627   -4.5478    7.5626   -0.7873
eta,q 0.97568 11.06823
  0.0482  0.0468  0.0469  0.0378  0.0303  0.0242  0.0289  0.0311  0.0303  0.0293  0.0280  0.0258
  0.0470  0.0462  0.0465  0.0396  0.0329  0.0248  0.0268  0.0277  0.0278  0.0268  0.0262  0.0247
  0.0463  0.0459  0.0462  0.0425  0.0364  0.0279  0.0256  0.0252  0.0259  0.0251  0.0250  0.0243
  0.0460  0.0460  0.0459  0.0457  0.0404  0.0338  0.0254  0.0253  0.0249  0.0247  0.0247  0.0247
  0.0465  0.0465  0.0457  0.0502  0.0446  0.0400  0.0264  0.0282  0.0248  0.0257  0.0255  0.0258
  0.0475  0.0474  0.0459  0.0543  0.0490  0.0447  0.0285  0.0323  0.0257  0.0278  0.0273  0.0277
  0.0491  0.0486  0.0463  0.0585  0.0532  0.0496  0.0313  0.0365  0.0273  0.0308  0.0295  0.0302
niter,ni,del,rscale     7    3    5.0000    1.2000
parameter  5  0.577334 ->  0.500000 qaram    1.5209
parameters
   -2.3028   -7.2030    7.3687  -16.8596  -18.5515  -13.2047
   24.1878  -11.2094  -24.3816   -4.6644    9.0453   -0.3289
eta,q 0.97915 10.83423
  0.0281  0.0261  0.0253  0.0264  0.0223  0.0236  0.0263  0.0281  0.0231  0.0244  0.0239  0.0229
  0.0258  0.0247  0.0238  0.0243  0.0210  0.0223  0.0241  0.0244  0.0217  0.0224  0.0225  0.0219
  0.0245  0.0241  0.0234  0.0228  0.0209  0.0213  0.0224  0.0218  0.0210  0.0213  0.0215  0.0212
  0.0243  0.0242  0.0241  0.0234  0.0228  0.0208  0.0213  0.0211  0.0211  0.0210  0.0210  0.0209
  0.0253  0.0252  0.0256  0.0262  0.0264  0.0237  0.0212  0.0220  0.0220  0.0214  0.0209  0.0210
  0.0272  0.0267  0.0279  0.0308  0.0307  0.0307  0.0220  0.0245  0.0235  0.0226  0.0214  0.0216
  0.0298  0.0289  0.0306  0.0366  0.0355  0.0374  0.0239  0.0283  0.0254  0.0246  0.0224  0.0226
niter,ni,del,rscale     7    3    5.0000    1.2000
parameters
   -2.1667   -6.9992    6.5077  -16.0150  -18.8161  -15.0317
   24.2823  -11.1666  -24.6082   -4.6364    9.2302   -0.8689
eta,q 0.97919 10.77228
  0.0252  0.0246  0.0218  0.0271  0.0265  0.0241  0.0248  0.0278  0.0240  0.0244  0.0231  0.0223
  0.0229  0.0227  0.0209  0.0245  0.0239  0.0224  0.0228  0.0242  0.0222  0.0223  0.0219  0.0215
  0.0215  0.0214  0.0206  0.0224  0.0217  0.0213  0.0214  0.0217  0.0211  0.0211  0.0212  0.0209
  0.0209  0.0208  0.0208  0.0206  0.0203  0.0204  0.0208  0.0208  0.0208  0.0208  0.0208  0.0208
  0.0211  0.0211  0.0216  0.0204  0.0208  0.0206  0.0212  0.0216  0.0213  0.0213  0.0210  0.0211
  0.0223  0.0220  0.0230  0.0221  0.0238  0.0251  0.0225  0.0240  0.0225  0.0224  0.0217  0.0218
  0.0243  0.0235  0.0250  0.0260  0.0279  0.0319  0.0248  0.0277  0.0243  0.0242  0.0230  0.0228
niter,ni,del,rscale     6    3    5.0000    1.2000
parameters
   -2.0422   -6.8697    6.2892  -15.7393  -18.7369  -15.5734
   24.2615  -11.0277  -24.5577   -4.4914    9.2493   -1.0739
eta,q 0.97914 10.75697
  0.0251  0.0244  0.0228  0.0265  0.0270  0.0251  0.0247  0.0279  0.0243  0.0245  0.0230  0.0225
  0.0228  0.0224  0.0216  0.0242  0.0244  0.0232  0.0228  0.0243  0.0224  0.0224  0.0219  0.0216
  0.0214  0.0212  0.0210  0.0223  0.0222  0.0217  0.0214  0.0218  0.0212  0.0212  0.0212  0.0210
  0.0208  0.0208  0.0208  0.0208  0.0207  0.0207  0.0209  0.0209  0.0209  0.0209  0.0209  0.0209
  0.0212  0.0211  0.0212  0.0209  0.0210  0.0202  0.0213  0.0216  0.0213  0.0213  0.0210  0.0211
  0.0223  0.0221  0.0221  0.0228  0.0237  0.0223  0.0226  0.0239  0.0224  0.0224  0.0218  0.0217
  0.0242  0.0236  0.0235  0.0268  0.0276  0.0285  0.0249  0.0276  0.0241  0.0241  0.0231  0.0227
niter,ni,del,rscale     5    3    5.0000    1.2000
parameters
   -1.9857   -6.8143    6.1734  -15.6631  -18.6819  -15.6914
   24.2456  -10.9429  -24.5052   -4.4054    9.2317   -1.1891
eta,q 0.97914 10.75288
  0.0249  0.0242  0.0230  0.0263  0.0270  0.0254  0.0247  0.0278  0.0243  0.0245  0.0230  0.0225
  0.0227  0.0223  0.0218  0.0241  0.0245  0.0234  0.0228  0.0243  0.0224  0.0224  0.0219  0.0216
  0.0213  0.0212  0.0211  0.0222  0.0223  0.0219  0.0214  0.0218  0.0212  0.0212  0.0212  0.0210
  0.0209  0.0209  0.0209  0.0209  0.0208  0.0208  0.0209  0.0209  0.0209  0.0209  0.0209  0.0209
  0.0213  0.0212  0.0212  0.0210  0.0212  0.0203  0.0213  0.0216  0.0213  0.0213  0.0210  0.0211
  0.0225  0.0222  0.0220  0.0230  0.0238  0.0217  0.0226  0.0240  0.0224  0.0224  0.0218  0.0217
  0.0245  0.0238  0.0234  0.0271  0.0276  0.0275  0.0249  0.0276  0.0241  0.0241  0.0231  0.0226
niter,ni,del,rscale     4    3    5.0000    1.2000
parameters
   -1.9564   -6.7862    6.1321  -15.6400  -18.6588  -15.7209
   24.2298  -10.8970  -24.4740   -4.3620    9.2278   -1.2439
eta,q 0.97914 10.75153
  0.0248  0.0241  0.0231  0.0263  0.0270  0.0255  0.0247  0.0277  0.0242  0.0244  0.0230  0.0226
  0.0226  0.0223  0.0219  0.0240  0.0245  0.0234  0.0228  0.0242  0.0224  0.0223  0.0219  0.0216
  0.0213  0.0212  0.0211  0.0222  0.0223  0.0219  0.0214  0.0218  0.0212  0.0212  0.0212  0.0211
  0.0209  0.0209  0.0209  0.0209  0.0209  0.0209  0.0209  0.0209  0.0209  0.0209  0.0209  0.0209
  0.0213  0.0213  0.0212  0.0211  0.0212  0.0203  0.0213  0.0216  0.0213  0.0213  0.0210  0.0211
  0.0226  0.0223  0.0220  0.0231  0.0239  0.0216  0.0226  0.0240  0.0224  0.0225  0.0218  0.0217
  0.0245  0.0239  0.0233  0.0272  0.0277  0.0274  0.0249  0.0277  0.0241  0.0242  0.0231  0.0226
niter,ni,del,rscale     3    3    5.0000    1.2000
parameters
   -1.9419   -6.7739    6.1160  -15.6304  -18.6502  -15.7340
   24.2207  -10.8747  -24.4612   -4.3418    9.2192   -1.2600
eta,q 0.97913 10.75092
  0.0247  0.0241  0.0232  0.0263  0.0270  0.0255  0.0247  0.0277  0.0242  0.0244  0.0230  0.0226
  0.0226  0.0223  0.0219  0.0240  0.0244  0.0235  0.0228  0.0242  0.0224  0.0223  0.0219  0.0217
  0.0213  0.0212  0.0211  0.0222  0.0223  0.0219  0.0214  0.0218  0.0212  0.0211  0.0212  0.0211
  0.0209  0.0209  0.0209  0.0209  0.0209  0.0209  0.0209  0.0209  0.0209  0.0209  0.0209  0.0209
  0.0213  0.0213  0.0212  0.0211  0.0212  0.0203  0.0213  0.0216  0.0213  0.0213  0.0210  0.0211
  0.0226  0.0223  0.0219  0.0231  0.0239  0.0216  0.0226  0.0241  0.0224  0.0225  0.0218  0.0216
  0.0246  0.0239  0.0232  0.0272  0.0277  0.0273  0.0249  0.0277  0.0241  0.0242  0.0231  0.0226
registration optimization eta report
parameter search radius
    2.4000    2.4000    2.7600    9.5220   10.9503    9.5220
    8.2800    8.2800    8.2800    7.2000    8.2800    8.2800
100000*second partial in parameter space
       66.       54.       30.        6.        5.        6.
        6.       10.        5.        7.        3.        2.
  0.0247  0.0241  0.0232  0.0263  0.0270  0.0255  0.0247  0.0277  0.0242  0.0244  0.0230  0.0226
  0.0226  0.0223  0.0219  0.0240  0.0244  0.0235  0.0228  0.0242  0.0224  0.0223  0.0219  0.0217
  0.0213  0.0212  0.0211  0.0222  0.0223  0.0219  0.0214  0.0218  0.0212  0.0211  0.0212  0.0211
  0.0209  0.0209  0.0209  0.0209  0.0209  0.0209  0.0209  0.0209  0.0209  0.0209  0.0209  0.0209
  0.0213  0.0213  0.0212  0.0211  0.0212  0.0203  0.0213  0.0216  0.0213  0.0213  0.0210  0.0211
  0.0226  0.0223  0.0219  0.0231  0.0239  0.0216  0.0226  0.0241  0.0224  0.0225  0.0218  0.0216
  0.0246  0.0239  0.0232  0.0272  0.0277  0.0273  0.0249  0.0277  0.0241  0.0242  0.0231  0.0226
   -1.9419   -6.7739    6.1160  -15.6304  -18.6502  -15.7340
   24.2207  -10.8747  -24.4612   -4.3418    9.2192   -1.2600
eta,q 0.97913 10.75092

---------------------------------------------------------------------
imgreg_4dfp /opt/freesurfer/average/711-2C_as_mni_average_305 /opt/freesurfer/average/711-2B_as_mni_average_305_mask talsrcimg_g11 none talsrcimg_to_711-2C_as_mni_average_305_t4 2311
---------------------------------------------------------------------

freesurfer imgreg_4dfp.c
/opt/freesurfer/average/711-2C_as_mni_average_305.4dfp.img
       256       256       256         1
  1.000000  1.000000  1.000000
orientation T byte_order littleendian
Reading image: /opt/freesurfer/average/711-2C_as_mni_average_305.4dfp.img
dimensions:      256       256       256
mmppix:       1.0000   -1.0000   -1.0000
center:     128.0000 -129.0000 -129.0000
/opt/freesurfer/average/711-2B_as_mni_average_305_mask.4dfp.img
       256       256       256         1
  1.000000  1.000000  1.000000
orientation T byte_order littleendian
Reading mask: /opt/freesurfer/average/711-2B_as_mni_average_305_mask.4dfp.img (2306576 pixels)
talsrcimg_g11.4dfp.img
       256       256       256         1
  1.000000  1.000000  1.000000
orientation T byte_order littleendian
Reading image: talsrcimg_g11.4dfp.img
dimensions:      256       256       256
mmppix:       1.0000   -1.0000   -1.0000
center:     128.0000 -129.0000 -129.0000
fimgreg.f
image alignment mode   2311 decimal      907 hex
parameters
   -1.9419   -6.7739    6.1160  -15.6304  -18.6502  -15.7340
   24.2207  -10.8747  -24.4612   -4.3418    9.2192   -1.2600
eta,q 0.97913 10.75093
niter,ni,del,rscale     5    3    5.0000    0.8000
parameter  6 -0.524416 -> -0.500000 qaram    1.1500
parameters
   -1.9546   -6.8109    6.1149  -14.5373  -17.8189  -12.9740
   24.0164  -11.0705  -23.8584   -3.9703    8.8647   -1.6975
eta,q 0.97976 10.88180
  0.0226  0.0222  0.0217  0.0231  0.0228  0.0224  0.0218  0.0234  0.0219  0.0225  0.0212  0.0209
  0.0216  0.0215  0.0212  0.0222  0.0219  0.0217  0.0210  0.0217  0.0211  0.0213  0.0207  0.0205
  0.0210  0.0210  0.0209  0.0214  0.0212  0.0211  0.0204  0.0206  0.0205  0.0205  0.0203  0.0203
  0.0209  0.0209  0.0209  0.0209  0.0208  0.0207  0.0203  0.0203  0.0203  0.0202  0.0202  0.0202
  0.0211  0.0211  0.0210  0.0208  0.0207  0.0204  0.0205  0.0208  0.0203  0.0204  0.0204  0.0204
  0.0217  0.0216  0.0212  0.0211  0.0210  0.0203  0.0211  0.0221  0.0206  0.0209  0.0209  0.0207
  0.0226  0.0223  0.0217  0.0218  0.0219  0.0207  0.0221  0.0239  0.0212  0.0218  0.0216  0.0211
niter,ni,del,rscale     5    3    5.0000    0.8000
parameters
   -2.0439   -6.8326    6.5775  -15.0239  -17.8903  -13.5749
   24.1182  -10.9336  -24.1262   -4.1610    8.9782   -1.3563
eta,q 0.97980 10.87134
  0.0220  0.0217  0.0218  0.0218  0.0218  0.0219  0.0219  0.0235  0.0213  0.0218  0.0212  0.0210
  0.0210  0.0209  0.0210  0.0209  0.0210  0.0211  0.0210  0.0218  0.0207  0.0208  0.0207  0.0206
  0.0204  0.0204  0.0205  0.0203  0.0204  0.0205  0.0204  0.0207  0.0203  0.0203  0.0204  0.0203
  0.0202  0.0202  0.0202  0.0201  0.0201  0.0201  0.0202  0.0202  0.0202  0.0202  0.0202  0.0202
  0.0206  0.0204  0.0201  0.0206  0.0203  0.0201  0.0204  0.0205  0.0204  0.0205  0.0203  0.0202
  0.0213  0.0210  0.0203  0.0214  0.0209  0.0212  0.0209  0.0215  0.0209  0.0211  0.0206  0.0204
  0.0224  0.0218  0.0206  0.0228  0.0221  0.0240  0.0218  0.0232  0.0216  0.0220  0.0212  0.0208
niter,ni,del,rscale     4    3    5.0000    0.7000
parameters
   -2.0737   -6.8829    6.5082  -14.8899  -17.8062  -13.4949
   24.1430  -10.9924  -24.1113   -4.2253    8.9319   -1.3635
eta,q 0.97982 10.87701
  0.0216  0.0213  0.0208  0.0219  0.0216  0.0217  0.0214  0.0226  0.0212  0.0215  0.0209  0.0207
  0.0208  0.0207  0.0205  0.0211  0.0209  0.0211  0.0208  0.0213  0.0206  0.0207  0.0205  0.0204
  0.0203  0.0203  0.0203  0.0204  0.0204  0.0206  0.0203  0.0204  0.0203  0.0203  0.0203  0.0202
  0.0202  0.0202  0.0202  0.0202  0.0202  0.0202  0.0202  0.0202  0.0202  0.0202  0.0202  0.0202
  0.0204  0.0204  0.0203  0.0204  0.0203  0.0201  0.0203  0.0205  0.0203  0.0204  0.0203  0.0202
  0.0209  0.0208  0.0206  0.0209  0.0207  0.0205  0.0207  0.0214  0.0206  0.0208  0.0205  0.0204
  0.0218  0.0214  0.0210  0.0217  0.0216  0.0221  0.0214  0.0227  0.0211  0.0215  0.0210  0.0207
niter,ni,del,rscale     3    3    5.0000    0.6000
parameters
   -2.0892   -6.8927    6.5319  -14.8886  -17.7407  -13.1210
   24.1348  -11.0369  -24.0568   -4.1787    8.9111   -1.3421
eta,q 0.97988 10.89002
  0.0213  0.0210  0.0207  0.0214  0.0212  0.0214  0.0210  0.0220  0.0209  0.0212  0.0207  0.0205
  0.0206  0.0206  0.0204  0.0208  0.0207  0.0209  0.0205  0.0210  0.0205  0.0206  0.0204  0.0203
  0.0203  0.0203  0.0202  0.0203  0.0203  0.0205  0.0202  0.0203  0.0202  0.0202  0.0202  0.0202
  0.0202  0.0202  0.0202  0.0202  0.0202  0.0202  0.0201  0.0201  0.0201  0.0201  0.0201  0.0201
  0.0203  0.0203  0.0202  0.0203  0.0202  0.0200  0.0202  0.0204  0.0202  0.0202  0.0202  0.0202
  0.0207  0.0206  0.0204  0.0208  0.0206  0.0203  0.0205  0.0210  0.0204  0.0205  0.0204  0.0203
  0.0213  0.0211  0.0207  0.0214  0.0212  0.0213  0.0211  0.0221  0.0208  0.0211  0.0207  0.0205
niter,ni,del,rscale     2    3    5.0000    0.5000
parameters
   -2.1044   -6.9022    6.5774  -14.9755  -17.6809  -12.7445
   24.1319  -11.0927  -24.0360   -4.1199    8.9187   -1.3019
eta,q 0.97994 10.90193
  0.0209  0.0207  0.0205  0.0210  0.0209  0.0210  0.0207  0.0214  0.0206  0.0208  0.0205  0.0204
  0.0204  0.0204  0.0203  0.0205  0.0205  0.0207  0.0204  0.0207  0.0203  0.0204  0.0203  0.0202
  0.0202  0.0202  0.0202  0.0202  0.0202  0.0203  0.0201  0.0202  0.0201  0.0201  0.0201  0.0201
  0.0201  0.0201  0.0201  0.0201  0.0201  0.0201  0.0201  0.0201  0.0201  0.0201  0.0201  0.0201
  0.0202  0.0202  0.0201  0.0203  0.0202  0.0200  0.0201  0.0202  0.0201  0.0201  0.0201  0.0201
  0.0205  0.0204  0.0203  0.0206  0.0204  0.0202  0.0204  0.0207  0.0203  0.0204  0.0202  0.0202
  0.0209  0.0207  0.0205  0.0211  0.0208  0.0209  0.0207  0.0215  0.0206  0.0207  0.0205  0.0203
niter,ni,del,rscale     1    3    5.0000    0.4000
parameters
   -2.1181   -6.9096    6.6106  -15.1030  -17.6208  -12.3917
   24.1338  -11.1496  -24.0342   -4.0745    8.9598   -1.3221
eta,q 0.97999 10.91093
  0.0206  0.0205  0.0203  0.0206  0.0205  0.0207  0.0204  0.0209  0.0203  0.0205  0.0203  0.0202
  0.0203  0.0202  0.0202  0.0203  0.0203  0.0204  0.0202  0.0204  0.0202  0.0202  0.0202  0.0201
  0.0201  0.0201  0.0201  0.0201  0.0201  0.0202  0.0201  0.0201  0.0200  0.0201  0.0201  0.0200
  0.0201  0.0201  0.0201  0.0201  0.0201  0.0201  0.0200  0.0200  0.0200  0.0200  0.0200  0.0200
  0.0201  0.0201  0.0201  0.0202  0.0201  0.0200  0.0201  0.0201  0.0201  0.0201  0.0200  0.0200
  0.0203  0.0202  0.0202  0.0204  0.0202  0.0201  0.0202  0.0205  0.0202  0.0202  0.0201  0.0201
  0.0206  0.0205  0.0203  0.0207  0.0205  0.0205  0.0204  0.0210  0.0203  0.0205  0.0203  0.0202
registration optimization eta report
parameter search radius
    0.8000    0.8000    0.8000    2.4000    2.4000    2.7600
    2.4000    2.4000    2.4000    2.4000    2.4000    2.4000
100000*second partial in parameter space
       81.       62.       39.       11.        8.        8.
        7.       17.        6.        8.        5.        3.
  0.0206  0.0205  0.0203  0.0206  0.0205  0.0207  0.0204  0.0209  0.0203  0.0205  0.0203  0.0202
  0.0203  0.0202  0.0202  0.0203  0.0203  0.0204  0.0202  0.0204  0.0202  0.0202  0.0202  0.0201
  0.0201  0.0201  0.0201  0.0201  0.0201  0.0202  0.0201  0.0201  0.0200  0.0201  0.0201  0.0200
  0.0201  0.0201  0.0201  0.0201  0.0201  0.0201  0.0200  0.0200  0.0200  0.0200  0.0200  0.0200
  0.0201  0.0201  0.0201  0.0202  0.0201  0.0200  0.0201  0.0201  0.0201  0.0201  0.0200  0.0200
  0.0203  0.0202  0.0202  0.0204  0.0202  0.0201  0.0202  0.0205  0.0202  0.0202  0.0201  0.0201
  0.0206  0.0205  0.0203  0.0207  0.0205  0.0205  0.0204  0.0210  0.0203  0.0205  0.0203  0.0202
   -2.1181   -6.9096    6.6106  -15.1030  -17.6208  -12.3917
   24.1338  -11.1496  -24.0342   -4.0745    8.9598   -1.3221
eta,q 0.97999 10.91093

---------------------------------------------------------------------
imgreg_4dfp /opt/freesurfer/average/711-2C_as_mni_average_305 /opt/freesurfer/average/711-2B_as_mni_average_305_mask talsrcimg_g11 none talsrcimg_to_711-2C_as_mni_average_305_t4 2311
---------------------------------------------------------------------

freesurfer imgreg_4dfp.c
/opt/freesurfer/average/711-2C_as_mni_average_305.4dfp.img
       256       256       256         1
  1.000000  1.000000  1.000000
orientation T byte_order littleendian
Reading image: /opt/freesurfer/average/711-2C_as_mni_average_305.4dfp.img
dimensions:      256       256       256
mmppix:       1.0000   -1.0000   -1.0000
center:     128.0000 -129.0000 -129.0000
/opt/freesurfer/average/711-2B_as_mni_average_305_mask.4dfp.img
       256       256       256         1
  1.000000  1.000000  1.000000
orientation T byte_order littleendian
Reading mask: /opt/freesurfer/average/711-2B_as_mni_average_305_mask.4dfp.img (2306576 pixels)
talsrcimg_g11.4dfp.img
       256       256       256         1
  1.000000  1.000000  1.000000
orientation T byte_order littleendian
Reading image: talsrcimg_g11.4dfp.img
dimensions:      256       256       256
mmppix:       1.0000   -1.0000   -1.0000
center:     128.0000 -129.0000 -129.0000
fimgreg.f
image alignment mode   2311 decimal      907 hex
parameters
   -2.1181   -6.9096    6.6106  -15.1030  -17.6208  -12.3917
   24.1338  -11.1496  -24.0342   -4.0745    8.9598   -1.3221
eta,q 0.97999 10.91093
niter,ni,del,rscale     5    3    5.0000    0.8000
parameters
   -2.1139   -6.8961    6.6357  -15.3074  -17.9092  -13.1121
   24.1943  -11.0901  -24.1959   -4.1887    9.0034   -1.2633
eta,q 0.97987 10.88149
  0.0221  0.0216  0.0211  0.0220  0.0216  0.0214  0.0218  0.0234  0.0213  0.0218  0.0211  0.0208
  0.0209  0.0207  0.0205  0.0210  0.0208  0.0208  0.0209  0.0217  0.0206  0.0208  0.0206  0.0204
  0.0202  0.0202  0.0201  0.0202  0.0202  0.0203  0.0203  0.0206  0.0202  0.0203  0.0203  0.0202
  0.0200  0.0200  0.0200  0.0200  0.0200  0.0200  0.0201  0.0201  0.0201  0.0201  0.0201  0.0201
  0.0203  0.0202  0.0201  0.0204  0.0202  0.0201  0.0203  0.0205  0.0203  0.0204  0.0202  0.0202
  0.0210  0.0207  0.0205  0.0211  0.0210  0.0212  0.0208  0.0216  0.0208  0.0210  0.0206  0.0204
  0.0220  0.0215  0.0210  0.0224  0.0222  0.0236  0.0217  0.0233  0.0215  0.0219  0.0212  0.0208
niter,ni,del,rscale     4    3    5.0000    0.7000
parameters
   -2.1075   -6.9012    6.5489  -15.0636  -17.8256  -13.1280
   24.1762  -11.0844  -24.1292   -4.1903    8.9586   -1.3332
eta,q 0.97988 10.88531
  0.0217  0.0213  0.0208  0.0219  0.0215  0.0213  0.0213  0.0227  0.0211  0.0215  0.0209  0.0206
  0.0208  0.0206  0.0204  0.0211  0.0208  0.0208  0.0207  0.0213  0.0206  0.0207  0.0205  0.0203
  0.0203  0.0202  0.0202  0.0204  0.0204  0.0204  0.0203  0.0204  0.0202  0.0202  0.0202  0.0202
  0.0201  0.0201  0.0201  0.0201  0.0201  0.0201  0.0201  0.0201  0.0201  0.0201  0.0201  0.0201
  0.0203  0.0203  0.0202  0.0203  0.0202  0.0200  0.0202  0.0204  0.0202  0.0203  0.0202  0.0202
  0.0208  0.0207  0.0205  0.0208  0.0207  0.0204  0.0207  0.0213  0.0205  0.0207  0.0205  0.0204
  0.0216  0.0213  0.0209  0.0216  0.0215  0.0218  0.0214  0.0227  0.0211  0.0215  0.0210  0.0207
niter,ni,del,rscale     3    3    5.0000    0.6000
parameters
   -2.1061   -6.8981    6.5612  -15.0091  -17.7552  -12.8236
   24.1487  -11.1018  -24.0626   -4.1263    8.9353   -1.3321
eta,q 0.97993 10.89668
  0.0213  0.0210  0.0207  0.0214  0.0212  0.0211  0.0210  0.0220  0.0208  0.0211  0.0207  0.0205
  0.0206  0.0205  0.0204  0.0207  0.0207  0.0207  0.0205  0.0210  0.0204  0.0205  0.0204  0.0202
  0.0202  0.0202  0.0202  0.0203  0.0203  0.0203  0.0202  0.0203  0.0202  0.0202  0.0201  0.0201
  0.0201  0.0201  0.0201  0.0201  0.0201  0.0201  0.0201  0.0201  0.0201  0.0201  0.0201  0.0201
  0.0203  0.0202  0.0202  0.0203  0.0202  0.0200  0.0202  0.0203  0.0201  0.0202  0.0201  0.0201
  0.0206  0.0205  0.0203  0.0207  0.0205  0.0202  0.0205  0.0210  0.0204  0.0205  0.0204  0.0202
  0.0212  0.0210  0.0206  0.0213  0.0212  0.0210  0.0210  0.0221  0.0208  0.0210  0.0207  0.0205
niter,ni,del,rscale     2    3    5.0000    0.5000
parameters
   -2.1138   -6.9049    6.5993  -15.0713  -17.6852  -12.5131
   24.1371  -11.1375  -24.0349   -4.0829    8.9341   -1.3128
eta,q 0.97997 10.90633
  0.0209  0.0207  0.0205  0.0210  0.0208  0.0208  0.0207  0.0214  0.0205  0.0208  0.0205  0.0203
  0.0204  0.0203  0.0203  0.0205  0.0205  0.0205  0.0203  0.0207  0.0203  0.0204  0.0202  0.0202
  0.0202  0.0201  0.0201  0.0202  0.0202  0.0202  0.0201  0.0202  0.0201  0.0201  0.0201  0.0201
  0.0201  0.0201  0.0201  0.0201  0.0201  0.0201  0.0200  0.0200  0.0200  0.0200  0.0200  0.0200
  0.0202  0.0201  0.0201  0.0202  0.0201  0.0200  0.0201  0.0202  0.0201  0.0201  0.0201  0.0201
  0.0204  0.0204  0.0202  0.0205  0.0204  0.0201  0.0203  0.0207  0.0203  0.0203  0.0202  0.0202
  0.0209  0.0207  0.0204  0.0210  0.0208  0.0207  0.0207  0.0215  0.0205  0.0207  0.0205  0.0203
niter,ni,del,rscale     1    3    5.0000    0.4000
parameters
   -2.1287   -6.9104    6.6214  -15.1889  -17.6230  -12.2227
   24.1413  -11.1838  -24.0310   -4.0425    8.9472   -1.3117
eta,q 0.98001 10.91340
  0.0205  0.0204  0.0203  0.0206  0.0205  0.0205  0.0204  0.0209  0.0203  0.0205  0.0203  0.0202
  0.0202  0.0202  0.0202  0.0203  0.0203  0.0203  0.0202  0.0204  0.0201  0.0202  0.0201  0.0201
  0.0201  0.0201  0.0201  0.0201  0.0201  0.0201  0.0200  0.0201  0.0200  0.0201  0.0200  0.0200
  0.0200  0.0200  0.0200  0.0200  0.0200  0.0200  0.0200  0.0200  0.0200  0.0200  0.0200  0.0200
  0.0201  0.0201  0.0201  0.0201  0.0201  0.0200  0.0200  0.0201  0.0200  0.0200  0.0200  0.0200
  0.0203  0.0202  0.0201  0.0204  0.0202  0.0201  0.0202  0.0205  0.0201  0.0202  0.0201  0.0201
  0.0206  0.0204  0.0203  0.0207  0.0205  0.0204  0.0204  0.0210  0.0203  0.0204  0.0203  0.0202
registration optimization eta report
parameter search radius
    0.8000    0.8000    0.8000    2.4000    2.4000    2.4000
    2.4000    2.4000    2.4000    2.4000    2.4000    2.4000
100000*second partial in parameter space
       81.       62.       39.       11.        9.        8.
        7.       17.        6.        8.        5.        3.
  0.0205  0.0204  0.0203  0.0206  0.0205  0.0205  0.0204  0.0209  0.0203  0.0205  0.0203  0.0202
  0.0202  0.0202  0.0202  0.0203  0.0203  0.0203  0.0202  0.0204  0.0201  0.0202  0.0201  0.0201
  0.0201  0.0201  0.0201  0.0201  0.0201  0.0201  0.0200  0.0201  0.0200  0.0201  0.0200  0.0200
  0.0200  0.0200  0.0200  0.0200  0.0200  0.0200  0.0200  0.0200  0.0200  0.0200  0.0200  0.0200
  0.0201  0.0201  0.0201  0.0201  0.0201  0.0200  0.0200  0.0201  0.0200  0.0200  0.0200  0.0200
  0.0203  0.0202  0.0201  0.0204  0.0202  0.0201  0.0202  0.0205  0.0201  0.0202  0.0201  0.0201
  0.0206  0.0204  0.0203  0.0207  0.0205  0.0204  0.0204  0.0210  0.0203  0.0204  0.0203  0.0202
   -2.1287   -6.9104    6.6214  -15.1889  -17.6230  -12.2227
   24.1413  -11.1838  -24.0310   -4.0425    8.9472   -1.3117
eta,q 0.98001 10.91340

---------------------------------------------------------------------
compute_vox2vox talsrcimg talsrcimg_to_711-2C_as_mni_average_305_t4 /opt/freesurfer/average/711-2C_as_mni_average_305
---------------------------------------------------------------------

freesurfer compute_vox2vox.c
Reading: talsrcimg.4dfp.ifh
Reading: talsrcimg_to_711-2C_as_mni_average_305_t4
Reading: /opt/freesurfer/average/711-2C_as_mni_average_305.4dfp.ifh
Writing: talsrcimg_to_711-2C_as_mni_average_305_t4_vox2vox.txt

start time Wed Mar 11 08:51:15 CET 2026
end		time Wed Mar 11 08:52:45 CET 2026

mpr2mni305 success

avi2talxfm orig_nu.mgz /opt/freesurfer/average/mni305.cor.mgz talsrcimg_to_711-2C_as_mni_average_305_t4_vox2vox.txt transforms/talairach.auto.xfm
avi2talxfm done
mv -f /out/sourcedata/freesurfer/sub-v2s15x29749_ses-1/mri/talsrcimg_to_711-2C_as_mni_average_305_t4_vox2vox.txt /out/sourcedata/freesurfer/sub-v2s15x29749_ses-1/mri/transforms/talsrcimg_to_711-2C_as_mni_average_305_t4_vox2vox.txt
lta_convert --src orig_nu.mgz --trg /opt/freesurfer/average/mni305.cor.mgz --inxfm transforms/talairach.auto.xfm --outlta transforms/talairach.auto.xfm.lta --subject fsaverage
7.3.2

--src: orig_nu.mgz src image (geometry).
--trg: /opt/freesurfer/average/mni305.cor.mgz trg image (geometry).
--inmni: transforms/talairach.auto.xfm input MNI/XFM transform.
--outlta: transforms/talairach.auto.xfm.lta output LTA.
--s: fsaverage subject name
 LTA read, type : 1
 1.07724   0.12280  -0.31374   7.10335;
-0.10519   1.12809   0.04879  -8.61287;
 0.30909   0.09118   1.12480  -2.74522;
 0.00000   0.00000   0.00000   1.00000;
setting subject to fsaverage
Writing  LTA to file transforms/talairach.auto.xfm.lta...
lta_convert successful.
 
 
Started at Wed Mar 11 08:51:15 CET 2026
Ended   at Wed Mar 11 08:52:46 CET 2026
talairach_avi done
