status file for recon-all
Wed Mar 11 12:02:28 CET 2026
#@# Tessellate rh Wed Mar 11 12:02:28 CET 2026
#@# Smooth1 rh Wed Mar 11 12:02:32 CET 2026
#@# Inflation1 rh Wed Mar 11 12:02:34 CET 2026
#@# QSphere rh Wed Mar 11 12:02:48 CET 2026
#@# Fix Topology rh Wed Mar 11 12:03:58 CET 2026
#@# Smooth2 rh Wed Mar 11 12:09:27 CET 2026
#@# Inflation2 rh Wed Mar 11 12:09:30 CET 2026
#@# Curv .H and .K rh Wed Mar 11 12:09:45 CET 2026
#@# Sphere rh Wed Mar 11 12:10:28 CET 2026
#@# Surf Reg rh Wed Mar 11 12:14:14 CET 2026
#@# Jacobian white rh Wed Mar 11 12:18:45 CET 2026
#@# AvgCurv rh Wed Mar 11 12:18:45 CET 2026
#@# Cortical Parc rh Wed Mar 11 12:18:46 CET 2026
#@# white curv rh Wed Mar 11 12:24:58 CET 2026
#@# white area rh Wed Mar 11 12:25:00 CET 2026
#@# pial curv rh Wed Mar 11 12:25:01 CET 2026
#@# pial area rh Wed Mar 11 12:25:02 CET 2026
#@# thickness rh Wed Mar 11 12:25:03 CET 2026
#@# area and vertex vol rh Wed Mar 11 12:25:31 CET 2026
#@# Curvature Stats rh Wed Mar 11 12:25:33 CET 2026
#@# Cortical Parc 2 rh Wed Mar 11 12:25:35 CET 2026
#@# Cortical Parc 3 rh Wed Mar 11 12:25:48 CET 2026
#@# WM/GM Contrast rh Wed Mar 11 12:25:58 CET 2026
recon-all -s sub-v2s15x29758_ses-1 finished without error at Wed Mar 11 12:26:01 CET 2026



#New# invocation of recon-all 



status file for recon-all
Wed Mar 11 12:34:28 CET 2026
#@# white curv rh Wed Mar 11 12:34:28 CET 2026
#@# white area rh Wed Mar 11 12:34:28 CET 2026
#@# pial curv rh Wed Mar 11 12:34:28 CET 2026
#@# pial area rh Wed Mar 11 12:34:28 CET 2026
#@# thickness rh Wed Mar 11 12:34:28 CET 2026
#@# area and vertex vol rh Wed Mar 11 12:34:28 CET 2026
#@# Parcellation Stats rh Wed Mar 11 12:34:28 CET 2026
#@# Parcellation Stats 2 rh Wed Mar 11 12:34:45 CET 2026
#@# Parcellation Stats 3 rh Wed Mar 11 12:34:54 CET 2026
#@# BA_exvivo Labels rh Wed Mar 11 12:35:03 CET 2026
recon-all -s sub-v2s15x29758_ses-1 finished without error at Wed Mar 11 12:37:49 CET 2026
