/out/sourcedata/freesurfer/sub-v2s15x29739_ses-1/mri
/opt/freesurfer/bin/talairach_avi
--i orig_nu.mgz --xfm transforms/talairach.auto.xfm
talairach_avi 7.3.2
Linux dna058 5.14.0-427.37.1.el9_4.x86_64 #1 SMP PREEMPT_DYNAMIC Fri Sep 13 12:41:50 EDT 2024 x86_64 x86_64 x86_64 GNU/Linux
Wed Mar 11 08:18:46 CET 2026
mri_convert orig_nu.mgz talsrcimg.img 
reading from orig_nu.mgz...
TR=0.00, TE=0.00, TI=0.00, flip angle=0.00
i_ras = (-1, 0, 0)
j_ras = (0, 0, -1)
k_ras = (0, 1, 0)
writing to talsrcimg.img...
Analyze Output Matrix
-1.00000   0.00000   0.00000   137.56873;
 0.00000   0.00000   1.00000  -125.58398;
 0.00000  -1.00000   0.00000   144.46091;
 0.00000   0.00000   0.00000   1.00000;
--------------------
INFO: set hdr.hist.orient to -1
mpr2mni305 talsrcimg
Wed Mar 11 08:18:46 CET 2026
/opt/freesurfer/bin/mpr2mni305 talsrcimg
mpr2mni305 7.3.2
target=711-2C_as_mni_average_305

---------------------------------------------------------------------
analyzeto4dfp talsrcimg -O0 -y
---------------------------------------------------------------------

freesurfer ifh2hdr.c
Wed Mar 11 08:18:47 2026
Writing: talsrcimg.4dfp.hdr
freesurfer analyzeto4dfp.c
Reading: talsrcimg.hdr
header size 348 bytes
hdr.dime.datatype	offset=70	value=2
hdr.dime.bitpix		offset=72	value=8
hdr.hist.orient		offset=252	value=-1
dimensionality     4
dimensions       256       256       256         1
Reading: talsrcimg.img
Writing: talsrcimg.4dfp.img
Writing: talsrcimg.4dfp.ifh
ifh2hdr talsrcimg -r0to238
ori=2

---------------------------------------------------------------------
gauss_4dfp talsrcimg 1.1
---------------------------------------------------------------------

freesurfer gauss_4dfp.c
Reading: talsrcimg.4dfp.img
Writing: talsrcimg_g11.4dfp.img
image dimensions 256 256 256 padded to 288 288 288
processing volume 1freesurfer ifh2hdr.c
Wed Mar 11 08:18:48 2026
Writing: talsrcimg_g11.4dfp.hdr

Writing: talsrcimg_g11.4dfp.ifh
including: talsrcimg.4dfp.img.rec in talsrcimg_g11.4dfp.img.rec

---------------------------------------------------------------------
imgreg_4dfp /opt/freesurfer/average/711-2C_as_mni_average_305 none talsrcimg_g11 none talsrcimg_to_711-2C_as_mni_average_305_t4 4355
---------------------------------------------------------------------

freesurfer imgreg_4dfp.c
/opt/freesurfer/average/711-2C_as_mni_average_305.4dfp.img
       256       256       256         1
  1.000000  1.000000  1.000000
orientation T byte_order littleendian
Reading image: /opt/freesurfer/average/711-2C_as_mni_average_305.4dfp.img
dimensions:      256       256       256
mmppix:       1.0000   -1.0000   -1.0000
center:     128.0000 -129.0000 -129.0000
talsrcimg_g11.4dfp.img
       256       256       256         1
  1.000000  1.000000  1.000000
orientation T byte_order littleendian
Reading image: talsrcimg_g11.4dfp.img
dimensions:      256       256       256
mmppix:       1.0000   -1.0000   -1.0000
center:     128.0000 -129.0000 -129.0000
t4_read: open error in t4_sub.f l:  41 t4_file(1:l)talsrcimg_to_711-2C_as_mni_average_305_t4 
t4_read: transform initialized to I4
rotation matrix determinant  1.000000
image alignment mode   4355 decimal     1103 hex
   -7.5000  -45.0000  -45.0000 8108.6582   18.7511
    0.0000  -45.0000  -45.0000 8444.2617   18.7997
    7.5000  -45.0000  -45.0000 8044.6494   18.8242
   -7.5000  -37.5000  -45.0000 8722.6582   18.5586
    0.0000  -37.5000  -45.0000 9064.0957   18.6013
    7.5000  -37.5000  -45.0000 8612.6494   18.6196
   -7.5000  -30.0000  -45.0000 9624.2480   18.4534
    0.0000  -30.0000  -45.000010009.1348   18.4920
    7.5000  -30.0000  -45.0000 9510.6387   18.5046
   -7.5000  -22.5000  -45.000010476.5527   18.4141
    0.0000  -22.5000  -45.000010866.2803   18.4536
    7.5000  -22.5000  -45.000010354.6094   18.4665
   -7.5000  -15.0000  -45.000011235.3594   18.3980
    0.0000  -15.0000  -45.000011682.3350   18.4427
    7.5000  -15.0000  -45.000011123.7871   18.4619
   -7.5000   -7.5000  -45.000011952.7832   18.3840
    0.0000   -7.5000  -45.000012414.1895   18.4314
    7.5000   -7.5000  -45.000011822.7617   18.4563
   -7.5000    0.0000  -45.000012597.7393   18.3733
    0.0000    0.0000  -45.000013105.1484   18.4187
    7.5000    0.0000  -45.000012456.4619   18.4430
   -7.5000    7.5000  -45.000012406.6016   18.3751
    0.0000    7.5000  -45.000012886.7969   18.4163
    7.5000    7.5000  -45.000012249.8926   18.4353
   -7.5000   15.0000  -45.000012081.4365   18.3878
    0.0000   15.0000  -45.000012535.0264   18.4262
    7.5000   15.0000  -45.000011930.7695   18.4398
   -7.5000   22.5000  -45.000011418.1055   18.3971
    0.0000   22.5000  -45.000011845.8887   18.4369
    7.5000   22.5000  -45.000011269.9443   18.4503
   -7.5000   30.0000  -45.000010527.1553   18.1524
    0.0000   30.0000  -45.000010896.4365   18.1965
    7.5000   30.0000  -45.000010365.7588   18.2155
   -7.5000   37.5000  -45.000010031.3193   18.1390
    0.0000   37.5000  -45.000010371.6387   18.1858
    7.5000   37.5000  -45.0000 9886.9971   18.2103
   -7.5000   45.0000  -45.0000 9180.9775   17.6681
    0.0000   45.0000  -45.0000 9477.7285   17.7118
    7.5000   45.0000  -45.0000 9058.8125   17.7352
   -7.5000  -45.0000  -37.5000 8667.6729   18.6095
    0.0000  -45.0000  -37.5000 9025.1406   18.6511
    7.5000  -45.0000  -37.5000 8611.4102   18.6690
   -7.5000  -37.5000  -37.5000 9313.4248   18.4163
    0.0000  -37.5000  -37.5000 9679.0244   18.4516
    7.5000  -37.5000  -37.5000 9211.5996   18.4637
   -7.5000  -30.0000  -37.500010274.3916   18.3090
    0.0000  -30.0000  -37.500010678.2842   18.3412
    7.5000  -30.0000  -37.500010144.2100   18.3479
   -7.5000  -22.5000  -37.500011176.1816   18.2689
    0.0000  -22.5000  -37.500011594.3896   18.3039
    7.5000  -22.5000  -37.500011020.9863   18.3115
   -7.5000  -15.0000  -37.500011990.1289   18.2561
    0.0000  -15.0000  -37.500012440.7295   18.2973
    7.5000  -15.0000  -37.500011819.0791   18.3107
   -7.5000   -7.5000  -37.500012725.9268   18.2473
    0.0000   -7.5000  -37.500013201.1074   18.2899
    7.5000   -7.5000  -37.500012550.4062   18.3082
   -7.5000    0.0000  -37.500013408.3057   18.2375
    0.0000    0.0000  -37.500013916.7812   18.2762
    7.5000    0.0000  -37.500013201.9473   18.2941
   -7.5000    7.5000  -37.500013162.8057   18.2356
    0.0000    7.5000  -37.500013647.1475   18.2695
    7.5000    7.5000  -37.500012940.0166   18.2824
   -7.5000   15.0000  -37.500012806.1787   18.2445
    0.0000   15.0000  -37.500013251.7080   18.2765
    7.5000   15.0000  -37.500012551.2080   18.2843
   -7.5000   22.5000  -37.500012077.9844   18.2523
    0.0000   22.5000  -37.500012475.4727   18.2876
    7.5000   22.5000  -37.500011823.3730   18.2957
   -7.5000   30.0000  -37.500011109.8545   18.0124
    0.0000   30.0000  -37.500011460.5889   18.0531
    7.5000   30.0000  -37.500010878.5254   18.0664
   -7.5000   37.5000  -37.500010564.0762   18.0041
    0.0000   37.5000  -37.500010881.4600   18.0462
    7.5000   37.5000  -37.500010345.0625   18.0642
   -7.5000   45.0000  -37.5000 9618.0254   17.5376
    0.0000   45.0000  -37.5000 9913.1963   17.5748
    7.5000   45.0000  -37.5000 9456.6572   17.5920
   -7.5000  -45.0000  -30.0000 9384.8936   19.3395
    0.0000  -45.0000  -30.0000 9731.8018   19.3768
    7.5000  -45.0000  -30.0000 9267.5869   19.3860
   -7.5000  -37.5000  -30.000010058.3926   19.1325
    0.0000  -37.5000  -30.000010428.7617   19.1636
    7.5000  -37.5000  -30.0000 9933.6963   19.1698
   -7.5000  -30.0000  -30.000011069.3760   19.0133
    0.0000  -30.0000  -30.000011504.9502   19.0435
    7.5000  -30.0000  -30.000010942.0576   19.0465
   -7.5000  -22.5000  -30.000012015.7666   18.9689
    0.0000  -22.5000  -30.000012491.6025   19.0048
    7.5000  -22.5000  -30.000011854.8018   19.0085
   -7.5000  -15.0000  -30.000012909.6787   18.9616
    0.0000  -15.0000  -30.000013386.9150   19.0034
    7.5000  -15.0000  -30.000012689.6875   19.0099
   -7.5000   -7.5000  -30.000013690.5957   18.9621
    0.0000   -7.5000  -30.000014236.5986   19.0025
    7.5000   -7.5000  -30.000013465.9082   19.0116
   -7.5000    0.0000  -30.000014416.9424   18.9544
    0.0000    0.0000  -30.000014972.2529   18.9889
    7.5000    0.0000  -30.000014178.3809   18.9986
   -7.5000    7.5000  -30.000014146.8516   18.9456
    0.0000    7.5000  -30.000014674.2080   18.9755
    7.5000    7.5000  -30.000013871.2109   18.9825
   -7.5000   15.0000  -30.000013723.8018   18.9466
    0.0000   15.0000  -30.000014198.8613   18.9767
    7.5000   15.0000  -30.000013405.0156   18.9808
   -7.5000   22.5000  -30.000012922.4092   18.9499
    0.0000   22.5000  -30.000013336.1543   18.9861
    7.5000   22.5000  -30.000012615.1182   18.9903
   -7.5000   30.0000  -30.000011884.2666   18.7104
    0.0000   30.0000  -30.000012233.4014   18.7517
    7.5000   30.0000  -30.000011595.0195   18.7581
   -7.5000   37.5000  -30.000011261.5791   18.7112
    0.0000   37.5000  -30.000011571.8574   18.7511
    7.5000   37.5000  -30.000010993.8271   18.7601
   -7.5000   45.0000  -30.000010223.5068   18.2403
    0.0000   45.0000  -30.000010523.9014   18.2735
    7.5000   45.0000  -30.000010023.7061   18.2828
   -7.5000  -45.0000  -22.500010110.4775   20.0048
    0.0000  -45.0000  -22.500010466.5156   20.0438
    7.5000  -45.0000  -22.5000 9951.2373   20.0519
   -7.5000  -37.5000  -22.500010814.9707   19.7868
    0.0000  -37.5000  -22.500011202.3311   19.8208
    7.5000  -37.5000  -22.500010657.6943   19.8281
   -7.5000  -30.0000  -22.500011877.1162   19.6572
    0.0000  -30.0000  -22.500012341.5254   19.6921
    7.5000  -30.0000  -22.500011715.7129   19.6985
   -7.5000  -22.5000  -22.500012883.8916   19.6086
    0.0000  -22.5000  -22.500013385.0215   19.6499
    7.5000  -22.5000  -22.500012677.9043   19.6567
   -7.5000  -15.0000  -22.500013841.8262   19.6045
    0.0000  -15.0000  -22.500014347.1611   19.6498
    7.5000  -15.0000  -22.500013554.2021   19.6567
   -7.5000   -7.5000  -22.500014652.0137   19.6114
    0.0000   -7.5000  -22.500015208.2539   19.6534
    7.5000   -7.5000  -22.500014374.6367   19.6611
   -7.5000    0.0000  -22.500015446.7109   19.6065
    0.0000    0.0000  -22.500016010.9795   19.6427
    7.5000    0.0000  -22.500015140.4863   19.6514
   -7.5000    7.5000  -22.500015183.7939   19.5939
    0.0000    7.5000  -22.500015737.0859   19.6265
    7.5000    7.5000  -22.500014828.0654   19.6347
   -7.5000   15.0000  -22.500014677.1592   19.5882
    0.0000   15.0000  -22.500015166.3311   19.6230
    7.5000   15.0000  -22.500014296.0488   19.6305
   -7.5000   22.5000  -22.500013794.5977   19.5876
    0.0000   22.5000  -22.500014217.9902   19.6292
    7.5000   22.5000  -22.500013412.1357   19.6365
   -7.5000   30.0000  -22.500012709.6094   19.3477
    0.0000   30.0000  -22.500013075.4502   19.3925
    7.5000   30.0000  -22.500012342.2402   19.3994
   -7.5000   37.5000  -22.500012027.9668   19.3549
    0.0000   37.5000  -22.500012354.4551   19.3964
    7.5000   37.5000  -22.500011701.6299   19.4039
   -7.5000   45.0000  -22.500010862.4014   18.8821
    0.0000   45.0000  -22.500011176.4814   18.9169
    7.5000   45.0000  -22.500010624.8848   18.9253
   -7.5000  -45.0000  -15.000010801.0098   20.4646
    0.0000  -45.0000  -15.000011198.0967   20.5117
    7.5000  -45.0000  -15.000010672.3125   20.5292
   -7.5000  -37.5000  -15.000011524.9180   20.2439
    0.0000  -37.5000  -15.000011968.3105   20.2868
    7.5000  -37.5000  -15.000011390.6787   20.3030
   -7.5000  -30.0000  -15.000012665.1035   20.1141
    0.0000  -30.0000  -15.000013171.5479   20.1573
    7.5000  -30.0000  -15.000012507.2305   20.1719
   -7.5000  -22.5000  -15.000013718.9580   20.0664
    0.0000  -22.5000  -15.000014261.2861   20.1138
    7.5000  -22.5000  -15.000013522.0186   20.1281
   -7.5000  -15.0000  -15.000014692.7656   20.0607
    0.0000  -15.0000  -15.000015242.8789   20.1105
    7.5000  -15.0000  -15.000014412.0488   20.1251
   -7.5000   -7.5000  -15.000015566.5527   20.0637
    0.0000   -7.5000  -15.000016101.9951   20.1112
    7.5000   -7.5000  -15.000015237.4023   20.1276
   -7.5000    0.0000  -15.000016414.3594   20.0573
    0.0000    0.0000  -15.000017001.6602   20.1012
    7.5000    0.0000  -15.000016063.2979   20.1191
   -7.5000    7.5000  -15.000016134.2295   20.0467
    0.0000    7.5000  -15.000016711.2617   20.0881
    7.5000    7.5000  -15.000015754.1260   20.1051
   -7.5000   15.0000  -15.000015527.4463   20.0435
    0.0000   15.0000  -15.000016058.9023   20.0865
    7.5000   15.0000  -15.000015145.1914   20.1023
   -7.5000   22.5000  -15.000014585.9639   20.0440
    0.0000   22.5000  -15.000015053.8291   20.0916
    7.5000   22.5000  -15.000014188.9775   20.1064
   -7.5000   30.0000  -15.000013465.9082   19.8008
    0.0000   30.0000  -15.000013862.1299   19.8500
    7.5000   30.0000  -15.000013055.3008   19.8644
   -7.5000   37.5000  -15.000012754.7969   19.8040
    0.0000   37.5000  -15.000013111.4580   19.8509
    7.5000   37.5000  -15.000012382.8242   19.8671
   -7.5000   45.0000  -15.000011492.2422   19.3279
    0.0000   45.0000  -15.000011835.2412   19.3702
    7.5000   45.0000  -15.000011200.6240   19.3874
   -7.5000  -45.0000   -7.500011484.6533   20.6655
    0.0000  -45.0000   -7.500011947.1611   20.7193
    7.5000  -45.0000   -7.500011379.3301   20.7463
   -7.5000  -37.5000   -7.500012236.2783   20.4509
    0.0000  -37.5000   -7.500012748.0078   20.5000
    7.5000  -37.5000   -7.500012138.6719   20.5226
   -7.5000  -30.0000   -7.500013417.2529   20.3309
    0.0000  -30.0000   -7.500014004.5918   20.3775
    7.5000  -30.0000   -7.500013323.5215   20.3955
   -7.5000  -22.5000   -7.500014575.7539   20.2873
    0.0000  -22.5000   -7.500015221.0693   20.3352
    7.5000  -22.5000   -7.500014404.4346   20.3526
   -7.5000  -15.0000   -7.500015598.9512   20.2747
    0.0000  -15.0000   -7.500016210.9346   20.3258
    7.5000  -15.0000   -7.500015295.4971   20.3470
   -7.5000   -7.5000   -7.500016453.0352   20.2651
    0.0000   -7.5000   -7.500017040.0059   20.3173
    7.5000   -7.5000   -7.500016109.1758   20.3432
   -7.5000    0.0000   -7.500017353.4199   20.2546
    0.0000    0.0000   -7.500017998.5254   20.3049
    7.5000    0.0000   -7.500017010.8047   20.3318
   -7.5000    7.5000   -7.500017024.7383   20.2517
    0.0000    7.5000   -7.500017661.2070   20.2991
    7.5000    7.5000   -7.500016673.7227   20.3224
   -7.5000   15.0000   -7.500016333.0537   20.2596
    0.0000   15.0000   -7.500016904.0840   20.3060
    7.5000   15.0000   -7.500015998.0703   20.3250
   -7.5000   22.5000   -7.500015337.9365   20.2623
    0.0000   22.5000   -7.500015855.3623   20.3104
    7.5000   22.5000   -7.500014971.7588   20.3284
   -7.5000   30.0000   -7.500014173.5234   20.0114
    0.0000   30.0000   -7.500014620.4424   20.0618
    7.5000   30.0000   -7.500013801.0635   20.0828
   -7.5000   37.5000   -7.500013430.6641   20.0023
    0.0000   37.5000   -7.500013835.0449   20.0539
    7.5000   37.5000   -7.500013078.8271   20.0794
   -7.5000   45.0000   -7.500012108.3643   19.5216
    0.0000   45.0000   -7.500012485.2285   19.5701
    7.5000   45.0000   -7.500011818.7285   19.5960
   -7.5000  -45.0000    0.000012037.1250   20.6929
    0.0000  -45.0000    0.000012556.6875   20.7457
    7.5000  -45.0000    0.000011964.6133   20.7734
   -7.5000  -37.5000    0.000012829.8486   20.4835
    0.0000  -37.5000    0.000013396.5693   20.5301
    7.5000  -37.5000    0.000012785.3271   20.5509
   -7.5000  -30.0000    0.000014134.8135   20.3693
    0.0000  -30.0000    0.000014779.1904   20.4116
    7.5000  -30.0000    0.000014082.3477   20.4259
   -7.5000  -22.5000    0.000015429.4268   20.3267
    0.0000  -22.5000    0.000016132.1377   20.3698
    7.5000  -22.5000    0.000015264.3096   20.3844
   -7.5000  -15.0000    0.000016425.8320   20.3090
    0.0000  -15.0000    0.000017058.3359   20.3575
    7.5000  -15.0000    0.000016221.7461   20.3792
   -7.5000   -7.5000    0.000017168.7129   20.2934
    0.0000   -7.5000    0.000017815.4805   20.3449
    7.5000   -7.5000    0.000016996.2227   20.3727
   -7.5000    0.0000    0.000018047.8262   20.2816
    0.0000    0.0000    0.000018814.4453   20.3309
    7.5000    0.0000    0.000017893.5098   20.3584
   -7.5000    7.5000    0.000017685.4453   20.2837
    0.0000    7.5000    0.000018473.6855   20.3287
    7.5000    7.5000    0.000017520.6758   20.3502
   -7.5000   15.0000    0.000016957.1895   20.2979
    0.0000   15.0000    0.000017669.4219   20.3399
    7.5000   15.0000    0.000016795.4922   20.3554
   -7.5000   22.5000    0.000015944.0156   20.3016
    0.0000   22.5000    0.000016560.8613   20.3450
    7.5000   22.5000    0.000015726.0947   20.3602
   -7.5000   30.0000    0.000014721.5674   20.0458
    0.0000   30.0000    0.000015249.7988   20.0937
    7.5000   30.0000    0.000014475.4727   20.1151
   -7.5000   37.5000    0.000013961.0225   20.0308
    0.0000   37.5000    0.000014437.2090   20.0816
    7.5000   37.5000    0.000013718.7832   20.1091
   -7.5000   45.0000    0.000012645.4180   19.5491
    0.0000   45.0000    0.000013084.1260   19.5967
    7.5000   45.0000    0.000012415.6992   19.6231
   -7.5000  -45.0000    7.500011638.9893   20.7167
    0.0000  -45.0000    7.500012148.7227   20.7624
    7.5000  -45.0000    7.500011588.4580   20.7823
   -7.5000  -37.5000    7.500012377.5293   20.5028
    0.0000  -37.5000    7.500012928.2578   20.5416
    7.5000  -37.5000    7.500012342.9316   20.5551
   -7.5000  -30.0000    7.500013572.2764   20.3840
    0.0000  -30.0000    7.500014195.2148   20.4193
    7.5000  -30.0000    7.500013564.9990   20.4268
   -7.5000  -22.5000    7.500014700.6025   20.3394
    0.0000  -22.5000    7.500015400.9512   20.3778
    7.5000  -22.5000    7.500014716.1816   20.3863
   -7.5000  -15.0000    7.500015719.2168   20.3251
    0.0000  -15.0000    7.500016306.7559   20.3704
    7.5000  -15.0000    7.500015744.7432   20.3852
   -7.5000   -7.5000    7.500016458.5684   20.3154
    0.0000   -7.5000    7.500017086.6348   20.3622
    7.5000   -7.5000    7.500016603.9688   20.3825
   -7.5000    0.0000    7.500017267.8008   20.3047
    0.0000    0.0000    7.500017999.2852   20.3472
    7.5000    0.0000    7.500017425.4980   20.3671
   -7.5000    7.5000    7.500016926.9023   20.3027
    0.0000    7.5000    7.500017695.2734   20.3399
    7.5000    7.5000    7.500017008.4180   20.3543
   -7.5000   15.0000    7.500016288.8105   20.3125
    0.0000   15.0000    7.500017027.7285   20.3476
    7.5000   15.0000    7.500016278.5527   20.3564
   -7.5000   22.5000    7.500015389.9863   20.3145
    0.0000   22.5000    7.500016019.1699   20.3532
    7.5000   22.5000    7.500015253.2246   20.3622
   -7.5000   30.0000    7.500014256.0820   20.0616
    0.0000   30.0000    7.500014788.6172   20.1064
    7.5000   30.0000    7.500014072.3486   20.1210
   -7.5000   37.5000    7.500013543.0088   20.0525
    0.0000   37.5000    7.500014001.2373   20.0987
    7.5000   37.5000    7.500013331.7588   20.1187
   -7.5000   45.0000    7.500012228.4443   19.5714
    0.0000   45.0000    7.500012634.9854   19.6124
    7.5000   45.0000    7.500012060.1055   19.6316
   -7.5000  -45.0000   15.000011118.4512   20.7753
    0.0000  -45.0000   15.000011583.0957   20.8152
    7.5000  -45.0000   15.000011041.1094   20.8249
   -7.5000  -37.5000   15.000011824.7021   20.5529
    0.0000  -37.5000   15.000012323.8379   20.5861
    7.5000  -37.5000   15.000011793.1973   20.5925
   -7.5000  -30.0000   15.000012917.5898   20.4247
    0.0000  -30.0000   15.000013493.1914   20.4569
    7.5000  -30.0000   15.000012960.2910   20.4600
   -7.5000  -22.5000   15.000013924.2500   20.3769
    0.0000  -22.5000   15.000014572.8135   20.4152
    7.5000  -22.5000   15.000014052.9766   20.4190
   -7.5000  -15.0000   15.000014947.0166   20.3691
    0.0000  -15.0000   15.000015542.9512   20.4137
    7.5000  -15.0000   15.000015070.7334   20.4205
   -7.5000   -7.5000   15.000015926.0938   20.3697
    0.0000   -7.5000   15.000016518.9902   20.4129
    7.5000   -7.5000   15.000016026.7705   20.4225
   -7.5000    0.0000   15.000016809.5254   20.3615
    0.0000    0.0000   15.000017425.9082   20.3983
    7.5000    0.0000   15.000016888.9395   20.4085
   -7.5000    7.5000   15.000016417.9844   20.3521
    0.0000    7.5000   15.000017007.1914   20.3839
    7.5000    7.5000   15.000016404.6445   20.3912
   -7.5000   15.0000   15.000015736.3691   20.3530
    0.0000   15.0000   15.000016299.9736   20.3851
    7.5000   15.0000   15.000015628.0654   20.3893
   -7.5000   22.5000   15.000014779.5918   20.3520
    0.0000   22.5000   15.000015292.7080   20.3907
    7.5000   22.5000   15.000014577.2656   20.3950
   -7.5000   30.0000   15.000013626.0879   20.1051
    0.0000   30.0000   15.000014108.8174   20.1492
    7.5000   30.0000   15.000013412.0615   20.1559
   -7.5000   37.5000   15.000012900.8438   20.1061
    0.0000   37.5000   15.000013373.0410   20.1487
    7.5000   37.5000   15.000012724.8389   20.1582
   -7.5000   45.0000   15.000011639.2695   19.6261
    0.0000   45.0000   15.000012086.9678   19.6617
    7.5000   45.0000   15.000011520.9326   19.6714
   -7.5000  -45.0000   22.500010558.1787   20.9087
    0.0000  -45.0000   22.500010961.9209   20.9504
    7.5000  -45.0000   22.500010423.5879   20.9590
   -7.5000  -37.5000   22.500011201.1875   20.6793
    0.0000  -37.5000   22.500011640.3945   20.7156
    7.5000  -37.5000   22.500011087.9990   20.7234
   -7.5000  -30.0000   22.500012238.3428   20.5430
    0.0000  -30.0000   22.500012735.7822   20.5802
    7.5000  -30.0000   22.500012164.8818   20.5870
   -7.5000  -22.5000   22.500013255.4600   20.4919
    0.0000  -22.5000   22.500013812.9854   20.5359
    7.5000  -22.5000   22.500013199.2793   20.5431
   -7.5000  -15.0000   22.500014272.5078   20.4877
    0.0000  -15.0000   22.500014833.9141   20.5358
    7.5000  -15.0000   22.500014163.2881   20.5432
   -7.5000   -7.5000   22.500015258.0322   20.4949
    0.0000   -7.5000   22.500015838.4170   20.5397
    7.5000   -7.5000   22.500015094.7471   20.5478
   -7.5000    0.0000   22.500016125.3799   20.4897
    0.0000    0.0000   22.500016716.3984   20.5283
    7.5000    0.0000   22.500015923.5645   20.5375
   -7.5000    7.5000   22.500015701.4229   20.4763
    0.0000    7.5000   22.500016252.2012   20.5112
    7.5000    7.5000   22.500015477.2256   20.5199
   -7.5000   15.0000   22.500014939.4404   20.4705
    0.0000   15.0000   22.500015439.6074   20.5075
    7.5000   15.0000   22.500014744.2959   20.5155
   -7.5000   22.5000   22.500013958.8398   20.4668
    0.0000   22.5000   22.500014392.4980   20.5110
    7.5000   22.5000   22.500013719.4551   20.5188
   -7.5000   30.0000   22.500012831.3594   20.2222
    0.0000   30.0000   22.500013244.0098   20.2698
    7.5000   30.0000   22.500012634.0723   20.2770
   -7.5000   37.5000   22.500012125.2852   20.2297
    0.0000   37.5000   22.500012563.9922   20.2739
    7.5000   37.5000   22.500011998.2939   20.2819
   -7.5000   45.0000   22.500010950.0332   19.7497
    0.0000   45.0000   22.500011354.1719   19.7869
    7.5000   45.0000   22.500010835.4395   19.7958
   -7.5000  -45.0000   30.0000 9843.5254   21.0853
    0.0000  -45.0000   30.000010229.0664   21.1354
    7.5000  -45.0000   30.0000 9706.2969   21.1540
   -7.5000  -37.5000   30.000010454.6709   20.8539
    0.0000  -37.5000   30.000010862.1055   20.8997
    7.5000  -37.5000   30.000010305.7139   20.9170
   -7.5000  -30.0000   30.000011431.2979   20.7181
    0.0000  -30.0000   30.000011872.1250   20.7641
    7.5000  -30.0000   30.000011282.5449   20.7797
   -7.5000  -22.5000   30.000012373.4854   20.6684
    0.0000  -22.5000   30.000012875.2812   20.7187
    7.5000  -22.5000   30.000012236.5322   20.7338
   -7.5000  -15.0000   30.000013272.5547   20.6627
    0.0000  -15.0000   30.000013792.4219   20.7154
    7.5000  -15.0000   30.000013133.1367   20.7308
   -7.5000   -7.5000   30.000014141.9033   20.6658
    0.0000   -7.5000   30.000014677.0195   20.7162
    7.5000   -7.5000   30.000013977.5176   20.7334
   -7.5000    0.0000   30.000014941.9082   20.6589
    0.0000    0.0000   30.000015512.9648   20.7056
    7.5000    0.0000   30.000014749.1533   20.7245
   -7.5000    7.5000   30.000014537.7031   20.6476
    0.0000    7.5000   30.000015089.5605   20.6917
    7.5000    7.5000   30.000014366.7236   20.7099
   -7.5000   15.0000   30.000013848.8271   20.6442
    0.0000   15.0000   30.000014363.3506   20.6900
    7.5000   15.0000   30.000013675.3994   20.7068
   -7.5000   22.5000   30.000012919.3691   20.6428
    0.0000   22.5000   30.000013383.5625   20.6933
    7.5000   22.5000   30.000012720.0137   20.7090
   -7.5000   30.0000   30.000011882.2822   20.3949
    0.0000   30.0000   30.000012317.4150   20.4470
    7.5000   30.0000   30.000011728.8838   20.4622
   -7.5000   37.5000   30.000011240.0400   20.3983
    0.0000   37.5000   30.000011699.5371   20.4480
    7.5000   37.5000   30.000011135.6670   20.4651
   -7.5000   45.0000   30.000010152.9365   19.9128
    0.0000   45.0000   30.000010573.1992   19.9578
    7.5000   45.0000   30.000010058.1406   19.9761
   -7.5000  -45.0000   37.5000 9486.9707   21.3581
    0.0000  -45.0000   37.5000 9852.9492   21.4169
    7.5000  -45.0000   37.5000 9344.2441   21.4461
   -7.5000  -37.5000   37.500010057.3857   21.1315
    0.0000  -37.5000   37.500010462.1094   21.1853
    7.5000  -37.5000   37.5000 9922.6221   21.2099
   -7.5000  -30.0000   37.500010987.6865   21.0036
    0.0000  -30.0000   37.500011418.8994   21.0549
    7.5000  -30.0000   37.500010864.7695   21.0749
   -7.5000  -22.5000   37.500011864.7969   20.9569
    0.0000  -22.5000   37.500012351.3906   21.0094
    7.5000  -22.5000   37.500011779.1221   21.0290
   -7.5000  -15.0000   37.500012686.1738   20.9433
    0.0000  -15.0000   37.500013223.4600   20.9990
    7.5000  -15.0000   37.500012630.4736   21.0224
   -7.5000   -7.5000   37.500013488.9492   20.9333
    0.0000   -7.5000   37.500014045.0898   20.9902
    7.5000   -7.5000   37.500013425.3789   21.0183
   -7.5000    0.0000   37.500014245.2803   20.9224
    0.0000    0.0000   37.500014826.7832   20.9774
    7.5000    0.0000   37.500014152.2275   21.0062
   -7.5000    7.5000   37.500013878.0352   20.9195
    0.0000    7.5000   37.500014427.6885   20.9715
    7.5000    7.5000   37.500013795.6396   20.9967
   -7.5000   15.0000   37.500013245.9141   20.9277
    0.0000   15.0000   37.500013771.1123   20.9787
    7.5000   15.0000   37.500013134.3838   20.9998
   -7.5000   22.5000   37.500012374.2803   20.9306
    0.0000   22.5000   37.500012836.4736   20.9834
    7.5000   22.5000   37.500012211.9404   21.0035
   -7.5000   30.0000   37.500011397.7227   20.6718
    0.0000   30.0000   37.500011846.7080   20.7268
    7.5000   30.0000   37.500011282.0732   20.7500
   -7.5000   37.5000   37.500010804.7051   20.6624
    0.0000   37.5000   37.500011269.5146   20.7185
    7.5000   37.5000   37.500010741.9893   20.7462
   -7.5000   45.0000   37.5000 9769.8750   20.1668
    0.0000   45.0000   37.500010170.8545   20.2198
    7.5000   45.0000   37.5000 9701.0684   20.2476
   -7.5000  -45.0000   45.0000 8796.0166   21.7530
    0.0000  -45.0000   45.0000 9119.4717   21.8114
    7.5000  -45.0000   45.0000 8631.6543   21.8419
   -7.5000  -37.5000   45.0000 9319.5723   21.5295
    0.0000  -37.5000   45.0000 9691.2451   21.5813
    7.5000  -37.5000   45.0000 9173.6396   21.6044
   -7.5000  -30.0000   45.000010165.9238   21.4075
    0.0000  -30.0000   45.000010576.3975   21.4545
    7.5000  -30.0000   45.000010044.8477   21.4706
   -7.5000  -22.5000   45.000010954.6895   21.3611
    0.0000  -22.5000   45.000011419.4395   21.4087
    7.5000  -22.5000   45.000010860.3340   21.4249
   -7.5000  -15.0000   45.000011669.7686   21.3410
    0.0000  -15.0000   45.000012191.2812   21.3943
    7.5000  -15.0000   45.000011625.6348   21.4178
   -7.5000   -7.5000   45.000012404.5293   21.3236
    0.0000   -7.5000   45.000012941.3916   21.3801
    7.5000   -7.5000   45.000012361.3457   21.4104
   -7.5000    0.0000   45.000013099.3701   21.3109
    0.0000    0.0000   45.000013647.7715   21.3652
    7.5000    0.0000   45.000013029.0752   21.3951
   -7.5000    7.5000   45.000012775.0400   21.3136
    0.0000    7.5000   45.000013310.6719   21.3633
    7.5000    7.5000   45.000012719.6006   21.3870
   -7.5000   15.0000   45.000012199.7578   21.3295
    0.0000   15.0000   45.000012696.9980   21.3761
    7.5000   15.0000   45.000012108.1338   21.3933
   -7.5000   22.5000   45.000011371.2490   21.3339
    0.0000   22.5000   45.000011837.2051   21.3817
    7.5000   22.5000   45.000011260.8691   21.3985
   -7.5000   30.0000   45.000010471.1758   21.0625
    0.0000   30.0000   45.000010922.1426   21.1151
    7.5000   30.0000   45.000010394.9775   21.1383
   -7.5000   37.5000   45.0000 9940.2910   21.0458
    0.0000   37.5000   45.000010380.6699   21.1016
    7.5000   37.5000   45.0000 9890.5635   21.1314
   -7.5000   45.0000   45.0000 9002.6162   20.5506
    0.0000   45.0000   45.0000 9390.8418   20.6029
    7.5000   45.0000   45.0000 8938.2617   20.6317

---------------------------------------------------------------------
imgreg_4dfp /opt/freesurfer/average/711-2C_as_mni_average_305 /opt/freesurfer/average/711-2B_as_mni_average_305_mask talsrcimg_g11 none talsrcimg_to_711-2C_as_mni_average_305_t4 4355
---------------------------------------------------------------------

freesurfer imgreg_4dfp.c
/opt/freesurfer/average/711-2C_as_mni_average_305.4dfp.img
       256       256       256         1
  1.000000  1.000000  1.000000
orientation T byte_order littleendian
Reading image: /opt/freesurfer/average/711-2C_as_mni_average_305.4dfp.img
dimensions:      256       256       256
mmppix:       1.0000   -1.0000   -1.0000
center:     128.0000 -129.0000 -129.0000
/opt/freesurfer/average/711-2B_as_mni_average_305_mask.4dfp.img
       256       256       256         1
  1.000000  1.000000  1.000000
orientation T byte_order littleendian
Reading mask: /opt/freesurfer/average/711-2B_as_mni_average_305_mask.4dfp.img (2306576 pixels)
talsrcimg_g11.4dfp.img
       256       256       256         1
  1.000000  1.000000  1.000000
orientation T byte_order littleendian
Reading image: talsrcimg_g11.4dfp.img
dimensions:      256       256       256
mmppix:       1.0000   -1.0000   -1.0000
center:     128.0000 -129.0000 -129.0000
rotation matrix determinant  1.000000
image alignment mode   4355 decimal     1103 hex
   -7.5000  -45.0000  -45.0000 2126.7805   24.4524
    0.0000  -45.0000  -45.0000 2133.2642   24.1196
    7.5000  -45.0000  -45.0000 2115.3040   24.3664
   -7.5000  -37.5000  -45.0000 2216.0112   22.5299
    0.0000  -37.5000  -45.0000 2221.1130   22.2986
    7.5000  -37.5000  -45.0000 2199.2073   22.5294
   -7.5000  -30.0000  -45.0000 2288.1033   21.1152
    0.0000  -30.0000  -45.0000 2294.6455   20.9377
    7.5000  -30.0000  -45.0000 2276.3691   21.0678
   -7.5000  -22.5000  -45.0000 2338.3804   19.9986
    0.0000  -22.5000  -45.0000 2342.8716   19.8465
    7.5000  -22.5000  -45.0000 2332.5032   19.9922
   -7.5000  -15.0000  -45.0000 2368.5354   19.2339
    0.0000  -15.0000  -45.0000 2374.7507   19.0650
    7.5000  -15.0000  -45.0000 2369.5854   19.2488
   -7.5000   -7.5000  -45.0000 2382.0303   18.8089
    0.0000   -7.5000  -45.0000 2387.5989   18.6217
    7.5000   -7.5000  -45.0000 2378.0391   18.8571
   -7.5000    0.0000  -45.0000 2376.5732   18.7365
    0.0000    0.0000  -45.0000 2385.4583   18.6011
    7.5000    0.0000  -45.0000 2375.5845   18.8026
   -7.5000    7.5000  -45.0000 2372.3518   19.0322
    0.0000    7.5000  -45.0000 2382.0386   18.8286
    7.5000    7.5000  -45.0000 2370.0559   19.0711
   -7.5000   15.0000  -45.0000 2353.6873   19.5774
    0.0000   15.0000  -45.0000 2364.9988   19.3420
    7.5000   15.0000  -45.0000 2351.9253   19.5830
   -7.5000   22.5000  -45.0000 2314.7473   20.4960
    0.0000   22.5000  -45.0000 2328.0503   20.2536
    7.5000   22.5000  -45.0000 2317.1028   20.5370
   -7.5000   30.0000  -45.0000 2260.6003   21.8670
    0.0000   30.0000  -45.0000 2272.7451   21.6273
    7.5000   30.0000  -45.0000 2259.5576   21.9487
   -7.5000   37.5000  -45.0000 2179.1592   23.6217
    0.0000   37.5000  -45.0000 2196.0552   23.3934
    7.5000   37.5000  -45.0000 2181.1750   23.7609
   -7.5000   45.0000  -45.0000 2086.7087   25.8239
    0.0000   45.0000  -45.0000 2098.8662   25.6133
    7.5000   45.0000  -45.0000 2090.1992   25.9832
   -7.5000  -45.0000  -37.5000 2197.2271   22.6666
    0.0000  -45.0000  -37.5000 2204.8826   22.3620
    7.5000  -45.0000  -37.5000 2188.8833   22.6003
   -7.5000  -37.5000  -37.5000 2293.0928   20.8617
    0.0000  -37.5000  -37.5000 2297.8970   20.5923
    7.5000  -37.5000  -37.5000 2277.5955   20.7922
   -7.5000  -30.0000  -37.5000 2368.3879   19.5404
    0.0000  -30.0000  -37.5000 2371.8872   19.3102
    7.5000  -30.0000  -37.5000 2353.7544   19.4402
   -7.5000  -22.5000  -37.5000 2418.6072   18.5091
    0.0000  -22.5000  -37.5000 2425.8491   18.3300
    7.5000  -22.5000  -37.5000 2412.6597   18.4160
   -7.5000  -15.0000  -37.5000 2456.0063   17.7558
    0.0000  -15.0000  -37.5000 2463.3364   17.5957
    7.5000  -15.0000  -37.5000 2452.5129   17.7017
   -7.5000   -7.5000  -37.5000 2469.8337   17.3593
    0.0000   -7.5000  -37.5000 2480.5500   17.1814
    7.5000   -7.5000  -37.5000 2470.9131   17.3758
   -7.5000    0.0000  -37.5000 2477.1160   17.3337
    0.0000    0.0000  -37.5000 2487.6826   17.1842
    7.5000    0.0000  -37.5000 2473.6321   17.3589
   -7.5000    7.5000  -37.5000 2475.0852   17.6305
    0.0000    7.5000  -37.5000 2483.0559   17.4254
    7.5000    7.5000  -37.5000 2469.1479   17.6043
   -7.5000   15.0000  -37.5000 2458.1121   18.1731
    0.0000   15.0000  -37.5000 2467.4346   17.9242
    7.5000   15.0000  -37.5000 2452.1228   18.1060
   -7.5000   22.5000  -37.5000 2418.0210   19.0928
    0.0000   22.5000  -37.5000 2429.6804   18.8262
    7.5000   22.5000  -37.5000 2411.2644   19.0476
   -7.5000   30.0000  -37.5000 2356.3555   20.4128
    0.0000   30.0000  -37.5000 2367.5803   20.1658
    7.5000   30.0000  -37.5000 2351.7920   20.4327
   -7.5000   37.5000  -37.5000 2273.5012   22.0832
    0.0000   37.5000  -37.5000 2284.2437   21.8325
    7.5000   37.5000  -37.5000 2265.9814   22.1413
   -7.5000   45.0000  -37.5000 2168.7163   24.1831
    0.0000   45.0000  -37.5000 2178.8394   23.9488
    7.5000   45.0000  -37.5000 2164.6084   24.2809
   -7.5000  -45.0000  -30.0000 2306.6431   21.7984
    0.0000  -45.0000  -30.0000 2309.3503   21.4736
    7.5000  -45.0000  -30.0000 2292.7239   21.7163
   -7.5000  -37.5000  -30.0000 2405.3059   20.0605
    0.0000  -37.5000  -30.0000 2407.8518   19.7504
    7.5000  -37.5000  -30.0000 2389.6069   19.9290
   -7.5000  -30.0000  -30.0000 2478.2349   18.6809
    0.0000  -30.0000  -30.0000 2485.3342   18.4488
    7.5000  -30.0000  -30.0000 2473.3599   18.5809
   -7.5000  -22.5000  -30.0000 2536.3208   17.6808
    0.0000  -22.5000  -30.0000 2544.7229   17.5132
    7.5000  -22.5000  -30.0000 2533.8250   17.6488
   -7.5000  -15.0000  -30.0000 2580.6243   16.9719
    0.0000  -15.0000  -30.0000 2591.5176   16.8530
    7.5000  -15.0000  -30.0000 2578.7278   16.9272
   -7.5000   -7.5000  -30.0000 2603.6677   16.6171
    0.0000   -7.5000  -30.0000 2622.9192   16.4694
    7.5000   -7.5000  -30.0000 2610.4231   16.5736
   -7.5000    0.0000  -30.0000 2616.3958   16.6133
    0.0000    0.0000  -30.0000 2637.8362   16.4777
    7.5000    0.0000  -30.0000 2620.0200   16.6004
   -7.5000    7.5000  -30.0000 2615.4465   16.8854
    0.0000    7.5000  -30.0000 2632.7585   16.7089
    7.5000    7.5000  -30.0000 2614.9275   16.8837
   -7.5000   15.0000  -30.0000 2597.3025   17.4827
    0.0000   15.0000  -30.0000 2611.7239   17.2645
    7.5000   15.0000  -30.0000 2589.4634   17.4380
   -7.5000   22.5000  -30.0000 2558.9568   18.4452
    0.0000   22.5000  -30.0000 2569.4888   18.2355
    7.5000   22.5000  -30.0000 2546.7334   18.4238
   -7.5000   30.0000  -30.0000 2491.5356   19.7913
    0.0000   30.0000  -30.0000 2499.5571   19.5720
    7.5000   30.0000  -30.0000 2479.0476   19.7820
   -7.5000   37.5000  -30.0000 2402.3823   21.4489
    0.0000   37.5000  -30.0000 2405.0403   21.2145
    7.5000   37.5000  -30.0000 2386.5505   21.4409
   -7.5000   45.0000  -30.0000 2285.4138   23.4861
    0.0000   45.0000  -30.0000 2291.9312   23.2390
    7.5000   45.0000  -30.0000 2272.8169   23.5130
   -7.5000  -45.0000  -22.5000 2391.1775   20.7978
    0.0000  -45.0000  -22.5000 2391.3923   20.5643
    7.5000  -45.0000  -22.5000 2368.6130   20.8133
   -7.5000  -37.5000  -22.5000 2495.7434   19.0124
    0.0000  -37.5000  -22.5000 2495.7695   18.8142
    7.5000  -37.5000  -22.5000 2476.2151   19.0245
   -7.5000  -30.0000  -22.5000 2573.0571   17.6995
    0.0000  -30.0000  -22.5000 2582.6514   17.5540
    7.5000  -30.0000  -22.5000 2566.8306   17.7192
   -7.5000  -22.5000  -22.5000 2635.4297   16.7275
    0.0000  -22.5000  -22.5000 2645.0388   16.6248
    7.5000  -22.5000  -22.5000 2627.0552   16.7900
   -7.5000  -15.0000  -22.5000 2691.3892   16.0824
    0.0000  -15.0000  -22.5000 2697.7952   16.0094
    7.5000  -15.0000  -22.5000 2677.3350   16.1258
   -7.5000   -7.5000  -22.5000 2720.8213   15.7694
    0.0000   -7.5000  -22.5000 2735.9155   15.6933
    7.5000   -7.5000  -22.5000 2722.0898   15.8128
   -7.5000    0.0000  -22.5000 2738.6357   15.7940
    0.0000    0.0000  -22.5000 2760.0596   15.7001
    7.5000    0.0000  -22.5000 2741.7383   15.8590
   -7.5000    7.5000  -22.5000 2743.2021   16.0792
    0.0000    7.5000  -22.5000 2759.4722   15.9668
    7.5000    7.5000  -22.5000 2732.6404   16.1241
   -7.5000   15.0000  -22.5000 2714.0427   16.6715
    0.0000   15.0000  -22.5000 2728.4482   16.5592
    7.5000   15.0000  -22.5000 2699.2686   16.6869
   -7.5000   22.5000  -22.5000 2660.2808   17.6342
    0.0000   22.5000  -22.5000 2670.6221   17.5180
    7.5000   22.5000  -22.5000 2645.0037   17.6681
   -7.5000   30.0000  -22.5000 2585.2878   18.9464
    0.0000   30.0000  -22.5000 2596.0352   18.7987
    7.5000   30.0000  -22.5000 2571.8315   18.9748
   -7.5000   37.5000  -22.5000 2492.6333   20.5613
    0.0000   37.5000  -22.5000 2501.2405   20.4262
    7.5000   37.5000  -22.5000 2476.0371   20.6572
   -7.5000   45.0000  -22.5000 2372.5032   22.6412
    0.0000   45.0000  -22.5000 2376.0728   22.4112
    7.5000   45.0000  -22.5000 2353.4502   22.6741
   -7.5000  -45.0000  -15.0000 2448.3147   19.8640
    0.0000  -45.0000  -15.0000 2449.9478   19.8099
    7.5000  -45.0000  -15.0000 2434.7048   20.1637
   -7.5000  -37.5000  -15.0000 2553.5554   18.1049
    0.0000  -37.5000  -15.0000 2557.0898   18.0341
    7.5000  -37.5000  -15.0000 2540.7937   18.3596
   -7.5000  -30.0000  -15.0000 2636.8162   16.7999
    0.0000  -30.0000  -15.0000 2648.2122   16.7339
    7.5000  -30.0000  -15.0000 2625.5872   16.9960
   -7.5000  -22.5000  -15.0000 2710.3728   15.8951
    0.0000  -22.5000  -15.0000 2716.4575   15.8303
    7.5000  -22.5000  -15.0000 2702.6433   16.0503
   -7.5000  -15.0000  -15.0000 2766.0698   15.2597
    0.0000  -15.0000  -15.0000 2770.8101   15.2066
    7.5000  -15.0000  -15.0000 2751.5667   15.4172
   -7.5000   -7.5000  -15.0000 2806.4634   14.9757
    0.0000   -7.5000  -15.0000 2819.3396   14.9496
    7.5000   -7.5000  -15.0000 2795.6147   15.1134
   -7.5000    0.0000  -15.0000 2827.0981   15.0370
    0.0000    0.0000  -15.0000 2846.2263   14.9793
    7.5000    0.0000  -15.0000 2819.5457   15.1759
   -7.5000    7.5000  -15.0000 2832.1152   15.3211
    0.0000    7.5000  -15.0000 2848.4253   15.2682
    7.5000    7.5000  -15.0000 2815.1929   15.4501
   -7.5000   15.0000  -15.0000 2794.0576   15.9213
    0.0000   15.0000  -15.0000 2808.0906   15.8597
    7.5000   15.0000  -15.0000 2782.1003   16.0265
   -7.5000   22.5000  -15.0000 2727.2129   16.8801
    0.0000   22.5000  -15.0000 2739.4089   16.8086
    7.5000   22.5000  -15.0000 2718.1821   17.0059
   -7.5000   30.0000  -15.0000 2638.8213   18.1313
    0.0000   30.0000  -15.0000 2653.1143   18.0653
    7.5000   30.0000  -15.0000 2629.1855   18.2961
   -7.5000   37.5000  -15.0000 2542.4038   19.7402
    0.0000   37.5000  -15.0000 2554.4583   19.6528
    7.5000   37.5000  -15.0000 2532.3804   19.9063
   -7.5000   45.0000  -15.0000 2419.4915   21.7474
    0.0000   45.0000  -15.0000 2425.4868   21.6296
    7.5000   45.0000  -15.0000 2405.9624   21.8852
   -7.5000  -45.0000   -7.5000 2492.7847   19.1137
    0.0000  -45.0000   -7.5000 2498.5083   19.1436
    7.5000  -45.0000   -7.5000 2486.9919   19.6064
   -7.5000  -37.5000   -7.5000 2596.3638   17.3695
    0.0000  -37.5000   -7.5000 2604.9856   17.3895
    7.5000  -37.5000   -7.5000 2592.0276   17.7632
   -7.5000  -30.0000   -7.5000 2680.8838   16.0938
    0.0000  -30.0000   -7.5000 2694.8594   16.0913
    7.5000  -30.0000   -7.5000 2674.6245   16.4269
   -7.5000  -22.5000   -7.5000 2767.4836   15.1945
    0.0000  -22.5000   -7.5000 2779.6956   15.1967
    7.5000  -22.5000   -7.5000 2752.9116   15.4788
   -7.5000  -15.0000   -7.5000 2832.5090   14.5787
    0.0000  -15.0000   -7.5000 2843.4448   14.5703
    7.5000  -15.0000   -7.5000 2807.9839   14.8439
   -7.5000   -7.5000   -7.5000 2874.6292   14.2701
    0.0000   -7.5000   -7.5000 2890.7527   14.2535
    7.5000   -7.5000   -7.5000 2849.5183   14.5180
   -7.5000    0.0000   -7.5000 2899.6819   14.3713
    0.0000    0.0000   -7.5000 2921.3586   14.3503
    7.5000    0.0000   -7.5000 2879.0542   14.5681
   -7.5000    7.5000   -7.5000 2898.2209   14.6625
    0.0000    7.5000   -7.5000 2915.1399   14.6446
    7.5000    7.5000   -7.5000 2875.5234   14.8601
   -7.5000   15.0000   -7.5000 2850.8723   15.2873
    0.0000   15.0000   -7.5000 2863.2793   15.2590
    7.5000   15.0000   -7.5000 2838.7781   15.4736
   -7.5000   22.5000   -7.5000 2774.6570   16.2909
    0.0000   22.5000   -7.5000 2787.5483   16.2369
    7.5000   22.5000   -7.5000 2766.6619   16.4589
   -7.5000   30.0000   -7.5000 2679.5061   17.5550
    0.0000   30.0000   -7.5000 2694.2297   17.4937
    7.5000   30.0000   -7.5000 2671.9441   17.7504
   -7.5000   37.5000   -7.5000 2575.0818   19.1007
    0.0000   37.5000   -7.5000 2589.9749   19.0422
    7.5000   37.5000   -7.5000 2571.1343   19.3069
   -7.5000   45.0000   -7.5000 2446.5381   21.0688
    0.0000   45.0000   -7.5000 2459.8345   20.9981
    7.5000   45.0000   -7.5000 2439.2004   21.2708
   -7.5000  -45.0000    0.0000 2513.2759   18.5795
    0.0000  -45.0000    0.0000 2525.5806   18.6676
    7.5000  -45.0000    0.0000 2508.0798   19.1906
   -7.5000  -37.5000    0.0000 2622.2327   16.8682
    0.0000  -37.5000    0.0000 2635.0757   16.9378
    7.5000  -37.5000    0.0000 2617.8076   17.3986
   -7.5000  -30.0000    0.0000 2718.6433   15.5878
    0.0000  -30.0000    0.0000 2733.9360   15.6573
    7.5000  -30.0000    0.0000 2710.9565   16.0699
   -7.5000  -22.5000    0.0000 2814.6313   14.7375
    0.0000  -22.5000    0.0000 2823.2019   14.7533
    7.5000  -22.5000    0.0000 2794.0142   15.1244
   -7.5000  -15.0000    0.0000 2890.9060   14.2210
    0.0000  -15.0000    0.0000 2899.7832   14.2071
    7.5000  -15.0000    0.0000 2854.8933   14.5280
   -7.5000   -7.5000    0.0000 2930.8262   13.7778
    0.0000   -7.5000    0.0000 2946.1438   13.7778
    7.5000   -7.5000    0.0000 2892.9722   14.1691
   -7.5000    0.0000    0.0000 2942.6350   13.8558
    0.0000    0.0000    0.0000 2963.3022   13.8612
    7.5000    0.0000    0.0000 2916.8992   14.1762
   -7.5000    7.5000    0.0000 2930.1567   14.2730
    0.0000    7.5000    0.0000 2951.7942   14.2578
    7.5000    7.5000    0.0000 2911.8037   14.5159
   -7.5000   15.0000    0.0000 2878.0222   14.9637
    0.0000   15.0000    0.0000 2897.1885   14.9509
    7.5000   15.0000    0.0000 2867.6594   15.1926
   -7.5000   22.5000    0.0000 2798.5046   15.9683
    0.0000   22.5000    0.0000 2816.8396   15.9419
    7.5000   22.5000    0.0000 2793.5278   16.1640
   -7.5000   30.0000    0.0000 2701.9426   17.2049
    0.0000   30.0000    0.0000 2718.2451   17.1748
    7.5000   30.0000    0.0000 2696.4856   17.4282
   -7.5000   37.5000    0.0000 2589.3179   18.7599
    0.0000   37.5000    0.0000 2607.4751   18.7213
    7.5000   37.5000    0.0000 2585.5000   19.0081
   -7.5000   45.0000    0.0000 2458.1936   20.6400
    0.0000   45.0000    0.0000 2475.1084   20.6059
    7.5000   45.0000    0.0000 2454.2507   20.9199
   -7.5000  -45.0000    7.5000 2534.3584   18.3780
    0.0000  -45.0000    7.5000 2548.5508   18.4682
    7.5000  -45.0000    7.5000 2526.5513   19.0020
   -7.5000  -37.5000    7.5000 2640.9683   16.6478
    0.0000  -37.5000    7.5000 2655.4434   16.6902
    7.5000  -37.5000    7.5000 2631.4146   17.1859
   -7.5000  -30.0000    7.5000 2734.9465   15.3457
    0.0000  -30.0000    7.5000 2752.6521   15.3871
    7.5000  -30.0000    7.5000 2727.4204   15.8405
   -7.5000  -22.5000    7.5000 2823.8555   14.4690
    0.0000  -22.5000    7.5000 2838.5144   14.4701
    7.5000  -22.5000    7.5000 2808.2366   14.8933
   -7.5000  -15.0000    7.5000 2904.4851   13.9143
    0.0000  -15.0000    7.5000 2913.8494   13.9060
    7.5000  -15.0000    7.5000 2871.2710   14.3404
   -7.5000   -7.5000    7.5000 2952.4707   13.5822
    0.0000   -7.5000    7.5000 2964.8257   13.5342
    7.5000   -7.5000    7.5000 2918.5835   14.0840
   -7.5000    0.0000    7.5000 2955.4570   13.5776
    0.0000    0.0000    7.5000 2973.7393   13.5772
    7.5000    0.0000    7.5000 2941.7317   14.1020
   -7.5000    7.5000    7.5000 2936.3738   14.0971
    0.0000    7.5000    7.5000 2956.9373   14.1012
    7.5000    7.5000    7.5000 2930.1909   14.4597
   -7.5000   15.0000    7.5000 2885.4075   14.9104
    0.0000   15.0000    7.5000 2907.3301   14.9114
    7.5000   15.0000    7.5000 2874.3828   15.1729
   -7.5000   22.5000    7.5000 2809.2615   15.9505
    0.0000   22.5000    7.5000 2826.4241   15.9117
    7.5000   22.5000    7.5000 2796.1748   16.1297
   -7.5000   30.0000    7.5000 2707.8848   17.2062
    0.0000   30.0000    7.5000 2723.3586   17.1335
    7.5000   30.0000    7.5000 2696.5576   17.3519
   -7.5000   37.5000    7.5000 2594.6616   18.7509
    0.0000   37.5000    7.5000 2605.1243   18.6221
    7.5000   37.5000    7.5000 2582.9983   18.8619
   -7.5000   45.0000    7.5000 2456.6206   20.6167
    0.0000   45.0000    7.5000 2468.6768   20.4301
    7.5000   45.0000    7.5000 2453.2942   20.7635
   -7.5000  -45.0000   15.0000 2544.2676   18.5216
    0.0000  -45.0000   15.0000 2556.2856   18.5562
    7.5000  -45.0000   15.0000 2533.4092   19.1105
   -7.5000  -37.5000   15.0000 2650.3262   16.8071
    0.0000  -37.5000   15.0000 2661.6731   16.8287
    7.5000  -37.5000   15.0000 2643.9731   17.3730
   -7.5000  -30.0000   15.0000 2747.4912   15.4848
    0.0000  -30.0000   15.0000 2762.3838   15.4935
    7.5000  -30.0000   15.0000 2739.8970   16.0506
   -7.5000  -22.5000   15.0000 2823.4670   14.5515
    0.0000  -22.5000   15.0000 2839.1152   14.5385
    7.5000  -22.5000   15.0000 2819.0535   15.0712
   -7.5000  -15.0000   15.0000 2900.0283   14.0045
    0.0000  -15.0000   15.0000 2907.3660   13.9493
    7.5000  -15.0000   15.0000 2877.6504   14.5337
   -7.5000   -7.5000   15.0000 2949.5725   13.8466
    0.0000   -7.5000   15.0000 2955.3999   13.7671
    7.5000   -7.5000   15.0000 2920.2051   14.2844
   -7.5000    0.0000   15.0000 2960.2578   14.0107
    0.0000    0.0000   15.0000 2968.4319   13.8954
    7.5000    0.0000   15.0000 2940.0737   14.3437
   -7.5000    7.5000   15.0000 2932.7754   14.4219
    0.0000    7.5000   15.0000 2945.7002   14.3250
    7.5000    7.5000   15.0000 2920.1250   14.7157
   -7.5000   15.0000   15.0000 2870.3025   15.1394
    0.0000   15.0000   15.0000 2883.7031   15.0408
    7.5000   15.0000   15.0000 2861.6843   15.3559
   -7.5000   22.5000   15.0000 2792.7590   16.0962
    0.0000   22.5000   15.0000 2803.1079   15.9887
    7.5000   22.5000   15.0000 2779.3765   16.2147
   -7.5000   30.0000   15.0000 2692.7705   17.2767
    0.0000   30.0000   15.0000 2704.8909   17.1968
    7.5000   30.0000   15.0000 2681.8054   17.4177
   -7.5000   37.5000   15.0000 2575.9146   18.8040
    0.0000   37.5000   15.0000 2590.2261   18.7303
    7.5000   37.5000   15.0000 2572.0471   18.9637
   -7.5000   45.0000   15.0000 2442.5732   20.7724
    0.0000   45.0000   15.0000 2456.8838   20.6380
    7.5000   45.0000   15.0000 2443.0813   20.9042
   -7.5000  -45.0000   22.5000 2540.1980   18.9670
    0.0000  -45.0000   22.5000 2553.3306   18.9033
    7.5000  -45.0000   22.5000 2529.7476   19.4808
   -7.5000  -37.5000   22.5000 2649.3623   17.2281
    0.0000  -37.5000   22.5000 2660.3545   17.1757
    7.5000  -37.5000   22.5000 2640.6528   17.7303
   -7.5000  -30.0000   22.5000 2746.4944   15.9528
    0.0000  -30.0000   22.5000 2760.6130   15.8937
    7.5000  -30.0000   22.5000 2737.9170   16.4059
   -7.5000  -22.5000   22.5000 2832.2012   15.0583
    0.0000  -22.5000   22.5000 2843.9658   15.0135
    7.5000  -22.5000   22.5000 2821.0610   15.5210
   -7.5000  -15.0000   22.5000 2894.8899   14.5800
    0.0000  -15.0000   22.5000 2904.9580   14.5479
    7.5000  -15.0000   22.5000 2871.2246   15.0342
   -7.5000   -7.5000   22.5000 2931.9058   14.4396
    0.0000   -7.5000   22.5000 2934.6094   14.4164
    7.5000   -7.5000   22.5000 2905.8584   14.8116
   -7.5000    0.0000   22.5000 2927.1367   14.6147
    0.0000    0.0000   22.5000 2937.4307   14.5451
    7.5000    0.0000   22.5000 2907.9045   14.8542
   -7.5000    7.5000   22.5000 2898.7385   14.9981
    0.0000    7.5000   22.5000 2905.4756   14.9271
    7.5000    7.5000   22.5000 2879.7119   15.2149
   -7.5000   15.0000   22.5000 2835.0298   15.6470
    0.0000   15.0000   22.5000 2844.6240   15.5921
    7.5000   15.0000   22.5000 2825.1821   15.8537
   -7.5000   22.5000   22.5000 2759.9048   16.5323
    0.0000   22.5000   22.5000 2768.4758   16.4309
    7.5000   22.5000   22.5000 2748.8677   16.6792
   -7.5000   30.0000   22.5000 2666.0676   17.6522
    0.0000   30.0000   22.5000 2674.0649   17.5292
    7.5000   30.0000   22.5000 2654.0071   17.7960
   -7.5000   37.5000   22.5000 2551.6450   19.1664
    0.0000   37.5000   22.5000 2565.3103   18.9909
    7.5000   37.5000   22.5000 2552.2783   19.2969
   -7.5000   45.0000   22.5000 2423.6030   21.1028
    0.0000   45.0000   22.5000 2435.5474   20.8821
    7.5000   45.0000   22.5000 2420.0842   21.1807
   -7.5000  -45.0000   30.0000 2525.2456   19.7801
    0.0000  -45.0000   30.0000 2536.3042   19.6938
    7.5000  -45.0000   30.0000 2510.8330   20.0958
   -7.5000  -37.5000   30.0000 2633.8857   18.0224
    0.0000  -37.5000   30.0000 2644.3486   17.9437
    7.5000  -37.5000   30.0000 2615.8093   18.3380
   -7.5000  -30.0000   30.0000 2727.8850   16.7312
    0.0000  -30.0000   30.0000 2739.1316   16.6477
    7.5000  -30.0000   30.0000 2710.2908   17.0670
   -7.5000  -22.5000   30.0000 2809.2666   15.8704
    0.0000  -22.5000   30.0000 2821.4448   15.7801
    7.5000  -22.5000   30.0000 2787.7585   16.1929
   -7.5000  -15.0000   30.0000 2857.7434   15.3649
    0.0000  -15.0000   30.0000 2870.3342   15.3104
    7.5000  -15.0000   30.0000 2836.4233   15.6753
   -7.5000   -7.5000   30.0000 2879.3057   15.1775
    0.0000   -7.5000   30.0000 2885.4963   15.1299
    7.5000   -7.5000   30.0000 2859.8582   15.4575
   -7.5000    0.0000   30.0000 2871.0835   15.2785
    0.0000    0.0000   30.0000 2886.3896   15.2357
    7.5000    0.0000   30.0000 2855.0781   15.5126
   -7.5000    7.5000   30.0000 2837.9929   15.6736
    0.0000    7.5000   30.0000 2849.2542   15.6248
    7.5000    7.5000   30.0000 2824.2983   15.8762
   -7.5000   15.0000   30.0000 2780.3083   16.3082
    0.0000   15.0000   30.0000 2791.8135   16.2513
    7.5000   15.0000   30.0000 2769.8784   16.4816
   -7.5000   22.5000   30.0000 2709.0786   17.1675
    0.0000   22.5000   30.0000 2723.4248   17.1117
    7.5000   22.5000   30.0000 2698.4602   17.3174
   -7.5000   30.0000   30.0000 2617.3699   18.2811
    0.0000   30.0000   30.0000 2626.8918   18.2066
    7.5000   30.0000   30.0000 2607.4463   18.4328
   -7.5000   37.5000   30.0000 2509.8909   19.7213
    0.0000   37.5000   30.0000 2526.7749   19.6243
    7.5000   37.5000   30.0000 2503.2690   19.8972
   -7.5000   45.0000   30.0000 2393.3662   21.6211
    0.0000   45.0000   30.0000 2404.3184   21.4541
    7.5000   45.0000   30.0000 2383.2856   21.7469
   -7.5000  -45.0000   37.5000 2494.7881   20.6465
    0.0000  -45.0000   37.5000 2502.2976   20.5106
    7.5000  -45.0000   37.5000 2471.0366   20.8377
   -7.5000  -37.5000   37.5000 2599.0332   18.8854
    0.0000  -37.5000   37.5000 2613.5498   18.7659
    7.5000  -37.5000   37.5000 2576.2366   19.1154
   -7.5000  -30.0000   37.5000 2688.0066   17.6064
    0.0000  -30.0000   37.5000 2701.4761   17.5231
    7.5000  -30.0000   37.5000 2667.9973   17.8410
   -7.5000  -22.5000   37.5000 2758.9329   16.7442
    0.0000  -22.5000   37.5000 2774.0801   16.6689
    7.5000  -22.5000   37.5000 2743.0840   16.9782
   -7.5000  -15.0000   37.5000 2795.6858   16.2018
    0.0000  -15.0000   37.5000 2810.2290   16.1484
    7.5000  -15.0000   37.5000 2789.3428   16.4409
   -7.5000   -7.5000   37.5000 2813.7219   15.9798
    0.0000   -7.5000   37.5000 2825.1367   15.9204
    7.5000   -7.5000   37.5000 2806.9382   16.2037
   -7.5000    0.0000   37.5000 2804.3047   16.0221
    0.0000    0.0000   37.5000 2818.7839   16.0000
    7.5000    0.0000   37.5000 2797.6272   16.2590
   -7.5000    7.5000   37.5000 2771.8025   16.4431
    0.0000    7.5000   37.5000 2780.0178   16.3943
    7.5000    7.5000   37.5000 2761.4358   16.6268
   -7.5000   15.0000   37.5000 2720.8291   17.0862
    0.0000   15.0000   37.5000 2728.1321   17.0411
    7.5000   15.0000   37.5000 2706.8345   17.2541
   -7.5000   22.5000   37.5000 2651.9597   17.9495
    0.0000   22.5000   37.5000 2660.4097   17.9006
    7.5000   22.5000   37.5000 2639.9990   18.0888
   -7.5000   30.0000   37.5000 2563.0010   19.0970
    0.0000   30.0000   37.5000 2573.8191   19.0428
    7.5000   30.0000   37.5000 2555.5994   19.2500
   -7.5000   37.5000   37.5000 2457.1924   20.5697
    0.0000   37.5000   37.5000 2473.7043   20.4702
    7.5000   37.5000   37.5000 2454.6365   20.7216
   -7.5000   45.0000   37.5000 2344.6047   22.4561
    0.0000   45.0000   37.5000 2350.2031   22.3458
    7.5000   45.0000   37.5000 2339.1147   22.6254
   -7.5000  -45.0000   45.0000 2449.8770   21.7083
    0.0000  -45.0000   45.0000 2455.1589   21.5736
    7.5000  -45.0000   45.0000 2416.4111   21.8423
   -7.5000  -37.5000   45.0000 2549.5024   19.9141
    0.0000  -37.5000   45.0000 2564.0117   19.8188
    7.5000  -37.5000   45.0000 2522.0620   20.0625
   -7.5000  -30.0000   45.0000 2631.5154   18.6207
    0.0000  -30.0000   45.0000 2645.1831   18.5396
    7.5000  -30.0000   45.0000 2609.4705   18.7887
   -7.5000  -22.5000   45.0000 2692.6780   17.7515
    0.0000  -22.5000   45.0000 2709.7634   17.6632
    7.5000  -22.5000   45.0000 2677.7302   17.8766
   -7.5000  -15.0000   45.0000 2720.4556   17.1497
    0.0000  -15.0000   45.0000 2740.3792   17.0890
    7.5000  -15.0000   45.0000 2722.7158   17.2791
   -7.5000   -7.5000   45.0000 2737.1755   16.9077
    0.0000   -7.5000   45.0000 2753.4932   16.8291
    7.5000   -7.5000   45.0000 2736.6912   17.0350
   -7.5000    0.0000   45.0000 2729.5015   16.9503
    0.0000    0.0000   45.0000 2740.8135   16.8978
    7.5000    0.0000   45.0000 2722.6287   17.0853
   -7.5000    7.5000   45.0000 2699.1921   17.3900
    0.0000    7.5000   45.0000 2708.4541   17.3437
    7.5000    7.5000   45.0000 2691.3823   17.5294
   -7.5000   15.0000   45.0000 2649.0737   18.0582
    0.0000   15.0000   45.0000 2656.1479   18.0057
    7.5000   15.0000   45.0000 2638.9561   18.1980
   -7.5000   22.5000   45.0000 2579.3213   18.9700
    0.0000   22.5000   45.0000 2590.4895   18.8749
    7.5000   22.5000   45.0000 2572.9517   19.0354
   -7.5000   30.0000   45.0000 2491.7222   20.1175
    0.0000   30.0000   45.0000 2508.3171   20.0741
    7.5000   30.0000   45.0000 2490.4919   20.2197
   -7.5000   37.5000   45.0000 2394.2180   21.6787
    0.0000   37.5000   45.0000 2406.7654   21.5840
    7.5000   37.5000   45.0000 2390.5735   21.7958
   -7.5000   45.0000   45.0000 2283.5916   23.6574
    0.0000   45.0000   45.0000 2289.9082   23.5059
    7.5000   45.0000   45.0000 2275.4077   23.7747

---------------------------------------------------------------------
imgreg_4dfp /opt/freesurfer/average/711-2C_as_mni_average_305 /opt/freesurfer/average/711-2B_as_mni_average_305_mask talsrcimg_g11 none talsrcimg_to_711-2C_as_mni_average_305_t4 1283
---------------------------------------------------------------------

freesurfer imgreg_4dfp.c
/opt/freesurfer/average/711-2C_as_mni_average_305.4dfp.img
       256       256       256         1
  1.000000  1.000000  1.000000
orientation T byte_order littleendian
Reading image: /opt/freesurfer/average/711-2C_as_mni_average_305.4dfp.img
dimensions:      256       256       256
mmppix:       1.0000   -1.0000   -1.0000
center:     128.0000 -129.0000 -129.0000
/opt/freesurfer/average/711-2B_as_mni_average_305_mask.4dfp.img
       256       256       256         1
  1.000000  1.000000  1.000000
orientation T byte_order littleendian
Reading mask: /opt/freesurfer/average/711-2B_as_mni_average_305_mask.4dfp.img (2306576 pixels)
talsrcimg_g11.4dfp.img
       256       256       256         1
  1.000000  1.000000  1.000000
orientation T byte_order littleendian
Reading image: talsrcimg_g11.4dfp.img
dimensions:      256       256       256
mmppix:       1.0000   -1.0000   -1.0000
center:     128.0000 -129.0000 -129.0000
rotation matrix determinant  1.000000
fimgreg.f
image alignment mode   1283 decimal      503 hex
parameters
    0.0000    0.0000    7.5000    0.0000    0.0000    0.0000
eta,q 0.93308 13.55179
niter,ni,del,rscale     5    3   12.0000    1.2000
parameter  3  3.534753 ->  0.500000 qaram    1.1500
parameter  4 -0.714771 -> -0.500000 qaram    1.1500
parameter  6  0.774390 ->  0.500000 qaram    1.1500
parameters
    1.0723    0.3413    4.0500    3.4500    0.3198   -3.4500
eta,q 0.93634 13.56352
  0.0744  0.0732  0.0674  0.0748  0.0678  0.0638
  0.0719  0.0721  0.0668  0.0714  0.0654  0.0636
  0.0701  0.0705  0.0671  0.0689  0.0649  0.0639
  0.0691  0.0691  0.0687  0.0671  0.0648  0.0644
  0.0697  0.0691  0.0687  0.0651  0.0641  0.0654
  0.0702  0.0706  0.0673  0.0649  0.0648  0.0663
  0.0716  0.0732  0.0693  0.0655  0.0674  0.0676
niter,ni,del,rscale     7    3   12.0000    1.2000
parameters
   -1.0442    0.1861    4.6428    4.6192    1.7904   -4.7848
eta,q 0.94032 13.57114
  0.0663  0.0670  0.0695  0.0696  0.0687  0.0620
  0.0607  0.0643  0.0639  0.0659  0.0649  0.0608
  0.0595  0.0610  0.0627  0.0614  0.0611  0.0599
  0.0637  0.0594  0.0594  0.0592  0.0594  0.0598
  0.0665  0.0606  0.0612  0.0600  0.0600  0.0610
  0.0712  0.0641  0.0643  0.0622  0.0615  0.0628
  0.0791  0.0686  0.0659  0.0646  0.0625  0.0640
niter,ni,del,rscale     6    3   12.0000    1.2000
parameters
   -1.7307   -0.9673    5.4101    6.4024    2.7444   -4.8477
eta,q 0.93998 13.49047
  0.0675  0.0633  0.0672  0.0692  0.0683  0.0633
  0.0646  0.0605  0.0621  0.0652  0.0639  0.0618
  0.0594  0.0589  0.0616  0.0608  0.0602  0.0607
  0.0597  0.0589  0.0588  0.0592  0.0596  0.0600
  0.0630  0.0610  0.0609  0.0598  0.0605  0.0606
  0.0663  0.0643  0.0630  0.0612  0.0618  0.0621
  0.0720  0.0677  0.0632  0.0622  0.0634  0.0634
niter,ni,del,rscale     5    3   12.0000    1.2000
parameter  2  0.584072 ->  0.500000 qaram    1.1500
parameter  4 -0.964045 -> -0.500000 qaram    1.3225
parameters
   -2.3655   -4.4173    7.4546   10.3699    2.9074   -5.8548
eta,q 0.94235 13.31406
  0.0674  0.0588  0.0657  0.0687  0.0634  0.0603
  0.0646  0.0583  0.0624  0.0666  0.0602  0.0592
  0.0602  0.0592  0.0603  0.0633  0.0583  0.0581
  0.0600  0.0594  0.0584  0.0602  0.0576  0.0576
  0.0631  0.0604  0.0603  0.0585  0.0578  0.0584
  0.0663  0.0630  0.0607  0.0576  0.0602  0.0604
  0.0711  0.0660  0.0602  0.0582  0.0627  0.0628
niter,ni,del,rscale     6    3   12.0000    1.2000
parameters
   -2.9150   -7.0993    7.8635   12.0375    3.1798   -6.8461
eta,q 0.94437 13.15804
  0.0623  0.0598  0.0612  0.0674  0.0622  0.0588
  0.0597  0.0553  0.0551  0.0631  0.0584  0.0566
  0.0584  0.0566  0.0556  0.0572  0.0564  0.0558
  0.0576  0.0576  0.0564  0.0561  0.0557  0.0557
  0.0600  0.0602  0.0559  0.0559  0.0562  0.0564
  0.0614  0.0628  0.0587  0.0579  0.0587  0.0588
  0.0632  0.0658  0.0574  0.0606  0.0605  0.0610
niter,ni,del,rscale     5    3   12.0000    1.2000
parameters
   -2.4143   -6.9083    8.1418   12.5504    3.3690   -7.4591
eta,q 0.94416 13.17614
  0.0615  0.0668  0.0611  0.0656  0.0615  0.0586
  0.0589  0.0584  0.0555  0.0593  0.0583  0.0568
  0.0571  0.0552  0.0572  0.0565  0.0562  0.0558
  0.0556  0.0558  0.0560  0.0558  0.0558  0.0558
  0.0578  0.0572  0.0564  0.0564  0.0569  0.0559
  0.0586  0.0596  0.0585  0.0590  0.0592  0.0577
  0.0594  0.0636  0.0585  0.0624  0.0597  0.0601
niter,ni,del,rscale     4    3   12.0000    1.2000
parameters
   -2.3737   -7.1610    8.2564   12.7208    3.5392   -7.4556
eta,q 0.94431 13.16410
  0.0604  0.0649  0.0610  0.0649  0.0615  0.0592
  0.0590  0.0577  0.0558  0.0587  0.0582  0.0572
  0.0570  0.0553  0.0574  0.0561  0.0561  0.0559
  0.0558  0.0559  0.0557  0.0557  0.0557  0.0557
  0.0583  0.0573  0.0569  0.0569  0.0572  0.0557
  0.0578  0.0601  0.0586  0.0597  0.0592  0.0570
  0.0606  0.0647  0.0589  0.0629  0.0596  0.0594
niter,ni,del,rscale     3    3   12.0000    1.2000
parameters
   -2.2936   -7.2337    8.2908   12.7758    3.6255   -7.4507
eta,q 0.94425 13.16295
  0.0607  0.0655  0.0608  0.0648  0.0613  0.0591
  0.0593  0.0580  0.0559  0.0585  0.0580  0.0573
  0.0567  0.0555  0.0576  0.0561  0.0559  0.0560
  0.0557  0.0558  0.0557  0.0557  0.0557  0.0558
  0.0583  0.0570  0.0572  0.0571  0.0575  0.0557
  0.0576  0.0597  0.0584  0.0600  0.0592  0.0570
  0.0609  0.0645  0.0591  0.0631  0.0595  0.0594
niter,ni,del,rscale     2    3   12.0000    1.2000
parameters
   -2.2886   -7.2593    8.3193   12.7906    3.6595   -7.4460
eta,q 0.94425 13.16210
  0.0608  0.0657  0.0607  0.0648  0.0611  0.0591
  0.0592  0.0581  0.0560  0.0585  0.0579  0.0573
  0.0565  0.0556  0.0576  0.0561  0.0558  0.0560
  0.0558  0.0558  0.0557  0.0557  0.0557  0.0558
  0.0583  0.0570  0.0573  0.0572  0.0576  0.0557
  0.0575  0.0596  0.0583  0.0602  0.0592  0.0570
  0.0613  0.0644  0.0592  0.0632  0.0595  0.0594
registration optimization eta report
parameter search radius
    6.0000    6.9000    6.9000    7.9350    6.0000    6.9000
100000*second partial in parameter space
       13.       20.        7.       13.       12.        8.
  0.0608  0.0657  0.0607  0.0648  0.0611  0.0591
  0.0592  0.0581  0.0560  0.0585  0.0579  0.0573
  0.0565  0.0556  0.0576  0.0561  0.0558  0.0560
  0.0558  0.0558  0.0557  0.0557  0.0557  0.0558
  0.0583  0.0570  0.0573  0.0572  0.0576  0.0557
  0.0575  0.0596  0.0583  0.0602  0.0592  0.0570
  0.0613  0.0644  0.0592  0.0632  0.0595  0.0594
   -2.2886   -7.2593    8.3193   12.7906    3.6595   -7.4460
eta,q 0.94425 13.16210

---------------------------------------------------------------------
imgreg_4dfp /opt/freesurfer/average/711-2C_as_mni_average_305 /opt/freesurfer/average/711-2B_as_mni_average_305_mask talsrcimg_g11 none talsrcimg_to_711-2C_as_mni_average_305_t4 3335
---------------------------------------------------------------------

freesurfer imgreg_4dfp.c
/opt/freesurfer/average/711-2C_as_mni_average_305.4dfp.img
       256       256       256         1
  1.000000  1.000000  1.000000
orientation T byte_order littleendian
Reading image: /opt/freesurfer/average/711-2C_as_mni_average_305.4dfp.img
dimensions:      256       256       256
mmppix:       1.0000   -1.0000   -1.0000
center:     128.0000 -129.0000 -129.0000
/opt/freesurfer/average/711-2B_as_mni_average_305_mask.4dfp.img
       256       256       256         1
  1.000000  1.000000  1.000000
orientation T byte_order littleendian
Reading mask: /opt/freesurfer/average/711-2B_as_mni_average_305_mask.4dfp.img (2306576 pixels)
talsrcimg_g11.4dfp.img
       256       256       256         1
  1.000000  1.000000  1.000000
orientation T byte_order littleendian
Reading image: talsrcimg_g11.4dfp.img
dimensions:      256       256       256
mmppix:       1.0000   -1.0000   -1.0000
center:     128.0000 -129.0000 -129.0000
fimgreg.f
image alignment mode   3335 decimal      D07 hex
parameters
   -2.2886   -7.2593    8.3193   -1.0454   -3.1206   -2.6803
   11.2364   -9.0408  -12.9327  -21.1455    6.3827   22.0937
eta,q 0.94694 13.25344
niter,ni,del,rscale     5    3    5.0000    1.2000
parameter  3 -0.708032 -> -0.500000 qaram    1.1500
parameter  4 -6.182038 ->  0.500000 qaram    1.1500
parameter  5  2.408490 ->  0.500000 qaram    1.1500
parameter  6 -4.997892 ->  0.500000 qaram    1.1500
parameter  7  0.989216 ->  0.500000 qaram    1.1500
parameter 11  0.622842 ->  0.500000 qaram    1.1500
parameter 12  1.351845 ->  0.500000 qaram    1.1500
parameters
   -3.3559   -7.0524    9.6993   -5.1854   -7.2606   -6.8203
    7.0964   -7.4833  -10.4745  -21.7563    2.2427   17.9537
eta,q 0.96746 12.76236
  0.0532  0.0551  0.0533  0.0442  0.0420  0.0327  0.0354  0.0398  0.0387  0.0390  0.0348  0.0320
  0.0529  0.0539  0.0531  0.0470  0.0436  0.0355  0.0355  0.0378  0.0372  0.0366  0.0345  0.0324
  0.0528  0.0531  0.0529  0.0503  0.0456  0.0399  0.0359  0.0363  0.0361  0.0352  0.0346  0.0332
  0.0531  0.0528  0.0528  0.0527  0.0479  0.0441  0.0366  0.0356  0.0354  0.0352  0.0351  0.0345
  0.0536  0.0530  0.0527  0.0549  0.0507  0.0478  0.0376  0.0354  0.0352  0.0363  0.0359  0.0361
  0.0543  0.0535  0.0527  0.0575  0.0540  0.0503  0.0389  0.0360  0.0354  0.0379  0.0370  0.0381
  0.0553  0.0543  0.0527  0.0599  0.0571  0.0533  0.0403  0.0373  0.0361  0.0401  0.0384  0.0401
niter,ni,del,rscale     7    3    5.0000    1.2000
parameter  4  1.609872 ->  0.500000 qaram    1.3225
parameter  5  0.707503 ->  0.500000 qaram    1.3225
parameter  6  0.563545 ->  0.500000 qaram    1.3225
parameters
   -3.5960   -7.3787    8.8890   -9.9464  -12.0216  -11.5813
    9.2389   -5.5234   -9.9211  -21.4762    4.7224   17.4653
eta,q 0.97734 12.69787
  0.0349  0.0344  0.0339  0.0260  0.0260  0.0252  0.0299  0.0311  0.0254  0.0266  0.0274  0.0245
  0.0335  0.0332  0.0324  0.0270  0.0254  0.0241  0.0273  0.0283  0.0242  0.0246  0.0254  0.0236
  0.0327  0.0326  0.0320  0.0289  0.0258  0.0238  0.0252  0.0255  0.0233  0.0234  0.0238  0.0229
  0.0325  0.0325  0.0325  0.0320  0.0274  0.0254  0.0239  0.0235  0.0230  0.0230  0.0230  0.0226
  0.0331  0.0330  0.0337  0.0361  0.0300  0.0297  0.0235  0.0230  0.0231  0.0232  0.0226  0.0229
  0.0343  0.0342  0.0352  0.0399  0.0331  0.0355  0.0243  0.0239  0.0237  0.0242  0.0230  0.0237
  0.0360  0.0358  0.0369  0.0440  0.0368  0.0403  0.0260  0.0263  0.0248  0.0260  0.0241  0.0253
niter,ni,del,rscale     7    3    5.0000    1.2000
parameters
   -3.5472   -7.5317    8.4159  -11.6531  -10.5056  -12.4971
    8.9122   -5.8550  -10.6838  -21.3188    5.7442   18.1064
eta,q 0.97739 12.69887
  0.0269  0.0250  0.0243  0.0271  0.0286  0.0278  0.0265  0.0280  0.0245  0.0263  0.0257  0.0248
  0.0246  0.0236  0.0232  0.0249  0.0260  0.0258  0.0245  0.0250  0.0234  0.0243  0.0242  0.0238
  0.0231  0.0228  0.0226  0.0230  0.0238  0.0241  0.0232  0.0231  0.0228  0.0232  0.0232  0.0231
  0.0227  0.0227  0.0226  0.0226  0.0225  0.0222  0.0228  0.0228  0.0227  0.0227  0.0227  0.0227
  0.0231  0.0231  0.0232  0.0243  0.0224  0.0212  0.0234  0.0236  0.0232  0.0230  0.0228  0.0226
  0.0245  0.0241  0.0244  0.0280  0.0237  0.0258  0.0249  0.0257  0.0241  0.0242  0.0234  0.0232
  0.0265  0.0256  0.0261  0.0324  0.0259  0.0343  0.0272  0.0289  0.0254  0.0260  0.0245  0.0244
niter,ni,del,rscale     6    3    5.0000    1.2000
parameters
   -3.4594   -7.4569    8.0616  -12.2421  -10.1476  -12.8785
    8.9287   -5.9652  -11.0766  -21.3187    6.1143   18.1435
eta,q 0.97713 12.68207
  0.0268  0.0256  0.0244  0.0281  0.0279  0.0283  0.0269  0.0283  0.0248  0.0263  0.0254  0.0247
  0.0247  0.0239  0.0232  0.0259  0.0254  0.0263  0.0248  0.0253  0.0237  0.0244  0.0241  0.0239
  0.0232  0.0229  0.0226  0.0239  0.0235  0.0245  0.0234  0.0234  0.0231  0.0233  0.0232  0.0232
  0.0226  0.0226  0.0226  0.0226  0.0227  0.0227  0.0229  0.0229  0.0229  0.0229  0.0229  0.0229
  0.0230  0.0229  0.0231  0.0235  0.0231  0.0213  0.0233  0.0236  0.0232  0.0232  0.0231  0.0230
  0.0242  0.0238  0.0241  0.0262  0.0248  0.0245  0.0247  0.0255  0.0240  0.0245  0.0238  0.0236
  0.0263  0.0252  0.0255  0.0306  0.0273  0.0327  0.0269  0.0286  0.0253  0.0263  0.0250  0.0249
niter,ni,del,rscale     5    3    5.0000    1.2000
parameters
   -3.4107   -7.3890    7.9483  -12.3996  -10.0307  -12.9604
    8.9806   -5.9912  -11.2425  -21.2777    6.2331   18.0812
eta,q 0.97705 12.67635
  0.0269  0.0259  0.0249  0.0286  0.0278  0.0286  0.0270  0.0285  0.0250  0.0264  0.0253  0.0247
  0.0248  0.0242  0.0237  0.0264  0.0254  0.0265  0.0249  0.0254  0.0239  0.0245  0.0240  0.0239
  0.0234  0.0232  0.0230  0.0244  0.0236  0.0248  0.0235  0.0235  0.0232  0.0234  0.0232  0.0233
  0.0229  0.0229  0.0229  0.0229  0.0229  0.0229  0.0230  0.0230  0.0230  0.0229  0.0230  0.0229
  0.0232  0.0232  0.0232  0.0234  0.0234  0.0214  0.0234  0.0236  0.0232  0.0233  0.0232  0.0231
  0.0245  0.0241  0.0240  0.0258  0.0251  0.0239  0.0248  0.0255  0.0240  0.0245  0.0239  0.0237
  0.0266  0.0254  0.0252  0.0300  0.0277  0.0319  0.0269  0.0286  0.0253  0.0263  0.0252  0.0250
niter,ni,del,rscale     4    3    5.0000    1.2000
parameters
   -3.3958   -7.3584    7.9135  -12.4453   -9.9875  -12.9722
    9.0080   -5.9974  -11.3047  -21.2462    6.2712   18.0357
eta,q 0.97703 12.67482
  0.0268  0.0258  0.0250  0.0287  0.0278  0.0287  0.0270  0.0286  0.0251  0.0265  0.0253  0.0248
  0.0248  0.0242  0.0239  0.0266  0.0254  0.0266  0.0249  0.0255  0.0239  0.0245  0.0240  0.0239
  0.0235  0.0232  0.0232  0.0245  0.0237  0.0248  0.0235  0.0235  0.0232  0.0234  0.0232  0.0233
  0.0229  0.0230  0.0230  0.0230  0.0230  0.0230  0.0230  0.0230  0.0230  0.0230  0.0230  0.0230
  0.0233  0.0233  0.0232  0.0234  0.0235  0.0214  0.0234  0.0236  0.0232  0.0233  0.0232  0.0231
  0.0247  0.0242  0.0240  0.0257  0.0252  0.0238  0.0248  0.0255  0.0240  0.0245  0.0240  0.0237
  0.0268  0.0256  0.0251  0.0299  0.0278  0.0318  0.0270  0.0285  0.0252  0.0264  0.0253  0.0250
niter,ni,del,rscale     3    3    5.0000    1.2000
parameters
   -3.3906   -7.3464    7.9028  -12.4570   -9.9746  -12.9717
    9.0240   -5.9996  -11.3193  -21.2331    6.2820   18.0161
eta,q 0.97702 12.67440
  0.0268  0.0258  0.0251  0.0288  0.0278  0.0287  0.0270  0.0286  0.0251  0.0264  0.0253  0.0248
  0.0248  0.0242  0.0239  0.0266  0.0254  0.0266  0.0248  0.0255  0.0240  0.0245  0.0240  0.0239
  0.0235  0.0232  0.0232  0.0246  0.0237  0.0248  0.0235  0.0235  0.0232  0.0234  0.0232  0.0233
  0.0230  0.0230  0.0230  0.0230  0.0230  0.0230  0.0230  0.0230  0.0230  0.0230  0.0230  0.0230
  0.0234  0.0234  0.0232  0.0234  0.0235  0.0214  0.0234  0.0236  0.0232  0.0233  0.0232  0.0231
  0.0247  0.0243  0.0240  0.0257  0.0253  0.0238  0.0248  0.0255  0.0240  0.0246  0.0240  0.0237
  0.0268  0.0256  0.0251  0.0298  0.0279  0.0317  0.0270  0.0285  0.0252  0.0264  0.0253  0.0250
registration optimization eta report
parameter search radius
    2.4000    2.4000    2.7600    9.5220    9.5220    9.5220
    8.2800    7.2000    7.2000    7.2000    8.2800    8.2800
100000*second partial in parameter space
       66.       48.       28.        7.        5.        8.
        6.       11.        4.        7.        3.        3.
  0.0268  0.0258  0.0251  0.0288  0.0278  0.0287  0.0270  0.0286  0.0251  0.0264  0.0253  0.0248
  0.0248  0.0242  0.0239  0.0266  0.0254  0.0266  0.0248  0.0255  0.0240  0.0245  0.0240  0.0239
  0.0235  0.0232  0.0232  0.0246  0.0237  0.0248  0.0235  0.0235  0.0232  0.0234  0.0232  0.0233
  0.0230  0.0230  0.0230  0.0230  0.0230  0.0230  0.0230  0.0230  0.0230  0.0230  0.0230  0.0230
  0.0234  0.0234  0.0232  0.0234  0.0235  0.0214  0.0234  0.0236  0.0232  0.0233  0.0232  0.0231
  0.0247  0.0243  0.0240  0.0257  0.0253  0.0238  0.0248  0.0255  0.0240  0.0246  0.0240  0.0237
  0.0268  0.0256  0.0251  0.0298  0.0279  0.0317  0.0270  0.0285  0.0252  0.0264  0.0253  0.0250
   -3.3906   -7.3464    7.9028  -12.4570   -9.9746  -12.9717
    9.0240   -5.9996  -11.3193  -21.2331    6.2820   18.0161
eta,q 0.97702 12.67440

---------------------------------------------------------------------
imgreg_4dfp /opt/freesurfer/average/711-2C_as_mni_average_305 /opt/freesurfer/average/711-2B_as_mni_average_305_mask talsrcimg_g11 none talsrcimg_to_711-2C_as_mni_average_305_t4 2311
---------------------------------------------------------------------

freesurfer imgreg_4dfp.c
/opt/freesurfer/average/711-2C_as_mni_average_305.4dfp.img
       256       256       256         1
  1.000000  1.000000  1.000000
orientation T byte_order littleendian
Reading image: /opt/freesurfer/average/711-2C_as_mni_average_305.4dfp.img
dimensions:      256       256       256
mmppix:       1.0000   -1.0000   -1.0000
center:     128.0000 -129.0000 -129.0000
/opt/freesurfer/average/711-2B_as_mni_average_305_mask.4dfp.img
       256       256       256         1
  1.000000  1.000000  1.000000
orientation T byte_order littleendian
Reading mask: /opt/freesurfer/average/711-2B_as_mni_average_305_mask.4dfp.img (2306576 pixels)
talsrcimg_g11.4dfp.img
       256       256       256         1
  1.000000  1.000000  1.000000
orientation T byte_order littleendian
Reading image: talsrcimg_g11.4dfp.img
dimensions:      256       256       256
mmppix:       1.0000   -1.0000   -1.0000
center:     128.0000 -129.0000 -129.0000
fimgreg.f
image alignment mode   2311 decimal      907 hex
parameters
   -3.3906   -7.3464    7.9028  -12.4570   -9.9746  -12.9717
    9.0240   -5.9996  -11.3193  -21.2331    6.2820   18.0161
eta,q 0.97702 12.67441
niter,ni,del,rscale     5    3    5.0000    0.8000
parameter  6 -1.036571 -> -0.500000 qaram    1.1500
parameters
   -3.3669   -7.3956    7.8999  -11.5415  -10.1052  -10.2117
    8.9612   -5.9314  -11.0440  -21.7271    6.0607   16.8907
eta,q 0.97852 12.70696
  0.0248  0.0242  0.0237  0.0256  0.0242  0.0255  0.0233  0.0257  0.0228  0.0232  0.0228  0.0221
  0.0238  0.0235  0.0233  0.0246  0.0234  0.0247  0.0223  0.0236  0.0221  0.0222  0.0221  0.0217
  0.0232  0.0231  0.0231  0.0237  0.0230  0.0238  0.0217  0.0221  0.0217  0.0216  0.0216  0.0215
  0.0230  0.0230  0.0230  0.0230  0.0228  0.0228  0.0215  0.0215  0.0215  0.0215  0.0215  0.0215
  0.0231  0.0232  0.0231  0.0228  0.0230  0.0219  0.0218  0.0220  0.0216  0.0219  0.0217  0.0218
  0.0237  0.0236  0.0233  0.0234  0.0235  0.0215  0.0224  0.0234  0.0219  0.0228  0.0222  0.0224
  0.0247  0.0243  0.0237  0.0243  0.0243  0.0220  0.0234  0.0255  0.0225  0.0241  0.0231  0.0233
niter,ni,del,rscale     5    3    5.0000    0.8000
parameters
   -3.4932   -7.3822    8.1297  -11.8303  -10.3777  -10.5795
    9.0409   -5.9926  -11.0944  -21.3666    6.1416   17.2806
eta,q 0.97842 12.70797
  0.0233  0.0229  0.0229  0.0238  0.0229  0.0246  0.0233  0.0251  0.0227  0.0238  0.0227  0.0226
  0.0222  0.0221  0.0222  0.0227  0.0221  0.0236  0.0224  0.0232  0.0221  0.0226  0.0221  0.0222
  0.0216  0.0216  0.0217  0.0218  0.0216  0.0224  0.0218  0.0220  0.0217  0.0219  0.0218  0.0218
  0.0215  0.0215  0.0215  0.0214  0.0214  0.0214  0.0216  0.0216  0.0216  0.0216  0.0216  0.0216
  0.0218  0.0216  0.0215  0.0219  0.0217  0.0211  0.0218  0.0221  0.0218  0.0217  0.0217  0.0216
  0.0227  0.0221  0.0218  0.0230  0.0223  0.0230  0.0223  0.0234  0.0221  0.0223  0.0220  0.0219
  0.0240  0.0228  0.0223  0.0245  0.0233  0.0274  0.0232  0.0253  0.0227  0.0232  0.0227  0.0224
niter,ni,del,rscale     4    3    5.0000    0.7000
parameters
   -3.4887   -7.4250    8.0812  -11.7369  -10.3847  -10.4413
    9.0232   -6.0017  -11.0892  -21.5037    6.1384   17.2680
eta,q 0.97849 12.70860
  0.0232  0.0226  0.0223  0.0237  0.0228  0.0244  0.0228  0.0244  0.0223  0.0229  0.0224  0.0223
  0.0223  0.0220  0.0219  0.0228  0.0222  0.0234  0.0221  0.0229  0.0219  0.0221  0.0219  0.0219
  0.0218  0.0217  0.0216  0.0220  0.0217  0.0224  0.0217  0.0219  0.0216  0.0217  0.0216  0.0216
  0.0216  0.0216  0.0216  0.0216  0.0216  0.0216  0.0215  0.0215  0.0215  0.0215  0.0215  0.0215
  0.0217  0.0217  0.0217  0.0218  0.0217  0.0212  0.0217  0.0219  0.0216  0.0217  0.0216  0.0216
  0.0223  0.0221  0.0220  0.0226  0.0221  0.0221  0.0221  0.0229  0.0219  0.0222  0.0219  0.0218
  0.0232  0.0227  0.0224  0.0236  0.0228  0.0251  0.0228  0.0245  0.0223  0.0231  0.0225  0.0223
niter,ni,del,rscale     3    3    5.0000    0.6000
parameters
   -3.4951   -7.4310    8.1069  -11.7255  -10.3930  -10.0520
    9.0067   -6.0301  -11.0407  -21.5966    6.0925   17.0782
eta,q 0.97864 12.70980
  0.0227  0.0223  0.0221  0.0232  0.0224  0.0239  0.0223  0.0237  0.0220  0.0224  0.0221  0.0219
  0.0221  0.0218  0.0218  0.0224  0.0219  0.0231  0.0218  0.0224  0.0216  0.0218  0.0217  0.0216
  0.0216  0.0216  0.0216  0.0218  0.0216  0.0222  0.0215  0.0216  0.0214  0.0215  0.0215  0.0214
  0.0215  0.0215  0.0215  0.0215  0.0215  0.0215  0.0214  0.0214  0.0214  0.0214  0.0214  0.0214
  0.0216  0.0216  0.0216  0.0217  0.0216  0.0211  0.0215  0.0216  0.0214  0.0215  0.0214  0.0214
  0.0221  0.0219  0.0218  0.0223  0.0219  0.0217  0.0218  0.0225  0.0216  0.0219  0.0217  0.0217
  0.0227  0.0223  0.0221  0.0232  0.0225  0.0238  0.0224  0.0237  0.0220  0.0226  0.0221  0.0221
niter,ni,del,rscale     2    3    5.0000    0.5000
parameters
   -3.5095   -7.4404    8.1460  -11.7669  -10.4287   -9.6474
    9.0220   -6.0621  -10.9995  -21.6489    6.0388   16.8671
eta,q 0.97878 12.70966
  0.0222  0.0219  0.0218  0.0226  0.0220  0.0233  0.0219  0.0230  0.0217  0.0220  0.0217  0.0216
  0.0217  0.0216  0.0216  0.0220  0.0217  0.0226  0.0215  0.0220  0.0214  0.0216  0.0215  0.0214
  0.0215  0.0214  0.0214  0.0215  0.0214  0.0219  0.0213  0.0214  0.0213  0.0213  0.0213  0.0213
  0.0214  0.0214  0.0214  0.0214  0.0214  0.0214  0.0212  0.0212  0.0212  0.0212  0.0212  0.0212
  0.0215  0.0214  0.0214  0.0215  0.0214  0.0211  0.0213  0.0214  0.0213  0.0213  0.0213  0.0213
  0.0218  0.0216  0.0215  0.0220  0.0217  0.0215  0.0215  0.0221  0.0214  0.0216  0.0215  0.0215
  0.0223  0.0219  0.0218  0.0227  0.0220  0.0230  0.0219  0.0230  0.0217  0.0221  0.0218  0.0218
niter,ni,del,rscale     1    3    5.0000    0.4000
parameters
   -3.5230   -7.4444    8.1836  -11.8236  -10.4684   -9.2793
    9.0410   -6.0878  -10.9523  -21.6791    5.9664   16.6532
eta,q 0.97888 12.70821
  0.0218  0.0216  0.0216  0.0221  0.0216  0.0227  0.0216  0.0223  0.0214  0.0217  0.0215  0.0214
  0.0215  0.0214  0.0214  0.0216  0.0214  0.0221  0.0213  0.0217  0.0213  0.0214  0.0213  0.0212
  0.0213  0.0213  0.0213  0.0213  0.0213  0.0216  0.0212  0.0213  0.0212  0.0212  0.0212  0.0211
  0.0212  0.0212  0.0212  0.0212  0.0212  0.0212  0.0211  0.0211  0.0211  0.0211  0.0211  0.0211
  0.0213  0.0213  0.0213  0.0213  0.0213  0.0211  0.0212  0.0213  0.0211  0.0212  0.0212  0.0212
  0.0215  0.0214  0.0213  0.0217  0.0214  0.0213  0.0213  0.0217  0.0212  0.0214  0.0213  0.0213
  0.0218  0.0216  0.0215  0.0222  0.0217  0.0223  0.0216  0.0224  0.0214  0.0217  0.0215  0.0215
registration optimization eta report
parameter search radius
    0.8000    0.8000    0.8000    2.4000    2.4000    2.7600
    2.4000    2.4000    2.4000    2.4000    2.4000    2.4000
100000*second partial in parameter space
       89.       55.       48.       15.        7.       17.
        8.       21.        5.       10.        6.        5.
  0.0218  0.0216  0.0216  0.0221  0.0216  0.0227  0.0216  0.0223  0.0214  0.0217  0.0215  0.0214
  0.0215  0.0214  0.0214  0.0216  0.0214  0.0221  0.0213  0.0217  0.0213  0.0214  0.0213  0.0212
  0.0213  0.0213  0.0213  0.0213  0.0213  0.0216  0.0212  0.0213  0.0212  0.0212  0.0212  0.0211
  0.0212  0.0212  0.0212  0.0212  0.0212  0.0212  0.0211  0.0211  0.0211  0.0211  0.0211  0.0211
  0.0213  0.0213  0.0213  0.0213  0.0213  0.0211  0.0212  0.0213  0.0211  0.0212  0.0212  0.0212
  0.0215  0.0214  0.0213  0.0217  0.0214  0.0213  0.0213  0.0217  0.0212  0.0214  0.0213  0.0213
  0.0218  0.0216  0.0215  0.0222  0.0217  0.0223  0.0216  0.0224  0.0214  0.0217  0.0215  0.0215
   -3.5230   -7.4444    8.1836  -11.8236  -10.4684   -9.2793
    9.0410   -6.0878  -10.9523  -21.6791    5.9664   16.6532
eta,q 0.97888 12.70821

---------------------------------------------------------------------
imgreg_4dfp /opt/freesurfer/average/711-2C_as_mni_average_305 /opt/freesurfer/average/711-2B_as_mni_average_305_mask talsrcimg_g11 none talsrcimg_to_711-2C_as_mni_average_305_t4 2311
---------------------------------------------------------------------

freesurfer imgreg_4dfp.c
/opt/freesurfer/average/711-2C_as_mni_average_305.4dfp.img
       256       256       256         1
  1.000000  1.000000  1.000000
orientation T byte_order littleendian
Reading image: /opt/freesurfer/average/711-2C_as_mni_average_305.4dfp.img
dimensions:      256       256       256
mmppix:       1.0000   -1.0000   -1.0000
center:     128.0000 -129.0000 -129.0000
/opt/freesurfer/average/711-2B_as_mni_average_305_mask.4dfp.img
       256       256       256         1
  1.000000  1.000000  1.000000
orientation T byte_order littleendian
Reading mask: /opt/freesurfer/average/711-2B_as_mni_average_305_mask.4dfp.img (2306576 pixels)
talsrcimg_g11.4dfp.img
       256       256       256         1
  1.000000  1.000000  1.000000
orientation T byte_order littleendian
Reading image: talsrcimg_g11.4dfp.img
dimensions:      256       256       256
mmppix:       1.0000   -1.0000   -1.0000
center:     128.0000 -129.0000 -129.0000
fimgreg.f
image alignment mode   2311 decimal      907 hex
parameters
   -3.5230   -7.4444    8.1836  -11.8236  -10.4684   -9.2793
    9.0410   -6.0878  -10.9523  -21.6791    5.9664   16.6532
eta,q 0.97888 12.70821
niter,ni,del,rscale     5    3    5.0000    0.8000
parameters
   -3.5487   -7.4191    8.2379  -12.0462  -10.6035   -9.9275
    9.0985   -6.0574  -11.1006  -21.4628    6.0064   16.9828
eta,q 0.97865 12.70705
  0.0233  0.0226  0.0226  0.0236  0.0227  0.0238  0.0231  0.0252  0.0224  0.0236  0.0225  0.0225
  0.0221  0.0218  0.0218  0.0225  0.0219  0.0228  0.0222  0.0232  0.0218  0.0223  0.0219  0.0220
  0.0214  0.0213  0.0213  0.0215  0.0213  0.0219  0.0216  0.0218  0.0215  0.0217  0.0215  0.0216
  0.0211  0.0211  0.0211  0.0211  0.0211  0.0211  0.0214  0.0214  0.0214  0.0214  0.0214  0.0214
  0.0214  0.0213  0.0213  0.0216  0.0213  0.0213  0.0215  0.0218  0.0215  0.0215  0.0215  0.0214
  0.0222  0.0217  0.0217  0.0227  0.0219  0.0234  0.0221  0.0231  0.0219  0.0221  0.0218  0.0217
  0.0235  0.0225  0.0224  0.0242  0.0229  0.0273  0.0230  0.0251  0.0225  0.0232  0.0226  0.0223
niter,ni,del,rscale     4    3    5.0000    0.7000
parameters
   -3.5153   -7.4399    8.1283  -11.8663  -10.4874   -9.9801
    9.0918   -6.0240  -11.0623  -21.5495    6.0337   17.0038
eta,q 0.97866 12.70797
  0.0230  0.0224  0.0221  0.0236  0.0227  0.0237  0.0227  0.0245  0.0222  0.0228  0.0223  0.0221
  0.0222  0.0218  0.0216  0.0226  0.0220  0.0228  0.0219  0.0228  0.0217  0.0220  0.0218  0.0218
  0.0216  0.0214  0.0214  0.0218  0.0215  0.0220  0.0215  0.0217  0.0214  0.0215  0.0215  0.0215
  0.0214  0.0213  0.0213  0.0213  0.0213  0.0213  0.0213  0.0213  0.0213  0.0213  0.0213  0.0213
  0.0215  0.0215  0.0215  0.0215  0.0214  0.0211  0.0215  0.0217  0.0214  0.0215  0.0214  0.0214
  0.0220  0.0219  0.0218  0.0223  0.0218  0.0221  0.0219  0.0227  0.0217  0.0221  0.0217  0.0217
  0.0229  0.0224  0.0224  0.0233  0.0226  0.0247  0.0227  0.0244  0.0222  0.0230  0.0223  0.0222
niter,ni,del,rscale     3    3    5.0000    0.6000
parameters
   -3.5061   -7.4340    8.1370  -11.8148  -10.4538   -9.7054
    9.0505   -6.0363  -11.0116  -21.6139    6.0075   16.8475
eta,q 0.97876 12.70854
  0.0226  0.0221  0.0220  0.0231  0.0223  0.0233  0.0222  0.0237  0.0219  0.0224  0.0220  0.0218
  0.0219  0.0217  0.0216  0.0223  0.0218  0.0226  0.0217  0.0224  0.0215  0.0217  0.0216  0.0215
  0.0215  0.0214  0.0214  0.0216  0.0215  0.0219  0.0213  0.0215  0.0213  0.0214  0.0213  0.0213
  0.0213  0.0213  0.0213  0.0213  0.0213  0.0213  0.0212  0.0212  0.0212  0.0212  0.0212  0.0212
  0.0215  0.0214  0.0214  0.0215  0.0214  0.0211  0.0214  0.0215  0.0213  0.0214  0.0213  0.0213
  0.0219  0.0217  0.0216  0.0221  0.0217  0.0216  0.0217  0.0224  0.0215  0.0218  0.0216  0.0215
  0.0226  0.0221  0.0220  0.0230  0.0223  0.0233  0.0223  0.0237  0.0219  0.0225  0.0220  0.0220
niter,ni,del,rscale     2    3    5.0000    0.5000
parameters
   -3.5166   -7.4365    8.1694  -11.8381  -10.4681   -9.3769
    9.0518   -6.0610  -10.9744  -21.6511    5.9664   16.6619
eta,q 0.97885 12.70799
  0.0221  0.0218  0.0218  0.0225  0.0219  0.0228  0.0219  0.0229  0.0216  0.0220  0.0217  0.0215
  0.0216  0.0215  0.0215  0.0219  0.0216  0.0222  0.0215  0.0220  0.0214  0.0215  0.0214  0.0213
  0.0213  0.0213  0.0213  0.0214  0.0213  0.0217  0.0212  0.0213  0.0212  0.0212  0.0212  0.0212
  0.0212  0.0212  0.0212  0.0212  0.0212  0.0212  0.0211  0.0211  0.0211  0.0211  0.0211  0.0211
  0.0213  0.0213  0.0213  0.0214  0.0213  0.0211  0.0212  0.0214  0.0212  0.0212  0.0212  0.0212
  0.0216  0.0215  0.0214  0.0219  0.0215  0.0214  0.0215  0.0220  0.0213  0.0215  0.0214  0.0214
  0.0221  0.0218  0.0217  0.0226  0.0219  0.0226  0.0219  0.0230  0.0216  0.0220  0.0217  0.0217
niter,ni,del,rscale     1    3    5.0000    0.4000
parameters
   -3.5272   -7.4402    8.2012  -11.8838  -10.4870   -9.0754
    9.0682   -6.0857  -10.9413  -21.6732    5.9131   16.4822
eta,q 0.97892 12.70650
  0.0217  0.0215  0.0215  0.0220  0.0216  0.0223  0.0216  0.0223  0.0214  0.0216  0.0214  0.0213
  0.0214  0.0213  0.0213  0.0216  0.0213  0.0219  0.0213  0.0216  0.0212  0.0213  0.0212  0.0212
  0.0212  0.0212  0.0212  0.0213  0.0212  0.0215  0.0211  0.0212  0.0211  0.0211  0.0211  0.0211
  0.0211  0.0211  0.0211  0.0211  0.0211  0.0211  0.0211  0.0211  0.0211  0.0211  0.0211  0.0211
  0.0212  0.0212  0.0212  0.0213  0.0212  0.0210  0.0211  0.0212  0.0211  0.0211  0.0211  0.0211
  0.0214  0.0213  0.0213  0.0216  0.0213  0.0213  0.0213  0.0217  0.0212  0.0213  0.0213  0.0212
  0.0217  0.0215  0.0214  0.0221  0.0216  0.0220  0.0215  0.0223  0.0214  0.0216  0.0215  0.0215
registration optimization eta report
parameter search radius
    0.8000    0.8000    0.8000    2.4000    2.4000    2.4000
    2.4000    2.4000    2.4000    2.4000    2.4000    2.4000
100000*second partial in parameter space
       90.       56.       51.       15.        8.       18.
        8.       22.        5.       10.        7.        6.
  0.0217  0.0215  0.0215  0.0220  0.0216  0.0223  0.0216  0.0223  0.0214  0.0216  0.0214  0.0213
  0.0214  0.0213  0.0213  0.0216  0.0213  0.0219  0.0213  0.0216  0.0212  0.0213  0.0212  0.0212
  0.0212  0.0212  0.0212  0.0213  0.0212  0.0215  0.0211  0.0212  0.0211  0.0211  0.0211  0.0211
  0.0211  0.0211  0.0211  0.0211  0.0211  0.0211  0.0211  0.0211  0.0211  0.0211  0.0211  0.0211
  0.0212  0.0212  0.0212  0.0213  0.0212  0.0210  0.0211  0.0212  0.0211  0.0211  0.0211  0.0211
  0.0214  0.0213  0.0213  0.0216  0.0213  0.0213  0.0213  0.0217  0.0212  0.0213  0.0213  0.0212
  0.0217  0.0215  0.0214  0.0221  0.0216  0.0220  0.0215  0.0223  0.0214  0.0216  0.0215  0.0215
   -3.5272   -7.4402    8.2012  -11.8838  -10.4870   -9.0754
    9.0682   -6.0857  -10.9413  -21.6732    5.9131   16.4822
eta,q 0.97892 12.70650

---------------------------------------------------------------------
compute_vox2vox talsrcimg talsrcimg_to_711-2C_as_mni_average_305_t4 /opt/freesurfer/average/711-2C_as_mni_average_305
---------------------------------------------------------------------

freesurfer compute_vox2vox.c
Reading: talsrcimg.4dfp.ifh
Reading: talsrcimg_to_711-2C_as_mni_average_305_t4
Reading: /opt/freesurfer/average/711-2C_as_mni_average_305.4dfp.ifh
Writing: talsrcimg_to_711-2C_as_mni_average_305_t4_vox2vox.txt

start time Wed Mar 11 08:18:46 CET 2026
end		time Wed Mar 11 08:20:17 CET 2026

mpr2mni305 success

avi2talxfm orig_nu.mgz /opt/freesurfer/average/mni305.cor.mgz talsrcimg_to_711-2C_as_mni_average_305_t4_vox2vox.txt transforms/talairach.auto.xfm
avi2talxfm done
mv -f /out/sourcedata/freesurfer/sub-v2s15x29739_ses-1/mri/talsrcimg_to_711-2C_as_mni_average_305_t4_vox2vox.txt /out/sourcedata/freesurfer/sub-v2s15x29739_ses-1/mri/transforms/talsrcimg_to_711-2C_as_mni_average_305_t4_vox2vox.txt
lta_convert --src orig_nu.mgz --trg /opt/freesurfer/average/mni305.cor.mgz --inxfm transforms/talairach.auto.xfm --outlta transforms/talairach.auto.xfm.lta --subject fsaverage
7.3.2

--src: orig_nu.mgz src image (geometry).
--trg: /opt/freesurfer/average/mni305.cor.mgz trg image (geometry).
--inmni: transforms/talairach.auto.xfm input MNI/XFM transform.
--outlta: transforms/talairach.auto.xfm.lta output LTA.
--s: fsaverage subject name
 LTA read, type : 1
 1.11670   0.04577  -0.12156  -5.14086;
-0.09327   1.04975  -0.18384  -10.20059;
 0.11391   0.25976   1.05779  -11.81641;
 0.00000   0.00000   0.00000   1.00000;
setting subject to fsaverage
Writing  LTA to file transforms/talairach.auto.xfm.lta...
lta_convert successful.
 
 
Started at Wed Mar 11 08:18:46 CET 2026
Ended   at Wed Mar 11 08:20:17 CET 2026
talairach_avi done
