status file for recon-all
Wed Mar 11 09:04:01 CET 2026
#@# Tessellate lh Wed Mar 11 09:04:01 CET 2026
#@# Smooth1 lh Wed Mar 11 09:04:04 CET 2026
#@# Inflation1 lh Wed Mar 11 09:04:06 CET 2026
#@# QSphere lh Wed Mar 11 09:04:17 CET 2026
#@# Fix Topology lh Wed Mar 11 09:05:12 CET 2026
#@# Smooth2 lh Wed Mar 11 09:10:24 CET 2026
#@# Inflation2 lh Wed Mar 11 09:10:27 CET 2026
#@# Curv .H and .K lh Wed Mar 11 09:10:38 CET 2026
#@# Sphere lh Wed Mar 11 09:11:18 CET 2026
#@# Surf Reg lh Wed Mar 11 09:14:08 CET 2026
#@# Jacobian white lh Wed Mar 11 09:17:19 CET 2026
#@# AvgCurv lh Wed Mar 11 09:17:19 CET 2026
#@# Cortical Parc lh Wed Mar 11 09:17:20 CET 2026
#@# white curv lh Wed Mar 11 09:22:55 CET 2026
#@# white area lh Wed Mar 11 09:22:57 CET 2026
#@# pial curv lh Wed Mar 11 09:22:57 CET 2026
#@# pial area lh Wed Mar 11 09:22:59 CET 2026
#@# thickness lh Wed Mar 11 09:22:59 CET 2026
#@# area and vertex vol lh Wed Mar 11 09:23:25 CET 2026
#@# Curvature Stats lh Wed Mar 11 09:23:26 CET 2026
#@# Cortical Parc 2 lh Wed Mar 11 09:23:28 CET 2026
#@# Cortical Parc 3 lh Wed Mar 11 09:23:40 CET 2026
#@# WM/GM Contrast lh Wed Mar 11 09:23:49 CET 2026
recon-all -s sub-v2s15x29728_ses-1 finished without error at Wed Mar 11 09:23:51 CET 2026



#New# invocation of recon-all 



status file for recon-all
Wed Mar 11 09:48:23 CET 2026
#@# white curv lh Wed Mar 11 09:48:23 CET 2026
#@# white area lh Wed Mar 11 09:48:23 CET 2026
#@# pial curv lh Wed Mar 11 09:48:23 CET 2026
#@# pial area lh Wed Mar 11 09:48:23 CET 2026
#@# thickness lh Wed Mar 11 09:48:23 CET 2026
#@# area and vertex vol lh Wed Mar 11 09:48:23 CET 2026
#@# Parcellation Stats lh Wed Mar 11 09:48:23 CET 2026
#@# Parcellation Stats 2 lh Wed Mar 11 09:48:37 CET 2026
#@# Parcellation Stats 3 lh Wed Mar 11 09:48:45 CET 2026
#@# BA_exvivo Labels lh Wed Mar 11 09:48:52 CET 2026
recon-all -s sub-v2s15x29728_ses-1 finished without error at Wed Mar 11 09:51:02 CET 2026
