status file for recon-all
Wed Mar 11 09:23:53 CET 2026
#@# Tessellate rh Wed Mar 11 09:23:53 CET 2026
#@# Smooth1 rh Wed Mar 11 09:23:56 CET 2026
#@# Inflation1 rh Wed Mar 11 09:23:59 CET 2026
#@# QSphere rh Wed Mar 11 09:24:09 CET 2026
#@# Fix Topology rh Wed Mar 11 09:25:06 CET 2026
#@# Smooth2 rh Wed Mar 11 09:29:55 CET 2026
#@# Inflation2 rh Wed Mar 11 09:29:57 CET 2026
#@# Curv .H and .K rh Wed Mar 11 09:30:10 CET 2026
#@# Sphere rh Wed Mar 11 09:30:49 CET 2026
#@# Surf Reg rh Wed Mar 11 09:33:52 CET 2026
#@# Jacobian white rh Wed Mar 11 09:37:08 CET 2026
#@# AvgCurv rh Wed Mar 11 09:37:08 CET 2026
#@# Cortical Parc rh Wed Mar 11 09:37:09 CET 2026
#@# white curv rh Wed Mar 11 09:42:28 CET 2026
#@# white area rh Wed Mar 11 09:42:30 CET 2026
#@# pial curv rh Wed Mar 11 09:42:30 CET 2026
#@# pial area rh Wed Mar 11 09:42:32 CET 2026
#@# thickness rh Wed Mar 11 09:42:32 CET 2026
#@# area and vertex vol rh Wed Mar 11 09:42:57 CET 2026
#@# Curvature Stats rh Wed Mar 11 09:42:58 CET 2026
#@# Cortical Parc 2 rh Wed Mar 11 09:43:00 CET 2026
#@# Cortical Parc 3 rh Wed Mar 11 09:43:11 CET 2026
#@# WM/GM Contrast rh Wed Mar 11 09:43:19 CET 2026
recon-all -s sub-v2s15x29728_ses-1 finished without error at Wed Mar 11 09:43:22 CET 2026



#New# invocation of recon-all 



status file for recon-all
Wed Mar 11 09:51:05 CET 2026
#@# white curv rh Wed Mar 11 09:51:05 CET 2026
#@# white area rh Wed Mar 11 09:51:05 CET 2026
#@# pial curv rh Wed Mar 11 09:51:05 CET 2026
#@# pial area rh Wed Mar 11 09:51:05 CET 2026
#@# thickness rh Wed Mar 11 09:51:05 CET 2026
#@# area and vertex vol rh Wed Mar 11 09:51:05 CET 2026
#@# Parcellation Stats rh Wed Mar 11 09:51:05 CET 2026
#@# Parcellation Stats 2 rh Wed Mar 11 09:51:19 CET 2026
#@# Parcellation Stats 3 rh Wed Mar 11 09:51:26 CET 2026
#@# BA_exvivo Labels rh Wed Mar 11 09:51:32 CET 2026
recon-all -s sub-v2s15x29728_ses-1 finished without error at Wed Mar 11 09:53:39 CET 2026
