status file for recon-all
Wed Mar 11 07:25:17 CET 2026
#@# MotionCor Wed Mar 11 07:25:19 CET 2026
#@# Talairach Wed Mar 11 07:25:27 CET 2026
#@# Talairach Failure Detection Wed Mar 11 07:29:50 CET 2026
#@# Nu Intensity Correction Wed Mar 11 07:29:50 CET 2026
#@# Intensity Normalization Wed Mar 11 07:33:09 CET 2026
recon-all -s sub-v2s15x29728_ses-1 finished without error at Wed Mar 11 07:34:36 CET 2026



#New# invocation of recon-all 



status file for recon-all
Wed Mar 11 07:41:44 CET 2026
#@# EM Registration Wed Mar 11 07:41:44 CET 2026
recon-all -s sub-v2s15x29728_ses-1 finished without error at Wed Mar 11 07:43:55 CET 2026



#New# invocation of recon-all 



status file for recon-all
Wed Mar 11 07:43:58 CET 2026
#@# CA Normalize Wed Mar 11 07:43:58 CET 2026
#@# CA Reg Wed Mar 11 07:45:19 CET 2026
#@# SubCort Seg Wed Mar 11 08:31:09 CET 2026
#@# CC Seg Wed Mar 11 08:58:21 CET 2026
#@# Merge ASeg Wed Mar 11 08:59:00 CET 2026
#@# Intensity Normalization2 Wed Mar 11 08:59:00 CET 2026
#@# Mask BFS Wed Mar 11 09:01:05 CET 2026
#@# WM Segmentation Wed Mar 11 09:01:06 CET 2026
#@# Fill Wed Mar 11 09:02:59 CET 2026
recon-all -s sub-v2s15x29728_ses-1 finished without error at Wed Mar 11 09:03:57 CET 2026



#New# invocation of recon-all 



status file for recon-all
Wed Mar 11 09:43:30 CET 2026
#@# white curv lh Wed Mar 11 09:43:30 CET 2026
#@# white area lh Wed Mar 11 09:43:30 CET 2026
#@# pial curv lh Wed Mar 11 09:43:30 CET 2026
#@# pial area lh Wed Mar 11 09:43:30 CET 2026
#@# thickness lh Wed Mar 11 09:43:30 CET 2026
#@# area and vertex vol lh Wed Mar 11 09:43:30 CET 2026
#@# white curv rh Wed Mar 11 09:43:30 CET 2026
#@# white area rh Wed Mar 11 09:43:30 CET 2026
#@# pial curv rh Wed Mar 11 09:43:30 CET 2026
#@# pial area rh Wed Mar 11 09:43:30 CET 2026
#@# thickness rh Wed Mar 11 09:43:30 CET 2026
#@# area and vertex vol rh Wed Mar 11 09:43:30 CET 2026
#@# Cortical ribbon mask Wed Mar 11 09:43:30 CET 2026
recon-all -s sub-v2s15x29728_ses-1 finished without error at Wed Mar 11 09:48:19 CET 2026



#New# invocation of recon-all 



status file for recon-all
Wed Mar 11 09:53:43 CET 2026
#@# white curv lh Wed Mar 11 09:53:43 CET 2026
#@# white area lh Wed Mar 11 09:53:43 CET 2026
#@# pial curv lh Wed Mar 11 09:53:43 CET 2026
#@# pial area lh Wed Mar 11 09:53:43 CET 2026
#@# thickness lh Wed Mar 11 09:53:43 CET 2026
#@# area and vertex vol lh Wed Mar 11 09:53:43 CET 2026
#@# white curv rh Wed Mar 11 09:53:43 CET 2026
#@# white area rh Wed Mar 11 09:53:43 CET 2026
#@# pial curv rh Wed Mar 11 09:53:43 CET 2026
#@# pial area rh Wed Mar 11 09:53:43 CET 2026
#@# thickness rh Wed Mar 11 09:53:43 CET 2026
#@# area and vertex vol rh Wed Mar 11 09:53:43 CET 2026
#@# Curvature Stats lh Wed Mar 11 09:53:43 CET 2026
#@# Curvature Stats rh Wed Mar 11 09:53:45 CET 2026
#@# Relabel Hypointensities Wed Mar 11 09:53:47 CET 2026
#@# APas-to-ASeg Wed Mar 11 09:54:01 CET 2026
#@# AParc-to-ASeg aparc Wed Mar 11 09:54:07 CET 2026
#@# AParc-to-ASeg aparc.a2009s Wed Mar 11 09:54:31 CET 2026
#@# AParc-to-ASeg aparc.DKTatlas Wed Mar 11 09:54:53 CET 2026
#@# WMParc Wed Mar 11 09:55:18 CET 2026
#@# ASeg Stats Wed Mar 11 09:58:47 CET 2026
recon-all -s sub-v2s15x29728_ses-1 finished without error at Wed Mar 11 09:59:22 CET 2026
