status file for recon-all
Wed Mar 11 08:18:05 CET 2026
#@# MotionCor Wed Mar 11 08:18:07 CET 2026
#@# Talairach Wed Mar 11 08:18:14 CET 2026
#@# Talairach Failure Detection Wed Mar 11 08:22:43 CET 2026
#@# Nu Intensity Correction Wed Mar 11 08:22:44 CET 2026
#@# Intensity Normalization Wed Mar 11 08:25:59 CET 2026
recon-all -s sub-v2s15x29740_ses-1 finished without error at Wed Mar 11 08:27:25 CET 2026



#New# invocation of recon-all 



status file for recon-all
Wed Mar 11 08:34:40 CET 2026
#@# EM Registration Wed Mar 11 08:34:40 CET 2026
recon-all -s sub-v2s15x29740_ses-1 finished without error at Wed Mar 11 08:36:45 CET 2026



#New# invocation of recon-all 



status file for recon-all
Wed Mar 11 08:36:48 CET 2026
#@# CA Normalize Wed Mar 11 08:36:48 CET 2026
#@# CA Reg Wed Mar 11 08:38:06 CET 2026
#@# SubCort Seg Wed Mar 11 09:30:36 CET 2026
#@# CC Seg Wed Mar 11 09:56:24 CET 2026
#@# Merge ASeg Wed Mar 11 09:57:04 CET 2026
#@# Intensity Normalization2 Wed Mar 11 09:57:04 CET 2026
#@# Mask BFS Wed Mar 11 09:59:12 CET 2026
#@# WM Segmentation Wed Mar 11 09:59:12 CET 2026
#@# Fill Wed Mar 11 10:00:58 CET 2026
recon-all -s sub-v2s15x29740_ses-1 finished without error at Wed Mar 11 10:01:59 CET 2026



#New# invocation of recon-all 



status file for recon-all
Wed Mar 11 10:38:14 CET 2026
#@# white curv lh Wed Mar 11 10:38:14 CET 2026
#@# white area lh Wed Mar 11 10:38:14 CET 2026
#@# pial curv lh Wed Mar 11 10:38:14 CET 2026
#@# pial area lh Wed Mar 11 10:38:14 CET 2026
#@# thickness lh Wed Mar 11 10:38:14 CET 2026
#@# area and vertex vol lh Wed Mar 11 10:38:14 CET 2026
#@# white curv rh Wed Mar 11 10:38:14 CET 2026
#@# white area rh Wed Mar 11 10:38:14 CET 2026
#@# pial curv rh Wed Mar 11 10:38:14 CET 2026
#@# pial area rh Wed Mar 11 10:38:14 CET 2026
#@# thickness rh Wed Mar 11 10:38:14 CET 2026
#@# area and vertex vol rh Wed Mar 11 10:38:14 CET 2026
#@# Cortical ribbon mask Wed Mar 11 10:38:14 CET 2026
recon-all -s sub-v2s15x29740_ses-1 finished without error at Wed Mar 11 10:42:27 CET 2026



#New# invocation of recon-all 



status file for recon-all
Wed Mar 11 10:48:10 CET 2026
#@# white curv lh Wed Mar 11 10:48:10 CET 2026
#@# white area lh Wed Mar 11 10:48:10 CET 2026
#@# pial curv lh Wed Mar 11 10:48:10 CET 2026
#@# pial area lh Wed Mar 11 10:48:10 CET 2026
#@# thickness lh Wed Mar 11 10:48:10 CET 2026
#@# area and vertex vol lh Wed Mar 11 10:48:10 CET 2026
#@# white curv rh Wed Mar 11 10:48:10 CET 2026
#@# white area rh Wed Mar 11 10:48:10 CET 2026
#@# pial curv rh Wed Mar 11 10:48:10 CET 2026
#@# pial area rh Wed Mar 11 10:48:10 CET 2026
#@# thickness rh Wed Mar 11 10:48:10 CET 2026
#@# area and vertex vol rh Wed Mar 11 10:48:10 CET 2026
#@# Curvature Stats lh Wed Mar 11 10:48:10 CET 2026
#@# Curvature Stats rh Wed Mar 11 10:48:12 CET 2026
#@# Relabel Hypointensities Wed Mar 11 10:48:14 CET 2026
#@# APas-to-ASeg Wed Mar 11 10:48:28 CET 2026
#@# AParc-to-ASeg aparc Wed Mar 11 10:48:35 CET 2026
#@# AParc-to-ASeg aparc.a2009s Wed Mar 11 10:49:11 CET 2026
#@# AParc-to-ASeg aparc.DKTatlas Wed Mar 11 10:49:41 CET 2026
#@# WMParc Wed Mar 11 10:50:18 CET 2026
#@# ASeg Stats Wed Mar 11 10:54:03 CET 2026
recon-all -s sub-v2s15x29740_ses-1 finished without error at Wed Mar 11 10:54:42 CET 2026
