status file for recon-all
Wed Mar 11 10:02:04 CET 2026
#@# Tessellate lh Wed Mar 11 10:02:04 CET 2026
#@# Smooth1 lh Wed Mar 11 10:02:08 CET 2026
#@# Inflation1 lh Wed Mar 11 10:02:10 CET 2026
#@# QSphere lh Wed Mar 11 10:02:21 CET 2026
#@# Fix Topology lh Wed Mar 11 10:03:17 CET 2026
#@# Smooth2 lh Wed Mar 11 10:07:40 CET 2026
#@# Inflation2 lh Wed Mar 11 10:07:43 CET 2026
#@# Curv .H and .K lh Wed Mar 11 10:07:55 CET 2026
#@# Sphere lh Wed Mar 11 10:08:34 CET 2026
#@# Surf Reg lh Wed Mar 11 10:10:40 CET 2026
#@# Jacobian white lh Wed Mar 11 10:13:29 CET 2026
#@# AvgCurv lh Wed Mar 11 10:13:30 CET 2026
#@# Cortical Parc lh Wed Mar 11 10:13:31 CET 2026
#@# white curv lh Wed Mar 11 10:18:47 CET 2026
#@# white area lh Wed Mar 11 10:18:49 CET 2026
#@# pial curv lh Wed Mar 11 10:18:49 CET 2026
#@# pial area lh Wed Mar 11 10:18:51 CET 2026
#@# thickness lh Wed Mar 11 10:18:51 CET 2026
#@# area and vertex vol lh Wed Mar 11 10:19:15 CET 2026
#@# Curvature Stats lh Wed Mar 11 10:19:16 CET 2026
#@# Cortical Parc 2 lh Wed Mar 11 10:19:18 CET 2026
#@# Cortical Parc 3 lh Wed Mar 11 10:19:29 CET 2026
#@# WM/GM Contrast lh Wed Mar 11 10:19:37 CET 2026
recon-all -s sub-v2s15x29740_ses-1 finished without error at Wed Mar 11 10:19:40 CET 2026



#New# invocation of recon-all 



status file for recon-all
Wed Mar 11 10:42:32 CET 2026
#@# white curv lh Wed Mar 11 10:42:32 CET 2026
#@# white area lh Wed Mar 11 10:42:32 CET 2026
#@# pial curv lh Wed Mar 11 10:42:32 CET 2026
#@# pial area lh Wed Mar 11 10:42:32 CET 2026
#@# thickness lh Wed Mar 11 10:42:32 CET 2026
#@# area and vertex vol lh Wed Mar 11 10:42:32 CET 2026
#@# Parcellation Stats lh Wed Mar 11 10:42:32 CET 2026
#@# Parcellation Stats 2 lh Wed Mar 11 10:42:45 CET 2026
#@# Parcellation Stats 3 lh Wed Mar 11 10:42:53 CET 2026
#@# BA_exvivo Labels lh Wed Mar 11 10:42:59 CET 2026
recon-all -s sub-v2s15x29740_ses-1 finished without error at Wed Mar 11 10:45:21 CET 2026
