status file for recon-all
Wed Mar 11 08:37:33 CET 2026
#@# MotionCor Wed Mar 11 08:37:34 CET 2026
#@# Talairach Wed Mar 11 08:37:40 CET 2026
#@# Talairach Failure Detection Wed Mar 11 08:40:31 CET 2026
#@# Nu Intensity Correction Wed Mar 11 08:40:31 CET 2026
#@# Intensity Normalization Wed Mar 11 08:43:17 CET 2026
recon-all -s sub-v2s15x29743_ses-1 finished without error at Wed Mar 11 08:44:17 CET 2026



#New# invocation of recon-all 



status file for recon-all
Wed Mar 11 08:50:06 CET 2026
#@# EM Registration Wed Mar 11 08:50:06 CET 2026
recon-all -s sub-v2s15x29743_ses-1 finished without error at Wed Mar 11 08:51:42 CET 2026



#New# invocation of recon-all 



status file for recon-all
Wed Mar 11 08:51:43 CET 2026
#@# CA Normalize Wed Mar 11 08:51:43 CET 2026
#@# CA Reg Wed Mar 11 08:52:38 CET 2026
#@# SubCort Seg Wed Mar 11 09:33:20 CET 2026
#@# CC Seg Wed Mar 11 09:52:54 CET 2026
#@# Merge ASeg Wed Mar 11 09:53:30 CET 2026
#@# Intensity Normalization2 Wed Mar 11 09:53:30 CET 2026
#@# Mask BFS Wed Mar 11 09:55:04 CET 2026
#@# WM Segmentation Wed Mar 11 09:55:05 CET 2026
#@# Fill Wed Mar 11 09:56:35 CET 2026
recon-all -s sub-v2s15x29743_ses-1 finished without error at Wed Mar 11 09:57:16 CET 2026



#New# invocation of recon-all 



status file for recon-all
Wed Mar 11 10:33:13 CET 2026
#@# white curv lh Wed Mar 11 10:33:13 CET 2026
#@# white area lh Wed Mar 11 10:33:13 CET 2026
#@# pial curv lh Wed Mar 11 10:33:13 CET 2026
#@# pial area lh Wed Mar 11 10:33:13 CET 2026
#@# thickness lh Wed Mar 11 10:33:13 CET 2026
#@# area and vertex vol lh Wed Mar 11 10:33:13 CET 2026
#@# white curv rh Wed Mar 11 10:33:13 CET 2026
#@# white area rh Wed Mar 11 10:33:13 CET 2026
#@# pial curv rh Wed Mar 11 10:33:13 CET 2026
#@# pial area rh Wed Mar 11 10:33:13 CET 2026
#@# thickness rh Wed Mar 11 10:33:14 CET 2026
#@# area and vertex vol rh Wed Mar 11 10:33:14 CET 2026
#@# Cortical ribbon mask Wed Mar 11 10:33:14 CET 2026
recon-all -s sub-v2s15x29743_ses-1 finished without error at Wed Mar 11 10:35:43 CET 2026



#New# invocation of recon-all 



status file for recon-all
Wed Mar 11 10:40:15 CET 2026
#@# white curv lh Wed Mar 11 10:40:15 CET 2026
#@# white area lh Wed Mar 11 10:40:15 CET 2026
#@# pial curv lh Wed Mar 11 10:40:15 CET 2026
#@# pial area lh Wed Mar 11 10:40:15 CET 2026
#@# thickness lh Wed Mar 11 10:40:15 CET 2026
#@# area and vertex vol lh Wed Mar 11 10:40:15 CET 2026
#@# white curv rh Wed Mar 11 10:40:15 CET 2026
#@# white area rh Wed Mar 11 10:40:16 CET 2026
#@# pial curv rh Wed Mar 11 10:40:16 CET 2026
#@# pial area rh Wed Mar 11 10:40:16 CET 2026
#@# thickness rh Wed Mar 11 10:40:16 CET 2026
#@# area and vertex vol rh Wed Mar 11 10:40:16 CET 2026
#@# Curvature Stats lh Wed Mar 11 10:40:16 CET 2026
#@# Curvature Stats rh Wed Mar 11 10:40:17 CET 2026
#@# Relabel Hypointensities Wed Mar 11 10:40:18 CET 2026
#@# APas-to-ASeg Wed Mar 11 10:40:28 CET 2026
#@# AParc-to-ASeg aparc Wed Mar 11 10:40:34 CET 2026
#@# AParc-to-ASeg aparc.a2009s Wed Mar 11 10:40:53 CET 2026
#@# AParc-to-ASeg aparc.DKTatlas Wed Mar 11 10:41:13 CET 2026
#@# WMParc Wed Mar 11 10:41:33 CET 2026
#@# ASeg Stats Wed Mar 11 10:43:47 CET 2026
recon-all -s sub-v2s15x29743_ses-1 finished without error at Wed Mar 11 10:44:07 CET 2026
