status file for recon-all
Wed Mar 11 09:57:19 CET 2026
#@# Tessellate lh Wed Mar 11 09:57:19 CET 2026
#@# Smooth1 lh Wed Mar 11 09:57:22 CET 2026
#@# Inflation1 lh Wed Mar 11 09:57:23 CET 2026
#@# QSphere lh Wed Mar 11 09:57:33 CET 2026
#@# Fix Topology lh Wed Mar 11 09:58:24 CET 2026
#@# Smooth2 lh Wed Mar 11 10:02:43 CET 2026
#@# Inflation2 lh Wed Mar 11 10:02:45 CET 2026
#@# Curv .H and .K lh Wed Mar 11 10:02:55 CET 2026
#@# Sphere lh Wed Mar 11 10:03:24 CET 2026
#@# Surf Reg lh Wed Mar 11 10:06:16 CET 2026
#@# Jacobian white lh Wed Mar 11 10:09:27 CET 2026
#@# AvgCurv lh Wed Mar 11 10:09:28 CET 2026
#@# Cortical Parc lh Wed Mar 11 10:09:28 CET 2026
#@# white curv lh Wed Mar 11 10:14:22 CET 2026
#@# white area lh Wed Mar 11 10:14:23 CET 2026
#@# pial curv lh Wed Mar 11 10:14:24 CET 2026
#@# pial area lh Wed Mar 11 10:14:25 CET 2026
#@# thickness lh Wed Mar 11 10:14:26 CET 2026
#@# area and vertex vol lh Wed Mar 11 10:14:42 CET 2026
#@# Curvature Stats lh Wed Mar 11 10:14:43 CET 2026
#@# Cortical Parc 2 lh Wed Mar 11 10:14:44 CET 2026
#@# Cortical Parc 3 lh Wed Mar 11 10:14:52 CET 2026
#@# WM/GM Contrast lh Wed Mar 11 10:14:58 CET 2026
recon-all -s sub-v2s15x29743_ses-1 finished without error at Wed Mar 11 10:15:01 CET 2026



#New# invocation of recon-all 



status file for recon-all
Wed Mar 11 10:35:47 CET 2026
#@# white curv lh Wed Mar 11 10:35:47 CET 2026
#@# white area lh Wed Mar 11 10:35:47 CET 2026
#@# pial curv lh Wed Mar 11 10:35:47 CET 2026
#@# pial area lh Wed Mar 11 10:35:47 CET 2026
#@# thickness lh Wed Mar 11 10:35:47 CET 2026
#@# area and vertex vol lh Wed Mar 11 10:35:47 CET 2026
#@# Parcellation Stats lh Wed Mar 11 10:35:47 CET 2026
#@# Parcellation Stats 2 lh Wed Mar 11 10:35:59 CET 2026
#@# Parcellation Stats 3 lh Wed Mar 11 10:36:05 CET 2026
#@# BA_exvivo Labels lh Wed Mar 11 10:36:10 CET 2026
recon-all -s sub-v2s15x29743_ses-1 finished without error at Wed Mar 11 10:37:57 CET 2026
