status file for recon-all
Wed Mar 11 10:15:05 CET 2026
#@# Tessellate rh Wed Mar 11 10:15:05 CET 2026
#@# Smooth1 rh Wed Mar 11 10:15:07 CET 2026
#@# Inflation1 rh Wed Mar 11 10:15:09 CET 2026
#@# QSphere rh Wed Mar 11 10:15:20 CET 2026
#@# Fix Topology rh Wed Mar 11 10:16:03 CET 2026
#@# Smooth2 rh Wed Mar 11 10:21:01 CET 2026
#@# Inflation2 rh Wed Mar 11 10:21:03 CET 2026
#@# Curv .H and .K rh Wed Mar 11 10:21:13 CET 2026
#@# Sphere rh Wed Mar 11 10:21:45 CET 2026
#@# Surf Reg rh Wed Mar 11 10:24:09 CET 2026
#@# Jacobian white rh Wed Mar 11 10:26:46 CET 2026
#@# AvgCurv rh Wed Mar 11 10:26:47 CET 2026
#@# Cortical Parc rh Wed Mar 11 10:26:47 CET 2026
#@# white curv rh Wed Mar 11 10:32:31 CET 2026
#@# white area rh Wed Mar 11 10:32:32 CET 2026
#@# pial curv rh Wed Mar 11 10:32:33 CET 2026
#@# pial area rh Wed Mar 11 10:32:34 CET 2026
#@# thickness rh Wed Mar 11 10:32:34 CET 2026
#@# area and vertex vol rh Wed Mar 11 10:32:50 CET 2026
#@# Curvature Stats rh Wed Mar 11 10:32:51 CET 2026
#@# Cortical Parc 2 rh Wed Mar 11 10:32:52 CET 2026
#@# Cortical Parc 3 rh Wed Mar 11 10:33:00 CET 2026
#@# WM/GM Contrast rh Wed Mar 11 10:33:07 CET 2026
recon-all -s sub-v2s15x29743_ses-1 finished without error at Wed Mar 11 10:33:09 CET 2026



#New# invocation of recon-all 



status file for recon-all
Wed Mar 11 10:37:59 CET 2026
#@# white curv rh Wed Mar 11 10:37:59 CET 2026
#@# white area rh Wed Mar 11 10:37:59 CET 2026
#@# pial curv rh Wed Mar 11 10:37:59 CET 2026
#@# pial area rh Wed Mar 11 10:38:00 CET 2026
#@# thickness rh Wed Mar 11 10:38:00 CET 2026
#@# area and vertex vol rh Wed Mar 11 10:38:00 CET 2026
#@# Parcellation Stats rh Wed Mar 11 10:38:00 CET 2026
#@# Parcellation Stats 2 rh Wed Mar 11 10:38:11 CET 2026
#@# Parcellation Stats 3 rh Wed Mar 11 10:38:16 CET 2026
#@# BA_exvivo Labels rh Wed Mar 11 10:38:22 CET 2026
recon-all -s sub-v2s15x29743_ses-1 finished without error at Wed Mar 11 10:40:11 CET 2026
