/out/sourcedata/freesurfer/sub-v2s15x29756_ses-1/mri
/opt/freesurfer/bin/talairach_avi
--i orig_nu.mgz --xfm transforms/talairach.auto.xfm
talairach_avi 7.3.2
Linux dna061 5.14.0-427.37.1.el9_4.x86_64 #1 SMP PREEMPT_DYNAMIC Fri Sep 13 12:41:50 EDT 2024 x86_64 x86_64 x86_64 GNU/Linux
Wed Mar 11 09:08:59 CET 2026
mri_convert orig_nu.mgz talsrcimg.img 
reading from orig_nu.mgz...
TR=0.00, TE=0.00, TI=0.00, flip angle=0.00
i_ras = (-1, 0, 0)
j_ras = (0, 0, -1)
k_ras = (0, 1, 0)
writing to talsrcimg.img...
Analyze Output Matrix
-1.00000   0.00000   0.00000   128.93411;
 0.00000   0.00000   1.00000  -106.21355;
 0.00000  -1.00000   0.00000   156.06290;
 0.00000   0.00000   0.00000   1.00000;
--------------------
INFO: set hdr.hist.orient to -1
mpr2mni305 talsrcimg
Wed Mar 11 09:09:00 CET 2026
/opt/freesurfer/bin/mpr2mni305 talsrcimg
mpr2mni305 7.3.2
target=711-2C_as_mni_average_305

---------------------------------------------------------------------
analyzeto4dfp talsrcimg -O0 -y
---------------------------------------------------------------------

freesurfer ifh2hdr.c
Wed Mar 11 09:09:00 2026
Writing: talsrcimg.4dfp.hdr
freesurfer analyzeto4dfp.c
Reading: talsrcimg.hdr
header size 348 bytes
hdr.dime.datatype	offset=70	value=2
hdr.dime.bitpix		offset=72	value=8
hdr.hist.orient		offset=252	value=-1
dimensionality     4
dimensions       256       256       256         1
Reading: talsrcimg.img
Writing: talsrcimg.4dfp.img
Writing: talsrcimg.4dfp.ifh
ifh2hdr talsrcimg -r0to202
ori=2

---------------------------------------------------------------------
gauss_4dfp talsrcimg 1.1
---------------------------------------------------------------------

freesurfer gauss_4dfp.c
Reading: talsrcimg.4dfp.img
Writing: talsrcimg_g11.4dfp.img
image dimensions 256 256 256 padded to 288 288 288
processing volume 1freesurfer ifh2hdr.c
Wed Mar 11 09:09:02 2026
Writing: talsrcimg_g11.4dfp.hdr

Writing: talsrcimg_g11.4dfp.ifh
including: talsrcimg.4dfp.img.rec in talsrcimg_g11.4dfp.img.rec

---------------------------------------------------------------------
imgreg_4dfp /opt/freesurfer/average/711-2C_as_mni_average_305 none talsrcimg_g11 none talsrcimg_to_711-2C_as_mni_average_305_t4 4355
---------------------------------------------------------------------

freesurfer imgreg_4dfp.c
/opt/freesurfer/average/711-2C_as_mni_average_305.4dfp.img
       256       256       256         1
  1.000000  1.000000  1.000000
orientation T byte_order littleendian
Reading image: /opt/freesurfer/average/711-2C_as_mni_average_305.4dfp.img
dimensions:      256       256       256
mmppix:       1.0000   -1.0000   -1.0000
center:     128.0000 -129.0000 -129.0000
talsrcimg_g11.4dfp.img
       256       256       256         1
  1.000000  1.000000  1.000000
orientation T byte_order littleendian
Reading image: talsrcimg_g11.4dfp.img
dimensions:      256       256       256
mmppix:       1.0000   -1.0000   -1.0000
center:     128.0000 -129.0000 -129.0000
t4_read: open error in t4_sub.f l:  41 t4_file(1:l)talsrcimg_to_711-2C_as_mni_average_305_t4 
t4_read: transform initialized to I4
rotation matrix determinant  1.000000
image alignment mode   4355 decimal     1103 hex
   -7.5000  -45.0000  -45.0000 8213.3203   18.4867
    0.0000  -45.0000  -45.0000 8540.1357   18.5024
    7.5000  -45.0000  -45.0000 8151.7949   18.5514
   -7.5000  -37.5000  -45.0000 8807.0840   18.4610
    0.0000  -37.5000  -45.0000 9161.8906   18.4685
    7.5000  -37.5000  -45.0000 8738.6162   18.5143
   -7.5000  -30.0000  -45.0000 9645.3623   18.4797
    0.0000  -30.0000  -45.000010031.6123   18.4829
    7.5000  -30.0000  -45.0000 9587.8027   18.5243
   -7.5000  -22.5000  -45.000010395.6943   18.4849
    0.0000  -22.5000  -45.000010833.3828   18.4950
    7.5000  -22.5000  -45.000010341.4736   18.5388
   -7.5000  -15.0000  -45.000011068.1348   18.4721
    0.0000  -15.0000  -45.000011512.4639   18.4908
    7.5000  -15.0000  -45.000010978.3203   18.5391
   -7.5000   -7.5000  -45.000011645.9434   18.4531
    0.0000   -7.5000  -45.000012112.4727   18.4733
    7.5000   -7.5000  -45.000011558.9961   18.5226
   -7.5000    0.0000  -45.000012216.5225   18.4452
    0.0000    0.0000  -45.000012667.5098   18.4611
    7.5000    0.0000  -45.000012085.7773   18.5105
   -7.5000    7.5000  -45.000011933.2354   18.4591
    0.0000    7.5000  -45.000012360.4844   18.4666
    7.5000    7.5000  -45.000011806.5840   18.5124
   -7.5000   15.0000  -45.000011518.7920   18.4797
    0.0000   15.0000  -45.000011909.8232   18.4829
    7.5000   15.0000  -45.000011396.8164   18.5243
   -7.5000   22.5000  -45.000010819.4434   18.4823
    0.0000   22.5000  -45.000011162.7900   18.4924
    7.5000   22.5000  -45.000010684.1973   18.5363
   -7.5000   30.0000  -45.0000 9952.7900   18.2260
    0.0000   30.0000  -45.000010258.1455   18.2444
    7.5000   30.0000  -45.0000 9795.8643   18.2921
   -7.5000   37.5000  -45.0000 9458.9141   18.2072
    0.0000   37.5000  -45.0000 9741.7725   18.2271
    7.5000   37.5000  -45.0000 9302.7949   18.2758
   -7.5000   45.0000  -45.0000 8586.2285   17.7373
    0.0000   45.0000  -45.0000 8833.8174   17.7526
    7.5000   45.0000  -45.0000 8429.2529   17.8001
   -7.5000  -45.0000  -37.5000 8806.0771   18.4082
    0.0000  -45.0000  -37.5000 9167.6689   18.4149
    7.5000  -45.0000  -37.5000 8734.5762   18.4737
   -7.5000  -37.5000  -37.5000 9420.8457   18.3837
    0.0000  -37.5000  -37.5000 9811.9053   18.3805
    7.5000  -37.5000  -37.5000 9338.1523   18.4282
   -7.5000  -30.0000  -37.500010284.0713   18.4082
    0.0000  -30.0000  -37.500010717.5898   18.4036
    7.5000  -30.0000  -37.500010212.7178   18.4432
   -7.5000  -22.5000  -37.500011046.2900   18.4207
    0.0000  -22.5000  -37.500011538.4795   18.4276
    7.5000  -22.5000  -37.500010974.5410   18.4742
   -7.5000  -15.0000  -37.500011731.8555   18.4095
    0.0000  -15.0000  -37.500012248.3047   18.4270
    7.5000  -15.0000  -37.500011628.2080   18.4861
   -7.5000   -7.5000  -37.500012366.2529   18.3830
    0.0000   -7.5000  -37.500012893.6436   18.3992
    7.5000   -7.5000  -37.500012242.2617   18.4625
   -7.5000    0.0000  -37.500012946.3398   18.3677
    0.0000    0.0000  -37.500013484.0156   18.3747
    7.5000    0.0000  -37.500012802.1377   18.4337
   -7.5000    7.5000  -37.500012624.3027   18.3817
    0.0000    7.5000  -37.500013131.8154   18.3786
    7.5000    7.5000  -37.500012489.1426   18.4263
   -7.5000   15.0000  -37.500012157.0957   18.4082
    0.0000   15.0000  -37.500012625.7070   18.4036
    7.5000   15.0000  -37.500012013.4766   18.4432
   -7.5000   22.5000  -37.500011398.9316   18.4181
    0.0000   22.5000  -37.500011812.9053   18.4250
    7.5000   22.5000  -37.500011240.6338   18.4716
   -7.5000   30.0000  -37.500010450.9434   18.1642
    0.0000   30.0000  -37.500010802.1650   18.1815
    7.5000   30.0000  -37.500010295.4365   18.2398
   -7.5000   37.5000  -37.5000 9887.9980   18.1380
    0.0000   37.5000  -37.500010219.6416   18.1540
    7.5000   37.5000  -37.5000 9749.0820   18.2165
   -7.5000   45.0000  -37.5000 8974.2305   17.6627
    0.0000   45.0000  -37.5000 9255.0098   17.6695
    7.5000   45.0000  -37.5000 8819.0938   17.7262
   -7.5000  -45.0000  -30.0000 9503.5156   19.2149
    0.0000  -45.0000  -30.0000 9906.5781   19.2222
    7.5000  -45.0000  -30.0000 9442.6094   19.2868
   -7.5000  -37.5000  -30.000010143.3037   19.1835
    0.0000  -37.5000  -30.000010593.4170   19.1812
    7.5000  -37.5000  -30.000010089.1650   19.2296
   -7.5000  -30.0000  -30.000011077.5234   19.2100
    0.0000  -30.0000  -30.000011550.9355   19.2057
    7.5000  -30.0000  -30.000010981.3223   19.2405
   -7.5000  -22.5000  -30.000011867.9014   19.2309
    0.0000  -22.5000  -30.000012391.8633   19.2365
    7.5000  -22.5000  -30.000011774.3037   19.2778
   -7.5000  -15.0000  -30.000012597.9805   19.2261
    0.0000  -15.0000  -30.000013193.2783   19.2418
    7.5000  -15.0000  -30.000012502.0488   19.3001
   -7.5000   -7.5000  -30.000013294.4072   19.1964
    0.0000   -7.5000  -30.000013923.5332   19.2120
    7.5000   -7.5000  -30.000013159.5898   19.2803
   -7.5000    0.0000  -30.000013910.7334   19.1725
    0.0000    0.0000  -30.000014554.7510   19.1800
    7.5000    0.0000  -30.000013763.1602   19.2449
   -7.5000    7.5000  -30.000013535.8809   19.1814
    0.0000    7.5000  -30.000014155.4883   19.1790
    7.5000    7.5000  -30.000013394.8232   19.2275
   -7.5000   15.0000  -30.000012975.3086   19.2100
    0.0000   15.0000  -30.000013530.9229   19.2057
    7.5000   15.0000  -30.000012808.8320   19.2405
   -7.5000   22.5000  -30.000012118.6074   19.2262
    0.0000   22.5000  -30.000012605.6152   19.2319
    7.5000   22.5000  -30.000011965.8633   19.2732
   -7.5000   30.0000  -30.000011089.4287   18.9717
    0.0000   30.0000  -30.000011513.2480   18.9872
    7.5000   30.0000  -30.000010944.5986   19.0447
   -7.5000   37.5000  -30.000010485.7988   18.9424
    0.0000   37.5000  -30.000010868.4814   18.9578
    7.5000   37.5000  -30.000010340.2920   19.0252
   -7.5000   45.0000  -30.0000 9495.2529   18.4502
    0.0000   45.0000  -30.0000 9817.1094   18.4574
    7.5000   45.0000  -30.0000 9340.9619   18.5198
   -7.5000  -45.0000  -22.500010165.9707   19.8941
    0.0000  -45.0000  -22.500010623.3076   19.9106
    7.5000  -45.0000  -22.500010123.4785   19.9689
   -7.5000  -37.5000  -22.500010849.8301   19.8497
    0.0000  -37.5000  -22.500011354.3301   19.8596
    7.5000  -37.5000  -22.500010797.4512   19.9051
   -7.5000  -30.0000  -22.500011806.1172   19.8690
    0.0000  -30.0000  -22.500012364.9678   19.8735
    7.5000  -30.0000  -22.500011728.7354   19.9040
   -7.5000  -22.5000  -22.500012646.5459   19.8940
    0.0000  -22.5000  -22.500013229.4111   19.9015
    7.5000  -22.5000  -22.500012570.5732   19.9320
   -7.5000  -15.0000  -22.500013455.6152   19.8993
    0.0000  -15.0000  -22.500014125.7227   19.9134
    7.5000  -15.0000  -22.500013348.0332   19.9560
   -7.5000   -7.5000  -22.500014212.1797   19.8763
    0.0000   -7.5000  -22.500014911.3984   19.8943
    7.5000   -7.5000  -22.500014063.0303   19.9496
   -7.5000    0.0000  -22.500014838.1826   19.8493
    0.0000    0.0000  -22.500015573.1592   19.8662
    7.5000    0.0000  -22.500014682.3330   19.9246
   -7.5000    7.5000  -22.500014424.6406   19.8474
    0.0000    7.5000  -22.500015127.3955   19.8574
    7.5000    7.5000  -22.500014270.2090   19.9029
   -7.5000   15.0000  -22.500013779.6875   19.8690
    0.0000   15.0000  -22.500014392.0713   19.8735
    7.5000   15.0000  -22.500013588.9307   19.9040
   -7.5000   22.5000  -22.500012818.9453   19.8878
    0.0000   22.5000  -22.500013385.5332   19.8953
    7.5000   22.5000  -22.500012649.4404   19.9258
   -7.5000   30.0000  -22.500011765.3066   19.6390
    0.0000   30.0000  -22.500012267.3740   19.6529
    7.5000   30.0000  -22.500011592.8281   19.6950
   -7.5000   37.5000  -22.500011070.5977   19.6163
    0.0000   37.5000  -22.500011513.0527   19.6341
    7.5000   37.5000  -22.500010928.4512   19.6887
   -7.5000   45.0000  -22.5000 9975.7070   19.1159
    0.0000   45.0000  -22.500010327.0439   19.1321
    7.5000   45.0000  -22.5000 9829.7881   19.1884
   -7.5000  -45.0000  -15.000010838.6377   20.3462
    0.0000  -45.0000  -15.000011318.3008   20.3739
    7.5000  -45.0000  -15.000010800.6670   20.4215
   -7.5000  -37.5000  -15.000011547.9746   20.2972
    0.0000  -37.5000  -15.000012092.7520   20.3204
    7.5000  -37.5000  -15.000011493.9512   20.3640
   -7.5000  -30.0000  -15.000012570.9473   20.3096
    0.0000  -30.0000  -15.000013173.7871   20.3242
    7.5000  -30.0000  -15.000012489.7383   20.3563
   -7.5000  -22.5000  -15.000013467.9189   20.3294
    0.0000  -22.5000  -15.000014121.3164   20.3420
    7.5000  -22.5000  -15.000013396.3848   20.3686
   -7.5000  -15.0000  -15.000014297.0439   20.3358
    0.0000  -15.0000  -15.000015044.1904   20.3528
    7.5000  -15.0000  -15.000014169.9316   20.3825
   -7.5000   -7.5000  -15.000015025.5137   20.3209
    0.0000   -7.5000  -15.000015806.8398   20.3446
    7.5000   -7.5000  -15.000014884.1396   20.3839
   -7.5000    0.0000  -15.000015661.0684   20.2998
    0.0000    0.0000  -15.000016501.1641   20.3277
    7.5000    0.0000  -15.000015551.3359   20.3756
   -7.5000    7.5000  -15.000015254.3574   20.2949
    0.0000    7.5000  -15.000016023.2881   20.3181
    7.5000    7.5000  -15.000015070.9248   20.3618
   -7.5000   15.0000  -15.000014552.7148   20.3096
    0.0000   15.0000  -15.000015217.9170   20.3242
    7.5000   15.0000  -15.000014329.2363   20.3563
   -7.5000   22.5000  -15.000013505.2461   20.3222
    0.0000   22.5000  -15.000014125.3398   20.3348
    7.5000   22.5000  -15.000013305.7812   20.3614
   -7.5000   30.0000  -15.000012416.4268   20.0727
    0.0000   30.0000  -15.000012978.5029   20.0894
    7.5000   30.0000  -15.000012208.6279   20.1187
   -7.5000   37.5000  -15.000011673.7412   20.0579
    0.0000   37.5000  -15.000012163.3076   20.0813
    7.5000   37.5000  -15.000011503.1436   20.1201
   -7.5000   45.0000  -15.000010466.3525   19.5615
    0.0000   45.0000  -15.000010868.5020   19.5884
    7.5000   45.0000  -15.000010330.3096   19.6346
   -7.5000  -45.0000   -7.500011534.1133   20.5420
    0.0000  -45.0000   -7.500012038.4619   20.5701
    7.5000  -45.0000   -7.500011483.6807   20.6150
   -7.5000  -37.5000   -7.500012251.7939   20.5023
    0.0000  -37.5000   -7.500012782.2686   20.5242
    7.5000  -37.5000   -7.500012175.2930   20.5696
   -7.5000  -30.0000   -7.500013391.2080   20.5164
    0.0000  -30.0000   -7.500013982.2109   20.5300
    7.5000  -30.0000   -7.500013294.3311   20.5694
   -7.5000  -22.5000   -7.500014371.0996   20.5265
    0.0000  -22.5000   -7.500015068.8516   20.5406
    7.5000  -22.5000   -7.500014271.9619   20.5761
   -7.5000  -15.0000   -7.500015168.2314   20.5224
    0.0000  -15.0000   -7.500015903.5889   20.5428
    7.5000  -15.0000   -7.500015039.6836   20.5778
   -7.5000   -7.5000   -7.500015873.3369   20.5077
    0.0000   -7.5000   -7.500016630.2852   20.5337
    7.5000   -7.5000   -7.500015789.4121   20.5724
   -7.5000    0.0000   -7.500016546.7754   20.4953
    0.0000    0.0000   -7.500017351.2520   20.5236
    7.5000    0.0000   -7.500016482.3652   20.5690
   -7.5000    7.5000   -7.500016102.9355   20.5001
    0.0000    7.5000   -7.500016819.3438   20.5220
    7.5000    7.5000   -7.500015949.9453   20.5675
   -7.5000   15.0000   -7.500015298.9121   20.5164
    0.0000   15.0000   -7.500015961.4766   20.5300
    7.5000   15.0000   -7.500015116.2627   20.5694
   -7.5000   22.5000   -7.500014174.2295   20.5170
    0.0000   22.5000   -7.500014819.3359   20.5312
    7.5000   22.5000   -7.500014003.9160   20.5666
   -7.5000   30.0000   -7.500013030.2480   20.2563
    0.0000   30.0000   -7.500013614.1006   20.2764
    7.5000   30.0000   -7.500012850.6074   20.3109
   -7.5000   37.5000   -7.500012292.9160   20.2417
    0.0000   37.5000   -7.500012826.4023   20.2674
    7.5000   37.5000   -7.500012120.9727   20.3056
   -7.5000   45.0000   -7.500011006.4385   19.7536
    0.0000   45.0000   -7.500011476.9492   19.7809
    7.5000   45.0000   -7.500010883.0352   19.8246
   -7.5000  -45.0000    0.000012177.1562   20.5678
    0.0000  -45.0000    0.000012639.7197   20.5848
    7.5000  -45.0000    0.000012087.8662   20.6382
   -7.5000  -37.5000    0.000012902.6025   20.5380
    0.0000  -37.5000    0.000013389.5869   20.5459
    7.5000  -37.5000    0.000012801.9375   20.5959
   -7.5000  -30.0000    0.000014184.9639   20.5587
    0.0000  -30.0000    0.000014795.3682   20.5618
    7.5000  -30.0000    0.000014012.6963   20.6071
   -7.5000  -22.5000    0.000015322.6309   20.5658
    0.0000  -22.5000    0.000015979.4678   20.5768
    7.5000  -22.5000    0.000015144.6064   20.6249
   -7.5000  -15.0000    0.000015966.3027   20.5529
    0.0000  -15.0000    0.000016621.1035   20.5736
    7.5000  -15.0000    0.000015943.4941   20.6265
   -7.5000   -7.5000    0.000016633.8379   20.5318
    0.0000   -7.5000    0.000017330.5137   20.5540
    7.5000   -7.5000    0.000016677.1855   20.6079
   -7.5000    0.0000    0.000017384.8496   20.5219
    0.0000    0.0000    0.000018101.5352   20.5391
    7.5000    0.0000    0.000017413.7656   20.5929
   -7.5000    7.5000    0.000016887.9043   20.5359
    0.0000    7.5000    0.000017544.5098   20.5438
    7.5000    7.5000    0.000016834.7754   20.5938
   -7.5000   15.0000    0.000015977.8691   20.5587
    0.0000   15.0000    0.000016594.0547   20.5618
    7.5000   15.0000    0.000015893.7490   20.6071
   -7.5000   22.5000    0.000014822.5283   20.5563
    0.0000   22.5000    0.000015424.4707   20.5673
    7.5000   22.5000    0.000014689.1309   20.6154
   -7.5000   30.0000    0.000013632.4160   20.2870
    0.0000   30.0000    0.000014220.5596   20.3074
    7.5000   30.0000    0.000013465.4756   20.3595
   -7.5000   37.5000    0.000012911.3057   20.2661
    0.0000   37.5000    0.000013462.7793   20.2880
    7.5000   37.5000    0.000012736.0361   20.3412
   -7.5000   45.0000    0.000011582.6758   19.7807
    0.0000   45.0000    0.000012057.7920   19.7973
    7.5000   45.0000    0.000011422.2861   19.8492
   -7.5000  -45.0000    7.500011725.1709   20.5917
    0.0000  -45.0000    7.500012166.7275   20.5994
    7.5000  -45.0000    7.500011632.2969   20.6651
   -7.5000  -37.5000    7.500012462.3545   20.5645
    0.0000  -37.5000    7.500012912.4775   20.5612
    7.5000  -37.5000    7.500012346.7021   20.6144
   -7.5000  -30.0000    7.500013718.2832   20.5919
    0.0000  -30.0000    7.500014224.0801   20.5869
    7.5000  -30.0000    7.500013519.8662   20.6311
   -7.5000  -22.5000    7.500014805.8965   20.6054
    0.0000  -22.5000    7.500015286.4629   20.6133
    7.5000  -22.5000    7.500014625.6807   20.6654
   -7.5000  -15.0000    7.500015426.9043   20.5926
    0.0000  -15.0000    7.500015901.5430   20.6124
    7.5000  -15.0000    7.500015475.0449   20.6786
   -7.5000   -7.5000    7.500016069.6289   20.5631
    0.0000   -7.5000    7.500016610.3105   20.5814
    7.5000   -7.5000    7.500016253.0674   20.6522
   -7.5000    0.0000    7.500016824.4473   20.5464
    0.0000    0.0000    7.500017442.9395   20.5544
    7.5000    0.0000    7.500016989.3672   20.6203
   -7.5000    7.5000    7.500016357.1152   20.5624
    0.0000    7.5000    7.500016982.5332   20.5590
    7.5000    7.5000    7.500016404.6133   20.6123
   -7.5000   15.0000    7.500015508.2451   20.5919
    0.0000   15.0000    7.500016080.7734   20.5869
    7.5000   15.0000    7.500015437.7637   20.6311
   -7.5000   22.5000    7.500014393.3789   20.5959
    0.0000   22.5000    7.500014939.1348   20.6038
    7.5000   22.5000    7.500014228.8447   20.6559
   -7.5000   30.0000    7.500013240.0811   20.3261
    0.0000   30.0000    7.500013766.8535   20.3456
    7.5000   30.0000    7.500013044.1270   20.4109
   -7.5000   37.5000    7.500012499.1123   20.2970
    0.0000   37.5000    7.500012997.5947   20.3151
    7.5000   37.5000    7.500012288.8252   20.3850
   -7.5000   45.0000    7.500011178.6348   19.8043
    0.0000   45.0000    7.500011616.0684   19.8120
    7.5000   45.0000    7.500010986.7363   19.8756
   -7.5000  -45.0000   15.000011177.4971   20.6339
    0.0000  -45.0000   15.000011642.7871   20.6417
    7.5000  -45.0000   15.000011124.6914   20.7112
   -7.5000  -37.5000   15.000011894.4082   20.6002
    0.0000  -37.5000   15.000012344.6211   20.5977
    7.5000  -37.5000   15.000011809.3730   20.6496
   -7.5000  -30.0000   15.000013031.2773   20.6286
    0.0000  -30.0000   15.000013501.5010   20.6240
    7.5000  -30.0000   15.000012884.1367   20.6614
   -7.5000  -22.5000   15.000014000.7041   20.6510
    0.0000  -22.5000   15.000014418.5957   20.6571
    7.5000  -22.5000   15.000013850.5801   20.7015
   -7.5000  -15.0000   15.000014788.3418   20.6459
    0.0000  -15.0000   15.000015222.2109   20.6628
    7.5000  -15.0000   15.000014678.5547   20.7254
   -7.5000   -7.5000   15.000015633.3301   20.6140
    0.0000   -7.5000   15.000016125.9014   20.6308
    7.5000   -7.5000   15.000015488.1436   20.7041
   -7.5000    0.0000   15.000016377.4873   20.5884
    0.0000    0.0000   15.000016958.0332   20.5965
    7.5000    0.0000   15.000016212.8516   20.6661
   -7.5000    7.5000   15.000015866.8223   20.5979
    0.0000    7.5000   15.000016443.8887   20.5954
    7.5000    7.5000   15.000015658.9727   20.6474
   -7.5000   15.0000   15.000014900.0859   20.6286
    0.0000   15.0000   15.000015439.3643   20.6240
    7.5000   15.0000   15.000014692.6709   20.6614
   -7.5000   22.5000   15.000013718.0449   20.6415
    0.0000   22.5000   15.000014257.5811   20.6476
    7.5000   22.5000   15.000013550.1660   20.6919
   -7.5000   30.0000   15.000012586.4688   20.3787
    0.0000   30.0000   15.000013084.0566   20.3954
    7.5000   30.0000   15.000012431.5732   20.4572
   -7.5000   37.5000   15.000011852.0059   20.3472
    0.0000   37.5000   15.000012291.4023   20.3638
    7.5000   37.5000   15.000011692.2119   20.4362
   -7.5000   45.0000   15.000010623.1768   19.8448
    0.0000   45.0000   15.000010992.7188   19.8526
    7.5000   45.0000   15.000010446.3711   19.9197
   -7.5000  -45.0000   22.500010535.4863   20.7089
    0.0000  -45.0000   22.500011038.8096   20.7262
    7.5000  -45.0000   22.500010502.0059   20.7869
   -7.5000  -37.5000   22.500011186.3008   20.6625
    0.0000  -37.5000   22.500011707.4521   20.6729
    7.5000  -37.5000   22.500011128.2793   20.7202
   -7.5000  -30.0000   22.500012243.2002   20.6828
    0.0000  -30.0000   22.500012775.7549   20.6875
    7.5000  -30.0000   22.500012121.1689   20.7191
   -7.5000  -22.5000   22.500013188.6152   20.7089
    0.0000  -22.5000   22.500013685.4258   20.7168
    7.5000  -22.5000   22.500013013.2559   20.7485
   -7.5000  -15.0000   22.500014021.9590   20.7144
    0.0000  -15.0000   22.500014510.6025   20.7292
    7.5000  -15.0000   22.500013831.6963   20.7737
   -7.5000   -7.5000   22.500014830.6777   20.6904
    0.0000   -7.5000   22.500015329.1797   20.7092
    7.5000   -7.5000   22.500014605.1719   20.7669
   -7.5000    0.0000   22.500015520.3174   20.6622
    0.0000    0.0000   22.500016044.2686   20.6797
    7.5000    0.0000   22.500015277.2227   20.7406
   -7.5000    7.5000   22.500015003.7891   20.6601
    0.0000    7.5000   22.500015508.9609   20.6706
    7.5000    7.5000   22.500014788.4033   20.7179
   -7.5000   15.0000   22.500014056.5693   20.6828
    0.0000   15.0000   22.500014566.0820   20.6875
    7.5000   15.0000   22.500013888.3174   20.7191
   -7.5000   22.5000   22.500012926.6943   20.6993
    0.0000   22.5000   22.500013423.5156   20.7072
    7.5000   22.5000   22.500012783.4834   20.7389
   -7.5000   30.0000   22.500011862.3037   20.4463
    0.0000   30.0000   22.500012305.2988   20.4609
    7.5000   30.0000   22.500011701.9873   20.5049
   -7.5000   37.5000   22.500011147.4961   20.4226
    0.0000   37.5000   22.500011545.8965   20.4412
    7.5000   37.5000   22.500010989.3408   20.4981
   -7.5000   45.0000   22.5000 9992.2129   19.9160
    0.0000   45.0000   22.500010334.7051   19.9329
    7.5000   45.0000   22.5000 9837.3262   19.9916
   -7.5000  -45.0000   30.0000 9816.0156   20.7669
    0.0000  -45.0000   30.000010310.8730   20.7955
    7.5000  -45.0000   30.0000 9777.4072   20.8442
   -7.5000  -37.5000   30.000010419.7021   20.7164
    0.0000  -37.5000   30.000010938.2666   20.7404
    7.5000  -37.5000   30.000010357.9756   20.7851
   -7.5000  -30.0000   30.000011383.0645   20.7290
    0.0000  -30.0000   30.000011895.3574   20.7441
    7.5000  -30.0000   30.000011261.2021   20.7771
   -7.5000  -22.5000   30.000012236.2969   20.7494
    0.0000  -22.5000   30.000012724.2100   20.7624
    7.5000  -22.5000   30.000012089.5645   20.7897
   -7.5000  -15.0000   30.000012973.6406   20.7561
    0.0000  -15.0000   30.000013459.3711   20.7736
    7.5000  -15.0000   30.000012831.2109   20.8039
   -7.5000   -7.5000   30.000013686.7627   20.7408
    0.0000   -7.5000   30.000014186.6436   20.7653
    7.5000   -7.5000   30.000013550.7480   20.8055
   -7.5000    0.0000   30.000014309.6064   20.7192
    0.0000    0.0000   30.000014832.3652   20.7480
    7.5000    0.0000   30.000014175.4707   20.7971
   -7.5000    7.5000   30.000013864.4766   20.7140
    0.0000    7.5000   30.000014363.8174   20.7381
    7.5000    7.5000   30.000013724.4717   20.7828
   -7.5000   15.0000   30.000013031.2871   20.7290
    0.0000   15.0000   30.000013528.3525   20.7441
    7.5000   15.0000   30.000012896.1924   20.7771
   -7.5000   22.5000   30.000012028.9248   20.7398
    0.0000   22.5000   30.000012485.2363   20.7529
    7.5000   22.5000   30.000011891.6084   20.7802
   -7.5000   30.0000   30.000011050.6035   20.4875
    0.0000   30.0000   30.000011458.4502   20.5047
    7.5000   30.0000   30.000010889.2480   20.5347
   -7.5000   37.5000   30.000010365.4346   20.4724
    0.0000   37.5000   30.000010751.7266   20.4965
    7.5000   37.5000   30.000010208.2451   20.5362
   -7.5000   45.0000   30.0000 9284.8398   19.9709
    0.0000   45.0000   30.0000 9619.2197   19.9987
    7.5000   45.0000   30.0000 9148.4326   20.0460
   -7.5000  -45.0000   37.5000 9459.5645   21.0123
    0.0000  -45.0000   37.5000 9929.8672   21.0413
    7.5000  -45.0000   37.5000 9419.2861   21.0884
   -7.5000  -37.5000   37.500010036.3564   20.9703
    0.0000  -37.5000   37.500010518.5020   20.9930
    7.5000  -37.5000   37.5000 9961.8467   21.0407
   -7.5000  -30.0000   37.500010920.5654   20.9847
    0.0000  -30.0000   37.500011427.3018   20.9988
    7.5000  -30.0000   37.500010818.8467   21.0404
   -7.5000  -22.5000   37.500011715.5156   20.9954
    0.0000  -22.5000   37.500012227.4170   21.0101
    7.5000  -22.5000   37.500011612.9375   21.0476
   -7.5000  -15.0000   37.500012427.9600   20.9917
    0.0000  -15.0000   37.500012929.5000   21.0128
    7.5000  -15.0000   37.500012318.4531   21.0497
   -7.5000   -7.5000   37.500013103.3408   20.9766
    0.0000   -7.5000   37.500013614.8643   21.0035
    7.5000   -7.5000   37.500013005.7168   21.0441
   -7.5000    0.0000   37.500013733.0029   20.9635
    0.0000    0.0000   37.500014255.7480   20.9928
    7.5000    0.0000   37.500013633.4805   21.0404
   -7.5000    7.5000   37.500013307.1162   20.9680
    0.0000    7.5000   37.500013825.0518   20.9907
    7.5000    7.5000   37.500013219.8867   21.0385
   -7.5000   15.0000   37.500012537.9951   20.9847
    0.0000   15.0000   37.500013018.4043   20.9988
    7.5000   15.0000   37.500012430.6963   21.0404
   -7.5000   22.5000   37.500011604.4570   20.9857
    0.0000   22.5000   37.500012044.9434   21.0005
    7.5000   22.5000   37.500011479.5107   21.0379
   -7.5000   30.0000   37.500010652.7031   20.7200
    0.0000   30.0000   37.500011067.9170   20.7409
    7.5000   30.0000   37.500010519.2402   20.7773
   -7.5000   37.5000   37.500010023.0811   20.7051
    0.0000   37.5000   37.500010398.0078   20.7317
    7.5000   37.5000   37.5000 9897.9541   20.7718
   -7.5000   45.0000   37.5000 8983.3662   20.2064
    0.0000   45.0000   37.5000 9305.6475   20.2347
    7.5000   45.0000   37.5000 8869.6719   20.2805
   -7.5000  -45.0000   45.0000 8683.6680   21.2825
    0.0000  -45.0000   45.0000 9111.5947   21.3018
    7.5000  -45.0000   45.0000 8639.1309   21.3597
   -7.5000  -37.5000   45.0000 9205.2295   21.2518
    0.0000  -37.5000   45.0000 9625.1182   21.2612
    7.5000  -37.5000   45.0000 9126.2627   21.3154
   -7.5000  -30.0000   45.000010012.1162   21.2729
    0.0000  -30.0000   45.000010444.9844   21.2775
    7.5000  -30.0000   45.0000 9917.8887   21.3266
   -7.5000  -22.5000   45.000010733.7822   21.2812
    0.0000  -22.5000   45.000011191.3955   21.2946
    7.5000  -22.5000   45.000010652.4648   21.3464
   -7.5000  -15.0000   45.000011354.1953   21.2693
    0.0000  -15.0000   45.000011820.1133   21.2931
    7.5000  -15.0000   45.000011277.8008   21.3500
   -7.5000   -7.5000   45.000011974.1514   21.2476
    0.0000   -7.5000   45.000012450.9668   21.2728
    7.5000   -7.5000   45.000011900.7617   21.3309
   -7.5000    0.0000   45.000012582.2510   21.2363
    0.0000    0.0000   45.000013061.0586   21.2558
    7.5000    0.0000   45.000012506.4131   21.3142
   -7.5000    7.5000   45.000012242.1455   21.2496
    0.0000    7.5000   45.000012702.0166   21.2591
    7.5000    7.5000   45.000012159.1846   21.3133
   -7.5000   15.0000   45.000011511.1260   21.2729
    0.0000   15.0000   45.000011945.4678   21.2775
    7.5000   15.0000   45.000011435.0127   21.3266
   -7.5000   22.5000   45.000010641.6953   21.2713
    0.0000   22.5000   45.000011054.8203   21.2847
    7.5000   22.5000   45.000010564.2227   21.3365
   -7.5000   30.0000   45.0000 9784.1611   20.9922
    0.0000   30.0000   45.000010178.0625   21.0157
    7.5000   30.0000   45.0000 9701.0088   21.0718
   -7.5000   37.5000   45.0000 9217.9326   20.9708
    0.0000   37.5000   45.0000 9574.7852   20.9957
    7.5000   37.5000   45.0000 9136.5332   21.0530
   -7.5000   45.0000   45.0000 8281.8477   20.4786
    0.0000   45.0000   45.0000 8577.4375   20.4975
    7.5000   45.0000   45.0000 8191.0977   20.5537

---------------------------------------------------------------------
imgreg_4dfp /opt/freesurfer/average/711-2C_as_mni_average_305 /opt/freesurfer/average/711-2B_as_mni_average_305_mask talsrcimg_g11 none talsrcimg_to_711-2C_as_mni_average_305_t4 4355
---------------------------------------------------------------------

freesurfer imgreg_4dfp.c
/opt/freesurfer/average/711-2C_as_mni_average_305.4dfp.img
       256       256       256         1
  1.000000  1.000000  1.000000
orientation T byte_order littleendian
Reading image: /opt/freesurfer/average/711-2C_as_mni_average_305.4dfp.img
dimensions:      256       256       256
mmppix:       1.0000   -1.0000   -1.0000
center:     128.0000 -129.0000 -129.0000
/opt/freesurfer/average/711-2B_as_mni_average_305_mask.4dfp.img
       256       256       256         1
  1.000000  1.000000  1.000000
orientation T byte_order littleendian
Reading mask: /opt/freesurfer/average/711-2B_as_mni_average_305_mask.4dfp.img (2306576 pixels)
talsrcimg_g11.4dfp.img
       256       256       256         1
  1.000000  1.000000  1.000000
orientation T byte_order littleendian
Reading image: talsrcimg_g11.4dfp.img
dimensions:      256       256       256
mmppix:       1.0000   -1.0000   -1.0000
center:     128.0000 -129.0000 -129.0000
rotation matrix determinant  1.000000
image alignment mode   4355 decimal     1103 hex
   -7.5000  -45.0000  -45.0000 2106.0649   21.0667
    0.0000  -45.0000  -45.0000 2111.7305   21.0995
    7.5000  -45.0000  -45.0000 2089.6741   21.4916
   -7.5000  -37.5000  -45.0000 2205.5305   19.5023
    0.0000  -37.5000  -45.0000 2214.8140   19.4879
    7.5000  -37.5000  -45.0000 2191.9121   19.7739
   -7.5000  -30.0000  -45.0000 2267.4568   18.3338
    0.0000  -30.0000  -45.0000 2276.2341   18.3267
    7.5000  -30.0000  -45.0000 2258.3694   18.5325
   -7.5000  -22.5000  -45.0000 2312.3025   17.4292
    0.0000  -22.5000  -45.0000 2315.9316   17.4283
    7.5000  -22.5000  -45.0000 2296.8145   17.6314
   -7.5000  -15.0000  -45.0000 2334.7788   16.8304
    0.0000  -15.0000  -45.0000 2338.0439   16.8078
    7.5000  -15.0000  -45.0000 2317.6106   17.0650
   -7.5000   -7.5000  -45.0000 2328.8457   16.6365
    0.0000   -7.5000  -45.0000 2331.2170   16.6019
    7.5000   -7.5000  -45.0000 2312.8704   16.9131
   -7.5000    0.0000  -45.0000 2314.6978   16.8612
    0.0000    0.0000  -45.0000 2317.0364   16.7850
    7.5000    0.0000  -45.0000 2294.5366   17.1059
   -7.5000    7.5000  -45.0000 2290.9580   17.3532
    0.0000    7.5000  -45.0000 2294.2673   17.2470
    7.5000    7.5000  -45.0000 2269.6482   17.5801
   -7.5000   15.0000  -45.0000 2249.6272   18.1819
    0.0000   15.0000  -45.0000 2249.5393   18.0755
    7.5000   15.0000  -45.0000 2222.2385   18.4176
   -7.5000   22.5000  -45.0000 2186.4827   19.4420
    0.0000   22.5000  -45.0000 2186.1946   19.3252
    7.5000   22.5000  -45.0000 2160.7471   19.7302
   -7.5000   30.0000  -45.0000 2103.8608   21.1255
    0.0000   30.0000  -45.0000 2103.7273   21.0276
    7.5000   30.0000  -45.0000 2078.3171   21.4718
   -7.5000   37.5000  -45.0000 2003.6892   23.3482
    0.0000   37.5000  -45.0000 2003.1886   23.1991
    7.5000   37.5000  -45.0000 1979.9896   23.6653
   -7.5000   45.0000  -45.0000 1891.1378   26.3537
    0.0000   45.0000  -45.0000 1888.7703   26.2098
    7.5000   45.0000  -45.0000 1865.1215   26.6564
   -7.5000  -45.0000  -37.5000 2190.6777   19.4917
    0.0000  -45.0000  -37.5000 2193.4709   19.5827
    7.5000  -45.0000  -37.5000 2173.0959   19.8447
   -7.5000  -37.5000  -37.5000 2296.3049   17.9786
    0.0000  -37.5000  -37.5000 2301.6946   18.0267
    7.5000  -37.5000  -37.5000 2277.4705   18.2295
   -7.5000  -30.0000  -37.5000 2361.1292   16.8691
    0.0000  -30.0000  -37.5000 2363.2148   16.9073
    7.5000  -30.0000  -37.5000 2343.3169   17.0538
   -7.5000  -22.5000  -37.5000 2402.8494   16.0788
    0.0000  -22.5000  -37.5000 2404.2305   16.0949
    7.5000  -22.5000  -37.5000 2383.4072   16.2640
   -7.5000  -15.0000  -37.5000 2430.1885   15.5420
    0.0000  -15.0000  -37.5000 2433.5042   15.5188
    7.5000  -15.0000  -37.5000 2407.5994   15.7452
   -7.5000   -7.5000  -37.5000 2440.0261   15.3755
    0.0000   -7.5000  -37.5000 2442.6946   15.3630
    7.5000   -7.5000  -37.5000 2418.5398   15.5986
   -7.5000    0.0000  -37.5000 2426.7102   15.5823
    0.0000    0.0000  -37.5000 2429.9097   15.5480
    7.5000    0.0000  -37.5000 2402.4932   15.7993
   -7.5000    7.5000  -37.5000 2399.6323   16.0362
    0.0000    7.5000  -37.5000 2401.7302   15.9806
    7.5000    7.5000  -37.5000 2375.4072   16.2452
   -7.5000   15.0000  -37.5000 2352.5833   16.8421
    0.0000   15.0000  -37.5000 2352.1370   16.7354
    7.5000   15.0000  -37.5000 2325.6157   17.0512
   -7.5000   22.5000  -37.5000 2282.7524   18.0218
    0.0000   22.5000  -37.5000 2284.2366   17.9130
    7.5000   22.5000  -37.5000 2255.9553   18.2658
   -7.5000   30.0000  -37.5000 2192.0510   19.6049
    0.0000   30.0000  -37.5000 2191.0657   19.4823
    7.5000   30.0000  -37.5000 2165.3547   19.8728
   -7.5000   37.5000  -37.5000 2086.0488   21.7020
    0.0000   37.5000  -37.5000 2085.6458   21.5955
    7.5000   37.5000  -37.5000 2059.1182   21.9907
   -7.5000   45.0000  -37.5000 1963.6969   24.4501
    0.0000   45.0000  -37.5000 1964.3545   24.3043
    7.5000   45.0000  -37.5000 1938.5074   24.7858
   -7.5000  -45.0000  -30.0000 2302.7891   18.7453
    0.0000  -45.0000  -30.0000 2306.4463   18.8227
    7.5000  -45.0000  -30.0000 2285.4897   19.0110
   -7.5000  -37.5000  -30.0000 2411.7593   17.2072
    0.0000  -37.5000  -30.0000 2419.1509   17.2823
    7.5000  -37.5000  -30.0000 2394.4709   17.4200
   -7.5000  -30.0000  -30.0000 2488.5591   16.1142
    0.0000  -30.0000  -30.0000 2491.6814   16.1709
    7.5000  -30.0000  -30.0000 2467.5117   16.2927
   -7.5000  -22.5000  -30.0000 2536.4866   15.3832
    0.0000  -22.5000  -30.0000 2539.5322   15.4199
    7.5000  -22.5000  -30.0000 2509.2822   15.5582
   -7.5000  -15.0000  -30.0000 2570.6597   14.9055
    0.0000  -15.0000  -30.0000 2578.8728   14.8939
    7.5000  -15.0000  -30.0000 2546.0693   15.0937
   -7.5000   -7.5000  -30.0000 2592.6548   14.7619
    0.0000   -7.5000  -30.0000 2599.8567   14.7692
    7.5000   -7.5000  -30.0000 2567.9526   14.9499
   -7.5000    0.0000  -30.0000 2584.7869   14.9451
    0.0000    0.0000  -30.0000 2589.0720   14.9453
    7.5000    0.0000  -30.0000 2557.3215   15.1384
   -7.5000    7.5000  -30.0000 2554.8572   15.4082
    0.0000    7.5000  -30.0000 2560.1555   15.3771
    7.5000    7.5000  -30.0000 2525.1187   15.5766
   -7.5000   15.0000  -30.0000 2494.0725   16.2001
    0.0000   15.0000  -30.0000 2498.9255   16.1313
    7.5000   15.0000  -30.0000 2462.1394   16.3559
   -7.5000   22.5000  -30.0000 2412.9358   17.3489
    0.0000   22.5000  -30.0000 2415.0942   17.2713
    7.5000   22.5000  -30.0000 2384.7852   17.5535
   -7.5000   30.0000  -30.0000 2316.1936   18.9003
    0.0000   30.0000  -30.0000 2313.5796   18.8265
    7.5000   30.0000  -30.0000 2283.8896   19.1378
   -7.5000   37.5000  -30.0000 2194.9351   20.9035
    0.0000   37.5000  -30.0000 2198.0933   20.8149
    7.5000   37.5000  -30.0000 2165.9507   21.1885
   -7.5000   45.0000  -30.0000 2066.0259   23.5374
    0.0000   45.0000  -30.0000 2067.0229   23.4095
    7.5000   45.0000  -30.0000 2033.5250   23.8548
   -7.5000  -45.0000  -22.5000 2382.9265   17.8506
    0.0000  -45.0000  -22.5000 2389.6006   17.9365
    7.5000  -45.0000  -22.5000 2368.7913   18.1188
   -7.5000  -37.5000  -22.5000 2500.8147   16.3790
    0.0000  -37.5000  -22.5000 2511.3677   16.4400
    7.5000  -37.5000  -22.5000 2486.0054   16.6006
   -7.5000  -30.0000  -22.5000 2583.9380   15.2896
    0.0000  -30.0000  -22.5000 2592.5979   15.3401
    7.5000  -30.0000  -22.5000 2561.2566   15.4682
   -7.5000  -22.5000  -22.5000 2643.5229   14.5860
    0.0000  -22.5000  -22.5000 2648.3889   14.6465
    7.5000  -22.5000  -22.5000 2616.1685   14.7501
   -7.5000  -15.0000  -22.5000 2687.9922   14.1843
    0.0000  -15.0000  -22.5000 2699.2700   14.2160
    7.5000  -15.0000  -22.5000 2662.4426   14.3641
   -7.5000   -7.5000  -22.5000 2717.5476   14.0821
    0.0000   -7.5000  -22.5000 2725.6250   14.0863
    7.5000   -7.5000  -22.5000 2689.8184   14.2293
   -7.5000    0.0000  -22.5000 2711.7151   14.2258
    0.0000    0.0000  -22.5000 2719.2952   14.2327
    7.5000    0.0000  -22.5000 2679.4255   14.3973
   -7.5000    7.5000  -22.5000 2676.0640   14.6647
    0.0000    7.5000  -22.5000 2688.5527   14.6693
    7.5000    7.5000  -22.5000 2645.7454   14.8337
   -7.5000   15.0000  -22.5000 2608.8049   15.4352
    0.0000   15.0000  -22.5000 2616.8022   15.4121
    7.5000   15.0000  -22.5000 2578.2703   15.5845
   -7.5000   22.5000  -22.5000 2516.8201   16.5463
    0.0000   22.5000  -22.5000 2521.8154   16.4911
    7.5000   22.5000  -22.5000 2485.1968   16.7246
   -7.5000   30.0000  -22.5000 2409.3604   18.0737
    0.0000   30.0000  -22.5000 2410.4995   17.9866
    7.5000   30.0000  -22.5000 2377.4929   18.2847
   -7.5000   37.5000  -22.5000 2280.1577   20.0219
    0.0000   37.5000  -22.5000 2279.4417   19.8858
    7.5000   37.5000  -22.5000 2254.9834   20.2531
   -7.5000   45.0000  -22.5000 2137.4780   22.4771
    0.0000   45.0000  -22.5000 2136.5486   22.3421
    7.5000   45.0000  -22.5000 2112.6384   22.7458
   -7.5000  -45.0000  -15.0000 2437.0151   17.1003
    0.0000  -45.0000  -15.0000 2443.8020   17.1127
    7.5000  -45.0000  -15.0000 2428.1042   17.3822
   -7.5000  -37.5000  -15.0000 2561.4387   15.6613
    0.0000  -37.5000  -15.0000 2572.2690   15.6702
    7.5000  -37.5000  -15.0000 2547.8560   15.8697
   -7.5000  -30.0000  -15.0000 2655.2473   14.5893
    0.0000  -30.0000  -15.0000 2666.1938   14.6106
    7.5000  -30.0000  -15.0000 2631.6116   14.7857
   -7.5000  -22.5000  -15.0000 2729.1450   13.8673
    0.0000  -22.5000  -15.0000 2740.7815   13.8947
    7.5000  -22.5000  -15.0000 2704.0312   14.0675
   -7.5000  -15.0000  -15.0000 2784.0166   13.4762
    0.0000  -15.0000  -15.0000 2792.0381   13.5241
    7.5000  -15.0000  -15.0000 2753.0999   13.6662
   -7.5000   -7.5000  -15.0000 2810.9036   13.3975
    0.0000   -7.5000  -15.0000 2820.5242   13.4256
    7.5000   -7.5000  -15.0000 2779.9346   13.5286
   -7.5000    0.0000  -15.0000 2801.1526   13.5144
    0.0000    0.0000  -15.0000 2816.3337   13.5494
    7.5000    0.0000  -15.0000 2774.2998   13.6745
   -7.5000    7.5000  -15.0000 2763.9958   13.9553
    0.0000    7.5000  -15.0000 2778.9478   13.9702
    7.5000    7.5000  -15.0000 2731.9438   14.1412
   -7.5000   15.0000  -15.0000 2695.2979   14.7294
    0.0000   15.0000  -15.0000 2702.1990   14.7109
    7.5000   15.0000  -15.0000 2662.0300   14.9046
   -7.5000   22.5000  -15.0000 2595.6780   15.7982
    0.0000   22.5000  -15.0000 2600.0002   15.7759
    7.5000   22.5000  -15.0000 2560.8354   15.9921
   -7.5000   30.0000  -15.0000 2475.5991   17.2691
    0.0000   30.0000  -15.0000 2481.7087   17.2094
    7.5000   30.0000  -15.0000 2446.6943   17.4449
   -7.5000   37.5000  -15.0000 2337.1506   19.1587
    0.0000   37.5000  -15.0000 2339.1555   19.0864
    7.5000   37.5000  -15.0000 2313.9260   19.3547
   -7.5000   45.0000  -15.0000 2186.7627   21.5494
    0.0000   45.0000  -15.0000 2187.0107   21.4423
    7.5000   45.0000  -15.0000 2164.7771   21.8079
   -7.5000  -45.0000   -7.5000 2475.7803   16.5071
    0.0000  -45.0000   -7.5000 2485.3254   16.4447
    7.5000  -45.0000   -7.5000 2466.6514   16.7620
   -7.5000  -37.5000   -7.5000 2599.6521   15.0638
    0.0000  -37.5000   -7.5000 2610.8501   15.0187
    7.5000  -37.5000   -7.5000 2585.6902   15.2912
   -7.5000  -30.0000   -7.5000 2705.8625   14.0381
    0.0000  -30.0000   -7.5000 2716.6587   14.0117
    7.5000  -30.0000   -7.5000 2685.9380   14.2481
   -7.5000  -22.5000   -7.5000 2794.5857   13.3024
    0.0000  -22.5000   -7.5000 2810.0354   13.3004
    7.5000  -22.5000   -7.5000 2766.2673   13.5369
   -7.5000  -15.0000   -7.5000 2859.8125   12.8355
    0.0000  -15.0000   -7.5000 2872.4338   12.8712
    7.5000  -15.0000   -7.5000 2818.2871   13.0890
   -7.5000   -7.5000   -7.5000 2887.5190   12.7351
    0.0000   -7.5000   -7.5000 2902.9321   12.7540
    7.5000   -7.5000   -7.5000 2852.5706   12.9309
   -7.5000    0.0000   -7.5000 2877.9456   12.9004
    0.0000    0.0000   -7.5000 2893.8835   12.9019
    7.5000    0.0000   -7.5000 2852.2573   13.0961
   -7.5000    7.5000   -7.5000 2841.6968   13.3565
    0.0000    7.5000   -7.5000 2848.5425   13.3363
    7.5000    7.5000   -7.5000 2810.5151   13.5542
   -7.5000   15.0000   -7.5000 2753.1440   14.1389
    0.0000   15.0000   -7.5000 2759.4922   14.1060
    7.5000   15.0000   -7.5000 2723.4199   14.3225
   -7.5000   22.5000   -7.5000 2641.6252   15.2130
    0.0000   22.5000   -7.5000 2651.5718   15.1709
    7.5000   22.5000   -7.5000 2615.0706   15.4073
   -7.5000   30.0000   -7.5000 2517.7783   16.6511
    0.0000   30.0000   -7.5000 2523.5422   16.6016
    7.5000   30.0000   -7.5000 2488.8994   16.8474
   -7.5000   37.5000   -7.5000 2378.7095   18.4866
    0.0000   37.5000   -7.5000 2381.4221   18.4372
    7.5000   37.5000   -7.5000 2348.1729   18.7233
   -7.5000   45.0000   -7.5000 2218.5901   20.7562
    0.0000   45.0000   -7.5000 2226.1118   20.7026
    7.5000   45.0000   -7.5000 2196.6013   21.0575
   -7.5000  -45.0000    0.0000 2503.2463   16.1921
    0.0000  -45.0000    0.0000 2508.7861   16.0464
    7.5000  -45.0000    0.0000 2491.8611   16.4729
   -7.5000  -37.5000    0.0000 2626.8872   14.7532
    0.0000  -37.5000    0.0000 2634.8840   14.6308
    7.5000  -37.5000    0.0000 2611.9644   14.9876
   -7.5000  -30.0000    0.0000 2733.1919   13.7167
    0.0000  -30.0000    0.0000 2745.9692   13.6264
    7.5000  -30.0000    0.0000 2717.1755   13.9304
   -7.5000  -22.5000    0.0000 2839.2737   13.0264
    0.0000  -22.5000    0.0000 2854.5178   12.9571
    7.5000  -22.5000    0.0000 2811.1233   13.2143
   -7.5000  -15.0000    0.0000 2910.7390   12.4256
    0.0000  -15.0000    0.0000 2932.0195   12.4258
    7.5000  -15.0000    0.0000 2870.1831   12.7752
   -7.5000   -7.5000    0.0000 2944.8572   12.2315
    0.0000   -7.5000    0.0000 2967.2820   12.1734
    7.5000   -7.5000    0.0000 2908.7500   12.5666
   -7.5000    0.0000    0.0000 2934.2791   12.4867
    0.0000    0.0000    0.0000 2950.2322   12.4325
    7.5000    0.0000    0.0000 2909.8359   12.7523
   -7.5000    7.5000    0.0000 2883.7737   13.0145
    0.0000    7.5000    0.0000 2890.9224   12.9811
    7.5000    7.5000    0.0000 2860.1350   13.2672
   -7.5000   15.0000    0.0000 2785.9651   13.8039
    0.0000   15.0000    0.0000 2792.0596   13.7695
    7.5000   15.0000    0.0000 2763.5334   14.0560
   -7.5000   22.5000    0.0000 2667.1892   14.8888
    0.0000   22.5000    0.0000 2676.4436   14.8597
    7.5000   22.5000    0.0000 2643.4910   15.1491
   -7.5000   30.0000    0.0000 2537.3293   16.3110
    0.0000   30.0000    0.0000 2544.7893   16.2984
    7.5000   30.0000    0.0000 2508.3994   16.5997
   -7.5000   37.5000    0.0000 2399.0557   18.0748
    0.0000   37.5000    0.0000 2403.1196   18.0704
    7.5000   37.5000    0.0000 2369.6948   18.3878
   -7.5000   45.0000    0.0000 2237.3882   20.3018
    0.0000   45.0000    0.0000 2243.4065   20.2640
    7.5000   45.0000    0.0000 2214.7039   20.6537
   -7.5000  -45.0000    7.5000 2505.9016   16.1119
    0.0000  -45.0000    7.5000 2515.8789   15.8820
    7.5000  -45.0000    7.5000 2492.1694   16.3003
   -7.5000  -37.5000    7.5000 2633.7776   14.6761
    0.0000  -37.5000    7.5000 2641.0122   14.4639
    7.5000  -37.5000    7.5000 2616.4878   14.8629
   -7.5000  -30.0000    7.5000 2751.0742   13.6520
    0.0000  -30.0000    7.5000 2755.9917   13.4363
    7.5000  -30.0000    7.5000 2728.4534   13.8080
   -7.5000  -22.5000    7.5000 2854.7104   12.9282
    0.0000  -22.5000    7.5000 2870.3340   12.7411
    7.5000  -22.5000    7.5000 2830.3384   13.0991
   -7.5000  -15.0000    7.5000 2930.3064   12.3566
    0.0000  -15.0000    7.5000 2951.0083   12.1654
    7.5000  -15.0000    7.5000 2895.5264   12.6800
   -7.5000   -7.5000    7.5000 2967.7610   12.0938
    0.0000   -7.5000    7.5000 2989.2339   11.9267
    7.5000   -7.5000    7.5000 2935.9346   12.5235
   -7.5000    0.0000    7.5000 2961.3005   12.3674
    0.0000    0.0000    7.5000 2977.8953   12.2825
    7.5000    0.0000    7.5000 2935.8254   12.7167
   -7.5000    7.5000    7.5000 2895.5483   13.0023
    0.0000    7.5000    7.5000 2913.7246   12.9381
    7.5000    7.5000    7.5000 2878.5276   13.2327
   -7.5000   15.0000    7.5000 2792.9487   13.8051
    0.0000   15.0000    7.5000 2807.4517   13.7521
    7.5000   15.0000    7.5000 2776.0520   13.9834
   -7.5000   22.5000    7.5000 2667.5862   14.8559
    0.0000   22.5000    7.5000 2678.7361   14.8130
    7.5000   22.5000    7.5000 2648.6108   15.0434
   -7.5000   30.0000    7.5000 2537.7598   16.2050
    0.0000   30.0000    7.5000 2543.9302   16.1838
    7.5000   30.0000    7.5000 2514.7202   16.4424
   -7.5000   37.5000    7.5000 2396.6399   17.8985
    0.0000   37.5000    7.5000 2401.6848   17.9110
    7.5000   37.5000    7.5000 2376.7419   18.2053
   -7.5000   45.0000    7.5000 2235.8601   20.1024
    0.0000   45.0000    7.5000 2239.3962   20.0468
    7.5000   45.0000    7.5000 2214.6421   20.3873
   -7.5000  -45.0000   15.0000 2497.4612   16.3210
    0.0000  -45.0000   15.0000 2512.0015   16.0754
    7.5000  -45.0000   15.0000 2482.9878   16.4930
   -7.5000  -37.5000   15.0000 2628.1436   14.8771
    0.0000  -37.5000   15.0000 2639.0906   14.6224
    7.5000  -37.5000   15.0000 2612.1379   15.0463
   -7.5000  -30.0000   15.0000 2745.3501   13.8111
    0.0000  -30.0000   15.0000 2755.0632   13.5546
    7.5000  -30.0000   15.0000 2724.3171   13.9528
   -7.5000  -22.5000   15.0000 2836.9565   13.0665
    0.0000  -22.5000   15.0000 2846.8254   12.8016
    7.5000  -22.5000   15.0000 2819.0620   13.2347
   -7.5000  -15.0000   15.0000 2909.4465   12.5551
    0.0000  -15.0000   15.0000 2927.1450   12.3394
    7.5000  -15.0000   15.0000 2884.8025   12.8081
   -7.5000   -7.5000   15.0000 2951.5776   12.4705
    0.0000   -7.5000   15.0000 2971.0266   12.3163
    7.5000   -7.5000   15.0000 2917.3682   12.7050
   -7.5000    0.0000   15.0000 2933.5005   12.7250
    0.0000    0.0000   15.0000 2955.2007   12.6403
    7.5000    0.0000   15.0000 2906.6824   12.9082
   -7.5000    7.5000   15.0000 2876.2617   13.2589
    0.0000    7.5000   15.0000 2891.1157   13.2109
    7.5000    7.5000   15.0000 2850.4412   13.3886
   -7.5000   15.0000   15.0000 2773.5940   13.9935
    0.0000   15.0000   15.0000 2783.7739   13.9388
    7.5000   15.0000   15.0000 2752.9661   14.1158
   -7.5000   22.5000   15.0000 2650.5447   14.9700
    0.0000   22.5000   15.0000 2662.9568   14.9409
    7.5000   22.5000   15.0000 2633.8479   15.1343
   -7.5000   30.0000   15.0000 2521.7092   16.2545
    0.0000   30.0000   15.0000 2533.3591   16.2401
    7.5000   30.0000   15.0000 2501.0305   16.4783
   -7.5000   37.5000   15.0000 2373.8345   17.9163
    0.0000   37.5000   15.0000 2380.8469   17.9006
    7.5000   37.5000   15.0000 2357.1812   18.2049
   -7.5000   45.0000   15.0000 2215.9072   20.1316
    0.0000   45.0000   15.0000 2219.1851   20.0563
    7.5000   45.0000   15.0000 2199.9434   20.4197
   -7.5000  -45.0000   22.5000 2483.5405   16.7130
    0.0000  -45.0000   22.5000 2503.0127   16.5540
    7.5000  -45.0000   22.5000 2471.4336   16.8933
   -7.5000  -37.5000   22.5000 2611.2656   15.3068
    0.0000  -37.5000   22.5000 2630.4583   15.1393
    7.5000  -37.5000   22.5000 2594.2913   15.4537
   -7.5000  -30.0000   22.5000 2719.3052   14.2608
    0.0000  -30.0000   22.5000 2737.0425   14.0714
    7.5000  -30.0000   22.5000 2700.1416   14.3708
   -7.5000  -22.5000   22.5000 2806.4807   13.5103
    0.0000  -22.5000   22.5000 2821.7837   13.3007
    7.5000  -22.5000   22.5000 2785.7432   13.6498
   -7.5000  -15.0000   22.5000 2870.3384   13.0441
    0.0000  -15.0000   22.5000 2883.6416   12.8935
    7.5000  -15.0000   22.5000 2840.6379   13.2437
   -7.5000   -7.5000   22.5000 2898.4460   12.9891
    0.0000   -7.5000   22.5000 2912.6060   12.8395
    7.5000   -7.5000   22.5000 2868.3757   13.1540
   -7.5000    0.0000   22.5000 2874.6011   13.2093
    0.0000    0.0000   22.5000 2891.5215   13.0770
    7.5000    0.0000   22.5000 2850.0320   13.3270
   -7.5000    7.5000   22.5000 2819.2776   13.6820
    0.0000    7.5000   22.5000 2831.8669   13.5927
    7.5000    7.5000   22.5000 2795.4944   13.7821
   -7.5000   15.0000   22.5000 2724.0400   14.4181
    0.0000   15.0000   22.5000 2734.6628   14.3418
    7.5000   15.0000   22.5000 2705.7126   14.5228
   -7.5000   22.5000   22.5000 2614.4241   15.3567
    0.0000   22.5000   22.5000 2626.1489   15.3018
    7.5000   22.5000   22.5000 2598.9993   15.4990
   -7.5000   30.0000   22.5000 2492.2642   16.6093
    0.0000   30.0000   22.5000 2497.3049   16.5460
    7.5000   30.0000   22.5000 2469.2603   16.7955
   -7.5000   37.5000   22.5000 2340.2756   18.2598
    0.0000   37.5000   22.5000 2346.4448   18.1932
    7.5000   37.5000   22.5000 2324.7742   18.4698
   -7.5000   45.0000   22.5000 2184.2498   20.3925
    0.0000   45.0000   22.5000 2193.3923   20.2839
    7.5000   45.0000   22.5000 2171.0178   20.6525
   -7.5000  -45.0000   30.0000 2454.9250   17.3893
    0.0000  -45.0000   30.0000 2474.2700   17.3282
    7.5000  -45.0000   30.0000 2440.7742   17.5978
   -7.5000  -37.5000   30.0000 2575.8999   15.9692
    0.0000  -37.5000   30.0000 2598.4675   15.9021
    7.5000  -37.5000   30.0000 2558.8682   16.1481
   -7.5000  -30.0000   30.0000 2674.5076   14.9043
    0.0000  -30.0000   30.0000 2696.5352   14.7811
    7.5000  -30.0000   30.0000 2656.5552   15.0409
   -7.5000  -22.5000   30.0000 2755.6707   14.1548
    0.0000  -22.5000   30.0000 2776.9380   13.9881
    7.5000  -22.5000   30.0000 2736.7334   14.2857
   -7.5000  -15.0000   30.0000 2808.6594   13.6713
    0.0000  -15.0000   30.0000 2825.5864   13.5550
    7.5000  -15.0000   30.0000 2786.6067   13.8372
   -7.5000   -7.5000   30.0000 2822.6042   13.5857
    0.0000   -7.5000   30.0000 2841.3657   13.4489
    7.5000   -7.5000   30.0000 2804.4658   13.7516
   -7.5000    0.0000   30.0000 2797.2185   13.7395
    0.0000    0.0000   30.0000 2815.3098   13.6260
    7.5000    0.0000   30.0000 2782.4270   13.8813
   -7.5000    7.5000   30.0000 2740.4312   14.2285
    0.0000    7.5000   30.0000 2753.6912   14.1190
    7.5000    7.5000   30.0000 2724.6611   14.3218
   -7.5000   15.0000   30.0000 2659.7908   14.9457
    0.0000   15.0000   30.0000 2674.7332   14.8717
    7.5000   15.0000   30.0000 2642.1682   15.0634
   -7.5000   22.5000   30.0000 2556.0793   15.9203
    0.0000   22.5000   30.0000 2570.4263   15.8687
    7.5000   22.5000   30.0000 2541.4944   16.0334
   -7.5000   30.0000   30.0000 2437.1030   17.1717
    0.0000   30.0000   30.0000 2443.6331   17.0998
    7.5000   30.0000   30.0000 2415.4766   17.3037
   -7.5000   37.5000   30.0000 2295.7512   18.8067
    0.0000   37.5000   30.0000 2302.0752   18.7130
    7.5000   37.5000   30.0000 2275.7883   18.9718
   -7.5000   45.0000   30.0000 2149.8262   20.9426
    0.0000   45.0000   30.0000 2153.3696   20.8469
    7.5000   45.0000   30.0000 2133.1338   21.1891
   -7.5000  -45.0000   37.5000 2410.9597   18.2430
    0.0000  -45.0000   37.5000 2435.8567   18.2236
    7.5000  -45.0000   37.5000 2399.7742   18.4661
   -7.5000  -37.5000   37.5000 2527.0542   16.7789
    0.0000  -37.5000   37.5000 2552.4614   16.7349
    7.5000  -37.5000   37.5000 2509.5295   16.9584
   -7.5000  -30.0000   37.5000 2621.4104   15.6904
    0.0000  -30.0000   37.5000 2643.1992   15.5943
    7.5000  -30.0000   37.5000 2600.4412   15.8451
   -7.5000  -22.5000   37.5000 2691.6917   14.9167
    0.0000  -22.5000   37.5000 2712.0820   14.8184
    7.5000  -22.5000   37.5000 2674.4104   15.0719
   -7.5000  -15.0000   37.5000 2733.5952   14.4313
    0.0000  -15.0000   37.5000 2748.5295   14.3483
    7.5000  -15.0000   37.5000 2713.6406   14.6125
   -7.5000   -7.5000   37.5000 2740.3928   14.3033
    0.0000   -7.5000   37.5000 2761.0005   14.1863
    7.5000   -7.5000   37.5000 2725.7065   14.4774
   -7.5000    0.0000   37.5000 2717.2219   14.4372
    0.0000    0.0000   37.5000 2734.8501   14.3273
    7.5000    0.0000   37.5000 2702.8323   14.5774
   -7.5000    7.5000   37.5000 2661.0132   14.9393
    0.0000    7.5000   37.5000 2674.4885   14.8413
    7.5000    7.5000   37.5000 2645.9729   15.0461
   -7.5000   15.0000   37.5000 2588.2947   15.6473
    0.0000   15.0000   37.5000 2596.7371   15.6001
    7.5000   15.0000   37.5000 2568.8787   15.7720
   -7.5000   22.5000   37.5000 2488.5732   16.6281
    0.0000   22.5000   37.5000 2499.5344   16.6189
    7.5000   22.5000   37.5000 2473.6533   16.7713
   -7.5000   30.0000   37.5000 2366.6509   17.8958
    0.0000   30.0000   37.5000 2379.0947   17.8611
    7.5000   30.0000   37.5000 2349.6458   18.0361
   -7.5000   37.5000   37.5000 2241.4573   19.5556
    0.0000   37.5000   37.5000 2248.6487   19.5167
    7.5000   37.5000   37.5000 2227.4734   19.7420
   -7.5000   45.0000   37.5000 2099.7368   21.7426
    0.0000   45.0000   37.5000 2103.5649   21.6759
    7.5000   45.0000   37.5000 2089.0430   21.9555
   -7.5000  -45.0000   45.0000 2359.0479   19.3479
    0.0000  -45.0000   45.0000 2387.3220   19.3230
    7.5000  -45.0000   45.0000 2345.7468   19.5644
   -7.5000  -37.5000   45.0000 2465.2991   17.8118
    0.0000  -37.5000   45.0000 2486.8567   17.7412
    7.5000  -37.5000   45.0000 2445.4265   17.9803
   -7.5000  -30.0000   45.0000 2555.6658   16.6853
    0.0000  -30.0000   45.0000 2570.4602   16.5938
    7.5000  -30.0000   45.0000 2532.0808   16.8193
   -7.5000  -22.5000   45.0000 2615.8069   15.8995
    0.0000  -22.5000   45.0000 2630.6218   15.8196
    7.5000  -22.5000   45.0000 2597.3999   16.0417
   -7.5000  -15.0000   45.0000 2643.3879   15.4082
    0.0000  -15.0000   45.0000 2655.6885   15.3393
    7.5000  -15.0000   45.0000 2626.2253   15.6031
   -7.5000   -7.5000   45.0000 2647.7905   15.2485
    0.0000   -7.5000   45.0000 2661.9531   15.1510
    7.5000   -7.5000   45.0000 2631.7891   15.4293
   -7.5000    0.0000   45.0000 2628.9543   15.3638
    0.0000    0.0000   45.0000 2642.2139   15.2601
    7.5000    0.0000   45.0000 2616.7139   15.5334
   -7.5000    7.5000   45.0000 2577.6047   15.8709
    0.0000    7.5000   45.0000 2588.2483   15.7779
    7.5000    7.5000   45.0000 2563.9260   16.0116
   -7.5000   15.0000   45.0000 2505.4253   16.5889
    0.0000   15.0000   45.0000 2512.1453   16.5445
    7.5000   15.0000   45.0000 2489.2300   16.7248
   -7.5000   22.5000   45.0000 2408.2356   17.5854
    0.0000   22.5000   45.0000 2417.2007   17.5740
    7.5000   22.5000   45.0000 2396.1213   17.7597
   -7.5000   30.0000   45.0000 2292.0669   18.8891
    0.0000   30.0000   45.0000 2303.8098   18.8550
    7.5000   30.0000   45.0000 2283.0667   19.0291
   -7.5000   37.5000   45.0000 2173.0830   20.5863
    0.0000   37.5000   45.0000 2178.1521   20.5244
    7.5000   37.5000   45.0000 2160.3372   20.7646
   -7.5000   45.0000   45.0000 2036.9570   22.8460
    0.0000   45.0000   45.0000 2039.8712   22.7357
    7.5000   45.0000   45.0000 2026.7581   23.0370

---------------------------------------------------------------------
imgreg_4dfp /opt/freesurfer/average/711-2C_as_mni_average_305 /opt/freesurfer/average/711-2B_as_mni_average_305_mask talsrcimg_g11 none talsrcimg_to_711-2C_as_mni_average_305_t4 1283
---------------------------------------------------------------------

freesurfer imgreg_4dfp.c
/opt/freesurfer/average/711-2C_as_mni_average_305.4dfp.img
       256       256       256         1
  1.000000  1.000000  1.000000
orientation T byte_order littleendian
Reading image: /opt/freesurfer/average/711-2C_as_mni_average_305.4dfp.img
dimensions:      256       256       256
mmppix:       1.0000   -1.0000   -1.0000
center:     128.0000 -129.0000 -129.0000
/opt/freesurfer/average/711-2B_as_mni_average_305_mask.4dfp.img
       256       256       256         1
  1.000000  1.000000  1.000000
orientation T byte_order littleendian
Reading mask: /opt/freesurfer/average/711-2B_as_mni_average_305_mask.4dfp.img (2306576 pixels)
talsrcimg_g11.4dfp.img
       256       256       256         1
  1.000000  1.000000  1.000000
orientation T byte_order littleendian
Reading image: talsrcimg_g11.4dfp.img
dimensions:      256       256       256
mmppix:       1.0000   -1.0000   -1.0000
center:     128.0000 -129.0000 -129.0000
rotation matrix determinant  1.000000
fimgreg.f
image alignment mode   1283 decimal      503 hex
parameters
    0.0000   -7.5000    7.5000    0.0000    0.0000    0.0000
eta,q 0.93756 11.94810
niter,ni,del,rscale     5    3   12.0000    1.2000
parameter  2 -0.791731 -> -0.500000 qaram    1.1500
parameter  3  0.574251 ->  0.500000 qaram    1.1500
parameter  6 -0.516875 -> -0.500000 qaram    1.1500
parameters
   -1.0140   -4.0500    4.0500    2.5479    0.1252    3.4500
eta,q 0.93712 12.11350
  0.0699  0.0691  0.0641  0.0687  0.0656  0.0668
  0.0677  0.0669  0.0636  0.0664  0.0646  0.0647
  0.0650  0.0657  0.0633  0.0647  0.0640  0.0635
  0.0646  0.0642  0.0638  0.0639  0.0633  0.0632
  0.0668  0.0637  0.0653  0.0633  0.0628  0.0629
  0.0703  0.0634  0.0660  0.0635  0.0639  0.0628
  0.0762  0.0633  0.0665  0.0641  0.0662  0.0628
niter,ni,del,rscale     7    3   12.0000    1.2000
parameter  4 -0.603309 -> -0.500000 qaram    1.1500
parameters
   -0.8514   -6.3260    6.2010    5.9979    2.6023    2.1702
eta,q 0.94372 11.92668
  0.0703  0.0654  0.0706  0.0700  0.0627  0.0596
  0.0668  0.0609  0.0640  0.0671  0.0605  0.0577
  0.0649  0.0599  0.0603  0.0620  0.0590  0.0564
  0.0629  0.0628  0.0600  0.0588  0.0574  0.0565
  0.0639  0.0654  0.0588  0.0579  0.0565  0.0582
  0.0665  0.0683  0.0595  0.0573  0.0566  0.0601
  0.0697  0.0753  0.0612  0.0586  0.0582  0.0624
niter,ni,del,rscale     7    3   12.0000    1.2000
parameters
   -0.9295   -7.2709    7.2057    6.2119    2.4612    1.8359
eta,q 0.94473 11.86576
  0.0655  0.0663  0.0649  0.0651  0.0599  0.0611
  0.0623  0.0601  0.0594  0.0586  0.0577  0.0584
  0.0589  0.0565  0.0580  0.0556  0.0562  0.0562
  0.0563  0.0563  0.0560  0.0552  0.0552  0.0553
  0.0576  0.0600  0.0555  0.0561  0.0551  0.0564
  0.0614  0.0657  0.0581  0.0591  0.0574  0.0593
  0.0674  0.0721  0.0605  0.0629  0.0612  0.0624
niter,ni,del,rscale     6    3   12.0000    1.2000
parameters
   -0.8464   -7.3661    7.1511    6.2522    2.4178    1.8154
eta,q 0.94473 11.86003
  0.0656  0.0683  0.0620  0.0646  0.0602  0.0616
  0.0619  0.0628  0.0584  0.0583  0.0578  0.0588
  0.0582  0.0572  0.0572  0.0555  0.0562  0.0565
  0.0553  0.0552  0.0552  0.0553  0.0553  0.0553
  0.0562  0.0573  0.0566  0.0564  0.0551  0.0561
  0.0604  0.0630  0.0590  0.0595  0.0573  0.0588
  0.0664  0.0693  0.0621  0.0632  0.0611  0.0619
niter,ni,del,rscale     5    3   12.0000    1.2000
parameters
   -0.8482   -7.4045    7.1569    6.2674    2.4102    1.8063
eta,q 0.94472 11.85748
  0.0654  0.0685  0.0621  0.0645  0.0602  0.0616
  0.0618  0.0630  0.0584  0.0583  0.0579  0.0589
  0.0581  0.0574  0.0573  0.0555  0.0562  0.0566
  0.0553  0.0553  0.0553  0.0553  0.0553  0.0553
  0.0564  0.0572  0.0566  0.0564  0.0551  0.0561
  0.0607  0.0629  0.0590  0.0595  0.0573  0.0588
  0.0667  0.0691  0.0619  0.0632  0.0610  0.0619
registration optimization eta report
parameter search radius
    6.0000    6.9000    6.9000    6.9000    6.0000    6.9000
100000*second partial in parameter space
       29.       28.       13.       18.       15.       13.
  0.0654  0.0685  0.0621  0.0645  0.0602  0.0616
  0.0618  0.0630  0.0584  0.0583  0.0579  0.0589
  0.0581  0.0574  0.0573  0.0555  0.0562  0.0566
  0.0553  0.0553  0.0553  0.0553  0.0553  0.0553
  0.0564  0.0572  0.0566  0.0564  0.0551  0.0561
  0.0607  0.0629  0.0590  0.0595  0.0573  0.0588
  0.0667  0.0691  0.0619  0.0632  0.0610  0.0619
   -0.8482   -7.4045    7.1569    6.2674    2.4102    1.8063
eta,q 0.94472 11.85748

---------------------------------------------------------------------
imgreg_4dfp /opt/freesurfer/average/711-2C_as_mni_average_305 /opt/freesurfer/average/711-2B_as_mni_average_305_mask talsrcimg_g11 none talsrcimg_to_711-2C_as_mni_average_305_t4 3335
---------------------------------------------------------------------

freesurfer imgreg_4dfp.c
/opt/freesurfer/average/711-2C_as_mni_average_305.4dfp.img
       256       256       256         1
  1.000000  1.000000  1.000000
orientation T byte_order littleendian
Reading image: /opt/freesurfer/average/711-2C_as_mni_average_305.4dfp.img
dimensions:      256       256       256
mmppix:       1.0000   -1.0000   -1.0000
center:     128.0000 -129.0000 -129.0000
/opt/freesurfer/average/711-2B_as_mni_average_305_mask.4dfp.img
       256       256       256         1
  1.000000  1.000000  1.000000
orientation T byte_order littleendian
Reading mask: /opt/freesurfer/average/711-2B_as_mni_average_305_mask.4dfp.img (2306576 pixels)
talsrcimg_g11.4dfp.img
       256       256       256         1
  1.000000  1.000000  1.000000
orientation T byte_order littleendian
Reading image: talsrcimg_g11.4dfp.img
dimensions:      256       256       256
mmppix:       1.0000   -1.0000   -1.0000
center:     128.0000 -129.0000 -129.0000
fimgreg.f
image alignment mode   3335 decimal      D07 hex
parameters
   -0.8482   -7.4045    7.1569   -0.1381   -0.6615   -0.6856
   -3.5920   -3.8340    3.1492  -11.0432    4.2054   10.9072
eta,q 0.94304 11.92910
niter,ni,del,rscale     5    3    5.0000    1.2000
parameter  3 -1.134465 -> -0.500000 qaram    1.1500
parameter  4  6.293355 ->  0.500000 qaram    1.1500
parameter  5  2.964350 ->  0.500000 qaram    1.1500
parameter  6  2.759506 ->  0.500000 qaram    1.1500
parameter  8 -0.709785 -> -0.500000 qaram    1.1500
parameter 12  1.251312 ->  0.500000 qaram    1.1500
parameters
   -0.8346   -7.0974    8.5369   -4.2781   -4.8015   -4.8256
   -4.0257    0.3060    3.5011  -10.7866    2.4847    6.7672
eta,q 0.96330 11.46619
  0.0581  0.0585  0.0585  0.0474  0.0441  0.0379  0.0415  0.0468  0.0399  0.0420  0.0392  0.0362
  0.0575  0.0578  0.0578  0.0497  0.0459  0.0395  0.0406  0.0444  0.0390  0.0401  0.0385  0.0366
  0.0572  0.0573  0.0573  0.0529  0.0479  0.0424  0.0402  0.0421  0.0385  0.0388  0.0381  0.0372
  0.0570  0.0570  0.0569  0.0564  0.0505  0.0465  0.0401  0.0401  0.0382  0.0382  0.0382  0.0381
  0.0570  0.0569  0.0566  0.0597  0.0535  0.0504  0.0404  0.0386  0.0383  0.0385  0.0388  0.0394
  0.0574  0.0573  0.0564  0.0631  0.0564  0.0542  0.0409  0.0382  0.0388  0.0396  0.0397  0.0409
  0.0582  0.0580  0.0563  0.0668  0.0597  0.0585  0.0417  0.0392  0.0396  0.0416  0.0409  0.0425
niter,ni,del,rscale     7    3    5.0000    1.2000
parameter  4  1.537047 ->  0.500000 qaram    1.3225
parameter  5  3.318671 ->  0.500000 qaram    1.3225
parameters
   -1.9290   -8.2002    8.4612   -9.0391   -9.5625   -8.4123
   -4.3404    0.2739    4.1278   -9.8576    2.3797    3.8881
eta,q 0.97625 11.28137
  0.0371  0.0362  0.0389  0.0284  0.0214  0.0256  0.0271  0.0318  0.0271  0.0291  0.0259  0.0247
  0.0362  0.0357  0.0371  0.0289  0.0234  0.0247  0.0255  0.0278  0.0257  0.0267  0.0248  0.0240
  0.0361  0.0357  0.0360  0.0314  0.0263  0.0240  0.0244  0.0251  0.0246  0.0250  0.0242  0.0237
  0.0367  0.0360  0.0356  0.0356  0.0294  0.0242  0.0241  0.0241  0.0241  0.0241  0.0240  0.0240
  0.0382  0.0368  0.0361  0.0406  0.0328  0.0277  0.0247  0.0250  0.0242  0.0242  0.0243  0.0248
  0.0404  0.0381  0.0374  0.0459  0.0366  0.0343  0.0259  0.0278  0.0250  0.0253  0.0249  0.0259
  0.0431  0.0396  0.0392  0.0505  0.0403  0.0403  0.0277  0.0320  0.0263  0.0271  0.0260  0.0273
niter,ni,del,rscale     7    3    5.0000    1.2000
parameter  5  0.528398 ->  0.500000 qaram    1.5209
parameters
   -2.0051   -9.0589    7.3508  -11.8340  -15.0376   -8.1011
   -3.8998    0.1368    5.0026  -10.3326    2.4638    4.9071
eta,q 0.97868 11.10644
  0.0277  0.0246  0.0238  0.0258  0.0231  0.0247  0.0246  0.0274  0.0241  0.0243  0.0225  0.0235
  0.0255  0.0236  0.0231  0.0242  0.0217  0.0234  0.0230  0.0239  0.0228  0.0224  0.0219  0.0224
  0.0241  0.0233  0.0229  0.0231  0.0215  0.0224  0.0219  0.0219  0.0219  0.0215  0.0215  0.0217
  0.0237  0.0237  0.0233  0.0229  0.0230  0.0215  0.0214  0.0214  0.0214  0.0214  0.0213  0.0213
  0.0244  0.0248  0.0242  0.0250  0.0260  0.0205  0.0216  0.0220  0.0214  0.0219  0.0214  0.0214
  0.0259  0.0265  0.0256  0.0293  0.0299  0.0213  0.0225  0.0241  0.0220  0.0231  0.0218  0.0219
  0.0282  0.0286  0.0276  0.0349  0.0339  0.0258  0.0239  0.0279  0.0231  0.0251  0.0225  0.0227
niter,ni,del,rscale     7    3    5.0000    1.2000
parameters
   -1.8106   -8.8579    7.8027  -11.3961  -15.4359   -8.1159
   -4.1947    0.2626    4.9244  -10.3699    2.2559    4.8443
eta,q 0.97885 11.10613
  0.0252  0.0248  0.0239  0.0262  0.0271  0.0244  0.0238  0.0277  0.0234  0.0243  0.0223  0.0229
  0.0232  0.0229  0.0225  0.0241  0.0245  0.0230  0.0223  0.0240  0.0222  0.0224  0.0216  0.0219
  0.0219  0.0217  0.0217  0.0225  0.0223  0.0220  0.0214  0.0218  0.0214  0.0214  0.0213  0.0213
  0.0213  0.0213  0.0213  0.0212  0.0211  0.0211  0.0212  0.0211  0.0212  0.0212  0.0212  0.0211
  0.0215  0.0215  0.0213  0.0208  0.0217  0.0202  0.0216  0.0217  0.0214  0.0215  0.0213  0.0214
  0.0224  0.0223  0.0217  0.0225  0.0246  0.0213  0.0227  0.0237  0.0222  0.0226  0.0217  0.0219
  0.0242  0.0237  0.0226  0.0264  0.0287  0.0261  0.0243  0.0273  0.0235  0.0243  0.0225  0.0229
niter,ni,del,rscale     6    3    5.0000    1.2000
parameters
   -1.8145   -8.8689    7.8302  -11.3478  -15.4761   -8.0688
   -4.1645    0.2849    4.9659  -10.3697    2.2263    4.8791
eta,q 0.97887 11.10894
  0.0246  0.0241  0.0231  0.0259  0.0274  0.0244  0.0240  0.0275  0.0234  0.0243  0.0224  0.0229
  0.0227  0.0224  0.0220  0.0239  0.0247  0.0230  0.0225  0.0238  0.0222  0.0224  0.0217  0.0219
  0.0216  0.0214  0.0214  0.0223  0.0224  0.0220  0.0215  0.0217  0.0214  0.0214  0.0213  0.0213
  0.0211  0.0211  0.0211  0.0211  0.0211  0.0211  0.0211  0.0211  0.0211  0.0211  0.0211  0.0211
  0.0215  0.0215  0.0213  0.0209  0.0215  0.0201  0.0215  0.0217  0.0213  0.0215  0.0213  0.0213
  0.0227  0.0225  0.0219  0.0229  0.0242  0.0213  0.0224  0.0238  0.0221  0.0225  0.0217  0.0219
  0.0247  0.0240  0.0231  0.0269  0.0282  0.0260  0.0240  0.0275  0.0234  0.0242  0.0224  0.0229
registration optimization eta report
parameter search radius
    2.4000    2.4000    2.7600    9.5220   10.9503    8.2800
    7.2000    8.2800    7.2000    7.2000    7.2000    8.2800
100000*second partial in parameter space
       60.       50.       26.        6.        6.        6.
        6.        9.        4.        6.        2.        3.
  0.0246  0.0241  0.0231  0.0259  0.0274  0.0244  0.0240  0.0275  0.0234  0.0243  0.0224  0.0229
  0.0227  0.0224  0.0220  0.0239  0.0247  0.0230  0.0225  0.0238  0.0222  0.0224  0.0217  0.0219
  0.0216  0.0214  0.0214  0.0223  0.0224  0.0220  0.0215  0.0217  0.0214  0.0214  0.0213  0.0213
  0.0211  0.0211  0.0211  0.0211  0.0211  0.0211  0.0211  0.0211  0.0211  0.0211  0.0211  0.0211
  0.0215  0.0215  0.0213  0.0209  0.0215  0.0201  0.0215  0.0217  0.0213  0.0215  0.0213  0.0213
  0.0227  0.0225  0.0219  0.0229  0.0242  0.0213  0.0224  0.0238  0.0221  0.0225  0.0217  0.0219
  0.0247  0.0240  0.0231  0.0269  0.0282  0.0260  0.0240  0.0275  0.0234  0.0242  0.0224  0.0229
   -1.8145   -8.8689    7.8302  -11.3478  -15.4761   -8.0688
   -4.1645    0.2849    4.9659  -10.3697    2.2263    4.8791
eta,q 0.97887 11.10894

---------------------------------------------------------------------
imgreg_4dfp /opt/freesurfer/average/711-2C_as_mni_average_305 /opt/freesurfer/average/711-2B_as_mni_average_305_mask talsrcimg_g11 none talsrcimg_to_711-2C_as_mni_average_305_t4 2311
---------------------------------------------------------------------

freesurfer imgreg_4dfp.c
/opt/freesurfer/average/711-2C_as_mni_average_305.4dfp.img
       256       256       256         1
  1.000000  1.000000  1.000000
orientation T byte_order littleendian
Reading image: /opt/freesurfer/average/711-2C_as_mni_average_305.4dfp.img
dimensions:      256       256       256
mmppix:       1.0000   -1.0000   -1.0000
center:     128.0000 -129.0000 -129.0000
/opt/freesurfer/average/711-2B_as_mni_average_305_mask.4dfp.img
       256       256       256         1
  1.000000  1.000000  1.000000
orientation T byte_order littleendian
Reading mask: /opt/freesurfer/average/711-2B_as_mni_average_305_mask.4dfp.img (2306576 pixels)
talsrcimg_g11.4dfp.img
       256       256       256         1
  1.000000  1.000000  1.000000
orientation T byte_order littleendian
Reading image: talsrcimg_g11.4dfp.img
dimensions:      256       256       256
mmppix:       1.0000   -1.0000   -1.0000
center:     128.0000 -129.0000 -129.0000
fimgreg.f
image alignment mode   2311 decimal      907 hex
parameters
   -1.8145   -8.8689    7.8302  -11.3478  -15.4761   -8.0688
   -4.1645    0.2849    4.9659  -10.3697    2.2263    4.8791
eta,q 0.97887 11.10893
niter,ni,del,rscale     5    3    5.0000    0.8000
parameter  6 -0.521465 -> -0.500000 qaram    1.1500
parameters
   -1.7973   -8.9167    7.8533   -9.7065  -14.8096   -5.3088
   -4.3773    0.4343    4.7210  -10.1625    2.1921    4.3643
eta,q 0.98014 11.26417
  0.0227  0.0224  0.0218  0.0231  0.0227  0.0224  0.0214  0.0238  0.0210  0.0222  0.0210  0.0206
  0.0219  0.0216  0.0214  0.0223  0.0218  0.0218  0.0205  0.0218  0.0204  0.0209  0.0204  0.0202
  0.0213  0.0212  0.0212  0.0217  0.0211  0.0213  0.0200  0.0204  0.0200  0.0202  0.0200  0.0199
  0.0211  0.0211  0.0211  0.0211  0.0208  0.0207  0.0199  0.0199  0.0199  0.0199  0.0199  0.0199
  0.0213  0.0213  0.0212  0.0208  0.0207  0.0201  0.0201  0.0202  0.0200  0.0200  0.0200  0.0200
  0.0218  0.0218  0.0214  0.0209  0.0211  0.0199  0.0208  0.0214  0.0205  0.0207  0.0204  0.0204
  0.0227  0.0225  0.0217  0.0216  0.0220  0.0208  0.0217  0.0234  0.0213  0.0218  0.0211  0.0210
niter,ni,del,rscale     5    3    5.0000    0.8000
parameters
   -1.9814   -8.9811    7.9917  -10.4135  -14.8817   -6.4338
   -4.1414    0.2340    4.9253  -10.1596    2.1768    5.0126
eta,q 0.97985 11.22475
  0.0215  0.0212  0.0214  0.0214  0.0216  0.0218  0.0219  0.0228  0.0214  0.0219  0.0210  0.0211
  0.0205  0.0204  0.0206  0.0207  0.0207  0.0212  0.0210  0.0213  0.0208  0.0209  0.0205  0.0206
  0.0199  0.0199  0.0200  0.0201  0.0201  0.0205  0.0204  0.0204  0.0203  0.0204  0.0202  0.0203
  0.0199  0.0198  0.0198  0.0198  0.0198  0.0199  0.0202  0.0202  0.0202  0.0202  0.0202  0.0202
  0.0203  0.0200  0.0199  0.0202  0.0200  0.0203  0.0203  0.0205  0.0203  0.0203  0.0203  0.0202
  0.0212  0.0206  0.0203  0.0214  0.0206  0.0225  0.0208  0.0216  0.0206  0.0209  0.0205  0.0203
  0.0225  0.0214  0.0209  0.0232  0.0218  0.0262  0.0216  0.0232  0.0213  0.0219  0.0210  0.0207
niter,ni,del,rscale     4    3    5.0000    0.7000
parameters
   -1.9403   -9.0145    7.8212  -10.0979  -14.6981   -6.6280
   -4.2760    0.3212    4.9486  -10.1760    2.2791    5.0131
eta,q 0.97986 11.23309
  0.0217  0.0212  0.0207  0.0218  0.0215  0.0219  0.0213  0.0225  0.0211  0.0215  0.0208  0.0207
  0.0209  0.0206  0.0203  0.0211  0.0208  0.0213  0.0206  0.0212  0.0206  0.0207  0.0205  0.0204
  0.0203  0.0202  0.0202  0.0205  0.0203  0.0207  0.0202  0.0204  0.0203  0.0203  0.0202  0.0202
  0.0202  0.0201  0.0201  0.0201  0.0201  0.0201  0.0201  0.0201  0.0201  0.0201  0.0201  0.0201
  0.0203  0.0203  0.0203  0.0201  0.0201  0.0199  0.0203  0.0204  0.0202  0.0203  0.0202  0.0202
  0.0207  0.0207  0.0206  0.0206  0.0205  0.0208  0.0207  0.0211  0.0205  0.0207  0.0204  0.0204
  0.0215  0.0213  0.0211  0.0216  0.0214  0.0231  0.0214  0.0223  0.0211  0.0215  0.0208  0.0207
niter,ni,del,rscale     3    3    5.0000    0.6000
parameters
   -1.9460   -9.0131    7.7731   -9.9370  -14.6154   -6.3243
   -4.3045    0.3184    4.8988  -10.1587    2.2805    4.8573
eta,q 0.97999 11.24665
  0.0212  0.0210  0.0206  0.0214  0.0211  0.0217  0.0209  0.0218  0.0207  0.0211  0.0206  0.0204
  0.0206  0.0205  0.0203  0.0209  0.0206  0.0212  0.0204  0.0208  0.0203  0.0205  0.0202  0.0202
  0.0203  0.0202  0.0202  0.0204  0.0203  0.0207  0.0201  0.0202  0.0201  0.0201  0.0201  0.0200
  0.0201  0.0201  0.0201  0.0201  0.0201  0.0201  0.0200  0.0200  0.0200  0.0200  0.0200  0.0200
  0.0203  0.0202  0.0202  0.0201  0.0202  0.0198  0.0201  0.0202  0.0201  0.0201  0.0201  0.0201
  0.0206  0.0205  0.0204  0.0205  0.0205  0.0203  0.0204  0.0208  0.0203  0.0205  0.0203  0.0202
  0.0212  0.0209  0.0207  0.0214  0.0211  0.0218  0.0209  0.0219  0.0207  0.0211  0.0206  0.0205
niter,ni,del,rscale     2    3    5.0000    0.5000
parameters
   -1.9633   -9.0091    7.8039   -9.8846  -14.5872   -5.9773
   -4.3162    0.3044    4.8813  -10.1499    2.2268    4.7295
eta,q 0.98010 11.25683
  0.0208  0.0206  0.0205  0.0209  0.0207  0.0213  0.0206  0.0213  0.0204  0.0207  0.0203  0.0202
  0.0203  0.0203  0.0202  0.0205  0.0203  0.0209  0.0202  0.0205  0.0201  0.0203  0.0201  0.0200
  0.0201  0.0201  0.0201  0.0202  0.0201  0.0205  0.0200  0.0201  0.0200  0.0200  0.0199  0.0199
  0.0200  0.0200  0.0200  0.0200  0.0200  0.0200  0.0199  0.0199  0.0199  0.0199  0.0199  0.0199
  0.0201  0.0201  0.0200  0.0200  0.0200  0.0198  0.0200  0.0201  0.0200  0.0200  0.0200  0.0199
  0.0204  0.0203  0.0202  0.0204  0.0203  0.0202  0.0202  0.0205  0.0201  0.0202  0.0201  0.0201
  0.0208  0.0206  0.0204  0.0210  0.0207  0.0212  0.0206  0.0213  0.0204  0.0207  0.0203  0.0203
niter,ni,del,rscale     1    3    5.0000    0.4000
parameters
   -1.9779   -9.0089    7.8577   -9.8771  -14.5776   -5.6666
   -4.3195    0.3048    4.8756  -10.1505    2.1541    4.5981
eta,q 0.98016 11.26391
  0.0204  0.0203  0.0202  0.0205  0.0204  0.0210  0.0203  0.0208  0.0202  0.0203  0.0201  0.0200
  0.0201  0.0201  0.0201  0.0202  0.0201  0.0206  0.0200  0.0203  0.0200  0.0201  0.0200  0.0199
  0.0199  0.0199  0.0199  0.0200  0.0200  0.0202  0.0199  0.0199  0.0199  0.0199  0.0199  0.0199
  0.0199  0.0199  0.0199  0.0199  0.0199  0.0199  0.0198  0.0198  0.0198  0.0198  0.0198  0.0198
  0.0200  0.0199  0.0199  0.0199  0.0199  0.0198  0.0199  0.0199  0.0199  0.0199  0.0199  0.0199
  0.0201  0.0201  0.0200  0.0202  0.0201  0.0201  0.0200  0.0202  0.0200  0.0201  0.0200  0.0200
  0.0204  0.0203  0.0202  0.0206  0.0204  0.0208  0.0203  0.0208  0.0202  0.0204  0.0201  0.0201
registration optimization eta report
parameter search radius
    0.8000    0.8000    0.8000    2.4000    2.4000    2.7600
    2.4000    2.4000    2.4000    2.4000    2.4000    2.4000
100000*second partial in parameter space
       81.       58.       46.       11.        8.       12.
        7.       16.        6.        9.        5.        4.
  0.0204  0.0203  0.0202  0.0205  0.0204  0.0210  0.0203  0.0208  0.0202  0.0203  0.0201  0.0200
  0.0201  0.0201  0.0201  0.0202  0.0201  0.0206  0.0200  0.0203  0.0200  0.0201  0.0200  0.0199
  0.0199  0.0199  0.0199  0.0200  0.0200  0.0202  0.0199  0.0199  0.0199  0.0199  0.0199  0.0199
  0.0199  0.0199  0.0199  0.0199  0.0199  0.0199  0.0198  0.0198  0.0198  0.0198  0.0198  0.0198
  0.0200  0.0199  0.0199  0.0199  0.0199  0.0198  0.0199  0.0199  0.0199  0.0199  0.0199  0.0199
  0.0201  0.0201  0.0200  0.0202  0.0201  0.0201  0.0200  0.0202  0.0200  0.0201  0.0200  0.0200
  0.0204  0.0203  0.0202  0.0206  0.0204  0.0208  0.0203  0.0208  0.0202  0.0204  0.0201  0.0201
   -1.9779   -9.0089    7.8577   -9.8771  -14.5776   -5.6666
   -4.3195    0.3048    4.8756  -10.1505    2.1541    4.5981
eta,q 0.98016 11.26391

---------------------------------------------------------------------
imgreg_4dfp /opt/freesurfer/average/711-2C_as_mni_average_305 /opt/freesurfer/average/711-2B_as_mni_average_305_mask talsrcimg_g11 none talsrcimg_to_711-2C_as_mni_average_305_t4 2311
---------------------------------------------------------------------

freesurfer imgreg_4dfp.c
/opt/freesurfer/average/711-2C_as_mni_average_305.4dfp.img
       256       256       256         1
  1.000000  1.000000  1.000000
orientation T byte_order littleendian
Reading image: /opt/freesurfer/average/711-2C_as_mni_average_305.4dfp.img
dimensions:      256       256       256
mmppix:       1.0000   -1.0000   -1.0000
center:     128.0000 -129.0000 -129.0000
/opt/freesurfer/average/711-2B_as_mni_average_305_mask.4dfp.img
       256       256       256         1
  1.000000  1.000000  1.000000
orientation T byte_order littleendian
Reading mask: /opt/freesurfer/average/711-2B_as_mni_average_305_mask.4dfp.img (2306576 pixels)
talsrcimg_g11.4dfp.img
       256       256       256         1
  1.000000  1.000000  1.000000
orientation T byte_order littleendian
Reading image: talsrcimg_g11.4dfp.img
dimensions:      256       256       256
mmppix:       1.0000   -1.0000   -1.0000
center:     128.0000 -129.0000 -129.0000
fimgreg.f
image alignment mode   2311 decimal      907 hex
parameters
   -1.9779   -9.0089    7.8577   -9.8771  -14.5776   -5.6666
   -4.3195    0.3048    4.8756  -10.1506    2.1541    4.5981
eta,q 0.98016 11.26391
niter,ni,del,rscale     5    3    5.0000    0.8000
parameters
   -1.9880   -8.9985    7.9280  -10.4037  -14.8139   -6.3031
   -4.2045    0.2594    4.9579  -10.1884    2.1682    4.9487
eta,q 0.97992 11.23058
  0.0219  0.0214  0.0212  0.0216  0.0215  0.0217  0.0217  0.0230  0.0213  0.0218  0.0210  0.0210
  0.0208  0.0205  0.0205  0.0208  0.0207  0.0211  0.0208  0.0214  0.0207  0.0208  0.0205  0.0205
  0.0201  0.0200  0.0200  0.0201  0.0201  0.0205  0.0203  0.0204  0.0202  0.0203  0.0202  0.0202
  0.0198  0.0198  0.0198  0.0198  0.0199  0.0199  0.0201  0.0201  0.0201  0.0201  0.0201  0.0201
  0.0201  0.0200  0.0199  0.0201  0.0201  0.0200  0.0202  0.0204  0.0202  0.0203  0.0202  0.0201
  0.0208  0.0205  0.0203  0.0212  0.0208  0.0214  0.0207  0.0214  0.0206  0.0209  0.0205  0.0203
  0.0219  0.0213  0.0210  0.0229  0.0220  0.0241  0.0216  0.0231  0.0213  0.0219  0.0209  0.0207
niter,ni,del,rscale     4    3    5.0000    0.7000
parameters
   -1.9430   -9.0098    7.8301  -10.1449  -14.7070   -6.2725
   -4.2810    0.3213    4.9431  -10.1904    2.2140    4.8880
eta,q 0.97998 11.24059
  0.0216  0.0212  0.0208  0.0217  0.0214  0.0216  0.0212  0.0225  0.0209  0.0214  0.0207  0.0206
  0.0208  0.0206  0.0203  0.0211  0.0207  0.0211  0.0205  0.0211  0.0204  0.0206  0.0203  0.0203
  0.0203  0.0202  0.0201  0.0205  0.0203  0.0206  0.0201  0.0203  0.0201  0.0202  0.0201  0.0201
  0.0201  0.0201  0.0201  0.0201  0.0200  0.0200  0.0200  0.0200  0.0200  0.0200  0.0200  0.0200
  0.0202  0.0202  0.0202  0.0200  0.0201  0.0199  0.0202  0.0203  0.0201  0.0202  0.0201  0.0201
  0.0207  0.0206  0.0205  0.0205  0.0205  0.0205  0.0206  0.0210  0.0204  0.0206  0.0203  0.0203
  0.0214  0.0212  0.0209  0.0216  0.0214  0.0222  0.0213  0.0224  0.0210  0.0214  0.0207  0.0206
niter,ni,del,rscale     3    3    5.0000    0.6000
parameters
   -1.9527   -9.0092    7.8191  -10.0210  -14.6478   -6.0045
   -4.2972    0.3183    4.9045  -10.1806    2.1933    4.7682
eta,q 0.98008 11.25141
  0.0211  0.0208  0.0206  0.0213  0.0210  0.0214  0.0208  0.0218  0.0206  0.0210  0.0205  0.0204
  0.0205  0.0204  0.0203  0.0207  0.0205  0.0209  0.0203  0.0208  0.0202  0.0204  0.0202  0.0201
  0.0201  0.0201  0.0201  0.0203  0.0202  0.0205  0.0200  0.0201  0.0200  0.0201  0.0200  0.0200
  0.0200  0.0200  0.0200  0.0200  0.0200  0.0200  0.0199  0.0199  0.0199  0.0199  0.0199  0.0199
  0.0201  0.0201  0.0201  0.0200  0.0201  0.0198  0.0200  0.0201  0.0200  0.0200  0.0200  0.0200
  0.0205  0.0204  0.0203  0.0205  0.0204  0.0203  0.0203  0.0208  0.0202  0.0204  0.0202  0.0201
  0.0211  0.0208  0.0206  0.0213  0.0210  0.0214  0.0209  0.0218  0.0206  0.0210  0.0205  0.0204
niter,ni,del,rscale     2    3    5.0000    0.5000
parameters
   -1.9692   -9.0098    7.8576   -9.9612  -14.6271   -5.7390
   -4.3042    0.3143    4.8939  -10.1699    2.1514    4.6572
eta,q 0.98014 11.25935
  0.0207  0.0205  0.0204  0.0209  0.0206  0.0211  0.0205  0.0213  0.0203  0.0206  0.0203  0.0202
  0.0203  0.0202  0.0201  0.0204  0.0203  0.0207  0.0201  0.0205  0.0201  0.0202  0.0200  0.0200
  0.0200  0.0200  0.0200  0.0201  0.0200  0.0203  0.0199  0.0200  0.0199  0.0199  0.0199  0.0199
  0.0199  0.0199  0.0199  0.0199  0.0199  0.0199  0.0199  0.0199  0.0199  0.0199  0.0199  0.0199
  0.0200  0.0200  0.0200  0.0200  0.0200  0.0198  0.0199  0.0200  0.0199  0.0199  0.0199  0.0199
  0.0203  0.0202  0.0201  0.0203  0.0202  0.0201  0.0201  0.0205  0.0201  0.0202  0.0201  0.0200
  0.0207  0.0205  0.0203  0.0209  0.0207  0.0210  0.0205  0.0213  0.0204  0.0206  0.0203  0.0202
niter,ni,del,rscale     1    3    5.0000    0.4000
parameters
   -1.9818   -9.0112    7.8980   -9.9406  -14.6073   -5.5081
   -4.3178    0.3161    4.8939  -10.1678    2.0914    4.5594
eta,q 0.98019 11.26510
  0.0204  0.0202  0.0202  0.0205  0.0203  0.0207  0.0202  0.0208  0.0201  0.0203  0.0201  0.0200
  0.0201  0.0200  0.0200  0.0202  0.0201  0.0204  0.0200  0.0202  0.0200  0.0201  0.0199  0.0199
  0.0199  0.0199  0.0199  0.0200  0.0199  0.0201  0.0199  0.0199  0.0199  0.0199  0.0198  0.0198
  0.0199  0.0198  0.0199  0.0199  0.0199  0.0199  0.0198  0.0198  0.0198  0.0198  0.0198  0.0198
  0.0199  0.0199  0.0199  0.0199  0.0199  0.0198  0.0199  0.0199  0.0198  0.0199  0.0199  0.0198
  0.0201  0.0200  0.0200  0.0201  0.0200  0.0201  0.0200  0.0202  0.0200  0.0200  0.0200  0.0199
  0.0204  0.0202  0.0201  0.0205  0.0203  0.0206  0.0202  0.0208  0.0201  0.0203  0.0201  0.0201
registration optimization eta report
parameter search radius
    0.8000    0.8000    0.8000    2.4000    2.4000    2.4000
    2.4000    2.4000    2.4000    2.4000    2.4000    2.4000
100000*second partial in parameter space
       82.       59.       49.       11.        8.       14.
        7.       16.        6.        9.        5.        4.
  0.0204  0.0202  0.0202  0.0205  0.0203  0.0207  0.0202  0.0208  0.0201  0.0203  0.0201  0.0200
  0.0201  0.0200  0.0200  0.0202  0.0201  0.0204  0.0200  0.0202  0.0200  0.0201  0.0199  0.0199
  0.0199  0.0199  0.0199  0.0200  0.0199  0.0201  0.0199  0.0199  0.0199  0.0199  0.0198  0.0198
  0.0199  0.0198  0.0199  0.0199  0.0199  0.0199  0.0198  0.0198  0.0198  0.0198  0.0198  0.0198
  0.0199  0.0199  0.0199  0.0199  0.0199  0.0198  0.0199  0.0199  0.0198  0.0199  0.0199  0.0198
  0.0201  0.0200  0.0200  0.0201  0.0200  0.0201  0.0200  0.0202  0.0200  0.0200  0.0200  0.0199
  0.0204  0.0202  0.0201  0.0205  0.0203  0.0206  0.0202  0.0208  0.0201  0.0203  0.0201  0.0201
   -1.9818   -9.0112    7.8980   -9.9406  -14.6073   -5.5081
   -4.3178    0.3161    4.8939  -10.1678    2.0914    4.5594
eta,q 0.98019 11.26510

---------------------------------------------------------------------
compute_vox2vox talsrcimg talsrcimg_to_711-2C_as_mni_average_305_t4 /opt/freesurfer/average/711-2C_as_mni_average_305
---------------------------------------------------------------------

freesurfer compute_vox2vox.c
Reading: talsrcimg.4dfp.ifh
Reading: talsrcimg_to_711-2C_as_mni_average_305_t4
Reading: /opt/freesurfer/average/711-2C_as_mni_average_305.4dfp.ifh
Writing: talsrcimg_to_711-2C_as_mni_average_305_t4_vox2vox.txt

start time Wed Mar 11 09:09:00 CET 2026
end		time Wed Mar 11 09:10:25 CET 2026

mpr2mni305 success

avi2talxfm orig_nu.mgz /opt/freesurfer/average/mni305.cor.mgz talsrcimg_to_711-2C_as_mni_average_305_t4_vox2vox.txt transforms/talairach.auto.xfm
avi2talxfm done
mv -f /out/sourcedata/freesurfer/sub-v2s15x29756_ses-1/mri/talsrcimg_to_711-2C_as_mni_average_305_t4_vox2vox.txt /out/sourcedata/freesurfer/sub-v2s15x29756_ses-1/mri/transforms/talsrcimg_to_711-2C_as_mni_average_305_t4_vox2vox.txt
lta_convert --src orig_nu.mgz --trg /opt/freesurfer/average/mni305.cor.mgz --inxfm transforms/talairach.auto.xfm --outlta transforms/talairach.auto.xfm.lta --subject fsaverage
7.3.2

--src: orig_nu.mgz src image (geometry).
--trg: /opt/freesurfer/average/mni305.cor.mgz trg image (geometry).
--inmni: transforms/talairach.auto.xfm input MNI/XFM transform.
--outlta: transforms/talairach.auto.xfm.lta output LTA.
--s: fsaverage subject name
 LTA read, type : 1
 1.10729   0.00231   0.05587   1.19038;
-0.02132   1.05220  -0.05726  -31.24405;
-0.06600   0.12516   1.16104  -24.80911;
 0.00000   0.00000   0.00000   1.00000;
setting subject to fsaverage
Writing  LTA to file transforms/talairach.auto.xfm.lta...
lta_convert successful.
 
 
Started at Wed Mar 11 09:08:59 CET 2026
Ended   at Wed Mar 11 09:10:26 CET 2026
talairach_avi done
