/out/sourcedata/freesurfer/sub-v2s15x29732_ses-1/mri
/opt/freesurfer/bin/talairach_avi
--i orig_nu.mgz --xfm transforms/talairach.auto.xfm
talairach_avi 7.3.2
Linux dna062 5.14.0-427.37.1.el9_4.x86_64 #1 SMP PREEMPT_DYNAMIC Fri Sep 13 12:41:50 EDT 2024 x86_64 x86_64 x86_64 GNU/Linux
Wed Mar 11 07:46:17 CET 2026
mri_convert orig_nu.mgz talsrcimg.img 
reading from orig_nu.mgz...
TR=0.00, TE=0.00, TI=0.00, flip angle=0.00
i_ras = (-1, 0, -7.45058e-09)
j_ras = (0, 0, -1)
k_ras = (0, 1, 0)
writing to talsrcimg.img...
Analyze Output Matrix
-1.00000   0.00000   0.00000   139.18463;
 0.00000   0.00000   1.00000  -120.13605;
-0.00000  -1.00000   0.00000   147.60825;
 0.00000   0.00000   0.00000   1.00000;
--------------------
INFO: set hdr.hist.orient to -1
mpr2mni305 talsrcimg
Wed Mar 11 07:46:17 CET 2026
/opt/freesurfer/bin/mpr2mni305 talsrcimg
mpr2mni305 7.3.2
target=711-2C_as_mni_average_305

---------------------------------------------------------------------
analyzeto4dfp talsrcimg -O0 -y
---------------------------------------------------------------------

freesurfer ifh2hdr.c
Wed Mar 11 07:46:18 2026
Writing: talsrcimg.4dfp.hdr
freesurfer analyzeto4dfp.c
Reading: talsrcimg.hdr
header size 348 bytes
hdr.dime.datatype	offset=70	value=2
hdr.dime.bitpix		offset=72	value=8
hdr.hist.orient		offset=252	value=-1
dimensionality     4
dimensions       256       256       256         1
Reading: talsrcimg.img
Writing: talsrcimg.4dfp.img
Writing: talsrcimg.4dfp.ifh
ifh2hdr talsrcimg -r0to208
ori=2

---------------------------------------------------------------------
gauss_4dfp talsrcimg 1.1
---------------------------------------------------------------------

freesurfer gauss_4dfp.c
Reading: talsrcimg.4dfp.img
Writing: talsrcimg_g11.4dfp.img
image dimensions 256 256 256 padded to 288 288 288
processing volume 1freesurfer ifh2hdr.c
Wed Mar 11 07:46:19 2026
Writing: talsrcimg_g11.4dfp.hdr

Writing: talsrcimg_g11.4dfp.ifh
including: talsrcimg.4dfp.img.rec in talsrcimg_g11.4dfp.img.rec

---------------------------------------------------------------------
imgreg_4dfp /opt/freesurfer/average/711-2C_as_mni_average_305 none talsrcimg_g11 none talsrcimg_to_711-2C_as_mni_average_305_t4 4355
---------------------------------------------------------------------

freesurfer imgreg_4dfp.c
/opt/freesurfer/average/711-2C_as_mni_average_305.4dfp.img
       256       256       256         1
  1.000000  1.000000  1.000000
orientation T byte_order littleendian
Reading image: /opt/freesurfer/average/711-2C_as_mni_average_305.4dfp.img
dimensions:      256       256       256
mmppix:       1.0000   -1.0000   -1.0000
center:     128.0000 -129.0000 -129.0000
talsrcimg_g11.4dfp.img
       256       256       256         1
  1.000000  1.000000  1.000000
orientation T byte_order littleendian
Reading image: talsrcimg_g11.4dfp.img
dimensions:      256       256       256
mmppix:       1.0000   -1.0000   -1.0000
center:     128.0000 -129.0000 -129.0000
t4_read: open error in t4_sub.f l:  41 t4_file(1:l)talsrcimg_to_711-2C_as_mni_average_305_t4 
t4_read: transform initialized to I4
rotation matrix determinant  1.000000
image alignment mode   4355 decimal     1103 hex
   -7.5000  -45.0000  -45.0000 8093.2969   18.8632
    0.0000  -45.0000  -45.0000 8407.7852   18.9001
    7.5000  -45.0000  -45.0000 8064.3047   18.9300
   -7.5000  -37.5000  -45.0000 8642.7275   18.8383
    0.0000  -37.5000  -45.0000 8988.2236   18.8751
    7.5000  -37.5000  -45.0000 8596.7148   18.9079
   -7.5000  -30.0000  -45.0000 9411.2842   18.8120
    0.0000  -30.0000  -45.0000 9785.7627   18.8472
    7.5000  -30.0000  -45.0000 9352.3447   18.8836
   -7.5000  -22.5000  -45.000010093.2041   18.8122
    0.0000  -22.5000  -45.000010511.6699   18.8449
    7.5000  -22.5000  -45.000010000.9131   18.8813
   -7.5000  -15.0000  -45.000010694.8086   18.8356
    0.0000  -15.0000  -45.000011122.5186   18.8675
    7.5000  -15.0000  -45.000010589.2139   18.8994
   -7.5000   -7.5000  -45.000011226.0156   18.8602
    0.0000   -7.5000  -45.000011696.5010   18.8949
    7.5000   -7.5000  -45.000011162.6016   18.9237
   -7.5000    0.0000  -45.000011732.6992   18.8631
    0.0000    0.0000  -45.000012266.5176   18.9000
    7.5000    0.0000  -45.000011724.2549   18.9299
   -7.5000    7.5000  -45.000011412.4082   18.8383
    0.0000    7.5000  -45.000011961.8213   18.8751
    7.5000    7.5000  -45.000011415.2100   18.9079
   -7.5000   15.0000  -45.000010905.8643   18.8120
    0.0000   15.0000  -45.000011414.3906   18.8472
    7.5000   15.0000  -45.000010874.1680   18.8836
   -7.5000   22.5000  -45.000010131.9434   18.8096
    0.0000   22.5000  -45.000010568.2334   18.8423
    7.5000   22.5000  -45.000010051.0938   18.8787
   -7.5000   30.0000  -45.0000 9266.7744   18.5846
    0.0000   30.0000  -45.0000 9688.1426   18.6160
    7.5000   30.0000  -45.0000 9188.4854   18.6476
   -7.5000   37.5000  -45.0000 8754.0938   18.6088
    0.0000   37.5000  -45.0000 9175.7607   18.6431
    7.5000   37.5000  -45.0000 8706.4580   18.6715
   -7.5000   45.0000  -45.0000 7931.7188   18.1392
    0.0000   45.0000  -45.0000 8290.2100   18.1746
    7.5000   45.0000  -45.0000 7891.0576   18.2033
   -7.5000  -45.0000  -37.5000 8691.4902   18.8550
    0.0000  -45.0000  -37.5000 9062.5557   18.8944
    7.5000  -45.0000  -37.5000 8652.7510   18.9246
   -7.5000  -37.5000  -37.5000 9260.4746   18.8392
    0.0000  -37.5000  -37.5000 9647.0254   18.8789
    7.5000  -37.5000  -37.5000 9211.1426   18.9130
   -7.5000  -30.0000  -37.500010072.2402   18.8227
    0.0000  -30.0000  -37.500010488.0430   18.8591
    7.5000  -30.0000  -37.500010014.3184   18.8967
   -7.5000  -22.5000  -37.500010772.3379   18.8234
    0.0000  -22.5000  -37.500011232.5645   18.8549
    7.5000  -22.5000  -37.500010696.8281   18.8907
   -7.5000  -15.0000  -37.500011383.8760   18.8392
    0.0000  -15.0000  -37.500011848.6816   18.8693
    7.5000  -15.0000  -37.500011293.5752   18.8986
   -7.5000   -7.5000  -37.500011923.6289   18.8540
    0.0000   -7.5000  -37.500012445.3525   18.8889
    7.5000   -7.5000  -37.500011902.3770   18.9163
   -7.5000    0.0000  -37.500012462.3408   18.8549
    0.0000    0.0000  -37.500013038.6016   18.8943
    7.5000    0.0000  -37.500012474.1143   18.9246
   -7.5000    7.5000  -37.500012114.1201   18.8392
    0.0000    7.5000  -37.500012664.1367   18.8789
    7.5000    7.5000  -37.500012089.9160   18.9130
   -7.5000   15.0000  -37.500011549.7129   18.8227
    0.0000   15.0000  -37.500012058.6465   18.8591
    7.5000   15.0000  -37.500011502.9209   18.8967
   -7.5000   22.5000  -37.500010682.4668   18.8209
    0.0000   22.5000  -37.500011147.3770   18.8523
    7.5000   22.5000  -37.500010628.7490   18.8881
   -7.5000   30.0000  -37.5000 9764.9150   18.5881
    0.0000   30.0000  -37.500010200.8789   18.6178
    7.5000   30.0000  -37.5000 9696.7119   18.6468
   -7.5000   37.5000  -37.5000 9202.1719   18.6028
    0.0000   37.5000  -37.5000 9609.7305   18.6372
    7.5000   37.5000  -37.5000 9132.4453   18.6642
   -7.5000   45.0000  -37.5000 8311.2803   18.1312
    0.0000   45.0000  -37.5000 8662.5566   18.1691
    7.5000   45.0000  -37.5000 8244.8398   18.1982
   -7.5000  -45.0000  -30.0000 9437.2539   19.6681
    0.0000  -45.0000  -30.0000 9847.0000   19.7208
    7.5000  -45.0000  -30.0000 9394.6924   19.7601
   -7.5000  -37.5000  -30.000010053.3203   19.6490
    0.0000  -37.5000  -30.000010478.9062   19.7035
    7.5000  -37.5000  -30.0000 9990.0732   19.7485
   -7.5000  -30.0000  -30.000010904.4199   19.6323
    0.0000  -30.0000  -30.000011362.9980   19.6819
    7.5000  -30.0000  -30.000010825.0029   19.7320
   -7.5000  -22.5000  -30.000011642.9385   19.6383
    0.0000  -22.5000  -30.000012136.9053   19.6807
    7.5000  -22.5000  -30.000011547.3818   19.7274
   -7.5000  -15.0000  -30.000012275.3340   19.6587
    0.0000  -15.0000  -30.000012805.8613   19.6986
    7.5000  -15.0000  -30.000012202.6631   19.7366
   -7.5000   -7.5000  -30.000012828.4365   19.6716
    0.0000   -7.5000  -30.000013414.9932   19.7172
    7.5000   -7.5000  -30.000012822.2354   19.7528
   -7.5000    0.0000  -30.000013389.0225   19.6680
    0.0000    0.0000  -30.000014025.0469   19.7207
    7.5000    0.0000  -30.000013401.4502   19.7600
   -7.5000    7.5000  -30.000012979.8955   19.6490
    0.0000    7.5000  -30.000013587.7510   19.7035
    7.5000    7.5000  -30.000012942.2979   19.7485
   -7.5000   15.0000  -30.000012313.9844   19.6323
    0.0000   15.0000  -30.000012881.3711   19.6819
    7.5000   15.0000  -30.000012289.3682   19.7320
   -7.5000   22.5000  -30.000011365.5850   19.6336
    0.0000   22.5000  -30.000011877.6934   19.6759
    7.5000   22.5000  -30.000011334.5469   19.7227
   -7.5000   30.0000  -30.000010380.4277   19.3986
    0.0000   30.0000  -30.000010843.5732   19.4380
    7.5000   30.0000  -30.000010346.3545   19.4754
   -7.5000   37.5000  -30.0000 9764.6865   19.4113
    0.0000   37.5000  -30.000010183.2051   19.4563
    7.5000   37.5000  -30.0000 9714.3779   19.4914
   -7.5000   45.0000  -30.0000 8798.6895   18.9271
    0.0000   45.0000  -30.0000 9142.5928   18.9778
    7.5000   45.0000  -30.0000 8736.2021   19.0156
   -7.5000  -45.0000  -22.500010147.0166   20.3361
    0.0000  -45.0000  -22.500010592.8232   20.3971
    7.5000  -45.0000  -22.500010121.3369   20.4463
   -7.5000  -37.5000  -22.500010778.6924   20.3057
    0.0000  -37.5000  -22.500011258.5449   20.3699
    7.5000  -37.5000  -22.500010743.2412   20.4254
   -7.5000  -30.0000  -22.500011681.5703   20.2803
    0.0000  -30.0000  -22.500012200.8301   20.3406
    7.5000  -30.0000  -22.500011614.1709   20.4019
   -7.5000  -22.5000  -22.500012490.9531   20.2916
    0.0000  -22.5000  -22.500013053.0986   20.3447
    7.5000  -22.5000  -22.500012397.1367   20.4032
   -7.5000  -15.0000  -22.500013131.7949   20.3233
    0.0000  -15.0000  -22.500013771.6191   20.3729
    7.5000  -15.0000  -22.500013104.4307   20.4226
   -7.5000   -7.5000  -22.500013693.1816   20.3424
    0.0000   -7.5000  -22.500014405.0332   20.3959
    7.5000   -7.5000  -22.500013735.9648   20.4422
   -7.5000    0.0000  -22.500014290.7275   20.3360
    0.0000    0.0000  -22.500015033.0156   20.3970
    7.5000    0.0000  -22.500014340.9014   20.4462
   -7.5000    7.5000  -22.500013794.2119   20.3057
    0.0000    7.5000  -22.500014499.7207   20.3699
    7.5000    7.5000  -22.500013810.5713   20.4254
   -7.5000   15.0000  -22.500013035.2373   20.2803
    0.0000   15.0000  -22.500013690.8994   20.3406
    7.5000   15.0000  -22.500013053.0342   20.4019
   -7.5000   22.5000  -22.500012052.3740   20.2853
    0.0000   22.5000  -22.500012630.3242   20.3384
    7.5000   22.5000  -22.500012068.4512   20.3969
   -7.5000   30.0000  -22.500010981.3145   20.0575
    0.0000   30.0000  -22.500011511.4180   20.1064
    7.5000   30.0000  -22.500011015.1699   20.1554
   -7.5000   37.5000  -22.500010307.8672   20.0763
    0.0000   37.5000  -22.500010776.8369   20.1291
    7.5000   37.5000  -22.500010320.0674   20.1748
   -7.5000   45.0000  -22.5000 9271.9775   19.5846
    0.0000   45.0000  -22.5000 9649.4883   19.6433
    7.5000   45.0000  -22.5000 9225.6045   19.6907
   -7.5000  -45.0000  -15.000010839.0449   20.7960
    0.0000  -45.0000  -15.000011324.1963   20.8555
    7.5000  -45.0000  -15.000010858.6650   20.9067
   -7.5000  -37.5000  -15.000011481.6152   20.7557
    0.0000  -37.5000  -15.000012000.0693   20.8175
    7.5000  -37.5000  -15.000011503.3936   20.8741
   -7.5000  -30.0000  -15.000012463.8223   20.7207
    0.0000  -30.0000  -15.000013038.5518   20.7803
    7.5000  -30.0000  -15.000012449.4883   20.8423
   -7.5000  -22.5000  -15.000013271.7002   20.7327
    0.0000  -22.5000  -15.000013956.8379   20.7877
    7.5000  -22.5000  -15.000013275.5537   20.8487
   -7.5000  -15.0000  -15.000013890.8828   20.7732
    0.0000  -15.0000  -15.000014665.1670   20.8254
    7.5000  -15.0000  -15.000013983.0703   20.8797
   -7.5000   -7.5000  -15.000014492.0781   20.8015
    0.0000   -7.5000  -15.000015327.6963   20.8559
    7.5000   -7.5000  -15.000014621.3516   20.9058
   -7.5000    0.0000  -15.000015124.7324   20.7959
    0.0000    0.0000  -15.000016008.4307   20.8554
    7.5000    0.0000  -15.000015246.0186   20.9066
   -7.5000    7.5000  -15.000014577.6221   20.7557
    0.0000    7.5000  -15.000015427.2725   20.8175
    7.5000    7.5000  -15.000014671.3975   20.8741
   -7.5000   15.0000  -15.000013735.6328   20.7207
    0.0000   15.0000  -15.000014492.4297   20.7803
    7.5000   15.0000  -15.000013821.0137   20.8423
   -7.5000   22.5000  -15.000012711.7246   20.7254
    0.0000   22.5000  -15.000013355.9619   20.7804
    7.5000   22.5000  -15.000012784.4072   20.8413
   -7.5000   30.0000  -15.000011586.7227   20.5044
    0.0000   30.0000  -15.000012167.5664   20.5559
    7.5000   30.0000  -15.000011656.8965   20.6094
   -7.5000   37.5000  -15.000010831.8467   20.5323
    0.0000   37.5000  -15.000011352.3613   20.5859
    7.5000   37.5000  -15.000010895.8682   20.6352
   -7.5000   45.0000  -15.0000 9709.8223   20.0396
    0.0000   45.0000  -15.000010143.2783   20.0969
    7.5000   45.0000  -15.0000 9710.2969   20.1463
   -7.5000  -45.0000   -7.500011524.7031   21.0167
    0.0000  -45.0000   -7.500012077.0400   21.0668
    7.5000  -45.0000   -7.500011588.0596   21.1096
   -7.5000  -37.5000   -7.500012199.7207   20.9771
    0.0000  -37.5000   -7.500012756.5518   21.0275
    7.5000  -37.5000   -7.500012237.9404   21.0744
   -7.5000  -30.0000   -7.500013260.2236   20.9389
    0.0000  -30.0000   -7.500013935.0049   20.9877
    7.5000  -30.0000   -7.500013293.4121   21.0394
   -7.5000  -22.5000   -7.500014043.6670   20.9445
    0.0000  -22.5000   -7.500014899.4990   20.9908
    7.5000  -22.5000   -7.500014196.9170   21.0432
   -7.5000  -15.0000   -7.500014645.4268   20.9823
    0.0000  -15.0000   -7.500015570.1006   21.0276
    7.5000  -15.0000   -7.500014918.3994   21.0752
   -7.5000   -7.5000   -7.500015294.6816   21.0161
    0.0000   -7.5000   -7.500016267.5986   21.0636
    7.5000   -7.5000   -7.500015582.6328   21.1066
   -7.5000    0.0000   -7.500015955.7354   21.0166
    0.0000    0.0000   -7.500016961.1680   21.0667
    7.5000    0.0000   -7.500016230.3398   21.1095
   -7.5000    7.5000   -7.500015353.6572   20.9771
    0.0000    7.5000   -7.500016329.4082   21.0275
    7.5000    7.5000   -7.500015570.5635   21.0744
   -7.5000   15.0000   -7.500014442.8623   20.9389
    0.0000   15.0000   -7.500015299.2256   20.9877
    7.5000   15.0000   -7.500014590.9229   21.0394
   -7.5000   22.5000   -7.500013380.1504   20.9349
    0.0000   22.5000   -7.500014119.5869   20.9811
    7.5000   22.5000   -7.500013476.6973   21.0334
   -7.5000   30.0000   -7.500012216.3574   20.7102
    0.0000   30.0000   -7.500012884.4170   20.7549
    7.5000   30.0000   -7.500012285.0488   20.8019
   -7.5000   37.5000   -7.500011409.8643   20.7436
    0.0000   37.5000   -7.500011998.0879   20.7904
    7.5000   37.5000   -7.500011484.9043   20.8329
   -7.5000   45.0000   -7.500010187.3086   20.2560
    0.0000   45.0000   -7.500010669.3135   20.3043
    7.5000   45.0000   -7.500010203.1543   20.3456
   -7.5000  -45.0000    0.000012170.6182   21.0627
    0.0000  -45.0000    0.000012705.4209   21.1029
    7.5000  -45.0000    0.000012230.1729   21.1368
   -7.5000  -37.5000    0.000012899.6562   21.0353
    0.0000  -37.5000    0.000013471.8281   21.0753
    7.5000  -37.5000    0.000012939.2754   21.1124
   -7.5000  -30.0000    0.000014023.9775   21.0056
    0.0000  -30.0000    0.000014818.2891   21.0438
    7.5000  -30.0000    0.000014149.3223   21.0847
   -7.5000  -22.5000    0.000014807.6396   21.0049
    0.0000  -22.5000    0.000015712.4688   21.0403
    7.5000  -22.5000    0.000015033.0605   21.0814
   -7.5000  -15.0000    0.000015420.3145   21.0304
    0.0000  -15.0000    0.000016379.2021   21.0651
    7.5000  -15.0000    0.000015763.5244   21.1013
   -7.5000   -7.5000    0.000016140.0986   21.0583
    0.0000   -7.5000    0.000017159.1660   21.0962
    7.5000   -7.5000    0.000016528.6016   21.1289
   -7.5000    0.0000    0.000016812.9863   21.0626
    0.0000    0.0000    0.000017883.6621   21.1028
    7.5000    0.0000    0.000017179.8770   21.1367
   -7.5000    7.5000    0.000016079.4844   21.0353
    0.0000    7.5000    0.000017120.5703   21.0753
    7.5000    7.5000    0.000016383.8613   21.1124
   -7.5000   15.0000    0.000015032.0117   21.0056
    0.0000   15.0000    0.000016005.4951   21.0438
    7.5000   15.0000    0.000015295.3447   21.0847
   -7.5000   22.5000    0.000013913.9814   20.9952
    0.0000   22.5000    0.000014767.0186   21.0306
    7.5000   22.5000    0.000014106.3984   21.0717
   -7.5000   30.0000    0.000012752.4385   20.7582
    0.0000   30.0000    0.000013483.6260   20.7924
    7.5000   30.0000    0.000012873.8467   20.8282
   -7.5000   37.5000    0.000011920.5684   20.7858
    0.0000   37.5000    0.000012554.6553   20.8231
    7.5000   37.5000    0.000012049.2363   20.8555
   -7.5000   45.0000    0.000010626.4736   20.3019
    0.0000   45.0000    0.000011155.7422   20.3407
    7.5000   45.0000    0.000010666.1826   20.3733
   -7.5000  -45.0000    7.500011893.3486   21.0948
    0.0000  -45.0000    7.500012368.9160   21.1386
    7.5000  -45.0000    7.500011879.1289   21.1724
   -7.5000  -37.5000    7.500012583.4443   21.0772
    0.0000  -37.5000    7.500013121.8115   21.1213
    7.5000  -37.5000    7.500012569.5361   21.1594
   -7.5000  -30.0000    7.500013665.9521   21.0587
    0.0000  -30.0000    7.500014352.6074   21.0992
    7.5000  -30.0000    7.500013608.5654   21.1412
   -7.5000  -22.5000    7.500014438.9248   21.0596
    0.0000  -22.5000    7.500015123.9297   21.0945
    7.5000  -22.5000    7.500014419.8330   21.1345
   -7.5000  -15.0000    7.500015013.8965   21.0771
    0.0000  -15.0000    7.500015786.1309   21.1106
    7.5000  -15.0000    7.500015167.0537   21.1433
   -7.5000   -7.5000    7.500015711.1074   21.0937
    0.0000   -7.5000    7.500016599.7500   21.1325
    7.5000   -7.5000    7.500015970.6514   21.1630
   -7.5000    0.0000    7.500016350.4199   21.0947
    0.0000    0.0000    7.500017342.2363   21.1385
    7.5000    0.0000    7.500016623.1309   21.1723
   -7.5000    7.5000    7.500015639.3955   21.0772
    0.0000    7.5000    7.500016579.0996   21.1213
    7.5000    7.5000    7.500015845.5078   21.1594
   -7.5000   15.0000    7.500014541.8340   21.0587
    0.0000   15.0000    7.500015400.3594   21.0992
    7.5000   15.0000    7.500014735.5381   21.1412
   -7.5000   22.5000    7.500013471.2393   21.0499
    0.0000   22.5000    7.500014243.6611   21.0848
    7.5000   22.5000    7.500013642.4492   21.1247
   -7.5000   30.0000    7.500012364.1719   20.8043
    0.0000   30.0000    7.500013061.4307   20.8374
    7.5000   30.0000    7.500012484.5439   20.8696
   -7.5000   37.5000    7.500011542.7471   20.8207
    0.0000   37.5000    7.500012143.0684   20.8590
    7.5000   37.5000    7.500011639.2129   20.8891
   -7.5000   45.0000    7.500010276.6426   20.3328
    0.0000   45.0000    7.500010770.1279   20.3751
    7.5000   45.0000    7.500010265.8975   20.4077
   -7.5000  -45.0000   15.000011423.5479   21.1205
    0.0000  -45.0000   15.000011892.3848   21.1771
    7.5000  -45.0000   15.000011404.5352   21.2194
   -7.5000  -37.5000   15.000012045.4268   21.1000
    0.0000  -37.5000   15.000012545.7910   21.1585
    7.5000  -37.5000   15.000012010.2334   21.2068
   -7.5000  -30.0000   15.000013083.6074   21.0820
    0.0000  -30.0000   15.000013617.4502   21.1353
    7.5000  -30.0000   15.000012924.5771   21.1891
   -7.5000  -22.5000   15.000013966.1025   21.0885
    0.0000  -22.5000   15.000014472.3066   21.1339
    7.5000  -22.5000   15.000013767.8564   21.1842
   -7.5000  -15.0000   15.000014586.6367   21.1104
    0.0000  -15.0000   15.000015236.3457   21.1532
    7.5000  -15.0000   15.000014550.6064   21.1940
   -7.5000   -7.5000   15.000015210.3340   21.1242
    0.0000   -7.5000   15.000015984.0840   21.1732
    7.5000   -7.5000   15.000015278.6670   21.2114
   -7.5000    0.0000   15.000015846.5684   21.1204
    0.0000    0.0000   15.000016673.1719   21.1770
    7.5000    0.0000   15.000015909.7002   21.2192
   -7.5000    7.5000   15.000015144.5068   21.1000
    0.0000    7.5000   15.000015918.2852   21.1585
    7.5000    7.5000   15.000015159.5391   21.2068
   -7.5000   15.0000   15.000014026.4951   21.0820
    0.0000   15.0000   15.000014749.9385   21.1353
    7.5000   15.0000   15.000014070.6992   21.1891
   -7.5000   22.5000   15.000012945.0889   21.0788
    0.0000   22.5000   15.000013615.1611   21.1242
    7.5000   22.5000   15.000013009.7871   21.1744
   -7.5000   30.0000   15.000011859.0107   20.8372
    0.0000   30.0000   15.000012434.8057   20.8795
    7.5000   30.0000   15.000011891.0010   20.9197
   -7.5000   37.5000   15.000011053.9277   20.8508
    0.0000   37.5000   15.000011562.3643   20.8991
    7.5000   37.5000   15.000011067.9531   20.9369
   -7.5000   45.0000   15.0000 9853.1992   20.3576
    0.0000   45.0000   15.000010271.2197   20.4122
    7.5000   45.0000   15.0000 9786.4951   20.4529
   -7.5000  -45.0000   22.500010886.7441   21.1298
    0.0000  -45.0000   22.500011330.9277   21.1931
    7.5000  -45.0000   22.500010882.4512   21.2441
   -7.5000  -37.5000   22.500011459.8027   21.0980
    0.0000  -37.5000   22.500011907.6309   21.1646
    7.5000  -37.5000   22.500011402.0898   21.2222
   -7.5000  -30.0000   22.500012442.0918   21.0713
    0.0000  -30.0000   22.500012875.0518   21.1340
    7.5000  -30.0000   22.500012232.8164   21.1977
   -7.5000  -22.5000   22.500013388.0713   21.0829
    0.0000  -22.5000   22.500013818.6533   21.1381
    7.5000  -22.5000   22.500013083.0938   21.1989
   -7.5000  -15.0000   22.500014180.7295   21.1161
    0.0000  -15.0000   22.500014669.9395   21.1676
    7.5000  -15.0000   22.500013837.9424   21.2191
   -7.5000   -7.5000   22.500014826.3672   21.1362
    0.0000   -7.5000   22.500015374.0303   21.1917
    7.5000   -7.5000   22.500014527.6719   21.2396
   -7.5000    0.0000   22.500015298.4326   21.1297
    0.0000    0.0000   22.500015877.9951   21.1929
    7.5000    0.0000   22.500015096.7773   21.2439
   -7.5000    7.5000   22.500014475.5117   21.0980
    0.0000    7.5000   22.500015061.9180   21.1646
    7.5000    7.5000   22.500014371.8506   21.2222
   -7.5000   15.0000   22.500013362.4814   21.0713
    0.0000   15.0000   22.500013935.0312   21.1340
    7.5000   15.0000   22.500013329.9258   21.1977
   -7.5000   22.5000   22.500012310.2393   21.0732
    0.0000   22.5000   22.500012849.7715   21.1284
    7.5000   22.5000   22.500012301.6670   21.1891
   -7.5000   30.0000   22.500011237.9834   20.8428
    0.0000   30.0000   22.500011703.8193   20.8937
    7.5000   30.0000   22.500011201.4336   20.9445
   -7.5000   37.5000   22.500010490.3525   20.8626
    0.0000   37.5000   22.500010930.0830   20.9175
    7.5000   37.5000   22.500010424.4561   20.9648
   -7.5000   45.0000   22.5000 9359.4883   20.3666
    0.0000   45.0000   22.5000 9735.4355   20.4276
    7.5000   45.0000   22.5000 9245.1992   20.4767
   -7.5000  -45.0000   30.000010206.2666   21.1492
    0.0000  -45.0000   30.000010654.3652   21.2099
    7.5000  -45.0000   30.000010189.1855   21.2617
   -7.5000  -37.5000   30.000010747.4434   21.1077
    0.0000  -37.5000   30.000011197.4277   21.1708
    7.5000  -37.5000   30.000010683.4902   21.2281
   -7.5000  -30.0000   30.000011620.1895   21.0715
    0.0000  -30.0000   30.000012103.1104   21.1323
    7.5000  -30.0000   30.000011510.3926   21.1951
   -7.5000  -22.5000   30.000012425.4727   21.0836
    0.0000  -22.5000   30.000012949.2676   21.1396
    7.5000  -22.5000   30.000012285.6084   21.2014
   -7.5000  -15.0000   30.000013111.4893   21.1252
    0.0000  -15.0000   30.000013701.2031   21.1784
    7.5000  -15.0000   30.000012964.3125   21.2333
   -7.5000   -7.5000   30.000013720.3652   21.1546
    0.0000   -7.5000   30.000014392.3711   21.2100
    7.5000   -7.5000   30.000013605.8037   21.2606
   -7.5000    0.0000   30.000014254.1357   21.1491
    0.0000    0.0000   30.000014927.5391   21.2098
    7.5000    0.0000   30.000014150.1445   21.2616
   -7.5000    7.5000   30.000013544.8623   21.1077
    0.0000    7.5000   30.000014163.4287   21.1708
    7.5000    7.5000   30.000013484.6846   21.2281
   -7.5000   15.0000   30.000012555.0811   21.0715
    0.0000   15.0000   30.000013104.8311   21.1323
    7.5000   15.0000   30.000012533.6143   21.1951
   -7.5000   22.5000   30.000011572.1104   21.0738
    0.0000   22.5000   30.000012039.6465   21.1299
    7.5000   22.5000   30.000011519.7119   21.1916
   -7.5000   30.0000   30.000010553.7656   20.8518
    0.0000   30.0000   30.000010949.3984   20.9043
    7.5000   30.0000   30.000010479.2842   20.9585
   -7.5000   37.5000   30.0000 9865.4824   20.8808
    0.0000   37.5000   30.000010193.3506   20.9355
    7.5000   37.5000   30.0000 9767.2441   20.9854
   -7.5000   45.0000   30.0000 8783.9355   20.3853
    0.0000   45.0000   30.0000 9066.0244   20.4438
    7.5000   45.0000   30.0000 8671.5391   20.4938
   -7.5000  -45.0000   37.5000 9791.3701   21.2059
    0.0000  -45.0000   37.500010225.9561   21.2569
    7.5000  -45.0000   37.5000 9825.0645   21.3000
   -7.5000  -37.5000   37.500010291.8877   21.1652
    0.0000  -37.5000   37.500010713.4512   21.2166
    7.5000  -37.5000   37.500010295.7207   21.2638
   -7.5000  -30.0000   37.500011103.1885   21.1259
    0.0000  -30.0000   37.500011538.8809   21.1758
    7.5000  -30.0000   37.500011094.4326   21.2278
   -7.5000  -22.5000   37.500011864.2822   21.1316
    0.0000  -22.5000   37.500012317.7207   21.1789
    7.5000  -22.5000   37.500011826.5156   21.2316
   -7.5000  -15.0000   37.500012528.8047   21.1703
    0.0000  -15.0000   37.500013002.3066   21.2167
    7.5000  -15.0000   37.500012468.2139   21.2646
   -7.5000   -7.5000   37.500013106.2822   21.2052
    0.0000   -7.5000   37.500013631.4443   21.2536
    7.5000   -7.5000   37.500013064.4014   21.2969
   -7.5000    0.0000   37.500013662.4814   21.2058
    0.0000    0.0000   37.500014203.1680   21.2568
    7.5000    0.0000   37.500013607.2393   21.2999
   -7.5000    7.5000   37.500013037.4375   21.1652
    0.0000    7.5000   37.500013571.6611   21.2166
    7.5000    7.5000   37.500013015.7930   21.2638
   -7.5000   15.0000   37.500012131.1250   21.1259
    0.0000   15.0000   37.500012629.7832   21.1758
    7.5000   15.0000   37.500012119.0850   21.2278
   -7.5000   22.5000   37.500011158.7041   21.1218
    0.0000   22.5000   37.500011620.8398   21.1692
    7.5000   22.5000   37.500011143.6113   21.2218
   -7.5000   30.0000   37.500010185.2715   20.8963
    0.0000   30.0000   37.500010585.9717   20.9421
    7.5000   30.0000   37.500010140.5840   20.9894
   -7.5000   37.5000   37.5000 9533.7051   20.9307
    0.0000   37.5000   37.5000 9866.6426   20.9786
    7.5000   37.5000   37.5000 9436.1553   21.0213
   -7.5000   45.0000   37.5000 8485.6338   20.4399
    0.0000   45.0000   37.5000 8771.1836   20.4891
    7.5000   45.0000   37.5000 8383.2490   20.5307
   -7.5000  -45.0000   45.0000 8902.9521   21.3018
    0.0000  -45.0000   45.0000 9338.4688   21.3433
    7.5000  -45.0000   45.0000 8984.1621   21.3778
   -7.5000  -37.5000   45.0000 9374.7588   21.2728
    0.0000  -37.5000   45.0000 9780.7119   21.3140
    7.5000  -37.5000   45.0000 9398.4795   21.3520
   -7.5000  -30.0000   45.000010134.7842   21.2415
    0.0000  -30.0000   45.000010527.4307   21.2809
    7.5000  -30.0000   45.000010117.1299   21.3226
   -7.5000  -22.5000   45.000010815.6660   21.2409
    0.0000  -22.5000   45.000011213.9590   21.2775
    7.5000  -22.5000   45.000010772.3477   21.3190
   -7.5000  -15.0000   45.000011400.0137   21.2680
    0.0000  -15.0000   45.000011816.5244   21.3038
    7.5000  -15.0000   45.000011344.2041   21.3403
   -7.5000   -7.5000   45.000011953.8945   21.2974
    0.0000   -7.5000   45.000012396.2422   21.3364
    7.5000   -7.5000   45.000011887.4990   21.3696
   -7.5000    0.0000   45.000012496.6084   21.3017
    0.0000    0.0000   45.000012957.3926   21.3432
    7.5000    0.0000   45.000012436.6133   21.3777
   -7.5000    7.5000   45.000011955.9883   21.2728
    0.0000    7.5000   45.000012433.4434   21.3140
    7.5000    7.5000   45.000011925.2793   21.3520
   -7.5000   15.0000   45.000011134.9268   21.2415
    0.0000   15.0000   45.000011584.4629   21.2809
    7.5000   15.0000   45.000011091.4365   21.3226
   -7.5000   22.5000   45.000010249.8369   21.2311
    0.0000   22.5000   45.000010661.6562   21.2676
    7.5000   22.5000   45.000010220.4971   21.3091
   -7.5000   30.0000   45.0000 9380.5352   20.9909
    0.0000   30.0000   45.0000 9742.9668   21.0263
    7.5000   30.0000   45.0000 9338.7471   21.0623
   -7.5000   37.5000   45.0000 8763.5723   21.0199
    0.0000   37.5000   45.0000 9072.6943   21.0585
    7.5000   37.5000   45.0000 8710.9639   21.0912
   -7.5000   45.0000   45.0000 7813.2544   20.5417
    0.0000   45.0000   45.0000 8087.2305   20.5817
    7.5000   45.0000   45.0000 7740.2656   20.6150

---------------------------------------------------------------------
imgreg_4dfp /opt/freesurfer/average/711-2C_as_mni_average_305 /opt/freesurfer/average/711-2B_as_mni_average_305_mask talsrcimg_g11 none talsrcimg_to_711-2C_as_mni_average_305_t4 4355
---------------------------------------------------------------------

freesurfer imgreg_4dfp.c
/opt/freesurfer/average/711-2C_as_mni_average_305.4dfp.img
       256       256       256         1
  1.000000  1.000000  1.000000
orientation T byte_order littleendian
Reading image: /opt/freesurfer/average/711-2C_as_mni_average_305.4dfp.img
dimensions:      256       256       256
mmppix:       1.0000   -1.0000   -1.0000
center:     128.0000 -129.0000 -129.0000
/opt/freesurfer/average/711-2B_as_mni_average_305_mask.4dfp.img
       256       256       256         1
  1.000000  1.000000  1.000000
orientation T byte_order littleendian
Reading mask: /opt/freesurfer/average/711-2B_as_mni_average_305_mask.4dfp.img (2306576 pixels)
talsrcimg_g11.4dfp.img
       256       256       256         1
  1.000000  1.000000  1.000000
orientation T byte_order littleendian
Reading image: talsrcimg_g11.4dfp.img
dimensions:      256       256       256
mmppix:       1.0000   -1.0000   -1.0000
center:     128.0000 -129.0000 -129.0000
rotation matrix determinant  1.000000
image alignment mode   4355 decimal     1103 hex
   -7.5000  -45.0000  -45.0000 2073.3823   21.7377
    0.0000  -45.0000  -45.0000 2063.1233   21.7492
    7.5000  -45.0000  -45.0000 2050.9490   21.8411
   -7.5000  -37.5000  -45.0000 2149.2759   20.1530
    0.0000  -37.5000  -45.0000 2142.7717   20.1083
    7.5000  -37.5000  -45.0000 2126.3665   20.1836
   -7.5000  -30.0000  -45.0000 2194.5098   18.9294
    0.0000  -30.0000  -45.0000 2191.8420   18.8473
    7.5000  -30.0000  -45.0000 2172.6663   18.9887
   -7.5000  -22.5000  -45.0000 2222.7178   18.0536
    0.0000  -22.5000  -45.0000 2224.6836   17.9998
    7.5000  -22.5000  -45.0000 2201.8335   18.1456
   -7.5000  -15.0000  -45.0000 2234.4678   17.6378
    0.0000  -15.0000  -45.0000 2229.7227   17.5829
    7.5000  -15.0000  -45.0000 2205.8423   17.8019
   -7.5000   -7.5000  -45.0000 2228.5144   17.5848
    0.0000   -7.5000  -45.0000 2222.8101   17.5632
    7.5000   -7.5000  -45.0000 2202.2664   17.7823
   -7.5000    0.0000  -45.0000 2207.8633   18.0109
    0.0000    0.0000  -45.0000 2205.2212   17.9923
    7.5000    0.0000  -45.0000 2183.3950   18.2480
   -7.5000    7.5000  -45.0000 2176.3887   18.8013
    0.0000    7.5000  -45.0000 2177.1460   18.7595
    7.5000    7.5000  -45.0000 2148.7966   19.0812
   -7.5000   15.0000  -45.0000 2121.9211   20.0787
    0.0000   15.0000  -45.0000 2124.7749   20.0459
    7.5000   15.0000  -45.0000 2093.1396   20.4249
   -7.5000   22.5000  -45.0000 2048.5762   21.8023
    0.0000   22.5000  -45.0000 2046.7024   21.8099
    7.5000   22.5000  -45.0000 2018.3339   22.2143
   -7.5000   30.0000  -45.0000 1953.6656   24.0734
    0.0000   30.0000  -45.0000 1953.7292   24.0954
    7.5000   30.0000  -45.0000 1923.5050   24.5793
   -7.5000   37.5000  -45.0000 1839.1271   27.0816
    0.0000   37.5000  -45.0000 1847.4161   27.0839
    7.5000   37.5000  -45.0000 1822.7716   27.6324
   -7.5000   45.0000  -45.0000 1711.3103   31.2033
    0.0000   45.0000  -45.0000 1717.7167   31.2485
    7.5000   45.0000  -45.0000 1699.0474   32.0097
   -7.5000  -45.0000  -37.5000 2161.1165   20.0059
    0.0000  -45.0000  -37.5000 2159.0537   20.0238
    7.5000  -45.0000  -37.5000 2144.9263   20.1223
   -7.5000  -37.5000  -37.5000 2238.2068   18.5591
    0.0000  -37.5000  -37.5000 2239.2161   18.5365
    7.5000  -37.5000  -37.5000 2222.3899   18.5568
   -7.5000  -30.0000  -37.5000 2287.3740   17.4224
    0.0000  -30.0000  -37.5000 2287.3606   17.3170
    7.5000  -30.0000  -37.5000 2267.7893   17.4391
   -7.5000  -22.5000  -37.5000 2319.8813   16.6284
    0.0000  -22.5000  -37.5000 2322.2239   16.5196
    7.5000  -22.5000  -37.5000 2302.6907   16.6669
   -7.5000  -15.0000  -37.5000 2335.7437   16.2398
    0.0000  -15.0000  -37.5000 2332.2522   16.1506
    7.5000  -15.0000  -37.5000 2314.3220   16.3030
   -7.5000   -7.5000  -37.5000 2333.2625   16.2081
    0.0000   -7.5000  -37.5000 2333.2510   16.1680
    7.5000   -7.5000  -37.5000 2312.2734   16.3290
   -7.5000    0.0000  -37.5000 2316.2810   16.5799
    0.0000    0.0000  -37.5000 2316.9536   16.5516
    7.5000    0.0000  -37.5000 2292.3767   16.7792
   -7.5000    7.5000  -37.5000 2282.5962   17.3357
    0.0000    7.5000  -37.5000 2283.9089   17.2764
    7.5000    7.5000  -37.5000 2255.5486   17.5762
   -7.5000   15.0000  -37.5000 2221.2922   18.5331
    0.0000   15.0000  -37.5000 2222.1565   18.4552
    7.5000   15.0000  -37.5000 2193.7566   18.7719
   -7.5000   22.5000  -37.5000 2139.8040   20.1246
    0.0000   22.5000  -37.5000 2142.9285   20.0706
    7.5000   22.5000  -37.5000 2115.2170   20.3840
   -7.5000   30.0000  -37.5000 2036.2507   22.2572
    0.0000   30.0000  -37.5000 2041.9486   22.1564
    7.5000   30.0000  -37.5000 2009.1305   22.5163
   -7.5000   37.5000  -37.5000 1916.5822   25.0714
    0.0000   37.5000  -37.5000 1922.0753   24.9583
    7.5000   37.5000  -37.5000 1892.6094   25.3690
   -7.5000   45.0000  -37.5000 1779.8409   28.8168
    0.0000   45.0000  -37.5000 1782.7494   28.7430
    7.5000   45.0000  -37.5000 1765.7156   29.3507
   -7.5000  -45.0000  -30.0000 2279.8337   19.0753
    0.0000  -45.0000  -30.0000 2279.8396   19.0355
    7.5000  -45.0000  -30.0000 2261.3071   19.1777
   -7.5000  -37.5000  -30.0000 2371.1672   17.6202
    0.0000  -37.5000  -30.0000 2369.3135   17.5802
    7.5000  -37.5000  -30.0000 2348.6655   17.7164
   -7.5000  -30.0000  -30.0000 2424.8601   16.5767
    0.0000  -30.0000  -30.0000 2421.8269   16.4636
    7.5000  -30.0000  -30.0000 2402.6260   16.6595
   -7.5000  -22.5000  -30.0000 2460.6140   15.8348
    0.0000  -22.5000  -30.0000 2462.4207   15.7211
    7.5000  -22.5000  -30.0000 2440.7712   15.8953
   -7.5000  -15.0000  -30.0000 2488.6567   15.4723
    0.0000  -15.0000  -30.0000 2485.8286   15.3642
    7.5000  -15.0000  -30.0000 2467.6865   15.5254
   -7.5000   -7.5000  -30.0000 2488.9778   15.4983
    0.0000   -7.5000  -30.0000 2491.0339   15.3886
    7.5000   -7.5000  -30.0000 2470.2324   15.5771
   -7.5000    0.0000  -30.0000 2471.0916   15.9000
    0.0000    0.0000  -30.0000 2475.2747   15.8086
    7.5000    0.0000  -30.0000 2447.5879   16.0057
   -7.5000    7.5000  -30.0000 2432.1479   16.6561
    0.0000    7.5000  -30.0000 2432.9045   16.5764
    7.5000    7.5000  -30.0000 2402.6633   16.7641
   -7.5000   15.0000  -30.0000 2356.2100   17.7757
    0.0000   15.0000  -30.0000 2359.2659   17.6872
    7.5000   15.0000  -30.0000 2332.1934   17.9354
   -7.5000   22.5000  -30.0000 2264.0500   19.3172
    0.0000   22.5000  -30.0000 2268.0090   19.2076
    7.5000   22.5000  -30.0000 2242.0171   19.4827
   -7.5000   30.0000  -30.0000 2151.0022   21.3311
    0.0000   30.0000  -30.0000 2155.9934   21.2216
    7.5000   30.0000  -30.0000 2130.6038   21.4990
   -7.5000   37.5000  -30.0000 2021.8182   24.0298
    0.0000   37.5000  -30.0000 2026.0349   23.9101
    7.5000   37.5000  -30.0000 1999.2218   24.2394
   -7.5000   45.0000  -30.0000 1878.6542   27.6198
    0.0000   45.0000  -30.0000 1877.6147   27.4697
    7.5000   45.0000  -30.0000 1861.2826   27.8036
   -7.5000  -45.0000  -22.5000 2376.3977   17.9821
    0.0000  -45.0000  -22.5000 2377.3801   17.9384
    7.5000  -45.0000  -22.5000 2355.3154   18.1571
   -7.5000  -37.5000  -22.5000 2474.7932   16.6093
    0.0000  -37.5000  -22.5000 2476.0811   16.5248
    7.5000  -37.5000  -22.5000 2451.2649   16.7265
   -7.5000  -30.0000  -22.5000 2535.1523   15.6200
    0.0000  -30.0000  -22.5000 2537.7019   15.5321
    7.5000  -30.0000  -22.5000 2509.7629   15.7027
   -7.5000  -22.5000  -22.5000 2584.2380   14.9925
    0.0000  -22.5000  -22.5000 2583.5405   14.8527
    7.5000  -22.5000  -22.5000 2560.1777   15.0246
   -7.5000  -15.0000  -22.5000 2619.1545   14.6367
    0.0000  -15.0000  -22.5000 2619.5222   14.4964
    7.5000  -15.0000  -22.5000 2597.7681   14.6996
   -7.5000   -7.5000  -22.5000 2619.3582   14.7004
    0.0000   -7.5000  -22.5000 2629.5891   14.5589
    7.5000   -7.5000  -22.5000 2602.8083   14.7318
   -7.5000    0.0000  -22.5000 2600.7070   15.1132
    0.0000    0.0000  -22.5000 2610.6262   14.9914
    7.5000    0.0000  -22.5000 2580.0300   15.1627
   -7.5000    7.5000  -22.5000 2552.4688   15.8759
    0.0000    7.5000  -22.5000 2558.8218   15.7396
    7.5000    7.5000  -22.5000 2531.1045   15.9205
   -7.5000   15.0000  -22.5000 2470.2017   16.9174
    0.0000   15.0000  -22.5000 2474.7554   16.8014
    7.5000   15.0000  -22.5000 2449.9302   17.0144
   -7.5000   22.5000  -22.5000 2367.0647   18.3721
    0.0000   22.5000  -22.5000 2370.9907   18.2456
    7.5000   22.5000  -22.5000 2349.3430   18.4964
   -7.5000   30.0000  -22.5000 2241.5999   20.3296
    0.0000   30.0000  -22.5000 2246.4644   20.1467
    7.5000   30.0000  -22.5000 2222.1953   20.4146
   -7.5000   37.5000  -22.5000 2102.1965   22.8358
    0.0000   37.5000  -22.5000 2105.7351   22.6748
    7.5000   37.5000  -22.5000 2083.9214   23.0087
   -7.5000   45.0000  -22.5000 1957.4329   26.2287
    0.0000   45.0000  -22.5000 1954.5018   26.0909
    7.5000   45.0000  -22.5000 1932.5684   26.3821
   -7.5000  -45.0000  -15.0000 2442.5322   16.9984
    0.0000  -45.0000  -15.0000 2440.5007   17.0053
    7.5000  -45.0000  -15.0000 2419.1711   17.2466
   -7.5000  -37.5000  -15.0000 2550.1086   15.6911
    0.0000  -37.5000  -15.0000 2549.5200   15.6638
    7.5000  -37.5000  -15.0000 2526.9404   15.8641
   -7.5000  -30.0000  -15.0000 2623.4668   14.7669
    0.0000  -30.0000  -15.0000 2625.3064   14.6682
    7.5000  -30.0000  -15.0000 2604.8613   14.8582
   -7.5000  -22.5000  -15.0000 2682.3223   14.1574
    0.0000  -22.5000  -15.0000 2684.5767   14.0442
    7.5000  -22.5000  -15.0000 2661.1035   14.2061
   -7.5000  -15.0000  -15.0000 2719.9094   13.8305
    0.0000  -15.0000  -15.0000 2722.1411   13.7346
    7.5000  -15.0000  -15.0000 2702.0115   13.9230
   -7.5000   -7.5000  -15.0000 2723.6917   13.9019
    0.0000   -7.5000  -15.0000 2735.1648   13.7763
    7.5000   -7.5000  -15.0000 2710.4941   13.9511
   -7.5000    0.0000  -15.0000 2699.9661   14.3381
    0.0000    0.0000  -15.0000 2713.7148   14.1835
    7.5000    0.0000  -15.0000 2684.3467   14.3438
   -7.5000    7.5000  -15.0000 2641.1582   15.0711
    0.0000    7.5000  -15.0000 2654.4253   14.9179
    7.5000    7.5000  -15.0000 2628.9197   15.0927
   -7.5000   15.0000  -15.0000 2550.0996   16.0745
    0.0000   15.0000  -15.0000 2558.4778   15.9464
    7.5000   15.0000  -15.0000 2538.9014   16.1655
   -7.5000   22.5000  -15.0000 2441.3281   17.4673
    0.0000   22.5000  -15.0000 2448.0012   17.3767
    7.5000   22.5000  -15.0000 2428.3740   17.5986
   -7.5000   30.0000  -15.0000 2307.0090   19.3106
    0.0000   30.0000  -15.0000 2317.0371   19.2139
    7.5000   30.0000  -15.0000 2297.9753   19.4352
   -7.5000   37.5000  -15.0000 2157.0806   21.6872
    0.0000   37.5000  -15.0000 2165.6492   21.5713
    7.5000   37.5000  -15.0000 2148.4861   21.8486
   -7.5000   45.0000  -15.0000 2000.7188   24.7911
    0.0000   45.0000  -15.0000 2006.1700   24.6561
    7.5000   45.0000  -15.0000 1989.3322   25.0203
   -7.5000  -45.0000   -7.5000 2484.7834   16.2396
    0.0000  -45.0000   -7.5000 2485.0679   16.2011
    7.5000  -45.0000   -7.5000 2468.3970   16.4026
   -7.5000  -37.5000   -7.5000 2601.4739   14.9418
    0.0000  -37.5000   -7.5000 2600.2729   14.9121
    7.5000  -37.5000   -7.5000 2583.2310   15.0896
   -7.5000  -30.0000   -7.5000 2691.2480   14.0411
    0.0000  -30.0000   -7.5000 2695.9114   13.9833
    7.5000  -30.0000   -7.5000 2676.8613   14.1621
   -7.5000  -22.5000   -7.5000 2766.7527   13.4572
    0.0000  -22.5000   -7.5000 2775.4185   13.3967
    7.5000  -22.5000   -7.5000 2747.3157   13.5541
   -7.5000  -15.0000   -7.5000 2812.8765   13.0681
    0.0000  -15.0000   -7.5000 2820.5833   13.0632
    7.5000  -15.0000   -7.5000 2798.4031   13.2577
   -7.5000   -7.5000   -7.5000 2818.5337   13.1978
    0.0000   -7.5000   -7.5000 2829.1079   13.1176
    7.5000   -7.5000   -7.5000 2807.1265   13.3197
   -7.5000    0.0000   -7.5000 2781.2727   13.6584
    0.0000    0.0000   -7.5000 2794.9397   13.5097
    7.5000    0.0000   -7.5000 2772.0037   13.6776
   -7.5000    7.5000   -7.5000 2710.8574   14.3524
    0.0000    7.5000   -7.5000 2726.2834   14.1970
    7.5000    7.5000   -7.5000 2706.5972   14.3789
   -7.5000   15.0000   -7.5000 2614.7371   15.3173
    0.0000   15.0000   -7.5000 2622.7759   15.1894
    7.5000   15.0000   -7.5000 2602.2822   15.4071
   -7.5000   22.5000   -7.5000 2495.2524   16.7080
    0.0000   22.5000   -7.5000 2504.2288   16.5651
    7.5000   22.5000   -7.5000 2481.4290   16.8107
   -7.5000   30.0000   -7.5000 2358.2979   18.4915
    0.0000   30.0000   -7.5000 2369.5491   18.3668
    7.5000   30.0000   -7.5000 2341.6204   18.5751
   -7.5000   37.5000   -7.5000 2200.2363   20.7514
    0.0000   37.5000   -7.5000 2208.7527   20.6562
    7.5000   37.5000   -7.5000 2190.8169   20.9037
   -7.5000   45.0000   -7.5000 2031.2983   23.6410
    0.0000   45.0000   -7.5000 2039.0472   23.5362
    7.5000   45.0000   -7.5000 2021.0505   23.7807
   -7.5000  -45.0000    0.0000 2513.5659   15.7725
    0.0000  -45.0000    0.0000 2514.3103   15.5657
    7.5000  -45.0000    0.0000 2498.9817   15.8448
   -7.5000  -37.5000    0.0000 2633.8853   14.5114
    0.0000  -37.5000    0.0000 2638.3867   14.3552
    7.5000  -37.5000    0.0000 2618.5334   14.5975
   -7.5000  -30.0000    0.0000 2740.3240   13.6424
    0.0000  -30.0000    0.0000 2748.6528   13.5104
    7.5000  -30.0000    0.0000 2725.4023   13.7132
   -7.5000  -22.5000    0.0000 2829.9797   12.9898
    0.0000  -22.5000    0.0000 2846.0864   12.9473
    7.5000  -22.5000    0.0000 2814.1819   13.1080
   -7.5000  -15.0000    0.0000 2882.7773   12.5759
    0.0000  -15.0000    0.0000 2902.3279   12.5451
    7.5000  -15.0000    0.0000 2874.1809   12.8003
   -7.5000   -7.5000    0.0000 2886.2517   12.7678
    0.0000   -7.5000    0.0000 2908.8779   12.6556
    7.5000   -7.5000    0.0000 2885.6743   12.8804
   -7.5000    0.0000    0.0000 2837.4001   13.2446
    0.0000    0.0000    0.0000 2859.8394   13.1052
    7.5000    0.0000    0.0000 2831.7512   13.2889
   -7.5000    7.5000    0.0000 2753.6133   13.8956
    0.0000    7.5000    0.0000 2772.6941   13.7790
    7.5000    7.5000    0.0000 2749.4082   13.9680
   -7.5000   15.0000    0.0000 2645.0427   14.8514
    0.0000   15.0000    0.0000 2659.4502   14.7478
    7.5000   15.0000    0.0000 2637.0591   14.9655
   -7.5000   22.5000    0.0000 2525.3884   16.1925
    0.0000   22.5000    0.0000 2531.2778   16.0771
    7.5000   22.5000    0.0000 2507.4822   16.3219
   -7.5000   30.0000    0.0000 2386.9617   17.9349
    0.0000   30.0000    0.0000 2393.3020   17.8211
    7.5000   30.0000    0.0000 2370.9065   18.0580
   -7.5000   37.5000    0.0000 2227.5713   20.1274
    0.0000   37.5000    0.0000 2231.9702   19.9778
    7.5000   37.5000    0.0000 2217.0618   20.2734
   -7.5000   45.0000    0.0000 2055.7280   22.9230
    0.0000   45.0000    0.0000 2061.8035   22.8242
    7.5000   45.0000    0.0000 2039.8481   23.1407
   -7.5000  -45.0000    7.5000 2529.4075   15.6151
    0.0000  -45.0000    7.5000 2534.2039   15.3271
    7.5000  -45.0000    7.5000 2515.3870   15.5645
   -7.5000  -37.5000    7.5000 2649.8418   14.3734
    0.0000  -37.5000    7.5000 2660.8516   14.0991
    7.5000  -37.5000    7.5000 2639.3870   14.3169
   -7.5000  -30.0000    7.5000 2765.3750   13.4726
    0.0000  -30.0000    7.5000 2775.2573   13.2816
    7.5000  -30.0000    7.5000 2755.7759   13.4556
   -7.5000  -22.5000    7.5000 2863.9019   12.7980
    0.0000  -22.5000    7.5000 2881.5095   12.6475
    7.5000  -22.5000    7.5000 2853.0305   12.8004
   -7.5000  -15.0000    7.5000 2918.3027   12.3928
    0.0000  -15.0000    7.5000 2943.9729   12.2429
    7.5000  -15.0000    7.5000 2909.1467   12.4771
   -7.5000   -7.5000    7.5000 2925.1309   12.5129
    0.0000   -7.5000    7.5000 2952.1638   12.4199
    7.5000   -7.5000    7.5000 2919.4663   12.6662
   -7.5000    0.0000    7.5000 2868.6897   13.0093
    0.0000    0.0000    7.5000 2894.3972   12.9411
    7.5000    0.0000    7.5000 2860.8569   13.1406
   -7.5000    7.5000    7.5000 2782.7764   13.6770
    0.0000    7.5000    7.5000 2799.6184   13.5959
    7.5000    7.5000    7.5000 2770.6633   13.7989
   -7.5000   15.0000    7.5000 2657.8354   14.6275
    0.0000   15.0000    7.5000 2669.9097   14.5372
    7.5000   15.0000    7.5000 2649.5669   14.7682
   -7.5000   22.5000    7.5000 2532.5178   15.9499
    0.0000   22.5000    7.5000 2538.0103   15.8394
    7.5000   22.5000    7.5000 2519.5146   16.0960
   -7.5000   30.0000    7.5000 2393.0964   17.6428
    0.0000   30.0000    7.5000 2403.2930   17.5267
    7.5000   30.0000    7.5000 2378.5488   17.7826
   -7.5000   37.5000    7.5000 2233.7300   19.7244
    0.0000   37.5000    7.5000 2242.3926   19.6636
    7.5000   37.5000    7.5000 2224.0032   19.9512
   -7.5000   45.0000    7.5000 2065.2991   22.4408
    0.0000   45.0000    7.5000 2070.5178   22.3851
    7.5000   45.0000    7.5000 2049.0593   22.7002
   -7.5000  -45.0000   15.0000 2520.2783   15.7218
    0.0000  -45.0000   15.0000 2527.7424   15.3536
    7.5000  -45.0000   15.0000 2518.5566   15.5338
   -7.5000  -37.5000   15.0000 2642.6636   14.4545
    0.0000  -37.5000   15.0000 2653.2268   14.1515
    7.5000  -37.5000   15.0000 2645.7146   14.3183
   -7.5000  -30.0000   15.0000 2753.1152   13.5073
    0.0000  -30.0000   15.0000 2764.7510   13.2846
    7.5000  -30.0000   15.0000 2760.4897   13.4640
   -7.5000  -22.5000   15.0000 2851.3650   12.8986
    0.0000  -22.5000   15.0000 2868.6340   12.6569
    7.5000  -22.5000   15.0000 2847.0161   12.8313
   -7.5000  -15.0000   15.0000 2913.2656   12.5777
    0.0000  -15.0000   15.0000 2940.2705   12.4138
    7.5000  -15.0000   15.0000 2905.1907   12.6321
   -7.5000   -7.5000   15.0000 2915.5413   12.6237
    0.0000   -7.5000   15.0000 2942.1133   12.5503
    7.5000   -7.5000   15.0000 2906.7839   12.7668
   -7.5000    0.0000   15.0000 2863.4231   13.0878
    0.0000    0.0000   15.0000 2881.5122   13.0248
    7.5000    0.0000   15.0000 2850.6382   13.2059
   -7.5000    7.5000   15.0000 2769.8738   13.7710
    0.0000    7.5000   15.0000 2786.2642   13.6680
    7.5000    7.5000   15.0000 2760.8909   13.8562
   -7.5000   15.0000   15.0000 2641.0679   14.6924
    0.0000   15.0000   15.0000 2656.2390   14.5567
    7.5000   15.0000   15.0000 2638.0725   14.7915
   -7.5000   22.5000   15.0000 2514.1733   15.9280
    0.0000   22.5000   15.0000 2529.1545   15.7607
    7.5000   22.5000   15.0000 2515.3745   16.0187
   -7.5000   30.0000   15.0000 2376.4990   17.5582
    0.0000   30.0000   15.0000 2381.6101   17.3580
    7.5000   30.0000   15.0000 2368.8276   17.6307
   -7.5000   37.5000   15.0000 2214.8545   19.6675
    0.0000   37.5000   15.0000 2222.1011   19.4834
    7.5000   37.5000   15.0000 2210.1562   19.7462
   -7.5000   45.0000   15.0000 2052.5935   22.3731
    0.0000   45.0000   15.0000 2058.6328   22.1925
    7.5000   45.0000   15.0000 2044.9213   22.4818
   -7.5000  -45.0000   22.5000 2500.2209   16.0783
    0.0000  -45.0000   22.5000 2508.0315   15.7071
    7.5000  -45.0000   22.5000 2512.0386   15.8853
   -7.5000  -37.5000   22.5000 2615.6350   14.8102
    0.0000  -37.5000   22.5000 2625.9561   14.5004
    7.5000  -37.5000   22.5000 2634.2554   14.6306
   -7.5000  -30.0000   22.5000 2725.1399   13.9028
    0.0000  -30.0000   22.5000 2735.2271   13.6187
    7.5000  -30.0000   22.5000 2739.7876   13.6889
   -7.5000  -22.5000   22.5000 2816.1741   13.3163
    0.0000  -22.5000   22.5000 2839.8118   13.0474
    7.5000  -22.5000   22.5000 2822.5518   13.1633
   -7.5000  -15.0000   22.5000 2865.8633   13.0534
    0.0000  -15.0000   22.5000 2895.4785   12.8675
    7.5000  -15.0000   22.5000 2865.2078   13.0025
   -7.5000   -7.5000   22.5000 2865.4287   13.1377
    0.0000   -7.5000   22.5000 2893.0681   12.9731
    7.5000   -7.5000   22.5000 2864.1736   13.1005
   -7.5000    0.0000   22.5000 2811.8687   13.4428
    0.0000    0.0000   22.5000 2830.3118   13.3416
    7.5000    0.0000   22.5000 2812.2754   13.4788
   -7.5000    7.5000   22.5000 2726.4060   14.0297
    0.0000    7.5000   22.5000 2740.1418   13.9244
    7.5000    7.5000   22.5000 2723.1851   14.0997
   -7.5000   15.0000   22.5000 2610.9373   14.9094
    0.0000   15.0000   22.5000 2623.5217   14.7924
    7.5000   15.0000   22.5000 2609.7666   15.0135
   -7.5000   22.5000   22.5000 2488.9592   16.1299
    0.0000   22.5000   22.5000 2501.9634   15.9900
    7.5000   22.5000   22.5000 2493.0459   16.2230
   -7.5000   30.0000   22.5000 2338.6223   17.7153
    0.0000   30.0000   22.5000 2345.5073   17.5446
    7.5000   30.0000   22.5000 2340.5271   17.7603
   -7.5000   37.5000   22.5000 2183.6326   19.8051
    0.0000   37.5000   22.5000 2190.9194   19.6449
    7.5000   37.5000   22.5000 2180.1169   19.8194
   -7.5000   45.0000   22.5000 2028.1587   22.4932
    0.0000   45.0000   22.5000 2037.7390   22.3273
    7.5000   45.0000   22.5000 2028.2645   22.5691
   -7.5000  -45.0000   30.0000 2466.8630   16.8410
    0.0000  -45.0000   30.0000 2477.9844   16.4145
    7.5000  -45.0000   30.0000 2482.2834   16.5326
   -7.5000  -37.5000   30.0000 2574.7734   15.5460
    0.0000  -37.5000   30.0000 2586.0266   15.1928
    7.5000  -37.5000   30.0000 2595.2236   15.2407
   -7.5000  -30.0000   30.0000 2665.0454   14.5820
    0.0000  -30.0000   30.0000 2687.1365   14.2636
    7.5000  -30.0000   30.0000 2695.9927   14.3239
   -7.5000  -22.5000   30.0000 2744.6294   13.9446
    0.0000  -22.5000   30.0000 2774.4446   13.6923
    7.5000  -22.5000   30.0000 2764.8796   13.8136
   -7.5000  -15.0000   30.0000 2787.7974   13.6486
    0.0000  -15.0000   30.0000 2814.4404   13.4950
    7.5000  -15.0000   30.0000 2794.1680   13.6304
   -7.5000   -7.5000   30.0000 2780.0774   13.6982
    0.0000   -7.5000   30.0000 2813.2686   13.5571
    7.5000   -7.5000   30.0000 2789.7349   13.6598
   -7.5000    0.0000   30.0000 2725.9817   14.0348
    0.0000    0.0000   30.0000 2748.8081   13.9250
    7.5000    0.0000   30.0000 2733.7397   13.9997
   -7.5000    7.5000   30.0000 2650.8442   14.5963
    0.0000    7.5000   30.0000 2664.6350   14.4823
    7.5000    7.5000   30.0000 2649.7300   14.6009
   -7.5000   15.0000   30.0000 2547.5146   15.4176
    0.0000   15.0000   30.0000 2561.8792   15.2942
    7.5000   15.0000   30.0000 2552.3992   15.4802
   -7.5000   22.5000   30.0000 2435.7571   16.5739
    0.0000   22.5000   30.0000 2441.5410   16.4428
    7.5000   22.5000   30.0000 2432.0764   16.6795
   -7.5000   30.0000   30.0000 2291.5627   18.1408
    0.0000   30.0000   30.0000 2297.7979   17.9541
    7.5000   30.0000   30.0000 2290.3711   18.2113
   -7.5000   37.5000   30.0000 2143.2019   20.1958
    0.0000   37.5000   30.0000 2151.5569   19.9871
    7.5000   37.5000   30.0000 2146.7483   20.2283
   -7.5000   45.0000   30.0000 1992.6478   22.8830
    0.0000   45.0000   30.0000 1997.4192   22.7111
    7.5000   45.0000   30.0000 1993.2878   22.9877
   -7.5000  -45.0000   37.5000 2415.0032   17.7796
    0.0000  -45.0000   37.5000 2434.3586   17.2969
    7.5000  -45.0000   37.5000 2439.1772   17.4300
   -7.5000  -37.5000   37.5000 2515.1406   16.4122
    0.0000  -37.5000   37.5000 2536.0557   15.9749
    7.5000  -37.5000   37.5000 2543.9944   16.0895
   -7.5000  -30.0000   37.5000 2598.7434   15.3996
    0.0000  -30.0000   37.5000 2626.9963   15.0245
    7.5000  -30.0000   37.5000 2635.6514   15.1808
   -7.5000  -22.5000   37.5000 2671.2451   14.7609
    0.0000  -22.5000   37.5000 2695.3823   14.4721
    7.5000  -22.5000   37.5000 2691.2781   14.6341
   -7.5000  -15.0000   37.5000 2702.0295   14.4485
    0.0000  -15.0000   37.5000 2720.9976   14.2557
    7.5000  -15.0000   37.5000 2711.5288   14.3929
   -7.5000   -7.5000   37.5000 2686.6831   14.4721
    0.0000   -7.5000   37.5000 2711.1855   14.2934
    7.5000   -7.5000   37.5000 2702.7654   14.4092
   -7.5000    0.0000   37.5000 2637.6440   14.8254
    0.0000    0.0000   37.5000 2657.0139   14.6424
    7.5000    0.0000   37.5000 2648.7747   14.7666
   -7.5000    7.5000   37.5000 2565.7888   15.3770
    0.0000    7.5000   37.5000 2584.3340   15.1962
    7.5000    7.5000   37.5000 2575.6089   15.3584
   -7.5000   15.0000   37.5000 2472.2339   16.1832
    0.0000   15.0000   37.5000 2488.1133   16.0104
    7.5000   15.0000   37.5000 2481.9546   16.2143
   -7.5000   22.5000   37.5000 2359.7312   17.3394
    0.0000   22.5000   37.5000 2372.1240   17.1942
    7.5000   22.5000   37.5000 2365.2595   17.3962
   -7.5000   30.0000   37.5000 2227.3303   18.8761
    0.0000   30.0000   37.5000 2238.9700   18.7019
    7.5000   30.0000   37.5000 2231.9939   18.9069
   -7.5000   37.5000   37.5000 2094.9575   20.9408
    0.0000   37.5000   37.5000 2098.2556   20.7644
    7.5000   37.5000   37.5000 2090.7100   20.9718
   -7.5000   45.0000   37.5000 1946.6543   23.6833
    0.0000   45.0000   37.5000 1948.4264   23.5491
    7.5000   45.0000   37.5000 1944.6835   23.7627
   -7.5000  -45.0000   45.0000 2348.2874   18.9765
    0.0000  -45.0000   45.0000 2378.9705   18.4145
    7.5000  -45.0000   45.0000 2383.8755   18.5767
   -7.5000  -37.5000   45.0000 2444.9265   17.5278
    0.0000  -37.5000   45.0000 2477.5208   17.0447
    7.5000  -37.5000   45.0000 2480.7705   17.1643
   -7.5000  -30.0000   45.0000 2524.6985   16.4950
    0.0000  -30.0000   45.0000 2555.2595   16.0836
    7.5000  -30.0000   45.0000 2556.2283   16.2167
   -7.5000  -22.5000   45.0000 2584.7954   15.8078
    0.0000  -22.5000   45.0000 2604.8323   15.4831
    7.5000  -22.5000   45.0000 2603.5710   15.6162
   -7.5000  -15.0000   45.0000 2601.3408   15.4993
    0.0000  -15.0000   45.0000 2618.7974   15.2167
    7.5000  -15.0000   45.0000 2614.6626   15.3391
   -7.5000   -7.5000   45.0000 2589.6729   15.4720
    0.0000   -7.5000   45.0000 2608.7698   15.2448
    7.5000   -7.5000   45.0000 2603.4065   15.3549
   -7.5000    0.0000   45.0000 2544.6562   15.8162
    0.0000    0.0000   45.0000 2561.9260   15.6112
    7.5000    0.0000   45.0000 2560.0020   15.7062
   -7.5000    7.5000   45.0000 2478.7336   16.3887
    0.0000    7.5000   45.0000 2497.2432   16.1875
    7.5000    7.5000   45.0000 2491.8928   16.3400
   -7.5000   15.0000   45.0000 2389.7671   17.1828
    0.0000   15.0000   45.0000 2407.3997   16.9797
    7.5000   15.0000   45.0000 2397.8936   17.1481
   -7.5000   22.5000   45.0000 2277.2844   18.3511
    0.0000   22.5000   45.0000 2292.8914   18.1598
    7.5000   22.5000   45.0000 2287.9861   18.3293
   -7.5000   30.0000   45.0000 2151.6550   19.9787
    0.0000   30.0000   45.0000 2163.0566   19.7575
    7.5000   30.0000   45.0000 2159.5854   19.9248
   -7.5000   37.5000   45.0000 2022.8442   22.1418
    0.0000   37.5000   45.0000 2025.0571   21.9191
    7.5000   37.5000   45.0000 2024.9645   22.0940
   -7.5000   45.0000   45.0000 1885.9346   24.9243
    0.0000   45.0000   45.0000 1893.8021   24.7504
    7.5000   45.0000   45.0000 1887.2377   24.9231

---------------------------------------------------------------------
imgreg_4dfp /opt/freesurfer/average/711-2C_as_mni_average_305 /opt/freesurfer/average/711-2B_as_mni_average_305_mask talsrcimg_g11 none talsrcimg_to_711-2C_as_mni_average_305_t4 1283
---------------------------------------------------------------------

freesurfer imgreg_4dfp.c
/opt/freesurfer/average/711-2C_as_mni_average_305.4dfp.img
       256       256       256         1
  1.000000  1.000000  1.000000
orientation T byte_order littleendian
Reading image: /opt/freesurfer/average/711-2C_as_mni_average_305.4dfp.img
dimensions:      256       256       256
mmppix:       1.0000   -1.0000   -1.0000
center:     128.0000 -129.0000 -129.0000
/opt/freesurfer/average/711-2B_as_mni_average_305_mask.4dfp.img
       256       256       256         1
  1.000000  1.000000  1.000000
orientation T byte_order littleendian
Reading mask: /opt/freesurfer/average/711-2B_as_mni_average_305_mask.4dfp.img (2306576 pixels)
talsrcimg_g11.4dfp.img
       256       256       256         1
  1.000000  1.000000  1.000000
orientation T byte_order littleendian
Reading image: talsrcimg_g11.4dfp.img
dimensions:      256       256       256
mmppix:       1.0000   -1.0000   -1.0000
center:     128.0000 -129.0000 -129.0000
rotation matrix determinant  1.000000
fimgreg.f
image alignment mode   1283 decimal      503 hex
parameters
    0.0000   -7.5000    7.5000    0.0000    0.0000    0.0000
eta,q 0.92795 12.42876
niter,ni,del,rscale     5    3   12.0000    1.2000
parameter  2  0.634802 ->  0.500000 qaram    1.1500
parameter  4 -0.590536 -> -0.500000 qaram    1.1500
parameter  5  8.044934 ->  0.500000 qaram    1.1500
parameter  6 -0.767669 -> -0.500000 qaram    1.1500
parameters
   -0.1149  -10.9500    9.4349    3.4500   -3.4500    3.4500
eta,q 0.93845 12.01147
  0.0780  0.0724  0.0841  0.0786  0.0609  0.0723
  0.0755  0.0712  0.0793  0.0760  0.0627  0.0694
  0.0741  0.0717  0.0743  0.0731  0.0662  0.0664
  0.0740  0.0738  0.0715  0.0710  0.0704  0.0635
  0.0745  0.0770  0.0710  0.0702  0.0738  0.0619
  0.0756  0.0809  0.0722  0.0705  0.0771  0.0615
  0.0783  0.0861  0.0746  0.0706  0.0806  0.0621
niter,ni,del,rscale     7    3   12.0000    1.2000
parameter  5  0.694388 ->  0.500000 qaram    1.3225
parameters
    0.5881  -11.7143    9.2793    3.8276   -7.4175    3.4240
eta,q 0.94242 11.91626
  0.0781  0.0718  0.0695  0.0689  0.0596  0.0635
  0.0705  0.0646  0.0632  0.0641  0.0578  0.0611
  0.0645  0.0610  0.0608  0.0602  0.0581  0.0588
  0.0615  0.0614  0.0610  0.0610  0.0612  0.0576
  0.0627  0.0643  0.0623  0.0624  0.0664  0.0584
  0.0671  0.0690  0.0658  0.0637  0.0717  0.0606
  0.0716  0.0767  0.0685  0.0661  0.0766  0.0640
niter,ni,del,rscale     7    3   12.0000    1.2000
parameters
    1.6298  -11.6907    9.5281    3.1184   -8.5269    3.8486
eta,q 0.94341 11.97502
  0.0773  0.0679  0.0645  0.0631  0.0647  0.0637
  0.0681  0.0618  0.0592  0.0583  0.0604  0.0608
  0.0611  0.0582  0.0570  0.0556  0.0573  0.0583
  0.0576  0.0575  0.0575  0.0576  0.0568  0.0567
  0.0585  0.0583  0.0584  0.0592  0.0592  0.0571
  0.0622  0.0610  0.0601  0.0611  0.0646  0.0592
  0.0669  0.0681  0.0619  0.0642  0.0706  0.0627
niter,ni,del,rscale     6    3   12.0000    1.2000
parameters
    2.0893  -11.2286    9.6345    2.6330   -8.9474    4.1104
eta,q 0.94391 12.00491
  0.0736  0.0694  0.0631  0.0635  0.0660  0.0633
  0.0651  0.0630  0.0581  0.0589  0.0616  0.0601
  0.0593  0.0578  0.0566  0.0550  0.0576  0.0575
  0.0566  0.0566  0.0567  0.0567  0.0561  0.0561
  0.0586  0.0577  0.0575  0.0588  0.0577  0.0567
  0.0629  0.0603  0.0592  0.0610  0.0627  0.0590
  0.0686  0.0665  0.0615  0.0641  0.0689  0.0627
niter,ni,del,rscale     5    3   12.0000    1.2000
parameters
    2.2460  -10.9844    9.6389    2.4060   -9.1411    4.2084
eta,q 0.94404 12.01248
  0.0720  0.0694  0.0626  0.0640  0.0663  0.0629
  0.0639  0.0627  0.0577  0.0598  0.0620  0.0598
  0.0582  0.0573  0.0563  0.0552  0.0579  0.0572
  0.0561  0.0561  0.0562  0.0562  0.0560  0.0560
  0.0590  0.0578  0.0572  0.0586  0.0573  0.0567
  0.0638  0.0610  0.0589  0.0607  0.0619  0.0591
  0.0696  0.0676  0.0615  0.0639  0.0683  0.0628
niter,ni,del,rscale     4    3   12.0000    1.2000
parameters
    2.3112  -10.8743    9.6432    2.2991   -9.2263    4.2533
eta,q 0.94408 12.01521
  0.0716  0.0692  0.0626  0.0643  0.0665  0.0627
  0.0634  0.0624  0.0576  0.0602  0.0622  0.0596
  0.0579  0.0570  0.0562  0.0554  0.0581  0.0571
  0.0560  0.0560  0.0560  0.0560  0.0559  0.0559
  0.0591  0.0579  0.0570  0.0584  0.0570  0.0567
  0.0640  0.0614  0.0588  0.0605  0.0616  0.0591
  0.0698  0.0683  0.0615  0.0638  0.0680  0.0629
niter,ni,del,rscale     3    3   12.0000    1.2000
parameters
    2.3439  -10.8217    9.6435    2.2548   -9.2675    4.2769
eta,q 0.94408 12.01645
  0.0714  0.0690  0.0626  0.0644  0.0666  0.0626
  0.0633  0.0623  0.0575  0.0603  0.0623  0.0596
  0.0577  0.0569  0.0562  0.0555  0.0581  0.0570
  0.0559  0.0559  0.0560  0.0560  0.0559  0.0559
  0.0592  0.0580  0.0570  0.0584  0.0570  0.0567
  0.0641  0.0616  0.0587  0.0604  0.0615  0.0592
  0.0699  0.0686  0.0615  0.0638  0.0679  0.0629
registration optimization eta report
parameter search radius
    6.0000    6.9000    6.0000    6.9000    7.9350    6.9000
100000*second partial in parameter space
       39.       27.       17.       17.       18.       14.
  0.0714  0.0690  0.0626  0.0644  0.0666  0.0626
  0.0633  0.0623  0.0575  0.0603  0.0623  0.0596
  0.0577  0.0569  0.0562  0.0555  0.0581  0.0570
  0.0559  0.0559  0.0560  0.0560  0.0559  0.0559
  0.0592  0.0580  0.0570  0.0584  0.0570  0.0567
  0.0641  0.0616  0.0587  0.0604  0.0615  0.0592
  0.0699  0.0686  0.0615  0.0638  0.0679  0.0629
    2.3439  -10.8217    9.6435    2.2548   -9.2675    4.2769
eta,q 0.94408 12.01645

---------------------------------------------------------------------
imgreg_4dfp /opt/freesurfer/average/711-2C_as_mni_average_305 /opt/freesurfer/average/711-2B_as_mni_average_305_mask talsrcimg_g11 none talsrcimg_to_711-2C_as_mni_average_305_t4 3335
---------------------------------------------------------------------

freesurfer imgreg_4dfp.c
/opt/freesurfer/average/711-2C_as_mni_average_305.4dfp.img
       256       256       256         1
  1.000000  1.000000  1.000000
orientation T byte_order littleendian
Reading image: /opt/freesurfer/average/711-2C_as_mni_average_305.4dfp.img
dimensions:      256       256       256
mmppix:       1.0000   -1.0000   -1.0000
center:     128.0000 -129.0000 -129.0000
/opt/freesurfer/average/711-2B_as_mni_average_305_mask.4dfp.img
       256       256       256         1
  1.000000  1.000000  1.000000
orientation T byte_order littleendian
Reading mask: /opt/freesurfer/average/711-2B_as_mni_average_305_mask.4dfp.img (2306576 pixels)
talsrcimg_g11.4dfp.img
       256       256       256         1
  1.000000  1.000000  1.000000
orientation T byte_order littleendian
Reading image: talsrcimg_g11.4dfp.img
dimensions:      256       256       256
mmppix:       1.0000   -1.0000   -1.0000
center:     128.0000 -129.0000 -129.0000
fimgreg.f
image alignment mode   3335 decimal      D07 hex
parameters
    2.3439  -10.8217    9.6435   -1.5801   -0.3084   -1.3817
   -6.8201   16.3405    7.3603   -2.7233  -16.1044    3.8830
eta,q 0.94497 12.18331
niter,ni,del,rscale     5    3    5.0000    1.2000
parameter  4  1.081452 ->  0.500000 qaram    1.1500
parameter  5  3.652033 ->  0.500000 qaram    1.1500
parameter  6  3.039724 ->  0.500000 qaram    1.1500
parameter 11 -0.829739 -> -0.500000 qaram    1.1500
parameters
    2.6150  -11.0645    9.7026   -5.7201   -4.4484   -5.5217
   -5.3499   17.8360    5.7612   -3.0364  -11.9644    1.0277
eta,q 0.96281 11.54438
  0.0584  0.0562  0.0562  0.0512  0.0424  0.0349  0.0422  0.0449  0.0398  0.0419  0.0428  0.0377
  0.0567  0.0554  0.0555  0.0518  0.0453  0.0380  0.0408  0.0423  0.0389  0.0401  0.0411  0.0373
  0.0556  0.0550  0.0551  0.0530  0.0486  0.0418  0.0396  0.0402  0.0385  0.0388  0.0396  0.0372
  0.0550  0.0550  0.0550  0.0550  0.0521  0.0461  0.0390  0.0389  0.0386  0.0385  0.0384  0.0374
  0.0551  0.0552  0.0550  0.0577  0.0556  0.0509  0.0390  0.0386  0.0392  0.0391  0.0377  0.0379
  0.0559  0.0558  0.0554  0.0612  0.0598  0.0564  0.0394  0.0395  0.0402  0.0405  0.0373  0.0388
  0.0572  0.0568  0.0562  0.0652  0.0646  0.0617  0.0404  0.0416  0.0417  0.0425  0.0374  0.0400
niter,ni,del,rscale     7    3    5.0000    1.2000
parameter  5  3.033547 ->  0.500000 qaram    1.3225
parameter  6  0.775078 ->  0.500000 qaram    1.3225
parameters
    2.7314  -11.0932    9.0847   -8.5477   -9.2094  -10.2827
   -4.8398   17.3243    5.9673   -3.3863  -11.0805   -0.7852
eta,q 0.97269 11.15215
  0.0408  0.0396  0.0381  0.0381  0.0285  0.0283  0.0299  0.0312  0.0295  0.0307  0.0298  0.0279
  0.0389  0.0384  0.0373  0.0372  0.0309  0.0275  0.0287  0.0291  0.0284  0.0288  0.0285  0.0275
  0.0377  0.0375  0.0370  0.0368  0.0337  0.0283  0.0278  0.0277  0.0277  0.0277  0.0277  0.0273
  0.0372  0.0372  0.0372  0.0370  0.0368  0.0316  0.0275  0.0274  0.0274  0.0274  0.0274  0.0274
  0.0374  0.0375  0.0377  0.0381  0.0405  0.0359  0.0276  0.0281  0.0276  0.0279  0.0275  0.0277
  0.0384  0.0384  0.0386  0.0407  0.0444  0.0415  0.0282  0.0298  0.0282  0.0292  0.0280  0.0282
  0.0402  0.0398  0.0398  0.0446  0.0486  0.0478  0.0293  0.0326  0.0293  0.0315  0.0289  0.0290
niter,ni,del,rscale     7    3    5.0000    1.2000
parameter  5  0.977202 ->  0.500000 qaram    1.5209
parameters
    2.9965  -11.7877    7.9403   -6.4885  -14.6846  -12.6559
   -5.1731   17.5768    6.4190   -3.7795  -10.7786   -0.1812
eta,q 0.97769 11.01479
  0.0311  0.0284  0.0271  0.0304  0.0224  0.0261  0.0248  0.0266  0.0249  0.0256  0.0243  0.0241
  0.0293  0.0273  0.0265  0.0286  0.0220  0.0241  0.0234  0.0243  0.0236  0.0237  0.0231  0.0232
  0.0279  0.0270  0.0265  0.0273  0.0232  0.0227  0.0226  0.0229  0.0228  0.0226  0.0225  0.0226
  0.0273  0.0273  0.0270  0.0264  0.0260  0.0221  0.0224  0.0224  0.0224  0.0223  0.0223  0.0223
  0.0274  0.0281  0.0280  0.0260  0.0297  0.0244  0.0228  0.0227  0.0225  0.0229  0.0225  0.0224
  0.0282  0.0295  0.0296  0.0263  0.0337  0.0286  0.0237  0.0239  0.0232  0.0243  0.0230  0.0228
  0.0298  0.0313  0.0315  0.0280  0.0379  0.0350  0.0252  0.0261  0.0244  0.0263  0.0239  0.0236
niter,ni,del,rscale     7    3    5.0000    1.2000
parameters
    3.1152  -11.3993    7.7343   -5.1710  -17.1037  -13.1939
   -5.3336   17.6817    6.4591   -3.4677  -10.6137    0.2184
eta,q 0.97809 10.94475
  0.0258  0.0269  0.0240  0.0258  0.0260  0.0273  0.0244  0.0260  0.0241  0.0255  0.0238  0.0235
  0.0240  0.0246  0.0229  0.0241  0.0236  0.0248  0.0230  0.0237  0.0230  0.0236  0.0227  0.0227
  0.0228  0.0230  0.0223  0.0229  0.0220  0.0231  0.0222  0.0223  0.0222  0.0223  0.0221  0.0222
  0.0223  0.0223  0.0222  0.0222  0.0219  0.0217  0.0219  0.0219  0.0219  0.0219  0.0219  0.0219
  0.0225  0.0223  0.0226  0.0218  0.0241  0.0220  0.0223  0.0224  0.0221  0.0222  0.0221  0.0220
  0.0235  0.0231  0.0234  0.0225  0.0277  0.0251  0.0232  0.0236  0.0229  0.0233  0.0227  0.0224
  0.0252  0.0246  0.0246  0.0243  0.0318  0.0299  0.0246  0.0257  0.0241  0.0249  0.0235  0.0232
niter,ni,del,rscale     6    3    5.0000    1.2000
parameters
    3.1130  -11.0861    7.7105   -4.7799  -17.6719  -13.3726
   -5.3440   17.6950    6.4313   -3.1943  -10.4960    0.0748
eta,q 0.97808 10.92289
  0.0251  0.0259  0.0238  0.0249  0.0275  0.0276  0.0245  0.0259  0.0240  0.0253  0.0237  0.0233
  0.0234  0.0239  0.0227  0.0235  0.0250  0.0250  0.0231  0.0236  0.0229  0.0235  0.0226  0.0225
  0.0223  0.0225  0.0220  0.0225  0.0228  0.0233  0.0222  0.0223  0.0222  0.0223  0.0220  0.0221
  0.0219  0.0219  0.0219  0.0219  0.0218  0.0218  0.0219  0.0219  0.0219  0.0219  0.0219  0.0219
  0.0222  0.0220  0.0221  0.0217  0.0227  0.0217  0.0222  0.0224  0.0221  0.0222  0.0221  0.0220
  0.0233  0.0228  0.0228  0.0227  0.0256  0.0246  0.0231  0.0236  0.0229  0.0232  0.0227  0.0226
  0.0252  0.0243  0.0238  0.0248  0.0292  0.0292  0.0245  0.0258  0.0241  0.0248  0.0235  0.0235
niter,ni,del,rscale     5    3    5.0000    1.2000
parameters
    3.1027  -10.9654    7.6529   -4.6777  -17.8288  -13.4332
   -5.3964   17.6929    6.3881   -3.0112  -10.4333   -0.0114
eta,q 0.97806 10.91533
  0.0250  0.0253  0.0237  0.0248  0.0279  0.0277  0.0245  0.0259  0.0240  0.0252  0.0237  0.0233
  0.0234  0.0235  0.0226  0.0234  0.0253  0.0251  0.0231  0.0236  0.0229  0.0234  0.0226  0.0226
  0.0223  0.0224  0.0220  0.0225  0.0231  0.0233  0.0222  0.0223  0.0222  0.0223  0.0221  0.0221
  0.0219  0.0219  0.0219  0.0219  0.0219  0.0219  0.0219  0.0219  0.0219  0.0219  0.0219  0.0219
  0.0222  0.0222  0.0222  0.0218  0.0226  0.0217  0.0223  0.0224  0.0222  0.0223  0.0222  0.0221
  0.0233  0.0231  0.0228  0.0229  0.0252  0.0245  0.0231  0.0236  0.0229  0.0233  0.0227  0.0226
  0.0252  0.0247  0.0238  0.0252  0.0288  0.0289  0.0245  0.0258  0.0241  0.0248  0.0236  0.0234
niter,ni,del,rscale     4    3    5.0000    1.2000
parameters
    3.0973  -10.9092    7.6183   -4.6411  -17.8877  -13.4668
   -5.4232   17.6961    6.3547   -2.9211  -10.3980   -0.0571
eta,q 0.97804 10.91148
  0.0251  0.0251  0.0238  0.0248  0.0280  0.0277  0.0245  0.0259  0.0240  0.0251  0.0237  0.0233
  0.0234  0.0234  0.0227  0.0234  0.0254  0.0251  0.0231  0.0237  0.0229  0.0233  0.0226  0.0226
  0.0224  0.0223  0.0221  0.0226  0.0232  0.0234  0.0222  0.0223  0.0222  0.0223  0.0221  0.0221
  0.0219  0.0219  0.0219  0.0219  0.0219  0.0219  0.0220  0.0220  0.0220  0.0220  0.0220  0.0220
  0.0222  0.0223  0.0222  0.0219  0.0225  0.0217  0.0223  0.0224  0.0222  0.0223  0.0222  0.0221
  0.0233  0.0232  0.0228  0.0230  0.0251  0.0244  0.0231  0.0236  0.0229  0.0233  0.0227  0.0226
  0.0252  0.0248  0.0238  0.0253  0.0286  0.0289  0.0245  0.0258  0.0241  0.0249  0.0236  0.0234
niter,ni,del,rscale     3    3    5.0000    1.2000
parameters
    3.0954  -10.8811    7.5950   -4.6263  -17.9131  -13.4886
   -5.4416   17.6931    6.3391   -2.8709  -10.3792   -0.0778
eta,q 0.97803 10.90935
  0.0251  0.0251  0.0238  0.0248  0.0280  0.0278  0.0245  0.0259  0.0240  0.0251  0.0237  0.0234
  0.0234  0.0234  0.0227  0.0235  0.0254  0.0252  0.0231  0.0237  0.0229  0.0233  0.0226  0.0226
  0.0224  0.0223  0.0221  0.0226  0.0232  0.0234  0.0222  0.0223  0.0222  0.0223  0.0221  0.0221
  0.0220  0.0220  0.0220  0.0220  0.0220  0.0220  0.0220  0.0220  0.0220  0.0220  0.0220  0.0220
  0.0223  0.0223  0.0222  0.0219  0.0225  0.0217  0.0223  0.0224  0.0222  0.0224  0.0222  0.0221
  0.0233  0.0233  0.0228  0.0230  0.0250  0.0244  0.0231  0.0236  0.0229  0.0234  0.0227  0.0226
  0.0252  0.0249  0.0238  0.0253  0.0286  0.0289  0.0245  0.0259  0.0241  0.0249  0.0236  0.0234
niter,ni,del,rscale     2    3    5.0000    1.2000
parameters
    3.0944  -10.8655    7.5836   -4.6183  -17.9272  -13.4998
   -5.4489   17.6920    6.3275   -2.8443  -10.3624   -0.0876
eta,q 0.97802 10.90816
  0.0251  0.0250  0.0238  0.0248  0.0280  0.0278  0.0245  0.0259  0.0240  0.0251  0.0237  0.0234
  0.0234  0.0234  0.0227  0.0235  0.0254  0.0252  0.0231  0.0237  0.0230  0.0233  0.0227  0.0226
  0.0224  0.0223  0.0221  0.0226  0.0232  0.0234  0.0223  0.0223  0.0222  0.0223  0.0221  0.0221
  0.0220  0.0220  0.0220  0.0220  0.0220  0.0220  0.0220  0.0220  0.0220  0.0220  0.0220  0.0220
  0.0223  0.0223  0.0222  0.0219  0.0225  0.0217  0.0223  0.0224  0.0222  0.0224  0.0222  0.0221
  0.0234  0.0233  0.0228  0.0230  0.0250  0.0244  0.0231  0.0236  0.0229  0.0234  0.0227  0.0226
  0.0252  0.0249  0.0238  0.0253  0.0286  0.0289  0.0245  0.0259  0.0241  0.0249  0.0236  0.0234
registration optimization eta report
parameter search radius
    2.4000    2.4000    2.4000    8.2800   10.9503    9.5220
    7.2000    7.2000    7.2000    7.2000    8.2800    7.2000
100000*second partial in parameter space
       55.       52.       32.        5.        5.        7.
        5.        8.        4.        6.        2.        3.
  0.0251  0.0250  0.0238  0.0248  0.0280  0.0278  0.0245  0.0259  0.0240  0.0251  0.0237  0.0234
  0.0234  0.0234  0.0227  0.0235  0.0254  0.0252  0.0231  0.0237  0.0230  0.0233  0.0227  0.0226
  0.0224  0.0223  0.0221  0.0226  0.0232  0.0234  0.0223  0.0223  0.0222  0.0223  0.0221  0.0221
  0.0220  0.0220  0.0220  0.0220  0.0220  0.0220  0.0220  0.0220  0.0220  0.0220  0.0220  0.0220
  0.0223  0.0223  0.0222  0.0219  0.0225  0.0217  0.0223  0.0224  0.0222  0.0224  0.0222  0.0221
  0.0234  0.0233  0.0228  0.0230  0.0250  0.0244  0.0231  0.0236  0.0229  0.0234  0.0227  0.0226
  0.0252  0.0249  0.0238  0.0253  0.0286  0.0289  0.0245  0.0259  0.0241  0.0249  0.0236  0.0234
    3.0944  -10.8655    7.5836   -4.6183  -17.9272  -13.4998
   -5.4489   17.6920    6.3275   -2.8443  -10.3624   -0.0876
eta,q 0.97802 10.90816

---------------------------------------------------------------------
imgreg_4dfp /opt/freesurfer/average/711-2C_as_mni_average_305 /opt/freesurfer/average/711-2B_as_mni_average_305_mask talsrcimg_g11 none talsrcimg_to_711-2C_as_mni_average_305_t4 2311
---------------------------------------------------------------------

freesurfer imgreg_4dfp.c
/opt/freesurfer/average/711-2C_as_mni_average_305.4dfp.img
       256       256       256         1
  1.000000  1.000000  1.000000
orientation T byte_order littleendian
Reading image: /opt/freesurfer/average/711-2C_as_mni_average_305.4dfp.img
dimensions:      256       256       256
mmppix:       1.0000   -1.0000   -1.0000
center:     128.0000 -129.0000 -129.0000
/opt/freesurfer/average/711-2B_as_mni_average_305_mask.4dfp.img
       256       256       256         1
  1.000000  1.000000  1.000000
orientation T byte_order littleendian
Reading mask: /opt/freesurfer/average/711-2B_as_mni_average_305_mask.4dfp.img (2306576 pixels)
talsrcimg_g11.4dfp.img
       256       256       256         1
  1.000000  1.000000  1.000000
orientation T byte_order littleendian
Reading image: talsrcimg_g11.4dfp.img
dimensions:      256       256       256
mmppix:       1.0000   -1.0000   -1.0000
center:     128.0000 -129.0000 -129.0000
fimgreg.f
image alignment mode   2311 decimal      907 hex
parameters
    3.0944  -10.8655    7.5836   -4.6183  -17.9272  -13.4998
   -5.4489   17.6920    6.3275   -2.8443  -10.3624   -0.0876
eta,q 0.97802 10.90816
niter,ni,del,rscale     5    3    5.0000    0.8000
parameters
    3.1335  -10.8664    7.5388   -3.6914  -17.3269  -12.3109
   -5.3775   17.9159    6.4603   -2.8135  -10.0440   -0.6438
eta,q 0.97857 11.00253
  0.0235  0.0233  0.0228  0.0232  0.0238  0.0240  0.0227  0.0237  0.0225  0.0230  0.0223  0.0220
  0.0227  0.0226  0.0223  0.0227  0.0229  0.0232  0.0220  0.0225  0.0220  0.0221  0.0218  0.0216
  0.0222  0.0221  0.0220  0.0223  0.0222  0.0226  0.0216  0.0218  0.0216  0.0216  0.0215  0.0215
  0.0220  0.0220  0.0220  0.0220  0.0219  0.0218  0.0214  0.0214  0.0214  0.0214  0.0214  0.0214
  0.0221  0.0221  0.0221  0.0218  0.0219  0.0214  0.0216  0.0216  0.0215  0.0216  0.0215  0.0216
  0.0225  0.0226  0.0224  0.0220  0.0223  0.0217  0.0220  0.0222  0.0219  0.0221  0.0217  0.0218
  0.0234  0.0233  0.0228  0.0226  0.0231  0.0229  0.0227  0.0234  0.0224  0.0229  0.0221  0.0223
niter,ni,del,rscale     4    3    5.0000    0.7000
parameters
    2.9406  -11.0411    7.6738   -3.6248  -17.1188  -11.9614
   -5.2202   17.7721    6.4347   -2.9657  -10.0932   -0.6890
eta,q 0.97870 11.03272
  0.0223  0.0223  0.0223  0.0223  0.0228  0.0233  0.0223  0.0229  0.0221  0.0224  0.0219  0.0218
  0.0218  0.0217  0.0218  0.0219  0.0221  0.0227  0.0218  0.0220  0.0217  0.0218  0.0215  0.0215
  0.0215  0.0214  0.0215  0.0216  0.0216  0.0219  0.0214  0.0215  0.0214  0.0214  0.0213  0.0213
  0.0214  0.0214  0.0214  0.0214  0.0214  0.0214  0.0213  0.0213  0.0213  0.0213  0.0213  0.0213
  0.0217  0.0216  0.0214  0.0214  0.0215  0.0213  0.0214  0.0215  0.0214  0.0215  0.0214  0.0214
  0.0222  0.0221  0.0217  0.0217  0.0219  0.0218  0.0217  0.0221  0.0217  0.0219  0.0216  0.0215
  0.0230  0.0228  0.0220  0.0224  0.0226  0.0231  0.0222  0.0231  0.0221  0.0226  0.0219  0.0218
niter,ni,del,rscale     3    3    5.0000    0.6000
parameters
    2.8973  -11.1263    7.7936   -3.5435  -17.0458  -11.6704
   -5.1485   17.7702    6.4937   -3.0789  -10.2013   -0.7032
eta,q 0.97877 11.05197
  0.0221  0.0220  0.0220  0.0220  0.0223  0.0229  0.0220  0.0225  0.0219  0.0221  0.0217  0.0216
  0.0217  0.0216  0.0216  0.0217  0.0218  0.0223  0.0216  0.0218  0.0215  0.0216  0.0214  0.0214
  0.0214  0.0214  0.0214  0.0215  0.0214  0.0217  0.0213  0.0214  0.0213  0.0213  0.0213  0.0213
  0.0213  0.0213  0.0213  0.0213  0.0213  0.0213  0.0212  0.0212  0.0212  0.0212  0.0212  0.0212
  0.0214  0.0214  0.0213  0.0213  0.0214  0.0212  0.0213  0.0214  0.0213  0.0214  0.0213  0.0213
  0.0217  0.0218  0.0215  0.0216  0.0217  0.0217  0.0215  0.0218  0.0215  0.0217  0.0215  0.0214
  0.0223  0.0223  0.0218  0.0221  0.0223  0.0227  0.0219  0.0225  0.0218  0.0222  0.0217  0.0216
niter,ni,del,rscale     2    3    5.0000    0.5000
parameters
    2.8697  -11.1801    7.8966   -3.4677  -17.0148  -11.4281
   -5.0986   17.7954    6.5406   -3.1638  -10.3095   -0.7244
eta,q 0.97881 11.06629
  0.0218  0.0218  0.0217  0.0218  0.0220  0.0225  0.0217  0.0221  0.0216  0.0218  0.0215  0.0215
  0.0215  0.0215  0.0215  0.0215  0.0216  0.0220  0.0214  0.0216  0.0214  0.0215  0.0213  0.0213
  0.0213  0.0213  0.0213  0.0213  0.0213  0.0215  0.0213  0.0213  0.0213  0.0213  0.0212  0.0212
  0.0212  0.0212  0.0212  0.0212  0.0212  0.0212  0.0212  0.0212  0.0212  0.0212  0.0212  0.0212
  0.0213  0.0213  0.0212  0.0212  0.0213  0.0212  0.0212  0.0213  0.0212  0.0213  0.0212  0.0212
  0.0215  0.0215  0.0214  0.0214  0.0215  0.0216  0.0214  0.0216  0.0214  0.0215  0.0214  0.0213
  0.0219  0.0219  0.0216  0.0218  0.0219  0.0223  0.0217  0.0221  0.0216  0.0219  0.0215  0.0215
niter,ni,del,rscale     1    3    5.0000    0.4000
parameters
    2.8454  -11.2198    7.9875   -3.4093  -17.0076  -11.2259
   -5.0631   17.8284    6.5851   -3.2138  -10.4262   -0.7904
eta,q 0.97882 11.07775
  0.0216  0.0215  0.0215  0.0216  0.0217  0.0221  0.0215  0.0218  0.0215  0.0216  0.0214  0.0213
  0.0214  0.0213  0.0213  0.0214  0.0214  0.0217  0.0213  0.0215  0.0213  0.0214  0.0213  0.0212
  0.0212  0.0212  0.0212  0.0213  0.0213  0.0213  0.0212  0.0212  0.0212  0.0212  0.0212  0.0212
  0.0212  0.0212  0.0212  0.0212  0.0212  0.0212  0.0212  0.0212  0.0212  0.0212  0.0212  0.0212
  0.0213  0.0212  0.0212  0.0212  0.0212  0.0212  0.0212  0.0212  0.0212  0.0212  0.0212  0.0212
  0.0214  0.0214  0.0213  0.0213  0.0214  0.0214  0.0213  0.0214  0.0213  0.0214  0.0213  0.0212
  0.0216  0.0216  0.0214  0.0216  0.0217  0.0219  0.0215  0.0218  0.0214  0.0216  0.0214  0.0214
registration optimization eta report
parameter search radius
    0.8000    0.8000    0.8000    2.4000    2.4000    2.4000
    2.4000    2.4000    2.4000    2.4000    2.4000    2.4000
100000*second partial in parameter space
       66.       60.       42.        7.        8.       14.
        6.       10.        5.        7.        4.        3.
  0.0216  0.0215  0.0215  0.0216  0.0217  0.0221  0.0215  0.0218  0.0215  0.0216  0.0214  0.0213
  0.0214  0.0213  0.0213  0.0214  0.0214  0.0217  0.0213  0.0215  0.0213  0.0214  0.0213  0.0212
  0.0212  0.0212  0.0212  0.0213  0.0213  0.0213  0.0212  0.0212  0.0212  0.0212  0.0212  0.0212
  0.0212  0.0212  0.0212  0.0212  0.0212  0.0212  0.0212  0.0212  0.0212  0.0212  0.0212  0.0212
  0.0213  0.0212  0.0212  0.0212  0.0212  0.0212  0.0212  0.0212  0.0212  0.0212  0.0212  0.0212
  0.0214  0.0214  0.0213  0.0213  0.0214  0.0214  0.0213  0.0214  0.0213  0.0214  0.0213  0.0212
  0.0216  0.0216  0.0214  0.0216  0.0217  0.0219  0.0215  0.0218  0.0214  0.0216  0.0214  0.0214
    2.8454  -11.2198    7.9875   -3.4093  -17.0076  -11.2259
   -5.0631   17.8284    6.5851   -3.2138  -10.4262   -0.7904
eta,q 0.97882 11.07775

---------------------------------------------------------------------
imgreg_4dfp /opt/freesurfer/average/711-2C_as_mni_average_305 /opt/freesurfer/average/711-2B_as_mni_average_305_mask talsrcimg_g11 none talsrcimg_to_711-2C_as_mni_average_305_t4 2311
---------------------------------------------------------------------

freesurfer imgreg_4dfp.c
/opt/freesurfer/average/711-2C_as_mni_average_305.4dfp.img
       256       256       256         1
  1.000000  1.000000  1.000000
orientation T byte_order littleendian
Reading image: /opt/freesurfer/average/711-2C_as_mni_average_305.4dfp.img
dimensions:      256       256       256
mmppix:       1.0000   -1.0000   -1.0000
center:     128.0000 -129.0000 -129.0000
/opt/freesurfer/average/711-2B_as_mni_average_305_mask.4dfp.img
       256       256       256         1
  1.000000  1.000000  1.000000
orientation T byte_order littleendian
Reading mask: /opt/freesurfer/average/711-2B_as_mni_average_305_mask.4dfp.img (2306576 pixels)
talsrcimg_g11.4dfp.img
       256       256       256         1
  1.000000  1.000000  1.000000
orientation T byte_order littleendian
Reading image: talsrcimg_g11.4dfp.img
dimensions:      256       256       256
mmppix:       1.0000   -1.0000   -1.0000
center:     128.0000 -129.0000 -129.0000
fimgreg.f
image alignment mode   2311 decimal      907 hex
parameters
    2.8454  -11.2198    7.9875   -3.4093  -17.0076  -11.2259
   -5.0631   17.8284    6.5851   -3.2138  -10.4262   -0.7904
eta,q 0.97882 11.07775
niter,ni,del,rscale     5    3    5.0000    0.8000
parameters
    2.8215  -11.2408    8.0809   -3.9443  -17.1172  -11.6056
   -5.0259   17.6703    6.5693   -3.2736  -10.5280   -0.5161
eta,q 0.97875 11.04815
  0.0228  0.0227  0.0224  0.0222  0.0229  0.0233  0.0225  0.0233  0.0223  0.0229  0.0220  0.0220
  0.0219  0.0218  0.0217  0.0217  0.0220  0.0225  0.0218  0.0221  0.0218  0.0219  0.0216  0.0216
  0.0213  0.0213  0.0213  0.0214  0.0214  0.0217  0.0214  0.0215  0.0214  0.0214  0.0213  0.0214
  0.0212  0.0212  0.0212  0.0212  0.0212  0.0212  0.0213  0.0213  0.0213  0.0213  0.0213  0.0213
  0.0214  0.0214  0.0212  0.0213  0.0214  0.0214  0.0214  0.0215  0.0214  0.0214  0.0214  0.0213
  0.0220  0.0219  0.0216  0.0220  0.0220  0.0227  0.0218  0.0223  0.0217  0.0220  0.0216  0.0215
  0.0229  0.0227  0.0221  0.0230  0.0231  0.0245  0.0225  0.0236  0.0224  0.0229  0.0220  0.0219
niter,ni,del,rscale     4    3    5.0000    0.7000
parameters
    2.9192  -11.2143    8.0129   -3.8489  -17.0758  -11.6401
   -5.1044   17.7591    6.6052   -3.2776  -10.4873   -0.5072
eta,q 0.97876 11.04847
  0.0226  0.0225  0.0220  0.0222  0.0226  0.0231  0.0222  0.0230  0.0221  0.0225  0.0218  0.0218
  0.0219  0.0218  0.0215  0.0218  0.0219  0.0224  0.0217  0.0220  0.0216  0.0218  0.0215  0.0215
  0.0215  0.0214  0.0213  0.0215  0.0214  0.0217  0.0213  0.0215  0.0213  0.0214  0.0213  0.0213
  0.0213  0.0213  0.0212  0.0212  0.0212  0.0212  0.0212  0.0212  0.0212  0.0212  0.0212  0.0212
  0.0213  0.0214  0.0214  0.0213  0.0214  0.0213  0.0214  0.0214  0.0213  0.0214  0.0213  0.0213
  0.0217  0.0217  0.0217  0.0216  0.0218  0.0221  0.0217  0.0219  0.0216  0.0218  0.0215  0.0215
  0.0223  0.0224  0.0221  0.0223  0.0226  0.0235  0.0223  0.0228  0.0221  0.0225  0.0218  0.0218
niter,ni,del,rscale     3    3    5.0000    0.6000
parameters
    2.9138  -11.2157    7.9721   -3.6847  -17.0403  -11.5272
   -5.1037   17.8097    6.6183   -3.2606  -10.4531   -0.5803
eta,q 0.97879 11.05795
  0.0221  0.0221  0.0218  0.0220  0.0223  0.0228  0.0219  0.0225  0.0218  0.0221  0.0217  0.0216
  0.0216  0.0216  0.0215  0.0217  0.0217  0.0222  0.0215  0.0218  0.0215  0.0216  0.0214  0.0214
  0.0213  0.0213  0.0213  0.0214  0.0214  0.0216  0.0213  0.0214  0.0213  0.0213  0.0213  0.0212
  0.0212  0.0212  0.0212  0.0212  0.0212  0.0212  0.0212  0.0212  0.0212  0.0212  0.0212  0.0212
  0.0213  0.0213  0.0213  0.0212  0.0213  0.0212  0.0213  0.0213  0.0213  0.0213  0.0213  0.0213
  0.0216  0.0216  0.0215  0.0215  0.0217  0.0218  0.0215  0.0217  0.0215  0.0216  0.0214  0.0214
  0.0222  0.0221  0.0219  0.0220  0.0223  0.0228  0.0219  0.0225  0.0218  0.0221  0.0216  0.0216
niter,ni,del,rscale     2    3    5.0000    0.5000
parameters
    2.8861  -11.2273    7.9862   -3.5476  -17.0194  -11.3622
   -5.0742   17.8355    6.6212   -3.2533  -10.4521   -0.6714
eta,q 0.97881 11.06885
  0.0218  0.0218  0.0216  0.0218  0.0219  0.0224  0.0217  0.0221  0.0216  0.0218  0.0215  0.0214
  0.0215  0.0215  0.0214  0.0215  0.0216  0.0219  0.0214  0.0216  0.0214  0.0215  0.0213  0.0213
  0.0213  0.0213  0.0213  0.0213  0.0213  0.0215  0.0213  0.0213  0.0212  0.0213  0.0212  0.0212
  0.0212  0.0212  0.0212  0.0212  0.0212  0.0212  0.0212  0.0212  0.0212  0.0212  0.0212  0.0212
  0.0213  0.0213  0.0213  0.0212  0.0213  0.0212  0.0212  0.0213  0.0212  0.0213  0.0212  0.0212
  0.0215  0.0215  0.0214  0.0214  0.0215  0.0216  0.0214  0.0216  0.0214  0.0215  0.0213  0.0213
  0.0219  0.0218  0.0216  0.0217  0.0219  0.0223  0.0217  0.0221  0.0216  0.0218  0.0215  0.0215
niter,ni,del,rscale     1    3    5.0000    0.4000
parameters
    2.8539  -11.2412    8.0236   -3.4458  -17.0051  -11.2027
   -5.0663   17.8563    6.6389   -3.2473  -10.5030   -0.7611
eta,q 0.97883 11.07906
  0.0216  0.0216  0.0215  0.0216  0.0217  0.0221  0.0215  0.0218  0.0215  0.0216  0.0214  0.0213
  0.0214  0.0214  0.0213  0.0214  0.0214  0.0217  0.0213  0.0215  0.0213  0.0214  0.0213  0.0212
  0.0212  0.0212  0.0212  0.0213  0.0212  0.0213  0.0212  0.0212  0.0212  0.0212  0.0212  0.0212
  0.0212  0.0212  0.0212  0.0212  0.0212  0.0212  0.0212  0.0212  0.0212  0.0212  0.0212  0.0212
  0.0212  0.0212  0.0212  0.0212  0.0212  0.0212  0.0212  0.0212  0.0212  0.0212  0.0212  0.0212
  0.0214  0.0214  0.0213  0.0213  0.0214  0.0214  0.0213  0.0214  0.0213  0.0214  0.0213  0.0212
  0.0216  0.0216  0.0214  0.0216  0.0217  0.0219  0.0215  0.0218  0.0215  0.0216  0.0214  0.0214
registration optimization eta report
parameter search radius
    0.8000    0.8000    0.8000    2.4000    2.4000    2.4000
    2.4000    2.4000    2.4000    2.4000    2.4000    2.4000
100000*second partial in parameter space
       65.       60.       42.        7.        8.       14.
        6.       10.        5.        7.        4.        3.
  0.0216  0.0216  0.0215  0.0216  0.0217  0.0221  0.0215  0.0218  0.0215  0.0216  0.0214  0.0213
  0.0214  0.0214  0.0213  0.0214  0.0214  0.0217  0.0213  0.0215  0.0213  0.0214  0.0213  0.0212
  0.0212  0.0212  0.0212  0.0213  0.0212  0.0213  0.0212  0.0212  0.0212  0.0212  0.0212  0.0212
  0.0212  0.0212  0.0212  0.0212  0.0212  0.0212  0.0212  0.0212  0.0212  0.0212  0.0212  0.0212
  0.0212  0.0212  0.0212  0.0212  0.0212  0.0212  0.0212  0.0212  0.0212  0.0212  0.0212  0.0212
  0.0214  0.0214  0.0213  0.0213  0.0214  0.0214  0.0213  0.0214  0.0213  0.0214  0.0213  0.0212
  0.0216  0.0216  0.0214  0.0216  0.0217  0.0219  0.0215  0.0218  0.0215  0.0216  0.0214  0.0214
    2.8539  -11.2412    8.0236   -3.4458  -17.0051  -11.2027
   -5.0663   17.8563    6.6389   -3.2473  -10.5030   -0.7611
eta,q 0.97883 11.07906

---------------------------------------------------------------------
compute_vox2vox talsrcimg talsrcimg_to_711-2C_as_mni_average_305_t4 /opt/freesurfer/average/711-2C_as_mni_average_305
---------------------------------------------------------------------

freesurfer compute_vox2vox.c
Reading: talsrcimg.4dfp.ifh
Reading: talsrcimg_to_711-2C_as_mni_average_305_t4
Reading: /opt/freesurfer/average/711-2C_as_mni_average_305.4dfp.ifh
Writing: talsrcimg_to_711-2C_as_mni_average_305_t4_vox2vox.txt

start time Wed Mar 11 07:46:17 CET 2026
end		time Wed Mar 11 07:47:47 CET 2026

mpr2mni305 success

avi2talxfm orig_nu.mgz /opt/freesurfer/average/mni305.cor.mgz talsrcimg_to_711-2C_as_mni_average_305_t4_vox2vox.txt transforms/talairach.auto.xfm
avi2talxfm done
mv -f /out/sourcedata/freesurfer/sub-v2s15x29732_ses-1/mri/talsrcimg_to_711-2C_as_mni_average_305_t4_vox2vox.txt /out/sourcedata/freesurfer/sub-v2s15x29732_ses-1/mri/transforms/talsrcimg_to_711-2C_as_mni_average_305_t4_vox2vox.txt
lta_convert --src orig_nu.mgz --trg /opt/freesurfer/average/mni305.cor.mgz --inxfm transforms/talairach.auto.xfm --outlta transforms/talairach.auto.xfm.lta --subject fsaverage
7.3.2

--src: orig_nu.mgz src image (geometry).
--trg: /opt/freesurfer/average/mni305.cor.mgz trg image (geometry).
--inmni: transforms/talairach.auto.xfm input MNI/XFM transform.
--outlta: transforms/talairach.auto.xfm.lta output LTA.
--s: fsaverage subject name
 LTA read, type : 1
 1.00973  -0.20086   0.05979  -10.41467;
 0.11878   1.10291   0.01736  -20.19918;
-0.07612   0.05922   1.20079  -8.79457;
 0.00000   0.00000   0.00000   1.00000;
setting subject to fsaverage
Writing  LTA to file transforms/talairach.auto.xfm.lta...
lta_convert successful.
 
 
Started at Wed Mar 11 07:46:17 CET 2026
Ended   at Wed Mar 11 07:47:48 CET 2026
talairach_avi done
