status file for recon-all
Wed Mar 11 09:37:54 CET 2026
#@# Tessellate lh Wed Mar 11 09:37:54 CET 2026
#@# Smooth1 lh Wed Mar 11 09:37:58 CET 2026
#@# Inflation1 lh Wed Mar 11 09:38:01 CET 2026
#@# QSphere lh Wed Mar 11 09:38:16 CET 2026
#@# Fix Topology lh Wed Mar 11 09:39:49 CET 2026
#@# Smooth2 lh Wed Mar 11 09:45:57 CET 2026
#@# Inflation2 lh Wed Mar 11 09:46:00 CET 2026
#@# Curv .H and .K lh Wed Mar 11 09:46:14 CET 2026
#@# Sphere lh Wed Mar 11 09:46:58 CET 2026
#@# Surf Reg lh Wed Mar 11 09:49:28 CET 2026
#@# Jacobian white lh Wed Mar 11 09:52:47 CET 2026
#@# AvgCurv lh Wed Mar 11 09:52:48 CET 2026
#@# Cortical Parc lh Wed Mar 11 09:52:49 CET 2026
#@# white curv lh Wed Mar 11 09:59:47 CET 2026
#@# white area lh Wed Mar 11 09:59:50 CET 2026
#@# pial curv lh Wed Mar 11 09:59:51 CET 2026
#@# pial area lh Wed Mar 11 09:59:52 CET 2026
#@# thickness lh Wed Mar 11 09:59:53 CET 2026
#@# area and vertex vol lh Wed Mar 11 10:00:22 CET 2026
#@# Curvature Stats lh Wed Mar 11 10:00:24 CET 2026
#@# Cortical Parc 2 lh Wed Mar 11 10:00:26 CET 2026
#@# Cortical Parc 3 lh Wed Mar 11 10:00:39 CET 2026
#@# WM/GM Contrast lh Wed Mar 11 10:00:49 CET 2026
recon-all -s sub-v2s15x29730_ses-1 finished without error at Wed Mar 11 10:00:52 CET 2026



#New# invocation of recon-all 



status file for recon-all
Wed Mar 11 10:30:17 CET 2026
#@# white curv lh Wed Mar 11 10:30:17 CET 2026
#@# white area lh Wed Mar 11 10:30:17 CET 2026
#@# pial curv lh Wed Mar 11 10:30:17 CET 2026
#@# pial area lh Wed Mar 11 10:30:17 CET 2026
#@# thickness lh Wed Mar 11 10:30:17 CET 2026
#@# area and vertex vol lh Wed Mar 11 10:30:17 CET 2026
#@# Parcellation Stats lh Wed Mar 11 10:30:17 CET 2026
#@# Parcellation Stats 2 lh Wed Mar 11 10:30:34 CET 2026
#@# Parcellation Stats 3 lh Wed Mar 11 10:30:43 CET 2026
#@# BA_exvivo Labels lh Wed Mar 11 10:30:52 CET 2026
recon-all -s sub-v2s15x29730_ses-1 finished without error at Wed Mar 11 10:33:32 CET 2026
