status file for recon-all
Wed Mar 11 07:42:47 CET 2026
#@# MotionCor Wed Mar 11 07:42:49 CET 2026
#@# Talairach Wed Mar 11 07:42:57 CET 2026
#@# Talairach Failure Detection Wed Mar 11 07:47:36 CET 2026
#@# Nu Intensity Correction Wed Mar 11 07:47:37 CET 2026
#@# Intensity Normalization Wed Mar 11 07:50:53 CET 2026
recon-all -s sub-v2s15x29730_ses-1 finished without error at Wed Mar 11 07:52:14 CET 2026



#New# invocation of recon-all 



status file for recon-all
Wed Mar 11 07:59:30 CET 2026
#@# EM Registration Wed Mar 11 07:59:30 CET 2026
recon-all -s sub-v2s15x29730_ses-1 finished without error at Wed Mar 11 08:02:19 CET 2026



#New# invocation of recon-all 



status file for recon-all
Wed Mar 11 08:02:20 CET 2026
#@# CA Normalize Wed Mar 11 08:02:20 CET 2026
#@# CA Reg Wed Mar 11 08:03:39 CET 2026
#@# SubCort Seg Wed Mar 11 09:00:49 CET 2026
#@# CC Seg Wed Mar 11 09:31:59 CET 2026
#@# Merge ASeg Wed Mar 11 09:32:40 CET 2026
#@# Intensity Normalization2 Wed Mar 11 09:32:40 CET 2026
#@# Mask BFS Wed Mar 11 09:34:43 CET 2026
#@# WM Segmentation Wed Mar 11 09:34:44 CET 2026
#@# Fill Wed Mar 11 09:36:38 CET 2026
recon-all -s sub-v2s15x29730_ses-1 finished without error at Wed Mar 11 09:37:48 CET 2026



#New# invocation of recon-all 



status file for recon-all
Wed Mar 11 10:25:25 CET 2026
#@# white curv lh Wed Mar 11 10:25:25 CET 2026
#@# white area lh Wed Mar 11 10:25:25 CET 2026
#@# pial curv lh Wed Mar 11 10:25:25 CET 2026
#@# pial area lh Wed Mar 11 10:25:25 CET 2026
#@# thickness lh Wed Mar 11 10:25:25 CET 2026
#@# area and vertex vol lh Wed Mar 11 10:25:25 CET 2026
#@# white curv rh Wed Mar 11 10:25:25 CET 2026
#@# white area rh Wed Mar 11 10:25:25 CET 2026
#@# pial curv rh Wed Mar 11 10:25:25 CET 2026
#@# pial area rh Wed Mar 11 10:25:25 CET 2026
#@# thickness rh Wed Mar 11 10:25:25 CET 2026
#@# area and vertex vol rh Wed Mar 11 10:25:25 CET 2026
#@# Cortical ribbon mask Wed Mar 11 10:25:25 CET 2026
recon-all -s sub-v2s15x29730_ses-1 finished without error at Wed Mar 11 10:30:14 CET 2026



#New# invocation of recon-all 



status file for recon-all
Wed Mar 11 10:36:55 CET 2026
#@# white curv lh Wed Mar 11 10:36:55 CET 2026
#@# white area lh Wed Mar 11 10:36:55 CET 2026
#@# pial curv lh Wed Mar 11 10:36:55 CET 2026
#@# pial area lh Wed Mar 11 10:36:55 CET 2026
#@# thickness lh Wed Mar 11 10:36:55 CET 2026
#@# area and vertex vol lh Wed Mar 11 10:36:55 CET 2026
#@# white curv rh Wed Mar 11 10:36:55 CET 2026
#@# white area rh Wed Mar 11 10:36:55 CET 2026
#@# pial curv rh Wed Mar 11 10:36:55 CET 2026
#@# pial area rh Wed Mar 11 10:36:55 CET 2026
#@# thickness rh Wed Mar 11 10:36:55 CET 2026
#@# area and vertex vol rh Wed Mar 11 10:36:55 CET 2026
#@# Curvature Stats lh Wed Mar 11 10:36:55 CET 2026
#@# Curvature Stats rh Wed Mar 11 10:36:57 CET 2026
#@# Relabel Hypointensities Wed Mar 11 10:37:00 CET 2026
#@# APas-to-ASeg Wed Mar 11 10:37:15 CET 2026
#@# AParc-to-ASeg aparc Wed Mar 11 10:37:24 CET 2026
#@# AParc-to-ASeg aparc.a2009s Wed Mar 11 10:38:14 CET 2026
#@# AParc-to-ASeg aparc.DKTatlas Wed Mar 11 10:38:58 CET 2026
#@# WMParc Wed Mar 11 10:39:51 CET 2026
#@# ASeg Stats Wed Mar 11 10:44:26 CET 2026
recon-all -s sub-v2s15x29730_ses-1 finished without error at Wed Mar 11 10:45:09 CET 2026
