status file for recon-all
Wed Mar 11 10:00:55 CET 2026
#@# Tessellate rh Wed Mar 11 10:00:55 CET 2026
#@# Smooth1 rh Wed Mar 11 10:00:58 CET 2026
#@# Inflation1 rh Wed Mar 11 10:01:01 CET 2026
#@# QSphere rh Wed Mar 11 10:01:14 CET 2026
#@# Fix Topology rh Wed Mar 11 10:02:39 CET 2026
#@# Smooth2 rh Wed Mar 11 10:08:05 CET 2026
#@# Inflation2 rh Wed Mar 11 10:08:08 CET 2026
#@# Curv .H and .K rh Wed Mar 11 10:08:22 CET 2026
#@# Sphere rh Wed Mar 11 10:09:07 CET 2026
#@# Surf Reg rh Wed Mar 11 10:13:39 CET 2026
#@# Jacobian white rh Wed Mar 11 10:17:27 CET 2026
#@# AvgCurv rh Wed Mar 11 10:17:28 CET 2026
#@# Cortical Parc rh Wed Mar 11 10:17:29 CET 2026
#@# white curv rh Wed Mar 11 10:24:12 CET 2026
#@# white area rh Wed Mar 11 10:24:14 CET 2026
#@# pial curv rh Wed Mar 11 10:24:15 CET 2026
#@# pial area rh Wed Mar 11 10:24:17 CET 2026
#@# thickness rh Wed Mar 11 10:24:17 CET 2026
#@# area and vertex vol rh Wed Mar 11 10:24:46 CET 2026
#@# Curvature Stats rh Wed Mar 11 10:24:48 CET 2026
#@# Cortical Parc 2 rh Wed Mar 11 10:24:51 CET 2026
#@# Cortical Parc 3 rh Wed Mar 11 10:25:05 CET 2026
#@# WM/GM Contrast rh Wed Mar 11 10:25:15 CET 2026
recon-all -s sub-v2s15x29730_ses-1 finished without error at Wed Mar 11 10:25:19 CET 2026



#New# invocation of recon-all 



status file for recon-all
Wed Mar 11 10:33:35 CET 2026
#@# white curv rh Wed Mar 11 10:33:35 CET 2026
#@# white area rh Wed Mar 11 10:33:35 CET 2026
#@# pial curv rh Wed Mar 11 10:33:35 CET 2026
#@# pial area rh Wed Mar 11 10:33:35 CET 2026
#@# thickness rh Wed Mar 11 10:33:35 CET 2026
#@# area and vertex vol rh Wed Mar 11 10:33:35 CET 2026
#@# Parcellation Stats rh Wed Mar 11 10:33:35 CET 2026
#@# Parcellation Stats 2 rh Wed Mar 11 10:33:53 CET 2026
#@# Parcellation Stats 3 rh Wed Mar 11 10:34:02 CET 2026
#@# BA_exvivo Labels rh Wed Mar 11 10:34:10 CET 2026
recon-all -s sub-v2s15x29730_ses-1 finished without error at Wed Mar 11 10:36:50 CET 2026
