/out/sourcedata/freesurfer/sub-v2s15x29737_ses-1/mri
/opt/freesurfer/bin/talairach_avi
--i orig_nu.mgz --xfm transforms/talairach.auto.xfm
talairach_avi 7.3.2
Linux dna038 5.14.0-427.37.1.el9_4.x86_64 #1 SMP PREEMPT_DYNAMIC Fri Sep 13 12:41:50 EDT 2024 x86_64 x86_64 x86_64 GNU/Linux
Wed Mar 11 08:17:55 CET 2026
mri_convert orig_nu.mgz talsrcimg.img 
reading from orig_nu.mgz...
TR=0.00, TE=0.00, TI=0.00, flip angle=0.00
i_ras = (-1, 0, -7.45058e-09)
j_ras = (0, 0, -1)
k_ras = (0, 1, 0)
writing to talsrcimg.img...
Analyze Output Matrix
-1.00000   0.00000   0.00000   128.50179;
 0.00000   0.00000   1.00000  -121.34673;
-0.00000  -1.00000   0.00000   132.94980;
 0.00000   0.00000   0.00000   1.00000;
--------------------
INFO: set hdr.hist.orient to -1
mpr2mni305 talsrcimg
Wed Mar 11 08:17:55 CET 2026
/opt/freesurfer/bin/mpr2mni305 talsrcimg
mpr2mni305 7.3.2
target=711-2C_as_mni_average_305

---------------------------------------------------------------------
analyzeto4dfp talsrcimg -O0 -y
---------------------------------------------------------------------

freesurfer ifh2hdr.c
Wed Mar 11 08:17:55 2026
Writing: talsrcimg.4dfp.hdr
freesurfer analyzeto4dfp.c
Reading: talsrcimg.hdr
header size 348 bytes
hdr.dime.datatype	offset=70	value=2
hdr.dime.bitpix		offset=72	value=8
hdr.hist.orient		offset=252	value=-1
dimensionality     4
dimensions       256       256       256         1
Reading: talsrcimg.img
Writing: talsrcimg.4dfp.img
Writing: talsrcimg.4dfp.ifh
ifh2hdr talsrcimg -r0to245
ori=2

---------------------------------------------------------------------
gauss_4dfp talsrcimg 1.1
---------------------------------------------------------------------

freesurfer gauss_4dfp.c
Reading: talsrcimg.4dfp.img
Writing: talsrcimg_g11.4dfp.img
image dimensions 256 256 256 padded to 288 288 288
processing volume 1freesurfer ifh2hdr.c
Wed Mar 11 08:17:57 2026
Writing: talsrcimg_g11.4dfp.hdr

Writing: talsrcimg_g11.4dfp.ifh
including: talsrcimg.4dfp.img.rec in talsrcimg_g11.4dfp.img.rec

---------------------------------------------------------------------
imgreg_4dfp /opt/freesurfer/average/711-2C_as_mni_average_305 none talsrcimg_g11 none talsrcimg_to_711-2C_as_mni_average_305_t4 4355
---------------------------------------------------------------------

freesurfer imgreg_4dfp.c
/opt/freesurfer/average/711-2C_as_mni_average_305.4dfp.img
       256       256       256         1
  1.000000  1.000000  1.000000
orientation T byte_order littleendian
Reading image: /opt/freesurfer/average/711-2C_as_mni_average_305.4dfp.img
dimensions:      256       256       256
mmppix:       1.0000   -1.0000   -1.0000
center:     128.0000 -129.0000 -129.0000
talsrcimg_g11.4dfp.img
       256       256       256         1
  1.000000  1.000000  1.000000
orientation T byte_order littleendian
Reading image: talsrcimg_g11.4dfp.img
dimensions:      256       256       256
mmppix:       1.0000   -1.0000   -1.0000
center:     128.0000 -129.0000 -129.0000
t4_read: open error in t4_sub.f l:  41 t4_file(1:l)talsrcimg_to_711-2C_as_mni_average_305_t4 
t4_read: transform initialized to I4
rotation matrix determinant  1.000000
image alignment mode   4355 decimal     1103 hex
   -7.5000  -45.0000  -45.0000 8457.4707   15.3277
    0.0000  -45.0000  -45.0000 8827.9131   15.3323
    7.5000  -45.0000  -45.0000 8441.4922   15.3386
   -7.5000  -37.5000  -45.0000 9039.0596   15.3486
    0.0000  -37.5000  -45.0000 9422.5049   15.3534
    7.5000  -37.5000  -45.0000 8998.6045   15.3616
   -7.5000  -30.0000  -45.0000 9864.4619   15.3442
    0.0000  -30.0000  -45.000010282.2529   15.3529
    7.5000  -30.0000  -45.0000 9806.0518   15.3671
   -7.5000  -22.5000  -45.000010611.6816   15.3141
    0.0000  -22.5000  -45.000011050.5654   15.3244
    7.5000  -22.5000  -45.000010505.8262   15.3427
   -7.5000  -15.0000  -45.000011279.8223   15.2889
    0.0000  -15.0000  -45.000011749.8223   15.2981
    7.5000  -15.0000  -45.000011162.8926   15.3149
   -7.5000   -7.5000  -45.000011865.3486   15.2950
    0.0000   -7.5000  -45.000012373.9521   15.3022
    7.5000   -7.5000  -45.000011752.9424   15.3132
   -7.5000    0.0000  -45.000012408.8594   15.3246
    0.0000    0.0000  -45.000012958.1221   15.3292
    7.5000    0.0000  -45.000012308.9805   15.3355
   -7.5000    7.5000  -45.000012108.7617   15.3486
    0.0000    7.5000  -45.000012627.8789   15.3534
    7.5000    7.5000  -45.000011993.8535   15.3616
   -7.5000   15.0000  -45.000011669.9424   15.3442
    0.0000   15.0000  -45.000012131.1240   15.3529
    7.5000   15.0000  -45.000011521.9883   15.3671
   -7.5000   22.5000  -45.000010853.2725   15.3120
    0.0000   22.5000  -45.000011244.2363   15.3223
    7.5000   22.5000  -45.000010694.1621   15.3406
   -7.5000   30.0000  -45.0000 9861.0205   15.0852
    0.0000   30.0000  -45.000010233.3057   15.0942
    7.5000   30.0000  -45.0000 9736.6260   15.1109
   -7.5000   37.5000  -45.0000 9292.2920   15.0912
    0.0000   37.5000  -45.0000 9649.5059   15.0983
    7.5000   37.5000  -45.0000 9213.4531   15.1092
   -7.5000   45.0000  -45.0000 8408.8652   14.7364
    0.0000   45.0000  -45.0000 8726.5713   14.7409
    7.5000   45.0000  -45.0000 8349.8242   14.7469
   -7.5000  -45.0000  -37.5000 9020.2471   15.2829
    0.0000  -45.0000  -37.5000 9407.9492   15.2800
    7.5000  -45.0000  -37.5000 8974.0303   15.2860
   -7.5000  -37.5000  -37.5000 9621.1992   15.3000
    0.0000  -37.5000  -37.500010023.7666   15.2969
    7.5000  -37.5000  -37.5000 9532.5391   15.3043
   -7.5000  -30.0000  -37.500010476.9619   15.2987
    0.0000  -30.0000  -37.500010929.0273   15.2973
    7.5000  -30.0000  -37.500010378.3047   15.3089
   -7.5000  -22.5000  -37.500011267.7266   15.2757
    0.0000  -22.5000  -37.500011727.7666   15.2749
    7.5000  -22.5000  -37.500011129.2666   15.2885
   -7.5000  -15.0000  -37.500011983.6338   15.2558
    0.0000  -15.0000  -37.500012481.7305   15.2542
    7.5000  -15.0000  -37.500011804.4219   15.2661
   -7.5000   -7.5000  -37.500012631.6035   15.2586
    0.0000   -7.5000  -37.500013136.3564   15.2567
    7.5000   -7.5000  -37.500012394.3311   15.2650
   -7.5000    0.0000  -37.500013168.8350   15.2797
    0.0000    0.0000  -37.500013712.9443   15.2769
    7.5000    0.0000  -37.500012939.3887   15.2829
   -7.5000    7.5000  -37.500012822.9492   15.3000
    0.0000    7.5000  -37.500013360.3135   15.2969
    7.5000    7.5000  -37.500012600.2725   15.3043
   -7.5000   15.0000  -37.500012316.2656   15.2987
    0.0000   15.0000  -37.500012796.8945   15.2973
    7.5000   15.0000  -37.500012062.2695   15.3089
   -7.5000   22.5000  -37.500011403.0107   15.2736
    0.0000   22.5000  -37.500011844.9082   15.2728
    7.5000   22.5000  -37.500011175.0322   15.2864
   -7.5000   30.0000  -37.500010353.2432   15.0525
    0.0000   30.0000  -37.500010761.4023   15.0509
    7.5000   30.0000  -37.500010173.3203   15.0626
   -7.5000   37.5000  -37.5000 9733.1211   15.0552
    0.0000   37.5000  -37.500010138.4541   15.0533
    7.5000   37.5000  -37.5000 9627.4297   15.0615
   -7.5000   45.0000  -37.5000 8797.3916   14.6933
    0.0000   45.0000  -37.5000 9145.9658   14.6906
    7.5000   45.0000  -37.5000 8712.6035   14.6963
   -7.5000  -45.0000  -30.0000 9724.2578   15.9191
    0.0000  -45.0000  -30.000010125.3096   15.9074
    7.5000  -45.0000  -30.0000 9634.1934   15.9172
   -7.5000  -37.5000  -30.000010352.9795   15.9375
    0.0000  -37.5000  -30.000010772.5176   15.9266
    7.5000  -37.5000  -30.000010229.7021   15.9374
   -7.5000  -30.0000  -30.000011259.6064   15.9391
    0.0000  -30.0000  -30.000011716.2041   15.9283
    7.5000  -30.0000  -30.000011110.6328   15.9419
   -7.5000  -22.5000  -30.000012122.0977   15.9167
    0.0000  -22.5000  -30.000012583.2529   15.9040
    7.5000  -22.5000  -30.000011903.1641   15.9186
   -7.5000  -15.0000  -30.000012888.9590   15.8950
    0.0000  -15.0000  -30.000013381.6523   15.8804
    7.5000  -15.0000  -30.000012593.2480   15.8938
   -7.5000   -7.5000  -30.000013606.4443   15.8957
    0.0000   -7.5000  -30.000014104.2119   15.8822
    7.5000   -7.5000  -30.000013245.1562   15.8936
   -7.5000    0.0000  -30.000014154.9189   15.9158
    0.0000    0.0000  -30.000014697.5010   15.9042
    7.5000    0.0000  -30.000013827.8828   15.9139
   -7.5000    7.5000  -30.000013748.9629   15.9375
    0.0000    7.5000  -30.000014284.0957   15.9266
    7.5000    7.5000  -30.000013405.7959   15.9374
   -7.5000   15.0000  -30.000013147.6338   15.9391
    0.0000   15.0000  -30.000013656.9551   15.9283
    7.5000   15.0000  -30.000012795.9189   15.9419
   -7.5000   22.5000  -30.000012153.5010   15.9128
    0.0000   22.5000  -30.000012623.5215   15.9002
    7.5000   22.5000  -30.000011847.8447   15.9147
   -7.5000   30.0000  -30.000011023.2402   15.6847
    0.0000   30.0000  -30.000011475.7969   15.6702
    7.5000   30.0000  -30.000010800.5215   15.6835
   -7.5000   37.5000  -30.000010360.1113   15.6854
    0.0000   37.5000  -30.000010782.1523   15.6720
    7.5000   37.5000  -30.000010187.8574   15.6833
   -7.5000   45.0000  -30.0000 9343.3672   15.3162
    0.0000   45.0000  -30.0000 9709.9922   15.3050
    7.5000   45.0000  -30.0000 9219.3633   15.3144
   -7.5000  -45.0000  -22.500010408.9873   16.4336
    0.0000  -45.0000  -22.500010806.7861   16.4200
    7.5000  -45.0000  -22.500010281.2041   16.4339
   -7.5000  -37.5000  -22.500011056.8613   16.4557
    0.0000  -37.5000  -22.500011479.7246   16.4448
    7.5000  -37.5000  -22.500010895.9795   16.4594
   -7.5000  -30.0000  -22.500012004.7344   16.4563
    0.0000  -30.0000  -22.500012496.7363   16.4465
    7.5000  -30.0000  -22.500011824.9434   16.4649
   -7.5000  -22.5000  -22.500012917.1270   16.4282
    0.0000  -22.5000  -22.500013401.9033   16.4152
    7.5000  -22.5000  -22.500012654.4346   16.4363
   -7.5000  -15.0000  -22.500013709.9287   16.4009
    0.0000  -15.0000  -22.500014195.7432   16.3838
    7.5000  -15.0000  -22.500013372.3623   16.4051
   -7.5000   -7.5000  -22.500014484.3789   16.4035
    0.0000   -7.5000  -22.500015005.7461   16.3870
    7.5000   -7.5000  -22.500014073.3994   16.4048
   -7.5000    0.0000  -22.500015105.0420   16.4303
    0.0000    0.0000  -22.500015666.0244   16.4166
    7.5000    0.0000  -22.500014700.4248   16.4306
   -7.5000    7.5000  -22.500014672.4756   16.4557
    0.0000    7.5000  -22.500015215.7754   16.4448
    7.5000    7.5000  -22.500014246.5293   16.4594
   -7.5000   15.0000  -22.500013981.5889   16.4563
    0.0000   15.0000  -22.500014483.8701   16.4465
    7.5000   15.0000  -22.500013546.1045   16.4649
   -7.5000   22.5000  -22.500012911.5244   16.4232
    0.0000   22.5000  -22.500013375.9189   16.4101
    7.5000   22.5000  -22.500012513.6162   16.4312
   -7.5000   30.0000  -22.500011732.3174   16.1863
    0.0000   30.0000  -22.500012199.4502   16.1695
    7.5000   30.0000  -22.500011431.1025   16.1905
   -7.5000   37.5000  -22.500010989.7578   16.1889
    0.0000   37.5000  -22.500011431.1973   16.1727
    7.5000   37.5000  -22.500010755.9326   16.1902
   -7.5000   45.0000  -22.5000 9880.9111   15.8232
    0.0000   45.0000  -22.500010257.3076   15.8100
    7.5000   45.0000  -22.5000 9711.6504   15.8234
   -7.5000  -45.0000  -15.000011053.5293   16.8022
    0.0000  -45.0000  -15.000011495.5225   16.7951
    7.5000  -45.0000  -15.000010939.1641   16.8093
   -7.5000  -37.5000  -15.000011724.1602   16.8269
    0.0000  -37.5000  -15.000012180.1758   16.8230
    7.5000  -37.5000  -15.000011564.8662   16.8383
   -7.5000  -30.0000  -15.000012722.0645   16.8224
    0.0000  -30.0000  -15.000013233.5098   16.8216
    7.5000  -30.0000  -15.000012525.8271   16.8431
   -7.5000  -22.5000  -15.000013685.4238   16.7863
    0.0000  -22.5000  -15.000014205.7627   16.7833
    7.5000  -22.5000  -15.000013413.4688   16.8099
   -7.5000  -15.0000  -15.000014516.6357   16.7544
    0.0000  -15.0000  -15.000015008.2090   16.7473
    7.5000  -15.0000  -15.000014175.5020   16.7741
   -7.5000   -7.5000  -15.000015320.0283   16.7624
    0.0000   -7.5000  -15.000015840.2373   16.7541
    7.5000   -7.5000  -15.000014917.7510   16.7748
   -7.5000    0.0000  -15.000015995.6621   16.7988
    0.0000    0.0000  -15.000016563.6367   16.7917
    7.5000    0.0000  -15.000015554.2266   16.8059
   -7.5000    7.5000  -15.000015562.6719   16.8269
    0.0000    7.5000  -15.000016100.8887   16.8230
    7.5000    7.5000  -15.000015093.0361   16.8383
   -7.5000   15.0000  -15.000014777.3604   16.8224
    0.0000   15.0000  -15.000015278.3906   16.8216
    7.5000   15.0000  -15.000014290.9180   16.8431
   -7.5000   22.5000  -15.000013610.4336   16.7803
    0.0000   22.5000  -15.000014084.1865   16.7774
    7.5000   22.5000  -15.000013158.2148   16.8039
   -7.5000   30.0000  -15.000012399.9092   16.5376
    0.0000   30.0000  -15.000012873.3867   16.5305
    7.5000   30.0000  -15.000012034.1299   16.5570
   -7.5000   37.5000  -15.000011646.7676   16.5454
    0.0000   37.5000  -15.000012099.4355   16.5373
    7.5000   37.5000  -15.000011356.2764   16.5577
   -7.5000   45.0000  -15.000010426.8164   16.1878
    0.0000   45.0000  -15.000010827.2246   16.1810
    7.5000   45.0000  -15.000010207.5137   16.1947
   -7.5000  -45.0000   -7.500011716.7617   17.0084
    0.0000  -45.0000   -7.500012239.3789   17.0109
    7.5000  -45.0000   -7.500011618.7480   17.0215
   -7.5000  -37.5000   -7.500012385.9014   17.0347
    0.0000  -37.5000   -7.500012933.4590   17.0390
    7.5000  -37.5000   -7.500012257.6113   17.0514
   -7.5000  -30.0000   -7.500013466.0293   17.0287
    0.0000  -30.0000   -7.500014064.4629   17.0372
    7.5000  -30.0000   -7.500013293.6143   17.0570
   -7.5000  -22.5000   -7.500014482.6611   16.9899
    0.0000  -22.5000   -7.500015065.1689   16.9991
    7.5000  -22.5000   -7.500014216.9336   17.0244
   -7.5000  -15.0000   -7.500015366.8916   16.9570
    0.0000  -15.0000   -7.500015875.7363   16.9635
    7.5000  -15.0000   -7.500015020.1914   16.9882
   -7.5000   -7.5000   -7.500016241.4629   16.9659
    0.0000   -7.5000   -7.500016758.0547   16.9701
    7.5000   -7.5000   -7.500015813.2021   16.9875
   -7.5000    0.0000   -7.500016961.9629   17.0050
    0.0000    0.0000   -7.500017544.3418   17.0075
    7.5000    0.0000   -7.500016504.0645   17.0180
   -7.5000    7.5000   -7.500016459.1836   17.0347
    0.0000    7.5000   -7.500017029.4043   17.0390
    7.5000    7.5000   -7.500016002.1572   17.0514
   -7.5000   15.0000   -7.500015537.9434   17.0287
    0.0000   15.0000   -7.500016081.0654   17.0372
    7.5000   15.0000   -7.500015080.0078   17.0570
   -7.5000   22.5000   -7.500014299.0195   16.9821
    0.0000   22.5000   -7.500014805.0557   16.9912
    7.5000   22.5000   -7.500013848.6396   17.0165
   -7.5000   30.0000   -7.500013061.4580   16.7371
    0.0000   30.0000   -7.500013559.0381   16.7435
    7.5000   30.0000   -7.500012696.5957   16.7679
   -7.5000   37.5000   -7.500012307.9287   16.7459
    0.0000   37.5000   -7.500012784.5674   16.7500
    7.5000   37.5000   -7.500012006.9453   16.7672
   -7.5000   45.0000   -7.500011039.2529   16.3896
    0.0000   45.0000   -7.500011473.4404   16.3921
    7.5000   45.0000   -7.500010797.5107   16.4022
   -7.5000  -45.0000    0.000012299.2461   17.0767
    0.0000  -45.0000    0.000012852.1543   17.0815
    7.5000  -45.0000    0.000012211.9238   17.0882
   -7.5000  -37.5000    0.000012979.2949   17.1002
    0.0000  -37.5000    0.000013565.8213   17.1053
    7.5000  -37.5000    0.000012896.6357   17.1140
   -7.5000  -30.0000    0.000014180.7471   17.0961
    0.0000  -30.0000    0.000014827.8115   17.1055
    7.5000  -30.0000    0.000014041.0439   17.1209
   -7.5000  -22.5000    0.000015325.4072   17.0631
    0.0000  -22.5000    0.000015882.4580   17.0744
    7.5000  -22.5000    0.000015041.4551   17.0943
   -7.5000  -15.0000    0.000016139.8652   17.0350
    0.0000  -15.0000    0.000016651.2070   17.0450
    7.5000  -15.0000    0.000015849.6260   17.0634
   -7.5000   -7.5000    0.000017081.8496   17.0410
    0.0000   -7.5000    0.000017610.9863   17.0487
    7.5000   -7.5000    0.000016720.6055   17.0607
   -7.5000    0.0000    0.000017861.7344   17.0732
    0.0000    0.0000    0.000018464.4668   17.0781
    7.5000    0.0000    0.000017480.1816   17.0847
   -7.5000    7.5000    0.000017311.9238   17.1002
    0.0000    7.5000    0.000017908.1191   17.1053
    7.5000    7.5000    0.000016931.5566   17.1140
   -7.5000   15.0000    0.000016291.7100   17.0961
    0.0000   15.0000    0.000016839.4023   17.1055
    7.5000   15.0000    0.000015896.7441   17.1209
   -7.5000   22.5000    0.000014974.1016   17.0552
    0.0000   22.5000    0.000015482.0342   17.0665
    7.5000   22.5000    0.000014586.8359   17.0865
   -7.5000   30.0000    0.000013705.2637   16.8146
    0.0000   30.0000    0.000014193.8330   16.8244
    7.5000   30.0000    0.000013386.7461   16.8426
   -7.5000   37.5000    0.000012951.6338   16.8205
    0.0000   37.5000    0.000013400.2881   16.8281
    7.5000   37.5000    0.000012658.5693   16.8399
   -7.5000   45.0000    0.000011614.0371   16.4566
    0.0000   45.0000    0.000012075.4785   16.4613
    7.5000   45.0000    0.000011362.3867   16.4677
   -7.5000  -45.0000    7.500011823.5693   17.1016
    0.0000  -45.0000    7.500012408.2695   17.0984
    7.5000  -45.0000    7.500011797.2432   17.1051
   -7.5000  -37.5000    7.500012457.3213   17.1208
    0.0000  -37.5000    7.500013079.7480   17.1173
    7.5000  -37.5000    7.500012448.8779   17.1255
   -7.5000  -30.0000    7.500013655.3975   17.1193
    0.0000  -30.0000    7.500014324.4658   17.1177
    7.5000  -30.0000    7.500013569.5762   17.1307
   -7.5000  -22.5000    7.500014734.3320   17.0935
    0.0000  -22.5000    7.500015352.1377   17.0927
    7.5000  -22.5000    7.500014627.3135   17.1079
   -7.5000  -15.0000    7.500015487.6416   17.0713
    0.0000  -15.0000    7.500016032.1270   17.0695
    7.5000  -15.0000    7.500015480.7598   17.0828
   -7.5000   -7.5000    7.500016398.4180   17.0744
    0.0000   -7.5000    7.500016871.8418   17.0723
    7.5000   -7.5000    7.500016294.8281   17.0816
   -7.5000    0.0000    7.500017248.7773   17.0981
    0.0000    0.0000    7.500017754.0547   17.0949
    7.5000    0.0000    7.500017007.2852   17.1016
   -7.5000    7.5000    7.500016755.3027   17.1208
    0.0000    7.5000    7.500017296.4844   17.1173
    7.5000    7.5000    7.500016467.2129   17.1255
   -7.5000   15.0000    7.500015759.1533   17.1193
    0.0000   15.0000    7.500016303.3975   17.1177
    7.5000   15.0000    7.500015411.1631   17.1307
   -7.5000   22.5000    7.500014471.6807   17.0857
    0.0000   22.5000    7.500015004.0742   17.0848
    7.5000   22.5000    7.500014132.1953   17.1000
   -7.5000   30.0000    7.500013263.9277   16.8504
    0.0000   30.0000    7.500013748.4785   16.8486
    7.5000   30.0000    7.500012944.1357   16.8617
   -7.5000   37.5000    7.500012518.5098   16.8534
    0.0000   37.5000    7.500012969.2930   16.8513
    7.5000   37.5000    7.500012232.8936   16.8605
   -7.5000   45.0000    7.500011202.4932   16.4806
    0.0000   45.0000    7.500011618.0312   16.4775
    7.5000   45.0000    7.500010978.3574   16.4839
   -7.5000  -45.0000   15.000011311.7607   17.0967
    0.0000  -45.0000   15.000011847.3516   17.0841
    7.5000  -45.0000   15.000011305.9932   17.0945
   -7.5000  -37.5000   15.000011960.1289   17.1164
    0.0000  -37.5000   15.000012489.3203   17.1046
    7.5000  -37.5000   15.000011937.9678   17.1162
   -7.5000  -30.0000   15.000013016.7988   17.1181
    0.0000  -30.0000   15.000013579.3770   17.1065
    7.5000  -30.0000   15.000012974.5088   17.1210
   -7.5000  -22.5000   15.000013977.7129   17.0941
    0.0000  -22.5000   15.000014586.8359   17.0805
    7.5000  -22.5000   15.000013968.5801   17.0961
   -7.5000  -15.0000   15.000014870.5459   17.0710
    0.0000  -15.0000   15.000015504.8545   17.0552
    7.5000  -15.0000   15.000014897.4150   17.0695
   -7.5000   -7.5000   15.000015812.7227   17.0717
    0.0000   -7.5000   15.000016380.4082   17.0571
    7.5000   -7.5000   15.000015711.1748   17.0692
   -7.5000    0.0000   15.000016574.9824   17.0931
    0.0000    0.0000   15.000017102.5977   17.0806
    7.5000    0.0000   15.000016341.0078   17.0910
   -7.5000    7.5000   15.000016054.7871   17.1164
    0.0000    7.5000   15.000016547.9883   17.1046
    7.5000    7.5000   15.000015763.0820   17.1162
   -7.5000   15.0000   15.000015050.8721   17.1181
    0.0000   15.0000   15.000015514.2412   17.1065
    7.5000   15.0000   15.000014722.5938   17.1210
   -7.5000   22.5000   15.000013795.7383   17.0863
    0.0000   22.5000   15.000014248.9277   17.0726
    7.5000   22.5000   15.000013490.2861   17.0882
   -7.5000   30.0000   15.000012633.0840   16.8501
    0.0000   30.0000   15.000013085.6250   16.8344
    7.5000   30.0000   15.000012350.2939   16.8486
   -7.5000   37.5000   15.000011897.4551   16.8507
    0.0000   37.5000   15.000012355.3447   16.8363
    7.5000   37.5000   15.000011670.4072   16.8483
   -7.5000   45.0000   15.000010642.6494   16.4758
    0.0000   45.0000   15.000011080.3271   16.4637
    7.5000   45.0000   15.000010456.4473   16.4738
   -7.5000  -45.0000   22.500010699.8662   17.1558
    0.0000  -45.0000   22.500011232.9229   17.1415
    7.5000  -45.0000   22.500010604.7930   17.1563
   -7.5000  -37.5000   22.500011329.9404   17.1786
    0.0000  -37.5000   22.500011902.5068   17.1672
    7.5000  -37.5000   22.500011202.7881   17.1827
   -7.5000  -30.0000   22.500012314.9824   17.1791
    0.0000  -30.0000   22.500012950.0244   17.1688
    7.5000  -30.0000   22.500012199.4268   17.1882
   -7.5000  -22.5000   22.500013183.9326   17.1499
    0.0000  -22.5000   22.500013836.6406   17.1361
    7.5000  -22.5000   22.500013100.2686   17.1583
   -7.5000  -15.0000   22.500013981.1914   17.1215
    0.0000  -15.0000   22.500014663.8750   17.1036
    7.5000  -15.0000   22.500013907.7646   17.1259
   -7.5000   -7.5000   22.500014809.4023   17.1244
    0.0000   -7.5000   22.500015485.3857   17.1071
    7.5000   -7.5000   22.500014647.0479   17.1258
   -7.5000    0.0000   22.500015510.7168   17.1523
    0.0000    0.0000   22.500016180.4834   17.1380
    7.5000    0.0000   22.500015298.9639   17.1528
   -7.5000    7.5000   22.500015026.9688   17.1786
    0.0000    7.5000   22.500015669.9707   17.1672
    7.5000    7.5000   22.500014812.1699   17.1827
   -7.5000   15.0000   22.500014104.2158   17.1791
    0.0000   15.0000   22.500014661.9277   17.1688
    7.5000   15.0000   22.500013872.0098   17.1882
   -7.5000   22.5000   22.500012961.2891   17.1420
    0.0000   22.5000   22.500013454.4443   17.1282
    7.5000   22.5000   22.500012740.2334   17.1504
   -7.5000   30.0000   22.500011865.7646   16.8999
    0.0000   30.0000   22.500012331.7197   16.8822
    7.5000   30.0000   22.500011685.0771   16.9043
   -7.5000   37.5000   22.500011145.6299   16.9028
    0.0000   37.5000   22.500011588.3701   16.8857
    7.5000   37.5000   22.500011019.5254   16.9042
   -7.5000   45.0000   22.5000 9981.6895   16.5328
    0.0000   45.0000   22.500010383.1221   16.5191
    7.5000   45.0000   22.5000 9895.7129   16.5333
   -7.5000  -45.0000   30.0000 9967.5156   17.2533
    0.0000  -45.0000   30.000010377.0303   17.2458
    7.5000  -45.0000   30.0000 9805.6475   17.2606
   -7.5000  -37.5000   30.000010529.4639   17.2785
    0.0000  -37.5000   30.000010977.9053   17.2742
    7.5000  -37.5000   30.000010372.3350   17.2902
   -7.5000  -30.0000   30.000011386.3984   17.2738
    0.0000  -30.0000   30.000011887.3770   17.2727
    7.5000  -30.0000   30.000011281.4688   17.2951
   -7.5000  -22.5000   30.000012186.6494   17.2367
    0.0000  -22.5000   30.000012716.6641   17.2333
    7.5000  -22.5000   30.000012110.2920   17.2610
   -7.5000  -15.0000   30.000012911.9414   17.2041
    0.0000  -15.0000   30.000013493.4746   17.1964
    7.5000  -15.0000   30.000012844.4092   17.2243
   -7.5000   -7.5000   30.000013638.0332   17.2125
    0.0000   -7.5000   30.000014241.8906   17.2036
    7.5000   -7.5000   30.000013531.9688   17.2252
   -7.5000    0.0000   30.000014277.5381   17.2498
    0.0000    0.0000   30.000014887.4199   17.2423
    7.5000    0.0000   30.000014151.1963   17.2571
   -7.5000    7.5000   30.000013874.0957   17.2785
    0.0000    7.5000   30.000014483.9980   17.2742
    7.5000    7.5000   30.000013733.6611   17.2902
   -7.5000   15.0000   30.000013060.5801   17.2738
    0.0000   15.0000   30.000013595.1855   17.2727
    7.5000   15.0000   30.000012889.0469   17.2951
   -7.5000   22.5000   30.000012020.7461   17.2287
    0.0000   22.5000   30.000012507.5254   17.2254
    7.5000   22.5000   30.000011853.3340   17.2531
   -7.5000   30.0000   30.000011011.1914   16.9815
    0.0000   30.0000   30.000011481.3223   16.9738
    7.5000   30.0000   30.000010876.9258   17.0014
   -7.5000   37.5000   30.000010345.9248   16.9897
    0.0000   37.5000   30.000010800.2363   16.9810
    7.5000   37.5000   30.000010252.0020   17.0022
   -7.5000   45.0000   30.0000 9264.8379   16.6268
    0.0000   45.0000   30.0000 9660.2559   16.6195
    7.5000   45.0000   30.0000 9205.0811   16.6338
   -7.5000  -45.0000   37.5000 9524.5068   17.5377
    0.0000  -45.0000   37.5000 9931.5762   17.5401
    7.5000  -45.0000   37.5000 9409.1074   17.5508
   -7.5000  -37.5000   37.500010063.6699   17.5646
    0.0000  -37.5000   37.500010519.8760   17.5688
    7.5000  -37.5000   37.5000 9965.4336   17.5815
   -7.5000  -30.0000   37.500010880.3379   17.5583
    0.0000  -30.0000   37.500011394.6240   17.5669
    7.5000  -30.0000   37.500010814.1240   17.5875
   -7.5000  -22.5000   37.500011638.2324   17.5183
    0.0000  -22.5000   37.500012198.6787   17.5275
    7.5000  -22.5000   37.500011613.5430   17.5541
   -7.5000  -15.0000   37.500012337.6055   17.4846
    0.0000  -15.0000   37.500012931.9062   17.4910
    7.5000  -15.0000   37.500012328.6455   17.5169
   -7.5000   -7.5000   37.500013023.6230   17.4939
    0.0000   -7.5000   37.500013647.0293   17.4979
    7.5000   -7.5000   37.500013015.9922   17.5159
   -7.5000    0.0000   37.500013671.7510   17.5341
    0.0000    0.0000   37.500014282.4014   17.5365
    7.5000    0.0000   37.500013630.2178   17.5471
   -7.5000    7.5000   37.500013302.6328   17.5646
    0.0000    7.5000   37.500013904.0176   17.5688
    7.5000    7.5000   37.500013236.8252   17.5815
   -7.5000   15.0000   37.500012552.0430   17.5583
    0.0000   15.0000   37.500013076.3926   17.5669
    7.5000   15.0000   37.500012429.2803   17.5875
   -7.5000   22.5000   37.500011572.2695   17.5103
    0.0000   22.5000   37.500012044.4121   17.5194
    7.5000   22.5000   37.500011442.6514   17.5460
   -7.5000   30.0000   37.500010602.1602   17.2583
    0.0000   30.0000   37.500011048.0732   17.2646
    7.5000   30.0000   37.500010520.5273   17.2902
   -7.5000   37.5000   37.5000 9998.2354   17.2675
    0.0000   37.5000   37.500010408.3125   17.2715
    7.5000   37.5000   37.5000 9920.1650   17.2893
   -7.5000   45.0000   37.5000 8978.0713   16.9008
    0.0000   45.0000   37.5000 9323.0381   16.9032
    7.5000   45.0000   37.5000 8910.2881   16.9134
   -7.5000  -45.0000   45.0000 8751.1543   17.9110
    0.0000  -45.0000   45.0000 9109.9385   17.9147
    7.5000  -45.0000   45.0000 8649.2256   17.9211
   -7.5000  -37.5000   45.0000 9234.2832   17.9360
    0.0000  -37.5000   45.0000 9642.6514   17.9399
    7.5000  -37.5000   45.0000 9151.1592   17.9486
   -7.5000  -30.0000   45.0000 9992.4082   17.9311
    0.0000  -30.0000   45.000010469.2383   17.9397
    7.5000  -30.0000   45.0000 9942.6631   17.9559
   -7.5000  -22.5000   45.000010690.4600   17.8955
    0.0000  -22.5000   45.000011213.5713   17.9063
    7.5000  -22.5000   45.000010676.3740   17.9277
   -7.5000  -15.0000   45.000011346.0625   17.8657
    0.0000  -15.0000   45.000011911.0498   17.8752
    7.5000  -15.0000   45.000011344.1211   17.8948
   -7.5000   -7.5000   45.000011941.2900   17.8727
    0.0000   -7.5000   45.000012540.1094   17.8797
    7.5000   -7.5000   45.000011958.3125   17.8920
   -7.5000    0.0000   45.000012531.1660   17.9074
    0.0000    0.0000   45.000013117.2207   17.9111
    7.5000    0.0000   45.000012506.6436   17.9175
   -7.5000    7.5000   45.000012218.9912   17.9360
    0.0000    7.5000   45.000012776.3408   17.9399
    7.5000    7.5000   45.000012162.1104   17.9486
   -7.5000   15.0000   45.000011523.2041   17.9311
    0.0000   15.0000   45.000012023.8311   17.9397
    7.5000   15.0000   45.000011435.9014   17.9559
   -7.5000   22.5000   45.000010640.8584   17.8872
    0.0000   22.5000   45.000011093.6016   17.8980
    7.5000   22.5000   45.000010549.0947   17.9194
   -7.5000   30.0000   45.0000 9799.4062   17.6330
    0.0000   30.0000   45.000010219.2979   17.6423
    7.5000   30.0000   45.0000 9728.6475   17.6617
   -7.5000   37.5000   45.0000 9241.8604   17.6398
    0.0000   37.5000   45.0000 9624.8125   17.6468
    7.5000   37.5000   45.0000 9184.3018   17.6589
   -7.5000   45.0000   45.0000 8287.0391   17.2685
    0.0000   45.0000   45.0000 8632.2227   17.2721
    7.5000   45.0000   45.0000 8253.3027   17.2783

---------------------------------------------------------------------
imgreg_4dfp /opt/freesurfer/average/711-2C_as_mni_average_305 /opt/freesurfer/average/711-2B_as_mni_average_305_mask talsrcimg_g11 none talsrcimg_to_711-2C_as_mni_average_305_t4 4355
---------------------------------------------------------------------

freesurfer imgreg_4dfp.c
/opt/freesurfer/average/711-2C_as_mni_average_305.4dfp.img
       256       256       256         1
  1.000000  1.000000  1.000000
orientation T byte_order littleendian
Reading image: /opt/freesurfer/average/711-2C_as_mni_average_305.4dfp.img
dimensions:      256       256       256
mmppix:       1.0000   -1.0000   -1.0000
center:     128.0000 -129.0000 -129.0000
/opt/freesurfer/average/711-2B_as_mni_average_305_mask.4dfp.img
       256       256       256         1
  1.000000  1.000000  1.000000
orientation T byte_order littleendian
Reading mask: /opt/freesurfer/average/711-2B_as_mni_average_305_mask.4dfp.img (2306576 pixels)
talsrcimg_g11.4dfp.img
       256       256       256         1
  1.000000  1.000000  1.000000
orientation T byte_order littleendian
Reading image: talsrcimg_g11.4dfp.img
dimensions:      256       256       256
mmppix:       1.0000   -1.0000   -1.0000
center:     128.0000 -129.0000 -129.0000
rotation matrix determinant  1.000000
image alignment mode   4355 decimal     1103 hex
   -7.5000  -45.0000  -45.0000 2159.2068   17.4540
    0.0000  -45.0000  -45.0000 2174.4634   17.2219
    7.5000  -45.0000  -45.0000 2161.3359   17.3524
   -7.5000  -37.5000  -45.0000 2256.7322   16.1567
    0.0000  -37.5000  -45.0000 2269.0549   15.9787
    7.5000  -37.5000  -45.0000 2255.8250   16.0458
   -7.5000  -30.0000  -45.0000 2309.8723   15.2048
    0.0000  -30.0000  -45.0000 2324.1799   15.0919
    7.5000  -30.0000  -45.0000 2312.4824   15.0991
   -7.5000  -22.5000  -45.0000 2345.2319   14.5269
    0.0000  -22.5000  -45.0000 2355.9695   14.4147
    7.5000  -22.5000  -45.0000 2341.7854   14.4398
   -7.5000  -15.0000  -45.0000 2355.1377   14.1352
    0.0000  -15.0000  -45.0000 2372.2837   14.0201
    7.5000  -15.0000  -45.0000 2356.7769   14.0849
   -7.5000   -7.5000  -45.0000 2352.8574   14.0676
    0.0000   -7.5000  -45.0000 2368.2766   13.9632
    7.5000   -7.5000  -45.0000 2358.0127   14.0216
   -7.5000    0.0000  -45.0000 2338.8589   14.3669
    0.0000    0.0000  -45.0000 2355.9048   14.2236
    7.5000    0.0000  -45.0000 2344.4583   14.3166
   -7.5000    7.5000  -45.0000 2310.4321   14.8819
    0.0000    7.5000  -45.0000 2325.6619   14.7350
    7.5000    7.5000  -45.0000 2311.3569   14.8552
   -7.5000   15.0000  -45.0000 2260.3003   15.7351
    0.0000   15.0000  -45.0000 2274.3589   15.5396
    7.5000   15.0000  -45.0000 2261.2957   15.6920
   -7.5000   22.5000  -45.0000 2187.8479   16.8916
    0.0000   22.5000  -45.0000 2199.1802   16.6864
    7.5000   22.5000  -45.0000 2183.8716   16.8915
   -7.5000   30.0000  -45.0000 2094.9670   18.4812
    0.0000   30.0000  -45.0000 2106.7339   18.2097
    7.5000   30.0000  -45.0000 2088.7988   18.4929
   -7.5000   37.5000  -45.0000 1992.9828   20.5705
    0.0000   37.5000  -45.0000 2001.4684   20.2540
    7.5000   37.5000  -45.0000 1982.2452   20.5222
   -7.5000   45.0000  -45.0000 1873.5277   23.3737
    0.0000   45.0000  -45.0000 1877.6492   23.0303
    7.5000   45.0000  -45.0000 1862.9454   23.3237
   -7.5000  -45.0000  -37.5000 2238.6589   16.2363
    0.0000  -45.0000  -37.5000 2252.2056   16.0889
    7.5000  -45.0000  -37.5000 2238.3550   16.1594
   -7.5000  -37.5000  -37.5000 2338.2019   14.9807
    0.0000  -37.5000  -37.5000 2347.9609   14.8778
    7.5000  -37.5000  -37.5000 2329.5352   14.8943
   -7.5000  -30.0000  -37.5000 2394.1133   14.0953
    0.0000  -30.0000  -37.5000 2410.3232   13.9962
    7.5000  -30.0000  -37.5000 2392.3162   13.9996
   -7.5000  -22.5000  -37.5000 2427.9543   13.4605
    0.0000  -22.5000  -37.5000 2444.5684   13.3766
    7.5000  -22.5000  -37.5000 2431.9104   13.3732
   -7.5000  -15.0000  -37.5000 2451.7356   13.1103
    0.0000  -15.0000  -37.5000 2471.2576   13.0250
    7.5000  -15.0000  -37.5000 2454.8889   13.0275
   -7.5000   -7.5000  -37.5000 2459.6152   13.0315
    0.0000   -7.5000  -37.5000 2473.7542   12.9703
    7.5000   -7.5000  -37.5000 2459.0459   12.9959
   -7.5000    0.0000  -37.5000 2444.4900   13.2796
    0.0000    0.0000  -37.5000 2456.7661   13.2071
    7.5000    0.0000  -37.5000 2444.5691   13.2591
   -7.5000    7.5000  -37.5000 2413.2595   13.7676
    0.0000    7.5000  -37.5000 2429.8940   13.6959
    7.5000    7.5000  -37.5000 2411.6147   13.7508
   -7.5000   15.0000  -37.5000 2360.6133   14.5866
    0.0000   15.0000  -37.5000 2372.4575   14.4431
    7.5000   15.0000  -37.5000 2356.6621   14.5609
   -7.5000   22.5000  -37.5000 2281.5334   15.6813
    0.0000   22.5000  -37.5000 2294.8201   15.5365
    7.5000   22.5000  -37.5000 2274.9348   15.6574
   -7.5000   30.0000  -37.5000 2181.5757   17.1545
    0.0000   30.0000  -37.5000 2192.7090   16.9616
    7.5000   30.0000  -37.5000 2168.3442   17.1248
   -7.5000   37.5000  -37.5000 2067.5830   19.0681
    0.0000   37.5000  -37.5000 2081.3445   18.8725
    7.5000   37.5000  -37.5000 2058.8843   19.0803
   -7.5000   45.0000  -37.5000 1940.1753   21.6125
    0.0000   45.0000  -37.5000 1950.9469   21.4184
    7.5000   45.0000  -37.5000 1929.6456   21.6649
   -7.5000  -45.0000  -30.0000 2343.2639   15.6295
    0.0000  -45.0000  -30.0000 2357.2053   15.4955
    7.5000  -45.0000  -30.0000 2338.0481   15.5705
   -7.5000  -37.5000  -30.0000 2446.8926   14.3619
    0.0000  -37.5000  -30.0000 2458.6946   14.2615
    7.5000  -37.5000  -30.0000 2440.7070   14.2840
   -7.5000  -30.0000  -30.0000 2512.8821   13.4835
    0.0000  -30.0000  -30.0000 2531.6653   13.4193
    7.5000  -30.0000  -30.0000 2511.3567   13.4390
   -7.5000  -22.5000  -30.0000 2556.7356   12.9074
    0.0000  -22.5000  -30.0000 2573.2615   12.8239
    7.5000  -22.5000  -30.0000 2555.9900   12.8435
   -7.5000  -15.0000  -30.0000 2590.6162   12.5546
    0.0000  -15.0000  -30.0000 2607.7961   12.4698
    7.5000  -15.0000  -30.0000 2588.2268   12.4995
   -7.5000   -7.5000  -30.0000 2606.9302   12.4781
    0.0000   -7.5000  -30.0000 2626.1792   12.4328
    7.5000   -7.5000  -30.0000 2601.4514   12.4429
   -7.5000    0.0000  -30.0000 2590.2837   12.7066
    0.0000    0.0000  -30.0000 2610.5640   12.6827
    7.5000    0.0000  -30.0000 2589.0300   12.7011
   -7.5000    7.5000  -30.0000 2558.4128   13.2384
    0.0000    7.5000  -30.0000 2576.6479   13.2090
    7.5000    7.5000  -30.0000 2546.8538   13.2512
   -7.5000   15.0000  -30.0000 2497.9961   14.0421
    0.0000   15.0000  -30.0000 2515.0522   13.9761
    7.5000   15.0000  -30.0000 2487.6426   14.0275
   -7.5000   22.5000  -30.0000 2409.3391   15.0789
    0.0000   22.5000  -30.0000 2426.9993   14.9751
    7.5000   22.5000  -30.0000 2400.9966   15.0643
   -7.5000   30.0000  -30.0000 2300.8767   16.4600
    0.0000   30.0000  -30.0000 2312.7048   16.3263
    7.5000   30.0000  -30.0000 2287.8586   16.4481
   -7.5000   37.5000  -30.0000 2178.5618   18.3178
    0.0000   37.5000  -30.0000 2188.2124   18.1769
    7.5000   37.5000  -30.0000 2167.2383   18.3714
   -7.5000   45.0000  -30.0000 2046.4568   20.7878
    0.0000   45.0000  -30.0000 2054.7903   20.6051
    7.5000   45.0000  -30.0000 2031.8936   20.8471
   -7.5000  -45.0000  -22.5000 2417.3105   14.8850
    0.0000  -45.0000  -22.5000 2425.8733   14.7595
    7.5000  -45.0000  -22.5000 2408.4575   14.8739
   -7.5000  -37.5000  -22.5000 2527.8870   13.6962
    0.0000  -37.5000  -22.5000 2540.9709   13.5880
    7.5000  -37.5000  -22.5000 2521.5762   13.6610
   -7.5000  -30.0000  -22.5000 2604.6252   12.8143
    0.0000  -30.0000  -22.5000 2627.1531   12.7429
    7.5000  -30.0000  -22.5000 2604.9875   12.8058
   -7.5000  -22.5000  -22.5000 2661.5171   12.2451
    0.0000  -22.5000  -22.5000 2680.6101   12.1886
    7.5000  -22.5000  -22.5000 2660.2539   12.2201
   -7.5000  -15.0000  -22.5000 2702.1619   11.8991
    0.0000  -15.0000  -22.5000 2717.4231   11.8617
    7.5000  -15.0000  -22.5000 2693.8899   11.9060
   -7.5000   -7.5000  -22.5000 2721.7981   11.8416
    0.0000   -7.5000  -22.5000 2745.7107   11.8256
    7.5000   -7.5000  -22.5000 2712.5632   11.8563
   -7.5000    0.0000  -22.5000 2711.0071   12.0812
    0.0000    0.0000  -22.5000 2735.2349   12.0762
    7.5000    0.0000  -22.5000 2703.6641   12.0974
   -7.5000    7.5000  -22.5000 2675.1909   12.6158
    0.0000    7.5000  -22.5000 2694.4382   12.6224
    7.5000    7.5000  -22.5000 2658.9409   12.6695
   -7.5000   15.0000  -22.5000 2603.8567   13.3978
    0.0000   15.0000  -22.5000 2620.7202   13.3756
    7.5000   15.0000  -22.5000 2588.9609   13.4363
   -7.5000   22.5000  -22.5000 2510.5381   14.4053
    0.0000   22.5000  -22.5000 2525.7319   14.3411
    7.5000   22.5000  -22.5000 2497.4424   14.4211
   -7.5000   30.0000  -22.5000 2397.6609   15.7272
    0.0000   30.0000  -22.5000 2411.0198   15.6368
    7.5000   30.0000  -22.5000 2380.8787   15.7634
   -7.5000   37.5000  -22.5000 2261.2620   17.4930
    0.0000   37.5000  -22.5000 2268.0078   17.3765
    7.5000   37.5000  -22.5000 2245.6682   17.5568
   -7.5000   45.0000  -22.5000 2117.3394   19.8204
    0.0000   45.0000  -22.5000 2121.6714   19.6511
    7.5000   45.0000  -22.5000 2106.1963   19.8884
   -7.5000  -45.0000  -15.0000 2454.7603   14.2470
    0.0000  -45.0000  -15.0000 2467.7400   14.1577
    7.5000  -45.0000  -15.0000 2453.9155   14.3451
   -7.5000  -37.5000  -15.0000 2574.5898   13.0783
    0.0000  -37.5000  -15.0000 2589.4829   12.9781
    7.5000  -37.5000  -15.0000 2570.8245   13.1393
   -7.5000  -30.0000  -15.0000 2665.0698   12.2344
    0.0000  -30.0000  -15.0000 2685.3057   12.1418
    7.5000  -30.0000  -15.0000 2668.4329   12.2728
   -7.5000  -22.5000  -15.0000 2740.2405   11.6595
    0.0000  -22.5000  -15.0000 2762.8923   11.5772
    7.5000  -22.5000  -15.0000 2740.3755   11.6626
   -7.5000  -15.0000  -15.0000 2790.7566   11.3139
    0.0000  -15.0000  -15.0000 2806.2493   11.2876
    7.5000  -15.0000  -15.0000 2781.6804   11.3587
   -7.5000   -7.5000  -15.0000 2812.7827   11.3043
    0.0000   -7.5000  -15.0000 2835.5337   11.2868
    7.5000   -7.5000  -15.0000 2800.9382   11.3498
   -7.5000    0.0000  -15.0000 2801.7358   11.5398
    0.0000    0.0000  -15.0000 2825.2576   11.5289
    7.5000    0.0000  -15.0000 2787.9785   11.5929
   -7.5000    7.5000  -15.0000 2757.2961   12.0521
    0.0000    7.5000  -15.0000 2773.6936   12.0547
    7.5000    7.5000  -15.0000 2740.1777   12.1405
   -7.5000   15.0000  -15.0000 2678.4636   12.7889
    0.0000   15.0000  -15.0000 2696.0435   12.7844
    7.5000   15.0000  -15.0000 2663.3682   12.8524
   -7.5000   22.5000  -15.0000 2573.4099   13.7584
    0.0000   22.5000  -15.0000 2591.9661   13.7319
    7.5000   22.5000  -15.0000 2559.2668   13.8025
   -7.5000   30.0000  -15.0000 2455.4417   15.0576
    0.0000   30.0000  -15.0000 2467.7876   15.0124
    7.5000   30.0000  -15.0000 2433.2600   15.0942
   -7.5000   37.5000  -15.0000 2318.1428   16.7663
    0.0000   37.5000  -15.0000 2326.2334   16.7158
    7.5000   37.5000  -15.0000 2298.2446   16.8236
   -7.5000   45.0000  -15.0000 2159.2048   18.9918
    0.0000   45.0000  -15.0000 2170.8740   18.8558
    7.5000   45.0000  -15.0000 2146.0249   19.0211
   -7.5000  -45.0000   -7.5000 2477.3862   13.7670
    0.0000  -45.0000   -7.5000 2497.3711   13.7299
    7.5000  -45.0000   -7.5000 2483.2954   13.9699
   -7.5000  -37.5000   -7.5000 2600.8159   12.6209
    0.0000  -37.5000   -7.5000 2623.5022   12.5603
    7.5000  -37.5000   -7.5000 2602.2529   12.7596
   -7.5000  -30.0000   -7.5000 2706.8169   11.7584
    0.0000  -30.0000   -7.5000 2730.7637   11.6904
    7.5000  -30.0000   -7.5000 2708.2856   11.8877
   -7.5000  -22.5000   -7.5000 2800.5813   11.1870
    0.0000  -22.5000   -7.5000 2827.1074   11.0984
    7.5000  -22.5000   -7.5000 2795.7048   11.2705
   -7.5000  -15.0000   -7.5000 2868.2380   10.8332
    0.0000  -15.0000   -7.5000 2885.1570   10.7492
    7.5000  -15.0000   -7.5000 2848.2832   10.9358
   -7.5000   -7.5000   -7.5000 2898.9924   10.8645
    0.0000   -7.5000   -7.5000 2913.3530   10.8046
    7.5000   -7.5000   -7.5000 2876.2603   10.9436
   -7.5000    0.0000   -7.5000 2880.5195   11.1190
    0.0000    0.0000   -7.5000 2900.3950   11.0826
    7.5000    0.0000   -7.5000 2857.6311   11.1821
   -7.5000    7.5000   -7.5000 2820.4814   11.5938
    0.0000    7.5000   -7.5000 2836.7546   11.5741
    7.5000    7.5000   -7.5000 2803.1350   11.6714
   -7.5000   15.0000   -7.5000 2725.2781   12.2947
    0.0000   15.0000   -7.5000 2745.0383   12.2773
    7.5000   15.0000   -7.5000 2714.7964   12.3675
   -7.5000   22.5000   -7.5000 2614.7380   13.2568
    0.0000   22.5000   -7.5000 2627.2197   13.2152
    7.5000   22.5000   -7.5000 2598.6294   13.3099
   -7.5000   30.0000   -7.5000 2493.2346   14.5260
    0.0000   30.0000   -7.5000 2504.4622   14.4622
    7.5000   30.0000   -7.5000 2476.3206   14.5866
   -7.5000   37.5000   -7.5000 2350.3398   16.1771
    0.0000   37.5000   -7.5000 2360.9116   16.1262
    7.5000   37.5000   -7.5000 2334.4368   16.2630
   -7.5000   45.0000   -7.5000 2191.8987   18.3211
    0.0000   45.0000   -7.5000 2205.4780   18.2059
    7.5000   45.0000   -7.5000 2181.1729   18.3609
   -7.5000  -45.0000    0.0000 2487.1746   13.5347
    0.0000  -45.0000    0.0000 2512.9587   13.5172
    7.5000  -45.0000    0.0000 2495.5989   13.8208
   -7.5000  -37.5000    0.0000 2612.3008   12.3661
    0.0000  -37.5000    0.0000 2640.1514   12.3284
    7.5000  -37.5000    0.0000 2618.3909   12.6035
   -7.5000  -30.0000    0.0000 2728.6089   11.5148
    0.0000  -30.0000    0.0000 2752.9761   11.4589
    7.5000  -30.0000    0.0000 2730.5808   11.7276
   -7.5000  -22.5000    0.0000 2835.4229   10.9495
    0.0000  -22.5000    0.0000 2862.1055   10.8603
    7.5000  -22.5000    0.0000 2827.8979   11.1131
   -7.5000  -15.0000    0.0000 2918.3850   10.5430
    0.0000  -15.0000    0.0000 2937.1748   10.4295
    7.5000  -15.0000    0.0000 2889.8093   10.7461
   -7.5000   -7.5000    0.0000 2961.5232   10.5732
    0.0000   -7.5000    0.0000 2972.3599   10.4709
    7.5000   -7.5000    0.0000 2926.5801   10.7255
   -7.5000    0.0000    0.0000 2935.6675   10.8622
    0.0000    0.0000    0.0000 2950.2148   10.8049
    7.5000    0.0000    0.0000 2909.8613   10.9818
   -7.5000    7.5000    0.0000 2862.7478   11.3514
    0.0000    7.5000    0.0000 2880.3350   11.3099
    7.5000    7.5000    0.0000 2847.2192   11.4571
   -7.5000   15.0000    0.0000 2758.7246   12.0283
    0.0000   15.0000    0.0000 2779.8804   11.9651
    7.5000   15.0000    0.0000 2748.8713   12.1235
   -7.5000   22.5000    0.0000 2637.0110   12.9736
    0.0000   22.5000    0.0000 2652.3611   12.9008
    7.5000   22.5000    0.0000 2627.4375   13.0550
   -7.5000   30.0000    0.0000 2512.2314   14.2427
    0.0000   30.0000    0.0000 2523.5168   14.1533
    7.5000   30.0000    0.0000 2495.3257   14.3179
   -7.5000   37.5000    0.0000 2370.1687   15.8357
    0.0000   37.5000    0.0000 2375.0469   15.7740
    7.5000   37.5000    0.0000 2352.5305   15.9269
   -7.5000   45.0000    0.0000 2210.3347   17.9191
    0.0000   45.0000    0.0000 2224.2705   17.7923
    7.5000   45.0000    0.0000 2196.4758   18.0143
   -7.5000  -45.0000    7.5000 2484.3840   13.4307
    0.0000  -45.0000    7.5000 2513.1716   13.4421
    7.5000  -45.0000    7.5000 2490.2678   13.7805
   -7.5000  -37.5000    7.5000 2609.0706   12.2492
    0.0000  -37.5000    7.5000 2636.7119   12.2505
    7.5000  -37.5000    7.5000 2610.4094   12.5918
   -7.5000  -30.0000    7.5000 2728.6077   11.4060
    0.0000  -30.0000    7.5000 2755.6279   11.3761
    7.5000  -30.0000    7.5000 2730.6411   11.7224
   -7.5000  -22.5000    7.5000 2847.0017   10.8743
    0.0000  -22.5000    7.5000 2874.7017   10.7874
    7.5000  -22.5000    7.5000 2837.2566   11.1007
   -7.5000  -15.0000    7.5000 2937.4766   10.5012
    0.0000  -15.0000    7.5000 2954.2561   10.3620
    7.5000  -15.0000    7.5000 2905.9568   10.7499
   -7.5000   -7.5000    7.5000 2988.7654   10.4530
    0.0000   -7.5000    7.5000 2990.2827   10.3211
    7.5000   -7.5000    7.5000 2944.2793   10.7360
   -7.5000    0.0000    7.5000 2961.5479   10.7991
    0.0000    0.0000    7.5000 2964.5642   10.6823
    7.5000    0.0000    7.5000 2923.6250   10.9921
   -7.5000    7.5000    7.5000 2878.4800   11.3255
    0.0000    7.5000    7.5000 2892.6890   11.2179
    7.5000    7.5000    7.5000 2858.6553   11.4299
   -7.5000   15.0000    7.5000 2768.5515   12.0000
    0.0000   15.0000    7.5000 2787.7903   11.8943
    7.5000   15.0000    7.5000 2754.0227   12.0662
   -7.5000   22.5000    7.5000 2644.1448   12.9048
    0.0000   22.5000    7.5000 2661.3354   12.8204
    7.5000   22.5000    7.5000 2632.8008   12.9417
   -7.5000   30.0000    7.5000 2515.4954   14.1036
    0.0000   30.0000    7.5000 2525.7026   14.0413
    7.5000   30.0000    7.5000 2495.9619   14.1533
   -7.5000   37.5000    7.5000 2371.4805   15.7016
    0.0000   37.5000    7.5000 2377.4851   15.6184
    7.5000   37.5000    7.5000 2356.3440   15.7661
   -7.5000   45.0000    7.5000 2215.2249   17.7718
    0.0000   45.0000    7.5000 2222.7678   17.6003
    7.5000   45.0000    7.5000 2201.1157   17.8070
   -7.5000  -45.0000   15.0000 2476.2441   13.5995
    0.0000  -45.0000   15.0000 2496.0862   13.5756
    7.5000  -45.0000   15.0000 2476.9250   14.0237
   -7.5000  -37.5000   15.0000 2602.4587   12.4371
    0.0000  -37.5000   15.0000 2622.6562   12.3853
    7.5000  -37.5000   15.0000 2601.8809   12.8007
   -7.5000  -30.0000   15.0000 2721.5676   11.6127
    0.0000  -30.0000   15.0000 2740.1150   11.5247
    7.5000  -30.0000   15.0000 2721.7834   11.9163
   -7.5000  -22.5000   15.0000 2827.4265   11.0557
    0.0000  -22.5000   15.0000 2851.0894   10.9378
    7.5000  -22.5000   15.0000 2817.5132   11.3133
   -7.5000  -15.0000   15.0000 2906.8640   10.6990
    0.0000  -15.0000   15.0000 2928.6592   10.6271
    7.5000  -15.0000   15.0000 2889.5806   10.9694
   -7.5000   -7.5000   15.0000 2952.2183   10.7419
    0.0000   -7.5000   15.0000 2963.0112   10.6195
    7.5000   -7.5000   15.0000 2921.3362   10.9391
   -7.5000    0.0000   15.0000 2931.2046   10.9747
    0.0000    0.0000   15.0000 2935.2947   10.8675
    7.5000    0.0000   15.0000 2900.4299   11.1197
   -7.5000    7.5000   15.0000 2859.8328   11.4588
    0.0000    7.5000   15.0000 2865.9858   11.3384
    7.5000    7.5000   15.0000 2837.3940   11.5473
   -7.5000   15.0000   15.0000 2755.0393   12.1399
    0.0000   15.0000   15.0000 2766.3530   11.9972
    7.5000   15.0000   15.0000 2740.7751   12.1682
   -7.5000   22.5000   15.0000 2634.2878   13.0044
    0.0000   22.5000   15.0000 2645.7490   12.8881
    7.5000   22.5000   15.0000 2621.8909   13.0110
   -7.5000   30.0000   15.0000 2505.3416   14.1507
    0.0000   30.0000   15.0000 2515.1311   14.0551
    7.5000   30.0000   15.0000 2484.1499   14.1695
   -7.5000   37.5000   15.0000 2357.1338   15.6943
    0.0000   37.5000   15.0000 2369.1248   15.6113
    7.5000   37.5000   15.0000 2340.8020   15.7449
   -7.5000   45.0000   15.0000 2195.8884   17.6976
    0.0000   45.0000   15.0000 2207.7761   17.6417
    7.5000   45.0000   15.0000 2185.3699   17.7627
   -7.5000  -45.0000   22.5000 2461.7932   13.9943
    0.0000  -45.0000   22.5000 2481.6448   14.0309
    7.5000  -45.0000   22.5000 2456.3149   14.4056
   -7.5000  -37.5000   22.5000 2588.8376   12.8938
    0.0000  -37.5000   22.5000 2612.5510   12.8921
    7.5000  -37.5000   22.5000 2577.3191   13.2260
   -7.5000  -30.0000   22.5000 2702.6589   12.0781
    0.0000  -30.0000   22.5000 2726.1467   12.0536
    7.5000  -30.0000   22.5000 2693.9617   12.3562
   -7.5000  -22.5000   22.5000 2797.8745   11.4246
    0.0000  -22.5000   22.5000 2821.8936   11.3961
    7.5000  -22.5000   22.5000 2779.6289   11.7274
   -7.5000  -15.0000   22.5000 2860.9290   11.0932
    0.0000  -15.0000   22.5000 2879.2917   11.0620
    7.5000  -15.0000   22.5000 2846.1863   11.3570
   -7.5000   -7.5000   22.5000 2888.5972   11.1224
    0.0000   -7.5000   22.5000 2903.4580   11.0514
    7.5000   -7.5000   22.5000 2865.7009   11.2571
   -7.5000    0.0000   22.5000 2871.1104   11.3244
    0.0000    0.0000   22.5000 2878.6292   11.2678
    7.5000    0.0000   22.5000 2844.0771   11.4224
   -7.5000    7.5000   22.5000 2807.8503   11.7822
    0.0000    7.5000   22.5000 2821.3220   11.7587
    7.5000    7.5000   22.5000 2786.2781   11.8633
   -7.5000   15.0000   22.5000 2714.6389   12.4563
    0.0000   15.0000   22.5000 2726.9026   12.4286
    7.5000   15.0000   22.5000 2699.9656   12.5178
   -7.5000   22.5000   22.5000 2608.5588   13.3119
    0.0000   22.5000   22.5000 2618.8076   13.2506
    7.5000   22.5000   22.5000 2591.8120   13.3389
   -7.5000   30.0000   22.5000 2477.2356   14.4153
    0.0000   30.0000   22.5000 2489.4255   14.3386
    7.5000   30.0000   22.5000 2461.1216   14.4311
   -7.5000   37.5000   22.5000 2330.7490   15.9223
    0.0000   37.5000   22.5000 2344.9492   15.8215
    7.5000   37.5000   22.5000 2320.0513   15.9464
   -7.5000   45.0000   22.5000 2173.4004   17.8772
    0.0000   45.0000   22.5000 2185.9963   17.7639
    7.5000   45.0000   22.5000 2164.4402   17.9497
   -7.5000  -45.0000   30.0000 2438.1143   14.7457
    0.0000  -45.0000   30.0000 2453.0591   14.7071
    7.5000  -45.0000   30.0000 2420.3931   15.0645
   -7.5000  -37.5000   30.0000 2560.5261   13.5738
    0.0000  -37.5000   30.0000 2578.5723   13.5192
    7.5000  -37.5000   30.0000 2538.9617   13.8428
   -7.5000  -30.0000   30.0000 2665.7053   12.6614
    0.0000  -30.0000   30.0000 2685.5930   12.6289
    7.5000  -30.0000   30.0000 2647.5728   12.9461
   -7.5000  -22.5000   30.0000 2752.1252   12.0000
    0.0000  -22.5000   30.0000 2772.5845   11.9547
    7.5000  -22.5000   30.0000 2730.0127   12.2843
   -7.5000  -15.0000   30.0000 2805.0278   11.6692
    0.0000  -15.0000   30.0000 2822.9602   11.6144
    7.5000  -15.0000   30.0000 2789.1035   11.8710
   -7.5000   -7.5000   30.0000 2820.9624   11.6340
    0.0000   -7.5000   30.0000 2835.9612   11.5576
    7.5000   -7.5000   30.0000 2799.6907   11.7691
   -7.5000    0.0000   30.0000 2798.8113   11.8149
    0.0000    0.0000   30.0000 2806.2664   11.7511
    7.5000    0.0000   30.0000 2775.4023   11.9056
   -7.5000    7.5000   30.0000 2738.3936   12.2687
    0.0000    7.5000   30.0000 2755.6155   12.2145
    7.5000    7.5000   30.0000 2719.4822   12.3344
   -7.5000   15.0000   30.0000 2656.8010   12.9461
    0.0000   15.0000   30.0000 2673.1577   12.8956
    7.5000   15.0000   30.0000 2641.6538   13.0040
   -7.5000   22.5000   30.0000 2555.7234   13.8075
    0.0000   22.5000   30.0000 2570.4233   13.7471
    7.5000   22.5000   30.0000 2538.8589   13.8209
   -7.5000   30.0000   30.0000 2427.6985   14.8677
    0.0000   30.0000   30.0000 2446.6428   14.8163
    7.5000   30.0000   30.0000 2413.3748   14.9036
   -7.5000   37.5000   30.0000 2290.0305   16.3240
    0.0000   37.5000   30.0000 2305.5557   16.2815
    7.5000   37.5000   30.0000 2276.4229   16.3882
   -7.5000   45.0000   30.0000 2140.6497   18.3384
    0.0000   45.0000   30.0000 2150.0469   18.2596
    7.5000   45.0000   30.0000 2129.1536   18.4211
   -7.5000  -45.0000   37.5000 2402.0686   15.5411
    0.0000  -45.0000   37.5000 2411.4468   15.4915
    7.5000  -45.0000   37.5000 2375.3530   15.8245
   -7.5000  -37.5000   37.5000 2517.4607   14.3046
    0.0000  -37.5000   37.5000 2533.0823   14.2988
    7.5000  -37.5000   37.5000 2492.2090   14.6066
   -7.5000  -30.0000   37.5000 2614.6423   13.3836
    0.0000  -30.0000   37.5000 2631.0449   13.3587
    7.5000  -30.0000   37.5000 2587.9048   13.6839
   -7.5000  -22.5000   37.5000 2686.2927   12.7182
    0.0000  -22.5000   37.5000 2705.2012   12.6829
    7.5000  -22.5000   37.5000 2665.9363   12.9743
   -7.5000  -15.0000   37.5000 2727.8933   12.3730
    0.0000  -15.0000   37.5000 2743.9514   12.3215
    7.5000  -15.0000   37.5000 2713.7949   12.5730
   -7.5000   -7.5000   37.5000 2739.9648   12.2832
    0.0000   -7.5000   37.5000 2755.1917   12.2424
    7.5000   -7.5000   37.5000 2724.3406   12.4571
   -7.5000    0.0000   37.5000 2725.5056   12.4395
    0.0000    0.0000   37.5000 2729.1523   12.4171
    7.5000    0.0000   37.5000 2701.8030   12.5867
   -7.5000    7.5000   37.5000 2669.2197   12.8996
    0.0000    7.5000   37.5000 2678.2859   12.8682
    7.5000    7.5000   37.5000 2648.7854   12.9896
   -7.5000   15.0000   37.5000 2593.5513   13.5593
    0.0000   15.0000   37.5000 2604.9124   13.5073
    7.5000   15.0000   37.5000 2573.9939   13.6252
   -7.5000   22.5000   37.5000 2494.2468   14.4083
    0.0000   22.5000   37.5000 2506.5525   14.3530
    7.5000   22.5000   37.5000 2475.2546   14.4409
   -7.5000   30.0000   37.5000 2367.8728   15.4889
    0.0000   30.0000   37.5000 2380.8550   15.4373
    7.5000   30.0000   37.5000 2354.5479   15.5332
   -7.5000   37.5000   37.5000 2242.3979   16.9563
    0.0000   37.5000   37.5000 2250.9763   16.9286
    7.5000   37.5000   37.5000 2222.8792   17.0432
   -7.5000   45.0000   37.5000 2101.3459   19.0203
    0.0000   45.0000   37.5000 2105.5107   18.9271
    7.5000   45.0000   37.5000 2086.4221   19.1049
   -7.5000  -45.0000   45.0000 2350.4424   16.5110
    0.0000  -45.0000   45.0000 2352.5193   16.4788
    7.5000  -45.0000   45.0000 2318.1248   16.8475
   -7.5000  -37.5000   45.0000 2461.4553   15.2353
    0.0000  -37.5000   45.0000 2468.7747   15.2260
    7.5000  -37.5000   45.0000 2428.0879   15.5574
   -7.5000  -30.0000   45.0000 2546.1555   14.2844
    0.0000  -30.0000   45.0000 2562.7625   14.2685
    7.5000  -30.0000   45.0000 2519.3987   14.5905
   -7.5000  -22.5000   45.0000 2606.2522   13.5913
    0.0000  -22.5000   45.0000 2623.7273   13.5869
    7.5000  -22.5000   45.0000 2591.3823   13.8588
   -7.5000  -15.0000   45.0000 2640.4949   13.2450
    0.0000  -15.0000   45.0000 2658.8442   13.1996
    7.5000  -15.0000   45.0000 2630.5645   13.4553
   -7.5000   -7.5000   45.0000 2649.7849   13.1015
    0.0000   -7.5000   45.0000 2668.0146   13.0797
    7.5000   -7.5000   45.0000 2642.3274   13.2846
   -7.5000    0.0000   45.0000 2641.7424   13.2268
    0.0000    0.0000   45.0000 2649.3721   13.2184
    7.5000    0.0000   45.0000 2619.0725   13.3677
   -7.5000    7.5000   45.0000 2594.6067   13.6720
    0.0000    7.5000   45.0000 2604.9080   13.6632
    7.5000    7.5000   45.0000 2570.8301   13.7883
   -7.5000   15.0000   45.0000 2518.9521   14.3263
    0.0000   15.0000   45.0000 2530.8201   14.2929
    7.5000   15.0000   45.0000 2499.8306   14.4294
   -7.5000   22.5000   45.0000 2424.9102   15.1697
    0.0000   22.5000   45.0000 2435.3748   15.1199
    7.5000   22.5000   45.0000 2405.7739   15.2476
   -7.5000   30.0000   45.0000 2310.4834   16.3098
    0.0000   30.0000   45.0000 2319.5266   16.2474
    7.5000   30.0000   45.0000 2294.4026   16.3469
   -7.5000   37.5000   45.0000 2183.6550   17.7932
    0.0000   37.5000   45.0000 2191.2515   17.7539
    7.5000   37.5000   45.0000 2168.7742   17.8838
   -7.5000   45.0000   45.0000 2045.1670   19.8669
    0.0000   45.0000   45.0000 2050.0039   19.8143
    7.5000   45.0000   45.0000 2031.6014   20.0031

---------------------------------------------------------------------
imgreg_4dfp /opt/freesurfer/average/711-2C_as_mni_average_305 /opt/freesurfer/average/711-2B_as_mni_average_305_mask talsrcimg_g11 none talsrcimg_to_711-2C_as_mni_average_305_t4 1283
---------------------------------------------------------------------

freesurfer imgreg_4dfp.c
/opt/freesurfer/average/711-2C_as_mni_average_305.4dfp.img
       256       256       256         1
  1.000000  1.000000  1.000000
orientation T byte_order littleendian
Reading image: /opt/freesurfer/average/711-2C_as_mni_average_305.4dfp.img
dimensions:      256       256       256
mmppix:       1.0000   -1.0000   -1.0000
center:     128.0000 -129.0000 -129.0000
/opt/freesurfer/average/711-2B_as_mni_average_305_mask.4dfp.img
       256       256       256         1
  1.000000  1.000000  1.000000
orientation T byte_order littleendian
Reading mask: /opt/freesurfer/average/711-2B_as_mni_average_305_mask.4dfp.img (2306576 pixels)
talsrcimg_g11.4dfp.img
       256       256       256         1
  1.000000  1.000000  1.000000
orientation T byte_order littleendian
Reading image: talsrcimg_g11.4dfp.img
dimensions:      256       256       256
mmppix:       1.0000   -1.0000   -1.0000
center:     128.0000 -129.0000 -129.0000
rotation matrix determinant  1.000000
fimgreg.f
image alignment mode   1283 decimal      503 hex
parameters
    0.0000   -7.5000    7.5000    0.0000    0.0000    0.0000
eta,q 0.93661 10.29048
niter,ni,del,rscale     5    3   12.0000    1.2000
parameter  3  2.924998 ->  0.500000 qaram    1.1500
parameters
   -2.2183   -5.3683    4.0500    1.4889    2.3420   -2.7720
eta,q 0.94067 10.39689
  0.0660  0.0728  0.0610  0.0715  0.0674  0.0596
  0.0661  0.0712  0.0599  0.0679  0.0638  0.0595
  0.0654  0.0683  0.0618  0.0637  0.0616  0.0593
  0.0653  0.0651  0.0636  0.0605  0.0603  0.0593
  0.0667  0.0636  0.0661  0.0607  0.0594  0.0607
  0.0692  0.0646  0.0670  0.0628  0.0596  0.0633
  0.0738  0.0677  0.0679  0.0649  0.0611  0.0660
niter,ni,del,rscale     5    3   12.0000    1.2000
parameters
   -2.6060   -6.4220    4.7407    2.4501    3.2400   -5.5495
eta,q 0.94101 10.34139
  0.0650  0.0668  0.0683  0.0700  0.0634  0.0592
  0.0617  0.0619  0.0626  0.0654  0.0614  0.0588
  0.0597  0.0589  0.0592  0.0601  0.0600  0.0591
  0.0593  0.0595  0.0587  0.0591  0.0595  0.0595
  0.0592  0.0627  0.0602  0.0602  0.0593  0.0596
  0.0622  0.0678  0.0620  0.0620  0.0595  0.0606
  0.0678  0.0727  0.0638  0.0643  0.0619  0.0630
niter,ni,del,rscale     4    3   12.0000    1.2000
parameters
   -3.6159   -7.1572    5.3938    3.7264    3.6691   -5.7754
eta,q 0.94079 10.28812
  0.0628  0.0667  0.0671  0.0688  0.0641  0.0619
  0.0608  0.0619  0.0613  0.0641  0.0623  0.0600
  0.0590  0.0588  0.0582  0.0599  0.0605  0.0592
  0.0590  0.0589  0.0585  0.0590  0.0593  0.0593
  0.0603  0.0616  0.0602  0.0594  0.0595  0.0598
  0.0627  0.0658  0.0613  0.0604  0.0609  0.0607
  0.0675  0.0706  0.0627  0.0626  0.0634  0.0618
niter,ni,del,rscale     3    3   12.0000    1.2000
parameters
   -3.8393   -7.7542    5.3877    4.3592    3.7254   -6.0731
eta,q 0.94080 10.25814
  0.0635  0.0668  0.0651  0.0666  0.0639  0.0624
  0.0617  0.0624  0.0606  0.0621  0.0620  0.0602
  0.0601  0.0598  0.0583  0.0593  0.0602  0.0591
  0.0592  0.0593  0.0592  0.0592  0.0592  0.0592
  0.0597  0.0613  0.0608  0.0594  0.0597  0.0599
  0.0617  0.0653  0.0621  0.0608  0.0614  0.0611
  0.0648  0.0698  0.0633  0.0634  0.0641  0.0624
niter,ni,del,rscale     2    3   12.0000    1.2000
parameters
   -3.7457   -8.0460    5.2706    4.6076    3.8139   -6.1918
eta,q 0.94095 10.24924
  0.0643  0.0673  0.0649  0.0654  0.0641  0.0627
  0.0623  0.0630  0.0609  0.0612  0.0620  0.0603
  0.0604  0.0602  0.0586  0.0591  0.0601  0.0590
  0.0592  0.0592  0.0592  0.0591  0.0591  0.0591
  0.0597  0.0606  0.0608  0.0593  0.0595  0.0598
  0.0618  0.0645  0.0623  0.0610  0.0614  0.0610
  0.0644  0.0689  0.0638  0.0639  0.0642  0.0624
niter,ni,del,rscale     1    3   12.0000    1.2000
parameters
   -3.6867   -8.1636    5.2188    4.7046    3.8750   -6.2329
eta,q 0.94099 10.24536
  0.0645  0.0677  0.0650  0.0649  0.0641  0.0629
  0.0626  0.0634  0.0611  0.0608  0.0619  0.0604
  0.0604  0.0604  0.0588  0.0590  0.0600  0.0590
  0.0591  0.0590  0.0591  0.0590  0.0590  0.0590
  0.0599  0.0601  0.0608  0.0594  0.0595  0.0598
  0.0620  0.0640  0.0623  0.0611  0.0614  0.0610
  0.0648  0.0684  0.0638  0.0640  0.0643  0.0624
registration optimization eta report
parameter search radius
    6.0000    6.0000    6.9000    6.0000    6.0000    6.0000
100000*second partial in parameter space
       15.       25.       11.       16.       14.       10.
  0.0645  0.0677  0.0650  0.0649  0.0641  0.0629
  0.0626  0.0634  0.0611  0.0608  0.0619  0.0604
  0.0604  0.0604  0.0588  0.0590  0.0600  0.0590
  0.0591  0.0590  0.0591  0.0590  0.0590  0.0590
  0.0599  0.0601  0.0608  0.0594  0.0595  0.0598
  0.0620  0.0640  0.0623  0.0611  0.0614  0.0610
  0.0648  0.0684  0.0638  0.0640  0.0643  0.0624
   -3.6867   -8.1636    5.2188    4.7046    3.8750   -6.2329
eta,q 0.94099 10.24536

---------------------------------------------------------------------
imgreg_4dfp /opt/freesurfer/average/711-2C_as_mni_average_305 /opt/freesurfer/average/711-2B_as_mni_average_305_mask talsrcimg_g11 none talsrcimg_to_711-2C_as_mni_average_305_t4 3335
---------------------------------------------------------------------

freesurfer imgreg_4dfp.c
/opt/freesurfer/average/711-2C_as_mni_average_305.4dfp.img
       256       256       256         1
  1.000000  1.000000  1.000000
orientation T byte_order littleendian
Reading image: /opt/freesurfer/average/711-2C_as_mni_average_305.4dfp.img
dimensions:      256       256       256
mmppix:       1.0000   -1.0000   -1.0000
center:     128.0000 -129.0000 -129.0000
/opt/freesurfer/average/711-2B_as_mni_average_305_mask.4dfp.img
       256       256       256         1
  1.000000  1.000000  1.000000
orientation T byte_order littleendian
Reading mask: /opt/freesurfer/average/711-2B_as_mni_average_305_mask.4dfp.img (2306576 pixels)
talsrcimg_g11.4dfp.img
       256       256       256         1
  1.000000  1.000000  1.000000
orientation T byte_order littleendian
Reading image: talsrcimg_g11.4dfp.img
dimensions:      256       256       256
mmppix:       1.0000   -1.0000   -1.0000
center:     128.0000 -129.0000 -129.0000
fimgreg.f
image alignment mode   3335 decimal      D07 hex
parameters
   -3.6867   -8.1636    5.2188   -0.8184   -0.8659   -0.5648
   10.2693   -7.5859  -10.8321   -7.4221    6.7580    8.1831
eta,q 0.94345 10.21989
niter,ni,del,rscale     5    3    5.0000    1.2000
parameter  4-14.072274 ->  0.500000 qaram    1.1500
parameter  5  3.161022 ->  0.500000 qaram    1.1500
parameter  6  9.666886 ->  0.500000 qaram    1.1500
parameter  7  0.755907 ->  0.500000 qaram    1.1500
parameter  8 -0.550252 -> -0.500000 qaram    1.1500
parameter  9 -0.597830 -> -0.500000 qaram    1.1500
parameter 11  0.608744 ->  0.500000 qaram    1.1500
parameter 12  1.159318 ->  0.500000 qaram    1.1500
parameters
   -3.5605   -7.3099    5.1863   -4.9584   -5.0059   -4.7048
    6.1293   -3.4459   -6.6921   -5.1933    2.6180    4.0431
eta,q 0.96452  9.82085
  0.0580  0.0585  0.0577  0.0471  0.0425  0.0359  0.0394  0.0425  0.0418  0.0431  0.0368  0.0352
  0.0571  0.0577  0.0569  0.0502  0.0451  0.0391  0.0393  0.0409  0.0403  0.0408  0.0368  0.0354
  0.0566  0.0570  0.0564  0.0534  0.0479  0.0429  0.0395  0.0400  0.0391  0.0389  0.0368  0.0359
  0.0565  0.0566  0.0563  0.0563  0.0511  0.0458  0.0401  0.0393  0.0382  0.0376  0.0371  0.0368
  0.0567  0.0563  0.0566  0.0591  0.0548  0.0490  0.0411  0.0385  0.0377  0.0370  0.0376  0.0380
  0.0571  0.0564  0.0571  0.0619  0.0588  0.0525  0.0424  0.0383  0.0376  0.0376  0.0383  0.0394
  0.0576  0.0570  0.0577  0.0649  0.0630  0.0568  0.0439  0.0391  0.0379  0.0391  0.0393  0.0409
niter,ni,del,rscale     7    3    5.0000    1.2000
parameter  3 -1.120303 -> -0.500000 qaram    1.1500
parameter  4  1.467094 ->  0.500000 qaram    1.3225
parameter  5  1.826027 ->  0.500000 qaram    1.3225
parameters
   -3.4346   -7.8224    6.5663   -9.7194   -9.7669   -7.6765
    6.0875   -5.1520   -6.3638   -4.7075    2.9864    4.0762
eta,q 0.97838  9.71152
  0.0384  0.0368  0.0409  0.0267  0.0206  0.0254  0.0264  0.0278  0.0254  0.0262  0.0248  0.0236
  0.0368  0.0359  0.0389  0.0270  0.0220  0.0236  0.0242  0.0240  0.0235  0.0237  0.0232  0.0225
  0.0358  0.0354  0.0370  0.0293  0.0243  0.0221  0.0228  0.0218  0.0222  0.0222  0.0221  0.0218
  0.0355  0.0355  0.0354  0.0337  0.0274  0.0226  0.0222  0.0222  0.0216  0.0216  0.0216  0.0216
  0.0358  0.0361  0.0342  0.0386  0.0315  0.0262  0.0227  0.0250  0.0219  0.0219  0.0218  0.0218
  0.0365  0.0373  0.0335  0.0433  0.0357  0.0313  0.0242  0.0294  0.0231  0.0230  0.0227  0.0224
  0.0378  0.0388  0.0333  0.0482  0.0399  0.0362  0.0266  0.0341  0.0248  0.0250  0.0243  0.0236
niter,ni,del,rscale     7    3    5.0000    1.2000
parameter  5  0.527884 ->  0.500000 qaram    1.5209
parameters
   -3.2363   -8.1272    5.8891  -12.0055  -15.2421   -7.5722
    6.3681   -5.5035   -6.4600   -5.1566    3.7412    3.2965
eta,q 0.98019  9.47966
  0.0270  0.0238  0.0230  0.0255  0.0212  0.0255  0.0239  0.0271  0.0225  0.0227  0.0226  0.0213
  0.0243  0.0223  0.0217  0.0234  0.0201  0.0235  0.0219  0.0234  0.0211  0.0209  0.0212  0.0204
  0.0224  0.0216  0.0212  0.0217  0.0201  0.0217  0.0206  0.0207  0.0202  0.0200  0.0203  0.0199
  0.0216  0.0216  0.0215  0.0212  0.0214  0.0200  0.0199  0.0199  0.0199  0.0199  0.0199  0.0198
  0.0219  0.0222  0.0224  0.0235  0.0238  0.0198  0.0202  0.0212  0.0203  0.0206  0.0199  0.0202
  0.0232  0.0234  0.0238  0.0283  0.0274  0.0224  0.0214  0.0242  0.0212  0.0216  0.0206  0.0209
  0.0255  0.0250  0.0255  0.0339  0.0316  0.0264  0.0235  0.0285  0.0226  0.0232  0.0218  0.0219
niter,ni,del,rscale     7    3    5.0000    1.2000
parameters
   -2.9700   -7.9079    5.9658  -11.9795  -15.4609   -7.5137
    6.3080   -5.4873   -6.8361   -4.8204    3.9670    3.1477
eta,q 0.98028  9.47353
  0.0245  0.0232  0.0227  0.0256  0.0253  0.0252  0.0235  0.0275  0.0222  0.0233  0.0222  0.0215
  0.0222  0.0214  0.0210  0.0232  0.0228  0.0232  0.0215  0.0237  0.0208  0.0212  0.0209  0.0205
  0.0206  0.0203  0.0200  0.0213  0.0208  0.0214  0.0202  0.0208  0.0200  0.0200  0.0201  0.0199
  0.0198  0.0197  0.0197  0.0197  0.0197  0.0197  0.0197  0.0197  0.0197  0.0197  0.0197  0.0197
  0.0199  0.0199  0.0201  0.0196  0.0204  0.0196  0.0201  0.0207  0.0201  0.0201  0.0199  0.0200
  0.0209  0.0208  0.0210  0.0222  0.0226  0.0223  0.0215  0.0235  0.0212  0.0210  0.0207  0.0206
  0.0229  0.0221  0.0222  0.0267  0.0262  0.0262  0.0237  0.0276  0.0227  0.0224  0.0220  0.0215
niter,ni,del,rscale     6    3    5.0000    1.2000
parameters
   -2.9437   -7.8416    5.9645  -12.0081  -15.5311   -7.4978
    6.3737   -5.4926   -6.9381   -4.7177    4.0193    3.0723
eta,q 0.98027  9.47042
  0.0237  0.0228  0.0225  0.0255  0.0253  0.0252  0.0235  0.0275  0.0223  0.0230  0.0221  0.0215
  0.0216  0.0211  0.0209  0.0231  0.0228  0.0232  0.0216  0.0237  0.0209  0.0210  0.0209  0.0205
  0.0202  0.0201  0.0199  0.0212  0.0208  0.0214  0.0203  0.0208  0.0200  0.0199  0.0201  0.0199
  0.0197  0.0197  0.0197  0.0197  0.0197  0.0197  0.0197  0.0197  0.0197  0.0197  0.0197  0.0197
  0.0201  0.0200  0.0202  0.0196  0.0203  0.0196  0.0201  0.0207  0.0201  0.0202  0.0199  0.0200
  0.0214  0.0210  0.0211  0.0223  0.0225  0.0223  0.0214  0.0235  0.0210  0.0211  0.0207  0.0206
  0.0236  0.0224  0.0224  0.0267  0.0259  0.0263  0.0236  0.0277  0.0225  0.0225  0.0221  0.0215
niter,ni,del,rscale     5    3    5.0000    1.2000
parameters
   -2.9357   -7.8191    5.9597  -12.0210  -15.5561   -7.4927
    6.3941   -5.4931   -6.9641   -4.6805    4.0239    3.0355
eta,q 0.98026  9.46909
  0.0237  0.0226  0.0226  0.0255  0.0253  0.0252  0.0235  0.0275  0.0224  0.0229  0.0221  0.0215
  0.0216  0.0210  0.0209  0.0232  0.0228  0.0232  0.0216  0.0237  0.0210  0.0209  0.0209  0.0205
  0.0202  0.0201  0.0200  0.0212  0.0208  0.0214  0.0203  0.0208  0.0201  0.0199  0.0201  0.0199
  0.0197  0.0197  0.0197  0.0197  0.0197  0.0197  0.0197  0.0197  0.0197  0.0197  0.0197  0.0197
  0.0201  0.0201  0.0202  0.0196  0.0202  0.0196  0.0201  0.0207  0.0201  0.0202  0.0200  0.0200
  0.0215  0.0210  0.0211  0.0223  0.0224  0.0223  0.0214  0.0235  0.0210  0.0212  0.0208  0.0206
  0.0237  0.0225  0.0224  0.0267  0.0259  0.0263  0.0236  0.0276  0.0224  0.0225  0.0222  0.0215
registration optimization eta report
parameter search radius
    2.4000    2.4000    2.7600    9.5220   10.9503    8.2800
    8.2800    8.2800    8.2800    7.2000    8.2800    8.2800
100000*second partial in parameter space
       68.       49.       36.        7.        5.        9.
        6.       11.        4.        6.        3.        3.
  0.0237  0.0226  0.0226  0.0255  0.0253  0.0252  0.0235  0.0275  0.0224  0.0229  0.0221  0.0215
  0.0216  0.0210  0.0209  0.0232  0.0228  0.0232  0.0216  0.0237  0.0210  0.0209  0.0209  0.0205
  0.0202  0.0201  0.0200  0.0212  0.0208  0.0214  0.0203  0.0208  0.0201  0.0199  0.0201  0.0199
  0.0197  0.0197  0.0197  0.0197  0.0197  0.0197  0.0197  0.0197  0.0197  0.0197  0.0197  0.0197
  0.0201  0.0201  0.0202  0.0196  0.0202  0.0196  0.0201  0.0207  0.0201  0.0202  0.0200  0.0200
  0.0215  0.0210  0.0211  0.0223  0.0224  0.0223  0.0214  0.0235  0.0210  0.0212  0.0208  0.0206
  0.0237  0.0225  0.0224  0.0267  0.0259  0.0263  0.0236  0.0276  0.0224  0.0225  0.0222  0.0215
   -2.9357   -7.8191    5.9597  -12.0210  -15.5561   -7.4927
    6.3941   -5.4931   -6.9641   -4.6805    4.0239    3.0355
eta,q 0.98026  9.46909

---------------------------------------------------------------------
imgreg_4dfp /opt/freesurfer/average/711-2C_as_mni_average_305 /opt/freesurfer/average/711-2B_as_mni_average_305_mask talsrcimg_g11 none talsrcimg_to_711-2C_as_mni_average_305_t4 2311
---------------------------------------------------------------------

freesurfer imgreg_4dfp.c
/opt/freesurfer/average/711-2C_as_mni_average_305.4dfp.img
       256       256       256         1
  1.000000  1.000000  1.000000
orientation T byte_order littleendian
Reading image: /opt/freesurfer/average/711-2C_as_mni_average_305.4dfp.img
dimensions:      256       256       256
mmppix:       1.0000   -1.0000   -1.0000
center:     128.0000 -129.0000 -129.0000
/opt/freesurfer/average/711-2B_as_mni_average_305_mask.4dfp.img
       256       256       256         1
  1.000000  1.000000  1.000000
orientation T byte_order littleendian
Reading mask: /opt/freesurfer/average/711-2B_as_mni_average_305_mask.4dfp.img (2306576 pixels)
talsrcimg_g11.4dfp.img
       256       256       256         1
  1.000000  1.000000  1.000000
orientation T byte_order littleendian
Reading image: talsrcimg_g11.4dfp.img
dimensions:      256       256       256
mmppix:       1.0000   -1.0000   -1.0000
center:     128.0000 -129.0000 -129.0000
fimgreg.f
image alignment mode   2311 decimal      907 hex
parameters
   -2.9357   -7.8191    5.9597  -12.0210  -15.5561   -7.4927
    6.3941   -5.4931   -6.9641   -4.6805    4.0239    3.0355
eta,q 0.98026  9.46909
niter,ni,del,rscale     5    3    5.0000    0.8000
parameters
   -2.9161   -7.8318    5.8501  -10.7419  -14.9929   -7.0259
    6.4183   -5.3309   -6.8184   -4.7658    3.9513    2.6612
eta,q 0.98076  9.52860
  0.0215  0.0210  0.0206  0.0222  0.0211  0.0223  0.0208  0.0231  0.0203  0.0207  0.0203  0.0198
  0.0206  0.0203  0.0201  0.0213  0.0203  0.0213  0.0200  0.0212  0.0198  0.0198  0.0197  0.0195
  0.0200  0.0199  0.0198  0.0204  0.0197  0.0202  0.0195  0.0198  0.0194  0.0193  0.0194  0.0193
  0.0197  0.0197  0.0197  0.0197  0.0194  0.0194  0.0193  0.0193  0.0193  0.0193  0.0192  0.0192
  0.0199  0.0199  0.0199  0.0194  0.0194  0.0193  0.0194  0.0196  0.0194  0.0195  0.0194  0.0194
  0.0205  0.0203  0.0203  0.0197  0.0198  0.0200  0.0199  0.0208  0.0197  0.0200  0.0197  0.0196
  0.0215  0.0210  0.0208  0.0207  0.0205  0.0219  0.0208  0.0227  0.0202  0.0207  0.0204  0.0200
niter,ni,del,rscale     4    3    5.0000    0.7000
parameters
   -2.9873   -7.9083    6.0868  -10.7955  -14.9496   -6.5554
    6.4758   -5.3879   -6.7669   -4.8807    3.8751    2.7548
eta,q 0.98089  9.54405
  0.0207  0.0202  0.0204  0.0209  0.0204  0.0217  0.0203  0.0219  0.0200  0.0203  0.0199  0.0197
  0.0199  0.0196  0.0198  0.0202  0.0198  0.0208  0.0197  0.0205  0.0195  0.0196  0.0195  0.0194
  0.0194  0.0193  0.0194  0.0196  0.0194  0.0199  0.0193  0.0195  0.0192  0.0192  0.0192  0.0192
  0.0192  0.0192  0.0192  0.0192  0.0192  0.0192  0.0191  0.0191  0.0191  0.0191  0.0191  0.0191
  0.0195  0.0194  0.0192  0.0193  0.0193  0.0191  0.0192  0.0195  0.0192  0.0193  0.0192  0.0192
  0.0201  0.0198  0.0194  0.0200  0.0197  0.0197  0.0196  0.0205  0.0195  0.0197  0.0195  0.0194
  0.0210  0.0204  0.0198  0.0212  0.0204  0.0212  0.0203  0.0221  0.0199  0.0203  0.0200  0.0196
niter,ni,del,rscale     3    3    5.0000    0.6000
parameters
   -3.0179   -7.9660    6.2730  -10.7512  -14.9681   -6.2295
    6.4829   -5.4160   -6.7382   -5.0204    3.8049    2.8592
eta,q 0.98097  9.55422
  0.0202  0.0198  0.0200  0.0204  0.0199  0.0211  0.0199  0.0212  0.0197  0.0199  0.0196  0.0195
  0.0196  0.0194  0.0195  0.0198  0.0195  0.0203  0.0194  0.0201  0.0193  0.0194  0.0193  0.0192
  0.0192  0.0192  0.0192  0.0194  0.0192  0.0196  0.0191  0.0193  0.0191  0.0191  0.0191  0.0191
  0.0191  0.0191  0.0191  0.0191  0.0191  0.0191  0.0190  0.0190  0.0190  0.0190  0.0190  0.0190
  0.0193  0.0192  0.0191  0.0192  0.0192  0.0191  0.0191  0.0193  0.0191  0.0192  0.0191  0.0191
  0.0197  0.0195  0.0193  0.0196  0.0195  0.0196  0.0194  0.0201  0.0193  0.0195  0.0193  0.0192
  0.0204  0.0200  0.0195  0.0206  0.0200  0.0207  0.0199  0.0213  0.0196  0.0200  0.0197  0.0194
niter,ni,del,rscale     2    3    5.0000    0.5000
parameters
   -3.0445   -8.0116    6.4280  -10.6692  -14.9865   -5.9730
    6.4820   -5.4364   -6.7231   -5.1338    3.7463    2.9439
eta,q 0.98102  9.56298
  0.0198  0.0195  0.0196  0.0200  0.0196  0.0206  0.0196  0.0206  0.0194  0.0196  0.0194  0.0193
  0.0194  0.0193  0.0193  0.0196  0.0193  0.0199  0.0193  0.0197  0.0192  0.0192  0.0192  0.0191
  0.0191  0.0191  0.0191  0.0192  0.0191  0.0193  0.0191  0.0192  0.0190  0.0190  0.0190  0.0190
  0.0190  0.0190  0.0190  0.0190  0.0190  0.0190  0.0190  0.0190  0.0190  0.0190  0.0190  0.0190
  0.0191  0.0191  0.0190  0.0191  0.0191  0.0190  0.0191  0.0192  0.0190  0.0191  0.0190  0.0190
  0.0194  0.0193  0.0191  0.0194  0.0193  0.0194  0.0193  0.0198  0.0192  0.0193  0.0192  0.0191
  0.0199  0.0196  0.0193  0.0200  0.0197  0.0202  0.0196  0.0206  0.0194  0.0197  0.0195  0.0193
niter,ni,del,rscale     1    3    5.0000    0.4000
parameters
   -3.0687   -8.0433    6.5529  -10.6056  -14.9952   -5.7722
    6.4903   -5.4528   -6.7048   -5.2349    3.6900    3.0248
eta,q 0.98104  9.56975
  0.0195  0.0193  0.0194  0.0197  0.0194  0.0200  0.0194  0.0200  0.0193  0.0194  0.0192  0.0192
  0.0192  0.0191  0.0192  0.0193  0.0192  0.0195  0.0192  0.0195  0.0191  0.0191  0.0191  0.0191
  0.0190  0.0190  0.0190  0.0191  0.0190  0.0192  0.0190  0.0191  0.0190  0.0190  0.0190  0.0190
  0.0190  0.0190  0.0190  0.0190  0.0190  0.0190  0.0190  0.0190  0.0190  0.0190  0.0190  0.0190
  0.0191  0.0190  0.0190  0.0190  0.0190  0.0190  0.0190  0.0191  0.0190  0.0190  0.0190  0.0190
  0.0192  0.0192  0.0191  0.0192  0.0192  0.0193  0.0191  0.0195  0.0191  0.0192  0.0191  0.0190
  0.0196  0.0194  0.0192  0.0197  0.0194  0.0198  0.0194  0.0201  0.0193  0.0194  0.0193  0.0192
registration optimization eta report
parameter search radius
    0.8000    0.8000    0.8000    2.4000    2.4000    2.4000
    2.4000    2.4000    2.4000    2.4000    2.4000    2.4000
100000*second partial in parameter space
       85.       57.       45.       12.        7.       16.
        7.       19.        5.        7.        5.        3.
  0.0195  0.0193  0.0194  0.0197  0.0194  0.0200  0.0194  0.0200  0.0193  0.0194  0.0192  0.0192
  0.0192  0.0191  0.0192  0.0193  0.0192  0.0195  0.0192  0.0195  0.0191  0.0191  0.0191  0.0191
  0.0190  0.0190  0.0190  0.0191  0.0190  0.0192  0.0190  0.0191  0.0190  0.0190  0.0190  0.0190
  0.0190  0.0190  0.0190  0.0190  0.0190  0.0190  0.0190  0.0190  0.0190  0.0190  0.0190  0.0190
  0.0191  0.0190  0.0190  0.0190  0.0190  0.0190  0.0190  0.0191  0.0190  0.0190  0.0190  0.0190
  0.0192  0.0192  0.0191  0.0192  0.0192  0.0193  0.0191  0.0195  0.0191  0.0192  0.0191  0.0190
  0.0196  0.0194  0.0192  0.0197  0.0194  0.0198  0.0194  0.0201  0.0193  0.0194  0.0193  0.0192
   -3.0687   -8.0433    6.5529  -10.6056  -14.9952   -5.7722
    6.4903   -5.4528   -6.7048   -5.2349    3.6900    3.0248
eta,q 0.98104  9.56975

---------------------------------------------------------------------
imgreg_4dfp /opt/freesurfer/average/711-2C_as_mni_average_305 /opt/freesurfer/average/711-2B_as_mni_average_305_mask talsrcimg_g11 none talsrcimg_to_711-2C_as_mni_average_305_t4 2311
---------------------------------------------------------------------

freesurfer imgreg_4dfp.c
/opt/freesurfer/average/711-2C_as_mni_average_305.4dfp.img
       256       256       256         1
  1.000000  1.000000  1.000000
orientation T byte_order littleendian
Reading image: /opt/freesurfer/average/711-2C_as_mni_average_305.4dfp.img
dimensions:      256       256       256
mmppix:       1.0000   -1.0000   -1.0000
center:     128.0000 -129.0000 -129.0000
/opt/freesurfer/average/711-2B_as_mni_average_305_mask.4dfp.img
       256       256       256         1
  1.000000  1.000000  1.000000
orientation T byte_order littleendian
Reading mask: /opt/freesurfer/average/711-2B_as_mni_average_305_mask.4dfp.img (2306576 pixels)
talsrcimg_g11.4dfp.img
       256       256       256         1
  1.000000  1.000000  1.000000
orientation T byte_order littleendian
Reading image: talsrcimg_g11.4dfp.img
dimensions:      256       256       256
mmppix:       1.0000   -1.0000   -1.0000
center:     128.0000 -129.0000 -129.0000
fimgreg.f
image alignment mode   2311 decimal      907 hex
parameters
   -3.0687   -8.0433    6.5529  -10.6056  -14.9952   -5.7722
    6.4903   -5.4528   -6.7048   -5.2349    3.6900    3.0248
eta,q 0.98104  9.56975
niter,ni,del,rscale     5    3    5.0000    0.8000
parameters
   -3.1036   -8.0685    6.6671  -11.0525  -15.1720   -6.0615
    6.4926   -5.5406   -6.7220   -5.1364    3.6631    3.2766
eta,q 0.98094  9.55405
  0.0210  0.0204  0.0203  0.0209  0.0204  0.0217  0.0205  0.0225  0.0201  0.0208  0.0200  0.0198
  0.0199  0.0196  0.0196  0.0200  0.0197  0.0206  0.0198  0.0207  0.0195  0.0198  0.0195  0.0194
  0.0192  0.0191  0.0191  0.0193  0.0192  0.0196  0.0192  0.0195  0.0192  0.0192  0.0192  0.0191
  0.0190  0.0190  0.0190  0.0190  0.0190  0.0190  0.0191  0.0191  0.0191  0.0191  0.0191  0.0191
  0.0192  0.0192  0.0191  0.0192  0.0192  0.0193  0.0192  0.0195  0.0192  0.0193  0.0192  0.0191
  0.0200  0.0197  0.0194  0.0203  0.0198  0.0206  0.0197  0.0208  0.0196  0.0198  0.0195  0.0193
  0.0212  0.0205  0.0200  0.0221  0.0207  0.0230  0.0206  0.0228  0.0202  0.0205  0.0201  0.0197
niter,ni,del,rscale     4    3    5.0000    0.7000
parameters
   -3.0811   -8.0496    6.5155  -10.9112  -15.0832   -6.1112
    6.4698   -5.4827   -6.6927   -5.1625    3.7062    3.1500
eta,q 0.98097  9.55545
  0.0207  0.0202  0.0197  0.0208  0.0202  0.0213  0.0202  0.0220  0.0199  0.0203  0.0198  0.0196
  0.0198  0.0196  0.0193  0.0201  0.0196  0.0204  0.0196  0.0205  0.0194  0.0195  0.0194  0.0192
  0.0193  0.0192  0.0191  0.0194  0.0192  0.0195  0.0192  0.0194  0.0191  0.0191  0.0191  0.0191
  0.0191  0.0191  0.0191  0.0190  0.0190  0.0190  0.0190  0.0190  0.0190  0.0190  0.0190  0.0190
  0.0192  0.0192  0.0192  0.0191  0.0191  0.0192  0.0192  0.0193  0.0191  0.0192  0.0191  0.0191
  0.0197  0.0195  0.0196  0.0197  0.0195  0.0201  0.0196  0.0203  0.0194  0.0196  0.0194  0.0193
  0.0206  0.0201  0.0201  0.0209  0.0202  0.0219  0.0202  0.0219  0.0199  0.0202  0.0198  0.0196
niter,ni,del,rscale     3    3    5.0000    0.6000
parameters
   -3.0687   -8.0461    6.4931  -10.7855  -15.0365   -6.0165
    6.4723   -5.4597   -6.7019   -5.1681    3.7094    3.0675
eta,q 0.98100  9.56045
  0.0202  0.0198  0.0196  0.0204  0.0199  0.0209  0.0199  0.0212  0.0196  0.0200  0.0196  0.0194
  0.0196  0.0194  0.0193  0.0198  0.0195  0.0201  0.0194  0.0201  0.0193  0.0194  0.0193  0.0192
  0.0192  0.0191  0.0191  0.0193  0.0191  0.0194  0.0191  0.0193  0.0191  0.0191  0.0191  0.0190
  0.0190  0.0190  0.0190  0.0190  0.0190  0.0190  0.0190  0.0190  0.0190  0.0190  0.0190  0.0190
  0.0191  0.0191  0.0191  0.0191  0.0191  0.0191  0.0191  0.0193  0.0191  0.0191  0.0191  0.0191
  0.0195  0.0194  0.0193  0.0195  0.0194  0.0197  0.0194  0.0200  0.0193  0.0194  0.0193  0.0192
  0.0202  0.0198  0.0197  0.0204  0.0199  0.0210  0.0199  0.0212  0.0196  0.0199  0.0196  0.0194
niter,ni,del,rscale     2    3    5.0000    0.5000
parameters
   -3.0716   -8.0502    6.5338  -10.6878  -15.0216   -5.8656
    6.4751   -5.4555   -6.6941   -5.2074    3.6824    3.0484
eta,q 0.98103  9.56589
  0.0198  0.0196  0.0195  0.0200  0.0196  0.0205  0.0196  0.0206  0.0194  0.0196  0.0194  0.0193
  0.0194  0.0192  0.0192  0.0196  0.0193  0.0198  0.0193  0.0197  0.0192  0.0192  0.0192  0.0191
  0.0191  0.0191  0.0191  0.0192  0.0191  0.0193  0.0190  0.0192  0.0190  0.0190  0.0190  0.0190
  0.0190  0.0190  0.0190  0.0190  0.0190  0.0190  0.0190  0.0190  0.0190  0.0190  0.0190  0.0190
  0.0191  0.0191  0.0190  0.0190  0.0190  0.0190  0.0190  0.0192  0.0190  0.0191  0.0190  0.0190
  0.0194  0.0193  0.0192  0.0194  0.0193  0.0195  0.0192  0.0197  0.0192  0.0193  0.0192  0.0191
  0.0198  0.0196  0.0194  0.0200  0.0196  0.0203  0.0196  0.0206  0.0194  0.0196  0.0194  0.0193
niter,ni,del,rscale     1    3    5.0000    0.4000
parameters
   -3.0841   -8.0648    6.6037  -10.6078  -15.0185   -5.7222
    6.4774   -5.4580   -6.6943   -5.2715    3.6497    3.0828
eta,q 0.98104  9.57113
  0.0195  0.0193  0.0193  0.0197  0.0194  0.0200  0.0194  0.0200  0.0193  0.0194  0.0192  0.0192
  0.0192  0.0191  0.0191  0.0193  0.0192  0.0195  0.0191  0.0195  0.0191  0.0191  0.0191  0.0191
  0.0190  0.0190  0.0190  0.0191  0.0190  0.0191  0.0190  0.0191  0.0190  0.0190  0.0190  0.0190
  0.0190  0.0190  0.0190  0.0190  0.0190  0.0190  0.0190  0.0190  0.0190  0.0190  0.0190  0.0190
  0.0190  0.0190  0.0190  0.0190  0.0190  0.0190  0.0190  0.0191  0.0190  0.0190  0.0190  0.0190
  0.0192  0.0192  0.0191  0.0192  0.0191  0.0193  0.0191  0.0195  0.0191  0.0192  0.0191  0.0190
  0.0195  0.0194  0.0192  0.0196  0.0194  0.0198  0.0194  0.0200  0.0192  0.0194  0.0193  0.0192
registration optimization eta report
parameter search radius
    0.8000    0.8000    0.8000    2.4000    2.4000    2.4000
    2.4000    2.4000    2.4000    2.4000    2.4000    2.4000
100000*second partial in parameter space
       85.       57.       45.       12.        7.       16.
        7.       19.        5.        8.        5.        4.
  0.0195  0.0193  0.0193  0.0197  0.0194  0.0200  0.0194  0.0200  0.0193  0.0194  0.0192  0.0192
  0.0192  0.0191  0.0191  0.0193  0.0192  0.0195  0.0191  0.0195  0.0191  0.0191  0.0191  0.0191
  0.0190  0.0190  0.0190  0.0191  0.0190  0.0191  0.0190  0.0191  0.0190  0.0190  0.0190  0.0190
  0.0190  0.0190  0.0190  0.0190  0.0190  0.0190  0.0190  0.0190  0.0190  0.0190  0.0190  0.0190
  0.0190  0.0190  0.0190  0.0190  0.0190  0.0190  0.0190  0.0191  0.0190  0.0190  0.0190  0.0190
  0.0192  0.0192  0.0191  0.0192  0.0191  0.0193  0.0191  0.0195  0.0191  0.0192  0.0191  0.0190
  0.0195  0.0194  0.0192  0.0196  0.0194  0.0198  0.0194  0.0200  0.0192  0.0194  0.0193  0.0192
   -3.0841   -8.0648    6.6037  -10.6078  -15.0185   -5.7222
    6.4774   -5.4580   -6.6943   -5.2715    3.6497    3.0828
eta,q 0.98104  9.57113

---------------------------------------------------------------------
compute_vox2vox talsrcimg talsrcimg_to_711-2C_as_mni_average_305_t4 /opt/freesurfer/average/711-2C_as_mni_average_305
---------------------------------------------------------------------

freesurfer compute_vox2vox.c
Reading: talsrcimg.4dfp.ifh
Reading: talsrcimg_to_711-2C_as_mni_average_305_t4
Reading: /opt/freesurfer/average/711-2C_as_mni_average_305.4dfp.ifh
Writing: talsrcimg_to_711-2C_as_mni_average_305_t4_vox2vox.txt

start time Wed Mar 11 08:17:55 CET 2026
end		time Wed Mar 11 08:19:23 CET 2026

mpr2mni305 success

avi2talxfm orig_nu.mgz /opt/freesurfer/average/mni305.cor.mgz talsrcimg_to_711-2C_as_mni_average_305_t4_vox2vox.txt transforms/talairach.auto.xfm
avi2talxfm done
mv -f /out/sourcedata/freesurfer/sub-v2s15x29737_ses-1/mri/talsrcimg_to_711-2C_as_mni_average_305_t4_vox2vox.txt /out/sourcedata/freesurfer/sub-v2s15x29737_ses-1/mri/transforms/talsrcimg_to_711-2C_as_mni_average_305_t4_vox2vox.txt
lta_convert --src orig_nu.mgz --trg /opt/freesurfer/average/mni305.cor.mgz --inxfm transforms/talairach.auto.xfm --outlta transforms/talairach.auto.xfm.lta --subject fsaverage
7.3.2

--src: orig_nu.mgz src image (geometry).
--trg: /opt/freesurfer/average/mni305.cor.mgz trg image (geometry).
--inmni: transforms/talairach.auto.xfm input MNI/XFM transform.
--outlta: transforms/talairach.auto.xfm.lta output LTA.
--s: fsaverage subject name
 LTA read, type : 1
 1.10975   0.05940  -0.08674   2.83113;
-0.04573   1.05610  -0.03483  -15.30782;
 0.08458   0.07019   1.16773   4.17773;
 0.00000   0.00000   0.00000   1.00000;
setting subject to fsaverage
Writing  LTA to file transforms/talairach.auto.xfm.lta...
lta_convert successful.
 
 
Started at Wed Mar 11 08:17:55 CET 2026
Ended   at Wed Mar 11 08:19:23 CET 2026
talairach_avi done
