/out/sourcedata/freesurfer/sub-v2s15x29750_ses-1/mri
/opt/freesurfer/bin/talairach_avi
--i orig_nu.mgz --xfm transforms/talairach.auto.xfm
talairach_avi 7.3.2
Linux dna063 5.14.0-427.37.1.el9_4.x86_64 #1 SMP PREEMPT_DYNAMIC Fri Sep 13 12:41:50 EDT 2024 x86_64 x86_64 x86_64 GNU/Linux
Wed Mar 11 08:52:44 CET 2026
mri_convert orig_nu.mgz talsrcimg.img 
reading from orig_nu.mgz...
TR=0.00, TE=0.00, TI=0.00, flip angle=0.00
i_ras = (-1, 0, -7.45058e-09)
j_ras = (0, 0, -1)
k_ras = (0, 1, 0)
writing to talsrcimg.img...
Analyze Output Matrix
-1.00000   0.00000   0.00000   138.28708;
 0.00000   0.00000   1.00000  -122.06960;
-0.00000  -1.00000   0.00000   117.19877;
 0.00000   0.00000   0.00000   1.00000;
--------------------
INFO: set hdr.hist.orient to -1
mpr2mni305 talsrcimg
Wed Mar 11 08:52:45 CET 2026
/opt/freesurfer/bin/mpr2mni305 talsrcimg
mpr2mni305 7.3.2
target=711-2C_as_mni_average_305

---------------------------------------------------------------------
analyzeto4dfp talsrcimg -O0 -y
---------------------------------------------------------------------

freesurfer ifh2hdr.c
Wed Mar 11 08:52:45 2026
Writing: talsrcimg.4dfp.hdr
freesurfer analyzeto4dfp.c
Reading: talsrcimg.hdr
header size 348 bytes
hdr.dime.datatype	offset=70	value=2
hdr.dime.bitpix		offset=72	value=8
hdr.hist.orient		offset=252	value=-1
dimensionality     4
dimensions       256       256       256         1
Reading: talsrcimg.img
Writing: talsrcimg.4dfp.img
Writing: talsrcimg.4dfp.ifh
ifh2hdr talsrcimg -r0to221
ori=2

---------------------------------------------------------------------
gauss_4dfp talsrcimg 1.1
---------------------------------------------------------------------

freesurfer gauss_4dfp.c
Reading: talsrcimg.4dfp.img
Writing: talsrcimg_g11.4dfp.img
image dimensions 256 256 256 padded to 288 288 288
processing volume 1freesurfer ifh2hdr.c
Wed Mar 11 08:52:47 2026
Writing: talsrcimg_g11.4dfp.hdr

Writing: talsrcimg_g11.4dfp.ifh
including: talsrcimg.4dfp.img.rec in talsrcimg_g11.4dfp.img.rec

---------------------------------------------------------------------
imgreg_4dfp /opt/freesurfer/average/711-2C_as_mni_average_305 none talsrcimg_g11 none talsrcimg_to_711-2C_as_mni_average_305_t4 4355
---------------------------------------------------------------------

freesurfer imgreg_4dfp.c
/opt/freesurfer/average/711-2C_as_mni_average_305.4dfp.img
       256       256       256         1
  1.000000  1.000000  1.000000
orientation T byte_order littleendian
Reading image: /opt/freesurfer/average/711-2C_as_mni_average_305.4dfp.img
dimensions:      256       256       256
mmppix:       1.0000   -1.0000   -1.0000
center:     128.0000 -129.0000 -129.0000
talsrcimg_g11.4dfp.img
       256       256       256         1
  1.000000  1.000000  1.000000
orientation T byte_order littleendian
Reading image: talsrcimg_g11.4dfp.img
dimensions:      256       256       256
mmppix:       1.0000   -1.0000   -1.0000
center:     128.0000 -129.0000 -129.0000
t4_read: open error in t4_sub.f l:  41 t4_file(1:l)talsrcimg_to_711-2C_as_mni_average_305_t4 
t4_read: transform initialized to I4
rotation matrix determinant  1.000000
image alignment mode   4355 decimal     1103 hex
   -7.5000  -45.0000  -45.0000 7649.6240   21.0803
    0.0000  -45.0000  -45.0000 8073.8086   21.0862
    7.5000  -45.0000  -45.0000 7859.4482   21.1011
   -7.5000  -37.5000  -45.0000 8165.1743   21.0238
    0.0000  -37.5000  -45.0000 8603.9248   21.0327
    7.5000  -37.5000  -45.0000 8368.5889   21.0403
   -7.5000  -30.0000  -45.0000 8928.7676   21.0106
    0.0000  -30.0000  -45.0000 9398.8838   21.0198
    7.5000  -30.0000  -45.0000 9134.8604   21.0246
   -7.5000  -22.5000  -45.0000 9625.3877   21.0005
    0.0000  -22.5000  -45.000010134.1631   21.0072
    7.5000  -22.5000  -45.0000 9845.0801   21.0166
   -7.5000  -15.0000  -45.000010285.0801   20.9785
    0.0000  -15.0000  -45.000010838.0332   20.9828
    7.5000  -15.0000  -45.000010496.3848   20.9992
   -7.5000   -7.5000  -45.000010885.7607   20.9604
    0.0000   -7.5000  -45.000011491.6748   20.9641
    7.5000   -7.5000  -45.000011105.5371   20.9831
   -7.5000    0.0000  -45.000011449.9453   20.9652
    0.0000    0.0000  -45.000012086.0117   20.9713
    7.5000    0.0000  -45.000011667.4463   20.9860
   -7.5000    7.5000  -45.000011180.7236   20.9901
    0.0000    7.5000  -45.000011764.7227   20.9990
    7.5000    7.5000  -45.000011339.4121   21.0067
   -7.5000   15.0000  -45.000010606.3975   21.0072
    0.0000   15.0000  -45.000011159.8457   21.0164
    7.5000   15.0000  -45.000010760.8662   21.0212
   -7.5000   22.5000  -45.0000 9910.0459   20.9976
    0.0000   22.5000  -45.000010467.1367   21.0043
    7.5000   22.5000  -45.000010059.7930   21.0137
   -7.5000   30.0000  -45.0000 9098.3115   20.6989
    0.0000   30.0000  -45.0000 9618.6152   20.7031
    7.5000   30.0000  -45.0000 9244.5264   20.7193
   -7.5000   37.5000  -45.0000 8591.8174   20.6811
    0.0000   37.5000  -45.0000 9126.7725   20.6848
    7.5000   37.5000  -45.0000 8792.5273   20.7035
   -7.5000   45.0000  -45.0000 7824.6885   20.1625
    0.0000   45.0000  -45.0000 8319.7314   20.1681
    7.5000   45.0000  -45.0000 8030.3428   20.1821
   -7.5000  -45.0000  -37.5000 8174.6729   20.8346
    0.0000  -45.0000  -37.5000 8634.0400   20.8315
    7.5000  -45.0000  -37.5000 8383.5811   20.8371
   -7.5000  -37.5000  -37.5000 8715.3105   20.7730
    0.0000  -37.5000  -37.5000 9191.5137   20.7704
    7.5000  -37.5000  -37.5000 8914.2793   20.7671
   -7.5000  -30.0000  -37.5000 9529.1094   20.7581
    0.0000  -30.0000  -37.500010027.2783   20.7541
    7.5000  -30.0000  -37.5000 9712.7158   20.7458
   -7.5000  -22.5000  -37.500010238.0527   20.7519
    0.0000  -22.5000  -37.500010789.7334   20.7476
    7.5000  -22.5000  -37.500010440.2002   20.7438
   -7.5000  -15.0000  -37.500010913.0732   20.7370
    0.0000  -15.0000  -37.500011515.7656   20.7332
    7.5000  -15.0000  -37.500011082.1289   20.7384
   -7.5000   -7.5000  -37.500011565.8135   20.7218
    0.0000   -7.5000  -37.500012198.7451   20.7180
    7.5000   -7.5000  -37.500011718.7646   20.7275
   -7.5000    0.0000  -37.500012140.2100   20.7222
    0.0000    0.0000  -37.500012799.0156   20.7192
    7.5000    0.0000  -37.500012310.6699   20.7247
   -7.5000    7.5000  -37.500011807.8945   20.7401
    0.0000    7.5000  -37.500012423.5420   20.7375
    7.5000    7.5000  -37.500011945.8184   20.7342
   -7.5000   15.0000  -37.500011237.4463   20.7547
    0.0000   15.0000  -37.500011827.1016   20.7507
    7.5000   15.0000  -37.500011354.6152   20.7424
   -7.5000   22.5000  -37.500010494.9365   20.7491
    0.0000   22.5000  -37.500011108.3604   20.7448
    7.5000   22.5000  -37.500010608.1631   20.7409
   -7.5000   30.0000  -37.5000 9624.9697   20.4607
    0.0000   30.0000  -37.500010213.4512   20.4569
    7.5000   30.0000  -37.5000 9740.8076   20.4620
   -7.5000   37.5000  -37.5000 9059.4150   20.4457
    0.0000   37.5000  -37.5000 9652.9395   20.4419
    7.5000   37.5000  -37.5000 9222.5049   20.4513
   -7.5000   45.0000  -37.5000 8248.0977   19.9286
    0.0000   45.0000  -37.5000 8787.2139   19.9256
    7.5000   45.0000  -37.5000 8412.2129   19.9308
   -7.5000  -45.0000  -30.0000 8874.9102   21.6434
    0.0000  -45.0000  -30.0000 9378.8008   21.6359
    7.5000  -45.0000  -30.0000 9074.4385   21.6500
   -7.5000  -37.5000  -30.0000 9443.2070   21.5698
    0.0000  -37.5000  -30.0000 9966.0137   21.5573
    7.5000  -37.5000  -30.0000 9627.7412   21.5595
   -7.5000  -30.0000  -30.000010291.9795   21.5445
    0.0000  -30.0000  -30.000010848.0967   21.5295
    7.5000  -30.0000  -30.000010477.1553   21.5263
   -7.5000  -22.5000  -30.000011071.3486   21.5378
    0.0000  -22.5000  -30.000011663.4746   21.5275
    7.5000  -22.5000  -30.000011259.0801   21.5320
   -7.5000  -15.0000  -30.000011774.9766   21.5317
    0.0000  -15.0000  -30.000012442.5557   21.5274
    7.5000  -15.0000  -30.000011958.7266   21.5444
   -7.5000   -7.5000  -30.000012480.5439   21.5261
    0.0000   -7.5000  -30.000013141.8525   21.5221
    7.5000   -7.5000  -30.000012630.2832   21.5433
   -7.5000    0.0000  -30.000013096.1387   21.5268
    0.0000    0.0000  -30.000013772.1855   21.5194
    7.5000    0.0000  -30.000013229.8467   21.5335
   -7.5000    7.5000  -30.000012726.4746   21.5357
    0.0000    7.5000  -30.000013375.7217   21.5232
    7.5000    7.5000  -30.000012814.9746   21.5254
   -7.5000   15.0000  -30.000012092.0068   21.5410
    0.0000   15.0000  -30.000012735.5742   21.5261
    7.5000   15.0000  -30.000012176.3525   21.5228
   -7.5000   22.5000  -30.000011270.3066   21.5326
    0.0000   22.5000  -30.000011922.3838   21.5223
    7.5000   22.5000  -30.000011377.4600   21.5268
   -7.5000   30.0000  -30.000010340.7832   21.2468
    0.0000   30.0000  -30.000010938.2725   21.2426
    7.5000   30.0000  -30.000010407.1367   21.2593
   -7.5000   37.5000  -30.0000 9720.1123   21.2413
    0.0000   37.5000  -30.000010321.1455   21.2373
    7.5000   37.5000  -30.0000 9824.4209   21.2582
   -7.5000   45.0000  -30.0000 8837.7568   20.7177
    0.0000   45.0000  -30.0000 9387.0703   20.7104
    7.5000   45.0000  -30.0000 8947.9268   20.7238
   -7.5000  -45.0000  -22.5000 9615.5605   22.3440
    0.0000  -45.0000  -22.500010150.9912   22.3403
    7.5000  -45.0000  -22.5000 9809.4404   22.3734
   -7.5000  -37.5000  -22.500010207.7480   22.2653
    0.0000  -37.5000  -22.500010787.1016   22.2552
    7.5000  -37.5000  -22.500010396.4004   22.2755
   -7.5000  -30.0000  -22.500011092.8916   22.2338
    0.0000  -30.0000  -22.500011702.6855   22.2213
    7.5000  -30.0000  -22.500011276.5576   22.2384
   -7.5000  -22.5000  -22.500011934.1689   22.2241
    0.0000  -22.5000  -22.500012568.9863   22.2173
    7.5000  -22.5000  -22.500012126.4033   22.2450
   -7.5000  -15.0000  -22.500012698.4521   22.2207
    0.0000  -15.0000  -22.500013388.6221   22.2209
    7.5000  -15.0000  -22.500012870.2617   22.2616
   -7.5000   -7.5000  -22.500013495.8213   22.2205
    0.0000   -7.5000  -22.500014139.3428   22.2213
    7.5000   -7.5000  -22.500013581.7393   22.2642
   -7.5000    0.0000  -22.500014123.4941   22.2239
    0.0000    0.0000  -22.500014788.4092   22.2203
    7.5000    0.0000  -22.500014175.8398   22.2531
   -7.5000    7.5000  -22.500013674.7197   22.2302
    0.0000    7.5000  -22.500014341.6318   22.2201
    7.5000    7.5000  -22.500013722.2803   22.2403
   -7.5000   15.0000  -22.500012947.2812   22.2302
    0.0000   15.0000  -22.500013627.5430   22.2176
    7.5000   15.0000  -22.500013006.9463   22.2348
   -7.5000   22.5000  -22.500012043.9482   22.2172
    0.0000   22.5000  -22.500012739.4473   22.2105
    7.5000   22.5000  -22.500012136.9844   22.2381
   -7.5000   30.0000  -22.500011061.6172   21.9301
    0.0000   30.0000  -22.500011682.8906   21.9302
    7.5000   30.0000  -22.500011114.7012   21.9704
   -7.5000   37.5000  -22.500010414.1973   21.9298
    0.0000   37.5000  -22.500010989.3291   21.9306
    7.5000   37.5000  -22.500010465.5186   21.9729
   -7.5000   45.0000  -22.5000 9451.1660   21.4047
    0.0000   45.0000  -22.5000 9988.6621   21.4010
    7.5000   45.0000  -22.5000 9523.9590   21.4324
   -7.5000  -45.0000  -15.000010331.9814   22.8478
    0.0000  -45.0000  -15.000010888.7578   22.8503
    7.5000  -45.0000  -15.000010499.8438   22.8941
   -7.5000  -37.5000  -15.000010960.6367   22.7753
    0.0000  -37.5000  -15.000011551.1016   22.7747
    7.5000  -37.5000  -15.000011135.1309   22.8081
   -7.5000  -30.0000  -15.000011875.9043   22.7473
    0.0000  -30.0000  -15.000012504.6250   22.7467
    7.5000  -30.0000  -15.000012064.2793   22.7799
   -7.5000  -22.5000  -15.000012768.5020   22.7342
    0.0000  -22.5000  -15.000013424.5791   22.7375
    7.5000  -22.5000  -15.000012943.7812   22.7809
   -7.5000  -15.0000  -15.000013611.6143   22.7231
    0.0000  -15.0000  -15.000014292.5322   22.7295
    7.5000  -15.0000  -15.000013708.9639   22.7836
   -7.5000   -7.5000  -15.000014445.5039   22.7183
    0.0000   -7.5000  -15.000015112.1631   22.7241
    7.5000   -7.5000  -15.000014456.8252   22.7779
   -7.5000    0.0000  -15.000015111.2002   22.7253
    0.0000    0.0000  -15.000015800.6406   22.7279
    7.5000    0.0000  -15.000015110.0947   22.7713
   -7.5000    7.5000  -15.000014610.0107   22.7395
    0.0000    7.5000  -15.000015300.1309   22.7389
    7.5000    7.5000  -15.000014588.5801   22.7721
   -7.5000   15.0000  -15.000013828.0977   22.7436
    0.0000   15.0000  -15.000014507.0244   22.7431
    7.5000   15.0000  -15.000013819.7002   22.7763
   -7.5000   22.5000  -15.000012872.9639   22.7261
    0.0000   22.5000  -15.000013535.9854   22.7295
    7.5000   22.5000  -15.000012882.2793   22.7729
   -7.5000   30.0000  -15.000011783.2607   22.4290
    0.0000   30.0000  -15.000012392.4619   22.4353
    7.5000   30.0000  -15.000011759.2354   22.4887
   -7.5000   37.5000  -15.000011120.0254   22.4243
    0.0000   37.5000  -15.000011674.8750   22.4300
    7.5000   37.5000  -15.000011087.2637   22.4831
   -7.5000   45.0000  -15.000010067.4688   21.9009
    0.0000   45.0000  -15.000010586.6396   21.9031
    7.5000   45.0000  -15.000010078.5996   21.9448
   -7.5000  -45.0000   -7.500011093.2783   23.0917
    0.0000  -45.0000   -7.500011668.2412   23.1003
    7.5000  -45.0000   -7.500011261.4326   23.1356
   -7.5000  -37.5000   -7.500011750.4717   23.0290
    0.0000  -37.5000   -7.500012381.4053   23.0387
    7.5000  -37.5000   -7.500011919.6182   23.0660
   -7.5000  -30.0000   -7.500012718.6660   23.0105
    0.0000  -30.0000   -7.500013368.3633   23.0216
    7.5000  -30.0000   -7.500012903.6914   23.0485
   -7.5000  -22.5000   -7.500013664.6787   22.9967
    0.0000  -22.5000   -7.500014340.0947   23.0081
    7.5000  -22.5000   -7.500013780.3965   23.0424
   -7.5000  -15.0000   -7.500014572.7383   22.9749
    0.0000  -15.0000   -7.500015228.2207   22.9852
    7.5000  -15.0000   -7.500014536.0068   23.0276
   -7.5000   -7.5000   -7.500015445.9150   22.9602
    0.0000   -7.5000   -7.500016123.1738   22.9692
    7.5000   -7.5000   -7.500015384.6211   23.0116
   -7.5000    0.0000   -7.500016192.5000   22.9681
    0.0000    0.0000   -7.500016916.5293   22.9766
    7.5000    0.0000   -7.500016091.1279   23.0117
   -7.5000    7.5000   -7.500015653.9346   22.9928
    0.0000    7.5000   -7.500016339.5332   23.0026
    7.5000    7.5000   -7.500015522.7598   23.0298
   -7.5000   15.0000   -7.500014818.4541   23.0068
    0.0000   15.0000   -7.500015462.3467   23.0179
    7.5000   15.0000   -7.500014698.6250   23.0448
   -7.5000   22.5000   -7.500013750.1230   22.9861
    0.0000   22.5000   -7.500014372.1318   22.9975
    7.5000   22.5000   -7.500013665.4453   23.0318
   -7.5000   30.0000   -7.500012569.8506   22.6769
    0.0000   30.0000   -7.500013172.4053   22.6871
    7.5000   30.0000   -7.500012502.4053   22.7290
   -7.5000   37.5000   -7.500011831.3711   22.6624
    0.0000   37.5000   -7.500012399.4395   22.6713
    7.5000   37.5000   -7.500011768.3398   22.7132
   -7.5000   45.0000   -7.500010720.6562   22.1390
    0.0000   45.0000   -7.500011216.5557   22.1471
    7.5000   45.0000   -7.500010670.3574   22.1806
   -7.5000  -45.0000    0.000011799.5879   23.1400
    0.0000  -45.0000    0.000012416.2500   23.1489
    7.5000  -45.0000    0.000011948.3779   23.1660
   -7.5000  -37.5000    0.000012497.4785   23.0795
    0.0000  -37.5000    0.000013169.0176   23.0916
    7.5000  -37.5000    0.000012652.1172   23.1012
   -7.5000  -30.0000    0.000013546.0107   23.0660
    0.0000  -30.0000    0.000014242.1006   23.0781
    7.5000  -30.0000    0.000013701.8125   23.0847
   -7.5000  -22.5000    0.000014537.3838   23.0553
    0.0000  -22.5000    0.000015254.1621   23.0645
    7.5000  -22.5000    0.000014576.4502   23.0757
   -7.5000  -15.0000    0.000015487.9746   23.0313
    0.0000  -15.0000    0.000016103.1914   23.0378
    7.5000  -15.0000    0.000015312.9766   23.0563
   -7.5000   -7.5000    0.000016413.8926   23.0112
    0.0000   -7.5000    0.000017044.8965   23.0174
    7.5000   -7.5000    0.000016212.3350   23.0387
   -7.5000    0.0000    0.000017242.4531   23.0160
    0.0000    0.0000    0.000017903.9512   23.0250
    7.5000    0.0000    0.000017011.3594   23.0420
   -7.5000    7.5000    0.000016609.7520   23.0433
    0.0000    7.5000    0.000017227.7480   23.0553
    7.5000    7.5000    0.000016349.8721   23.0650
   -7.5000   15.0000    0.000015725.5088   23.0623
    0.0000   15.0000    0.000016300.5635   23.0744
    7.5000   15.0000    0.000015471.2256   23.0810
   -7.5000   22.5000    0.000014563.3516   23.0446
    0.0000   22.5000    0.000015127.8750   23.0539
    7.5000   22.5000    0.000014367.5557   23.0651
   -7.5000   30.0000    0.000013321.0234   22.7332
    0.0000   30.0000    0.000013881.5244   22.7397
    7.5000   30.0000    0.000013174.3457   22.7579
   -7.5000   37.5000    0.000012523.9014   22.7134
    0.0000   37.5000    0.000013069.2021   22.7195
    7.5000   37.5000    0.000012409.4111   22.7405
   -7.5000   45.0000    0.000011335.9131   22.1869
    0.0000   45.0000    0.000011816.4102   22.1954
    7.5000   45.0000    0.000011243.3203   22.2116
   -7.5000  -45.0000    7.500011563.0801   23.1582
    0.0000  -45.0000    7.500012173.7656   23.1582
    7.5000  -45.0000    7.500011723.1387   23.1670
   -7.5000  -37.5000    7.500012241.1514   23.0901
    0.0000  -37.5000    7.500012909.9980   23.0906
    7.5000  -37.5000    7.500012413.7148   23.0898
   -7.5000  -30.0000    7.500013372.7490   23.0733
    0.0000  -30.0000    7.500014053.4541   23.0725
    7.5000  -30.0000    7.500013519.8643   23.0661
   -7.5000  -22.5000    7.500014417.7725   23.0666
    0.0000  -22.5000    7.500015062.9805   23.0653
    7.5000  -22.5000    7.500014338.0430   23.0637
   -7.5000  -15.0000    7.500015313.7061   23.0503
    0.0000  -15.0000    7.500015738.2500   23.0493
    7.5000  -15.0000    7.500014983.0303   23.0576
   -7.5000   -7.5000    7.500016152.0586   23.0336
    0.0000   -7.5000    7.500016589.1699   23.0327
    7.5000   -7.5000    7.500015818.1230   23.0456
   -7.5000    0.0000    7.500016944.7344   23.0340
    0.0000    0.0000    7.500017435.2383   23.0341
    7.5000    0.0000    7.500016619.2422   23.0429
   -7.5000    7.5000    7.500016345.2090   23.0537
    0.0000    7.5000    7.500016814.0703   23.0543
    7.5000    7.5000    7.500015979.5889   23.0535
   -7.5000   15.0000    7.500015451.1201   23.0696
    0.0000   15.0000    7.500015923.6445   23.0688
    7.5000   15.0000    7.500015113.1836   23.0625
   -7.5000   22.5000    7.500014322.6719   23.0560
    0.0000   22.5000    7.500014804.1924   23.0547
    7.5000   22.5000    7.500014048.4580   23.0531
   -7.5000   30.0000    7.500013097.3018   22.7520
    0.0000   30.0000    7.500013606.4072   22.7510
    7.5000   30.0000    7.500012930.9668   22.7592
   -7.5000   37.5000    7.500012330.0322   22.7355
    0.0000   37.5000    7.500012819.5703   22.7346
    7.5000   37.5000    7.500012187.2500   22.7474
   -7.5000   45.0000    7.500011155.7119   22.2042
    0.0000   45.0000    7.500011606.3467   22.2040
    7.5000   45.0000    7.500011041.8652   22.2124
   -7.5000  -45.0000   15.000011108.4141   23.1848
    0.0000  -45.0000   15.000011738.6602   23.1785
    7.5000  -45.0000   15.000011297.3438   23.1969
   -7.5000  -37.5000   15.000011741.1924   23.1060
    0.0000  -37.5000   15.000012417.9004   23.0947
    7.5000  -37.5000   15.000011993.6592   23.1004
   -7.5000  -30.0000   15.000012876.9434   23.0799
    0.0000  -30.0000   15.000013656.8027   23.0660
    7.5000  -30.0000   15.000013136.4990   23.0656
   -7.5000  -22.5000   15.000014031.1094   23.0736
    0.0000  -22.5000   15.000014671.3242   23.0645
    7.5000  -22.5000   15.000014009.1758   23.0722
   -7.5000  -15.0000   15.000014808.9639   23.0672
    0.0000  -15.0000   15.000015092.9434   23.0643
    7.5000  -15.0000   15.000014539.5615   23.0852
   -7.5000   -7.5000   15.000015592.4023   23.0604
    0.0000   -7.5000   15.000015820.2402   23.0577
    7.5000   -7.5000   15.000015272.5430   23.0833
   -7.5000    0.0000   15.000016354.8965   23.0602
    0.0000    0.0000   15.000016715.8066   23.0541
    7.5000    0.0000   15.000016096.6143   23.0723
   -7.5000    7.5000   15.000015747.8350   23.0696
    0.0000    7.5000   15.000016230.4170   23.0583
    7.5000    7.5000   15.000015524.1191   23.0639
   -7.5000   15.0000   15.000014886.9121   23.0761
    0.0000   15.0000   15.000015386.9414   23.0623
    7.5000   15.0000   15.000014675.3359   23.0619
   -7.5000   22.5000   15.000013803.0205   23.0630
    0.0000   22.5000   15.000014306.0527   23.0539
    7.5000   22.5000   15.000013596.5801   23.0616
   -7.5000   30.0000   15.000012614.6309   22.7687
    0.0000   30.0000   15.000013111.2607   22.7658
    7.5000   30.0000   15.000012450.4199   22.7864
   -7.5000   37.5000   15.000011895.4844   22.7619
    0.0000   37.5000   15.000012380.0557   22.7593
    7.5000   37.5000   15.000011743.4229   22.7845
   -7.5000   45.0000   15.000010703.5039   22.2293
    0.0000   45.0000   15.000011187.4902   22.2232
    7.5000   45.0000   15.000010616.5537   22.2407
   -7.5000  -45.0000   22.500010586.8838   23.2459
    0.0000  -45.0000   22.500011195.1768   23.2427
    7.5000  -45.0000   22.500010774.0186   23.2788
   -7.5000  -37.5000   22.500011198.5625   23.1635
    0.0000  -37.5000   22.500011847.3066   23.1535
    7.5000  -37.5000   22.500011441.2568   23.1765
   -7.5000  -30.0000   22.500012234.7969   23.1307
    0.0000  -30.0000   22.500012961.6621   23.1181
    7.5000  -30.0000   22.500012583.6094   23.1378
   -7.5000  -22.5000   22.500013198.8320   23.1210
    0.0000  -22.5000   22.500013926.4502   23.1145
    7.5000  -22.5000   22.500013544.3086   23.1450
   -7.5000  -15.0000   22.500014094.9141   23.1179
    0.0000  -15.0000   22.500014642.4980   23.1187
    7.5000  -15.0000   22.500014254.5176   23.1627
   -7.5000   -7.5000   22.500014972.3896   23.1176
    0.0000   -7.5000   22.500015498.6094   23.1191
    7.5000   -7.5000   22.500014958.7090   23.1653
   -7.5000    0.0000   22.500015665.8008   23.1208
    0.0000    0.0000   22.500016305.9131   23.1176
    7.5000    0.0000   22.500015576.3643   23.1534
   -7.5000    7.5000   22.500015018.0371   23.1269
    0.0000    7.5000   22.500015682.4893   23.1169
    7.5000    7.5000   22.500014899.3994   23.1398
   -7.5000   15.0000   22.500014132.9297   23.1269
    0.0000   15.0000   22.500014762.2988   23.1144
    7.5000   15.0000   22.500013998.3809   23.1340
   -7.5000   22.5000   22.500013108.4590   23.1103
    0.0000   22.5000   22.500013679.9023   23.1038
    7.5000   22.5000   22.500012951.7080   23.1343
   -7.5000   30.0000   22.500012028.1338   22.8187
    0.0000   30.0000   22.500012531.0752   22.8195
    7.5000   30.0000   22.500011882.4336   22.8630
   -7.5000   37.5000   22.500011355.6924   22.8184
    0.0000   37.5000   22.500011815.1309   22.8199
    7.5000   37.5000   22.500011236.4258   22.8655
   -7.5000   45.0000   22.500010213.9971   22.2878
    0.0000   45.0000   22.500010654.7178   22.2845
    7.5000   45.0000   22.500010158.4434   22.3188
   -7.5000  -45.0000   30.0000 9966.7715   23.3295
    0.0000  -45.0000   30.000010528.1396   23.3323
    7.5000  -45.0000   30.000010163.7959   23.3781
   -7.5000  -37.5000   30.000010553.9727   23.2546
    0.0000  -37.5000   30.000011177.9990   23.2541
    7.5000  -37.5000   30.000010798.1250   23.2891
   -7.5000  -30.0000   30.000011522.6104   23.2258
    0.0000  -30.0000   30.000012222.0586   23.2253
    7.5000  -30.0000   30.000011849.7393   23.2600
   -7.5000  -22.5000   30.000012428.8213   23.2128
    0.0000  -22.5000   30.000013172.1807   23.2163
    7.5000  -22.5000   30.000012732.6494   23.2615
   -7.5000  -15.0000   30.000013280.7139   23.2018
    0.0000  -15.0000   30.000014026.9697   23.2084
    7.5000  -15.0000   30.000013457.2432   23.2646
   -7.5000   -7.5000   30.000014118.5088   23.1968
    0.0000   -7.5000   30.000014888.7002   23.2028
    7.5000   -7.5000   30.000014188.2715   23.2589
   -7.5000    0.0000   30.000014794.0674   23.2036
    0.0000    0.0000   30.000015576.4443   23.2063
    7.5000    0.0000   30.000014822.0879   23.2517
   -7.5000    7.5000   30.000014128.9473   23.2178
    0.0000    7.5000   30.000014832.9199   23.2173
    7.5000    7.5000   30.000014153.1006   23.2522
   -7.5000   15.0000   30.000013288.7920   23.2221
    0.0000   15.0000   30.000013887.0898   23.2216
    7.5000   15.0000   30.000013278.6152   23.2563
   -7.5000   22.5000   30.000012334.1436   23.2021
    0.0000   22.5000   30.000012848.1924   23.2056
    7.5000   22.5000   30.000012278.7383   23.2508
   -7.5000   30.0000   30.000011312.5615   22.9015
    0.0000   30.0000   30.000011772.7266   22.9081
    7.5000   30.0000   30.000011247.2178   22.9635
   -7.5000   37.5000   30.000010629.3398   22.8966
    0.0000   37.5000   30.000011067.3721   22.9025
    7.5000   37.5000   30.000010598.5625   22.9579
   -7.5000   45.0000   30.0000 9543.6006   22.3677
    0.0000   45.0000   30.0000 9954.7383   22.3701
    7.5000   45.0000   30.0000 9549.3809   22.4137
   -7.5000  -45.0000   37.5000 9667.7354   23.4529
    0.0000  -45.0000   37.500010229.6719   23.4616
    7.5000  -45.0000   37.5000 9834.4248   23.4987
   -7.5000  -37.5000   37.500010295.0264   23.3878
    0.0000  -37.5000   37.500010905.1602   23.3978
    7.5000  -37.5000   37.500010458.6348   23.4265
   -7.5000  -30.0000   37.500011233.0059   23.3689
    0.0000  -30.0000   37.500011880.9121   23.3802
    7.5000  -30.0000   37.500011433.6816   23.4085
   -7.5000  -22.5000   37.500012094.1416   23.3556
    0.0000  -22.5000   37.500012745.6172   23.3670
    7.5000  -22.5000   37.500012252.2227   23.4030
   -7.5000  -15.0000   37.500012848.5820   23.3337
    0.0000  -15.0000   37.500013558.2812   23.3442
    7.5000  -15.0000   37.500012966.8359   23.3885
   -7.5000   -7.5000   37.500013609.3350   23.3183
    0.0000   -7.5000   37.500014399.6592   23.3274
    7.5000   -7.5000   37.500013737.3574   23.3719
   -7.5000    0.0000   37.500014239.8740   23.3257
    0.0000    0.0000   37.500015048.2588   23.3344
    7.5000    0.0000   37.500014380.2119   23.3712
   -7.5000    7.5000   37.500013619.0322   23.3506
    0.0000    7.5000   37.500014363.3311   23.3606
    7.5000    7.5000   37.500013734.5420   23.3893
   -7.5000   15.0000   37.500012856.7148   23.3651
    0.0000   15.0000   37.500013518.0986   23.3764
    7.5000   15.0000   37.500012917.5205   23.4047
   -7.5000   22.5000   37.500011941.1387   23.3448
    0.0000   22.5000   37.500012515.1533   23.3563
    7.5000   22.5000   37.500011955.2021   23.3922
   -7.5000   30.0000   37.500010929.9658   23.0318
    0.0000   30.0000   37.500011405.9033   23.0420
    7.5000   30.0000   37.500010959.4512   23.0859
   -7.5000   37.5000   37.500010298.0605   23.0165
    0.0000   37.5000   37.500010729.5000   23.0255
    7.5000   37.5000   37.500010326.9092   23.0695
   -7.5000   45.0000   37.5000 9266.4619   22.4854
    0.0000   45.0000   37.5000 9650.2354   22.4936
    7.5000   45.0000   37.5000 9297.8887   22.5290
   -7.5000  -45.0000   45.0000 8970.5381   23.6602
    0.0000  -45.0000   45.0000 9417.0566   23.6695
    7.5000  -45.0000   45.0000 9056.1367   23.6879
   -7.5000  -37.5000   45.0000 9518.7627   23.5962
    0.0000  -37.5000   45.000010018.2568   23.6087
    7.5000  -37.5000   45.0000 9620.3779   23.6190
   -7.5000  -30.0000   45.000010349.0664   23.5826
    0.0000  -30.0000   45.000010879.0166   23.5948
    7.5000  -30.0000   45.000010483.6768   23.6017
   -7.5000  -22.5000   45.000011119.3027   23.5726
    0.0000  -22.5000   45.000011688.9775   23.5818
    7.5000  -22.5000   45.000011244.9043   23.5935
   -7.5000  -15.0000   45.000011802.8438   23.5480
    0.0000  -15.0000   45.000012437.1025   23.5546
    7.5000  -15.0000   45.000011947.3281   23.5741
   -7.5000   -7.5000   45.000012464.9902   23.5261
    0.0000   -7.5000   45.000013161.4404   23.5325
    7.5000   -7.5000   45.000012649.8477   23.5552
   -7.5000    0.0000   45.000013047.5303   23.5300
    0.0000    0.0000   45.000013777.6543   23.5393
    7.5000    0.0000   45.000013246.2676   23.5576
   -7.5000    7.5000   45.000012528.8398   23.5581
    0.0000    7.5000   45.000013222.1953   23.5705
    7.5000    7.5000   45.000012690.3867   23.5809
   -7.5000   15.0000   45.000011846.1318   23.5787
    0.0000   15.0000   45.000012468.1504   23.5909
    7.5000   15.0000   45.000011942.1797   23.5978
   -7.5000   22.5000   45.000011005.9180   23.5617
    0.0000   22.5000   45.000011549.7637   23.5709
    7.5000   22.5000   45.000011071.6113   23.5826
   -7.5000   30.0000   45.000010077.1602   23.2413
    0.0000   30.0000   45.000010570.5625   23.2478
    7.5000   30.0000   45.000010137.7188   23.2670
   -7.5000   37.5000   45.0000 9510.0215   23.2196
    0.0000   37.5000   45.0000 9957.5439   23.2260
    7.5000   37.5000   45.0000 9563.8604   23.2483
   -7.5000   45.0000   45.0000 8579.6934   22.6927
    0.0000   45.0000   45.0000 8950.2842   22.7015
    7.5000   45.0000   45.0000 8622.2529   22.7189

---------------------------------------------------------------------
imgreg_4dfp /opt/freesurfer/average/711-2C_as_mni_average_305 /opt/freesurfer/average/711-2B_as_mni_average_305_mask talsrcimg_g11 none talsrcimg_to_711-2C_as_mni_average_305_t4 4355
---------------------------------------------------------------------

freesurfer imgreg_4dfp.c
/opt/freesurfer/average/711-2C_as_mni_average_305.4dfp.img
       256       256       256         1
  1.000000  1.000000  1.000000
orientation T byte_order littleendian
Reading image: /opt/freesurfer/average/711-2C_as_mni_average_305.4dfp.img
dimensions:      256       256       256
mmppix:       1.0000   -1.0000   -1.0000
center:     128.0000 -129.0000 -129.0000
/opt/freesurfer/average/711-2B_as_mni_average_305_mask.4dfp.img
       256       256       256         1
  1.000000  1.000000  1.000000
orientation T byte_order littleendian
Reading mask: /opt/freesurfer/average/711-2B_as_mni_average_305_mask.4dfp.img (2306576 pixels)
talsrcimg_g11.4dfp.img
       256       256       256         1
  1.000000  1.000000  1.000000
orientation T byte_order littleendian
Reading image: talsrcimg_g11.4dfp.img
dimensions:      256       256       256
mmppix:       1.0000   -1.0000   -1.0000
center:     128.0000 -129.0000 -129.0000
rotation matrix determinant  1.000000
image alignment mode   4355 decimal     1103 hex
   -7.5000  -45.0000  -45.0000 2064.9690   26.3410
    0.0000  -45.0000  -45.0000 2087.2463   25.6027
    7.5000  -45.0000  -45.0000 2091.8955   25.4111
   -7.5000  -37.5000  -45.0000 2142.0190   24.5564
    0.0000  -37.5000  -45.0000 2161.8035   23.9227
    7.5000  -37.5000  -45.0000 2164.2544   23.6661
   -7.5000  -30.0000  -45.0000 2185.3245   23.2026
    0.0000  -30.0000  -45.0000 2206.3386   22.6835
    7.5000  -30.0000  -45.0000 2207.5767   22.4467
   -7.5000  -22.5000  -45.0000 2214.7834   22.3120
    0.0000  -22.5000  -45.0000 2233.2920   21.7607
    7.5000  -22.5000  -45.0000 2234.6055   21.5190
   -7.5000  -15.0000  -45.0000 2219.9163   21.9204
    0.0000  -15.0000  -45.0000 2240.2358   21.3321
    7.5000  -15.0000  -45.0000 2245.9314   21.0913
   -7.5000   -7.5000  -45.0000 2214.2537   21.8962
    0.0000   -7.5000  -45.0000 2237.1472   21.2715
    7.5000   -7.5000  -45.0000 2241.7698   21.0069
   -7.5000    0.0000  -45.0000 2200.2683   22.3996
    0.0000    0.0000  -45.0000 2227.2839   21.7428
    7.5000    0.0000  -45.0000 2228.4233   21.3970
   -7.5000    7.5000  -45.0000 2171.1150   23.2512
    0.0000    7.5000  -45.0000 2200.4297   22.5540
    7.5000    7.5000  -45.0000 2198.5430   22.1350
   -7.5000   15.0000  -45.0000 2122.0952   24.4207
    0.0000   15.0000  -45.0000 2151.3665   23.6994
    7.5000   15.0000  -45.0000 2152.0581   23.3235
   -7.5000   22.5000  -45.0000 2054.5872   26.0636
    0.0000   22.5000  -45.0000 2084.9585   25.2609
    7.5000   22.5000  -45.0000 2089.3333   24.9299
   -7.5000   30.0000  -45.0000 1968.9619   28.2023
    0.0000   30.0000  -45.0000 1998.7277   27.4018
    7.5000   30.0000  -45.0000 2007.0189   27.2233
   -7.5000   37.5000  -45.0000 1877.0861   31.3476
    0.0000   37.5000  -45.0000 1905.1639   30.3478
    7.5000   37.5000  -45.0000 1917.8719   30.2094
   -7.5000   45.0000  -45.0000 1775.3005   35.6343
    0.0000   45.0000  -45.0000 1801.2013   34.5302
    7.5000   45.0000  -45.0000 1808.3037   34.4204
   -7.5000  -45.0000  -37.5000 2155.9773   24.2965
    0.0000  -45.0000  -37.5000 2177.8401   23.7786
    7.5000  -45.0000  -37.5000 2180.9280   23.5321
   -7.5000  -37.5000  -37.5000 2231.6917   22.5398
    0.0000  -37.5000  -37.5000 2253.6265   22.0802
    7.5000  -37.5000  -37.5000 2259.9070   21.8843
   -7.5000  -30.0000  -37.5000 2287.1497   21.2299
    0.0000  -30.0000  -37.5000 2304.4629   20.8375
    7.5000  -30.0000  -37.5000 2304.6211   20.6354
   -7.5000  -22.5000  -37.5000 2308.1345   20.5085
    0.0000  -22.5000  -37.5000 2328.1301   20.0674
    7.5000  -22.5000  -37.5000 2327.0439   19.8378
   -7.5000  -15.0000  -37.5000 2314.5720   20.1952
    0.0000  -15.0000  -37.5000 2338.1926   19.7072
    7.5000  -15.0000  -37.5000 2336.2615   19.4387
   -7.5000   -7.5000  -37.5000 2311.2410   20.0833
    0.0000   -7.5000  -37.5000 2338.3794   19.6307
    7.5000   -7.5000  -37.5000 2334.4395   19.3370
   -7.5000    0.0000  -37.5000 2295.7358   20.4568
    0.0000    0.0000  -37.5000 2328.0933   19.9178
    7.5000    0.0000  -37.5000 2325.1748   19.5722
   -7.5000    7.5000  -37.5000 2262.6147   21.1257
    0.0000    7.5000  -37.5000 2300.8525   20.5470
    7.5000    7.5000  -37.5000 2298.7622   20.2044
   -7.5000   15.0000  -37.5000 2221.6704   22.2701
    0.0000   15.0000  -37.5000 2257.0269   21.6639
    7.5000   15.0000  -37.5000 2257.6465   21.3308
   -7.5000   22.5000  -37.5000 2151.8176   23.8595
    0.0000   22.5000  -37.5000 2187.0298   23.1615
    7.5000   22.5000  -37.5000 2188.9861   22.9052
   -7.5000   30.0000  -37.5000 2063.8232   25.8745
    0.0000   30.0000  -37.5000 2095.4612   25.1950
    7.5000   30.0000  -37.5000 2103.1814   24.9088
   -7.5000   37.5000  -37.5000 1961.1536   28.6663
    0.0000   37.5000  -37.5000 1992.6609   27.8797
    7.5000   37.5000  -37.5000 1996.9402   27.5799
   -7.5000   45.0000  -37.5000 1855.5403   32.4843
    0.0000   45.0000  -37.5000 1882.5106   31.5279
    7.5000   45.0000  -37.5000 1882.9526   31.3013
   -7.5000  -45.0000  -30.0000 2274.1890   23.2804
    0.0000  -45.0000  -30.0000 2303.6558   22.8300
    7.5000  -45.0000  -30.0000 2308.4924   22.6183
   -7.5000  -37.5000  -30.0000 2354.9602   21.4940
    0.0000  -37.5000  -30.0000 2384.8267   21.1474
    7.5000  -37.5000  -30.0000 2386.5972   20.9354
   -7.5000  -30.0000  -30.0000 2407.5911   20.2576
    0.0000  -30.0000  -30.0000 2433.6724   19.8985
    7.5000  -30.0000  -30.0000 2436.5493   19.7023
   -7.5000  -22.5000  -30.0000 2441.2834   19.5289
    0.0000  -22.5000  -30.0000 2467.5735   19.1648
    7.5000  -22.5000  -30.0000 2462.9426   18.9837
   -7.5000  -15.0000  -30.0000 2453.0352   19.2029
    0.0000  -15.0000  -30.0000 2482.5117   18.7912
    7.5000  -15.0000  -30.0000 2475.8833   18.5709
   -7.5000   -7.5000  -30.0000 2451.4871   19.1016
    0.0000   -7.5000  -30.0000 2479.7241   18.6743
    7.5000   -7.5000  -30.0000 2480.2700   18.4619
   -7.5000    0.0000  -30.0000 2432.6616   19.3973
    0.0000    0.0000  -30.0000 2470.3987   18.9560
    7.5000    0.0000  -30.0000 2471.9768   18.6883
   -7.5000    7.5000  -30.0000 2404.4192   20.0675
    0.0000    7.5000  -30.0000 2445.7988   19.5623
    7.5000    7.5000  -30.0000 2445.0605   19.2934
   -7.5000   15.0000  -30.0000 2355.3855   21.1217
    0.0000   15.0000  -30.0000 2393.5845   20.6267
    7.5000   15.0000  -30.0000 2396.7876   20.3186
   -7.5000   22.5000  -30.0000 2281.2354   22.6154
    0.0000   22.5000  -30.0000 2315.1558   22.0777
    7.5000   22.5000  -30.0000 2319.8599   21.7916
   -7.5000   30.0000  -30.0000 2192.0115   24.6049
    0.0000   30.0000  -30.0000 2218.8843   24.0194
    7.5000   30.0000  -30.0000 2224.1897   23.7939
   -7.5000   37.5000  -30.0000 2082.4468   27.2438
    0.0000   37.5000  -30.0000 2110.7119   26.5302
    7.5000   37.5000  -30.0000 2110.8757   26.2392
   -7.5000   45.0000  -30.0000 1960.6914   30.7713
    0.0000   45.0000  -30.0000 1981.6924   29.9380
    7.5000   45.0000  -30.0000 1983.3945   29.7628
   -7.5000  -45.0000  -22.5000 2366.9226   22.1931
    0.0000  -45.0000  -22.5000 2400.0210   21.8360
    7.5000  -45.0000  -22.5000 2406.1365   21.6847
   -7.5000  -37.5000  -22.5000 2454.1189   20.4605
    0.0000  -37.5000  -22.5000 2487.8777   20.1005
    7.5000  -37.5000  -22.5000 2485.0713   19.9613
   -7.5000  -30.0000  -22.5000 2509.2031   19.2525
    0.0000  -30.0000  -22.5000 2540.4451   18.8978
    7.5000  -30.0000  -22.5000 2539.6401   18.7425
   -7.5000  -22.5000  -22.5000 2548.6560   18.5090
    0.0000  -22.5000  -22.5000 2575.6172   18.1251
    7.5000  -22.5000  -22.5000 2576.3188   17.9889
   -7.5000  -15.0000  -22.5000 2569.7249   18.1100
    0.0000  -15.0000  -22.5000 2601.0176   17.7374
    7.5000  -15.0000  -22.5000 2595.8918   17.5713
   -7.5000   -7.5000  -22.5000 2585.4299   18.0982
    0.0000   -7.5000  -22.5000 2609.5015   17.6873
    7.5000   -7.5000  -22.5000 2611.3906   17.5166
   -7.5000    0.0000  -22.5000 2559.8982   18.3557
    0.0000    0.0000  -22.5000 2595.5752   17.9617
    7.5000    0.0000  -22.5000 2599.5903   17.7588
   -7.5000    7.5000  -22.5000 2524.0701   19.0057
    0.0000    7.5000  -22.5000 2565.1609   18.5632
    7.5000    7.5000  -22.5000 2571.5139   18.3703
   -7.5000   15.0000  -22.5000 2467.0999   19.9942
    0.0000   15.0000  -22.5000 2507.0137   19.5642
    7.5000   15.0000  -22.5000 2511.6968   19.3588
   -7.5000   22.5000  -22.5000 2386.5029   21.3549
    0.0000   22.5000  -22.5000 2428.1550   20.9260
    7.5000   22.5000  -22.5000 2429.4395   20.7016
   -7.5000   30.0000  -22.5000 2289.2686   23.2156
    0.0000   30.0000  -22.5000 2323.5964   22.7341
    7.5000   30.0000  -22.5000 2323.6167   22.5573
   -7.5000   37.5000  -22.5000 2175.3877   25.7476
    0.0000   37.5000  -22.5000 2205.6360   25.1586
    7.5000   37.5000  -22.5000 2205.3049   24.9926
   -7.5000   45.0000  -22.5000 2049.9702   29.0823
    0.0000   45.0000  -22.5000 2076.9736   28.4465
    7.5000   45.0000  -22.5000 2076.9268   28.2456
   -7.5000  -45.0000  -15.0000 2424.6675   21.1930
    0.0000  -45.0000  -15.0000 2456.1177   20.7600
    7.5000  -45.0000  -15.0000 2457.5913   20.6454
   -7.5000  -37.5000  -15.0000 2515.7480   19.5155
    0.0000  -37.5000  -15.0000 2549.1531   19.1332
    7.5000  -37.5000  -15.0000 2550.7322   19.0106
   -7.5000  -30.0000  -15.0000 2577.5032   18.3146
    0.0000  -30.0000  -15.0000 2607.2563   17.8680
    7.5000  -30.0000  -15.0000 2609.7690   17.7542
   -7.5000  -22.5000  -15.0000 2629.7590   17.5205
    0.0000  -22.5000  -15.0000 2650.6523   17.0935
    7.5000  -22.5000  -15.0000 2658.4097   17.0115
   -7.5000  -15.0000  -15.0000 2659.3462   17.1065
    0.0000  -15.0000  -15.0000 2685.8826   16.6984
    7.5000  -15.0000  -15.0000 2685.2415   16.5876
   -7.5000   -7.5000  -15.0000 2674.2314   17.0909
    0.0000   -7.5000  -15.0000 2701.9836   16.6901
    7.5000   -7.5000  -15.0000 2708.7522   16.5593
   -7.5000    0.0000  -15.0000 2652.2349   17.3668
    0.0000    0.0000  -15.0000 2689.8445   17.0068
    7.5000    0.0000  -15.0000 2695.7244   16.8816
   -7.5000    7.5000  -15.0000 2620.6990   18.0035
    0.0000    7.5000  -15.0000 2662.8892   17.6484
    7.5000    7.5000  -15.0000 2666.2107   17.5043
   -7.5000   15.0000  -15.0000 2555.7510   18.9355
    0.0000   15.0000  -15.0000 2597.5776   18.5365
    7.5000   15.0000  -15.0000 2599.3369   18.4098
   -7.5000   22.5000  -15.0000 2475.0947   20.2666
    0.0000   22.5000  -15.0000 2512.4121   19.8285
    7.5000   22.5000  -15.0000 2515.4854   19.6864
   -7.5000   30.0000  -15.0000 2367.0750   22.0524
    0.0000   30.0000  -15.0000 2402.4246   21.5576
    7.5000   30.0000  -15.0000 2397.3037   21.4017
   -7.5000   37.5000  -15.0000 2243.9724   24.3978
    0.0000   37.5000  -15.0000 2274.9456   23.9353
    7.5000   37.5000  -15.0000 2266.2266   23.7236
   -7.5000   45.0000  -15.0000 2107.9426   27.5910
    0.0000   45.0000  -15.0000 2141.5962   26.9821
    7.5000   45.0000  -15.0000 2133.9502   26.7685
   -7.5000  -45.0000   -7.5000 2463.6938   20.2956
    0.0000  -45.0000   -7.5000 2494.3938   19.7746
    7.5000  -45.0000   -7.5000 2500.4219   19.6892
   -7.5000  -37.5000   -7.5000 2562.3557   18.6371
    0.0000  -37.5000   -7.5000 2595.2451   18.1752
    7.5000  -37.5000   -7.5000 2598.8481   18.0798
   -7.5000  -30.0000   -7.5000 2634.0745   17.4650
    0.0000  -30.0000   -7.5000 2665.6194   16.9882
    7.5000  -30.0000   -7.5000 2672.6279   16.8953
   -7.5000  -22.5000   -7.5000 2695.7263   16.6411
    0.0000  -22.5000   -7.5000 2720.3218   16.1542
    7.5000  -22.5000   -7.5000 2727.2495   16.0947
   -7.5000  -15.0000   -7.5000 2730.9614   16.1670
    0.0000  -15.0000   -7.5000 2754.6746   15.7365
    7.5000  -15.0000   -7.5000 2756.4072   15.6424
   -7.5000   -7.5000   -7.5000 2744.1335   16.1389
    0.0000   -7.5000   -7.5000 2777.7524   15.7592
    7.5000   -7.5000   -7.5000 2785.6396   15.6326
   -7.5000    0.0000   -7.5000 2735.1152   16.4455
    0.0000    0.0000   -7.5000 2775.3481   16.1093
    7.5000    0.0000   -7.5000 2778.3936   16.0193
   -7.5000    7.5000   -7.5000 2703.8162   17.1038
    0.0000    7.5000   -7.5000 2744.1086   16.7157
    7.5000    7.5000   -7.5000 2738.7971   16.6482
   -7.5000   15.0000   -7.5000 2636.5696   18.0126
    0.0000   15.0000   -7.5000 2668.7180   17.6095
    7.5000   15.0000   -7.5000 2670.8157   17.5274
   -7.5000   22.5000   -7.5000 2540.5286   19.2571
    0.0000   22.5000   -7.5000 2570.7664   18.8484
    7.5000   22.5000   -7.5000 2574.1484   18.7430
   -7.5000   30.0000   -7.5000 2426.8672   21.0111
    0.0000   30.0000   -7.5000 2457.4700   20.5603
    7.5000   30.0000   -7.5000 2455.4888   20.4252
   -7.5000   37.5000   -7.5000 2294.4854   23.2608
    0.0000   37.5000   -7.5000 2324.8865   22.7984
    7.5000   37.5000   -7.5000 2315.4839   22.6051
   -7.5000   45.0000   -7.5000 2156.3916   26.2037
    0.0000   45.0000   -7.5000 2180.4602   25.6410
    7.5000   45.0000   -7.5000 2173.6611   25.4073
   -7.5000  -45.0000    0.0000 2484.7991   19.6106
    0.0000  -45.0000    0.0000 2514.6707   19.1098
    7.5000  -45.0000    0.0000 2523.3704   19.0592
   -7.5000  -37.5000    0.0000 2587.3049   17.9824
    0.0000  -37.5000    0.0000 2624.9578   17.4698
    7.5000  -37.5000    0.0000 2633.8606   17.4314
   -7.5000  -30.0000    0.0000 2672.2429   16.8305
    0.0000  -30.0000    0.0000 2709.8906   16.3086
    7.5000  -30.0000    0.0000 2718.3179   16.2419
   -7.5000  -22.5000    0.0000 2744.4985   15.9884
    0.0000  -22.5000    0.0000 2781.9084   15.4807
    7.5000  -22.5000    0.0000 2783.0757   15.4103
   -7.5000  -15.0000    0.0000 2788.6306   15.4655
    0.0000  -15.0000    0.0000 2819.4854   15.0043
    7.5000  -15.0000    0.0000 2815.9587   14.9225
   -7.5000   -7.5000    0.0000 2810.7012   15.4164
    0.0000   -7.5000    0.0000 2846.2100   14.9835
    7.5000   -7.5000    0.0000 2848.3252   14.9381
   -7.5000    0.0000    0.0000 2811.3743   15.7427
    0.0000    0.0000    0.0000 2841.1855   15.3353
    7.5000    0.0000    0.0000 2841.0818   15.3317
   -7.5000    7.5000    0.0000 2766.2883   16.3843
    0.0000    7.5000    0.0000 2793.8618   15.9780
    7.5000    7.5000    0.0000 2793.9958   15.9582
   -7.5000   15.0000    0.0000 2691.8621   17.2806
    0.0000   15.0000    0.0000 2718.1121   16.8907
    7.5000   15.0000    0.0000 2717.0903   16.8534
   -7.5000   22.5000    0.0000 2592.5444   18.5770
    0.0000   22.5000    0.0000 2616.3250   18.1716
    7.5000   22.5000    0.0000 2616.9011   18.1123
   -7.5000   30.0000    0.0000 2469.6418   20.2515
    0.0000   30.0000    0.0000 2498.9307   19.8111
    7.5000   30.0000    0.0000 2496.4404   19.7195
   -7.5000   37.5000    0.0000 2333.2771   22.3992
    0.0000   37.5000    0.0000 2360.6194   21.9123
    7.5000   37.5000    0.0000 2352.6299   21.8043
   -7.5000   45.0000    0.0000 2186.3135   25.2439
    0.0000   45.0000    0.0000 2206.4700   24.6836
    7.5000   45.0000    0.0000 2201.6597   24.4579
   -7.5000  -45.0000    7.5000 2490.8396   19.1955
    0.0000  -45.0000    7.5000 2524.2188   18.7388
    7.5000  -45.0000    7.5000 2534.8652   18.8275
   -7.5000  -37.5000    7.5000 2595.3259   17.5702
    0.0000  -37.5000    7.5000 2634.5056   17.0792
    7.5000  -37.5000    7.5000 2645.9343   17.1481
   -7.5000  -30.0000    7.5000 2700.6340   16.4503
    0.0000  -30.0000    7.5000 2735.0730   15.9095
    7.5000  -30.0000    7.5000 2745.7483   15.9111
   -7.5000  -22.5000    7.5000 2788.8442   15.6259
    0.0000  -22.5000    7.5000 2820.8708   15.0635
    7.5000  -22.5000    7.5000 2825.8357   15.0187
   -7.5000  -15.0000    7.5000 2841.8662   15.0589
    0.0000  -15.0000    7.5000 2867.8447   14.4296
    7.5000  -15.0000    7.5000 2866.5571   14.4186
   -7.5000   -7.5000    7.5000 2877.4221   14.9883
    0.0000   -7.5000    7.5000 2895.1948   14.3963
    7.5000   -7.5000    7.5000 2893.5103   14.4107
   -7.5000    0.0000    7.5000 2871.5034   15.2838
    0.0000    0.0000    7.5000 2884.9255   14.7842
    7.5000    0.0000    7.5000 2884.6970   14.8254
   -7.5000    7.5000    7.5000 2821.8379   15.9778
    0.0000    7.5000    7.5000 2831.1567   15.5088
    7.5000    7.5000    7.5000 2832.8074   15.5484
   -7.5000   15.0000    7.5000 2734.1860   16.9421
    0.0000   15.0000    7.5000 2747.4150   16.4645
    7.5000   15.0000    7.5000 2749.7095   16.4811
   -7.5000   22.5000    7.5000 2625.1470   18.2090
    0.0000   22.5000    7.5000 2642.7681   17.7013
    7.5000   22.5000    7.5000 2644.3789   17.7106
   -7.5000   30.0000    7.5000 2501.9785   19.8493
    0.0000   30.0000    7.5000 2523.5188   19.3446
    7.5000   30.0000    7.5000 2524.5525   19.3237
   -7.5000   37.5000    7.5000 2360.9907   21.9816
    0.0000   37.5000    7.5000 2381.1113   21.4377
    7.5000   37.5000    7.5000 2380.7607   21.3584
   -7.5000   45.0000    7.5000 2204.4407   24.6643
    0.0000   45.0000    7.5000 2229.7383   24.0904
    7.5000   45.0000    7.5000 2227.9946   23.9628
   -7.5000  -45.0000   15.0000 2472.8318   19.0593
    0.0000  -45.0000   15.0000 2516.8025   18.7068
    7.5000  -45.0000   15.0000 2519.6033   18.8345
   -7.5000  -37.5000   15.0000 2588.3801   17.4397
    0.0000  -37.5000   15.0000 2630.0178   17.0204
    7.5000  -37.5000   15.0000 2639.7546   17.1421
   -7.5000  -30.0000   15.0000 2695.1487   16.3013
    0.0000  -30.0000   15.0000 2727.9700   15.7949
    7.5000  -30.0000   15.0000 2742.4717   15.8937
   -7.5000  -22.5000   15.0000 2799.0056   15.5017
    0.0000  -22.5000   15.0000 2825.6794   14.9591
    7.5000  -22.5000   15.0000 2837.4553   14.9636
   -7.5000  -15.0000   15.0000 2869.5713   14.9704
    0.0000  -15.0000   15.0000 2882.9299   14.1792
    7.5000  -15.0000   15.0000 2887.9373   14.2332
   -7.5000   -7.5000   15.0000 2910.0208   14.7405
    0.0000   -7.5000   15.0000 2911.6580   14.0569
    7.5000   -7.5000   15.0000 2909.8550   14.1789
   -7.5000    0.0000   15.0000 2893.1438   15.1074
    0.0000    0.0000   15.0000 2900.4771   14.6198
    7.5000    0.0000   15.0000 2901.6941   14.7342
   -7.5000    7.5000   15.0000 2835.3845   15.8431
    0.0000    7.5000   15.0000 2848.7026   15.4058
    7.5000    7.5000   15.0000 2847.1077   15.4362
   -7.5000   15.0000   15.0000 2745.8398   16.7822
    0.0000   15.0000   15.0000 2760.1294   16.3324
    7.5000   15.0000   15.0000 2763.6687   16.3211
   -7.5000   22.5000   15.0000 2634.9832   18.0516
    0.0000   22.5000   15.0000 2652.8096   17.5708
    7.5000   22.5000   15.0000 2651.1980   17.5394
   -7.5000   30.0000   15.0000 2512.5161   19.6949
    0.0000   30.0000   15.0000 2533.4434   19.2294
    7.5000   30.0000   15.0000 2526.2261   19.1523
   -7.5000   37.5000   15.0000 2375.1812   21.7483
    0.0000   37.5000   15.0000 2396.8623   21.2538
    7.5000   37.5000   15.0000 2385.3496   21.1357
   -7.5000   45.0000   15.0000 2211.1809   24.3874
    0.0000   45.0000   15.0000 2242.9504   23.9045
    7.5000   45.0000   15.0000 2231.6230   23.6538
   -7.5000  -45.0000   22.5000 2460.7561   19.2498
    0.0000  -45.0000   22.5000 2500.0244   18.9317
    7.5000  -45.0000   22.5000 2500.0093   19.0450
   -7.5000  -37.5000   22.5000 2578.6157   17.5738
    0.0000  -37.5000   22.5000 2616.9028   17.2256
    7.5000  -37.5000   22.5000 2623.8762   17.3200
   -7.5000  -30.0000   22.5000 2687.5220   16.4401
    0.0000  -30.0000   22.5000 2721.3157   15.9857
    7.5000  -30.0000   22.5000 2733.5500   16.1159
   -7.5000  -22.5000   22.5000 2788.5928   15.6491
    0.0000  -22.5000   22.5000 2820.4685   15.1215
    7.5000  -22.5000   22.5000 2835.2046   15.2244
   -7.5000  -15.0000   22.5000 2864.4268   15.1239
    0.0000  -15.0000   22.5000 2889.4453   14.4833
    7.5000  -15.0000   22.5000 2897.1128   14.7002
   -7.5000   -7.5000   22.5000 2905.1975   15.0392
    0.0000   -7.5000   22.5000 2929.5566   14.4872
    7.5000   -7.5000   22.5000 2920.3828   14.5986
   -7.5000    0.0000   22.5000 2882.2153   15.2866
    0.0000    0.0000   22.5000 2916.3889   14.9147
    7.5000    0.0000   22.5000 2895.8547   14.8822
   -7.5000    7.5000   22.5000 2825.0964   15.9249
    0.0000    7.5000   22.5000 2850.9043   15.5950
    7.5000    7.5000   22.5000 2837.4363   15.4611
   -7.5000   15.0000   22.5000 2735.0667   16.8517
    0.0000   15.0000   22.5000 2754.1396   16.4716
    7.5000   15.0000   22.5000 2745.9961   16.3262
   -7.5000   22.5000   22.5000 2633.1765   18.1257
    0.0000   22.5000   22.5000 2652.4548   17.6934
    7.5000   22.5000   22.5000 2640.5054   17.5541
   -7.5000   30.0000   22.5000 2515.4619   19.7569
    0.0000   30.0000   22.5000 2534.2229   19.2866
    7.5000   30.0000   22.5000 2522.2009   19.1541
   -7.5000   37.5000   22.5000 2379.3430   21.7610
    0.0000   37.5000   22.5000 2395.5791   21.2557
    7.5000   37.5000   22.5000 2379.6018   21.1632
   -7.5000   45.0000   22.5000 2214.9836   24.3433
    0.0000   45.0000   22.5000 2241.6736   23.8144
    7.5000   45.0000   22.5000 2226.5681   23.6817
   -7.5000  -45.0000   30.0000 2438.9536   19.7584
    0.0000  -45.0000   30.0000 2471.6582   19.4198
    7.5000  -45.0000   30.0000 2469.5862   19.5978
   -7.5000  -37.5000   30.0000 2559.3589   18.0930
    0.0000  -37.5000   30.0000 2592.5510   17.7438
    7.5000  -37.5000   30.0000 2594.4841   17.8791
   -7.5000  -30.0000   30.0000 2673.5789   16.9489
    0.0000  -30.0000   30.0000 2708.9199   16.5916
    7.5000  -30.0000   30.0000 2705.4683   16.6511
   -7.5000  -22.5000   30.0000 2775.0291   16.0777
    0.0000  -22.5000   30.0000 2813.0662   15.7203
    7.5000  -22.5000   30.0000 2798.4958   15.8034
   -7.5000  -15.0000   30.0000 2840.9661   15.5780
    0.0000  -15.0000   30.0000 2875.9980   15.1435
    7.5000  -15.0000   30.0000 2858.8140   15.2721
   -7.5000   -7.5000   30.0000 2871.4175   15.5235
    0.0000   -7.5000   30.0000 2906.0708   15.1690
    7.5000   -7.5000   30.0000 2886.1721   15.1283
   -7.5000    0.0000   30.0000 2853.1401   15.7580
    0.0000    0.0000   30.0000 2884.3201   15.4139
    7.5000    0.0000   30.0000 2866.9924   15.3744
   -7.5000    7.5000   30.0000 2792.5461   16.3266
    0.0000    7.5000   30.0000 2819.7517   16.0115
    7.5000    7.5000   30.0000 2807.5544   15.9523
   -7.5000   15.0000   30.0000 2704.1697   17.2335
    0.0000   15.0000   30.0000 2722.7046   16.8340
    7.5000   15.0000   30.0000 2714.0208   16.7485
   -7.5000   22.5000   30.0000 2608.7834   18.4282
    0.0000   22.5000   30.0000 2621.8318   17.9867
    7.5000   22.5000   30.0000 2612.3557   17.8701
   -7.5000   30.0000   30.0000 2491.0496   19.9872
    0.0000   30.0000   30.0000 2509.0303   19.5352
    7.5000   30.0000   30.0000 2496.5635   19.3573
   -7.5000   37.5000   30.0000 2354.2532   21.9790
    0.0000   37.5000   30.0000 2367.1816   21.4913
    7.5000   37.5000   30.0000 2357.1360   21.2914
   -7.5000   45.0000   30.0000 2199.6321   24.5399
    0.0000   45.0000   30.0000 2219.7122   23.9887
    7.5000   45.0000   30.0000 2206.8645   23.8223
   -7.5000  -45.0000   37.5000 2420.7310   20.6266
    0.0000  -45.0000   37.5000 2444.2351   20.3200
    7.5000  -45.0000   37.5000 2435.2761   20.4915
   -7.5000  -37.5000   37.5000 2544.4888   18.9857
    0.0000  -37.5000   37.5000 2569.5020   18.7137
    7.5000  -37.5000   37.5000 2557.6208   18.7864
   -7.5000  -30.0000   37.5000 2650.8916   17.7733
    0.0000  -30.0000   37.5000 2677.6343   17.4716
    7.5000  -30.0000   37.5000 2666.9138   17.5169
   -7.5000  -22.5000   37.5000 2745.7332   16.8374
    0.0000  -22.5000   37.5000 2770.8723   16.4545
    7.5000  -22.5000   37.5000 2755.8616   16.6026
   -7.5000  -15.0000   37.5000 2798.7227   16.3019
    0.0000  -15.0000   37.5000 2829.2266   15.9754
    7.5000  -15.0000   37.5000 2808.3372   16.0055
   -7.5000   -7.5000   37.5000 2821.8896   16.2122
    0.0000   -7.5000   37.5000 2854.6460   15.9299
    7.5000   -7.5000   37.5000 2838.3062   15.8872
   -7.5000    0.0000   37.5000 2799.6536   16.4429
    0.0000    0.0000   37.5000 2830.0100   16.1376
    7.5000    0.0000   37.5000 2816.5078   16.1108
   -7.5000    7.5000   37.5000 2741.2329   16.9722
    0.0000    7.5000   37.5000 2767.9756   16.6774
    7.5000    7.5000   37.5000 2755.3442   16.6410
   -7.5000   15.0000   37.5000 2661.1553   17.8239
    0.0000   15.0000   37.5000 2682.4492   17.5442
    7.5000   15.0000   37.5000 2673.7869   17.5009
   -7.5000   22.5000   37.5000 2570.1304   18.9953
    0.0000   22.5000   37.5000 2589.1179   18.6284
    7.5000   22.5000   37.5000 2577.8589   18.5414
   -7.5000   30.0000   37.5000 2449.0488   20.4791
    0.0000   30.0000   37.5000 2464.6826   19.9875
    7.5000   30.0000   37.5000 2462.2527   19.9262
   -7.5000   37.5000   37.5000 2318.2190   22.4350
    0.0000   37.5000   37.5000 2334.8481   21.9003
    7.5000   37.5000   37.5000 2323.1643   21.8200
   -7.5000   45.0000   37.5000 2176.2031   24.9763
    0.0000   45.0000   37.5000 2187.5200   24.4014
    7.5000   45.0000   37.5000 2175.7610   24.3133
   -7.5000  -45.0000   45.0000 2385.0747   21.9602
    0.0000  -45.0000   45.0000 2400.9368   21.5979
    7.5000  -45.0000   45.0000 2391.3755   21.7255
   -7.5000  -37.5000   45.0000 2505.8665   20.1651
    0.0000  -37.5000   45.0000 2525.8369   19.8011
    7.5000  -37.5000   45.0000 2509.1160   19.9086
   -7.5000  -30.0000   45.0000 2605.1733   18.7945
    0.0000  -30.0000   45.0000 2629.3567   18.4340
    7.5000  -30.0000   45.0000 2614.9133   18.5597
   -7.5000  -22.5000   45.0000 2687.8940   17.8416
    0.0000  -22.5000   45.0000 2712.6650   17.4766
    7.5000  -22.5000   45.0000 2696.4272   17.5722
   -7.5000  -15.0000   45.0000 2734.3101   17.2802
    0.0000  -15.0000   45.0000 2763.1199   16.9764
    7.5000  -15.0000   45.0000 2749.0593   16.9708
   -7.5000   -7.5000   45.0000 2749.3689   17.1354
    0.0000   -7.5000   45.0000 2777.9692   16.8470
    7.5000   -7.5000   45.0000 2771.4419   16.8363
   -7.5000    0.0000   45.0000 2727.1282   17.3140
    0.0000    0.0000   45.0000 2754.3518   17.0776
    7.5000    0.0000   45.0000 2750.1150   17.0698
   -7.5000    7.5000   45.0000 2671.3586   17.8501
    0.0000    7.5000   45.0000 2700.6399   17.6154
    7.5000    7.5000   45.0000 2691.9111   17.5963
   -7.5000   15.0000   45.0000 2599.2166   18.7051
    0.0000   15.0000   45.0000 2619.9153   18.4300
    7.5000   15.0000   45.0000 2613.0005   18.4188
   -7.5000   22.5000   45.0000 2510.9553   19.8442
    0.0000   22.5000   45.0000 2529.5874   19.5692
    7.5000   22.5000   45.0000 2522.6570   19.4705
   -7.5000   30.0000   45.0000 2395.2166   21.3401
    0.0000   30.0000   45.0000 2415.1404   20.9643
    7.5000   30.0000   45.0000 2409.5139   20.8673
   -7.5000   37.5000   45.0000 2270.2793   23.2245
    0.0000   37.5000   45.0000 2287.7517   22.7780
    7.5000   37.5000   45.0000 2276.3247   22.7341
   -7.5000   45.0000   45.0000 2134.7500   25.7798
    0.0000   45.0000   45.0000 2143.4729   25.2077
    7.5000   45.0000   45.0000 2137.4919   25.1819

---------------------------------------------------------------------
imgreg_4dfp /opt/freesurfer/average/711-2C_as_mni_average_305 /opt/freesurfer/average/711-2B_as_mni_average_305_mask talsrcimg_g11 none talsrcimg_to_711-2C_as_mni_average_305_t4 1283
---------------------------------------------------------------------

freesurfer imgreg_4dfp.c
/opt/freesurfer/average/711-2C_as_mni_average_305.4dfp.img
       256       256       256         1
  1.000000  1.000000  1.000000
orientation T byte_order littleendian
Reading image: /opt/freesurfer/average/711-2C_as_mni_average_305.4dfp.img
dimensions:      256       256       256
mmppix:       1.0000   -1.0000   -1.0000
center:     128.0000 -129.0000 -129.0000
/opt/freesurfer/average/711-2B_as_mni_average_305_mask.4dfp.img
       256       256       256         1
  1.000000  1.000000  1.000000
orientation T byte_order littleendian
Reading mask: /opt/freesurfer/average/711-2B_as_mni_average_305_mask.4dfp.img (2306576 pixels)
talsrcimg_g11.4dfp.img
       256       256       256         1
  1.000000  1.000000  1.000000
orientation T byte_order littleendian
Reading image: talsrcimg_g11.4dfp.img
dimensions:      256       256       256
mmppix:       1.0000   -1.0000   -1.0000
center:     128.0000 -129.0000 -129.0000
rotation matrix determinant  1.000000
fimgreg.f
image alignment mode   1283 decimal      503 hex
parameters
    0.0000   -7.5000   22.5000    0.0000    0.0000    0.0000
eta,q 0.92157 14.46706
niter,ni,del,rscale     5    3   12.0000    1.2000
parameter  4  1.434868 ->  0.500000 qaram    1.1500
parameter  5 -0.994775 -> -0.500000 qaram    1.1500
parameter  6  3.260013 ->  0.500000 qaram    1.1500
parameters
    1.2704   -5.9943   23.2869   -3.4500    3.4500   -3.4500
eta,q 0.92398 14.45265
  0.0888  0.0898  0.0879  0.0813  0.0852  0.0747
  0.0833  0.0854  0.0861  0.0806  0.0837  0.0756
  0.0811  0.0831  0.0843  0.0812  0.0824  0.0778
  0.0824  0.0824  0.0827  0.0827  0.0807  0.0808
  0.0830  0.0823  0.0827  0.0833  0.0809  0.0837
  0.0824  0.0830  0.0833  0.0836  0.0808  0.0863
  0.0833  0.0842  0.0867  0.0848  0.0797  0.0889
niter,ni,del,rscale     7    3   12.0000    1.2000
parameter  5 -0.646473 -> -0.500000 qaram    1.3225
parameter  6  0.930903 ->  0.500000 qaram    1.3225
parameters
    0.2496   -4.6648   20.9344   -2.4513    7.4175   -7.4175
eta,q 0.92849 14.28803
  0.0806  0.0866  0.0774  0.0818  0.0822  0.0728
  0.0781  0.0823  0.0776  0.0801  0.0814  0.0716
  0.0774  0.0777  0.0774  0.0784  0.0797  0.0721
  0.0760  0.0766  0.0771  0.0776  0.0773  0.0747
  0.0778  0.0773  0.0778  0.0774  0.0748  0.0774
  0.0818  0.0778  0.0799  0.0785  0.0751  0.0798
  0.0841  0.0804  0.0832  0.0801  0.0773  0.0820
niter,ni,del,rscale     7    3   12.0000    1.2000
parameter  5 -0.668015 -> -0.500000 qaram    1.5209
parameters
   -2.2474   -3.7448   19.8002   -3.8768   11.9801   -9.0395
eta,q 0.93085 14.14556
  0.0731  0.0821  0.0740  0.0779  0.0799  0.0746
  0.0733  0.0764  0.0732  0.0724  0.0773  0.0712
  0.0719  0.0733  0.0741  0.0720  0.0759  0.0693
  0.0715  0.0724  0.0722  0.0737  0.0726  0.0696
  0.0751  0.0723  0.0719  0.0757  0.0692  0.0721
  0.0790  0.0736  0.0749  0.0782  0.0702  0.0763
  0.0826  0.0771  0.0774  0.0795  0.0719  0.0797
niter,ni,del,rscale     7    3   12.0000    1.2000
parameters
   -3.7048   -2.9840   20.2552   -3.7741   12.3226   -9.1580
eta,q 0.93169 14.27477
  0.0718  0.0818  0.0721  0.0781  0.0767  0.0761
  0.0704  0.0758  0.0710  0.0725  0.0751  0.0723
  0.0690  0.0716  0.0697  0.0689  0.0705  0.0693
  0.0691  0.0690  0.0685  0.0683  0.0684  0.0683
  0.0708  0.0687  0.0682  0.0704  0.0697  0.0697
  0.0735  0.0718  0.0692  0.0734  0.0731  0.0726
  0.0767  0.0772  0.0720  0.0762  0.0766  0.0765
niter,ni,del,rscale     6    3   12.0000    1.2000
parameters
   -4.0384   -2.9850   20.2952   -3.7596   12.3071   -9.1487
eta,q 0.93161 14.28467
  0.0740  0.0797  0.0718  0.0780  0.0763  0.0762
  0.0714  0.0741  0.0708  0.0724  0.0747  0.0723
  0.0692  0.0705  0.0695  0.0688  0.0701  0.0693
  0.0683  0.0684  0.0684  0.0684  0.0684  0.0684
  0.0694  0.0697  0.0684  0.0705  0.0699  0.0696
  0.0718  0.0742  0.0697  0.0736  0.0736  0.0723
  0.0758  0.0800  0.0728  0.0765  0.0772  0.0761
niter,ni,del,rscale     5    3   12.0000    1.2000
parameters
   -4.0164   -2.9987   20.2894   -3.7508   12.3121   -9.1477
eta,q 0.93161 14.28331
  0.0749  0.0797  0.0718  0.0780  0.0764  0.0762
  0.0717  0.0741  0.0708  0.0723  0.0747  0.0723
  0.0696  0.0704  0.0695  0.0688  0.0701  0.0693
  0.0684  0.0684  0.0684  0.0684  0.0684  0.0684
  0.0692  0.0697  0.0684  0.0705  0.0699  0.0696
  0.0713  0.0742  0.0697  0.0736  0.0736  0.0723
  0.0751  0.0800  0.0729  0.0765  0.0771  0.0762
registration optimization eta report
parameter search radius
    6.0000    6.0000    6.0000    6.9000    9.1253    7.9350
100000*second partial in parameter space
       18.       31.       11.       18.       10.       12.
  0.0749  0.0797  0.0718  0.0780  0.0764  0.0762
  0.0717  0.0741  0.0708  0.0723  0.0747  0.0723
  0.0696  0.0704  0.0695  0.0688  0.0701  0.0693
  0.0684  0.0684  0.0684  0.0684  0.0684  0.0684
  0.0692  0.0697  0.0684  0.0705  0.0699  0.0696
  0.0713  0.0742  0.0697  0.0736  0.0736  0.0723
  0.0751  0.0800  0.0729  0.0765  0.0771  0.0762
   -4.0164   -2.9987   20.2894   -3.7508   12.3121   -9.1477
eta,q 0.93161 14.28331

---------------------------------------------------------------------
imgreg_4dfp /opt/freesurfer/average/711-2C_as_mni_average_305 /opt/freesurfer/average/711-2B_as_mni_average_305_mask talsrcimg_g11 none talsrcimg_to_711-2C_as_mni_average_305_t4 3335
---------------------------------------------------------------------

freesurfer imgreg_4dfp.c
/opt/freesurfer/average/711-2C_as_mni_average_305.4dfp.img
       256       256       256         1
  1.000000  1.000000  1.000000
orientation T byte_order littleendian
Reading image: /opt/freesurfer/average/711-2C_as_mni_average_305.4dfp.img
dimensions:      256       256       256
mmppix:       1.0000   -1.0000   -1.0000
center:     128.0000 -129.0000 -129.0000
/opt/freesurfer/average/711-2B_as_mni_average_305_mask.4dfp.img
       256       256       256         1
  1.000000  1.000000  1.000000
orientation T byte_order littleendian
Reading mask: /opt/freesurfer/average/711-2B_as_mni_average_305_mask.4dfp.img (2306576 pixels)
talsrcimg_g11.4dfp.img
       256       256       256         1
  1.000000  1.000000  1.000000
orientation T byte_order littleendian
Reading image: talsrcimg_g11.4dfp.img
dimensions:      256       256       256
mmppix:       1.0000   -1.0000   -1.0000
center:     128.0000 -129.0000 -129.0000
fimgreg.f
image alignment mode   3335 decimal      D07 hex
parameters
   -4.0164   -2.9987   20.2894   -3.5425   -1.7050   -2.5092
   17.2410  -19.9674  -15.5323    9.8412   21.3237   -6.3912
eta,q 0.93385 14.33596
niter,ni,del,rscale     5    3    5.0000    1.2000
parameter  1 -0.542426 -> -0.500000 qaram    1.1500
parameter  3  0.800999 ->  0.500000 qaram    1.1500
parameter  4 -6.501226 ->  0.500000 qaram    1.1500
parameter  5  2.020526 ->  0.500000 qaram    1.1500
parameter  6  1.757812 ->  0.500000 qaram    1.1500
parameter  7  0.617702 ->  0.500000 qaram    1.1500
parameter  8 -0.847568 -> -0.500000 qaram    1.1500
parameter  9 -0.612618 -> -0.500000 qaram    1.1500
parameter 11  0.606219 ->  0.500000 qaram    1.1500
parameter 12 -0.706471 -> -0.500000 qaram    1.1500
parameters
   -2.6364   -2.4232   18.9094   -7.6825   -5.8450   -6.6492
   13.1010  -15.8274  -11.3923   11.6935   17.1837   -2.2512
eta,q 0.95751 13.86751
  0.0686  0.0678  0.0652  0.0521  0.0509  0.0456  0.0481  0.0574  0.0481  0.0481  0.0436  0.0473
  0.0675  0.0669  0.0649  0.0562  0.0527  0.0478  0.0478  0.0546  0.0467  0.0466  0.0434  0.0458
  0.0667  0.0662  0.0651  0.0605  0.0548  0.0503  0.0479  0.0511  0.0455  0.0452  0.0434  0.0444
  0.0662  0.0658  0.0656  0.0650  0.0573  0.0533  0.0485  0.0478  0.0448  0.0442  0.0439  0.0434
  0.0658  0.0656  0.0663  0.0693  0.0603  0.0578  0.0494  0.0454  0.0443  0.0439  0.0449  0.0427
  0.0658  0.0659  0.0671  0.0728  0.0640  0.0631  0.0507  0.0448  0.0442  0.0444  0.0462  0.0425
  0.0661  0.0666  0.0679  0.0760  0.0680  0.0678  0.0522  0.0458  0.0444  0.0457  0.0477  0.0428
niter,ni,del,rscale     7    3    5.0000    1.2000
parameter  2  1.004927 ->  0.500000 qaram    1.1500
parameter  4  1.101635 ->  0.500000 qaram    1.3225
parameter  5  1.664872 ->  0.500000 qaram    1.3225
parameter 10  0.561525 ->  0.500000 qaram    1.1500
parameter 12  0.704451 ->  0.500000 qaram    1.3225
parameters
   -2.7097   -3.8032   17.7541  -12.4435  -10.6060  -10.3574
   13.5384  -16.0371  -11.0107    7.5535   16.4856   -7.0122
eta,q 0.97121 13.39161
  0.0469  0.0408  0.0416  0.0345  0.0294  0.0314  0.0343  0.0378  0.0328  0.0300  0.0310  0.0292
  0.0445  0.0409  0.0406  0.0346  0.0307  0.0306  0.0324  0.0329  0.0315  0.0296  0.0302  0.0288
  0.0430  0.0415  0.0405  0.0365  0.0326  0.0305  0.0311  0.0306  0.0307  0.0297  0.0297  0.0290
  0.0425  0.0425  0.0411  0.0405  0.0350  0.0312  0.0304  0.0304  0.0304  0.0304  0.0296  0.0296
  0.0431  0.0438  0.0421  0.0463  0.0378  0.0334  0.0306  0.0316  0.0306  0.0314  0.0299  0.0305
  0.0449  0.0456  0.0435  0.0525  0.0414  0.0378  0.0317  0.0341  0.0313  0.0331  0.0305  0.0316
  0.0474  0.0476  0.0452  0.0581  0.0453  0.0446  0.0338  0.0378  0.0324  0.0354  0.0316  0.0327
niter,ni,del,rscale     7    3    5.0000    1.2000
parameter  2  1.016208 ->  0.500000 qaram    1.3225
parameter  3  0.567738 ->  0.500000 qaram    1.3225
parameter  5  0.551722 ->  0.500000 qaram    1.5209
parameter 11 -0.560612 -> -0.500000 qaram    1.3225
parameters
   -2.4826   -5.3902   16.1671  -14.9483  -16.0812   -9.3713
   14.4238  -16.7362  -11.5972    7.2853   21.2466   -8.4168
eta,q 0.97745 13.31808
  0.0347  0.0262  0.0260  0.0289  0.0253  0.0263  0.0281  0.0292  0.0256  0.0269  0.0259  0.0247
  0.0317  0.0262  0.0256  0.0271  0.0239  0.0251  0.0260  0.0251  0.0242  0.0244  0.0248  0.0232
  0.0297  0.0271  0.0257  0.0257  0.0237  0.0243  0.0244  0.0232  0.0234  0.0233  0.0239  0.0226
  0.0288  0.0288  0.0263  0.0255  0.0255  0.0237  0.0235  0.0234  0.0232  0.0232  0.0232  0.0227
  0.0291  0.0311  0.0275  0.0276  0.0288  0.0234  0.0236  0.0249  0.0237  0.0238  0.0228  0.0234
  0.0306  0.0338  0.0293  0.0318  0.0325  0.0237  0.0246  0.0272  0.0247  0.0250  0.0227  0.0245
  0.0331  0.0367  0.0316  0.0376  0.0368  0.0258  0.0268  0.0306  0.0263  0.0271  0.0231  0.0260
niter,ni,del,rscale     7    3    5.0000    1.2000
parameters
   -2.1165   -5.4310   16.1666  -14.9603  -16.8727  -10.2970
   14.5576  -17.1853  -12.5136    7.4735   21.2064   -8.8099
eta,q 0.97742 13.25648
  0.0283  0.0274  0.0255  0.0282  0.0288  0.0254  0.0269  0.0290  0.0249  0.0267  0.0249  0.0252
  0.0255  0.0246  0.0240  0.0258  0.0262  0.0240  0.0248  0.0249  0.0234  0.0240  0.0239  0.0235
  0.0235  0.0229  0.0229  0.0238  0.0240  0.0232  0.0234  0.0229  0.0227  0.0228  0.0230  0.0227
  0.0225  0.0224  0.0224  0.0224  0.0224  0.0227  0.0227  0.0227  0.0227  0.0226  0.0226  0.0226
  0.0226  0.0231  0.0227  0.0226  0.0232  0.0229  0.0231  0.0240  0.0233  0.0232  0.0228  0.0231
  0.0238  0.0249  0.0238  0.0250  0.0271  0.0242  0.0244  0.0264  0.0244  0.0243  0.0236  0.0241
  0.0260  0.0276  0.0257  0.0292  0.0319  0.0284  0.0269  0.0299  0.0260  0.0259  0.0252  0.0253
niter,ni,del,rscale     6    3    5.0000    1.2000
parameters
   -2.0901   -5.2547   16.1484  -14.8735  -17.0525  -10.2682
   14.5606  -17.2135  -12.5383    7.7592   21.1735   -8.9912
eta,q 0.97737 13.25487
  0.0273  0.0278  0.0255  0.0283  0.0292  0.0258  0.0267  0.0298  0.0255  0.0268  0.0250  0.0253
  0.0248  0.0250  0.0240  0.0259  0.0266  0.0244  0.0247  0.0254  0.0238  0.0240  0.0239  0.0236
  0.0232  0.0233  0.0230  0.0239  0.0243  0.0233  0.0232  0.0230  0.0228  0.0228  0.0231  0.0228
  0.0226  0.0226  0.0226  0.0226  0.0226  0.0226  0.0226  0.0226  0.0226  0.0226  0.0226  0.0226
  0.0231  0.0230  0.0229  0.0228  0.0228  0.0226  0.0230  0.0237  0.0230  0.0232  0.0228  0.0231
  0.0246  0.0244  0.0240  0.0250  0.0261  0.0234  0.0244  0.0260  0.0240  0.0242  0.0237  0.0240
  0.0271  0.0267  0.0256  0.0289  0.0308  0.0266  0.0270  0.0293  0.0254  0.0257  0.0253  0.0253
niter,ni,del,rscale     5    3    5.0000    1.2000
parameters
   -2.0857   -5.1923   16.1441  -14.8598  -17.1232  -10.2409
   14.5654  -17.1932  -12.5573    7.8652   21.1479   -9.0475
eta,q 0.97733 13.25402
  0.0272  0.0274  0.0255  0.0283  0.0293  0.0258  0.0268  0.0299  0.0255  0.0265  0.0250  0.0254
  0.0248  0.0248  0.0241  0.0259  0.0267  0.0244  0.0247  0.0255  0.0238  0.0239  0.0239  0.0237
  0.0232  0.0232  0.0231  0.0239  0.0244  0.0233  0.0232  0.0231  0.0229  0.0228  0.0231  0.0229
  0.0226  0.0226  0.0226  0.0226  0.0226  0.0227  0.0227  0.0227  0.0227  0.0227  0.0227  0.0227
  0.0231  0.0231  0.0229  0.0229  0.0227  0.0226  0.0230  0.0237  0.0231  0.0232  0.0228  0.0231
  0.0247  0.0246  0.0240  0.0251  0.0260  0.0234  0.0244  0.0259  0.0240  0.0243  0.0237  0.0240
  0.0272  0.0270  0.0257  0.0291  0.0306  0.0266  0.0270  0.0293  0.0254  0.0258  0.0253  0.0253
niter,ni,del,rscale     4    3    5.0000    1.2000
parameters
   -2.0792   -5.1696   16.1392  -14.8522  -17.1493  -10.2413
   14.5713  -17.1745  -12.5603    7.9011   21.1327   -9.0686
eta,q 0.97732 13.25305
  0.0273  0.0273  0.0255  0.0283  0.0293  0.0258  0.0268  0.0299  0.0255  0.0264  0.0250  0.0255
  0.0248  0.0247  0.0241  0.0259  0.0267  0.0244  0.0247  0.0255  0.0238  0.0239  0.0239  0.0237
  0.0232  0.0231  0.0231  0.0239  0.0244  0.0234  0.0233  0.0231  0.0229  0.0228  0.0231  0.0229
  0.0227  0.0227  0.0227  0.0227  0.0227  0.0227  0.0227  0.0227  0.0227  0.0227  0.0227  0.0227
  0.0232  0.0232  0.0230  0.0229  0.0227  0.0227  0.0230  0.0237  0.0231  0.0233  0.0228  0.0231
  0.0247  0.0247  0.0240  0.0252  0.0259  0.0235  0.0245  0.0260  0.0240  0.0243  0.0237  0.0240
  0.0272  0.0270  0.0257  0.0291  0.0305  0.0267  0.0270  0.0293  0.0254  0.0259  0.0253  0.0253
registration optimization eta report
parameter search radius
    2.7600    3.1740    3.1740    9.5220   10.9503    8.2800
    8.2800    8.2800    8.2800    8.2800    9.5220    9.5220
100000*second partial in parameter space
       60.       45.       29.        7.        6.        5.
        6.       10.        4.        5.        3.        3.
  0.0273  0.0273  0.0255  0.0283  0.0293  0.0258  0.0268  0.0299  0.0255  0.0264  0.0250  0.0255
  0.0248  0.0247  0.0241  0.0259  0.0267  0.0244  0.0247  0.0255  0.0238  0.0239  0.0239  0.0237
  0.0232  0.0231  0.0231  0.0239  0.0244  0.0234  0.0233  0.0231  0.0229  0.0228  0.0231  0.0229
  0.0227  0.0227  0.0227  0.0227  0.0227  0.0227  0.0227  0.0227  0.0227  0.0227  0.0227  0.0227
  0.0232  0.0232  0.0230  0.0229  0.0227  0.0227  0.0230  0.0237  0.0231  0.0233  0.0228  0.0231
  0.0247  0.0247  0.0240  0.0252  0.0259  0.0235  0.0245  0.0260  0.0240  0.0243  0.0237  0.0240
  0.0272  0.0270  0.0257  0.0291  0.0305  0.0267  0.0270  0.0293  0.0254  0.0259  0.0253  0.0253
   -2.0792   -5.1696   16.1392  -14.8522  -17.1493  -10.2413
   14.5713  -17.1745  -12.5603    7.9011   21.1327   -9.0686
eta,q 0.97732 13.25305

---------------------------------------------------------------------
imgreg_4dfp /opt/freesurfer/average/711-2C_as_mni_average_305 /opt/freesurfer/average/711-2B_as_mni_average_305_mask talsrcimg_g11 none talsrcimg_to_711-2C_as_mni_average_305_t4 2311
---------------------------------------------------------------------

freesurfer imgreg_4dfp.c
/opt/freesurfer/average/711-2C_as_mni_average_305.4dfp.img
       256       256       256         1
  1.000000  1.000000  1.000000
orientation T byte_order littleendian
Reading image: /opt/freesurfer/average/711-2C_as_mni_average_305.4dfp.img
dimensions:      256       256       256
mmppix:       1.0000   -1.0000   -1.0000
center:     128.0000 -129.0000 -129.0000
/opt/freesurfer/average/711-2B_as_mni_average_305_mask.4dfp.img
       256       256       256         1
  1.000000  1.000000  1.000000
orientation T byte_order littleendian
Reading mask: /opt/freesurfer/average/711-2B_as_mni_average_305_mask.4dfp.img (2306576 pixels)
talsrcimg_g11.4dfp.img
       256       256       256         1
  1.000000  1.000000  1.000000
orientation T byte_order littleendian
Reading image: talsrcimg_g11.4dfp.img
dimensions:      256       256       256
mmppix:       1.0000   -1.0000   -1.0000
center:     128.0000 -129.0000 -129.0000
fimgreg.f
image alignment mode   2311 decimal      907 hex
parameters
   -2.0792   -5.1696   16.1392  -14.8522  -17.1493  -10.2413
   14.5713  -17.1745  -12.5603    7.9011   21.1327   -9.0686
eta,q 0.97732 13.25304
niter,ni,del,rscale     5    3    5.0000    0.8000
parameters
   -2.0682   -5.2042   16.2223  -13.9059  -15.7939   -9.3925
   14.5035  -17.4688  -12.5805    7.7798   21.0216   -9.1986
eta,q 0.97787 13.36581
  0.0243  0.0238  0.0236  0.0249  0.0250  0.0236  0.0238  0.0247  0.0234  0.0235  0.0229  0.0230
  0.0234  0.0232  0.0231  0.0240  0.0240  0.0231  0.0229  0.0230  0.0227  0.0226  0.0225  0.0225
  0.0229  0.0228  0.0228  0.0232  0.0232  0.0226  0.0224  0.0222  0.0223  0.0222  0.0222  0.0222
  0.0227  0.0227  0.0227  0.0227  0.0225  0.0222  0.0222  0.0222  0.0221  0.0221  0.0221  0.0221
  0.0228  0.0228  0.0227  0.0225  0.0222  0.0222  0.0224  0.0227  0.0223  0.0224  0.0222  0.0223
  0.0234  0.0232  0.0230  0.0229  0.0225  0.0224  0.0229  0.0237  0.0227  0.0228  0.0225  0.0226
  0.0243  0.0239  0.0234  0.0238  0.0234  0.0230  0.0240  0.0251  0.0233  0.0235  0.0230  0.0230
niter,ni,del,rscale     4    3    5.0000    0.7000
parameters
   -2.2289   -5.4543   16.4115  -13.9660  -15.7464   -9.0232
   14.5573  -17.7175  -12.5277    7.4821   20.8916   -8.8787
eta,q 0.97800 13.38454
  0.0232  0.0228  0.0229  0.0236  0.0237  0.0232  0.0234  0.0240  0.0230  0.0230  0.0226  0.0228
  0.0225  0.0223  0.0225  0.0228  0.0230  0.0227  0.0227  0.0227  0.0224  0.0223  0.0223  0.0224
  0.0222  0.0221  0.0222  0.0223  0.0224  0.0223  0.0222  0.0221  0.0221  0.0220  0.0221  0.0221
  0.0221  0.0221  0.0221  0.0221  0.0221  0.0221  0.0220  0.0220  0.0220  0.0220  0.0220  0.0220
  0.0224  0.0224  0.0221  0.0222  0.0221  0.0221  0.0222  0.0224  0.0221  0.0222  0.0221  0.0220
  0.0230  0.0229  0.0223  0.0228  0.0227  0.0223  0.0226  0.0232  0.0224  0.0226  0.0223  0.0222
  0.0238  0.0236  0.0226  0.0238  0.0238  0.0229  0.0234  0.0244  0.0229  0.0232  0.0227  0.0226
niter,ni,del,rscale     3    3    5.0000    0.6000
parameters
   -2.3178   -5.5111   16.4972  -13.9163  -15.6630   -8.8471
   14.4595  -17.8733  -12.4810    7.3373   20.8243   -8.7131
eta,q 0.97804 13.39530
  0.0229  0.0227  0.0226  0.0232  0.0233  0.0228  0.0229  0.0235  0.0227  0.0227  0.0224  0.0225
  0.0224  0.0223  0.0223  0.0226  0.0227  0.0224  0.0224  0.0225  0.0223  0.0222  0.0222  0.0222
  0.0221  0.0221  0.0221  0.0222  0.0222  0.0221  0.0221  0.0220  0.0220  0.0220  0.0220  0.0220
  0.0220  0.0220  0.0220  0.0220  0.0220  0.0220  0.0220  0.0220  0.0220  0.0220  0.0220  0.0220
  0.0222  0.0221  0.0220  0.0221  0.0220  0.0220  0.0221  0.0223  0.0220  0.0221  0.0220  0.0220
  0.0226  0.0224  0.0222  0.0225  0.0225  0.0222  0.0224  0.0228  0.0223  0.0224  0.0222  0.0222
  0.0232  0.0229  0.0224  0.0232  0.0233  0.0227  0.0230  0.0237  0.0227  0.0228  0.0225  0.0224
niter,ni,del,rscale     2    3    5.0000    0.5000
parameters
   -2.3565   -5.5469   16.5512  -13.8682  -15.5633   -8.7444
   14.3774  -17.9772  -12.4600    7.2466   20.8117   -8.6140
eta,q 0.97806 13.40357
  0.0226  0.0225  0.0224  0.0229  0.0229  0.0225  0.0226  0.0231  0.0225  0.0225  0.0222  0.0223
  0.0223  0.0222  0.0221  0.0224  0.0225  0.0222  0.0222  0.0224  0.0222  0.0221  0.0221  0.0221
  0.0220  0.0220  0.0220  0.0221  0.0221  0.0220  0.0220  0.0220  0.0220  0.0220  0.0220  0.0220
  0.0220  0.0220  0.0220  0.0219  0.0219  0.0219  0.0219  0.0219  0.0219  0.0219  0.0219  0.0219
  0.0221  0.0220  0.0220  0.0220  0.0220  0.0220  0.0220  0.0221  0.0220  0.0220  0.0220  0.0220
  0.0223  0.0222  0.0221  0.0223  0.0223  0.0222  0.0223  0.0225  0.0222  0.0222  0.0221  0.0221
  0.0228  0.0226  0.0223  0.0229  0.0229  0.0225  0.0227  0.0232  0.0224  0.0225  0.0223  0.0223
niter,ni,del,rscale     1    3    5.0000    0.4000
parameters
   -2.3768   -5.5763   16.5762  -13.8346  -15.4679   -8.7089
   14.3285  -18.0546  -12.4475    7.1864   20.8252   -8.5534
eta,q 0.97808 13.40910
  0.0224  0.0223  0.0222  0.0225  0.0226  0.0223  0.0224  0.0226  0.0223  0.0223  0.0221  0.0222
  0.0221  0.0221  0.0221  0.0222  0.0223  0.0221  0.0221  0.0222  0.0221  0.0221  0.0220  0.0220
  0.0220  0.0220  0.0220  0.0220  0.0220  0.0220  0.0220  0.0220  0.0220  0.0219  0.0219  0.0220
  0.0219  0.0219  0.0219  0.0219  0.0219  0.0219  0.0219  0.0219  0.0219  0.0219  0.0219  0.0219
  0.0220  0.0220  0.0220  0.0220  0.0220  0.0220  0.0220  0.0220  0.0220  0.0220  0.0219  0.0219
  0.0222  0.0221  0.0220  0.0222  0.0221  0.0221  0.0221  0.0223  0.0221  0.0221  0.0220  0.0220
  0.0224  0.0223  0.0222  0.0225  0.0225  0.0223  0.0224  0.0227  0.0223  0.0223  0.0221  0.0221
registration optimization eta report
parameter search radius
    0.8000    0.8000    0.8000    2.4000    2.4000    2.4000
    2.4000    2.4000    2.4000    2.4000    2.4000    2.4000
100000*second partial in parameter space
       76.       60.       37.       10.       11.        6.
        8.       13.        6.        6.        4.        4.
  0.0224  0.0223  0.0222  0.0225  0.0226  0.0223  0.0224  0.0226  0.0223  0.0223  0.0221  0.0222
  0.0221  0.0221  0.0221  0.0222  0.0223  0.0221  0.0221  0.0222  0.0221  0.0221  0.0220  0.0220
  0.0220  0.0220  0.0220  0.0220  0.0220  0.0220  0.0220  0.0220  0.0220  0.0219  0.0219  0.0220
  0.0219  0.0219  0.0219  0.0219  0.0219  0.0219  0.0219  0.0219  0.0219  0.0219  0.0219  0.0219
  0.0220  0.0220  0.0220  0.0220  0.0220  0.0220  0.0220  0.0220  0.0220  0.0220  0.0219  0.0219
  0.0222  0.0221  0.0220  0.0222  0.0221  0.0221  0.0221  0.0223  0.0221  0.0221  0.0220  0.0220
  0.0224  0.0223  0.0222  0.0225  0.0225  0.0223  0.0224  0.0227  0.0223  0.0223  0.0221  0.0221
   -2.3768   -5.5763   16.5762  -13.8346  -15.4679   -8.7089
   14.3285  -18.0546  -12.4475    7.1864   20.8252   -8.5534
eta,q 0.97808 13.40910

---------------------------------------------------------------------
imgreg_4dfp /opt/freesurfer/average/711-2C_as_mni_average_305 /opt/freesurfer/average/711-2B_as_mni_average_305_mask talsrcimg_g11 none talsrcimg_to_711-2C_as_mni_average_305_t4 2311
---------------------------------------------------------------------

freesurfer imgreg_4dfp.c
/opt/freesurfer/average/711-2C_as_mni_average_305.4dfp.img
       256       256       256         1
  1.000000  1.000000  1.000000
orientation T byte_order littleendian
Reading image: /opt/freesurfer/average/711-2C_as_mni_average_305.4dfp.img
dimensions:      256       256       256
mmppix:       1.0000   -1.0000   -1.0000
center:     128.0000 -129.0000 -129.0000
/opt/freesurfer/average/711-2B_as_mni_average_305_mask.4dfp.img
       256       256       256         1
  1.000000  1.000000  1.000000
orientation T byte_order littleendian
Reading mask: /opt/freesurfer/average/711-2B_as_mni_average_305_mask.4dfp.img (2306576 pixels)
talsrcimg_g11.4dfp.img
       256       256       256         1
  1.000000  1.000000  1.000000
orientation T byte_order littleendian
Reading image: talsrcimg_g11.4dfp.img
dimensions:      256       256       256
mmppix:       1.0000   -1.0000   -1.0000
center:     128.0000 -129.0000 -129.0000
fimgreg.f
image alignment mode   2311 decimal      907 hex
parameters
   -2.3768   -5.5763   16.5762  -13.8346  -15.4679   -8.7089
   14.3285  -18.0546  -12.4475    7.1864   20.8252   -8.5534
eta,q 0.97808 13.40910
niter,ni,del,rscale     5    3    5.0000    0.8000
parameters
   -2.3955   -5.6037   16.5383  -14.1385  -15.8397   -8.8969
   14.2978  -17.8729  -12.3432    7.2404   20.7061   -8.5739
eta,q 0.97801 13.38188
  0.0238  0.0234  0.0228  0.0238  0.0238  0.0232  0.0236  0.0252  0.0233  0.0235  0.0227  0.0228
  0.0228  0.0226  0.0223  0.0229  0.0229  0.0226  0.0227  0.0233  0.0226  0.0226  0.0223  0.0224
  0.0221  0.0221  0.0220  0.0222  0.0223  0.0221  0.0222  0.0222  0.0221  0.0221  0.0221  0.0221
  0.0219  0.0219  0.0219  0.0219  0.0219  0.0220  0.0220  0.0220  0.0220  0.0220  0.0220  0.0220
  0.0222  0.0221  0.0220  0.0222  0.0222  0.0221  0.0221  0.0223  0.0221  0.0222  0.0221  0.0221
  0.0228  0.0226  0.0224  0.0231  0.0231  0.0226  0.0227  0.0232  0.0225  0.0226  0.0223  0.0224
  0.0239  0.0235  0.0229  0.0246  0.0248  0.0236  0.0237  0.0246  0.0231  0.0233  0.0228  0.0228
niter,ni,del,rscale     4    3    5.0000    0.7000
parameters
   -2.3438   -5.5247   16.5308  -13.9750  -15.7667   -8.8582
   14.2964  -17.8357  -12.3809    7.2853   20.7094   -8.6452
eta,q 0.97803 13.38818
  0.0235  0.0232  0.0227  0.0237  0.0236  0.0230  0.0233  0.0243  0.0229  0.0231  0.0226  0.0226
  0.0227  0.0226  0.0223  0.0229  0.0229  0.0225  0.0226  0.0229  0.0224  0.0224  0.0223  0.0222
  0.0222  0.0222  0.0221  0.0223  0.0223  0.0221  0.0221  0.0221  0.0221  0.0220  0.0221  0.0220
  0.0220  0.0220  0.0220  0.0220  0.0220  0.0220  0.0220  0.0220  0.0220  0.0220  0.0220  0.0220
  0.0221  0.0221  0.0221  0.0221  0.0220  0.0220  0.0221  0.0223  0.0221  0.0221  0.0220  0.0221
  0.0226  0.0224  0.0223  0.0226  0.0226  0.0224  0.0225  0.0230  0.0224  0.0225  0.0222  0.0223
  0.0233  0.0230  0.0227  0.0236  0.0237  0.0231  0.0233  0.0241  0.0229  0.0230  0.0226  0.0226
niter,ni,del,rscale     3    3    5.0000    0.6000
parameters
   -2.3464   -5.5364   16.5502  -13.8822  -15.6574   -8.7942
   14.3301  -17.8901  -12.4103    7.2681   20.7399   -8.6155
eta,q 0.97804 13.39736
  0.0230  0.0228  0.0225  0.0232  0.0233  0.0228  0.0229  0.0236  0.0227  0.0228  0.0224  0.0225
  0.0224  0.0223  0.0222  0.0226  0.0227  0.0224  0.0224  0.0226  0.0223  0.0223  0.0222  0.0222
  0.0221  0.0221  0.0220  0.0222  0.0222  0.0221  0.0221  0.0221  0.0220  0.0220  0.0220  0.0220
  0.0220  0.0220  0.0220  0.0220  0.0220  0.0220  0.0220  0.0220  0.0220  0.0220  0.0220  0.0220
  0.0221  0.0221  0.0220  0.0220  0.0220  0.0220  0.0220  0.0222  0.0220  0.0221  0.0220  0.0220
  0.0224  0.0224  0.0222  0.0225  0.0224  0.0223  0.0224  0.0228  0.0223  0.0223  0.0221  0.0222
  0.0230  0.0228  0.0225  0.0232  0.0233  0.0228  0.0229  0.0236  0.0227  0.0227  0.0224  0.0224
niter,ni,del,rscale     2    3    5.0000    0.5000
parameters
   -2.3650   -5.5593   16.5657  -13.8399  -15.5549   -8.7377
   14.3344  -17.9707  -12.4334    7.2237   20.7696   -8.5724
eta,q 0.97807 13.40458
  0.0227  0.0225  0.0223  0.0229  0.0229  0.0225  0.0226  0.0231  0.0224  0.0225  0.0223  0.0223
  0.0223  0.0222  0.0221  0.0224  0.0225  0.0222  0.0223  0.0224  0.0221  0.0222  0.0221  0.0221
  0.0220  0.0220  0.0220  0.0221  0.0221  0.0220  0.0220  0.0220  0.0220  0.0220  0.0220  0.0220
  0.0220  0.0219  0.0219  0.0219  0.0219  0.0219  0.0219  0.0219  0.0219  0.0219  0.0219  0.0219
  0.0220  0.0220  0.0220  0.0220  0.0220  0.0220  0.0220  0.0221  0.0220  0.0220  0.0220  0.0220
  0.0223  0.0222  0.0221  0.0223  0.0223  0.0222  0.0222  0.0225  0.0222  0.0222  0.0221  0.0221
  0.0227  0.0226  0.0223  0.0229  0.0229  0.0225  0.0226  0.0231  0.0224  0.0225  0.0223  0.0223
niter,ni,del,rscale     1    3    5.0000    0.4000
parameters
   -2.3805   -5.5842   16.5862  -13.8092  -15.4677   -8.7037
   14.3123  -18.0461  -12.4344    7.1739   20.8081   -8.5300
eta,q 0.97807 13.40987
  0.0224  0.0223  0.0222  0.0225  0.0226  0.0223  0.0224  0.0227  0.0223  0.0223  0.0221  0.0222
  0.0221  0.0221  0.0220  0.0222  0.0223  0.0221  0.0221  0.0222  0.0221  0.0221  0.0220  0.0220
  0.0220  0.0220  0.0220  0.0220  0.0220  0.0220  0.0220  0.0220  0.0220  0.0220  0.0220  0.0220
  0.0219  0.0219  0.0219  0.0219  0.0219  0.0219  0.0219  0.0219  0.0219  0.0219  0.0219  0.0219
  0.0220  0.0220  0.0220  0.0220  0.0220  0.0220  0.0220  0.0220  0.0220  0.0220  0.0219  0.0219
  0.0222  0.0221  0.0220  0.0222  0.0222  0.0221  0.0221  0.0223  0.0221  0.0221  0.0220  0.0220
  0.0224  0.0223  0.0222  0.0225  0.0225  0.0223  0.0224  0.0227  0.0223  0.0223  0.0221  0.0221
registration optimization eta report
parameter search radius
    0.8000    0.8000    0.8000    2.4000    2.4000    2.4000
    2.4000    2.4000    2.4000    2.4000    2.4000    2.4000
100000*second partial in parameter space
       76.       60.       37.       10.       11.        6.
        8.       13.        6.        6.        4.        4.
  0.0224  0.0223  0.0222  0.0225  0.0226  0.0223  0.0224  0.0227  0.0223  0.0223  0.0221  0.0222
  0.0221  0.0221  0.0220  0.0222  0.0223  0.0221  0.0221  0.0222  0.0221  0.0221  0.0220  0.0220
  0.0220  0.0220  0.0220  0.0220  0.0220  0.0220  0.0220  0.0220  0.0220  0.0220  0.0220  0.0220
  0.0219  0.0219  0.0219  0.0219  0.0219  0.0219  0.0219  0.0219  0.0219  0.0219  0.0219  0.0219
  0.0220  0.0220  0.0220  0.0220  0.0220  0.0220  0.0220  0.0220  0.0220  0.0220  0.0219  0.0219
  0.0222  0.0221  0.0220  0.0222  0.0222  0.0221  0.0221  0.0223  0.0221  0.0221  0.0220  0.0220
  0.0224  0.0223  0.0222  0.0225  0.0225  0.0223  0.0224  0.0227  0.0223  0.0223  0.0221  0.0221
   -2.3805   -5.5842   16.5862  -13.8092  -15.4677   -8.7037
   14.3123  -18.0461  -12.4344    7.1739   20.8081   -8.5300
eta,q 0.97807 13.40987

---------------------------------------------------------------------
compute_vox2vox talsrcimg talsrcimg_to_711-2C_as_mni_average_305_t4 /opt/freesurfer/average/711-2C_as_mni_average_305
---------------------------------------------------------------------

freesurfer compute_vox2vox.c
Reading: talsrcimg.4dfp.ifh
Reading: talsrcimg_to_711-2C_as_mni_average_305_t4
Reading: /opt/freesurfer/average/711-2C_as_mni_average_305.4dfp.ifh
Writing: talsrcimg_to_711-2C_as_mni_average_305_t4_vox2vox.txt

start time Wed Mar 11 08:52:45 CET 2026
end		time Wed Mar 11 08:54:13 CET 2026

mpr2mni305 success

avi2talxfm orig_nu.mgz /opt/freesurfer/average/mni305.cor.mgz talsrcimg_to_711-2C_as_mni_average_305_t4_vox2vox.txt transforms/talairach.auto.xfm
avi2talxfm done
mv -f /out/sourcedata/freesurfer/sub-v2s15x29750_ses-1/mri/talsrcimg_to_711-2C_as_mni_average_305_t4_vox2vox.txt /out/sourcedata/freesurfer/sub-v2s15x29750_ses-1/mri/transforms/talsrcimg_to_711-2C_as_mni_average_305_t4_vox2vox.txt
lta_convert --src orig_nu.mgz --trg /opt/freesurfer/average/mni305.cor.mgz --inxfm transforms/talairach.auto.xfm --outlta transforms/talairach.auto.xfm.lta --subject fsaverage
7.3.2

--src: orig_nu.mgz src image (geometry).
--trg: /opt/freesurfer/average/mni305.cor.mgz trg image (geometry).
--inmni: transforms/talairach.auto.xfm input MNI/XFM transform.
--outlta: transforms/talairach.auto.xfm.lta output LTA.
--s: fsaverage subject name
 LTA read, type : 1
 1.08238   0.22655  -0.16040  -15.36538;
-0.22999   1.03858   0.14374  -20.29776;
 0.17873  -0.05482   1.14719   19.94421;
 0.00000   0.00000   0.00000   1.00000;
setting subject to fsaverage
Writing  LTA to file transforms/talairach.auto.xfm.lta...
lta_convert successful.
 
 
Started at Wed Mar 11 08:52:44 CET 2026
Ended   at Wed Mar 11 08:54:13 CET 2026
talairach_avi done
