/out/sourcedata/freesurfer/sub-v2s15x29753_ses-1/mri
/opt/freesurfer/bin/talairach_avi
--i orig_nu.mgz --xfm transforms/talairach.auto.xfm
talairach_avi 7.3.2
Linux dna060 5.14.0-427.37.1.el9_4.x86_64 #1 SMP PREEMPT_DYNAMIC Fri Sep 13 12:41:50 EDT 2024 x86_64 x86_64 x86_64 GNU/Linux
Wed Mar 11 09:05:52 CET 2026
mri_convert orig_nu.mgz talsrcimg.img 
reading from orig_nu.mgz...
TR=0.00, TE=0.00, TI=0.00, flip angle=0.00
i_ras = (-1, 0, 0)
j_ras = (0, 0, -1)
k_ras = (0, 1, 0)
writing to talsrcimg.img...
Analyze Output Matrix
-1.00000   0.00000   0.00000   135.44128;
 0.00000   0.00000   1.00000  -121.34672;
 0.00000  -1.00000   0.00000   128.00488;
 0.00000   0.00000   0.00000   1.00000;
--------------------
INFO: set hdr.hist.orient to -1
mpr2mni305 talsrcimg
Wed Mar 11 09:05:53 CET 2026
/opt/freesurfer/bin/mpr2mni305 talsrcimg
mpr2mni305 7.3.2
target=711-2C_as_mni_average_305

---------------------------------------------------------------------
analyzeto4dfp talsrcimg -O0 -y
---------------------------------------------------------------------

freesurfer ifh2hdr.c
Wed Mar 11 09:05:53 2026
Writing: talsrcimg.4dfp.hdr
freesurfer analyzeto4dfp.c
Reading: talsrcimg.hdr
header size 348 bytes
hdr.dime.datatype	offset=70	value=2
hdr.dime.bitpix		offset=72	value=8
hdr.hist.orient		offset=252	value=-1
dimensionality     4
dimensions       256       256       256         1
Reading: talsrcimg.img
Writing: talsrcimg.4dfp.img
Writing: talsrcimg.4dfp.ifh
ifh2hdr talsrcimg -r0to215
ori=2

---------------------------------------------------------------------
gauss_4dfp talsrcimg 1.1
---------------------------------------------------------------------

freesurfer gauss_4dfp.c
Reading: talsrcimg.4dfp.img
Writing: talsrcimg_g11.4dfp.img
image dimensions 256 256 256 padded to 288 288 288
processing volume 1freesurfer ifh2hdr.c
Wed Mar 11 09:05:55 2026
Writing: talsrcimg_g11.4dfp.hdr

Writing: talsrcimg_g11.4dfp.ifh
including: talsrcimg.4dfp.img.rec in talsrcimg_g11.4dfp.img.rec

---------------------------------------------------------------------
imgreg_4dfp /opt/freesurfer/average/711-2C_as_mni_average_305 none talsrcimg_g11 none talsrcimg_to_711-2C_as_mni_average_305_t4 4355
---------------------------------------------------------------------

freesurfer imgreg_4dfp.c
/opt/freesurfer/average/711-2C_as_mni_average_305.4dfp.img
       256       256       256         1
  1.000000  1.000000  1.000000
orientation T byte_order littleendian
Reading image: /opt/freesurfer/average/711-2C_as_mni_average_305.4dfp.img
dimensions:      256       256       256
mmppix:       1.0000   -1.0000   -1.0000
center:     128.0000 -129.0000 -129.0000
talsrcimg_g11.4dfp.img
       256       256       256         1
  1.000000  1.000000  1.000000
orientation T byte_order littleendian
Reading image: talsrcimg_g11.4dfp.img
dimensions:      256       256       256
mmppix:       1.0000   -1.0000   -1.0000
center:     128.0000 -129.0000 -129.0000
t4_read: open error in t4_sub.f l:  41 t4_file(1:l)talsrcimg_to_711-2C_as_mni_average_305_t4 
t4_read: transform initialized to I4
rotation matrix determinant  1.000000
image alignment mode   4355 decimal     1103 hex
   -7.5000  -45.0000  -45.0000 7736.7749   23.2568
    0.0000  -45.0000  -45.0000 7998.6465   23.1921
    7.5000  -45.0000  -45.0000 7621.7598   23.1483
   -7.5000  -37.5000  -45.0000 8225.3301   23.1999
    0.0000  -37.5000  -45.0000 8495.8682   23.1495
    7.5000  -37.5000  -45.0000 8086.0859   23.1193
   -7.5000  -30.0000  -45.0000 8923.9424   23.2034
    0.0000  -30.0000  -45.0000 9222.5762   23.1566
    7.5000  -30.0000  -45.0000 8775.8037   23.1364
   -7.5000  -22.5000  -45.0000 9558.6846   23.2176
    0.0000  -22.5000  -45.0000 9850.8857   23.1583
    7.5000  -22.5000  -45.0000 9392.4463   23.1331
   -7.5000  -15.0000  -45.000010152.8545   23.2089
    0.0000  -15.0000  -45.000010436.0723   23.1371
    7.5000  -15.0000  -45.0000 9961.8066   23.1004
   -7.5000   -7.5000  -45.000010743.2617   23.1764
    0.0000   -7.5000  -45.000011058.0205   23.1031
    7.5000   -7.5000  -45.000010536.8447   23.0574
   -7.5000    0.0000  -45.000011216.5000   23.1539
    0.0000    0.0000  -45.000011627.3008   23.0895
    7.5000    0.0000  -45.000011038.9814   23.0455
   -7.5000    7.5000  -45.000010762.0430   23.1687
    0.0000    7.5000  -45.000011160.1055   23.1182
    7.5000    7.5000  -45.000010598.6445   23.0878
   -7.5000   15.0000  -45.000010136.0811   23.2000
    0.0000   15.0000  -45.000010460.6855   23.1528
    7.5000   15.0000  -45.0000 9981.4395   23.1326
   -7.5000   22.5000  -45.0000 9382.1162   23.2144
    0.0000   22.5000  -45.0000 9606.0029   23.1551
    7.5000   22.5000  -45.0000 9176.3408   23.1299
   -7.5000   30.0000  -45.0000 8532.6172   22.8996
    0.0000   30.0000  -45.0000 8737.7666   22.8288
    7.5000   30.0000  -45.0000 8346.4873   22.7926
   -7.5000   37.5000  -45.0000 8042.0537   22.8692
    0.0000   37.5000  -45.0000 8231.7949   22.7970
    7.5000   37.5000  -45.0000 7858.9697   22.7519
   -7.5000   45.0000  -45.0000 7377.1089   22.2879
    0.0000   45.0000  -45.0000 7523.6313   22.2258
    7.5000   45.0000  -45.0000 7190.9639   22.1829
   -7.5000  -45.0000  -37.5000 8218.8330   23.0900
    0.0000  -45.0000  -37.5000 8499.7002   23.0434
    7.5000  -45.0000  -37.5000 8099.5962   23.0079
   -7.5000  -37.5000  -37.5000 8689.4756   23.0162
    0.0000  -37.5000  -37.5000 8990.5811   22.9795
    7.5000  -37.5000  -37.5000 8589.1748   22.9568
   -7.5000  -30.0000  -37.5000 9450.5869   23.0126
    0.0000  -30.0000  -37.5000 9761.4268   22.9770
    7.5000  -30.0000  -37.5000 9326.0947   22.9575
   -7.5000  -22.5000  -37.500010130.2041   23.0400
    0.0000  -22.5000  -37.500010444.0957   22.9940
    7.5000  -22.5000  -37.5000 9951.0703   22.9636
   -7.5000  -15.0000  -37.500010779.6240   23.0501
    0.0000  -15.0000  -37.500011102.0557   22.9952
    7.5000  -15.0000  -37.500010552.1211   22.9527
   -7.5000   -7.5000  -37.500011370.4395   23.0224
    0.0000   -7.5000  -37.500011728.4990   22.9679
    7.5000   -7.5000  -37.500011149.0527   22.9236
   -7.5000    0.0000  -37.500011830.9434   22.9887
    0.0000    0.0000  -37.500012238.5605   22.9422
    7.5000    0.0000  -37.500011620.3398   22.9064
   -7.5000    7.5000  -37.500011360.7881   22.9855
    0.0000    7.5000  -37.500011731.0508   22.9488
    7.5000    7.5000  -37.500011153.7891   22.9259
   -7.5000   15.0000  -37.500010730.8135   23.0093
    0.0000   15.0000  -37.500011072.0898   22.9734
    7.5000   15.0000  -37.500010515.3271   22.9538
   -7.5000   22.5000  -37.5000 9954.6406   23.0369
    0.0000   22.5000  -37.500010216.5635   22.9909
    7.5000   22.5000  -37.5000 9704.0186   22.9604
   -7.5000   30.0000  -37.5000 9023.9277   22.7430
    0.0000   30.0000  -37.5000 9240.7412   22.6888
    7.5000   30.0000  -37.5000 8804.3760   22.6469
   -7.5000   37.5000  -37.5000 8478.4258   22.7173
    0.0000   37.5000  -37.5000 8671.1729   22.6636
    7.5000   37.5000  -37.5000 8248.7900   22.6200
   -7.5000   45.0000  -37.5000 7703.0835   22.1290
    0.0000   45.0000  -37.5000 7869.5337   22.0841
    7.5000   45.0000  -37.5000 7539.3047   22.0494
   -7.5000  -45.0000  -30.0000 8866.6016   24.0939
    0.0000  -45.0000  -30.0000 9172.6357   24.0688
    7.5000  -45.0000  -30.0000 8763.0957   24.0366
   -7.5000  -37.5000  -30.0000 9384.3037   24.0005
    0.0000  -37.5000  -30.0000 9681.1006   23.9764
    7.5000  -37.5000  -30.0000 9258.6387   23.9535
   -7.5000  -30.0000  -30.000010205.6484   23.9866
    0.0000  -30.0000  -30.000010495.8203   23.9591
    7.5000  -30.0000  -30.000010022.2959   23.9325
   -7.5000  -22.5000  -30.000010948.3018   24.0229
    0.0000  -22.5000  -30.000011262.4434   23.9913
    7.5000  -22.5000  -30.000010733.9453   23.9490
   -7.5000  -15.0000  -30.000011668.9014   24.0487
    0.0000  -15.0000  -30.000012005.5244   24.0177
    7.5000  -15.0000  -30.000011409.8984   23.9649
   -7.5000   -7.5000  -30.000012271.2158   24.0277
    0.0000   -7.5000  -30.000012649.1123   23.9998
    7.5000   -7.5000  -30.000012041.0430   23.9532
   -7.5000    0.0000  -30.000012755.5400   23.9872
    0.0000    0.0000  -30.000013172.0107   23.9621
    7.5000    0.0000  -30.000012516.5947   23.9297
   -7.5000    7.5000  -30.000012248.6201   23.9682
    0.0000    7.5000  -30.000012622.9141   23.9440
    7.5000    7.5000  -30.000011972.3232   23.9209
   -7.5000   15.0000  -30.000011545.0869   23.9831
    0.0000   15.0000  -30.000011906.7539   23.9554
    7.5000   15.0000  -30.000011270.1279   23.9286
   -7.5000   22.5000  -30.000010687.9912   24.0172
    0.0000   22.5000  -30.000011012.4229   23.9856
    7.5000   22.5000  -30.000010429.2559   23.9433
   -7.5000   30.0000  -30.0000 9678.6670   23.7305
    0.0000   30.0000  -30.0000 9963.0205   23.6999
    7.5000   30.0000  -30.0000 9489.1377   23.6478
   -7.5000   37.5000  -30.0000 9080.3545   23.7115
    0.0000   37.5000  -30.0000 9366.2119   23.6840
    7.5000   37.5000  -30.0000 8887.0625   23.6381
   -7.5000   45.0000  -30.0000 8190.0312   23.1068
    0.0000   45.0000  -30.0000 8441.0342   23.0827
    7.5000   45.0000  -30.0000 8081.1450   23.0511
   -7.5000  -45.0000  -22.5000 9611.4326   24.9557
    0.0000  -45.0000  -22.5000 9883.1797   24.9385
    7.5000  -45.0000  -22.5000 9442.9229   24.9015
   -7.5000  -37.5000  -22.500010173.7510   24.8621
    0.0000  -37.5000  -22.500010442.1279   24.8401
    7.5000  -37.5000  -22.5000 9957.1025   24.8105
   -7.5000  -30.0000  -22.500011018.8867   24.8464
    0.0000  -30.0000  -22.500011295.5322   24.8191
    7.5000  -30.0000  -22.500010785.2109   24.7867
   -7.5000  -22.5000  -22.500011795.7197   24.8791
    0.0000  -22.5000  -22.500012137.7344   24.8521
    7.5000  -22.5000  -22.500011564.0449   24.8064
   -7.5000  -15.0000  -22.500012604.8955   24.9014
    0.0000  -15.0000  -22.500012954.2793   24.8811
    7.5000  -15.0000  -22.500012294.5410   24.8265
   -7.5000   -7.5000  -22.500013305.9814   24.8811
    0.0000   -7.5000  -22.500013680.3486   24.8647
    7.5000   -7.5000  -22.500012961.2666   24.8162
   -7.5000    0.0000  -22.500013800.6875   24.8442
    0.0000    0.0000  -22.500014168.0469   24.8269
    7.5000    0.0000  -22.500013432.9258   24.7898
   -7.5000    7.5000  -22.500013196.1055   24.8281
    0.0000    7.5000  -22.500013551.2451   24.8061
    7.5000    7.5000  -22.500012811.9619   24.7763
   -7.5000   15.0000  -22.500012408.2549   24.8428
    0.0000   15.0000  -22.500012776.2842   24.8151
    7.5000   15.0000  -22.500012070.1719   24.7826
   -7.5000   22.5000  -22.500011503.2314   24.8714
    0.0000   22.5000  -22.500011863.0947   24.8445
    7.5000   22.5000  -22.500011218.7588   24.7988
   -7.5000   30.0000  -22.500010403.3896   24.5757
    0.0000   30.0000  -22.500010742.4102   24.5556
    7.5000   30.0000  -22.500010214.8018   24.5017
   -7.5000   37.5000  -22.5000 9727.5078   24.5572
    0.0000   37.5000  -22.500010066.6865   24.5412
    7.5000   37.5000  -22.5000 9563.1855   24.4933
   -7.5000   45.0000  -22.5000 8752.9531   23.9494
    0.0000   45.0000  -22.5000 9064.0352   23.9329
    7.5000   45.0000  -22.5000 8649.6182   23.8968
   -7.5000  -45.0000  -15.000010348.8682   25.5367
    0.0000  -45.0000  -15.000010631.9014   25.5050
    7.5000  -45.0000  -15.000010092.2461   25.4580
   -7.5000  -37.5000  -15.000010951.1611   25.4572
    0.0000  -37.5000  -15.000011247.8027   25.4248
    7.5000  -37.5000  -15.000010652.1670   25.3874
   -7.5000  -30.0000  -15.000011824.3896   25.4484
    0.0000  -30.0000  -15.000012147.5996   25.4129
    7.5000  -30.0000  -15.000011549.6016   25.3811
   -7.5000  -22.5000  -15.000012679.0576   25.4705
    0.0000  -22.5000  -15.000013043.7197   25.4335
    7.5000  -22.5000  -15.000012413.1182   25.3944
   -7.5000  -15.0000  -15.000013530.1729   25.4766
    0.0000  -15.0000  -15.000013897.2988   25.4422
    7.5000  -15.0000  -15.000013165.8564   25.3937
   -7.5000   -7.5000  -15.000014297.2988   25.4506
    0.0000   -7.5000  -15.000014680.9092   25.4186
    7.5000   -7.5000  -15.000013853.0508   25.3677
   -7.5000    0.0000  -15.000014810.5107   25.4225
    0.0000    0.0000  -15.000015212.2773   25.3910
    7.5000    0.0000  -15.000014360.2979   25.3438
   -7.5000    7.5000  -15.000014186.6621   25.4224
    0.0000    7.5000  -15.000014548.1123   25.3899
    7.5000    7.5000  -15.000013760.7246   25.3524
   -7.5000   15.0000  -15.000013304.5195   25.4447
    0.0000   15.0000  -15.000013690.1865   25.4088
    7.5000   15.0000  -15.000012936.7480   25.3769
   -7.5000   22.5000  -15.000012306.4326   25.4614
    0.0000   22.5000  -15.000012719.0742   25.4245
    7.5000   22.5000  -15.000012015.6025   25.3854
   -7.5000   30.0000  -15.000011141.5762   25.1468
    0.0000   30.0000  -15.000011523.8701   25.1129
    7.5000   30.0000  -15.000010907.7559   25.0651
   -7.5000   37.5000  -15.000010419.7803   25.1227
    0.0000   37.5000  -15.000010794.3008   25.0912
    7.5000   37.5000  -15.000010218.8652   25.0410
   -7.5000   45.0000  -15.0000 9357.7246   24.5211
    0.0000   45.0000  -15.0000 9678.0684   24.4909
    7.5000   45.0000  -15.0000 9234.7705   24.4450
   -7.5000  -45.0000   -7.500011122.3428   25.7752
    0.0000  -45.0000   -7.500011434.4053   25.7164
    7.5000  -45.0000   -7.500010823.1182   25.6634
   -7.5000  -37.5000   -7.500011783.5430   25.7115
    0.0000  -37.5000   -7.500012122.6777   25.6620
    7.5000  -37.5000   -7.500011428.6816   25.6223
   -7.5000  -30.0000   -7.500012722.3193   25.7128
    0.0000  -30.0000   -7.500013090.3447   25.6653
    7.5000  -30.0000   -7.500012392.8594   25.6375
   -7.5000  -22.5000   -7.500013595.6494   25.7271
    0.0000  -22.5000   -7.500013984.9150   25.6710
    7.5000  -22.5000   -7.500013263.4209   25.6399
   -7.5000  -15.0000   -7.500014457.5342   25.7175
    0.0000  -15.0000   -7.500014846.5439   25.6541
    7.5000  -15.0000   -7.500014029.5703   25.6117
   -7.5000   -7.5000   -7.500015307.7891   25.6837
    0.0000   -7.5000   -7.500015765.0293   25.6194
    7.5000   -7.5000   -7.500014800.8223   25.5672
   -7.5000    0.0000   -7.500015917.1895   25.6611
    0.0000    0.0000   -7.500016382.9551   25.6026
    7.5000    0.0000   -7.500015391.7861   25.5494
   -7.5000    7.5000   -7.500015247.8389   25.6767
    0.0000    7.5000   -7.500015697.9033   25.6272
    7.5000    7.5000   -7.500014782.5918   25.5873
   -7.5000   15.0000   -7.500014302.5957   25.7090
    0.0000   15.0000   -7.500014738.5859   25.6612
    7.5000   15.0000   -7.500013858.9629   25.6333
   -7.5000   22.5000   -7.500013185.8848   25.7153
    0.0000   22.5000   -7.500013658.0830   25.6592
    7.5000   22.5000   -7.500012839.0537   25.6281
   -7.5000   30.0000   -7.500011961.9385   25.3840
    0.0000   30.0000   -7.500012409.5039   25.3214
    7.5000   30.0000   -7.500011673.3389   25.2796
   -7.5000   37.5000   -7.500011190.1035   25.3522
    0.0000   37.5000   -7.500011596.7920   25.2889
    7.5000   37.5000   -7.500010942.9902   25.2374
   -7.5000   45.0000   -7.500010042.3838   24.7565
    0.0000   45.0000   -7.500010377.6797   24.7000
    7.5000   45.0000   -7.5000 9867.2549   24.6483
   -7.5000  -45.0000    0.000011764.0938   25.7840
    0.0000  -45.0000    0.000012090.7285   25.7139
    7.5000  -45.0000    0.000011420.7695   25.6646
   -7.5000  -37.5000    0.000012543.0107   25.7214
    0.0000  -37.5000    0.000012914.1201   25.6670
    7.5000  -37.5000    0.000012160.8389   25.6331
   -7.5000  -30.0000    0.000013612.8252   25.7272
    0.0000  -30.0000    0.000014023.4307   25.6768
    7.5000  -30.0000    0.000013228.5771   25.6542
   -7.5000  -22.5000    0.000014472.9375   25.7450
    0.0000  -22.5000    0.000014972.4482   25.6809
    7.5000  -22.5000    0.000014141.8555   25.6528
   -7.5000  -15.0000    0.000015314.8672   25.7357
    0.0000  -15.0000    0.000015888.1152   25.6578
    7.5000  -15.0000    0.000014976.9365   25.6167
   -7.5000   -7.5000    0.000016222.0352   25.6978
    0.0000   -7.5000    0.000016830.1191   25.6183
    7.5000   -7.5000    0.000015797.9697   25.5670
   -7.5000    0.0000    0.000016885.9941   25.6709
    0.0000    0.0000    0.000017511.0059   25.6012
    7.5000    0.0000    0.000016396.0664   25.5517
   -7.5000    7.5000    0.000016141.3887   25.6871
    0.0000    7.5000    0.000016784.9902   25.6326
    7.5000    7.5000    0.000015693.8750   25.5985
   -7.5000   15.0000    0.000015175.7891   25.7235
    0.0000   15.0000    0.000015766.9102   25.6727
    7.5000   15.0000    0.000014709.3311   25.6500
   -7.5000   22.5000    0.000013999.4766   25.7332
    0.0000   22.5000    0.000014575.0625   25.6691
    7.5000   22.5000    0.000013594.6074   25.6410
   -7.5000   30.0000    0.000012744.1328   25.4026
    0.0000   30.0000    0.000013256.8994   25.3258
    7.5000   30.0000    0.000012371.0264   25.2852
   -7.5000   37.5000    0.000011883.2305   25.3670
    0.0000   37.5000    0.000012365.4805   25.2887
    7.5000   37.5000    0.000011565.9580   25.2381
   -7.5000   45.0000    0.000010651.7549   24.7688
    0.0000   45.0000    0.000011055.4971   24.7012
    7.5000   45.0000    0.000010399.6143   24.6531
   -7.5000  -45.0000    7.500011499.5098   25.8106
    0.0000  -45.0000    7.500011877.1719   25.7584
    7.5000  -45.0000    7.500011146.8760   25.7185
   -7.5000  -37.5000    7.500012362.6621   25.7285
    0.0000  -37.5000    7.500012833.4062   25.6874
    7.5000  -37.5000    7.500011955.9434   25.6617
   -7.5000  -30.0000    7.500013556.5996   25.7253
    0.0000  -30.0000    7.500014206.0508   25.6853
    7.5000  -30.0000    7.500013142.4717   25.6631
   -7.5000  -22.5000    7.500014328.1406   25.7563
    0.0000  -22.5000    7.500014983.3086   25.7047
    7.5000  -22.5000    7.500014050.3584   25.6702
   -7.5000  -15.0000    7.500014954.3555   25.7673
    0.0000  -15.0000    7.500015570.2422   25.7058
    7.5000  -15.0000    7.500014772.5293   25.6579
   -7.5000   -7.5000    7.500015863.4912   25.7355
    0.0000   -7.5000    7.500016501.1777   25.6746
    7.5000   -7.5000    7.500015544.4365   25.6247
   -7.5000    0.0000    7.500016543.2383   25.6974
    0.0000    0.0000    7.500017278.9141   25.6454
    7.5000    0.0000    7.500016141.2705   25.6051
   -7.5000    7.5000    7.500015854.1592   25.6943
    0.0000    7.5000    7.500016601.2754   25.6531
    7.5000    7.5000    7.500015410.2969   25.6271
   -7.5000   15.0000    7.500014947.5254   25.7215
    0.0000   15.0000    7.500015607.1143   25.6813
    7.5000   15.0000    7.500014407.2383   25.6589
   -7.5000   22.5000    7.500013813.4863   25.7445
    0.0000   22.5000    7.500014391.3018   25.6929
    7.5000   22.5000    7.500013287.2988   25.6584
   -7.5000   30.0000    7.500012569.7734   25.4338
    0.0000   30.0000    7.500013098.4609   25.3731
    7.5000   30.0000    7.500012088.6611   25.3258
   -7.5000   37.5000    7.500011691.6182   25.4043
    0.0000   37.5000    7.500012182.7148   25.3443
    7.5000   37.5000    7.500011323.5234   25.2951
   -7.5000   45.0000    7.500010471.8789   24.7947
    0.0000   45.0000    7.500010879.0273   24.7443
    7.5000   45.0000    7.500010169.7070   24.7051
   -7.5000  -45.0000   15.000011041.3145   25.8728
    0.0000  -45.0000   15.000011449.5518   25.8460
    7.5000  -45.0000   15.000010787.8682   25.8114
   -7.5000  -37.5000   15.000011827.0625   25.7726
    0.0000  -37.5000   15.000012370.8604   25.7467
    7.5000  -37.5000   15.000011504.7812   25.7221
   -7.5000  -30.0000   15.000013059.7002   25.7576
    0.0000  -30.0000   15.000013709.1191   25.7281
    7.5000  -30.0000   15.000012560.9365   25.6995
   -7.5000  -22.5000   15.000013788.6191   25.7967
    0.0000  -22.5000   15.000014399.0781   25.7628
    7.5000  -22.5000   15.000013454.2412   25.7173
   -7.5000  -15.0000   15.000014301.3545   25.8244
    0.0000  -15.0000   15.000014945.3330   25.7910
    7.5000  -15.0000   15.000014169.6670   25.7343
   -7.5000   -7.5000   15.000015253.8418   25.8018
    0.0000   -7.5000   15.000015893.4746   25.7718
    7.5000   -7.5000   15.000014972.8613   25.7217
   -7.5000    0.0000   15.000016044.3271   25.7583
    0.0000    0.0000   15.000016664.3418   25.7313
    7.5000    0.0000   15.000015561.2656   25.6965
   -7.5000    7.5000   15.000015473.3223   25.7379
    0.0000    7.5000   15.000015987.3975   25.7119
    7.5000    7.5000   15.000014849.9590   25.6871
   -7.5000   15.0000   15.000014619.3770   25.7539
    0.0000   15.0000   15.000014995.0195   25.7241
    7.5000   15.0000   15.000013868.4326   25.6953
   -7.5000   22.5000   15.000013483.4668   25.7848
    0.0000   22.5000   15.000013824.0723   25.7509
    7.5000   22.5000   15.000012785.9092   25.7055
   -7.5000   30.0000   15.000012202.7480   25.4902
    0.0000   30.0000   15.000012568.5576   25.4573
    7.5000   30.0000   15.000011635.3232   25.4013
   -7.5000   37.5000   15.000011299.5518   25.4697
    0.0000   37.5000   15.000011730.2207   25.4402
    7.5000   37.5000   15.000010894.0381   25.3909
   -7.5000   45.0000   15.000010088.4941   24.8531
    0.0000   45.0000   15.000010499.4922   24.8271
    7.5000   45.0000   15.0000 9772.0908   24.7932
   -7.5000  -45.0000   22.500010375.1826   25.9199
    0.0000  -45.0000   22.500010896.7725   25.9019
    7.5000  -45.0000   22.500010250.1182   25.8634
   -7.5000  -37.5000   22.500011061.0049   25.8226
    0.0000  -37.5000   22.500011694.1689   25.7997
    7.5000  -37.5000   22.500010903.4199   25.7688
   -7.5000  -30.0000   22.500012181.6934   25.8063
    0.0000  -30.0000   22.500012738.7822   25.7778
    7.5000  -30.0000   22.500011819.0908   25.7441
   -7.5000  -22.5000   22.500013206.1260   25.8403
    0.0000  -22.5000   22.500013546.4502   25.8122
    7.5000  -22.5000   22.500012677.8232   25.7647
   -7.5000  -15.0000   22.500014170.7705   25.8635
    0.0000  -15.0000   22.500014387.9756   25.8423
    7.5000  -15.0000   22.500013539.7695   25.7855
   -7.5000   -7.5000   22.500015136.1738   25.8424
    0.0000   -7.5000   22.500015353.6357   25.8253
    7.5000   -7.5000   22.500014386.0986   25.7748
   -7.5000    0.0000   22.500015750.9082   25.8040
    0.0000    0.0000   22.500015965.4248   25.7859
    7.5000    0.0000   22.500014931.2686   25.7473
   -7.5000    7.5000   22.500014980.9941   25.7873
    0.0000    7.5000   22.500015197.7725   25.7643
    7.5000    7.5000   22.500014150.7100   25.7333
   -7.5000   15.0000   22.500013981.6045   25.8025
    0.0000   15.0000   22.500014242.6104   25.7737
    7.5000   15.0000   22.500013180.4814   25.7399
   -7.5000   22.5000   22.500012838.0879   25.8284
    0.0000   22.5000   22.500013161.7949   25.8003
    7.5000   22.5000   22.500012180.7217   25.7528
   -7.5000   30.0000   22.500011600.2217   25.5288
    0.0000   30.0000   22.500011930.6182   25.5078
    7.5000   30.0000   22.500011081.8232   25.4518
   -7.5000   37.5000   22.500010770.1055   25.5095
    0.0000   37.5000   22.500011151.1787   25.4928
    7.5000   37.5000   22.500010388.8760   25.4430
   -7.5000   45.0000   22.5000 9631.0801   24.8962
    0.0000   45.0000   22.5000 9976.1611   24.8790
    7.5000   45.0000   22.5000 9326.5020   24.8414
   -7.5000  -45.0000   30.0000 9667.2354   26.0537
    0.0000  -45.0000   30.000010123.4629   26.0213
    7.5000  -45.0000   30.0000 9568.4268   25.9731
   -7.5000  -37.5000   30.000010341.8105   25.9722
    0.0000  -37.5000   30.000010795.3516   25.9390
    7.5000  -37.5000   30.000010180.9375   25.9008
   -7.5000  -30.0000   30.000011444.9082   25.9633
    0.0000  -30.0000   30.000011725.6396   25.9269
    7.5000  -30.0000   30.000011054.7148   25.8944
   -7.5000  -22.5000   30.000012435.9453   25.9859
    0.0000  -22.5000   30.000012547.6738   25.9479
    7.5000  -22.5000   30.000011861.8906   25.9079
   -7.5000  -15.0000   30.000013362.9229   25.9921
    0.0000  -15.0000   30.000013408.5312   25.9567
    7.5000  -15.0000   30.000012657.0830   25.9070
   -7.5000   -7.5000   30.000014283.0059   25.9654
    0.0000   -7.5000   30.000014355.3789   25.9325
    7.5000   -7.5000   30.000013454.3467   25.8803
   -7.5000    0.0000   30.000014857.9922   25.9365
    0.0000    0.0000   30.000014972.2676   25.9042
    7.5000    0.0000   30.000013979.5215   25.8559
   -7.5000    7.5000   30.000014078.8779   25.9365
    0.0000    7.5000   30.000014246.6016   25.9032
    7.5000    7.5000   30.000013281.2139   25.8649
   -7.5000   15.0000   30.000013100.7627   25.9594
    0.0000   15.0000   30.000013315.3252   25.9227
    7.5000   15.0000   30.000012366.6172   25.8901
   -7.5000   22.5000   30.000012001.0742   25.9739
    0.0000   22.5000   30.000012286.3682   25.9360
    7.5000   22.5000   30.000011404.6240   25.8959
   -7.5000   30.0000   30.000010812.5352   25.6557
    0.0000   30.0000   30.000011121.0635   25.6208
    7.5000   30.0000   30.000010351.6553   25.5717
   -7.5000   37.5000   30.000010043.8818   25.6308
    0.0000   37.5000   30.000010397.7109   25.5985
    7.5000   37.5000   30.0000 9719.9863   25.5470
   -7.5000   45.0000   30.0000 8984.3838   25.0237
    0.0000   45.0000   30.0000 9313.6709   24.9926
    7.5000   45.0000   30.0000 8742.5908   24.9457
   -7.5000  -45.0000   37.5000 9380.5537   26.2206
    0.0000  -45.0000   37.5000 9762.1270   26.1597
    7.5000  -45.0000   37.5000 9250.2129   26.1050
   -7.5000  -37.5000   37.500010005.4961   26.1547
    0.0000  -37.5000   37.500010388.0918   26.1036
    7.5000  -37.5000   37.5000 9826.5029   26.0626
   -7.5000  -30.0000   37.500010960.2412   26.1562
    0.0000  -30.0000   37.500011243.5850   26.1072
    7.5000  -30.0000   37.500010664.7930   26.0784
   -7.5000  -22.5000   37.500011765.2051   26.1712
    0.0000  -22.5000   37.500011999.5654   26.1131
    7.5000  -22.5000   37.500011376.8262   26.0807
   -7.5000  -15.0000   37.500012557.6416   26.1613
    0.0000  -15.0000   37.500012780.4844   26.0956
    7.5000  -15.0000   37.500012095.9307   26.0516
   -7.5000   -7.5000   37.500013313.9043   26.1262
    0.0000   -7.5000   37.500013604.2930   26.0597
    7.5000   -7.5000   37.500012826.6162   26.0056
   -7.5000    0.0000   37.500013893.5322   26.1027
    0.0000    0.0000   37.500014228.1768   26.0423
    7.5000    0.0000   37.500013359.3809   25.9873
   -7.5000    7.5000   37.500013243.5791   26.1188
    0.0000    7.5000   37.500013625.7080   26.0677
    7.5000    7.5000   37.500012747.1494   26.0265
   -7.5000   15.0000   37.500012407.1592   26.1523
    0.0000   15.0000   37.500012781.2930   26.1029
    7.5000   15.0000   37.500011921.7725   26.0740
   -7.5000   22.5000   37.500011446.7383   26.1591
    0.0000   22.5000   37.500011769.0605   26.1011
    7.5000   22.5000   37.500010986.4619   26.0687
   -7.5000   30.0000   37.500010326.9492   25.8227
    0.0000   30.0000   37.500010631.4531   25.7578
    7.5000   30.0000   37.5000 9956.4277   25.7144
   -7.5000   37.5000   37.5000 9627.3848   25.7897
    0.0000   37.5000   37.5000 9973.3555   25.7242
    7.5000   37.5000   37.5000 9358.8379   25.6708
   -7.5000   45.0000   37.5000 8632.2383   25.1845
    0.0000   45.0000   37.5000 8957.1357   25.1261
    7.5000   45.0000   37.5000 8413.3135   25.0726
   -7.5000  -45.0000   45.0000 8641.1514   26.5935
    0.0000  -45.0000   45.0000 8972.6777   26.5174
    7.5000  -45.0000   45.0000 8547.9307   26.4659
   -7.5000  -37.5000   45.0000 9151.7344   26.5271
    0.0000  -37.5000   45.0000 9497.6016   26.4678
    7.5000  -37.5000   45.0000 9069.1885   26.4324
   -7.5000  -30.0000   45.0000 9963.0254   26.5339
    0.0000  -30.0000   45.000010251.0400   26.4790
    7.5000  -30.0000   45.0000 9830.4492   26.4556
   -7.5000  -22.5000   45.000010668.5293   26.5528
    0.0000  -22.5000   45.000010957.0342   26.4836
    7.5000  -22.5000   45.000010511.1338   26.4545
   -7.5000  -15.0000   45.000011351.8828   26.5422
    0.0000  -15.0000   45.000011631.3467   26.4584
    7.5000  -15.0000   45.000011147.6523   26.4157
   -7.5000   -7.5000   45.000012007.0322   26.5012
    0.0000   -7.5000   45.000012308.4365   26.4154
    7.5000   -7.5000   45.000011781.9932   26.3618
   -7.5000    0.0000   45.000012528.3564   26.4724
    0.0000    0.0000   45.000012864.1221   26.3968
    7.5000    0.0000   45.000012262.5693   26.3450
   -7.5000    7.5000   45.000011999.8672   26.4904
    0.0000    7.5000   45.000012412.9053   26.4310
    7.5000    7.5000   45.000011756.1396   26.3953
   -7.5000   15.0000   45.000011284.1680   26.5299
    0.0000   15.0000   45.000011667.4023   26.4747
    7.5000   15.0000   45.000011016.8779   26.4511
   -7.5000   22.5000   45.000010429.5332   26.5405
    0.0000   22.5000   45.000010772.2676   26.4713
    7.5000   22.5000   45.000010132.6201   26.4423
   -7.5000   30.0000   45.0000 9453.2158   26.1964
    0.0000   30.0000   45.0000 9763.8604   26.1137
    7.5000   30.0000   45.0000 9174.2012   26.0716
   -7.5000   37.5000   45.0000 8833.5645   26.1566
    0.0000   37.5000   45.0000 9147.7979   26.0720
    7.5000   37.5000   45.0000 8633.0996   26.0191
   -7.5000   45.0000   45.0000 7889.6709   25.5472
    0.0000   45.0000   45.0000 8196.6523   25.4740
    7.5000   45.0000   45.0000 7749.3828   25.4235

---------------------------------------------------------------------
imgreg_4dfp /opt/freesurfer/average/711-2C_as_mni_average_305 /opt/freesurfer/average/711-2B_as_mni_average_305_mask talsrcimg_g11 none talsrcimg_to_711-2C_as_mni_average_305_t4 4355
---------------------------------------------------------------------

freesurfer imgreg_4dfp.c
/opt/freesurfer/average/711-2C_as_mni_average_305.4dfp.img
       256       256       256         1
  1.000000  1.000000  1.000000
orientation T byte_order littleendian
Reading image: /opt/freesurfer/average/711-2C_as_mni_average_305.4dfp.img
dimensions:      256       256       256
mmppix:       1.0000   -1.0000   -1.0000
center:     128.0000 -129.0000 -129.0000
/opt/freesurfer/average/711-2B_as_mni_average_305_mask.4dfp.img
       256       256       256         1
  1.000000  1.000000  1.000000
orientation T byte_order littleendian
Reading mask: /opt/freesurfer/average/711-2B_as_mni_average_305_mask.4dfp.img (2306576 pixels)
talsrcimg_g11.4dfp.img
       256       256       256         1
  1.000000  1.000000  1.000000
orientation T byte_order littleendian
Reading image: talsrcimg_g11.4dfp.img
dimensions:      256       256       256
mmppix:       1.0000   -1.0000   -1.0000
center:     128.0000 -129.0000 -129.0000
rotation matrix determinant  1.000000
image alignment mode   4355 decimal     1103 hex
   -7.5000  -45.0000  -45.0000 2083.2917   28.6512
    0.0000  -45.0000  -45.0000 2083.8069   28.6179
    7.5000  -45.0000  -45.0000 2073.9229   29.0157
   -7.5000  -37.5000  -45.0000 2146.3362   26.8835
    0.0000  -37.5000  -45.0000 2139.1797   26.8952
    7.5000  -37.5000  -45.0000 2120.2932   27.2881
   -7.5000  -30.0000  -45.0000 2168.9800   25.6579
    0.0000  -30.0000  -45.0000 2168.0845   25.6863
    7.5000  -30.0000  -45.0000 2150.4827   26.1212
   -7.5000  -22.5000  -45.0000 2188.8113   25.0096
    0.0000  -22.5000  -45.0000 2186.2441   25.0029
    7.5000  -22.5000  -45.0000 2174.3113   25.5124
   -7.5000  -15.0000  -45.0000 2196.9500   24.8644
    0.0000  -15.0000  -45.0000 2191.2109   24.9124
    7.5000  -15.0000  -45.0000 2188.4426   25.4755
   -7.5000   -7.5000  -45.0000 2206.6406   25.1956
    0.0000   -7.5000  -45.0000 2202.8486   25.2458
    7.5000   -7.5000  -45.0000 2194.4023   25.7873
   -7.5000    0.0000  -45.0000 2187.6738   25.8782
    0.0000    0.0000  -45.0000 2186.9797   25.8714
    7.5000    0.0000  -45.0000 2170.5190   26.3576
   -7.5000    7.5000  -45.0000 2156.6782   26.8277
    0.0000    7.5000  -45.0000 2155.1228   26.7796
    7.5000    7.5000  -45.0000 2140.1157   27.3016
   -7.5000   15.0000  -45.0000 2103.7913   28.2693
    0.0000   15.0000  -45.0000 2094.7856   28.2084
    7.5000   15.0000  -45.0000 2087.7573   28.7785
   -7.5000   22.5000  -45.0000 2041.1167   30.2699
    0.0000   22.5000  -45.0000 2024.6158   30.2272
    7.5000   22.5000  -45.0000 2017.2432   30.8669
   -7.5000   30.0000  -45.0000 1944.6895   32.9605
    0.0000   30.0000  -45.0000 1938.8264   32.9102
    7.5000   30.0000  -45.0000 1933.5399   33.4379
   -7.5000   37.5000  -45.0000 1830.6057   36.1861
    0.0000   37.5000  -45.0000 1837.7316   36.1783
    7.5000   37.5000  -45.0000 1834.3809   36.7118
   -7.5000   45.0000  -45.0000 1733.9836   40.5843
    0.0000   45.0000  -45.0000 1732.0625   40.6426
    7.5000   45.0000  -45.0000 1723.7943   41.2530
   -7.5000  -45.0000  -37.5000 2173.6602   26.8072
    0.0000  -45.0000  -37.5000 2180.9048   26.7877
    7.5000  -45.0000  -37.5000 2160.4717   27.0743
   -7.5000  -37.5000  -37.5000 2230.6841   25.1281
    0.0000  -37.5000  -37.5000 2232.7129   25.0992
    7.5000  -37.5000  -37.5000 2218.0613   25.3953
   -7.5000  -30.0000  -37.5000 2265.2090   23.9329
    0.0000  -30.0000  -37.5000 2261.9565   23.8902
    7.5000  -30.0000  -37.5000 2251.2637   24.2464
   -7.5000  -22.5000  -37.5000 2283.9836   23.3378
    0.0000  -22.5000  -37.5000 2285.9011   23.3235
    7.5000  -22.5000  -37.5000 2277.4326   23.7696
   -7.5000  -15.0000  -37.5000 2302.9055   23.2797
    0.0000  -15.0000  -37.5000 2301.5181   23.2598
    7.5000  -15.0000  -37.5000 2292.5754   23.7232
   -7.5000   -7.5000  -37.5000 2304.9382   23.4231
    0.0000   -7.5000  -37.5000 2303.7808   23.3394
    7.5000   -7.5000  -37.5000 2288.4150   23.7612
   -7.5000    0.0000  -37.5000 2284.1326   23.8488
    0.0000    0.0000  -37.5000 2284.5801   23.7431
    7.5000    0.0000  -37.5000 2261.9424   24.1592
   -7.5000    7.5000  -37.5000 2253.3689   24.6939
    0.0000    7.5000  -37.5000 2252.3743   24.6229
    7.5000    7.5000  -37.5000 2242.5908   25.0692
   -7.5000   15.0000  -37.5000 2208.0889   26.1415
    0.0000   15.0000  -37.5000 2210.3662   26.0798
    7.5000   15.0000  -37.5000 2201.8162   26.5678
   -7.5000   22.5000  -37.5000 2141.9534   27.9983
    0.0000   22.5000  -37.5000 2140.3521   28.0071
    7.5000   22.5000  -37.5000 2127.9724   28.5404
   -7.5000   30.0000  -37.5000 2040.9023   30.4870
    0.0000   30.0000  -37.5000 2036.6938   30.4110
    7.5000   30.0000  -37.5000 2032.4517   31.0390
   -7.5000   37.5000  -37.5000 1931.7058   33.5979
    0.0000   37.5000  -37.5000 1931.9884   33.5307
    7.5000   37.5000  -37.5000 1920.5460   34.1788
   -7.5000   45.0000  -37.5000 1810.2404   37.5809
    0.0000   45.0000  -37.5000 1803.3076   37.5974
    7.5000   45.0000  -37.5000 1800.1763   38.2571
   -7.5000  -45.0000  -30.0000 2294.0227   25.9513
    0.0000  -45.0000  -30.0000 2304.4241   25.9417
    7.5000  -45.0000  -30.0000 2272.7175   26.2104
   -7.5000  -37.5000  -30.0000 2356.2363   24.2481
    0.0000  -37.5000  -30.0000 2355.3015   24.2234
    7.5000  -37.5000  -30.0000 2334.8176   24.4612
   -7.5000  -30.0000  -30.0000 2399.9011   23.0711
    0.0000  -30.0000  -30.0000 2397.0559   23.0911
    7.5000  -30.0000  -30.0000 2375.0012   23.3863
   -7.5000  -22.5000  -30.0000 2422.6980   22.4611
    0.0000  -22.5000  -30.0000 2423.3040   22.4615
    7.5000  -22.5000  -30.0000 2410.0522   22.8556
   -7.5000  -15.0000  -30.0000 2442.2588   22.3828
    0.0000  -15.0000  -30.0000 2442.0959   22.3616
    7.5000  -15.0000  -30.0000 2423.0237   22.6847
   -7.5000   -7.5000  -30.0000 2438.6614   22.4603
    0.0000   -7.5000  -30.0000 2440.9019   22.4059
    7.5000   -7.5000  -30.0000 2431.6670   22.7260
   -7.5000    0.0000  -30.0000 2426.4753   22.8655
    0.0000    0.0000  -30.0000 2434.1533   22.8219
    7.5000    0.0000  -30.0000 2415.8154   23.2091
   -7.5000    7.5000  -30.0000 2397.4766   23.7053
    0.0000    7.5000  -30.0000 2411.4199   23.6824
    7.5000    7.5000  -30.0000 2390.0427   24.0227
   -7.5000   15.0000  -30.0000 2343.0598   25.0352
    0.0000   15.0000  -30.0000 2363.8372   25.0439
    7.5000   15.0000  -30.0000 2334.9604   25.4269
   -7.5000   22.5000  -30.0000 2272.0095   26.9013
    0.0000   22.5000  -30.0000 2279.1606   26.9463
    7.5000   22.5000  -30.0000 2256.8184   27.3775
   -7.5000   30.0000  -30.0000 2168.5823   29.3815
    0.0000   30.0000  -30.0000 2170.4438   29.3809
    7.5000   30.0000  -30.0000 2159.9707   29.8573
   -7.5000   37.5000  -30.0000 2064.6553   32.3656
    0.0000   37.5000  -30.0000 2069.0164   32.3327
    7.5000   37.5000  -30.0000 2050.1484   32.9640
   -7.5000   45.0000  -30.0000 1920.8199   36.1505
    0.0000   45.0000  -30.0000 1914.8600   36.0905
    7.5000   45.0000  -30.0000 1920.7610   36.9000
   -7.5000  -45.0000  -22.5000 2389.2854   25.0255
    0.0000  -45.0000  -22.5000 2389.4722   24.8903
    7.5000  -45.0000  -22.5000 2354.6785   24.9980
   -7.5000  -37.5000  -22.5000 2462.6292   23.1649
    0.0000  -37.5000  -22.5000 2458.0527   23.1341
    7.5000  -37.5000  -22.5000 2430.3726   23.2992
   -7.5000  -30.0000  -22.5000 2506.9111   21.8973
    0.0000  -30.0000  -22.5000 2498.8362   21.8914
    7.5000  -30.0000  -22.5000 2478.3962   22.1703
   -7.5000  -22.5000  -22.5000 2525.6926   21.1391
    0.0000  -22.5000  -22.5000 2532.2446   21.1877
    7.5000  -22.5000  -22.5000 2518.6187   21.5436
   -7.5000  -15.0000  -22.5000 2555.2139   21.0760
    0.0000  -15.0000  -22.5000 2565.7273   21.1309
    7.5000  -15.0000  -22.5000 2542.2148   21.3795
   -7.5000   -7.5000  -22.5000 2561.2827   21.2811
    0.0000   -7.5000  -22.5000 2572.9858   21.2575
    7.5000   -7.5000  -22.5000 2548.8657   21.4500
   -7.5000    0.0000  -22.5000 2545.2466   21.7427
    0.0000    0.0000  -22.5000 2558.8184   21.7155
    7.5000    0.0000  -22.5000 2532.8025   21.9652
   -7.5000    7.5000  -22.5000 2517.7598   22.5678
    0.0000    7.5000  -22.5000 2530.8840   22.5484
    7.5000    7.5000  -22.5000 2507.3499   22.8746
   -7.5000   15.0000  -22.5000 2463.1450   23.8506
    0.0000   15.0000  -22.5000 2477.9351   23.8795
    7.5000   15.0000  -22.5000 2450.6008   24.1987
   -7.5000   22.5000  -22.5000 2396.2668   25.6070
    0.0000   22.5000  -22.5000 2398.5581   25.6658
    7.5000   22.5000  -22.5000 2370.8511   26.0161
   -7.5000   30.0000  -22.5000 2271.1375   27.9351
    0.0000   30.0000  -22.5000 2279.8416   27.9946
    7.5000   30.0000  -22.5000 2262.1685   28.3392
   -7.5000   37.5000  -22.5000 2153.8062   30.7215
    0.0000   37.5000  -22.5000 2165.7095   30.9268
    7.5000   37.5000  -22.5000 2141.0862   31.3206
   -7.5000   45.0000  -22.5000 2010.8832   34.3875
    0.0000   45.0000  -22.5000 2019.5183   34.5563
    7.5000   45.0000  -22.5000 2002.2682   35.0632
   -7.5000  -45.0000  -15.0000 2448.1270   23.9425
    0.0000  -45.0000  -15.0000 2438.6946   23.7133
    7.5000  -45.0000  -15.0000 2408.0210   23.8915
   -7.5000  -37.5000  -15.0000 2526.5671   22.1153
    0.0000  -37.5000  -15.0000 2521.4487   22.0560
    7.5000  -37.5000  -15.0000 2493.3701   22.1320
   -7.5000  -30.0000  -15.0000 2573.7087   20.6721
    0.0000  -30.0000  -15.0000 2571.9331   20.7429
    7.5000  -30.0000  -15.0000 2556.6829   20.9375
   -7.5000  -22.5000  -15.0000 2610.3621   19.8701
    0.0000  -22.5000  -15.0000 2615.8525   20.0218
    7.5000  -22.5000  -15.0000 2600.2800   20.2377
   -7.5000  -15.0000  -15.0000 2637.7737   19.7793
    0.0000  -15.0000  -15.0000 2649.3442   19.8024
    7.5000  -15.0000  -15.0000 2623.1809   19.9710
   -7.5000   -7.5000  -15.0000 2649.3193   20.0276
    0.0000   -7.5000  -15.0000 2652.9773   19.9970
    7.5000   -7.5000  -15.0000 2627.7688   20.1381
   -7.5000    0.0000  -15.0000 2632.2834   20.5754
    0.0000    0.0000  -15.0000 2643.3347   20.5639
    7.5000    0.0000  -15.0000 2623.0654   20.7785
   -7.5000    7.5000  -15.0000 2605.4648   21.4174
    0.0000    7.5000  -15.0000 2613.2542   21.4257
    7.5000    7.5000  -15.0000 2591.9465   21.6909
   -7.5000   15.0000  -15.0000 2543.7366   22.6441
    0.0000   15.0000  -15.0000 2549.4238   22.6410
    7.5000   15.0000  -15.0000 2526.9929   22.9463
   -7.5000   22.5000  -15.0000 2468.3638   24.3955
    0.0000   22.5000  -15.0000 2477.6826   24.4216
    7.5000   22.5000  -15.0000 2446.9978   24.7102
   -7.5000   30.0000  -15.0000 2349.3931   26.5113
    0.0000   30.0000  -15.0000 2352.9744   26.5947
    7.5000   30.0000  -15.0000 2325.9189   26.9410
   -7.5000   37.5000  -15.0000 2217.8074   29.2724
    0.0000   37.5000  -15.0000 2223.0007   29.3253
    7.5000   37.5000  -15.0000 2203.3635   29.8158
   -7.5000   45.0000  -15.0000 2064.9312   32.6655
    0.0000   45.0000  -15.0000 2069.9209   32.7451
    7.5000   45.0000  -15.0000 2062.3589   33.3684
   -7.5000  -45.0000   -7.5000 2486.1394   22.9312
    0.0000  -45.0000   -7.5000 2477.1626   22.7612
    7.5000  -45.0000   -7.5000 2453.8909   22.9308
   -7.5000  -37.5000   -7.5000 2571.3430   21.0991
    0.0000  -37.5000   -7.5000 2570.1838   20.9943
    7.5000  -37.5000   -7.5000 2549.0879   21.1970
   -7.5000  -30.0000   -7.5000 2634.5393   19.7374
    0.0000  -30.0000   -7.5000 2640.2576   19.7430
    7.5000  -30.0000   -7.5000 2619.2886   19.9459
   -7.5000  -22.5000   -7.5000 2667.3696   18.7867
    0.0000  -22.5000   -7.5000 2671.0142   18.9109
    7.5000  -22.5000   -7.5000 2660.7756   19.1110
   -7.5000  -15.0000   -7.5000 2698.7988   18.5897
    0.0000  -15.0000   -7.5000 2696.0237   18.6063
    7.5000  -15.0000   -7.5000 2688.4321   18.8116
   -7.5000   -7.5000   -7.5000 2717.9353   18.8406
    0.0000   -7.5000   -7.5000 2720.3577   18.8620
    7.5000   -7.5000   -7.5000 2702.1538   19.0257
   -7.5000    0.0000   -7.5000 2702.0537   19.4346
    0.0000    0.0000   -7.5000 2711.0884   19.4848
    7.5000    0.0000   -7.5000 2690.6497   19.6894
   -7.5000    7.5000   -7.5000 2668.5391   20.2979
    0.0000    7.5000   -7.5000 2682.7903   20.3457
    7.5000    7.5000   -7.5000 2666.6008   20.6089
   -7.5000   15.0000   -7.5000 2604.0159   21.5315
    0.0000   15.0000   -7.5000 2613.7146   21.5151
    7.5000   15.0000   -7.5000 2596.3374   21.8567
   -7.5000   22.5000   -7.5000 2515.9585   23.2275
    0.0000   22.5000   -7.5000 2521.2800   23.2229
    7.5000   22.5000   -7.5000 2502.0249   23.6145
   -7.5000   30.0000   -7.5000 2397.2878   25.3642
    0.0000   30.0000   -7.5000 2394.9866   25.3848
    7.5000   30.0000   -7.5000 2380.4258   25.8194
   -7.5000   37.5000   -7.5000 2261.2529   27.9483
    0.0000   37.5000   -7.5000 2253.2607   27.9635
    7.5000   37.5000   -7.5000 2250.1338   28.4542
   -7.5000   45.0000   -7.5000 2100.3088   31.1961
    0.0000   45.0000   -7.5000 2097.5012   31.1583
    7.5000   45.0000   -7.5000 2103.0374   31.8695
   -7.5000  -45.0000    0.0000 2496.1455   22.2662
    0.0000  -45.0000    0.0000 2493.2817   22.1591
    7.5000  -45.0000    0.0000 2478.9905   22.4631
   -7.5000  -37.5000    0.0000 2598.4607   20.4793
    0.0000  -37.5000    0.0000 2602.9919   20.4059
    7.5000  -37.5000    0.0000 2586.0291   20.7571
   -7.5000  -30.0000    0.0000 2670.4797   19.0780
    0.0000  -30.0000    0.0000 2685.1807   19.0772
    7.5000  -30.0000    0.0000 2661.2834   19.4239
   -7.5000  -22.5000    0.0000 2710.4451   17.9881
    0.0000  -22.5000    0.0000 2720.2627   18.1225
    7.5000  -22.5000    0.0000 2713.4824   18.5241
   -7.5000  -15.0000    0.0000 2740.0569   17.6642
    0.0000  -15.0000    0.0000 2747.4690   17.7426
    7.5000  -15.0000    0.0000 2746.3599   18.0995
   -7.5000   -7.5000    0.0000 2756.9536   17.8491
    0.0000   -7.5000    0.0000 2768.8628   18.0031
    7.5000   -7.5000    0.0000 2763.7078   18.2650
   -7.5000    0.0000    0.0000 2741.5857   18.4949
    0.0000    0.0000    0.0000 2756.6372   18.5947
    7.5000    0.0000    0.0000 2748.4236   18.9437
   -7.5000    7.5000    0.0000 2704.1960   19.4360
    0.0000    7.5000    0.0000 2719.7551   19.4685
    7.5000    7.5000    0.0000 2714.3113   19.8926
   -7.5000   15.0000    0.0000 2640.0625   20.7902
    0.0000   15.0000    0.0000 2655.7812   20.8078
    7.5000   15.0000    0.0000 2649.3718   21.2739
   -7.5000   22.5000    0.0000 2550.3987   22.4857
    0.0000   22.5000    0.0000 2562.9934   22.5603
    7.5000   22.5000    0.0000 2544.5254   23.0217
   -7.5000   30.0000    0.0000 2433.2483   24.5466
    0.0000   30.0000    0.0000 2434.1282   24.6929
    7.5000   30.0000    0.0000 2411.1138   25.0946
   -7.5000   37.5000    0.0000 2292.3523   27.0914
    0.0000   37.5000    0.0000 2292.8882   27.2357
    7.5000   37.5000    0.0000 2269.2371   27.6340
   -7.5000   45.0000    0.0000 2126.4785   30.3659
    0.0000   45.0000    0.0000 2133.6609   30.4160
    7.5000   45.0000    0.0000 2120.8643   30.9459
   -7.5000  -45.0000    7.5000 2495.5176   22.0262
    0.0000  -45.0000    7.5000 2510.2588   22.0331
    7.5000  -45.0000    7.5000 2488.8550   22.3365
   -7.5000  -37.5000    7.5000 2601.6021   20.1659
    0.0000  -37.5000    7.5000 2625.1821   20.2153
    7.5000  -37.5000    7.5000 2606.7454   20.5622
   -7.5000  -30.0000    7.5000 2683.1191   18.7584
    0.0000  -30.0000    7.5000 2719.3250   18.8700
    7.5000  -30.0000    7.5000 2696.9990   19.2132
   -7.5000  -22.5000    7.5000 2741.6160   17.5345
    0.0000  -22.5000    7.5000 2780.6084   17.8374
    7.5000  -22.5000    7.5000 2753.0908   18.2213
   -7.5000  -15.0000    7.5000 2760.5518   16.8370
    0.0000  -15.0000    7.5000 2798.9873   17.1312
    7.5000  -15.0000    7.5000 2790.8867   17.7234
   -7.5000   -7.5000    7.5000 2779.7090   17.1391
    0.0000   -7.5000    7.5000 2812.6897   17.2994
    7.5000   -7.5000    7.5000 2798.3552   17.8355
   -7.5000    0.0000    7.5000 2764.4475   17.9298
    0.0000    0.0000    7.5000 2803.3608   18.1247
    7.5000    0.0000    7.5000 2785.7913   18.5780
   -7.5000    7.5000    7.5000 2735.9790   19.0181
    0.0000    7.5000    7.5000 2774.1785   19.2394
    7.5000    7.5000    7.5000 2754.0730   19.6225
   -7.5000   15.0000    7.5000 2675.1880   20.3708
    0.0000   15.0000    7.5000 2704.6995   20.5459
    7.5000   15.0000    7.5000 2681.3928   20.8787
   -7.5000   22.5000    7.5000 2592.3188   22.0660
    0.0000   22.5000    7.5000 2604.2661   22.2700
    7.5000   22.5000    7.5000 2578.9395   22.5917
   -7.5000   30.0000    7.5000 2468.9417   24.1547
    0.0000   30.0000    7.5000 2478.7896   24.3872
    7.5000   30.0000    7.5000 2445.5608   24.7493
   -7.5000   37.5000    7.5000 2322.0386   26.7236
    0.0000   37.5000    7.5000 2324.6953   26.9169
    7.5000   37.5000    7.5000 2306.6035   27.3348
   -7.5000   45.0000    7.5000 2155.5527   29.8335
    0.0000   45.0000    7.5000 2157.9277   29.9864
    7.5000   45.0000    7.5000 2149.0225   30.4781
   -7.5000  -45.0000   15.0000 2462.5688   22.0513
    0.0000  -45.0000   15.0000 2489.5906   22.0737
    7.5000  -45.0000   15.0000 2488.1814   22.5429
   -7.5000  -37.5000   15.0000 2570.2297   20.1723
    0.0000  -37.5000   15.0000 2611.5405   20.2236
    7.5000  -37.5000   15.0000 2605.3730   20.6672
   -7.5000  -30.0000   15.0000 2657.6504   18.7120
    0.0000  -30.0000   15.0000 2709.3020   18.8456
    7.5000  -30.0000   15.0000 2697.5857   19.2160
   -7.5000  -22.5000   15.0000 2737.7251   17.4783
    0.0000  -22.5000   15.0000 2792.8174   17.7667
    7.5000  -22.5000   15.0000 2763.2502   18.1298
   -7.5000  -15.0000   15.0000 2755.0339   16.5969
    0.0000  -15.0000   15.0000 2807.4666   16.9225
    7.5000  -15.0000   15.0000 2788.4617   17.6094
   -7.5000   -7.5000   15.0000 2790.1411   16.8816
    0.0000   -7.5000   15.0000 2839.3193   17.2207
    7.5000   -7.5000   15.0000 2822.3413   17.8583
   -7.5000    0.0000   15.0000 2788.1509   17.8790
    0.0000    0.0000   15.0000 2826.3127   18.1032
    7.5000    0.0000   15.0000 2808.2478   18.5608
   -7.5000    7.5000   15.0000 2757.0012   19.0115
    0.0000    7.5000   15.0000 2774.9026   19.1618
    7.5000    7.5000   15.0000 2761.9519   19.5551
   -7.5000   15.0000   15.0000 2696.3354   20.3806
    0.0000   15.0000   15.0000 2701.7097   20.4061
    7.5000   15.0000   15.0000 2681.4089   20.7836
   -7.5000   22.5000   15.0000 2611.8181   22.1190
    0.0000   22.5000   15.0000 2613.4502   22.0885
    7.5000   22.5000   15.0000 2583.7456   22.4720
   -7.5000   30.0000   15.0000 2489.1790   24.2425
    0.0000   30.0000   15.0000 2489.9688   24.2321
    7.5000   30.0000   15.0000 2459.9644   24.6301
   -7.5000   37.5000   15.0000 2333.6265   26.6582
    0.0000   37.5000   15.0000 2340.5132   26.7745
    7.5000   37.5000   15.0000 2316.7839   27.2048
   -7.5000   45.0000   15.0000 2163.6355   29.6975
    0.0000   45.0000   15.0000 2170.6045   29.8370
    7.5000   45.0000   15.0000 2154.6960   30.3783
   -7.5000  -45.0000   22.5000 2416.9629   22.1460
    0.0000  -45.0000   22.5000 2463.4312   22.2667
    7.5000  -45.0000   22.5000 2472.8635   22.8742
   -7.5000  -37.5000   22.5000 2519.2952   20.3088
    0.0000  -37.5000   22.5000 2578.5947   20.4106
    7.5000  -37.5000   22.5000 2590.9136   20.9587
   -7.5000  -30.0000   22.5000 2616.6287   19.0070
    0.0000  -30.0000   22.5000 2681.9023   19.0827
    7.5000  -30.0000   22.5000 2687.2427   19.5155
   -7.5000  -22.5000   22.5000 2725.8191   18.0949
    0.0000  -22.5000   22.5000 2767.5857   17.9331
    7.5000  -22.5000   22.5000 2759.4434   18.4933
   -7.5000  -15.0000   22.5000 2818.2888   17.8371
    0.0000  -15.0000   22.5000 2819.6377   17.5570
    7.5000  -15.0000   22.5000 2811.9495   18.1615
   -7.5000   -7.5000   22.5000 2853.8440   18.0042
    0.0000   -7.5000   22.5000 2859.0422   17.8504
    7.5000   -7.5000   22.5000 2835.1956   18.3101
   -7.5000    0.0000   22.5000 2816.2197   18.4392
    0.0000    0.0000   22.5000 2832.8040   18.4173
    7.5000    0.0000   22.5000 2813.4993   18.8328
   -7.5000    7.5000   22.5000 2762.2585   19.2798
    0.0000    7.5000   22.5000 2770.4690   19.3006
    7.5000    7.5000   22.5000 2762.4751   19.7547
   -7.5000   15.0000   22.5000 2684.9788   20.5365
    0.0000   15.0000   22.5000 2688.4602   20.5360
    7.5000   15.0000   22.5000 2672.9932   20.9521
   -7.5000   22.5000   22.5000 2598.5249   22.2202
    0.0000   22.5000   22.5000 2604.6917   22.2313
    7.5000   22.5000   22.5000 2583.5498   22.6123
   -7.5000   30.0000   22.5000 2478.5283   24.3770
    0.0000   30.0000   22.5000 2481.8364   24.4563
    7.5000   30.0000   22.5000 2466.9517   24.7908
   -7.5000   37.5000   22.5000 2335.3772   26.9933
    0.0000   37.5000   22.5000 2338.2798   27.0892
    7.5000   37.5000   22.5000 2324.9326   27.5010
   -7.5000   45.0000   22.5000 2183.7620   30.2472
    0.0000   45.0000   22.5000 2174.8982   30.1763
    7.5000   45.0000   22.5000 2166.1467   30.7153
   -7.5000  -45.0000   30.0000 2377.4131   22.9233
    0.0000  -45.0000   30.0000 2420.8879   22.9451
    7.5000  -45.0000   30.0000 2445.4402   23.5571
   -7.5000  -37.5000   30.0000 2492.2874   21.2757
    0.0000  -37.5000   30.0000 2530.7041   21.1473
    7.5000  -37.5000   30.0000 2565.2700   21.7235
   -7.5000  -30.0000   30.0000 2609.3071   20.1437
    0.0000  -30.0000   30.0000 2631.7610   19.7827
    7.5000  -30.0000   30.0000 2659.3059   20.3280
   -7.5000  -22.5000   30.0000 2724.1213   19.2874
    0.0000  -22.5000   30.0000 2723.8403   18.7511
    7.5000  -22.5000   30.0000 2732.3511   19.3398
   -7.5000  -15.0000   30.0000 2798.9656   18.9072
    0.0000  -15.0000   30.0000 2781.2437   18.4658
    7.5000  -15.0000   30.0000 2785.5449   18.9068
   -7.5000   -7.5000   30.0000 2827.4504   19.0597
    0.0000   -7.5000   30.0000 2821.1853   18.7137
    7.5000   -7.5000   30.0000 2805.8635   19.0172
   -7.5000    0.0000   30.0000 2799.7866   19.4720
    0.0000    0.0000   30.0000 2805.8960   19.2273
    7.5000    0.0000   30.0000 2783.5461   19.4795
   -7.5000    7.5000   30.0000 2748.0974   20.2615
    0.0000    7.5000   30.0000 2756.1147   20.1805
    7.5000    7.5000   30.0000 2737.0693   20.4086
   -7.5000   15.0000   30.0000 2667.1699   21.3079
    0.0000   15.0000   30.0000 2669.9243   21.3164
    7.5000   15.0000   30.0000 2652.0063   21.6148
   -7.5000   22.5000   30.0000 2573.6414   22.8662
    0.0000   22.5000   30.0000 2577.8843   22.8357
    7.5000   22.5000   30.0000 2559.9749   23.1773
   -7.5000   30.0000   30.0000 2448.0435   24.9211
    0.0000   30.0000   30.0000 2447.9353   24.9209
    7.5000   30.0000   30.0000 2435.3735   25.2154
   -7.5000   37.5000   30.0000 2304.8882   27.3828
    0.0000   37.5000   30.0000 2313.0212   27.4635
    7.5000   37.5000   30.0000 2297.9565   27.7679
   -7.5000   45.0000   30.0000 2165.8147   30.5874
    0.0000   45.0000   30.0000 2171.2664   30.6355
    7.5000   45.0000   30.0000 2151.3076   31.0847
   -7.5000  -45.0000   37.5000 2370.9138   24.4692
    0.0000  -45.0000   37.5000 2398.0237   24.2308
    7.5000  -45.0000   37.5000 2416.6230   24.6790
   -7.5000  -37.5000   37.5000 2485.7507   22.6651
    0.0000  -37.5000   37.5000 2508.7935   22.3687
    7.5000  -37.5000   37.5000 2531.7546   22.8092
   -7.5000  -30.0000   37.5000 2589.0867   21.3599
    0.0000  -30.0000   37.5000 2600.3704   20.8802
    7.5000  -30.0000   37.5000 2622.9661   21.4106
   -7.5000  -22.5000   37.5000 2670.7297   20.2905
    0.0000  -22.5000   37.5000 2674.2449   19.8768
    7.5000  -22.5000   37.5000 2680.7954   20.3504
   -7.5000  -15.0000   37.5000 2735.2212   19.9459
    0.0000  -15.0000   37.5000 2730.7463   19.5703
    7.5000  -15.0000   37.5000 2726.2551   19.8839
   -7.5000   -7.5000   37.5000 2753.4365   20.0395
    0.0000   -7.5000   37.5000 2755.3049   19.6974
    7.5000   -7.5000   37.5000 2745.5339   19.9253
   -7.5000    0.0000   37.5000 2739.5969   20.4483
    0.0000    0.0000   37.5000 2748.6702   20.2123
    7.5000    0.0000   37.5000 2730.3447   20.3957
   -7.5000    7.5000   37.5000 2694.1733   21.2187
    0.0000    7.5000   37.5000 2712.9648   21.1253
    7.5000    7.5000   37.5000 2686.9038   21.2760
   -7.5000   15.0000   37.5000 2624.4324   22.4131
    0.0000   15.0000   37.5000 2642.3691   22.4060
    7.5000   15.0000   37.5000 2608.9976   22.5477
   -7.5000   22.5000   37.5000 2537.8037   23.9404
    0.0000   22.5000   37.5000 2541.0981   23.9362
    7.5000   22.5000   37.5000 2516.4055   24.1197
   -7.5000   30.0000   37.5000 2402.7476   25.8216
    0.0000   30.0000   37.5000 2408.1218   25.8690
    7.5000   30.0000   37.5000 2392.4243   26.1531
   -7.5000   37.5000   37.5000 2271.3171   28.2332
    0.0000   37.5000   37.5000 2282.0808   28.2904
    7.5000   37.5000   37.5000 2265.0435   28.6376
   -7.5000   45.0000   37.5000 2144.8362   31.4230
    0.0000   45.0000   37.5000 2151.0920   31.3783
    7.5000   45.0000   37.5000 2127.9993   31.8150
   -7.5000  -45.0000   45.0000 2332.3167   25.9440
    0.0000  -45.0000   45.0000 2349.2905   25.6372
    7.5000  -45.0000   45.0000 2372.8357   26.0940
   -7.5000  -37.5000   45.0000 2431.3579   24.0239
    0.0000  -37.5000   45.0000 2451.7976   23.6709
    7.5000  -37.5000   45.0000 2479.7583   24.1244
   -7.5000  -30.0000   45.0000 2523.8857   22.5867
    0.0000  -30.0000   45.0000 2535.8650   22.1275
    7.5000  -30.0000   45.0000 2566.1245   22.7389
   -7.5000  -22.5000   45.0000 2598.3762   21.5330
    0.0000  -22.5000   45.0000 2599.5613   21.1988
    7.5000  -22.5000   45.0000 2622.2178   21.6734
   -7.5000  -15.0000   45.0000 2650.5686   21.1319
    0.0000  -15.0000   45.0000 2647.3979   20.7821
    7.5000  -15.0000   45.0000 2659.6409   21.1393
   -7.5000   -7.5000   45.0000 2663.5464   21.1743
    0.0000   -7.5000   45.0000 2661.8611   20.8107
    7.5000   -7.5000   45.0000 2672.4846   21.1285
   -7.5000    0.0000   45.0000 2651.3047   21.5657
    0.0000    0.0000   45.0000 2654.7327   21.2959
    7.5000    0.0000   45.0000 2659.6235   21.6016
   -7.5000    7.5000   45.0000 2612.2886   22.3608
    0.0000    7.5000   45.0000 2637.9695   22.1988
    7.5000    7.5000   45.0000 2621.1443   22.4596
   -7.5000   15.0000   45.0000 2549.7344   23.5808
    0.0000   15.0000   45.0000 2571.4758   23.4863
    7.5000   15.0000   45.0000 2548.5239   23.7141
   -7.5000   22.5000   45.0000 2477.7085   25.2202
    0.0000   22.5000   45.0000 2487.0654   25.1741
    7.5000   22.5000   45.0000 2454.2502   25.2220
   -7.5000   30.0000   45.0000 2360.4077   27.2321
    0.0000   30.0000   45.0000 2366.7458   27.1817
    7.5000   30.0000   45.0000 2339.4463   27.2722
   -7.5000   37.5000   45.0000 2229.9827   29.5715
    0.0000   37.5000   45.0000 2234.9807   29.6059
    7.5000   37.5000   45.0000 2221.0024   29.7714
   -7.5000   45.0000   45.0000 2097.3279   32.7397
    0.0000   45.0000   45.0000 2105.3931   32.6650
    7.5000   45.0000   45.0000 2090.9143   33.0683

---------------------------------------------------------------------
imgreg_4dfp /opt/freesurfer/average/711-2C_as_mni_average_305 /opt/freesurfer/average/711-2B_as_mni_average_305_mask talsrcimg_g11 none talsrcimg_to_711-2C_as_mni_average_305_t4 1283
---------------------------------------------------------------------

freesurfer imgreg_4dfp.c
/opt/freesurfer/average/711-2C_as_mni_average_305.4dfp.img
       256       256       256         1
  1.000000  1.000000  1.000000
orientation T byte_order littleendian
Reading image: /opt/freesurfer/average/711-2C_as_mni_average_305.4dfp.img
dimensions:      256       256       256
mmppix:       1.0000   -1.0000   -1.0000
center:     128.0000 -129.0000 -129.0000
/opt/freesurfer/average/711-2B_as_mni_average_305_mask.4dfp.img
       256       256       256         1
  1.000000  1.000000  1.000000
orientation T byte_order littleendian
Reading mask: /opt/freesurfer/average/711-2B_as_mni_average_305_mask.4dfp.img (2306576 pixels)
talsrcimg_g11.4dfp.img
       256       256       256         1
  1.000000  1.000000  1.000000
orientation T byte_order littleendian
Reading image: talsrcimg_g11.4dfp.img
dimensions:      256       256       256
mmppix:       1.0000   -1.0000   -1.0000
center:     128.0000 -129.0000 -129.0000
rotation matrix determinant  1.000000
fimgreg.f
image alignment mode   1283 decimal      503 hex
parameters
    0.0000   -7.5000   22.5000    0.0000    0.0000    0.0000
eta,q 0.89414 17.82761
niter,ni,del,rscale     5    3   12.0000    1.2000
parameter  1 -0.725508 ->  0.500000 qaram    1.1500
parameter  5  3.778410 ->  0.500000 qaram    1.1500
parameter  6  2.893713 ->  0.500000 qaram    1.1500
parameters
   -3.4500   -6.6443   24.3837   -1.5340   -3.4500   -3.4500
eta,q 0.90099 18.11618
  0.1051  0.1222  0.1159  0.1099  0.1016  0.0982
  0.1066  0.1163  0.1161  0.1076  0.1035  0.0985
  0.1095  0.1103  0.1101  0.1068  0.1055  0.1009
  0.1087  0.1065  0.1061  0.1070  0.1069  0.1040
  0.1076  0.1071  0.1070  0.1087  0.1093  0.1066
  0.1064  0.1110  0.1076  0.1118  0.1117  0.1093
  0.1103  0.1161  0.1106  0.1150  0.1144  0.1118
niter,ni,del,rscale     7    3   12.0000    1.2000
parameter  5  0.586470 ->  0.500000 qaram    1.3225
parameter  6  0.695125 ->  0.500000 qaram    1.3225
parameters
   -1.9853   -5.9747   24.3570   -3.0304   -7.4175   -7.4175
eta,q 0.90228 18.12873
  0.1193  0.1115  0.1131  0.1028  0.0998  0.0979
  0.1104  0.1070  0.1032  0.1011  0.0990  0.0978
  0.1023  0.1021  0.0980  0.1003  0.0991  0.0977
  0.0990  0.1004  0.1005  0.1005  0.1003  0.0991
  0.1022  0.1010  0.1025  0.1015  0.1032  0.1005
  0.1043  0.1026  0.1058  0.1043  0.1073  0.1025
  0.1065  0.1082  0.1103  0.1082  0.1112  0.1052
niter,ni,del,rscale     7    3   12.0000    1.2000
parameter  6  2.886276 ->  0.500000 qaram    1.5209
parameters
    0.1000   -6.0941   24.3932   -4.5686   -6.7931  -11.9801
eta,q 0.90656 18.05819
  0.1220  0.1045  0.1116  0.0997  0.1076  0.0930
  0.1120  0.1018  0.1015  0.0985  0.1034  0.0930
  0.1019  0.0992  0.0966  0.0988  0.1003  0.0955
  0.0977  0.0984  0.0984  0.0984  0.0988  0.0986
  0.0987  0.0979  0.1012  0.0984  0.0993  0.1011
  0.1021  0.1003  0.1044  0.1006  0.1020  0.1027
  0.1030  0.1069  0.1077  0.1051  0.1052  0.1060
niter,ni,del,rscale     7    3   12.0000    1.2000
parameters
    0.8619   -5.2192   24.0557   -7.3460   -6.6342  -14.3252
eta,q 0.90911 17.98634
  0.1145  0.1054  0.1073  0.0935  0.1059  0.0963
  0.1071  0.1011  0.0975  0.0917  0.1011  0.0928
  0.0995  0.0962  0.0924  0.0918  0.0949  0.0910
  0.0934  0.0937  0.0935  0.0931  0.0916  0.0915
  0.0965  0.0938  0.0967  0.0955  0.0941  0.0949
  0.1027  0.0954  0.1017  0.0991  0.1000  0.0992
  0.1075  0.1014  0.1082  0.1044  0.1052  0.1039
niter,ni,del,rscale     6    3   12.0000    1.2000
parameters
    1.2175   -4.1014   23.5428   -8.2872   -6.6093  -14.5651
eta,q 0.90965 18.00418
  0.1122  0.1089  0.1040  0.0959  0.1048  0.0992
  0.1059  0.1025  0.0949  0.0918  0.0977  0.0939
  0.0978  0.0943  0.0911  0.0902  0.0922  0.0910
  0.0909  0.0911  0.0910  0.0909  0.0903  0.0903
  0.0958  0.0910  0.0947  0.0925  0.0933  0.0914
  0.1034  0.0931  0.1006  0.0952  0.0989  0.0948
  0.1090  0.1005  0.1064  0.1000  0.1034  0.1000
niter,ni,del,rscale     5    3   12.0000    1.2000
parameters
    1.5630   -3.8999   23.3709   -8.6386   -6.8433  -14.8256
eta,q 0.90909 17.99549
  0.1103  0.1062  0.1058  0.0974  0.1034  0.0990
  0.1036  0.0989  0.0964  0.0934  0.0963  0.0938
  0.0942  0.0920  0.0924  0.0911  0.0917  0.0914
  0.0904  0.0910  0.0911  0.0911  0.0909  0.0908
  0.0961  0.0920  0.0940  0.0923  0.0939  0.0916
  0.1017  0.0966  0.1000  0.0947  0.0988  0.0946
  0.1060  0.1047  0.1054  0.0987  0.1031  0.0999
niter,ni,del,rscale     4    3   12.0000    1.2000
parameters
    1.7262   -3.8670   23.3423   -8.6725   -6.9995  -14.9136
eta,q 0.90875 17.99748
  0.1094  0.1057  0.1070  0.0982  0.1035  0.0992
  0.1024  0.0984  0.0974  0.0940  0.0963  0.0942
  0.0929  0.0918  0.0929  0.0916  0.0918  0.0918
  0.0909  0.0913  0.0913  0.0913  0.0913  0.0913
  0.0969  0.0927  0.0941  0.0924  0.0938  0.0917
  0.1020  0.0975  0.1000  0.0942  0.0985  0.0944
  0.1061  0.1055  0.1053  0.0980  0.1029  0.0995
niter,ni,del,rscale     3    3   12.0000    1.2000
parameters
    1.8005   -3.8865   23.3542   -8.6353   -7.0732  -14.9525
eta,q 0.90861 17.99976
  0.1091  0.1057  0.1074  0.0985  0.1037  0.0992
  0.1019  0.0982  0.0976  0.0942  0.0965  0.0943
  0.0926  0.0917  0.0930  0.0917  0.0919  0.0920
  0.0913  0.0914  0.0914  0.0914  0.0914  0.0914
  0.0972  0.0930  0.0941  0.0925  0.0937  0.0917
  0.1021  0.0979  0.1001  0.0942  0.0982  0.0944
  0.1063  0.1058  0.1053  0.0979  0.1027  0.0994
niter,ni,del,rscale     2    3   12.0000    1.2000
parameters
    1.8318   -3.9094   23.3700   -8.5928   -7.1039  -14.9687
eta,q 0.90855 18.00149
  0.1089  0.1058  0.1075  0.0986  0.1039  0.0992
  0.1018  0.0983  0.0977  0.0942  0.0966  0.0943
  0.0925  0.0918  0.0931  0.0917  0.0920  0.0921
  0.0914  0.0915  0.0915  0.0915  0.0915  0.0914
  0.0973  0.0931  0.0942  0.0925  0.0937  0.0918
  0.1023  0.0979  0.1001  0.0943  0.0980  0.0944
  0.1065  0.1059  0.1053  0.0979  0.1026  0.0994
registration optimization eta report
parameter search radius
    6.9000    6.0000    6.0000    6.0000    7.9350    9.1253
100000*second partial in parameter space
       32.       41.       41.       19.       19.       10.
  0.1089  0.1058  0.1075  0.0986  0.1039  0.0992
  0.1018  0.0983  0.0977  0.0942  0.0966  0.0943
  0.0925  0.0918  0.0931  0.0917  0.0920  0.0921
  0.0914  0.0915  0.0915  0.0915  0.0915  0.0914
  0.0973  0.0931  0.0942  0.0925  0.0937  0.0918
  0.1023  0.0979  0.1001  0.0943  0.0980  0.0944
  0.1065  0.1059  0.1053  0.0979  0.1026  0.0994
    1.8318   -3.9094   23.3700   -8.5928   -7.1039  -14.9687
eta,q 0.90855 18.00149

---------------------------------------------------------------------
imgreg_4dfp /opt/freesurfer/average/711-2C_as_mni_average_305 /opt/freesurfer/average/711-2B_as_mni_average_305_mask talsrcimg_g11 none talsrcimg_to_711-2C_as_mni_average_305_t4 3335
---------------------------------------------------------------------

freesurfer imgreg_4dfp.c
/opt/freesurfer/average/711-2C_as_mni_average_305.4dfp.img
       256       256       256         1
  1.000000  1.000000  1.000000
orientation T byte_order littleendian
Reading image: /opt/freesurfer/average/711-2C_as_mni_average_305.4dfp.img
dimensions:      256       256       256
mmppix:       1.0000   -1.0000   -1.0000
center:     128.0000 -129.0000 -129.0000
/opt/freesurfer/average/711-2B_as_mni_average_305_mask.4dfp.img
       256       256       256         1
  1.000000  1.000000  1.000000
orientation T byte_order littleendian
Reading mask: /opt/freesurfer/average/711-2B_as_mni_average_305_mask.4dfp.img (2306576 pixels)
talsrcimg_g11.4dfp.img
       256       256       256         1
  1.000000  1.000000  1.000000
orientation T byte_order littleendian
Reading image: talsrcimg_g11.4dfp.img
dimensions:      256       256       256
mmppix:       1.0000   -1.0000   -1.0000
center:     128.0000 -129.0000 -129.0000
fimgreg.f
image alignment mode   3335 decimal      D07 hex
parameters
    1.8318   -3.9094   23.3700   -4.1349   -4.0004   -1.8815
   23.7541   15.6723  -25.6308   11.2758  -12.3669  -14.8265
eta,q 0.90559 18.12330
niter,ni,del,rscale     5    3    5.0000    1.2000
parameter  3  0.539740 ->  0.500000 qaram    1.1500
parameter  4  4.488739 ->  0.500000 qaram    1.1500
parameter  5  1.794146 ->  0.500000 qaram    1.1500
parameter  6  0.629688 ->  0.500000 qaram    1.1500
parameter  7  1.903742 ->  0.500000 qaram    1.1500
parameter  9 -0.901851 -> -0.500000 qaram    1.1500
parameter 10 -0.632691 -> -0.500000 qaram    1.1500
parameter 11 -1.241567 -> -0.500000 qaram    1.1500
parameter 12 -1.691664 -> -0.500000 qaram    1.1500
parameters
    1.9442   -4.1307   21.9900   -8.2749   -8.1404   -6.0215
   19.6141   16.4783  -21.4908   15.4158   -8.2269  -10.6865
eta,q 0.92978 17.87998
  0.0960  0.0957  0.0942  0.0814  0.0792  0.0786  0.0762  0.0820  0.0820  0.0824  0.0796  0.0795
  0.0953  0.0946  0.0939  0.0841  0.0809  0.0787  0.0770  0.0796  0.0800  0.0795  0.0774  0.0769
  0.0947  0.0942  0.0939  0.0882  0.0824  0.0796  0.0778  0.0779  0.0784  0.0773  0.0757  0.0746
  0.0944  0.0944  0.0943  0.0939  0.0851  0.0813  0.0789  0.0772  0.0771  0.0759  0.0744  0.0727
  0.0945  0.0948  0.0952  0.0996  0.0881  0.0848  0.0801  0.0771  0.0763  0.0748  0.0733  0.0711
  0.0950  0.0953  0.0964  0.1043  0.0912  0.0918  0.0815  0.0781  0.0758  0.0744  0.0725  0.0699
  0.0959  0.0960  0.0980  0.1093  0.0953  0.1004  0.0833  0.0804  0.0757  0.0751  0.0721  0.0690
niter,ni,del,rscale     7    3    5.0000    1.2000
parameter  3  1.334096 ->  0.500000 qaram    1.3225
parameter  4  0.696959 ->  0.500000 qaram    1.3225
parameter  5  1.267114 ->  0.500000 qaram    1.3225
parameter  7  0.794427 ->  0.500000 qaram    1.3225
parameter  8  0.701744 ->  0.500000 qaram    1.1500
parameter 12 -1.439844 -> -0.500000 qaram    1.3225
parameters
    0.7752   -4.0535   20.4030  -13.0359  -12.9014   -7.5040
   14.8531   12.3383  -20.0665   19.3491   -4.2303   -5.9255
eta,q 0.93985 17.56465
  0.0704  0.0719  0.0672  0.0655  0.0623  0.0653  0.0637  0.0627  0.0641  0.0664  0.0631  0.0659
  0.0695  0.0707  0.0677  0.0655  0.0639  0.0650  0.0636  0.0626  0.0633  0.0650  0.0622  0.0644
  0.0695  0.0698  0.0684  0.0658  0.0650  0.0648  0.0640  0.0630  0.0629  0.0639  0.0619  0.0629
  0.0702  0.0694  0.0694  0.0679  0.0655  0.0643  0.0647  0.0637  0.0627  0.0627  0.0618  0.0617
  0.0715  0.0696  0.0706  0.0726  0.0676  0.0635  0.0657  0.0645  0.0627  0.0619  0.0617  0.0607
  0.0732  0.0705  0.0722  0.0791  0.0698  0.0648  0.0669  0.0656  0.0630  0.0619  0.0617  0.0600
  0.0752  0.0716  0.0740  0.0852  0.0735  0.0702  0.0687  0.0681  0.0633  0.0630  0.0617  0.0597
niter,ni,del,rscale     7    3    5.0000    1.2000
parameter  3  2.511766 ->  0.500000 qaram    1.5209
parameter  5  1.651512 ->  0.500000 qaram    1.5209
parameter  6  0.526411 ->  0.500000 qaram    1.3225
parameter  8  0.665305 ->  0.500000 qaram    1.3225
parameter 10  1.484603 ->  0.500000 qaram    1.3225
parameter 11  1.270682 ->  0.500000 qaram    1.3225
parameter 12  3.049096 ->  0.500000 qaram    1.5209
parameters
    0.1020   -4.8349   18.5780  -15.2523  -18.3766  -12.2650
   13.0398    7.5773  -16.6377   14.5881   -8.9913  -11.4007
eta,q 0.94792 17.00187
  0.0607  0.0605  0.0567  0.0594  0.0540  0.0543  0.0562  0.0543  0.0567  0.0521  0.0526  0.0517
  0.0603  0.0601  0.0574  0.0586  0.0547  0.0547  0.0553  0.0541  0.0557  0.0528  0.0526  0.0520
  0.0601  0.0599  0.0585  0.0581  0.0560  0.0547  0.0547  0.0542  0.0548  0.0535  0.0527  0.0523
  0.0602  0.0601  0.0599  0.0577  0.0580  0.0549  0.0547  0.0546  0.0541  0.0539  0.0530  0.0526
  0.0606  0.0605  0.0616  0.0578  0.0606  0.0561  0.0553  0.0555  0.0539  0.0542  0.0533  0.0531
  0.0613  0.0612  0.0633  0.0601  0.0633  0.0586  0.0565  0.0565  0.0540  0.0551  0.0536  0.0535
  0.0623  0.0621  0.0649  0.0662  0.0657  0.0626  0.0582  0.0575  0.0544  0.0569  0.0539  0.0539
niter,ni,del,rscale     7    3    5.0000    1.2000
parameter  2  4.086043 ->  0.500000 qaram    1.1500
parameter  3-62.017513 ->  0.500000 qaram    1.7490
parameter  5  0.791194 ->  0.500000 qaram    1.7490
parameter  6  0.515002 ->  0.500000 qaram    1.5209
parameter 10  0.565017 ->  0.500000 qaram    1.5209
parameters
   -0.9967   -6.2149   16.4791  -15.4876  -24.6730  -17.7402
   13.5978    8.0442  -13.4834    9.1129   -9.1700  -10.6228
eta,q 0.96405 16.92922
  0.0523  0.0470  0.0379  0.0462  0.0403  0.0389  0.0406  0.0418  0.0408  0.0364  0.0369  0.0380
  0.0518  0.0482  0.0410  0.0446  0.0394  0.0372  0.0388  0.0389  0.0390  0.0360  0.0362  0.0371
  0.0517  0.0498  0.0447  0.0432  0.0397  0.0375  0.0376  0.0375  0.0378  0.0361  0.0359  0.0364
  0.0521  0.0517  0.0486  0.0420  0.0421  0.0393  0.0371  0.0370  0.0371  0.0368  0.0360  0.0360
  0.0530  0.0536  0.0525  0.0415  0.0470  0.0420  0.0372  0.0375  0.0368  0.0388  0.0362  0.0360
  0.0543  0.0557  0.0560  0.0432  0.0523  0.0448  0.0381  0.0388  0.0370  0.0420  0.0364  0.0365
  0.0562  0.0577  0.0592  0.0485  0.0552  0.0512  0.0400  0.0406  0.0375  0.0454  0.0367  0.0377
niter,ni,del,rscale     7    3    5.0000    1.2000
parameter  3  0.757205 ->  0.500000 qaram    2.0114
parameters
   -0.9007   -6.0431   14.0655  -10.9293  -25.0712  -17.6890
   10.8648    9.8766  -14.5100   12.2783   -6.6170  -11.9873
eta,q 0.96754 17.01954
  0.0377  0.0379  0.0342  0.0405  0.0419  0.0387  0.0352  0.0428  0.0345  0.0377  0.0348  0.0337
  0.0368  0.0369  0.0345  0.0384  0.0388  0.0365  0.0337  0.0373  0.0335  0.0355  0.0332  0.0330
  0.0362  0.0362  0.0351  0.0365  0.0358  0.0346  0.0331  0.0341  0.0331  0.0340  0.0326  0.0326
  0.0359  0.0360  0.0359  0.0346  0.0330  0.0333  0.0333  0.0330  0.0331  0.0330  0.0325  0.0325
  0.0361  0.0360  0.0374  0.0333  0.0317  0.0321  0.0345  0.0334  0.0335  0.0324  0.0325  0.0328
  0.0366  0.0365  0.0399  0.0332  0.0375  0.0338  0.0373  0.0347  0.0342  0.0326  0.0326  0.0334
  0.0375  0.0375  0.0434  0.0352  0.0465  0.0411  0.0410  0.0367  0.0353  0.0345  0.0329  0.0347
niter,ni,del,rscale     7    3    5.0000    1.2000
parameters
   -0.5612   -5.3067   11.7980  -11.5551  -25.8473  -17.4730
   10.1355   10.9379  -15.6234   15.8066   -4.3141  -15.6523
eta,q 0.96896 16.87976
  0.0352  0.0355  0.0323  0.0364  0.0394  0.0369  0.0349  0.0404  0.0337  0.0375  0.0335  0.0318
  0.0338  0.0341  0.0314  0.0345  0.0364  0.0349  0.0334  0.0352  0.0325  0.0352  0.0321  0.0312
  0.0329  0.0330  0.0315  0.0328  0.0339  0.0332  0.0323  0.0325  0.0320  0.0333  0.0315  0.0310
  0.0325  0.0324  0.0322  0.0314  0.0316  0.0320  0.0319  0.0319  0.0320  0.0320  0.0313  0.0313
  0.0325  0.0322  0.0336  0.0318  0.0303  0.0311  0.0324  0.0326  0.0326  0.0313  0.0313  0.0318
  0.0330  0.0325  0.0360  0.0350  0.0358  0.0316  0.0337  0.0341  0.0334  0.0315  0.0315  0.0326
  0.0340  0.0334  0.0398  0.0390  0.0453  0.0391  0.0365  0.0365  0.0347  0.0335  0.0318  0.0340
niter,ni,del,rscale     6    3    5.0000    1.2000
parameters
   -0.2838   -4.3983   10.6655  -11.7412  -26.8959  -17.8854
    9.8382   11.2586  -16.1163   17.9153   -2.8819  -17.5162
eta,q 0.96909 16.78249
  0.0338  0.0350  0.0328  0.0359  0.0384  0.0361  0.0345  0.0387  0.0334  0.0368  0.0331  0.0321
  0.0324  0.0331  0.0313  0.0340  0.0355  0.0339  0.0329  0.0338  0.0321  0.0343  0.0317  0.0313
  0.0315  0.0318  0.0307  0.0322  0.0329  0.0323  0.0318  0.0316  0.0314  0.0325  0.0311  0.0309
  0.0310  0.0310  0.0308  0.0306  0.0307  0.0312  0.0313  0.0313  0.0314  0.0313  0.0310  0.0310
  0.0311  0.0307  0.0317  0.0305  0.0296  0.0303  0.0317  0.0321  0.0317  0.0309  0.0311  0.0314
  0.0317  0.0310  0.0337  0.0334  0.0355  0.0309  0.0329  0.0337  0.0326  0.0315  0.0314  0.0321
  0.0328  0.0318  0.0368  0.0376  0.0456  0.0405  0.0352  0.0372  0.0338  0.0342  0.0319  0.0331
niter,ni,del,rscale     5    3    5.0000    1.2000
parameters
   -0.1700   -3.8674   10.0835  -11.7837  -27.6874  -18.3839
    9.8313   11.2483  -16.3208   19.1348   -2.4164  -18.0035
eta,q 0.96880 16.72783
  0.0333  0.0341  0.0336  0.0361  0.0385  0.0360  0.0348  0.0382  0.0335  0.0364  0.0330  0.0327
  0.0321  0.0325  0.0320  0.0342  0.0357  0.0339  0.0331  0.0337  0.0322  0.0341  0.0318  0.0318
  0.0312  0.0314  0.0311  0.0325  0.0331  0.0324  0.0319  0.0317  0.0315  0.0324  0.0313  0.0313
  0.0309  0.0309  0.0308  0.0308  0.0308  0.0313  0.0314  0.0314  0.0314  0.0314  0.0312  0.0312
  0.0311  0.0309  0.0314  0.0305  0.0296  0.0303  0.0317  0.0322  0.0317  0.0311  0.0314  0.0315
  0.0317  0.0313  0.0330  0.0333  0.0346  0.0308  0.0329  0.0339  0.0325  0.0320  0.0318  0.0320
  0.0330  0.0323  0.0358  0.0375  0.0447  0.0409  0.0350  0.0379  0.0336  0.0351  0.0324  0.0329
niter,ni,del,rscale     4    3    5.0000    1.2000
parameters
   -0.1621   -3.5470    9.7616  -11.7726  -28.1979  -18.7837
    9.8373   11.2499  -16.3411   19.7974   -2.3598  -18.1403
eta,q 0.96855 16.69409
  0.0334  0.0339  0.0342  0.0363  0.0387  0.0361  0.0349  0.0383  0.0337  0.0362  0.0331  0.0330
  0.0322  0.0325  0.0326  0.0345  0.0359  0.0340  0.0333  0.0339  0.0324  0.0340  0.0319  0.0321
  0.0315  0.0316  0.0315  0.0328  0.0334  0.0325  0.0321  0.0319  0.0317  0.0325  0.0315  0.0316
  0.0312  0.0312  0.0312  0.0312  0.0312  0.0315  0.0316  0.0316  0.0316  0.0316  0.0314  0.0315
  0.0314  0.0313  0.0316  0.0309  0.0298  0.0305  0.0319  0.0323  0.0318  0.0314  0.0317  0.0317
  0.0321  0.0318  0.0329  0.0335  0.0341  0.0310  0.0330  0.0340  0.0325  0.0325  0.0322  0.0322
  0.0334  0.0328  0.0355  0.0376  0.0438  0.0405  0.0351  0.0381  0.0336  0.0359  0.0328  0.0330
niter,ni,del,rscale     3    3    5.0000    1.2000
parameters
   -0.1705   -3.3503    9.5705  -11.7557  -28.5086  -19.0342
    9.8089   11.2755  -16.3391   20.1864   -2.3770  -18.1843
eta,q 0.96837 16.67472
  0.0336  0.0339  0.0345  0.0365  0.0389  0.0362  0.0350  0.0385  0.0337  0.0362  0.0332  0.0331
  0.0324  0.0326  0.0329  0.0347  0.0362  0.0342  0.0334  0.0340  0.0325  0.0341  0.0321  0.0322
  0.0317  0.0318  0.0319  0.0330  0.0337  0.0327  0.0322  0.0320  0.0319  0.0326  0.0316  0.0317
  0.0315  0.0315  0.0315  0.0315  0.0315  0.0316  0.0317  0.0317  0.0317  0.0317  0.0316  0.0316
  0.0317  0.0316  0.0318  0.0311  0.0300  0.0307  0.0320  0.0324  0.0319  0.0315  0.0319  0.0318
  0.0324  0.0322  0.0330  0.0337  0.0339  0.0310  0.0332  0.0341  0.0326  0.0329  0.0323  0.0323
  0.0337  0.0332  0.0354  0.0378  0.0432  0.0399  0.0352  0.0382  0.0336  0.0363  0.0330  0.0331
niter,ni,del,rscale     2    3    5.0000    1.2000
parameters
   -0.1679   -3.2330    9.4536  -11.7446  -28.6996  -19.1974
    9.7686   11.3082  -16.3265   20.4292   -2.4127  -18.1871
eta,q 0.96826 16.66318
  0.0338  0.0338  0.0347  0.0367  0.0390  0.0363  0.0351  0.0386  0.0338  0.0362  0.0333  0.0332
  0.0326  0.0326  0.0331  0.0349  0.0363  0.0343  0.0334  0.0341  0.0326  0.0341  0.0322  0.0324
  0.0319  0.0319  0.0320  0.0332  0.0338  0.0328  0.0323  0.0321  0.0320  0.0326  0.0317  0.0318
  0.0316  0.0316  0.0316  0.0316  0.0316  0.0317  0.0318  0.0318  0.0318  0.0318  0.0317  0.0317
  0.0318  0.0318  0.0319  0.0313  0.0301  0.0308  0.0321  0.0325  0.0320  0.0317  0.0320  0.0319
  0.0326  0.0324  0.0331  0.0339  0.0337  0.0311  0.0333  0.0342  0.0327  0.0331  0.0324  0.0324
  0.0339  0.0335  0.0353  0.0379  0.0429  0.0396  0.0353  0.0383  0.0337  0.0366  0.0331  0.0332
niter,ni,del,rscale     1    3    5.0000    1.2000
parameters
   -0.1624   -3.1587    9.3765  -11.7338  -28.8202  -19.3043
    9.7334   11.3373  -16.3167   20.5894   -2.4320  -18.1984
eta,q 0.96820 16.65621
  0.0339  0.0339  0.0348  0.0367  0.0391  0.0363  0.0351  0.0387  0.0338  0.0362  0.0334  0.0333
  0.0327  0.0327  0.0332  0.0350  0.0364  0.0343  0.0335  0.0342  0.0327  0.0342  0.0322  0.0324
  0.0320  0.0320  0.0322  0.0333  0.0339  0.0328  0.0323  0.0321  0.0320  0.0327  0.0318  0.0319
  0.0317  0.0317  0.0317  0.0317  0.0317  0.0318  0.0318  0.0318  0.0318  0.0318  0.0318  0.0318
  0.0320  0.0319  0.0320  0.0314  0.0302  0.0309  0.0322  0.0326  0.0321  0.0317  0.0320  0.0320
  0.0327  0.0326  0.0331  0.0340  0.0337  0.0311  0.0333  0.0343  0.0328  0.0332  0.0325  0.0324
  0.0340  0.0336  0.0353  0.0380  0.0427  0.0395  0.0353  0.0383  0.0337  0.0368  0.0331  0.0332
registration optimization eta report
parameter search radius
    2.4000    2.7600    4.8273    9.5220   12.5928   10.9503
    9.5220    9.5220    8.2800   10.9503    9.5220   10.9503
100000*second partial in parameter space
       39.       26.       14.        6.        6.        5.
        4.        8.        3.        4.        2.        1.
  0.0339  0.0339  0.0348  0.0367  0.0391  0.0363  0.0351  0.0387  0.0338  0.0362  0.0334  0.0333
  0.0327  0.0327  0.0332  0.0350  0.0364  0.0343  0.0335  0.0342  0.0327  0.0342  0.0322  0.0324
  0.0320  0.0320  0.0322  0.0333  0.0339  0.0328  0.0323  0.0321  0.0320  0.0327  0.0318  0.0319
  0.0317  0.0317  0.0317  0.0317  0.0317  0.0318  0.0318  0.0318  0.0318  0.0318  0.0318  0.0318
  0.0320  0.0319  0.0320  0.0314  0.0302  0.0309  0.0322  0.0326  0.0321  0.0317  0.0320  0.0320
  0.0327  0.0326  0.0331  0.0340  0.0337  0.0311  0.0333  0.0343  0.0328  0.0332  0.0325  0.0324
  0.0340  0.0336  0.0353  0.0380  0.0427  0.0395  0.0353  0.0383  0.0337  0.0368  0.0331  0.0332
   -0.1624   -3.1587    9.3765  -11.7338  -28.8202  -19.3043
    9.7334   11.3373  -16.3167   20.5894   -2.4320  -18.1984
eta,q 0.96820 16.65621

---------------------------------------------------------------------
imgreg_4dfp /opt/freesurfer/average/711-2C_as_mni_average_305 /opt/freesurfer/average/711-2B_as_mni_average_305_mask talsrcimg_g11 none talsrcimg_to_711-2C_as_mni_average_305_t4 2311
---------------------------------------------------------------------

freesurfer imgreg_4dfp.c
/opt/freesurfer/average/711-2C_as_mni_average_305.4dfp.img
       256       256       256         1
  1.000000  1.000000  1.000000
orientation T byte_order littleendian
Reading image: /opt/freesurfer/average/711-2C_as_mni_average_305.4dfp.img
dimensions:      256       256       256
mmppix:       1.0000   -1.0000   -1.0000
center:     128.0000 -129.0000 -129.0000
/opt/freesurfer/average/711-2B_as_mni_average_305_mask.4dfp.img
       256       256       256         1
  1.000000  1.000000  1.000000
orientation T byte_order littleendian
Reading mask: /opt/freesurfer/average/711-2B_as_mni_average_305_mask.4dfp.img (2306576 pixels)
talsrcimg_g11.4dfp.img
       256       256       256         1
  1.000000  1.000000  1.000000
orientation T byte_order littleendian
Reading image: talsrcimg_g11.4dfp.img
dimensions:      256       256       256
mmppix:       1.0000   -1.0000   -1.0000
center:     128.0000 -129.0000 -129.0000
fimgreg.f
image alignment mode   2311 decimal      907 hex
parameters
   -0.1624   -3.1587    9.3765  -11.7338  -28.8202  -19.3043
    9.7334   11.3373  -16.3167   20.5894   -2.4320  -18.1984
eta,q 0.96820 16.65621
niter,ni,del,rscale     5    3    5.0000    0.8000
parameter  5 -1.625746 -> -0.500000 qaram    1.1500
parameter  6 -0.911497 -> -0.500000 qaram    1.1500
parameters
   -0.1279   -3.1342    9.6017   -9.8912  -26.0602  -16.5443
    9.1801   11.5981  -15.7074   20.2280   -1.4323  -19.1201
eta,q 0.97035 16.90284
  0.0328  0.0325  0.0322  0.0342  0.0337  0.0315  0.0309  0.0329  0.0312  0.0310  0.0308  0.0300
  0.0323  0.0321  0.0320  0.0334  0.0329  0.0310  0.0301  0.0310  0.0304  0.0304  0.0302  0.0298
  0.0319  0.0319  0.0319  0.0325  0.0321  0.0306  0.0298  0.0300  0.0299  0.0299  0.0299  0.0297
  0.0318  0.0318  0.0318  0.0318  0.0313  0.0302  0.0297  0.0297  0.0297  0.0297  0.0297  0.0297
  0.0319  0.0319  0.0318  0.0313  0.0306  0.0299  0.0300  0.0299  0.0297  0.0299  0.0297  0.0298
  0.0322  0.0321  0.0319  0.0314  0.0301  0.0297  0.0306  0.0307  0.0300  0.0305  0.0298  0.0300
  0.0327  0.0324  0.0321  0.0323  0.0300  0.0298  0.0316  0.0322  0.0305  0.0317  0.0301  0.0304
niter,ni,del,rscale     6    3    5.0000    0.9000
parameters
   -0.1823   -3.9438   10.1846  -10.4038  -25.3155  -16.0530
    9.6890   11.2353  -16.1665   19.3280   -1.0142  -19.0151
eta,q 0.97103 16.96631
  0.0315  0.0298  0.0305  0.0318  0.0325  0.0314  0.0311  0.0318  0.0301  0.0302  0.0300  0.0296
  0.0305  0.0294  0.0300  0.0308  0.0314  0.0305  0.0301  0.0300  0.0294  0.0295  0.0294  0.0293
  0.0299  0.0294  0.0296  0.0298  0.0303  0.0298  0.0293  0.0291  0.0290  0.0291  0.0291  0.0291
  0.0296  0.0297  0.0294  0.0293  0.0294  0.0291  0.0290  0.0290  0.0290  0.0290  0.0290  0.0290
  0.0299  0.0302  0.0293  0.0296  0.0288  0.0288  0.0291  0.0294  0.0292  0.0293  0.0290  0.0290
  0.0306  0.0311  0.0294  0.0311  0.0294  0.0290  0.0296  0.0306  0.0298  0.0302  0.0293  0.0292
  0.0318  0.0325  0.0297  0.0337  0.0321  0.0315  0.0304  0.0327  0.0306  0.0317  0.0297  0.0296
niter,ni,del,rscale     5    3    5.0000    0.8000
parameters
   -0.2366   -4.2118   10.3460  -10.3973  -24.5854  -15.1691
   10.0389   11.0179  -16.2411   18.6498   -0.6286  -19.0478
eta,q 0.97149 17.02466
  0.0303  0.0297  0.0297  0.0313  0.0317  0.0306  0.0302  0.0311  0.0297  0.0296  0.0294  0.0291
  0.0296  0.0292  0.0293  0.0304  0.0307  0.0299  0.0293  0.0295  0.0290  0.0290  0.0289  0.0287
  0.0291  0.0290  0.0291  0.0295  0.0297  0.0293  0.0288  0.0287  0.0286  0.0286  0.0286  0.0286
  0.0290  0.0290  0.0290  0.0289  0.0289  0.0287  0.0285  0.0285  0.0285  0.0285  0.0285  0.0285
  0.0291  0.0292  0.0290  0.0290  0.0285  0.0284  0.0286  0.0288  0.0287  0.0287  0.0286  0.0286
  0.0297  0.0297  0.0291  0.0299  0.0289  0.0285  0.0290  0.0298  0.0291  0.0295  0.0288  0.0288
  0.0305  0.0305  0.0295  0.0318  0.0312  0.0302  0.0298  0.0316  0.0297  0.0307  0.0291  0.0291
niter,ni,del,rscale     4    3    5.0000    0.7000
parameters
   -0.3460   -4.5077   10.4628  -10.3912  -23.9308  -14.6524
   10.4298   10.7826  -16.2847   18.2162   -0.2644  -18.9773
eta,q 0.97186 17.07875
  0.0295  0.0290  0.0291  0.0305  0.0308  0.0299  0.0296  0.0302  0.0291  0.0291  0.0289  0.0286
  0.0289  0.0287  0.0288  0.0296  0.0299  0.0293  0.0289  0.0289  0.0285  0.0286  0.0285  0.0283
  0.0286  0.0285  0.0286  0.0289  0.0291  0.0287  0.0284  0.0283  0.0282  0.0282  0.0282  0.0282
  0.0285  0.0285  0.0285  0.0285  0.0285  0.0283  0.0282  0.0281  0.0281  0.0281  0.0281  0.0281
  0.0287  0.0287  0.0285  0.0285  0.0281  0.0280  0.0282  0.0284  0.0283  0.0283  0.0282  0.0282
  0.0291  0.0292  0.0286  0.0293  0.0285  0.0282  0.0285  0.0292  0.0286  0.0288  0.0283  0.0283
  0.0299  0.0299  0.0289  0.0308  0.0303  0.0298  0.0292  0.0307  0.0291  0.0297  0.0287  0.0286
niter,ni,del,rscale     3    3    5.0000    0.6000
parameters
   -0.4678   -4.7437   10.5202  -10.3457  -23.3495  -14.1252
   10.7636   10.5408  -16.2600   17.8702    0.0530  -18.9006
eta,q 0.97214 17.13009
  0.0289  0.0286  0.0286  0.0297  0.0300  0.0293  0.0290  0.0294  0.0287  0.0286  0.0284  0.0282
  0.0284  0.0283  0.0283  0.0290  0.0293  0.0288  0.0284  0.0285  0.0282  0.0282  0.0281  0.0280
  0.0282  0.0281  0.0282  0.0284  0.0286  0.0283  0.0280  0.0280  0.0279  0.0279  0.0279  0.0279
  0.0281  0.0281  0.0281  0.0281  0.0281  0.0280  0.0279  0.0279  0.0279  0.0279  0.0279  0.0279
  0.0283  0.0283  0.0282  0.0282  0.0279  0.0278  0.0279  0.0281  0.0280  0.0280  0.0279  0.0279
  0.0287  0.0286  0.0283  0.0287  0.0282  0.0279  0.0282  0.0288  0.0282  0.0284  0.0280  0.0280
  0.0293  0.0292  0.0285  0.0299  0.0295  0.0291  0.0287  0.0300  0.0286  0.0290  0.0283  0.0282
niter,ni,del,rscale     2    3    5.0000    0.5000
parameters
   -0.5913   -4.9732   10.5559  -10.3443  -22.7767  -13.6389
   11.0699   10.3132  -16.2038   17.6002    0.3139  -18.9104
eta,q 0.97240 17.17862
  0.0284  0.0281  0.0282  0.0290  0.0293  0.0288  0.0285  0.0288  0.0282  0.0282  0.0281  0.0279
  0.0281  0.0279  0.0280  0.0285  0.0288  0.0284  0.0280  0.0281  0.0279  0.0278  0.0278  0.0277
  0.0279  0.0278  0.0279  0.0280  0.0282  0.0280  0.0277  0.0277  0.0277  0.0277  0.0277  0.0276
  0.0279  0.0279  0.0278  0.0278  0.0278  0.0277  0.0276  0.0276  0.0276  0.0276  0.0276  0.0276
  0.0280  0.0280  0.0278  0.0279  0.0276  0.0275  0.0276  0.0278  0.0277  0.0277  0.0276  0.0276
  0.0283  0.0283  0.0279  0.0283  0.0279  0.0277  0.0278  0.0283  0.0279  0.0280  0.0277  0.0277
  0.0287  0.0287  0.0281  0.0292  0.0288  0.0285  0.0282  0.0292  0.0281  0.0285  0.0279  0.0279
niter,ni,del,rscale     1    3    5.0000    0.4000
parameters
   -0.7158   -5.2028   10.5720  -10.3936  -22.2173  -13.1697
   11.3324   10.1072  -16.1194   17.3666    0.5424  -18.8402
eta,q 0.97262 17.22551
  0.0279  0.0277  0.0278  0.0284  0.0287  0.0283  0.0280  0.0282  0.0278  0.0278  0.0277  0.0276
  0.0277  0.0276  0.0277  0.0280  0.0282  0.0280  0.0277  0.0277  0.0276  0.0275  0.0275  0.0275
  0.0276  0.0276  0.0276  0.0277  0.0279  0.0277  0.0275  0.0275  0.0274  0.0274  0.0274  0.0274
  0.0276  0.0276  0.0276  0.0276  0.0276  0.0275  0.0274  0.0274  0.0274  0.0274  0.0274  0.0274
  0.0277  0.0277  0.0276  0.0276  0.0274  0.0273  0.0274  0.0275  0.0274  0.0275  0.0274  0.0274
  0.0279  0.0279  0.0277  0.0279  0.0276  0.0274  0.0275  0.0279  0.0275  0.0276  0.0275  0.0275
  0.0282  0.0282  0.0278  0.0285  0.0282  0.0280  0.0278  0.0286  0.0277  0.0280  0.0276  0.0276
registration optimization eta report
parameter search radius
    0.8000    0.8000    0.8000    2.4000    2.7600    2.7600
    2.4000    2.4000    2.4000    2.4000    2.4000    2.4000
100000*second partial in parameter space
       71.       59.       31.       15.       11.        9.
        9.       17.        7.        8.        5.        3.
  0.0279  0.0277  0.0278  0.0284  0.0287  0.0283  0.0280  0.0282  0.0278  0.0278  0.0277  0.0276
  0.0277  0.0276  0.0277  0.0280  0.0282  0.0280  0.0277  0.0277  0.0276  0.0275  0.0275  0.0275
  0.0276  0.0276  0.0276  0.0277  0.0279  0.0277  0.0275  0.0275  0.0274  0.0274  0.0274  0.0274
  0.0276  0.0276  0.0276  0.0276  0.0276  0.0275  0.0274  0.0274  0.0274  0.0274  0.0274  0.0274
  0.0277  0.0277  0.0276  0.0276  0.0274  0.0273  0.0274  0.0275  0.0274  0.0275  0.0274  0.0274
  0.0279  0.0279  0.0277  0.0279  0.0276  0.0274  0.0275  0.0279  0.0275  0.0276  0.0275  0.0275
  0.0282  0.0282  0.0278  0.0285  0.0282  0.0280  0.0278  0.0286  0.0277  0.0280  0.0276  0.0276
   -0.7158   -5.2028   10.5720  -10.3936  -22.2173  -13.1697
   11.3324   10.1072  -16.1194   17.3666    0.5424  -18.8402
eta,q 0.97262 17.22551

---------------------------------------------------------------------
imgreg_4dfp /opt/freesurfer/average/711-2C_as_mni_average_305 /opt/freesurfer/average/711-2B_as_mni_average_305_mask talsrcimg_g11 none talsrcimg_to_711-2C_as_mni_average_305_t4 2311
---------------------------------------------------------------------

freesurfer imgreg_4dfp.c
/opt/freesurfer/average/711-2C_as_mni_average_305.4dfp.img
       256       256       256         1
  1.000000  1.000000  1.000000
orientation T byte_order littleendian
Reading image: /opt/freesurfer/average/711-2C_as_mni_average_305.4dfp.img
dimensions:      256       256       256
mmppix:       1.0000   -1.0000   -1.0000
center:     128.0000 -129.0000 -129.0000
/opt/freesurfer/average/711-2B_as_mni_average_305_mask.4dfp.img
       256       256       256         1
  1.000000  1.000000  1.000000
orientation T byte_order littleendian
Reading mask: /opt/freesurfer/average/711-2B_as_mni_average_305_mask.4dfp.img (2306576 pixels)
talsrcimg_g11.4dfp.img
       256       256       256         1
  1.000000  1.000000  1.000000
orientation T byte_order littleendian
Reading image: talsrcimg_g11.4dfp.img
dimensions:      256       256       256
mmppix:       1.0000   -1.0000   -1.0000
center:     128.0000 -129.0000 -129.0000
fimgreg.f
image alignment mode   2311 decimal      907 hex
parameters
   -0.7158   -5.2028   10.5720  -10.3936  -22.2173  -13.1697
   11.3324   10.1072  -16.1194   17.3666    0.5424  -18.8402
eta,q 0.97262 17.22550
niter,ni,del,rscale     5    3    5.0000    0.8000
parameters
   -0.8289   -5.5163   10.6499  -10.9383  -22.5616  -13.8595
   11.5633    9.9631  -16.4080   16.8846    0.6460  -18.6220
eta,q 0.97229 17.19112
  0.0291  0.0283  0.0284  0.0298  0.0296  0.0293  0.0295  0.0306  0.0289  0.0288  0.0285  0.0284
  0.0281  0.0277  0.0278  0.0287  0.0287  0.0287  0.0286  0.0289  0.0281  0.0282  0.0281  0.0280
  0.0275  0.0274  0.0274  0.0278  0.0280  0.0280  0.0280  0.0280  0.0278  0.0278  0.0278  0.0278
  0.0274  0.0274  0.0274  0.0274  0.0274  0.0275  0.0277  0.0277  0.0277  0.0277  0.0277  0.0277
  0.0277  0.0277  0.0274  0.0278  0.0274  0.0273  0.0278  0.0280  0.0279  0.0279  0.0278  0.0278
  0.0284  0.0285  0.0277  0.0292  0.0285  0.0287  0.0283  0.0290  0.0284  0.0284  0.0280  0.0279
  0.0296  0.0297  0.0281  0.0319  0.0313  0.0330  0.0292  0.0311  0.0291  0.0295  0.0285  0.0282
niter,ni,del,rscale     4    3    5.0000    0.7000
parameters
   -0.8105   -5.2283   10.7221  -10.6899  -22.6609  -13.5651
   11.6741    9.8068  -16.3325   16.9595    0.8007  -18.6899
eta,q 0.97244 17.18859
  0.0290  0.0291  0.0283  0.0299  0.0295  0.0291  0.0290  0.0299  0.0287  0.0288  0.0283  0.0280
  0.0283  0.0284  0.0279  0.0290  0.0288  0.0286  0.0282  0.0286  0.0280  0.0281  0.0279  0.0278
  0.0279  0.0280  0.0277  0.0282  0.0281  0.0281  0.0277  0.0278  0.0277  0.0277  0.0277  0.0276
  0.0277  0.0277  0.0276  0.0276  0.0276  0.0276  0.0276  0.0276  0.0276  0.0276  0.0276  0.0276
  0.0278  0.0277  0.0277  0.0276  0.0275  0.0274  0.0277  0.0278  0.0277  0.0276  0.0276  0.0276
  0.0282  0.0278  0.0278  0.0283  0.0283  0.0276  0.0281  0.0287  0.0280  0.0280  0.0278  0.0278
  0.0289  0.0283  0.0282  0.0298  0.0304  0.0293  0.0289  0.0304  0.0286  0.0288  0.0282  0.0281
niter,ni,del,rscale     3    3    5.0000    0.6000
parameters
   -0.8701   -5.2755   10.7163  -10.5947  -22.3614  -13.2728
   11.7235    9.7015  -16.2345   16.9798    0.8931  -18.7104
eta,q 0.97259 17.21646
  0.0284  0.0283  0.0280  0.0293  0.0292  0.0287  0.0285  0.0293  0.0283  0.0283  0.0280  0.0278
  0.0279  0.0279  0.0277  0.0285  0.0285  0.0282  0.0279  0.0282  0.0278  0.0279  0.0277  0.0276
  0.0276  0.0276  0.0276  0.0279  0.0280  0.0278  0.0275  0.0276  0.0275  0.0275  0.0275  0.0274
  0.0276  0.0276  0.0276  0.0276  0.0275  0.0275  0.0274  0.0274  0.0274  0.0274  0.0274  0.0274
  0.0277  0.0276  0.0276  0.0276  0.0274  0.0273  0.0275  0.0276  0.0275  0.0275  0.0274  0.0275
  0.0281  0.0279  0.0278  0.0282  0.0278  0.0275  0.0278  0.0283  0.0278  0.0278  0.0276  0.0276
  0.0286  0.0284  0.0280  0.0293  0.0290  0.0287  0.0285  0.0296  0.0282  0.0284  0.0279  0.0278
niter,ni,del,rscale     2    3    5.0000    0.5000
parameters
   -0.9266   -5.3974   10.6874  -10.5647  -21.9776  -12.9708
   11.7901    9.6286  -16.1387   16.9425    0.9746  -18.7058
eta,q 0.97274 17.24750
  0.0281  0.0278  0.0277  0.0287  0.0287  0.0283  0.0281  0.0287  0.0279  0.0279  0.0277  0.0276
  0.0277  0.0276  0.0275  0.0281  0.0282  0.0279  0.0276  0.0279  0.0276  0.0276  0.0275  0.0274
  0.0275  0.0274  0.0274  0.0276  0.0277  0.0276  0.0274  0.0274  0.0273  0.0274  0.0273  0.0273
  0.0274  0.0274  0.0274  0.0274  0.0274  0.0273  0.0273  0.0273  0.0273  0.0273  0.0273  0.0273
  0.0275  0.0275  0.0274  0.0275  0.0273  0.0272  0.0273  0.0274  0.0273  0.0273  0.0273  0.0273
  0.0278  0.0277  0.0276  0.0279  0.0275  0.0273  0.0276  0.0279  0.0275  0.0276  0.0274  0.0274
  0.0282  0.0282  0.0277  0.0288  0.0284  0.0282  0.0280  0.0289  0.0278  0.0280  0.0277  0.0276
niter,ni,del,rscale     1    3    5.0000    0.4000
parameters
   -0.9804   -5.5500   10.6691  -10.5737  -21.5767  -12.6573
   11.8753    9.5609  -16.0232   16.8289    0.9995  -18.6823
eta,q 0.97288 17.27752
  0.0277  0.0275  0.0275  0.0281  0.0282  0.0279  0.0277  0.0281  0.0276  0.0276  0.0274  0.0274
  0.0274  0.0273  0.0273  0.0277  0.0278  0.0276  0.0274  0.0276  0.0273  0.0273  0.0273  0.0272
  0.0273  0.0273  0.0273  0.0274  0.0275  0.0274  0.0272  0.0272  0.0272  0.0272  0.0272  0.0271
  0.0273  0.0273  0.0273  0.0273  0.0273  0.0272  0.0271  0.0271  0.0271  0.0271  0.0271  0.0271
  0.0273  0.0273  0.0273  0.0273  0.0272  0.0271  0.0272  0.0272  0.0272  0.0272  0.0272  0.0271
  0.0275  0.0275  0.0274  0.0276  0.0273  0.0272  0.0273  0.0276  0.0273  0.0274  0.0273  0.0272
  0.0278  0.0278  0.0275  0.0282  0.0278  0.0278  0.0276  0.0283  0.0275  0.0277  0.0274  0.0273
registration optimization eta report
parameter search radius
    0.8000    0.8000    0.8000    2.4000    2.4000    2.4000
    2.4000    2.4000    2.4000    2.4000    2.4000    2.4000
100000*second partial in parameter space
       76.       62.       35.       16.       13.       12.
        9.       19.        7.        9.        5.        4.
  0.0277  0.0275  0.0275  0.0281  0.0282  0.0279  0.0277  0.0281  0.0276  0.0276  0.0274  0.0274
  0.0274  0.0273  0.0273  0.0277  0.0278  0.0276  0.0274  0.0276  0.0273  0.0273  0.0273  0.0272
  0.0273  0.0273  0.0273  0.0274  0.0275  0.0274  0.0272  0.0272  0.0272  0.0272  0.0272  0.0271
  0.0273  0.0273  0.0273  0.0273  0.0273  0.0272  0.0271  0.0271  0.0271  0.0271  0.0271  0.0271
  0.0273  0.0273  0.0273  0.0273  0.0272  0.0271  0.0272  0.0272  0.0272  0.0272  0.0272  0.0271
  0.0275  0.0275  0.0274  0.0276  0.0273  0.0272  0.0273  0.0276  0.0273  0.0274  0.0273  0.0272
  0.0278  0.0278  0.0275  0.0282  0.0278  0.0278  0.0276  0.0283  0.0275  0.0277  0.0274  0.0273
   -0.9804   -5.5500   10.6691  -10.5737  -21.5767  -12.6573
   11.8753    9.5609  -16.0232   16.8289    0.9995  -18.6823
eta,q 0.97288 17.27752

---------------------------------------------------------------------
compute_vox2vox talsrcimg talsrcimg_to_711-2C_as_mni_average_305_t4 /opt/freesurfer/average/711-2C_as_mni_average_305
---------------------------------------------------------------------

freesurfer compute_vox2vox.c
Reading: talsrcimg.4dfp.ifh
Reading: talsrcimg_to_711-2C_as_mni_average_305_t4
Reading: /opt/freesurfer/average/711-2C_as_mni_average_305.4dfp.ifh
Writing: talsrcimg_to_711-2C_as_mni_average_305_t4_vox2vox.txt

start time Wed Mar 11 09:05:53 CET 2026
end		time Wed Mar 11 09:07:31 CET 2026

mpr2mni305 success

avi2talxfm orig_nu.mgz /opt/freesurfer/average/mni305.cor.mgz talsrcimg_to_711-2C_as_mni_average_305_t4_vox2vox.txt transforms/talairach.auto.xfm
avi2talxfm done
mv -f /out/sourcedata/freesurfer/sub-v2s15x29753_ses-1/mri/talsrcimg_to_711-2C_as_mni_average_305_t4_vox2vox.txt /out/sourcedata/freesurfer/sub-v2s15x29753_ses-1/mri/transforms/talsrcimg_to_711-2C_as_mni_average_305_t4_vox2vox.txt
lta_convert --src orig_nu.mgz --trg /opt/freesurfer/average/mni305.cor.mgz --inxfm transforms/talairach.auto.xfm --outlta transforms/talairach.auto.xfm.lta --subject fsaverage
7.3.2

--src: orig_nu.mgz src image (geometry).
--trg: /opt/freesurfer/average/mni305.cor.mgz trg image (geometry).
--inmni: transforms/talairach.auto.xfm input MNI/XFM transform.
--outlta: transforms/talairach.auto.xfm.lta output LTA.
--s: fsaverage subject name
 LTA read, type : 1
 1.08614  -0.08338  -0.18433  -5.69347;
 0.03350   1.09210   0.25509  -18.43110;
 0.21473  -0.25139   1.18273   10.92320;
 0.00000   0.00000   0.00000   1.00000;
setting subject to fsaverage
Writing  LTA to file transforms/talairach.auto.xfm.lta...
lta_convert successful.
 
 
Started at Wed Mar 11 09:05:52 CET 2026
Ended   at Wed Mar 11 09:07:32 CET 2026
talairach_avi done
