status file for recon-all
Wed Mar 11 09:04:10 CET 2026
#@# MotionCor Wed Mar 11 09:04:12 CET 2026
#@# Talairach Wed Mar 11 09:04:20 CET 2026
#@# Talairach Failure Detection Wed Mar 11 09:08:46 CET 2026
#@# Nu Intensity Correction Wed Mar 11 09:08:46 CET 2026
#@# Intensity Normalization Wed Mar 11 09:12:00 CET 2026
recon-all -s sub-v2s15x29754_ses-1 finished without error at Wed Mar 11 09:13:23 CET 2026



#New# invocation of recon-all 



status file for recon-all
Wed Mar 11 09:20:16 CET 2026
#@# EM Registration Wed Mar 11 09:20:16 CET 2026
recon-all -s sub-v2s15x29754_ses-1 finished without error at Wed Mar 11 09:22:14 CET 2026



#New# invocation of recon-all 



status file for recon-all
Wed Mar 11 09:22:15 CET 2026
#@# CA Normalize Wed Mar 11 09:22:15 CET 2026
#@# CA Reg Wed Mar 11 09:23:34 CET 2026
#@# SubCort Seg Wed Mar 11 10:10:15 CET 2026
#@# CC Seg Wed Mar 11 10:33:33 CET 2026
#@# Merge ASeg Wed Mar 11 10:34:18 CET 2026
#@# Intensity Normalization2 Wed Mar 11 10:34:18 CET 2026
#@# Mask BFS Wed Mar 11 10:36:23 CET 2026
#@# WM Segmentation Wed Mar 11 10:36:24 CET 2026
#@# Fill Wed Mar 11 10:38:11 CET 2026
recon-all -s sub-v2s15x29754_ses-1 finished without error at Wed Mar 11 10:39:10 CET 2026



#New# invocation of recon-all 



status file for recon-all
Wed Mar 11 11:09:34 CET 2026
#@# white curv lh Wed Mar 11 11:09:34 CET 2026
#@# white area lh Wed Mar 11 11:09:34 CET 2026
#@# pial curv lh Wed Mar 11 11:09:34 CET 2026
#@# pial area lh Wed Mar 11 11:09:34 CET 2026
#@# thickness lh Wed Mar 11 11:09:34 CET 2026
#@# area and vertex vol lh Wed Mar 11 11:09:34 CET 2026
#@# white curv rh Wed Mar 11 11:09:34 CET 2026
#@# white area rh Wed Mar 11 11:09:34 CET 2026
#@# pial curv rh Wed Mar 11 11:09:34 CET 2026
#@# pial area rh Wed Mar 11 11:09:34 CET 2026
#@# thickness rh Wed Mar 11 11:09:34 CET 2026
#@# area and vertex vol rh Wed Mar 11 11:09:34 CET 2026
#@# Cortical ribbon mask Wed Mar 11 11:09:34 CET 2026
recon-all -s sub-v2s15x29754_ses-1 finished without error at Wed Mar 11 11:12:17 CET 2026



#New# invocation of recon-all 



status file for recon-all
Wed Mar 11 11:17:18 CET 2026
#@# white curv lh Wed Mar 11 11:17:18 CET 2026
#@# white area lh Wed Mar 11 11:17:18 CET 2026
#@# pial curv lh Wed Mar 11 11:17:18 CET 2026
#@# pial area lh Wed Mar 11 11:17:18 CET 2026
#@# thickness lh Wed Mar 11 11:17:18 CET 2026
#@# area and vertex vol lh Wed Mar 11 11:17:18 CET 2026
#@# white curv rh Wed Mar 11 11:17:18 CET 2026
#@# white area rh Wed Mar 11 11:17:18 CET 2026
#@# pial curv rh Wed Mar 11 11:17:18 CET 2026
#@# pial area rh Wed Mar 11 11:17:18 CET 2026
#@# thickness rh Wed Mar 11 11:17:18 CET 2026
#@# area and vertex vol rh Wed Mar 11 11:17:18 CET 2026
#@# Curvature Stats lh Wed Mar 11 11:17:18 CET 2026
#@# Curvature Stats rh Wed Mar 11 11:17:20 CET 2026
#@# Relabel Hypointensities Wed Mar 11 11:17:21 CET 2026
#@# APas-to-ASeg Wed Mar 11 11:17:35 CET 2026
#@# AParc-to-ASeg aparc Wed Mar 11 11:17:41 CET 2026
#@# AParc-to-ASeg aparc.a2009s Wed Mar 11 11:18:08 CET 2026
#@# AParc-to-ASeg aparc.DKTatlas Wed Mar 11 11:18:31 CET 2026
#@# WMParc Wed Mar 11 11:18:56 CET 2026
#@# ASeg Stats Wed Mar 11 11:22:24 CET 2026
recon-all -s sub-v2s15x29754_ses-1 finished without error at Wed Mar 11 11:23:00 CET 2026
