status file for recon-all
Wed Mar 11 10:54:08 CET 2026
#@# Tessellate rh Wed Mar 11 10:54:08 CET 2026
#@# Smooth1 rh Wed Mar 11 10:54:11 CET 2026
#@# Inflation1 rh Wed Mar 11 10:54:13 CET 2026
#@# QSphere rh Wed Mar 11 10:54:22 CET 2026
#@# Fix Topology rh Wed Mar 11 10:55:24 CET 2026
#@# Smooth2 rh Wed Mar 11 10:59:05 CET 2026
#@# Inflation2 rh Wed Mar 11 10:59:07 CET 2026
#@# Curv .H and .K rh Wed Mar 11 10:59:18 CET 2026
#@# Sphere rh Wed Mar 11 10:59:54 CET 2026
#@# Surf Reg rh Wed Mar 11 11:01:32 CET 2026
#@# Jacobian white rh Wed Mar 11 11:04:00 CET 2026
#@# AvgCurv rh Wed Mar 11 11:04:01 CET 2026
#@# Cortical Parc rh Wed Mar 11 11:04:01 CET 2026
#@# white curv rh Wed Mar 11 11:08:41 CET 2026
#@# white area rh Wed Mar 11 11:08:43 CET 2026
#@# pial curv rh Wed Mar 11 11:08:43 CET 2026
#@# pial area rh Wed Mar 11 11:08:44 CET 2026
#@# thickness rh Wed Mar 11 11:08:45 CET 2026
#@# area and vertex vol rh Wed Mar 11 11:09:06 CET 2026
#@# Curvature Stats rh Wed Mar 11 11:09:07 CET 2026
#@# Cortical Parc 2 rh Wed Mar 11 11:09:09 CET 2026
#@# Cortical Parc 3 rh Wed Mar 11 11:09:20 CET 2026
#@# WM/GM Contrast rh Wed Mar 11 11:09:28 CET 2026
recon-all -s sub-v2s15x29754_ses-1 finished without error at Wed Mar 11 11:09:30 CET 2026



#New# invocation of recon-all 



status file for recon-all
Wed Mar 11 11:14:50 CET 2026
#@# white curv rh Wed Mar 11 11:14:50 CET 2026
#@# white area rh Wed Mar 11 11:14:50 CET 2026
#@# pial curv rh Wed Mar 11 11:14:50 CET 2026
#@# pial area rh Wed Mar 11 11:14:50 CET 2026
#@# thickness rh Wed Mar 11 11:14:50 CET 2026
#@# area and vertex vol rh Wed Mar 11 11:14:50 CET 2026
#@# Parcellation Stats rh Wed Mar 11 11:14:50 CET 2026
#@# Parcellation Stats 2 rh Wed Mar 11 11:15:02 CET 2026
#@# Parcellation Stats 3 rh Wed Mar 11 11:15:09 CET 2026
#@# BA_exvivo Labels rh Wed Mar 11 11:15:15 CET 2026
recon-all -s sub-v2s15x29754_ses-1 finished without error at Wed Mar 11 11:17:13 CET 2026
