status file for recon-all
Wed Mar 11 10:39:13 CET 2026
#@# Tessellate lh Wed Mar 11 10:39:13 CET 2026
#@# Smooth1 lh Wed Mar 11 10:39:16 CET 2026
#@# Inflation1 lh Wed Mar 11 10:39:18 CET 2026
#@# QSphere lh Wed Mar 11 10:39:28 CET 2026
#@# Fix Topology lh Wed Mar 11 10:40:17 CET 2026
#@# Smooth2 lh Wed Mar 11 10:44:10 CET 2026
#@# Inflation2 lh Wed Mar 11 10:44:13 CET 2026
#@# Curv .H and .K lh Wed Mar 11 10:44:23 CET 2026
#@# Sphere lh Wed Mar 11 10:44:58 CET 2026
#@# Surf Reg lh Wed Mar 11 10:46:19 CET 2026
#@# Jacobian white lh Wed Mar 11 10:48:33 CET 2026
#@# AvgCurv lh Wed Mar 11 10:48:33 CET 2026
#@# Cortical Parc lh Wed Mar 11 10:48:34 CET 2026
#@# white curv lh Wed Mar 11 10:53:16 CET 2026
#@# white area lh Wed Mar 11 10:53:17 CET 2026
#@# pial curv lh Wed Mar 11 10:53:18 CET 2026
#@# pial area lh Wed Mar 11 10:53:19 CET 2026
#@# thickness lh Wed Mar 11 10:53:19 CET 2026
#@# area and vertex vol lh Wed Mar 11 10:53:41 CET 2026
#@# Curvature Stats lh Wed Mar 11 10:53:42 CET 2026
#@# Cortical Parc 2 lh Wed Mar 11 10:53:44 CET 2026
#@# Cortical Parc 3 lh Wed Mar 11 10:53:54 CET 2026
#@# WM/GM Contrast lh Wed Mar 11 10:54:03 CET 2026
recon-all -s sub-v2s15x29754_ses-1 finished without error at Wed Mar 11 10:54:05 CET 2026



#New# invocation of recon-all 



status file for recon-all
Wed Mar 11 11:12:22 CET 2026
#@# white curv lh Wed Mar 11 11:12:22 CET 2026
#@# white area lh Wed Mar 11 11:12:22 CET 2026
#@# pial curv lh Wed Mar 11 11:12:22 CET 2026
#@# pial area lh Wed Mar 11 11:12:22 CET 2026
#@# thickness lh Wed Mar 11 11:12:22 CET 2026
#@# area and vertex vol lh Wed Mar 11 11:12:22 CET 2026
#@# Parcellation Stats lh Wed Mar 11 11:12:22 CET 2026
#@# Parcellation Stats 2 lh Wed Mar 11 11:12:34 CET 2026
#@# Parcellation Stats 3 lh Wed Mar 11 11:12:40 CET 2026
#@# BA_exvivo Labels lh Wed Mar 11 11:12:46 CET 2026
recon-all -s sub-v2s15x29754_ses-1 finished without error at Wed Mar 11 11:14:47 CET 2026
