/out/sourcedata/freesurfer/sub-v2s15x29743_ses-1/mri
/opt/freesurfer/bin/talairach_avi
--i orig_nu.mgz --xfm transforms/talairach.auto.xfm
talairach_avi 7.3.2
Linux dna087 5.14.0-427.37.1.el9_4.x86_64 #1 SMP PREEMPT_DYNAMIC Fri Sep 13 12:41:50 EDT 2024 x86_64 x86_64 x86_64 GNU/Linux
Wed Mar 11 08:40:14 CET 2026
mri_convert orig_nu.mgz talsrcimg.img 
reading from orig_nu.mgz...
TR=0.00, TE=0.00, TI=0.00, flip angle=0.00
i_ras = (-1, 0, 0)
j_ras = (1.49012e-08, 0, -1)
k_ras = (0, 1, 0)
writing to talsrcimg.img...
Analyze Output Matrix
-1.00000   0.00000   0.00000   123.77215;
 0.00000   0.00000   1.00000  -129.82129;
 0.00000  -1.00000   0.00000   111.87455;
 0.00000   0.00000   0.00000   1.00000;
--------------------
INFO: set hdr.hist.orient to -1
mpr2mni305 talsrcimg
Wed Mar 11 08:40:14 CET 2026
/opt/freesurfer/bin/mpr2mni305 talsrcimg
mpr2mni305 7.3.2
target=711-2C_as_mni_average_305

---------------------------------------------------------------------
analyzeto4dfp talsrcimg -O0 -y
---------------------------------------------------------------------

freesurfer ifh2hdr.c
Wed Mar 11 08:40:14 2026
Writing: talsrcimg.4dfp.hdr
freesurfer analyzeto4dfp.c
Reading: talsrcimg.hdr
header size 348 bytes
hdr.dime.datatype	offset=70	value=2
hdr.dime.bitpix		offset=72	value=8
hdr.hist.orient		offset=252	value=-1
dimensionality     4
dimensions       256       256       256         1
Reading: talsrcimg.img
Writing: talsrcimg.4dfp.img
Writing: talsrcimg.4dfp.ifh
ifh2hdr talsrcimg -r0to207
ori=2

---------------------------------------------------------------------
gauss_4dfp talsrcimg 1.1
---------------------------------------------------------------------

freesurfer gauss_4dfp.c
Reading: talsrcimg.4dfp.img
Writing: talsrcimg_g11.4dfp.img
image dimensions 256 256 256 padded to 288 288 288
processing volume 1freesurfer ifh2hdr.c
Wed Mar 11 08:40:15 2026
Writing: talsrcimg_g11.4dfp.hdr

Writing: talsrcimg_g11.4dfp.ifh
including: talsrcimg.4dfp.img.rec in talsrcimg_g11.4dfp.img.rec

---------------------------------------------------------------------
imgreg_4dfp /opt/freesurfer/average/711-2C_as_mni_average_305 none talsrcimg_g11 none talsrcimg_to_711-2C_as_mni_average_305_t4 4355
---------------------------------------------------------------------

freesurfer imgreg_4dfp.c
/opt/freesurfer/average/711-2C_as_mni_average_305.4dfp.img
       256       256       256         1
  1.000000  1.000000  1.000000
orientation T byte_order littleendian
Reading image: /opt/freesurfer/average/711-2C_as_mni_average_305.4dfp.img
dimensions:      256       256       256
mmppix:       1.0000   -1.0000   -1.0000
center:     128.0000 -129.0000 -129.0000
talsrcimg_g11.4dfp.img
       256       256       256         1
  1.000000  1.000000  1.000000
orientation T byte_order littleendian
Reading image: talsrcimg_g11.4dfp.img
dimensions:      256       256       256
mmppix:       1.0000   -1.0000   -1.0000
center:     128.0000 -129.0000 -129.0000
t4_read: open error in t4_sub.f l:  41 t4_file(1:l)talsrcimg_to_711-2C_as_mni_average_305_t4 
t4_read: transform initialized to I4
rotation matrix determinant  1.000000
image alignment mode   4355 decimal     1103 hex
   -7.5000  -45.0000  -45.0000 5812.5127   25.5302
    0.0000  -45.0000  -45.0000 6092.6372   25.4750
    7.5000  -45.0000  -45.0000 5862.3423   25.4572
   -7.5000  -37.5000  -45.0000 6306.0913   24.7023
    0.0000  -37.5000  -45.0000 6639.5215   24.6664
    7.5000  -37.5000  -45.0000 6432.0405   24.6520
   -7.5000  -30.0000  -45.0000 7117.9302   24.1333
    0.0000  -30.0000  -45.0000 7453.3115   24.1077
    7.5000  -30.0000  -45.0000 7252.8677   24.0966
   -7.5000  -22.5000  -45.0000 8005.9688   23.9044
    0.0000  -22.5000  -45.0000 8385.1221   23.8672
    7.5000  -22.5000  -45.0000 8135.5649   23.8551
   -7.5000  -15.0000  -45.0000 8893.1426   23.7714
    0.0000  -15.0000  -45.0000 9304.0410   23.7184
    7.5000  -15.0000  -45.0000 8990.5537   23.7034
   -7.5000   -7.5000  -45.0000 9793.8887   23.7120
    0.0000   -7.5000  -45.000010293.6797   23.6560
    7.5000   -7.5000  -45.0000 9901.1465   23.6388
   -7.5000    0.0000  -45.000010599.1699   23.6947
    0.0000    0.0000  -45.000011167.0605   23.6480
    7.5000    0.0000  -45.000010718.6133   23.6320
   -7.5000    7.5000  -45.000010534.3145   23.6688
    0.0000    7.5000  -45.000011100.5322   23.6367
    7.5000    7.5000  -45.000010707.2520   23.6242
   -7.5000   15.0000  -45.000010408.0732   23.6356
    0.0000   15.0000  -45.000010944.2900   23.6107
    7.5000   15.0000  -45.000010577.3584   23.6002
   -7.5000   22.5000  -45.000010226.8164   23.6304
    0.0000   22.5000  -45.000010773.5488   23.5939
    7.5000   22.5000  -45.000010397.3447   23.5826
   -7.5000   30.0000  -45.0000 9999.6152   23.3500
    0.0000   30.0000  -45.000010556.8955   23.2981
    7.5000   30.0000  -45.000010168.9219   23.2840
   -7.5000   37.5000  -45.000010028.3438   23.3682
    0.0000   37.5000  -45.000010572.7324   23.3135
    7.5000   37.5000  -45.000010179.0479   23.2968
   -7.5000   45.0000  -45.0000 9504.9434   22.7853
    0.0000   45.0000  -45.000010022.6953   22.7404
    7.5000   45.0000  -45.0000 9653.3398   22.7250
   -7.5000  -45.0000  -37.5000 6196.9658   25.3216
    0.0000  -45.0000  -37.5000 6502.8149   25.2728
    7.5000  -45.0000  -37.5000 6294.9819   25.2899
   -7.5000  -37.5000  -37.5000 6728.7148   24.5095
    0.0000  -37.5000  -37.5000 7064.2026   24.4744
    7.5000  -37.5000  -37.5000 6881.1079   24.4885
   -7.5000  -30.0000  -37.5000 7601.5181   23.9424
    0.0000  -30.0000  -37.5000 7952.5190   23.9130
    7.5000  -30.0000  -37.5000 7727.3501   23.9242
   -7.5000  -22.5000  -37.5000 8557.7549   23.7063
    0.0000  -22.5000  -37.5000 8960.8828   23.6664
    7.5000  -22.5000  -37.5000 8669.3525   23.6758
   -7.5000  -15.0000  -37.5000 9520.2637   23.5707
    0.0000  -15.0000  -37.5000 9963.1025   23.5197
    7.5000  -15.0000  -37.5000 9600.2217   23.5299
   -7.5000   -7.5000  -37.500010476.5068   23.5197
    0.0000   -7.5000  -37.500010992.4844   23.4697
    7.5000   -7.5000  -37.500010581.0508   23.4820
   -7.5000    0.0000  -37.500011329.7822   23.5130
    0.0000    0.0000  -37.500011895.3115   23.4721
    7.5000    0.0000  -37.500011449.4453   23.4865
   -7.5000    7.5000  -37.500011238.4902   23.4911
    0.0000    7.5000  -37.500011810.6299   23.4598
    7.5000    7.5000  -37.500011394.5527   23.4733
   -7.5000   15.0000  -37.500011062.5811   23.4532
    0.0000   15.0000  -37.500011622.3555   23.4244
    7.5000   15.0000  -37.500011206.5645   23.4353
   -7.5000   22.5000  -37.500010843.6094   23.4380
    0.0000   22.5000  -37.500011393.2559   23.3989
    7.5000   22.5000  -37.500010978.8477   23.4086
   -7.5000   30.0000  -37.500010587.2422   23.1544
    0.0000   30.0000  -37.500011139.4863   23.1046
    7.5000   30.0000  -37.500010714.0889   23.1150
   -7.5000   37.5000  -37.500010598.6689   23.1789
    0.0000   37.5000  -37.500011167.0830   23.1300
    7.5000   37.5000  -37.500010762.3867   23.1424
   -7.5000   45.0000  -37.500010058.1846   22.6106
    0.0000   45.0000  -37.500010603.4502   22.5712
    7.5000   45.0000  -37.500010222.5439   22.5851
   -7.5000  -45.0000  -30.0000 6689.4966   26.3751
    0.0000  -45.0000  -30.0000 6991.4712   26.3379
    7.5000  -45.0000  -30.0000 6797.7104   26.3594
   -7.5000  -37.5000  -30.0000 7273.0474   25.5200
    0.0000  -37.5000  -30.0000 7602.7246   25.4934
    7.5000  -37.5000  -30.0000 7425.4404   25.5123
   -7.5000  -30.0000  -30.0000 8226.1543   24.9248
    0.0000  -30.0000  -30.0000 8590.3018   24.9043
    7.5000  -30.0000  -30.0000 8355.5420   24.9190
   -7.5000  -22.5000  -30.0000 9266.3428   24.6841
    0.0000  -22.5000  -30.0000 9687.6885   24.6572
    7.5000  -22.5000  -30.0000 9392.4258   24.6680
   -7.5000  -15.0000  -30.000010298.1055   24.5517
    0.0000  -15.0000  -30.000010790.8428   24.5165
    7.5000  -15.0000  -30.000010398.8398   24.5275
   -7.5000   -7.5000  -30.000011326.3623   24.5020
    0.0000   -7.5000  -30.000011894.0947   24.4669
    7.5000   -7.5000  -30.000011434.5303   24.4817
   -7.5000    0.0000  -30.000012245.9160   24.4912
    0.0000    0.0000  -30.000012837.2373   24.4609
    7.5000    0.0000  -30.000012349.1260   24.4795
   -7.5000    7.5000  -30.000012129.3809   24.4592
    0.0000    7.5000  -30.000012741.3438   24.4355
    7.5000    7.5000  -30.000012261.1885   24.4534
   -7.5000   15.0000  -30.000011950.8633   24.4155
    0.0000   15.0000  -30.000012546.5684   24.3953
    7.5000   15.0000  -30.000012029.2705   24.4096
   -7.5000   22.5000  -30.000011703.3643   24.4033
    0.0000   22.5000  -30.000012309.5869   24.3769
    7.5000   22.5000  -30.000011782.6543   24.3881
   -7.5000   30.0000  -30.000011387.4072   24.1212
    0.0000   30.0000  -30.000011993.4590   24.0869
    7.5000   30.0000  -30.000011493.6357   24.0981
   -7.5000   37.5000  -30.000011406.5518   24.1493
    0.0000   37.5000  -30.000012029.3252   24.1150
    7.5000   37.5000  -30.000011549.4961   24.1299
   -7.5000   45.0000  -30.000010807.7471   23.5685
    0.0000   45.0000  -30.000011396.8652   23.5394
    7.5000   45.0000  -30.000010963.5137   23.5572
   -7.5000  -45.0000  -22.5000 7191.6523   27.3254
    0.0000  -45.0000  -22.5000 7504.9521   27.2955
    7.5000  -45.0000  -22.5000 7276.9990   27.2810
   -7.5000  -37.5000  -22.5000 7813.4600   26.4275
    0.0000  -37.5000  -22.5000 8186.0234   26.4107
    7.5000  -37.5000  -22.5000 7970.2451   26.4007
   -7.5000  -30.0000  -22.5000 8851.7412   25.8176
    0.0000  -30.0000  -22.5000 9264.6357   25.8124
    7.5000  -30.0000  -22.5000 8964.0898   25.8022
   -7.5000  -22.5000  -22.5000 9984.2441   25.5896
    0.0000  -22.5000  -22.500010441.6592   25.5808
    7.5000  -22.5000  -22.500010063.2090   25.5638
   -7.5000  -15.0000  -22.500011100.9277   25.4654
    0.0000  -15.0000  -22.500011620.3379   25.4462
    7.5000  -15.0000  -22.500011155.5049   25.4247
   -7.5000   -7.5000  -22.500012202.9277   25.4038
    0.0000   -7.5000  -22.500012799.2959   25.3788
    7.5000   -7.5000  -22.500012270.6553   25.3604
   -7.5000    0.0000  -22.500013170.5322   25.3720
    0.0000    0.0000  -22.500013794.8320   25.3482
    7.5000    0.0000  -22.500013216.5273   25.3358
   -7.5000    7.5000  -22.500013074.0654   25.3272
    0.0000    7.5000  -22.500013710.4287   25.3125
    7.5000    7.5000  -22.500013121.7256   25.3039
   -7.5000   15.0000  -22.500012917.9561   25.2880
    0.0000   15.0000  -22.500013498.6240   25.2825
    7.5000   15.0000  -22.500012866.6074   25.2731
   -7.5000   22.5000  -22.500012670.4043   25.2954
    0.0000   22.5000  -22.500013257.5752   25.2867
    7.5000   22.5000  -22.500012613.4404   25.2707
   -7.5000   30.0000  -22.500012319.2881   25.0225
    0.0000   30.0000  -22.500012919.9238   25.0038
    7.5000   30.0000  -22.500012282.5898   24.9833
   -7.5000   37.5000  -22.500012294.5117   25.0420
    0.0000   37.5000  -22.500012904.8848   25.0177
    7.5000   37.5000  -22.500012306.8525   24.9999
   -7.5000   45.0000  -22.500011594.9590   24.4345
    0.0000   45.0000  -22.500012184.9287   24.4116
    7.5000   45.0000  -22.500011659.7510   24.3996
   -7.5000  -45.0000  -15.0000 7693.5723   28.0004
    0.0000  -45.0000  -15.0000 8034.1206   27.9674
    7.5000  -45.0000  -15.0000 7773.7241   27.9143
   -7.5000  -37.5000  -15.0000 8392.5498   27.0772
    0.0000  -37.5000  -15.0000 8792.6572   27.0634
    7.5000  -37.5000  -15.0000 8517.6904   27.0227
   -7.5000  -30.0000  -15.0000 9509.2686   26.4631
    0.0000  -30.0000  -15.0000 9953.0859   26.4658
    7.5000  -30.0000  -15.0000 9576.9385   26.4302
   -7.5000  -22.5000  -15.000010726.5586   26.2451
    0.0000  -22.5000  -15.000011227.5996   26.2423
    7.5000  -22.5000  -15.000010773.8662   26.1982
   -7.5000  -15.0000  -15.000011929.7910   26.1234
    0.0000  -15.0000  -15.000012462.3770   26.1042
    7.5000  -15.0000  -15.000011957.0498   26.0510
   -7.5000   -7.5000  -15.000013093.2266   26.0479
    0.0000   -7.5000  -15.000013671.5986   26.0187
    7.5000   -7.5000  -15.000013094.5752   25.9656
   -7.5000    0.0000  -15.000014094.8135   25.9997
    0.0000    0.0000  -15.000014718.9160   25.9728
    7.5000    0.0000  -15.000014057.6104   25.9267
   -7.5000    7.5000  -15.000014017.6660   25.9498
    0.0000    7.5000  -15.000014673.7324   25.9380
    7.5000    7.5000  -15.000013953.9336   25.9013
   -7.5000   15.0000  -15.000013873.6494   25.9188
    0.0000   15.0000  -15.000014435.8457   25.9212
    7.5000   15.0000  -15.000013685.0078   25.8874
   -7.5000   22.5000  -15.000013629.8662   25.9403
    0.0000   22.5000  -15.000014177.5547   25.9375
    7.5000   22.5000  -15.000013431.4932   25.8949
   -7.5000   30.0000  -15.000013251.4541   25.6716
    0.0000   30.0000  -15.000013783.5869   25.6529
    7.5000   30.0000  -15.000013037.4932   25.6014
   -7.5000   37.5000  -15.000013216.0830   25.6805
    0.0000   37.5000  -15.000013788.5547   25.6522
    7.5000   37.5000  -15.000013069.7539   25.6003
   -7.5000   45.0000  -15.000012439.0791   25.0541
    0.0000   45.0000  -15.000013008.3457   25.0282
    7.5000   45.0000  -15.000012348.3184   24.9838
   -7.5000  -45.0000   -7.5000 8258.0547   28.3056
    0.0000  -45.0000   -7.5000 8618.1211   28.2602
    7.5000  -45.0000   -7.5000 8310.6279   28.2069
   -7.5000  -37.5000   -7.5000 9038.5576   27.3815
    0.0000  -37.5000   -7.5000 9447.7129   27.3590
    7.5000  -37.5000   -7.5000 9082.1699   27.3174
   -7.5000  -30.0000   -7.500010232.2637   26.7612
    0.0000  -30.0000   -7.500010696.4736   26.7546
    7.5000  -30.0000   -7.500010257.1729   26.7205
   -7.5000  -22.5000   -7.500011503.2344   26.5313
    0.0000  -22.5000   -7.500012033.3760   26.5147
    7.5000  -22.5000   -7.500011546.8936   26.4753
   -7.5000  -15.0000   -7.500012783.2676   26.3999
    0.0000  -15.0000   -7.500013350.8252   26.3634
    7.5000  -15.0000   -7.500012810.3223   26.3157
   -7.5000   -7.5000   -7.500014060.4307   26.3253
    0.0000   -7.5000   -7.500014666.7227   26.2802
    7.5000   -7.5000   -7.500014033.5430   26.2296
   -7.5000    0.0000   -7.500015160.2178   26.2855
    0.0000    0.0000   -7.500015837.6025   26.2473
    7.5000    0.0000   -7.500015083.0420   26.2005
   -7.5000    7.5000   -7.500015086.8711   26.2432
    0.0000    7.5000   -7.500015746.0742   26.2235
    7.5000    7.5000   -7.500014943.6611   26.1861
   -7.5000   15.0000   -7.500014897.4893   26.2116
    0.0000   15.0000   -7.500015390.5010   26.2051
    7.5000   15.0000   -7.500014595.8467   26.1727
   -7.5000   22.5000   -7.500014598.0234   26.2199
    0.0000   22.5000   -7.500015102.2891   26.2036
    7.5000   22.5000   -7.500014298.1318   26.1657
   -7.5000   30.0000   -7.500014214.4590   25.9420
    0.0000   30.0000   -7.500014695.6221   25.9063
    7.5000   30.0000   -7.500013904.4736   25.8602
   -7.5000   37.5000   -7.500014179.4854   25.9533
    0.0000   37.5000   -7.500014707.4746   25.9094
    7.5000   37.5000   -7.500013924.4453   25.8598
   -7.5000   45.0000   -7.500013325.8945   25.3342
    0.0000   45.0000   -7.500013860.2080   25.2974
    7.5000   45.0000   -7.500013138.9766   25.2524
   -7.5000  -45.0000    0.0000 8773.0664   28.3198
    0.0000  -45.0000    0.0000 9176.0840   28.2643
    7.5000  -45.0000    0.0000 8823.1650   28.2464
   -7.5000  -37.5000    0.0000 9609.3418   27.4090
    0.0000  -37.5000    0.000010050.1201   27.3745
    7.5000  -37.5000    0.0000 9627.3838   27.3601
   -7.5000  -30.0000    0.000010812.1064   26.7831
    0.0000  -30.0000    0.000011326.7891   26.7598
    7.5000  -30.0000    0.000010871.3770   26.7484
   -7.5000  -22.5000    0.000012112.3232   26.5317
    0.0000  -22.5000    0.000012698.8203   26.4954
    7.5000  -22.5000    0.000012197.5986   26.4825
   -7.5000  -15.0000    0.000013444.3887   26.3858
    0.0000  -15.0000    0.000014102.1699   26.3316
    7.5000  -15.0000    0.000013539.5771   26.3156
   -7.5000   -7.5000    0.000014827.9053   26.3199
    0.0000   -7.5000    0.000015563.6553   26.2625
    7.5000   -7.5000    0.000014923.8975   26.2446
   -7.5000    0.0000    0.000016092.0010   26.3003
    0.0000    0.0000    0.000016974.6934   26.2533
    7.5000    0.0000    0.000016132.4443   26.2371
   -7.5000    7.5000    0.000016089.1875   26.2715
    0.0000    7.5000    0.000016756.0527   26.2409
    7.5000    7.5000    0.000015868.7441   26.2284
   -7.5000   15.0000    0.000015821.6133   26.2351
    0.0000   15.0000    0.000016257.6875   26.2125
    7.5000   15.0000    0.000015401.9795   26.2016
   -7.5000   22.5000    0.000015464.1797   26.2215
    0.0000   22.5000    0.000015933.3145   26.1859
    7.5000   22.5000    0.000015110.6631   26.1739
   -7.5000   30.0000    0.000015047.2695   25.9290
    0.0000   30.0000    0.000015515.4805   25.8760
    7.5000   30.0000    0.000014722.1035   25.8610
   -7.5000   37.5000    0.000015004.6016   25.9487
    0.0000   37.5000    0.000015503.7822   25.8925
    7.5000   37.5000    0.000014700.2256   25.8752
   -7.5000   45.0000    0.000014103.9941   25.3504
    0.0000   45.0000    0.000014598.4287   25.3052
    7.5000   45.0000    0.000013854.0498   25.2896
   -7.5000  -45.0000    7.5000 8541.2354   28.2980
    0.0000  -45.0000    7.5000 8972.9570   28.2457
    7.5000  -45.0000    7.5000 8606.1094   28.2654
   -7.5000  -37.5000    7.5000 9347.3477   27.3913
    0.0000  -37.5000    7.5000 9844.4043   27.3544
    7.5000  -37.5000    7.5000 9420.2910   27.3708
   -7.5000  -30.0000    7.500010515.9932   26.7582
    0.0000  -30.0000    7.500011079.2686   26.7276
    7.5000  -30.0000    7.500010620.7539   26.7407
   -7.5000  -22.5000    7.500011779.3789   26.4946
    0.0000  -22.5000    7.500012396.2812   26.4523
    7.5000  -22.5000    7.500011896.2539   26.4633
   -7.5000  -15.0000    7.500013050.4131   26.3435
    0.0000  -15.0000    7.500013704.7100   26.2886
    7.5000  -15.0000    7.500013218.7061   26.3005
   -7.5000   -7.5000    7.500014427.2617   26.2867
    0.0000   -7.5000    7.500015274.7676   26.2328
    7.5000   -7.5000    7.500014660.0693   26.2471
   -7.5000    0.0000    7.500015819.6084   26.2793
    0.0000    0.0000    7.500016757.5449   26.2355
    7.5000    0.0000    7.500015988.3135   26.2522
   -7.5000    7.5000    7.500015758.2637   26.2546
    0.0000    7.5000    7.500016292.2627   26.2217
    7.5000    7.5000    7.500015636.6084   26.2374
   -7.5000   15.0000    7.500015318.5938   26.2121
    0.0000   15.0000    7.500015609.7266   26.1821
    7.5000   15.0000    7.500015025.4404   26.1949
   -7.5000   22.5000    7.500014939.1992   26.1867
    0.0000   22.5000    7.500015287.0381   26.1451
    7.5000   22.5000    7.500014715.2930   26.1566
   -7.5000   30.0000    7.500014534.1074   25.8884
    0.0000   30.0000    7.500014955.9395   25.8348
    7.5000   30.0000    7.500014345.9268   25.8469
   -7.5000   37.5000    7.500014524.5684   25.9159
    0.0000   37.5000    7.500014943.6826   25.8633
    7.5000   37.5000    7.500014325.9043   25.8776
   -7.5000   45.0000    7.500013713.4941   25.3302
    0.0000   45.0000    7.500014086.5977   25.2880
    7.5000   45.0000    7.500013481.3428   25.3041
   -7.5000  -45.0000   15.0000 8230.5088   28.3231
    0.0000  -45.0000   15.0000 8628.3945   28.2832
    7.5000  -45.0000   15.0000 8262.0859   28.3062
   -7.5000  -37.5000   15.0000 9009.9062   27.4049
    0.0000  -37.5000   15.0000 9463.3857   27.3763
    7.5000  -37.5000   15.0000 9055.5088   27.3966
   -7.5000  -30.0000   15.000010117.8691   26.7657
    0.0000  -30.0000   15.000010661.2480   26.7437
    7.5000  -30.0000   15.000010232.2324   26.7595
   -7.5000  -22.5000   15.000011310.6455   26.5072
    0.0000  -22.5000   15.000011963.0596   26.4783
    7.5000  -22.5000   15.000011511.2461   26.4899
   -7.5000  -15.0000   15.000012490.8096   26.3650
    0.0000  -15.0000   15.000013257.8760   26.3272
    7.5000  -15.0000   15.000012783.0225   26.3390
   -7.5000   -7.5000   15.000013749.1250   26.3116
    0.0000   -7.5000   15.000014674.9492   26.2739
    7.5000   -7.5000   15.000014179.2891   26.2898
   -7.5000    0.0000   15.000014939.4863   26.3000
    0.0000    0.0000   15.000015941.8926   26.2675
    7.5000    0.0000   15.000015465.3125   26.2875
   -7.5000    7.5000   15.000014896.1523   26.2657
    0.0000    7.5000   15.000015513.3379   26.2402
    7.5000    7.5000   15.000015133.9785   26.2595
   -7.5000   15.0000   15.000014621.6465   26.2188
    0.0000   15.0000   15.000014844.9531   26.1971
    7.5000   15.0000   15.000014502.1777   26.2124
   -7.5000   22.5000   15.000014342.3301   26.1999
    0.0000   22.5000   15.000014574.8018   26.1715
    7.5000   22.5000   15.000014154.8428   26.1835
   -7.5000   30.0000   15.000014003.1641   25.9103
    0.0000   30.0000   15.000014284.1670   25.8735
    7.5000   30.0000   15.000013829.3477   25.8855
   -7.5000   37.5000   15.000013993.7598   25.9405
    0.0000   37.5000   15.000014341.2324   25.9037
    7.5000   37.5000   15.000013840.3916   25.9197
   -7.5000   45.0000   15.000013198.7705   25.3502
    0.0000   45.0000   15.000013595.4688   25.3189
    7.5000   45.0000   15.000013037.2041   25.3381
   -7.5000  -45.0000   22.5000 7836.3711   28.4199
    0.0000  -45.0000   22.5000 8220.4219   28.3886
    7.5000  -45.0000   22.5000 7836.1304   28.3737
   -7.5000  -37.5000   22.5000 8568.0186   27.4885
    0.0000  -37.5000   22.5000 9022.0693   27.4710
    7.5000  -37.5000   22.5000 8605.7930   27.4609
   -7.5000  -30.0000   22.5000 9639.9453   26.8557
    0.0000  -30.0000   22.500010187.6182   26.8504
    7.5000  -30.0000   22.5000 9746.7656   26.8401
   -7.5000  -22.5000   22.500010770.9033   26.6198
    0.0000  -22.5000   22.500011392.6494   26.6108
    7.5000  -22.5000   22.500010955.4307   26.5933
   -7.5000  -15.0000   22.500011866.8086   26.4913
    0.0000  -15.0000   22.500012555.5996   26.4714
    7.5000  -15.0000   22.500012149.4541   26.4492
   -7.5000   -7.5000   22.500012968.7188   26.4275
    0.0000   -7.5000   22.500013797.6953   26.4016
    7.5000   -7.5000   22.500013455.5537   26.3825
   -7.5000    0.0000   22.500014023.6943   26.3945
    0.0000    0.0000   22.500014884.0498   26.3697
    7.5000    0.0000   22.500014615.2480   26.3569
   -7.5000    7.5000   22.500014034.8936   26.3477
    0.0000    7.5000   22.500014710.8223   26.3325
    7.5000    7.5000   22.500014456.4844   26.3238
   -7.5000   15.0000   22.500013950.4082   26.3068
    0.0000   15.0000   22.500014465.2471   26.3011
    7.5000   15.0000   22.500014136.1289   26.2915
   -7.5000   22.5000   22.500013818.9062   26.3104
    0.0000   22.5000   22.500014345.4082   26.3015
    7.5000   22.5000   22.500013881.6523   26.2850
   -7.5000   30.0000   22.500013463.2646   26.0343
    0.0000   30.0000   22.500014001.1074   26.0150
    7.5000   30.0000   22.500013442.1514   25.9936
   -7.5000   37.5000   22.500013357.0586   26.0548
    0.0000   37.5000   22.500013931.9619   26.0296
    7.5000   37.5000   22.500013299.6475   26.0111
   -7.5000   45.0000   22.500012510.5430   25.4413
    0.0000   45.0000   22.500013093.1465   25.4174
    7.5000   45.0000   22.500012448.0977   25.4051
   -7.5000  -45.0000   30.0000 7347.4907   28.6180
    0.0000  -45.0000   30.0000 7724.6855   28.5840
    7.5000  -45.0000   30.0000 7333.5684   28.5296
   -7.5000  -37.5000   30.0000 8025.2720   27.6815
    0.0000  -37.5000   30.0000 8464.4795   27.6675
    7.5000  -37.5000   30.0000 8072.2427   27.6262
   -7.5000  -30.0000   30.0000 9039.2090   27.0602
    0.0000  -30.0000   30.0000 9535.1494   27.0633
    7.5000  -30.0000   30.0000 9147.7529   27.0271
   -7.5000  -22.5000   30.000010118.7549   26.8447
    0.0000  -22.5000   30.000010661.1699   26.8421
    7.5000  -22.5000   30.000010281.3838   26.7969
   -7.5000  -15.0000   30.000011134.4688   26.7261
    0.0000  -15.0000   30.000011773.3994   26.7066
    7.5000  -15.0000   30.000011388.8193   26.6517
   -7.5000   -7.5000   30.000012171.3564   26.6516
    0.0000   -7.5000   30.000012916.1670   26.6217
    7.5000   -7.5000   30.000012584.4785   26.5670
   -7.5000    0.0000   30.000013189.6904   26.6020
    0.0000    0.0000   30.000014029.5312   26.5743
    7.5000    0.0000   30.000013670.2969   26.5270
   -7.5000    7.5000   30.000013264.7578   26.5505
    0.0000    7.5000   30.000014089.9844   26.5385
    7.5000    7.5000   30.000013621.0176   26.5010
   -7.5000   15.0000   30.000013185.7832   26.5188
    0.0000   15.0000   30.000013954.2783   26.5214
    7.5000   15.0000   30.000013403.0176   26.4867
   -7.5000   22.5000   30.000013004.6338   26.5383
    0.0000   22.5000   30.000013705.9814   26.5355
    7.5000   22.5000   30.000013110.0264   26.4917
   -7.5000   30.0000   30.000012608.5938   26.2667
    0.0000   30.0000   30.000013238.8789   26.2475
    7.5000   30.0000   30.000012651.5371   26.1943
   -7.5000   37.5000   30.000012484.9092   26.2757
    0.0000   37.5000   30.000013083.0049   26.2467
    7.5000   37.5000   30.000012502.7041   26.1931
   -7.5000   45.0000   30.000011716.8740   25.6412
    0.0000   45.0000   30.000012264.9014   25.6146
    7.5000   45.0000   30.000011709.1494   25.5690
   -7.5000  -45.0000   37.5000 7089.5820   28.8680
    0.0000  -45.0000   37.5000 7407.0225   28.8210
    7.5000  -45.0000   37.5000 7061.9971   28.7661
   -7.5000  -37.5000   37.5000 7741.3389   27.9402
    0.0000  -37.5000   37.5000 8143.4136   27.9170
    7.5000  -37.5000   37.5000 7749.0503   27.8744
   -7.5000  -30.0000   37.5000 8718.6348   27.3200
    0.0000  -30.0000   37.5000 9216.7158   27.3134
    7.5000  -30.0000   37.5000 8763.1729   27.2785
   -7.5000  -22.5000   37.5000 9767.3770   27.0994
    0.0000  -22.5000   37.500010324.2617   27.0825
    7.5000  -22.5000   37.5000 9835.7402   27.0420
   -7.5000  -15.0000   37.500010800.6074   26.9760
    0.0000  -15.0000   37.500011453.3047   26.9384
    7.5000  -15.0000   37.500010905.6357   26.8890
   -7.5000   -7.5000   37.500011853.0586   26.9050
    0.0000   -7.5000   37.500012590.0986   26.8584
    7.5000   -7.5000   37.500011999.9414   26.8059
   -7.5000    0.0000   37.500012802.9736   26.8640
    0.0000    0.0000   37.500013615.1611   26.8244
    7.5000    0.0000   37.500012973.0869   26.7763
   -7.5000    7.5000   37.500012784.4580   26.8202
    0.0000    7.5000   37.500013571.6484   26.7999
    7.5000    7.5000   37.500012911.8809   26.7613
   -7.5000   15.0000   37.500012627.9844   26.7877
    0.0000   15.0000   37.500013350.0586   26.7809
    7.5000   15.0000   37.500012725.3818   26.7473
   -7.5000   22.5000   37.500012385.4512   26.7967
    0.0000   22.5000   37.500013071.1299   26.7796
    7.5000   22.5000   37.500012478.1670   26.7403
   -7.5000   30.0000   37.500011986.6533   26.5140
    0.0000   30.0000   37.500012615.6768   26.4769
    7.5000   30.0000   37.500012064.7734   26.4291
   -7.5000   37.5000   37.500011867.7070   26.5255
    0.0000   37.5000   37.500012505.3047   26.4800
    7.5000   37.5000   37.500011962.7109   26.4287
   -7.5000   45.0000   37.500011181.1445   25.8938
    0.0000   45.0000   37.500011764.7363   25.8557
    7.5000   45.0000   37.500011250.1055   25.8093
   -7.5000  -45.0000   45.0000 6483.2817   29.2165
    0.0000  -45.0000   45.0000 6776.6602   29.1566
    7.5000  -45.0000   45.0000 6493.1401   29.1381
   -7.5000  -37.5000   45.0000 7125.0376   28.2898
    0.0000  -37.5000   45.0000 7436.1099   28.2524
    7.5000  -37.5000   45.0000 7124.9844   28.2383
   -7.5000  -30.0000   45.0000 8050.0161   27.6581
    0.0000  -30.0000   45.0000 8383.3604   27.6331
    7.5000  -30.0000   45.0000 8043.7822   27.6220
   -7.5000  -22.5000   45.0000 9013.6152   27.4194
    0.0000  -22.5000   45.0000 9401.1826   27.3804
    7.5000  -22.5000   45.0000 9015.5850   27.3671
   -7.5000  -15.0000   45.0000 9961.4629   27.2838
    0.0000  -15.0000   45.000010412.8174   27.2252
    7.5000  -15.0000   45.0000 9973.7764   27.2082
   -7.5000   -7.5000   45.000010893.1963   27.2221
    0.0000   -7.5000   45.000011406.1299   27.1597
    7.5000   -7.5000   45.000010930.6641   27.1407
   -7.5000    0.0000   45.000011721.8623   27.1994
    0.0000    0.0000   45.000012298.3164   27.1483
    7.5000    0.0000   45.000011807.9932   27.1317
   -7.5000    7.5000   45.000011652.3145   27.1678
    0.0000    7.5000   45.000012237.9658   27.1344
    7.5000    7.5000   45.000011742.3721   27.1220
   -7.5000   15.0000   45.000011473.1484   27.1302
    0.0000   15.0000   45.000012084.1689   27.1055
    7.5000   15.0000   45.000011595.8672   27.0945
   -7.5000   22.5000   45.000011242.9854   27.1186
    0.0000   22.5000   45.000011831.0439   27.0797
    7.5000   22.5000   45.000011384.6621   27.0669
   -7.5000   30.0000   45.000010916.0205   26.8160
    0.0000   30.0000   45.000011468.6162   26.7583
    7.5000   30.0000   45.000011024.9678   26.7421
   -7.5000   37.5000   45.000010839.9551   26.8356
    0.0000   37.5000   45.000011419.5938   26.7745
    7.5000   37.5000   45.000010972.1191   26.7561
   -7.5000   45.0000   45.000010223.3232   26.2290
    0.0000   45.0000   45.000010747.7842   26.1797
    7.5000   45.0000   45.000010318.3281   26.1637

---------------------------------------------------------------------
imgreg_4dfp /opt/freesurfer/average/711-2C_as_mni_average_305 /opt/freesurfer/average/711-2B_as_mni_average_305_mask talsrcimg_g11 none talsrcimg_to_711-2C_as_mni_average_305_t4 4355
---------------------------------------------------------------------

freesurfer imgreg_4dfp.c
/opt/freesurfer/average/711-2C_as_mni_average_305.4dfp.img
       256       256       256         1
  1.000000  1.000000  1.000000
orientation T byte_order littleendian
Reading image: /opt/freesurfer/average/711-2C_as_mni_average_305.4dfp.img
dimensions:      256       256       256
mmppix:       1.0000   -1.0000   -1.0000
center:     128.0000 -129.0000 -129.0000
/opt/freesurfer/average/711-2B_as_mni_average_305_mask.4dfp.img
       256       256       256         1
  1.000000  1.000000  1.000000
orientation T byte_order littleendian
Reading mask: /opt/freesurfer/average/711-2B_as_mni_average_305_mask.4dfp.img (2306576 pixels)
talsrcimg_g11.4dfp.img
       256       256       256         1
  1.000000  1.000000  1.000000
orientation T byte_order littleendian
Reading image: talsrcimg_g11.4dfp.img
dimensions:      256       256       256
mmppix:       1.0000   -1.0000   -1.0000
center:     128.0000 -129.0000 -129.0000
rotation matrix determinant  1.000000
image alignment mode   4355 decimal     1103 hex
   -7.5000  -45.0000  -45.0000 1664.8314   44.5627
    0.0000  -45.0000  -45.0000 1684.8271   43.5330
    7.5000  -45.0000  -45.0000 1686.9060   42.9933
   -7.5000  -37.5000  -45.0000 1785.0636   39.1447
    0.0000  -37.5000  -45.0000 1811.9758   38.1505
    7.5000  -37.5000  -45.0000 1823.2610   37.8695
   -7.5000  -30.0000  -45.0000 1901.9363   34.8438
    0.0000  -30.0000  -45.0000 1917.7292   34.0588
    7.5000  -30.0000  -45.0000 1934.9204   33.9390
   -7.5000  -22.5000  -45.0000 2005.4008   31.6327
    0.0000  -22.5000  -45.0000 2020.3752   30.9984
    7.5000  -22.5000  -45.0000 2028.3429   30.9102
   -7.5000  -15.0000  -45.0000 2089.0952   29.2329
    0.0000  -15.0000  -45.0000 2099.9165   28.6220
    7.5000  -15.0000  -45.0000 2106.2285   28.5624
   -7.5000   -7.5000  -45.0000 2157.2249   27.4693
    0.0000   -7.5000  -45.0000 2174.1389   26.9825
    7.5000   -7.5000  -45.0000 2172.2141   26.8406
   -7.5000    0.0000  -45.0000 2203.1343   26.0884
    0.0000    0.0000  -45.0000 2212.5669   25.6488
    7.5000    0.0000  -45.0000 2206.0552   25.5741
   -7.5000    7.5000  -45.0000 2214.5571   25.2559
    0.0000    7.5000  -45.0000 2230.8601   24.7073
    7.5000    7.5000  -45.0000 2234.4541   24.5747
   -7.5000   15.0000  -45.0000 2214.6072   24.8191
    0.0000   15.0000  -45.0000 2231.5715   24.2546
    7.5000   15.0000  -45.0000 2247.0320   24.1911
   -7.5000   22.5000  -45.0000 2217.9858   24.8190
    0.0000   22.5000  -45.0000 2238.3796   24.2592
    7.5000   22.5000  -45.0000 2251.7959   24.2571
   -7.5000   30.0000  -45.0000 2215.7354   25.4933
    0.0000   30.0000  -45.0000 2244.2717   24.8823
    7.5000   30.0000  -45.0000 2250.6941   24.8125
   -7.5000   37.5000  -45.0000 2204.2312   26.5485
    0.0000   37.5000  -45.0000 2224.9568   25.9301
    7.5000   37.5000  -45.0000 2224.0842   25.7840
   -7.5000   45.0000  -45.0000 2165.6162   27.9838
    0.0000   45.0000  -45.0000 2189.4355   27.3019
    7.5000   45.0000  -45.0000 2186.9607   27.0661
   -7.5000  -45.0000  -37.5000 1736.5573   41.3522
    0.0000  -45.0000  -37.5000 1752.5084   40.2706
    7.5000  -45.0000  -37.5000 1763.0883   40.0849
   -7.5000  -37.5000  -37.5000 1856.6868   36.2070
    0.0000  -37.5000  -37.5000 1875.4265   35.2787
    7.5000  -37.5000  -37.5000 1894.9271   35.2641
   -7.5000  -30.0000  -37.5000 1980.4275   32.3326
    0.0000  -30.0000  -37.5000 1992.3722   31.4968
    7.5000  -30.0000  -37.5000 2005.8271   31.4246
   -7.5000  -22.5000  -37.5000 2088.8660   29.4123
    0.0000  -22.5000  -37.5000 2104.1323   28.6614
    7.5000  -22.5000  -37.5000 2108.2539   28.5060
   -7.5000  -15.0000  -37.5000 2176.6555   27.0972
    0.0000  -15.0000  -37.5000 2196.5024   26.5059
    7.5000  -15.0000  -37.5000 2194.8799   26.3135
   -7.5000   -7.5000  -37.5000 2245.7029   25.3983
    0.0000   -7.5000  -37.5000 2261.5601   24.9273
    7.5000   -7.5000  -37.5000 2270.3220   24.7314
   -7.5000    0.0000  -37.5000 2293.3447   24.1051
    0.0000    0.0000  -37.5000 2299.6404   23.7186
    7.5000    0.0000  -37.5000 2305.5903   23.5688
   -7.5000    7.5000  -37.5000 2308.2068   23.3128
    0.0000    7.5000  -37.5000 2324.5198   22.8706
    7.5000    7.5000  -37.5000 2336.8191   22.7171
   -7.5000   15.0000  -37.5000 2307.0056   22.9160
    0.0000   15.0000  -37.5000 2330.5474   22.4389
    7.5000   15.0000  -37.5000 2347.4055   22.3621
   -7.5000   22.5000  -37.5000 2304.0957   22.8218
    0.0000   22.5000  -37.5000 2327.1143   22.3347
    7.5000   22.5000  -37.5000 2343.3979   22.3440
   -7.5000   30.0000  -37.5000 2298.7288   23.3637
    0.0000   30.0000  -37.5000 2326.2532   22.7847
    7.5000   30.0000  -37.5000 2333.2402   22.7176
   -7.5000   37.5000  -37.5000 2280.8232   24.3314
    0.0000   37.5000  -37.5000 2305.3635   23.7030
    7.5000   37.5000  -37.5000 2314.7900   23.5777
   -7.5000   45.0000  -37.5000 2246.4734   25.7345
    0.0000   45.0000  -37.5000 2274.9307   25.0763
    7.5000   45.0000  -37.5000 2284.9202   24.9866
   -7.5000  -45.0000  -30.0000 1828.8116   40.0827
    0.0000  -45.0000  -30.0000 1845.2855   38.8430
    7.5000  -45.0000  -30.0000 1861.8047   38.8931
   -7.5000  -37.5000  -30.0000 1957.9530   35.1297
    0.0000  -37.5000  -30.0000 1976.5811   34.0360
    7.5000  -37.5000  -30.0000 1999.9464   34.0957
   -7.5000  -30.0000  -30.0000 2089.6499   31.3609
    0.0000  -30.0000  -30.0000 2105.5747   30.4589
    7.5000  -30.0000  -30.0000 2121.3831   30.3919
   -7.5000  -22.5000  -30.0000 2201.0322   28.4010
    0.0000  -22.5000  -30.0000 2220.2952   27.6929
    7.5000  -22.5000  -30.0000 2232.1086   27.5599
   -7.5000  -15.0000  -30.0000 2293.4446   26.1474
    0.0000  -15.0000  -30.0000 2319.4517   25.4947
    7.5000  -15.0000  -30.0000 2322.6624   25.2596
   -7.5000   -7.5000  -30.0000 2366.4260   24.3814
    0.0000   -7.5000  -30.0000 2390.1873   23.9429
    7.5000   -7.5000  -30.0000 2395.4863   23.6991
   -7.5000    0.0000  -30.0000 2419.5691   23.0799
    0.0000    0.0000  -30.0000 2437.8855   22.7505
    7.5000    0.0000  -30.0000 2445.7229   22.5588
   -7.5000    7.5000  -30.0000 2438.7217   22.2939
    0.0000    7.5000  -30.0000 2464.1567   21.9004
    7.5000    7.5000  -30.0000 2476.2810   21.7297
   -7.5000   15.0000  -30.0000 2449.6135   21.9306
    0.0000   15.0000  -30.0000 2476.4690   21.4748
    7.5000   15.0000  -30.0000 2494.8391   21.3950
   -7.5000   22.5000  -30.0000 2446.0161   21.8823
    0.0000   22.5000  -30.0000 2479.5647   21.4349
    7.5000   22.5000  -30.0000 2491.5178   21.3667
   -7.5000   30.0000  -30.0000 2431.2739   22.3921
    0.0000   30.0000  -30.0000 2470.7156   21.9097
    7.5000   30.0000  -30.0000 2482.9175   21.7975
   -7.5000   37.5000  -30.0000 2413.6206   23.3288
    0.0000   37.5000  -30.0000 2453.9380   22.8187
    7.5000   37.5000  -30.0000 2469.6448   22.7344
   -7.5000   45.0000  -30.0000 2376.9705   24.7568
    0.0000   45.0000  -30.0000 2413.2920   24.1528
    7.5000   45.0000  -30.0000 2427.3027   24.0572
   -7.5000  -45.0000  -22.5000 1901.5110   38.5001
    0.0000  -45.0000  -22.5000 1925.9163   37.5477
    7.5000  -45.0000  -22.5000 1933.2936   37.5106
   -7.5000  -37.5000  -22.5000 2035.2173   33.7089
    0.0000  -37.5000  -22.5000 2065.0532   32.8389
    7.5000  -37.5000  -22.5000 2080.9399   32.8442
   -7.5000  -30.0000  -22.5000 2176.1470   30.0017
    0.0000  -30.0000  -22.5000 2197.1279   29.2762
    7.5000  -30.0000  -22.5000 2203.6829   29.2203
   -7.5000  -22.5000  -22.5000 2295.4399   27.1221
    0.0000  -22.5000  -22.5000 2314.8669   26.5411
    7.5000  -22.5000  -22.5000 2318.3186   26.3989
   -7.5000  -15.0000  -22.5000 2393.5549   24.9984
    0.0000  -15.0000  -22.5000 2418.9094   24.4381
    7.5000  -15.0000  -22.5000 2415.5588   24.2028
   -7.5000   -7.5000  -22.5000 2470.6985   23.2869
    0.0000   -7.5000  -22.5000 2499.3628   22.8447
    7.5000   -7.5000  -22.5000 2496.2327   22.5629
   -7.5000    0.0000  -22.5000 2524.9668   21.9473
    0.0000    0.0000  -22.5000 2560.9963   21.6021
    7.5000    0.0000  -22.5000 2556.6443   21.4079
   -7.5000    7.5000  -22.5000 2553.9863   21.1380
    0.0000    7.5000  -22.5000 2585.8586   20.7751
    7.5000    7.5000  -22.5000 2591.5605   20.6049
   -7.5000   15.0000  -22.5000 2575.0754   20.7803
    0.0000   15.0000  -22.5000 2600.2888   20.4010
    7.5000   15.0000  -22.5000 2608.9373   20.2472
   -7.5000   22.5000  -22.5000 2577.3262   20.8468
    0.0000   22.5000  -22.5000 2608.9756   20.4114
    7.5000   22.5000  -22.5000 2619.6946   20.3203
   -7.5000   30.0000  -22.5000 2565.0071   21.3865
    0.0000   30.0000  -22.5000 2599.8862   20.9142
    7.5000   30.0000  -22.5000 2607.6516   20.8085
   -7.5000   37.5000  -22.5000 2538.3213   22.3432
    0.0000   37.5000  -22.5000 2578.3428   21.8522
    7.5000   37.5000  -22.5000 2589.1301   21.7732
   -7.5000   45.0000  -22.5000 2489.8862   23.6314
    0.0000   45.0000  -22.5000 2530.5232   23.1433
    7.5000   45.0000  -22.5000 2540.9524   23.0578
   -7.5000  -45.0000  -15.0000 1944.4843   36.9013
    0.0000  -45.0000  -15.0000 1969.7990   36.1774
    7.5000  -45.0000  -15.0000 1974.0183   36.2332
   -7.5000  -37.5000  -15.0000 2084.2205   32.2497
    0.0000  -37.5000  -15.0000 2115.8821   31.6511
    7.5000  -37.5000  -15.0000 2125.3716   31.6861
   -7.5000  -30.0000  -15.0000 2226.0449   28.7076
    0.0000  -30.0000  -15.0000 2255.3652   28.1835
    7.5000  -30.0000  -15.0000 2250.7444   28.0879
   -7.5000  -22.5000  -15.0000 2354.1555   25.9663
    0.0000  -22.5000  -15.0000 2381.6077   25.4537
    7.5000  -22.5000  -15.0000 2373.1594   25.3442
   -7.5000  -15.0000  -15.0000 2458.0967   23.8327
    0.0000  -15.0000  -15.0000 2484.5164   23.2866
    7.5000  -15.0000  -15.0000 2479.2209   23.1711
   -7.5000   -7.5000  -15.0000 2540.8110   22.2002
    0.0000   -7.5000  -15.0000 2570.8252   21.7206
    7.5000   -7.5000  -15.0000 2566.7043   21.5610
   -7.5000    0.0000  -15.0000 2596.7373   20.8888
    0.0000    0.0000  -15.0000 2630.6592   20.4512
    7.5000    0.0000  -15.0000 2628.2681   20.3138
   -7.5000    7.5000  -15.0000 2633.5645   20.0371
    0.0000    7.5000  -15.0000 2666.4153   19.7047
    7.5000    7.5000  -15.0000 2664.9683   19.5554
   -7.5000   15.0000  -15.0000 2661.9485   19.6805
    0.0000   15.0000  -15.0000 2687.3157   19.3108
    7.5000   15.0000  -15.0000 2690.3494   19.1921
   -7.5000   22.5000  -15.0000 2672.3569   19.8000
    0.0000   22.5000  -15.0000 2700.7322   19.3779
    7.5000   22.5000  -15.0000 2702.6470   19.2713
   -7.5000   30.0000  -15.0000 2660.8621   20.3162
    0.0000   30.0000  -15.0000 2691.5220   19.9347
    7.5000   30.0000  -15.0000 2692.6543   19.8463
   -7.5000   37.5000  -15.0000 2632.1919   21.2737
    0.0000   37.5000  -15.0000 2668.5386   20.8766
    7.5000   37.5000  -15.0000 2674.2869   20.8123
   -7.5000   45.0000  -15.0000 2568.6960   22.5338
    0.0000   45.0000  -15.0000 2611.5862   22.0905
    7.5000   45.0000  -15.0000 2615.4929   22.0262
   -7.5000  -45.0000   -7.5000 1975.1024   35.5102
    0.0000  -45.0000   -7.5000 1999.9745   34.9549
    7.5000  -45.0000   -7.5000 2001.6016   35.1355
   -7.5000  -37.5000   -7.5000 2123.5789   30.9798
    0.0000  -37.5000   -7.5000 2156.7769   30.5914
    7.5000  -37.5000   -7.5000 2153.6680   30.6015
   -7.5000  -30.0000   -7.5000 2267.1631   27.5154
    0.0000  -30.0000   -7.5000 2297.3694   27.1588
    7.5000  -30.0000   -7.5000 2288.7449   27.0671
   -7.5000  -22.5000   -7.5000 2391.7441   24.8217
    0.0000  -22.5000   -7.5000 2420.8025   24.4142
    7.5000  -22.5000   -7.5000 2416.1445   24.3919
   -7.5000  -15.0000   -7.5000 2496.8162   22.7673
    0.0000  -15.0000   -7.5000 2529.5010   22.2922
    7.5000  -15.0000   -7.5000 2525.3931   22.2656
   -7.5000   -7.5000   -7.5000 2592.8694   21.2034
    0.0000   -7.5000   -7.5000 2622.4321   20.6919
    7.5000   -7.5000   -7.5000 2619.6655   20.6350
   -7.5000    0.0000   -7.5000 2661.1370   19.9478
    0.0000    0.0000   -7.5000 2697.9448   19.4640
    7.5000    0.0000   -7.5000 2690.6199   19.3954
   -7.5000    7.5000   -7.5000 2704.2600   19.0492
    0.0000    7.5000   -7.5000 2735.6033   18.6806
    7.5000    7.5000   -7.5000 2729.7617   18.5856
   -7.5000   15.0000   -7.5000 2729.3347   18.6585
    0.0000   15.0000   -7.5000 2752.7297   18.2762
    7.5000   15.0000   -7.5000 2749.7620   18.1776
   -7.5000   22.5000   -7.5000 2739.0925   18.7089
    0.0000   22.5000   -7.5000 2766.4990   18.3545
    7.5000   22.5000   -7.5000 2761.6821   18.2766
   -7.5000   30.0000   -7.5000 2727.1794   19.2185
    0.0000   30.0000   -7.5000 2758.3848   18.9148
    7.5000   30.0000   -7.5000 2753.4199   18.8786
   -7.5000   37.5000   -7.5000 2697.2324   20.2028
    0.0000   37.5000   -7.5000 2734.3887   19.8304
    7.5000   37.5000   -7.5000 2732.2917   19.8403
   -7.5000   45.0000   -7.5000 2634.9177   21.4970
    0.0000   45.0000   -7.5000 2673.3113   21.0650
    7.5000   45.0000   -7.5000 2675.5601   21.0649
   -7.5000  -45.0000    0.0000 1992.9666   34.8440
    0.0000  -45.0000    0.0000 2029.8218   34.4047
    7.5000  -45.0000    0.0000 2032.4015   34.6547
   -7.5000  -37.5000    0.0000 2146.5144   30.3567
    0.0000  -37.5000    0.0000 2179.3516   29.9007
    7.5000  -37.5000    0.0000 2176.5569   30.0344
   -7.5000  -30.0000    0.0000 2278.1450   26.7544
    0.0000  -30.0000    0.0000 2311.0647   26.4190
    7.5000  -30.0000    0.0000 2310.9751   26.5171
   -7.5000  -22.5000    0.0000 2399.9333   23.9544
    0.0000  -22.5000    0.0000 2430.6245   23.6826
    7.5000  -22.5000    0.0000 2435.6211   23.7883
   -7.5000  -15.0000    0.0000 2513.3489   21.9118
    0.0000  -15.0000    0.0000 2544.0347   21.5387
    7.5000  -15.0000    0.0000 2552.8193   21.6561
   -7.5000   -7.5000    0.0000 2615.1812   20.3738
    0.0000   -7.5000    0.0000 2648.3621   19.9283
    7.5000   -7.5000    0.0000 2657.0610   20.0268
   -7.5000    0.0000    0.0000 2695.8250   19.2223
    0.0000    0.0000    0.0000 2735.7532   18.7353
    7.5000    0.0000    0.0000 2736.4014   18.7718
   -7.5000    7.5000    0.0000 2746.1157   18.3652
    0.0000    7.5000    0.0000 2784.6865   17.8777
    7.5000    7.5000    0.0000 2779.3105   17.8964
   -7.5000   15.0000    0.0000 2776.9041   17.8890
    0.0000   15.0000    0.0000 2803.4136   17.3762
    7.5000   15.0000    0.0000 2793.7798   17.3954
   -7.5000   22.5000    0.0000 2787.8594   17.8934
    0.0000   22.5000    0.0000 2817.7839   17.5065
    7.5000   22.5000    0.0000 2810.2219   17.4986
   -7.5000   30.0000    0.0000 2776.3911   18.3993
    0.0000   30.0000    0.0000 2801.0315   18.0180
    7.5000   30.0000    0.0000 2806.9070   18.1042
   -7.5000   37.5000    0.0000 2737.6113   19.3840
    0.0000   37.5000    0.0000 2765.2639   18.9840
    7.5000   37.5000    0.0000 2772.9175   19.0452
   -7.5000   45.0000    0.0000 2669.3225   20.7018
    0.0000   45.0000    0.0000 2701.3428   20.2681
    7.5000   45.0000    0.0000 2704.9866   20.2761
   -7.5000  -45.0000    7.5000 2004.8630   34.5888
    0.0000  -45.0000    7.5000 2049.0010   34.3604
    7.5000  -45.0000    7.5000 2056.3125   34.6069
   -7.5000  -37.5000    7.5000 2151.3271   30.0433
    0.0000  -37.5000    7.5000 2196.6082   29.8364
    7.5000  -37.5000    7.5000 2194.9138   30.0763
   -7.5000  -30.0000    7.5000 2277.6311   26.4421
    0.0000  -30.0000    7.5000 2325.8130   26.1931
    7.5000  -30.0000    7.5000 2331.3308   26.5000
   -7.5000  -22.5000    7.5000 2402.5051   23.6516
    0.0000  -22.5000    7.5000 2449.6055   23.3389
    7.5000  -22.5000    7.5000 2459.4116   23.6439
   -7.5000  -15.0000    7.5000 2517.2810   21.5122
    0.0000  -15.0000    7.5000 2554.9636   21.1181
    7.5000  -15.0000    7.5000 2574.3123   21.4270
   -7.5000   -7.5000    7.5000 2623.2944   20.0031
    0.0000   -7.5000    7.5000 2656.7104   19.5188
    7.5000   -7.5000    7.5000 2679.8582   19.8007
   -7.5000    0.0000    7.5000 2718.7830   18.8447
    0.0000    0.0000    7.5000 2751.4043   18.3516
    7.5000    0.0000    7.5000 2766.6345   18.5397
   -7.5000    7.5000    7.5000 2784.0059   17.9773
    0.0000    7.5000    7.5000 2815.0359   17.3741
    7.5000    7.5000    7.5000 2823.7793   17.5801
   -7.5000   15.0000    7.5000 2817.2493   17.2755
    0.0000   15.0000    7.5000 2830.2224   16.5575
    7.5000   15.0000    7.5000 2828.0063   16.8462
   -7.5000   22.5000    7.5000 2824.8936   17.3240
    0.0000   22.5000    7.5000 2832.8142   16.6881
    7.5000   22.5000    7.5000 2842.6572   16.9787
   -7.5000   30.0000    7.5000 2806.0303   17.9500
    0.0000   30.0000    7.5000 2820.7322   17.4117
    7.5000   30.0000    7.5000 2837.3918   17.6428
   -7.5000   37.5000    7.5000 2774.2629   19.0529
    0.0000   37.5000    7.5000 2780.0613   18.4825
    7.5000   37.5000    7.5000 2798.9607   18.6191
   -7.5000   45.0000    7.5000 2710.2649   20.4330
    0.0000   45.0000    7.5000 2713.3569   19.7909
    7.5000   45.0000    7.5000 2730.2483   19.9006
   -7.5000  -45.0000   15.0000 2006.4465   34.8650
    0.0000  -45.0000   15.0000 2053.7522   34.7647
    7.5000  -45.0000   15.0000 2049.5684   35.0555
   -7.5000  -37.5000   15.0000 2152.5342   30.1519
    0.0000  -37.5000   15.0000 2200.2693   29.9916
    7.5000  -37.5000   15.0000 2190.5591   30.2732
   -7.5000  -30.0000   15.0000 2276.0654   26.3550
    0.0000  -30.0000   15.0000 2324.5237   26.2404
    7.5000  -30.0000   15.0000 2329.9739   26.5973
   -7.5000  -22.5000   15.0000 2396.5408   23.5235
    0.0000  -22.5000   15.0000 2446.8638   23.3957
    7.5000  -22.5000   15.0000 2461.6814   23.8118
   -7.5000  -15.0000   15.0000 2501.5605   21.3959
    0.0000  -15.0000   15.0000 2553.9277   21.1837
    7.5000  -15.0000   15.0000 2573.5032   21.5865
   -7.5000   -7.5000   15.0000 2603.8894   19.8486
    0.0000   -7.5000   15.0000 2652.1199   19.5625
    7.5000   -7.5000   15.0000 2676.5549   19.9316
   -7.5000    0.0000   15.0000 2702.5425   18.7132
    0.0000    0.0000   15.0000 2740.6763   18.2920
    7.5000    0.0000   15.0000 2765.4602   18.6240
   -7.5000    7.5000   15.0000 2767.0464   17.7807
    0.0000    7.5000   15.0000 2799.8452   17.1508
    7.5000    7.5000   15.0000 2826.8765   17.6003
   -7.5000   15.0000   15.0000 2810.9688   17.2076
    0.0000   15.0000   15.0000 2805.4646   16.3356
    7.5000   15.0000   15.0000 2835.3083   16.8101
   -7.5000   22.5000   15.0000 2832.9563   17.2776
    0.0000   22.5000   15.0000 2827.2222   16.4782
    7.5000   22.5000   15.0000 2849.5176   16.8244
   -7.5000   30.0000   15.0000 2825.6274   17.9593
    0.0000   30.0000   15.0000 2827.4719   17.3248
    7.5000   30.0000   15.0000 2848.6582   17.5643
   -7.5000   37.5000   15.0000 2781.0791   19.0680
    0.0000   37.5000   15.0000 2790.6526   18.5101
    7.5000   37.5000   15.0000 2809.2815   18.6187
   -7.5000   45.0000   15.0000 2710.8005   20.3883
    0.0000   45.0000   15.0000 2725.6299   19.8341
    7.5000   45.0000   15.0000 2733.7339   19.8776
   -7.5000  -45.0000   22.5000 1989.7070   35.4579
    0.0000  -45.0000   22.5000 2025.7527   35.3661
    7.5000  -45.0000   22.5000 2030.4498   35.7579
   -7.5000  -37.5000   22.5000 2133.5205   30.5190
    0.0000  -37.5000   22.5000 2172.8765   30.4666
    7.5000  -37.5000   22.5000 2175.3154   30.8786
   -7.5000  -30.0000   22.5000 2263.9001   26.7273
    0.0000  -30.0000   22.5000 2307.8157   26.6920
    7.5000  -30.0000   22.5000 2311.7344   27.1667
   -7.5000  -22.5000   22.5000 2382.9065   23.8573
    0.0000  -22.5000   22.5000 2431.2197   23.7870
    7.5000  -22.5000   22.5000 2438.0056   24.2826
   -7.5000  -15.0000   22.5000 2478.2739   21.6377
    0.0000  -15.0000   22.5000 2530.5635   21.4611
    7.5000  -15.0000   22.5000 2545.4761   21.9426
   -7.5000   -7.5000   22.5000 2583.3169   20.0351
    0.0000   -7.5000   22.5000 2634.4609   19.7624
    7.5000   -7.5000   22.5000 2655.7136   20.2426
   -7.5000    0.0000   22.5000 2681.5178   18.8414
    0.0000    0.0000   22.5000 2717.0593   18.4404
    7.5000    0.0000   22.5000 2750.5337   18.9332
   -7.5000    7.5000   22.5000 2753.3442   18.0301
    0.0000    7.5000   22.5000 2769.0942   17.4255
    7.5000    7.5000   22.5000 2820.0007   18.0231
   -7.5000   15.0000   22.5000 2812.5801   17.6890
    0.0000   15.0000   22.5000 2823.2834   17.0840
    7.5000   15.0000   22.5000 2856.4907   17.5086
   -7.5000   22.5000   22.5000 2843.0730   17.8504
    0.0000   22.5000   22.5000 2857.6294   17.3212
    7.5000   22.5000   22.5000 2869.3809   17.5754
   -7.5000   30.0000   22.5000 2823.7241   18.4051
    0.0000   30.0000   22.5000 2844.2639   17.9926
    7.5000   30.0000   22.5000 2840.3965   18.0574
   -7.5000   37.5000   22.5000 2771.2942   19.3513
    0.0000   37.5000   22.5000 2795.5674   18.9630
    7.5000   37.5000   22.5000 2787.8445   18.8796
   -7.5000   45.0000   22.5000 2693.4099   20.5913
    0.0000   45.0000   22.5000 2721.6865   20.1820
    7.5000   45.0000   22.5000 2708.6052   20.0632
   -7.5000  -45.0000   30.0000 1956.3513   36.4372
    0.0000  -45.0000   30.0000 2000.3652   36.5833
    7.5000  -45.0000   30.0000 2001.2363   36.9732
   -7.5000  -37.5000   30.0000 2101.1394   31.4198
    0.0000  -37.5000   30.0000 2145.3086   31.4242
    7.5000  -37.5000   30.0000 2151.6431   31.9133
   -7.5000  -30.0000   30.0000 2236.8508   27.4836
    0.0000  -30.0000   30.0000 2275.3984   27.4074
    7.5000  -30.0000   30.0000 2289.1799   28.0147
   -7.5000  -22.5000   30.0000 2362.1296   24.5836
    0.0000  -22.5000   30.0000 2394.6814   24.4164
    7.5000  -22.5000   30.0000 2417.4275   24.9819
   -7.5000  -15.0000   30.0000 2461.3962   22.3819
    0.0000  -15.0000   30.0000 2499.1958   22.1989
    7.5000  -15.0000   30.0000 2527.3049   22.7249
   -7.5000   -7.5000   30.0000 2569.4629   20.8058
    0.0000   -7.5000   30.0000 2613.0769   20.6271
    7.5000   -7.5000   30.0000 2638.4197   21.0601
   -7.5000    0.0000   30.0000 2669.1394   19.6214
    0.0000    0.0000   30.0000 2709.7891   19.3270
    7.5000    0.0000   30.0000 2732.1262   19.8068
   -7.5000    7.5000   30.0000 2747.6201   18.8282
    0.0000    7.5000   30.0000 2791.4443   18.5863
    7.5000    7.5000   30.0000 2799.8921   18.9020
   -7.5000   15.0000   30.0000 2800.6201   18.5132
    0.0000   15.0000   30.0000 2833.9075   18.2342
    7.5000   15.0000   30.0000 2839.8015   18.4440
   -7.5000   22.5000   30.0000 2816.0217   18.6462
    0.0000   22.5000   30.0000 2837.0256   18.3132
    7.5000   22.5000   30.0000 2843.3779   18.4352
   -7.5000   30.0000   30.0000 2793.8708   19.1029
    0.0000   30.0000   30.0000 2807.7732   18.7908
    7.5000   30.0000   30.0000 2814.1284   18.8956
   -7.5000   37.5000   30.0000 2740.9673   20.0133
    0.0000   37.5000   30.0000 2761.6096   19.7003
    7.5000   37.5000   30.0000 2755.8540   19.7364
   -7.5000   45.0000   30.0000 2667.2026   21.3000
    0.0000   45.0000   30.0000 2689.4158   20.8758
    7.5000   45.0000   30.0000 2671.2773   20.8293
   -7.5000  -45.0000   37.5000 1926.7338   37.9250
    0.0000  -45.0000   37.5000 1968.6929   37.9615
    7.5000  -45.0000   37.5000 1973.2562   38.5223
   -7.5000  -37.5000   37.5000 2069.1035   32.6692
    0.0000  -37.5000   37.5000 2112.2400   32.6616
    7.5000  -37.5000   37.5000 2121.4480   33.1198
   -7.5000  -30.0000   37.5000 2206.0010   28.7084
    0.0000  -30.0000   37.5000 2247.6465   28.7442
    7.5000  -30.0000   37.5000 2260.1350   29.1558
   -7.5000  -22.5000   37.5000 2334.3257   25.8153
    0.0000  -22.5000   37.5000 2372.9180   25.7835
    7.5000  -22.5000   37.5000 2387.9165   26.1465
   -7.5000  -15.0000   37.5000 2450.2039   23.6546
    0.0000  -15.0000   37.5000 2492.9763   23.6338
    7.5000  -15.0000   37.5000 2497.1624   23.8876
   -7.5000   -7.5000   37.5000 2563.2563   22.0165
    0.0000   -7.5000   37.5000 2602.5735   21.9085
    7.5000   -7.5000   37.5000 2604.6567   22.1846
   -7.5000    0.0000   37.5000 2654.4541   20.7877
    0.0000    0.0000   37.5000 2695.2185   20.6105
    7.5000    0.0000   37.5000 2689.4155   20.8214
   -7.5000    7.5000   37.5000 2722.6831   19.9611
    0.0000    7.5000   37.5000 2759.4993   19.7950
    7.5000    7.5000   37.5000 2757.1157   19.9138
   -7.5000   15.0000   37.5000 2758.5459   19.6060
    0.0000   15.0000   37.5000 2793.6997   19.4087
    7.5000   15.0000   37.5000 2797.3840   19.4898
   -7.5000   22.5000   37.5000 2763.2588   19.6938
    0.0000   22.5000   37.5000 2789.0771   19.4403
    7.5000   22.5000   37.5000 2797.7896   19.5146
   -7.5000   30.0000   37.5000 2739.1746   20.1259
    0.0000   30.0000   37.5000 2753.7107   19.8416
    7.5000   30.0000   37.5000 2761.3459   19.9308
   -7.5000   37.5000   37.5000 2686.3450   20.9807
    0.0000   37.5000   37.5000 2710.3225   20.6997
    7.5000   37.5000   37.5000 2705.1843   20.7694
   -7.5000   45.0000   37.5000 2616.3958   22.2079
    0.0000   45.0000   37.5000 2641.1814   21.9117
    7.5000   45.0000   37.5000 2627.9626   21.9093
   -7.5000  -45.0000   45.0000 1894.8126   40.1940
    0.0000  -45.0000   45.0000 1932.7526   40.1193
    7.5000  -45.0000   45.0000 1943.3519   40.6339
   -7.5000  -37.5000   45.0000 2049.9348   34.7938
    0.0000  -37.5000   45.0000 2079.0542   34.6685
    7.5000  -37.5000   45.0000 2090.1443   35.0860
   -7.5000  -30.0000   45.0000 2189.8586   30.6833
    0.0000  -30.0000   45.0000 2210.6243   30.5029
    7.5000  -30.0000   45.0000 2221.8718   30.8674
   -7.5000  -22.5000   45.0000 2313.7922   27.5182
    0.0000  -22.5000   45.0000 2336.5808   27.3238
    7.5000  -22.5000   45.0000 2341.7625   27.6906
   -7.5000  -15.0000   45.0000 2426.9221   25.2014
    0.0000  -15.0000   45.0000 2447.5254   24.9279
    7.5000  -15.0000   45.0000 2446.5464   25.2603
   -7.5000   -7.5000   45.0000 2526.0142   23.4622
    0.0000   -7.5000   45.0000 2549.8127   23.1272
    7.5000   -7.5000   45.0000 2543.1912   23.3890
   -7.5000    0.0000   45.0000 2609.1543   22.1610
    0.0000    0.0000   45.0000 2639.9272   21.8614
    7.5000    0.0000   45.0000 2630.4841   22.0258
   -7.5000    7.5000   45.0000 2666.8440   21.2857
    0.0000    7.5000   45.0000 2696.3110   20.9924
    7.5000    7.5000   45.0000 2688.7019   21.0925
   -7.5000   15.0000   45.0000 2691.8220   20.8978
    0.0000   15.0000   45.0000 2725.8596   20.6644
    7.5000   15.0000   45.0000 2726.0085   20.7266
   -7.5000   22.5000   45.0000 2687.3997   20.9186
    0.0000   22.5000   45.0000 2715.3503   20.6788
    7.5000   22.5000   45.0000 2724.5925   20.7630
   -7.5000   30.0000   45.0000 2671.2393   21.3883
    0.0000   30.0000   45.0000 2686.5781   21.1483
    7.5000   30.0000   45.0000 2692.9580   21.2055
   -7.5000   37.5000   45.0000 2623.9990   22.2013
    0.0000   37.5000   45.0000 2647.4175   21.9688
    7.5000   37.5000   45.0000 2645.7837   22.0171
   -7.5000   45.0000   45.0000 2555.7883   23.4422
    0.0000   45.0000   45.0000 2576.7886   23.1415
    7.5000   45.0000   45.0000 2571.9456   23.1645

---------------------------------------------------------------------
imgreg_4dfp /opt/freesurfer/average/711-2C_as_mni_average_305 /opt/freesurfer/average/711-2B_as_mni_average_305_mask talsrcimg_g11 none talsrcimg_to_711-2C_as_mni_average_305_t4 1283
---------------------------------------------------------------------

freesurfer imgreg_4dfp.c
/opt/freesurfer/average/711-2C_as_mni_average_305.4dfp.img
       256       256       256         1
  1.000000  1.000000  1.000000
orientation T byte_order littleendian
Reading image: /opt/freesurfer/average/711-2C_as_mni_average_305.4dfp.img
dimensions:      256       256       256
mmppix:       1.0000   -1.0000   -1.0000
center:     128.0000 -129.0000 -129.0000
/opt/freesurfer/average/711-2B_as_mni_average_305_mask.4dfp.img
       256       256       256         1
  1.000000  1.000000  1.000000
orientation T byte_order littleendian
Reading mask: /opt/freesurfer/average/711-2B_as_mni_average_305_mask.4dfp.img (2306576 pixels)
talsrcimg_g11.4dfp.img
       256       256       256         1
  1.000000  1.000000  1.000000
orientation T byte_order littleendian
Reading image: talsrcimg_g11.4dfp.img
dimensions:      256       256       256
mmppix:       1.0000   -1.0000   -1.0000
center:     128.0000 -129.0000 -129.0000
rotation matrix determinant  1.000000
fimgreg.f
image alignment mode   1283 decimal      503 hex
parameters
    7.5000   22.5000   22.5000    0.0000    0.0000    0.0000
eta,q 0.90218 17.69792
niter,ni,del,rscale     5    3   12.0000    1.2000
parameter  2  1.580005 ->  0.500000 qaram    1.1500
parameter  4  1.948355 ->  0.500000 qaram    1.1500
parameter  6  2.637841 ->  0.500000 qaram    1.1500
parameters
    7.5628   19.0500   23.1218   -3.4500    1.7559   -3.4500
eta,q 0.90329 17.63903
  0.1044  0.0987  0.1075  0.0985  0.1050  0.0961
  0.1013  0.0993  0.1032  0.0979  0.1028  0.0965
  0.1001  0.1014  0.1011  0.0990  0.0998  0.0974
  0.1022  0.1023  0.1002  0.1002  0.0981  0.0990
  0.1032  0.1027  0.1003  0.1003  0.0991  0.1010
  0.1015  0.1042  0.1027  0.1009  0.0995  0.1024
  0.1031  0.1081  0.1044  0.1021  0.1002  0.1036
niter,ni,del,rscale     7    3   12.0000    1.2000
parameter  6  1.638043 ->  0.500000 qaram    1.3225
parameters
    6.1119   19.7344   23.4808   -1.9614    4.6133   -7.4175
eta,q 0.90660 17.40919
  0.1023  0.1086  0.1022  0.1052  0.1033  0.0928
  0.0972  0.1015  0.1006  0.1011  0.1000  0.0931
  0.0958  0.0966  0.0977  0.0973  0.0973  0.0942
  0.0967  0.0960  0.0967  0.0968  0.0977  0.0960
  0.0994  0.0991  0.0981  0.0980  0.0966  0.0983
  0.1050  0.1018  0.0991  0.0987  0.0958  0.1004
  0.1109  0.1021  0.1013  0.0994  0.0971  0.1024
niter,ni,del,rscale     7    3   12.0000    1.2000
parameter  1  0.581775 ->  0.500000 qaram    1.1500
parameter  5 -0.686334 -> -0.500000 qaram    1.1500
parameters
    2.6619   21.6515   24.1315   -2.2117    8.0633  -10.3068
eta,q 0.90680 17.26613
  0.0934  0.1081  0.0994  0.0994  0.0970  0.0967
  0.0929  0.1029  0.0974  0.0954  0.0944  0.0942
  0.0940  0.0967  0.0952  0.0935  0.0930  0.0932
  0.0934  0.0935  0.0939  0.0938  0.0936  0.0948
  0.0965  0.0941  0.0939  0.0957  0.0949  0.0973
  0.0995  0.0959  0.0951  0.0975  0.0945  0.0994
  0.1037  0.0980  0.0981  0.0984  0.0924  0.1007
niter,ni,del,rscale     7    3   12.0000    1.2000
parameter  5  0.492350 -> -0.500000 qaram    1.3225
parameters
    2.2504   21.5916   21.1944   -0.8684   12.0308  -10.2698
eta,q 0.91055 17.03664
  0.1016  0.1002  0.0930  0.0999  0.0920  0.0951
  0.0926  0.0952  0.0922  0.0980  0.0915  0.0926
  0.0896  0.0915  0.0918  0.0935  0.0943  0.0909
  0.0932  0.0930  0.0929  0.0920  0.0928  0.0895
  0.0938  0.0963  0.0947  0.0936  0.0900  0.0897
  0.0973  0.0970  0.0960  0.0950  0.0894  0.0921
  0.1006  0.0977  0.0990  0.0956  0.0896  0.0957
niter,ni,del,rscale     7    3   12.0000    1.2000
parameters
    2.7056   21.7932   21.9138   -1.2645   11.8645  -10.3677
eta,q 0.91095 17.12783
  0.1000  0.0996  0.1035  0.0944  0.0930  0.0948
  0.0970  0.0917  0.0967  0.0911  0.0940  0.0918
  0.0939  0.0879  0.0913  0.0886  0.0906  0.0901
  0.0895  0.0892  0.0894  0.0891  0.0890  0.0890
  0.0889  0.0912  0.0896  0.0903  0.0884  0.0894
  0.0908  0.0931  0.0936  0.0928  0.0915  0.0919
  0.1013  0.0960  0.0977  0.0948  0.0961  0.0955
niter,ni,del,rscale     6    3   12.0000    1.2000
parameters
    2.5093   21.3378   22.0687   -1.1719   11.7064  -10.1930
eta,q 0.91123 17.09906
  0.0989  0.0979  0.1015  0.0949  0.0921  0.0955
  0.0959  0.0907  0.0937  0.0921  0.0935  0.0924
  0.0931  0.0874  0.0896  0.0884  0.0904  0.0902
  0.0890  0.0892  0.0887  0.0887  0.0887  0.0888
  0.0893  0.0919  0.0905  0.0900  0.0881  0.0890
  0.0926  0.0946  0.0952  0.0918  0.0908  0.0916
  0.1045  0.0975  0.0984  0.0940  0.0953  0.0955
niter,ni,del,rscale     5    3   12.0000    1.2000
parameters
    2.5233   21.1837   22.0669   -1.1225   11.6459  -10.1916
eta,q 0.91138 17.09422
  0.0995  0.0988  0.1007  0.0946  0.0921  0.0952
  0.0953  0.0914  0.0930  0.0917  0.0934  0.0921
  0.0931  0.0873  0.0893  0.0883  0.0903  0.0899
  0.0888  0.0888  0.0886  0.0886  0.0886  0.0886
  0.0888  0.0915  0.0907  0.0899  0.0880  0.0890
  0.0919  0.0942  0.0955  0.0917  0.0906  0.0917
  0.1031  0.0968  0.0985  0.0938  0.0950  0.0957
niter,ni,del,rscale     4    3   12.0000    1.2000
parameters
    2.5410   21.1586   22.0530   -1.0954   11.6140  -10.2145
eta,q 0.91139 17.09329
  0.0995  0.0992  0.1006  0.0945  0.0921  0.0951
  0.0952  0.0917  0.0929  0.0917  0.0934  0.0920
  0.0930  0.0874  0.0893  0.0882  0.0903  0.0899
  0.0886  0.0886  0.0886  0.0886  0.0886  0.0886
  0.0887  0.0914  0.0908  0.0899  0.0880  0.0890
  0.0918  0.0941  0.0955  0.0917  0.0905  0.0918
  0.1030  0.0965  0.0985  0.0938  0.0950  0.0957
registration optimization eta report
parameter search radius
    6.9000    6.9000    6.0000    6.9000    7.9350    7.9350
100000*second partial in parameter space
       25.       20.       30.       12.        8.       11.
  0.0995  0.0992  0.1006  0.0945  0.0921  0.0951
  0.0952  0.0917  0.0929  0.0917  0.0934  0.0920
  0.0930  0.0874  0.0893  0.0882  0.0903  0.0899
  0.0886  0.0886  0.0886  0.0886  0.0886  0.0886
  0.0887  0.0914  0.0908  0.0899  0.0880  0.0890
  0.0918  0.0941  0.0955  0.0917  0.0905  0.0918
  0.1030  0.0965  0.0985  0.0938  0.0950  0.0957
    2.5410   21.1586   22.0530   -1.0954   11.6140  -10.2145
eta,q 0.91139 17.09329

---------------------------------------------------------------------
imgreg_4dfp /opt/freesurfer/average/711-2C_as_mni_average_305 /opt/freesurfer/average/711-2B_as_mni_average_305_mask talsrcimg_g11 none talsrcimg_to_711-2C_as_mni_average_305_t4 3335
---------------------------------------------------------------------

freesurfer imgreg_4dfp.c
/opt/freesurfer/average/711-2C_as_mni_average_305.4dfp.img
       256       256       256         1
  1.000000  1.000000  1.000000
orientation T byte_order littleendian
Reading image: /opt/freesurfer/average/711-2C_as_mni_average_305.4dfp.img
dimensions:      256       256       256
mmppix:       1.0000   -1.0000   -1.0000
center:     128.0000 -129.0000 -129.0000
/opt/freesurfer/average/711-2B_as_mni_average_305_mask.4dfp.img
       256       256       256         1
  1.000000  1.000000  1.000000
orientation T byte_order littleendian
Reading mask: /opt/freesurfer/average/711-2B_as_mni_average_305_mask.4dfp.img (2306576 pixels)
talsrcimg_g11.4dfp.img
       256       256       256         1
  1.000000  1.000000  1.000000
orientation T byte_order littleendian
Reading image: talsrcimg_g11.4dfp.img
dimensions:      256       256       256
mmppix:       1.0000   -1.0000   -1.0000
center:     128.0000 -129.0000 -129.0000
fimgreg.f
image alignment mode   3335 decimal      D07 hex
parameters
    2.5410   21.1586   22.0530   -3.5998   -1.6711   -2.0653
   18.1088  -19.4700  -17.3702    5.4507   20.1317   -1.8725
eta,q 0.90920 17.50535
niter,ni,del,rscale     5    3    5.0000    1.2000
parameter  3  0.513816 ->  0.500000 qaram    1.1500
parameter  4  1.041107 ->  0.500000 qaram    1.1500
parameter  5  3.073042 ->  0.500000 qaram    1.1500
parameter  6  0.902203 ->  0.500000 qaram    1.1500
parameter  8  1.685564 -> -0.500000 qaram    1.1500
parameter  9 -1.110745 -> -0.500000 qaram    1.1500
parameter 12 -1.044210 -> -0.500000 qaram    1.1500
parameters
    3.0545   22.2481   20.6730   -7.7398   -5.8111   -6.2053
   16.1385  -15.3300  -13.2302    3.6978   19.2808    2.2675
eta,q 0.92492 16.94785
  0.0936  0.0924  0.0905  0.0856  0.0803  0.0792  0.0812  0.0849  0.0799  0.0774  0.0768  0.0792
  0.0924  0.0916  0.0900  0.0861  0.0821  0.0807  0.0811  0.0836  0.0789  0.0764  0.0765  0.0780
  0.0914  0.0910  0.0900  0.0875  0.0838  0.0814  0.0810  0.0823  0.0779  0.0760  0.0762  0.0770
  0.0908  0.0907  0.0904  0.0899  0.0864  0.0826  0.0809  0.0810  0.0771  0.0762  0.0760  0.0761
  0.0907  0.0905  0.0910  0.0938  0.0893  0.0854  0.0811  0.0790  0.0765  0.0769  0.0761  0.0754
  0.0912  0.0905  0.0917  0.0987  0.0919  0.0897  0.0814  0.0763  0.0761  0.0780  0.0766  0.0750
  0.0920  0.0908  0.0926  0.1032  0.0949  0.0944  0.0819  0.0736  0.0760  0.0796  0.0778  0.0750
niter,ni,del,rscale     7    3    5.0000    1.2000
parameter  1  1.853972 ->  0.500000 qaram    1.1500
parameter  4  3.329232 ->  0.500000 qaram    1.3225
parameter  5  2.055293 ->  0.500000 qaram    1.3225
parameter  6  0.517735 ->  0.500000 qaram    1.3225
parameter  8 -1.303497 -> -0.500000 qaram    1.3225
parameter 12 -1.472501 -> -0.500000 qaram    1.3225
parameters
    1.6745   22.1074   21.4117  -12.5008  -10.5721  -10.9663
   13.2967  -10.5690  -10.2154    3.5581   16.5192    7.0285
eta,q 0.94515 16.75741
  0.0718  0.0738  0.0752  0.0617  0.0604  0.0607  0.0614  0.0754  0.0597  0.0578  0.0559  0.0583
  0.0725  0.0733  0.0738  0.0650  0.0617  0.0611  0.0610  0.0707  0.0580  0.0567  0.0558  0.0573
  0.0736  0.0730  0.0731  0.0691  0.0639  0.0616  0.0609  0.0655  0.0568  0.0560  0.0557  0.0565
  0.0751  0.0728  0.0728  0.0728  0.0661  0.0622  0.0612  0.0609  0.0560  0.0558  0.0558  0.0557
  0.0768  0.0729  0.0728  0.0772  0.0685  0.0630  0.0616  0.0576  0.0558  0.0561  0.0561  0.0552
  0.0788  0.0734  0.0729  0.0829  0.0719  0.0672  0.0624  0.0556  0.0560  0.0568  0.0567  0.0548
  0.0808  0.0742  0.0734  0.0880  0.0752  0.0743  0.0633  0.0548  0.0566  0.0579  0.0575  0.0545
niter,ni,del,rscale     7    3    5.0000    1.2000
parameter  1  0.829795 ->  0.500000 qaram    1.3225
parameter  3  5.873224 ->  0.500000 qaram    1.3225
parameter  4  0.517028 ->  0.500000 qaram    1.5209
parameter  5  0.515944 ->  0.500000 qaram    1.5209
parameter  6  2.475432 ->  0.500000 qaram    1.5209
parameter  7 -0.503833 -> -0.500000 qaram    1.1500
parameter  8 -0.652547 -> -0.500000 qaram    1.5209
parameter  9  0.835197 ->  0.500000 qaram    1.3225
parameter 10  0.695392 ->  0.500000 qaram    1.1500
parameter 11  7.838244 ->  0.500000 qaram    1.1500
parameter 12 -2.287727 ->  0.500000 qaram    1.5209
parameters
    0.0875   21.8382   19.8247  -17.9759  -16.0472  -16.4415
   17.4367   -5.0939  -14.9764   -0.5819   12.3792    1.5533
eta,q 0.95687 16.23877
  0.0530  0.0542  0.0491  0.0501  0.0496  0.0466  0.0500  0.0546  0.0454  0.0451  0.0437  0.0419
  0.0529  0.0535  0.0504  0.0497  0.0495  0.0476  0.0491  0.0516  0.0454  0.0449  0.0441  0.0429
  0.0536  0.0530  0.0517  0.0496  0.0494  0.0485  0.0484  0.0492  0.0456  0.0450  0.0445  0.0436
  0.0549  0.0530  0.0530  0.0508  0.0497  0.0495  0.0478  0.0475  0.0460  0.0454  0.0449  0.0442
  0.0567  0.0533  0.0544  0.0543  0.0510  0.0491  0.0476  0.0464  0.0467  0.0460  0.0452  0.0447
  0.0592  0.0540  0.0560  0.0615  0.0527  0.0498  0.0476  0.0460  0.0475  0.0468  0.0456  0.0451
  0.0623  0.0549  0.0576  0.0699  0.0551  0.0525  0.0479  0.0466  0.0486  0.0477  0.0462  0.0457
niter,ni,del,rscale     7    3    5.0000    1.2000
parameter  2  2.469067 ->  0.500000 qaram    1.1500
parameter  3 16.738426 ->  0.500000 qaram    1.5209
parameter  9  0.535816 ->  0.500000 qaram    1.5209
parameters
   -0.9357   20.4583   17.9997  -21.4502  -21.1999  -19.3075
   16.3958   -6.8338  -20.4516   -2.5462    9.3245    2.1593
eta,q 0.96749 16.13897
  0.0442  0.0397  0.0316  0.0369  0.0359  0.0362  0.0358  0.0374  0.0333  0.0341  0.0328  0.0347
  0.0431  0.0405  0.0344  0.0357  0.0342  0.0348  0.0345  0.0354  0.0328  0.0331  0.0326  0.0338
  0.0428  0.0415  0.0375  0.0352  0.0337  0.0336  0.0336  0.0338  0.0329  0.0327  0.0326  0.0331
  0.0431  0.0428  0.0407  0.0352  0.0352  0.0337  0.0334  0.0334  0.0334  0.0328  0.0326  0.0326
  0.0442  0.0442  0.0440  0.0364  0.0379  0.0355  0.0340  0.0347  0.0344  0.0335  0.0329  0.0325
  0.0457  0.0457  0.0472  0.0403  0.0411  0.0383  0.0354  0.0374  0.0358  0.0347  0.0334  0.0330
  0.0477  0.0474  0.0504  0.0476  0.0444  0.0404  0.0374  0.0418  0.0375  0.0366  0.0342  0.0347
niter,ni,del,rscale     7    3    5.0000    1.2000
parameter  3  1.449218 ->  0.500000 qaram    1.7490
parameter 11  0.500426 ->  0.500000 qaram    1.3225
parameters
   -0.2198   19.8633   15.9008  -16.9419  -19.9821  -16.1486
   17.6860   -8.0976  -19.6943   -1.6987    4.5635   -0.8224
eta,q 0.97289 16.33449
  0.0372  0.0337  0.0292  0.0363  0.0356  0.0328  0.0320  0.0344  0.0327  0.0310  0.0272  0.0282
  0.0352  0.0327  0.0300  0.0339  0.0330  0.0311  0.0297  0.0303  0.0296  0.0292  0.0271  0.0275
  0.0335  0.0322  0.0310  0.0318  0.0306  0.0296  0.0281  0.0281  0.0278  0.0279  0.0271  0.0272
  0.0325  0.0323  0.0322  0.0302  0.0287  0.0284  0.0273  0.0272  0.0273  0.0274  0.0273  0.0271
  0.0323  0.0329  0.0338  0.0290  0.0283  0.0272  0.0273  0.0283  0.0278  0.0275  0.0278  0.0278
  0.0330  0.0341  0.0358  0.0283  0.0302  0.0274  0.0281  0.0325  0.0291  0.0283  0.0286  0.0293
  0.0344  0.0358  0.0384  0.0314  0.0340  0.0301  0.0299  0.0401  0.0311  0.0298  0.0298  0.0317
niter,ni,del,rscale     7    3    5.0000    1.2000
parameter  3  0.966282 ->  0.500000 qaram    2.0114
parameters
   -0.1010   19.6972   13.4872  -18.3002  -18.5619  -11.1790
   17.8154   -7.0977  -19.0453    0.2876    3.0714   -4.3387
eta,q 0.97734 16.39404
  0.0316  0.0296  0.0246  0.0307  0.0332  0.0302  0.0271  0.0428  0.0289  0.0289  0.0242  0.0239
  0.0292  0.0282  0.0249  0.0284  0.0304  0.0283  0.0252  0.0313  0.0255  0.0261  0.0233  0.0230
  0.0277  0.0273  0.0258  0.0266  0.0277  0.0266  0.0239  0.0252  0.0237  0.0242  0.0229  0.0227
  0.0271  0.0271  0.0271  0.0251  0.0256  0.0251  0.0233  0.0233  0.0231  0.0231  0.0229  0.0229
  0.0274  0.0275  0.0288  0.0244  0.0248  0.0237  0.0235  0.0234  0.0236  0.0229  0.0231  0.0238
  0.0286  0.0286  0.0312  0.0295  0.0265  0.0230  0.0248  0.0274  0.0251  0.0235  0.0239  0.0257
  0.0311  0.0303  0.0346  0.0382  0.0314  0.0259  0.0271  0.0365  0.0274  0.0252  0.0258  0.0287
niter,ni,del,rscale     7    3    5.0000    1.2000
parameters
    0.0070   19.7076   11.8196  -19.4379  -18.2740  -13.6096
   18.3832   -6.0386  -19.2592    1.3944    4.0185   -4.8312
eta,q 0.97677 16.26669
  0.0281  0.0259  0.0244  0.0295  0.0305  0.0272  0.0272  0.0392  0.0273  0.0274  0.0246  0.0252
  0.0252  0.0241  0.0226  0.0266  0.0275  0.0253  0.0254  0.0291  0.0248  0.0252  0.0239  0.0241
  0.0233  0.0231  0.0220  0.0242  0.0248  0.0238  0.0241  0.0248  0.0236  0.0238  0.0235  0.0234
  0.0227  0.0226  0.0226  0.0220  0.0227  0.0226  0.0234  0.0233  0.0233  0.0233  0.0232  0.0232
  0.0231  0.0230  0.0245  0.0212  0.0220  0.0217  0.0235  0.0236  0.0238  0.0234  0.0232  0.0235
  0.0246  0.0241  0.0280  0.0271  0.0250  0.0293  0.0245  0.0263  0.0253  0.0241  0.0235  0.0243
  0.0275  0.0259  0.0334  0.0381  0.0317  0.0452  0.0265  0.0334  0.0274  0.0256  0.0242  0.0256
niter,ni,del,rscale     6    3    5.0000    1.2000
parameters
    0.2137   20.0298   11.3184  -19.2091  -18.2081  -14.8676
   18.7001   -5.9847  -19.6694    1.9158    3.8746   -5.3458
eta,q 0.97665 16.22583
  0.0285  0.0268  0.0266  0.0305  0.0304  0.0282  0.0271  0.0360  0.0272  0.0269  0.0245  0.0253
  0.0257  0.0250  0.0244  0.0276  0.0276  0.0261  0.0253  0.0276  0.0247  0.0248  0.0239  0.0242
  0.0239  0.0238  0.0233  0.0252  0.0250  0.0243  0.0240  0.0244  0.0236  0.0237  0.0235  0.0235
  0.0232  0.0232  0.0232  0.0231  0.0230  0.0229  0.0234  0.0234  0.0234  0.0233  0.0234  0.0234
  0.0236  0.0233  0.0240  0.0216  0.0225  0.0215  0.0236  0.0241  0.0240  0.0236  0.0235  0.0237
  0.0250  0.0240  0.0256  0.0239  0.0257  0.0241  0.0247  0.0277  0.0254  0.0245  0.0238  0.0245
  0.0273  0.0255  0.0284  0.0330  0.0321  0.0383  0.0268  0.0356  0.0275  0.0259  0.0247  0.0257
niter,ni,del,rscale     5    3    5.0000    1.2000
parameters
    0.2551   20.1889   11.0937  -19.1284  -18.2822  -14.9348
   18.8036   -5.8577  -19.7021    2.2847    3.8182   -5.5661
eta,q 0.97669 16.22321
  0.0282  0.0266  0.0272  0.0305  0.0304  0.0288  0.0269  0.0366  0.0275  0.0266  0.0246  0.0254
  0.0255  0.0249  0.0250  0.0277  0.0277  0.0267  0.0251  0.0278  0.0248  0.0246  0.0239  0.0242
  0.0239  0.0238  0.0236  0.0253  0.0252  0.0248  0.0239  0.0243  0.0236  0.0236  0.0235  0.0235
  0.0233  0.0233  0.0233  0.0233  0.0233  0.0233  0.0233  0.0233  0.0233  0.0233  0.0233  0.0233
  0.0239  0.0235  0.0241  0.0219  0.0229  0.0220  0.0236  0.0241  0.0239  0.0236  0.0234  0.0236
  0.0254  0.0244  0.0256  0.0245  0.0262  0.0222  0.0247  0.0278  0.0252  0.0245  0.0238  0.0244
  0.0279  0.0259  0.0278  0.0333  0.0326  0.0330  0.0270  0.0358  0.0273  0.0259  0.0247  0.0255
niter,ni,del,rscale     4    3    5.0000    1.2000
parameters
    0.2874   20.2763   11.0199  -19.1329  -18.3444  -15.0239
   18.8392   -5.7689  -19.7488    2.4411    3.8360   -5.6598
eta,q 0.97663 16.21679
  0.0282  0.0263  0.0275  0.0305  0.0304  0.0289  0.0269  0.0365  0.0275  0.0265  0.0246  0.0255
  0.0255  0.0247  0.0251  0.0277  0.0277  0.0267  0.0251  0.0278  0.0249  0.0246  0.0239  0.0243
  0.0238  0.0237  0.0237  0.0253  0.0253  0.0248  0.0239  0.0243  0.0236  0.0236  0.0235  0.0236
  0.0233  0.0233  0.0233  0.0233  0.0233  0.0233  0.0234  0.0234  0.0234  0.0234  0.0234  0.0234
  0.0239  0.0236  0.0240  0.0220  0.0229  0.0220  0.0236  0.0242  0.0239  0.0237  0.0235  0.0236
  0.0254  0.0245  0.0254  0.0247  0.0262  0.0223  0.0248  0.0279  0.0252  0.0246  0.0238  0.0244
  0.0280  0.0260  0.0276  0.0336  0.0325  0.0332  0.0271  0.0359  0.0273  0.0261  0.0247  0.0255
niter,ni,del,rscale     3    3    5.0000    1.2000
parameters
    0.3100   20.3278   10.9777  -19.1284  -18.3901  -15.0719
   18.8666   -5.7368  -19.7895    2.5401    3.8488   -5.7015
eta,q 0.97660 16.21356
  0.0282  0.0263  0.0276  0.0306  0.0304  0.0289  0.0269  0.0364  0.0275  0.0264  0.0247  0.0255
  0.0255  0.0247  0.0252  0.0277  0.0278  0.0268  0.0251  0.0278  0.0249  0.0245  0.0239  0.0244
  0.0239  0.0237  0.0238  0.0253  0.0253  0.0249  0.0239  0.0243  0.0237  0.0236  0.0236  0.0236
  0.0234  0.0234  0.0234  0.0234  0.0234  0.0234  0.0234  0.0234  0.0234  0.0234  0.0234  0.0234
  0.0239  0.0236  0.0240  0.0220  0.0229  0.0221  0.0237  0.0242  0.0239  0.0238  0.0235  0.0237
  0.0255  0.0245  0.0254  0.0248  0.0262  0.0223  0.0248  0.0280  0.0253  0.0246  0.0238  0.0244
  0.0280  0.0261  0.0276  0.0336  0.0325  0.0330  0.0271  0.0361  0.0273  0.0261  0.0247  0.0256
niter,ni,del,rscale     2    3    5.0000    1.2000
parameters
    0.3212   20.3577   10.9537  -19.1278  -18.4164  -15.1008
   18.8824   -5.7183  -19.8123    2.5892    3.8691   -5.7220
eta,q 0.97659 16.21143
  0.0282  0.0263  0.0276  0.0306  0.0304  0.0289  0.0269  0.0364  0.0275  0.0264  0.0247  0.0255
  0.0255  0.0247  0.0253  0.0277  0.0278  0.0268  0.0251  0.0278  0.0249  0.0245  0.0240  0.0244
  0.0239  0.0238  0.0238  0.0253  0.0254  0.0249  0.0239  0.0243  0.0237  0.0236  0.0236  0.0237
  0.0234  0.0234  0.0234  0.0234  0.0234  0.0234  0.0234  0.0234  0.0234  0.0234  0.0234  0.0234
  0.0240  0.0237  0.0240  0.0221  0.0229  0.0221  0.0237  0.0242  0.0240  0.0238  0.0235  0.0237
  0.0255  0.0246  0.0255  0.0248  0.0262  0.0223  0.0249  0.0280  0.0253  0.0246  0.0239  0.0244
  0.0281  0.0262  0.0276  0.0336  0.0325  0.0330  0.0271  0.0361  0.0273  0.0261  0.0248  0.0256
niter,ni,del,rscale     1    3    5.0000    1.2000
parameters
    0.3264   20.3747   10.9403  -19.1280  -18.4321  -15.1198
   18.8942   -5.7145  -19.8257    2.6209    3.8726   -5.7459
eta,q 0.97657 16.21006
  0.0282  0.0262  0.0277  0.0306  0.0305  0.0290  0.0269  0.0364  0.0275  0.0264  0.0247  0.0256
  0.0255  0.0247  0.0253  0.0278  0.0278  0.0268  0.0251  0.0277  0.0249  0.0245  0.0240  0.0244
  0.0239  0.0238  0.0239  0.0254  0.0254  0.0249  0.0239  0.0243  0.0237  0.0236  0.0236  0.0237
  0.0234  0.0234  0.0234  0.0234  0.0234  0.0234  0.0234  0.0234  0.0234  0.0234  0.0234  0.0234
  0.0240  0.0237  0.0240  0.0221  0.0229  0.0221  0.0237  0.0243  0.0240  0.0238  0.0235  0.0237
  0.0256  0.0246  0.0255  0.0248  0.0262  0.0224  0.0249  0.0281  0.0253  0.0247  0.0239  0.0244
  0.0281  0.0262  0.0276  0.0336  0.0324  0.0330  0.0271  0.0362  0.0273  0.0262  0.0248  0.0256
registration optimization eta report
parameter search radius
    3.1740    2.7600    4.8273   10.9503   10.9503   10.9503
    8.2800   10.9503   10.9503    8.2800    9.5220   10.9503
100000*second partial in parameter space
       47.       37.       18.        8.        7.        7.
        5.       11.        3.        4.        1.        2.
  0.0282  0.0262  0.0277  0.0306  0.0305  0.0290  0.0269  0.0364  0.0275  0.0264  0.0247  0.0256
  0.0255  0.0247  0.0253  0.0278  0.0278  0.0268  0.0251  0.0277  0.0249  0.0245  0.0240  0.0244
  0.0239  0.0238  0.0239  0.0254  0.0254  0.0249  0.0239  0.0243  0.0237  0.0236  0.0236  0.0237
  0.0234  0.0234  0.0234  0.0234  0.0234  0.0234  0.0234  0.0234  0.0234  0.0234  0.0234  0.0234
  0.0240  0.0237  0.0240  0.0221  0.0229  0.0221  0.0237  0.0243  0.0240  0.0238  0.0235  0.0237
  0.0256  0.0246  0.0255  0.0248  0.0262  0.0224  0.0249  0.0281  0.0253  0.0247  0.0239  0.0244
  0.0281  0.0262  0.0276  0.0336  0.0324  0.0330  0.0271  0.0362  0.0273  0.0262  0.0248  0.0256
    0.3264   20.3747   10.9403  -19.1280  -18.4321  -15.1198
   18.8942   -5.7145  -19.8257    2.6209    3.8726   -5.7459
eta,q 0.97657 16.21006

---------------------------------------------------------------------
imgreg_4dfp /opt/freesurfer/average/711-2C_as_mni_average_305 /opt/freesurfer/average/711-2B_as_mni_average_305_mask talsrcimg_g11 none talsrcimg_to_711-2C_as_mni_average_305_t4 2311
---------------------------------------------------------------------

freesurfer imgreg_4dfp.c
/opt/freesurfer/average/711-2C_as_mni_average_305.4dfp.img
       256       256       256         1
  1.000000  1.000000  1.000000
orientation T byte_order littleendian
Reading image: /opt/freesurfer/average/711-2C_as_mni_average_305.4dfp.img
dimensions:      256       256       256
mmppix:       1.0000   -1.0000   -1.0000
center:     128.0000 -129.0000 -129.0000
/opt/freesurfer/average/711-2B_as_mni_average_305_mask.4dfp.img
       256       256       256         1
  1.000000  1.000000  1.000000
orientation T byte_order littleendian
Reading mask: /opt/freesurfer/average/711-2B_as_mni_average_305_mask.4dfp.img (2306576 pixels)
talsrcimg_g11.4dfp.img
       256       256       256         1
  1.000000  1.000000  1.000000
orientation T byte_order littleendian
Reading image: talsrcimg_g11.4dfp.img
dimensions:      256       256       256
mmppix:       1.0000   -1.0000   -1.0000
center:     128.0000 -129.0000 -129.0000
fimgreg.f
image alignment mode   2311 decimal      907 hex
parameters
    0.3264   20.3747   10.9403  -19.1280  -18.4321  -15.1198
   18.8942   -5.7145  -19.8257    2.6209    3.8726   -5.7459
eta,q 0.97657 16.21006
niter,ni,del,rscale     5    3    5.0000    0.8000
parameter  4 -1.311770 -> -0.500000 qaram    1.1500
parameter  6 -1.265761 -> -0.500000 qaram    1.1500
parameters
    0.2944   20.3984   10.7962  -16.3680  -16.7848  -12.3598
   18.8411   -5.9527  -19.1658    3.4453    3.3880   -5.8381
eta,q 0.97904 16.51114
  0.0246  0.0244  0.0239  0.0261  0.0249  0.0240  0.0232  0.0257  0.0228  0.0235  0.0218  0.0217
  0.0239  0.0239  0.0236  0.0251  0.0239  0.0232  0.0221  0.0229  0.0219  0.0222  0.0213  0.0213
  0.0235  0.0235  0.0235  0.0242  0.0230  0.0225  0.0213  0.0214  0.0213  0.0214  0.0210  0.0211
  0.0234  0.0234  0.0234  0.0234  0.0223  0.0219  0.0210  0.0210  0.0210  0.0210  0.0210  0.0210
  0.0236  0.0235  0.0235  0.0227  0.0219  0.0214  0.0212  0.0217  0.0211  0.0210  0.0211  0.0210
  0.0240  0.0238  0.0237  0.0222  0.0220  0.0210  0.0220  0.0236  0.0214  0.0214  0.0216  0.0213
  0.0247  0.0243  0.0240  0.0223  0.0230  0.0210  0.0234  0.0267  0.0220  0.0222  0.0224  0.0218
niter,ni,del,rscale     6    3    5.0000    0.9000
parameters
    0.1985   19.9201   11.4219  -17.2836  -16.6727  -12.5756
   18.6993   -5.6755  -19.4598    2.5112    3.3591   -5.2075
eta,q 0.97894 16.49380
  0.0234  0.0218  0.0227  0.0241  0.0239  0.0239  0.0232  0.0260  0.0223  0.0224  0.0219  0.0220
  0.0220  0.0211  0.0218  0.0228  0.0227  0.0229  0.0221  0.0231  0.0215  0.0215  0.0214  0.0215
  0.0212  0.0208  0.0212  0.0216  0.0217  0.0220  0.0214  0.0216  0.0212  0.0211  0.0212  0.0212
  0.0210  0.0210  0.0208  0.0207  0.0211  0.0210  0.0211  0.0211  0.0211  0.0211  0.0211  0.0211
  0.0213  0.0215  0.0207  0.0210  0.0211  0.0203  0.0213  0.0213  0.0213  0.0215  0.0211  0.0211
  0.0224  0.0224  0.0208  0.0237  0.0221  0.0213  0.0221  0.0225  0.0218  0.0224  0.0214  0.0213
  0.0241  0.0237  0.0211  0.0291  0.0241  0.0264  0.0235  0.0251  0.0225  0.0239  0.0220  0.0217
niter,ni,del,rscale     5    3    5.0000    0.8000
parameters
    0.2530   19.7580   11.2837  -17.0704  -16.4595  -12.3343
   18.8618   -5.7262  -19.4370    2.3197    3.4392   -5.1047
eta,q 0.97919 16.51623
  0.0229  0.0221  0.0216  0.0242  0.0233  0.0234  0.0227  0.0246  0.0220  0.0224  0.0216  0.0215
  0.0219  0.0215  0.0212  0.0230  0.0223  0.0225  0.0218  0.0224  0.0213  0.0215  0.0212  0.0212
  0.0213  0.0211  0.0211  0.0220  0.0215  0.0217  0.0211  0.0212  0.0209  0.0210  0.0209  0.0209
  0.0211  0.0211  0.0210  0.0210  0.0210  0.0209  0.0208  0.0208  0.0208  0.0208  0.0208  0.0208
  0.0212  0.0213  0.0212  0.0206  0.0209  0.0203  0.0209  0.0211  0.0209  0.0210  0.0209  0.0209
  0.0217  0.0218  0.0214  0.0216  0.0217  0.0208  0.0215  0.0224  0.0213  0.0216  0.0211  0.0211
  0.0226  0.0226  0.0218  0.0247  0.0233  0.0242  0.0226  0.0249  0.0219  0.0227  0.0216  0.0215
niter,ni,del,rscale     4    3    5.0000    0.7000
parameters
    0.2331   19.6728   11.3734  -16.8389  -16.3697  -11.8717
   18.8623   -5.8014  -19.3486    2.2466    3.3825   -5.0722
eta,q 0.97947 16.54479
  0.0222  0.0217  0.0214  0.0235  0.0226  0.0228  0.0220  0.0238  0.0215  0.0219  0.0212  0.0211
  0.0214  0.0212  0.0211  0.0225  0.0218  0.0221  0.0212  0.0219  0.0209  0.0212  0.0209  0.0208
  0.0209  0.0209  0.0209  0.0216  0.0211  0.0214  0.0207  0.0209  0.0206  0.0207  0.0206  0.0206
  0.0208  0.0208  0.0208  0.0208  0.0207  0.0207  0.0205  0.0205  0.0205  0.0205  0.0205  0.0205
  0.0210  0.0209  0.0208  0.0205  0.0208  0.0202  0.0206  0.0208  0.0206  0.0207  0.0206  0.0206
  0.0214  0.0214  0.0210  0.0213  0.0214  0.0205  0.0212  0.0220  0.0209  0.0212  0.0208  0.0208
  0.0223  0.0220  0.0213  0.0237  0.0227  0.0229  0.0221  0.0241  0.0214  0.0221  0.0213  0.0211
niter,ni,del,rscale     3    3    5.0000    0.6000
parameters
    0.2115   19.6221   11.5258  -16.6125  -16.3139  -11.4110
   18.8143   -5.8301  -19.2304    2.1964    3.2750   -5.0607
eta,q 0.97971 16.56997
  0.0216  0.0213  0.0211  0.0227  0.0219  0.0223  0.0214  0.0230  0.0211  0.0214  0.0209  0.0208
  0.0210  0.0209  0.0208  0.0219  0.0213  0.0217  0.0208  0.0215  0.0206  0.0208  0.0206  0.0205
  0.0206  0.0206  0.0206  0.0211  0.0207  0.0210  0.0204  0.0206  0.0204  0.0204  0.0204  0.0204
  0.0205  0.0205  0.0205  0.0205  0.0205  0.0205  0.0203  0.0203  0.0203  0.0203  0.0203  0.0203
  0.0207  0.0206  0.0205  0.0203  0.0205  0.0201  0.0204  0.0206  0.0204  0.0204  0.0204  0.0203
  0.0210  0.0209  0.0207  0.0210  0.0210  0.0204  0.0208  0.0215  0.0206  0.0208  0.0206  0.0205
  0.0217  0.0214  0.0209  0.0228  0.0220  0.0222  0.0215  0.0231  0.0209  0.0215  0.0210  0.0208
niter,ni,del,rscale     2    3    5.0000    0.5000
parameters
    0.1903   19.5907   11.6795  -16.4088  -16.2925  -10.9853
   18.7711   -5.8501  -19.0986    2.1500    3.1211   -5.1122
eta,q 0.97989 16.58872
  0.0211  0.0208  0.0208  0.0220  0.0213  0.0217  0.0209  0.0222  0.0207  0.0210  0.0206  0.0205
  0.0206  0.0205  0.0205  0.0213  0.0208  0.0212  0.0205  0.0210  0.0204  0.0205  0.0203  0.0203
  0.0204  0.0203  0.0204  0.0207  0.0204  0.0207  0.0202  0.0203  0.0202  0.0202  0.0202  0.0202
  0.0203  0.0203  0.0203  0.0203  0.0202  0.0202  0.0201  0.0201  0.0201  0.0201  0.0201  0.0201
  0.0204  0.0204  0.0203  0.0202  0.0203  0.0200  0.0202  0.0203  0.0202  0.0202  0.0202  0.0201
  0.0207  0.0206  0.0204  0.0207  0.0207  0.0203  0.0205  0.0210  0.0203  0.0205  0.0204  0.0203
  0.0212  0.0209  0.0205  0.0220  0.0214  0.0215  0.0210  0.0223  0.0206  0.0211  0.0207  0.0205
niter,ni,del,rscale     1    3    5.0000    0.4000
parameters
    0.1624   19.5687   11.8152  -16.2471  -16.2771  -10.6040
   18.7255   -5.8686  -18.9678    2.1006    2.9546   -5.1568
eta,q 0.98001 16.60183
  0.0206  0.0205  0.0205  0.0213  0.0208  0.0212  0.0205  0.0214  0.0204  0.0206  0.0203  0.0202
  0.0203  0.0203  0.0203  0.0208  0.0204  0.0208  0.0202  0.0206  0.0202  0.0203  0.0201  0.0201
  0.0202  0.0201  0.0202  0.0204  0.0202  0.0204  0.0201  0.0201  0.0200  0.0201  0.0200  0.0200
  0.0201  0.0201  0.0201  0.0201  0.0201  0.0201  0.0200  0.0200  0.0200  0.0200  0.0200  0.0200
  0.0202  0.0202  0.0201  0.0201  0.0201  0.0200  0.0200  0.0201  0.0200  0.0201  0.0200  0.0200
  0.0204  0.0203  0.0202  0.0204  0.0204  0.0202  0.0203  0.0206  0.0201  0.0203  0.0202  0.0201
  0.0207  0.0205  0.0203  0.0213  0.0208  0.0209  0.0206  0.0215  0.0203  0.0206  0.0204  0.0203
registration optimization eta report
parameter search radius
    0.8000    0.8000    0.8000    2.7600    2.4000    2.7600
    2.4000    2.4000    2.4000    2.4000    2.4000    2.4000
100000*second partial in parameter space
       89.       61.       41.       16.       12.       13.
       10.       25.        6.       11.        6.        5.
  0.0206  0.0205  0.0205  0.0213  0.0208  0.0212  0.0205  0.0214  0.0204  0.0206  0.0203  0.0202
  0.0203  0.0203  0.0203  0.0208  0.0204  0.0208  0.0202  0.0206  0.0202  0.0203  0.0201  0.0201
  0.0202  0.0201  0.0202  0.0204  0.0202  0.0204  0.0201  0.0201  0.0200  0.0201  0.0200  0.0200
  0.0201  0.0201  0.0201  0.0201  0.0201  0.0201  0.0200  0.0200  0.0200  0.0200  0.0200  0.0200
  0.0202  0.0202  0.0201  0.0201  0.0201  0.0200  0.0200  0.0201  0.0200  0.0201  0.0200  0.0200
  0.0204  0.0203  0.0202  0.0204  0.0204  0.0202  0.0203  0.0206  0.0201  0.0203  0.0202  0.0201
  0.0207  0.0205  0.0203  0.0213  0.0208  0.0209  0.0206  0.0215  0.0203  0.0206  0.0204  0.0203
    0.1624   19.5687   11.8152  -16.2471  -16.2771  -10.6040
   18.7255   -5.8686  -18.9678    2.1006    2.9546   -5.1568
eta,q 0.98001 16.60183

---------------------------------------------------------------------
imgreg_4dfp /opt/freesurfer/average/711-2C_as_mni_average_305 /opt/freesurfer/average/711-2B_as_mni_average_305_mask talsrcimg_g11 none talsrcimg_to_711-2C_as_mni_average_305_t4 2311
---------------------------------------------------------------------

freesurfer imgreg_4dfp.c
/opt/freesurfer/average/711-2C_as_mni_average_305.4dfp.img
       256       256       256         1
  1.000000  1.000000  1.000000
orientation T byte_order littleendian
Reading image: /opt/freesurfer/average/711-2C_as_mni_average_305.4dfp.img
dimensions:      256       256       256
mmppix:       1.0000   -1.0000   -1.0000
center:     128.0000 -129.0000 -129.0000
/opt/freesurfer/average/711-2B_as_mni_average_305_mask.4dfp.img
       256       256       256         1
  1.000000  1.000000  1.000000
orientation T byte_order littleendian
Reading mask: /opt/freesurfer/average/711-2B_as_mni_average_305_mask.4dfp.img (2306576 pixels)
talsrcimg_g11.4dfp.img
       256       256       256         1
  1.000000  1.000000  1.000000
orientation T byte_order littleendian
Reading image: talsrcimg_g11.4dfp.img
dimensions:      256       256       256
mmppix:       1.0000   -1.0000   -1.0000
center:     128.0000 -129.0000 -129.0000
fimgreg.f
image alignment mode   2311 decimal      907 hex
parameters
    0.1624   19.5687   11.8152  -16.2471  -16.2771  -10.6040
   18.7255   -5.8686  -18.9678    2.1006    2.9546   -5.1568
eta,q 0.98001 16.60183
niter,ni,del,rscale     5    3    5.0000    0.8000
parameters
    0.1121   19.5340   11.9863  -16.9450  -16.6271  -11.1631
   18.6982   -5.8276  -19.2533    1.8900    3.0581   -4.8004
eta,q 0.97961 16.56466
  0.0222  0.0215  0.0214  0.0224  0.0223  0.0224  0.0222  0.0247  0.0214  0.0221  0.0213  0.0212
  0.0210  0.0207  0.0207  0.0214  0.0213  0.0217  0.0213  0.0222  0.0208  0.0212  0.0209  0.0208
  0.0202  0.0202  0.0202  0.0205  0.0205  0.0209  0.0206  0.0209  0.0205  0.0206  0.0205  0.0205
  0.0200  0.0200  0.0200  0.0200  0.0201  0.0202  0.0204  0.0204  0.0204  0.0204  0.0204  0.0204
  0.0203  0.0202  0.0201  0.0203  0.0204  0.0201  0.0206  0.0207  0.0206  0.0206  0.0205  0.0204
  0.0211  0.0207  0.0204  0.0221  0.0215  0.0215  0.0212  0.0220  0.0210  0.0213  0.0207  0.0206
  0.0226  0.0217  0.0209  0.0258  0.0235  0.0256  0.0224  0.0246  0.0217  0.0226  0.0213  0.0211
niter,ni,del,rscale     4    3    5.0000    0.7000
parameters
    0.1445   19.5698   11.7114  -16.6719  -16.5012  -11.2732
   18.7908   -5.8492  -19.1831    1.9676    3.0968   -4.9120
eta,q 0.97971 16.56903
  0.0219  0.0215  0.0208  0.0227  0.0222  0.0221  0.0219  0.0238  0.0213  0.0218  0.0211  0.0209
  0.0211  0.0209  0.0205  0.0218  0.0213  0.0215  0.0211  0.0218  0.0207  0.0210  0.0207  0.0206
  0.0206  0.0205  0.0204  0.0210  0.0207  0.0208  0.0205  0.0207  0.0204  0.0205  0.0204  0.0204
  0.0204  0.0204  0.0204  0.0204  0.0203  0.0203  0.0203  0.0203  0.0203  0.0203  0.0203  0.0203
  0.0205  0.0205  0.0206  0.0202  0.0203  0.0200  0.0204  0.0206  0.0204  0.0204  0.0203  0.0203
  0.0210  0.0208  0.0209  0.0208  0.0209  0.0207  0.0209  0.0218  0.0207  0.0209  0.0206  0.0206
  0.0218  0.0214  0.0213  0.0227  0.0223  0.0233  0.0218  0.0240  0.0212  0.0218  0.0211  0.0210
niter,ni,del,rscale     3    3    5.0000    0.6000
parameters
    0.1568   19.5664   11.7238  -16.4312  -16.4141  -10.9820
   18.7456   -5.8622  -19.0644    2.0163    3.0096   -5.0233
eta,q 0.97987 16.58478
  0.0215  0.0211  0.0208  0.0221  0.0217  0.0218  0.0213  0.0231  0.0209  0.0214  0.0208  0.0206
  0.0208  0.0207  0.0205  0.0214  0.0210  0.0213  0.0207  0.0214  0.0205  0.0207  0.0204  0.0204
  0.0204  0.0204  0.0203  0.0208  0.0205  0.0207  0.0203  0.0205  0.0202  0.0203  0.0202  0.0202
  0.0203  0.0203  0.0203  0.0203  0.0202  0.0202  0.0201  0.0201  0.0201  0.0201  0.0201  0.0201
  0.0204  0.0204  0.0203  0.0202  0.0203  0.0200  0.0202  0.0204  0.0202  0.0202  0.0202  0.0202
  0.0208  0.0206  0.0205  0.0207  0.0207  0.0203  0.0207  0.0214  0.0204  0.0206  0.0205  0.0204
  0.0214  0.0211  0.0208  0.0221  0.0217  0.0218  0.0214  0.0231  0.0208  0.0214  0.0209  0.0207
niter,ni,del,rscale     2    3    5.0000    0.5000
parameters
    0.1436   19.5588   11.8283  -16.2774  -16.3701  -10.6416
   18.7073   -5.8708  -18.9509    2.0168    2.8990   -5.0978
eta,q 0.97999 16.59769
  0.0210  0.0207  0.0206  0.0215  0.0211  0.0214  0.0209  0.0222  0.0206  0.0209  0.0205  0.0204
  0.0205  0.0204  0.0204  0.0209  0.0207  0.0209  0.0204  0.0210  0.0203  0.0204  0.0202  0.0202
  0.0202  0.0202  0.0202  0.0204  0.0203  0.0205  0.0201  0.0203  0.0201  0.0201  0.0201  0.0201
  0.0201  0.0201  0.0201  0.0201  0.0201  0.0201  0.0200  0.0200  0.0200  0.0200  0.0200  0.0200
  0.0202  0.0202  0.0201  0.0201  0.0201  0.0199  0.0201  0.0202  0.0201  0.0201  0.0201  0.0201
  0.0205  0.0204  0.0203  0.0205  0.0205  0.0202  0.0204  0.0210  0.0202  0.0204  0.0203  0.0202
  0.0210  0.0207  0.0204  0.0215  0.0212  0.0212  0.0209  0.0223  0.0205  0.0210  0.0206  0.0204
niter,ni,del,rscale     1    3    5.0000    0.4000
parameters
    0.1205   19.5529   11.9305  -16.1667  -16.3478  -10.3496
   18.6746   -5.8876  -18.8462    2.0078    2.7729   -5.1588
eta,q 0.98006 16.60654
  0.0206  0.0204  0.0204  0.0210  0.0207  0.0210  0.0205  0.0214  0.0203  0.0206  0.0203  0.0202
  0.0202  0.0202  0.0202  0.0205  0.0203  0.0206  0.0202  0.0206  0.0201  0.0202  0.0201  0.0201
  0.0201  0.0200  0.0201  0.0202  0.0201  0.0202  0.0200  0.0201  0.0200  0.0200  0.0200  0.0200
  0.0200  0.0200  0.0200  0.0200  0.0200  0.0200  0.0199  0.0199  0.0199  0.0199  0.0199  0.0199
  0.0201  0.0201  0.0200  0.0200  0.0200  0.0199  0.0200  0.0201  0.0200  0.0200  0.0200  0.0200
  0.0203  0.0202  0.0201  0.0203  0.0203  0.0201  0.0202  0.0206  0.0201  0.0202  0.0201  0.0201
  0.0206  0.0204  0.0202  0.0209  0.0207  0.0207  0.0206  0.0215  0.0203  0.0206  0.0204  0.0202
registration optimization eta report
parameter search radius
    0.8000    0.8000    0.8000    2.4000    2.4000    2.4000
    2.4000    2.4000    2.4000    2.4000    2.4000    2.4000
100000*second partial in parameter space
       93.       61.       44.       16.       12.       15.
       10.       26.        6.       11.        7.        5.
  0.0206  0.0204  0.0204  0.0210  0.0207  0.0210  0.0205  0.0214  0.0203  0.0206  0.0203  0.0202
  0.0202  0.0202  0.0202  0.0205  0.0203  0.0206  0.0202  0.0206  0.0201  0.0202  0.0201  0.0201
  0.0201  0.0200  0.0201  0.0202  0.0201  0.0202  0.0200  0.0201  0.0200  0.0200  0.0200  0.0200
  0.0200  0.0200  0.0200  0.0200  0.0200  0.0200  0.0199  0.0199  0.0199  0.0199  0.0199  0.0199
  0.0201  0.0201  0.0200  0.0200  0.0200  0.0199  0.0200  0.0201  0.0200  0.0200  0.0200  0.0200
  0.0203  0.0202  0.0201  0.0203  0.0203  0.0201  0.0202  0.0206  0.0201  0.0202  0.0201  0.0201
  0.0206  0.0204  0.0202  0.0209  0.0207  0.0207  0.0206  0.0215  0.0203  0.0206  0.0204  0.0202
    0.1205   19.5529   11.9305  -16.1667  -16.3478  -10.3496
   18.6746   -5.8876  -18.8462    2.0078    2.7729   -5.1588
eta,q 0.98006 16.60654

---------------------------------------------------------------------
compute_vox2vox talsrcimg talsrcimg_to_711-2C_as_mni_average_305_t4 /opt/freesurfer/average/711-2C_as_mni_average_305
---------------------------------------------------------------------

freesurfer compute_vox2vox.c
Reading: talsrcimg.4dfp.ifh
Reading: talsrcimg_to_711-2C_as_mni_average_305_t4
Reading: /opt/freesurfer/average/711-2C_as_mni_average_305.4dfp.ifh
Writing: talsrcimg_to_711-2C_as_mni_average_305_t4_vox2vox.txt

start time Wed Mar 11 08:40:14 CET 2026
end		time Wed Mar 11 08:40:28 CET 2026

mpr2mni305 success

avi2talxfm orig_nu.mgz /opt/freesurfer/average/mni305.cor.mgz talsrcimg_to_711-2C_as_mni_average_305_t4_vox2vox.txt transforms/talairach.auto.xfm
avi2talxfm done
mv -f /out/sourcedata/freesurfer/sub-v2s15x29743_ses-1/mri/talsrcimg_to_711-2C_as_mni_average_305_t4_vox2vox.txt /out/sourcedata/freesurfer/sub-v2s15x29743_ses-1/mri/transforms/talsrcimg_to_711-2C_as_mni_average_305_t4_vox2vox.txt
lta_convert --src orig_nu.mgz --trg /opt/freesurfer/average/mni305.cor.mgz --inxfm transforms/talairach.auto.xfm --outlta transforms/talairach.auto.xfm.lta --subject fsaverage
7.3.2

--src: orig_nu.mgz src image (geometry).
--trg: /opt/freesurfer/average/mni305.cor.mgz trg image (geometry).
--inmni: transforms/talairach.auto.xfm input MNI/XFM transform.
--outlta: transforms/talairach.auto.xfm.lta output LTA.
--s: fsaverage subject name
 LTA read, type : 1
 1.13438   0.08006  -0.24830   5.58701;
-0.02035   1.11247   0.07315  -12.52763;
 0.25605  -0.00867   1.13773  -1.36649;
 0.00000   0.00000   0.00000   1.00000;
setting subject to fsaverage
Writing  LTA to file transforms/talairach.auto.xfm.lta...
lta_convert successful.
 
 
Started at Wed Mar 11 08:40:14 CET 2026
Ended   at Wed Mar 11 08:40:29 CET 2026
talairach_avi done
