status file for recon-all
Wed Mar 11 10:11:53 CET 2026
#@# Tessellate lh Wed Mar 11 10:11:53 CET 2026
#@# Smooth1 lh Wed Mar 11 10:11:56 CET 2026
#@# Inflation1 lh Wed Mar 11 10:11:58 CET 2026
#@# QSphere lh Wed Mar 11 10:12:07 CET 2026
#@# Fix Topology lh Wed Mar 11 10:12:45 CET 2026
#@# Smooth2 lh Wed Mar 11 10:22:46 CET 2026
#@# Inflation2 lh Wed Mar 11 10:22:48 CET 2026
#@# Curv .H and .K lh Wed Mar 11 10:22:56 CET 2026
#@# Sphere lh Wed Mar 11 10:23:28 CET 2026
#@# Surf Reg lh Wed Mar 11 10:27:17 CET 2026
#@# Jacobian white lh Wed Mar 11 10:29:38 CET 2026
#@# AvgCurv lh Wed Mar 11 10:29:38 CET 2026
#@# Cortical Parc lh Wed Mar 11 10:29:39 CET 2026
#@# white curv lh Wed Mar 11 10:34:07 CET 2026
#@# white area lh Wed Mar 11 10:34:08 CET 2026
#@# pial curv lh Wed Mar 11 10:34:09 CET 2026
#@# pial area lh Wed Mar 11 10:34:10 CET 2026
#@# thickness lh Wed Mar 11 10:34:10 CET 2026
#@# area and vertex vol lh Wed Mar 11 10:34:30 CET 2026
#@# Curvature Stats lh Wed Mar 11 10:34:31 CET 2026
#@# Cortical Parc 2 lh Wed Mar 11 10:34:33 CET 2026
#@# Cortical Parc 3 lh Wed Mar 11 10:34:42 CET 2026
#@# WM/GM Contrast lh Wed Mar 11 10:34:49 CET 2026
recon-all -s sub-v2s15x29742_ses-1 finished without error at Wed Mar 11 10:34:51 CET 2026



#New# invocation of recon-all 



status file for recon-all
Wed Mar 11 10:58:32 CET 2026
#@# white curv lh Wed Mar 11 10:58:32 CET 2026
#@# white area lh Wed Mar 11 10:58:32 CET 2026
#@# pial curv lh Wed Mar 11 10:58:32 CET 2026
#@# pial area lh Wed Mar 11 10:58:32 CET 2026
#@# thickness lh Wed Mar 11 10:58:32 CET 2026
#@# area and vertex vol lh Wed Mar 11 10:58:32 CET 2026
#@# Parcellation Stats lh Wed Mar 11 10:58:32 CET 2026
#@# Parcellation Stats 2 lh Wed Mar 11 10:58:41 CET 2026
#@# Parcellation Stats 3 lh Wed Mar 11 10:58:46 CET 2026
#@# BA_exvivo Labels lh Wed Mar 11 10:58:51 CET 2026
recon-all -s sub-v2s15x29742_ses-1 finished without error at Wed Mar 11 11:00:40 CET 2026
