status file for recon-all
Wed Mar 11 09:59:49 CET 2026
#@# Tessellate rh Wed Mar 11 09:59:49 CET 2026
#@# Smooth1 rh Wed Mar 11 09:59:53 CET 2026
#@# Inflation1 rh Wed Mar 11 09:59:56 CET 2026
#@# QSphere rh Wed Mar 11 10:00:12 CET 2026
#@# Fix Topology rh Wed Mar 11 10:01:55 CET 2026
#@# Smooth2 rh Wed Mar 11 10:08:08 CET 2026
#@# Inflation2 rh Wed Mar 11 10:08:12 CET 2026
#@# Curv .H and .K rh Wed Mar 11 10:08:31 CET 2026
#@# Sphere rh Wed Mar 11 10:09:23 CET 2026
#@# Surf Reg rh Wed Mar 11 10:14:15 CET 2026
#@# Jacobian white rh Wed Mar 11 10:20:47 CET 2026
#@# AvgCurv rh Wed Mar 11 10:20:49 CET 2026
#@# Cortical Parc rh Wed Mar 11 10:20:50 CET 2026
#@# white curv rh Wed Mar 11 10:28:42 CET 2026
#@# white area rh Wed Mar 11 10:28:44 CET 2026
#@# pial curv rh Wed Mar 11 10:28:45 CET 2026
#@# pial area rh Wed Mar 11 10:28:48 CET 2026
#@# thickness rh Wed Mar 11 10:28:49 CET 2026
#@# area and vertex vol rh Wed Mar 11 10:29:21 CET 2026
#@# Curvature Stats rh Wed Mar 11 10:29:24 CET 2026
#@# Cortical Parc 2 rh Wed Mar 11 10:29:27 CET 2026
#@# Cortical Parc 3 rh Wed Mar 11 10:29:42 CET 2026
#@# WM/GM Contrast rh Wed Mar 11 10:29:53 CET 2026
recon-all -s sub-v2s15x29731_ses-1 finished without error at Wed Mar 11 10:29:57 CET 2026



#New# invocation of recon-all 



status file for recon-all
Wed Mar 11 10:38:45 CET 2026
#@# white curv rh Wed Mar 11 10:38:45 CET 2026
#@# white area rh Wed Mar 11 10:38:45 CET 2026
#@# pial curv rh Wed Mar 11 10:38:45 CET 2026
#@# pial area rh Wed Mar 11 10:38:45 CET 2026
#@# thickness rh Wed Mar 11 10:38:45 CET 2026
#@# area and vertex vol rh Wed Mar 11 10:38:45 CET 2026
#@# Parcellation Stats rh Wed Mar 11 10:38:45 CET 2026
#@# Parcellation Stats 2 rh Wed Mar 11 10:39:08 CET 2026
#@# Parcellation Stats 3 rh Wed Mar 11 10:39:20 CET 2026
#@# BA_exvivo Labels rh Wed Mar 11 10:39:32 CET 2026
recon-all -s sub-v2s15x29731_ses-1 finished without error at Wed Mar 11 10:42:44 CET 2026
