status file for recon-all
Wed Mar 11 07:43:07 CET 2026
#@# MotionCor Wed Mar 11 07:43:09 CET 2026
#@# Talairach Wed Mar 11 07:43:17 CET 2026
#@# Talairach Failure Detection Wed Mar 11 07:47:46 CET 2026
#@# Nu Intensity Correction Wed Mar 11 07:47:46 CET 2026
#@# Intensity Normalization Wed Mar 11 07:51:04 CET 2026
recon-all -s sub-v2s15x29731_ses-1 finished without error at Wed Mar 11 07:52:25 CET 2026



#New# invocation of recon-all 



status file for recon-all
Wed Mar 11 07:59:52 CET 2026
#@# EM Registration Wed Mar 11 07:59:52 CET 2026
recon-all -s sub-v2s15x29731_ses-1 finished without error at Wed Mar 11 08:01:43 CET 2026



#New# invocation of recon-all 



status file for recon-all
Wed Mar 11 08:01:45 CET 2026
#@# CA Normalize Wed Mar 11 08:01:45 CET 2026
#@# CA Reg Wed Mar 11 08:03:04 CET 2026
#@# SubCort Seg Wed Mar 11 08:57:15 CET 2026
#@# CC Seg Wed Mar 11 09:26:47 CET 2026
#@# Merge ASeg Wed Mar 11 09:27:45 CET 2026
#@# Intensity Normalization2 Wed Mar 11 09:27:45 CET 2026
#@# Mask BFS Wed Mar 11 09:29:57 CET 2026
#@# WM Segmentation Wed Mar 11 09:29:58 CET 2026
#@# Fill Wed Mar 11 09:31:54 CET 2026
recon-all -s sub-v2s15x29731_ses-1 finished without error at Wed Mar 11 09:32:55 CET 2026



#New# invocation of recon-all 



status file for recon-all
Wed Mar 11 10:30:01 CET 2026
#@# white curv lh Wed Mar 11 10:30:01 CET 2026
#@# white area lh Wed Mar 11 10:30:01 CET 2026
#@# pial curv lh Wed Mar 11 10:30:01 CET 2026
#@# pial area lh Wed Mar 11 10:30:01 CET 2026
#@# thickness lh Wed Mar 11 10:30:01 CET 2026
#@# area and vertex vol lh Wed Mar 11 10:30:01 CET 2026
#@# white curv rh Wed Mar 11 10:30:01 CET 2026
#@# white area rh Wed Mar 11 10:30:01 CET 2026
#@# pial curv rh Wed Mar 11 10:30:01 CET 2026
#@# pial area rh Wed Mar 11 10:30:01 CET 2026
#@# thickness rh Wed Mar 11 10:30:01 CET 2026
#@# area and vertex vol rh Wed Mar 11 10:30:01 CET 2026
#@# Cortical ribbon mask Wed Mar 11 10:30:01 CET 2026
recon-all -s sub-v2s15x29731_ses-1 finished without error at Wed Mar 11 10:34:39 CET 2026



#New# invocation of recon-all 



status file for recon-all
Wed Mar 11 10:42:47 CET 2026
#@# white curv lh Wed Mar 11 10:42:47 CET 2026
#@# white area lh Wed Mar 11 10:42:47 CET 2026
#@# pial curv lh Wed Mar 11 10:42:47 CET 2026
#@# pial area lh Wed Mar 11 10:42:47 CET 2026
#@# thickness lh Wed Mar 11 10:42:47 CET 2026
#@# area and vertex vol lh Wed Mar 11 10:42:47 CET 2026
#@# white curv rh Wed Mar 11 10:42:47 CET 2026
#@# white area rh Wed Mar 11 10:42:47 CET 2026
#@# pial curv rh Wed Mar 11 10:42:47 CET 2026
#@# pial area rh Wed Mar 11 10:42:47 CET 2026
#@# thickness rh Wed Mar 11 10:42:47 CET 2026
#@# area and vertex vol rh Wed Mar 11 10:42:47 CET 2026
#@# Curvature Stats lh Wed Mar 11 10:42:47 CET 2026
#@# Curvature Stats rh Wed Mar 11 10:42:50 CET 2026
#@# Relabel Hypointensities Wed Mar 11 10:42:53 CET 2026
#@# APas-to-ASeg Wed Mar 11 10:43:10 CET 2026
#@# AParc-to-ASeg aparc Wed Mar 11 10:43:20 CET 2026
#@# AParc-to-ASeg aparc.a2009s Wed Mar 11 10:44:08 CET 2026
#@# AParc-to-ASeg aparc.DKTatlas Wed Mar 11 10:45:02 CET 2026
#@# WMParc Wed Mar 11 10:45:50 CET 2026
#@# ASeg Stats Wed Mar 11 10:50:26 CET 2026
recon-all -s sub-v2s15x29731_ses-1 finished without error at Wed Mar 11 10:51:12 CET 2026
