status file for recon-all
Wed Mar 11 09:32:59 CET 2026
#@# Tessellate lh Wed Mar 11 09:32:59 CET 2026
#@# Smooth1 lh Wed Mar 11 09:33:03 CET 2026
#@# Inflation1 lh Wed Mar 11 09:33:06 CET 2026
#@# QSphere lh Wed Mar 11 09:33:23 CET 2026
#@# Fix Topology lh Wed Mar 11 09:35:32 CET 2026
#@# Smooth2 lh Wed Mar 11 09:41:46 CET 2026
#@# Inflation2 lh Wed Mar 11 09:41:49 CET 2026
#@# Curv .H and .K lh Wed Mar 11 09:42:08 CET 2026
#@# Sphere lh Wed Mar 11 09:42:59 CET 2026
#@# Surf Reg lh Wed Mar 11 09:45:34 CET 2026
#@# Jacobian white lh Wed Mar 11 09:50:49 CET 2026
#@# AvgCurv lh Wed Mar 11 09:50:50 CET 2026
#@# Cortical Parc lh Wed Mar 11 09:50:52 CET 2026
#@# white curv lh Wed Mar 11 09:58:32 CET 2026
#@# white area lh Wed Mar 11 09:58:34 CET 2026
#@# pial curv lh Wed Mar 11 09:58:35 CET 2026
#@# pial area lh Wed Mar 11 09:58:38 CET 2026
#@# thickness lh Wed Mar 11 09:58:38 CET 2026
#@# area and vertex vol lh Wed Mar 11 09:59:11 CET 2026
#@# Curvature Stats lh Wed Mar 11 09:59:13 CET 2026
#@# Cortical Parc 2 lh Wed Mar 11 09:59:16 CET 2026
#@# Cortical Parc 3 lh Wed Mar 11 09:59:31 CET 2026
#@# WM/GM Contrast lh Wed Mar 11 09:59:43 CET 2026
recon-all -s sub-v2s15x29731_ses-1 finished without error at Wed Mar 11 09:59:46 CET 2026



#New# invocation of recon-all 



status file for recon-all
Wed Mar 11 10:34:43 CET 2026
#@# white curv lh Wed Mar 11 10:34:43 CET 2026
#@# white area lh Wed Mar 11 10:34:43 CET 2026
#@# pial curv lh Wed Mar 11 10:34:43 CET 2026
#@# pial area lh Wed Mar 11 10:34:43 CET 2026
#@# thickness lh Wed Mar 11 10:34:43 CET 2026
#@# area and vertex vol lh Wed Mar 11 10:34:43 CET 2026
#@# Parcellation Stats lh Wed Mar 11 10:34:43 CET 2026
#@# Parcellation Stats 2 lh Wed Mar 11 10:35:07 CET 2026
#@# Parcellation Stats 3 lh Wed Mar 11 10:35:18 CET 2026
#@# BA_exvivo Labels lh Wed Mar 11 10:35:29 CET 2026
recon-all -s sub-v2s15x29731_ses-1 finished without error at Wed Mar 11 10:38:41 CET 2026
