status file for recon-all
Wed Mar 11 09:25:43 CET 2026
#@# Tessellate lh Wed Mar 11 09:25:43 CET 2026
#@# Smooth1 lh Wed Mar 11 09:25:46 CET 2026
#@# Inflation1 lh Wed Mar 11 09:25:48 CET 2026
#@# QSphere lh Wed Mar 11 09:25:59 CET 2026
#@# Fix Topology lh Wed Mar 11 09:27:08 CET 2026
#@# Smooth2 lh Wed Mar 11 09:33:05 CET 2026
#@# Inflation2 lh Wed Mar 11 09:33:08 CET 2026
#@# Curv .H and .K lh Wed Mar 11 09:33:20 CET 2026
#@# Sphere lh Wed Mar 11 09:34:11 CET 2026
#@# Surf Reg lh Wed Mar 11 09:40:43 CET 2026
#@# Jacobian white lh Wed Mar 11 09:46:33 CET 2026
#@# AvgCurv lh Wed Mar 11 09:46:34 CET 2026
#@# Cortical Parc lh Wed Mar 11 09:46:35 CET 2026
#@# white curv lh Wed Mar 11 09:52:46 CET 2026
#@# white area lh Wed Mar 11 09:52:47 CET 2026
#@# pial curv lh Wed Mar 11 09:52:48 CET 2026
#@# pial area lh Wed Mar 11 09:52:50 CET 2026
#@# thickness lh Wed Mar 11 09:52:50 CET 2026
#@# area and vertex vol lh Wed Mar 11 09:53:22 CET 2026
#@# Curvature Stats lh Wed Mar 11 09:53:23 CET 2026
#@# Cortical Parc 2 lh Wed Mar 11 09:53:26 CET 2026
#@# Cortical Parc 3 lh Wed Mar 11 09:53:40 CET 2026
#@# WM/GM Contrast lh Wed Mar 11 09:53:50 CET 2026
recon-all -s sub-v2s15x29735_ses-1 finished without error at Wed Mar 11 09:53:52 CET 2026



#New# invocation of recon-all 



status file for recon-all
Wed Mar 11 10:22:07 CET 2026
#@# white curv lh Wed Mar 11 10:22:07 CET 2026
#@# white area lh Wed Mar 11 10:22:07 CET 2026
#@# pial curv lh Wed Mar 11 10:22:07 CET 2026
#@# pial area lh Wed Mar 11 10:22:07 CET 2026
#@# thickness lh Wed Mar 11 10:22:07 CET 2026
#@# area and vertex vol lh Wed Mar 11 10:22:07 CET 2026
#@# Parcellation Stats lh Wed Mar 11 10:22:07 CET 2026
#@# Parcellation Stats 2 lh Wed Mar 11 10:22:28 CET 2026
#@# Parcellation Stats 3 lh Wed Mar 11 10:22:39 CET 2026
#@# BA_exvivo Labels lh Wed Mar 11 10:22:49 CET 2026
recon-all -s sub-v2s15x29735_ses-1 finished without error at Wed Mar 11 10:25:23 CET 2026
