status file for recon-all
Wed Mar 11 09:53:55 CET 2026
#@# Tessellate rh Wed Mar 11 09:53:55 CET 2026
#@# Smooth1 rh Wed Mar 11 09:53:58 CET 2026
#@# Inflation1 rh Wed Mar 11 09:54:01 CET 2026
#@# QSphere rh Wed Mar 11 09:54:11 CET 2026
#@# Fix Topology rh Wed Mar 11 09:55:17 CET 2026
#@# Smooth2 rh Wed Mar 11 10:00:33 CET 2026
#@# Inflation2 rh Wed Mar 11 10:00:36 CET 2026
#@# Curv .H and .K rh Wed Mar 11 10:00:48 CET 2026
#@# Sphere rh Wed Mar 11 10:01:39 CET 2026
#@# Surf Reg rh Wed Mar 11 10:03:30 CET 2026
#@# Jacobian white rh Wed Mar 11 10:07:21 CET 2026
#@# AvgCurv rh Wed Mar 11 10:07:22 CET 2026
#@# Cortical Parc rh Wed Mar 11 10:07:23 CET 2026
#@# white curv rh Wed Mar 11 10:14:05 CET 2026
#@# white area rh Wed Mar 11 10:14:07 CET 2026
#@# pial curv rh Wed Mar 11 10:14:07 CET 2026
#@# pial area rh Wed Mar 11 10:14:09 CET 2026
#@# thickness rh Wed Mar 11 10:14:10 CET 2026
#@# area and vertex vol rh Wed Mar 11 10:14:44 CET 2026
#@# Curvature Stats rh Wed Mar 11 10:14:45 CET 2026
#@# Cortical Parc 2 rh Wed Mar 11 10:14:48 CET 2026
#@# Cortical Parc 3 rh Wed Mar 11 10:15:02 CET 2026
#@# WM/GM Contrast rh Wed Mar 11 10:15:12 CET 2026
recon-all -s sub-v2s15x29735_ses-1 finished without error at Wed Mar 11 10:15:15 CET 2026



#New# invocation of recon-all 



status file for recon-all
Wed Mar 11 10:25:25 CET 2026
#@# white curv rh Wed Mar 11 10:25:25 CET 2026
#@# white area rh Wed Mar 11 10:25:25 CET 2026
#@# pial curv rh Wed Mar 11 10:25:25 CET 2026
#@# pial area rh Wed Mar 11 10:25:25 CET 2026
#@# thickness rh Wed Mar 11 10:25:25 CET 2026
#@# area and vertex vol rh Wed Mar 11 10:25:25 CET 2026
#@# Parcellation Stats rh Wed Mar 11 10:25:25 CET 2026
#@# Parcellation Stats 2 rh Wed Mar 11 10:25:47 CET 2026
#@# Parcellation Stats 3 rh Wed Mar 11 10:25:58 CET 2026
#@# BA_exvivo Labels rh Wed Mar 11 10:26:09 CET 2026
recon-all -s sub-v2s15x29735_ses-1 finished without error at Wed Mar 11 10:28:43 CET 2026
