status file for recon-all
Wed Mar 11 07:51:07 CET 2026
#@# MotionCor Wed Mar 11 07:51:09 CET 2026
#@# Talairach Wed Mar 11 07:51:16 CET 2026
#@# Talairach Failure Detection Wed Mar 11 07:55:40 CET 2026
#@# Nu Intensity Correction Wed Mar 11 07:55:40 CET 2026
#@# Intensity Normalization Wed Mar 11 07:58:55 CET 2026
recon-all -s sub-v2s15x29735_ses-1 finished without error at Wed Mar 11 08:00:21 CET 2026



#New# invocation of recon-all 



status file for recon-all
Wed Mar 11 08:07:18 CET 2026
#@# EM Registration Wed Mar 11 08:07:18 CET 2026
recon-all -s sub-v2s15x29735_ses-1 finished without error at Wed Mar 11 08:08:48 CET 2026



#New# invocation of recon-all 



status file for recon-all
Wed Mar 11 08:08:50 CET 2026
#@# CA Normalize Wed Mar 11 08:08:50 CET 2026
#@# CA Reg Wed Mar 11 08:10:11 CET 2026
#@# SubCort Seg Wed Mar 11 08:50:37 CET 2026
#@# CC Seg Wed Mar 11 09:20:05 CET 2026
#@# Merge ASeg Wed Mar 11 09:20:37 CET 2026
#@# Intensity Normalization2 Wed Mar 11 09:20:37 CET 2026
#@# Mask BFS Wed Mar 11 09:22:46 CET 2026
#@# WM Segmentation Wed Mar 11 09:22:47 CET 2026
#@# Fill Wed Mar 11 09:24:38 CET 2026
recon-all -s sub-v2s15x29735_ses-1 finished without error at Wed Mar 11 09:25:39 CET 2026



#New# invocation of recon-all 



status file for recon-all
Wed Mar 11 10:15:19 CET 2026
#@# white curv lh Wed Mar 11 10:15:19 CET 2026
#@# white area lh Wed Mar 11 10:15:19 CET 2026
#@# pial curv lh Wed Mar 11 10:15:19 CET 2026
#@# pial area lh Wed Mar 11 10:15:19 CET 2026
#@# thickness lh Wed Mar 11 10:15:19 CET 2026
#@# area and vertex vol lh Wed Mar 11 10:15:19 CET 2026
#@# white curv rh Wed Mar 11 10:15:19 CET 2026
#@# white area rh Wed Mar 11 10:15:19 CET 2026
#@# pial curv rh Wed Mar 11 10:15:19 CET 2026
#@# pial area rh Wed Mar 11 10:15:19 CET 2026
#@# thickness rh Wed Mar 11 10:15:19 CET 2026
#@# area and vertex vol rh Wed Mar 11 10:15:19 CET 2026
#@# Cortical ribbon mask Wed Mar 11 10:15:19 CET 2026
recon-all -s sub-v2s15x29735_ses-1 finished without error at Wed Mar 11 10:22:03 CET 2026



#New# invocation of recon-all 



status file for recon-all
Wed Mar 11 10:28:48 CET 2026
#@# white curv lh Wed Mar 11 10:28:48 CET 2026
#@# white area lh Wed Mar 11 10:28:48 CET 2026
#@# pial curv lh Wed Mar 11 10:28:48 CET 2026
#@# pial area lh Wed Mar 11 10:28:48 CET 2026
#@# thickness lh Wed Mar 11 10:28:48 CET 2026
#@# area and vertex vol lh Wed Mar 11 10:28:48 CET 2026
#@# white curv rh Wed Mar 11 10:28:48 CET 2026
#@# white area rh Wed Mar 11 10:28:48 CET 2026
#@# pial curv rh Wed Mar 11 10:28:48 CET 2026
#@# pial area rh Wed Mar 11 10:28:48 CET 2026
#@# thickness rh Wed Mar 11 10:28:49 CET 2026
#@# area and vertex vol rh Wed Mar 11 10:28:49 CET 2026
#@# Curvature Stats lh Wed Mar 11 10:28:49 CET 2026
#@# Curvature Stats rh Wed Mar 11 10:28:51 CET 2026
#@# Relabel Hypointensities Wed Mar 11 10:28:53 CET 2026
#@# APas-to-ASeg Wed Mar 11 10:29:09 CET 2026
#@# AParc-to-ASeg aparc Wed Mar 11 10:29:17 CET 2026
#@# AParc-to-ASeg aparc.a2009s Wed Mar 11 10:30:04 CET 2026
#@# AParc-to-ASeg aparc.DKTatlas Wed Mar 11 10:30:53 CET 2026
#@# WMParc Wed Mar 11 10:31:42 CET 2026
#@# ASeg Stats Wed Mar 11 10:35:12 CET 2026
recon-all -s sub-v2s15x29735_ses-1 finished without error at Wed Mar 11 10:35:44 CET 2026
