/out/sourcedata/freesurfer/sub-v2s15x29744_ses-1/mri
/opt/freesurfer/bin/talairach_avi
--i orig_nu.mgz --xfm transforms/talairach.auto.xfm
talairach_avi 7.3.2
Linux dna020 5.14.0-427.37.1.el9_4.x86_64 #1 SMP PREEMPT_DYNAMIC Fri Sep 13 12:41:50 EDT 2024 x86_64 x86_64 x86_64 GNU/Linux
Wed Mar 11 08:42:10 CET 2026
mri_convert orig_nu.mgz talsrcimg.img 
reading from orig_nu.mgz...
TR=0.00, TE=0.00, TI=0.00, flip angle=0.00
i_ras = (-1, 0, 0)
j_ras = (0, 0, -1)
k_ras = (0, 1, 0)
writing to talsrcimg.img...
Analyze Output Matrix
-1.00000   0.00000   0.00000   136.08408;
 0.00000   0.00000   1.00000  -130.74429;
 0.00000  -1.00000   0.00000   117.22427;
 0.00000   0.00000   0.00000   1.00000;
--------------------
INFO: set hdr.hist.orient to -1
mpr2mni305 talsrcimg
Wed Mar 11 08:42:11 CET 2026
/opt/freesurfer/bin/mpr2mni305 talsrcimg
mpr2mni305 7.3.2
target=711-2C_as_mni_average_305

---------------------------------------------------------------------
analyzeto4dfp talsrcimg -O0 -y
---------------------------------------------------------------------

freesurfer ifh2hdr.c
Wed Mar 11 08:42:11 2026
Writing: talsrcimg.4dfp.hdr
freesurfer analyzeto4dfp.c
Reading: talsrcimg.hdr
header size 348 bytes
hdr.dime.datatype	offset=70	value=2
hdr.dime.bitpix		offset=72	value=8
hdr.hist.orient		offset=252	value=-1
dimensionality     4
dimensions       256       256       256         1
Reading: talsrcimg.img
Writing: talsrcimg.4dfp.img
Writing: talsrcimg.4dfp.ifh
ifh2hdr talsrcimg -r0to242
ori=2

---------------------------------------------------------------------
gauss_4dfp talsrcimg 1.1
---------------------------------------------------------------------

freesurfer gauss_4dfp.c
Reading: talsrcimg.4dfp.img
Writing: talsrcimg_g11.4dfp.img
image dimensions 256 256 256 padded to 288 288 288
processing volume 1freesurfer ifh2hdr.c
Wed Mar 11 08:42:13 2026
Writing: talsrcimg_g11.4dfp.hdr

Writing: talsrcimg_g11.4dfp.ifh
including: talsrcimg.4dfp.img.rec in talsrcimg_g11.4dfp.img.rec

---------------------------------------------------------------------
imgreg_4dfp /opt/freesurfer/average/711-2C_as_mni_average_305 none talsrcimg_g11 none talsrcimg_to_711-2C_as_mni_average_305_t4 4355
---------------------------------------------------------------------

freesurfer imgreg_4dfp.c
/opt/freesurfer/average/711-2C_as_mni_average_305.4dfp.img
       256       256       256         1
  1.000000  1.000000  1.000000
orientation T byte_order littleendian
Reading image: /opt/freesurfer/average/711-2C_as_mni_average_305.4dfp.img
dimensions:      256       256       256
mmppix:       1.0000   -1.0000   -1.0000
center:     128.0000 -129.0000 -129.0000
talsrcimg_g11.4dfp.img
       256       256       256         1
  1.000000  1.000000  1.000000
orientation T byte_order littleendian
Reading image: talsrcimg_g11.4dfp.img
dimensions:      256       256       256
mmppix:       1.0000   -1.0000   -1.0000
center:     128.0000 -129.0000 -129.0000
t4_read: open error in t4_sub.f l:  41 t4_file(1:l)talsrcimg_to_711-2C_as_mni_average_305_t4 
t4_read: transform initialized to I4
rotation matrix determinant  1.000000
image alignment mode   4355 decimal     1103 hex
   -7.5000  -45.0000  -45.0000 7751.9531   18.2751
    0.0000  -45.0000  -45.0000 8144.8022   18.3366
    7.5000  -45.0000  -45.0000 7850.0254   18.3617
   -7.5000  -37.5000  -45.0000 8219.3467   18.2467
    0.0000  -37.5000  -45.0000 8631.7119   18.3117
    7.5000  -37.5000  -45.0000 8318.9697   18.3397
   -7.5000  -30.0000  -45.0000 8897.7783   18.2521
    0.0000  -30.0000  -45.0000 9355.6035   18.3165
    7.5000  -30.0000  -45.0000 9031.6836   18.3458
   -7.5000  -22.5000  -45.0000 9598.2002   18.2563
    0.0000  -22.5000  -45.000010112.1562   18.3149
    7.5000  -22.5000  -45.0000 9731.2812   18.3403
   -7.5000  -15.0000  -45.000010245.1191   18.2585
    0.0000  -15.0000  -45.000010794.8936   18.3125
    7.5000  -15.0000  -45.000010365.6387   18.3318
   -7.5000   -7.5000  -45.000010802.9961   18.2513
    0.0000   -7.5000  -45.000011374.1377   18.3075
    7.5000   -7.5000  -45.000010920.8955   18.3276
   -7.5000    0.0000  -45.000011244.9834   18.2425
    0.0000    0.0000  -45.000011848.0361   18.3041
    7.5000    0.0000  -45.000011403.8447   18.3288
   -7.5000    7.5000  -45.000010860.1992   18.2455
    0.0000    7.5000  -45.000011428.9609   18.3105
    7.5000    7.5000  -45.000010988.2188   18.3385
   -7.5000   15.0000  -45.000010271.1689   18.2521
    0.0000   15.0000  -45.000010826.8135   18.3165
    7.5000   15.0000  -45.000010377.1758   18.3458
   -7.5000   22.5000  -45.0000 9523.0439   18.2538
    0.0000   22.5000  -45.000010038.2119   18.3124
    7.5000   22.5000  -45.0000 9580.9697   18.3378
   -7.5000   30.0000  -45.0000 8715.0566   18.0151
    0.0000   30.0000  -45.0000 9182.5986   18.0684
    7.5000   30.0000  -45.0000 8748.4375   18.0875
   -7.5000   37.5000  -45.0000 8241.4678   18.0081
    0.0000   37.5000  -45.0000 8675.2354   18.0635
    7.5000   37.5000  -45.0000 8271.7715   18.0833
   -7.5000   45.0000  -45.0000 7507.4868   17.5443
    0.0000   45.0000  -45.0000 7901.2300   17.6035
    7.5000   45.0000  -45.0000 7536.1187   17.6271
   -7.5000  -45.0000  -37.5000 8306.2529   18.1131
    0.0000  -45.0000  -37.5000 8740.2148   18.1593
    7.5000  -45.0000  -37.5000 8392.6836   18.2022
   -7.5000  -37.5000  -37.5000 8825.3018   18.0873
    0.0000  -37.5000  -37.5000 9274.7568   18.1352
    7.5000  -37.5000  -37.5000 8898.2871   18.1832
   -7.5000  -30.0000  -37.5000 9578.7314   18.0981
    0.0000  -30.0000  -37.500010069.6211   18.1451
    7.5000  -30.0000  -37.5000 9669.7363   18.1936
   -7.5000  -22.5000  -37.500010275.0889   18.1058
    0.0000  -22.5000  -37.500010815.2461   18.1492
    7.5000  -22.5000  -37.500010351.9199   18.1908
   -7.5000  -15.0000  -37.500010924.3232   18.1057
    0.0000  -15.0000  -37.500011492.8652   18.1464
    7.5000  -15.0000  -37.500010983.3379   18.1799
   -7.5000   -7.5000  -37.500011489.1699   18.0934
    0.0000   -7.5000  -37.500012105.8320   18.1361
    7.5000   -7.5000  -37.500011571.5898   18.1708
   -7.5000    0.0000  -37.500011998.7607   18.0814
    0.0000    0.0000  -37.500012624.7266   18.1276
    7.5000    0.0000  -37.500012122.9287   18.1701
   -7.5000    7.5000  -37.500011601.5811   18.0861
    0.0000    7.5000  -37.500012187.8750   18.1341
    7.5000    7.5000  -37.500011693.0723   18.1820
   -7.5000   15.0000  -37.500010928.0420   18.0981
    0.0000   15.0000  -37.500011496.7383   18.1451
    7.5000   15.0000  -37.500010992.0459   18.1936
   -7.5000   22.5000  -37.500010094.5371   18.1033
    0.0000   22.5000  -37.500010617.9268   18.1467
    7.5000   22.5000  -37.500010114.4727   18.1883
   -7.5000   30.0000  -37.5000 9207.2070   17.8644
    0.0000   30.0000  -37.5000 9674.8730   17.9046
    7.5000   30.0000  -37.5000 9195.4854   17.9376
   -7.5000   37.5000  -37.5000 8686.6035   17.8523
    0.0000   37.5000  -37.5000 9124.2559   17.8944
    7.5000   37.5000  -37.5000 8684.4424   17.9287
   -7.5000   45.0000  -37.5000 7885.7466   17.3893
    0.0000   45.0000  -37.5000 8292.0732   17.4337
    7.5000   45.0000  -37.5000 7883.4297   17.4745
   -7.5000  -45.0000  -30.0000 9086.0000   18.8935
    0.0000  -45.0000  -30.0000 9559.3428   18.9388
    7.5000  -45.0000  -30.0000 9152.8740   18.9984
   -7.5000  -37.5000  -30.0000 9624.0625   18.8666
    0.0000  -37.5000  -30.000010107.9053   18.9109
    7.5000  -37.5000  -30.0000 9685.4160   18.9755
   -7.5000  -30.0000  -30.000010452.9219   18.8738
    0.0000  -30.0000  -30.000010973.0312   18.9144
    7.5000  -30.0000  -30.000010516.5146   18.9755
   -7.5000  -22.5000  -30.000011171.4199   18.8770
    0.0000  -22.5000  -30.000011727.7217   18.9144
    7.5000  -22.5000  -30.000011239.9932   18.9655
   -7.5000  -15.0000  -30.000011831.3457   18.8759
    0.0000  -15.0000  -30.000012419.6074   18.9128
    7.5000  -15.0000  -30.000011900.7373   18.9560
   -7.5000   -7.5000  -30.000012445.7637   18.8680
    0.0000   -7.5000  -30.000013059.9287   18.9092
    7.5000   -7.5000  -30.000012516.5039   18.9568
   -7.5000    0.0000  -30.000013000.8232   18.8607
    0.0000    0.0000  -30.000013635.7754   18.9061
    7.5000    0.0000  -30.000013053.4248   18.9651
   -7.5000    7.5000  -30.000012553.7432   18.8653
    0.0000    7.5000  -30.000013177.7666   18.9097
    7.5000    7.5000  -30.000012588.2949   18.9743
   -7.5000   15.0000  -30.000011826.3525   18.8738
    0.0000   15.0000  -30.000012421.3174   18.9144
    7.5000   15.0000  -30.000011860.5225   18.9755
   -7.5000   22.5000  -30.000010889.9434   18.8725
    0.0000   22.5000  -30.000011439.8779   18.9098
    7.5000   22.5000  -30.000010878.1865   18.9610
   -7.5000   30.0000  -30.0000 9887.0010   18.6261
    0.0000   30.0000  -30.000010372.9932   18.6625
    7.5000   30.0000  -30.0000 9850.6279   18.7052
   -7.5000   37.5000  -30.0000 9296.2930   18.6184
    0.0000   37.5000  -30.0000 9778.4062   18.6590
    7.5000   37.5000  -30.0000 9300.1416   18.7060
   -7.5000   45.0000  -30.0000 8396.8711   18.1520
    0.0000   45.0000  -30.0000 8836.4668   18.1956
    7.5000   45.0000  -30.0000 8424.4053   18.2523
   -7.5000  -45.0000  -22.5000 9902.4883   19.6014
    0.0000  -45.0000  -22.500010427.2031   19.6628
    7.5000  -45.0000  -22.5000 9955.9688   19.7193
   -7.5000  -37.5000  -22.500010481.8262   19.5719
    0.0000  -37.5000  -22.500011003.8818   19.6319
    7.5000  -37.5000  -22.500010503.7227   19.6906
   -7.5000  -30.0000  -22.500011346.3721   19.5699
    0.0000  -30.0000  -22.500011907.8066   19.6229
    7.5000  -30.0000  -22.500011386.5879   19.6748
   -7.5000  -22.5000  -22.500012105.8105   19.5650
    0.0000  -22.5000  -22.500012705.3594   19.6118
    7.5000  -22.5000  -22.500012174.0879   19.6535
   -7.5000  -15.0000  -22.500012846.3564   19.5645
    0.0000  -15.0000  -22.500013472.9287   19.6110
    7.5000  -15.0000  -22.500012881.3936   19.6472
   -7.5000   -7.5000  -22.500013538.4150   19.5659
    0.0000   -7.5000  -22.500014170.4082   19.6198
    7.5000   -7.5000  -22.500013537.4902   19.6637
   -7.5000    0.0000  -22.500014124.5713   19.5672
    0.0000    0.0000  -22.500014773.7305   19.6286
    7.5000    0.0000  -22.500014092.2568   19.6846
   -7.5000    7.5000  -22.500013561.5654   19.5706
    0.0000    7.5000  -22.500014235.1045   19.6307
    7.5000    7.5000  -22.500013545.4775   19.6894
   -7.5000   15.0000  -22.500012742.4678   19.5699
    0.0000   15.0000  -22.500013389.8320   19.6229
    7.5000   15.0000  -22.500012722.6953   19.6748
   -7.5000   22.5000  -22.500011714.7139   19.5589
    0.0000   22.5000  -22.500012322.6865   19.6058
    7.5000   22.5000  -22.500011686.0576   19.6474
   -7.5000   30.0000  -22.500010618.3555   19.3085
    0.0000   30.0000  -22.500011134.3682   19.3544
    7.5000   30.0000  -22.500010563.9482   19.3902
   -7.5000   37.5000  -22.5000 9995.5752   19.3100
    0.0000   37.5000  -22.500010493.7295   19.3631
    7.5000   37.5000  -22.5000 9989.4375   19.4065
   -7.5000   45.0000  -22.5000 8978.1504   18.8460
    0.0000   45.0000  -22.5000 9411.1436   18.9051
    7.5000   45.0000  -22.5000 8984.2236   18.9589
   -7.5000  -45.0000  -15.000010707.8223   20.1063
    0.0000  -45.0000  -15.000011257.4648   20.1867
    7.5000  -45.0000  -15.000010719.6602   20.2274
   -7.5000  -37.5000  -15.000011295.2930   20.0717
    0.0000  -37.5000  -15.000011869.2363   20.1525
    7.5000  -37.5000  -15.000011309.6387   20.1929
   -7.5000  -30.0000  -15.000012194.5645   20.0633
    0.0000  -30.0000  -15.000012826.9463   20.1372
    7.5000  -30.0000  -15.000012258.4492   20.1717
   -7.5000  -22.5000  -15.000013046.9092   20.0565
    0.0000  -22.5000  -15.000013699.6426   20.1221
    7.5000  -22.5000  -15.000013096.2314   20.1492
   -7.5000  -15.0000  -15.000013885.5293   20.0602
    0.0000  -15.0000  -15.000014545.4189   20.1235
    7.5000  -15.0000  -15.000013848.6055   20.1475
   -7.5000   -7.5000  -15.000014664.6250   20.0674
    0.0000   -7.5000  -15.000015333.0381   20.1384
    7.5000   -7.5000  -15.000014546.8350   20.1696
   -7.5000    0.0000  -15.000015226.7832   20.0707
    0.0000    0.0000  -15.000015967.6865   20.1511
    7.5000    0.0000  -15.000015128.6826   20.1913
   -7.5000    7.5000  -15.000014569.4541   20.0704
    0.0000    7.5000  -15.000015298.5156   20.1514
    7.5000    7.5000  -15.000014484.4033   20.1917
   -7.5000   15.0000  -15.000013627.4141   20.0633
    0.0000   15.0000  -15.000014333.7725   20.1372
    7.5000   15.0000  -15.000013571.1680   20.1717
   -7.5000   22.5000  -15.000012544.8057   20.0494
    0.0000   22.5000  -15.000013216.4424   20.1150
    7.5000   22.5000  -15.000012492.2549   20.1421
   -7.5000   30.0000  -15.000011373.6045   19.8006
    0.0000   30.0000  -15.000011950.8359   19.8631
    7.5000   30.0000  -15.000011295.4072   19.8867
   -7.5000   37.5000  -15.000010709.3936   19.8077
    0.0000   37.5000  -15.000011229.2744   19.8778
    7.5000   37.5000  -15.000010653.1172   19.9086
   -7.5000   45.0000  -15.0000 9598.6064   19.3427
    0.0000   45.0000  -15.000010062.1250   19.4202
    7.5000   45.0000  -15.0000 9564.4365   19.4588
   -7.5000  -45.0000   -7.500011552.7852   20.3145
    0.0000  -45.0000   -7.500012136.6621   20.3977
    7.5000  -45.0000   -7.500011560.3691   20.4259
   -7.5000  -37.5000   -7.500012149.8223   20.2786
    0.0000  -37.5000   -7.500012776.7236   20.3644
    7.5000  -37.5000   -7.500012181.4258   20.3929
   -7.5000  -30.0000   -7.500013080.2832   20.2736
    0.0000  -30.0000   -7.500013789.7188   20.3557
    7.5000  -30.0000   -7.500013151.2871   20.3824
   -7.5000  -22.5000   -7.500013988.2754   20.2715
    0.0000  -22.5000   -7.500014700.7080   20.3457
    7.5000  -22.5000   -7.500013984.3359   20.3680
   -7.5000  -15.0000   -7.500014866.3691   20.2771
    0.0000  -15.0000   -7.500015615.1260   20.3471
    7.5000  -15.0000   -7.500014792.9248   20.3658
   -7.5000   -7.5000   -7.500015689.3154   20.2804
    0.0000   -7.5000   -7.500016499.6875   20.3555
    7.5000   -7.5000   -7.500015554.3125   20.3779
   -7.5000    0.0000   -7.500016306.0879   20.2784
    0.0000    0.0000   -7.500017175.4570   20.3615
    7.5000    0.0000   -7.500016175.4941   20.3894
   -7.5000    7.5000   -7.500015589.6299   20.2772
    0.0000    7.5000   -7.500016419.2168   20.3632
    7.5000    7.5000   -7.500015450.7617   20.3917
   -7.5000   15.0000   -7.500014580.1270   20.2736
    0.0000   15.0000   -7.500015360.6484   20.3557
    7.5000   15.0000   -7.500014463.3301   20.3824
   -7.5000   22.5000   -7.500013444.5312   20.2621
    0.0000   22.5000   -7.500014172.2754   20.3363
    7.5000   22.5000   -7.500013349.3535   20.3586
   -7.5000   30.0000   -7.500012167.6523   20.0142
    0.0000   30.0000   -7.500012847.4102   20.0832
    7.5000   30.0000   -7.500012092.3574   20.1017
   -7.5000   37.5000   -7.500011430.3145   20.0174
    0.0000   37.5000   -7.500012004.6836   20.0915
    7.5000   37.5000   -7.500011336.6553   20.1136
   -7.5000   45.0000   -7.500010239.1914   19.5466
    0.0000   45.0000   -7.500010733.3779   19.6268
    7.5000   45.0000   -7.500010174.5586   19.6535
   -7.5000  -45.0000    0.000012289.5566   20.2966
    0.0000  -45.0000    0.000012881.4697   20.3655
    7.5000  -45.0000    0.000012295.1748   20.3956
   -7.5000  -37.5000    0.000012942.7598   20.2655
    0.0000  -37.5000    0.000013569.3838   20.3379
    7.5000  -37.5000    0.000012961.7217   20.3711
   -7.5000  -30.0000    0.000013947.5869   20.2714
    0.0000  -30.0000    0.000014664.8242   20.3429
    7.5000  -30.0000    0.000013963.4062   20.3774
   -7.5000  -22.5000    0.000014877.8770   20.2759
    0.0000  -22.5000    0.000015612.3994   20.3410
    7.5000  -22.5000    0.000014797.2070   20.3712
   -7.5000  -15.0000    0.000015747.4014   20.2781
    0.0000  -15.0000    0.000016515.8691   20.3383
    7.5000  -15.0000    0.000015621.2666   20.3620
   -7.5000   -7.5000    0.000016599.0332   20.2703
    0.0000   -7.5000    0.000017456.4023   20.3330
    7.5000   -7.5000    0.000016462.7969   20.3578
   -7.5000    0.0000    0.000017280.4629   20.2608
    0.0000    0.0000    0.000018183.8203   20.3296
    7.5000    0.0000    0.000017099.3965   20.3593
   -7.5000    7.5000    0.000016506.3965   20.2641
    0.0000    7.5000    0.000017355.7285   20.3367
    7.5000    7.5000    0.000016321.7080   20.3698
   -7.5000   15.0000    0.000015391.6943   20.2714
    0.0000   15.0000    0.000016167.7686   20.3429
    7.5000   15.0000    0.000015247.1348   20.3774
   -7.5000   22.5000    0.000014173.0176   20.2665
    0.0000   22.5000    0.000014904.3408   20.3316
    7.5000   22.5000    0.000014044.8535   20.3618
   -7.5000   30.0000    0.000012847.4961   20.0157
    0.0000   30.0000    0.000013569.4648   20.0750
    7.5000   30.0000    0.000012764.0068   20.0985
   -7.5000   37.5000    0.000012039.6504   20.0080
    0.0000   37.5000    0.000012645.9043   20.0699
    7.5000   37.5000    0.000011920.7910   20.0943
   -7.5000   45.0000    0.000010765.4463   19.5312
    0.0000   45.0000    0.000011293.2852   19.5975
    7.5000   45.0000    0.000010686.8369   19.6260
   -7.5000  -45.0000    7.500012026.8428   20.2640
    0.0000  -45.0000    7.500012623.1152   20.3158
    7.5000  -45.0000    7.500012069.0234   20.3643
   -7.5000  -37.5000    7.500012719.9805   20.2355
    0.0000  -37.5000    7.500013361.8193   20.2891
    7.5000  -37.5000    7.500012787.5146   20.3432
   -7.5000  -30.0000    7.500013765.1641   20.2477
    0.0000  -30.0000    7.500014598.4258   20.3003
    7.5000  -30.0000    7.500013815.7295   20.3550
   -7.5000  -22.5000    7.500014642.1816   20.2560
    0.0000  -22.5000    7.500015377.2305   20.3047
    7.5000  -22.5000    7.500014572.0488   20.3516
   -7.5000  -15.0000    7.500015476.9053   20.2557
    0.0000  -15.0000    7.500016134.2275   20.3014
    7.5000  -15.0000    7.500015345.3916   20.3393
   -7.5000   -7.5000    7.500016350.4453   20.2418
    0.0000   -7.5000    7.500017068.8359   20.2897
    7.5000   -7.5000    7.500016192.8369   20.3291
   -7.5000    0.0000    7.500016997.0957   20.2286
    0.0000    0.0000    7.500017794.9980   20.2804
    7.5000    0.0000    7.500016841.6426   20.3284
   -7.5000    7.5000    7.500016162.1699   20.2341
    0.0000    7.5000    7.500016934.8223   20.2879
    7.5000    7.5000    7.500016010.8320   20.3419
   -7.5000   15.0000    7.500015048.4580   20.2477
    0.0000   15.0000    7.500015738.0068   20.3003
    7.5000   15.0000    7.500014892.7080   20.3550
   -7.5000   22.5000    7.500013811.5439   20.2467
    0.0000   22.5000    7.500014460.3359   20.2953
    7.5000   22.5000    7.500013633.6064   20.3423
   -7.5000   30.0000    7.500012523.8291   19.9935
    0.0000   30.0000    7.500013173.4922   20.0386
    7.5000   30.0000    7.500012389.6152   20.0761
   -7.5000   37.5000    7.500011746.0713   19.9799
    0.0000   37.5000    7.500012336.9932   20.0271
    7.5000   37.5000    7.500011617.9746   20.0660
   -7.5000   45.0000    7.500010507.1523   19.5002
    0.0000   45.0000    7.500011008.1211   19.5501
    7.5000   45.0000    7.500010402.5459   19.5962
   -7.5000  -45.0000   15.000011654.2354   20.2885
    0.0000  -45.0000   15.000012222.9492   20.3372
    7.5000  -45.0000   15.000011731.1895   20.4012
   -7.5000  -37.5000   15.000012295.1719   20.2596
    0.0000  -37.5000   15.000012957.8467   20.3072
    7.5000  -37.5000   15.000012435.4756   20.3765
   -7.5000  -30.0000   15.000013288.4287   20.2673
    0.0000  -30.0000   15.000014062.5264   20.3109
    7.5000  -30.0000   15.000013440.5850   20.3765
   -7.5000  -22.5000   15.000014075.4219   20.2708
    0.0000  -22.5000   15.000014637.1768   20.3109
    7.5000  -22.5000   15.000014124.3281   20.3658
   -7.5000  -15.0000   15.000014879.5703   20.2696
    0.0000  -15.0000   15.000015337.1895   20.3092
    7.5000  -15.0000   15.000014846.7656   20.3556
   -7.5000   -7.5000   15.000015778.6250   20.2612
    0.0000   -7.5000   15.000016277.2930   20.3053
    7.5000   -7.5000   15.000015683.5371   20.3565
   -7.5000    0.0000   15.000016403.2637   20.2533
    0.0000    0.0000   15.000016999.3281   20.3020
    7.5000    0.0000   15.000016289.8096   20.3654
   -7.5000    7.5000   15.000015589.1738   20.2582
    0.0000    7.5000   15.000016165.9561   20.3059
    7.5000    7.5000   15.000015444.7695   20.3753
   -7.5000   15.0000   15.000014500.6152   20.2673
    0.0000   15.0000   15.000015043.4629   20.3109
    7.5000   15.0000   15.000014346.9980   20.3765
   -7.5000   22.5000   15.000013320.5107   20.2615
    0.0000   22.5000   15.000013855.6943   20.3015
    7.5000   22.5000   15.000013141.9365   20.3565
   -7.5000   30.0000   15.000012144.2012   20.0073
    0.0000   30.0000   15.000012698.0684   20.0464
    7.5000   30.0000   15.000011982.7480   20.0922
   -7.5000   37.5000   15.000011343.3584   19.9989
    0.0000   37.5000   15.000011913.8672   20.0426
    7.5000   37.5000   15.000011216.2148   20.0930
   -7.5000   45.0000   15.000010107.7109   19.5238
    0.0000   45.0000   15.000010612.4873   19.5707
    7.5000   45.0000   15.0000 9996.5205   19.6317
   -7.5000  -45.0000   22.500011125.6348   20.3478
    0.0000  -45.0000   22.500011734.7041   20.4116
    7.5000  -45.0000   22.500011234.7012   20.4702
   -7.5000  -37.5000   22.500011681.3506   20.3172
    0.0000  -37.5000   22.500012390.6094   20.3795
    7.5000  -37.5000   22.500011895.8867   20.4404
   -7.5000  -30.0000   22.500012622.9951   20.3152
    0.0000  -30.0000   22.500013406.6201   20.3701
    7.5000  -30.0000   22.500012856.6309   20.4240
   -7.5000  -22.5000   22.500013479.7471   20.3100
    0.0000  -22.5000   22.500014052.4834   20.3587
    7.5000  -22.5000   22.500013618.0420   20.4019
   -7.5000  -15.0000   22.500014289.7275   20.3095
    0.0000  -15.0000   22.500014712.7422   20.3577
    7.5000  -15.0000   22.500014357.4307   20.3954
   -7.5000   -7.5000   22.500015133.3525   20.3110
    0.0000   -7.5000   22.500015548.8652   20.3669
    7.5000   -7.5000   22.500015124.8926   20.4125
   -7.5000    0.0000   22.500015764.7480   20.3123
    0.0000    0.0000   22.500016304.2676   20.3760
    7.5000    0.0000   22.500015686.3467   20.4341
   -7.5000    7.5000   22.500014995.4180   20.3158
    0.0000    7.5000   22.500015541.0732   20.3783
    7.5000    7.5000   22.500014821.7119   20.4392
   -7.5000   15.0000   22.500013933.7881   20.3152
    0.0000   15.0000   22.500014504.3730   20.3701
    7.5000   15.0000   22.500013734.9482   20.4240
   -7.5000   22.5000   22.500012768.6982   20.3006
    0.0000   22.5000   22.500013350.0508   20.3493
    7.5000   22.5000   22.500012577.2656   20.3925
   -7.5000   30.0000   22.500011599.5625   20.0466
    0.0000   30.0000   22.500012196.2471   20.0943
    7.5000   30.0000   22.500011458.6152   20.1314
   -7.5000   37.5000   22.500010811.5420   20.0481
    0.0000   37.5000   22.500011410.2061   20.1033
    7.5000   37.5000   22.500010743.5674   20.1483
   -7.5000   45.0000   22.5000 9656.8467   19.5806
    0.0000   45.0000   22.500010160.7207   19.6420
    7.5000   45.0000   22.5000 9588.2871   19.6979
   -7.5000  -45.0000   30.000010536.5107   20.3832
    0.0000  -45.0000   30.000011073.7832   20.4647
    7.5000  -45.0000   30.000010654.1611   20.5060
   -7.5000  -37.5000   30.000011034.6777   20.3481
    0.0000  -37.5000   30.000011644.0068   20.4301
    7.5000  -37.5000   30.000011250.3008   20.4711
   -7.5000  -30.0000   30.000011895.7666   20.3396
    0.0000  -30.0000   30.000012536.6143   20.4145
    7.5000  -30.0000   30.000012142.3711   20.4495
   -7.5000  -22.5000   30.000012780.0830   20.3327
    0.0000  -22.5000   30.000013452.2012   20.3993
    7.5000  -22.5000   30.000012936.9697   20.4268
   -7.5000  -15.0000   30.000013644.9053   20.3365
    0.0000  -15.0000   30.000014370.0225   20.4006
    7.5000  -15.0000   30.000013717.7441   20.4250
   -7.5000   -7.5000   30.000014466.1162   20.3438
    0.0000   -7.5000   30.000015198.5410   20.4158
    7.5000   -7.5000   30.000014444.3350   20.4474
   -7.5000    0.0000   30.000015039.4561   20.3471
    0.0000    0.0000   30.000015765.0859   20.4287
    7.5000    0.0000   30.000014914.9873   20.4695
   -7.5000    7.5000   30.000014219.1094   20.3468
    0.0000    7.5000   30.000014865.3857   20.4289
    7.5000    7.5000   30.000014071.6074   20.4699
   -7.5000   15.0000   30.000013194.6836   20.3396
    0.0000   15.0000   30.000013751.3867   20.4145
    7.5000   15.0000   30.000013035.0244   20.4495
   -7.5000   22.5000   30.000012097.4404   20.3233
    0.0000   22.5000   30.000012622.2100   20.3899
    7.5000   22.5000   30.000011968.9268   20.4173
   -7.5000   30.0000   30.000010967.3018   20.0733
    0.0000   30.0000   30.000011468.9814   20.1366
    7.5000   30.0000   30.000010883.4717   20.1607
   -7.5000   37.5000   30.000010214.3984   20.0805
    0.0000   37.5000   30.000010709.4883   20.1516
    7.5000   37.5000   30.000010172.0537   20.1828
   -7.5000   45.0000   30.0000 9099.3428   19.6142
    0.0000   45.0000   30.0000 9540.6338   19.6928
    7.5000   45.0000   30.0000 9084.6416   19.7320
   -7.5000  -45.0000   37.500010269.3047   20.4125
    0.0000  -45.0000   37.500010866.0781   20.4965
    7.5000  -45.0000   37.500010374.9854   20.5250
   -7.5000  -37.5000   37.500010802.2217   20.3763
    0.0000  -37.5000   37.500011442.9199   20.4630
    7.5000  -37.5000   37.500010939.9707   20.4918
   -7.5000  -30.0000   37.500011742.0723   20.3713
    0.0000  -30.0000   37.500012359.4961   20.4543
    7.5000  -30.0000   37.500011818.3291   20.4812
   -7.5000  -22.5000   37.500012609.9707   20.3692
    0.0000  -22.5000   37.500013217.8838   20.4442
    7.5000  -22.5000   37.500012633.8711   20.4668
   -7.5000  -15.0000   37.500013399.3848   20.3748
    0.0000  -15.0000   37.500014052.6934   20.4455
    7.5000  -15.0000   37.500013416.8662   20.4645
   -7.5000   -7.5000   37.500014127.6846   20.3781
    0.0000   -7.5000   37.500014821.2207   20.4539
    7.5000   -7.5000   37.500014133.0000   20.4766
   -7.5000    0.0000   37.500014633.7920   20.3761
    0.0000    0.0000   37.500015353.1816   20.4600
    7.5000    0.0000   37.500014631.9473   20.4882
   -7.5000    7.5000   37.500013809.0840   20.3750
    0.0000    7.5000   37.500014483.1592   20.4618
    7.5000    7.5000   37.500013819.1133   20.4906
   -7.5000   15.0000   37.500012802.7314   20.3713
    0.0000   15.0000   37.500013414.4287   20.4543
    7.5000   15.0000   37.500012787.8633   20.4812
   -7.5000   22.5000   37.500011749.8711   20.3598
    0.0000   22.5000   37.500012291.4082   20.4347
    7.5000   22.5000   37.500011721.4844   20.4574
   -7.5000   30.0000   37.500010662.3916   20.1111
    0.0000   30.0000   37.500011177.2285   20.1809
    7.5000   30.0000   37.500010643.5859   20.1997
   -7.5000   37.5000   37.5000 9921.5361   20.1144
    0.0000   37.5000   37.500010438.2324   20.1892
    7.5000   37.5000   37.5000 9927.9219   20.2116
   -7.5000   45.0000   37.5000 8846.6553   19.6423
    0.0000   45.0000   37.5000 9291.2090   19.7232
    7.5000   45.0000   37.5000 8846.1572   19.7502
   -7.5000  -45.0000   45.0000 9552.1738   20.4050
    0.0000  -45.0000   45.000010065.0684   20.4747
    7.5000  -45.0000   45.0000 9583.9287   20.5054
   -7.5000  -37.5000   45.000010050.8242   20.3736
    0.0000  -37.5000   45.000010577.1553   20.4472
    7.5000  -37.5000   45.000010117.4043   20.4810
   -7.5000  -30.0000   45.000010868.7148   20.3798
    0.0000  -30.0000   45.000011389.5508   20.4524
    7.5000  -30.0000   45.000010903.2510   20.4878
   -7.5000  -22.5000   45.000011590.5059   20.3842
    0.0000  -22.5000   45.000012113.2314   20.4503
    7.5000  -22.5000   45.000011616.7285   20.4812
   -7.5000  -15.0000   45.000012243.0410   20.3861
    0.0000  -15.0000   45.000012807.8057   20.4471
    7.5000  -15.0000   45.000012306.8154   20.4715
   -7.5000   -7.5000   45.000012857.8242   20.3779
    0.0000   -7.5000   45.000013451.8076   20.4415
    7.5000   -7.5000   45.000012930.5430   20.4668
   -7.5000    0.0000   45.000013384.2910   20.3685
    0.0000    0.0000   45.000013960.4824   20.4382
    7.5000    0.0000   45.000013430.3027   20.4685
   -7.5000    7.5000   45.000012711.0039   20.3722
    0.0000    7.5000   45.000013275.9443   20.4459
    7.5000    7.5000   45.000012748.2529   20.4797
   -7.5000   15.0000   45.000011820.8496   20.3798
    0.0000   15.0000   45.000012365.5771   20.4524
    7.5000   15.0000   45.000011851.0166   20.4878
   -7.5000   22.5000   45.000010871.5967   20.3747
    0.0000   22.5000   45.000011372.1914   20.4408
    7.5000   22.5000   45.000010864.4248   20.4717
   -7.5000   30.0000   45.0000 9879.8730   20.1205
    0.0000   30.0000   45.000010366.7402   20.1807
    7.5000   30.0000   45.0000 9879.3750   20.2048
   -7.5000   37.5000   45.0000 9191.3271   20.1125
    0.0000   37.5000   45.0000 9636.7979   20.1752
    7.5000   37.5000   45.0000 9202.6846   20.2002
   -7.5000   45.0000   45.0000 8160.3447   19.6440
    0.0000   45.0000   45.0000 8578.3389   19.7112
    7.5000   45.0000   45.0000 8196.4111   19.7402

---------------------------------------------------------------------
imgreg_4dfp /opt/freesurfer/average/711-2C_as_mni_average_305 /opt/freesurfer/average/711-2B_as_mni_average_305_mask talsrcimg_g11 none talsrcimg_to_711-2C_as_mni_average_305_t4 4355
---------------------------------------------------------------------

freesurfer imgreg_4dfp.c
/opt/freesurfer/average/711-2C_as_mni_average_305.4dfp.img
       256       256       256         1
  1.000000  1.000000  1.000000
orientation T byte_order littleendian
Reading image: /opt/freesurfer/average/711-2C_as_mni_average_305.4dfp.img
dimensions:      256       256       256
mmppix:       1.0000   -1.0000   -1.0000
center:     128.0000 -129.0000 -129.0000
/opt/freesurfer/average/711-2B_as_mni_average_305_mask.4dfp.img
       256       256       256         1
  1.000000  1.000000  1.000000
orientation T byte_order littleendian
Reading mask: /opt/freesurfer/average/711-2B_as_mni_average_305_mask.4dfp.img (2306576 pixels)
talsrcimg_g11.4dfp.img
       256       256       256         1
  1.000000  1.000000  1.000000
orientation T byte_order littleendian
Reading image: talsrcimg_g11.4dfp.img
dimensions:      256       256       256
mmppix:       1.0000   -1.0000   -1.0000
center:     128.0000 -129.0000 -129.0000
rotation matrix determinant  1.000000
image alignment mode   4355 decimal     1103 hex
   -7.5000  -45.0000  -45.0000 2050.1289   23.3241
    0.0000  -45.0000  -45.0000 2057.0608   23.1891
    7.5000  -45.0000  -45.0000 2057.9924   23.2150
   -7.5000  -37.5000  -45.0000 2110.1560   21.9690
    0.0000  -37.5000  -45.0000 2111.9087   21.8722
    7.5000  -37.5000  -45.0000 2110.2817   21.8728
   -7.5000  -30.0000  -45.0000 2138.1128   20.9549
    0.0000  -30.0000  -45.0000 2143.0474   20.8107
    7.5000  -30.0000  -45.0000 2141.3364   20.8733
   -7.5000  -22.5000  -45.0000 2158.5320   20.4178
    0.0000  -22.5000  -45.0000 2166.7332   20.1976
    7.5000  -22.5000  -45.0000 2163.8840   20.2950
   -7.5000  -15.0000  -45.0000 2165.9150   20.1926
    0.0000  -15.0000  -45.0000 2172.4473   20.0123
    7.5000  -15.0000  -45.0000 2172.6992   20.1243
   -7.5000   -7.5000  -45.0000 2160.6387   20.5290
    0.0000   -7.5000  -45.0000 2169.4233   20.2919
    7.5000   -7.5000  -45.0000 2169.0491   20.4218
   -7.5000    0.0000  -45.0000 2129.8677   21.2180
    0.0000    0.0000  -45.0000 2143.0366   20.9343
    7.5000    0.0000  -45.0000 2140.7468   21.0212
   -7.5000    7.5000  -45.0000 2103.5583   22.2226
    0.0000    7.5000  -45.0000 2110.1174   21.9086
    7.5000    7.5000  -45.0000 2113.0330   22.0031
   -7.5000   15.0000  -45.0000 2061.5586   23.6435
    0.0000   15.0000  -45.0000 2073.1252   23.3189
    7.5000   15.0000  -45.0000 2070.7241   23.3614
   -7.5000   22.5000  -45.0000 1990.0233   25.4968
    0.0000   22.5000  -45.0000 2006.2545   25.1070
    7.5000   22.5000  -45.0000 2000.2996   25.2200
   -7.5000   30.0000  -45.0000 1902.4501   27.8800
    0.0000   30.0000  -45.0000 1918.2200   27.4326
    7.5000   30.0000  -45.0000 1914.5580   27.6220
   -7.5000   37.5000  -45.0000 1807.4059   31.1706
    0.0000   37.5000  -45.0000 1822.6080   30.6999
    7.5000   37.5000  -45.0000 1814.0096   30.8971
   -7.5000   45.0000  -45.0000 1708.9861   35.5176
    0.0000   45.0000  -45.0000 1718.6761   35.0813
    7.5000   45.0000  -45.0000 1716.0511   35.3330
   -7.5000  -45.0000  -37.5000 2145.2458   21.4053
    0.0000  -45.0000  -37.5000 2157.9871   21.2408
    7.5000  -45.0000  -37.5000 2153.1504   21.2791
   -7.5000  -37.5000  -37.5000 2214.0444   20.0651
    0.0000  -37.5000  -37.5000 2221.1838   19.9580
    7.5000  -37.5000  -37.5000 2212.3662   19.9705
   -7.5000  -30.0000  -37.5000 2247.3677   19.1134
    0.0000  -30.0000  -37.5000 2252.9294   19.0208
    7.5000  -30.0000  -37.5000 2242.5859   19.0699
   -7.5000  -22.5000  -37.5000 2258.8411   18.6007
    0.0000  -22.5000  -37.5000 2267.2441   18.4356
    7.5000  -22.5000  -37.5000 2256.3994   18.4934
   -7.5000  -15.0000  -37.5000 2258.0850   18.4960
    0.0000  -15.0000  -37.5000 2272.9397   18.3138
    7.5000  -15.0000  -37.5000 2261.8599   18.3881
   -7.5000   -7.5000  -37.5000 2255.3953   18.7499
    0.0000   -7.5000  -37.5000 2272.6404   18.5743
    7.5000   -7.5000  -37.5000 2263.6638   18.6391
   -7.5000    0.0000  -37.5000 2232.9280   19.3733
    0.0000    0.0000  -37.5000 2254.3511   19.1762
    7.5000    0.0000  -37.5000 2250.5427   19.2109
   -7.5000    7.5000  -37.5000 2208.6306   20.2504
    0.0000    7.5000  -37.5000 2224.1028   20.0126
    7.5000    7.5000  -37.5000 2223.0977   20.0947
   -7.5000   15.0000  -37.5000 2154.3105   21.5083
    0.0000   15.0000  -37.5000 2169.5657   21.2096
    7.5000   15.0000  -37.5000 2167.9851   21.2966
   -7.5000   22.5000  -37.5000 2081.5654   23.1246
    0.0000   22.5000  -37.5000 2096.5454   22.8202
    7.5000   22.5000  -37.5000 2087.8938   22.9781
   -7.5000   30.0000  -37.5000 1987.4789   25.4186
    0.0000   30.0000  -37.5000 2000.8816   25.0694
    7.5000   30.0000  -37.5000 1995.6515   25.2655
   -7.5000   37.5000  -37.5000 1884.9178   28.4575
    0.0000   37.5000  -37.5000 1897.7938   28.0486
    7.5000   37.5000  -37.5000 1895.9543   28.2146
   -7.5000   45.0000  -37.5000 1779.7584   32.2877
    0.0000   45.0000  -37.5000 1786.2756   31.8755
    7.5000   45.0000  -37.5000 1782.5226   32.1647
   -7.5000  -45.0000  -30.0000 2282.5227   20.4130
    0.0000  -45.0000  -30.0000 2294.9651   20.2418
    7.5000  -45.0000  -30.0000 2288.5020   20.2580
   -7.5000  -37.5000  -30.0000 2347.6218   19.1114
    0.0000  -37.5000  -30.0000 2356.4106   18.9628
    7.5000  -37.5000  -30.0000 2351.1511   18.9960
   -7.5000  -30.0000  -30.0000 2385.7217   18.1297
    0.0000  -30.0000  -30.0000 2397.6152   18.0285
    7.5000  -30.0000  -30.0000 2386.4043   18.0881
   -7.5000  -22.5000  -30.0000 2402.8962   17.6262
    0.0000  -22.5000  -30.0000 2416.4639   17.4953
    7.5000  -22.5000  -30.0000 2408.8481   17.5583
   -7.5000  -15.0000  -30.0000 2406.3721   17.5732
    0.0000  -15.0000  -30.0000 2420.3689   17.3800
    7.5000  -15.0000  -30.0000 2413.8076   17.4642
   -7.5000   -7.5000  -30.0000 2395.5493   17.7485
    0.0000   -7.5000  -30.0000 2412.8076   17.5678
    7.5000   -7.5000  -30.0000 2409.7473   17.6030
   -7.5000    0.0000  -30.0000 2374.8467   18.2676
    0.0000    0.0000  -30.0000 2394.4888   18.0365
    7.5000    0.0000  -30.0000 2388.1987   18.0866
   -7.5000    7.5000  -30.0000 2345.8064   19.1307
    0.0000    7.5000  -30.0000 2364.6057   18.9022
    7.5000    7.5000  -30.0000 2359.7192   18.9475
   -7.5000   15.0000  -30.0000 2289.8921   20.3810
    0.0000   15.0000  -30.0000 2310.4050   20.1475
    7.5000   15.0000  -30.0000 2309.9377   20.2457
   -7.5000   22.5000  -30.0000 2218.4919   22.0426
    0.0000   22.5000  -30.0000 2236.0613   21.8102
    7.5000   22.5000  -30.0000 2228.9824   21.9337
   -7.5000   30.0000  -30.0000 2117.2866   24.2191
    0.0000   30.0000  -30.0000 2128.3164   23.9042
    7.5000   30.0000  -30.0000 2123.3386   24.0469
   -7.5000   37.5000  -30.0000 2012.0444   27.1113
    0.0000   37.5000  -30.0000 2025.5629   26.7423
    7.5000   37.5000  -30.0000 2015.2396   26.8950
   -7.5000   45.0000  -30.0000 1885.3683   30.9162
    0.0000   45.0000  -30.0000 1891.0396   30.3903
    7.5000   45.0000  -30.0000 1887.6023   30.5969
   -7.5000  -45.0000  -22.5000 2389.8914   19.2545
    0.0000  -45.0000  -22.5000 2402.9692   19.1427
    7.5000  -45.0000  -22.5000 2393.7778   19.1460
   -7.5000  -37.5000  -22.5000 2469.1362   17.9887
    0.0000  -37.5000  -22.5000 2471.7986   17.8842
    7.5000  -37.5000  -22.5000 2457.7947   17.8841
   -7.5000  -30.0000  -22.5000 2506.8347   17.0734
    0.0000  -30.0000  -22.5000 2515.1211   16.9107
    7.5000  -30.0000  -22.5000 2501.5469   16.9973
   -7.5000  -22.5000  -22.5000 2530.0986   16.5447
    0.0000  -22.5000  -22.5000 2540.5742   16.3599
    7.5000  -22.5000  -22.5000 2533.7295   16.4786
   -7.5000  -15.0000  -22.5000 2544.5962   16.4946
    0.0000  -15.0000  -22.5000 2554.1829   16.2861
    7.5000  -15.0000  -22.5000 2549.1360   16.3677
   -7.5000   -7.5000  -22.5000 2534.2219   16.6925
    0.0000   -7.5000  -22.5000 2550.0769   16.5142
    7.5000   -7.5000  -22.5000 2548.3953   16.5609
   -7.5000    0.0000  -22.5000 2511.1953   17.2223
    0.0000    0.0000  -22.5000 2530.0671   17.0000
    7.5000    0.0000  -22.5000 2526.6292   17.0867
   -7.5000    7.5000  -22.5000 2473.5215   18.0982
    0.0000    7.5000  -22.5000 2494.8545   17.8553
    7.5000    7.5000  -22.5000 2491.7017   17.9270
   -7.5000   15.0000  -22.5000 2411.7053   19.2881
    0.0000   15.0000  -22.5000 2431.4597   19.0486
    7.5000   15.0000  -22.5000 2430.7285   19.1186
   -7.5000   22.5000  -22.5000 2331.0500   20.8471
    0.0000   22.5000  -22.5000 2349.5461   20.6383
    7.5000   22.5000  -22.5000 2338.6726   20.6973
   -7.5000   30.0000  -22.5000 2221.2793   22.9295
    0.0000   30.0000  -22.5000 2233.9827   22.6570
    7.5000   30.0000  -22.5000 2223.3208   22.7605
   -7.5000   37.5000  -22.5000 2110.8003   25.5974
    0.0000   37.5000  -22.5000 2127.7622   25.3257
    7.5000   37.5000  -22.5000 2116.4192   25.4935
   -7.5000   45.0000  -22.5000 1976.1160   29.0654
    0.0000   45.0000  -22.5000 1980.6958   28.7280
    7.5000   45.0000  -22.5000 1974.7378   28.8458
   -7.5000  -45.0000  -15.0000 2462.1304   18.2136
    0.0000  -45.0000  -15.0000 2473.5137   18.0208
    7.5000  -45.0000  -15.0000 2460.6106   17.9856
   -7.5000  -37.5000  -15.0000 2542.8337   16.9269
    0.0000  -37.5000  -15.0000 2552.8083   16.7859
    7.5000  -37.5000  -15.0000 2538.3506   16.7452
   -7.5000  -30.0000  -15.0000 2588.1199   16.0364
    0.0000  -30.0000  -15.0000 2603.6467   15.8765
    7.5000  -30.0000  -15.0000 2597.0786   15.9157
   -7.5000  -22.5000  -15.0000 2625.7505   15.5045
    0.0000  -22.5000  -15.0000 2638.1799   15.2978
    7.5000  -22.5000  -15.0000 2634.8848   15.4057
   -7.5000  -15.0000  -15.0000 2651.9631   15.4311
    0.0000  -15.0000  -15.0000 2659.5020   15.2321
    7.5000  -15.0000  -15.0000 2658.8501   15.3325
   -7.5000   -7.5000  -15.0000 2650.1157   15.7246
    0.0000   -7.5000  -15.0000 2661.8440   15.4837
    7.5000   -7.5000  -15.0000 2658.0054   15.5788
   -7.5000    0.0000  -15.0000 2624.0955   16.2438
    0.0000    0.0000  -15.0000 2644.8125   16.0326
    7.5000    0.0000  -15.0000 2637.7090   16.1205
   -7.5000    7.5000  -15.0000 2575.4585   17.0732
    0.0000    7.5000  -15.0000 2601.7908   16.8683
    7.5000    7.5000  -15.0000 2594.1218   16.9308
   -7.5000   15.0000  -15.0000 2503.2288   18.1859
    0.0000   15.0000  -15.0000 2529.4297   17.9939
    7.5000   15.0000  -15.0000 2525.6616   18.0521
   -7.5000   22.5000  -15.0000 2419.9656   19.6769
    0.0000   22.5000  -15.0000 2440.6792   19.4943
    7.5000   22.5000  -15.0000 2432.7637   19.5528
   -7.5000   30.0000  -15.0000 2303.6729   21.6055
    0.0000   30.0000  -15.0000 2316.4336   21.4081
    7.5000   30.0000  -15.0000 2304.4778   21.4585
   -7.5000   37.5000  -15.0000 2183.6392   24.1182
    0.0000   37.5000  -15.0000 2196.7217   23.8920
    7.5000   37.5000  -15.0000 2187.5920   24.0124
   -7.5000   45.0000  -15.0000 2045.2579   27.3291
    0.0000   45.0000  -15.0000 2051.2673   27.0875
    7.5000   45.0000  -15.0000 2044.2302   27.2081
   -7.5000  -45.0000   -7.5000 2518.5798   17.2050
    0.0000  -45.0000   -7.5000 2532.9277   17.0126
    7.5000  -45.0000   -7.5000 2523.1257   17.0334
   -7.5000  -37.5000   -7.5000 2605.2502   15.9857
    0.0000  -37.5000   -7.5000 2623.3569   15.8337
    7.5000  -37.5000   -7.5000 2614.5588   15.8056
   -7.5000  -30.0000   -7.5000 2659.9678   15.0773
    0.0000  -30.0000   -7.5000 2685.1809   14.9183
    7.5000  -30.0000   -7.5000 2681.3750   14.9275
   -7.5000  -22.5000   -7.5000 2708.3589   14.5371
    0.0000  -22.5000   -7.5000 2723.4980   14.3590
    7.5000  -22.5000   -7.5000 2721.4302   14.4421
   -7.5000  -15.0000   -7.5000 2736.1189   14.4615
    0.0000  -15.0000   -7.5000 2752.9397   14.2904
    7.5000  -15.0000   -7.5000 2750.7666   14.3515
   -7.5000   -7.5000   -7.5000 2737.4421   14.7249
    0.0000   -7.5000   -7.5000 2761.5737   14.5824
    7.5000   -7.5000   -7.5000 2751.9939   14.6415
   -7.5000    0.0000   -7.5000 2712.8760   15.2688
    0.0000    0.0000   -7.5000 2743.2146   15.1496
    7.5000    0.0000   -7.5000 2731.5901   15.2159
   -7.5000    7.5000   -7.5000 2661.8079   16.0485
    0.0000    7.5000   -7.5000 2693.9512   15.9202
    7.5000    7.5000   -7.5000 2684.1067   16.0035
   -7.5000   15.0000   -7.5000 2582.7273   17.1315
    0.0000   15.0000   -7.5000 2613.4854   17.0028
    7.5000   15.0000   -7.5000 2604.7068   17.0777
   -7.5000   22.5000   -7.5000 2493.8076   18.5827
    0.0000   22.5000   -7.5000 2514.9829   18.4409
    7.5000   22.5000   -7.5000 2507.1917   18.5429
   -7.5000   30.0000   -7.5000 2373.2180   20.4314
    0.0000   30.0000   -7.5000 2391.5122   20.2457
    7.5000   30.0000   -7.5000 2373.0088   20.3431
   -7.5000   37.5000   -7.5000 2241.4780   22.7248
    0.0000   37.5000   -7.5000 2257.1484   22.5512
    7.5000   37.5000   -7.5000 2239.4158   22.6141
   -7.5000   45.0000   -7.5000 2095.8081   25.7769
    0.0000   45.0000   -7.5000 2107.2529   25.5976
    7.5000   45.0000   -7.5000 2093.2454   25.5560
   -7.5000  -45.0000    0.0000 2553.8235   16.4427
    0.0000  -45.0000    0.0000 2569.3499   16.2215
    7.5000  -45.0000    0.0000 2563.4216   16.3565
   -7.5000  -37.5000    0.0000 2654.9883   15.2331
    0.0000  -37.5000    0.0000 2674.1614   15.0532
    7.5000  -37.5000    0.0000 2665.7896   15.1437
   -7.5000  -30.0000    0.0000 2726.8577   14.3667
    0.0000  -30.0000    0.0000 2756.8394   14.2101
    7.5000  -30.0000    0.0000 2747.6746   14.2341
   -7.5000  -22.5000    0.0000 2780.6868   13.8435
    0.0000  -22.5000    0.0000 2804.7930   13.6687
    7.5000  -22.5000    0.0000 2795.2085   13.6904
   -7.5000  -15.0000    0.0000 2810.8428   13.7251
    0.0000  -15.0000    0.0000 2833.1421   13.5785
    7.5000  -15.0000    0.0000 2823.0471   13.6077
   -7.5000   -7.5000    0.0000 2811.0330   13.9433
    0.0000   -7.5000    0.0000 2840.4980   13.8553
    7.5000   -7.5000    0.0000 2829.6174   13.9122
   -7.5000    0.0000    0.0000 2781.8247   14.4587
    0.0000    0.0000    0.0000 2810.2131   14.3753
    7.5000    0.0000    0.0000 2800.6025   14.4922
   -7.5000    7.5000    0.0000 2728.7781   15.2736
    0.0000    7.5000    0.0000 2755.4561   15.1283
    7.5000    7.5000    0.0000 2747.6550   15.2705
   -7.5000   15.0000    0.0000 2643.2815   16.3325
    0.0000   15.0000    0.0000 2665.2083   16.1922
    7.5000   15.0000    0.0000 2661.5532   16.3369
   -7.5000   22.5000    0.0000 2540.0464   17.7146
    0.0000   22.5000    0.0000 2560.2026   17.5738
    7.5000   22.5000    0.0000 2553.3713   17.7122
   -7.5000   30.0000    0.0000 2412.6956   19.4891
    0.0000   30.0000    0.0000 2435.8284   19.3151
    7.5000   30.0000    0.0000 2424.1550   19.4577
   -7.5000   37.5000    0.0000 2275.6262   21.8005
    0.0000   37.5000    0.0000 2291.1392   21.5973
    7.5000   37.5000    0.0000 2279.7949   21.6967
   -7.5000   45.0000    0.0000 2120.9216   24.6321
    0.0000   45.0000    0.0000 2136.9658   24.3506
    7.5000   45.0000    0.0000 2129.7266   24.4596
   -7.5000  -45.0000    7.5000 2569.8560   15.9336
    0.0000  -45.0000    7.5000 2585.4541   15.7450
    7.5000  -45.0000    7.5000 2587.9644   15.9558
   -7.5000  -37.5000    7.5000 2683.4824   14.7334
    0.0000  -37.5000    7.5000 2705.1990   14.5801
    7.5000  -37.5000    7.5000 2701.8193   14.7327
   -7.5000  -30.0000    7.5000 2774.9377   13.9006
    0.0000  -30.0000    7.5000 2807.3064   13.7297
    7.5000  -30.0000    7.5000 2797.6548   13.8244
   -7.5000  -22.5000    7.5000 2837.7361   13.3250
    0.0000  -22.5000    7.5000 2873.3379   13.1715
    7.5000  -22.5000    7.5000 2856.4993   13.2227
   -7.5000  -15.0000    7.5000 2877.7603   13.1514
    0.0000  -15.0000    7.5000 2906.0347   12.9970
    7.5000  -15.0000    7.5000 2886.3718   13.0838
   -7.5000   -7.5000    7.5000 2882.6831   13.4215
    0.0000   -7.5000    7.5000 2909.6973   13.2702
    7.5000   -7.5000    7.5000 2894.9246   13.4086
   -7.5000    0.0000    7.5000 2839.4353   13.9841
    0.0000    0.0000    7.5000 2864.8030   13.8275
    7.5000    0.0000    7.5000 2855.6287   13.9921
   -7.5000    7.5000    7.5000 2768.7756   14.7583
    0.0000    7.5000    7.5000 2796.4575   14.5923
    7.5000    7.5000    7.5000 2791.4890   14.7510
   -7.5000   15.0000    7.5000 2681.3164   15.8104
    0.0000   15.0000    7.5000 2700.1814   15.6339
    7.5000   15.0000    7.5000 2701.7595   15.8200
   -7.5000   22.5000    7.5000 2573.5723   17.1829
    0.0000   22.5000    7.5000 2590.4932   17.0167
    7.5000   22.5000    7.5000 2584.0449   17.2038
   -7.5000   30.0000    7.5000 2444.4299   18.9277
    0.0000   30.0000    7.5000 2462.1824   18.7706
    7.5000   30.0000    7.5000 2451.7971   18.9441
   -7.5000   37.5000    7.5000 2300.5710   21.1023
    0.0000   37.5000    7.5000 2315.5671   20.8929
    7.5000   37.5000    7.5000 2310.5247   21.0533
   -7.5000   45.0000    7.5000 2144.9351   23.8466
    0.0000   45.0000    7.5000 2156.2351   23.6212
    7.5000   45.0000    7.5000 2155.7839   23.7790
   -7.5000  -45.0000   15.0000 2565.6975   15.7452
    0.0000  -45.0000   15.0000 2587.7715   15.4933
    7.5000  -45.0000   15.0000 2592.2817   15.8160
   -7.5000  -37.5000   15.0000 2684.0588   14.5506
    0.0000  -37.5000   15.0000 2704.8000   14.3100
    7.5000  -37.5000   15.0000 2709.6311   14.6165
   -7.5000  -30.0000   15.0000 2785.4822   13.6957
    0.0000  -30.0000   15.0000 2809.5940   13.4615
    7.5000  -30.0000   15.0000 2811.8252   13.7003
   -7.5000  -22.5000   15.0000 2860.7024   13.0380
    0.0000  -22.5000   15.0000 2899.5791   12.7964
    7.5000  -22.5000   15.0000 2883.8560   13.0125
   -7.5000  -15.0000   15.0000 2910.5820   12.8073
    0.0000  -15.0000   15.0000 2939.3950   12.4355
    7.5000  -15.0000   15.0000 2918.8740   12.7974
   -7.5000   -7.5000   15.0000 2918.5698   13.1110
    0.0000   -7.5000   15.0000 2943.7190   12.8227
    7.5000   -7.5000   15.0000 2927.8335   13.1013
   -7.5000    0.0000   15.0000 2865.6799   13.7353
    0.0000    0.0000   15.0000 2887.2043   13.5103
    7.5000    0.0000   15.0000 2881.5540   13.7198
   -7.5000    7.5000   15.0000 2792.2744   14.5556
    0.0000    7.5000   15.0000 2809.5581   14.3046
    7.5000    7.5000   15.0000 2808.6536   14.5237
   -7.5000   15.0000   15.0000 2695.9136   15.6159
    0.0000   15.0000   15.0000 2710.3411   15.3638
    7.5000   15.0000   15.0000 2712.3276   15.6123
   -7.5000   22.5000   15.0000 2587.2764   16.9748
    0.0000   22.5000   15.0000 2599.8997   16.7228
    7.5000   22.5000   15.0000 2593.3479   16.9728
   -7.5000   30.0000   15.0000 2458.7712   18.7034
    0.0000   30.0000   15.0000 2471.3755   18.4675
    7.5000   30.0000   15.0000 2463.2908   18.6776
   -7.5000   37.5000   15.0000 2309.8000   20.8218
    0.0000   37.5000   15.0000 2321.3147   20.5823
    7.5000   37.5000   15.0000 2319.1123   20.7621
   -7.5000   45.0000   15.0000 2150.3186   23.4125
    0.0000   45.0000   15.0000 2165.7463   23.1943
    7.5000   45.0000   15.0000 2158.3401   23.3592
   -7.5000  -45.0000   22.5000 2549.6704   15.7550
    0.0000  -45.0000   22.5000 2574.3560   15.5707
    7.5000  -45.0000   22.5000 2579.8511   15.9166
   -7.5000  -37.5000   22.5000 2665.1714   14.5769
    0.0000  -37.5000   22.5000 2694.5942   14.3776
    7.5000  -37.5000   22.5000 2698.2119   14.7084
   -7.5000  -30.0000   22.5000 2767.6626   13.7223
    0.0000  -30.0000   22.5000 2795.9304   13.5211
    7.5000  -30.0000   22.5000 2800.4651   13.7883
   -7.5000  -22.5000   22.5000 2851.5183   13.1026
    0.0000  -22.5000   22.5000 2886.9399   12.8041
    7.5000  -22.5000   22.5000 2878.6575   13.1093
   -7.5000  -15.0000   22.5000 2911.7002   12.9308
    0.0000  -15.0000   22.5000 2937.2449   12.5230
    7.5000  -15.0000   22.5000 2925.6155   12.9430
   -7.5000   -7.5000   22.5000 2924.2686   13.1676
    0.0000   -7.5000   22.5000 2947.9233   12.8890
    7.5000   -7.5000   22.5000 2931.2798   13.2026
   -7.5000    0.0000   22.5000 2871.9429   13.7866
    0.0000    0.0000   22.5000 2902.7761   13.6518
    7.5000    0.0000   22.5000 2880.2375   13.7709
   -7.5000    7.5000   22.5000 2792.6340   14.6077
    0.0000    7.5000   22.5000 2814.8477   14.4719
    7.5000    7.5000   22.5000 2800.1440   14.5403
   -7.5000   15.0000   22.5000 2685.8572   15.6252
    0.0000   15.0000   22.5000 2710.2014   15.4688
    7.5000   15.0000   22.5000 2696.8806   15.5320
   -7.5000   22.5000   22.5000 2580.9609   16.9080
    0.0000   22.5000   22.5000 2601.9185   16.7915
    7.5000   22.5000   22.5000 2585.5989   16.8357
   -7.5000   30.0000   22.5000 2451.4319   18.5834
    0.0000   30.0000   22.5000 2469.8904   18.4880
    7.5000   30.0000   22.5000 2453.0376   18.5105
   -7.5000   37.5000   22.5000 2300.7202   20.7248
    0.0000   37.5000   22.5000 2321.1335   20.6438
    7.5000   37.5000   22.5000 2310.4458   20.6556
   -7.5000   45.0000   22.5000 2152.9485   23.4917
    0.0000   45.0000   22.5000 2169.1089   23.2898
    7.5000   45.0000   22.5000 2159.3694   23.3145
   -7.5000  -45.0000   30.0000 2519.7937   16.1167
    0.0000  -45.0000   30.0000 2541.3997   15.9097
    7.5000  -45.0000   30.0000 2550.1787   16.3554
   -7.5000  -37.5000   30.0000 2630.9944   14.9220
    0.0000  -37.5000   30.0000 2656.5747   14.6941
    7.5000  -37.5000   30.0000 2670.8411   15.1202
   -7.5000  -30.0000   30.0000 2728.0559   14.0378
    0.0000  -30.0000   30.0000 2749.5496   13.7906
    7.5000  -30.0000   30.0000 2770.4780   14.1579
   -7.5000  -22.5000   30.0000 2814.8994   13.5297
    0.0000  -22.5000   30.0000 2847.0581   13.2251
    7.5000  -22.5000   30.0000 2848.5767   13.5935
   -7.5000  -15.0000   30.0000 2876.4331   13.4313
    0.0000  -15.0000   30.0000 2911.9707   13.2271
    7.5000  -15.0000   30.0000 2897.5508   13.3933
   -7.5000   -7.5000   30.0000 2887.4958   13.6150
    0.0000   -7.5000   30.0000 2923.7976   13.5022
    7.5000   -7.5000   30.0000 2896.5977   13.5844
   -7.5000    0.0000   30.0000 2834.9270   14.0503
    0.0000    0.0000   30.0000 2870.6267   14.0057
    7.5000    0.0000   30.0000 2840.5273   14.0381
   -7.5000    7.5000   30.0000 2754.1631   14.8292
    0.0000    7.5000   30.0000 2781.3989   14.7541
    7.5000    7.5000   30.0000 2766.1885   14.7826
   -7.5000   15.0000   30.0000 2656.7944   15.8514
    0.0000   15.0000   30.0000 2675.9724   15.7169
    7.5000   15.0000   30.0000 2667.4294   15.7841
   -7.5000   22.5000   30.0000 2556.5415   17.1640
    0.0000   22.5000   30.0000 2575.8555   17.0209
    7.5000   22.5000   30.0000 2564.9888   17.1254
   -7.5000   30.0000   30.0000 2426.8347   18.8555
    0.0000   30.0000   30.0000 2436.1418   18.6775
    7.5000   30.0000   30.0000 2428.0698   18.8214
   -7.5000   37.5000   30.0000 2280.5247   20.9871
    0.0000   37.5000   30.0000 2296.5420   20.8115
    7.5000   37.5000   30.0000 2289.1851   20.9317
   -7.5000   45.0000   30.0000 2132.0347   23.6251
    0.0000   45.0000   30.0000 2150.0835   23.4619
    7.5000   45.0000   30.0000 2141.7842   23.5540
   -7.5000  -45.0000   37.5000 2491.1448   16.8455
    0.0000  -45.0000   37.5000 2519.6184   16.6430
    7.5000  -45.0000   37.5000 2519.3555   16.9888
   -7.5000  -37.5000   37.5000 2600.3545   15.6335
    0.0000  -37.5000   37.5000 2630.1580   15.4703
    7.5000  -37.5000   37.5000 2630.9231   15.7841
   -7.5000  -30.0000   37.5000 2697.2722   14.8181
    0.0000  -30.0000   37.5000 2722.9463   14.5689
    7.5000  -30.0000   37.5000 2723.0161   14.8508
   -7.5000  -22.5000   37.5000 2777.0818   14.3233
    0.0000  -22.5000   37.5000 2794.1265   13.9705
    7.5000  -22.5000   37.5000 2792.7617   14.2863
   -7.5000  -15.0000   37.5000 2817.2810   14.1685
    0.0000  -15.0000   37.5000 2832.2363   13.8571
    7.5000  -15.0000   37.5000 2834.1099   14.1083
   -7.5000   -7.5000   37.5000 2818.5825   14.2781
    0.0000   -7.5000   37.5000 2836.3523   14.0274
    7.5000   -7.5000   37.5000 2834.1067   14.2345
   -7.5000    0.0000   37.5000 2768.8892   14.6663
    0.0000    0.0000   37.5000 2791.1406   14.5027
    7.5000    0.0000   37.5000 2784.4563   14.6695
   -7.5000    7.5000   37.5000 2691.6372   15.3649
    0.0000    7.5000   37.5000 2719.0688   15.2973
    7.5000    7.5000   37.5000 2716.9983   15.3979
   -7.5000   15.0000   37.5000 2608.0034   16.3257
    0.0000   15.0000   37.5000 2630.4128   16.2337
    7.5000   15.0000   37.5000 2625.0930   16.3416
   -7.5000   22.5000   37.5000 2505.1917   17.6171
    0.0000   22.5000   37.5000 2522.7764   17.4958
    7.5000   22.5000   37.5000 2521.2773   17.6142
   -7.5000   30.0000   37.5000 2375.8528   19.2682
    0.0000   30.0000   37.5000 2387.8599   19.1071
    7.5000   30.0000   37.5000 2387.9722   19.2105
   -7.5000   37.5000   37.5000 2243.2170   21.3556
    0.0000   37.5000   37.5000 2259.6072   21.1632
    7.5000   37.5000   37.5000 2253.7571   21.2678
   -7.5000   45.0000   37.5000 2106.7104   24.0472
    0.0000   45.0000   37.5000 2117.0466   23.7924
    7.5000   45.0000   37.5000 2109.3394   23.9405
   -7.5000  -45.0000   45.0000 2462.8376   17.9470
    0.0000  -45.0000   45.0000 2485.6909   17.7160
    7.5000  -45.0000   45.0000 2470.2974   17.9626
   -7.5000  -37.5000   45.0000 2557.4775   16.7038
    0.0000  -37.5000   45.0000 2585.8362   16.4777
    7.5000  -37.5000   45.0000 2576.2642   16.7360
   -7.5000  -30.0000   45.0000 2637.8179   15.7878
    0.0000  -30.0000   45.0000 2668.3032   15.4666
    7.5000  -30.0000   45.0000 2657.6836   15.7922
   -7.5000  -22.5000   45.0000 2702.8481   15.1772
    0.0000  -22.5000   45.0000 2723.1077   14.8309
    7.5000  -22.5000   45.0000 2716.3948   15.1338
   -7.5000  -15.0000   45.0000 2733.2581   14.9519
    0.0000  -15.0000   45.0000 2748.0730   14.6473
    7.5000  -15.0000   45.0000 2751.4563   14.8986
   -7.5000   -7.5000   45.0000 2728.8936   15.0225
    0.0000   -7.5000   45.0000 2739.0808   14.7542
    7.5000   -7.5000   45.0000 2743.9609   14.9822
   -7.5000    0.0000   45.0000 2686.6230   15.4040
    0.0000    0.0000   45.0000 2695.5491   15.1720
    7.5000    0.0000   45.0000 2697.5090   15.3840
   -7.5000    7.5000   45.0000 2625.3972   16.0878
    0.0000    7.5000   45.0000 2645.2134   15.8981
    7.5000    7.5000   45.0000 2644.1384   16.0783
   -7.5000   15.0000   45.0000 2543.6243   17.0852
    0.0000   15.0000   45.0000 2564.8765   16.9455
    7.5000   15.0000   45.0000 2560.0020   17.0695
   -7.5000   22.5000   45.0000 2446.0857   18.4111
    0.0000   22.5000   45.0000 2463.6174   18.2477
    7.5000   22.5000   45.0000 2457.4822   18.3360
   -7.5000   30.0000   45.0000 2322.3604   20.0203
    0.0000   30.0000   45.0000 2337.5017   19.8691
    7.5000   30.0000   45.0000 2333.1436   19.9499
   -7.5000   37.5000   45.0000 2198.0388   22.0765
    0.0000   37.5000   45.0000 2205.0007   21.9460
    7.5000   37.5000   45.0000 2207.1609   22.0092
   -7.5000   45.0000   45.0000 2057.3682   24.7700
    0.0000   45.0000   45.0000 2067.9009   24.5548
    7.5000   45.0000   45.0000 2067.5737   24.6851

---------------------------------------------------------------------
imgreg_4dfp /opt/freesurfer/average/711-2C_as_mni_average_305 /opt/freesurfer/average/711-2B_as_mni_average_305_mask talsrcimg_g11 none talsrcimg_to_711-2C_as_mni_average_305_t4 1283
---------------------------------------------------------------------

freesurfer imgreg_4dfp.c
/opt/freesurfer/average/711-2C_as_mni_average_305.4dfp.img
       256       256       256         1
  1.000000  1.000000  1.000000
orientation T byte_order littleendian
Reading image: /opt/freesurfer/average/711-2C_as_mni_average_305.4dfp.img
dimensions:      256       256       256
mmppix:       1.0000   -1.0000   -1.0000
center:     128.0000 -129.0000 -129.0000
/opt/freesurfer/average/711-2B_as_mni_average_305_mask.4dfp.img
       256       256       256         1
  1.000000  1.000000  1.000000
orientation T byte_order littleendian
Reading mask: /opt/freesurfer/average/711-2B_as_mni_average_305_mask.4dfp.img (2306576 pixels)
talsrcimg_g11.4dfp.img
       256       256       256         1
  1.000000  1.000000  1.000000
orientation T byte_order littleendian
Reading image: talsrcimg_g11.4dfp.img
dimensions:      256       256       256
mmppix:       1.0000   -1.0000   -1.0000
center:     128.0000 -129.0000 -129.0000
rotation matrix determinant  1.000000
fimgreg.f
image alignment mode   1283 decimal      503 hex
parameters
    0.0000   -7.5000   22.5000    0.0000    0.0000    0.0000
eta,q 0.92578 12.85502
niter,ni,del,rscale     5    3   12.0000    1.2000
parameter  2  0.908444 ->  0.500000 qaram    1.1500
parameter  3 -0.729969 ->  0.500000 qaram    1.1500
parameter  6  4.073705 ->  0.500000 qaram    1.1500
parameters
    1.9935  -10.9500   19.0500   -2.9645    2.8711   -3.4500
eta,q 0.93065 12.38895
  0.0860  0.0787  0.0715  0.0747  0.0792  0.0682
  0.0815  0.0789  0.0732  0.0738  0.0772  0.0690
  0.0791  0.0798  0.0772  0.0735  0.0746  0.0707
  0.0795  0.0813  0.0794  0.0747  0.0735  0.0731
  0.0813  0.0831  0.0804  0.0752  0.0730  0.0759
  0.0803  0.0855  0.0797  0.0763  0.0734  0.0784
  0.0797  0.0894  0.0806  0.0770  0.0736  0.0798
niter,ni,del,rscale     7    3   12.0000    1.2000
parameter  6  0.507104 ->  0.500000 qaram    1.3225
parameters
    0.8831   -9.4799   17.2590   -5.9090    2.8866   -7.4175
eta,q 0.93514 12.30848
  0.0720  0.0803  0.0733  0.0687  0.0697  0.0676
  0.0708  0.0732  0.0700  0.0668  0.0680  0.0652
  0.0700  0.0694  0.0687  0.0675  0.0674  0.0652
  0.0694  0.0695  0.0695  0.0685  0.0670  0.0670
  0.0707  0.0693  0.0732  0.0696  0.0672  0.0699
  0.0720  0.0691  0.0750  0.0717  0.0683  0.0733
  0.0759  0.0728  0.0754  0.0742  0.0695  0.0763
niter,ni,del,rscale     7    3   12.0000    1.2000
parameters
    0.3650   -8.2266   17.8962   -4.3237    4.1741   -7.0203
eta,q 0.93482 12.39081
  0.0710  0.0802  0.0761  0.0753  0.0722  0.0731
  0.0675  0.0741  0.0718  0.0711  0.0694  0.0691
  0.0650  0.0663  0.0685  0.0672  0.0673  0.0661
  0.0649  0.0645  0.0657  0.0661  0.0657  0.0651
  0.0679  0.0668  0.0696  0.0656  0.0649  0.0665
  0.0690  0.0688  0.0723  0.0664  0.0662  0.0690
  0.0724  0.0714  0.0717  0.0688  0.0687  0.0710
niter,ni,del,rscale     6    3   12.0000    1.2000
parameters
    0.0409   -8.7648   17.7889   -4.1636    4.3777   -7.0664
eta,q 0.93520 12.35401
  0.0710  0.0744  0.0732  0.0723  0.0700  0.0725
  0.0691  0.0666  0.0695  0.0669  0.0676  0.0685
  0.0664  0.0643  0.0671  0.0647  0.0659  0.0655
  0.0652  0.0652  0.0649  0.0649  0.0649  0.0648
  0.0672  0.0673  0.0686  0.0654  0.0651  0.0668
  0.0694  0.0708  0.0714  0.0675  0.0669  0.0695
  0.0726  0.0754  0.0721  0.0706  0.0697  0.0717
niter,ni,del,rscale     5    3   12.0000    1.2000
parameters
   -0.1177   -8.8307   17.7647   -4.1138    4.4922   -7.1059
eta,q 0.93531 12.35206
  0.0707  0.0758  0.0734  0.0720  0.0699  0.0724
  0.0686  0.0681  0.0693  0.0665  0.0674  0.0686
  0.0660  0.0644  0.0671  0.0646  0.0658  0.0655
  0.0648  0.0648  0.0647  0.0647  0.0647  0.0647
  0.0669  0.0668  0.0682  0.0654  0.0651  0.0667
  0.0687  0.0701  0.0714  0.0676  0.0670  0.0694
  0.0713  0.0743  0.0718  0.0706  0.0698  0.0717
niter,ni,del,rscale     4    3   12.0000    1.2000
parameters
   -0.1705   -8.8472   17.7567   -4.0973    4.5432   -7.1274
eta,q 0.93535 12.35214
  0.0707  0.0760  0.0734  0.0718  0.0698  0.0724
  0.0687  0.0683  0.0692  0.0664  0.0674  0.0686
  0.0660  0.0644  0.0670  0.0645  0.0657  0.0655
  0.0647  0.0647  0.0647  0.0647  0.0647  0.0647
  0.0667  0.0667  0.0681  0.0654  0.0651  0.0666
  0.0686  0.0700  0.0713  0.0676  0.0671  0.0694
  0.0709  0.0742  0.0717  0.0706  0.0699  0.0717
registration optimization eta report
parameter search radius
    6.0000    6.9000    6.9000    6.0000    6.0000    7.9350
100000*second partial in parameter space
       15.       22.       14.       19.       14.       11.
  0.0707  0.0760  0.0734  0.0718  0.0698  0.0724
  0.0687  0.0683  0.0692  0.0664  0.0674  0.0686
  0.0660  0.0644  0.0670  0.0645  0.0657  0.0655
  0.0647  0.0647  0.0647  0.0647  0.0647  0.0647
  0.0667  0.0667  0.0681  0.0654  0.0651  0.0666
  0.0686  0.0700  0.0713  0.0676  0.0671  0.0694
  0.0709  0.0742  0.0717  0.0706  0.0699  0.0717
   -0.1705   -8.8472   17.7567   -4.0973    4.5432   -7.1274
eta,q 0.93535 12.35214

---------------------------------------------------------------------
imgreg_4dfp /opt/freesurfer/average/711-2C_as_mni_average_305 /opt/freesurfer/average/711-2B_as_mni_average_305_mask talsrcimg_g11 none talsrcimg_to_711-2C_as_mni_average_305_t4 3335
---------------------------------------------------------------------

freesurfer imgreg_4dfp.c
/opt/freesurfer/average/711-2C_as_mni_average_305.4dfp.img
       256       256       256         1
  1.000000  1.000000  1.000000
orientation T byte_order littleendian
Reading image: /opt/freesurfer/average/711-2C_as_mni_average_305.4dfp.img
dimensions:      256       256       256
mmppix:       1.0000   -1.0000   -1.0000
center:     128.0000 -129.0000 -129.0000
/opt/freesurfer/average/711-2B_as_mni_average_305_mask.4dfp.img
       256       256       256         1
  1.000000  1.000000  1.000000
orientation T byte_order littleendian
Reading mask: /opt/freesurfer/average/711-2B_as_mni_average_305_mask.4dfp.img (2306576 pixels)
talsrcimg_g11.4dfp.img
       256       256       256         1
  1.000000  1.000000  1.000000
orientation T byte_order littleendian
Reading image: talsrcimg_g11.4dfp.img
dimensions:      256       256       256
mmppix:       1.0000   -1.0000   -1.0000
center:     128.0000 -129.0000 -129.0000
fimgreg.f
image alignment mode   3335 decimal      D07 hex
parameters
   -0.1705   -8.8472   17.7567   -1.0845   -1.0966   -0.5690
   12.9374   -6.9533  -12.3685    8.0701    7.9212   -7.1226
eta,q 0.93449 12.58484
niter,ni,del,rscale     5    3    5.0000    1.2000
parameter  3  0.991522 ->  0.500000 qaram    1.1500
parameter  4 13.440038 ->  0.500000 qaram    1.1500
parameter  5  2.922648 ->  0.500000 qaram    1.1500
parameter  6 -9.570461 ->  0.500000 qaram    1.1500
parameter  9 -0.543649 -> -0.500000 qaram    1.1500
parameter 10  1.559629 ->  0.500000 qaram    1.1500
parameter 12  3.060365 ->  0.500000 qaram    1.1500
parameters
   -0.0912   -8.9012   16.3767   -5.2245   -5.2366   -4.7090
    9.4901   -3.4369   -8.2285    3.9301    6.0608  -11.2626
eta,q 0.95783 12.06871
  0.0669  0.0667  0.0653  0.0561  0.0532  0.0403  0.0474  0.0513  0.0499  0.0431  0.0443  0.0415
  0.0662  0.0661  0.0651  0.0583  0.0548  0.0460  0.0470  0.0492  0.0484  0.0436  0.0439  0.0420
  0.0658  0.0657  0.0653  0.0616  0.0568  0.0507  0.0470  0.0478  0.0472  0.0445  0.0437  0.0428
  0.0655  0.0655  0.0655  0.0652  0.0591  0.0553  0.0473  0.0469  0.0463  0.0458  0.0438  0.0437
  0.0655  0.0656  0.0656  0.0685  0.0617  0.0602  0.0481  0.0464  0.0459  0.0473  0.0441  0.0448
  0.0659  0.0661  0.0657  0.0720  0.0645  0.0641  0.0493  0.0464  0.0459  0.0492  0.0446  0.0459
  0.0669  0.0670  0.0661  0.0747  0.0676  0.0691  0.0509  0.0469  0.0462  0.0512  0.0454  0.0469
niter,ni,del,rscale     7    3    5.0000    1.2000
parameter  3 -0.807454 -> -0.500000 qaram    1.3225
parameter  4  0.720012 ->  0.500000 qaram    1.3225
parameter  5  3.946250 ->  0.500000 qaram    1.3225
parameter  6  1.658914 ->  0.500000 qaram    1.3225
parameters
   -0.4794   -9.6003   17.9637   -9.9855   -9.9976   -9.4700
   10.5164   -4.4344   -9.8645    4.5249    6.2718   -7.6100
eta,q 0.97492 11.90295
  0.0449  0.0430  0.0459  0.0380  0.0305  0.0253  0.0289  0.0298  0.0277  0.0306  0.0277  0.0288
  0.0431  0.0422  0.0441  0.0378  0.0332  0.0254  0.0276  0.0272  0.0264  0.0283  0.0265  0.0276
  0.0422  0.0419  0.0428  0.0384  0.0356  0.0289  0.0266  0.0259  0.0258  0.0267  0.0258  0.0265
  0.0422  0.0421  0.0419  0.0408  0.0379  0.0339  0.0261  0.0260  0.0258  0.0257  0.0256  0.0256
  0.0431  0.0428  0.0411  0.0457  0.0406  0.0402  0.0261  0.0272  0.0266  0.0258  0.0258  0.0251
  0.0449  0.0439  0.0407  0.0526  0.0437  0.0464  0.0266  0.0293  0.0281  0.0271  0.0265  0.0252
  0.0474  0.0454  0.0409  0.0588  0.0475  0.0511  0.0277  0.0324  0.0300  0.0297  0.0274  0.0260
niter,ni,del,rscale     7    3    5.0000    1.2000
parameter  2  0.923218 ->  0.500000 qaram    1.1500
parameter  5  0.524019 ->  0.500000 qaram    1.5209
parameters
   -0.6351  -10.9803   17.0349  -10.9162  -15.4728  -12.8765
   11.4807   -5.0085  -10.6420    2.7009    9.2972   -8.0316
eta,q 0.97932 11.74161
  0.0279  0.0232  0.0258  0.0270  0.0228  0.0244  0.0241  0.0238  0.0229  0.0234  0.0220  0.0225
  0.0262  0.0230  0.0233  0.0251  0.0209  0.0227  0.0227  0.0219  0.0218  0.0215  0.0214  0.0214
  0.0253  0.0237  0.0223  0.0234  0.0204  0.0210  0.0216  0.0210  0.0212  0.0208  0.0210  0.0208
  0.0251  0.0251  0.0231  0.0223  0.0226  0.0206  0.0211  0.0211  0.0210  0.0210  0.0208  0.0207
  0.0256  0.0269  0.0254  0.0221  0.0262  0.0260  0.0211  0.0216  0.0214  0.0221  0.0207  0.0210
  0.0268  0.0292  0.0281  0.0248  0.0297  0.0321  0.0218  0.0227  0.0224  0.0242  0.0207  0.0217
  0.0287  0.0317  0.0311  0.0322  0.0342  0.0400  0.0229  0.0247  0.0239  0.0273  0.0209  0.0228
niter,ni,del,rscale     7    3    5.0000    1.2000
parameters
   -0.5200  -10.7644   16.1211   -7.1922  -14.7804  -14.5682
   11.4606   -5.0021  -10.8559    4.0980    8.9029   -8.2943
eta,q 0.98053 11.85190
  0.0237  0.0252  0.0220  0.0259  0.0270  0.0244  0.0224  0.0240  0.0224  0.0255  0.0203  0.0213
  0.0221  0.0229  0.0206  0.0238  0.0239  0.0221  0.0209  0.0211  0.0208  0.0222  0.0199  0.0202
  0.0211  0.0214  0.0202  0.0219  0.0208  0.0204  0.0199  0.0199  0.0198  0.0203  0.0196  0.0196
  0.0207  0.0207  0.0206  0.0202  0.0185  0.0183  0.0195  0.0195  0.0195  0.0195  0.0195  0.0195
  0.0209  0.0208  0.0216  0.0187  0.0191  0.0193  0.0198  0.0198  0.0199  0.0196  0.0195  0.0197
  0.0217  0.0220  0.0231  0.0183  0.0223  0.0261  0.0208  0.0212  0.0210  0.0204  0.0198  0.0204
  0.0232  0.0241  0.0252  0.0216  0.0257  0.0339  0.0225  0.0240  0.0227  0.0223  0.0207  0.0215
niter,ni,del,rscale     6    3    5.0000    1.2000
parameters
   -0.4818  -10.5666   15.3686   -8.1059  -14.1935  -15.4581
   11.4667   -4.7146  -10.8442    4.6475    9.5876   -8.5032
eta,q 0.98006 11.80110
  0.0227  0.0240  0.0210  0.0240  0.0273  0.0255  0.0227  0.0242  0.0227  0.0247  0.0208  0.0219
  0.0210  0.0217  0.0195  0.0222  0.0243  0.0231  0.0213  0.0216  0.0212  0.0220  0.0205  0.0207
  0.0199  0.0202  0.0191  0.0205  0.0215  0.0212  0.0204  0.0204  0.0203  0.0204  0.0202  0.0201
  0.0195  0.0195  0.0194  0.0191  0.0195  0.0194  0.0200  0.0200  0.0200  0.0200  0.0200  0.0199
  0.0197  0.0197  0.0202  0.0189  0.0202  0.0187  0.0203  0.0202  0.0203  0.0202  0.0199  0.0202
  0.0207  0.0209  0.0215  0.0225  0.0231  0.0237  0.0212  0.0212  0.0212  0.0213  0.0201  0.0209
  0.0226  0.0229  0.0233  0.0287  0.0262  0.0314  0.0227  0.0236  0.0227  0.0235  0.0207  0.0220
niter,ni,del,rscale     5    3    5.0000    1.2000
parameters
   -0.4019  -10.5045   15.1554   -8.1908  -14.0937  -15.7809
   11.5176   -4.7438  -10.9861    4.8916    9.5611   -8.5824
eta,q 0.97988 11.78886
  0.0231  0.0241  0.0224  0.0248  0.0271  0.0263  0.0228  0.0239  0.0227  0.0245  0.0209  0.0221
  0.0214  0.0219  0.0206  0.0230  0.0242  0.0237  0.0214  0.0216  0.0213  0.0219  0.0206  0.0209
  0.0203  0.0205  0.0199  0.0213  0.0216  0.0217  0.0205  0.0205  0.0204  0.0205  0.0203  0.0203
  0.0199  0.0199  0.0199  0.0199  0.0199  0.0199  0.0201  0.0201  0.0201  0.0201  0.0201  0.0201
  0.0202  0.0203  0.0205  0.0191  0.0210  0.0186  0.0204  0.0203  0.0204  0.0205  0.0201  0.0204
  0.0211  0.0216  0.0214  0.0214  0.0239  0.0226  0.0213  0.0215  0.0214  0.0216  0.0204  0.0210
  0.0227  0.0237  0.0228  0.0269  0.0271  0.0298  0.0228  0.0241  0.0229  0.0239  0.0211  0.0221
niter,ni,del,rscale     4    3    5.0000    1.2000
parameters
   -0.3873  -10.4513   15.0593   -8.1710  -14.1045  -15.9027
   11.5451   -4.6969  -10.9970    5.0204    9.5686   -8.6252
eta,q 0.97983 11.78454
  0.0231  0.0242  0.0227  0.0250  0.0271  0.0265  0.0229  0.0240  0.0228  0.0244  0.0209  0.0222
  0.0215  0.0220  0.0209  0.0232  0.0243  0.0239  0.0214  0.0217  0.0214  0.0218  0.0206  0.0210
  0.0205  0.0206  0.0202  0.0215  0.0216  0.0218  0.0205  0.0206  0.0205  0.0205  0.0204  0.0203
  0.0201  0.0201  0.0201  0.0201  0.0201  0.0201  0.0202  0.0202  0.0202  0.0202  0.0202  0.0202
  0.0204  0.0205  0.0206  0.0193  0.0213  0.0187  0.0205  0.0204  0.0204  0.0205  0.0202  0.0204
  0.0214  0.0218  0.0214  0.0214  0.0241  0.0222  0.0214  0.0215  0.0214  0.0217  0.0204  0.0211
  0.0231  0.0239  0.0227  0.0268  0.0273  0.0294  0.0229  0.0240  0.0228  0.0241  0.0211  0.0221
niter,ni,del,rscale     3    3    5.0000    1.2000
parameters
   -0.3789  -10.4147   15.0134   -8.1496  -14.1328  -15.9630
   11.5491   -4.6819  -11.0061    5.1009    9.5722   -8.6526
eta,q 0.97981 11.78230
  0.0231  0.0242  0.0228  0.0250  0.0270  0.0266  0.0229  0.0240  0.0228  0.0243  0.0209  0.0222
  0.0215  0.0220  0.0210  0.0232  0.0243  0.0240  0.0214  0.0217  0.0214  0.0218  0.0206  0.0210
  0.0205  0.0206  0.0203  0.0216  0.0217  0.0219  0.0205  0.0206  0.0205  0.0205  0.0204  0.0203
  0.0202  0.0202  0.0202  0.0202  0.0202  0.0202  0.0202  0.0202  0.0202  0.0202  0.0202  0.0202
  0.0205  0.0206  0.0206  0.0194  0.0214  0.0187  0.0205  0.0204  0.0205  0.0205  0.0202  0.0204
  0.0215  0.0219  0.0214  0.0215  0.0242  0.0221  0.0214  0.0216  0.0214  0.0217  0.0204  0.0211
  0.0231  0.0240  0.0227  0.0269  0.0273  0.0292  0.0229  0.0241  0.0228  0.0241  0.0211  0.0222
niter,ni,del,rscale     2    3    5.0000    1.2000
parameters
   -0.3732  -10.3891   14.9860   -8.1327  -14.1537  -15.9999
   11.5490   -4.6679  -11.0098    5.1554    9.5774   -8.6786
eta,q 0.97980 11.78091
  0.0231  0.0241  0.0229  0.0250  0.0271  0.0266  0.0229  0.0240  0.0228  0.0243  0.0210  0.0222
  0.0215  0.0220  0.0211  0.0232  0.0243  0.0240  0.0215  0.0217  0.0214  0.0218  0.0207  0.0210
  0.0205  0.0207  0.0203  0.0216  0.0217  0.0219  0.0205  0.0206  0.0205  0.0205  0.0204  0.0203
  0.0202  0.0202  0.0202  0.0202  0.0202  0.0202  0.0202  0.0202  0.0202  0.0202  0.0202  0.0202
  0.0205  0.0206  0.0206  0.0194  0.0214  0.0187  0.0205  0.0204  0.0205  0.0206  0.0202  0.0205
  0.0215  0.0219  0.0214  0.0215  0.0242  0.0221  0.0214  0.0216  0.0214  0.0217  0.0205  0.0211
  0.0231  0.0240  0.0227  0.0269  0.0273  0.0292  0.0229  0.0241  0.0228  0.0241  0.0212  0.0222
registration optimization eta report
parameter search radius
    2.4000    2.7600    3.1740    9.5220   10.9503    9.5220
    7.2000    7.2000    8.2800    8.2800    7.2000    8.2800
100000*second partial in parameter space
       51.       51.       26.        7.        6.        9.
        5.        8.        4.        6.        2.        3.
  0.0231  0.0241  0.0229  0.0250  0.0271  0.0266  0.0229  0.0240  0.0228  0.0243  0.0210  0.0222
  0.0215  0.0220  0.0211  0.0232  0.0243  0.0240  0.0215  0.0217  0.0214  0.0218  0.0207  0.0210
  0.0205  0.0207  0.0203  0.0216  0.0217  0.0219  0.0205  0.0206  0.0205  0.0205  0.0204  0.0203
  0.0202  0.0202  0.0202  0.0202  0.0202  0.0202  0.0202  0.0202  0.0202  0.0202  0.0202  0.0202
  0.0205  0.0206  0.0206  0.0194  0.0214  0.0187  0.0205  0.0204  0.0205  0.0206  0.0202  0.0205
  0.0215  0.0219  0.0214  0.0215  0.0242  0.0221  0.0214  0.0216  0.0214  0.0217  0.0205  0.0211
  0.0231  0.0240  0.0227  0.0269  0.0273  0.0292  0.0229  0.0241  0.0228  0.0241  0.0212  0.0222
   -0.3732  -10.3891   14.9860   -8.1327  -14.1537  -15.9999
   11.5490   -4.6679  -11.0098    5.1554    9.5774   -8.6786
eta,q 0.97980 11.78091

---------------------------------------------------------------------
imgreg_4dfp /opt/freesurfer/average/711-2C_as_mni_average_305 /opt/freesurfer/average/711-2B_as_mni_average_305_mask talsrcimg_g11 none talsrcimg_to_711-2C_as_mni_average_305_t4 2311
---------------------------------------------------------------------

freesurfer imgreg_4dfp.c
/opt/freesurfer/average/711-2C_as_mni_average_305.4dfp.img
       256       256       256         1
  1.000000  1.000000  1.000000
orientation T byte_order littleendian
Reading image: /opt/freesurfer/average/711-2C_as_mni_average_305.4dfp.img
dimensions:      256       256       256
mmppix:       1.0000   -1.0000   -1.0000
center:     128.0000 -129.0000 -129.0000
/opt/freesurfer/average/711-2B_as_mni_average_305_mask.4dfp.img
       256       256       256         1
  1.000000  1.000000  1.000000
orientation T byte_order littleendian
Reading mask: /opt/freesurfer/average/711-2B_as_mni_average_305_mask.4dfp.img (2306576 pixels)
talsrcimg_g11.4dfp.img
       256       256       256         1
  1.000000  1.000000  1.000000
orientation T byte_order littleendian
Reading image: talsrcimg_g11.4dfp.img
dimensions:      256       256       256
mmppix:       1.0000   -1.0000   -1.0000
center:     128.0000 -129.0000 -129.0000
fimgreg.f
image alignment mode   2311 decimal      907 hex
parameters
   -0.3732  -10.3891   14.9860   -8.1327  -14.1537  -15.9999
   11.5490   -4.6679  -11.0098    5.1554    9.5774   -8.6786
eta,q 0.97980 11.78090
niter,ni,del,rscale     5    3    5.0000    0.8000
parameter  4 -0.686530 -> -0.500000 qaram    1.1500
parameters
   -0.3625  -10.3732   14.7345   -5.3727  -14.3173  -14.4928
   11.3951   -4.7387  -10.5606    5.4339    8.5846   -8.9287
eta,q 0.98153 11.90039
  0.0215  0.0216  0.0206  0.0225  0.0215  0.0223  0.0201  0.0223  0.0199  0.0207  0.0193  0.0194
  0.0208  0.0208  0.0203  0.0217  0.0204  0.0213  0.0193  0.0201  0.0192  0.0195  0.0188  0.0188
  0.0204  0.0204  0.0202  0.0209  0.0197  0.0203  0.0187  0.0188  0.0187  0.0188  0.0185  0.0185
  0.0202  0.0202  0.0202  0.0202  0.0194  0.0194  0.0185  0.0185  0.0185  0.0185  0.0185  0.0185
  0.0203  0.0204  0.0203  0.0196  0.0196  0.0185  0.0188  0.0191  0.0186  0.0187  0.0188  0.0186
  0.0208  0.0208  0.0206  0.0194  0.0205  0.0187  0.0194  0.0204  0.0189  0.0192  0.0195  0.0190
  0.0215  0.0215  0.0210  0.0199  0.0219  0.0205  0.0204  0.0223  0.0195  0.0202  0.0204  0.0196
niter,ni,del,rscale     5    3    5.0000    0.8000
parameters
   -0.4515  -10.3735   15.1004   -6.3992  -14.2015  -14.0993
   11.3642   -4.6046  -10.5247    5.3118    8.5481   -8.9508
eta,q 0.98161 11.90331
  0.0203  0.0200  0.0203  0.0206  0.0211  0.0216  0.0199  0.0217  0.0195  0.0201  0.0193  0.0194
  0.0193  0.0192  0.0194  0.0197  0.0200  0.0207  0.0191  0.0198  0.0189  0.0191  0.0188  0.0188
  0.0186  0.0186  0.0187  0.0189  0.0191  0.0197  0.0186  0.0187  0.0185  0.0186  0.0185  0.0185
  0.0185  0.0185  0.0185  0.0184  0.0186  0.0186  0.0184  0.0184  0.0184  0.0184  0.0184  0.0184
  0.0188  0.0186  0.0185  0.0190  0.0188  0.0181  0.0185  0.0187  0.0185  0.0186  0.0185  0.0185
  0.0195  0.0192  0.0187  0.0211  0.0197  0.0190  0.0191  0.0196  0.0189  0.0192  0.0188  0.0188
  0.0208  0.0200  0.0191  0.0244  0.0210  0.0217  0.0199  0.0213  0.0194  0.0204  0.0194  0.0193
niter,ni,del,rscale     4    3    5.0000    0.7000
parameters
   -0.3757  -10.4616   15.2051   -6.4336  -14.1250  -13.7013
   11.3387   -4.5692  -10.4791    5.1442    8.4810   -8.9507
eta,q 0.98182 11.91297
  0.0199  0.0194  0.0194  0.0205  0.0204  0.0210  0.0193  0.0208  0.0191  0.0196  0.0189  0.0190
  0.0191  0.0188  0.0188  0.0197  0.0194  0.0203  0.0187  0.0192  0.0186  0.0188  0.0185  0.0185
  0.0186  0.0185  0.0185  0.0190  0.0187  0.0194  0.0183  0.0184  0.0183  0.0183  0.0183  0.0183
  0.0184  0.0184  0.0184  0.0184  0.0184  0.0184  0.0182  0.0182  0.0182  0.0182  0.0182  0.0182
  0.0185  0.0186  0.0185  0.0183  0.0185  0.0180  0.0183  0.0185  0.0183  0.0184  0.0182  0.0183
  0.0189  0.0190  0.0187  0.0192  0.0192  0.0188  0.0187  0.0193  0.0185  0.0189  0.0185  0.0185
  0.0196  0.0197  0.0191  0.0213  0.0204  0.0209  0.0194  0.0206  0.0190  0.0199  0.0190  0.0190
niter,ni,del,rscale     3    3    5.0000    0.6000
parameters
   -0.3763  -10.5222   15.3775   -6.2510  -14.1184  -13.2845
   11.3072   -4.6080  -10.4250    4.9827    8.3387   -8.9222
eta,q 0.98205 11.92698
  0.0192  0.0190  0.0191  0.0200  0.0196  0.0205  0.0188  0.0199  0.0186  0.0191  0.0185  0.0186
  0.0186  0.0185  0.0186  0.0193  0.0189  0.0198  0.0184  0.0188  0.0183  0.0184  0.0182  0.0182
  0.0183  0.0182  0.0183  0.0187  0.0184  0.0189  0.0180  0.0181  0.0180  0.0181  0.0180  0.0180
  0.0182  0.0182  0.0182  0.0182  0.0181  0.0181  0.0179  0.0179  0.0179  0.0179  0.0179  0.0179
  0.0183  0.0183  0.0182  0.0180  0.0183  0.0179  0.0180  0.0182  0.0180  0.0181  0.0180  0.0180
  0.0186  0.0186  0.0184  0.0186  0.0188  0.0185  0.0184  0.0189  0.0182  0.0186  0.0183  0.0182
  0.0192  0.0192  0.0187  0.0201  0.0197  0.0201  0.0189  0.0200  0.0186  0.0193  0.0187  0.0186
niter,ni,del,rscale     2    3    5.0000    0.5000
parameters
   -0.4073  -10.5720   15.5751   -6.0670  -14.1337  -12.8821
   11.2709   -4.6567  -10.3793    4.7952    8.1889   -8.8638
eta,q 0.98224 11.93905
  0.0186  0.0185  0.0187  0.0193  0.0190  0.0200  0.0184  0.0192  0.0182  0.0186  0.0182  0.0182
  0.0182  0.0182  0.0183  0.0188  0.0184  0.0193  0.0180  0.0184  0.0180  0.0181  0.0180  0.0180
  0.0180  0.0180  0.0181  0.0183  0.0180  0.0185  0.0178  0.0179  0.0178  0.0178  0.0178  0.0178
  0.0179  0.0179  0.0179  0.0179  0.0179  0.0179  0.0178  0.0178  0.0178  0.0178  0.0178  0.0178
  0.0180  0.0180  0.0179  0.0178  0.0180  0.0177  0.0178  0.0180  0.0178  0.0179  0.0178  0.0178
  0.0183  0.0183  0.0180  0.0183  0.0184  0.0182  0.0181  0.0185  0.0180  0.0183  0.0180  0.0180
  0.0187  0.0186  0.0183  0.0193  0.0191  0.0194  0.0184  0.0193  0.0182  0.0188  0.0183  0.0182
niter,ni,del,rscale     1    3    5.0000    0.4000
parameters
   -0.4476  -10.6201   15.7766   -5.9048  -14.1661  -12.5343
   11.2289   -4.7081  -10.3576    4.6181    8.0312   -8.8038
eta,q 0.98237 11.94864
  0.0182  0.0181  0.0183  0.0187  0.0184  0.0194  0.0181  0.0186  0.0179  0.0182  0.0179  0.0180
  0.0179  0.0179  0.0181  0.0183  0.0181  0.0187  0.0178  0.0180  0.0178  0.0179  0.0178  0.0178
  0.0178  0.0178  0.0179  0.0180  0.0178  0.0181  0.0177  0.0177  0.0177  0.0177  0.0177  0.0177
  0.0178  0.0178  0.0178  0.0177  0.0177  0.0177  0.0176  0.0176  0.0176  0.0176  0.0176  0.0176
  0.0178  0.0178  0.0177  0.0177  0.0178  0.0176  0.0177  0.0178  0.0177  0.0177  0.0177  0.0177
  0.0180  0.0180  0.0178  0.0180  0.0181  0.0180  0.0178  0.0181  0.0178  0.0180  0.0178  0.0178
  0.0183  0.0182  0.0179  0.0187  0.0185  0.0188  0.0181  0.0187  0.0179  0.0184  0.0180  0.0179
registration optimization eta report
parameter search radius
    0.8000    0.8000    0.8000    2.7600    2.4000    2.4000
    2.4000    2.4000    2.4000    2.4000    2.4000    2.4000
100000*second partial in parameter space
       78.       67.       61.       13.       13.       24.
        8.       18.        6.       11.        6.        5.
  0.0182  0.0181  0.0183  0.0187  0.0184  0.0194  0.0181  0.0186  0.0179  0.0182  0.0179  0.0180
  0.0179  0.0179  0.0181  0.0183  0.0181  0.0187  0.0178  0.0180  0.0178  0.0179  0.0178  0.0178
  0.0178  0.0178  0.0179  0.0180  0.0178  0.0181  0.0177  0.0177  0.0177  0.0177  0.0177  0.0177
  0.0178  0.0178  0.0178  0.0177  0.0177  0.0177  0.0176  0.0176  0.0176  0.0176  0.0176  0.0176
  0.0178  0.0178  0.0177  0.0177  0.0178  0.0176  0.0177  0.0178  0.0177  0.0177  0.0177  0.0177
  0.0180  0.0180  0.0178  0.0180  0.0181  0.0180  0.0178  0.0181  0.0178  0.0180  0.0178  0.0178
  0.0183  0.0182  0.0179  0.0187  0.0185  0.0188  0.0181  0.0187  0.0179  0.0184  0.0180  0.0179
   -0.4476  -10.6201   15.7766   -5.9048  -14.1661  -12.5343
   11.2289   -4.7081  -10.3576    4.6181    8.0312   -8.8038
eta,q 0.98237 11.94864

---------------------------------------------------------------------
imgreg_4dfp /opt/freesurfer/average/711-2C_as_mni_average_305 /opt/freesurfer/average/711-2B_as_mni_average_305_mask talsrcimg_g11 none talsrcimg_to_711-2C_as_mni_average_305_t4 2311
---------------------------------------------------------------------

freesurfer imgreg_4dfp.c
/opt/freesurfer/average/711-2C_as_mni_average_305.4dfp.img
       256       256       256         1
  1.000000  1.000000  1.000000
orientation T byte_order littleendian
Reading image: /opt/freesurfer/average/711-2C_as_mni_average_305.4dfp.img
dimensions:      256       256       256
mmppix:       1.0000   -1.0000   -1.0000
center:     128.0000 -129.0000 -129.0000
/opt/freesurfer/average/711-2B_as_mni_average_305_mask.4dfp.img
       256       256       256         1
  1.000000  1.000000  1.000000
orientation T byte_order littleendian
Reading mask: /opt/freesurfer/average/711-2B_as_mni_average_305_mask.4dfp.img (2306576 pixels)
talsrcimg_g11.4dfp.img
       256       256       256         1
  1.000000  1.000000  1.000000
orientation T byte_order littleendian
Reading image: talsrcimg_g11.4dfp.img
dimensions:      256       256       256
mmppix:       1.0000   -1.0000   -1.0000
center:     128.0000 -129.0000 -129.0000
fimgreg.f
image alignment mode   2311 decimal      907 hex
parameters
   -0.4476  -10.6201   15.7766   -5.9048  -14.1661  -12.5343
   11.2289   -4.7081  -10.3576    4.6181    8.0312   -8.8038
eta,q 0.98237 11.94864
niter,ni,del,rscale     5    3    5.0000    0.8000
parameters
   -0.5183  -10.6616   15.9727   -6.6004  -14.2997  -12.9798
   11.3242   -4.6897  -10.4758    4.4492    8.1952   -8.6661
eta,q 0.98206 11.93238
  0.0195  0.0193  0.0197  0.0195  0.0202  0.0209  0.0195  0.0210  0.0190  0.0198  0.0189  0.0190
  0.0185  0.0183  0.0186  0.0188  0.0190  0.0200  0.0187  0.0192  0.0184  0.0188  0.0184  0.0184
  0.0178  0.0178  0.0179  0.0180  0.0181  0.0188  0.0181  0.0182  0.0181  0.0181  0.0181  0.0181
  0.0176  0.0176  0.0176  0.0176  0.0177  0.0178  0.0179  0.0179  0.0179  0.0179  0.0179  0.0179
  0.0179  0.0178  0.0177  0.0179  0.0180  0.0180  0.0181  0.0183  0.0181  0.0182  0.0180  0.0180
  0.0187  0.0185  0.0181  0.0193  0.0191  0.0200  0.0186  0.0192  0.0185  0.0189  0.0183  0.0183
  0.0200  0.0194  0.0188  0.0221  0.0207  0.0237  0.0194  0.0209  0.0191  0.0202  0.0189  0.0189
niter,ni,del,rscale     4    3    5.0000    0.7000
parameters
   -0.4660  -10.6687   15.7568   -6.3301  -14.2128  -13.0531
   11.3320   -4.6716  -10.4517    4.5357    8.2255   -8.6873
eta,q 0.98214 11.93462
  0.0194  0.0192  0.0187  0.0198  0.0199  0.0206  0.0191  0.0204  0.0188  0.0196  0.0187  0.0187
  0.0186  0.0185  0.0182  0.0191  0.0189  0.0198  0.0184  0.0189  0.0183  0.0186  0.0182  0.0182
  0.0181  0.0181  0.0179  0.0184  0.0182  0.0188  0.0180  0.0181  0.0180  0.0181  0.0180  0.0179
  0.0179  0.0179  0.0179  0.0179  0.0178  0.0178  0.0179  0.0179  0.0179  0.0179  0.0179  0.0179
  0.0180  0.0181  0.0182  0.0177  0.0180  0.0178  0.0180  0.0181  0.0180  0.0180  0.0179  0.0179
  0.0184  0.0185  0.0186  0.0183  0.0187  0.0191  0.0184  0.0190  0.0183  0.0185  0.0182  0.0182
  0.0192  0.0192  0.0192  0.0198  0.0199  0.0217  0.0191  0.0203  0.0187  0.0194  0.0187  0.0187
niter,ni,del,rscale     3    3    5.0000    0.6000
parameters
   -0.4567  -10.6528   15.7216   -6.1192  -14.1807  -12.8990
   11.2943   -4.6843  -10.4173    4.5736    8.1463   -8.7291
eta,q 0.98225 11.94040
  0.0189  0.0188  0.0186  0.0193  0.0194  0.0202  0.0187  0.0198  0.0184  0.0190  0.0184  0.0184
  0.0183  0.0183  0.0182  0.0188  0.0186  0.0195  0.0182  0.0186  0.0181  0.0183  0.0180  0.0180
  0.0180  0.0180  0.0179  0.0182  0.0181  0.0186  0.0178  0.0179  0.0178  0.0179  0.0178  0.0178
  0.0179  0.0179  0.0179  0.0179  0.0178  0.0178  0.0177  0.0177  0.0177  0.0177  0.0177  0.0177
  0.0180  0.0179  0.0180  0.0178  0.0179  0.0177  0.0178  0.0180  0.0178  0.0179  0.0178  0.0178
  0.0183  0.0183  0.0182  0.0182  0.0185  0.0186  0.0182  0.0187  0.0180  0.0183  0.0181  0.0180
  0.0189  0.0188  0.0187  0.0193  0.0194  0.0205  0.0187  0.0198  0.0184  0.0190  0.0185  0.0184
niter,ni,del,rscale     2    3    5.0000    0.5000
parameters
   -0.4683  -10.6526   15.7883   -5.9534  -14.1878  -12.6509
   11.2558   -4.7037  -10.3741    4.5384    8.0432   -8.7428
eta,q 0.98235 11.94685
  0.0185  0.0184  0.0184  0.0189  0.0188  0.0198  0.0183  0.0192  0.0181  0.0186  0.0181  0.0181
  0.0181  0.0180  0.0181  0.0184  0.0183  0.0191  0.0179  0.0183  0.0179  0.0181  0.0179  0.0178
  0.0178  0.0178  0.0178  0.0180  0.0179  0.0183  0.0177  0.0178  0.0177  0.0178  0.0177  0.0177
  0.0177  0.0178  0.0178  0.0177  0.0177  0.0177  0.0176  0.0176  0.0176  0.0176  0.0176  0.0176
  0.0178  0.0178  0.0178  0.0177  0.0178  0.0177  0.0177  0.0178  0.0177  0.0178  0.0177  0.0177
  0.0181  0.0180  0.0180  0.0180  0.0182  0.0183  0.0179  0.0184  0.0179  0.0181  0.0179  0.0179
  0.0185  0.0184  0.0183  0.0189  0.0189  0.0196  0.0183  0.0192  0.0181  0.0186  0.0182  0.0181
niter,ni,del,rscale     1    3    5.0000    0.4000
parameters
   -0.4897  -10.6676   15.9009   -5.8252  -14.2055  -12.4011
   11.2156   -4.7322  -10.3315    4.4555    7.9406   -8.7212
eta,q 0.98242 11.95252
  0.0181  0.0181  0.0182  0.0184  0.0184  0.0193  0.0180  0.0186  0.0179  0.0182  0.0179  0.0179
  0.0179  0.0178  0.0179  0.0181  0.0180  0.0186  0.0178  0.0180  0.0177  0.0178  0.0177  0.0177
  0.0177  0.0177  0.0177  0.0178  0.0177  0.0180  0.0176  0.0177  0.0176  0.0176  0.0176  0.0176
  0.0176  0.0176  0.0176  0.0176  0.0176  0.0176  0.0176  0.0176  0.0176  0.0176  0.0176  0.0176
  0.0177  0.0177  0.0177  0.0176  0.0177  0.0176  0.0176  0.0177  0.0176  0.0177  0.0176  0.0176
  0.0179  0.0179  0.0177  0.0179  0.0180  0.0180  0.0178  0.0181  0.0177  0.0179  0.0178  0.0177
  0.0182  0.0181  0.0179  0.0184  0.0184  0.0189  0.0180  0.0186  0.0179  0.0183  0.0180  0.0179
registration optimization eta report
parameter search radius
    0.8000    0.8000    0.8000    2.4000    2.4000    2.4000
    2.4000    2.4000    2.4000    2.4000    2.4000    2.4000
100000*second partial in parameter space
       80.       67.       63.       14.       13.       25.
        8.       18.        6.       11.        7.        6.
  0.0181  0.0181  0.0182  0.0184  0.0184  0.0193  0.0180  0.0186  0.0179  0.0182  0.0179  0.0179
  0.0179  0.0178  0.0179  0.0181  0.0180  0.0186  0.0178  0.0180  0.0177  0.0178  0.0177  0.0177
  0.0177  0.0177  0.0177  0.0178  0.0177  0.0180  0.0176  0.0177  0.0176  0.0176  0.0176  0.0176
  0.0176  0.0176  0.0176  0.0176  0.0176  0.0176  0.0176  0.0176  0.0176  0.0176  0.0176  0.0176
  0.0177  0.0177  0.0177  0.0176  0.0177  0.0176  0.0176  0.0177  0.0176  0.0177  0.0176  0.0176
  0.0179  0.0179  0.0177  0.0179  0.0180  0.0180  0.0178  0.0181  0.0177  0.0179  0.0178  0.0177
  0.0182  0.0181  0.0179  0.0184  0.0184  0.0189  0.0180  0.0186  0.0179  0.0183  0.0180  0.0179
   -0.4897  -10.6676   15.9009   -5.8252  -14.2055  -12.4011
   11.2156   -4.7322  -10.3315    4.4555    7.9406   -8.7212
eta,q 0.98242 11.95252

---------------------------------------------------------------------
compute_vox2vox talsrcimg talsrcimg_to_711-2C_as_mni_average_305_t4 /opt/freesurfer/average/711-2C_as_mni_average_305
---------------------------------------------------------------------

freesurfer compute_vox2vox.c
Reading: talsrcimg.4dfp.ifh
Reading: talsrcimg_to_711-2C_as_mni_average_305_t4
Reading: /opt/freesurfer/average/711-2C_as_mni_average_305.4dfp.ifh
Writing: talsrcimg_to_711-2C_as_mni_average_305_t4_vox2vox.txt

start time Wed Mar 11 08:42:11 CET 2026
end		time Wed Mar 11 08:43:43 CET 2026

mpr2mni305 success

avi2talxfm orig_nu.mgz /opt/freesurfer/average/mni305.cor.mgz talsrcimg_to_711-2C_as_mni_average_305_t4_vox2vox.txt transforms/talairach.auto.xfm
avi2talxfm done
mv -f /out/sourcedata/freesurfer/sub-v2s15x29744_ses-1/mri/talsrcimg_to_711-2C_as_mni_average_305_t4_vox2vox.txt /out/sourcedata/freesurfer/sub-v2s15x29744_ses-1/mri/transforms/talsrcimg_to_711-2C_as_mni_average_305_t4_vox2vox.txt
lta_convert --src orig_nu.mgz --trg /opt/freesurfer/average/mni305.cor.mgz --inxfm transforms/talairach.auto.xfm --outlta transforms/talairach.auto.xfm.lta --subject fsaverage
7.3.2

--src: orig_nu.mgz src image (geometry).
--trg: /opt/freesurfer/average/mni305.cor.mgz trg image (geometry).
--inmni: transforms/talairach.auto.xfm input MNI/XFM transform.
--outlta: transforms/talairach.auto.xfm.lta output LTA.
--s: fsaverage subject name
 LTA read, type : 1
 1.04230   0.06291  -0.12986  -10.61558;
-0.08156   1.13077   0.12561  -12.52017;
 0.12975  -0.05115   1.14341   25.47925;
 0.00000   0.00000   0.00000   1.00000;
setting subject to fsaverage
Writing  LTA to file transforms/talairach.auto.xfm.lta...
lta_convert successful.
 
 
Started at Wed Mar 11 08:42:10 CET 2026
Ended   at Wed Mar 11 08:43:43 CET 2026
talairach_avi done
