/out/sourcedata/freesurfer/sub-v2s15x29746_ses-1/mri
/opt/freesurfer/bin/talairach_avi
--i orig_nu.mgz --xfm transforms/talairach.auto.xfm
talairach_avi 7.3.2
Linux dna087 5.14.0-427.37.1.el9_4.x86_64 #1 SMP PREEMPT_DYNAMIC Fri Sep 13 12:41:50 EDT 2024 x86_64 x86_64 x86_64 GNU/Linux
Wed Mar 11 08:47:38 CET 2026
mri_convert orig_nu.mgz talsrcimg.img 
reading from orig_nu.mgz...
TR=0.00, TE=0.00, TI=0.00, flip angle=0.00
i_ras = (-1, 0, 0)
j_ras = (0, 0, -1)
k_ras = (0, 1, 0)
writing to talsrcimg.img...
Analyze Output Matrix
-1.00000   0.00000   0.00000   133.83713;
 0.00000   0.00000   1.00000  -125.68406;
 0.00000  -1.00000   0.00000   128.11896;
 0.00000   0.00000   0.00000   1.00000;
--------------------
INFO: set hdr.hist.orient to -1
mpr2mni305 talsrcimg
Wed Mar 11 08:47:38 CET 2026
/opt/freesurfer/bin/mpr2mni305 talsrcimg
mpr2mni305 7.3.2
target=711-2C_as_mni_average_305

---------------------------------------------------------------------
analyzeto4dfp talsrcimg -O0 -y
---------------------------------------------------------------------

freesurfer ifh2hdr.c
Wed Mar 11 08:47:38 2026
Writing: talsrcimg.4dfp.hdr
freesurfer analyzeto4dfp.c
Reading: talsrcimg.hdr
header size 348 bytes
hdr.dime.datatype	offset=70	value=2
hdr.dime.bitpix		offset=72	value=8
hdr.hist.orient		offset=252	value=-1
dimensionality     4
dimensions       256       256       256         1
Reading: talsrcimg.img
Writing: talsrcimg.4dfp.img
Writing: talsrcimg.4dfp.ifh
ifh2hdr talsrcimg -r0to255
ori=2

---------------------------------------------------------------------
gauss_4dfp talsrcimg 1.1
---------------------------------------------------------------------

freesurfer gauss_4dfp.c
Reading: talsrcimg.4dfp.img
Writing: talsrcimg_g11.4dfp.img
image dimensions 256 256 256 padded to 288 288 288
processing volume 1freesurfer ifh2hdr.c
Wed Mar 11 08:47:40 2026
Writing: talsrcimg_g11.4dfp.hdr

Writing: talsrcimg_g11.4dfp.ifh
including: talsrcimg.4dfp.img.rec in talsrcimg_g11.4dfp.img.rec

---------------------------------------------------------------------
imgreg_4dfp /opt/freesurfer/average/711-2C_as_mni_average_305 none talsrcimg_g11 none talsrcimg_to_711-2C_as_mni_average_305_t4 4355
---------------------------------------------------------------------

freesurfer imgreg_4dfp.c
/opt/freesurfer/average/711-2C_as_mni_average_305.4dfp.img
       256       256       256         1
  1.000000  1.000000  1.000000
orientation T byte_order littleendian
Reading image: /opt/freesurfer/average/711-2C_as_mni_average_305.4dfp.img
dimensions:      256       256       256
mmppix:       1.0000   -1.0000   -1.0000
center:     128.0000 -129.0000 -129.0000
talsrcimg_g11.4dfp.img
       256       256       256         1
  1.000000  1.000000  1.000000
orientation T byte_order littleendian
Reading image: talsrcimg_g11.4dfp.img
dimensions:      256       256       256
mmppix:       1.0000   -1.0000   -1.0000
center:     128.0000 -129.0000 -129.0000
t4_read: open error in t4_sub.f l:  41 t4_file(1:l)talsrcimg_to_711-2C_as_mni_average_305_t4 
t4_read: transform initialized to I4
rotation matrix determinant  1.000000
image alignment mode   4355 decimal     1103 hex
   -7.5000  -45.0000  -45.0000 8141.6206   16.5595
    0.0000  -45.0000  -45.0000 8507.9580   16.5162
    7.5000  -45.0000  -45.0000 8149.2705   16.4671
   -7.5000  -37.5000  -45.0000 8678.7793   16.5393
    0.0000  -37.5000  -45.0000 9062.2129   16.4960
    7.5000  -37.5000  -45.0000 8664.6455   16.4491
   -7.5000  -30.0000  -45.0000 9432.8652   16.5542
    0.0000  -30.0000  -45.0000 9849.4268   16.5117
    7.5000  -30.0000  -45.0000 9393.2559   16.4710
   -7.5000  -22.5000  -45.000010124.5977   16.5581
    0.0000  -22.5000  -45.000010587.3242   16.5168
    7.5000  -22.5000  -45.000010095.5967   16.4799
   -7.5000  -15.0000  -45.000010780.0176   16.5444
    0.0000  -15.0000  -45.000011260.3457   16.5036
    7.5000  -15.0000  -45.000010750.3770   16.4647
   -7.5000   -7.5000  -45.000011359.2148   16.5270
    0.0000   -7.5000  -45.000011854.1768   16.4849
    7.5000   -7.5000  -45.000011300.6641   16.4398
   -7.5000    0.0000  -45.000011848.1660   16.5259
    0.0000    0.0000  -45.000012357.9316   16.4824
    7.5000    0.0000  -45.000011783.8877   16.4331
   -7.5000    7.5000  -45.000011444.4199   16.5393
    0.0000    7.5000  -45.000011941.7793   16.4959
    7.5000    7.5000  -45.000011367.7188   16.4491
   -7.5000   15.0000  -45.000010899.8535   16.5542
    0.0000   15.0000  -45.000011357.3291   16.5117
    7.5000   15.0000  -45.000010813.1426   16.4710
   -7.5000   22.5000  -45.000010064.3311   16.5558
    0.0000   22.5000  -45.000010479.2441   16.5145
    7.5000   22.5000  -45.0000 9973.3359   16.4777
   -7.5000   30.0000  -45.0000 9226.8555   16.3239
    0.0000   30.0000  -45.0000 9607.7598   16.2837
    7.5000   30.0000  -45.0000 9133.5762   16.2453
   -7.5000   37.5000  -45.0000 8775.5400   16.3068
    0.0000   37.5000  -45.0000 9125.1367   16.2653
    7.5000   37.5000  -45.0000 8672.0000   16.2207
   -7.5000   45.0000  -45.0000 8020.6562   15.8916
    0.0000   45.0000  -45.0000 8329.7217   15.8498
    7.5000   45.0000  -45.0000 7909.1230   15.8024
   -7.5000  -45.0000  -37.5000 8754.9502   16.5627
    0.0000  -45.0000  -37.5000 9164.0947   16.5302
    7.5000  -45.0000  -37.5000 8737.2930   16.4817
   -7.5000  -37.5000  -37.5000 9313.0791   16.5370
    0.0000  -37.5000  -37.5000 9746.2803   16.5047
    7.5000  -37.5000  -37.5000 9284.4463   16.4611
   -7.5000  -30.0000  -37.500010095.5840   16.5522
    0.0000  -30.0000  -37.500010568.6211   16.5196
    7.5000  -30.0000  -37.500010079.9971   16.4839
   -7.5000  -22.5000  -37.500010838.1738   16.5610
    0.0000  -22.5000  -37.500011357.0205   16.5289
    7.5000  -22.5000  -37.500010797.9531   16.4962
   -7.5000  -15.0000  -37.500011505.6680   16.5524
    0.0000  -15.0000  -37.500012058.1328   16.5216
    7.5000  -15.0000  -37.500011452.6465   16.4843
   -7.5000   -7.5000  -37.500012083.3018   16.5361
    0.0000   -7.5000  -37.500012664.2998   16.5043
    7.5000   -7.5000  -37.500012020.3828   16.4591
   -7.5000    0.0000  -37.500012606.6758   16.5295
    0.0000    0.0000  -37.500013179.2002   16.4967
    7.5000    0.0000  -37.500012513.8477   16.4480
   -7.5000    7.5000  -37.500012139.9805   16.5369
    0.0000    7.5000  -37.500012638.2178   16.5046
    7.5000    7.5000  -37.500012028.7646   16.4611
   -7.5000   15.0000  -37.500011580.9814   16.5522
    0.0000   15.0000  -37.500012062.2441   16.5196
    7.5000   15.0000  -37.500011457.2646   16.4839
   -7.5000   22.5000  -37.500010699.0967   16.5587
    0.0000   22.5000  -37.500011157.3447   16.5266
    7.5000   22.5000  -37.500010579.0918   16.4939
   -7.5000   30.0000  -37.5000 9752.0488   16.3319
    0.0000   30.0000  -37.500010176.3320   16.3014
    7.5000   30.0000  -37.5000 9648.3223   16.2646
   -7.5000   37.5000  -37.5000 9247.1914   16.3158
    0.0000   37.5000  -37.5000 9633.8496   16.2844
    7.5000   37.5000  -37.5000 9146.8027   16.2398
   -7.5000   45.0000  -37.5000 8399.3701   15.8951
    0.0000   45.0000  -37.5000 8736.1689   15.8635
    7.5000   45.0000  -37.5000 8303.7725   15.8168
   -7.5000  -45.0000  -30.0000 9485.6592   17.2482
    0.0000  -45.0000  -30.0000 9942.2236   17.2143
    7.5000  -45.0000  -30.0000 9482.0596   17.1644
   -7.5000  -37.5000  -30.000010061.6328   17.2182
    0.0000  -37.5000  -30.000010565.4014   17.1865
    7.5000  -37.5000  -30.000010062.1631   17.1452
   -7.5000  -30.0000  -30.000010905.8828   17.2394
    0.0000  -30.0000  -30.000011451.6416   17.2089
    7.5000  -30.0000  -30.000010889.6025   17.1757
   -7.5000  -22.5000  -30.000011664.3242   17.2570
    0.0000  -22.5000  -30.000012266.6650   17.2265
    7.5000  -22.5000  -30.000011626.6787   17.1922
   -7.5000  -15.0000  -30.000012366.8486   17.2536
    0.0000  -15.0000  -30.000013017.9053   17.2231
    7.5000  -15.0000  -30.000012298.3271   17.1803
   -7.5000   -7.5000  -30.000013027.2969   17.2316
    0.0000   -7.5000  -30.000013689.3359   17.1986
    7.5000   -7.5000  -30.000012919.8701   17.1481
   -7.5000    0.0000  -30.000013581.7832   17.2139
    0.0000    0.0000  -30.000014237.8096   17.1797
    7.5000    0.0000  -30.000013486.4639   17.1297
   -7.5000    7.5000  -30.000013044.4307   17.2182
    0.0000    7.5000  -30.000013614.0547   17.1865
    7.5000    7.5000  -30.000012920.1338   17.1451
   -7.5000   15.0000  -30.000012430.0781   17.2394
    0.0000   15.0000  -30.000012980.3457   17.2089
    7.5000   15.0000  -30.000012292.5820   17.1757
   -7.5000   22.5000  -30.000011480.7168   17.2528
    0.0000   22.5000  -30.000012000.8252   17.2224
    7.5000   22.5000  -30.000011358.9521   17.1881
   -7.5000   30.0000  -30.000010443.7734   17.0253
    0.0000   30.0000  -30.000010916.6836   16.9952
    7.5000   30.0000  -30.000010338.7246   16.9529
   -7.5000   37.5000  -30.0000 9881.0039   17.0036
    0.0000   37.5000  -30.000010311.9316   16.9710
    7.5000   37.5000  -30.0000 9776.1758   16.9212
   -7.5000   45.0000  -30.0000 8949.0283   16.5654
    0.0000   45.0000  -30.0000 9301.3174   16.5324
    7.5000   45.0000  -30.0000 8825.3750   16.4843
   -7.5000  -45.0000  -22.500010186.9932   17.8201
    0.0000  -45.0000  -22.500010707.6670   17.7703
    7.5000  -45.0000  -22.500010213.8076   17.7187
   -7.5000  -37.5000  -22.500010764.3359   17.7912
    0.0000  -37.5000  -22.500011333.6924   17.7458
    7.5000  -37.5000  -22.500010779.7080   17.7038
   -7.5000  -30.0000  -22.500011628.2031   17.8182
    0.0000  -30.0000  -22.500012235.7383   17.7769
    7.5000  -30.0000  -22.500011626.7979   17.7418
   -7.5000  -22.5000  -22.500012429.2354   17.8409
    0.0000  -22.5000  -22.500013089.6758   17.7999
    7.5000  -22.5000  -22.500012406.8398   17.7602
   -7.5000  -15.0000  -22.500013215.1143   17.8383
    0.0000  -15.0000  -22.500013899.2871   17.7950
    7.5000  -15.0000  -22.500013132.5742   17.7448
   -7.5000   -7.5000  -22.500013962.1494   17.8088
    0.0000   -7.5000  -22.500014710.1699   17.7606
    7.5000   -7.5000  -22.500013865.0615   17.7051
   -7.5000    0.0000  -22.500014553.0566   17.7845
    0.0000    0.0000  -22.500015316.4268   17.7344
    7.5000    0.0000  -22.500014449.4199   17.6827
   -7.5000    7.5000  -22.500013887.4121   17.7912
    0.0000    7.5000  -22.500014568.0264   17.7457
    7.5000    7.5000  -22.500013767.1885   17.7038
   -7.5000   15.0000  -22.500013192.5068   17.8182
    0.0000   15.0000  -22.500013839.9287   17.7769
    7.5000   15.0000  -22.500013057.0264   17.7418
   -7.5000   22.5000  -22.500012199.8750   17.8354
    0.0000   22.5000  -22.500012813.0527   17.7944
    7.5000   22.5000  -22.500012072.6426   17.7547
   -7.5000   30.0000  -22.500011134.8213   17.6050
    0.0000   30.0000  -22.500011657.1201   17.5622
    7.5000   30.0000  -22.500011002.3525   17.5126
   -7.5000   37.5000  -22.500010530.8271   17.5759
    0.0000   37.5000  -22.500011002.7754   17.5283
    7.5000   37.5000  -22.500010392.4980   17.4735
   -7.5000   45.0000  -22.5000 9493.2686   17.1273
    0.0000   45.0000  -22.5000 9882.0732   17.0791
    7.5000   45.0000  -22.5000 9359.7295   17.0293
   -7.5000  -45.0000  -15.000010897.6309   18.2292
    0.0000  -45.0000  -15.000011437.3887   18.1639
    7.5000  -45.0000  -15.000010904.4824   18.1111
   -7.5000  -37.5000  -15.000011472.3604   18.2068
    0.0000  -37.5000  -15.000012050.4092   18.1462
    7.5000  -37.5000  -15.000011463.1436   18.1002
   -7.5000  -30.0000  -15.000012366.8398   18.2367
    0.0000  -30.0000  -15.000012977.2061   18.1824
    7.5000  -30.0000  -15.000012353.4893   18.1410
   -7.5000  -22.5000  -15.000013230.0098   18.2565
    0.0000  -22.5000  -15.000013872.9561   18.2033
    7.5000  -22.5000  -15.000013177.8271   18.1579
   -7.5000  -15.0000  -15.000014047.4336   18.2483
    0.0000  -15.0000  -15.000014749.6416   18.1915
    7.5000  -15.0000  -15.000013949.5771   18.1379
   -7.5000   -7.5000  -15.000014828.4541   18.2141
    0.0000   -7.5000  -15.000015603.4053   18.1513
    7.5000   -7.5000  -15.000014730.5332   18.0948
   -7.5000    0.0000  -15.000015439.6260   18.1924
    0.0000    0.0000  -15.000016248.8926   18.1269
    7.5000    0.0000  -15.000015323.3906   18.0740
   -7.5000    7.5000  -15.000014695.1025   18.2068
    0.0000    7.5000  -15.000015422.7168   18.1461
    7.5000    7.5000  -15.000014559.3027   18.1001
   -7.5000   15.0000  -15.000013956.5918   18.2367
    0.0000   15.0000  -15.000014632.0049   18.1824
    7.5000   15.0000  -15.000013781.1357   18.1410
   -7.5000   22.5000  -15.000012899.7412   18.2500
    0.0000   22.5000  -15.000013555.1201   18.1968
    7.5000   22.5000  -15.000012734.3662   18.1514
   -7.5000   30.0000  -15.000011739.1553   18.0122
    0.0000   30.0000  -15.000012339.9023   17.9560
    7.5000   30.0000  -15.000011590.1348   17.9031
   -7.5000   37.5000  -15.000011123.2051   17.9784
    0.0000   37.5000  -15.000011632.7383   17.9164
    7.5000   37.5000  -15.000010945.8350   17.8606
   -7.5000   45.0000  -15.000010038.3125   17.5308
    0.0000   45.0000  -15.000010469.6357   17.4676
    7.5000   45.0000  -15.0000 9878.1484   17.4167
   -7.5000  -45.0000   -7.500011632.7725   18.4576
    0.0000  -45.0000   -7.500012198.1250   18.3945
    7.5000  -45.0000   -7.500011629.7861   18.3403
   -7.5000  -37.5000   -7.500012229.0996   18.4384
    0.0000  -37.5000   -7.500012800.2559   18.3778
    7.5000  -37.5000   -7.500012216.6475   18.3265
   -7.5000  -30.0000   -7.500013196.6709   18.4628
    0.0000  -30.0000   -7.500013793.3096   18.4068
    7.5000  -30.0000   -7.500013166.5859   18.3599
   -7.5000  -22.5000   -7.500014082.0664   18.4731
    0.0000  -22.5000   -7.500014678.5078   18.4187
    7.5000  -22.5000   -7.500014035.5850   18.3723
   -7.5000  -15.0000   -7.500014911.6260   18.4586
    0.0000  -15.0000   -7.500015551.5713   18.4021
    7.5000  -15.0000   -7.500014831.3350   18.3520
   -7.5000   -7.5000   -7.500015708.5430   18.4299
    0.0000   -7.5000   -7.500016475.7734   18.3691
    7.5000   -7.5000   -7.500015634.8838   18.3155
   -7.5000    0.0000   -7.500016370.4395   18.4200
    0.0000    0.0000   -7.500017144.4180   18.3567
    7.5000    0.0000   -7.500016266.2334   18.3024
   -7.5000    7.5000   -7.500015536.3672   18.4384
    0.0000    7.5000   -7.500016251.9473   18.3777
    7.5000    7.5000   -7.500015417.2236   18.3265
   -7.5000   15.0000   -7.500014721.7021   18.4628
    0.0000   15.0000   -7.500015365.4189   18.4068
    7.5000   15.0000   -7.500014527.4707   18.3599
   -7.5000   22.5000   -7.500013578.4561   18.4646
    0.0000   22.5000   -7.500014207.7676   18.4102
    7.5000   22.5000   -7.500013403.1934   18.3638
   -7.5000   30.0000   -7.500012365.2549   18.2192
    0.0000   30.0000   -7.500012975.3154   18.1634
    7.5000   30.0000   -7.500012204.8760   18.1140
   -7.5000   37.5000   -7.500011696.6230   18.1909
    0.0000   37.5000   -7.500012240.6611   18.1309
    7.5000   37.5000   -7.500011525.6992   18.0780
   -7.5000   45.0000   -7.500010555.6680   17.7534
    0.0000   45.0000   -7.500011041.0996   17.6924
    7.5000   45.0000   -7.500010392.8701   17.6401
   -7.5000  -45.0000    0.000012284.6514   18.5265
    0.0000  -45.0000    0.000012873.0801   18.4779
    7.5000  -45.0000    0.000012295.6602   18.4228
   -7.5000  -37.5000    0.000012915.1670   18.5035
    0.0000  -37.5000    0.000013517.1055   18.4549
    7.5000  -37.5000    0.000012930.6299   18.4023
   -7.5000  -30.0000    0.000013928.1904   18.5200
    0.0000  -30.0000    0.000014538.9619   18.4723
    7.5000  -30.0000    0.000013901.8584   18.4266
   -7.5000  -22.5000    0.000014873.8281   18.5247
    0.0000  -22.5000    0.000015510.4688   18.4783
    7.5000  -22.5000    0.000014821.0273   18.4369
   -7.5000  -15.0000    0.000015764.6260   18.5097
    0.0000  -15.0000    0.000016422.8086   18.4639
    7.5000  -15.0000    0.000015723.7578   18.4203
   -7.5000   -7.5000    0.000016616.7363   18.4904
    0.0000   -7.5000    0.000017359.7246   18.4431
    7.5000   -7.5000    0.000016607.8066   18.3925
   -7.5000    0.0000    0.000017292.2188   18.4889
    0.0000    0.0000    0.000018046.2109   18.4400
    7.5000    0.0000    0.000017249.1934   18.3848
   -7.5000    7.5000    0.000016348.7178   18.5035
    0.0000    7.5000    0.000017040.8730   18.4548
    7.5000    7.5000    0.000016285.3887   18.4022
   -7.5000   15.0000    0.000015410.0498   18.5200
    0.0000   15.0000    0.000016017.7490   18.4723
    7.5000   15.0000    0.000015250.8799   18.4266
   -7.5000   22.5000    0.000014182.9258   18.5161
    0.0000   22.5000    0.000014780.0713   18.4698
    7.5000   22.5000    0.000014045.0332   18.4284
   -7.5000   30.0000    0.000012935.5488   18.2702
    0.0000   30.0000    0.000013510.1572   18.2250
    7.5000   30.0000    0.000012831.3008   18.1819
   -7.5000   37.5000    0.000012225.4795   18.2511
    0.0000   37.5000    0.000012771.4883   18.2044
    7.5000   37.5000    0.000012105.4834   18.1545
   -7.5000   45.0000    0.000011034.7842   17.8211
    0.0000   45.0000    0.000011522.8174   17.7740
    7.5000   45.0000    0.000010903.0244   17.7208
   -7.5000  -45.0000    7.500011978.2500   18.5341
    0.0000  -45.0000    7.500012547.3994   18.4977
    7.5000  -45.0000    7.500012000.2100   18.4435
   -7.5000  -37.5000    7.500012566.5947   18.5053
    0.0000  -37.5000    7.500013123.5938   18.4692
    7.5000  -37.5000    7.500012589.3730   18.4205
   -7.5000  -30.0000    7.500013581.8750   18.5224
    0.0000  -30.0000    7.500014183.8066   18.4859
    7.5000  -30.0000    7.500013570.0801   18.4460
   -7.5000  -22.5000    7.500014427.1230   18.5322
    0.0000  -22.5000    7.500014993.1396   18.4963
    7.5000  -22.5000    7.500014442.6357   18.4597
   -7.5000  -15.0000    7.500015170.3291   18.5226
    0.0000  -15.0000    7.500015774.8281   18.4881
    7.5000  -15.0000    7.500015266.3770   18.4464
   -7.5000   -7.5000    7.500016027.1338   18.5044
    0.0000   -7.5000    7.500016692.9414   18.4688
    7.5000   -7.5000    7.500016116.2607   18.4182
   -7.5000    0.0000    7.500016709.1074   18.4969
    0.0000    0.0000    7.500017350.4883   18.4602
    7.5000    0.0000    7.500016749.6855   18.4058
   -7.5000    7.5000    7.500015765.0918   18.5053
    0.0000    7.5000    7.500016350.0186   18.4691
    7.5000    7.5000    7.500015806.4941   18.4204
   -7.5000   15.0000    7.500014790.1738   18.5224
    0.0000   15.0000    7.500015305.0283   18.4859
    7.5000   15.0000    7.500014775.9912   18.4460
   -7.5000   22.5000    7.500013626.6475   18.5237
    0.0000   22.5000    7.500014111.3828   18.4877
    7.5000   22.5000    7.500013596.6553   18.4512
   -7.5000   30.0000    7.500012448.6123   18.2829
    0.0000   30.0000    7.500012953.6543   18.2488
    7.5000   30.0000    7.500012416.4873   18.2077
   -7.5000   37.5000    7.500011801.5439   18.2649
    0.0000   37.5000    7.500012300.0576   18.2297
    7.5000   37.5000    7.500011732.2568   18.1798
   -7.5000   45.0000    7.500010615.8291   17.8289
    0.0000   45.0000    7.500011083.9805   17.7935
    7.5000   45.0000    7.500010513.9561   17.7411
   -7.5000  -45.0000   15.000011516.2803   18.5218
    0.0000  -45.0000   15.000012057.9502   18.4853
    7.5000  -45.0000   15.000011526.8857   18.4318
   -7.5000  -37.5000   15.000012111.8701   18.4895
    0.0000  -37.5000   15.000012672.6660   18.4555
    7.5000  -37.5000   15.000012105.6914   18.4111
   -7.5000  -30.0000   15.000013098.7871   18.5122
    0.0000  -30.0000   15.000013716.3057   18.4795
    7.5000  -30.0000   15.000013063.9336   18.4439
   -7.5000  -22.5000   15.000013867.4404   18.5312
    0.0000  -22.5000   15.000014393.7783   18.4985
    7.5000  -22.5000   15.000013892.8398   18.4616
   -7.5000  -15.0000   15.000014510.8262   18.5275
    0.0000  -15.0000   15.000015067.0342   18.4948
    7.5000  -15.0000   15.000014627.2891   18.4488
   -7.5000   -7.5000   15.000015348.1572   18.5039
    0.0000   -7.5000   15.000015944.8076   18.4684
    7.5000   -7.5000   15.000015462.4775   18.4143
   -7.5000    0.0000   15.000016045.9541   18.4849
    0.0000    0.0000   15.000016640.8711   18.4481
    7.5000    0.0000   15.000016162.0547   18.3945
   -7.5000    7.5000   15.000015175.4863   18.4895
    0.0000    7.5000   15.000015730.8984   18.4555
    7.5000    7.5000   15.000015278.9795   18.4111
   -7.5000   15.0000   15.000014182.1426   18.5122
    0.0000   15.0000   15.000014681.1260   18.4795
    7.5000   15.0000   15.000014204.1523   18.4439
   -7.5000   22.5000   15.000013108.5645   18.5226
    0.0000   22.5000   15.000013548.8838   18.4899
    7.5000   22.5000   15.000013035.5361   18.4531
   -7.5000   30.0000   15.000011979.3691   18.2877
    0.0000   30.0000   15.000012404.3779   18.2554
    7.5000   30.0000   15.000011896.9971   18.2100
   -7.5000   37.5000   15.000011347.2695   18.2645
    0.0000   37.5000   15.000011742.2861   18.2294
    7.5000   37.5000   15.000011232.6396   18.1760
   -7.5000   45.0000   15.000010189.1377   17.8173
    0.0000   45.0000   15.000010568.8750   17.7819
    7.5000   45.0000   15.000010070.2158   17.7301
   -7.5000  -45.0000   22.500010968.8291   18.4987
    0.0000  -45.0000   22.500011483.2344   18.4470
    7.5000  -45.0000   22.500010962.8320   18.3934
   -7.5000  -37.5000   22.500011542.5840   18.4687
    0.0000  -37.5000   22.500012082.3682   18.4215
    7.5000  -37.5000   22.500011535.3320   18.3780
   -7.5000  -30.0000   22.500012455.7441   18.4967
    0.0000  -30.0000   22.500013022.6221   18.4539
    7.5000  -30.0000   22.500012428.7217   18.4174
   -7.5000  -22.5000   22.500013262.1104   18.5202
    0.0000  -22.5000   22.500013791.1680   18.4777
    7.5000  -22.5000   22.500013262.8740   18.4365
   -7.5000  -15.0000   22.500013990.1201   18.5176
    0.0000  -15.0000   22.500014457.9922   18.4726
    7.5000  -15.0000   22.500014049.0723   18.4205
   -7.5000   -7.5000   22.500014768.4336   18.4870
    0.0000   -7.5000   22.500015225.2217   18.4369
    7.5000   -7.5000   22.500014828.8232   18.3793
   -7.5000    0.0000   22.500015466.3438   18.4617
    0.0000    0.0000   22.500015960.7373   18.4097
    7.5000    0.0000   22.500015494.8643   18.3560
   -7.5000    7.5000   22.500014632.4424   18.4687
    0.0000    7.5000   22.500015145.6826   18.4215
    7.5000    7.5000   22.500014635.0137   18.3779
   -7.5000   15.0000   22.500013590.6455   18.4967
    0.0000   15.0000   22.500014061.3955   18.4539
    7.5000   15.0000   22.500013536.1152   18.4174
   -7.5000   22.5000   22.500012525.1094   18.5117
    0.0000   22.5000   22.500012961.7354   18.4692
    7.5000   22.5000   22.500012431.6650   18.4280
   -7.5000   30.0000   22.500011434.1719   18.2779
    0.0000   30.0000   22.500011828.7705   18.2335
    7.5000   30.0000   22.500011321.1025   18.1821
   -7.5000   37.5000   22.500010798.7119   18.2477
    0.0000   37.5000   22.500011176.9131   18.1983
    7.5000   37.5000   22.500010658.8066   18.1415
   -7.5000   45.0000   22.5000 9670.7324   17.7950
    0.0000   45.0000   22.500010033.4854   17.7449
    7.5000   45.0000   22.5000 9553.9492   17.6931
   -7.5000  -45.0000   30.000010294.1494   18.4845
    0.0000  -45.0000   30.000010805.4189   18.4183
    7.5000  -45.0000   30.000010273.1348   18.3647
   -7.5000  -37.5000   30.000010844.4160   18.4619
    0.0000  -37.5000   30.000011377.1426   18.4004
    7.5000  -37.5000   30.000010829.0439   18.3537
   -7.5000  -30.0000   30.000011725.2656   18.4922
    0.0000  -30.0000   30.000012271.3330   18.4372
    7.5000  -30.0000   30.000011692.9512   18.3951
   -7.5000  -22.5000   30.000012544.1484   18.5123
    0.0000  -22.5000   30.000013096.3535   18.4583
    7.5000  -22.5000   30.000012495.9395   18.4122
   -7.5000  -15.0000   30.000013301.9277   18.5039
    0.0000  -15.0000   30.000013879.7627   18.4463
    7.5000  -15.0000   30.000013239.2002   18.3919
   -7.5000   -7.5000   30.000014001.1484   18.4692
    0.0000   -7.5000   30.000014638.6611   18.4055
    7.5000   -7.5000   30.000013931.6396   18.3481
   -7.5000    0.0000   30.000014594.1982   18.4471
    0.0000    0.0000   30.000015231.4404   18.3807
    7.5000    0.0000   30.000014504.6934   18.3271
   -7.5000    7.5000   30.000013798.2012   18.4618
    0.0000    7.5000   30.000014394.7363   18.4003
    7.5000    7.5000   30.000013723.1533   18.3536
   -7.5000   15.0000   30.000012830.7881   18.4922
    0.0000   15.0000   30.000013335.5469   18.4372
    7.5000   15.0000   30.000012730.5664   18.3951
   -7.5000   22.5000   30.000011836.3223   18.5037
    0.0000   22.5000   30.000012298.3604   18.4498
    7.5000   22.5000   30.000011733.5713   18.4038
   -7.5000   30.0000   30.000010806.6309   18.2645
    0.0000   30.0000   30.000011207.9814   18.2076
    7.5000   30.0000   30.000010683.9023   18.1539
   -7.5000   37.5000   30.000010164.3506   18.2301
    0.0000   37.5000   30.000010549.9355   18.1673
    7.5000   37.5000   30.000010027.2021   18.1107
   -7.5000   45.0000   30.0000 9088.0625   17.7809
    0.0000   45.0000   30.0000 9429.4746   17.7169
    7.5000   45.0000   30.0000 8978.9072   17.6652
   -7.5000  -45.0000   37.5000 9991.8428   18.6409
    0.0000  -45.0000   37.500010482.6211   18.5776
    7.5000  -45.0000   37.5000 9977.3066   18.5221
   -7.5000  -37.5000   37.500010563.5068   18.6211
    0.0000  -37.5000   37.500011101.1973   18.5603
    7.5000  -37.5000   37.500010529.5254   18.5078
   -7.5000  -30.0000   37.500011472.6270   18.6461
    0.0000  -30.0000   37.500012052.3066   18.5899
    7.5000  -30.0000   37.500011399.8584   18.5419
   -7.5000  -22.5000   37.500012252.7471   18.6568
    0.0000  -22.5000   37.500012835.1895   18.6023
    7.5000  -22.5000   37.500012159.6738   18.5548
   -7.5000  -15.0000   37.500012952.2021   18.6422
    0.0000  -15.0000   37.500013558.8223   18.5856
    7.5000  -15.0000   37.500012842.8633   18.5343
   -7.5000   -7.5000   37.500013593.1895   18.6130
    0.0000   -7.5000   37.500014217.0186   18.5520
    7.5000   -7.5000   37.500013479.9209   18.4970
   -7.5000    0.0000   37.500014176.3613   18.6026
    0.0000    0.0000   37.500014790.1543   18.5391
    7.5000    0.0000   37.500014073.3184   18.4835
   -7.5000    7.5000   37.500013433.6367   18.6211
    0.0000    7.5000   37.500014015.6162   18.5603
    7.5000    7.5000   37.500013341.0059   18.5078
   -7.5000   15.0000   37.500012511.4561   18.6461
    0.0000   15.0000   37.500013001.3643   18.5899
    7.5000   15.0000   37.500012401.4385   18.5419
   -7.5000   22.5000   37.500011559.4551   18.6482
    0.0000   22.5000   37.500012003.6260   18.5937
    7.5000   22.5000   37.500011438.7666   18.5462
   -7.5000   30.0000   37.500010541.8965   18.4010
    0.0000   30.0000   37.500010957.9707   18.3450
    7.5000   30.0000   37.500010418.0195   18.2944
   -7.5000   37.5000   37.5000 9902.2520   18.3721
    0.0000   37.5000   37.500010302.9648   18.3119
    7.5000   37.5000   37.5000 9771.8818   18.2576
   -7.5000   45.0000   37.5000 8852.8848   17.9308
    0.0000   45.0000   37.5000 9201.7549   17.8696
    7.5000   45.0000   37.5000 8736.5049   17.8159
   -7.5000  -45.0000   45.0000 9240.2412   18.8052
    0.0000  -45.0000   45.0000 9722.5488   18.7571
    7.5000  -45.0000   45.0000 9249.2969   18.6990
   -7.5000  -37.5000   45.0000 9740.8008   18.7818
    0.0000  -37.5000   45.000010252.2090   18.7337
    7.5000  -37.5000   45.0000 9736.2100   18.6783
   -7.5000  -30.0000   45.000010531.8975   18.7959
    0.0000  -30.0000   45.000011092.7305   18.7488
    7.5000  -30.0000   45.000010507.8633   18.7004
   -7.5000  -22.5000   45.000011255.1162   18.7974
    0.0000  -22.5000   45.000011844.5674   18.7515
    7.5000  -22.5000   45.000011229.7334   18.7074
   -7.5000  -15.0000   45.000011902.3018   18.7814
    0.0000  -15.0000   45.000012500.7236   18.7359
    7.5000  -15.0000   45.000011855.0283   18.6894
   -7.5000   -7.5000   45.000012489.1133   18.7643
    0.0000   -7.5000   45.000013108.1484   18.7173
    7.5000   -7.5000   45.000012438.4150   18.6637
   -7.5000    0.0000   45.000013039.3926   18.7662
    0.0000    0.0000   45.000013641.9863   18.7179
    7.5000    0.0000   45.000012991.1641   18.6596
   -7.5000    7.5000   45.000012423.0850   18.7818
    0.0000    7.5000   45.000013010.2100   18.7337
    7.5000    7.5000   45.000012377.1748   18.6782
   -7.5000   15.0000   45.000011562.5186   18.7959
    0.0000   15.0000   45.000012053.3008   18.7488
    7.5000   15.0000   45.000011503.3164   18.7004
   -7.5000   22.5000   45.000010689.2080   18.7887
    0.0000   22.5000   45.000011118.6309   18.7428
    7.5000   22.5000   45.000010616.6475   18.6988
   -7.5000   30.0000   45.0000 9755.0996   18.5367
    0.0000   30.0000   45.000010164.7676   18.4918
    7.5000   30.0000   45.0000 9696.5557   18.4460
   -7.5000   37.5000   45.0000 9178.7412   18.5198
    0.0000   37.5000   45.0000 9555.8916   18.4734
    7.5000   37.5000   45.0000 9102.2725   18.4205
   -7.5000   45.0000   45.0000 8197.6865   18.0967
    0.0000   45.0000   45.0000 8530.5557   18.0500
    7.5000   45.0000   45.0000 8124.7495   17.9938

---------------------------------------------------------------------
imgreg_4dfp /opt/freesurfer/average/711-2C_as_mni_average_305 /opt/freesurfer/average/711-2B_as_mni_average_305_mask talsrcimg_g11 none talsrcimg_to_711-2C_as_mni_average_305_t4 4355
---------------------------------------------------------------------

freesurfer imgreg_4dfp.c
/opt/freesurfer/average/711-2C_as_mni_average_305.4dfp.img
       256       256       256         1
  1.000000  1.000000  1.000000
orientation T byte_order littleendian
Reading image: /opt/freesurfer/average/711-2C_as_mni_average_305.4dfp.img
dimensions:      256       256       256
mmppix:       1.0000   -1.0000   -1.0000
center:     128.0000 -129.0000 -129.0000
/opt/freesurfer/average/711-2B_as_mni_average_305_mask.4dfp.img
       256       256       256         1
  1.000000  1.000000  1.000000
orientation T byte_order littleendian
Reading mask: /opt/freesurfer/average/711-2B_as_mni_average_305_mask.4dfp.img (2306576 pixels)
talsrcimg_g11.4dfp.img
       256       256       256         1
  1.000000  1.000000  1.000000
orientation T byte_order littleendian
Reading image: talsrcimg_g11.4dfp.img
dimensions:      256       256       256
mmppix:       1.0000   -1.0000   -1.0000
center:     128.0000 -129.0000 -129.0000
rotation matrix determinant  1.000000
image alignment mode   4355 decimal     1103 hex
   -7.5000  -45.0000  -45.0000 2080.6216   19.0642
    0.0000  -45.0000  -45.0000 2094.6753   18.9492
    7.5000  -45.0000  -45.0000 2083.9641   19.0355
   -7.5000  -37.5000  -45.0000 2155.4883   17.8509
    0.0000  -37.5000  -45.0000 2162.8372   17.7590
    7.5000  -37.5000  -45.0000 2150.9294   17.7959
   -7.5000  -30.0000  -45.0000 2195.0171   16.9941
    0.0000  -30.0000  -45.0000 2203.5864   16.8992
    7.5000  -30.0000  -45.0000 2185.0710   16.9384
   -7.5000  -22.5000  -45.0000 2217.1560   16.4803
    0.0000  -22.5000  -45.0000 2227.7859   16.3523
    7.5000  -22.5000  -45.0000 2207.2495   16.4504
   -7.5000  -15.0000  -45.0000 2218.8176   16.2621
    0.0000  -15.0000  -45.0000 2228.0115   16.1237
    7.5000  -15.0000  -45.0000 2214.6873   16.2512
   -7.5000   -7.5000  -45.0000 2217.1108   16.3727
    0.0000   -7.5000  -45.0000 2223.2231   16.2163
    7.5000   -7.5000  -45.0000 2208.1348   16.3789
   -7.5000    0.0000  -45.0000 2195.1682   16.8279
    0.0000    0.0000  -45.0000 2205.2097   16.7114
    7.5000    0.0000  -45.0000 2188.0359   16.8683
   -7.5000    7.5000  -45.0000 2158.1658   17.5999
    0.0000    7.5000  -45.0000 2171.2632   17.4841
    7.5000    7.5000  -45.0000 2150.6396   17.6553
   -7.5000   15.0000  -45.0000 2097.2551   18.6319
    0.0000   15.0000  -45.0000 2107.5581   18.5312
    7.5000   15.0000  -45.0000 2086.3306   18.6882
   -7.5000   22.5000  -45.0000 2023.1692   20.0455
    0.0000   22.5000  -45.0000 2034.9244   19.9418
    7.5000   22.5000  -45.0000 2013.1090   20.1787
   -7.5000   30.0000  -45.0000 1934.6635   21.9672
    0.0000   30.0000  -45.0000 1947.1045   21.8413
    7.5000   30.0000  -45.0000 1926.0621   22.1577
   -7.5000   37.5000  -45.0000 1839.8467   24.7082
    0.0000   37.5000  -45.0000 1852.9681   24.6094
    7.5000   37.5000  -45.0000 1833.8943   24.9213
   -7.5000   45.0000  -45.0000 1735.4666   28.4576
    0.0000   45.0000  -45.0000 1743.0314   28.3014
    7.5000   45.0000  -45.0000 1726.7328   28.6630
   -7.5000  -45.0000  -37.5000 2177.2031   17.5323
    0.0000  -45.0000  -37.5000 2191.3325   17.4405
    7.5000  -45.0000  -37.5000 2175.5173   17.5200
   -7.5000  -37.5000  -37.5000 2254.6694   16.3759
    0.0000  -37.5000  -37.5000 2271.6331   16.3151
    7.5000  -37.5000  -37.5000 2251.5398   16.3264
   -7.5000  -30.0000  -37.5000 2290.3003   15.5773
    0.0000  -30.0000  -37.5000 2300.0615   15.5146
    7.5000  -30.0000  -37.5000 2287.6865   15.5305
   -7.5000  -22.5000  -37.5000 2313.7041   15.1045
    0.0000  -22.5000  -37.5000 2325.2856   15.0342
    7.5000  -22.5000  -37.5000 2311.0105   15.1199
   -7.5000  -15.0000  -37.5000 2317.8274   14.9837
    0.0000  -15.0000  -37.5000 2330.8757   14.8898
    7.5000  -15.0000  -37.5000 2315.4897   14.9900
   -7.5000   -7.5000  -37.5000 2312.4382   15.0211
    0.0000   -7.5000  -37.5000 2322.8572   14.9681
    7.5000   -7.5000  -37.5000 2307.3694   15.0708
   -7.5000    0.0000  -37.5000 2291.5415   15.3981
    0.0000    0.0000  -37.5000 2305.7305   15.3319
    7.5000    0.0000  -37.5000 2280.7830   15.4354
   -7.5000    7.5000  -37.5000 2254.0820   16.0509
    0.0000    7.5000  -37.5000 2267.2263   15.9786
    7.5000    7.5000  -37.5000 2245.9524   16.0907
   -7.5000   15.0000  -37.5000 2195.5359   17.0529
    0.0000   15.0000  -37.5000 2207.0471   16.9498
    7.5000   15.0000  -37.5000 2182.6201   17.0928
   -7.5000   22.5000  -37.5000 2118.8428   18.3251
    0.0000   22.5000  -37.5000 2129.9956   18.2784
    7.5000   22.5000  -37.5000 2104.7090   18.4844
   -7.5000   30.0000  -37.5000 2019.1494   20.0709
    0.0000   30.0000  -37.5000 2032.8743   19.9653
    7.5000   30.0000  -37.5000 2010.2321   20.2342
   -7.5000   37.5000  -37.5000 1922.7623   22.5147
    0.0000   37.5000  -37.5000 1934.9229   22.4423
    7.5000   37.5000  -37.5000 1916.9562   22.6880
   -7.5000   45.0000  -37.5000 1801.9028   25.8159
    0.0000   45.0000  -37.5000 1808.3134   25.6878
    7.5000   45.0000  -37.5000 1799.3247   26.0277
   -7.5000  -45.0000  -30.0000 2303.2141   16.6566
    0.0000  -45.0000  -30.0000 2318.3459   16.5753
    7.5000  -45.0000  -30.0000 2304.2900   16.6495
   -7.5000  -37.5000  -30.0000 2386.1331   15.5259
    0.0000  -37.5000  -30.0000 2398.6758   15.4686
    7.5000  -37.5000  -30.0000 2382.7637   15.4866
   -7.5000  -30.0000  -30.0000 2428.9287   14.7619
    0.0000  -30.0000  -30.0000 2443.6382   14.7323
    7.5000  -30.0000  -30.0000 2426.7153   14.7320
   -7.5000  -22.5000  -30.0000 2451.3721   14.3418
    0.0000  -22.5000  -30.0000 2469.9878   14.3069
    7.5000  -22.5000  -30.0000 2448.2903   14.3185
   -7.5000  -15.0000  -30.0000 2461.9294   14.2202
    0.0000  -15.0000  -30.0000 2481.8669   14.1749
    7.5000  -15.0000  -30.0000 2455.6062   14.2084
   -7.5000   -7.5000  -30.0000 2459.3298   14.2674
    0.0000   -7.5000  -30.0000 2474.1392   14.2450
    7.5000   -7.5000  -30.0000 2448.0432   14.2663
   -7.5000    0.0000  -30.0000 2440.2087   14.5919
    0.0000    0.0000  -30.0000 2455.1199   14.5360
    7.5000    0.0000  -30.0000 2430.5571   14.6158
   -7.5000    7.5000  -30.0000 2401.9426   15.2255
    0.0000    7.5000  -30.0000 2415.1055   15.1844
    7.5000    7.5000  -30.0000 2393.6812   15.2664
   -7.5000   15.0000  -30.0000 2335.8979   16.1923
    0.0000   15.0000  -30.0000 2350.7361   16.1424
    7.5000   15.0000  -30.0000 2328.1499   16.2560
   -7.5000   22.5000  -30.0000 2248.9092   17.4330
    0.0000   22.5000  -30.0000 2263.6741   17.3986
    7.5000   22.5000  -30.0000 2242.5486   17.5325
   -7.5000   30.0000  -30.0000 2142.7087   19.0586
    0.0000   30.0000  -30.0000 2156.5920   19.0172
    7.5000   30.0000  -30.0000 2134.0959   19.1947
   -7.5000   37.5000  -30.0000 2037.4095   21.3159
    0.0000   37.5000  -30.0000 2054.3113   21.2734
    7.5000   37.5000  -30.0000 2032.5906   21.4809
   -7.5000   45.0000  -30.0000 1906.2313   24.3636
    0.0000   45.0000  -30.0000 1915.4302   24.2700
    7.5000   45.0000  -30.0000 1899.2803   24.5450
   -7.5000  -45.0000  -22.5000 2403.8433   15.7528
    0.0000  -45.0000  -22.5000 2417.9785   15.6829
    7.5000  -45.0000  -22.5000 2404.3303   15.7029
   -7.5000  -37.5000  -22.5000 2486.3279   14.5979
    0.0000  -37.5000  -22.5000 2503.6611   14.5773
    7.5000  -37.5000  -22.5000 2487.8635   14.5667
   -7.5000  -30.0000  -22.5000 2532.8022   13.8727
    0.0000  -30.0000  -22.5000 2553.0278   13.8550
    7.5000  -30.0000  -22.5000 2532.7937   13.8589
   -7.5000  -22.5000  -22.5000 2560.3352   13.4643
    0.0000  -22.5000  -22.5000 2584.1077   13.4219
    7.5000  -22.5000  -22.5000 2558.6450   13.4317
   -7.5000  -15.0000  -22.5000 2588.6167   13.3387
    0.0000  -15.0000  -22.5000 2612.1812   13.2623
    7.5000  -15.0000  -22.5000 2578.3538   13.2623
   -7.5000   -7.5000  -22.5000 2592.6548   13.4355
    0.0000   -7.5000  -22.5000 2614.9666   13.4168
    7.5000   -7.5000  -22.5000 2584.6357   13.4145
   -7.5000    0.0000  -22.5000 2571.5276   13.7896
    0.0000    0.0000  -22.5000 2598.5000   13.7381
    7.5000    0.0000  -22.5000 2563.2544   13.7843
   -7.5000    7.5000  -22.5000 2528.5527   14.3932
    0.0000    7.5000  -22.5000 2549.6763   14.3407
    7.5000    7.5000  -22.5000 2519.7539   14.3992
   -7.5000   15.0000  -22.5000 2454.3901   15.2892
    0.0000   15.0000  -22.5000 2474.9707   15.2410
    7.5000   15.0000  -22.5000 2444.4231   15.3100
   -7.5000   22.5000  -22.5000 2358.8035   16.4734
    0.0000   22.5000  -22.5000 2378.0811   16.4311
    7.5000   22.5000  -22.5000 2350.4697   16.5431
   -7.5000   30.0000  -22.5000 2245.7827   18.0109
    0.0000   30.0000  -22.5000 2254.7080   17.9369
    7.5000   30.0000  -22.5000 2238.3542   18.0814
   -7.5000   37.5000  -22.5000 2127.1482   20.1163
    0.0000   37.5000  -22.5000 2139.0369   20.0431
    7.5000   37.5000  -22.5000 2120.6677   20.2068
   -7.5000   45.0000  -22.5000 1989.2411   22.9946
    0.0000   45.0000  -22.5000 1998.9182   22.8613
    7.5000   45.0000  -22.5000 1982.5496   23.0663
   -7.5000  -45.0000  -15.0000 2465.7878   15.0030
    0.0000  -45.0000  -15.0000 2478.6125   14.8897
    7.5000  -45.0000  -15.0000 2466.5176   14.9390
   -7.5000  -37.5000  -15.0000 2556.5601   13.8636
    0.0000  -37.5000  -15.0000 2572.2639   13.7804
    7.5000  -37.5000  -15.0000 2554.7358   13.8007
   -7.5000  -30.0000  -15.0000 2618.8096   13.0900
    0.0000  -30.0000  -15.0000 2634.3721   13.0321
    7.5000  -30.0000  -15.0000 2617.2051   13.0648
   -7.5000  -22.5000  -15.0000 2663.5737   12.6646
    0.0000  -22.5000  -15.0000 2682.2554   12.6142
    7.5000  -22.5000  -15.0000 2657.4683   12.6491
   -7.5000  -15.0000  -15.0000 2698.0840   12.5128
    0.0000  -15.0000  -15.0000 2722.5740   12.4291
    7.5000  -15.0000  -15.0000 2686.4514   12.4661
   -7.5000   -7.5000  -15.0000 2699.7852   12.6948
    0.0000   -7.5000  -15.0000 2728.7385   12.6460
    7.5000   -7.5000  -15.0000 2688.9749   12.6573
   -7.5000    0.0000  -15.0000 2677.8982   13.0520
    0.0000    0.0000  -15.0000 2703.2109   12.9995
    7.5000    0.0000  -15.0000 2665.2529   13.0413
   -7.5000    7.5000  -15.0000 2628.5801   13.6655
    0.0000    7.5000  -15.0000 2650.8418   13.6031
    7.5000    7.5000  -15.0000 2615.3713   13.6644
   -7.5000   15.0000  -15.0000 2551.3450   14.4906
    0.0000   15.0000  -15.0000 2568.7493   14.4385
    7.5000   15.0000  -15.0000 2536.9763   14.5058
   -7.5000   22.5000  -15.0000 2446.3633   15.6340
    0.0000   22.5000  -15.0000 2458.8291   15.5592
    7.5000   22.5000  -15.0000 2432.5576   15.6397
   -7.5000   30.0000  -15.0000 2318.2368   17.1076
    0.0000   30.0000  -15.0000 2330.2234   17.0370
    7.5000   30.0000  -15.0000 2308.8494   17.1338
   -7.5000   37.5000  -15.0000 2194.2017   19.0537
    0.0000   37.5000  -15.0000 2198.7668   18.9393
    7.5000   37.5000  -15.0000 2180.3040   19.0707
   -7.5000   45.0000  -15.0000 2053.0588   21.6922
    0.0000   45.0000  -15.0000 2056.2185   21.5673
    7.5000   45.0000  -15.0000 2041.3518   21.7308
   -7.5000  -45.0000   -7.5000 2505.9473   14.4093
    0.0000  -45.0000   -7.5000 2523.4055   14.2464
    7.5000  -45.0000   -7.5000 2508.1003   14.3665
   -7.5000  -37.5000   -7.5000 2611.7922   13.2937
    0.0000  -37.5000   -7.5000 2625.9453   13.1605
    7.5000  -37.5000   -7.5000 2610.6204   13.2474
   -7.5000  -30.0000   -7.5000 2695.7124   12.5057
    0.0000  -30.0000   -7.5000 2712.5149   12.3818
    7.5000  -30.0000   -7.5000 2691.9487   12.4778
   -7.5000  -22.5000   -7.5000 2754.2690   12.0527
    0.0000  -22.5000   -7.5000 2773.1504   11.9569
    7.5000  -22.5000   -7.5000 2746.5474   12.0274
   -7.5000  -15.0000   -7.5000 2790.1316   11.8819
    0.0000  -15.0000   -7.5000 2811.5840   11.7992
    7.5000  -15.0000   -7.5000 2778.8220   11.8765
   -7.5000   -7.5000   -7.5000 2790.5864   12.0897
    0.0000   -7.5000   -7.5000 2823.2544   12.0296
    7.5000   -7.5000   -7.5000 2778.7168   12.0779
   -7.5000    0.0000   -7.5000 2767.5947   12.4422
    0.0000    0.0000   -7.5000 2795.3086   12.3995
    7.5000    0.0000   -7.5000 2749.4658   12.4359
   -7.5000    7.5000   -7.5000 2709.2744   13.0204
    0.0000    7.5000   -7.5000 2728.1438   12.9726
    7.5000    7.5000   -7.5000 2691.1589   13.0316
   -7.5000   15.0000   -7.5000 2622.7585   13.8276
    0.0000   15.0000   -7.5000 2640.6477   13.7797
    7.5000   15.0000   -7.5000 2604.5435   13.8533
   -7.5000   22.5000   -7.5000 2512.1145   14.9272
    0.0000   22.5000   -7.5000 2525.4707   14.8819
    7.5000   22.5000   -7.5000 2494.9783   14.9544
   -7.5000   30.0000   -7.5000 2378.3386   16.3518
    0.0000   30.0000   -7.5000 2393.0867   16.3007
    7.5000   30.0000   -7.5000 2364.7651   16.3795
   -7.5000   37.5000   -7.5000 2245.8809   18.1894
    0.0000   37.5000   -7.5000 2250.8965   18.1423
    7.5000   37.5000   -7.5000 2232.9973   18.2257
   -7.5000   45.0000   -7.5000 2096.2976   20.6909
    0.0000   45.0000   -7.5000 2105.9958   20.5886
    7.5000   45.0000   -7.5000 2086.4824   20.6985
   -7.5000  -45.0000    0.0000 2529.4514   13.9909
    0.0000  -45.0000    0.0000 2545.4465   13.8250
    7.5000  -45.0000    0.0000 2535.2192   13.9814
   -7.5000  -37.5000    0.0000 2646.1714   12.8682
    0.0000  -37.5000    0.0000 2662.5518   12.7280
    7.5000  -37.5000    0.0000 2648.9929   12.8736
   -7.5000  -30.0000    0.0000 2744.8682   12.1039
    0.0000  -30.0000    0.0000 2764.4993   11.9373
    7.5000  -30.0000    0.0000 2743.2046   12.0925
   -7.5000  -22.5000    0.0000 2820.7427   11.6031
    0.0000  -22.5000    0.0000 2844.4937   11.4592
    7.5000  -22.5000    0.0000 2812.8574   11.6138
   -7.5000  -15.0000    0.0000 2868.7366   11.4303
    0.0000  -15.0000    0.0000 2897.0476   11.3394
    7.5000  -15.0000    0.0000 2856.4968   11.4587
   -7.5000   -7.5000    0.0000 2871.5984   11.6141
    0.0000   -7.5000    0.0000 2912.2791   11.5710
    7.5000   -7.5000    0.0000 2862.8284   11.6281
   -7.5000    0.0000    0.0000 2834.2288   12.0056
    0.0000    0.0000    0.0000 2866.1941   11.9570
    7.5000    0.0000    0.0000 2821.1448   12.0384
   -7.5000    7.5000    0.0000 2766.5474   12.5588
    0.0000    7.5000    0.0000 2785.8972   12.5086
    7.5000    7.5000    0.0000 2753.3735   12.5951
   -7.5000   15.0000    0.0000 2671.1421   13.3495
    0.0000   15.0000    0.0000 2687.5005   13.2951
    7.5000   15.0000    0.0000 2656.3469   13.3697
   -7.5000   22.5000    0.0000 2551.6406   14.4263
    0.0000   22.5000    0.0000 2570.2375   14.3980
    7.5000   22.5000    0.0000 2537.9778   14.4704
   -7.5000   30.0000    0.0000 2423.7083   15.8295
    0.0000   30.0000    0.0000 2439.2454   15.7942
    7.5000   30.0000    0.0000 2414.1584   15.8787
   -7.5000   37.5000    0.0000 2278.0762   17.5885
    0.0000   37.5000    0.0000 2288.8845   17.5736
    7.5000   37.5000    0.0000 2272.8513   17.6786
   -7.5000   45.0000    0.0000 2128.9368   19.9393
    0.0000   45.0000    0.0000 2138.2629   19.8591
    7.5000   45.0000    0.0000 2121.1587   20.0127
   -7.5000  -45.0000    7.5000 2537.3704   13.7486
    0.0000  -45.0000    7.5000 2555.3870   13.5800
    7.5000  -45.0000    7.5000 2542.3538   13.7352
   -7.5000  -37.5000    7.5000 2656.3262   12.6127
    0.0000  -37.5000    7.5000 2678.3391   12.4522
    7.5000  -37.5000    7.5000 2665.0483   12.6354
   -7.5000  -30.0000    7.5000 2770.2449   11.8290
    0.0000  -30.0000    7.5000 2792.9417   11.6531
    7.5000  -30.0000    7.5000 2774.9353   11.8726
   -7.5000  -22.5000    7.5000 2864.3350   11.3193
    0.0000  -22.5000    7.5000 2899.5549   11.1310
    7.5000  -22.5000    7.5000 2861.3796   11.3704
   -7.5000  -15.0000    7.5000 2921.7834   11.0650
    0.0000  -15.0000    7.5000 2964.1140   10.9145
    7.5000  -15.0000    7.5000 2911.4827   11.1603
   -7.5000   -7.5000    7.5000 2931.5430   11.2264
    0.0000   -7.5000    7.5000 2972.6396   11.0820
    7.5000   -7.5000    7.5000 2922.7524   11.2993
   -7.5000    0.0000    7.5000 2877.5859   11.6623
    0.0000    0.0000    7.5000 2908.9995   11.5633
    7.5000    0.0000    7.5000 2870.5771   11.7065
   -7.5000    7.5000    7.5000 2793.8513   12.2533
    0.0000    7.5000    7.5000 2815.7173   12.1976
    7.5000    7.5000    7.5000 2790.6218   12.3073
   -7.5000   15.0000    7.5000 2693.3696   13.0570
    0.0000   15.0000    7.5000 2716.1372   12.9828
    7.5000   15.0000    7.5000 2689.3828   13.1095
   -7.5000   22.5000    7.5000 2572.3899   14.0727
    0.0000   22.5000    7.5000 2591.4592   14.0358
    7.5000   22.5000    7.5000 2563.1589   14.1657
   -7.5000   30.0000    7.5000 2437.4275   15.4126
    0.0000   30.0000    7.5000 2459.7314   15.4134
    7.5000   30.0000    7.5000 2429.7454   15.5398
   -7.5000   37.5000    7.5000 2301.0437   17.1020
    0.0000   37.5000    7.5000 2316.2791   17.1258
    7.5000   37.5000    7.5000 2297.0925   17.2524
   -7.5000   45.0000    7.5000 2147.1101   19.3493
    0.0000   45.0000    7.5000 2164.7449   19.3379
    7.5000   45.0000    7.5000 2143.5190   19.4623
   -7.5000  -45.0000   15.0000 2518.0957   13.7131
    0.0000  -45.0000   15.0000 2543.5762   13.5231
    7.5000  -45.0000   15.0000 2528.1902   13.6710
   -7.5000  -37.5000   15.0000 2645.3994   12.5884
    0.0000  -37.5000   15.0000 2676.6938   12.4022
    7.5000  -37.5000   15.0000 2655.4231   12.5768
   -7.5000  -30.0000   15.0000 2765.2461   11.7935
    0.0000  -30.0000   15.0000 2797.0125   11.5944
    7.5000  -30.0000   15.0000 2772.5320   11.8167
   -7.5000  -22.5000   15.0000 2868.5088   11.2803
    0.0000  -22.5000   15.0000 2911.9087   11.0885
    7.5000  -22.5000   15.0000 2868.3181   11.2970
   -7.5000  -15.0000   15.0000 2933.8411   10.9532
    0.0000  -15.0000   15.0000 2979.4636   10.7040
    7.5000  -15.0000   15.0000 2925.3389   11.0569
   -7.5000   -7.5000   15.0000 2944.0833   11.0948
    0.0000   -7.5000   15.0000 2983.0740   10.8925
    7.5000   -7.5000   15.0000 2938.4268   11.1689
   -7.5000    0.0000   15.0000 2891.7483   11.5577
    0.0000    0.0000   15.0000 2923.4783   11.3872
    7.5000    0.0000   15.0000 2891.6973   11.6188
   -7.5000    7.5000   15.0000 2802.8362   12.1783
    0.0000    7.5000   15.0000 2829.3547   12.0506
    7.5000    7.5000   15.0000 2801.9575   12.2276
   -7.5000   15.0000   15.0000 2696.4834   12.9542
    0.0000   15.0000   15.0000 2718.6721   12.8539
    7.5000   15.0000   15.0000 2691.3989   12.9855
   -7.5000   22.5000   15.0000 2571.9819   13.9742
    0.0000   22.5000   15.0000 2588.9133   13.8981
    7.5000   22.5000   15.0000 2560.6365   14.0189
   -7.5000   30.0000   15.0000 2443.0020   15.2652
    0.0000   30.0000   15.0000 2461.0647   15.2310
    7.5000   30.0000   15.0000 2432.8936   15.3473
   -7.5000   37.5000   15.0000 2303.3220   16.9204
    0.0000   37.5000   15.0000 2319.6914   16.8866
    7.5000   37.5000   15.0000 2297.2847   17.0307
   -7.5000   45.0000   15.0000 2144.8792   19.0978
    0.0000   45.0000   15.0000 2166.2319   19.0298
    7.5000   45.0000   15.0000 2140.7307   19.1990
   -7.5000  -45.0000   22.5000 2493.8687   13.9192
    0.0000  -45.0000   22.5000 2518.4360   13.7363
    7.5000  -45.0000   22.5000 2500.2520   13.8447
   -7.5000  -37.5000   22.5000 2623.5325   12.7674
    0.0000  -37.5000   22.5000 2654.2043   12.5766
    7.5000  -37.5000   22.5000 2630.3711   12.7384
   -7.5000  -30.0000   22.5000 2736.3740   11.9465
    0.0000  -30.0000   22.5000 2766.5728   11.7569
    7.5000  -30.0000   22.5000 2742.5188   11.9430
   -7.5000  -22.5000   22.5000 2833.9963   11.4462
    0.0000  -22.5000   22.5000 2869.4438   11.1959
    7.5000  -22.5000   22.5000 2836.2002   11.4499
   -7.5000  -15.0000   22.5000 2902.9309   11.2376
    0.0000  -15.0000   22.5000 2931.3765   10.9930
    7.5000  -15.0000   22.5000 2900.4373   11.2618
   -7.5000   -7.5000   22.5000 2920.0688   11.2753
    0.0000   -7.5000   22.5000 2948.8643   11.0579
    7.5000   -7.5000   22.5000 2916.9097   11.3255
   -7.5000    0.0000   22.5000 2872.3384   11.6458
    0.0000    0.0000   22.5000 2902.6357   11.4504
    7.5000    0.0000   22.5000 2868.7002   11.6808
   -7.5000    7.5000   22.5000 2783.3203   12.2462
    0.0000    7.5000   22.5000 2810.2751   12.0885
    7.5000    7.5000   22.5000 2781.9048   12.2578
   -7.5000   15.0000   22.5000 2676.3848   13.0372
    0.0000   15.0000   22.5000 2694.9841   12.9000
    7.5000   15.0000   22.5000 2672.4033   13.0276
   -7.5000   22.5000   22.5000 2557.0642   14.0871
    0.0000   22.5000   22.5000 2574.3120   13.9835
    7.5000   22.5000   22.5000 2550.1990   14.0932
   -7.5000   30.0000   22.5000 2425.8604   15.3729
    0.0000   30.0000   22.5000 2439.9695   15.3020
    7.5000   30.0000   22.5000 2415.1785   15.3899
   -7.5000   37.5000   22.5000 2284.8945   16.9803
    0.0000   37.5000   22.5000 2302.2874   16.9285
    7.5000   37.5000   22.5000 2277.3010   17.0043
   -7.5000   45.0000   22.5000 2129.1472   19.0130
    0.0000   45.0000   22.5000 2147.4521   18.9839
    7.5000   45.0000   22.5000 2127.4973   19.0737
   -7.5000  -45.0000   30.0000 2459.0554   14.3286
    0.0000  -45.0000   30.0000 2490.9016   14.1702
    7.5000  -45.0000   30.0000 2466.6362   14.2425
   -7.5000  -37.5000   30.0000 2583.6626   13.2107
    0.0000  -37.5000   30.0000 2616.7974   13.0531
    7.5000  -37.5000   30.0000 2591.8071   13.1581
   -7.5000  -30.0000   30.0000 2695.9246   12.3764
    0.0000  -30.0000   30.0000 2725.0093   12.2393
    7.5000  -30.0000   30.0000 2700.6018   12.3664
   -7.5000  -22.5000   30.0000 2782.9272   11.9137
    0.0000  -22.5000   30.0000 2814.4104   11.7519
    7.5000  -22.5000   30.0000 2780.7520   11.9190
   -7.5000  -15.0000   30.0000 2833.3247   11.6999
    0.0000  -15.0000   30.0000 2855.5864   11.5555
    7.5000  -15.0000   30.0000 2827.9373   11.7035
   -7.5000   -7.5000   30.0000 2843.8132   11.6930
    0.0000   -7.5000   30.0000 2871.2625   11.5688
    7.5000   -7.5000   30.0000 2839.7703   11.6749
   -7.5000    0.0000   30.0000 2806.5159   11.9919
    0.0000    0.0000   30.0000 2827.2048   11.8667
    7.5000    0.0000   30.0000 2801.5842   11.9888
   -7.5000    7.5000   30.0000 2729.4421   12.5315
    0.0000    7.5000   30.0000 2749.3174   12.4336
    7.5000    7.5000   30.0000 2723.0852   12.5374
   -7.5000   15.0000   30.0000 2636.3530   13.3005
    0.0000   15.0000   30.0000 2651.1123   13.1940
    7.5000   15.0000   30.0000 2628.9185   13.2935
   -7.5000   22.5000   30.0000 2523.1362   14.3198
    0.0000   22.5000   30.0000 2539.2488   14.2308
    7.5000   22.5000   30.0000 2520.7043   14.3300
   -7.5000   30.0000   30.0000 2390.6599   15.5888
    0.0000   30.0000   30.0000 2405.9478   15.5045
    7.5000   30.0000   30.0000 2384.7083   15.5871
   -7.5000   37.5000   30.0000 2251.0217   17.1688
    0.0000   37.5000   30.0000 2269.7500   17.0782
    7.5000   37.5000   30.0000 2242.5354   17.1897
   -7.5000   45.0000   30.0000 2099.8184   19.2546
    0.0000   45.0000   30.0000 2114.2776   19.1328
    7.5000   45.0000   30.0000 2090.5950   19.3454
   -7.5000  -45.0000   37.5000 2421.1533   15.1031
    0.0000  -45.0000   37.5000 2448.2891   14.9343
    7.5000  -45.0000   37.5000 2424.9407   14.9820
   -7.5000  -37.5000   37.5000 2541.6799   13.9603
    0.0000  -37.5000   37.5000 2573.0576   13.8357
    7.5000  -37.5000   37.5000 2543.3911   13.8873
   -7.5000  -30.0000   37.5000 2641.2593   13.1475
    0.0000  -30.0000   37.5000 2678.6597   13.0277
    7.5000  -30.0000   37.5000 2641.3816   13.0683
   -7.5000  -22.5000   37.5000 2707.9658   12.6035
    0.0000  -22.5000   37.5000 2744.3501   12.4680
    7.5000  -22.5000   37.5000 2703.8994   12.5326
   -7.5000  -15.0000   37.5000 2749.1970   12.3424
    0.0000  -15.0000   37.5000 2774.5752   12.2114
    7.5000  -15.0000   37.5000 2742.9136   12.2680
   -7.5000   -7.5000   37.5000 2756.3276   12.2893
    0.0000   -7.5000   37.5000 2781.7312   12.1733
    7.5000   -7.5000   37.5000 2751.5339   12.2204
   -7.5000    0.0000   37.5000 2718.6753   12.5806
    0.0000    0.0000   37.5000 2737.9705   12.4305
    7.5000    0.0000   37.5000 2717.0591   12.5335
   -7.5000    7.5000   37.5000 2655.1274   13.0784
    0.0000    7.5000   37.5000 2677.1223   12.9462
    7.5000    7.5000   37.5000 2649.3977   13.0360
   -7.5000   15.0000   37.5000 2570.6206   13.8223
    0.0000   15.0000   37.5000 2582.4683   13.7087
    7.5000   15.0000   37.5000 2562.2568   13.7948
   -7.5000   22.5000   37.5000 2471.9189   14.7796
    0.0000   22.5000   37.5000 2482.7729   14.6957
    7.5000   22.5000   37.5000 2462.5037   14.7687
   -7.5000   30.0000   37.5000 2346.3911   16.0383
    0.0000   30.0000   37.5000 2362.0515   15.9504
    7.5000   30.0000   37.5000 2337.0698   16.0370
   -7.5000   37.5000   37.5000 2211.4624   17.6269
    0.0000   37.5000   37.5000 2227.4851   17.5722
    7.5000   37.5000   37.5000 2202.0149   17.6563
   -7.5000   45.0000   37.5000 2068.1250   19.7168
    0.0000   45.0000   37.5000 2075.4983   19.6143
    7.5000   45.0000   37.5000 2057.4727   19.7698
   -7.5000  -45.0000   45.0000 2369.8069   16.2091
    0.0000  -45.0000   45.0000 2396.9041   16.0534
    7.5000  -45.0000   45.0000 2370.9399   16.0539
   -7.5000  -37.5000   45.0000 2475.3076   14.9688
    0.0000  -37.5000   45.0000 2508.2131   14.8651
    7.5000  -37.5000   45.0000 2479.9644   14.8592
   -7.5000  -30.0000   45.0000 2563.7502   14.0828
    0.0000  -30.0000   45.0000 2601.1577   13.9627
    7.5000  -30.0000   45.0000 2566.3184   13.9928
   -7.5000  -22.5000   45.0000 2626.4578   13.5177
    0.0000  -22.5000   45.0000 2655.8757   13.4106
    7.5000  -22.5000   45.0000 2624.5295   13.4245
   -7.5000  -15.0000   45.0000 2658.5752   13.1867
    0.0000  -15.0000   45.0000 2681.7139   13.0652
    7.5000  -15.0000   45.0000 2652.3176   13.0906
   -7.5000   -7.5000   45.0000 2663.9834   13.0972
    0.0000   -7.5000   45.0000 2686.2632   12.9844
    7.5000   -7.5000   45.0000 2656.6963   12.9896
   -7.5000    0.0000   45.0000 2627.2795   13.3781
    0.0000    0.0000   45.0000 2642.3135   13.2288
    7.5000    0.0000   45.0000 2623.1553   13.2962
   -7.5000    7.5000   45.0000 2575.7439   13.8285
    0.0000    7.5000   45.0000 2596.8435   13.7015
    7.5000    7.5000   45.0000 2571.5432   13.7494
   -7.5000   15.0000   45.0000 2495.6572   14.5409
    0.0000   15.0000   45.0000 2506.1028   14.4200
    7.5000   15.0000   45.0000 2489.9868   14.4802
   -7.5000   22.5000   45.0000 2404.8652   15.4851
    0.0000   22.5000   45.0000 2410.5227   15.3656
    7.5000   22.5000   45.0000 2395.2671   15.4233
   -7.5000   30.0000   45.0000 2288.1426   16.7430
    0.0000   30.0000   45.0000 2299.8142   16.6550
    7.5000   30.0000   45.0000 2283.2136   16.7414
   -7.5000   37.5000   45.0000 2160.2537   18.3450
    0.0000   37.5000   45.0000 2171.7339   18.2826
    7.5000   37.5000   45.0000 2155.6804   18.3509
   -7.5000   45.0000   45.0000 2020.1110   20.4613
    0.0000   45.0000   45.0000 2029.6848   20.3775
    7.5000   45.0000   45.0000 2013.5066   20.5304

---------------------------------------------------------------------
imgreg_4dfp /opt/freesurfer/average/711-2C_as_mni_average_305 /opt/freesurfer/average/711-2B_as_mni_average_305_mask talsrcimg_g11 none talsrcimg_to_711-2C_as_mni_average_305_t4 1283
---------------------------------------------------------------------

freesurfer imgreg_4dfp.c
/opt/freesurfer/average/711-2C_as_mni_average_305.4dfp.img
       256       256       256         1
  1.000000  1.000000  1.000000
orientation T byte_order littleendian
Reading image: /opt/freesurfer/average/711-2C_as_mni_average_305.4dfp.img
dimensions:      256       256       256
mmppix:       1.0000   -1.0000   -1.0000
center:     128.0000 -129.0000 -129.0000
/opt/freesurfer/average/711-2B_as_mni_average_305_mask.4dfp.img
       256       256       256         1
  1.000000  1.000000  1.000000
orientation T byte_order littleendian
Reading mask: /opt/freesurfer/average/711-2B_as_mni_average_305_mask.4dfp.img (2306576 pixels)
talsrcimg_g11.4dfp.img
       256       256       256         1
  1.000000  1.000000  1.000000
orientation T byte_order littleendian
Reading image: talsrcimg_g11.4dfp.img
dimensions:      256       256       256
mmppix:       1.0000   -1.0000   -1.0000
center:     128.0000 -129.0000 -129.0000
rotation matrix determinant  1.000000
fimgreg.f
image alignment mode   1283 decimal      503 hex
parameters
    0.0000   -7.5000   15.0000    0.0000    0.0000    0.0000
eta,q 0.93474 10.83566
niter,ni,del,rscale     5    3   12.0000    1.2000
parameter  2  0.918756 ->  0.500000 qaram    1.1500
parameter  3  1.213522 ->  0.500000 qaram    1.1500
parameter  4  0.662375 ->  0.500000 qaram    1.1500
parameters
   -0.2307  -10.9500   11.5500   -3.4500   -0.2297    0.4992
eta,q 0.94077 10.50178
  0.0746  0.0630  0.0635  0.0592  0.0634  0.0655
  0.0717  0.0640  0.0614  0.0591  0.0612  0.0630
  0.0691  0.0656  0.0616  0.0599  0.0597  0.0607
  0.0674  0.0670  0.0649  0.0606  0.0594  0.0593
  0.0676  0.0700  0.0672  0.0617  0.0598  0.0594
  0.0716  0.0748  0.0675  0.0645  0.0614  0.0610
  0.0772  0.0806  0.0683  0.0682  0.0643  0.0644
niter,ni,del,rscale     7    3   12.0000    1.2000
parameters
   -0.3761  -10.2389   12.0420   -3.5482    0.2408    0.8920
eta,q 0.94038 10.55438
  0.0687  0.0737  0.0712  0.0650  0.0650  0.0654
  0.0641  0.0660  0.0646  0.0606  0.0629  0.0633
  0.0607  0.0601  0.0598  0.0587  0.0609  0.0613
  0.0592  0.0593  0.0597  0.0599  0.0598  0.0598
  0.0588  0.0608  0.0613  0.0606  0.0598  0.0596
  0.0635  0.0629  0.0646  0.0615  0.0612  0.0613
  0.0714  0.0681  0.0666  0.0642  0.0642  0.0651
niter,ni,del,rscale     6    3   12.0000    1.2000
parameters
   -0.4398  -10.0826   12.0136   -3.7943    0.3982    0.9484
eta,q 0.94047 10.55671
  0.0689  0.0715  0.0696  0.0649  0.0644  0.0650
  0.0648  0.0640  0.0635  0.0603  0.0625  0.0630
  0.0616  0.0597  0.0595  0.0584  0.0606  0.0610
  0.0596  0.0597  0.0597  0.0597  0.0596  0.0596
  0.0593  0.0609  0.0619  0.0605  0.0596  0.0597
  0.0640  0.0634  0.0654  0.0617  0.0614  0.0617
  0.0710  0.0699  0.0678  0.0645  0.0647  0.0659
niter,ni,del,rscale     5    3   12.0000    1.2000
parameters
   -0.4884   -9.9527   11.9215   -4.0007    0.4638    0.9827
eta,q 0.94057 10.55869
  0.0688  0.0715  0.0694  0.0650  0.0641  0.0649
  0.0647  0.0641  0.0634  0.0604  0.0622  0.0629
  0.0615  0.0597  0.0593  0.0582  0.0604  0.0609
  0.0595  0.0596  0.0596  0.0596  0.0595  0.0594
  0.0591  0.0608  0.0618  0.0605  0.0595  0.0596
  0.0638  0.0634  0.0654  0.0617  0.0613  0.0617
  0.0707  0.0702  0.0680  0.0644  0.0646  0.0660
niter,ni,del,rscale     4    3   12.0000    1.2000
parameters
   -0.5197   -9.8651   11.8619   -4.1311    0.5094    1.0004
eta,q 0.94065 10.55984
  0.0686  0.0715  0.0694  0.0652  0.0639  0.0648
  0.0644  0.0641  0.0635  0.0605  0.0620  0.0628
  0.0613  0.0596  0.0592  0.0581  0.0603  0.0608
  0.0594  0.0595  0.0595  0.0595  0.0594  0.0594
  0.0589  0.0607  0.0615  0.0605  0.0594  0.0595
  0.0634  0.0635  0.0651  0.0616  0.0612  0.0617
  0.0704  0.0706  0.0680  0.0644  0.0645  0.0660
niter,ni,del,rscale     3    3   12.0000    1.2000
parameters
   -0.5448   -9.8130   11.8212   -4.2058    0.5371    1.0120
eta,q 0.94069 10.56067
  0.0684  0.0714  0.0694  0.0654  0.0638  0.0648
  0.0643  0.0641  0.0635  0.0607  0.0619  0.0628
  0.0612  0.0596  0.0592  0.0580  0.0603  0.0608
  0.0594  0.0594  0.0594  0.0594  0.0593  0.0593
  0.0587  0.0606  0.0614  0.0605  0.0594  0.0594
  0.0632  0.0636  0.0650  0.0616  0.0611  0.0616
  0.0702  0.0708  0.0680  0.0643  0.0645  0.0659
niter,ni,del,rscale     2    3   12.0000    1.2000
parameters
   -0.5571   -9.7872   11.7963   -4.2455    0.5495    1.0157
eta,q 0.94072 10.56106
  0.0684  0.0713  0.0694  0.0655  0.0637  0.0648
  0.0642  0.0641  0.0636  0.0608  0.0619  0.0628
  0.0611  0.0595  0.0592  0.0579  0.0602  0.0607
  0.0593  0.0593  0.0593  0.0593  0.0593  0.0593
  0.0586  0.0606  0.0613  0.0605  0.0593  0.0594
  0.0630  0.0636  0.0649  0.0616  0.0611  0.0616
  0.0701  0.0710  0.0680  0.0643  0.0645  0.0659
registration optimization eta report
parameter search radius
    6.0000    6.9000    6.9000    6.9000    6.0000    6.0000
100000*second partial in parameter space
       29.       26.       20.       13.       13.       17.
  0.0684  0.0713  0.0694  0.0655  0.0637  0.0648
  0.0642  0.0641  0.0636  0.0608  0.0619  0.0628
  0.0611  0.0595  0.0592  0.0579  0.0602  0.0607
  0.0593  0.0593  0.0593  0.0593  0.0593  0.0593
  0.0586  0.0606  0.0613  0.0605  0.0593  0.0594
  0.0630  0.0636  0.0649  0.0616  0.0611  0.0616
  0.0701  0.0710  0.0680  0.0643  0.0645  0.0659
   -0.5571   -9.7872   11.7963   -4.2455    0.5495    1.0157
eta,q 0.94072 10.56106

---------------------------------------------------------------------
imgreg_4dfp /opt/freesurfer/average/711-2C_as_mni_average_305 /opt/freesurfer/average/711-2B_as_mni_average_305_mask talsrcimg_g11 none talsrcimg_to_711-2C_as_mni_average_305_t4 3335
---------------------------------------------------------------------

freesurfer imgreg_4dfp.c
/opt/freesurfer/average/711-2C_as_mni_average_305.4dfp.img
       256       256       256         1
  1.000000  1.000000  1.000000
orientation T byte_order littleendian
Reading image: /opt/freesurfer/average/711-2C_as_mni_average_305.4dfp.img
dimensions:      256       256       256
mmppix:       1.0000   -1.0000   -1.0000
center:     128.0000 -129.0000 -129.0000
/opt/freesurfer/average/711-2B_as_mni_average_305_mask.4dfp.img
       256       256       256         1
  1.000000  1.000000  1.000000
orientation T byte_order littleendian
Reading mask: /opt/freesurfer/average/711-2B_as_mni_average_305_mask.4dfp.img (2306576 pixels)
talsrcimg_g11.4dfp.img
       256       256       256         1
  1.000000  1.000000  1.000000
orientation T byte_order littleendian
Reading image: talsrcimg_g11.4dfp.img
dimensions:      256       256       256
mmppix:       1.0000   -1.0000   -1.0000
center:     128.0000 -129.0000 -129.0000
fimgreg.f
image alignment mode   3335 decimal      D07 hex
parameters
   -0.5571   -9.7872   11.7963   -0.0203   -0.2888   -0.2790
   -1.6967   -1.0876    1.7725    7.3848    0.9591   -7.4026
eta,q 0.94032 10.71306
niter,ni,del,rscale     5    3    5.0000    1.2000
parameter  4  5.205261 ->  0.500000 qaram    1.1500
parameter  5  7.877517 ->  0.500000 qaram    1.1500
parameter  6  8.284708 ->  0.500000 qaram    1.1500
parameters
   -0.7756   -8.6774   11.6953   -4.1603   -4.4288   -4.4190
   -2.0665    0.7677   -0.2982    7.7390   -0.5318   -6.5967
eta,q 0.96038  9.98737
  0.0611  0.0611  0.0601  0.0507  0.0446  0.0339  0.0420  0.0434  0.0408  0.0421  0.0403  0.0411
  0.0602  0.0605  0.0595  0.0529  0.0474  0.0390  0.0409  0.0416  0.0400  0.0409  0.0398  0.0403
  0.0597  0.0600  0.0593  0.0557  0.0503  0.0431  0.0403  0.0406  0.0397  0.0401  0.0396  0.0398
  0.0597  0.0596  0.0594  0.0594  0.0536  0.0482  0.0401  0.0401  0.0399  0.0397  0.0396  0.0396
  0.0600  0.0594  0.0596  0.0631  0.0572  0.0531  0.0403  0.0398  0.0406  0.0397  0.0399  0.0397
  0.0607  0.0594  0.0598  0.0664  0.0605  0.0585  0.0412  0.0401  0.0418  0.0405  0.0404  0.0400
  0.0617  0.0597  0.0601  0.0698  0.0640  0.0640  0.0425  0.0411  0.0433  0.0418  0.0412  0.0405
niter,ni,del,rscale     7    3    5.0000    1.2000
parameter  4  1.008722 ->  0.500000 qaram    1.3225
parameter  5  1.726509 ->  0.500000 qaram    1.3225
parameter  6  2.094474 ->  0.500000 qaram    1.3225
parameters
   -0.3034   -9.0025   10.7533   -8.9213   -9.1898   -9.1800
   -1.0041   -0.4258   -0.3587    5.7987   -1.3570   -9.6578
eta,q 0.97867  9.69705
  0.0436  0.0410  0.0398  0.0351  0.0298  0.0200  0.0262  0.0262  0.0249  0.0245  0.0236  0.0222
  0.0416  0.0400  0.0392  0.0355  0.0308  0.0216  0.0245  0.0238  0.0234  0.0226  0.0225  0.0215
  0.0403  0.0395  0.0392  0.0367  0.0330  0.0262  0.0232  0.0224  0.0225  0.0218  0.0219  0.0213
  0.0396  0.0395  0.0395  0.0391  0.0358  0.0313  0.0225  0.0224  0.0222  0.0222  0.0218  0.0218
  0.0395  0.0399  0.0400  0.0427  0.0391  0.0367  0.0225  0.0239  0.0226  0.0238  0.0222  0.0227
  0.0401  0.0408  0.0407  0.0474  0.0432  0.0429  0.0232  0.0264  0.0235  0.0261  0.0232  0.0241
  0.0414  0.0421  0.0414  0.0519  0.0468  0.0495  0.0246  0.0294  0.0250  0.0292  0.0247  0.0257
niter,ni,del,rscale     7    3    5.0000    1.2000
parameters
   -0.3845   -8.4778   11.5190  -11.0347  -12.2341  -12.7684
   -0.5216    0.3383    0.1434    8.2742   -1.3014   -8.6318
eta,q 0.98002  9.56699
  0.0252  0.0260  0.0264  0.0245  0.0234  0.0230  0.0240  0.0261  0.0234  0.0261  0.0215  0.0223
  0.0230  0.0238  0.0240  0.0226  0.0212  0.0218  0.0224  0.0234  0.0220  0.0237  0.0207  0.0212
  0.0217  0.0222  0.0222  0.0212  0.0202  0.0205  0.0212  0.0215  0.0210  0.0219  0.0202  0.0204
  0.0213  0.0213  0.0211  0.0208  0.0209  0.0202  0.0207  0.0207  0.0206  0.0206  0.0200  0.0200
  0.0219  0.0212  0.0208  0.0224  0.0233  0.0246  0.0209  0.0208  0.0208  0.0200  0.0202  0.0200
  0.0235  0.0219  0.0212  0.0261  0.0268  0.0310  0.0218  0.0219  0.0215  0.0204  0.0206  0.0205
  0.0257  0.0232  0.0224  0.0317  0.0314  0.0387  0.0233  0.0243  0.0227  0.0218  0.0214  0.0213
niter,ni,del,rscale     6    3    5.0000    1.2000
parameters
   -0.1853   -8.5450   10.5654   -9.4230  -11.9186  -14.5829
   -0.5761    0.4938    0.1529    7.6868   -0.9194   -9.3309
eta,q 0.98030  9.55222
  0.0240  0.0230  0.0204  0.0256  0.0255  0.0239  0.0229  0.0249  0.0223  0.0229  0.0213  0.0212
  0.0219  0.0212  0.0197  0.0232  0.0228  0.0217  0.0213  0.0223  0.0209  0.0212  0.0205  0.0203
  0.0206  0.0202  0.0196  0.0212  0.0204  0.0203  0.0202  0.0205  0.0200  0.0200  0.0200  0.0198
  0.0200  0.0200  0.0199  0.0196  0.0190  0.0190  0.0198  0.0198  0.0197  0.0197  0.0197  0.0197
  0.0202  0.0204  0.0207  0.0189  0.0195  0.0200  0.0201  0.0201  0.0200  0.0203  0.0198  0.0201
  0.0211  0.0216  0.0218  0.0201  0.0217  0.0256  0.0213  0.0218  0.0209  0.0219  0.0202  0.0208
  0.0229  0.0232  0.0232  0.0233  0.0252  0.0316  0.0231  0.0247  0.0223  0.0243  0.0210  0.0219
niter,ni,del,rscale     5    3    5.0000    1.2000
parameters
   -0.1899   -8.5611    9.9479   -9.3197  -11.4672  -15.3839
   -0.6590    0.4723    0.0931    7.7372   -0.8545   -9.7665
eta,q 0.98028  9.53345
  0.0233  0.0229  0.0205  0.0247  0.0259  0.0248  0.0229  0.0246  0.0223  0.0235  0.0212  0.0214
  0.0214  0.0211  0.0198  0.0226  0.0233  0.0224  0.0213  0.0221  0.0209  0.0217  0.0204  0.0204
  0.0201  0.0200  0.0195  0.0209  0.0209  0.0206  0.0201  0.0204  0.0200  0.0203  0.0199  0.0198
  0.0197  0.0197  0.0197  0.0195  0.0195  0.0194  0.0197  0.0197  0.0197  0.0197  0.0197  0.0197
  0.0201  0.0201  0.0202  0.0196  0.0199  0.0192  0.0201  0.0202  0.0201  0.0201  0.0199  0.0200
  0.0213  0.0212  0.0209  0.0215  0.0220  0.0230  0.0213  0.0220  0.0210  0.0214  0.0204  0.0208
  0.0234  0.0229  0.0220  0.0255  0.0253  0.0289  0.0231  0.0249  0.0224  0.0236  0.0212  0.0218
niter,ni,del,rscale     4    3    5.0000    1.2000
parameters
   -0.1906   -8.5269    9.7822   -9.2962  -11.3226  -15.5988
   -0.6535    0.4709    0.0701    7.8447   -0.8645   -9.9212
eta,q 0.98026  9.52983
  0.0234  0.0230  0.0212  0.0247  0.0258  0.0254  0.0230  0.0247  0.0223  0.0236  0.0213  0.0216
  0.0214  0.0212  0.0203  0.0226  0.0232  0.0229  0.0213  0.0222  0.0209  0.0217  0.0205  0.0206
  0.0202  0.0201  0.0198  0.0210  0.0209  0.0210  0.0202  0.0205  0.0200  0.0203  0.0199  0.0199
  0.0197  0.0197  0.0197  0.0197  0.0197  0.0197  0.0197  0.0198  0.0198  0.0198  0.0197  0.0197
  0.0201  0.0201  0.0201  0.0197  0.0203  0.0190  0.0201  0.0202  0.0201  0.0201  0.0199  0.0200
  0.0214  0.0212  0.0207  0.0216  0.0224  0.0219  0.0212  0.0220  0.0210  0.0214  0.0204  0.0207
  0.0234  0.0228  0.0216  0.0257  0.0259  0.0278  0.0231  0.0249  0.0224  0.0235  0.0213  0.0217
niter,ni,del,rscale     3    3    5.0000    1.2000
parameters
   -0.1905   -8.5012    9.7359   -9.2964  -11.2922  -15.6456
   -0.6482    0.4720    0.0641    7.9011   -0.8739   -9.9784
eta,q 0.98025  9.52922
  0.0234  0.0230  0.0215  0.0247  0.0257  0.0256  0.0230  0.0247  0.0223  0.0235  0.0213  0.0216
  0.0214  0.0212  0.0204  0.0227  0.0231  0.0230  0.0213  0.0222  0.0209  0.0217  0.0205  0.0206
  0.0202  0.0201  0.0199  0.0210  0.0209  0.0210  0.0202  0.0205  0.0200  0.0203  0.0199  0.0199
  0.0197  0.0197  0.0197  0.0197  0.0197  0.0197  0.0198  0.0198  0.0198  0.0198  0.0198  0.0198
  0.0201  0.0201  0.0200  0.0198  0.0204  0.0190  0.0201  0.0202  0.0201  0.0201  0.0199  0.0200
  0.0214  0.0212  0.0206  0.0217  0.0226  0.0216  0.0212  0.0220  0.0209  0.0214  0.0204  0.0207
  0.0234  0.0228  0.0215  0.0258  0.0261  0.0275  0.0231  0.0249  0.0223  0.0236  0.0213  0.0217
niter,ni,del,rscale     2    3    5.0000    1.2000
parameters
   -0.1904   -8.4916    9.7204   -9.2957  -11.2875  -15.6587
   -0.6450    0.4726    0.0640    7.9208   -0.8784   -9.9962
eta,q 0.98024  9.52898
  0.0234  0.0230  0.0215  0.0247  0.0257  0.0256  0.0230  0.0247  0.0223  0.0235  0.0213  0.0217
  0.0214  0.0212  0.0205  0.0227  0.0231  0.0231  0.0213  0.0222  0.0209  0.0216  0.0205  0.0206
  0.0202  0.0201  0.0199  0.0210  0.0209  0.0211  0.0202  0.0205  0.0200  0.0203  0.0199  0.0200
  0.0198  0.0198  0.0198  0.0198  0.0198  0.0198  0.0198  0.0198  0.0198  0.0198  0.0198  0.0198
  0.0201  0.0202  0.0200  0.0198  0.0205  0.0190  0.0201  0.0202  0.0201  0.0201  0.0199  0.0200
  0.0214  0.0212  0.0206  0.0217  0.0226  0.0216  0.0212  0.0220  0.0209  0.0214  0.0204  0.0206
  0.0234  0.0229  0.0215  0.0258  0.0262  0.0274  0.0231  0.0249  0.0223  0.0236  0.0213  0.0217
registration optimization eta report
parameter search radius
    2.4000    2.4000    2.4000    9.5220    9.5220    9.5220
    7.2000    7.2000    7.2000    7.2000    7.2000    7.2000
100000*second partial in parameter space
       64.       55.       30.        6.        7.        8.
        6.       10.        5.        7.        3.        4.
  0.0234  0.0230  0.0215  0.0247  0.0257  0.0256  0.0230  0.0247  0.0223  0.0235  0.0213  0.0217
  0.0214  0.0212  0.0205  0.0227  0.0231  0.0231  0.0213  0.0222  0.0209  0.0216  0.0205  0.0206
  0.0202  0.0201  0.0199  0.0210  0.0209  0.0211  0.0202  0.0205  0.0200  0.0203  0.0199  0.0200
  0.0198  0.0198  0.0198  0.0198  0.0198  0.0198  0.0198  0.0198  0.0198  0.0198  0.0198  0.0198
  0.0201  0.0202  0.0200  0.0198  0.0205  0.0190  0.0201  0.0202  0.0201  0.0201  0.0199  0.0200
  0.0214  0.0212  0.0206  0.0217  0.0226  0.0216  0.0212  0.0220  0.0209  0.0214  0.0204  0.0206
  0.0234  0.0229  0.0215  0.0258  0.0262  0.0274  0.0231  0.0249  0.0223  0.0236  0.0213  0.0217
   -0.1904   -8.4916    9.7204   -9.2957  -11.2875  -15.6587
   -0.6450    0.4726    0.0640    7.9208   -0.8784   -9.9962
eta,q 0.98024  9.52898

---------------------------------------------------------------------
imgreg_4dfp /opt/freesurfer/average/711-2C_as_mni_average_305 /opt/freesurfer/average/711-2B_as_mni_average_305_mask talsrcimg_g11 none talsrcimg_to_711-2C_as_mni_average_305_t4 2311
---------------------------------------------------------------------

freesurfer imgreg_4dfp.c
/opt/freesurfer/average/711-2C_as_mni_average_305.4dfp.img
       256       256       256         1
  1.000000  1.000000  1.000000
orientation T byte_order littleendian
Reading image: /opt/freesurfer/average/711-2C_as_mni_average_305.4dfp.img
dimensions:      256       256       256
mmppix:       1.0000   -1.0000   -1.0000
center:     128.0000 -129.0000 -129.0000
/opt/freesurfer/average/711-2B_as_mni_average_305_mask.4dfp.img
       256       256       256         1
  1.000000  1.000000  1.000000
orientation T byte_order littleendian
Reading mask: /opt/freesurfer/average/711-2B_as_mni_average_305_mask.4dfp.img (2306576 pixels)
talsrcimg_g11.4dfp.img
       256       256       256         1
  1.000000  1.000000  1.000000
orientation T byte_order littleendian
Reading image: talsrcimg_g11.4dfp.img
dimensions:      256       256       256
mmppix:       1.0000   -1.0000   -1.0000
center:     128.0000 -129.0000 -129.0000
fimgreg.f
image alignment mode   2311 decimal      907 hex
parameters
   -0.1904   -8.4916    9.7204   -9.2957  -11.2875  -15.6587
   -0.6450    0.4726    0.0640    7.9208   -0.8784   -9.9962
eta,q 0.98024  9.52898
niter,ni,del,rscale     5    3    5.0000    0.8000
parameters
   -0.1773   -8.5152    9.6526   -8.0258  -11.1643  -13.9786
   -0.6283    0.4806   -0.0328    7.7853   -0.9790  -10.6136
eta,q 0.98097  9.61357
  0.0214  0.0212  0.0205  0.0218  0.0216  0.0217  0.0207  0.0220  0.0203  0.0211  0.0200  0.0198
  0.0205  0.0204  0.0200  0.0210  0.0206  0.0208  0.0198  0.0205  0.0196  0.0200  0.0195  0.0193
  0.0200  0.0199  0.0198  0.0203  0.0198  0.0201  0.0193  0.0195  0.0192  0.0193  0.0192  0.0191
  0.0198  0.0198  0.0198  0.0198  0.0195  0.0195  0.0191  0.0191  0.0191  0.0191  0.0191  0.0191
  0.0199  0.0200  0.0199  0.0195  0.0197  0.0191  0.0192  0.0194  0.0192  0.0193  0.0192  0.0193
  0.0205  0.0205  0.0202  0.0198  0.0204  0.0191  0.0198  0.0204  0.0197  0.0201  0.0195  0.0197
  0.0214  0.0213  0.0206  0.0205  0.0214  0.0201  0.0207  0.0221  0.0204  0.0213  0.0201  0.0203
niter,ni,del,rscale     4    3    5.0000    0.7000
parameters
   -0.2551   -8.4628    9.9682   -8.2676  -11.3741  -13.5568
   -0.5577    0.4757   -0.0207    8.0292   -1.1015  -10.5957
eta,q 0.98114  9.62450
  0.0204  0.0203  0.0202  0.0204  0.0205  0.0206  0.0202  0.0212  0.0199  0.0207  0.0196  0.0197
  0.0196  0.0196  0.0196  0.0197  0.0197  0.0200  0.0195  0.0200  0.0193  0.0198  0.0192  0.0192
  0.0191  0.0192  0.0192  0.0192  0.0191  0.0195  0.0190  0.0192  0.0190  0.0191  0.0189  0.0189
  0.0190  0.0190  0.0190  0.0190  0.0190  0.0190  0.0189  0.0189  0.0189  0.0189  0.0189  0.0189
  0.0193  0.0191  0.0190  0.0192  0.0193  0.0187  0.0190  0.0191  0.0190  0.0190  0.0190  0.0190
  0.0198  0.0195  0.0192  0.0198  0.0199  0.0191  0.0194  0.0199  0.0193  0.0195  0.0193  0.0192
  0.0207  0.0201  0.0194  0.0208  0.0208  0.0205  0.0201  0.0212  0.0199  0.0203  0.0197  0.0197
niter,ni,del,rscale     3    3    5.0000    0.6000
parameters
   -0.2520   -8.4486   10.1053   -8.2478  -11.4725  -13.1552
   -0.5498    0.4795   -0.0117    8.0307   -1.1443  -10.6212
eta,q 0.98127  9.63451
  0.0200  0.0198  0.0196  0.0200  0.0200  0.0202  0.0197  0.0205  0.0195  0.0200  0.0194  0.0194
  0.0194  0.0193  0.0192  0.0195  0.0194  0.0197  0.0192  0.0196  0.0191  0.0193  0.0190  0.0190
  0.0190  0.0190  0.0190  0.0191  0.0190  0.0193  0.0188  0.0190  0.0188  0.0189  0.0188  0.0188
  0.0189  0.0189  0.0189  0.0189  0.0189  0.0189  0.0187  0.0187  0.0187  0.0187  0.0187  0.0187
  0.0190  0.0190  0.0189  0.0190  0.0190  0.0186  0.0188  0.0189  0.0188  0.0189  0.0188  0.0188
  0.0194  0.0192  0.0190  0.0194  0.0195  0.0190  0.0192  0.0196  0.0191  0.0193  0.0190  0.0190
  0.0200  0.0197  0.0193  0.0201  0.0202  0.0200  0.0197  0.0206  0.0195  0.0200  0.0194  0.0194
niter,ni,del,rscale     2    3    5.0000    0.5000
parameters
   -0.2549   -8.4368   10.2504   -8.2370  -11.5507  -12.7258
   -0.5606    0.4615   -0.0115    8.0253   -1.1832  -10.6524
eta,q 0.98139  9.64462
  0.0195  0.0194  0.0193  0.0196  0.0196  0.0199  0.0193  0.0199  0.0191  0.0195  0.0191  0.0191
  0.0191  0.0190  0.0190  0.0192  0.0191  0.0195  0.0189  0.0192  0.0188  0.0190  0.0188  0.0188
  0.0188  0.0188  0.0188  0.0189  0.0188  0.0191  0.0187  0.0188  0.0187  0.0187  0.0187  0.0187
  0.0187  0.0187  0.0187  0.0187  0.0187  0.0187  0.0186  0.0186  0.0186  0.0186  0.0186  0.0186
  0.0188  0.0188  0.0187  0.0188  0.0188  0.0186  0.0187  0.0188  0.0187  0.0187  0.0187  0.0187
  0.0191  0.0190  0.0189  0.0191  0.0192  0.0188  0.0189  0.0192  0.0188  0.0190  0.0188  0.0188
  0.0195  0.0193  0.0190  0.0196  0.0197  0.0196  0.0193  0.0200  0.0191  0.0195  0.0191  0.0191
niter,ni,del,rscale     1    3    5.0000    0.4000
parameters
   -0.2622   -8.4225   10.4059   -8.2484  -11.6342  -12.3281
   -0.5626    0.4421   -0.0139    8.0139   -1.2408  -10.6551
eta,q 0.98148  9.65285
  0.0191  0.0190  0.0191  0.0192  0.0192  0.0196  0.0190  0.0194  0.0189  0.0191  0.0188  0.0188
  0.0188  0.0188  0.0188  0.0189  0.0189  0.0192  0.0187  0.0189  0.0187  0.0188  0.0187  0.0187
  0.0187  0.0187  0.0187  0.0187  0.0187  0.0189  0.0186  0.0186  0.0186  0.0186  0.0186  0.0186
  0.0186  0.0186  0.0186  0.0186  0.0186  0.0186  0.0185  0.0185  0.0185  0.0185  0.0185  0.0185
  0.0187  0.0187  0.0186  0.0187  0.0187  0.0185  0.0186  0.0186  0.0186  0.0186  0.0186  0.0186
  0.0188  0.0188  0.0187  0.0189  0.0189  0.0187  0.0187  0.0189  0.0187  0.0188  0.0187  0.0187
  0.0191  0.0190  0.0188  0.0192  0.0192  0.0192  0.0190  0.0195  0.0189  0.0191  0.0189  0.0188
registration optimization eta report
parameter search radius
    0.8000    0.8000    0.8000    2.4000    2.4000    2.4000
    2.4000    2.4000    2.4000    2.4000    2.4000    2.4000
100000*second partial in parameter space
       80.       63.       50.       11.       10.       14.
        8.       16.        6.       10.        6.        5.
  0.0191  0.0190  0.0191  0.0192  0.0192  0.0196  0.0190  0.0194  0.0189  0.0191  0.0188  0.0188
  0.0188  0.0188  0.0188  0.0189  0.0189  0.0192  0.0187  0.0189  0.0187  0.0188  0.0187  0.0187
  0.0187  0.0187  0.0187  0.0187  0.0187  0.0189  0.0186  0.0186  0.0186  0.0186  0.0186  0.0186
  0.0186  0.0186  0.0186  0.0186  0.0186  0.0186  0.0185  0.0185  0.0185  0.0185  0.0185  0.0185
  0.0187  0.0187  0.0186  0.0187  0.0187  0.0185  0.0186  0.0186  0.0186  0.0186  0.0186  0.0186
  0.0188  0.0188  0.0187  0.0189  0.0189  0.0187  0.0187  0.0189  0.0187  0.0188  0.0187  0.0187
  0.0191  0.0190  0.0188  0.0192  0.0192  0.0192  0.0190  0.0195  0.0189  0.0191  0.0189  0.0188
   -0.2622   -8.4225   10.4059   -8.2484  -11.6342  -12.3281
   -0.5626    0.4421   -0.0139    8.0139   -1.2408  -10.6551
eta,q 0.98148  9.65285

---------------------------------------------------------------------
imgreg_4dfp /opt/freesurfer/average/711-2C_as_mni_average_305 /opt/freesurfer/average/711-2B_as_mni_average_305_mask talsrcimg_g11 none talsrcimg_to_711-2C_as_mni_average_305_t4 2311
---------------------------------------------------------------------

freesurfer imgreg_4dfp.c
/opt/freesurfer/average/711-2C_as_mni_average_305.4dfp.img
       256       256       256         1
  1.000000  1.000000  1.000000
orientation T byte_order littleendian
Reading image: /opt/freesurfer/average/711-2C_as_mni_average_305.4dfp.img
dimensions:      256       256       256
mmppix:       1.0000   -1.0000   -1.0000
center:     128.0000 -129.0000 -129.0000
/opt/freesurfer/average/711-2B_as_mni_average_305_mask.4dfp.img
       256       256       256         1
  1.000000  1.000000  1.000000
orientation T byte_order littleendian
Reading mask: /opt/freesurfer/average/711-2B_as_mni_average_305_mask.4dfp.img (2306576 pixels)
talsrcimg_g11.4dfp.img
       256       256       256         1
  1.000000  1.000000  1.000000
orientation T byte_order littleendian
Reading image: talsrcimg_g11.4dfp.img
dimensions:      256       256       256
mmppix:       1.0000   -1.0000   -1.0000
center:     128.0000 -129.0000 -129.0000
fimgreg.f
image alignment mode   2311 decimal      907 hex
parameters
   -0.2622   -8.4225   10.4059   -8.2484  -11.6342  -12.3281
   -0.5626    0.4421   -0.0139    8.0139   -1.2408  -10.6551
eta,q 0.98148  9.65285
niter,ni,del,rscale     5    3    5.0000    0.8000
parameters
   -0.2660   -8.3897   10.5901   -8.5754  -11.7048  -12.9247
   -0.5025    0.4348    0.1009    8.2226   -1.2373  -10.2041
eta,q 0.98128  9.63876
  0.0205  0.0202  0.0201  0.0203  0.0206  0.0206  0.0204  0.0217  0.0201  0.0209  0.0198  0.0199
  0.0194  0.0193  0.0193  0.0195  0.0195  0.0199  0.0195  0.0202  0.0194  0.0198  0.0192  0.0193
  0.0187  0.0187  0.0188  0.0188  0.0188  0.0192  0.0189  0.0191  0.0189  0.0191  0.0189  0.0189
  0.0185  0.0185  0.0185  0.0185  0.0185  0.0185  0.0187  0.0187  0.0187  0.0187  0.0187  0.0187
  0.0188  0.0187  0.0186  0.0188  0.0188  0.0187  0.0189  0.0190  0.0189  0.0189  0.0188  0.0188
  0.0194  0.0192  0.0189  0.0197  0.0196  0.0202  0.0195  0.0201  0.0193  0.0195  0.0192  0.0191
  0.0205  0.0200  0.0195  0.0210  0.0207  0.0230  0.0204  0.0218  0.0200  0.0207  0.0198  0.0195
niter,ni,del,rscale     4    3    5.0000    0.7000
parameters
   -0.2501   -8.4352   10.4071   -8.3911  -11.6156  -13.0706
   -0.5381    0.4588    0.0797    8.0503   -1.1504  -10.2943
eta,q 0.98128  9.63644
  0.0202  0.0198  0.0193  0.0203  0.0204  0.0204  0.0200  0.0211  0.0197  0.0202  0.0196  0.0195
  0.0194  0.0192  0.0189  0.0196  0.0195  0.0198  0.0193  0.0199  0.0192  0.0194  0.0191  0.0190
  0.0189  0.0188  0.0187  0.0190  0.0189  0.0193  0.0189  0.0191  0.0188  0.0189  0.0188  0.0188
  0.0187  0.0187  0.0187  0.0187  0.0187  0.0187  0.0187  0.0187  0.0187  0.0187  0.0187  0.0187
  0.0189  0.0189  0.0189  0.0188  0.0189  0.0186  0.0189  0.0190  0.0188  0.0189  0.0188  0.0188
  0.0194  0.0193  0.0192  0.0193  0.0194  0.0195  0.0193  0.0198  0.0192  0.0195  0.0191  0.0191
  0.0202  0.0200  0.0197  0.0202  0.0203  0.0213  0.0200  0.0211  0.0197  0.0205  0.0195  0.0195
niter,ni,del,rscale     3    3    5.0000    0.6000
parameters
   -0.2519   -8.4538   10.3276   -8.3032  -11.5739  -12.9175
   -0.5569    0.4551    0.0352    7.9994   -1.1459  -10.4472
eta,q 0.98134  9.64051
  0.0198  0.0196  0.0193  0.0199  0.0200  0.0201  0.0196  0.0205  0.0194  0.0199  0.0193  0.0192
  0.0192  0.0191  0.0189  0.0194  0.0193  0.0197  0.0191  0.0195  0.0190  0.0192  0.0190  0.0189
  0.0188  0.0188  0.0188  0.0189  0.0189  0.0192  0.0188  0.0189  0.0187  0.0188  0.0188  0.0187
  0.0187  0.0187  0.0187  0.0187  0.0187  0.0187  0.0187  0.0187  0.0187  0.0187  0.0187  0.0187
  0.0189  0.0188  0.0188  0.0188  0.0189  0.0186  0.0188  0.0189  0.0188  0.0188  0.0187  0.0188
  0.0192  0.0191  0.0191  0.0192  0.0193  0.0191  0.0191  0.0195  0.0190  0.0192  0.0190  0.0190
  0.0198  0.0196  0.0194  0.0199  0.0199  0.0203  0.0196  0.0205  0.0194  0.0200  0.0193  0.0193
niter,ni,del,rscale     2    3    5.0000    0.5000
parameters
   -0.2576   -8.4458   10.3623   -8.2682  -11.5903  -12.6065
   -0.5658    0.4406    0.0144    7.9989   -1.1897  -10.5465
eta,q 0.98142  9.64757
  0.0194  0.0193  0.0192  0.0196  0.0196  0.0198  0.0192  0.0199  0.0191  0.0195  0.0190  0.0190
  0.0190  0.0189  0.0189  0.0191  0.0191  0.0195  0.0189  0.0192  0.0188  0.0190  0.0188  0.0188
  0.0187  0.0187  0.0187  0.0188  0.0188  0.0190  0.0187  0.0188  0.0186  0.0187  0.0186  0.0186
  0.0187  0.0187  0.0187  0.0187  0.0187  0.0187  0.0186  0.0186  0.0186  0.0186  0.0186  0.0186
  0.0188  0.0187  0.0187  0.0187  0.0188  0.0185  0.0187  0.0187  0.0186  0.0187  0.0186  0.0186
  0.0190  0.0189  0.0188  0.0191  0.0191  0.0189  0.0189  0.0192  0.0188  0.0190  0.0188  0.0188
  0.0195  0.0193  0.0191  0.0196  0.0196  0.0197  0.0193  0.0200  0.0191  0.0195  0.0191  0.0190
niter,ni,del,rscale     1    3    5.0000    0.4000
parameters
   -0.2638   -8.4293   10.4639   -8.2701  -11.6529  -12.2754
   -0.5659    0.4287   -0.0008    8.0029   -1.2303  -10.6045
eta,q 0.98149  9.65406
  0.0191  0.0190  0.0190  0.0192  0.0191  0.0196  0.0189  0.0194  0.0188  0.0191  0.0188  0.0188
  0.0188  0.0188  0.0188  0.0189  0.0188  0.0192  0.0187  0.0189  0.0187  0.0188  0.0187  0.0186
  0.0186  0.0186  0.0186  0.0187  0.0186  0.0189  0.0186  0.0186  0.0185  0.0186  0.0185  0.0185
  0.0186  0.0186  0.0186  0.0186  0.0186  0.0186  0.0185  0.0185  0.0185  0.0185  0.0185  0.0185
  0.0186  0.0186  0.0186  0.0186  0.0186  0.0185  0.0186  0.0186  0.0185  0.0186  0.0185  0.0186
  0.0188  0.0187  0.0187  0.0188  0.0189  0.0187  0.0187  0.0189  0.0187  0.0188  0.0187  0.0187
  0.0191  0.0190  0.0188  0.0192  0.0192  0.0193  0.0189  0.0194  0.0188  0.0191  0.0189  0.0188
registration optimization eta report
parameter search radius
    0.8000    0.8000    0.8000    2.4000    2.4000    2.4000
    2.4000    2.4000    2.4000    2.4000    2.4000    2.4000
100000*second partial in parameter space
       80.       62.       51.       11.       10.       15.
        8.       16.        6.       10.        6.        5.
  0.0191  0.0190  0.0190  0.0192  0.0191  0.0196  0.0189  0.0194  0.0188  0.0191  0.0188  0.0188
  0.0188  0.0188  0.0188  0.0189  0.0188  0.0192  0.0187  0.0189  0.0187  0.0188  0.0187  0.0186
  0.0186  0.0186  0.0186  0.0187  0.0186  0.0189  0.0186  0.0186  0.0185  0.0186  0.0185  0.0185
  0.0186  0.0186  0.0186  0.0186  0.0186  0.0186  0.0185  0.0185  0.0185  0.0185  0.0185  0.0185
  0.0186  0.0186  0.0186  0.0186  0.0186  0.0185  0.0186  0.0186  0.0185  0.0186  0.0185  0.0186
  0.0188  0.0187  0.0187  0.0188  0.0189  0.0187  0.0187  0.0189  0.0187  0.0188  0.0187  0.0187
  0.0191  0.0190  0.0188  0.0192  0.0192  0.0193  0.0189  0.0194  0.0188  0.0191  0.0189  0.0188
   -0.2638   -8.4293   10.4639   -8.2701  -11.6529  -12.2754
   -0.5659    0.4287   -0.0008    8.0029   -1.2303  -10.6045
eta,q 0.98149  9.65406

---------------------------------------------------------------------
compute_vox2vox talsrcimg talsrcimg_to_711-2C_as_mni_average_305_t4 /opt/freesurfer/average/711-2C_as_mni_average_305
---------------------------------------------------------------------

freesurfer compute_vox2vox.c
Reading: talsrcimg.4dfp.ifh
Reading: talsrcimg_to_711-2C_as_mni_average_305_t4
Reading: /opt/freesurfer/average/711-2C_as_mni_average_305.4dfp.ifh
Writing: talsrcimg_to_711-2C_as_mni_average_305_t4_vox2vox.txt

start time Wed Mar 11 08:47:38 CET 2026
end		time Wed Mar 11 08:47:52 CET 2026

mpr2mni305 success

avi2talxfm orig_nu.mgz /opt/freesurfer/average/mni305.cor.mgz talsrcimg_to_711-2C_as_mni_average_305_t4_vox2vox.txt transforms/talairach.auto.xfm
avi2talxfm done
mv -f /out/sourcedata/freesurfer/sub-v2s15x29746_ses-1/mri/talsrcimg_to_711-2C_as_mni_average_305_t4_vox2vox.txt /out/sourcedata/freesurfer/sub-v2s15x29746_ses-1/mri/transforms/talsrcimg_to_711-2C_as_mni_average_305_t4_vox2vox.txt
lta_convert --src orig_nu.mgz --trg /opt/freesurfer/average/mni305.cor.mgz --inxfm transforms/talairach.auto.xfm --outlta transforms/talairach.auto.xfm.lta --subject fsaverage
7.3.2

--src: orig_nu.mgz src image (geometry).
--trg: /opt/freesurfer/average/mni305.cor.mgz trg image (geometry).
--inmni: transforms/talairach.auto.xfm input MNI/XFM transform.
--outlta: transforms/talairach.auto.xfm.lta output LTA.
--s: fsaverage subject name
 LTA read, type : 1
 1.09008  -0.00590   0.00627  -4.85150;
 0.01512   1.12750   0.13543  -14.21750;
-0.00136  -0.10214   1.11963   11.73560;
 0.00000   0.00000   0.00000   1.00000;
setting subject to fsaverage
Writing  LTA to file transforms/talairach.auto.xfm.lta...
lta_convert successful.
 
 
Started at Wed Mar 11 08:47:38 CET 2026
Ended   at Wed Mar 11 08:47:52 CET 2026
talairach_avi done
