/out/sourcedata/freesurfer/sub-v2s15x29755_ses-1/mri
/opt/freesurfer/bin/talairach_avi
--i orig_nu.mgz --xfm transforms/talairach.auto.xfm
talairach_avi 7.3.2
Linux dna069 5.14.0-427.37.1.el9_4.x86_64 #1 SMP PREEMPT_DYNAMIC Fri Sep 13 12:41:50 EDT 2024 x86_64 x86_64 x86_64 GNU/Linux
Wed Mar 11 09:07:14 CET 2026
mri_convert orig_nu.mgz talsrcimg.img 
reading from orig_nu.mgz...
TR=0.00, TE=0.00, TI=0.00, flip angle=0.00
i_ras = (-1, 0, 0)
j_ras = (-1.49012e-08, 0, -1)
k_ras = (0, 1, 0)
writing to talsrcimg.img...
Analyze Output Matrix
-1.00000  -0.00000   0.00000   122.40262;
 0.00000   0.00000   1.00000  -120.62383;
 0.00000  -1.00000   0.00000   131.64148;
 0.00000   0.00000   0.00000   1.00000;
--------------------
INFO: set hdr.hist.orient to -1
mpr2mni305 talsrcimg
Wed Mar 11 09:07:14 CET 2026
/opt/freesurfer/bin/mpr2mni305 talsrcimg
mpr2mni305 7.3.2
target=711-2C_as_mni_average_305

---------------------------------------------------------------------
analyzeto4dfp talsrcimg -O0 -y
---------------------------------------------------------------------

freesurfer ifh2hdr.c
Wed Mar 11 09:07:14 2026
Writing: talsrcimg.4dfp.hdr
freesurfer analyzeto4dfp.c
Reading: talsrcimg.hdr
header size 348 bytes
hdr.dime.datatype	offset=70	value=2
hdr.dime.bitpix		offset=72	value=8
hdr.hist.orient		offset=252	value=-1
dimensionality     4
dimensions       256       256       256         1
Reading: talsrcimg.img
Writing: talsrcimg.4dfp.img
Writing: talsrcimg.4dfp.ifh
ifh2hdr talsrcimg -r0to229
ori=2

---------------------------------------------------------------------
gauss_4dfp talsrcimg 1.1
---------------------------------------------------------------------

freesurfer gauss_4dfp.c
Reading: talsrcimg.4dfp.img
Writing: talsrcimg_g11.4dfp.img
image dimensions 256 256 256 padded to 288 288 288
processing volume 1freesurfer ifh2hdr.c
Wed Mar 11 09:07:16 2026
Writing: talsrcimg_g11.4dfp.hdr

Writing: talsrcimg_g11.4dfp.ifh
including: talsrcimg.4dfp.img.rec in talsrcimg_g11.4dfp.img.rec

---------------------------------------------------------------------
imgreg_4dfp /opt/freesurfer/average/711-2C_as_mni_average_305 none talsrcimg_g11 none talsrcimg_to_711-2C_as_mni_average_305_t4 4355
---------------------------------------------------------------------

freesurfer imgreg_4dfp.c
/opt/freesurfer/average/711-2C_as_mni_average_305.4dfp.img
       256       256       256         1
  1.000000  1.000000  1.000000
orientation T byte_order littleendian
Reading image: /opt/freesurfer/average/711-2C_as_mni_average_305.4dfp.img
dimensions:      256       256       256
mmppix:       1.0000   -1.0000   -1.0000
center:     128.0000 -129.0000 -129.0000
talsrcimg_g11.4dfp.img
       256       256       256         1
  1.000000  1.000000  1.000000
orientation T byte_order littleendian
Reading image: talsrcimg_g11.4dfp.img
dimensions:      256       256       256
mmppix:       1.0000   -1.0000   -1.0000
center:     128.0000 -129.0000 -129.0000
t4_read: open error in t4_sub.f l:  41 t4_file(1:l)talsrcimg_to_711-2C_as_mni_average_305_t4 
t4_read: transform initialized to I4
rotation matrix determinant  1.000000
image alignment mode   4355 decimal     1103 hex
   -7.5000  -45.0000  -45.0000 7991.2637   19.3747
    0.0000  -45.0000  -45.0000 8289.2227   19.3245
    7.5000  -45.0000  -45.0000 7913.1650   19.3460
   -7.5000  -37.5000  -45.0000 8548.9111   19.2135
    0.0000  -37.5000  -45.0000 8877.9697   19.1627
    7.5000  -37.5000  -45.0000 8465.2002   19.1747
   -7.5000  -30.0000  -45.0000 9387.4570   19.1189
    0.0000  -30.0000  -45.0000 9748.9229   19.0700
    7.5000  -30.0000  -45.0000 9296.9365   19.0829
   -7.5000  -22.5000  -45.000010175.4668   19.0950
    0.0000  -22.5000  -45.000010558.2256   19.0488
    7.5000  -22.5000  -45.000010078.2002   19.0729
   -7.5000  -15.0000  -45.000010892.3223   19.0869
    0.0000  -15.0000  -45.000011332.0420   19.0424
    7.5000  -15.0000  -45.000010781.5312   19.0750
   -7.5000   -7.5000  -45.000011572.8750   19.0919
    0.0000   -7.5000  -45.000012043.5117   19.0440
    7.5000   -7.5000  -45.000011468.4092   19.0747
   -7.5000    0.0000  -45.000012215.8857   19.1068
    0.0000    0.0000  -45.000012774.0361   19.0546
    7.5000    0.0000  -45.000012139.1475   19.0764
   -7.5000    7.5000  -45.000012010.9658   19.1177
    0.0000    7.5000  -45.000012562.2490   19.0660
    7.5000    7.5000  -45.000011969.0322   19.0795
   -7.5000   15.0000  -45.000011473.1504   19.1110
    0.0000   15.0000  -45.000011964.2881   19.0620
    7.5000   15.0000  -45.000011400.1875   19.0757
   -7.5000   22.5000  -45.000010704.2588   19.0924
    0.0000   22.5000  -45.000011155.9990   19.0462
    7.5000   22.5000  -45.000010628.9072   19.0702
   -7.5000   30.0000  -45.0000 9820.7451   18.8326
    0.0000   30.0000  -45.000010226.1064   18.7886
    7.5000   30.0000  -45.0000 9739.0508   18.8208
   -7.5000   37.5000  -45.0000 9297.1348   18.8375
    0.0000   37.5000  -45.0000 9723.9297   18.7902
    7.5000   37.5000  -45.0000 9212.1348   18.8205
   -7.5000   45.0000  -45.0000 8501.0361   18.3735
    0.0000   45.0000  -45.0000 8887.8037   18.3232
    7.5000   45.0000  -45.0000 8434.1094   18.3442
   -7.5000  -45.0000  -37.5000 8558.1807   19.4121
    0.0000  -45.0000  -37.5000 8871.4209   19.3679
    7.5000  -45.0000  -37.5000 8474.0400   19.3692
   -7.5000  -37.5000  -37.5000 9156.9951   19.2430
    0.0000  -37.5000  -37.5000 9496.6914   19.1999
    7.5000  -37.5000  -37.5000 9058.8613   19.1955
   -7.5000  -30.0000  -37.500010043.9326   19.1327
    0.0000  -30.0000  -37.500010428.7197   19.0962
    7.5000  -30.0000  -37.5000 9938.3145   19.0946
   -7.5000  -22.5000  -37.500010873.6602   19.0991
    0.0000  -22.5000  -37.500011282.7598   19.0686
    7.5000  -22.5000  -37.500010750.0996   19.0772
   -7.5000  -15.0000  -37.500011650.5918   19.0951
    0.0000  -15.0000  -37.500012086.1670   19.0648
    7.5000  -15.0000  -37.500011512.5576   19.0780
   -7.5000   -7.5000  -37.500012376.4824   19.1173
    0.0000   -7.5000  -37.500012870.7852   19.0785
    7.5000   -7.5000  -37.500012222.9258   19.0874
   -7.5000    0.0000  -37.500013079.5771   19.1431
    0.0000    0.0000  -37.500013614.0527   19.0967
    7.5000    0.0000  -37.500012936.0273   19.0989
   -7.5000    7.5000  -37.500012826.8506   19.1465
    0.0000    7.5000  -37.500013347.8301   19.1024
    7.5000    7.5000  -37.500012697.1201   19.0997
   -7.5000   15.0000  -37.500012215.2383   19.1247
    0.0000   15.0000  -37.500012723.5977   19.0880
    7.5000   15.0000  -37.500012089.8154   19.0874
   -7.5000   22.5000  -37.500011366.7842   19.0965
    0.0000   22.5000  -37.500011853.4883   19.0660
    7.5000   22.5000  -37.500011260.2217   19.0746
   -7.5000   30.0000  -37.500010401.0078   18.8407
    0.0000   30.0000  -37.500010863.1377   18.8107
    7.5000   30.0000  -37.500010308.0859   18.8237
   -7.5000   37.5000  -37.5000 9839.2627   18.8625
    0.0000   37.5000  -37.500010299.5537   18.8242
    7.5000   37.5000  -37.5000 9730.6240   18.8330
   -7.5000   45.0000  -37.5000 8944.4912   18.4083
    0.0000   45.0000  -37.5000 9388.5254   18.3638
    7.5000   45.0000  -37.5000 8879.2480   18.3659
   -7.5000  -45.0000  -30.0000 9254.4414   20.2432
    0.0000  -45.0000  -30.0000 9585.5732   20.2020
    7.5000  -45.0000  -30.0000 9142.5156   20.1767
   -7.5000  -37.5000  -30.0000 9872.6084   20.0538
    0.0000  -37.5000  -30.000010245.6191   20.0146
    7.5000  -37.5000  -30.0000 9755.7979   19.9897
   -7.5000  -30.0000  -30.000010845.3252   19.9268
    0.0000  -30.0000  -30.000011251.8037   19.8967
    7.5000  -30.0000  -30.000010706.9473   19.8758
   -7.5000  -22.5000  -30.000011738.8193   19.8912
    0.0000  -22.5000  -30.000012191.0391   19.8684
    7.5000  -22.5000  -30.000011577.4902   19.8525
   -7.5000  -15.0000  -30.000012629.3330   19.8971
    0.0000  -15.0000  -30.000013080.2891   19.8725
    7.5000  -15.0000  -30.000012430.7939   19.8547
   -7.5000   -7.5000  -30.000013426.8516   19.9332
    0.0000   -7.5000  -30.000013942.1104   19.8978
    7.5000   -7.5000  -30.000013206.2627   19.8755
   -7.5000    0.0000  -30.000014177.7539   19.9621
    0.0000    0.0000  -30.000014692.6787   19.9185
    7.5000    0.0000  -30.000013926.0156   19.8948
   -7.5000    7.5000  -30.000013841.2656   19.9530
    0.0000    7.5000  -30.000014335.8555   19.9127
    7.5000    7.5000  -30.000013600.0938   19.8897
   -7.5000   15.0000  -30.000013112.0020   19.9183
    0.0000   15.0000  -30.000013645.3018   19.8881
    7.5000   15.0000  -30.000012919.7598   19.8681
   -7.5000   22.5000  -30.000012157.6250   19.8865
    0.0000   22.5000  -30.000012683.7910   19.8637
    7.5000   22.5000  -30.000012011.6494   19.8477
   -7.5000   30.0000  -30.000011128.6270   19.6339
    0.0000   30.0000  -30.000011633.7070   19.6095
    7.5000   30.0000  -30.000011006.8291   19.5919
   -7.5000   37.5000  -30.000010524.7246   19.6695
    0.0000   37.5000  -30.000011012.2344   19.6346
    7.5000   37.5000  -30.000010372.3047   19.6125
   -7.5000   45.0000  -30.0000 9532.1328   19.2100
    0.0000   45.0000  -30.000010032.4258   19.1681
    7.5000   45.0000  -30.0000 9438.2773   19.1453
   -7.5000  -45.0000  -22.5000 9955.1885   20.8788
    0.0000  -45.0000  -22.500010304.8535   20.8308
    7.5000  -45.0000  -22.5000 9782.8613   20.8011
   -7.5000  -37.5000  -22.500010619.2510   20.6806
    0.0000  -37.5000  -22.500010996.6934   20.6344
    7.5000  -37.5000  -22.500010420.2734   20.6063
   -7.5000  -30.0000  -22.500011656.8789   20.5582
    0.0000  -30.0000  -22.500012084.2461   20.5203
    7.5000  -30.0000  -22.500011464.0645   20.4950
   -7.5000  -22.5000  -22.500012610.9863   20.5333
    0.0000  -22.5000  -22.500013076.2939   20.5014
    7.5000  -22.5000  -22.500012393.3906   20.4769
   -7.5000  -15.0000  -22.500013605.4980   20.5428
    0.0000  -15.0000  -22.500014034.4141   20.5090
    7.5000  -15.0000  -22.500013282.8926   20.4804
   -7.5000   -7.5000  -22.500014490.6094   20.5708
    0.0000   -7.5000  -22.500014983.7021   20.5280
    7.5000   -7.5000  -22.500014121.8857   20.4978
   -7.5000    0.0000  -22.500015262.6436   20.5891
    0.0000    0.0000  -22.500015715.9727   20.5390
    7.5000    0.0000  -22.500014857.1396   20.5109
   -7.5000    7.5000  -22.500014810.4482   20.5773
    0.0000    7.5000  -22.500015292.6230   20.5299
    7.5000    7.5000  -22.500014460.9561   20.5037
   -7.5000   15.0000  -22.500014032.9414   20.5495
    0.0000   15.0000  -22.500014530.8125   20.5114
    7.5000   15.0000  -22.500013730.8213   20.4871
   -7.5000   22.5000  -22.500012991.9492   20.5269
    0.0000   22.5000  -22.500013481.3877   20.4951
    7.5000   22.5000  -22.500012746.9570   20.4706
   -7.5000   30.0000  -22.500011884.8516   20.2740
    0.0000   30.0000  -22.500012384.1885   20.2407
    7.5000   30.0000  -22.500011695.8389   20.2125
   -7.5000   37.5000  -22.500011205.9248   20.3017
    0.0000   37.5000  -22.500011732.0322   20.2595
    7.5000   37.5000  -22.500011032.2803   20.2297
   -7.5000   45.0000  -22.500010116.2754   19.8284
    0.0000   45.0000  -22.500010619.3662   19.7801
    7.5000   45.0000  -22.5000 9992.2773   19.7531
   -7.5000  -45.0000  -15.000010617.6787   21.3105
    0.0000  -45.0000  -15.000011015.5713   21.2530
    7.5000  -45.0000  -15.000010420.5957   21.2446
   -7.5000  -37.5000  -15.000011366.8936   21.1146
    0.0000  -37.5000  -15.000011753.9453   21.0568
    7.5000  -37.5000  -15.000011103.3379   21.0460
   -7.5000  -30.0000  -15.000012484.6846   21.0075
    0.0000  -30.0000  -15.000012913.4580   20.9542
    7.5000  -30.0000  -15.000012195.2754   20.9435
   -7.5000  -22.5000  -15.000013543.9365   20.9962
    0.0000  -22.5000  -15.000013986.2803   20.9466
    7.5000  -22.5000  -15.000013192.5049   20.9369
   -7.5000  -15.0000  -15.000014563.5098   21.0037
    0.0000  -15.0000  -15.000015035.7236   20.9541
    7.5000  -15.0000  -15.000014127.2305   20.9443
   -7.5000   -7.5000  -15.000015459.4775   21.0124
    0.0000   -7.5000  -15.000015979.1260   20.9581
    7.5000   -7.5000  -15.000014965.6338   20.9501
   -7.5000    0.0000  -15.000016260.2705   21.0160
    0.0000    0.0000  -15.000016717.5254   20.9565
    7.5000    0.0000  -15.000015718.3965   20.9492
   -7.5000    7.5000  -15.000015824.0166   21.0099
    0.0000    7.5000  -15.000016256.0430   20.9511
    7.5000    7.5000  -15.000015322.2275   20.9420
   -7.5000   15.0000  -15.000014985.6377   20.9987
    0.0000   15.0000  -15.000015422.9355   20.9453
    7.5000   15.0000  -15.000014543.5693   20.9355
   -7.5000   22.5000  -15.000013809.7959   20.9887
    0.0000   22.5000  -15.000014272.0742   20.9392
    7.5000   22.5000  -15.000013464.6016   20.9295
   -7.5000   30.0000  -15.000012601.8809   20.7318
    0.0000   30.0000  -15.000013117.5850   20.6829
    7.5000   30.0000  -15.000012354.9746   20.6732
   -7.5000   37.5000  -15.000011903.1406   20.7405
    0.0000   37.5000  -15.000012441.4521   20.6868
    7.5000   37.5000  -15.000011699.9697   20.6790
   -7.5000   45.0000  -15.000010722.4570   20.2517
    0.0000   45.0000  -15.000011209.4219   20.1944
    7.5000   45.0000  -15.000010549.1533   20.1873
   -7.5000  -45.0000   -7.500011384.5498   21.5590
    0.0000  -45.0000   -7.500011811.6299   21.4994
    7.5000  -45.0000   -7.500011157.4756   21.5173
   -7.5000  -37.5000   -7.500012149.2607   21.3720
    0.0000  -37.5000   -7.500012567.7939   21.3109
    7.5000  -37.5000   -7.500011862.8701   21.3205
   -7.5000  -30.0000   -7.500013363.9521   21.2719
    0.0000  -30.0000   -7.500013807.1396   21.2113
    7.5000  -30.0000   -7.500013005.3398   21.2203
   -7.5000  -22.5000   -7.500014571.3398   21.2591
    0.0000  -22.5000   -7.500015020.8740   21.1998
    7.5000  -22.5000   -7.500014126.1768   21.2157
   -7.5000  -15.0000   -7.500015658.6758   21.2586
    0.0000  -15.0000   -7.500016234.0928   21.2011
    7.5000  -15.0000   -7.500015124.0078   21.2233
   -7.5000   -7.5000   -7.500016585.9902   21.2580
    0.0000   -7.5000   -7.500017116.5879   21.1993
    7.5000   -7.5000   -7.500015942.2656   21.2228
   -7.5000    0.0000   -7.500017368.8320   21.2616
    0.0000    0.0000   -7.500017872.2500   21.1998
    7.5000    0.0000   -7.500016737.0117   21.2182
   -7.5000    7.5000   -7.500016868.8008   21.2662
    0.0000    7.5000   -7.500017372.4023   21.2042
    7.5000    7.5000   -7.500016328.1738   21.2152
   -7.5000   15.0000   -7.500015961.4805   21.2632
    0.0000   15.0000   -7.500016438.7324   21.2024
    7.5000   15.0000   -7.500015464.6895   21.2124
   -7.5000   22.5000   -7.500014726.8408   21.2493
    0.0000   22.5000   -7.500015203.9082   21.1900
    7.5000   22.5000   -7.500014299.6641   21.2059
   -7.5000   30.0000   -7.500013466.4648   20.9829
    0.0000   30.0000   -7.500013966.8643   20.9261
    7.5000   30.0000   -7.500013120.8516   20.9481
   -7.5000   37.5000   -7.500012743.9717   20.9823
    0.0000   37.5000   -7.500013272.7939   20.9243
    7.5000   37.5000   -7.500012467.6045   20.9476
   -7.5000   45.0000   -7.500011436.2773   20.4921
    0.0000   45.0000   -7.500011931.1182   20.4327
    7.5000   45.0000   -7.500011237.5566   20.4503
   -7.5000  -45.0000    0.000012065.1562   21.6581
    0.0000  -45.0000    0.000012536.3135   21.6019
    7.5000  -45.0000    0.000011785.6846   21.6260
   -7.5000  -37.5000    0.000012839.9521   21.4781
    0.0000  -37.5000    0.000013354.8896   21.4212
    7.5000  -37.5000    0.000012526.2588   21.4347
   -7.5000  -30.0000    0.000014124.2607   21.3723
    0.0000  -30.0000    0.000014652.9619   21.3175
    7.5000  -30.0000    0.000013758.8516   21.3319
   -7.5000  -22.5000    0.000015464.8711   21.3454
    0.0000  -22.5000    0.000016130.6152   21.2936
    7.5000  -22.5000    0.000015008.5508   21.3205
   -7.5000  -15.0000    0.000016700.7266   21.3363
    0.0000  -15.0000    0.000017390.6172   21.2864
    7.5000  -15.0000    0.000016097.4844   21.3229
   -7.5000   -7.5000    0.000017586.2266   21.3422
    0.0000   -7.5000    0.000018134.6953   21.2885
    7.5000   -7.5000    0.000016940.8613   21.3228
   -7.5000    0.0000    0.000018380.3008   21.3590
    0.0000    0.0000    0.000018931.7461   21.3005
    7.5000    0.0000    0.000017803.6934   21.3249
   -7.5000    7.5000    0.000017816.1602   21.3712
    0.0000    7.5000    0.000018419.2598   21.3133
    7.5000    7.5000    0.000017341.1641   21.3283
   -7.5000   15.0000    0.000016826.1035   21.3635
    0.0000   15.0000    0.000017378.1562   21.3086
    7.5000   15.0000    0.000016351.2930   21.3239
   -7.5000   22.5000    0.000015526.5000   21.3356
    0.0000   22.5000    0.000016063.0127   21.2838
    7.5000   22.5000    0.000015118.4424   21.3107
   -7.5000   30.0000    0.000014221.4316   21.0602
    0.0000   30.0000    0.000014772.6191   21.0109
    7.5000   30.0000    0.000013889.3477   21.0469
   -7.5000   37.5000    0.000013503.1191   21.0660
    0.0000   37.5000    0.000014052.4492   21.0129
    7.5000   37.5000    0.000013163.2119   21.0468
   -7.5000   45.0000    0.000012164.8457   20.5876
    0.0000   45.0000    0.000012666.0098   20.5312
    7.5000   45.0000    0.000011871.9014   20.5547
   -7.5000  -45.0000    7.500011658.1113   21.7226
    0.0000  -45.0000    7.500012183.3945   21.6732
    7.5000  -45.0000    7.500011429.6055   21.6747
   -7.5000  -37.5000    7.500012361.4287   21.5334
    0.0000  -37.5000    7.500012960.2197   21.4852
    7.5000  -37.5000    7.500012150.8994   21.4803
   -7.5000  -30.0000    7.500013602.1592   21.4100
    0.0000  -30.0000    7.500014279.4004   21.3691
    7.5000  -30.0000    7.500013363.0674   21.3674
   -7.5000  -22.5000    7.500014909.7832   21.3724
    0.0000  -22.5000    7.500015656.1650   21.3383
    7.5000  -22.5000    7.500014615.5039   21.3479
   -7.5000  -15.0000    7.500016057.2559   21.3680
    0.0000  -15.0000    7.500016671.9277   21.3340
    7.5000  -15.0000    7.500015703.0771   21.3488
   -7.5000   -7.5000    7.500016893.5449   21.3927
    0.0000   -7.5000    7.500017319.5781   21.3493
    7.5000   -7.5000    7.500016502.8594   21.3593
   -7.5000    0.0000    7.500017773.6562   21.4216
    0.0000    0.0000    7.500018202.3145   21.3697
    7.5000    0.0000    7.500017350.6895   21.3722
   -7.5000    7.5000    7.500017284.0000   21.4254
    0.0000    7.5000    7.500017773.6406   21.3761
    7.5000    7.5000    7.500016862.6738   21.3731
   -7.5000   15.0000    7.500016349.1143   21.4011
    0.0000   15.0000    7.500016802.4883   21.3600
    7.5000   15.0000    7.500015867.2959   21.3593
   -7.5000   22.5000    7.500015133.7070   21.3626
    0.0000   22.5000    7.500015567.9619   21.3285
    7.5000   22.5000    7.500014660.2432   21.3380
   -7.5000   30.0000    7.500013908.7832   21.0914
    0.0000   30.0000    7.500014353.2656   21.0579
    7.5000   30.0000    7.500013446.9277   21.0725
   -7.5000   37.5000    7.500013228.8779   21.1159
    0.0000   37.5000    7.500013653.7842   21.0730
    7.5000   37.5000    7.500012767.1309   21.0828
   -7.5000   45.0000    7.500011878.4229   20.6479
    0.0000   45.0000    7.500012292.4463   20.5980
    7.5000   45.0000    7.500011528.7441   20.6004
   -7.5000  -45.0000   15.000011145.5742   21.7379
    0.0000  -45.0000   15.000011686.7363   21.6936
    7.5000  -45.0000   15.000011004.5410   21.6665
   -7.5000  -37.5000   15.000011785.5381   21.5344
    0.0000  -37.5000   15.000012431.2070   21.4924
    7.5000  -37.5000   15.000011694.4131   21.4657
   -7.5000  -30.0000   15.000012880.5664   21.3981
    0.0000  -30.0000   15.000013630.1377   21.3658
    7.5000  -30.0000   15.000012813.5635   21.3434
   -7.5000  -22.5000   15.000013986.5010   21.3599
    0.0000  -22.5000   15.000014845.3555   21.3354
    7.5000  -22.5000   15.000013929.8145   21.3183
   -7.5000  -15.0000   15.000015135.7041   21.3663
    0.0000  -15.0000   15.000015942.9238   21.3398
    7.5000  -15.0000   15.000015013.6777   21.3206
   -7.5000   -7.5000   15.000016220.7881   21.4050
    0.0000   -7.5000   15.000016754.3574   21.3670
    7.5000   -7.5000   15.000015945.7344   21.3430
   -7.5000    0.0000   15.000017220.0312   21.4360
    0.0000    0.0000   15.000017616.0352   21.3892
    7.5000    0.0000   15.000016785.1172   21.3638
   -7.5000    7.5000   15.000016797.0059   21.4262
    0.0000    7.5000   15.000017095.0488   21.3830
    7.5000    7.5000   15.000016168.6807   21.3582
   -7.5000   15.0000   15.000015852.6455   21.3890
    0.0000   15.0000   15.000016097.3320   21.3566
    7.5000   15.0000   15.000015164.5801   21.3351
   -7.5000   22.5000   15.000014586.1924   21.3501
    0.0000   22.5000   15.000014887.0801   21.3256
    7.5000   22.5000   15.000014006.4189   21.3085
   -7.5000   30.0000   15.000013368.0469   21.0897
    0.0000   30.0000   15.000013742.6211   21.0636
    7.5000   30.0000   15.000012866.6914   21.0447
   -7.5000   37.5000   15.000012644.3926   21.1280
    0.0000   37.5000   15.000013101.4414   21.0905
    7.5000   37.5000   15.000012262.4365   21.0667
   -7.5000   45.0000   15.000011311.6484   20.6618
    0.0000   45.0000   15.000011750.4287   20.6167
    7.5000   45.0000   15.000011034.5674   20.5922
   -7.5000  -45.0000   22.500010502.0713   21.6989
    0.0000  -45.0000   22.500011030.4492   21.6491
    7.5000  -45.0000   22.500010391.6602   21.6182
   -7.5000  -37.5000   22.500011127.1670   21.4929
    0.0000  -37.5000   22.500011703.6699   21.4448
    7.5000  -37.5000   22.500011021.0273   21.4157
   -7.5000  -30.0000   22.500012203.6738   21.3656
    0.0000  -30.0000   22.500012817.9531   21.3261
    7.5000  -30.0000   22.500012063.4971   21.2998
   -7.5000  -22.5000   22.500013344.2998   21.3395
    0.0000  -22.5000   22.500013951.6260   21.3064
    7.5000  -22.5000   22.500013090.8408   21.2810
   -7.5000  -15.0000   22.500014501.7764   21.3493
    0.0000  -15.0000   22.500015026.9990   21.3142
    7.5000  -15.0000   22.500014067.7295   21.2845
   -7.5000   -7.5000   22.500015581.8408   21.3784
    0.0000   -7.5000   22.500016070.3008   21.3339
    7.5000   -7.5000   22.500015000.0869   21.3025
   -7.5000    0.0000   22.500016504.7598   21.3976
    0.0000    0.0000   22.500016990.8613   21.3454
    7.5000    0.0000   22.500015868.6426   21.3163
   -7.5000    7.5000   22.500015914.0635   21.3853
    0.0000    7.5000   22.500016323.2686   21.3361
    7.5000    7.5000   22.500015281.8555   21.3089
   -7.5000   15.0000   22.500014915.3281   21.3565
    0.0000   15.0000   22.500015276.0186   21.3169
    7.5000   15.0000   22.500014307.6582   21.2916
   -7.5000   22.5000   22.500013691.7764   21.3297
    0.0000   22.5000   22.500014078.0166   21.2966
    7.5000   22.5000   22.500013205.0977   21.2712
   -7.5000   30.0000   22.500012533.2021   21.0730
    0.0000   30.0000   22.500012951.8184   21.0384
    7.5000   30.0000   22.500012148.6855   21.0091
   -7.5000   37.5000   22.500011869.6416   21.1018
    0.0000   37.5000   22.500012265.6836   21.0578
    7.5000   37.5000   22.500011550.6533   21.0269
   -7.5000   45.0000   22.500010625.3145   20.6248
    0.0000   45.0000   22.500010997.8564   20.5745
    7.5000   45.0000   22.500010424.7988   20.5465
   -7.5000  -45.0000   30.0000 9811.6787   21.8702
    0.0000  -45.0000   30.000010229.1738   21.8104
    7.5000  -45.0000   30.0000 9669.2598   21.8019
   -7.5000  -37.5000   30.000010445.5498   21.6668
    0.0000  -37.5000   30.000010863.6104   21.6070
    7.5000  -37.5000   30.000010251.9043   21.5961
   -7.5000  -30.0000   30.000011453.5049   21.5557
    0.0000  -30.0000   30.000011884.8721   21.5005
    7.5000  -30.0000   30.000011224.2148   21.4899
   -7.5000  -22.5000   30.000012465.4170   21.5438
    0.0000  -22.5000   30.000012878.3047   21.4925
    7.5000  -22.5000   30.000012160.1113   21.4830
   -7.5000  -15.0000   30.000013409.4668   21.5513
    0.0000  -15.0000   30.000013817.2529   21.5000
    7.5000  -15.0000   30.000013037.6211   21.4901
   -7.5000   -7.5000   30.000014263.7354   21.5603
    0.0000   -7.5000   30.000014763.0576   21.5039
    7.5000   -7.5000   30.000013878.8896   21.4959
   -7.5000    0.0000   30.000015100.7393   21.5642
    0.0000    0.0000   30.000015655.9033   21.5023
    7.5000    0.0000   30.000014717.5166   21.4950
   -7.5000    7.5000   30.000014597.1826   21.5581
    0.0000    7.5000   30.000015126.8203   21.4972
    7.5000    7.5000   30.000014209.5596   21.4880
   -7.5000   15.0000   30.000013729.1953   21.5467
    0.0000   15.0000   30.000014202.1670   21.4913
    7.5000   15.0000   30.000013337.1758   21.4817
   -7.5000   22.5000   30.000012663.8457   21.5339
    0.0000   22.5000   30.000013131.2441   21.4826
    7.5000   22.5000   30.000012323.0186   21.4731
   -7.5000   30.0000   30.000011616.8516   21.2724
    0.0000   30.0000   30.000012075.9766   21.2217
    7.5000   30.0000   30.000011329.2900   21.2120
   -7.5000   37.5000   30.000010960.4854   21.2812
    0.0000   37.5000   30.000011399.8018   21.2256
    7.5000   37.5000   30.000010727.2090   21.2177
   -7.5000   45.0000   30.0000 9818.6924   20.7854
    0.0000   45.0000   30.000010222.8281   20.7258
    7.5000   45.0000   30.0000 9664.6885   20.7187
   -7.5000  -45.0000   37.5000 9444.3193   22.2151
    0.0000  -45.0000   37.5000 9809.2129   22.1515
    7.5000  -45.0000   37.5000 9332.5117   22.1710
   -7.5000  -37.5000   37.5000 9988.8320   22.0209
    0.0000  -37.5000   37.500010376.2334   21.9561
    7.5000  -37.5000   37.5000 9901.9912   21.9670
   -7.5000  -30.0000   37.500010886.2080   21.9164
    0.0000  -30.0000   37.500011312.0635   21.8524
    7.5000  -30.0000   37.500010819.6035   21.8628
   -7.5000  -22.5000   37.500011785.2627   21.9032
    0.0000  -22.5000   37.500012240.0947   21.8405
    7.5000  -22.5000   37.500011689.3066   21.8583
   -7.5000  -15.0000   37.500012644.7090   21.9024
    0.0000  -15.0000   37.500013110.1211   21.8414
    7.5000  -15.0000   37.500012525.3828   21.8657
   -7.5000   -7.5000   37.500013477.8564   21.9014
    0.0000   -7.5000   37.500013990.3643   21.8389
    7.5000   -7.5000   37.500013321.5586   21.8644
   -7.5000    0.0000   37.500014292.3203   21.9050
    0.0000    0.0000   37.500014844.6309   21.8394
    7.5000    0.0000   37.500014108.2080   21.8593
   -7.5000    7.5000   37.500013859.8545   21.9102
    0.0000    7.5000   37.500014330.9150   21.8444
    7.5000    7.5000   37.500013612.9717   21.8568
   -7.5000   15.0000   37.500013069.4219   21.9073
    0.0000   15.0000   37.500013548.2285   21.8432
    7.5000   15.0000   37.500012814.0195   21.8546
   -7.5000   22.5000   37.500012085.1816   21.8931
    0.0000   22.5000   37.500012561.4980   21.8304
    7.5000   22.5000   37.500011866.3184   21.8482
   -7.5000   30.0000   37.500011114.7979   21.6190
    0.0000   30.0000   37.500011584.0576   21.5587
    7.5000   30.0000   37.500010912.0068   21.5827
   -7.5000   37.5000   37.500010491.2354   21.6179
    0.0000   37.5000   37.500010933.8281   21.5563
    7.5000   37.5000   37.500010319.7148   21.5814
   -7.5000   45.0000   37.5000 9420.5293   21.1139
    0.0000   45.0000   37.5000 9808.1357   21.0507
    7.5000   45.0000   37.5000 9312.7305   21.0699
   -7.5000  -45.0000   45.0000 8640.9229   22.6457
    0.0000  -45.0000   45.0000 9004.5537   22.5821
    7.5000  -45.0000   45.0000 8577.2041   22.6090
   -7.5000  -37.5000   45.0000 9126.1846   22.4607
    0.0000  -37.5000   45.0000 9527.5703   22.3967
    7.5000  -37.5000   45.0000 9094.1855   22.4122
   -7.5000  -30.0000   45.0000 9940.4707   22.3503
    0.0000  -30.0000   45.000010373.8330   22.2891
    7.5000  -30.0000   45.0000 9909.5615   22.3060
   -7.5000  -22.5000   45.000010723.2773   22.3214
    0.0000  -22.5000   45.000011186.9072   22.2636
    7.5000  -22.5000   45.000010679.9365   22.2945
   -7.5000  -15.0000   45.000011481.2119   22.3117
    0.0000  -15.0000   45.000011975.9395   22.2558
    7.5000  -15.0000   45.000011425.1543   22.2970
   -7.5000   -7.5000   45.000012231.1934   22.3186
    0.0000   -7.5000   45.000012746.6191   22.2583
    7.5000   -7.5000   45.000012159.2637   22.2966
   -7.5000    0.0000   45.000012973.2627   22.3374
    0.0000    0.0000   45.000013493.3027   22.2717
    7.5000    0.0000   45.000012860.5381   22.2989
   -7.5000    7.5000   45.000012574.6299   22.3505
    0.0000    7.5000   45.000013069.7500   22.2857
    7.5000    7.5000   45.000012432.7715   22.3026
   -7.5000   15.0000   45.000011878.2080   22.3415
    0.0000   15.0000   45.000012352.1777   22.2802
    7.5000   15.0000   45.000011729.1777   22.2980
   -7.5000   22.5000   45.000011003.8213   22.3111
    0.0000   22.5000   45.000011460.1719   22.2533
    7.5000   22.5000   45.000010874.4678   22.2841
   -7.5000   30.0000   45.000010136.1045   22.0210
    0.0000   30.0000   45.000010564.5684   21.9658
    7.5000   30.0000   45.0000 9990.4521   22.0065
   -7.5000   37.5000   45.0000 9589.7471   22.0279
    0.0000   37.5000   45.0000 9972.0840   21.9683
    7.5000   37.5000   45.0000 9476.0479   22.0061
   -7.5000   45.0000   45.0000 8631.9541   21.5405
    0.0000   45.0000   45.0000 8974.6670   21.4771
    7.5000   45.0000   45.0000 8567.9160   21.5033

---------------------------------------------------------------------
imgreg_4dfp /opt/freesurfer/average/711-2C_as_mni_average_305 /opt/freesurfer/average/711-2B_as_mni_average_305_mask talsrcimg_g11 none talsrcimg_to_711-2C_as_mni_average_305_t4 4355
---------------------------------------------------------------------

freesurfer imgreg_4dfp.c
/opt/freesurfer/average/711-2C_as_mni_average_305.4dfp.img
       256       256       256         1
  1.000000  1.000000  1.000000
orientation T byte_order littleendian
Reading image: /opt/freesurfer/average/711-2C_as_mni_average_305.4dfp.img
dimensions:      256       256       256
mmppix:       1.0000   -1.0000   -1.0000
center:     128.0000 -129.0000 -129.0000
/opt/freesurfer/average/711-2B_as_mni_average_305_mask.4dfp.img
       256       256       256         1
  1.000000  1.000000  1.000000
orientation T byte_order littleendian
Reading mask: /opt/freesurfer/average/711-2B_as_mni_average_305_mask.4dfp.img (2306576 pixels)
talsrcimg_g11.4dfp.img
       256       256       256         1
  1.000000  1.000000  1.000000
orientation T byte_order littleendian
Reading image: talsrcimg_g11.4dfp.img
dimensions:      256       256       256
mmppix:       1.0000   -1.0000   -1.0000
center:     128.0000 -129.0000 -129.0000
rotation matrix determinant  1.000000
image alignment mode   4355 decimal     1103 hex
   -7.5000  -45.0000  -45.0000 2171.5276   25.9437
    0.0000  -45.0000  -45.0000 2180.8977   25.7955
    7.5000  -45.0000  -45.0000 2167.9861   25.9325
   -7.5000  -37.5000  -45.0000 2256.4851   24.2307
    0.0000  -37.5000  -45.0000 2264.9756   24.1210
    7.5000  -37.5000  -45.0000 2255.0583   24.2812
   -7.5000  -30.0000  -45.0000 2308.1545   22.9208
    0.0000  -30.0000  -45.0000 2314.3511   22.8054
    7.5000  -30.0000  -45.0000 2310.1826   22.9398
   -7.5000  -22.5000  -45.0000 2338.1814   21.9734
    0.0000  -22.5000  -45.0000 2343.9958   21.8668
    7.5000  -22.5000  -45.0000 2342.6140   21.9525
   -7.5000  -15.0000  -45.0000 2348.1743   21.3402
    0.0000  -15.0000  -45.0000 2358.3818   21.2826
    7.5000  -15.0000  -45.0000 2356.1140   21.4401
   -7.5000   -7.5000  -45.0000 2352.9785   21.1786
    0.0000   -7.5000  -45.0000 2364.5637   21.0759
    7.5000   -7.5000  -45.0000 2363.0410   21.3215
   -7.5000    0.0000  -45.0000 2342.8772   21.2695
    0.0000    0.0000  -45.0000 2359.8450   21.2185
    7.5000    0.0000  -45.0000 2350.7542   21.3776
   -7.5000    7.5000  -45.0000 2333.4773   21.6634
    0.0000    7.5000  -45.0000 2347.3691   21.5293
    7.5000    7.5000  -45.0000 2336.9785   21.7357
   -7.5000   15.0000  -45.0000 2304.0542   22.3519
    0.0000   15.0000  -45.0000 2318.4993   22.2672
    7.5000   15.0000  -45.0000 2310.8594   22.4602
   -7.5000   22.5000  -45.0000 2269.9619   23.5247
    0.0000   22.5000  -45.0000 2285.4438   23.4256
    7.5000   22.5000  -45.0000 2278.0024   23.6645
   -7.5000   30.0000  -45.0000 2219.8203   25.1947
    0.0000   30.0000  -45.0000 2229.9763   25.0661
    7.5000   30.0000  -45.0000 2223.3013   25.3734
   -7.5000   37.5000  -45.0000 2141.1599   27.2225
    0.0000   37.5000  -45.0000 2152.7300   27.0653
    7.5000   37.5000  -45.0000 2145.4487   27.4588
   -7.5000   45.0000  -45.0000 2049.5945   29.9005
    0.0000   45.0000  -45.0000 2054.0652   29.6495
    7.5000   45.0000  -45.0000 2053.4219   30.1468
   -7.5000  -45.0000  -37.5000 2250.5642   24.1820
    0.0000  -45.0000  -37.5000 2261.9941   23.9934
    7.5000  -45.0000  -37.5000 2244.5938   24.0143
   -7.5000  -37.5000  -37.5000 2343.9463   22.5303
    0.0000  -37.5000  -37.5000 2348.8169   22.3601
    7.5000  -37.5000  -37.5000 2331.7227   22.4082
   -7.5000  -30.0000  -37.5000 2399.7063   21.2311
    0.0000  -30.0000  -37.5000 2403.8867   21.0813
    7.5000  -30.0000  -37.5000 2391.3921   21.1415
   -7.5000  -22.5000  -37.5000 2425.0598   20.3127
    0.0000  -22.5000  -37.5000 2434.4170   20.2007
    7.5000  -22.5000  -37.5000 2425.1294   20.2878
   -7.5000  -15.0000  -37.5000 2438.0081   19.7624
    0.0000  -15.0000  -37.5000 2450.2910   19.7102
    7.5000  -15.0000  -37.5000 2440.6978   19.7999
   -7.5000   -7.5000  -37.5000 2446.5974   19.6019
    0.0000   -7.5000  -37.5000 2460.0601   19.5173
    7.5000   -7.5000  -37.5000 2449.0300   19.6468
   -7.5000    0.0000  -37.5000 2440.8535   19.7161
    0.0000    0.0000  -37.5000 2460.5193   19.6569
    7.5000    0.0000  -37.5000 2451.3647   19.7203
   -7.5000    7.5000  -37.5000 2435.9617   20.0626
    0.0000    7.5000  -37.5000 2454.2393   19.9761
    7.5000    7.5000  -37.5000 2445.8977   20.0883
   -7.5000   15.0000  -37.5000 2404.3838   20.7038
    0.0000   15.0000  -37.5000 2427.3005   20.6420
    7.5000   15.0000  -37.5000 2424.6992   20.7513
   -7.5000   22.5000  -37.5000 2365.0791   21.7903
    0.0000   22.5000  -37.5000 2387.6172   21.7108
    7.5000   22.5000  -37.5000 2382.2964   21.8542
   -7.5000   30.0000  -37.5000 2309.1018   23.3314
    0.0000   30.0000  -37.5000 2324.8906   23.2548
    7.5000   30.0000  -37.5000 2313.8330   23.4196
   -7.5000   37.5000  -37.5000 2235.1973   25.3442
    0.0000   37.5000  -37.5000 2245.3723   25.1844
    7.5000   37.5000  -37.5000 2228.2112   25.4285
   -7.5000   45.0000  -37.5000 2134.8340   27.9030
    0.0000   45.0000  -37.5000 2139.3420   27.6775
    7.5000   45.0000  -37.5000 2127.8491   28.0531
   -7.5000  -45.0000  -30.0000 2365.6028   23.3524
    0.0000  -45.0000  -30.0000 2372.6709   23.1532
    7.5000  -45.0000  -30.0000 2350.5925   23.0503
   -7.5000  -37.5000  -30.0000 2455.4194   21.6269
    0.0000  -37.5000  -30.0000 2465.8037   21.4990
    7.5000  -37.5000  -30.0000 2440.1279   21.3765
   -7.5000  -30.0000  -30.0000 2519.2166   20.3219
    0.0000  -30.0000  -30.0000 2525.5950   20.1972
    7.5000  -30.0000  -30.0000 2506.6929   20.1340
   -7.5000  -22.5000  -30.0000 2551.1003   19.4414
    0.0000  -22.5000  -30.0000 2560.4453   19.3430
    7.5000  -22.5000  -30.0000 2546.1433   19.3401
   -7.5000  -15.0000  -30.0000 2571.1184   18.9066
    0.0000  -15.0000  -30.0000 2586.9844   18.8271
    7.5000  -15.0000  -30.0000 2577.1174   18.9283
   -7.5000   -7.5000  -30.0000 2581.8638   18.7444
    0.0000   -7.5000  -30.0000 2598.5173   18.6527
    7.5000   -7.5000  -30.0000 2595.9011   18.7724
   -7.5000    0.0000  -30.0000 2584.4868   18.9219
    0.0000    0.0000  -30.0000 2605.4680   18.7794
    7.5000    0.0000  -30.0000 2597.3264   18.8835
   -7.5000    7.5000  -30.0000 2583.0403   19.2683
    0.0000    7.5000  -30.0000 2601.6917   19.1343
    7.5000    7.5000  -30.0000 2586.0347   19.2443
   -7.5000   15.0000  -30.0000 2554.6248   19.9636
    0.0000   15.0000  -30.0000 2579.1785   19.8534
    7.5000   15.0000  -30.0000 2558.7625   19.9129
   -7.5000   22.5000  -30.0000 2505.1006   20.9953
    0.0000   22.5000  -30.0000 2530.2576   20.9573
    7.5000   22.5000  -30.0000 2511.9949   21.0058
   -7.5000   30.0000  -30.0000 2443.2747   22.5334
    0.0000   30.0000  -30.0000 2463.1912   22.5158
    7.5000   30.0000  -30.0000 2444.5190   22.5853
   -7.5000   37.5000  -30.0000 2361.0842   24.4787
    0.0000   37.5000  -30.0000 2370.2087   24.4084
    7.5000   37.5000  -30.0000 2352.9241   24.5360
   -7.5000   45.0000  -30.0000 2245.4988   26.9536
    0.0000   45.0000  -30.0000 2256.6455   26.8452
    7.5000   45.0000  -30.0000 2233.6990   27.0438
   -7.5000  -45.0000  -22.5000 2451.7163   22.3724
    0.0000  -45.0000  -22.5000 2455.9573   22.1131
    7.5000  -45.0000  -22.5000 2424.6660   21.9759
   -7.5000  -37.5000  -22.5000 2551.1145   20.6470
    0.0000  -37.5000  -22.5000 2555.7981   20.4712
    7.5000  -37.5000  -22.5000 2525.4473   20.3151
   -7.5000  -30.0000  -22.5000 2613.6147   19.3489
    0.0000  -30.0000  -22.5000 2628.4087   19.2197
    7.5000  -30.0000  -22.5000 2609.2490   19.1244
   -7.5000  -22.5000  -22.5000 2652.0137   18.4117
    0.0000  -22.5000  -22.5000 2664.6296   18.3321
    7.5000  -22.5000  -22.5000 2651.7495   18.3312
   -7.5000  -15.0000  -22.5000 2686.1997   17.9128
    0.0000  -15.0000  -22.5000 2693.9578   17.8406
    7.5000  -15.0000  -22.5000 2682.8142   17.9389
   -7.5000   -7.5000  -22.5000 2704.1782   17.7414
    0.0000   -7.5000  -22.5000 2716.5391   17.6707
    7.5000   -7.5000  -22.5000 2701.7246   17.7403
   -7.5000    0.0000  -22.5000 2708.5430   17.9182
    0.0000    0.0000  -22.5000 2720.4658   17.7797
    7.5000    0.0000  -22.5000 2708.0779   17.8698
   -7.5000    7.5000  -22.5000 2702.9292   18.3100
    0.0000    7.5000  -22.5000 2716.3882   18.1693
    7.5000    7.5000  -22.5000 2701.5996   18.3089
   -7.5000   15.0000  -22.5000 2673.9131   19.0615
    0.0000   15.0000  -22.5000 2696.4556   18.9326
    7.5000   15.0000  -22.5000 2677.0708   19.0513
   -7.5000   22.5000  -22.5000 2624.8135   20.0893
    0.0000   22.5000  -22.5000 2643.7229   20.0332
    7.5000   22.5000  -22.5000 2625.2510   20.0997
   -7.5000   30.0000  -22.5000 2551.1245   21.5811
    0.0000   30.0000  -22.5000 2568.0427   21.5587
    7.5000   30.0000  -22.5000 2548.0969   21.6407
   -7.5000   37.5000  -22.5000 2457.2126   23.5019
    0.0000   37.5000  -22.5000 2474.8125   23.5059
    7.5000   37.5000  -22.5000 2446.1670   23.6081
   -7.5000   45.0000  -22.5000 2337.7505   25.9190
    0.0000   45.0000  -22.5000 2345.9773   25.8592
    7.5000   45.0000  -22.5000 2323.4282   26.0099
   -7.5000  -45.0000  -15.0000 2491.0081   21.3522
    0.0000  -45.0000  -15.0000 2500.0132   21.1494
    7.5000  -45.0000  -15.0000 2476.7976   21.1353
   -7.5000  -37.5000  -15.0000 2601.1187   19.6644
    0.0000  -37.5000  -15.0000 2605.8130   19.4557
    7.5000  -37.5000  -15.0000 2584.2668   19.4764
   -7.5000  -30.0000  -15.0000 2679.0571   18.3897
    0.0000  -30.0000  -15.0000 2693.4053   18.2581
    7.5000  -30.0000  -15.0000 2674.6672   18.2104
   -7.5000  -22.5000  -15.0000 2730.9734   17.5064
    0.0000  -22.5000  -15.0000 2740.0833   17.4235
    7.5000  -22.5000  -15.0000 2730.6331   17.4339
   -7.5000  -15.0000  -15.0000 2763.4231   16.9856
    0.0000  -15.0000  -15.0000 2773.2275   16.9109
    7.5000  -15.0000  -15.0000 2758.6990   16.9864
   -7.5000   -7.5000  -15.0000 2784.9280   16.7847
    0.0000   -7.5000  -15.0000 2796.5972   16.7523
    7.5000   -7.5000  -15.0000 2780.2351   16.8351
   -7.5000    0.0000  -15.0000 2791.6409   16.9220
    0.0000    0.0000  -15.0000 2798.7834   16.8164
    7.5000    0.0000  -15.0000 2790.7290   16.9557
   -7.5000    7.5000  -15.0000 2781.4277   17.3690
    0.0000    7.5000  -15.0000 2791.2222   17.2312
    7.5000    7.5000  -15.0000 2784.2273   17.4284
   -7.5000   15.0000  -15.0000 2752.2983   18.1425
    0.0000   15.0000  -15.0000 2764.0544   18.0482
    7.5000   15.0000  -15.0000 2757.3442   18.2159
   -7.5000   22.5000  -15.0000 2693.5759   19.2203
    0.0000   22.5000  -15.0000 2706.0010   19.1549
    7.5000   22.5000  -15.0000 2699.3740   19.3287
   -7.5000   30.0000  -15.0000 2609.2856   20.6833
    0.0000   30.0000  -15.0000 2627.6792   20.6447
    7.5000   30.0000  -15.0000 2612.0879   20.8314
   -7.5000   37.5000  -15.0000 2512.7280   22.5648
    0.0000   37.5000  -15.0000 2528.4121   22.5591
    7.5000   37.5000  -15.0000 2509.0515   22.7514
   -7.5000   45.0000  -15.0000 2386.7615   24.8410
    0.0000   45.0000  -15.0000 2398.3813   24.8697
    7.5000   45.0000  -15.0000 2380.8955   25.0507
   -7.5000  -45.0000   -7.5000 2515.6174   20.5418
    0.0000  -45.0000   -7.5000 2530.2834   20.3544
    7.5000  -45.0000   -7.5000 2516.1104   20.5121
   -7.5000  -37.5000   -7.5000 2624.9443   18.8326
    0.0000  -37.5000   -7.5000 2638.3169   18.6425
    7.5000  -37.5000   -7.5000 2623.3914   18.8062
   -7.5000  -30.0000   -7.5000 2715.4607   17.6039
    0.0000  -30.0000   -7.5000 2733.2324   17.4199
    7.5000  -30.0000   -7.5000 2720.0913   17.5474
   -7.5000  -22.5000   -7.5000 2783.0166   16.7156
    0.0000  -22.5000   -7.5000 2798.4087   16.6205
    7.5000  -22.5000   -7.5000 2789.0210   16.7122
   -7.5000  -15.0000   -7.5000 2830.9670   16.2096
    0.0000  -15.0000   -7.5000 2842.7036   16.1435
    7.5000  -15.0000   -7.5000 2827.3452   16.2517
   -7.5000   -7.5000   -7.5000 2855.2256   15.9630
    0.0000   -7.5000   -7.5000 2871.9675   15.9310
    7.5000   -7.5000   -7.5000 2849.1064   16.0800
   -7.5000    0.0000   -7.5000 2859.8562   16.0507
    0.0000    0.0000   -7.5000 2867.6741   15.9922
    7.5000    0.0000   -7.5000 2856.8210   16.2184
   -7.5000    7.5000   -7.5000 2839.6509   16.5301
    0.0000    7.5000   -7.5000 2857.5803   16.4440
    7.5000    7.5000   -7.5000 2854.3223   16.6979
   -7.5000   15.0000   -7.5000 2805.2583   17.3633
    0.0000   15.0000   -7.5000 2816.5620   17.2370
    7.5000   15.0000   -7.5000 2816.7021   17.5024
   -7.5000   22.5000   -7.5000 2742.5759   18.4759
    0.0000   22.5000   -7.5000 2748.9207   18.3723
    7.5000   22.5000   -7.5000 2747.7856   18.6477
   -7.5000   30.0000   -7.5000 2657.9602   19.9773
    0.0000   30.0000   -7.5000 2666.9189   19.8935
    7.5000   30.0000   -7.5000 2659.2114   20.1661
   -7.5000   37.5000   -7.5000 2553.1187   21.8257
    0.0000   37.5000   -7.5000 2566.3660   21.8107
    7.5000   37.5000   -7.5000 2557.3049   22.0666
   -7.5000   45.0000   -7.5000 2418.5769   24.0580
    0.0000   45.0000   -7.5000 2433.8359   24.0586
    7.5000   45.0000   -7.5000 2424.6426   24.2703
   -7.5000  -45.0000    0.0000 2524.5491   19.9898
    0.0000  -45.0000    0.0000 2546.8848   19.8913
    7.5000  -45.0000    0.0000 2536.7305   20.1334
   -7.5000  -37.5000    0.0000 2636.6401   18.2796
    0.0000  -37.5000    0.0000 2658.5508   18.1441
    7.5000  -37.5000    0.0000 2644.3967   18.4017
   -7.5000  -30.0000    0.0000 2727.6536   17.0141
    0.0000  -30.0000    0.0000 2759.4287   16.8809
    7.5000  -30.0000    0.0000 2742.9717   17.1477
   -7.5000  -22.5000    0.0000 2805.9111   16.1293
    0.0000  -22.5000    0.0000 2836.2722   16.0647
    7.5000  -22.5000    0.0000 2822.7466   16.3297
   -7.5000  -15.0000    0.0000 2871.8042   15.6130
    0.0000  -15.0000    0.0000 2896.0203   15.5994
    7.5000  -15.0000    0.0000 2875.9858   15.8695
   -7.5000   -7.5000    0.0000 2901.8037   15.2920
    0.0000   -7.5000    0.0000 2931.6575   15.2309
    7.5000   -7.5000    0.0000 2905.5071   15.5563
   -7.5000    0.0000    0.0000 2902.5176   15.4123
    0.0000    0.0000    0.0000 2913.5952   15.3296
    7.5000    0.0000    0.0000 2909.3630   15.7152
   -7.5000    7.5000    0.0000 2883.0984   16.0257
    0.0000    7.5000    0.0000 2905.0598   15.9082
    7.5000    7.5000    0.0000 2903.3784   16.2723
   -7.5000   15.0000    0.0000 2836.2415   16.8567
    0.0000   15.0000    0.0000 2855.8044   16.7445
    7.5000   15.0000    0.0000 2852.5750   17.0925
   -7.5000   22.5000    0.0000 2767.4639   18.0028
    0.0000   22.5000    0.0000 2780.6223   17.9139
    7.5000   22.5000    0.0000 2781.8286   18.2811
   -7.5000   30.0000    0.0000 2675.2783   19.5119
    0.0000   30.0000    0.0000 2690.8738   19.4857
    7.5000   30.0000    0.0000 2688.3804   19.8104
   -7.5000   37.5000    0.0000 2569.7659   21.3274
    0.0000   37.5000    0.0000 2588.3618   21.3457
    7.5000   37.5000    0.0000 2573.4741   21.6187
   -7.5000   45.0000    0.0000 2441.9531   23.5133
    0.0000   45.0000    0.0000 2459.1284   23.5066
    7.5000   45.0000    0.0000 2445.4763   23.7280
   -7.5000  -45.0000    7.5000 2515.6992   19.6771
    0.0000  -45.0000    7.5000 2548.2173   19.6574
    7.5000  -45.0000    7.5000 2540.4075   20.0227
   -7.5000  -37.5000    7.5000 2619.4673   17.9374
    0.0000  -37.5000    7.5000 2660.6914   17.8920
    7.5000  -37.5000    7.5000 2650.8279   18.2431
   -7.5000  -30.0000    7.5000 2717.5156   16.6273
    0.0000  -30.0000    7.5000 2765.4143   16.5834
    7.5000  -30.0000    7.5000 2753.9050   16.9399
   -7.5000  -22.5000    7.5000 2805.0166   15.7367
    0.0000  -22.5000    7.5000 2848.1040   15.7135
    7.5000  -22.5000    7.5000 2836.6299   16.0796
   -7.5000  -15.0000    7.5000 2885.3645   15.2001
    0.0000  -15.0000    7.5000 2920.7461   15.2064
    7.5000  -15.0000    7.5000 2895.8079   15.5584
   -7.5000   -7.5000    7.5000 2925.7749   14.9214
    0.0000   -7.5000    7.5000 2953.7029   14.7018
    7.5000   -7.5000    7.5000 2929.2954   15.3899
   -7.5000    0.0000    7.5000 2933.5144   15.1265
    0.0000    0.0000    7.5000 2945.9990   14.9469
    7.5000    0.0000    7.5000 2939.4146   15.6020
   -7.5000    7.5000    7.5000 2912.4958   15.8533
    0.0000    7.5000    7.5000 2927.1562   15.6916
    7.5000    7.5000    7.5000 2925.4382   16.0960
   -7.5000   15.0000    7.5000 2860.0095   16.7291
    0.0000   15.0000    7.5000 2874.1204   16.5645
    7.5000   15.0000    7.5000 2866.9705   16.8856
   -7.5000   22.5000    7.5000 2787.6711   17.9016
    0.0000   22.5000    7.5000 2796.0728   17.7259
    7.5000   22.5000    7.5000 2789.7639   18.0165
   -7.5000   30.0000    7.5000 2689.2490   19.3907
    0.0000   30.0000    7.5000 2698.9102   19.2118
    7.5000   30.0000    7.5000 2686.4910   19.5079
   -7.5000   37.5000    7.5000 2595.1313   21.2344
    0.0000   37.5000    7.5000 2599.1023   21.0704
    7.5000   37.5000    7.5000 2578.7500   21.3272
   -7.5000   45.0000    7.5000 2459.9026   23.4381
    0.0000   45.0000    7.5000 2464.7583   23.2608
    7.5000   45.0000    7.5000 2453.4690   23.5048
   -7.5000  -45.0000   15.0000 2497.6313   19.7138
    0.0000  -45.0000   15.0000 2536.1794   19.7923
    7.5000  -45.0000   15.0000 2541.3337   20.2330
   -7.5000  -37.5000   15.0000 2602.1753   17.9642
    0.0000  -37.5000   15.0000 2649.4272   18.0165
    7.5000  -37.5000   15.0000 2656.5105   18.4508
   -7.5000  -30.0000   15.0000 2698.2764   16.6401
    0.0000  -30.0000   15.0000 2751.5977   16.6802
    7.5000  -30.0000   15.0000 2758.3523   17.0853
   -7.5000  -22.5000   15.0000 2780.1541   15.7031
    0.0000  -22.5000   15.0000 2833.0356   15.7548
    7.5000  -22.5000   15.0000 2838.4673   16.1491
   -7.5000  -15.0000   15.0000 2853.2710   15.1864
    0.0000  -15.0000   15.0000 2903.3777   15.2159
    7.5000  -15.0000   15.0000 2895.2273   15.6467
   -7.5000   -7.5000   15.0000 2922.9126   15.1589
    0.0000   -7.5000   15.0000 2951.9431   15.0440
    7.5000   -7.5000   15.0000 2929.4324   15.5066
   -7.5000    0.0000   15.0000 2949.6899   15.4928
    0.0000    0.0000   15.0000 2953.8052   15.2362
    7.5000    0.0000   15.0000 2945.0791   15.7575
   -7.5000    7.5000   15.0000 2925.1636   16.0763
    0.0000    7.5000   15.0000 2924.1782   15.7757
    7.5000    7.5000   15.0000 2912.6199   16.1845
   -7.5000   15.0000   15.0000 2862.6594   16.9304
    0.0000   15.0000   15.0000 2861.1855   16.6509
    7.5000   15.0000   15.0000 2856.3206   16.9544
   -7.5000   22.5000   15.0000 2785.7480   18.0401
    0.0000   22.5000   15.0000 2782.9670   17.8103
    7.5000   22.5000   15.0000 2778.7180   18.0532
   -7.5000   30.0000   15.0000 2692.7935   19.4668
    0.0000   30.0000   15.0000 2692.4126   19.3199
    7.5000   30.0000   15.0000 2677.2168   19.4994
   -7.5000   37.5000   15.0000 2582.8184   21.2723
    0.0000   37.5000   15.0000 2596.0339   21.1897
    7.5000   37.5000   15.0000 2571.4114   21.3094
   -7.5000   45.0000   15.0000 2442.8198   23.4330
    0.0000   45.0000   15.0000 2452.2461   23.4078
    7.5000   45.0000   15.0000 2437.9402   23.4860
   -7.5000  -45.0000   22.5000 2481.2292   19.8988
    0.0000  -45.0000   22.5000 2521.2864   20.0466
    7.5000  -45.0000   22.5000 2537.7178   20.5926
   -7.5000  -37.5000   22.5000 2587.2092   18.2613
    0.0000  -37.5000   22.5000 2633.6240   18.3121
    7.5000  -37.5000   22.5000 2650.1211   18.7947
   -7.5000  -30.0000   22.5000 2689.0571   17.1268
    0.0000  -30.0000   22.5000 2733.5752   17.0696
    7.5000  -30.0000   22.5000 2752.6470   17.5106
   -7.5000  -22.5000   22.5000 2779.5320   16.2912
    0.0000  -22.5000   22.5000 2812.6555   16.1913
    7.5000  -22.5000   22.5000 2828.9775   16.5615
   -7.5000  -15.0000   22.5000 2858.2053   15.8758
    0.0000  -15.0000   22.5000 2878.3904   15.6797
    7.5000  -15.0000   22.5000 2877.9534   16.0769
   -7.5000   -7.5000   22.5000 2907.0635   15.8166
    0.0000   -7.5000   22.5000 2920.4998   15.6769
    7.5000   -7.5000   22.5000 2904.9451   15.9564
   -7.5000    0.0000   22.5000 2912.1777   16.0741
    0.0000    0.0000   22.5000 2932.5303   15.9919
    7.5000    0.0000   22.5000 2908.4819   16.1723
   -7.5000    7.5000   22.5000 2880.1829   16.5193
    0.0000    7.5000   22.5000 2894.8018   16.4365
    7.5000    7.5000   22.5000 2880.7766   16.6199
   -7.5000   15.0000   22.5000 2823.1118   17.2671
    0.0000   15.0000   22.5000 2834.7305   17.1767
    7.5000   15.0000   22.5000 2822.3569   17.3799
   -7.5000   22.5000   22.5000 2753.4866   18.3493
    0.0000   22.5000   22.5000 2762.1541   18.2292
    7.5000   22.5000   22.5000 2747.5632   18.4166
   -7.5000   30.0000   22.5000 2666.6165   19.8014
    0.0000   30.0000   22.5000 2675.6533   19.6732
    7.5000   30.0000   22.5000 2657.2490   19.8150
   -7.5000   37.5000   22.5000 2561.6628   21.5773
    0.0000   37.5000   22.5000 2570.0671   21.4415
    7.5000   37.5000   22.5000 2553.9741   21.5825
   -7.5000   45.0000   22.5000 2421.4836   23.7029
    0.0000   45.0000   22.5000 2428.1348   23.6098
    7.5000   45.0000   22.5000 2418.6921   23.7546
   -7.5000  -45.0000   30.0000 2467.7720   20.7287
    0.0000  -45.0000   30.0000 2493.3567   20.6594
    7.5000  -45.0000   30.0000 2507.0701   21.1851
   -7.5000  -37.5000   30.0000 2578.5488   19.1972
    0.0000  -37.5000   30.0000 2605.6672   19.0554
    7.5000  -37.5000   30.0000 2616.4878   19.4474
   -7.5000  -30.0000   30.0000 2672.5627   18.0130
    0.0000  -30.0000   30.0000 2702.6038   17.8528
    7.5000  -30.0000   30.0000 2717.9043   18.2148
   -7.5000  -22.5000   30.0000 2751.0745   17.1325
    0.0000  -22.5000   30.0000 2776.7036   16.9338
    7.5000  -22.5000   30.0000 2784.8794   17.2734
   -7.5000  -15.0000   30.0000 2809.2295   16.6221
    0.0000  -15.0000   30.0000 2828.4448   16.4109
    7.5000  -15.0000   30.0000 2830.0273   16.7574
   -7.5000   -7.5000   30.0000 2843.9148   16.4842
    0.0000   -7.5000   30.0000 2857.4514   16.3407
    7.5000   -7.5000   30.0000 2852.7349   16.6501
   -7.5000    0.0000   30.0000 2844.4775   16.7486
    0.0000    0.0000   30.0000 2864.4656   16.6239
    7.5000    0.0000   30.0000 2856.7202   16.8913
   -7.5000    7.5000   30.0000 2818.1853   17.2156
    0.0000    7.5000   30.0000 2840.1912   17.1411
    7.5000    7.5000   30.0000 2829.0029   17.3059
   -7.5000   15.0000   30.0000 2766.2292   17.9755
    0.0000   15.0000   30.0000 2779.4402   17.8768
    7.5000   15.0000   30.0000 2770.4080   18.0328
   -7.5000   22.5000   30.0000 2702.5911   19.0432
    0.0000   22.5000   30.0000 2718.2739   18.9957
    7.5000   22.5000   30.0000 2700.1133   19.1021
   -7.5000   30.0000   30.0000 2620.1375   20.4339
    0.0000   30.0000   30.0000 2631.9326   20.3520
    7.5000   30.0000   30.0000 2615.7925   20.4537
   -7.5000   37.5000   30.0000 2512.6545   22.0911
    0.0000   37.5000   30.0000 2525.9666   22.0442
    7.5000   37.5000   30.0000 2508.2708   22.1575
   -7.5000   45.0000   30.0000 2382.6277   24.2484
    0.0000   45.0000   30.0000 2397.5100   24.1854
    7.5000   45.0000   30.0000 2378.0198   24.3441
   -7.5000  -45.0000   37.5000 2437.8342   21.8053
    0.0000  -45.0000   37.5000 2451.3845   21.7048
    7.5000  -45.0000   37.5000 2462.2422   22.1745
   -7.5000  -37.5000   37.5000 2539.5737   20.1644
    0.0000  -37.5000   37.5000 2558.8210   20.0085
    7.5000  -37.5000   37.5000 2572.2371   20.4662
   -7.5000  -30.0000   37.5000 2625.4895   18.9387
    0.0000  -30.0000   37.5000 2650.9863   18.7759
    7.5000  -30.0000   37.5000 2665.5300   19.1746
   -7.5000  -22.5000   37.5000 2696.9861   18.0772
    0.0000  -22.5000   37.5000 2723.0706   17.8787
    7.5000  -22.5000   37.5000 2728.0833   18.2515
   -7.5000  -15.0000   37.5000 2745.1306   17.5396
    0.0000  -15.0000   37.5000 2764.3564   17.3964
    7.5000  -15.0000   37.5000 2768.9175   17.7428
   -7.5000   -7.5000   37.5000 2772.4844   17.3610
    0.0000   -7.5000   37.5000 2786.1748   17.2261
    7.5000   -7.5000   37.5000 2789.2517   17.5788
   -7.5000    0.0000   37.5000 2769.7231   17.5895
    0.0000    0.0000   37.5000 2789.8088   17.4475
    7.5000    0.0000   37.5000 2787.4336   17.7785
   -7.5000    7.5000   37.5000 2751.5400   18.0776
    0.0000    7.5000   37.5000 2764.1709   17.9706
    7.5000    7.5000   37.5000 2758.7888   18.2477
   -7.5000   15.0000   37.5000 2700.0994   18.8930
    0.0000   15.0000   37.5000 2717.3328   18.7785
    7.5000   15.0000   37.5000 2705.3870   18.9895
   -7.5000   22.5000   37.5000 2636.3049   19.9338
    0.0000   22.5000   37.5000 2652.4006   19.8581
    7.5000   22.5000   37.5000 2639.2861   20.0425
   -7.5000   30.0000   37.5000 2554.6191   21.3044
    0.0000   30.0000   37.5000 2571.3171   21.2724
    7.5000   30.0000   37.5000 2555.4204   21.4484
   -7.5000   37.5000   37.5000 2453.0312   22.9997
    0.0000   37.5000   37.5000 2471.7551   22.9841
    7.5000   37.5000   37.5000 2453.6958   23.1468
   -7.5000   45.0000   37.5000 2337.5334   25.1175
    0.0000   45.0000   37.5000 2346.3132   25.0726
    7.5000   45.0000   37.5000 2332.6367   25.2737
   -7.5000  -45.0000   45.0000 2390.2061   23.0049
    0.0000  -45.0000   45.0000 2393.3101   22.8609
    7.5000  -45.0000   45.0000 2398.8137   23.4259
   -7.5000  -37.5000   45.0000 2484.4800   21.2732
    0.0000  -37.5000   45.0000 2495.3330   21.1594
    7.5000  -37.5000   45.0000 2502.7312   21.6526
   -7.5000  -30.0000   45.0000 2567.9402   20.0851
    0.0000  -30.0000   45.0000 2585.1675   19.9036
    7.5000  -30.0000   45.0000 2592.0728   20.3205
   -7.5000  -22.5000   45.0000 2624.3362   19.2291
    0.0000  -22.5000   45.0000 2646.1331   19.0433
    7.5000  -22.5000   45.0000 2650.1638   19.4010
   -7.5000  -15.0000   45.0000 2659.9502   18.6712
    0.0000  -15.0000   45.0000 2678.5579   18.5764
    7.5000  -15.0000   45.0000 2680.4653   18.8789
   -7.5000   -7.5000   45.0000 2684.2947   18.4488
    0.0000   -7.5000   45.0000 2700.2766   18.3786
    7.5000   -7.5000   45.0000 2703.7141   18.6877
   -7.5000    0.0000   45.0000 2688.2668   18.6356
    0.0000    0.0000   45.0000 2702.2717   18.6096
    7.5000    0.0000   45.0000 2697.9973   18.8685
   -7.5000    7.5000   45.0000 2672.8362   19.1961
    0.0000    7.5000   45.0000 2688.4209   19.1181
    7.5000    7.5000   45.0000 2679.3672   19.3396
   -7.5000   15.0000   45.0000 2624.5637   20.0192
    0.0000   15.0000   45.0000 2639.4592   19.9317
    7.5000   15.0000   45.0000 2626.5413   20.1186
   -7.5000   22.5000   45.0000 2565.5793   21.1102
    0.0000   22.5000   45.0000 2578.2812   21.0145
    7.5000   22.5000   45.0000 2565.8040   21.1643
   -7.5000   30.0000   45.0000 2481.4277   22.4173
    0.0000   30.0000   45.0000 2497.3381   22.4116
    7.5000   30.0000   45.0000 2483.8521   22.5583
   -7.5000   37.5000   45.0000 2381.4236   24.1919
    0.0000   37.5000   45.0000 2391.5530   24.1647
    7.5000   37.5000   45.0000 2386.5229   24.3391
   -7.5000   45.0000   45.0000 2273.4456   26.4633
    0.0000   45.0000   45.0000 2278.5967   26.3668
    7.5000   45.0000   45.0000 2273.6824   26.6087

---------------------------------------------------------------------
imgreg_4dfp /opt/freesurfer/average/711-2C_as_mni_average_305 /opt/freesurfer/average/711-2B_as_mni_average_305_mask talsrcimg_g11 none talsrcimg_to_711-2C_as_mni_average_305_t4 1283
---------------------------------------------------------------------

freesurfer imgreg_4dfp.c
/opt/freesurfer/average/711-2C_as_mni_average_305.4dfp.img
       256       256       256         1
  1.000000  1.000000  1.000000
orientation T byte_order littleendian
Reading image: /opt/freesurfer/average/711-2C_as_mni_average_305.4dfp.img
dimensions:      256       256       256
mmppix:       1.0000   -1.0000   -1.0000
center:     128.0000 -129.0000 -129.0000
/opt/freesurfer/average/711-2B_as_mni_average_305_mask.4dfp.img
       256       256       256         1
  1.000000  1.000000  1.000000
orientation T byte_order littleendian
Reading mask: /opt/freesurfer/average/711-2B_as_mni_average_305_mask.4dfp.img (2306576 pixels)
talsrcimg_g11.4dfp.img
       256       256       256         1
  1.000000  1.000000  1.000000
orientation T byte_order littleendian
Reading image: talsrcimg_g11.4dfp.img
dimensions:      256       256       256
mmppix:       1.0000   -1.0000   -1.0000
center:     128.0000 -129.0000 -129.0000
rotation matrix determinant  1.000000
fimgreg.f
image alignment mode   1283 decimal      503 hex
parameters
    0.0000    0.0000   15.0000    0.0000    0.0000    0.0000
eta,q 0.92586 15.25438
niter,ni,del,rscale     5    3   12.0000    1.2000
parameter  1 -0.866542 -> -0.500000 qaram    1.1500
parameter  2  0.552868 ->  0.500000 qaram    1.1500
parameters
    3.4500   -3.4500   12.8196    0.2071   -0.2197   -2.7933
eta,q 0.93178 15.22943
  0.0784  0.0702  0.0715  0.0725  0.0740  0.0685
  0.0739  0.0681  0.0708  0.0717  0.0706  0.0682
  0.0765  0.0680  0.0684  0.0697  0.0684  0.0683
  0.0775  0.0693  0.0675  0.0683  0.0683  0.0682
  0.0714  0.0730  0.0735  0.0689  0.0701  0.0697
  0.0707  0.0769  0.0790  0.0703  0.0718  0.0725
  0.0749  0.0782  0.0833  0.0728  0.0738  0.0755
niter,ni,del,rscale     6    3   12.0000    1.2000
parameter  6  0.907066 ->  0.500000 qaram    1.1500
parameters
    2.4494   -6.0134   11.3374    3.0355    0.3369   -6.2433
eta,q 0.93277 14.98846
  0.0763  0.0697  0.0703  0.0732  0.0767  0.0667
  0.0737  0.0670  0.0690  0.0715  0.0720  0.0671
  0.0697  0.0674  0.0696  0.0699  0.0687  0.0678
  0.0682  0.0678  0.0674  0.0691  0.0684  0.0688
  0.0724  0.0701  0.0675  0.0686  0.0699  0.0703
  0.0768  0.0727  0.0734  0.0684  0.0712  0.0726
  0.0825  0.0752  0.0779  0.0692  0.0732  0.0755
niter,ni,del,rscale     6    3   12.0000    1.2000
parameters
    1.9884   -6.7280   12.3882    2.6583   -0.2137   -7.8407
eta,q 0.93470 14.96075
  0.0762  0.0740  0.0702  0.0706  0.0729  0.0674
  0.0739  0.0693  0.0684  0.0677  0.0684  0.0661
  0.0683  0.0672  0.0665  0.0661  0.0656  0.0653
  0.0672  0.0668  0.0669  0.0660  0.0660  0.0655
  0.0696  0.0688  0.0646  0.0670  0.0683  0.0665
  0.0735  0.0736  0.0645  0.0690  0.0716  0.0682
  0.0806  0.0757  0.0692  0.0715  0.0741  0.0708
niter,ni,del,rscale     5    3   12.0000    1.2000
parameters
    1.5061   -6.9856   12.5872    3.1591    0.1175   -8.4418
eta,q 0.93470 14.92755
  0.0740  0.0740  0.0690  0.0714  0.0752  0.0688
  0.0743  0.0686  0.0671  0.0676  0.0705  0.0668
  0.0694  0.0660  0.0660  0.0659  0.0667  0.0657
  0.0653  0.0653  0.0654  0.0653  0.0653  0.0653
  0.0688  0.0660  0.0646  0.0657  0.0664  0.0663
  0.0726  0.0711  0.0662  0.0670  0.0696  0.0679
  0.0797  0.0744  0.0692  0.0692  0.0729  0.0700
niter,ni,del,rscale     4    3   12.0000    1.2000
parameters
    1.0180   -7.4714   12.7835    3.9056    0.7066   -8.9086
eta,q 0.93468 14.90449
  0.0735  0.0729  0.0685  0.0713  0.0765  0.0706
  0.0738  0.0682  0.0672  0.0675  0.0718  0.0676
  0.0699  0.0660  0.0657  0.0660  0.0679  0.0660
  0.0653  0.0655  0.0656  0.0656  0.0656  0.0654
  0.0686  0.0660  0.0651  0.0658  0.0661  0.0668
  0.0727  0.0709  0.0658  0.0666  0.0692  0.0693
  0.0786  0.0750  0.0689  0.0685  0.0733  0.0715
niter,ni,del,rscale     3    3   12.0000    1.2000
parameters
    0.4131   -7.9015   12.9160    4.7161    1.4300   -9.1881
eta,q 0.93460 14.88197
  0.0735  0.0732  0.0684  0.0706  0.0776  0.0730
  0.0738  0.0683  0.0675  0.0677  0.0731  0.0691
  0.0701  0.0662  0.0657  0.0664  0.0688  0.0665
  0.0653  0.0657  0.0659  0.0659  0.0658  0.0654
  0.0691  0.0658  0.0653  0.0658  0.0660  0.0672
  0.0734  0.0704  0.0656  0.0665  0.0691  0.0707
  0.0791  0.0755  0.0693  0.0684  0.0739  0.0737
niter,ni,del,rscale     2    3   12.0000    1.2000
parameters
   -0.1778   -7.9709   13.0591    5.0475    2.1124   -9.1463
eta,q 0.93461 14.86628
  0.0741  0.0747  0.0685  0.0697  0.0775  0.0745
  0.0744  0.0693  0.0676  0.0677  0.0731  0.0702
  0.0708  0.0671  0.0665  0.0663  0.0691  0.0671
  0.0654  0.0660  0.0661  0.0660  0.0660  0.0654
  0.0691  0.0653  0.0647  0.0658  0.0658  0.0668
  0.0741  0.0696  0.0655  0.0668  0.0692  0.0703
  0.0798  0.0757  0.0699  0.0692  0.0743  0.0742
niter,ni,del,rscale     1    3   12.0000    1.2000
parameters
   -0.6221   -7.8643   13.1112    5.0371    2.6425   -9.0252
eta,q 0.93463 14.85021
  0.0743  0.0752  0.0686  0.0692  0.0769  0.0745
  0.0741  0.0700  0.0678  0.0674  0.0727  0.0705
  0.0714  0.0678  0.0673  0.0662  0.0690  0.0672
  0.0654  0.0659  0.0658  0.0658  0.0658  0.0654
  0.0684  0.0647  0.0642  0.0659  0.0658  0.0666
  0.0736  0.0692  0.0659  0.0671  0.0695  0.0700
  0.0794  0.0759  0.0706  0.0695  0.0748  0.0740
registration optimization eta report
parameter search radius
    6.9000    6.9000    6.0000    6.0000    6.0000    6.9000
100000*second partial in parameter space
       20.       21.       11.       10.       27.       18.
  0.0743  0.0752  0.0686  0.0692  0.0769  0.0745
  0.0741  0.0700  0.0678  0.0674  0.0727  0.0705
  0.0714  0.0678  0.0673  0.0662  0.0690  0.0672
  0.0654  0.0659  0.0658  0.0658  0.0658  0.0654
  0.0684  0.0647  0.0642  0.0659  0.0658  0.0666
  0.0736  0.0692  0.0659  0.0671  0.0695  0.0700
  0.0794  0.0759  0.0706  0.0695  0.0748  0.0740
   -0.6221   -7.8643   13.1112    5.0371    2.6425   -9.0252
eta,q 0.93463 14.85021

---------------------------------------------------------------------
imgreg_4dfp /opt/freesurfer/average/711-2C_as_mni_average_305 /opt/freesurfer/average/711-2B_as_mni_average_305_mask talsrcimg_g11 none talsrcimg_to_711-2C_as_mni_average_305_t4 3335
---------------------------------------------------------------------

freesurfer imgreg_4dfp.c
/opt/freesurfer/average/711-2C_as_mni_average_305.4dfp.img
       256       256       256         1
  1.000000  1.000000  1.000000
orientation T byte_order littleendian
Reading image: /opt/freesurfer/average/711-2C_as_mni_average_305.4dfp.img
dimensions:      256       256       256
mmppix:       1.0000   -1.0000   -1.0000
center:     128.0000 -129.0000 -129.0000
/opt/freesurfer/average/711-2B_as_mni_average_305_mask.4dfp.img
       256       256       256         1
  1.000000  1.000000  1.000000
orientation T byte_order littleendian
Reading mask: /opt/freesurfer/average/711-2B_as_mni_average_305_mask.4dfp.img (2306576 pixels)
talsrcimg_g11.4dfp.img
       256       256       256         1
  1.000000  1.000000  1.000000
orientation T byte_order littleendian
Reading image: talsrcimg_g11.4dfp.img
dimensions:      256       256       256
mmppix:       1.0000   -1.0000   -1.0000
center:     128.0000 -129.0000 -129.0000
fimgreg.f
image alignment mode   3335 decimal      D07 hex
parameters
   -0.6221   -7.8643   13.1112   -1.3431   -1.5560   -0.4921
   15.2265   -5.9130  -15.6702   -7.9510    4.6104    8.7708
eta,q 0.93555 14.92521
niter,ni,del,rscale     5    3    5.0000    1.2000
parameter  2 -0.715840 -> -0.500000 qaram    1.1500
parameter  4  3.195946 ->  0.500000 qaram    1.1500
parameter  5  2.273509 ->  0.500000 qaram    1.1500
parameter  6  5.129021 ->  0.500000 qaram    1.1500
parameter  8 -3.270576 -> -0.500000 qaram    1.1500
parameter  9 -0.531721 -> -0.500000 qaram    1.1500
parameters
   -0.5281   -6.4843   14.0998   -5.4831   -5.6960   -4.6321
   14.3235   -1.7730  -11.5302   -8.2467    6.3478    5.7613
eta,q 0.95714 14.97422
  0.0663  0.0682  0.0651  0.0545  0.0525  0.0461  0.0507  0.0583  0.0479  0.0461  0.0463  0.0429
  0.0653  0.0666  0.0642  0.0575  0.0538  0.0487  0.0499  0.0560  0.0460  0.0445  0.0449  0.0429
  0.0647  0.0653  0.0638  0.0605  0.0557  0.0513  0.0494  0.0528  0.0446  0.0434  0.0437  0.0428
  0.0644  0.0644  0.0637  0.0637  0.0583  0.0543  0.0493  0.0493  0.0436  0.0430  0.0430  0.0428
  0.0645  0.0639  0.0637  0.0671  0.0609  0.0569  0.0497  0.0455  0.0431  0.0434  0.0428  0.0432
  0.0651  0.0637  0.0637  0.0716  0.0636  0.0602  0.0505  0.0431  0.0430  0.0447  0.0432  0.0441
  0.0661  0.0638  0.0637  0.0762  0.0672  0.0639  0.0517  0.0426  0.0435  0.0469  0.0442  0.0456
niter,ni,del,rscale     7    3    5.0000    1.2000
parameter  3  4.042771 ->  0.500000 qaram    1.1500
parameter  4  0.632902 ->  0.500000 qaram    1.3225
parameter  5  0.780770 ->  0.500000 qaram    1.3225
parameter  6  0.797272 ->  0.500000 qaram    1.3225
parameter 11  0.560568 ->  0.500000 qaram    1.1500
parameters
   -1.5823   -7.3226   12.7198  -10.2441  -10.4570   -9.3931
   12.3471   -2.3206  -14.3880  -10.1131    2.2078    5.0922
eta,q 0.97189 14.84610
  0.0433  0.0432  0.0358  0.0355  0.0335  0.0291  0.0308  0.0337  0.0300  0.0303  0.0285  0.0298
  0.0424  0.0423  0.0375  0.0353  0.0332  0.0291  0.0297  0.0310  0.0291  0.0291  0.0281  0.0289
  0.0423  0.0420  0.0396  0.0358  0.0338  0.0311  0.0292  0.0295  0.0288  0.0286  0.0281  0.0283
  0.0429  0.0422  0.0420  0.0380  0.0354  0.0332  0.0294  0.0292  0.0291  0.0288  0.0286  0.0281
  0.0442  0.0430  0.0446  0.0426  0.0380  0.0359  0.0304  0.0301  0.0301  0.0297  0.0293  0.0284
  0.0463  0.0444  0.0474  0.0506  0.0413  0.0432  0.0319  0.0320  0.0315  0.0312  0.0303  0.0293
  0.0491  0.0462  0.0500  0.0590  0.0448  0.0496  0.0339  0.0349  0.0332  0.0331  0.0315  0.0306
niter,ni,del,rscale     7    3    5.0000    1.2000
parameter  3  1.168831 ->  0.500000 qaram    1.3225
parameters
   -1.4237   -7.1128   11.1328  -11.0418  -10.5848  -11.2128
   13.8042   -1.6470  -14.3217   -9.5851    1.7297    5.6249
eta,q 0.97412 14.83196
  0.0315  0.0322  0.0242  0.0296  0.0311  0.0297  0.0297  0.0317  0.0284  0.0288  0.0271  0.0276
  0.0299  0.0302  0.0249  0.0278  0.0287  0.0282  0.0280  0.0282  0.0271  0.0273  0.0263  0.0269
  0.0287  0.0287  0.0261  0.0263  0.0266  0.0267  0.0268  0.0265  0.0263  0.0264  0.0260  0.0263
  0.0281  0.0281  0.0280  0.0252  0.0254  0.0254  0.0261  0.0259  0.0260  0.0260  0.0259  0.0259
  0.0282  0.0283  0.0308  0.0249  0.0258  0.0261  0.0260  0.0263  0.0262  0.0261  0.0262  0.0259
  0.0291  0.0293  0.0341  0.0275  0.0283  0.0308  0.0265  0.0275  0.0270  0.0269  0.0266  0.0264
  0.0309  0.0312  0.0378  0.0338  0.0322  0.0382  0.0276  0.0297  0.0283  0.0281  0.0273  0.0273
niter,ni,del,rscale     7    3    5.0000    1.2000
parameter  3  0.589977 ->  0.500000 qaram    1.5209
parameters
   -1.5786   -6.9408    9.3077   -9.7707   -9.6603  -11.8969
   14.2384   -1.0839  -14.2720   -9.0000    3.1605    3.5414
eta,q 0.97541 14.84763
  0.0282  0.0296  0.0252  0.0300  0.0313  0.0290  0.0277  0.0312  0.0271  0.0274  0.0259  0.0252
  0.0269  0.0278  0.0251  0.0282  0.0287  0.0273  0.0262  0.0269  0.0258  0.0259  0.0251  0.0248
  0.0261  0.0265  0.0253  0.0266  0.0264  0.0258  0.0251  0.0250  0.0250  0.0250  0.0248  0.0246
  0.0259  0.0259  0.0259  0.0252  0.0246  0.0243  0.0247  0.0246  0.0247  0.0247  0.0247  0.0246
  0.0263  0.0261  0.0269  0.0239  0.0242  0.0227  0.0249  0.0251  0.0249  0.0248  0.0246  0.0250
  0.0273  0.0271  0.0288  0.0247  0.0263  0.0254  0.0257  0.0265  0.0258  0.0254  0.0248  0.0257
  0.0290  0.0289  0.0315  0.0292  0.0300  0.0350  0.0271  0.0291  0.0270  0.0266  0.0252  0.0267
niter,ni,del,rscale     7    3    5.0000    1.2000
parameters
   -1.7632   -6.5964    7.8270   -9.7879   -8.9772  -12.2556
   14.5536   -1.4674  -14.4769   -8.0633    4.0863    1.2906
eta,q 0.97619 14.82748
  0.0268  0.0287  0.0249  0.0290  0.0310  0.0293  0.0270  0.0297  0.0263  0.0276  0.0251  0.0243
  0.0256  0.0267  0.0242  0.0272  0.0284  0.0273  0.0254  0.0258  0.0249  0.0254  0.0244  0.0240
  0.0248  0.0253  0.0241  0.0256  0.0260  0.0255  0.0244  0.0243  0.0241  0.0244  0.0241  0.0238
  0.0246  0.0246  0.0245  0.0240  0.0241  0.0238  0.0240  0.0240  0.0240  0.0240  0.0240  0.0239
  0.0250  0.0246  0.0253  0.0231  0.0236  0.0223  0.0242  0.0246  0.0244  0.0241  0.0239  0.0243
  0.0260  0.0255  0.0265  0.0251  0.0260  0.0249  0.0251  0.0268  0.0252  0.0247  0.0241  0.0248
  0.0278  0.0272  0.0284  0.0313  0.0304  0.0339  0.0265  0.0308  0.0264  0.0259  0.0247  0.0258
niter,ni,del,rscale     6    3    5.0000    1.2000
parameters
   -1.7240   -6.2628    7.3946   -9.8400   -8.8050  -12.3345
   14.6157   -1.5971  -14.4290   -7.2007    3.9498    0.4148
eta,q 0.97635 14.82633
  0.0266  0.0279  0.0259  0.0287  0.0306  0.0295  0.0266  0.0302  0.0263  0.0277  0.0248  0.0246
  0.0251  0.0259  0.0243  0.0269  0.0280  0.0275  0.0250  0.0260  0.0247  0.0252  0.0241  0.0240
  0.0242  0.0245  0.0237  0.0252  0.0255  0.0255  0.0240  0.0241  0.0238  0.0240  0.0238  0.0237
  0.0238  0.0238  0.0237  0.0236  0.0236  0.0236  0.0236  0.0236  0.0236  0.0236  0.0237  0.0237
  0.0240  0.0238  0.0244  0.0228  0.0235  0.0222  0.0240  0.0242  0.0240  0.0239  0.0237  0.0239
  0.0249  0.0247  0.0254  0.0250  0.0266  0.0247  0.0249  0.0265  0.0248  0.0246  0.0241  0.0244
  0.0266  0.0264  0.0268  0.0310  0.0313  0.0329  0.0265  0.0305  0.0260  0.0258  0.0250  0.0251
niter,ni,del,rscale     5    3    5.0000    1.2000
parameters
   -1.6943   -6.0991    7.1607   -9.7816   -8.6662  -12.4635
   14.5750   -1.4586  -14.2597   -6.7261    3.7393    0.0476
eta,q 0.97639 14.82710
  0.0265  0.0273  0.0263  0.0288  0.0304  0.0295  0.0264  0.0307  0.0262  0.0272  0.0248  0.0248
  0.0250  0.0254  0.0244  0.0269  0.0279  0.0275  0.0249  0.0264  0.0246  0.0249  0.0241  0.0240
  0.0240  0.0242  0.0236  0.0252  0.0255  0.0255  0.0239  0.0242  0.0237  0.0238  0.0238  0.0237
  0.0237  0.0237  0.0236  0.0236  0.0235  0.0235  0.0236  0.0236  0.0236  0.0236  0.0236  0.0236
  0.0239  0.0238  0.0242  0.0227  0.0234  0.0221  0.0239  0.0241  0.0239  0.0239  0.0237  0.0238
  0.0248  0.0248  0.0253  0.0249  0.0266  0.0250  0.0249  0.0262  0.0247  0.0247  0.0241  0.0243
  0.0265  0.0266  0.0266  0.0308  0.0313  0.0330  0.0265  0.0301  0.0258  0.0260  0.0251  0.0250
niter,ni,del,rscale     4    3    5.0000    1.2000
parameters
   -1.6740   -6.0075    7.0221   -9.7254   -8.5809  -12.5842
   14.5419   -1.3269  -14.1256   -6.4673    3.5798   -0.1464
eta,q 0.97640 14.82595
  0.0265  0.0271  0.0265  0.0288  0.0304  0.0296  0.0265  0.0307  0.0262  0.0270  0.0249  0.0249
  0.0249  0.0252  0.0245  0.0269  0.0279  0.0275  0.0249  0.0264  0.0246  0.0247  0.0241  0.0241
  0.0240  0.0241  0.0237  0.0252  0.0255  0.0255  0.0239  0.0242  0.0237  0.0237  0.0238  0.0237
  0.0236  0.0236  0.0236  0.0236  0.0235  0.0235  0.0236  0.0236  0.0236  0.0236  0.0236  0.0236
  0.0238  0.0238  0.0242  0.0226  0.0234  0.0222  0.0239  0.0241  0.0239  0.0240  0.0237  0.0238
  0.0247  0.0249  0.0252  0.0249  0.0267  0.0251  0.0249  0.0263  0.0247  0.0248  0.0241  0.0242
  0.0265  0.0267  0.0266  0.0308  0.0314  0.0330  0.0266  0.0302  0.0258  0.0261  0.0251  0.0249
niter,ni,del,rscale     3    3    5.0000    1.2000
parameters
   -1.6599   -5.9510    6.9347   -9.6826   -8.5360  -12.6698
   14.5212   -1.2355  -14.0270   -6.3187    3.4848   -0.2575
eta,q 0.97639 14.82466
  0.0265  0.0270  0.0266  0.0288  0.0304  0.0296  0.0265  0.0307  0.0261  0.0269  0.0250  0.0249
  0.0250  0.0252  0.0246  0.0270  0.0279  0.0276  0.0249  0.0264  0.0246  0.0246  0.0241  0.0241
  0.0240  0.0240  0.0237  0.0253  0.0255  0.0256  0.0239  0.0242  0.0238  0.0237  0.0238  0.0237
  0.0236  0.0236  0.0236  0.0236  0.0236  0.0235  0.0236  0.0236  0.0236  0.0236  0.0236  0.0236
  0.0238  0.0239  0.0241  0.0227  0.0235  0.0222  0.0239  0.0242  0.0239  0.0240  0.0237  0.0238
  0.0248  0.0249  0.0252  0.0250  0.0268  0.0251  0.0249  0.0263  0.0247  0.0249  0.0241  0.0242
  0.0266  0.0268  0.0266  0.0309  0.0315  0.0329  0.0266  0.0303  0.0258  0.0262  0.0251  0.0249
niter,ni,del,rscale     2    3    5.0000    1.2000
parameters
   -1.6497   -5.9125    6.8820   -9.6502   -8.5149  -12.7253
   14.5032   -1.1794  -13.9646   -6.2233    3.4200   -0.3282
eta,q 0.97638 14.82382
  0.0265  0.0269  0.0267  0.0289  0.0303  0.0297  0.0266  0.0306  0.0261  0.0268  0.0250  0.0250
  0.0250  0.0251  0.0247  0.0270  0.0279  0.0276  0.0250  0.0264  0.0246  0.0246  0.0242  0.0241
  0.0240  0.0240  0.0237  0.0253  0.0255  0.0256  0.0240  0.0242  0.0238  0.0237  0.0238  0.0237
  0.0236  0.0236  0.0236  0.0236  0.0236  0.0236  0.0236  0.0236  0.0236  0.0236  0.0236  0.0236
  0.0238  0.0239  0.0241  0.0227  0.0235  0.0222  0.0239  0.0242  0.0239  0.0240  0.0237  0.0238
  0.0248  0.0249  0.0252  0.0250  0.0269  0.0251  0.0250  0.0264  0.0247  0.0249  0.0242  0.0242
  0.0266  0.0268  0.0265  0.0309  0.0316  0.0328  0.0266  0.0303  0.0258  0.0262  0.0251  0.0250
niter,ni,del,rscale     1    3    5.0000    1.2000
parameters
   -1.6441   -5.8873    6.8494   -9.6269   -8.5040  -12.7607
   14.4889   -1.1422  -13.9205   -6.1635    3.3822   -0.3732
eta,q 0.97638 14.82321
  0.0265  0.0269  0.0268  0.0289  0.0303  0.0297  0.0266  0.0306  0.0260  0.0268  0.0250  0.0250
  0.0250  0.0251  0.0247  0.0270  0.0279  0.0277  0.0250  0.0264  0.0245  0.0246  0.0242  0.0241
  0.0240  0.0240  0.0237  0.0253  0.0255  0.0257  0.0240  0.0242  0.0238  0.0237  0.0238  0.0237
  0.0236  0.0236  0.0236  0.0236  0.0236  0.0236  0.0236  0.0236  0.0236  0.0236  0.0236  0.0236
  0.0239  0.0239  0.0241  0.0227  0.0236  0.0222  0.0240  0.0242  0.0239  0.0241  0.0237  0.0238
  0.0248  0.0250  0.0252  0.0250  0.0269  0.0251  0.0250  0.0264  0.0247  0.0249  0.0242  0.0242
  0.0266  0.0269  0.0265  0.0310  0.0316  0.0328  0.0266  0.0304  0.0258  0.0263  0.0251  0.0250
registration optimization eta report
parameter search radius
    2.4000    2.7600    3.6501    9.5220    9.5220    9.5220
    7.2000    8.2800    8.2800    7.2000    8.2800    7.2000
100000*second partial in parameter space
       51.       43.       23.        7.        8.        9.
        6.       10.        3.        6.        2.        3.
  0.0265  0.0269  0.0268  0.0289  0.0303  0.0297  0.0266  0.0306  0.0260  0.0268  0.0250  0.0250
  0.0250  0.0251  0.0247  0.0270  0.0279  0.0277  0.0250  0.0264  0.0245  0.0246  0.0242  0.0241
  0.0240  0.0240  0.0237  0.0253  0.0255  0.0257  0.0240  0.0242  0.0238  0.0237  0.0238  0.0237
  0.0236  0.0236  0.0236  0.0236  0.0236  0.0236  0.0236  0.0236  0.0236  0.0236  0.0236  0.0236
  0.0239  0.0239  0.0241  0.0227  0.0236  0.0222  0.0240  0.0242  0.0239  0.0241  0.0237  0.0238
  0.0248  0.0250  0.0252  0.0250  0.0269  0.0251  0.0250  0.0264  0.0247  0.0249  0.0242  0.0242
  0.0266  0.0269  0.0265  0.0310  0.0316  0.0328  0.0266  0.0304  0.0258  0.0263  0.0251  0.0250
   -1.6441   -5.8873    6.8494   -9.6269   -8.5040  -12.7607
   14.4889   -1.1422  -13.9205   -6.1635    3.3822   -0.3732
eta,q 0.97638 14.82321

---------------------------------------------------------------------
imgreg_4dfp /opt/freesurfer/average/711-2C_as_mni_average_305 /opt/freesurfer/average/711-2B_as_mni_average_305_mask talsrcimg_g11 none talsrcimg_to_711-2C_as_mni_average_305_t4 2311
---------------------------------------------------------------------

freesurfer imgreg_4dfp.c
/opt/freesurfer/average/711-2C_as_mni_average_305.4dfp.img
       256       256       256         1
  1.000000  1.000000  1.000000
orientation T byte_order littleendian
Reading image: /opt/freesurfer/average/711-2C_as_mni_average_305.4dfp.img
dimensions:      256       256       256
mmppix:       1.0000   -1.0000   -1.0000
center:     128.0000 -129.0000 -129.0000
/opt/freesurfer/average/711-2B_as_mni_average_305_mask.4dfp.img
       256       256       256         1
  1.000000  1.000000  1.000000
orientation T byte_order littleendian
Reading mask: /opt/freesurfer/average/711-2B_as_mni_average_305_mask.4dfp.img (2306576 pixels)
talsrcimg_g11.4dfp.img
       256       256       256         1
  1.000000  1.000000  1.000000
orientation T byte_order littleendian
Reading image: talsrcimg_g11.4dfp.img
dimensions:      256       256       256
mmppix:       1.0000   -1.0000   -1.0000
center:     128.0000 -129.0000 -129.0000
fimgreg.f
image alignment mode   2311 decimal      907 hex
parameters
   -1.6441   -5.8873    6.8494   -9.6269   -8.5040  -12.7607
   14.4889   -1.1422  -13.9205   -6.1635    3.3822   -0.3732
eta,q 0.97638 14.82322
niter,ni,del,rscale     5    3    5.0000    0.8000
parameter  4 -0.554707 -> -0.500000 qaram    1.1500
parameters
   -1.5860   -5.8229    6.4908   -6.8669   -7.9785  -12.0954
   14.3529   -0.8760  -12.8649   -5.1680    3.1829   -0.4133
eta,q 0.97774 14.92260
  0.0250  0.0248  0.0239  0.0262  0.0256  0.0255  0.0243  0.0270  0.0242  0.0250  0.0234  0.0232
  0.0243  0.0242  0.0237  0.0253  0.0245  0.0245  0.0232  0.0247  0.0233  0.0236  0.0227  0.0226
  0.0238  0.0238  0.0236  0.0245  0.0235  0.0234  0.0226  0.0230  0.0227  0.0227  0.0224  0.0223
  0.0236  0.0236  0.0236  0.0236  0.0227  0.0226  0.0224  0.0224  0.0224  0.0223  0.0223  0.0223
  0.0237  0.0237  0.0238  0.0229  0.0226  0.0222  0.0227  0.0228  0.0223  0.0223  0.0224  0.0224
  0.0241  0.0240  0.0240  0.0228  0.0233  0.0228  0.0234  0.0240  0.0226  0.0226  0.0229  0.0227
  0.0248  0.0246  0.0244  0.0237  0.0250  0.0248  0.0245  0.0261  0.0230  0.0233  0.0236  0.0232
niter,ni,del,rscale     5    3    5.0000    0.8000
parameters
   -1.8253   -5.9378    6.7739   -7.7666   -7.5414  -11.1651
   14.3017   -0.9159  -12.8896   -5.4090    2.8982   -0.4912
eta,q 0.97816 14.95394
  0.0238  0.0234  0.0235  0.0247  0.0253  0.0254  0.0237  0.0259  0.0230  0.0237  0.0229  0.0228
  0.0228  0.0227  0.0228  0.0237  0.0241  0.0243  0.0227  0.0237  0.0224  0.0226  0.0223  0.0222
  0.0223  0.0223  0.0224  0.0227  0.0231  0.0232  0.0221  0.0223  0.0220  0.0220  0.0219  0.0219
  0.0223  0.0222  0.0222  0.0222  0.0224  0.0223  0.0219  0.0219  0.0219  0.0219  0.0218  0.0218
  0.0227  0.0224  0.0222  0.0228  0.0223  0.0217  0.0221  0.0224  0.0220  0.0222  0.0220  0.0220
  0.0237  0.0230  0.0224  0.0248  0.0231  0.0221  0.0228  0.0238  0.0224  0.0229  0.0225  0.0223
  0.0251  0.0238  0.0228  0.0281  0.0248  0.0242  0.0239  0.0260  0.0230  0.0240  0.0232  0.0229
niter,ni,del,rscale     4    3    5.0000    0.7000
parameters
   -1.7620   -6.0905    6.9316   -8.0992   -7.3911  -10.7389
   14.2710   -0.8000  -12.9618   -5.7121    2.7934   -0.3988
eta,q 0.97831 14.96371
  0.0235  0.0227  0.0228  0.0241  0.0243  0.0245  0.0232  0.0251  0.0226  0.0232  0.0226  0.0225
  0.0227  0.0222  0.0222  0.0232  0.0233  0.0235  0.0224  0.0233  0.0221  0.0222  0.0221  0.0220
  0.0221  0.0219  0.0219  0.0224  0.0224  0.0226  0.0219  0.0221  0.0218  0.0218  0.0218  0.0218
  0.0218  0.0218  0.0218  0.0218  0.0219  0.0219  0.0217  0.0217  0.0217  0.0217  0.0217  0.0217
  0.0219  0.0220  0.0219  0.0220  0.0219  0.0216  0.0219  0.0221  0.0218  0.0220  0.0218  0.0218
  0.0224  0.0225  0.0221  0.0232  0.0227  0.0222  0.0224  0.0231  0.0221  0.0226  0.0221  0.0220
  0.0233  0.0232  0.0224  0.0255  0.0243  0.0242  0.0233  0.0248  0.0226  0.0236  0.0226  0.0225
niter,ni,del,rscale     3    3    5.0000    0.6000
parameters
   -1.7044   -6.1931    7.0466   -8.1303   -7.3105  -10.4026
   14.2979   -0.7337  -12.9963   -5.9069    2.7767   -0.2865
eta,q 0.97843 14.97329
  0.0229  0.0224  0.0224  0.0236  0.0235  0.0238  0.0227  0.0242  0.0223  0.0228  0.0223  0.0222
  0.0223  0.0220  0.0220  0.0229  0.0227  0.0230  0.0221  0.0228  0.0219  0.0220  0.0219  0.0219
  0.0219  0.0217  0.0218  0.0222  0.0221  0.0222  0.0217  0.0219  0.0216  0.0217  0.0216  0.0216
  0.0217  0.0217  0.0217  0.0217  0.0217  0.0217  0.0216  0.0216  0.0216  0.0216  0.0216  0.0216
  0.0218  0.0218  0.0217  0.0217  0.0218  0.0215  0.0217  0.0219  0.0217  0.0218  0.0217  0.0216
  0.0221  0.0222  0.0219  0.0225  0.0224  0.0220  0.0221  0.0227  0.0219  0.0223  0.0219  0.0218
  0.0227  0.0227  0.0221  0.0241  0.0236  0.0235  0.0227  0.0240  0.0223  0.0230  0.0223  0.0221
niter,ni,del,rscale     2    3    5.0000    0.5000
parameters
   -1.6903   -6.2726    7.1771   -8.0650   -7.2598  -10.0792
   14.3205   -0.7246  -13.0113   -6.0602    2.7798   -0.1896
eta,q 0.97853 14.98423
  0.0224  0.0221  0.0221  0.0230  0.0229  0.0232  0.0223  0.0234  0.0220  0.0223  0.0220  0.0219
  0.0220  0.0218  0.0218  0.0224  0.0223  0.0225  0.0219  0.0223  0.0217  0.0218  0.0217  0.0217
  0.0217  0.0216  0.0216  0.0219  0.0218  0.0220  0.0216  0.0217  0.0215  0.0215  0.0215  0.0215
  0.0216  0.0216  0.0216  0.0216  0.0216  0.0216  0.0215  0.0215  0.0215  0.0215  0.0215  0.0215
  0.0216  0.0217  0.0216  0.0216  0.0216  0.0214  0.0216  0.0217  0.0215  0.0216  0.0215  0.0215
  0.0219  0.0219  0.0217  0.0221  0.0221  0.0218  0.0218  0.0223  0.0217  0.0220  0.0217  0.0216
  0.0224  0.0223  0.0219  0.0232  0.0230  0.0228  0.0223  0.0233  0.0220  0.0225  0.0220  0.0219
niter,ni,del,rscale     1    3    5.0000    0.4000
parameters
   -1.6983   -6.3425    7.3308   -7.9887   -7.2272   -9.7454
   14.3310   -0.7480  -13.0118   -6.1924    2.8045   -0.0983
eta,q 0.97862 14.99579
  0.0220  0.0218  0.0219  0.0225  0.0224  0.0226  0.0219  0.0226  0.0217  0.0220  0.0217  0.0217
  0.0217  0.0216  0.0216  0.0221  0.0219  0.0221  0.0216  0.0219  0.0215  0.0216  0.0215  0.0215
  0.0215  0.0215  0.0215  0.0217  0.0216  0.0217  0.0215  0.0215  0.0214  0.0214  0.0214  0.0214
  0.0215  0.0215  0.0215  0.0215  0.0214  0.0214  0.0214  0.0214  0.0214  0.0214  0.0214  0.0214
  0.0215  0.0215  0.0215  0.0215  0.0215  0.0214  0.0214  0.0216  0.0214  0.0215  0.0214  0.0214
  0.0217  0.0217  0.0215  0.0218  0.0218  0.0216  0.0216  0.0220  0.0215  0.0217  0.0215  0.0215
  0.0220  0.0220  0.0216  0.0225  0.0224  0.0222  0.0219  0.0227  0.0217  0.0221  0.0217  0.0216
registration optimization eta report
parameter search radius
    0.8000    0.8000    0.8000    2.7600    2.4000    2.4000
    2.4000    2.4000    2.4000    2.4000    2.4000    2.4000
100000*second partial in parameter space
       85.       66.       43.       14.       16.       17.
       10.       22.        6.       11.        6.        5.
  0.0220  0.0218  0.0219  0.0225  0.0224  0.0226  0.0219  0.0226  0.0217  0.0220  0.0217  0.0217
  0.0217  0.0216  0.0216  0.0221  0.0219  0.0221  0.0216  0.0219  0.0215  0.0216  0.0215  0.0215
  0.0215  0.0215  0.0215  0.0217  0.0216  0.0217  0.0215  0.0215  0.0214  0.0214  0.0214  0.0214
  0.0215  0.0215  0.0215  0.0215  0.0214  0.0214  0.0214  0.0214  0.0214  0.0214  0.0214  0.0214
  0.0215  0.0215  0.0215  0.0215  0.0215  0.0214  0.0214  0.0216  0.0214  0.0215  0.0214  0.0214
  0.0217  0.0217  0.0215  0.0218  0.0218  0.0216  0.0216  0.0220  0.0215  0.0217  0.0215  0.0215
  0.0220  0.0220  0.0216  0.0225  0.0224  0.0222  0.0219  0.0227  0.0217  0.0221  0.0217  0.0216
   -1.6983   -6.3425    7.3308   -7.9887   -7.2272   -9.7454
   14.3310   -0.7480  -13.0118   -6.1924    2.8045   -0.0983
eta,q 0.97862 14.99579

---------------------------------------------------------------------
imgreg_4dfp /opt/freesurfer/average/711-2C_as_mni_average_305 /opt/freesurfer/average/711-2B_as_mni_average_305_mask talsrcimg_g11 none talsrcimg_to_711-2C_as_mni_average_305_t4 2311
---------------------------------------------------------------------

freesurfer imgreg_4dfp.c
/opt/freesurfer/average/711-2C_as_mni_average_305.4dfp.img
       256       256       256         1
  1.000000  1.000000  1.000000
orientation T byte_order littleendian
Reading image: /opt/freesurfer/average/711-2C_as_mni_average_305.4dfp.img
dimensions:      256       256       256
mmppix:       1.0000   -1.0000   -1.0000
center:     128.0000 -129.0000 -129.0000
/opt/freesurfer/average/711-2B_as_mni_average_305_mask.4dfp.img
       256       256       256         1
  1.000000  1.000000  1.000000
orientation T byte_order littleendian
Reading mask: /opt/freesurfer/average/711-2B_as_mni_average_305_mask.4dfp.img (2306576 pixels)
talsrcimg_g11.4dfp.img
       256       256       256         1
  1.000000  1.000000  1.000000
orientation T byte_order littleendian
Reading image: talsrcimg_g11.4dfp.img
dimensions:      256       256       256
mmppix:       1.0000   -1.0000   -1.0000
center:     128.0000 -129.0000 -129.0000
fimgreg.f
image alignment mode   2311 decimal      907 hex
parameters
   -1.6983   -6.3425    7.3308   -7.9887   -7.2272   -9.7454
   14.3310   -0.7480  -13.0118   -6.1924    2.8045   -0.0983
eta,q 0.97862 14.99579
niter,ni,del,rscale     5    3    5.0000    0.8000
parameters
   -1.7685   -6.4222    7.6174   -8.5688   -7.6017  -10.0153
   14.3930   -0.8559  -13.4250   -6.4889    2.8257    0.1229
eta,q 0.97840 14.98755
  0.0234  0.0229  0.0230  0.0234  0.0240  0.0244  0.0235  0.0254  0.0226  0.0235  0.0227  0.0226
  0.0223  0.0220  0.0221  0.0226  0.0229  0.0233  0.0225  0.0232  0.0220  0.0223  0.0220  0.0221
  0.0216  0.0215  0.0216  0.0218  0.0220  0.0223  0.0219  0.0220  0.0217  0.0217  0.0217  0.0217
  0.0214  0.0214  0.0214  0.0214  0.0215  0.0215  0.0216  0.0216  0.0216  0.0216  0.0216  0.0216
  0.0217  0.0216  0.0214  0.0216  0.0218  0.0214  0.0218  0.0222  0.0218  0.0220  0.0217  0.0217
  0.0225  0.0222  0.0217  0.0230  0.0232  0.0229  0.0224  0.0235  0.0223  0.0228  0.0221  0.0219
  0.0238  0.0232  0.0221  0.0256  0.0255  0.0264  0.0234  0.0257  0.0229  0.0239  0.0226  0.0225
niter,ni,del,rscale     4    3    5.0000    0.7000
parameters
   -1.7091   -6.3948    7.4296   -8.3995   -7.5694  -10.1070
   14.4879   -0.8640  -13.4155   -6.4784    2.9483    0.0983
eta,q 0.97845 14.98174
  0.0231  0.0228  0.0221  0.0235  0.0238  0.0239  0.0231  0.0247  0.0225  0.0233  0.0225  0.0223
  0.0224  0.0222  0.0217  0.0228  0.0229  0.0230  0.0223  0.0230  0.0219  0.0223  0.0220  0.0219
  0.0218  0.0217  0.0216  0.0221  0.0220  0.0221  0.0217  0.0219  0.0216  0.0217  0.0216  0.0216
  0.0216  0.0216  0.0216  0.0216  0.0215  0.0215  0.0215  0.0215  0.0215  0.0216  0.0215  0.0215
  0.0217  0.0217  0.0217  0.0215  0.0216  0.0214  0.0217  0.0220  0.0217  0.0218  0.0216  0.0216
  0.0221  0.0221  0.0220  0.0221  0.0225  0.0224  0.0222  0.0230  0.0220  0.0223  0.0219  0.0219
  0.0229  0.0227  0.0224  0.0237  0.0241  0.0250  0.0230  0.0247  0.0224  0.0232  0.0224  0.0223
niter,ni,del,rscale     3    3    5.0000    0.6000
parameters
   -1.7030   -6.3860    7.3883   -8.2055   -7.4706  -10.0107
   14.4859   -0.8874  -13.3355   -6.4002    2.9804    0.0672
eta,q 0.97854 14.98738
  0.0226  0.0224  0.0221  0.0231  0.0233  0.0235  0.0226  0.0240  0.0222  0.0228  0.0222  0.0220
  0.0221  0.0219  0.0217  0.0225  0.0226  0.0227  0.0220  0.0226  0.0218  0.0221  0.0218  0.0217
  0.0217  0.0217  0.0216  0.0219  0.0219  0.0220  0.0216  0.0217  0.0215  0.0216  0.0215  0.0215
  0.0215  0.0216  0.0215  0.0215  0.0215  0.0215  0.0215  0.0215  0.0215  0.0215  0.0215  0.0215
  0.0216  0.0216  0.0216  0.0215  0.0216  0.0214  0.0216  0.0218  0.0215  0.0216  0.0215  0.0215
  0.0220  0.0219  0.0218  0.0220  0.0222  0.0220  0.0220  0.0226  0.0218  0.0220  0.0218  0.0217
  0.0227  0.0224  0.0221  0.0231  0.0234  0.0238  0.0226  0.0240  0.0221  0.0227  0.0221  0.0221
niter,ni,del,rscale     2    3    5.0000    0.5000
parameters
   -1.7203   -6.4021    7.4300   -8.0616   -7.3744   -9.8010
   14.4489   -0.8975  -13.2463   -6.3761    2.9722    0.0793
eta,q 0.97862 14.99638
  0.0222  0.0221  0.0219  0.0227  0.0228  0.0230  0.0222  0.0233  0.0219  0.0224  0.0219  0.0218
  0.0218  0.0217  0.0216  0.0222  0.0222  0.0223  0.0217  0.0222  0.0216  0.0218  0.0216  0.0216
  0.0216  0.0215  0.0215  0.0217  0.0217  0.0218  0.0215  0.0216  0.0214  0.0215  0.0214  0.0214
  0.0215  0.0215  0.0215  0.0215  0.0214  0.0214  0.0214  0.0214  0.0214  0.0214  0.0214  0.0214
  0.0216  0.0215  0.0215  0.0214  0.0215  0.0213  0.0215  0.0216  0.0214  0.0215  0.0214  0.0214
  0.0218  0.0218  0.0216  0.0218  0.0219  0.0217  0.0218  0.0222  0.0216  0.0218  0.0216  0.0216
  0.0223  0.0221  0.0218  0.0226  0.0228  0.0229  0.0222  0.0232  0.0219  0.0223  0.0219  0.0218
niter,ni,del,rscale     1    3    5.0000    0.4000
parameters
   -1.7375   -6.4272    7.5301   -7.9644   -7.3184   -9.5209
   14.4116   -0.8994  -13.1567   -6.4030    2.9713    0.1208
eta,q 0.97869 15.00581
  0.0219  0.0218  0.0217  0.0222  0.0223  0.0225  0.0218  0.0226  0.0217  0.0219  0.0217  0.0216
  0.0216  0.0216  0.0215  0.0218  0.0219  0.0220  0.0215  0.0219  0.0215  0.0216  0.0215  0.0214
  0.0214  0.0214  0.0214  0.0216  0.0215  0.0216  0.0214  0.0214  0.0214  0.0214  0.0213  0.0213
  0.0214  0.0214  0.0214  0.0214  0.0214  0.0214  0.0213  0.0213  0.0213  0.0213  0.0213  0.0213
  0.0214  0.0214  0.0214  0.0214  0.0214  0.0213  0.0214  0.0215  0.0213  0.0214  0.0213  0.0213
  0.0216  0.0216  0.0215  0.0216  0.0217  0.0215  0.0216  0.0219  0.0214  0.0216  0.0215  0.0214
  0.0220  0.0218  0.0216  0.0222  0.0223  0.0222  0.0219  0.0226  0.0216  0.0220  0.0217  0.0216
registration optimization eta report
parameter search radius
    0.8000    0.8000    0.8000    2.4000    2.4000    2.4000
    2.4000    2.4000    2.4000    2.4000    2.4000    2.4000
100000*second partial in parameter space
       85.       65.       40.       14.       16.       17.
        9.       22.        6.       11.        6.        5.
  0.0219  0.0218  0.0217  0.0222  0.0223  0.0225  0.0218  0.0226  0.0217  0.0219  0.0217  0.0216
  0.0216  0.0216  0.0215  0.0218  0.0219  0.0220  0.0215  0.0219  0.0215  0.0216  0.0215  0.0214
  0.0214  0.0214  0.0214  0.0216  0.0215  0.0216  0.0214  0.0214  0.0214  0.0214  0.0213  0.0213
  0.0214  0.0214  0.0214  0.0214  0.0214  0.0214  0.0213  0.0213  0.0213  0.0213  0.0213  0.0213
  0.0214  0.0214  0.0214  0.0214  0.0214  0.0213  0.0214  0.0215  0.0213  0.0214  0.0213  0.0213
  0.0216  0.0216  0.0215  0.0216  0.0217  0.0215  0.0216  0.0219  0.0214  0.0216  0.0215  0.0214
  0.0220  0.0218  0.0216  0.0222  0.0223  0.0222  0.0219  0.0226  0.0216  0.0220  0.0217  0.0216
   -1.7375   -6.4272    7.5301   -7.9644   -7.3184   -9.5209
   14.4116   -0.8994  -13.1567   -6.4030    2.9713    0.1208
eta,q 0.97869 15.00581

---------------------------------------------------------------------
compute_vox2vox talsrcimg talsrcimg_to_711-2C_as_mni_average_305_t4 /opt/freesurfer/average/711-2C_as_mni_average_305
---------------------------------------------------------------------

freesurfer compute_vox2vox.c
Reading: talsrcimg.4dfp.ifh
Reading: talsrcimg_to_711-2C_as_mni_average_305_t4
Reading: /opt/freesurfer/average/711-2C_as_mni_average_305.4dfp.ifh
Writing: talsrcimg_to_711-2C_as_mni_average_305_t4_vox2vox.txt

start time Wed Mar 11 09:07:14 CET 2026
end		time Wed Mar 11 09:07:28 CET 2026

mpr2mni305 success

avi2talxfm orig_nu.mgz /opt/freesurfer/average/mni305.cor.mgz talsrcimg_to_711-2C_as_mni_average_305_t4_vox2vox.txt transforms/talairach.auto.xfm
avi2talxfm done
mv -f /out/sourcedata/freesurfer/sub-v2s15x29755_ses-1/mri/talsrcimg_to_711-2C_as_mni_average_305_t4_vox2vox.txt /out/sourcedata/freesurfer/sub-v2s15x29755_ses-1/mri/transforms/talsrcimg_to_711-2C_as_mni_average_305_t4_vox2vox.txt
lta_convert --src orig_nu.mgz --trg /opt/freesurfer/average/mni305.cor.mgz --inxfm transforms/talairach.auto.xfm --outlta transforms/talairach.auto.xfm.lta --subject fsaverage
7.3.2

--src: orig_nu.mgz src image (geometry).
--trg: /opt/freesurfer/average/mni305.cor.mgz trg image (geometry).
--inmni: transforms/talairach.auto.xfm input MNI/XFM transform.
--outlta: transforms/talairach.auto.xfm.lta output LTA.
--s: fsaverage subject name
 LTA read, type : 1
 1.06295  -0.00113  -0.16528   8.25071;
-0.03511   1.10516   0.00402  -17.75119;
 0.14847   0.07619   1.05578   4.09857;
 0.00000   0.00000   0.00000   1.00000;
setting subject to fsaverage
Writing  LTA to file transforms/talairach.auto.xfm.lta...
lta_convert successful.
 
 
Started at Wed Mar 11 09:07:14 CET 2026
Ended   at Wed Mar 11 09:07:29 CET 2026
talairach_avi done
