/out/sourcedata/freesurfer/sub-v2s15x29731_ses-1/mri
/opt/freesurfer/bin/talairach_avi
--i orig_nu.mgz --xfm transforms/talairach.auto.xfm
talairach_avi 7.3.2
Linux dna054 5.14.0-427.37.1.el9_4.x86_64 #1 SMP PREEMPT_DYNAMIC Fri Sep 13 12:41:50 EDT 2024 x86_64 x86_64 x86_64 GNU/Linux
Wed Mar 11 07:46:12 CET 2026
mri_convert orig_nu.mgz talsrcimg.img 
reading from orig_nu.mgz...
TR=0.00, TE=0.00, TI=0.00, flip angle=0.00
i_ras = (-1, 0, 0)
j_ras = (0, 0, -1)
k_ras = (0, 1, 0)
writing to talsrcimg.img...
Analyze Output Matrix
-1.00000   0.00000   0.00000   130.86710;
 0.00000   0.00000   1.00000  -126.18933;
 0.00000  -1.00000   0.00000   138.43839;
 0.00000   0.00000   0.00000   1.00000;
--------------------
INFO: set hdr.hist.orient to -1
mpr2mni305 talsrcimg
Wed Mar 11 07:46:13 CET 2026
/opt/freesurfer/bin/mpr2mni305 talsrcimg
mpr2mni305 7.3.2
target=711-2C_as_mni_average_305

---------------------------------------------------------------------
analyzeto4dfp talsrcimg -O0 -y
---------------------------------------------------------------------

freesurfer ifh2hdr.c
Wed Mar 11 07:46:13 2026
Writing: talsrcimg.4dfp.hdr
freesurfer analyzeto4dfp.c
Reading: talsrcimg.hdr
header size 348 bytes
hdr.dime.datatype	offset=70	value=2
hdr.dime.bitpix		offset=72	value=8
hdr.hist.orient		offset=252	value=-1
dimensionality     4
dimensions       256       256       256         1
Reading: talsrcimg.img
Writing: talsrcimg.4dfp.img
Writing: talsrcimg.4dfp.ifh
ifh2hdr talsrcimg -r0to238
ori=2

---------------------------------------------------------------------
gauss_4dfp talsrcimg 1.1
---------------------------------------------------------------------

freesurfer gauss_4dfp.c
Reading: talsrcimg.4dfp.img
Writing: talsrcimg_g11.4dfp.img
image dimensions 256 256 256 padded to 288 288 288
processing volume 1freesurfer ifh2hdr.c
Wed Mar 11 07:46:15 2026
Writing: talsrcimg_g11.4dfp.hdr

Writing: talsrcimg_g11.4dfp.ifh
including: talsrcimg.4dfp.img.rec in talsrcimg_g11.4dfp.img.rec

---------------------------------------------------------------------
imgreg_4dfp /opt/freesurfer/average/711-2C_as_mni_average_305 none talsrcimg_g11 none talsrcimg_to_711-2C_as_mni_average_305_t4 4355
---------------------------------------------------------------------

freesurfer imgreg_4dfp.c
/opt/freesurfer/average/711-2C_as_mni_average_305.4dfp.img
       256       256       256         1
  1.000000  1.000000  1.000000
orientation T byte_order littleendian
Reading image: /opt/freesurfer/average/711-2C_as_mni_average_305.4dfp.img
dimensions:      256       256       256
mmppix:       1.0000   -1.0000   -1.0000
center:     128.0000 -129.0000 -129.0000
talsrcimg_g11.4dfp.img
       256       256       256         1
  1.000000  1.000000  1.000000
orientation T byte_order littleendian
Reading image: talsrcimg_g11.4dfp.img
dimensions:      256       256       256
mmppix:       1.0000   -1.0000   -1.0000
center:     128.0000 -129.0000 -129.0000
t4_read: open error in t4_sub.f l:  41 t4_file(1:l)talsrcimg_to_711-2C_as_mni_average_305_t4 
t4_read: transform initialized to I4
rotation matrix determinant  1.000000
image alignment mode   4355 decimal     1103 hex
   -7.5000  -45.0000  -45.0000 8120.8159   15.5775
    0.0000  -45.0000  -45.0000 8445.6494   15.5798
    7.5000  -45.0000  -45.0000 8074.7847   15.5608
   -7.5000  -37.5000  -45.0000 8603.9277   15.5338
    0.0000  -37.5000  -45.0000 8942.2969   15.5364
    7.5000  -37.5000  -45.0000 8547.2402   15.5152
   -7.5000  -30.0000  -45.0000 9364.2559   15.5275
    0.0000  -30.0000  -45.0000 9728.1084   15.5335
    7.5000  -30.0000  -45.0000 9279.1660   15.5071
   -7.5000  -22.5000  -45.000010078.2568   15.5373
    0.0000  -22.5000  -45.000010525.6279   15.5471
    7.5000  -22.5000  -45.000010012.3896   15.5182
   -7.5000  -15.0000  -45.000010772.9824   15.5508
    0.0000  -15.0000  -45.000011236.3838   15.5614
    7.5000  -15.0000  -45.000010689.0596   15.5354
   -7.5000   -7.5000  -45.000011434.7412   15.5550
    0.0000   -7.5000  -45.000011912.6895   15.5615
    7.5000   -7.5000  -45.000011359.6289   15.5402
   -7.5000    0.0000  -45.000012022.0898   15.5470
    0.0000    0.0000  -45.000012499.4580   15.5493
    7.5000    0.0000  -45.000011915.1182   15.5304
   -7.5000    7.5000  -45.000011567.1738   15.5331
    0.0000    7.5000  -45.000011985.9756   15.5357
    7.5000    7.5000  -45.000011405.6367   15.5145
   -7.5000   15.0000  -45.000010870.2275   15.5275
    0.0000   15.0000  -45.000011269.8799   15.5335
    7.5000   15.0000  -45.000010683.5371   15.5071
   -7.5000   22.5000  -45.000010019.7900   15.5352
    0.0000   22.5000  -45.000010404.6992   15.5449
    7.5000   22.5000  -45.0000 9827.9961   15.5161
   -7.5000   30.0000  -45.0000 9164.6279   15.3435
    0.0000   30.0000  -45.0000 9520.3809   15.3540
    7.5000   30.0000  -45.0000 8981.6807   15.3283
   -7.5000   37.5000  -45.0000 8666.0225   15.3477
    0.0000   37.5000  -45.0000 9035.4131   15.3541
    7.5000   37.5000  -45.0000 8516.1826   15.3331
   -7.5000   45.0000  -45.0000 7865.6128   14.9504
    0.0000   45.0000  -45.0000 8201.9600   14.9525
    7.5000   45.0000  -45.0000 7718.1509   14.9344
   -7.5000  -45.0000  -37.5000 8641.7217   15.3465
    0.0000  -45.0000  -37.5000 9002.4111   15.3548
    7.5000  -45.0000  -37.5000 8590.6055   15.3454
   -7.5000  -37.5000  -37.5000 9170.7598   15.3108
    0.0000  -37.5000  -37.5000 9524.4141   15.3210
    7.5000  -37.5000  -37.5000 9074.4795   15.3097
   -7.5000  -30.0000  -37.5000 9981.4668   15.3134
    0.0000  -30.0000  -37.500010368.8281   15.3261
    7.5000  -30.0000  -37.5000 9845.2871   15.3068
   -7.5000  -22.5000  -37.500010734.7070   15.3228
    0.0000  -22.5000  -37.500011162.6758   15.3370
    7.5000  -22.5000  -37.500010606.8477   15.3121
   -7.5000  -15.0000  -37.500011418.6963   15.3280
    0.0000  -15.0000  -37.500011872.7842   15.3414
    7.5000  -15.0000  -37.500011325.7412   15.3185
   -7.5000   -7.5000  -37.500012106.2988   15.3243
    0.0000   -7.5000  -37.500012590.9307   15.3344
    7.5000   -7.5000  -37.500012023.3818   15.3189
   -7.5000    0.0000  -37.500012718.6250   15.3158
    0.0000    0.0000  -37.500013221.4707   15.3241
    7.5000    0.0000  -37.500012587.1367   15.3147
   -7.5000    7.5000  -37.500012228.2607   15.3101
    0.0000    7.5000  -37.500012696.3926   15.3203
    7.5000    7.5000  -37.500012058.1738   15.3091
   -7.5000   15.0000  -37.500011458.3818   15.3134
    0.0000   15.0000  -37.500011887.3604   15.3261
    7.5000   15.0000  -37.500011281.5879   15.3068
   -7.5000   22.5000  -37.500010546.4307   15.3207
    0.0000   22.5000  -37.500010954.3262   15.3349
    7.5000   22.5000  -37.500010373.3008   15.3100
   -7.5000   30.0000  -37.5000 9621.6943   15.1237
    0.0000   30.0000  -37.500010005.1523   15.1370
    7.5000   30.0000  -37.5000 9456.0039   15.1143
   -7.5000   37.5000  -37.5000 9077.4150   15.1201
    0.0000   37.5000  -37.5000 9468.1152   15.1301
    7.5000   37.5000  -37.5000 8947.6875   15.1148
   -7.5000   45.0000  -37.5000 8234.6523   14.7280
    0.0000   45.0000  -37.5000 8606.6523   14.7360
    7.5000   45.0000  -37.5000 8104.2056   14.7270
   -7.5000  -45.0000  -30.0000 9324.1816   15.8089
    0.0000  -45.0000  -30.0000 9705.0703   15.8230
    7.5000  -45.0000  -30.0000 9250.5566   15.8191
   -7.5000  -37.5000  -30.0000 9884.7334   15.7783
    0.0000  -37.5000  -30.000010270.5898   15.7955
    7.5000  -37.5000  -30.0000 9775.0215   15.7910
   -7.5000  -30.0000  -30.000010754.0840   15.7850
    0.0000  -30.0000  -30.000011174.1797   15.8029
    7.5000  -30.0000  -30.000010604.0020   15.7895
   -7.5000  -22.5000  -30.000011543.3369   15.7912
    0.0000  -22.5000  -30.000011998.7676   15.8078
    7.5000  -22.5000  -30.000011404.0762   15.7867
   -7.5000  -15.0000  -30.000012283.0273   15.7906
    0.0000  -15.0000  -30.000012766.8301   15.8048
    7.5000  -15.0000  -30.000012156.2930   15.7840
   -7.5000   -7.5000  -30.000013006.5605   15.7838
    0.0000   -7.5000  -30.000013488.2734   15.7964
    7.5000   -7.5000  -30.000012840.6475   15.7840
   -7.5000    0.0000  -30.000013598.6074   15.7771
    0.0000    0.0000  -30.000014117.9395   15.7913
    7.5000    0.0000  -30.000013413.7607   15.7875
   -7.5000    7.5000  -30.000013076.5596   15.7776
    0.0000    7.5000  -30.000013549.7871   15.7948
    7.5000    7.5000  -30.000012877.6348   15.7903
   -7.5000   15.0000  -30.000012227.6611   15.7850
    0.0000   15.0000  -30.000012677.7930   15.8029
    7.5000   15.0000  -30.000012050.5264   15.7895
   -7.5000   22.5000  -30.000011244.2314   15.7874
    0.0000   22.5000  -30.000011670.5830   15.8040
    7.5000   22.5000  -30.000011089.3984   15.7829
   -7.5000   30.0000  -30.000010245.6094   15.5817
    0.0000   30.0000  -30.000010656.6943   15.5957
    7.5000   30.0000  -30.000010127.3418   15.5752
   -7.5000   37.5000  -30.0000 9639.9131   15.5749
    0.0000   37.5000  -30.000010050.2422   15.5874
    7.5000   37.5000  -30.0000 9562.2334   15.5752
   -7.5000   45.0000  -30.0000 8734.7920   15.1827
    0.0000   45.0000  -30.0000 9117.7041   15.1964
    7.5000   45.0000  -30.0000 8641.3379   15.1927
   -7.5000  -45.0000  -22.500010065.0264   16.3685
    0.0000  -45.0000  -22.500010447.4189   16.3826
    7.5000  -45.0000  -22.5000 9967.9004   16.3753
   -7.5000  -37.5000  -22.500010672.8545   16.3347
    0.0000  -37.5000  -22.500011064.2070   16.3513
    7.5000  -37.5000  -22.500010540.7705   16.3445
   -7.5000  -30.0000  -22.500011619.2119   16.3367
    0.0000  -30.0000  -22.500012045.2773   16.3532
    7.5000  -30.0000  -22.500011429.4688   16.3394
   -7.5000  -22.5000  -22.500012479.0469   16.3407
    0.0000  -22.5000  -22.500012945.5723   16.3551
    7.5000  -22.5000  -22.500012305.2676   16.3344
   -7.5000  -15.0000  -22.500013276.0303   16.3428
    0.0000  -15.0000  -22.500013780.0889   16.3549
    7.5000  -15.0000  -22.500013094.4463   16.3335
   -7.5000   -7.5000  -22.500014016.5635   16.3405
    0.0000   -7.5000  -22.500014517.5361   16.3522
    7.5000   -7.5000  -22.500013781.8369   16.3372
   -7.5000    0.0000  -22.500014612.7188   16.3354
    0.0000    0.0000  -22.500015153.4639   16.3497
    7.5000    0.0000  -22.500014391.4219   16.3425
   -7.5000    7.5000  -22.500014024.4512   16.3339
    0.0000    7.5000  -22.500014539.9189   16.3505
    7.5000    7.5000  -22.500013816.0430   16.3438
   -7.5000   15.0000  -22.500013112.0156   16.3367
    0.0000   15.0000  -22.500013600.8252   16.3532
    7.5000   15.0000  -22.500012949.1865   16.3394
   -7.5000   22.5000  -22.500012049.9443   16.3356
    0.0000   22.5000  -22.500012497.6367   16.3500
    7.5000   22.5000  -22.500011913.7803   16.3294
   -7.5000   30.0000  -22.500010957.2666   16.1290
    0.0000   30.0000  -22.500011379.0830   16.1410
    7.5000   30.0000  -22.500010867.0889   16.1199
   -7.5000   37.5000  -22.500010285.1982   16.1267
    0.0000   37.5000  -22.500010724.5088   16.1383
    7.5000   37.5000  -22.500010241.6289   16.1235
   -7.5000   45.0000  -22.5000 9296.9004   15.7319
    0.0000   45.0000  -22.5000 9715.6582   15.7456
    7.5000   45.0000  -22.5000 9245.4902   15.7386
   -7.5000  -45.0000  -15.000010820.6191   16.8141
    0.0000  -45.0000  -15.000011190.6963   16.8239
    7.5000  -45.0000  -15.000010688.0996   16.8089
   -7.5000  -37.5000  -15.000011480.5498   16.7707
    0.0000  -37.5000  -15.000011872.4961   16.7814
    7.5000  -37.5000  -15.000011323.5420   16.7665
   -7.5000  -30.0000  -15.000012480.9297   16.7642
    0.0000  -30.0000  -15.000012928.0576   16.7754
    7.5000  -30.0000  -15.000012292.3359   16.7562
   -7.5000  -22.5000  -15.000013438.7559   16.7695
    0.0000  -22.5000  -15.000013925.4502   16.7808
    7.5000  -22.5000  -15.000013234.4756   16.7579
   -7.5000  -15.0000  -15.000014321.8311   16.7805
    0.0000  -15.0000  -15.000014823.2227   16.7914
    7.5000  -15.0000  -15.000014044.2969   16.7687
   -7.5000   -7.5000  -15.000015064.8838   16.7856
    0.0000   -7.5000  -15.000015609.7236   16.7954
    7.5000   -7.5000  -15.000014785.3340   16.7765
   -7.5000    0.0000  -15.000015695.9912   16.7801
    0.0000    0.0000  -15.000016258.5332   16.7900
    7.5000    0.0000  -15.000015424.7080   16.7752
   -7.5000    7.5000  -15.000015003.6465   16.7699
    0.0000    7.5000  -15.000015554.4639   16.7806
    7.5000    7.5000  -15.000014784.7646   16.7657
   -7.5000   15.0000  -15.000014000.2764   16.7642
    0.0000   15.0000  -15.000014507.6641   16.7754
    7.5000   15.0000  -15.000013835.1602   16.7562
   -7.5000   22.5000  -15.000012881.0879   16.7635
    0.0000   22.5000  -15.000013354.6230   16.7749
    7.5000   22.5000  -15.000012764.9062   16.7520
   -7.5000   30.0000  -15.000011718.8877   16.5633
    0.0000   30.0000  -15.000012171.4873   16.5741
    7.5000   30.0000  -15.000011649.4355   16.5517
   -7.5000   37.5000  -15.000010993.1377   16.5683
    0.0000   37.5000  -15.000011432.0029   16.5780
    7.5000   37.5000  -15.000010928.5166   16.5593
   -7.5000   45.0000  -15.0000 9868.2881   16.1699
    0.0000   45.0000  -15.000010288.7725   16.1794
    7.5000   45.0000  -15.0000 9814.2285   16.1651
   -7.5000  -45.0000   -7.500011588.6963   17.0420
    0.0000  -45.0000   -7.500011965.7861   17.0465
    7.5000  -45.0000   -7.500011401.1533   17.0254
   -7.5000  -37.5000   -7.500012314.0127   16.9919
    0.0000  -37.5000   -7.500012745.6895   16.9965
    7.5000  -37.5000   -7.500012134.3896   16.9742
   -7.5000  -30.0000   -7.500013434.7441   16.9808
    0.0000  -30.0000   -7.500013906.4629   16.9880
    7.5000  -30.0000   -7.500013221.1074   16.9622
   -7.5000  -22.5000   -7.500014467.9531   16.9886
    0.0000  -22.5000   -7.500014978.7451   16.9989
    7.5000  -22.5000   -7.500014186.8662   16.9715
   -7.5000  -15.0000   -7.500015362.4961   17.0054
    0.0000  -15.0000   -7.500015914.8760   17.0164
    7.5000  -15.0000   -7.500015034.5508   16.9910
   -7.5000   -7.5000   -7.500016155.2559   17.0141
    0.0000   -7.5000   -7.500016775.2676   17.0219
    7.5000   -7.5000   -7.500015852.9814   16.9995
   -7.5000    0.0000   -7.500016841.0977   17.0076
    0.0000    0.0000   -7.500017501.5996   17.0122
    7.5000    0.0000   -7.500016545.7598   16.9912
   -7.5000    7.5000   -7.500016078.8223   16.9911
    0.0000    7.5000   -7.500016727.3848   16.9958
    7.5000    7.5000   -7.500015850.6582   16.9734
   -7.5000   15.0000   -7.500014988.8740   16.9808
    0.0000   15.0000   -7.500015581.8740   16.9880
    7.5000   15.0000   -7.500014819.8926   16.9622
   -7.5000   22.5000   -7.500013794.0391   16.9808
    0.0000   22.5000   -7.500014311.3711   16.9910
    7.5000   22.5000   -7.500013643.0762   16.9637
   -7.5000   30.0000   -7.500012561.4932   16.7849
    0.0000   30.0000   -7.500013066.0195   16.7957
    7.5000   30.0000   -7.500012477.1260   16.7707
   -7.5000   37.5000   -7.500011783.0615   16.7935
    0.0000   37.5000   -7.500012255.4883   16.8012
    7.5000   37.5000   -7.500011694.7725   16.7791
   -7.5000   45.0000   -7.500010532.8047   16.3922
    0.0000   45.0000   -7.500010955.2139   16.3965
    7.5000   45.0000   -7.500010462.8115   16.3763
   -7.5000  -45.0000    0.000012244.1621   17.0594
    0.0000  -45.0000    0.000012628.5020   17.0634
    7.5000  -45.0000    0.000012012.1230   17.0441
   -7.5000  -37.5000    0.000013035.7627   17.0106
    0.0000  -37.5000    0.000013493.5127   17.0153
    7.5000  -37.5000    0.000012796.5469   16.9939
   -7.5000  -30.0000    0.000014317.2910   17.0036
    0.0000  -30.0000    0.000014857.8193   17.0120
    7.5000  -30.0000    0.000014045.6406   16.9850
   -7.5000  -22.5000    0.000015420.2012   17.0141
    0.0000  -22.5000    0.000016084.4570   17.0263
    7.5000  -22.5000    0.000015066.4688   16.9967
   -7.5000  -15.0000    0.000016234.8730   17.0288
    0.0000  -15.0000    0.000017031.0605   17.0418
    7.5000  -15.0000    0.000015940.4023   17.0148
   -7.5000   -7.5000    0.000017030.4238   17.0336
    0.0000   -7.5000    0.000017882.2695   17.0421
    7.5000   -7.5000    0.000016833.3145   17.0201
   -7.5000    0.0000    0.000017809.0059   17.0251
    0.0000    0.0000    0.000018655.5566   17.0292
    7.5000    0.0000    0.000017578.3770   17.0099
   -7.5000    7.5000    0.000017051.3965   17.0098
    0.0000    7.5000    0.000017828.4121   17.0145
    7.5000    7.5000    0.000016804.1855   16.9932
   -7.5000   15.0000    0.000015887.8750   17.0036
    0.0000   15.0000    0.000016588.7852   17.0120
    7.5000   15.0000    0.000015699.2705   16.9850
   -7.5000   22.5000    0.000014670.0234   17.0063
    0.0000   22.5000    0.000015279.5537   17.0185
    7.5000   22.5000    0.000014494.4854   16.9888
   -7.5000   30.0000    0.000013397.8047   16.8084
    0.0000   30.0000    0.000013965.5898   16.8212
    7.5000   30.0000    0.000013276.2842   16.7946
   -7.5000   37.5000    0.000012544.7344   16.8132
    0.0000   37.5000    0.000013050.2676   16.8215
    7.5000   37.5000    0.000012402.2305   16.7998
   -7.5000   45.0000    0.000011177.6982   16.4103
    0.0000   45.0000    0.000011609.6055   16.4142
    7.5000   45.0000    0.000011033.7168   16.3956
   -7.5000  -45.0000    7.500011822.9707   17.0035
    0.0000  -45.0000    7.500012270.8535   17.0133
    7.5000  -45.0000    7.500011662.3857   17.0031
   -7.5000  -37.5000    7.500012651.8965   16.9635
    0.0000  -37.5000    7.500013152.0283   16.9753
    7.5000  -37.5000    7.500012428.6270   16.9632
   -7.5000  -30.0000    7.500014038.0371   16.9657
    0.0000  -30.0000    7.500014708.8701   16.9803
    7.5000  -30.0000    7.500013734.2422   16.9594
   -7.5000  -22.5000    7.500015262.9932   16.9760
    0.0000  -22.5000    7.500016198.8291   16.9922
    7.5000  -22.5000    7.500014909.0830   16.9651
   -7.5000  -15.0000    7.500016013.8789   16.9822
    0.0000  -15.0000    7.500017062.0625   16.9975
    7.5000  -15.0000    7.500015772.4248   16.9726
   -7.5000   -7.5000    7.500016696.5645   16.9787
    0.0000   -7.5000    7.500017748.8750   16.9904
    7.5000   -7.5000    7.500016607.7578   16.9737
   -7.5000    0.0000    7.500017515.8496   16.9694
    0.0000    0.0000    7.500018490.2070   16.9793
    7.5000    0.0000    7.500017309.1172   16.9691
   -7.5000    7.5000    7.500016814.3926   16.9627
    0.0000    7.5000    7.500017665.7148   16.9745
    7.5000    7.5000    7.500016459.8809   16.9624
   -7.5000   15.0000    7.500015685.2773   16.9657
    0.0000   15.0000    7.500016427.3184   16.9803
    7.5000   15.0000    7.500015339.2559   16.9594
   -7.5000   22.5000    7.500014477.5654   16.9682
    0.0000   22.5000    7.500015135.2959   16.9844
    7.5000   22.5000    7.500014143.8604   16.9573
   -7.5000   30.0000    7.500013229.6514   16.7624
    0.0000   30.0000    7.500013835.0889   16.7776
    7.5000   30.0000    7.500012950.2227   16.7530
   -7.5000   37.5000    7.500012417.4863   16.7590
    0.0000   37.5000    7.500012946.2051   16.7706
    7.5000   37.5000    7.500012139.4346   16.7540
   -7.5000   45.0000    7.500011058.0225   16.3566
    0.0000   45.0000    7.500011498.7939   16.3661
    7.5000   45.0000    7.500010817.2617   16.3563
   -7.5000  -45.0000   15.000011301.3086   16.9677
    0.0000  -45.0000   15.000011859.6924   16.9827
    7.5000  -45.0000   15.000011271.0205   16.9782
   -7.5000  -37.5000   15.000012083.5469   16.9350
    0.0000  -37.5000   15.000012685.3320   16.9533
    7.5000  -37.5000   15.000012021.7334   16.9481
   -7.5000  -30.0000   15.000013552.4248   16.9419
    0.0000  -30.0000   15.000014346.2090   16.9610
    7.5000  -30.0000   15.000013378.8232   16.9463
   -7.5000  -22.5000   15.000015058.5713   16.9483
    0.0000  -22.5000   15.000016074.2412   16.9658
    7.5000  -22.5000   15.000014566.5039   16.9429
   -7.5000  -15.0000   15.000016086.3047   16.9476
    0.0000  -15.0000   15.000017085.2832   16.9626
    7.5000  -15.0000   15.000015448.4512   16.9399
   -7.5000   -7.5000   15.000016782.9219   16.9405
    0.0000   -7.5000   15.000017686.2734   16.9538
    7.5000   -7.5000   15.000016180.3125   16.9401
   -7.5000    0.0000   15.000017417.8887   16.9336
    0.0000    0.0000   15.000018227.4375   16.9487
    7.5000    0.0000   15.000016754.8691   16.9443
   -7.5000    7.5000   15.000016506.0039   16.9342
    0.0000    7.5000   15.000017231.5977   16.9525
    7.5000    7.5000   15.000015852.6680   16.9474
   -7.5000   15.0000   15.000015261.1367   16.9419
    0.0000   15.0000   15.000015934.4131   16.9610
    7.5000   15.0000   15.000014731.4697   16.9463
   -7.5000   22.5000   15.000014023.0459   16.9405
    0.0000   22.5000   15.000014659.2881   16.9580
    7.5000   22.5000   15.000013593.2520   16.9351
   -7.5000   30.0000   15.000012787.0088   16.7282
    0.0000   30.0000   15.000013389.7695   16.7430
    7.5000   30.0000   15.000012457.6572   16.7206
   -7.5000   37.5000   15.000011972.6611   16.7213
    0.0000   37.5000   15.000012564.1426   16.7344
    7.5000   37.5000   15.000011738.7012   16.7209
   -7.5000   45.0000   15.000010661.9141   16.3220
    0.0000   45.0000   15.000011171.2285   16.3366
    7.5000   45.0000   15.000010461.5684   16.3323
   -7.5000  -45.0000   22.500010826.4434   17.0122
    0.0000  -45.0000   22.500011266.2764   17.0269
    7.5000  -45.0000   22.500010698.8359   17.0191
   -7.5000  -37.5000   22.500011600.6162   16.9770
    0.0000  -37.5000   22.500012049.6074   16.9942
    7.5000  -37.5000   22.500011414.2012   16.9870
   -7.5000  -30.0000   22.500012926.7578   16.9792
    0.0000  -30.0000   22.500013483.6855   16.9963
    7.5000  -30.0000   22.500012587.0498   16.9818
   -7.5000  -22.5000   22.500014256.2324   16.9833
    0.0000  -22.5000   22.500014780.0176   16.9982
    7.5000  -22.5000   22.500013574.2480   16.9765
   -7.5000  -15.0000   22.500015354.1191   16.9855
    0.0000  -15.0000   22.500015837.8516   16.9980
    7.5000  -15.0000   22.500014428.4580   16.9756
   -7.5000   -7.5000   22.500016146.2090   16.9831
    0.0000   -7.5000   22.500016740.8965   16.9952
    7.5000   -7.5000   22.500015265.7100   16.9795
   -7.5000    0.0000   22.500016625.8633   16.9778
    0.0000    0.0000   22.500017293.9102   16.9926
    7.5000    0.0000   22.500015822.8574   16.9849
   -7.5000    7.5000   22.500015598.1992   16.9762
    0.0000    7.5000   22.500016274.4424   16.9935
    7.5000    7.5000   22.500014945.3525   16.9863
   -7.5000   15.0000   22.500014346.9053   16.9792
    0.0000   15.0000   22.500015023.2412   16.9963
    7.5000   15.0000   22.500013876.9072   16.9818
   -7.5000   22.5000   22.500013167.9668   16.9755
    0.0000   22.5000   22.500013849.5762   16.9904
    7.5000   22.5000   22.500012839.3145   16.9687
   -7.5000   30.0000   22.500012024.6318   16.7656
    0.0000   30.0000   22.500012700.4209   16.7780
    7.5000   30.0000   22.500011823.0645   16.7559
   -7.5000   37.5000   22.500011281.0000   16.7633
    0.0000   37.5000   22.500011911.1377   16.7752
    7.5000   37.5000   22.500011165.1367   16.7597
   -7.5000   45.0000   22.500010080.3906   16.3647
    0.0000   45.0000   22.500010606.1377   16.3789
    7.5000   45.0000   22.5000 9978.2207   16.3715
   -7.5000  -45.0000   30.000010119.9463   17.1572
    0.0000  -45.0000   30.000010505.1182   17.1673
    7.5000  -45.0000   30.000010022.5684   17.1520
   -7.5000  -37.5000   30.000010756.6914   17.1127
    0.0000  -37.5000   30.000011211.7588   17.1237
    7.5000  -37.5000   30.000010682.5088   17.1084
   -7.5000  -30.0000   30.000011793.8789   17.1058
    0.0000  -30.0000   30.000012322.7119   17.1173
    7.5000  -30.0000   30.000011652.1406   17.0977
   -7.5000  -22.5000   30.000012809.2480   17.1109
    0.0000  -22.5000   30.000013305.1504   17.1226
    7.5000  -22.5000   30.000012512.7627   17.0992
   -7.5000  -15.0000   30.000013668.1562   17.1221
    0.0000  -15.0000   30.000014227.3594   17.1334
    7.5000  -15.0000   30.000013386.7959   17.1101
   -7.5000   -7.5000   30.000014451.3779   17.1276
    0.0000   -7.5000   30.000015174.9043   17.1378
    7.5000   -7.5000   30.000014252.1875   17.1183
   -7.5000    0.0000   30.000015073.2627   17.1223
    0.0000    0.0000   30.000015870.0234   17.1325
    7.5000    0.0000   30.000014873.9561   17.1173
   -7.5000    7.5000   30.000014281.7207   17.1118
    0.0000    7.5000   30.000015036.9277   17.1229
    7.5000    7.5000   30.000014070.1768   17.1076
   -7.5000   15.0000   30.000013228.4023   17.1058
    0.0000   15.0000   30.000013928.3555   17.1173
    7.5000   15.0000   30.000013054.4365   17.0977
   -7.5000   22.5000   30.000012204.0283   17.1031
    0.0000   22.5000   30.000012868.7549   17.1147
    7.5000   22.5000   30.000012082.6104   17.0913
   -7.5000   30.0000   30.000011187.9092   16.9005
    0.0000   30.0000   30.000011795.0000   16.9116
    7.5000   30.0000   30.000011102.3838   16.8887
   -7.5000   37.5000   30.000010515.1885   16.9060
    0.0000   37.5000   30.000011045.8691   16.9160
    7.5000   37.5000   30.000010449.5020   16.8968
   -7.5000   45.0000   30.0000 9411.5439   16.5039
    0.0000   45.0000   30.0000 9857.8994   16.5138
    7.5000   45.0000   30.0000 9341.5078   16.4991
   -7.5000  -45.0000   37.5000 9584.0869   17.4022
    0.0000  -45.0000   37.500010005.9229   17.4069
    7.5000  -45.0000   37.5000 9668.5771   17.3851
   -7.5000  -37.5000   37.500010165.8896   17.3502
    0.0000  -37.5000   37.500010636.0840   17.3551
    7.5000  -37.5000   37.500010283.5811   17.3321
   -7.5000  -30.0000   37.500011130.2490   17.3385
    0.0000  -30.0000   37.500011604.8242   17.3461
    7.5000  -30.0000   37.500011167.2939   17.3195
   -7.5000  -22.5000   37.500012028.5840   17.3460
    0.0000  -22.5000   37.500012470.1484   17.3569
    7.5000  -22.5000   37.500011984.3428   17.3287
   -7.5000  -15.0000   37.500012819.7002   17.3632
    0.0000  -15.0000   37.500013332.7588   17.3748
    7.5000  -15.0000   37.500012807.1709   17.3486
   -7.5000   -7.5000   37.500013613.7295   17.3726
    0.0000   -7.5000   37.500014216.5801   17.3808
    7.5000   -7.5000   37.500013613.7559   17.3576
   -7.5000    0.0000   37.500014285.3408   17.3664
    0.0000    0.0000   37.500014889.2500   17.3712
    7.5000    0.0000   37.500014252.0459   17.3495
   -7.5000    7.5000   37.500013609.3154   17.3494
    0.0000    7.5000   37.500014206.7148   17.3543
    7.5000    7.5000   37.500013566.9424   17.3313
   -7.5000   15.0000   37.500012678.5791   17.3385
    0.0000   15.0000   37.500013256.5117   17.3461
    7.5000   15.0000   37.500012638.5488   17.3195
   -7.5000   22.5000   37.500011743.4531   17.3381
    0.0000   22.5000   37.500012286.1289   17.3489
    7.5000   22.5000   37.500011685.1562   17.3207
   -7.5000   30.0000   37.500010760.9492   17.1385
    0.0000   30.0000   37.500011244.2725   17.1499
    7.5000   30.0000   37.500010699.6602   17.1241
   -7.5000   37.5000   37.500010112.1709   17.1478
    0.0000   37.5000   37.500010541.5811   17.1559
    7.5000   37.5000   37.500010051.9717   17.1330
   -7.5000   45.0000   37.5000 9080.1455   16.7392
    0.0000   45.0000   37.5000 9439.9336   16.7438
    7.5000   45.0000   37.5000 9003.8027   16.7230
   -7.5000  -45.0000   45.0000 8777.8809   17.7106
    0.0000  -45.0000   45.0000 9189.6982   17.7152
    7.5000  -45.0000   45.0000 8930.1855   17.6948
   -7.5000  -37.5000   45.0000 9329.5146   17.6576
    0.0000  -37.5000   45.0000 9736.8066   17.6629
    7.5000  -37.5000   45.0000 9459.3525   17.6401
   -7.5000  -30.0000   45.000010209.2412   17.6491
    0.0000  -30.0000   45.000010607.5996   17.6586
    7.5000  -30.0000   45.000010253.4873   17.6296
   -7.5000  -22.5000   45.000010996.6719   17.6596
    0.0000  -22.5000   45.000011383.4189   17.6734
    7.5000  -22.5000   45.000011002.0947   17.6416
   -7.5000  -15.0000   45.000011712.4707   17.6755
    0.0000  -15.0000   45.000012154.3125   17.6900
    7.5000  -15.0000   45.000011730.0625   17.6615
   -7.5000   -7.5000   45.000012431.2598   17.6818
    0.0000   -7.5000   45.000012943.2354   17.6913
    7.5000   -7.5000   45.000012446.2207   17.6681
   -7.5000    0.0000   45.000013086.7998   17.6735
    0.0000    0.0000   45.000013599.6113   17.6782
    7.5000    0.0000   45.000013049.0928   17.6578
   -7.5000    7.5000   45.000012513.0449   17.6568
    0.0000    7.5000   45.000013003.3281   17.6621
    7.5000    7.5000   45.000012432.1982   17.6394
   -7.5000   15.0000   45.000011692.4629   17.6491
    0.0000   15.0000   45.000012165.3535   17.6586
    7.5000   15.0000   45.000011617.8057   17.6296
   -7.5000   22.5000   45.000010855.6855   17.6514
    0.0000   22.5000   45.000011287.0635   17.6652
    7.5000   22.5000   45.000010764.0938   17.6334
   -7.5000   30.0000   45.0000 9942.0439   17.4452
    0.0000   30.0000   45.000010331.7627   17.4596
    7.5000   30.0000   45.0000 9865.7236   17.4314
   -7.5000   37.5000   45.0000 9333.7988   17.4515
    0.0000   37.5000   45.0000 9697.1074   17.4608
    7.5000   37.5000   45.0000 9263.7979   17.4379
   -7.5000   45.0000   45.0000 8383.6699   17.0430
    0.0000   45.0000   45.0000 8690.9082   17.0474
    7.5000   45.0000   45.0000 8303.7607   17.0279

---------------------------------------------------------------------
imgreg_4dfp /opt/freesurfer/average/711-2C_as_mni_average_305 /opt/freesurfer/average/711-2B_as_mni_average_305_mask talsrcimg_g11 none talsrcimg_to_711-2C_as_mni_average_305_t4 4355
---------------------------------------------------------------------

freesurfer imgreg_4dfp.c
/opt/freesurfer/average/711-2C_as_mni_average_305.4dfp.img
       256       256       256         1
  1.000000  1.000000  1.000000
orientation T byte_order littleendian
Reading image: /opt/freesurfer/average/711-2C_as_mni_average_305.4dfp.img
dimensions:      256       256       256
mmppix:       1.0000   -1.0000   -1.0000
center:     128.0000 -129.0000 -129.0000
/opt/freesurfer/average/711-2B_as_mni_average_305_mask.4dfp.img
       256       256       256         1
  1.000000  1.000000  1.000000
orientation T byte_order littleendian
Reading mask: /opt/freesurfer/average/711-2B_as_mni_average_305_mask.4dfp.img (2306576 pixels)
talsrcimg_g11.4dfp.img
       256       256       256         1
  1.000000  1.000000  1.000000
orientation T byte_order littleendian
Reading image: talsrcimg_g11.4dfp.img
dimensions:      256       256       256
mmppix:       1.0000   -1.0000   -1.0000
center:     128.0000 -129.0000 -129.0000
rotation matrix determinant  1.000000
image alignment mode   4355 decimal     1103 hex
   -7.5000  -45.0000  -45.0000 2172.7673   19.8395
    0.0000  -45.0000  -45.0000 2170.5000   19.7090
    7.5000  -45.0000  -45.0000 2159.2256   19.7141
   -7.5000  -37.5000  -45.0000 2231.6719   18.6419
    0.0000  -37.5000  -45.0000 2227.9138   18.5763
    7.5000  -37.5000  -45.0000 2215.0820   18.5985
   -7.5000  -30.0000  -45.0000 2263.5120   17.7996
    0.0000  -30.0000  -45.0000 2259.0449   17.7227
    7.5000  -30.0000  -45.0000 2243.5598   17.7269
   -7.5000  -22.5000  -45.0000 2281.2856   17.2855
    0.0000  -22.5000  -45.0000 2286.1467   17.2433
    7.5000  -22.5000  -45.0000 2270.8711   17.2457
   -7.5000  -15.0000  -45.0000 2293.8699   17.1387
    0.0000  -15.0000  -45.0000 2298.3486   17.0749
    7.5000  -15.0000  -45.0000 2281.3286   17.1379
   -7.5000   -7.5000  -45.0000 2293.7566   17.2474
    0.0000   -7.5000  -45.0000 2298.1262   17.1997
    7.5000   -7.5000  -45.0000 2275.0735   17.2727
   -7.5000    0.0000  -45.0000 2281.5706   17.6191
    0.0000    0.0000  -45.0000 2281.9753   17.5735
    7.5000    0.0000  -45.0000 2259.1553   17.6558
   -7.5000    7.5000  -45.0000 2252.9939   18.2895
    0.0000    7.5000  -45.0000 2254.2329   18.2303
    7.5000    7.5000  -45.0000 2234.1685   18.2916
   -7.5000   15.0000  -45.0000 2214.0029   19.2564
    0.0000   15.0000  -45.0000 2217.1628   19.2244
    7.5000   15.0000  -45.0000 2195.1509   19.1950
   -7.5000   22.5000  -45.0000 2157.1123   20.5792
    0.0000   22.5000  -45.0000 2157.4365   20.5463
    7.5000   22.5000  -45.0000 2135.6375   20.5698
   -7.5000   30.0000  -45.0000 2073.8562   22.2756
    0.0000   30.0000  -45.0000 2072.6106   22.2828
    7.5000   30.0000  -45.0000 2052.7419   22.4002
   -7.5000   37.5000  -45.0000 1978.2592   24.5753
    0.0000   37.5000  -45.0000 1983.4967   24.5889
    7.5000   37.5000  -45.0000 1968.6627   24.8762
   -7.5000   45.0000  -45.0000 1870.1487   27.6561
    0.0000   45.0000  -45.0000 1869.9167   27.5979
    7.5000   45.0000  -45.0000 1862.8090   27.9953
   -7.5000  -45.0000  -37.5000 2262.3494   18.4441
    0.0000  -45.0000  -37.5000 2259.9985   18.3524
    7.5000  -45.0000  -37.5000 2243.7881   18.3370
   -7.5000  -37.5000  -37.5000 2329.9226   17.3191
    0.0000  -37.5000  -37.5000 2321.4326   17.2312
    7.5000  -37.5000  -37.5000 2301.3289   17.2702
   -7.5000  -30.0000  -37.5000 2365.2166   16.4969
    0.0000  -30.0000  -37.5000 2358.6365   16.3948
    7.5000  -30.0000  -37.5000 2338.8977   16.4319
   -7.5000  -22.5000  -37.5000 2387.2083   15.9830
    0.0000  -22.5000  -37.5000 2386.6211   15.8975
    7.5000  -22.5000  -37.5000 2363.8472   15.9195
   -7.5000  -15.0000  -37.5000 2393.2834   15.7512
    0.0000  -15.0000  -37.5000 2390.5771   15.6926
    7.5000  -15.0000  -37.5000 2381.1208   15.7592
   -7.5000   -7.5000  -37.5000 2392.3394   15.8113
    0.0000   -7.5000  -37.5000 2398.8667   15.7391
    7.5000   -7.5000  -37.5000 2388.9753   15.8686
   -7.5000    0.0000  -37.5000 2382.7744   16.1142
    0.0000    0.0000  -37.5000 2390.8440   16.0514
    7.5000    0.0000  -37.5000 2378.6943   16.1799
   -7.5000    7.5000  -37.5000 2359.7690   16.7458
    0.0000    7.5000  -37.5000 2368.7744   16.6525
    7.5000    7.5000  -37.5000 2351.2722   16.7839
   -7.5000   15.0000  -37.5000 2317.1438   17.6646
    0.0000   15.0000  -37.5000 2319.5220   17.5855
    7.5000   15.0000  -37.5000 2304.1802   17.6523
   -7.5000   22.5000  -37.5000 2257.8411   18.9095
    0.0000   22.5000  -37.5000 2256.1443   18.8514
    7.5000   22.5000  -37.5000 2232.3750   18.9203
   -7.5000   30.0000  -37.5000 2169.7661   20.4625
    0.0000   30.0000  -37.5000 2168.7510   20.4955
    7.5000   30.0000  -37.5000 2145.8228   20.5878
   -7.5000   37.5000  -37.5000 2065.4136   22.5901
    0.0000   37.5000  -37.5000 2070.1924   22.5880
    7.5000   37.5000  -37.5000 2055.8350   22.7819
   -7.5000   45.0000  -37.5000 1953.8979   25.3659
    0.0000   45.0000  -37.5000 1957.2092   25.3268
    7.5000   45.0000  -37.5000 1946.6671   25.6386
   -7.5000  -45.0000  -30.0000 2379.4722   17.8382
    0.0000  -45.0000  -30.0000 2385.3760   17.7460
    7.5000  -45.0000  -30.0000 2367.2163   17.7214
   -7.5000  -37.5000  -30.0000 2453.4915   16.6687
    0.0000  -37.5000  -30.0000 2453.3516   16.6007
    7.5000  -37.5000  -30.0000 2436.0486   16.6452
   -7.5000  -30.0000  -30.0000 2499.0227   15.8461
    0.0000  -30.0000  -30.0000 2498.8413   15.7597
    7.5000  -30.0000  -30.0000 2484.0977   15.8056
   -7.5000  -22.5000  -30.0000 2523.3752   15.3005
    0.0000  -22.5000  -30.0000 2524.6084   15.1934
    7.5000  -22.5000  -30.0000 2510.0344   15.2623
   -7.5000  -15.0000  -30.0000 2533.0330   15.0396
    0.0000  -15.0000  -30.0000 2537.7727   14.9437
    7.5000  -15.0000  -30.0000 2528.5234   15.0302
   -7.5000   -7.5000  -30.0000 2535.2078   15.0888
    0.0000   -7.5000  -30.0000 2541.2441   14.9840
    7.5000   -7.5000  -30.0000 2533.7275   15.1073
   -7.5000    0.0000  -30.0000 2524.1826   15.3516
    0.0000    0.0000  -30.0000 2534.9929   15.2781
    7.5000    0.0000  -30.0000 2520.8367   15.4287
   -7.5000    7.5000  -30.0000 2504.1672   15.9756
    0.0000    7.5000  -30.0000 2510.2661   15.8688
    7.5000    7.5000  -30.0000 2497.6763   16.0147
   -7.5000   15.0000  -30.0000 2457.7178   16.8894
    0.0000   15.0000  -30.0000 2463.4160   16.7913
    7.5000   15.0000  -30.0000 2446.8289   16.8783
   -7.5000   22.5000  -30.0000 2385.2517   18.0531
    0.0000   22.5000  -30.0000 2392.9888   18.0309
    7.5000   22.5000  -30.0000 2369.3108   18.1127
   -7.5000   30.0000  -30.0000 2288.7844   19.5706
    0.0000   30.0000  -30.0000 2297.6907   19.5800
    7.5000   30.0000  -30.0000 2271.7373   19.6752
   -7.5000   37.5000  -30.0000 2172.7866   21.5638
    0.0000   37.5000  -30.0000 2187.5386   21.6032
    7.5000   37.5000  -30.0000 2166.4150   21.6959
   -7.5000   45.0000  -30.0000 2051.4490   24.1407
    0.0000   45.0000  -30.0000 2064.7737   24.1896
    7.5000   45.0000  -30.0000 2047.5037   24.3367
   -7.5000  -45.0000  -22.5000 2473.4155   17.2175
    0.0000  -45.0000  -22.5000 2480.5903   17.0849
    7.5000  -45.0000  -22.5000 2463.4861   17.0679
   -7.5000  -37.5000  -22.5000 2548.5261   16.0268
    0.0000  -37.5000  -22.5000 2554.3647   15.9170
    7.5000  -37.5000  -22.5000 2536.7144   15.9340
   -7.5000  -30.0000  -22.5000 2602.4141   15.1433
    0.0000  -30.0000  -22.5000 2611.8882   15.0513
    7.5000  -30.0000  -22.5000 2595.2949   15.0954
   -7.5000  -22.5000  -22.5000 2637.8110   14.5912
    0.0000  -22.5000  -22.5000 2650.1350   14.4706
    7.5000  -22.5000  -22.5000 2633.2537   14.5522
   -7.5000  -15.0000  -22.5000 2654.5190   14.3231
    0.0000  -15.0000  -22.5000 2665.4897   14.2004
    7.5000  -15.0000  -22.5000 2654.3496   14.2848
   -7.5000   -7.5000  -22.5000 2656.0840   14.3429
    0.0000   -7.5000  -22.5000 2664.0999   14.2420
    7.5000   -7.5000  -22.5000 2659.2942   14.3313
   -7.5000    0.0000  -22.5000 2640.4070   14.6113
    0.0000    0.0000  -22.5000 2654.0618   14.5214
    7.5000    0.0000  -22.5000 2648.0701   14.6495
   -7.5000    7.5000  -22.5000 2617.5359   15.2018
    0.0000    7.5000  -22.5000 2627.6863   15.0969
    7.5000    7.5000  -22.5000 2620.9924   15.2532
   -7.5000   15.0000  -22.5000 2572.3755   16.0797
    0.0000   15.0000  -22.5000 2578.8945   15.9824
    7.5000   15.0000  -22.5000 2569.7595   16.1332
   -7.5000   22.5000  -22.5000 2499.2622   17.2261
    0.0000   22.5000  -22.5000 2505.4897   17.1833
    7.5000   22.5000  -22.5000 2488.8462   17.3433
   -7.5000   30.0000  -22.5000 2393.8015   18.7263
    0.0000   30.0000  -22.5000 2404.6619   18.6842
    7.5000   30.0000  -22.5000 2388.5776   18.8630
   -7.5000   37.5000  -22.5000 2266.7917   20.6054
    0.0000   37.5000  -22.5000 2285.3601   20.6084
    7.5000   37.5000  -22.5000 2268.6667   20.8098
   -7.5000   45.0000  -22.5000 2136.3252   23.0794
    0.0000   45.0000  -22.5000 2160.7781   23.1111
    7.5000   45.0000  -22.5000 2137.1470   23.2940
   -7.5000  -45.0000  -15.0000 2529.1526   16.5891
    0.0000  -45.0000  -15.0000 2533.6772   16.4415
    7.5000  -45.0000  -15.0000 2521.4966   16.4363
   -7.5000  -37.5000  -15.0000 2613.5513   15.4236
    0.0000  -37.5000  -15.0000 2620.1643   15.2996
    7.5000  -37.5000  -15.0000 2610.4438   15.3280
   -7.5000  -30.0000  -15.0000 2665.4749   14.5377
    0.0000  -30.0000  -15.0000 2676.8706   14.4154
    7.5000  -30.0000  -15.0000 2670.5791   14.4298
   -7.5000  -22.5000  -15.0000 2712.2446   13.9101
    0.0000  -22.5000  -15.0000 2725.6001   13.7830
    7.5000  -22.5000  -15.0000 2717.6624   13.8598
   -7.5000  -15.0000  -15.0000 2735.6938   13.6076
    0.0000  -15.0000  -15.0000 2748.2021   13.4894
    7.5000  -15.0000  -15.0000 2740.4021   13.6022
   -7.5000   -7.5000  -15.0000 2739.9927   13.6121
    0.0000   -7.5000  -15.0000 2750.1018   13.5358
    7.5000   -7.5000  -15.0000 2749.7942   13.6548
   -7.5000    0.0000  -15.0000 2733.0195   13.9050
    0.0000    0.0000  -15.0000 2742.0776   13.8216
    7.5000    0.0000  -15.0000 2741.7490   13.9965
   -7.5000    7.5000  -15.0000 2708.2178   14.4972
    0.0000    7.5000  -15.0000 2717.8225   14.4122
    7.5000    7.5000  -15.0000 2718.9524   14.5883
   -7.5000   15.0000  -15.0000 2651.1252   15.3266
    0.0000   15.0000  -15.0000 2659.8213   15.2545
    7.5000   15.0000  -15.0000 2658.8623   15.4346
   -7.5000   22.5000  -15.0000 2576.9961   16.4696
    0.0000   22.5000  -15.0000 2586.6011   16.4013
    7.5000   22.5000  -15.0000 2580.2632   16.6028
   -7.5000   30.0000  -15.0000 2473.8979   17.9537
    0.0000   30.0000  -15.0000 2481.1711   17.8760
    7.5000   30.0000  -15.0000 2474.1226   18.1144
   -7.5000   37.5000  -15.0000 2344.7375   19.8447
    0.0000   37.5000  -15.0000 2355.9062   19.7394
    7.5000   37.5000  -15.0000 2343.8286   20.0094
   -7.5000   45.0000  -15.0000 2198.9385   22.2540
    0.0000   45.0000  -15.0000 2212.2688   22.1718
    7.5000   45.0000  -15.0000 2194.8098   22.4099
   -7.5000  -45.0000   -7.5000 2562.9570   16.0591
    0.0000  -45.0000   -7.5000 2564.5830   15.9042
    7.5000  -45.0000   -7.5000 2554.6350   15.9291
   -7.5000  -37.5000   -7.5000 2652.4978   14.8456
    0.0000  -37.5000   -7.5000 2663.7466   14.7727
    7.5000  -37.5000   -7.5000 2656.3564   14.8182
   -7.5000  -30.0000   -7.5000 2715.7712   13.9358
    0.0000  -30.0000   -7.5000 2726.4414   13.8745
    7.5000  -30.0000   -7.5000 2727.0332   13.9351
   -7.5000  -22.5000   -7.5000 2762.4316   13.3119
    0.0000  -22.5000   -7.5000 2772.9922   13.1962
    7.5000  -22.5000   -7.5000 2771.2021   13.3142
   -7.5000  -15.0000   -7.5000 2794.2888   12.9532
    0.0000  -15.0000   -7.5000 2801.0205   12.8614
    7.5000  -15.0000   -7.5000 2798.1472   13.0026
   -7.5000   -7.5000   -7.5000 2811.3845   12.9259
    0.0000   -7.5000   -7.5000 2815.4880   12.8677
    7.5000   -7.5000   -7.5000 2813.2205   13.0436
   -7.5000    0.0000   -7.5000 2808.6797   13.2469
    0.0000    0.0000   -7.5000 2815.7053   13.1767
    7.5000    0.0000   -7.5000 2812.4670   13.3984
   -7.5000    7.5000   -7.5000 2779.9409   13.8491
    0.0000    7.5000   -7.5000 2785.9250   13.7714
    7.5000    7.5000   -7.5000 2789.3254   13.9779
   -7.5000   15.0000   -7.5000 2721.6995   14.6848
    0.0000   15.0000   -7.5000 2725.7671   14.6266
    7.5000   15.0000   -7.5000 2727.2627   14.8231
   -7.5000   22.5000   -7.5000 2638.1084   15.8448
    0.0000   22.5000   -7.5000 2639.8030   15.7698
    7.5000   22.5000   -7.5000 2640.7849   15.9894
   -7.5000   30.0000   -7.5000 2528.0610   17.3033
    0.0000   30.0000   -7.5000 2534.9287   17.2144
    7.5000   30.0000   -7.5000 2526.7288   17.4694
   -7.5000   37.5000   -7.5000 2401.5469   19.1199
    0.0000   37.5000   -7.5000 2404.7139   19.0281
    7.5000   37.5000   -7.5000 2391.7522   19.2967
   -7.5000   45.0000   -7.5000 2241.4817   21.4110
    0.0000   45.0000   -7.5000 2242.2678   21.3308
    7.5000   45.0000   -7.5000 2237.7200   21.5674
   -7.5000  -45.0000    0.0000 2569.7363   15.6936
    0.0000  -45.0000    0.0000 2570.0500   15.5510
    7.5000  -45.0000    0.0000 2573.9355   15.6892
   -7.5000  -37.5000    0.0000 2669.0811   14.4635
    0.0000  -37.5000    0.0000 2680.2678   14.3907
    7.5000  -37.5000    0.0000 2682.7808   14.4845
   -7.5000  -30.0000    0.0000 2744.1309   13.5339
    0.0000  -30.0000    0.0000 2758.1780   13.5211
    7.5000  -30.0000    0.0000 2766.6038   13.5950
   -7.5000  -22.5000    0.0000 2794.6858   12.9038
    0.0000  -22.5000    0.0000 2808.8928   12.8780
    7.5000  -22.5000    0.0000 2812.5369   12.9629
   -7.5000  -15.0000    0.0000 2825.8210   12.4973
    0.0000  -15.0000    0.0000 2841.8320   12.4579
    7.5000  -15.0000    0.0000 2840.7703   12.6332
   -7.5000   -7.5000    0.0000 2848.6003   12.3884
    0.0000   -7.5000    0.0000 2855.8928   12.4255
    7.5000   -7.5000    0.0000 2862.0405   12.7016
   -7.5000    0.0000    0.0000 2848.5986   12.7421
    0.0000    0.0000    0.0000 2858.7561   12.7379
    7.5000    0.0000    0.0000 2863.6240   13.0338
   -7.5000    7.5000    0.0000 2824.6011   13.3727
    0.0000    7.5000    0.0000 2832.0886   13.3169
    7.5000    7.5000    0.0000 2841.6194   13.6014
   -7.5000   15.0000    0.0000 2759.9897   14.2499
    0.0000   15.0000    0.0000 2766.2776   14.2044
    7.5000   15.0000    0.0000 2776.0723   14.4718
   -7.5000   22.5000    0.0000 2675.7249   15.3840
    0.0000   22.5000    0.0000 2677.2954   15.3532
    7.5000   22.5000    0.0000 2685.3103   15.6389
   -7.5000   30.0000    0.0000 2562.1052   16.8020
    0.0000   30.0000    0.0000 2566.5239   16.7584
    7.5000   30.0000    0.0000 2567.5991   17.0732
   -7.5000   37.5000    0.0000 2430.3455   18.5191
    0.0000   37.5000    0.0000 2430.2339   18.4675
    7.5000   37.5000    0.0000 2425.7297   18.8025
   -7.5000   45.0000    0.0000 2267.2554   20.7429
    0.0000   45.0000    0.0000 2267.9583   20.6719
    7.5000   45.0000    0.0000 2262.2581   20.9965
   -7.5000  -45.0000    7.5000 2551.0081   15.5041
    0.0000  -45.0000    7.5000 2576.9473   15.4161
    7.5000  -45.0000    7.5000 2585.2654   15.5590
   -7.5000  -37.5000    7.5000 2659.6965   14.2753
    0.0000  -37.5000    7.5000 2687.9058   14.2511
    7.5000  -37.5000    7.5000 2695.1724   14.3372
   -7.5000  -30.0000    7.5000 2748.6641   13.3948
    0.0000  -30.0000    7.5000 2778.2422   13.3993
    7.5000  -30.0000    7.5000 2791.9204   13.4360
   -7.5000  -22.5000    7.5000 2823.2166   12.8151
    0.0000  -22.5000    7.5000 2855.0222   12.8956
    7.5000  -22.5000    7.5000 2858.9062   12.8547
   -7.5000  -15.0000    7.5000 2856.7861   12.3296
    0.0000  -15.0000    7.5000 2897.2278   12.4552
    7.5000  -15.0000    7.5000 2894.1685   12.5396
   -7.5000   -7.5000    7.5000 2875.6763   12.1200
    0.0000   -7.5000    7.5000 2906.7732   12.2994
    7.5000   -7.5000    7.5000 2909.4114   12.5516
   -7.5000    0.0000    7.5000 2876.3521   12.5135
    0.0000    0.0000    7.5000 2899.7778   12.5510
    7.5000    0.0000    7.5000 2906.1013   12.8497
   -7.5000    7.5000    7.5000 2854.6487   13.1885
    0.0000    7.5000    7.5000 2872.6533   13.1252
    7.5000    7.5000    7.5000 2870.1995   13.3835
   -7.5000   15.0000    7.5000 2791.2822   14.0786
    0.0000   15.0000    7.5000 2801.4121   13.9881
    7.5000   15.0000    7.5000 2799.3105   14.2232
   -7.5000   22.5000    7.5000 2703.3223   15.2349
    0.0000   22.5000    7.5000 2708.9939   15.1384
    7.5000   22.5000    7.5000 2704.1790   15.3503
   -7.5000   30.0000    7.5000 2590.1836   16.6549
    0.0000   30.0000    7.5000 2597.6829   16.5233
    7.5000   30.0000    7.5000 2584.8625   16.7370
   -7.5000   37.5000    7.5000 2458.9475   18.3894
    0.0000   37.5000    7.5000 2467.1536   18.2693
    7.5000   37.5000    7.5000 2452.8025   18.5217
   -7.5000   45.0000    7.5000 2294.7239   20.5770
    0.0000   45.0000    7.5000 2304.9465   20.4591
    7.5000   45.0000    7.5000 2294.1287   20.7511
   -7.5000  -45.0000   15.0000 2531.8752   15.6732
    0.0000  -45.0000   15.0000 2572.0610   15.6057
    7.5000  -45.0000   15.0000 2595.8816   15.6952
   -7.5000  -37.5000   15.0000 2640.7686   14.4126
    0.0000  -37.5000   15.0000 2687.4160   14.4142
    7.5000  -37.5000   15.0000 2707.9727   14.4634
   -7.5000  -30.0000   15.0000 2743.3357   13.5821
    0.0000  -30.0000   15.0000 2796.1399   13.6180
    7.5000  -30.0000   15.0000 2808.0820   13.5395
   -7.5000  -22.5000   15.0000 2856.3289   13.1765
    0.0000  -22.5000   15.0000 2905.5830   13.2357
    7.5000  -22.5000   15.0000 2891.3491   12.9939
   -7.5000  -15.0000   15.0000 2927.7041   12.8137
    0.0000  -15.0000   15.0000 2976.1626   12.8760
    7.5000  -15.0000   15.0000 2935.5847   12.6502
   -7.5000   -7.5000   15.0000 2924.7119   12.5412
    0.0000   -7.5000   15.0000 2955.9688   12.5469
    7.5000   -7.5000   15.0000 2934.8699   12.5841
   -7.5000    0.0000   15.0000 2903.5522   12.7337
    0.0000    0.0000   15.0000 2922.9104   12.6790
    7.5000    0.0000   15.0000 2911.4434   12.8035
   -7.5000    7.5000   15.0000 2864.7441   13.2773
    0.0000    7.5000   15.0000 2885.1531   13.1640
    7.5000    7.5000   15.0000 2875.3855   13.3116
   -7.5000   15.0000   15.0000 2797.6873   14.1299
    0.0000   15.0000   15.0000 2813.7151   14.0141
    7.5000   15.0000   15.0000 2806.8694   14.1479
   -7.5000   22.5000   15.0000 2711.9033   15.2785
    0.0000   22.5000   15.0000 2721.5437   15.1737
    7.5000   22.5000   15.0000 2710.7598   15.2852
   -7.5000   30.0000   15.0000 2603.3174   16.7136
    0.0000   30.0000   15.0000 2610.9409   16.6102
    7.5000   30.0000   15.0000 2590.3157   16.7336
   -7.5000   37.5000   15.0000 2468.7922   18.5103
    0.0000   37.5000   15.0000 2480.0278   18.3568
    7.5000   37.5000   15.0000 2462.8474   18.4934
   -7.5000   45.0000   15.0000 2307.8208   20.6690
    0.0000   45.0000   15.0000 2319.8374   20.5678
    7.5000   45.0000   15.0000 2303.8894   20.6571
   -7.5000  -45.0000   22.5000 2538.2014   16.2377
    0.0000  -45.0000   22.5000 2564.7480   16.0510
    7.5000  -45.0000   22.5000 2590.3926   16.0504
   -7.5000  -37.5000   22.5000 2666.2507   15.0733
    0.0000  -37.5000   22.5000 2686.6047   14.9044
    7.5000  -37.5000   22.5000 2703.4270   14.8182
   -7.5000  -30.0000   22.5000 2787.7380   14.2608
    0.0000  -30.0000   22.5000 2802.5503   14.1319
    7.5000  -30.0000   22.5000 2806.5774   13.9072
   -7.5000  -22.5000   22.5000 2891.0178   13.6989
    0.0000  -22.5000   22.5000 2913.3958   13.6110
    7.5000  -22.5000   22.5000 2887.3877   13.2621
   -7.5000  -15.0000   22.5000 2954.3418   13.3421
    0.0000  -15.0000   22.5000 2973.1951   13.1323
    7.5000  -15.0000   22.5000 2924.2205   12.8769
   -7.5000   -7.5000   22.5000 2968.7158   13.2563
    0.0000   -7.5000   22.5000 2990.8418   13.0649
    7.5000   -7.5000   22.5000 2935.8376   12.8768
   -7.5000    0.0000   22.5000 2928.1946   13.3376
    0.0000    0.0000   22.5000 2947.7144   13.2335
    7.5000    0.0000   22.5000 2906.5322   13.1356
   -7.5000    7.5000   22.5000 2867.3682   13.7012
    0.0000    7.5000   22.5000 2887.2458   13.6412
    7.5000    7.5000   22.5000 2863.1599   13.5895
   -7.5000   15.0000   22.5000 2790.3486   14.4110
    0.0000   15.0000   22.5000 2801.1169   14.3597
    7.5000   15.0000   22.5000 2790.3315   14.3809
   -7.5000   22.5000   22.5000 2702.4153   15.4841
    0.0000   22.5000   22.5000 2710.7009   15.4121
    7.5000   22.5000   22.5000 2700.1909   15.4835
   -7.5000   30.0000   22.5000 2591.6548   16.8720
    0.0000   30.0000   22.5000 2605.5383   16.7974
    7.5000   30.0000   22.5000 2590.5344   16.9045
   -7.5000   37.5000   22.5000 2455.5518   18.6198
    0.0000   37.5000   22.5000 2467.3467   18.5866
    7.5000   37.5000   22.5000 2461.3804   18.7297
   -7.5000   45.0000   22.5000 2302.8540   20.8286
    0.0000   45.0000   22.5000 2308.4436   20.7755
    7.5000   45.0000   22.5000 2298.0029   20.9312
   -7.5000  -45.0000   30.0000 2539.0449   17.0718
    0.0000  -45.0000   30.0000 2557.4119   16.7678
    7.5000  -45.0000   30.0000 2575.0750   16.7148
   -7.5000  -37.5000   30.0000 2659.4673   15.7936
    0.0000  -37.5000   30.0000 2674.8191   15.5522
    7.5000  -37.5000   30.0000 2691.4121   15.4554
   -7.5000  -30.0000   30.0000 2761.8252   14.8157
    0.0000  -30.0000   30.0000 2777.9158   14.6767
    7.5000  -30.0000   30.0000 2785.5928   14.4863
   -7.5000  -22.5000   30.0000 2849.0374   14.1074
    0.0000  -22.5000   30.0000 2864.9346   13.9314
    7.5000  -22.5000   30.0000 2856.2090   13.7431
   -7.5000  -15.0000   30.0000 2904.2764   13.6908
    0.0000  -15.0000   30.0000 2923.9202   13.4768
    7.5000  -15.0000   30.0000 2902.9336   13.3710
   -7.5000   -7.5000   30.0000 2928.6897   13.5988
    0.0000   -7.5000   30.0000 2958.0107   13.4870
    7.5000   -7.5000   30.0000 2930.9875   13.4447
   -7.5000    0.0000   30.0000 2899.2148   13.8189
    0.0000    0.0000   30.0000 2926.2607   13.7889
    7.5000    0.0000   30.0000 2898.9187   13.7831
   -7.5000    7.5000   30.0000 2843.9951   14.3133
    0.0000    7.5000   30.0000 2860.8792   14.2630
    7.5000    7.5000   30.0000 2843.0774   14.2499
   -7.5000   15.0000   30.0000 2760.4246   15.0241
    0.0000   15.0000   30.0000 2775.4282   14.9662
    7.5000   15.0000   30.0000 2763.3408   14.9889
   -7.5000   22.5000   30.0000 2669.0571   15.9410
    0.0000   22.5000   30.0000 2688.2048   15.9103
    7.5000   22.5000   30.0000 2676.5569   15.9951
   -7.5000   30.0000   30.0000 2562.1355   17.2809
    0.0000   30.0000   30.0000 2577.1082   17.2057
    7.5000   30.0000   30.0000 2566.1133   17.3541
   -7.5000   37.5000   30.0000 2427.2241   19.0092
    0.0000   37.5000   30.0000 2431.4275   18.9430
    7.5000   37.5000   30.0000 2429.2490   19.1170
   -7.5000   45.0000   30.0000 2280.8562   21.2603
    0.0000   45.0000   30.0000 2283.3271   21.1453
    7.5000   45.0000   30.0000 2275.4412   21.3284
   -7.5000  -45.0000   37.5000 2510.8271   17.7582
    0.0000  -45.0000   37.5000 2528.4502   17.4095
    7.5000  -45.0000   37.5000 2554.2993   17.5296
   -7.5000  -37.5000   37.5000 2629.4709   16.4251
    0.0000  -37.5000   37.5000 2645.1064   16.1325
    7.5000  -37.5000   37.5000 2672.4866   16.2245
   -7.5000  -30.0000   37.5000 2729.7688   15.3755
    0.0000  -30.0000   37.5000 2738.0669   15.1290
    7.5000  -30.0000   37.5000 2759.2522   15.1135
   -7.5000  -22.5000   37.5000 2805.0583   14.6362
    0.0000  -22.5000   37.5000 2813.7126   14.3162
    7.5000  -22.5000   37.5000 2820.3103   14.3464
   -7.5000  -15.0000   37.5000 2846.5525   14.2145
    0.0000  -15.0000   37.5000 2868.8198   13.9821
    7.5000  -15.0000   37.5000 2867.6235   14.0255
   -7.5000   -7.5000   37.5000 2870.7644   14.1423
    0.0000   -7.5000   37.5000 2901.1809   14.0108
    7.5000   -7.5000   37.5000 2888.2439   14.0831
   -7.5000    0.0000   37.5000 2849.5615   14.3641
    0.0000    0.0000   37.5000 2870.8508   14.3147
    7.5000    0.0000   37.5000 2861.0413   14.4147
   -7.5000    7.5000   37.5000 2795.1062   14.9391
    0.0000    7.5000   37.5000 2810.4390   14.8716
    7.5000    7.5000   37.5000 2806.8157   14.9541
   -7.5000   15.0000   37.5000 2720.2231   15.7183
    0.0000   15.0000   37.5000 2734.8997   15.6306
    7.5000   15.0000   37.5000 2731.5710   15.7545
   -7.5000   22.5000   37.5000 2636.4790   16.7188
    0.0000   22.5000   37.5000 2651.7595   16.6376
    7.5000   22.5000   37.5000 2642.6221   16.7509
   -7.5000   30.0000   37.5000 2522.0344   17.9912
    0.0000   30.0000   37.5000 2531.3386   17.9034
    7.5000   30.0000   37.5000 2525.1831   18.0537
   -7.5000   37.5000   37.5000 2382.7759   19.6780
    0.0000   37.5000   37.5000 2386.7483   19.5555
    7.5000   37.5000   37.5000 2387.4910   19.7380
   -7.5000   45.0000   37.5000 2243.2764   21.8618
    0.0000   45.0000   37.5000 2249.0054   21.7024
    7.5000   45.0000   37.5000 2244.0842   21.9093
   -7.5000  -45.0000   45.0000 2473.6426   18.6004
    0.0000  -45.0000   45.0000 2487.5703   18.1788
    7.5000  -45.0000   45.0000 2516.9771   18.4214
   -7.5000  -37.5000   45.0000 2583.8547   17.1645
    0.0000  -37.5000   45.0000 2593.4512   16.7586
    7.5000  -37.5000   45.0000 2624.6809   16.9543
   -7.5000  -30.0000   45.0000 2679.0637   16.1105
    0.0000  -30.0000   45.0000 2686.1233   15.6872
    7.5000  -30.0000   45.0000 2707.6643   15.8234
   -7.5000  -22.5000   45.0000 2744.9568   15.3586
    0.0000  -22.5000   45.0000 2756.0779   14.9569
    7.5000  -22.5000   45.0000 2766.2483   15.1171
   -7.5000  -15.0000   45.0000 2785.4463   14.9310
    0.0000  -15.0000   45.0000 2800.5410   14.6570
    7.5000  -15.0000   45.0000 2807.2673   14.7817
   -7.5000   -7.5000   45.0000 2796.2246   14.8770
    0.0000   -7.5000   45.0000 2820.6536   14.6816
    7.5000   -7.5000   45.0000 2821.3818   14.7819
   -7.5000    0.0000   45.0000 2773.7686   15.1105
    0.0000    0.0000   45.0000 2795.1011   14.9772
    7.5000    0.0000   45.0000 2799.4280   15.0832
   -7.5000    7.5000   45.0000 2731.2764   15.6676
    0.0000    7.5000   45.0000 2744.4355   15.5155
    7.5000    7.5000   45.0000 2742.0540   15.6440
   -7.5000   15.0000   45.0000 2662.7078   16.4370
    0.0000   15.0000   45.0000 2678.4138   16.2957
    7.5000   15.0000   45.0000 2669.9294   16.4335
   -7.5000   22.5000   45.0000 2580.5620   17.5292
    0.0000   22.5000   45.0000 2589.5156   17.4123
    7.5000   22.5000   45.0000 2582.2878   17.5658
   -7.5000   30.0000   45.0000 2459.3203   18.8857
    0.0000   30.0000   45.0000 2467.1260   18.7491
    7.5000   30.0000   45.0000 2466.4006   18.8928
   -7.5000   37.5000   45.0000 2327.5237   20.5506
    0.0000   37.5000   45.0000 2338.9834   20.4066
    7.5000   37.5000   45.0000 2338.2856   20.5871
   -7.5000   45.0000   45.0000 2199.8826   22.6678
    0.0000   45.0000   45.0000 2207.3337   22.5722
    7.5000   45.0000   45.0000 2201.0029   22.7325

---------------------------------------------------------------------
imgreg_4dfp /opt/freesurfer/average/711-2C_as_mni_average_305 /opt/freesurfer/average/711-2B_as_mni_average_305_mask talsrcimg_g11 none talsrcimg_to_711-2C_as_mni_average_305_t4 1283
---------------------------------------------------------------------

freesurfer imgreg_4dfp.c
/opt/freesurfer/average/711-2C_as_mni_average_305.4dfp.img
       256       256       256         1
  1.000000  1.000000  1.000000
orientation T byte_order littleendian
Reading image: /opt/freesurfer/average/711-2C_as_mni_average_305.4dfp.img
dimensions:      256       256       256
mmppix:       1.0000   -1.0000   -1.0000
center:     128.0000 -129.0000 -129.0000
/opt/freesurfer/average/711-2B_as_mni_average_305_mask.4dfp.img
       256       256       256         1
  1.000000  1.000000  1.000000
orientation T byte_order littleendian
Reading mask: /opt/freesurfer/average/711-2B_as_mni_average_305_mask.4dfp.img (2306576 pixels)
talsrcimg_g11.4dfp.img
       256       256       256         1
  1.000000  1.000000  1.000000
orientation T byte_order littleendian
Reading image: talsrcimg_g11.4dfp.img
dimensions:      256       256       256
mmppix:       1.0000   -1.0000   -1.0000
center:     128.0000 -129.0000 -129.0000
rotation matrix determinant  1.000000
fimgreg.f
image alignment mode   1283 decimal      503 hex
parameters
    0.0000   -7.5000   22.5000    0.0000    0.0000    0.0000
eta,q 0.93880 13.10394
niter,ni,del,rscale     5    3   12.0000    1.2000
parameter  2  0.572660 ->  0.500000 qaram    1.1500
parameter  3  0.535023 ->  0.500000 qaram    1.1500
parameter  5  1.054005 ->  0.500000 qaram    1.1500
parameter  6  1.789189 ->  0.500000 qaram    1.1500
parameters
   -1.9498  -10.9500   19.0500    1.3087   -3.4500   -3.4500
eta,q 0.95148 12.97659
  0.0699  0.0639  0.0639  0.0658  0.0529  0.0473
  0.0665  0.0629  0.0595  0.0622  0.0524  0.0481
  0.0648  0.0634  0.0592  0.0595  0.0545  0.0500
  0.0657  0.0647  0.0633  0.0593  0.0590  0.0528
  0.0696  0.0653  0.0682  0.0590  0.0654  0.0553
  0.0766  0.0668  0.0718  0.0596  0.0728  0.0587
  0.0837  0.0699  0.0768  0.0614  0.0784  0.0622
niter,ni,del,rscale     7    3   12.0000    1.2000
parameters
   -1.5354  -12.7118   19.3233    1.3179   -4.8883   -6.0869
eta,q 0.95423 13.00377
  0.0746  0.0545  0.0693  0.0545  0.0566  0.0485
  0.0639  0.0492  0.0591  0.0490  0.0511  0.0465
  0.0551  0.0471  0.0487  0.0470  0.0472  0.0457
  0.0485  0.0480  0.0471  0.0474  0.0474  0.0467
  0.0502  0.0514  0.0508  0.0491  0.0518  0.0495
  0.0596  0.0592  0.0574  0.0505  0.0596  0.0537
  0.0694  0.0655  0.0649  0.0527  0.0693  0.0584
niter,ni,del,rscale     6    3   12.0000    1.2000
parameters
   -0.9310  -12.7811   19.2841    1.1613   -5.7273   -6.3227
eta,q 0.95511 13.01407
  0.0720  0.0592  0.0668  0.0524  0.0573  0.0508
  0.0618  0.0505  0.0549  0.0474  0.0516  0.0483
  0.0526  0.0461  0.0458  0.0453  0.0466  0.0461
  0.0458  0.0450  0.0450  0.0450  0.0449  0.0448
  0.0466  0.0465  0.0502  0.0468  0.0492  0.0455
  0.0550  0.0518  0.0573  0.0493  0.0562  0.0483
  0.0649  0.0591  0.0644  0.0517  0.0651  0.0524
niter,ni,del,rscale     5    3   12.0000    1.2000
parameters
   -0.5598  -12.7330   19.1904    1.1499   -6.2266   -6.3052
eta,q 0.95545 13.01530
  0.0697  0.0595  0.0667  0.0525  0.0581  0.0508
  0.0605  0.0503  0.0544  0.0475  0.0521  0.0482
  0.0513  0.0457  0.0455  0.0451  0.0471  0.0460
  0.0449  0.0445  0.0445  0.0444  0.0444  0.0446
  0.0467  0.0462  0.0499  0.0460  0.0477  0.0451
  0.0558  0.0512  0.0577  0.0487  0.0549  0.0476
  0.0659  0.0581  0.0648  0.0515  0.0631  0.0514
niter,ni,del,rscale     4    3   12.0000    1.2000
parameters
   -0.3335  -12.7533   19.1213    1.2457   -6.5383   -6.2468
eta,q 0.95552 13.01503
  0.0685  0.0590  0.0670  0.0527  0.0586  0.0507
  0.0597  0.0497  0.0547  0.0476  0.0525  0.0481
  0.0506  0.0454  0.0457  0.0451  0.0474  0.0459
  0.0446  0.0444  0.0444  0.0443  0.0443  0.0445
  0.0470  0.0463  0.0496  0.0457  0.0469  0.0450
  0.0564  0.0513  0.0577  0.0484  0.0541  0.0474
  0.0667  0.0578  0.0650  0.0512  0.0620  0.0512
niter,ni,del,rscale     3    3   12.0000    1.2000
parameters
   -0.1905  -12.8142   19.0800    1.3714   -6.7377   -6.1863
eta,q 0.95553 13.01442
  0.0679  0.0586  0.0673  0.0526  0.0589  0.0507
  0.0592  0.0494  0.0550  0.0477  0.0527  0.0480
  0.0502  0.0452  0.0458  0.0451  0.0475  0.0458
  0.0445  0.0444  0.0444  0.0443  0.0444  0.0445
  0.0472  0.0465  0.0494  0.0456  0.0465  0.0450
  0.0568  0.0514  0.0576  0.0482  0.0536  0.0473
  0.0672  0.0576  0.0651  0.0511  0.0614  0.0510
niter,ni,del,rscale     2    3   12.0000    1.2000
parameters
   -0.0997  -12.8838   19.0563    1.4797   -6.8700   -6.1509
eta,q 0.95554 13.01396
  0.0676  0.0584  0.0675  0.0525  0.0591  0.0506
  0.0590  0.0494  0.0552  0.0476  0.0529  0.0479
  0.0500  0.0452  0.0459  0.0451  0.0477  0.0458
  0.0445  0.0444  0.0444  0.0444  0.0444  0.0445
  0.0474  0.0465  0.0494  0.0457  0.0462  0.0450
  0.0571  0.0514  0.0576  0.0482  0.0533  0.0474
  0.0676  0.0575  0.0652  0.0511  0.0611  0.0510
niter,ni,del,rscale     1    3   12.0000    1.2000
parameters
   -0.0426  -12.9405   19.0432    1.5583   -6.9548   -6.1289
eta,q 0.95553 13.01355
  0.0674  0.0584  0.0677  0.0525  0.0592  0.0506
  0.0588  0.0494  0.0554  0.0476  0.0530  0.0479
  0.0499  0.0452  0.0459  0.0451  0.0478  0.0458
  0.0445  0.0444  0.0444  0.0444  0.0444  0.0445
  0.0475  0.0465  0.0494  0.0457  0.0461  0.0451
  0.0573  0.0514  0.0576  0.0483  0.0531  0.0474
  0.0679  0.0574  0.0653  0.0512  0.0609  0.0510
registration optimization eta report
parameter search radius
    6.0000    6.9000    6.9000    6.0000    6.9000    6.9000
100000*second partial in parameter space
       62.       28.       45.       20.       32.       13.
  0.0674  0.0584  0.0677  0.0525  0.0592  0.0506
  0.0588  0.0494  0.0554  0.0476  0.0530  0.0479
  0.0499  0.0452  0.0459  0.0451  0.0478  0.0458
  0.0445  0.0444  0.0444  0.0444  0.0444  0.0445
  0.0475  0.0465  0.0494  0.0457  0.0461  0.0451
  0.0573  0.0514  0.0576  0.0483  0.0531  0.0474
  0.0679  0.0574  0.0653  0.0512  0.0609  0.0510
   -0.0426  -12.9405   19.0432    1.5583   -6.9548   -6.1289
eta,q 0.95553 13.01355

---------------------------------------------------------------------
imgreg_4dfp /opt/freesurfer/average/711-2C_as_mni_average_305 /opt/freesurfer/average/711-2B_as_mni_average_305_mask talsrcimg_g11 none talsrcimg_to_711-2C_as_mni_average_305_t4 3335
---------------------------------------------------------------------

freesurfer imgreg_4dfp.c
/opt/freesurfer/average/711-2C_as_mni_average_305.4dfp.img
       256       256       256         1
  1.000000  1.000000  1.000000
orientation T byte_order littleendian
Reading image: /opt/freesurfer/average/711-2C_as_mni_average_305.4dfp.img
dimensions:      256       256       256
mmppix:       1.0000   -1.0000   -1.0000
center:     128.0000 -129.0000 -129.0000
/opt/freesurfer/average/711-2B_as_mni_average_305_mask.4dfp.img
       256       256       256         1
  1.000000  1.000000  1.000000
orientation T byte_order littleendian
Reading mask: /opt/freesurfer/average/711-2B_as_mni_average_305_mask.4dfp.img (2306576 pixels)
talsrcimg_g11.4dfp.img
       256       256       256         1
  1.000000  1.000000  1.000000
orientation T byte_order littleendian
Reading image: talsrcimg_g11.4dfp.img
dimensions:      256       256       256
mmppix:       1.0000   -1.0000   -1.0000
center:     128.0000 -129.0000 -129.0000
fimgreg.f
image alignment mode   3335 decimal      D07 hex
parameters
   -0.0426  -12.9405   19.0432   -1.3032   -0.6435   -0.7725
   11.0001   11.7446  -10.5980   -3.9962  -12.1086    2.6994
eta,q 0.95558 13.10968
niter,ni,del,rscale     5    3    5.0000    1.2000
parameter  4  1.091975 ->  0.500000 qaram    1.1500
parameter  5 12.046662 ->  0.500000 qaram    1.1500
parameter 11 -0.805071 -> -0.500000 qaram    1.1500
parameter 12  1.249346 ->  0.500000 qaram    1.1500
parameters
    0.4214  -12.0535   18.5323   -5.4432   -4.7835   -4.3565
    9.0925   11.2956   -8.2966   -3.6324   -7.9686   -1.4406
eta,q 0.97245 13.15976
  0.0513  0.0464  0.0462  0.0360  0.0275  0.0312  0.0316  0.0350  0.0339  0.0344  0.0343  0.0272
  0.0480  0.0454  0.0445  0.0370  0.0305  0.0304  0.0306  0.0317  0.0322  0.0320  0.0323  0.0274
  0.0457  0.0446  0.0438  0.0394  0.0339  0.0303  0.0301  0.0302  0.0308  0.0304  0.0308  0.0280
  0.0444  0.0442  0.0440  0.0438  0.0375  0.0314  0.0303  0.0301  0.0300  0.0298  0.0298  0.0287
  0.0443  0.0440  0.0451  0.0506  0.0406  0.0363  0.0311  0.0309  0.0298  0.0301  0.0291  0.0298
  0.0454  0.0441  0.0467  0.0587  0.0442  0.0450  0.0326  0.0329  0.0301  0.0313  0.0287  0.0310
  0.0475  0.0445  0.0488  0.0665  0.0479  0.0557  0.0345  0.0362  0.0309  0.0336  0.0286  0.0324
niter,ni,del,rscale     7    3    5.0000    1.2000
parameter  3  0.926285 ->  0.500000 qaram    1.1500
parameter  5  0.802208 ->  0.500000 qaram    1.3225
parameters
    0.8642  -12.6358   17.1523   -7.7674   -9.5445   -4.3511
    8.1474   10.1242   -9.4123   -2.5487   -6.5602   -3.9865
eta,q 0.97739 13.04447
  0.0327  0.0289  0.0258  0.0286  0.0240  0.0271  0.0253  0.0262  0.0245  0.0274  0.0248  0.0233
  0.0303  0.0277  0.0260  0.0272  0.0232  0.0256  0.0240  0.0239  0.0235  0.0253  0.0235  0.0228
  0.0285  0.0272  0.0265  0.0263  0.0238  0.0244  0.0232  0.0230  0.0229  0.0238  0.0229  0.0226
  0.0276  0.0274  0.0272  0.0261  0.0262  0.0232  0.0232  0.0231  0.0229  0.0229  0.0227  0.0227
  0.0275  0.0282  0.0284  0.0274  0.0301  0.0219  0.0238  0.0241  0.0234  0.0228  0.0228  0.0232
  0.0283  0.0296  0.0299  0.0313  0.0345  0.0234  0.0250  0.0260  0.0244  0.0237  0.0231  0.0240
  0.0300  0.0316  0.0318  0.0383  0.0381  0.0294  0.0268  0.0291  0.0259  0.0255  0.0236  0.0253
niter,ni,del,rscale     7    3    5.0000    1.2000
parameters
    0.9641  -11.6057   16.7497   -7.0746  -11.2656   -4.6590
    8.0873   10.2663   -9.4344   -1.2030   -6.2767   -5.1103
eta,q 0.97813 12.99043
  0.0262  0.0283  0.0231  0.0266  0.0266  0.0258  0.0248  0.0271  0.0241  0.0264  0.0234  0.0229
  0.0243  0.0259  0.0223  0.0248  0.0243  0.0242  0.0233  0.0239  0.0230  0.0242  0.0224  0.0223
  0.0231  0.0239  0.0220  0.0231  0.0224  0.0230  0.0224  0.0224  0.0223  0.0228  0.0219  0.0219
  0.0226  0.0226  0.0220  0.0219  0.0217  0.0219  0.0220  0.0220  0.0220  0.0220  0.0219  0.0219
  0.0229  0.0220  0.0223  0.0215  0.0234  0.0207  0.0223  0.0225  0.0223  0.0219  0.0221  0.0222
  0.0239  0.0222  0.0230  0.0226  0.0276  0.0229  0.0233  0.0238  0.0230  0.0226  0.0224  0.0228
  0.0257  0.0231  0.0241  0.0263  0.0329  0.0290  0.0249  0.0265  0.0242  0.0240  0.0230  0.0237
niter,ni,del,rscale     6    3    5.0000    1.2000
parameters
    0.9550  -11.2232   16.5883   -6.6765  -11.6651   -4.7681
    8.0577   10.3631   -9.3682   -0.6014   -6.2073   -5.4978
eta,q 0.97820 12.98535
  0.0252  0.0257  0.0232  0.0264  0.0278  0.0257  0.0245  0.0268  0.0239  0.0253  0.0233  0.0231
  0.0234  0.0238  0.0223  0.0245  0.0253  0.0242  0.0231  0.0237  0.0228  0.0234  0.0222  0.0224
  0.0222  0.0225  0.0219  0.0230  0.0231  0.0229  0.0222  0.0222  0.0221  0.0223  0.0218  0.0219
  0.0219  0.0219  0.0218  0.0218  0.0217  0.0218  0.0218  0.0218  0.0218  0.0218  0.0218  0.0218
  0.0222  0.0219  0.0220  0.0214  0.0221  0.0205  0.0221  0.0223  0.0220  0.0219  0.0220  0.0220
  0.0234  0.0226  0.0226  0.0227  0.0251  0.0223  0.0231  0.0236  0.0227  0.0228  0.0224  0.0225
  0.0253  0.0239  0.0235  0.0267  0.0301  0.0283  0.0247  0.0264  0.0238  0.0243  0.0230  0.0233
niter,ni,del,rscale     5    3    5.0000    1.2000
parameters
    0.9382  -11.0656   16.4338   -6.5709  -11.7545   -4.9166
    8.0224   10.3954   -9.3549   -0.3125   -6.2023   -5.7007
eta,q 0.97815 12.97984
  0.0251  0.0250  0.0232  0.0263  0.0280  0.0257  0.0245  0.0267  0.0238  0.0249  0.0233  0.0232
  0.0233  0.0233  0.0223  0.0245  0.0255  0.0241  0.0231  0.0236  0.0227  0.0232  0.0223  0.0224
  0.0222  0.0222  0.0219  0.0229  0.0233  0.0229  0.0222  0.0222  0.0221  0.0222  0.0219  0.0220
  0.0218  0.0218  0.0218  0.0218  0.0218  0.0218  0.0219  0.0219  0.0219  0.0219  0.0219  0.0219
  0.0222  0.0220  0.0220  0.0215  0.0219  0.0205  0.0221  0.0223  0.0221  0.0221  0.0221  0.0220
  0.0233  0.0228  0.0226  0.0230  0.0247  0.0224  0.0231  0.0237  0.0227  0.0229  0.0225  0.0225
  0.0253  0.0243  0.0235  0.0274  0.0295  0.0284  0.0247  0.0265  0.0238  0.0244  0.0231  0.0233
niter,ni,del,rscale     4    3    5.0000    1.2000
parameters
    0.9360  -10.9772   16.3380   -6.5229  -11.7986   -5.0151
    8.0017   10.4234   -9.3363   -0.1401   -6.2390   -5.8037
eta,q 0.97811 12.97623
  0.0252  0.0249  0.0233  0.0263  0.0281  0.0258  0.0246  0.0267  0.0238  0.0248  0.0233  0.0232
  0.0234  0.0232  0.0224  0.0245  0.0256  0.0242  0.0232  0.0237  0.0228  0.0231  0.0223  0.0225
  0.0222  0.0222  0.0220  0.0230  0.0234  0.0229  0.0222  0.0222  0.0221  0.0222  0.0219  0.0221
  0.0219  0.0219  0.0219  0.0218  0.0218  0.0219  0.0219  0.0219  0.0219  0.0219  0.0219  0.0219
  0.0222  0.0221  0.0221  0.0216  0.0219  0.0206  0.0222  0.0223  0.0221  0.0221  0.0221  0.0221
  0.0234  0.0230  0.0226  0.0231  0.0246  0.0223  0.0231  0.0237  0.0227  0.0230  0.0225  0.0225
  0.0253  0.0244  0.0235  0.0275  0.0294  0.0283  0.0247  0.0265  0.0238  0.0245  0.0231  0.0233
niter,ni,del,rscale     3    3    5.0000    1.2000
parameters
    0.9368  -10.9260   16.2777   -6.4962  -11.8269   -5.0790
    7.9847   10.4454   -9.3137   -0.0351   -6.2617   -5.8549
eta,q 0.97807 12.97348
  0.0252  0.0248  0.0234  0.0263  0.0281  0.0258  0.0246  0.0267  0.0238  0.0247  0.0233  0.0233
  0.0234  0.0232  0.0225  0.0246  0.0256  0.0242  0.0232  0.0237  0.0228  0.0231  0.0223  0.0225
  0.0223  0.0222  0.0220  0.0230  0.0235  0.0230  0.0223  0.0223  0.0221  0.0222  0.0219  0.0221
  0.0219  0.0219  0.0219  0.0219  0.0219  0.0219  0.0219  0.0219  0.0219  0.0219  0.0219  0.0219
  0.0223  0.0222  0.0221  0.0216  0.0220  0.0206  0.0222  0.0224  0.0221  0.0222  0.0222  0.0221
  0.0234  0.0231  0.0226  0.0232  0.0247  0.0223  0.0231  0.0237  0.0228  0.0231  0.0225  0.0226
  0.0253  0.0245  0.0235  0.0276  0.0294  0.0282  0.0247  0.0266  0.0238  0.0245  0.0232  0.0233
niter,ni,del,rscale     2    3    5.0000    1.2000
parameters
    0.9374  -10.8916   16.2416   -6.4797  -11.8479   -5.1184
    7.9734   10.4580   -9.2947    0.0352   -6.2855   -5.8976
eta,q 0.97805 12.97169
  0.0253  0.0247  0.0235  0.0264  0.0281  0.0258  0.0246  0.0267  0.0238  0.0247  0.0234  0.0233
  0.0234  0.0232  0.0225  0.0246  0.0257  0.0243  0.0232  0.0237  0.0228  0.0231  0.0224  0.0226
  0.0223  0.0222  0.0221  0.0231  0.0235  0.0230  0.0223  0.0223  0.0222  0.0222  0.0220  0.0221
  0.0219  0.0219  0.0219  0.0219  0.0219  0.0219  0.0220  0.0220  0.0220  0.0220  0.0219  0.0219
  0.0223  0.0222  0.0221  0.0217  0.0220  0.0206  0.0222  0.0224  0.0222  0.0222  0.0222  0.0221
  0.0234  0.0231  0.0226  0.0232  0.0247  0.0222  0.0231  0.0238  0.0228  0.0231  0.0226  0.0226
  0.0253  0.0246  0.0235  0.0277  0.0294  0.0281  0.0247  0.0266  0.0238  0.0246  0.0232  0.0233
niter,ni,del,rscale     1    3    5.0000    1.2000
parameters
    0.9394  -10.8696   16.2176   -6.4700  -11.8629   -5.1441
    7.9597   10.4701   -9.2799    0.0801   -6.2985   -5.9160
eta,q 0.97803 12.97041
  0.0253  0.0247  0.0235  0.0264  0.0281  0.0258  0.0246  0.0267  0.0238  0.0247  0.0234  0.0233
  0.0235  0.0232  0.0225  0.0246  0.0257  0.0243  0.0232  0.0237  0.0228  0.0231  0.0224  0.0226
  0.0223  0.0222  0.0221  0.0231  0.0235  0.0230  0.0223  0.0223  0.0222  0.0223  0.0220  0.0221
  0.0219  0.0219  0.0219  0.0219  0.0219  0.0219  0.0220  0.0220  0.0220  0.0220  0.0220  0.0220
  0.0223  0.0223  0.0221  0.0217  0.0220  0.0207  0.0222  0.0224  0.0222  0.0222  0.0222  0.0221
  0.0234  0.0232  0.0226  0.0232  0.0247  0.0222  0.0232  0.0238  0.0228  0.0231  0.0226  0.0226
  0.0253  0.0246  0.0235  0.0277  0.0293  0.0281  0.0247  0.0266  0.0238  0.0246  0.0232  0.0234
registration optimization eta report
parameter search radius
    2.4000    2.4000    2.7600    8.2800    9.5220    7.2000
    7.2000    7.2000    7.2000    7.2000    8.2800    8.2800
100000*second partial in parameter space
       58.       47.       20.        8.        7.       10.
        5.        9.        4.        5.        2.        2.
  0.0253  0.0247  0.0235  0.0264  0.0281  0.0258  0.0246  0.0267  0.0238  0.0247  0.0234  0.0233
  0.0235  0.0232  0.0225  0.0246  0.0257  0.0243  0.0232  0.0237  0.0228  0.0231  0.0224  0.0226
  0.0223  0.0222  0.0221  0.0231  0.0235  0.0230  0.0223  0.0223  0.0222  0.0223  0.0220  0.0221
  0.0219  0.0219  0.0219  0.0219  0.0219  0.0219  0.0220  0.0220  0.0220  0.0220  0.0220  0.0220
  0.0223  0.0223  0.0221  0.0217  0.0220  0.0207  0.0222  0.0224  0.0222  0.0222  0.0222  0.0221
  0.0234  0.0232  0.0226  0.0232  0.0247  0.0222  0.0232  0.0238  0.0228  0.0231  0.0226  0.0226
  0.0253  0.0246  0.0235  0.0277  0.0293  0.0281  0.0247  0.0266  0.0238  0.0246  0.0232  0.0234
    0.9394  -10.8696   16.2176   -6.4700  -11.8629   -5.1441
    7.9597   10.4701   -9.2799    0.0801   -6.2985   -5.9160
eta,q 0.97803 12.97041

---------------------------------------------------------------------
imgreg_4dfp /opt/freesurfer/average/711-2C_as_mni_average_305 /opt/freesurfer/average/711-2B_as_mni_average_305_mask talsrcimg_g11 none talsrcimg_to_711-2C_as_mni_average_305_t4 2311
---------------------------------------------------------------------

freesurfer imgreg_4dfp.c
/opt/freesurfer/average/711-2C_as_mni_average_305.4dfp.img
       256       256       256         1
  1.000000  1.000000  1.000000
orientation T byte_order littleendian
Reading image: /opt/freesurfer/average/711-2C_as_mni_average_305.4dfp.img
dimensions:      256       256       256
mmppix:       1.0000   -1.0000   -1.0000
center:     128.0000 -129.0000 -129.0000
/opt/freesurfer/average/711-2B_as_mni_average_305_mask.4dfp.img
       256       256       256         1
  1.000000  1.000000  1.000000
orientation T byte_order littleendian
Reading mask: /opt/freesurfer/average/711-2B_as_mni_average_305_mask.4dfp.img (2306576 pixels)
talsrcimg_g11.4dfp.img
       256       256       256         1
  1.000000  1.000000  1.000000
orientation T byte_order littleendian
Reading image: talsrcimg_g11.4dfp.img
dimensions:      256       256       256
mmppix:       1.0000   -1.0000   -1.0000
center:     128.0000 -129.0000 -129.0000
fimgreg.f
image alignment mode   2311 decimal      907 hex
parameters
    0.9394  -10.8696   16.2176   -6.4700  -11.8629   -5.1441
    7.9597   10.4701   -9.2799    0.0801   -6.2985   -5.9160
eta,q 0.97803 12.97041
niter,ni,del,rscale     5    3    5.0000    0.8000
parameters
    0.9513  -10.8770   16.1645   -4.9108  -10.9225   -3.7843
    7.8254   10.7383   -9.1360    0.2583   -6.1808   -6.1432
eta,q 0.97927 13.09650
  0.0235  0.0232  0.0224  0.0242  0.0243  0.0239  0.0221  0.0243  0.0218  0.0225  0.0217  0.0213
  0.0226  0.0225  0.0222  0.0233  0.0232  0.0230  0.0213  0.0223  0.0212  0.0215  0.0211  0.0210
  0.0221  0.0221  0.0220  0.0226  0.0223  0.0223  0.0209  0.0211  0.0209  0.0209  0.0208  0.0208
  0.0220  0.0220  0.0220  0.0220  0.0217  0.0215  0.0207  0.0207  0.0207  0.0207  0.0207  0.0207
  0.0221  0.0221  0.0220  0.0217  0.0215  0.0206  0.0209  0.0209  0.0208  0.0208  0.0208  0.0208
  0.0226  0.0225  0.0222  0.0218  0.0219  0.0204  0.0214  0.0218  0.0211  0.0213  0.0211  0.0210
  0.0234  0.0232  0.0225  0.0226  0.0230  0.0227  0.0223  0.0236  0.0217  0.0222  0.0215  0.0214
niter,ni,del,rscale     4    3    5.0000    0.7000
parameters
    0.7856  -11.0324   16.2045   -5.2042  -10.7122   -3.8090
    7.9146   10.5457   -9.2355    0.0415   -6.1721   -6.0378
eta,q 0.97930 13.09940
  0.0218  0.0216  0.0214  0.0221  0.0227  0.0229  0.0218  0.0227  0.0214  0.0218  0.0213  0.0212
  0.0211  0.0210  0.0210  0.0215  0.0218  0.0222  0.0212  0.0215  0.0210  0.0212  0.0209  0.0209
  0.0208  0.0207  0.0207  0.0209  0.0211  0.0215  0.0208  0.0209  0.0208  0.0208  0.0207  0.0208
  0.0207  0.0207  0.0207  0.0207  0.0207  0.0207  0.0207  0.0207  0.0207  0.0207  0.0207  0.0207
  0.0210  0.0209  0.0208  0.0208  0.0208  0.0202  0.0208  0.0210  0.0208  0.0209  0.0208  0.0207
  0.0216  0.0214  0.0210  0.0215  0.0213  0.0212  0.0211  0.0218  0.0211  0.0213  0.0210  0.0209
  0.0225  0.0220  0.0213  0.0229  0.0225  0.0242  0.0217  0.0232  0.0215  0.0221  0.0213  0.0212
niter,ni,del,rscale     3    3    5.0000    0.6000
parameters
    0.7844  -11.0945   16.2087   -5.1135  -10.5812   -3.4615
    7.9438   10.5777   -9.2365   -0.0094   -6.1227   -5.9998
eta,q 0.97951 13.11445
  0.0217  0.0214  0.0212  0.0219  0.0222  0.0226  0.0213  0.0223  0.0211  0.0215  0.0210  0.0209
  0.0211  0.0210  0.0209  0.0214  0.0215  0.0220  0.0209  0.0213  0.0207  0.0209  0.0207  0.0207
  0.0208  0.0208  0.0207  0.0209  0.0210  0.0214  0.0206  0.0207  0.0206  0.0206  0.0205  0.0205
  0.0207  0.0207  0.0207  0.0207  0.0207  0.0207  0.0205  0.0205  0.0205  0.0205  0.0205  0.0205
  0.0208  0.0208  0.0208  0.0207  0.0207  0.0202  0.0206  0.0207  0.0205  0.0206  0.0206  0.0205
  0.0211  0.0211  0.0209  0.0211  0.0212  0.0206  0.0208  0.0212  0.0207  0.0209  0.0207  0.0207
  0.0217  0.0216  0.0211  0.0220  0.0221  0.0227  0.0213  0.0223  0.0211  0.0215  0.0210  0.0209
niter,ni,del,rscale     2    3    5.0000    0.5000
parameters
    0.7681  -11.1326   16.3094   -5.0924  -10.5217   -3.0423
    7.9525   10.5774   -9.2280   -0.0443   -6.0407   -5.9669
eta,q 0.97973 13.12649
  0.0212  0.0210  0.0209  0.0213  0.0215  0.0222  0.0208  0.0217  0.0207  0.0210  0.0207  0.0206
  0.0208  0.0207  0.0207  0.0209  0.0210  0.0216  0.0205  0.0209  0.0205  0.0206  0.0204  0.0204
  0.0206  0.0205  0.0205  0.0206  0.0207  0.0211  0.0203  0.0204  0.0203  0.0204  0.0203  0.0203
  0.0205  0.0205  0.0205  0.0205  0.0205  0.0205  0.0203  0.0203  0.0203  0.0203  0.0203  0.0203
  0.0206  0.0206  0.0205  0.0205  0.0205  0.0201  0.0203  0.0204  0.0203  0.0204  0.0203  0.0203
  0.0208  0.0208  0.0206  0.0208  0.0209  0.0205  0.0205  0.0209  0.0204  0.0206  0.0204  0.0204
  0.0212  0.0211  0.0208  0.0214  0.0215  0.0219  0.0208  0.0217  0.0207  0.0211  0.0206  0.0206
niter,ni,del,rscale     1    3    5.0000    0.4000
parameters
    0.7638  -11.1708   16.4605   -5.1199  -10.4875   -2.6180
    7.9457   10.5643   -9.2155   -0.0980   -5.9550   -5.9154
eta,q 0.97991 13.13488
  0.0207  0.0206  0.0207  0.0208  0.0209  0.0217  0.0204  0.0210  0.0204  0.0206  0.0204  0.0203
  0.0205  0.0204  0.0205  0.0205  0.0206  0.0212  0.0202  0.0205  0.0202  0.0203  0.0202  0.0202
  0.0203  0.0203  0.0203  0.0203  0.0204  0.0207  0.0201  0.0202  0.0201  0.0201  0.0201  0.0201
  0.0203  0.0203  0.0203  0.0203  0.0203  0.0203  0.0201  0.0201  0.0201  0.0201  0.0201  0.0201
  0.0203  0.0203  0.0203  0.0203  0.0203  0.0200  0.0201  0.0202  0.0201  0.0202  0.0201  0.0201
  0.0205  0.0205  0.0203  0.0205  0.0205  0.0203  0.0202  0.0205  0.0202  0.0203  0.0202  0.0202
  0.0208  0.0207  0.0204  0.0209  0.0210  0.0212  0.0205  0.0211  0.0204  0.0206  0.0203  0.0203
registration optimization eta report
parameter search radius
    0.8000    0.8000    0.8000    2.4000    2.4000    2.4000
    2.4000    2.4000    2.4000    2.4000    2.4000    2.4000
100000*second partial in parameter space
       74.       60.       45.       10.       12.       21.
        6.       17.        5.        9.        5.        4.
  0.0207  0.0206  0.0207  0.0208  0.0209  0.0217  0.0204  0.0210  0.0204  0.0206  0.0204  0.0203
  0.0205  0.0204  0.0205  0.0205  0.0206  0.0212  0.0202  0.0205  0.0202  0.0203  0.0202  0.0202
  0.0203  0.0203  0.0203  0.0203  0.0204  0.0207  0.0201  0.0202  0.0201  0.0201  0.0201  0.0201
  0.0203  0.0203  0.0203  0.0203  0.0203  0.0203  0.0201  0.0201  0.0201  0.0201  0.0201  0.0201
  0.0203  0.0203  0.0203  0.0203  0.0203  0.0200  0.0201  0.0202  0.0201  0.0202  0.0201  0.0201
  0.0205  0.0205  0.0203  0.0205  0.0205  0.0203  0.0202  0.0205  0.0202  0.0203  0.0202  0.0202
  0.0208  0.0207  0.0204  0.0209  0.0210  0.0212  0.0205  0.0211  0.0204  0.0206  0.0203  0.0203
    0.7638  -11.1708   16.4605   -5.1199  -10.4875   -2.6180
    7.9457   10.5643   -9.2155   -0.0980   -5.9550   -5.9154
eta,q 0.97991 13.13488

---------------------------------------------------------------------
imgreg_4dfp /opt/freesurfer/average/711-2C_as_mni_average_305 /opt/freesurfer/average/711-2B_as_mni_average_305_mask talsrcimg_g11 none talsrcimg_to_711-2C_as_mni_average_305_t4 2311
---------------------------------------------------------------------

freesurfer imgreg_4dfp.c
/opt/freesurfer/average/711-2C_as_mni_average_305.4dfp.img
       256       256       256         1
  1.000000  1.000000  1.000000
orientation T byte_order littleendian
Reading image: /opt/freesurfer/average/711-2C_as_mni_average_305.4dfp.img
dimensions:      256       256       256
mmppix:       1.0000   -1.0000   -1.0000
center:     128.0000 -129.0000 -129.0000
/opt/freesurfer/average/711-2B_as_mni_average_305_mask.4dfp.img
       256       256       256         1
  1.000000  1.000000  1.000000
orientation T byte_order littleendian
Reading mask: /opt/freesurfer/average/711-2B_as_mni_average_305_mask.4dfp.img (2306576 pixels)
talsrcimg_g11.4dfp.img
       256       256       256         1
  1.000000  1.000000  1.000000
orientation T byte_order littleendian
Reading image: talsrcimg_g11.4dfp.img
dimensions:      256       256       256
mmppix:       1.0000   -1.0000   -1.0000
center:     128.0000 -129.0000 -129.0000
fimgreg.f
image alignment mode   2311 decimal      907 hex
parameters
    0.7638  -11.1708   16.4605   -5.1199  -10.4875   -2.6180
    7.9457   10.5643   -9.2155   -0.0980   -5.9550   -5.9154
eta,q 0.97991 13.13488
niter,ni,del,rscale     5    3    5.0000    0.8000
parameters
    0.7645  -11.2222   16.7269   -5.8008  -10.7866   -3.3458
    8.0309   10.3673   -9.3893   -0.3779   -5.9838   -5.6446
eta,q 0.97943 13.09833
  0.0221  0.0216  0.0220  0.0217  0.0223  0.0229  0.0220  0.0231  0.0215  0.0220  0.0213  0.0213
  0.0210  0.0207  0.0209  0.0209  0.0212  0.0221  0.0212  0.0216  0.0210  0.0212  0.0208  0.0209
  0.0203  0.0202  0.0203  0.0203  0.0205  0.0211  0.0207  0.0208  0.0207  0.0207  0.0206  0.0207
  0.0201  0.0201  0.0201  0.0201  0.0201  0.0202  0.0206  0.0206  0.0206  0.0206  0.0206  0.0206
  0.0203  0.0203  0.0201  0.0204  0.0204  0.0202  0.0207  0.0209  0.0207  0.0208  0.0207  0.0206
  0.0210  0.0209  0.0204  0.0215  0.0214  0.0228  0.0211  0.0219  0.0211  0.0214  0.0209  0.0208
  0.0221  0.0218  0.0209  0.0237  0.0232  0.0273  0.0219  0.0236  0.0217  0.0225  0.0212  0.0211
niter,ni,del,rscale     4    3    5.0000    0.7000
parameters
    0.8234  -11.2329   16.4817   -5.4081  -10.6521   -3.4891
    8.0326   10.4644   -9.3428   -0.3288   -6.0714   -5.7236
eta,q 0.97945 13.10660
  0.0220  0.0217  0.0210  0.0222  0.0224  0.0228  0.0216  0.0229  0.0214  0.0219  0.0211  0.0210
  0.0212  0.0211  0.0207  0.0215  0.0215  0.0221  0.0210  0.0215  0.0209  0.0212  0.0208  0.0208
  0.0208  0.0207  0.0205  0.0209  0.0208  0.0213  0.0207  0.0208  0.0206  0.0207  0.0206  0.0206
  0.0206  0.0206  0.0206  0.0205  0.0205  0.0205  0.0206  0.0206  0.0206  0.0206  0.0206  0.0206
  0.0207  0.0207  0.0207  0.0205  0.0206  0.0200  0.0207  0.0207  0.0206  0.0207  0.0206  0.0206
  0.0211  0.0211  0.0210  0.0209  0.0212  0.0213  0.0210  0.0214  0.0209  0.0211  0.0208  0.0208
  0.0218  0.0217  0.0214  0.0219  0.0224  0.0244  0.0216  0.0227  0.0213  0.0219  0.0211  0.0211
niter,ni,del,rscale     3    3    5.0000    0.6000
parameters
    0.7892  -11.2044   16.3741   -5.2262  -10.5622   -3.3073
    8.0143   10.5147   -9.2998   -0.2253   -6.0392   -5.8263
eta,q 0.97958 13.11759
  0.0215  0.0214  0.0209  0.0218  0.0220  0.0225  0.0212  0.0223  0.0210  0.0215  0.0209  0.0208
  0.0210  0.0210  0.0207  0.0212  0.0213  0.0219  0.0208  0.0212  0.0207  0.0209  0.0206  0.0206
  0.0206  0.0207  0.0206  0.0208  0.0208  0.0212  0.0205  0.0206  0.0205  0.0206  0.0204  0.0205
  0.0206  0.0206  0.0205  0.0205  0.0205  0.0205  0.0204  0.0204  0.0204  0.0204  0.0204  0.0204
  0.0207  0.0206  0.0206  0.0205  0.0206  0.0201  0.0205  0.0206  0.0205  0.0205  0.0205  0.0205
  0.0210  0.0209  0.0208  0.0209  0.0211  0.0207  0.0208  0.0211  0.0207  0.0208  0.0206  0.0206
  0.0216  0.0213  0.0211  0.0217  0.0220  0.0229  0.0212  0.0222  0.0210  0.0214  0.0209  0.0208
niter,ni,del,rscale     2    3    5.0000    0.5000
parameters
    0.7711  -11.1916   16.3971   -5.1497  -10.5174   -2.9637
    7.9882   10.5360   -9.2702   -0.1644   -5.9897   -5.8578
eta,q 0.97977 13.12776
  0.0211  0.0210  0.0208  0.0213  0.0214  0.0221  0.0208  0.0216  0.0206  0.0210  0.0207  0.0205
  0.0207  0.0207  0.0206  0.0209  0.0209  0.0216  0.0205  0.0208  0.0204  0.0206  0.0204  0.0204
  0.0205  0.0205  0.0204  0.0206  0.0206  0.0210  0.0203  0.0204  0.0203  0.0203  0.0203  0.0203
  0.0204  0.0204  0.0204  0.0204  0.0204  0.0204  0.0202  0.0202  0.0202  0.0202  0.0202  0.0202
  0.0205  0.0205  0.0205  0.0204  0.0205  0.0200  0.0203  0.0204  0.0203  0.0203  0.0203  0.0203
  0.0207  0.0207  0.0206  0.0207  0.0208  0.0205  0.0205  0.0208  0.0204  0.0205  0.0204  0.0204
  0.0212  0.0210  0.0208  0.0213  0.0215  0.0220  0.0208  0.0216  0.0206  0.0210  0.0206  0.0205
niter,ni,del,rscale     1    3    5.0000    0.4000
parameters
    0.7640  -11.2020   16.5054   -5.1547  -10.4881   -2.5777
    7.9719   10.5399   -9.2405   -0.1614   -5.9284   -5.8649
eta,q 0.97993 13.13532
  0.0207  0.0206  0.0206  0.0208  0.0209  0.0216  0.0204  0.0210  0.0203  0.0206  0.0204  0.0203
  0.0204  0.0204  0.0204  0.0205  0.0206  0.0212  0.0202  0.0205  0.0202  0.0203  0.0202  0.0202
  0.0203  0.0203  0.0203  0.0203  0.0203  0.0207  0.0201  0.0202  0.0201  0.0201  0.0201  0.0201
  0.0202  0.0202  0.0202  0.0202  0.0202  0.0202  0.0201  0.0201  0.0201  0.0201  0.0201  0.0201
  0.0203  0.0203  0.0202  0.0203  0.0203  0.0200  0.0201  0.0202  0.0201  0.0201  0.0201  0.0201
  0.0204  0.0204  0.0203  0.0205  0.0205  0.0203  0.0202  0.0205  0.0202  0.0203  0.0202  0.0202
  0.0207  0.0206  0.0204  0.0208  0.0209  0.0213  0.0204  0.0210  0.0203  0.0206  0.0203  0.0203
registration optimization eta report
parameter search radius
    0.8000    0.8000    0.8000    2.4000    2.4000    2.4000
    2.4000    2.4000    2.4000    2.4000    2.4000    2.4000
100000*second partial in parameter space
       75.       61.       45.       10.       12.       21.
        6.       17.        5.        9.        5.        4.
  0.0207  0.0206  0.0206  0.0208  0.0209  0.0216  0.0204  0.0210  0.0203  0.0206  0.0204  0.0203
  0.0204  0.0204  0.0204  0.0205  0.0206  0.0212  0.0202  0.0205  0.0202  0.0203  0.0202  0.0202
  0.0203  0.0203  0.0203  0.0203  0.0203  0.0207  0.0201  0.0202  0.0201  0.0201  0.0201  0.0201
  0.0202  0.0202  0.0202  0.0202  0.0202  0.0202  0.0201  0.0201  0.0201  0.0201  0.0201  0.0201
  0.0203  0.0203  0.0202  0.0203  0.0203  0.0200  0.0201  0.0202  0.0201  0.0201  0.0201  0.0201
  0.0204  0.0204  0.0203  0.0205  0.0205  0.0203  0.0202  0.0205  0.0202  0.0203  0.0202  0.0202
  0.0207  0.0206  0.0204  0.0208  0.0209  0.0213  0.0204  0.0210  0.0203  0.0206  0.0203  0.0203
    0.7640  -11.2020   16.5054   -5.1547  -10.4881   -2.5777
    7.9719   10.5399   -9.2405   -0.1614   -5.9284   -5.8649
eta,q 0.97993 13.13532

---------------------------------------------------------------------
compute_vox2vox talsrcimg talsrcimg_to_711-2C_as_mni_average_305_t4 /opt/freesurfer/average/711-2C_as_mni_average_305
---------------------------------------------------------------------

freesurfer compute_vox2vox.c
Reading: talsrcimg.4dfp.ifh
Reading: talsrcimg_to_711-2C_as_mni_average_305_t4
Reading: /opt/freesurfer/average/711-2C_as_mni_average_305.4dfp.ifh
Writing: talsrcimg_to_711-2C_as_mni_average_305_t4_vox2vox.txt

start time Wed Mar 11 07:46:13 CET 2026
end		time Wed Mar 11 07:47:44 CET 2026

mpr2mni305 success

avi2talxfm orig_nu.mgz /opt/freesurfer/average/mni305.cor.mgz talsrcimg_to_711-2C_as_mni_average_305_t4_vox2vox.txt transforms/talairach.auto.xfm
avi2talxfm done
mv -f /out/sourcedata/freesurfer/sub-v2s15x29731_ses-1/mri/talsrcimg_to_711-2C_as_mni_average_305_t4_vox2vox.txt /out/sourcedata/freesurfer/sub-v2s15x29731_ses-1/mri/transforms/talsrcimg_to_711-2C_as_mni_average_305_t4_vox2vox.txt
lta_convert --src orig_nu.mgz --trg /opt/freesurfer/average/mni305.cor.mgz --inxfm transforms/talairach.auto.xfm --outlta transforms/talairach.auto.xfm.lta --subject fsaverage
7.3.2

--src: orig_nu.mgz src image (geometry).
--trg: /opt/freesurfer/average/mni305.cor.mgz trg image (geometry).
--inmni: transforms/talairach.auto.xfm input MNI/XFM transform.
--outlta: transforms/talairach.auto.xfm.lta output LTA.
--s: fsaverage subject name
 LTA read, type : 1
 1.03760  -0.11242  -0.09977  -0.84683;
 0.06960   1.01903   0.06057  -19.74088;
 0.10724  -0.00977   1.10698   1.84903;
 0.00000   0.00000   0.00000   1.00000;
setting subject to fsaverage
Writing  LTA to file transforms/talairach.auto.xfm.lta...
lta_convert successful.
 
 
Started at Wed Mar 11 07:46:12 CET 2026
Ended   at Wed Mar 11 07:47:44 CET 2026
talairach_avi done
