/out/sourcedata/freesurfer/sub-v2s15x29742_ses-1/mri
/opt/freesurfer/bin/talairach_avi
--i orig_nu.mgz --xfm transforms/talairach.auto.xfm
talairach_avi 7.3.2
Linux dna020 5.14.0-427.37.1.el9_4.x86_64 #1 SMP PREEMPT_DYNAMIC Fri Sep 13 12:41:50 EDT 2024 x86_64 x86_64 x86_64 GNU/Linux
Wed Mar 11 08:37:53 CET 2026
mri_convert orig_nu.mgz talsrcimg.img 
reading from orig_nu.mgz...
TR=0.00, TE=0.00, TI=0.00, flip angle=0.00
i_ras = (-1, 0, 3.72529e-09)
j_ras = (0, 0, -1)
k_ras = (0, 1, 0)
writing to talsrcimg.img...
Analyze Output Matrix
-1.00000   0.00000   0.00000   126.64790;
 0.00000   0.00000   1.00000  -126.76839;
 0.00000  -1.00000   0.00000   116.16640;
 0.00000   0.00000   0.00000   1.00000;
--------------------
INFO: set hdr.hist.orient to -1
mpr2mni305 talsrcimg
Wed Mar 11 08:37:54 CET 2026
/opt/freesurfer/bin/mpr2mni305 talsrcimg
mpr2mni305 7.3.2
target=711-2C_as_mni_average_305

---------------------------------------------------------------------
analyzeto4dfp talsrcimg -O0 -y
---------------------------------------------------------------------

freesurfer ifh2hdr.c
Wed Mar 11 08:37:54 2026
Writing: talsrcimg.4dfp.hdr
freesurfer analyzeto4dfp.c
Reading: talsrcimg.hdr
header size 348 bytes
hdr.dime.datatype	offset=70	value=2
hdr.dime.bitpix		offset=72	value=8
hdr.hist.orient		offset=252	value=-1
dimensionality     4
dimensions       256       256       256         1
Reading: talsrcimg.img
Writing: talsrcimg.4dfp.img
Writing: talsrcimg.4dfp.ifh
ifh2hdr talsrcimg -r0to238
ori=2

---------------------------------------------------------------------
gauss_4dfp talsrcimg 1.1
---------------------------------------------------------------------

freesurfer gauss_4dfp.c
Reading: talsrcimg.4dfp.img
Writing: talsrcimg_g11.4dfp.img
image dimensions 256 256 256 padded to 288 288 288
processing volume 1freesurfer ifh2hdr.c
Wed Mar 11 08:37:56 2026
Writing: talsrcimg_g11.4dfp.hdr

Writing: talsrcimg_g11.4dfp.ifh
including: talsrcimg.4dfp.img.rec in talsrcimg_g11.4dfp.img.rec

---------------------------------------------------------------------
imgreg_4dfp /opt/freesurfer/average/711-2C_as_mni_average_305 none talsrcimg_g11 none talsrcimg_to_711-2C_as_mni_average_305_t4 4355
---------------------------------------------------------------------

freesurfer imgreg_4dfp.c
/opt/freesurfer/average/711-2C_as_mni_average_305.4dfp.img
       256       256       256         1
  1.000000  1.000000  1.000000
orientation T byte_order littleendian
Reading image: /opt/freesurfer/average/711-2C_as_mni_average_305.4dfp.img
dimensions:      256       256       256
mmppix:       1.0000   -1.0000   -1.0000
center:     128.0000 -129.0000 -129.0000
talsrcimg_g11.4dfp.img
       256       256       256         1
  1.000000  1.000000  1.000000
orientation T byte_order littleendian
Reading image: talsrcimg_g11.4dfp.img
dimensions:      256       256       256
mmppix:       1.0000   -1.0000   -1.0000
center:     128.0000 -129.0000 -129.0000
t4_read: open error in t4_sub.f l:  41 t4_file(1:l)talsrcimg_to_711-2C_as_mni_average_305_t4 
t4_read: transform initialized to I4
rotation matrix determinant  1.000000
image alignment mode   4355 decimal     1103 hex
   -7.5000  -45.0000  -45.0000 9070.3311   16.4335
    0.0000  -45.0000  -45.0000 9502.9980   16.4594
    7.5000  -45.0000  -45.0000 9094.3164   16.4936
   -7.5000  -37.5000  -45.0000 9447.6816   16.4087
    0.0000  -37.5000  -45.0000 9914.3730   16.4334
    7.5000  -37.5000  -45.0000 9505.1123   16.4671
   -7.5000  -30.0000  -45.000010126.4561   16.3996
    0.0000  -30.0000  -45.000010622.9756   16.4232
    7.5000  -30.0000  -45.000010201.9795   16.4544
   -7.5000  -22.5000  -45.000010779.1768   16.3971
    0.0000  -22.5000  -45.000011291.5703   16.4206
    7.5000  -22.5000  -45.000010823.4775   16.4503
   -7.5000  -15.0000  -45.000011399.7842   16.3994
    0.0000  -15.0000  -45.000011944.2773   16.4238
    7.5000  -15.0000  -45.000011424.1523   16.4546
   -7.5000   -7.5000  -45.000011928.5557   16.4070
    0.0000   -7.5000  -45.000012515.7217   16.4332
    7.5000   -7.5000  -45.000012019.6553   16.4664
   -7.5000    0.0000  -45.000012308.4814   16.4127
    0.0000    0.0000  -45.000012894.2109   16.4392
    7.5000    0.0000  -45.000012393.7637   16.4738
   -7.5000    7.5000  -45.000011645.4336   16.4077
    0.0000    7.5000  -45.000012202.5732   16.4324
    7.5000    7.5000  -45.000011732.9873   16.4662
   -7.5000   15.0000  -45.000010826.7334   16.3996
    0.0000   15.0000  -45.000011314.6328   16.4232
    7.5000   15.0000  -45.000010842.3135   16.4544
   -7.5000   22.5000  -45.0000 9855.6855   16.3949
    0.0000   22.5000  -45.000010294.2227   16.4183
    7.5000   22.5000  -45.0000 9855.0449   16.4480
   -7.5000   30.0000  -45.0000 8935.1885   16.1809
    0.0000   30.0000  -45.0000 9339.3389   16.2050
    7.5000   30.0000  -45.0000 8929.7725   16.2353
   -7.5000   37.5000  -45.0000 8355.7129   16.1983
    0.0000   37.5000  -45.0000 8745.6357   16.2239
    7.5000   37.5000  -45.0000 8371.8691   16.2566
   -7.5000   45.0000  -45.0000 7461.1064   15.8877
    0.0000   45.0000  -45.0000 7857.8872   15.9147
    7.5000   45.0000  -45.0000 7524.8643   15.9479
   -7.5000  -45.0000  -37.5000 9604.0693   16.1907
    0.0000  -45.0000  -37.500010067.4961   16.2147
    7.5000  -45.0000  -37.5000 9609.9766   16.2565
   -7.5000  -37.5000  -37.500010010.7559   16.1653
    0.0000  -37.5000  -37.500010493.6484   16.1886
    7.5000  -37.5000  -37.500010028.7510   16.2295
   -7.5000  -30.0000  -37.500010702.9590   16.1558
    0.0000  -30.0000  -37.500011240.6064   16.1794
    7.5000  -30.0000  -37.500010730.7285   16.2164
   -7.5000  -22.5000  -37.500011383.3057   16.1548
    0.0000  -22.5000  -37.500011942.1348   16.1789
    7.5000  -22.5000  -37.500011387.4629   16.2132
   -7.5000  -15.0000  -37.500012019.0352   16.1587
    0.0000  -15.0000  -37.500012616.2666   16.1834
    7.5000  -15.0000  -37.500012045.5566   16.2192
   -7.5000   -7.5000  -37.500012561.1709   16.1659
    0.0000   -7.5000  -37.500013182.8115   16.1910
    7.5000   -7.5000  -37.500012609.5889   16.2309
   -7.5000    0.0000  -37.500012944.9971   16.1704
    0.0000    0.0000  -37.500013581.3145   16.1949
    7.5000    0.0000  -37.500012996.6562   16.2371
   -7.5000    7.5000  -37.500012263.7549   16.1642
    0.0000    7.5000  -37.500012855.3828   16.1877
    7.5000    7.5000  -37.500012303.8984   16.2287
   -7.5000   15.0000  -37.500011385.2236   16.1558
    0.0000   15.0000  -37.500011903.3994   16.1794
    7.5000   15.0000  -37.500011367.5283   16.2164
   -7.5000   22.5000  -37.500010328.3066   16.1526
    0.0000   22.5000  -37.500010796.4795   16.1767
    7.5000   22.5000  -37.500010299.8447   16.2109
   -7.5000   30.0000  -37.5000 9322.3936   15.9435
    0.0000   30.0000  -37.5000 9763.7559   15.9678
    7.5000   30.0000  -37.5000 9316.3164   16.0031
   -7.5000   37.5000  -37.5000 8716.8008   15.9598
    0.0000   37.5000  -37.5000 9133.1328   15.9842
    7.5000   37.5000  -37.5000 8716.1094   16.0235
   -7.5000   45.0000  -37.5000 7774.7954   15.6504
    0.0000   45.0000  -37.5000 8175.7129   15.6750
    7.5000   45.0000  -37.5000 7807.6377   15.7156
   -7.5000  -45.0000  -30.000010387.5039   16.8599
    0.0000  -45.0000  -30.000010862.7588   16.8772
    7.5000  -45.0000  -30.000010353.9492   16.9213
   -7.5000  -37.5000  -30.000010818.5088   16.8324
    0.0000  -37.5000  -30.000011333.3311   16.8510
    7.5000  -37.5000  -30.000010792.0205   16.8932
   -7.5000  -30.0000  -30.000011552.5146   16.8232
    0.0000  -30.0000  -30.000012138.5498   16.8438
    7.5000  -30.0000  -30.000011551.0469   16.8803
   -7.5000  -22.5000  -30.000012275.1943   16.8235
    0.0000  -22.5000  -30.000012888.6895   16.8447
    7.5000  -22.5000  -30.000012257.1631   16.8776
   -7.5000  -15.0000  -30.000012973.4912   16.8288
    0.0000  -15.0000  -30.000013623.5693   16.8489
    7.5000  -15.0000  -30.000012952.5469   16.8840
   -7.5000   -7.5000  -30.000013530.0830   16.8358
    0.0000   -7.5000  -30.000014222.9648   16.8544
    7.5000   -7.5000  -30.000013516.7344   16.8953
   -7.5000    0.0000  -30.000013929.8467   16.8385
    0.0000    0.0000  -30.000014613.2129   16.8564
    7.5000    0.0000  -30.000013910.0811   16.9009
   -7.5000    7.5000  -30.000013182.0713   16.8313
    0.0000    7.5000  -30.000013820.7773   16.8500
    7.5000    7.5000  -30.000013158.0244   16.8923
   -7.5000   15.0000  -30.000012236.2412   16.8232
    0.0000   15.0000  -30.000012807.6152   16.8438
    7.5000   15.0000  -30.000012148.3438   16.8803
   -7.5000   22.5000  -30.000011088.7129   16.8194
    0.0000   22.5000  -30.000011609.3145   16.8407
    7.5000   22.5000  -30.000011021.5645   16.8736
   -7.5000   30.0000  -30.0000 9966.4893   16.6062
    0.0000   30.0000  -30.000010459.2783   16.6260
    7.5000   30.0000  -30.0000 9954.8789   16.6606
   -7.5000   37.5000  -30.0000 9319.0879   16.6227
    0.0000   37.5000  -30.0000 9750.8086   16.6408
    7.5000   37.5000  -30.0000 9309.4307   16.6811
   -7.5000   45.0000  -30.0000 8305.1523   16.3067
    0.0000   45.0000  -30.0000 8708.1221   16.3248
    7.5000   45.0000  -30.0000 8324.0234   16.3672
   -7.5000  -45.0000  -22.500011157.5244   17.4912
    0.0000  -45.0000  -22.500011678.1143   17.5025
    7.5000  -45.0000  -22.500011076.1943   17.5392
   -7.5000  -37.5000  -22.500011611.8271   17.4632
    0.0000  -37.5000  -22.500012185.1328   17.4767
    7.5000  -37.5000  -22.500011562.2324   17.5105
   -7.5000  -30.0000  -22.500012404.1582   17.4561
    0.0000  -30.0000  -22.500013021.9434   17.4717
    7.5000  -30.0000  -22.500012365.6426   17.4991
   -7.5000  -22.5000  -22.500013205.8145   17.4574
    0.0000  -22.5000  -22.500013859.4316   17.4726
    7.5000  -22.5000  -22.500013139.2812   17.4970
   -7.5000  -15.0000  -22.500013979.2051   17.4626
    0.0000  -15.0000  -22.500014669.4473   17.4755
    7.5000  -15.0000  -22.500013876.1514   17.5026
   -7.5000   -7.5000  -22.500014566.2871   17.4682
    0.0000   -7.5000  -22.500015308.7559   17.4797
    7.5000   -7.5000  -22.500014440.6553   17.5130
   -7.5000    0.0000  -22.500014953.4248   17.4689
    0.0000    0.0000  -22.500015712.7725   17.4809
    7.5000    0.0000  -22.500014834.4180   17.5180
   -7.5000    7.5000  -22.500014100.8994   17.4621
    0.0000    7.5000  -22.500014817.5176   17.4757
    7.5000    7.5000  -22.500014035.3027   17.5096
   -7.5000   15.0000  -22.500013099.5264   17.4561
    0.0000   15.0000  -22.500013736.2598   17.4717
    7.5000   15.0000  -22.500012974.3398   17.4991
   -7.5000   22.5000  -22.500011886.1934   17.4520
    0.0000   22.5000  -22.500012471.3457   17.4672
    7.5000   22.5000  -22.500011779.5293   17.4916
   -7.5000   30.0000  -22.500010680.6816   17.2342
    0.0000   30.0000  -22.500011208.4463   17.2470
    7.5000   30.0000  -22.500010619.0781   17.2738
   -7.5000   37.5000  -22.5000 9957.5654   17.2503
    0.0000   37.5000  -22.500010430.2451   17.2614
    7.5000   37.5000  -22.5000 9918.9443   17.2941
   -7.5000   45.0000  -22.5000 8848.0645   16.9293
    0.0000   45.0000  -22.5000 9283.3818   16.9418
    7.5000   45.0000  -22.5000 8848.1943   16.9765
   -7.5000  -45.0000  -15.000011912.5029   17.9348
    0.0000  -45.0000  -15.000012453.5781   17.9482
    7.5000  -45.0000  -15.000011821.0332   17.9773
   -7.5000  -37.5000  -15.000012375.1436   17.9074
    0.0000  -37.5000  -15.000012963.9277   17.9220
    7.5000  -37.5000  -15.000012313.6074   17.9489
   -7.5000  -30.0000  -15.000013226.5420   17.9021
    0.0000  -30.0000  -15.000013855.6934   17.9168
    7.5000  -30.0000  -15.000013186.3184   17.9387
   -7.5000  -22.5000  -15.000014099.0439   17.9031
    0.0000  -22.5000  -15.000014761.4961   17.9168
    7.5000  -22.5000  -15.000014032.8047   17.9368
   -7.5000  -15.0000  -15.000014935.1514   17.9070
    0.0000  -15.0000  -15.000015657.2666   17.9192
    7.5000  -15.0000  -15.000014789.5479   17.9412
   -7.5000   -7.5000  -15.000015580.5752   17.9119
    0.0000   -7.5000  -15.000016364.8984   17.9244
    7.5000   -7.5000  -15.000015403.1865   17.9509
   -7.5000    0.0000  -15.000016004.9434   17.9121
    0.0000    0.0000  -15.000016795.7969   17.9261
    7.5000    0.0000  -15.000015816.3252   17.9557
   -7.5000    7.5000  -15.000015090.1182   17.9062
    0.0000    7.5000  -15.000015847.7168   17.9209
    7.5000    7.5000  -15.000014936.3633   17.9480
   -7.5000   15.0000  -15.000014008.3682   17.9021
    0.0000   15.0000  -15.000014672.2158   17.9168
    7.5000   15.0000  -15.000013837.7510   17.9387
   -7.5000   22.5000  -15.000012709.6553   17.8967
    0.0000   22.5000  -15.000013345.7480   17.9105
    7.5000   22.5000  -15.000012577.9531   17.9304
   -7.5000   30.0000  -15.000011408.8057   17.6753
    0.0000   30.0000  -15.000011978.1240   17.6873
    7.5000   30.0000  -15.000011316.4834   17.7090
   -7.5000   37.5000  -15.000010628.4688   17.6915
    0.0000   37.5000  -15.000011129.5762   17.7035
    7.5000   37.5000  -15.000010539.8916   17.7295
   -7.5000   45.0000  -15.0000 9400.4873   17.3705
    0.0000   45.0000  -15.0000 9879.5801   17.3854
    7.5000   45.0000  -15.0000 9384.2021   17.4127
   -7.5000  -45.0000   -7.500012685.6387   18.1131
    0.0000  -45.0000   -7.500013286.2217   18.1343
    7.5000  -45.0000   -7.500012664.8701   18.1641
   -7.5000  -37.5000   -7.500013156.1475   18.0861
    0.0000  -37.5000   -7.500013803.5674   18.1071
    7.5000  -37.5000   -7.500013161.4395   18.1358
   -7.5000  -30.0000   -7.500014065.2207   18.0788
    0.0000  -30.0000   -7.500014721.2754   18.0990
    7.5000  -30.0000   -7.500014057.5430   18.1247
   -7.5000  -22.5000   -7.500015003.4111   18.0777
    0.0000  -22.5000   -7.500015659.4600   18.0971
    7.5000  -22.5000   -7.500014946.1514   18.1216
   -7.5000  -15.0000   -7.500015912.5342   18.0807
    0.0000  -15.0000   -7.500016626.5605   18.0998
    7.5000  -15.0000   -7.500015771.5830   18.1254
   -7.5000   -7.5000   -7.500016628.1367   18.0872
    0.0000   -7.5000   -7.500017384.5840   18.1078
    7.5000   -7.5000   -7.500016439.2559   18.1362
   -7.5000    0.0000   -7.500017085.4180   18.0904
    0.0000    0.0000   -7.500017862.0645   18.1122
    7.5000    0.0000   -7.500016876.5918   18.1425
   -7.5000    7.5000   -7.500016089.3291   18.0849
    0.0000    7.5000   -7.500016848.8398   18.1061
    7.5000    7.5000   -7.500015884.2207   18.1349
   -7.5000   15.0000   -7.500014897.2451   18.0788
    0.0000   15.0000   -7.500015608.1094   18.0990
    7.5000   15.0000   -7.500014714.5498   18.1247
   -7.5000   22.5000   -7.500013492.9395   18.0694
    0.0000   22.5000   -7.500014171.4375   18.0887
    7.5000   22.5000   -7.500013377.2949   18.1132
   -7.5000   30.0000   -7.500012136.7754   17.8463
    0.0000   30.0000   -7.500012743.2686   17.8651
    7.5000   30.0000   -7.500012040.4834   17.8904
   -7.5000   37.5000   -7.500011290.5117   17.8641
    0.0000   37.5000   -7.500011819.6621   17.8841
    7.5000   37.5000   -7.500011182.4424   17.9119
   -7.5000   45.0000   -7.5000 9969.6250   17.5489
    0.0000   45.0000   -7.500010472.9580   17.5717
    7.5000   45.0000   -7.5000 9937.0977   17.6001
   -7.5000  -45.0000    0.000013323.9697   18.0965
    0.0000  -45.0000    0.000013979.2197   18.1243
    7.5000  -45.0000    0.000013421.3779   18.1616
   -7.5000  -37.5000    0.000013864.6953   18.0693
    0.0000  -37.5000    0.000014550.4336   18.0958
    7.5000  -37.5000    0.000013964.7891   18.1326
   -7.5000  -30.0000    0.000014847.5869   18.0594
    0.0000  -30.0000    0.000015502.9287   18.0848
    7.5000  -30.0000    0.000014873.2881   18.1189
   -7.5000  -22.5000    0.000015845.8271   18.0570
    0.0000  -22.5000    0.000016452.4961   18.0823
    7.5000  -22.5000    0.000015784.4414   18.1147
   -7.5000  -15.0000    0.000016789.5957   18.0600
    0.0000  -15.0000    0.000017441.8906   18.0861
    7.5000  -15.0000    0.000016697.1641   18.1198
   -7.5000   -7.5000    0.000017513.4355   18.0682
    0.0000   -7.5000    0.000018216.0254   18.0963
    7.5000   -7.5000    0.000017400.2109   18.1326
   -7.5000    0.0000    0.000017935.6016   18.0740
    0.0000    0.0000    0.000018698.3906   18.1024
    7.5000    0.0000    0.000017812.6055   18.1402
   -7.5000    7.5000    0.000016846.7129   18.0681
    0.0000    7.5000    0.000017579.2734   18.0948
    7.5000    7.5000    0.000016707.2383   18.1317
   -7.5000   15.0000    0.000015608.2861   18.0594
    0.0000   15.0000    0.000016277.0674   18.0848
    7.5000   15.0000    0.000015444.9541   18.1189
   -7.5000   22.5000    0.000014171.2539   18.0487
    0.0000   22.5000    0.000014832.0107   18.0740
    7.5000   22.5000    0.000014070.8125   18.1063
   -7.5000   30.0000    0.000012762.2646   17.8263
    0.0000   30.0000    0.000013422.4150   17.8521
    7.5000   30.0000    0.000012691.6748   17.8853
   -7.5000   37.5000    0.000011847.2998   17.8452
    0.0000   37.5000    0.000012456.3320   17.8726
    7.5000   37.5000    0.000011788.4902   17.9083
   -7.5000   45.0000    0.000010480.7002   17.5352
    0.0000   45.0000    0.000010998.2041   17.5642
    7.5000   45.0000    0.000010456.1387   17.6006
   -7.5000  -45.0000    7.500012981.5381   18.0749
    0.0000  -45.0000    7.500013632.2266   18.1016
    7.5000  -45.0000    7.500013159.3008   18.1481
   -7.5000  -37.5000    7.500013564.3135   18.0465
    0.0000  -37.5000    7.500014282.4854   18.0726
    7.5000  -37.5000    7.500013763.8789   18.1181
   -7.5000  -30.0000    7.500014597.6084   18.0358
    0.0000  -30.0000    7.500015210.2871   18.0621
    7.5000  -30.0000    7.500014678.7324   18.1033
   -7.5000  -22.5000    7.500015533.9375   18.0346
    0.0000  -22.5000    7.500016030.9746   18.0614
    7.5000  -22.5000    7.500015530.8125   18.0995
   -7.5000  -15.0000    7.500016416.8027   18.0389
    0.0000  -15.0000    7.500016928.1641   18.0665
    7.5000  -15.0000    7.500016398.9082   18.1062
   -7.5000   -7.5000    7.500017117.4258   18.0471
    0.0000   -7.5000    7.500017692.5352   18.0751
    7.5000   -7.5000    7.500017110.8008   18.1195
   -7.5000    0.0000    7.500017478.4453   18.0523
    0.0000    0.0000    7.500018137.2559   18.0796
    7.5000    0.0000    7.500017491.8770   18.1266
   -7.5000    7.5000    7.500016413.5488   18.0453
    0.0000    7.5000    7.500017050.5898   18.0716
    7.5000    7.5000    7.500016381.6279   18.1172
   -7.5000   15.0000    7.500015168.5459   18.0358
    0.0000   15.0000    7.500015757.6074   18.0621
    7.5000   15.0000    7.500015107.8525   18.1033
   -7.5000   22.5000    7.500013789.5127   18.0263
    0.0000   22.5000    7.500014394.1553   18.0531
    7.5000   22.5000    7.500013759.8682   18.0911
   -7.5000   30.0000    7.500012426.0752   17.8055
    0.0000   30.0000    7.500013021.7822   17.8327
    7.5000   30.0000    7.500012409.3105   17.8719
   -7.5000   37.5000    7.500011546.9932   17.8239
    0.0000   37.5000    7.500012107.1943   17.8512
    7.5000   37.5000    7.500011487.5244   17.8949
   -7.5000   45.0000    7.500010215.8271   17.5126
    0.0000   45.0000    7.500010697.6162   17.5401
    7.5000   45.0000    7.500010173.8018   17.5854
   -7.5000  -45.0000   15.000012454.9248   18.1089
    0.0000  -45.0000   15.000013118.8066   18.1276
    7.5000  -45.0000   15.000012649.7812   18.1750
   -7.5000  -37.5000   15.000013031.1250   18.0794
    0.0000  -37.5000   15.000013767.3994   18.0995
    7.5000  -37.5000   15.000013292.4639   18.1449
   -7.5000  -30.0000   15.000014012.6807   18.0694
    0.0000  -30.0000   15.000014544.8662   18.0918
    7.5000  -30.0000   15.000014194.2207   18.1310
   -7.5000  -22.5000   15.000014893.2451   18.0698
    0.0000  -22.5000   15.000015227.6719   18.0927
    7.5000  -22.5000   15.000014952.8613   18.1281
   -7.5000  -15.0000   15.000015769.5195   18.0755
    0.0000  -15.0000   15.000016093.8672   18.0972
    7.5000  -15.0000   15.000015768.8740   18.1349
   -7.5000   -7.5000   15.000016482.5391   18.0829
    0.0000   -7.5000   15.000016918.3301   18.1031
    7.5000   -7.5000   15.000016454.1055   18.1471
   -7.5000    0.0000   15.000016802.7734   18.0859
    0.0000    0.0000   15.000017391.3984   18.1053
    7.5000    0.0000   15.000016789.1660   18.1532
   -7.5000    7.5000   15.000015743.7920   18.0782
    0.0000    7.5000   15.000016354.8691   18.0985
    7.5000    7.5000   15.000015679.7812   18.1439
   -7.5000   15.0000   15.000014473.3379   18.0694
    0.0000   15.0000   15.000015078.4785   18.0918
    7.5000   15.0000   15.000014405.9688   18.1310
   -7.5000   22.5000   15.000013153.8066   18.0614
    0.0000   22.5000   15.000013744.7041   18.0843
    7.5000   22.5000   15.000013136.1445   18.1197
   -7.5000   30.0000   15.000011857.5371   17.8416
    0.0000   30.0000   15.000012417.9014   17.8630
    7.5000   30.0000   15.000011884.9990   17.9002
   -7.5000   37.5000   15.000011016.1641   17.8594
    0.0000   37.5000   15.000011539.9121   17.8789
    7.5000   37.5000   15.000011021.9355   17.9223
   -7.5000   45.0000   15.0000 9764.3564   17.5432
    0.0000   45.0000   15.000010219.6963   17.5627
    7.5000   45.0000   15.0000 9778.9600   17.6084
   -7.5000  -45.0000   22.500011806.3457   18.2522
    0.0000  -45.0000   22.500012422.9775   18.2640
    7.5000  -45.0000   22.500011994.3086   18.3024
   -7.5000  -37.5000   22.500012293.7334   18.2228
    0.0000  -37.5000   22.500012955.1895   18.2370
    7.5000  -37.5000   22.500012540.7539   18.2724
   -7.5000  -30.0000   22.500013236.5703   18.2152
    0.0000  -30.0000   22.500013858.0605   18.2314
    7.5000  -30.0000   22.500013424.7803   18.2603
   -7.5000  -22.5000   22.500014139.5088   18.2163
    0.0000  -22.5000   22.500014784.3311   18.2322
    7.5000  -22.5000   22.500014304.2314   18.2579
   -7.5000  -15.0000   22.500015026.4082   18.2217
    0.0000  -15.0000   22.500015708.2061   18.2353
    7.5000  -15.0000   22.500015126.8271   18.2638
   -7.5000   -7.5000   22.500015727.7373   18.2278
    0.0000   -7.5000   22.500016379.9326   18.2400
    7.5000   -7.5000   22.500015711.1914   18.2748
   -7.5000    0.0000   22.500015999.0684   18.2288
    0.0000    0.0000   22.500016676.0352   18.2413
    7.5000    0.0000   22.500015975.6123   18.2801
   -7.5000    7.5000   22.500014975.8496   18.2216
    0.0000    7.5000   22.500015594.5469   18.2359
    7.5000    7.5000   22.500014922.3662   18.2714
   -7.5000   15.0000   22.500013760.4766   18.2152
    0.0000   15.0000   22.500014346.6924   18.2314
    7.5000   15.0000   22.500013723.7578   18.2603
   -7.5000   22.5000   22.500012506.1602   18.2079
    0.0000   22.5000   22.500013071.3604   18.2238
    7.5000   22.5000   22.500012512.1719   18.2495
   -7.5000   30.0000   22.500011269.1660   17.9860
    0.0000   30.0000   22.500011792.7471   17.9993
    7.5000   30.0000   22.500011300.2988   18.0275
   -7.5000   37.5000   22.500010458.7207   18.0031
    0.0000   37.5000   22.500010938.4004   18.0147
    7.5000   37.5000   22.500010496.7773   18.0489
   -7.5000   45.0000   22.5000 9277.2725   17.6816
    0.0000   45.0000   22.5000 9717.7100   17.6947
    7.5000   45.0000   22.5000 9328.8945   17.7311
   -7.5000  -45.0000   30.000011079.2402   18.4724
    0.0000  -45.0000   30.000011703.4688   18.4861
    7.5000  -45.0000   30.000011224.3164   18.5164
   -7.5000  -37.5000   30.000011591.4209   18.4438
    0.0000  -37.5000   30.000012237.1494   18.4586
    7.5000  -37.5000   30.000011730.8154   18.4866
   -7.5000  -30.0000   30.000012499.5830   18.4378
    0.0000  -30.0000   30.000013086.3516   18.4530
    7.5000  -30.0000   30.000012580.4863   18.4758
   -7.5000  -22.5000   30.000013307.2363   18.4385
    0.0000  -22.5000   30.000013941.6416   18.4527
    7.5000  -22.5000   30.000013395.0635   18.4738
   -7.5000  -15.0000   30.000014094.7412   18.4424
    0.0000  -15.0000   30.000014783.9072   18.4552
    7.5000  -15.0000   30.000014184.7480   18.4784
   -7.5000   -7.5000   30.000014726.3828   18.4480
    0.0000   -7.5000   30.000015406.6631   18.4609
    7.5000   -7.5000   30.000014787.2646   18.4887
   -7.5000    0.0000   30.000015001.8311   18.4486
    0.0000    0.0000   30.000015694.0947   18.4629
    7.5000    0.0000   30.000015045.9404   18.4937
   -7.5000    7.5000   30.000014056.9512   18.4425
    0.0000    7.5000   30.000014696.7070   18.4575
    7.5000    7.5000   30.000014054.3623   18.4856
   -7.5000   15.0000   30.000012923.4492   18.4378
    0.0000   15.0000   30.000013513.5020   18.4530
    7.5000   15.0000   30.000012933.0488   18.4758
   -7.5000   22.5000   30.000011760.3770   18.4300
    0.0000   22.5000   30.000012297.2979   18.4442
    7.5000   22.5000   30.000011779.2744   18.4652
   -7.5000   30.0000   30.000010589.9590   18.2038
    0.0000   30.0000   30.000011072.8887   18.2164
    7.5000   30.0000   30.000010617.8281   18.2394
   -7.5000   37.5000   30.0000 9819.7432   18.2212
    0.0000   37.5000   30.000010247.7412   18.2335
    7.5000   37.5000   30.0000 9847.1074   18.2608
   -7.5000   45.0000   30.0000 8725.4551   17.8971
    0.0000   45.0000   30.0000 9119.2812   17.9125
    7.5000   45.0000   30.0000 8759.4443   17.9409
   -7.5000  -45.0000   37.500010785.8154   18.6812
    0.0000  -45.0000   37.500011351.2168   18.7039
    7.5000  -45.0000   37.500010829.0303   18.7357
   -7.5000  -37.5000   37.500011252.7461   18.6526
    0.0000  -37.5000   37.500011815.7031   18.6752
    7.5000  -37.5000   37.500011279.3330   18.7058
   -7.5000  -30.0000   37.500012055.5645   18.6442
    0.0000  -30.0000   37.500012603.6709   18.6661
    7.5000  -30.0000   37.500012065.0127   18.6938
   -7.5000  -22.5000   37.500012795.8594   18.6426
    0.0000  -22.5000   37.500013382.7412   18.6634
    7.5000  -22.5000   37.500012851.6846   18.6900
   -7.5000  -15.0000   37.500013501.1152   18.6456
    0.0000  -15.0000   37.500014132.5410   18.6661
    7.5000  -15.0000   37.500013597.1719   18.6940
   -7.5000   -7.5000   37.500014141.7793   18.6531
    0.0000   -7.5000   37.500014774.3799   18.6751
    7.5000   -7.5000   37.500014207.8320   18.7057
   -7.5000    0.0000   37.500014471.4268   18.6571
    0.0000    0.0000   37.500015130.2148   18.6804
    7.5000    0.0000   37.500014522.4092   18.7128
   -7.5000    7.5000   37.500013578.9990   18.6513
    0.0000    7.5000   37.500014210.2686   18.6740
    7.5000    7.5000   37.500013624.3516   18.7048
   -7.5000   15.0000   37.500012491.9111   18.6442
    0.0000   15.0000   37.500013072.3096   18.6661
    7.5000   15.0000   37.500012554.2979   18.6938
   -7.5000   22.5000   37.500011377.1240   18.6340
    0.0000   22.5000   37.500011898.2744   18.6548
    7.5000   22.5000   37.500011433.0273   18.6814
   -7.5000   30.0000   37.500010261.8320   18.4043
    0.0000   30.0000   37.500010733.2041   18.4245
    7.5000   30.0000   37.500010316.1230   18.4521
   -7.5000   37.5000   37.5000 9502.6846   18.4206
    0.0000   37.5000   37.5000 9926.7207   18.4420
    7.5000   37.5000   37.5000 9555.0938   18.4720
   -7.5000   45.0000   37.5000 8430.7803   18.0908
    0.0000   45.0000   37.5000 8803.0947   18.1151
    7.5000   45.0000   37.5000 8486.5664   18.1454
   -7.5000  -45.0000   45.0000 9897.4219   18.9063
    0.0000  -45.0000   45.000010412.0254   18.9374
    7.5000  -45.0000   45.0000 9915.8281   18.9790
   -7.5000  -37.5000   45.000010317.5967   18.8763
    0.0000  -37.5000   45.000010841.9629   18.9063
    7.5000  -37.5000   45.000010329.5693   18.9471
   -7.5000  -30.0000   45.000011054.3955   18.8641
    0.0000  -30.0000   45.000011578.4346   18.8930
    7.5000  -30.0000   45.000011058.4795   18.9308
   -7.5000  -22.5000   45.000011727.3574   18.8602
    0.0000  -22.5000   45.000012279.3730   18.8889
    7.5000  -22.5000   45.000011775.6475   18.9250
   -7.5000  -15.0000   45.000012350.8066   18.8633
    0.0000  -15.0000   45.000012958.2412   18.8928
    7.5000  -15.0000   45.000012454.0273   18.9304
   -7.5000   -7.5000   45.000012944.7354   18.8736
    0.0000   -7.5000   45.000013550.0977   18.9050
    7.5000   -7.5000   45.000013042.4209   18.9457
   -7.5000    0.0000   45.000013290.6895   18.8815
    0.0000    0.0000   45.000013916.5273   18.9134
    7.5000    0.0000   45.000013375.1318   18.9555
   -7.5000    7.5000   45.000012498.8145   18.8750
    0.0000    7.5000   45.000013086.2139   18.9052
    7.5000    7.5000   45.000012582.9697   18.9461
   -7.5000   15.0000   45.000011514.5479   18.8641
    0.0000   15.0000   45.000012032.0303   18.8930
    7.5000   15.0000   45.000011591.7910   18.9308
   -7.5000   22.5000   45.000010494.8623   18.8515
    0.0000   22.5000   45.000010975.0391   18.8801
    7.5000   22.5000   45.000010571.6357   18.9162
   -7.5000   30.0000   45.0000 9487.2344   18.6176
    0.0000   30.0000   45.0000 9920.9736   18.6467
    7.5000   30.0000   45.0000 9553.2773   18.6838
   -7.5000   37.5000   45.0000 8775.4336   18.6342
    0.0000   37.5000   45.0000 9167.1621   18.6649
    7.5000   37.5000   45.0000 8847.6670   18.7048
   -7.5000   45.0000   45.0000 7768.3701   18.3100
    0.0000   45.0000   45.0000 8109.5762   18.3425
    7.5000   45.0000   45.0000 7843.3843   18.3829

---------------------------------------------------------------------
imgreg_4dfp /opt/freesurfer/average/711-2C_as_mni_average_305 /opt/freesurfer/average/711-2B_as_mni_average_305_mask talsrcimg_g11 none talsrcimg_to_711-2C_as_mni_average_305_t4 4355
---------------------------------------------------------------------

freesurfer imgreg_4dfp.c
/opt/freesurfer/average/711-2C_as_mni_average_305.4dfp.img
       256       256       256         1
  1.000000  1.000000  1.000000
orientation T byte_order littleendian
Reading image: /opt/freesurfer/average/711-2C_as_mni_average_305.4dfp.img
dimensions:      256       256       256
mmppix:       1.0000   -1.0000   -1.0000
center:     128.0000 -129.0000 -129.0000
/opt/freesurfer/average/711-2B_as_mni_average_305_mask.4dfp.img
       256       256       256         1
  1.000000  1.000000  1.000000
orientation T byte_order littleendian
Reading mask: /opt/freesurfer/average/711-2B_as_mni_average_305_mask.4dfp.img (2306576 pixels)
talsrcimg_g11.4dfp.img
       256       256       256         1
  1.000000  1.000000  1.000000
orientation T byte_order littleendian
Reading image: talsrcimg_g11.4dfp.img
dimensions:      256       256       256
mmppix:       1.0000   -1.0000   -1.0000
center:     128.0000 -129.0000 -129.0000
rotation matrix determinant  1.000000
image alignment mode   4355 decimal     1103 hex
   -7.5000  -45.0000  -45.0000 2318.1113   18.8024
    0.0000  -45.0000  -45.0000 2327.7441   18.6614
    7.5000  -45.0000  -45.0000 2320.4390   18.6688
   -7.5000  -37.5000  -45.0000 2344.8005   17.9653
    0.0000  -37.5000  -45.0000 2352.7065   17.8273
    7.5000  -37.5000  -45.0000 2351.4399   17.8387
   -7.5000  -30.0000  -45.0000 2364.2805   17.4881
    0.0000  -30.0000  -45.0000 2367.5405   17.2880
    7.5000  -30.0000  -45.0000 2371.0068   17.3388
   -7.5000  -22.5000  -45.0000 2371.7131   17.3458
    0.0000  -22.5000  -45.0000 2381.7800   17.0959
    7.5000  -22.5000  -45.0000 2381.8315   17.1889
   -7.5000  -15.0000  -45.0000 2371.0410   17.5345
    0.0000  -15.0000  -45.0000 2384.9761   17.2741
    7.5000  -15.0000  -45.0000 2382.4351   17.3911
   -7.5000   -7.5000  -45.0000 2357.8662   18.0941
    0.0000   -7.5000  -45.0000 2375.7825   17.8236
    7.5000   -7.5000  -45.0000 2375.9727   17.8787
   -7.5000    0.0000  -45.0000 2328.6111   18.9153
    0.0000    0.0000  -45.0000 2344.3125   18.5640
    7.5000    0.0000  -45.0000 2346.2622   18.6233
   -7.5000    7.5000  -45.0000 2283.4158   19.9883
    0.0000    7.5000  -45.0000 2302.0449   19.5935
    7.5000    7.5000  -45.0000 2300.2705   19.6121
   -7.5000   15.0000  -45.0000 2215.3674   21.3175
    0.0000   15.0000  -45.0000 2232.5315   20.9121
    7.5000   15.0000  -45.0000 2227.9648   21.0154
   -7.5000   22.5000  -45.0000 2131.4075   23.2250
    0.0000   22.5000  -45.0000 2146.0352   22.7973
    7.5000   22.5000  -45.0000 2143.9009   22.9071
   -7.5000   30.0000  -45.0000 2026.3142   25.7741
    0.0000   30.0000  -45.0000 2040.6658   25.3175
    7.5000   30.0000  -45.0000 2044.1329   25.4343
   -7.5000   37.5000  -45.0000 1918.0735   29.0728
    0.0000   37.5000  -45.0000 1930.4800   28.6563
    7.5000   37.5000  -45.0000 1930.2587   28.8004
   -7.5000   45.0000  -45.0000 1806.7234   33.5647
    0.0000   45.0000  -45.0000 1822.3669   33.0591
    7.5000   45.0000  -45.0000 1818.4714   33.2393
   -7.5000  -45.0000  -37.5000 2401.2783   17.3863
    0.0000  -45.0000  -37.5000 2413.8428   17.2750
    7.5000  -45.0000  -37.5000 2407.4968   17.2802
   -7.5000  -37.5000  -37.5000 2437.8889   16.5729
    0.0000  -37.5000  -37.5000 2447.1191   16.4891
    7.5000  -37.5000  -37.5000 2442.2659   16.4764
   -7.5000  -30.0000  -37.5000 2450.1680   16.1060
    0.0000  -30.0000  -37.5000 2465.4216   16.0123
    7.5000  -30.0000  -37.5000 2462.6123   16.0402
   -7.5000  -22.5000  -37.5000 2461.6836   16.0168
    0.0000  -22.5000  -37.5000 2479.6025   15.8401
    7.5000  -22.5000  -37.5000 2475.9963   15.8995
   -7.5000  -15.0000  -37.5000 2456.1794   16.1822
    0.0000  -15.0000  -37.5000 2478.3762   15.9715
    7.5000  -15.0000  -37.5000 2479.8845   16.0318
   -7.5000   -7.5000  -37.5000 2441.3188   16.6386
    0.0000   -7.5000  -37.5000 2465.0039   16.3979
    7.5000   -7.5000  -37.5000 2466.0056   16.4579
   -7.5000    0.0000  -37.5000 2415.1418   17.3490
    0.0000    0.0000  -37.5000 2436.7004   17.0972
    7.5000    0.0000  -37.5000 2438.6982   17.1394
   -7.5000    7.5000  -37.5000 2374.0757   18.3760
    0.0000    7.5000  -37.5000 2394.5640   18.0725
    7.5000    7.5000  -37.5000 2395.3247   18.1069
   -7.5000   15.0000  -37.5000 2305.9922   19.6813
    0.0000   15.0000  -37.5000 2324.1345   19.3164
    7.5000   15.0000  -37.5000 2320.1152   19.4148
   -7.5000   22.5000  -37.5000 2211.9858   21.4409
    0.0000   22.5000  -37.5000 2230.1677   21.0849
    7.5000   22.5000  -37.5000 2229.1179   21.1641
   -7.5000   30.0000  -37.5000 2106.4387   23.7959
    0.0000   30.0000  -37.5000 2120.0815   23.4067
    7.5000   30.0000  -37.5000 2121.3428   23.4531
   -7.5000   37.5000  -37.5000 1992.1632   26.7933
    0.0000   37.5000  -37.5000 2001.8660   26.3896
    7.5000   37.5000  -37.5000 2000.0637   26.5178
   -7.5000   45.0000  -37.5000 1871.5598   30.7957
    0.0000   45.0000  -37.5000 1883.6958   30.2859
    7.5000   45.0000  -37.5000 1879.3080   30.4052
   -7.5000  -45.0000  -30.0000 2525.9795   16.6845
    0.0000  -45.0000  -30.0000 2537.0339   16.5775
    7.5000  -45.0000  -30.0000 2528.0725   16.5811
   -7.5000  -37.5000  -30.0000 2563.6799   15.8607
    0.0000  -37.5000  -30.0000 2578.8005   15.7804
    7.5000  -37.5000  -30.0000 2570.7898   15.7844
   -7.5000  -30.0000  -30.0000 2583.8145   15.3734
    0.0000  -30.0000  -30.0000 2602.0300   15.3050
    7.5000  -30.0000  -30.0000 2593.4285   15.2981
   -7.5000  -22.5000  -30.0000 2597.0146   15.2758
    0.0000  -22.5000  -30.0000 2619.8481   15.1457
    7.5000  -22.5000  -30.0000 2611.1936   15.1642
   -7.5000  -15.0000  -30.0000 2594.1353   15.4897
    0.0000  -15.0000  -30.0000 2618.5320   15.3147
    7.5000  -15.0000  -30.0000 2619.8787   15.3265
   -7.5000   -7.5000  -30.0000 2577.4387   15.9347
    0.0000   -7.5000  -30.0000 2607.0623   15.7387
    7.5000   -7.5000  -30.0000 2608.4509   15.7679
   -7.5000    0.0000  -30.0000 2552.9302   16.6586
    0.0000    0.0000  -30.0000 2581.3779   16.4194
    7.5000    0.0000  -30.0000 2583.0952   16.4473
   -7.5000    7.5000  -30.0000 2509.1934   17.6287
    0.0000    7.5000  -30.0000 2530.0776   17.3516
    7.5000    7.5000  -30.0000 2534.4768   17.3769
   -7.5000   15.0000  -30.0000 2435.8860   18.8983
    0.0000   15.0000  -30.0000 2453.5405   18.6175
    7.5000   15.0000  -30.0000 2451.1838   18.6631
   -7.5000   22.5000  -30.0000 2335.2893   20.6182
    0.0000   22.5000  -30.0000 2353.9102   20.2796
    7.5000   22.5000  -30.0000 2350.7959   20.3429
   -7.5000   30.0000  -30.0000 2221.4502   22.8535
    0.0000   30.0000  -30.0000 2241.0591   22.5082
    7.5000   30.0000  -30.0000 2233.5442   22.5549
   -7.5000   37.5000  -30.0000 2100.2363   25.6938
    0.0000   37.5000  -30.0000 2113.0168   25.3123
    7.5000   37.5000  -30.0000 2108.1768   25.4091
   -7.5000   45.0000  -30.0000 1972.4797   29.4497
    0.0000   45.0000  -30.0000 1985.1118   28.9891
    7.5000   45.0000  -30.0000 1977.3506   29.0985
   -7.5000  -45.0000  -22.5000 2613.8311   15.9268
    0.0000  -45.0000  -22.5000 2632.7520   15.8083
    7.5000  -45.0000  -22.5000 2616.1768   15.7856
   -7.5000  -37.5000  -22.5000 2660.1975   15.0763
    0.0000  -37.5000  -22.5000 2684.9690   14.9932
    7.5000  -37.5000  -22.5000 2675.1345   14.9771
   -7.5000  -30.0000  -22.5000 2688.5879   14.6107
    0.0000  -30.0000  -22.5000 2710.6780   14.5243
    7.5000  -30.0000  -22.5000 2704.0261   14.4965
   -7.5000  -22.5000  -22.5000 2710.2930   14.5197
    0.0000  -22.5000  -22.5000 2733.7517   14.3797
    7.5000  -22.5000  -22.5000 2726.1692   14.3774
   -7.5000  -15.0000  -22.5000 2712.0222   14.7369
    0.0000  -15.0000  -22.5000 2737.1372   14.5643
    7.5000  -15.0000  -22.5000 2734.6323   14.5709
   -7.5000   -7.5000  -22.5000 2694.7114   15.1999
    0.0000   -7.5000  -22.5000 2722.7368   15.0291
    7.5000   -7.5000  -22.5000 2721.1399   15.0179
   -7.5000    0.0000  -22.5000 2665.5823   15.9165
    0.0000    0.0000  -22.5000 2695.1328   15.7049
    7.5000    0.0000  -22.5000 2692.4070   15.6871
   -7.5000    7.5000  -22.5000 2616.4771   16.8448
    0.0000    7.5000  -22.5000 2643.7095   16.5978
    7.5000    7.5000  -22.5000 2646.4961   16.6159
   -7.5000   15.0000  -22.5000 2537.2751   18.0665
    0.0000   15.0000  -22.5000 2560.8225   17.8053
    7.5000   15.0000  -22.5000 2556.3552   17.8382
   -7.5000   22.5000  -22.5000 2430.7424   19.6965
    0.0000   22.5000  -22.5000 2451.2292   19.3964
    7.5000   22.5000  -22.5000 2445.9197   19.4472
   -7.5000   30.0000  -22.5000 2314.8621   21.8041
    0.0000   30.0000  -22.5000 2330.3806   21.5000
    7.5000   30.0000  -22.5000 2324.9407   21.5749
   -7.5000   37.5000  -22.5000 2189.3945   24.5493
    0.0000   37.5000  -22.5000 2199.0405   24.1462
    7.5000   37.5000  -22.5000 2194.4929   24.2263
   -7.5000   45.0000  -22.5000 2055.9551   28.0593
    0.0000   45.0000  -22.5000 2060.8809   27.5733
    7.5000   45.0000  -22.5000 2054.6394   27.7678
   -7.5000  -45.0000  -15.0000 2668.2749   15.2282
    0.0000  -45.0000  -15.0000 2692.0369   15.0792
    7.5000  -45.0000  -15.0000 2680.8550   15.1033
   -7.5000  -37.5000  -15.0000 2725.3015   14.3706
    0.0000  -37.5000  -15.0000 2751.9822   14.2453
    7.5000  -37.5000  -15.0000 2744.9365   14.2555
   -7.5000  -30.0000  -15.0000 2761.8940   13.8810
    0.0000  -30.0000  -15.0000 2789.0144   13.7588
    7.5000  -30.0000  -15.0000 2785.3479   13.7806
   -7.5000  -22.5000  -15.0000 2784.0095   13.7526
    0.0000  -22.5000  -15.0000 2809.8159   13.6109
    7.5000  -22.5000  -15.0000 2806.9333   13.6393
   -7.5000  -15.0000  -15.0000 2788.7642   13.9913
    0.0000  -15.0000  -15.0000 2820.5291   13.8442
    7.5000  -15.0000  -15.0000 2805.0608   13.8273
   -7.5000   -7.5000  -15.0000 2779.7969   14.4697
    0.0000   -7.5000  -15.0000 2814.1653   14.3273
    7.5000   -7.5000  -15.0000 2800.7856   14.2976
   -7.5000    0.0000  -15.0000 2744.5728   15.1428
    0.0000    0.0000  -15.0000 2777.1638   14.9746
    7.5000    0.0000  -15.0000 2770.0759   14.9681
   -7.5000    7.5000  -15.0000 2684.6626   16.0576
    0.0000    7.5000  -15.0000 2718.3506   15.8400
    7.5000    7.5000  -15.0000 2714.7161   15.8763
   -7.5000   15.0000  -15.0000 2605.6848   17.2405
    0.0000   15.0000  -15.0000 2629.5576   17.0126
    7.5000   15.0000  -15.0000 2623.5205   17.0595
   -7.5000   22.5000  -15.0000 2497.8381   18.8250
    0.0000   22.5000  -15.0000 2521.6072   18.5703
    7.5000   22.5000  -15.0000 2514.1670   18.6116
   -7.5000   30.0000  -15.0000 2373.2319   20.8186
    0.0000   30.0000  -15.0000 2391.9849   20.5614
    7.5000   30.0000  -15.0000 2381.4126   20.5646
   -7.5000   37.5000  -15.0000 2245.5156   23.4279
    0.0000   37.5000  -15.0000 2253.7803   23.0815
    7.5000   37.5000  -15.0000 2242.4600   23.0347
   -7.5000   45.0000  -15.0000 2102.5054   26.7235
    0.0000   45.0000  -15.0000 2115.1807   26.2638
    7.5000   45.0000  -15.0000 2104.8403   26.3224
   -7.5000  -45.0000   -7.5000 2710.4517   14.5751
    0.0000  -45.0000   -7.5000 2739.5000   14.3889
    7.5000  -45.0000   -7.5000 2734.4607   14.5238
   -7.5000  -37.5000   -7.5000 2777.7239   13.7213
    0.0000  -37.5000   -7.5000 2810.0579   13.5541
    7.5000  -37.5000   -7.5000 2807.7520   13.6628
   -7.5000  -30.0000   -7.5000 2817.6072   13.1995
    0.0000  -30.0000   -7.5000 2848.3030   13.0294
    7.5000  -30.0000   -7.5000 2846.6677   13.1392
   -7.5000  -22.5000   -7.5000 2841.7014   13.0512
    0.0000  -22.5000   -7.5000 2872.9824   12.8995
    7.5000  -22.5000   -7.5000 2866.8125   12.9771
   -7.5000  -15.0000   -7.5000 2850.2209   13.2491
    0.0000  -15.0000   -7.5000 2885.3455   13.1157
    7.5000  -15.0000   -7.5000 2870.4976   13.1631
   -7.5000   -7.5000   -7.5000 2839.6211   13.7354
    0.0000   -7.5000   -7.5000 2873.9395   13.6161
    7.5000   -7.5000   -7.5000 2860.6345   13.6412
   -7.5000    0.0000   -7.5000 2803.9124   14.4399
    0.0000    0.0000   -7.5000 2831.9004   14.2648
    7.5000    0.0000   -7.5000 2829.4368   14.3174
   -7.5000    7.5000   -7.5000 2738.6667   15.2912
    0.0000    7.5000   -7.5000 2767.4731   15.0940
    7.5000    7.5000   -7.5000 2761.7222   15.1500
   -7.5000   15.0000   -7.5000 2649.0642   16.4571
    0.0000   15.0000   -7.5000 2674.8042   16.2524
    7.5000   15.0000   -7.5000 2667.4778   16.3295
   -7.5000   22.5000   -7.5000 2534.5884   17.9795
    0.0000   22.5000   -7.5000 2559.7913   17.7463
    7.5000   22.5000   -7.5000 2554.5020   17.8263
   -7.5000   30.0000   -7.5000 2413.0281   19.9307
    0.0000   30.0000   -7.5000 2430.8306   19.6374
    7.5000   30.0000   -7.5000 2422.9143   19.6600
   -7.5000   37.5000   -7.5000 2276.9395   22.3867
    0.0000   37.5000   -7.5000 2286.6096   22.0057
    7.5000   37.5000   -7.5000 2278.0671   22.0334
   -7.5000   45.0000   -7.5000 2132.3311   25.4921
    0.0000   45.0000   -7.5000 2147.0186   25.0527
    7.5000   45.0000   -7.5000 2139.3242   25.1595
   -7.5000  -45.0000    0.0000 2725.4861   14.1181
    0.0000  -45.0000    0.0000 2753.2659   13.9234
    7.5000  -45.0000    0.0000 2760.5691   14.1761
   -7.5000  -37.5000    0.0000 2804.6541   13.2753
    0.0000  -37.5000    0.0000 2834.3262   13.0522
    7.5000  -37.5000    0.0000 2843.5325   13.2723
   -7.5000  -30.0000    0.0000 2858.1182   12.7241
    0.0000  -30.0000    0.0000 2889.9756   12.4713
    7.5000  -30.0000    0.0000 2893.7520   12.6739
   -7.5000  -22.5000    0.0000 2896.2781   12.5218
    0.0000  -22.5000    0.0000 2926.1106   12.2812
    7.5000  -22.5000    0.0000 2920.2266   12.4738
   -7.5000  -15.0000    0.0000 2906.4709   12.7036
    0.0000  -15.0000    0.0000 2938.9226   12.5101
    7.5000  -15.0000    0.0000 2927.6238   12.6699
   -7.5000   -7.5000    0.0000 2888.0200   13.1857
    0.0000   -7.5000    0.0000 2919.1243   13.0219
    7.5000   -7.5000    0.0000 2914.6631   13.1394
   -7.5000    0.0000    0.0000 2837.9998   13.8491
    0.0000    0.0000    0.0000 2867.9858   13.6747
    7.5000    0.0000    0.0000 2867.0085   13.7705
   -7.5000    7.5000    0.0000 2772.2559   14.7502
    0.0000    7.5000    0.0000 2796.2139   14.5315
    7.5000    7.5000    0.0000 2796.3110   14.6423
   -7.5000   15.0000    0.0000 2681.2720   15.9203
    0.0000   15.0000    0.0000 2702.4397   15.6854
    7.5000   15.0000    0.0000 2699.4744   15.8098
   -7.5000   22.5000    0.0000 2563.7527   17.4077
    0.0000   22.5000    0.0000 2586.9792   17.1649
    7.5000   22.5000    0.0000 2587.1702   17.2810
   -7.5000   30.0000    0.0000 2438.3943   19.2585
    0.0000   30.0000    0.0000 2459.2290   18.9694
    7.5000   30.0000    0.0000 2451.7815   19.0683
   -7.5000   37.5000    0.0000 2293.8567   21.6395
    0.0000   37.5000    0.0000 2313.5759   21.2856
    7.5000   37.5000    0.0000 2307.5896   21.4233
   -7.5000   45.0000    0.0000 2153.9727   24.6043
    0.0000   45.0000    0.0000 2164.9548   24.1899
    7.5000   45.0000    0.0000 2163.9302   24.3588
   -7.5000  -45.0000    7.5000 2722.4470   13.9387
    0.0000  -45.0000    7.5000 2748.6775   13.6832
    7.5000  -45.0000    7.5000 2762.8936   14.0284
   -7.5000  -37.5000    7.5000 2815.0198   13.0653
    0.0000  -37.5000    7.5000 2838.0366   12.7858
    7.5000  -37.5000    7.5000 2854.3772   13.1117
   -7.5000  -30.0000    7.5000 2886.4302   12.4683
    0.0000  -30.0000    7.5000 2914.2046   12.1660
    7.5000  -30.0000    7.5000 2918.2432   12.4777
   -7.5000  -22.5000    7.5000 2940.9143   12.2224
    0.0000  -22.5000    7.5000 2964.8472   11.8299
    7.5000  -22.5000    7.5000 2963.6448   12.1805
   -7.5000  -15.0000    7.5000 2948.7693   12.3624
    0.0000  -15.0000    7.5000 2969.8982   12.0218
    7.5000  -15.0000    7.5000 2969.2983   12.3159
   -7.5000   -7.5000    7.5000 2924.9924   12.9024
    0.0000   -7.5000    7.5000 2948.9524   12.5975
    7.5000   -7.5000    7.5000 2953.3486   12.8454
   -7.5000    0.0000    7.5000 2869.3674   13.5789
    0.0000    0.0000    7.5000 2890.9463   13.3290
    7.5000    0.0000    7.5000 2897.8486   13.5327
   -7.5000    7.5000    7.5000 2800.1777   14.4705
    0.0000    7.5000    7.5000 2814.9016   14.2056
    7.5000    7.5000    7.5000 2819.1860   14.3826
   -7.5000   15.0000    7.5000 2705.7649   15.6349
    0.0000   15.0000    7.5000 2720.0964   15.3511
    7.5000   15.0000    7.5000 2718.3018   15.5094
   -7.5000   22.5000    7.5000 2590.7820   17.1184
    0.0000   22.5000    7.5000 2610.1794   16.8193
    7.5000   22.5000    7.5000 2603.2700   16.9601
   -7.5000   30.0000    7.5000 2455.8618   18.9653
    0.0000   30.0000    7.5000 2475.3792   18.6438
    7.5000   30.0000    7.5000 2469.5906   18.7567
   -7.5000   37.5000    7.5000 2310.6387   21.2302
    0.0000   37.5000    7.5000 2330.1970   20.9018
    7.5000   37.5000    7.5000 2321.3416   21.0066
   -7.5000   45.0000    7.5000 2167.3037   24.0624
    0.0000   45.0000    7.5000 2177.9360   23.6967
    7.5000   45.0000    7.5000 2174.9890   23.7776
   -7.5000  -45.0000   15.0000 2696.6772   13.9703
    0.0000  -45.0000   15.0000 2723.7251   13.7222
    7.5000  -45.0000   15.0000 2735.9834   14.0532
   -7.5000  -37.5000   15.0000 2795.7246   13.0709
    0.0000  -37.5000   15.0000 2821.3665   12.8065
    7.5000  -37.5000   15.0000 2833.5354   13.1235
   -7.5000  -30.0000   15.0000 2876.8416   12.4319
    0.0000  -30.0000   15.0000 2898.7324   12.1045
    7.5000  -30.0000   15.0000 2909.0813   12.4660
   -7.5000  -22.5000   15.0000 2946.0381   12.1481
    0.0000  -22.5000   15.0000 2950.5664   11.6911
    7.5000  -22.5000   15.0000 2960.6448   12.1473
   -7.5000  -15.0000   15.0000 2968.2327   12.2690
    0.0000  -15.0000   15.0000 2967.2725   11.8399
    7.5000  -15.0000   15.0000 2979.1697   12.2628
   -7.5000   -7.5000   15.0000 2936.0369   12.7617
    0.0000   -7.5000   15.0000 2954.2366   12.4634
    7.5000   -7.5000   15.0000 2952.9648   12.7129
   -7.5000    0.0000   15.0000 2871.7429   13.4450
    0.0000    0.0000   15.0000 2897.8379   13.2120
    7.5000    0.0000   15.0000 2895.8257   13.3566
   -7.5000    7.5000   15.0000 2796.2058   14.3398
    0.0000    7.5000   15.0000 2818.1758   14.1104
    7.5000    7.5000   15.0000 2813.7639   14.1846
   -7.5000   15.0000   15.0000 2702.5918   15.5008
    0.0000   15.0000   15.0000 2724.9092   15.2828
    7.5000   15.0000   15.0000 2713.9412   15.3097
   -7.5000   22.5000   15.0000 2594.1238   16.9739
    0.0000   22.5000   15.0000 2613.3398   16.7485
    7.5000   22.5000   15.0000 2600.4243   16.7628
   -7.5000   30.0000   15.0000 2463.5830   18.7865
    0.0000   30.0000   15.0000 2481.5054   18.5503
    7.5000   30.0000   15.0000 2474.6304   18.5625
   -7.5000   37.5000   15.0000 2316.4700   21.0595
    0.0000   37.5000   15.0000 2333.2930   20.8037
    7.5000   37.5000   15.0000 2323.0034   20.7950
   -7.5000   45.0000   15.0000 2173.8655   23.8589
    0.0000   45.0000   15.0000 2178.3755   23.4857
    7.5000   45.0000   15.0000 2174.4189   23.5847
   -7.5000  -45.0000   22.5000 2665.7759   14.2226
    0.0000  -45.0000   22.5000 2688.1001   13.9720
    7.5000  -45.0000   22.5000 2698.1794   14.3224
   -7.5000  -37.5000   22.5000 2761.4583   13.3002
    0.0000  -37.5000   22.5000 2785.8203   13.0553
    7.5000  -37.5000   22.5000 2796.6213   13.3723
   -7.5000  -30.0000   22.5000 2857.4951   12.6737
    0.0000  -30.0000   22.5000 2881.7800   12.3952
    7.5000  -30.0000   22.5000 2886.1401   12.7342
   -7.5000  -22.5000   22.5000 2925.3315   12.4252
    0.0000  -22.5000   22.5000 2942.7859   12.1493
    7.5000  -22.5000   22.5000 2945.0645   12.4445
   -7.5000  -15.0000   22.5000 2944.0491   12.5263
    0.0000  -15.0000   22.5000 2966.5232   12.3228
    7.5000  -15.0000   22.5000 2961.0918   12.5126
   -7.5000   -7.5000   22.5000 2928.0464   12.9193
    0.0000   -7.5000   22.5000 2948.3054   12.7187
    7.5000   -7.5000   22.5000 2935.4492   12.8595
   -7.5000    0.0000   22.5000 2867.3301   13.5857
    0.0000    0.0000   22.5000 2891.3235   13.3737
    7.5000    0.0000   22.5000 2878.8992   13.4789
   -7.5000    7.5000   22.5000 2788.3804   14.4825
    0.0000    7.5000   22.5000 2809.8804   14.2308
    7.5000    7.5000   22.5000 2802.6653   14.3072
   -7.5000   15.0000   22.5000 2696.4404   15.6253
    0.0000   15.0000   22.5000 2720.7139   15.3830
    7.5000   15.0000   22.5000 2709.5828   15.4365
   -7.5000   22.5000   22.5000 2586.7026   17.0663
    0.0000   22.5000   22.5000 2606.8142   16.8203
    7.5000   22.5000   22.5000 2596.6328   16.8876
   -7.5000   30.0000   22.5000 2452.3992   18.8681
    0.0000   30.0000   22.5000 2468.8062   18.5883
    7.5000   30.0000   22.5000 2459.7373   18.6561
   -7.5000   37.5000   22.5000 2309.6213   21.1468
    0.0000   37.5000   22.5000 2322.0820   20.8636
    7.5000   37.5000   22.5000 2315.6162   20.9062
   -7.5000   45.0000   22.5000 2167.4536   23.9754
    0.0000   45.0000   22.5000 2179.5581   23.6437
    7.5000   45.0000   22.5000 2171.6189   23.7545
   -7.5000  -45.0000   30.0000 2635.9087   14.7750
    0.0000  -45.0000   30.0000 2661.0776   14.5958
    7.5000  -45.0000   30.0000 2659.3494   14.9072
   -7.5000  -37.5000   30.0000 2737.6174   13.8622
    0.0000  -37.5000   30.0000 2762.3623   13.7029
    7.5000  -37.5000   30.0000 2758.5347   13.9517
   -7.5000  -30.0000   30.0000 2828.9744   13.2440
    0.0000  -30.0000   30.0000 2843.2688   12.9547
    7.5000  -30.0000   30.0000 2840.0747   13.2392
   -7.5000  -22.5000   30.0000 2883.3608   12.9263
    0.0000  -22.5000   30.0000 2899.3413   12.6839
    7.5000  -22.5000   30.0000 2901.1201   12.8991
   -7.5000  -15.0000   30.0000 2901.8486   12.9751
    0.0000  -15.0000   30.0000 2922.6914   12.7761
    7.5000  -15.0000   30.0000 2924.7004   12.9612
   -7.5000   -7.5000   30.0000 2885.5149   13.3638
    0.0000   -7.5000   30.0000 2899.9617   13.1613
    7.5000   -7.5000   30.0000 2901.8938   13.3300
   -7.5000    0.0000   30.0000 2828.5166   13.9922
    0.0000    0.0000   30.0000 2848.0400   13.8273
    7.5000    0.0000   30.0000 2843.1414   13.9589
   -7.5000    7.5000   30.0000 2755.5540   14.8398
    0.0000    7.5000   30.0000 2776.9062   14.6473
    7.5000    7.5000   30.0000 2763.6597   14.7333
   -7.5000   15.0000   30.0000 2666.8379   15.9648
    0.0000   15.0000   30.0000 2692.9094   15.7488
    7.5000   15.0000   30.0000 2679.1538   15.8085
   -7.5000   22.5000   30.0000 2558.2942   17.4067
    0.0000   22.5000   30.0000 2579.6721   17.1654
    7.5000   22.5000   30.0000 2567.8875   17.2062
   -7.5000   30.0000   30.0000 2427.1201   19.1932
    0.0000   30.0000   30.0000 2444.4519   18.8973
    7.5000   30.0000   30.0000 2434.0557   18.9259
   -7.5000   37.5000   30.0000 2290.7395   21.4738
    0.0000   37.5000   30.0000 2303.9065   21.1426
    7.5000   37.5000   30.0000 2295.7935   21.2030
   -7.5000   45.0000   30.0000 2149.1719   24.3490
    0.0000   45.0000   30.0000 2161.7317   23.9593
    7.5000   45.0000   30.0000 2150.5908   24.1503
   -7.5000  -45.0000   37.5000 2610.4429   15.6029
    0.0000  -45.0000   37.5000 2632.4377   15.4445
    7.5000  -45.0000   37.5000 2616.6565   15.6266
   -7.5000  -37.5000   37.5000 2705.3899   14.6069
    0.0000  -37.5000   37.5000 2725.8706   14.3799
    7.5000  -37.5000   37.5000 2713.3872   14.5859
   -7.5000  -30.0000   37.5000 2783.3455   13.8917
    0.0000  -30.0000   37.5000 2800.7598   13.6395
    7.5000  -30.0000   37.5000 2786.6299   13.8434
   -7.5000  -22.5000   37.5000 2830.9954   13.5601
    0.0000  -22.5000   37.5000 2847.4995   13.3299
    7.5000  -22.5000   37.5000 2842.3479   13.5020
   -7.5000  -15.0000   37.5000 2839.6980   13.5806
    0.0000  -15.0000   37.5000 2857.3899   13.3833
    7.5000  -15.0000   37.5000 2861.9587   13.5389
   -7.5000   -7.5000   37.5000 2824.8125   13.9247
    0.0000   -7.5000   37.5000 2837.7058   13.7507
    7.5000   -7.5000   37.5000 2842.2566   13.9210
   -7.5000    0.0000   37.5000 2772.4778   14.5619
    0.0000    0.0000   37.5000 2790.7834   14.3958
    7.5000    0.0000   37.5000 2790.3101   14.5530
   -7.5000    7.5000   37.5000 2701.1663   15.4144
    0.0000    7.5000   37.5000 2727.4143   15.2450
    7.5000    7.5000   37.5000 2721.2427   15.3519
   -7.5000   15.0000   37.5000 2619.5911   16.4954
    0.0000   15.0000   37.5000 2642.9893   16.3234
    7.5000   15.0000   37.5000 2635.0662   16.4089
   -7.5000   22.5000   37.5000 2514.5894   17.9041
    0.0000   22.5000   37.5000 2533.7019   17.7090
    7.5000   22.5000   37.5000 2524.0571   17.7779
   -7.5000   30.0000   37.5000 2388.5222   19.6632
    0.0000   30.0000   37.5000 2406.8635   19.4419
    7.5000   30.0000   37.5000 2395.1572   19.4972
   -7.5000   37.5000   37.5000 2255.6160   21.9576
    0.0000   37.5000   37.5000 2267.0583   21.6620
    7.5000   37.5000   37.5000 2258.7659   21.7888
   -7.5000   45.0000   37.5000 2115.3711   24.8803
    0.0000   45.0000   37.5000 2118.3315   24.4797
    7.5000   45.0000   37.5000 2118.6526   24.6911
   -7.5000  -45.0000   45.0000 2559.4795   16.5285
    0.0000  -45.0000   45.0000 2580.4177   16.3180
    7.5000  -45.0000   45.0000 2555.8455   16.4298
   -7.5000  -37.5000   45.0000 2651.3320   15.4710
    0.0000  -37.5000   45.0000 2671.1377   15.2598
    7.5000  -37.5000   45.0000 2649.1482   15.3888
   -7.5000  -30.0000   45.0000 2721.2844   14.7361
    0.0000  -30.0000   45.0000 2738.8230   14.5157
    7.5000  -30.0000   45.0000 2720.1758   14.6363
   -7.5000  -22.5000   45.0000 2760.0549   14.3793
    0.0000  -22.5000   45.0000 2777.9512   14.1660
    7.5000  -22.5000   45.0000 2767.6089   14.2616
   -7.5000  -15.0000   45.0000 2760.3462   14.3550
    0.0000  -15.0000   45.0000 2784.0171   14.1903
    7.5000  -15.0000   45.0000 2780.7542   14.2825
   -7.5000   -7.5000   45.0000 2744.9097   14.6737
    0.0000   -7.5000   45.0000 2761.3506   14.5310
    7.5000   -7.5000   45.0000 2764.1406   14.6526
   -7.5000    0.0000   45.0000 2703.2048   15.2873
    0.0000    0.0000   45.0000 2721.5708   15.1435
    7.5000    0.0000   45.0000 2720.2173   15.2694
   -7.5000    7.5000   45.0000 2640.1833   16.1343
    0.0000    7.5000   45.0000 2664.5310   15.9825
    7.5000    7.5000   45.0000 2658.8164   16.0731
   -7.5000   15.0000   45.0000 2563.6599   17.2518
    0.0000   15.0000   45.0000 2577.2146   17.0659
    7.5000   15.0000   45.0000 2572.7334   17.1484
   -7.5000   22.5000   45.0000 2458.0574   18.6603
    0.0000   22.5000   45.0000 2471.7446   18.4866
    7.5000   22.5000   45.0000 2466.0156   18.5527
   -7.5000   30.0000   45.0000 2341.0381   20.4194
    0.0000   30.0000   45.0000 2351.8374   20.2147
    7.5000   30.0000   45.0000 2344.7585   20.2909
   -7.5000   37.5000   45.0000 2210.1494   22.7408
    0.0000   37.5000   45.0000 2216.1052   22.4483
    7.5000   37.5000   45.0000 2212.5217   22.5788
   -7.5000   45.0000   45.0000 2066.2517   25.7029
    0.0000   45.0000   45.0000 2070.8638   25.2913
    7.5000   45.0000   45.0000 2069.8560   25.4592

---------------------------------------------------------------------
imgreg_4dfp /opt/freesurfer/average/711-2C_as_mni_average_305 /opt/freesurfer/average/711-2B_as_mni_average_305_mask talsrcimg_g11 none talsrcimg_to_711-2C_as_mni_average_305_t4 1283
---------------------------------------------------------------------

freesurfer imgreg_4dfp.c
/opt/freesurfer/average/711-2C_as_mni_average_305.4dfp.img
       256       256       256         1
  1.000000  1.000000  1.000000
orientation T byte_order littleendian
Reading image: /opt/freesurfer/average/711-2C_as_mni_average_305.4dfp.img
dimensions:      256       256       256
mmppix:       1.0000   -1.0000   -1.0000
center:     128.0000 -129.0000 -129.0000
/opt/freesurfer/average/711-2B_as_mni_average_305_mask.4dfp.img
       256       256       256         1
  1.000000  1.000000  1.000000
orientation T byte_order littleendian
Reading mask: /opt/freesurfer/average/711-2B_as_mni_average_305_mask.4dfp.img (2306576 pixels)
talsrcimg_g11.4dfp.img
       256       256       256         1
  1.000000  1.000000  1.000000
orientation T byte_order littleendian
Reading image: talsrcimg_g11.4dfp.img
dimensions:      256       256       256
mmppix:       1.0000   -1.0000   -1.0000
center:     128.0000 -129.0000 -129.0000
rotation matrix determinant  1.000000
fimgreg.f
image alignment mode   1283 decimal      503 hex
parameters
    7.5000  -15.0000   15.0000    0.0000    0.0000    0.0000
eta,q 0.93587 12.29093
niter,ni,del,rscale     5    3   12.0000    1.2000
parameter  3 -2.018871 ->  0.500000 qaram    1.1500
parameter  4  1.243618 ->  0.500000 qaram    1.1500
parameter  6  0.613047 ->  0.500000 qaram    1.1500
parameters
    5.5342  -16.7515   11.5500   -3.4500    0.9681   -3.4500
eta,q 0.93926 11.94461
  0.0706  0.0663  0.0639  0.0616  0.0685  0.0611
  0.0657  0.0651  0.0636  0.0612  0.0654  0.0608
  0.0656  0.0655  0.0636  0.0617  0.0626  0.0607
  0.0667  0.0656  0.0653  0.0632  0.0612  0.0616
  0.0697  0.0655  0.0667  0.0652  0.0621  0.0633
  0.0760  0.0671  0.0654  0.0667  0.0635  0.0657
  0.0811  0.0701  0.0659  0.0679  0.0648  0.0680
niter,ni,del,rscale     7    3   12.0000    1.2000
parameter  2 -0.956464 -> -0.500000 qaram    1.1500
parameter  4  0.632592 ->  0.500000 qaram    1.3225
parameter  6  0.558680 ->  0.500000 qaram    1.3225
parameters
    4.6858  -13.3015   11.2988   -7.4175    3.5257   -7.4175
eta,q 0.94481 12.00619
  0.0666  0.0683  0.0639  0.0580  0.0656  0.0566
  0.0647  0.0637  0.0599  0.0575  0.0627  0.0554
  0.0628  0.0619  0.0585  0.0581  0.0599  0.0553
  0.0607  0.0617  0.0593  0.0593  0.0576  0.0568
  0.0615  0.0605  0.0593  0.0604  0.0568  0.0587
  0.0668  0.0589  0.0627  0.0630  0.0570  0.0611
  0.0736  0.0587  0.0628  0.0670  0.0587  0.0637
niter,ni,del,rscale     7    3   12.0000    1.2000
parameters
    3.7711  -13.0791   12.1530   -6.2170    4.6531   -7.5277
eta,q 0.94511 12.00311
  0.0616  0.0653  0.0634  0.0644  0.0602  0.0611
  0.0596  0.0576  0.0593  0.0595  0.0594  0.0578
  0.0568  0.0556  0.0563  0.0565  0.0575  0.0557
  0.0552  0.0556  0.0557  0.0553  0.0554  0.0549
  0.0570  0.0571  0.0559  0.0559  0.0549  0.0560
  0.0622  0.0592  0.0594  0.0572  0.0559  0.0586
  0.0691  0.0621  0.0591  0.0598  0.0588  0.0611
niter,ni,del,rscale     6    3   12.0000    1.2000
parameters
    3.3990  -13.9293   12.6931   -5.6027    5.0471   -7.5961
eta,q 0.94502 11.91623
  0.0634  0.0613  0.0612  0.0640  0.0606  0.0624
  0.0615  0.0567  0.0577  0.0581  0.0591  0.0582
  0.0578  0.0553  0.0559  0.0550  0.0565  0.0557
  0.0549  0.0552  0.0550  0.0548  0.0551  0.0550
  0.0558  0.0571  0.0557  0.0562  0.0552  0.0562
  0.0612  0.0603  0.0590  0.0577  0.0570  0.0592
  0.0683  0.0639  0.0582  0.0604  0.0603  0.0620
niter,ni,del,rscale     5    3   12.0000    1.2000
parameters
    3.4087  -14.0754   12.9203   -5.3602    5.1254   -7.6763
eta,q 0.94499 11.90534
  0.0649  0.0635  0.0607  0.0630  0.0604  0.0627
  0.0630  0.0577  0.0574  0.0571  0.0587  0.0584
  0.0586  0.0556  0.0560  0.0546  0.0561  0.0557
  0.0550  0.0550  0.0549  0.0549  0.0550  0.0550
  0.0551  0.0561  0.0564  0.0562  0.0554  0.0563
  0.0604  0.0594  0.0594  0.0579  0.0576  0.0594
  0.0677  0.0633  0.0584  0.0606  0.0609  0.0623
niter,ni,del,rscale     4    3   12.0000    1.2000
parameters
    3.3976  -14.1565   12.9428   -5.2803    5.1712   -7.6980
eta,q 0.94497 11.90014
  0.0653  0.0636  0.0605  0.0627  0.0605  0.0630
  0.0633  0.0580  0.0573  0.0568  0.0587  0.0585
  0.0586  0.0558  0.0561  0.0545  0.0561  0.0558
  0.0550  0.0550  0.0550  0.0550  0.0550  0.0550
  0.0552  0.0560  0.0567  0.0563  0.0555  0.0563
  0.0607  0.0593  0.0597  0.0581  0.0577  0.0594
  0.0682  0.0634  0.0586  0.0608  0.0611  0.0623
niter,ni,del,rscale     3    3   12.0000    1.2000
parameters
    3.3958  -14.1814   12.9339   -5.2642    5.1920   -7.7015
eta,q 0.94495 11.89908
  0.0654  0.0638  0.0605  0.0626  0.0605  0.0630
  0.0633  0.0582  0.0574  0.0566  0.0587  0.0585
  0.0586  0.0559  0.0561  0.0545  0.0561  0.0558
  0.0550  0.0550  0.0550  0.0550  0.0550  0.0550
  0.0552  0.0559  0.0567  0.0564  0.0555  0.0563
  0.0607  0.0591  0.0598  0.0582  0.0578  0.0594
  0.0683  0.0633  0.0587  0.0608  0.0612  0.0623
registration optimization eta report
parameter search radius
    6.0000    6.9000    6.9000    7.9350    6.0000    7.9350
100000*second partial in parameter space
       32.       18.        8.       11.       16.       12.
  0.0654  0.0638  0.0605  0.0626  0.0605  0.0630
  0.0633  0.0582  0.0574  0.0566  0.0587  0.0585
  0.0586  0.0559  0.0561  0.0545  0.0561  0.0558
  0.0550  0.0550  0.0550  0.0550  0.0550  0.0550
  0.0552  0.0559  0.0567  0.0564  0.0555  0.0563
  0.0607  0.0591  0.0598  0.0582  0.0578  0.0594
  0.0683  0.0633  0.0587  0.0608  0.0612  0.0623
    3.3958  -14.1814   12.9339   -5.2642    5.1920   -7.7015
eta,q 0.94495 11.89908

---------------------------------------------------------------------
imgreg_4dfp /opt/freesurfer/average/711-2C_as_mni_average_305 /opt/freesurfer/average/711-2B_as_mni_average_305_mask talsrcimg_g11 none talsrcimg_to_711-2C_as_mni_average_305_t4 3335
---------------------------------------------------------------------

freesurfer imgreg_4dfp.c
/opt/freesurfer/average/711-2C_as_mni_average_305.4dfp.img
       256       256       256         1
  1.000000  1.000000  1.000000
orientation T byte_order littleendian
Reading image: /opt/freesurfer/average/711-2C_as_mni_average_305.4dfp.img
dimensions:      256       256       256
mmppix:       1.0000   -1.0000   -1.0000
center:     128.0000 -129.0000 -129.0000
/opt/freesurfer/average/711-2B_as_mni_average_305_mask.4dfp.img
       256       256       256         1
  1.000000  1.000000  1.000000
orientation T byte_order littleendian
Reading mask: /opt/freesurfer/average/711-2B_as_mni_average_305_mask.4dfp.img (2306576 pixels)
talsrcimg_g11.4dfp.img
       256       256       256         1
  1.000000  1.000000  1.000000
orientation T byte_order littleendian
Reading image: talsrcimg_g11.4dfp.img
dimensions:      256       256       256
mmppix:       1.0000   -1.0000   -1.0000
center:     128.0000 -129.0000 -129.0000
fimgreg.f
image alignment mode   3335 decimal      D07 hex
parameters
    3.3958  -14.1814   12.9339   -1.3086   -1.4313   -0.8303
   14.1675   -7.7003  -13.3463   10.2997    9.0493   -9.1372
eta,q 0.94500 11.98455
niter,ni,del,rscale     5    3    5.0000    1.2000
parameter  3  1.217164 ->  0.500000 qaram    1.1500
parameter  4  1.893306 ->  0.500000 qaram    1.1500
parameter  5  1.592072 ->  0.500000 qaram    1.1500
parameter  6  4.668719 ->  0.500000 qaram    1.1500
parameter  8 -1.476525 -> -0.500000 qaram    1.1500
parameter  9 -0.620289 -> -0.500000 qaram    1.1500
parameter 11  0.807020 ->  0.500000 qaram    1.1500
parameters
    3.2455  -12.9883   11.5539   -5.4486   -5.5713   -4.9703
   15.9226   -3.5603   -9.2063    7.0707    4.9093  -11.6771
eta,q 0.96062 11.71628
  0.0565  0.0575  0.0545  0.0497  0.0475  0.0416  0.0448  0.0472  0.0440  0.0415  0.0396  0.0400
  0.0558  0.0564  0.0545  0.0509  0.0484  0.0429  0.0442  0.0459  0.0431  0.0406  0.0395  0.0395
  0.0553  0.0555  0.0546  0.0525  0.0498  0.0454  0.0437  0.0446  0.0423  0.0404  0.0398  0.0394
  0.0550  0.0550  0.0547  0.0545  0.0513  0.0488  0.0434  0.0433  0.0416  0.0411  0.0404  0.0396
  0.0552  0.0548  0.0549  0.0574  0.0531  0.0522  0.0433  0.0422  0.0412  0.0425  0.0415  0.0400
  0.0560  0.0548  0.0550  0.0605  0.0556  0.0552  0.0435  0.0415  0.0411  0.0446  0.0428  0.0409
  0.0572  0.0550  0.0553  0.0633  0.0585  0.0577  0.0440  0.0414  0.0414  0.0473  0.0442  0.0420
niter,ni,del,rscale     7    3    5.0000    1.2000
parameter  1  1.269675 ->  0.500000 qaram    1.1500
parameter  4  1.747760 ->  0.500000 qaram    1.3225
parameter  5  1.188475 ->  0.500000 qaram    1.3225
parameter  7  0.714627 ->  0.500000 qaram    1.1500
parameter 10 -0.705229 -> -0.500000 qaram    1.1500
parameters
    1.8655  -14.1779   11.6619  -10.2096  -10.3323   -8.6705
   11.7826   -0.9713  -11.0755   11.2107    2.2729  -10.6849
eta,q 0.97461 11.55814
  0.0362  0.0368  0.0395  0.0293  0.0281  0.0296  0.0279  0.0367  0.0286  0.0324  0.0264  0.0276
  0.0365  0.0363  0.0377  0.0303  0.0287  0.0289  0.0276  0.0331  0.0275  0.0303  0.0256  0.0265
  0.0376  0.0363  0.0366  0.0329  0.0297  0.0285  0.0279  0.0297  0.0270  0.0284  0.0254  0.0258
  0.0394  0.0368  0.0362  0.0363  0.0308  0.0290  0.0287  0.0276  0.0271  0.0270  0.0257  0.0254
  0.0417  0.0377  0.0366  0.0408  0.0325  0.0317  0.0299  0.0271  0.0279  0.0260  0.0263  0.0255
  0.0444  0.0389  0.0375  0.0460  0.0346  0.0367  0.0315  0.0280  0.0291  0.0256  0.0275  0.0259
  0.0470  0.0403  0.0390  0.0496  0.0376  0.0426  0.0333  0.0300  0.0307  0.0262  0.0291  0.0267
niter,ni,del,rscale     7    3    5.0000    1.2000
parameter  1  0.604856 ->  0.500000 qaram    1.3225
parameters
    0.2785  -15.3021   10.5949  -12.9881  -13.5652   -9.0824
   13.2628   -1.9154  -12.1070    9.9737    3.6765  -11.6987
eta,q 0.97812 11.51239
  0.0246  0.0239  0.0237  0.0263  0.0248  0.0268  0.0268  0.0267  0.0241  0.0251  0.0236  0.0231
  0.0237  0.0232  0.0228  0.0245  0.0229  0.0250  0.0248  0.0235  0.0228  0.0233  0.0227  0.0223
  0.0239  0.0231  0.0226  0.0231  0.0222  0.0235  0.0233  0.0221  0.0221  0.0222  0.0222  0.0219
  0.0254  0.0236  0.0231  0.0226  0.0230  0.0222  0.0224  0.0222  0.0221  0.0220  0.0220  0.0219
  0.0280  0.0247  0.0240  0.0250  0.0250  0.0220  0.0222  0.0232  0.0226  0.0228  0.0219  0.0223
  0.0315  0.0263  0.0254  0.0312  0.0275  0.0249  0.0229  0.0255  0.0237  0.0248  0.0221  0.0229
  0.0357  0.0281  0.0272  0.0374  0.0309  0.0291  0.0247  0.0292  0.0254  0.0280  0.0228  0.0238
niter,ni,del,rscale     7    3    5.0000    1.2000
parameters
    0.1416  -15.4091   10.4637  -13.1911  -13.4167   -9.0050
   13.6403   -2.1863  -12.2436    9.9860    3.6482  -11.7290
eta,q 0.97816 11.51265
  0.0268  0.0243  0.0237  0.0273  0.0270  0.0265  0.0258  0.0274  0.0245  0.0262  0.0231  0.0235
  0.0240  0.0229  0.0225  0.0252  0.0247  0.0247  0.0239  0.0239  0.0231  0.0240  0.0224  0.0225
  0.0224  0.0220  0.0219  0.0234  0.0228  0.0233  0.0225  0.0221  0.0221  0.0225  0.0220  0.0220
  0.0219  0.0219  0.0219  0.0218  0.0219  0.0219  0.0219  0.0219  0.0218  0.0218  0.0218  0.0218
  0.0226  0.0223  0.0223  0.0213  0.0225  0.0214  0.0221  0.0226  0.0222  0.0222  0.0219  0.0221
  0.0246  0.0233  0.0229  0.0239  0.0245  0.0235  0.0232  0.0245  0.0232  0.0237  0.0224  0.0226
  0.0278  0.0247  0.0239  0.0298  0.0268  0.0276  0.0254  0.0280  0.0247  0.0264  0.0232  0.0234
niter,ni,del,rscale     6    3    5.0000    1.2000
parameters
    0.1123  -15.4102   10.4764  -13.2967  -13.4218   -8.9849
   13.6688   -2.2013  -12.2476    9.9823    3.6527  -11.7270
eta,q 0.97813 11.51091
  0.0271  0.0246  0.0240  0.0274  0.0269  0.0265  0.0255  0.0277  0.0246  0.0262  0.0232  0.0235
  0.0243  0.0230  0.0226  0.0252  0.0246  0.0247  0.0237  0.0241  0.0232  0.0240  0.0224  0.0226
  0.0225  0.0221  0.0220  0.0234  0.0227  0.0232  0.0224  0.0223  0.0222  0.0225  0.0220  0.0220
  0.0218  0.0218  0.0218  0.0218  0.0219  0.0219  0.0219  0.0219  0.0219  0.0219  0.0219  0.0219
  0.0224  0.0222  0.0222  0.0213  0.0226  0.0214  0.0222  0.0225  0.0222  0.0223  0.0219  0.0221
  0.0243  0.0231  0.0228  0.0238  0.0246  0.0236  0.0235  0.0243  0.0231  0.0238  0.0224  0.0226
  0.0274  0.0245  0.0237  0.0295  0.0269  0.0277  0.0257  0.0276  0.0247  0.0265  0.0232  0.0234
niter,ni,del,rscale     5    3    5.0000    1.2000
parameters
    0.1123  -15.4103   10.4876  -13.3071  -13.4286   -8.9707
   13.6703   -2.2018  -12.2522    9.9832    3.6611  -11.7169
eta,q 0.97813 11.51097
  0.0272  0.0246  0.0240  0.0275  0.0269  0.0264  0.0255  0.0278  0.0246  0.0262  0.0232  0.0235
  0.0243  0.0230  0.0227  0.0253  0.0246  0.0247  0.0237  0.0241  0.0232  0.0240  0.0224  0.0226
  0.0225  0.0221  0.0220  0.0235  0.0227  0.0232  0.0224  0.0223  0.0222  0.0225  0.0220  0.0220
  0.0219  0.0219  0.0219  0.0219  0.0219  0.0219  0.0219  0.0219  0.0219  0.0219  0.0219  0.0219
  0.0224  0.0222  0.0222  0.0212  0.0226  0.0214  0.0222  0.0225  0.0222  0.0223  0.0219  0.0221
  0.0242  0.0231  0.0229  0.0236  0.0246  0.0236  0.0235  0.0243  0.0231  0.0238  0.0224  0.0226
  0.0273  0.0245  0.0238  0.0293  0.0269  0.0277  0.0257  0.0276  0.0247  0.0264  0.0232  0.0234
registration optimization eta report
parameter search radius
    3.1740    2.4000    2.7600    9.5220    9.5220    8.2800
    8.2800    8.2800    8.2800    8.2800    8.2800    7.2000
100000*second partial in parameter space
       54.       46.       26.        7.        5.        8.
        5.        9.        4.        7.        2.        3.
  0.0272  0.0246  0.0240  0.0275  0.0269  0.0264  0.0255  0.0278  0.0246  0.0262  0.0232  0.0235
  0.0243  0.0230  0.0227  0.0253  0.0246  0.0247  0.0237  0.0241  0.0232  0.0240  0.0224  0.0226
  0.0225  0.0221  0.0220  0.0235  0.0227  0.0232  0.0224  0.0223  0.0222  0.0225  0.0220  0.0220
  0.0219  0.0219  0.0219  0.0219  0.0219  0.0219  0.0219  0.0219  0.0219  0.0219  0.0219  0.0219
  0.0224  0.0222  0.0222  0.0212  0.0226  0.0214  0.0222  0.0225  0.0222  0.0223  0.0219  0.0221
  0.0242  0.0231  0.0229  0.0236  0.0246  0.0236  0.0235  0.0243  0.0231  0.0238  0.0224  0.0226
  0.0273  0.0245  0.0238  0.0293  0.0269  0.0277  0.0257  0.0276  0.0247  0.0264  0.0232  0.0234
    0.1123  -15.4103   10.4876  -13.3071  -13.4286   -8.9707
   13.6703   -2.2018  -12.2522    9.9832    3.6611  -11.7169
eta,q 0.97813 11.51097

---------------------------------------------------------------------
imgreg_4dfp /opt/freesurfer/average/711-2C_as_mni_average_305 /opt/freesurfer/average/711-2B_as_mni_average_305_mask talsrcimg_g11 none talsrcimg_to_711-2C_as_mni_average_305_t4 2311
---------------------------------------------------------------------

freesurfer imgreg_4dfp.c
/opt/freesurfer/average/711-2C_as_mni_average_305.4dfp.img
       256       256       256         1
  1.000000  1.000000  1.000000
orientation T byte_order littleendian
Reading image: /opt/freesurfer/average/711-2C_as_mni_average_305.4dfp.img
dimensions:      256       256       256
mmppix:       1.0000   -1.0000   -1.0000
center:     128.0000 -129.0000 -129.0000
/opt/freesurfer/average/711-2B_as_mni_average_305_mask.4dfp.img
       256       256       256         1
  1.000000  1.000000  1.000000
orientation T byte_order littleendian
Reading mask: /opt/freesurfer/average/711-2B_as_mni_average_305_mask.4dfp.img (2306576 pixels)
talsrcimg_g11.4dfp.img
       256       256       256         1
  1.000000  1.000000  1.000000
orientation T byte_order littleendian
Reading image: talsrcimg_g11.4dfp.img
dimensions:      256       256       256
mmppix:       1.0000   -1.0000   -1.0000
center:     128.0000 -129.0000 -129.0000
fimgreg.f
image alignment mode   2311 decimal      907 hex
parameters
    0.1123  -15.4103   10.4876  -13.3071  -13.4286   -8.9707
   13.6703   -2.2018  -12.2522    9.9832    3.6611  -11.7169
eta,q 0.97813 11.51097
niter,ni,del,rscale     5    3    5.0000    0.8000
parameter  4 -0.536847 -> -0.500000 qaram    1.1500
parameters
    0.1473  -15.4459   10.3191  -10.5471  -13.9621   -8.2381
   13.3052   -2.0113  -12.0938   10.1105    3.9089  -11.6885
eta,q 0.97911 11.55545
  0.0233  0.0230  0.0224  0.0244  0.0225  0.0237  0.0224  0.0243  0.0221  0.0228  0.0219  0.0219
  0.0225  0.0224  0.0220  0.0235  0.0217  0.0228  0.0215  0.0225  0.0215  0.0218  0.0214  0.0213
  0.0220  0.0220  0.0219  0.0226  0.0212  0.0220  0.0210  0.0213  0.0211  0.0212  0.0210  0.0210
  0.0219  0.0219  0.0219  0.0219  0.0212  0.0211  0.0209  0.0209  0.0209  0.0209  0.0209  0.0209
  0.0220  0.0220  0.0220  0.0213  0.0215  0.0208  0.0212  0.0212  0.0210  0.0210  0.0210  0.0210
  0.0224  0.0225  0.0223  0.0212  0.0222  0.0213  0.0219  0.0221  0.0214  0.0216  0.0212  0.0213
  0.0232  0.0231  0.0227  0.0219  0.0233  0.0230  0.0230  0.0238  0.0220  0.0227  0.0217  0.0218
niter,ni,del,rscale     5    3    5.0000    0.8000
parameters
    0.1028  -15.3842   10.5677  -11.5659  -13.8622   -7.8248
   13.5553   -2.2367  -12.2563   10.1428    3.9083  -11.7241
eta,q 0.97913 11.55559
  0.0227  0.0223  0.0222  0.0231  0.0228  0.0235  0.0226  0.0234  0.0219  0.0227  0.0216  0.0218
  0.0217  0.0215  0.0215  0.0221  0.0219  0.0226  0.0217  0.0219  0.0213  0.0217  0.0212  0.0213
  0.0211  0.0211  0.0211  0.0213  0.0213  0.0218  0.0212  0.0211  0.0210  0.0211  0.0210  0.0209
  0.0209  0.0209  0.0209  0.0209  0.0210  0.0210  0.0209  0.0209  0.0209  0.0209  0.0209  0.0209
  0.0211  0.0210  0.0209  0.0214  0.0212  0.0208  0.0210  0.0213  0.0210  0.0210  0.0209  0.0210
  0.0218  0.0214  0.0212  0.0234  0.0217  0.0214  0.0215  0.0223  0.0214  0.0216  0.0212  0.0213
  0.0230  0.0221  0.0215  0.0267  0.0227  0.0234  0.0223  0.0238  0.0220  0.0227  0.0217  0.0218
niter,ni,del,rscale     4    3    5.0000    0.7000
parameters
    0.1156  -15.3921   10.7269  -11.6181  -13.9479   -7.4016
   13.6002   -2.2566  -12.2811   10.1254    3.8757  -11.6840
eta,q 0.97924 11.56045
  0.0222  0.0218  0.0217  0.0231  0.0222  0.0230  0.0220  0.0229  0.0216  0.0222  0.0214  0.0215
  0.0215  0.0213  0.0213  0.0222  0.0215  0.0222  0.0214  0.0217  0.0211  0.0214  0.0210  0.0211
  0.0210  0.0210  0.0210  0.0214  0.0210  0.0215  0.0209  0.0210  0.0209  0.0209  0.0208  0.0208
  0.0209  0.0209  0.0209  0.0209  0.0209  0.0209  0.0208  0.0208  0.0208  0.0208  0.0208  0.0208
  0.0210  0.0210  0.0209  0.0208  0.0210  0.0207  0.0209  0.0210  0.0209  0.0209  0.0208  0.0209
  0.0214  0.0213  0.0211  0.0217  0.0215  0.0212  0.0213  0.0218  0.0212  0.0214  0.0210  0.0211
  0.0222  0.0218  0.0214  0.0238  0.0223  0.0227  0.0220  0.0229  0.0216  0.0222  0.0214  0.0215
niter,ni,del,rscale     3    3    5.0000    0.6000
parameters
    0.1221  -15.3897   10.9104  -11.4457  -14.0801   -7.0018
   13.5633   -2.2663  -12.2603   10.1028    3.8423  -11.5938
eta,q 0.97936 11.56657
  0.0218  0.0215  0.0215  0.0226  0.0217  0.0225  0.0216  0.0223  0.0213  0.0217  0.0211  0.0212
  0.0212  0.0211  0.0211  0.0219  0.0211  0.0218  0.0211  0.0214  0.0209  0.0211  0.0209  0.0209
  0.0209  0.0208  0.0209  0.0212  0.0208  0.0212  0.0208  0.0208  0.0207  0.0208  0.0207  0.0207
  0.0208  0.0208  0.0208  0.0208  0.0207  0.0207  0.0206  0.0206  0.0206  0.0206  0.0206  0.0206
  0.0209  0.0208  0.0208  0.0207  0.0209  0.0206  0.0207  0.0209  0.0207  0.0208  0.0207  0.0207
  0.0212  0.0211  0.0209  0.0213  0.0212  0.0210  0.0211  0.0214  0.0209  0.0211  0.0209  0.0209
  0.0218  0.0215  0.0211  0.0227  0.0218  0.0222  0.0216  0.0223  0.0213  0.0218  0.0211  0.0212
niter,ni,del,rscale     2    3    5.0000    0.5000
parameters
    0.1198  -15.3880   11.0928  -11.2806  -14.2093   -6.6316
   13.5171   -2.2899  -12.2422   10.0659    3.7947  -11.5099
eta,q 0.97946 11.57140
  0.0214  0.0212  0.0212  0.0220  0.0213  0.0220  0.0212  0.0218  0.0210  0.0213  0.0209  0.0210
  0.0210  0.0209  0.0209  0.0214  0.0209  0.0215  0.0208  0.0211  0.0208  0.0209  0.0207  0.0207
  0.0207  0.0207  0.0207  0.0209  0.0207  0.0209  0.0206  0.0207  0.0206  0.0206  0.0206  0.0206
  0.0206  0.0206  0.0206  0.0206  0.0206  0.0206  0.0205  0.0205  0.0205  0.0205  0.0205  0.0205
  0.0207  0.0207  0.0206  0.0206  0.0207  0.0205  0.0206  0.0207  0.0206  0.0206  0.0206  0.0206
  0.0210  0.0209  0.0207  0.0210  0.0210  0.0208  0.0209  0.0211  0.0207  0.0209  0.0207  0.0207
  0.0214  0.0211  0.0209  0.0220  0.0214  0.0217  0.0213  0.0218  0.0210  0.0214  0.0209  0.0209
niter,ni,del,rscale     1    3    5.0000    0.4000
parameters
    0.1117  -15.3855   11.2610  -11.1534  -14.3185   -6.3181
   13.4675   -2.3192  -12.2061   10.0215    3.7527  -11.4099
eta,q 0.97952 11.57462
  0.0210  0.0209  0.0209  0.0215  0.0210  0.0216  0.0209  0.0213  0.0208  0.0210  0.0207  0.0208
  0.0208  0.0207  0.0207  0.0211  0.0207  0.0211  0.0207  0.0208  0.0206  0.0207  0.0206  0.0206
  0.0206  0.0206  0.0206  0.0207  0.0206  0.0207  0.0205  0.0206  0.0205  0.0205  0.0205  0.0205
  0.0205  0.0205  0.0205  0.0205  0.0205  0.0205  0.0205  0.0205  0.0205  0.0205  0.0205  0.0205
  0.0206  0.0206  0.0205  0.0205  0.0206  0.0205  0.0205  0.0206  0.0205  0.0205  0.0205  0.0205
  0.0208  0.0207  0.0206  0.0208  0.0208  0.0207  0.0207  0.0209  0.0206  0.0207  0.0206  0.0206
  0.0210  0.0209  0.0207  0.0215  0.0210  0.0212  0.0210  0.0213  0.0208  0.0210  0.0207  0.0207
registration optimization eta report
parameter search radius
    0.8000    0.8000    0.8000    2.7600    2.4000    2.4000
    2.4000    2.4000    2.4000    2.4000    2.4000    2.4000
100000*second partial in parameter space
       76.       52.       41.       13.        8.       15.
        8.       15.        5.        9.        4.        5.
  0.0210  0.0209  0.0209  0.0215  0.0210  0.0216  0.0209  0.0213  0.0208  0.0210  0.0207  0.0208
  0.0208  0.0207  0.0207  0.0211  0.0207  0.0211  0.0207  0.0208  0.0206  0.0207  0.0206  0.0206
  0.0206  0.0206  0.0206  0.0207  0.0206  0.0207  0.0205  0.0206  0.0205  0.0205  0.0205  0.0205
  0.0205  0.0205  0.0205  0.0205  0.0205  0.0205  0.0205  0.0205  0.0205  0.0205  0.0205  0.0205
  0.0206  0.0206  0.0205  0.0205  0.0206  0.0205  0.0205  0.0206  0.0205  0.0205  0.0205  0.0205
  0.0208  0.0207  0.0206  0.0208  0.0208  0.0207  0.0207  0.0209  0.0206  0.0207  0.0206  0.0206
  0.0210  0.0209  0.0207  0.0215  0.0210  0.0212  0.0210  0.0213  0.0208  0.0210  0.0207  0.0207
    0.1117  -15.3855   11.2610  -11.1534  -14.3185   -6.3181
   13.4675   -2.3192  -12.2061   10.0215    3.7527  -11.4099
eta,q 0.97952 11.57462

---------------------------------------------------------------------
imgreg_4dfp /opt/freesurfer/average/711-2C_as_mni_average_305 /opt/freesurfer/average/711-2B_as_mni_average_305_mask talsrcimg_g11 none talsrcimg_to_711-2C_as_mni_average_305_t4 2311
---------------------------------------------------------------------

freesurfer imgreg_4dfp.c
/opt/freesurfer/average/711-2C_as_mni_average_305.4dfp.img
       256       256       256         1
  1.000000  1.000000  1.000000
orientation T byte_order littleendian
Reading image: /opt/freesurfer/average/711-2C_as_mni_average_305.4dfp.img
dimensions:      256       256       256
mmppix:       1.0000   -1.0000   -1.0000
center:     128.0000 -129.0000 -129.0000
/opt/freesurfer/average/711-2B_as_mni_average_305_mask.4dfp.img
       256       256       256         1
  1.000000  1.000000  1.000000
orientation T byte_order littleendian
Reading mask: /opt/freesurfer/average/711-2B_as_mni_average_305_mask.4dfp.img (2306576 pixels)
talsrcimg_g11.4dfp.img
       256       256       256         1
  1.000000  1.000000  1.000000
orientation T byte_order littleendian
Reading image: talsrcimg_g11.4dfp.img
dimensions:      256       256       256
mmppix:       1.0000   -1.0000   -1.0000
center:     128.0000 -129.0000 -129.0000
fimgreg.f
image alignment mode   2311 decimal      907 hex
parameters
    0.1117  -15.3855   11.2610  -11.1534  -14.3185   -6.3181
   13.4675   -2.3192  -12.2061   10.0215    3.7527  -11.4099
eta,q 0.97952 11.57461
niter,ni,del,rscale     5    3    5.0000    0.8000
parameters
    0.0835  -15.3713   11.4043  -11.7122  -14.3231   -6.7919
   13.5560   -2.2846  -12.2325   10.0801    3.6915  -11.1910
eta,q 0.97935 11.57001
  0.0224  0.0219  0.0218  0.0225  0.0223  0.0229  0.0223  0.0234  0.0217  0.0225  0.0214  0.0216
  0.0213  0.0211  0.0211  0.0216  0.0214  0.0221  0.0214  0.0218  0.0211  0.0215  0.0210  0.0211
  0.0207  0.0206  0.0207  0.0209  0.0208  0.0211  0.0209  0.0209  0.0208  0.0209  0.0207  0.0208
  0.0205  0.0205  0.0205  0.0205  0.0206  0.0206  0.0207  0.0207  0.0207  0.0206  0.0207  0.0207
  0.0207  0.0206  0.0205  0.0207  0.0208  0.0208  0.0208  0.0210  0.0208  0.0208  0.0207  0.0207
  0.0214  0.0211  0.0208  0.0220  0.0214  0.0223  0.0213  0.0218  0.0212  0.0214  0.0210  0.0210
  0.0225  0.0218  0.0214  0.0245  0.0224  0.0249  0.0222  0.0233  0.0218  0.0225  0.0214  0.0214
niter,ni,del,rscale     4    3    5.0000    0.7000
parameters
    0.1179  -15.4026   11.2280  -11.4740  -14.2362   -6.8840
   13.5243   -2.2461  -12.2331   10.0082    3.7176  -11.2800
eta,q 0.97939 11.57010
  0.0221  0.0216  0.0212  0.0226  0.0220  0.0227  0.0218  0.0229  0.0215  0.0220  0.0212  0.0213
  0.0213  0.0211  0.0208  0.0218  0.0213  0.0219  0.0212  0.0216  0.0210  0.0212  0.0209  0.0209
  0.0208  0.0207  0.0207  0.0211  0.0208  0.0211  0.0208  0.0208  0.0207  0.0208  0.0207  0.0207
  0.0207  0.0207  0.0207  0.0206  0.0206  0.0206  0.0206  0.0206  0.0206  0.0206  0.0206  0.0206
  0.0208  0.0208  0.0208  0.0206  0.0207  0.0206  0.0207  0.0209  0.0207  0.0208  0.0207  0.0207
  0.0212  0.0211  0.0211  0.0211  0.0212  0.0215  0.0212  0.0216  0.0210  0.0213  0.0209  0.0210
  0.0220  0.0217  0.0215  0.0226  0.0219  0.0235  0.0219  0.0228  0.0215  0.0221  0.0212  0.0213
niter,ni,del,rscale     3    3    5.0000    0.6000
parameters
    0.1176  -15.4129   11.1792  -11.2911  -14.2186   -6.7433
   13.4961   -2.2561  -12.2156    9.9893    3.7340  -11.3459
eta,q 0.97945 11.57190
  0.0216  0.0213  0.0211  0.0221  0.0216  0.0224  0.0215  0.0223  0.0212  0.0216  0.0210  0.0211
  0.0211  0.0209  0.0208  0.0215  0.0211  0.0217  0.0210  0.0213  0.0208  0.0210  0.0208  0.0208
  0.0207  0.0207  0.0207  0.0210  0.0207  0.0210  0.0207  0.0207  0.0206  0.0207  0.0206  0.0206
  0.0206  0.0206  0.0206  0.0206  0.0206  0.0206  0.0206  0.0206  0.0206  0.0206  0.0206  0.0206
  0.0207  0.0207  0.0207  0.0206  0.0207  0.0206  0.0207  0.0208  0.0206  0.0207  0.0206  0.0206
  0.0211  0.0210  0.0209  0.0210  0.0210  0.0211  0.0210  0.0213  0.0208  0.0210  0.0208  0.0208
  0.0217  0.0214  0.0212  0.0221  0.0216  0.0225  0.0215  0.0223  0.0212  0.0217  0.0210  0.0211
niter,ni,del,rscale     2    3    5.0000    0.5000
parameters
    0.1110  -15.4117   11.2316  -11.1688  -14.2723   -6.4999
   13.4623   -2.2890  -12.2060    9.9702    3.7338  -11.3463
eta,q 0.97950 11.57397
  0.0213  0.0211  0.0210  0.0217  0.0213  0.0220  0.0212  0.0218  0.0210  0.0213  0.0209  0.0209
  0.0209  0.0208  0.0208  0.0212  0.0209  0.0214  0.0208  0.0210  0.0207  0.0209  0.0207  0.0207
  0.0206  0.0206  0.0206  0.0208  0.0206  0.0209  0.0206  0.0206  0.0206  0.0206  0.0205  0.0205
  0.0206  0.0206  0.0206  0.0206  0.0205  0.0205  0.0205  0.0205  0.0205  0.0205  0.0205  0.0205
  0.0206  0.0206  0.0206  0.0206  0.0206  0.0205  0.0206  0.0207  0.0206  0.0206  0.0205  0.0206
  0.0209  0.0208  0.0207  0.0209  0.0209  0.0209  0.0208  0.0211  0.0207  0.0209  0.0207  0.0207
  0.0213  0.0211  0.0209  0.0217  0.0213  0.0218  0.0212  0.0218  0.0210  0.0213  0.0209  0.0209
niter,ni,del,rscale     1    3    5.0000    0.4000
parameters
    0.1038  -15.4092   11.3249  -11.0716  -14.3582   -6.2686
   13.4325   -2.3228  -12.1900    9.9509    3.7244  -11.3158
eta,q 0.97953 11.57570
  0.0210  0.0208  0.0208  0.0213  0.0209  0.0215  0.0209  0.0213  0.0208  0.0210  0.0207  0.0207
  0.0207  0.0207  0.0207  0.0209  0.0207  0.0211  0.0207  0.0208  0.0206  0.0207  0.0206  0.0206
  0.0206  0.0205  0.0206  0.0206  0.0205  0.0207  0.0205  0.0205  0.0205  0.0205  0.0205  0.0205
  0.0205  0.0205  0.0205  0.0205  0.0205  0.0205  0.0205  0.0205  0.0205  0.0205  0.0205  0.0205
  0.0206  0.0205  0.0205  0.0205  0.0206  0.0205  0.0205  0.0206  0.0205  0.0205  0.0205  0.0205
  0.0207  0.0207  0.0206  0.0207  0.0207  0.0207  0.0207  0.0209  0.0206  0.0207  0.0206  0.0206
  0.0210  0.0208  0.0207  0.0212  0.0210  0.0213  0.0209  0.0213  0.0208  0.0210  0.0207  0.0207
registration optimization eta report
parameter search radius
    0.8000    0.8000    0.8000    2.4000    2.4000    2.4000
    2.4000    2.4000    2.4000    2.4000    2.4000    2.4000
100000*second partial in parameter space
       77.       52.       41.       13.        8.       16.
        8.       15.        5.        9.        4.        4.
  0.0210  0.0208  0.0208  0.0213  0.0209  0.0215  0.0209  0.0213  0.0208  0.0210  0.0207  0.0207
  0.0207  0.0207  0.0207  0.0209  0.0207  0.0211  0.0207  0.0208  0.0206  0.0207  0.0206  0.0206
  0.0206  0.0205  0.0206  0.0206  0.0205  0.0207  0.0205  0.0205  0.0205  0.0205  0.0205  0.0205
  0.0205  0.0205  0.0205  0.0205  0.0205  0.0205  0.0205  0.0205  0.0205  0.0205  0.0205  0.0205
  0.0206  0.0205  0.0205  0.0205  0.0206  0.0205  0.0205  0.0206  0.0205  0.0205  0.0205  0.0205
  0.0207  0.0207  0.0206  0.0207  0.0207  0.0207  0.0207  0.0209  0.0206  0.0207  0.0206  0.0206
  0.0210  0.0208  0.0207  0.0212  0.0210  0.0213  0.0209  0.0213  0.0208  0.0210  0.0207  0.0207
    0.1038  -15.4092   11.3249  -11.0716  -14.3582   -6.2686
   13.4325   -2.3228  -12.1900    9.9509    3.7244  -11.3158
eta,q 0.97953 11.57570

---------------------------------------------------------------------
compute_vox2vox talsrcimg talsrcimg_to_711-2C_as_mni_average_305_t4 /opt/freesurfer/average/711-2C_as_mni_average_305
---------------------------------------------------------------------

freesurfer compute_vox2vox.c
Reading: talsrcimg.4dfp.ifh
Reading: talsrcimg_to_711-2C_as_mni_average_305_t4
Reading: /opt/freesurfer/average/711-2C_as_mni_average_305.4dfp.ifh
Writing: talsrcimg_to_711-2C_as_mni_average_305_t4_vox2vox.txt

start time Wed Mar 11 08:37:54 CET 2026
end		time Wed Mar 11 08:39:20 CET 2026

mpr2mni305 success

avi2talxfm orig_nu.mgz /opt/freesurfer/average/mni305.cor.mgz talsrcimg_to_711-2C_as_mni_average_305_t4_vox2vox.txt transforms/talairach.auto.xfm
avi2talxfm done
mv -f /out/sourcedata/freesurfer/sub-v2s15x29742_ses-1/mri/talsrcimg_to_711-2C_as_mni_average_305_t4_vox2vox.txt /out/sourcedata/freesurfer/sub-v2s15x29742_ses-1/mri/transforms/talsrcimg_to_711-2C_as_mni_average_305_t4_vox2vox.txt
lta_convert --src orig_nu.mgz --trg /opt/freesurfer/average/mni305.cor.mgz --inxfm transforms/talairach.auto.xfm --outlta transforms/talairach.auto.xfm.lta --subject fsaverage
7.3.2

--src: orig_nu.mgz src image (geometry).
--trg: /opt/freesurfer/average/mni305.cor.mgz trg image (geometry).
--inmni: transforms/talairach.auto.xfm input MNI/XFM transform.
--outlta: transforms/talairach.auto.xfm.lta output LTA.
--s: fsaverage subject name
 LTA read, type : 1
 1.09979   0.04494  -0.16656  -2.79569;
-0.02446   1.05112   0.14272  -10.22254;
 0.15938  -0.11574   1.12736   33.65141;
 0.00000   0.00000   0.00000   1.00000;
setting subject to fsaverage
Writing  LTA to file transforms/talairach.auto.xfm.lta...
lta_convert successful.
 
 
Started at Wed Mar 11 08:37:53 CET 2026
Ended   at Wed Mar 11 08:39:20 CET 2026
talairach_avi done
