Log file for defect2seg
Wed Mar 11 10:14:50 CET 2026

setenv SUBJECTS_DIR /out/sourcedata/freesurfer
cd /out/sourcedata/freesurfer/sub-v2s15x29746_ses-1/scripts
/opt/freesurfer/bin/defect2seg --s sub-v2s15x29746_ses-1 --rh-only --cortex

freesurfer-linux-ubuntu22_x86_64-7.3.2-20220804-6354275
defect2seg 7.3.2
Linux dna087 5.14.0-427.37.1.el9_4.x86_64 #1 SMP PREEMPT_DYNAMIC Fri Sep 13 12:41:50 EDT 2024 x86_64 x86_64 x86_64 GNU/Linux
pid 2401975
mri_label2label --label-cortex /out/sourcedata/freesurfer/sub-v2s15x29746_ses-1/surf/rh.orig.nofix /out/sourcedata/freesurfer/sub-v2s15x29746_ses-1/mri/aseg.presurf.mgz 0 /out/sourcedata/freesurfer/sub-v2s15x29746_ses-1/label/rh.nofix.cortex.label

 Generating cortex label... RemoveHipAmgy=0
 NucAccIsMedialWall=0
 mris->useRealRAS=0
15 non-cortical segments detected
only using segment with 6936 vertices
erasing segment 1 (vno[0] = 55243)
erasing segment 2 (vno[0] = 55331)
erasing segment 3 (vno[0] = 56434)
erasing segment 4 (vno[0] = 75316)
erasing segment 5 (vno[0] = 75509)
erasing segment 6 (vno[0] = 76606)
erasing segment 7 (vno[0] = 77687)
erasing segment 8 (vno[0] = 88429)
erasing segment 9 (vno[0] = 88499)
erasing segment 10 (vno[0] = 88526)
erasing segment 11 (vno[0] = 89474)
erasing segment 12 (vno[0] = 90424)
erasing segment 13 (vno[0] = 92811)
erasing segment 14 (vno[0] = 94919)
mri_label2vol --defects /out/sourcedata/freesurfer/sub-v2s15x29746_ses-1/surf/rh.orig.nofix /out/sourcedata/freesurfer/sub-v2s15x29746_ses-1/surf/rh.defect_labels /out/sourcedata/freesurfer/sub-v2s15x29746_ses-1/mri/orig.mgz 2000 0 /out/sourcedata/freesurfer/sub-v2s15x29746_ses-1/mri/rh.surface.defects.mgz /out/sourcedata/freesurfer/sub-v2s15x29746_ses-1/label/rh.nofix.cortex.label
mri_label2vol supposed to be reproducible but seed not set
Contraining to label /out/sourcedata/freesurfer/sub-v2s15x29746_ses-1/label/rh.nofix.cortex.label
Changing input type 0 to MRI_INT
Converting defects to volume: offset=2000, merge=0
Writing to /out/sourcedata/freesurfer/sub-v2s15x29746_ses-1/mri/rh.surface.defects.mgz
mris_defects_pointset -s /out/sourcedata/freesurfer/sub-v2s15x29746_ses-1/surf/rh.orig.nofix -d /out/sourcedata/freesurfer/sub-v2s15x29746_ses-1/surf/rh.defect_labels -o /out/sourcedata/freesurfer/sub-v2s15x29746_ses-1/surf/rh.defects.pointset --label /out/sourcedata/freesurfer/sub-v2s15x29746_ses-1/label/rh.nofix.cortex.label
Reading in surface /out/sourcedata/freesurfer/sub-v2s15x29746_ses-1/surf/rh.orig.nofix
Reading in defect segmentation /out/sourcedata/freesurfer/sub-v2s15x29746_ses-1/surf/rh.defect_labels
Reading in label /out/sourcedata/freesurfer/sub-v2s15x29746_ses-1/label/rh.nofix.cortex.label
#VMPC# mris_defects_pointset 1258796
mris_defects_pointset done
 
Started at Wed Mar 11 10:14:50 CET 2026 
Ended   at Wed Mar 11 10:15:00 CET 2026
Defect2seg-Run-Time-Sec 10
Defect2seg-Run-Time-Min 0.20
Defect2seg-Run-Time-Hours 0.00
 
defect2seg Done
