status file for recon-all
Wed Mar 11 10:13:30 CET 2026
#@# Tessellate rh Wed Mar 11 10:13:30 CET 2026
#@# Smooth1 rh Wed Mar 11 10:13:32 CET 2026
#@# Inflation1 rh Wed Mar 11 10:13:34 CET 2026
#@# QSphere rh Wed Mar 11 10:13:42 CET 2026
#@# Fix Topology rh Wed Mar 11 10:14:20 CET 2026
#@# Smooth2 rh Wed Mar 11 10:18:39 CET 2026
#@# Inflation2 rh Wed Mar 11 10:18:41 CET 2026
#@# Curv .H and .K rh Wed Mar 11 10:18:50 CET 2026
#@# Sphere rh Wed Mar 11 10:19:26 CET 2026
#@# Surf Reg rh Wed Mar 11 10:21:37 CET 2026
#@# Jacobian white rh Wed Mar 11 10:23:57 CET 2026
#@# AvgCurv rh Wed Mar 11 10:23:58 CET 2026
#@# Cortical Parc rh Wed Mar 11 10:23:59 CET 2026
#@# white curv rh Wed Mar 11 10:29:18 CET 2026
#@# white area rh Wed Mar 11 10:29:19 CET 2026
#@# pial curv rh Wed Mar 11 10:29:20 CET 2026
#@# pial area rh Wed Mar 11 10:29:21 CET 2026
#@# thickness rh Wed Mar 11 10:29:21 CET 2026
#@# area and vertex vol rh Wed Mar 11 10:29:40 CET 2026
#@# Curvature Stats rh Wed Mar 11 10:29:41 CET 2026
#@# Cortical Parc 2 rh Wed Mar 11 10:29:42 CET 2026
#@# Cortical Parc 3 rh Wed Mar 11 10:29:53 CET 2026
#@# WM/GM Contrast rh Wed Mar 11 10:30:00 CET 2026
recon-all -s sub-v2s15x29746_ses-1 finished without error at Wed Mar 11 10:30:02 CET 2026



#New# invocation of recon-all 



status file for recon-all
Wed Mar 11 10:36:54 CET 2026
#@# white curv rh Wed Mar 11 10:36:54 CET 2026
#@# white area rh Wed Mar 11 10:36:54 CET 2026
#@# pial curv rh Wed Mar 11 10:36:54 CET 2026
#@# pial area rh Wed Mar 11 10:36:54 CET 2026
#@# thickness rh Wed Mar 11 10:36:54 CET 2026
#@# area and vertex vol rh Wed Mar 11 10:36:54 CET 2026
#@# Parcellation Stats rh Wed Mar 11 10:36:54 CET 2026
#@# Parcellation Stats 2 rh Wed Mar 11 10:37:08 CET 2026
#@# Parcellation Stats 3 rh Wed Mar 11 10:37:14 CET 2026
#@# BA_exvivo Labels rh Wed Mar 11 10:37:21 CET 2026
recon-all -s sub-v2s15x29746_ses-1 finished without error at Wed Mar 11 10:39:18 CET 2026
