status file for recon-all
Wed Mar 11 09:56:52 CET 2026
#@# Tessellate lh Wed Mar 11 09:56:52 CET 2026
#@# Smooth1 lh Wed Mar 11 09:56:55 CET 2026
#@# Inflation1 lh Wed Mar 11 09:56:57 CET 2026
#@# QSphere lh Wed Mar 11 09:57:05 CET 2026
#@# Fix Topology lh Wed Mar 11 09:57:43 CET 2026
#@# Smooth2 lh Wed Mar 11 10:01:48 CET 2026
#@# Inflation2 lh Wed Mar 11 10:01:50 CET 2026
#@# Curv .H and .K lh Wed Mar 11 10:01:58 CET 2026
#@# Sphere lh Wed Mar 11 10:02:34 CET 2026
#@# Surf Reg lh Wed Mar 11 10:04:45 CET 2026
#@# Jacobian white lh Wed Mar 11 10:07:05 CET 2026
#@# AvgCurv lh Wed Mar 11 10:07:06 CET 2026
#@# Cortical Parc lh Wed Mar 11 10:07:06 CET 2026
#@# white curv lh Wed Mar 11 10:12:43 CET 2026
#@# white area lh Wed Mar 11 10:12:44 CET 2026
#@# pial curv lh Wed Mar 11 10:12:44 CET 2026
#@# pial area lh Wed Mar 11 10:12:46 CET 2026
#@# thickness lh Wed Mar 11 10:12:46 CET 2026
#@# area and vertex vol lh Wed Mar 11 10:13:05 CET 2026
#@# Curvature Stats lh Wed Mar 11 10:13:06 CET 2026
#@# Cortical Parc 2 lh Wed Mar 11 10:13:07 CET 2026
#@# Cortical Parc 3 lh Wed Mar 11 10:13:17 CET 2026
#@# WM/GM Contrast lh Wed Mar 11 10:13:24 CET 2026
recon-all -s sub-v2s15x29746_ses-1 finished without error at Wed Mar 11 10:13:26 CET 2026



#New# invocation of recon-all 



status file for recon-all
Wed Mar 11 10:34:28 CET 2026
#@# white curv lh Wed Mar 11 10:34:28 CET 2026
#@# white area lh Wed Mar 11 10:34:28 CET 2026
#@# pial curv lh Wed Mar 11 10:34:28 CET 2026
#@# pial area lh Wed Mar 11 10:34:28 CET 2026
#@# thickness lh Wed Mar 11 10:34:29 CET 2026
#@# area and vertex vol lh Wed Mar 11 10:34:29 CET 2026
#@# Parcellation Stats lh Wed Mar 11 10:34:29 CET 2026
#@# Parcellation Stats 2 lh Wed Mar 11 10:34:42 CET 2026
#@# Parcellation Stats 3 lh Wed Mar 11 10:34:49 CET 2026
#@# BA_exvivo Labels lh Wed Mar 11 10:34:56 CET 2026
recon-all -s sub-v2s15x29746_ses-1 finished without error at Wed Mar 11 10:36:51 CET 2026
