/out/sourcedata/freesurfer/sub-v2s15x29751_ses-1/mri
/opt/freesurfer/bin/talairach_avi
--i orig_nu.mgz --xfm transforms/talairach.auto.xfm
talairach_avi 7.3.2
Linux dna059 5.14.0-427.37.1.el9_4.x86_64 #1 SMP PREEMPT_DYNAMIC Fri Sep 13 12:41:50 EDT 2024 x86_64 x86_64 x86_64 GNU/Linux
Wed Mar 11 08:58:52 CET 2026
mri_convert orig_nu.mgz talsrcimg.img 
reading from orig_nu.mgz...
TR=0.00, TE=0.00, TI=0.00, flip angle=0.00
i_ras = (-1, 0, 0)
j_ras = (0, 0, -1)
k_ras = (0, 1, 0)
writing to talsrcimg.img...
Analyze Output Matrix
-1.00000   0.00000   0.00000   133.11426;
 0.00000   0.00000   1.00000  -120.62381;
 0.00000  -1.00000   0.00000   141.85390;
 0.00000   0.00000   0.00000   1.00000;
--------------------
INFO: set hdr.hist.orient to -1
mpr2mni305 talsrcimg
Wed Mar 11 08:58:53 CET 2026
/opt/freesurfer/bin/mpr2mni305 talsrcimg
mpr2mni305 7.3.2
target=711-2C_as_mni_average_305

---------------------------------------------------------------------
analyzeto4dfp talsrcimg -O0 -y
---------------------------------------------------------------------

freesurfer ifh2hdr.c
Wed Mar 11 08:58:53 2026
Writing: talsrcimg.4dfp.hdr
freesurfer analyzeto4dfp.c
Reading: talsrcimg.hdr
header size 348 bytes
hdr.dime.datatype	offset=70	value=2
hdr.dime.bitpix		offset=72	value=8
hdr.hist.orient		offset=252	value=-1
dimensionality     4
dimensions       256       256       256         1
Reading: talsrcimg.img
Writing: talsrcimg.4dfp.img
Writing: talsrcimg.4dfp.ifh
ifh2hdr talsrcimg -r0to236
ori=2

---------------------------------------------------------------------
gauss_4dfp talsrcimg 1.1
---------------------------------------------------------------------

freesurfer gauss_4dfp.c
Reading: talsrcimg.4dfp.img
Writing: talsrcimg_g11.4dfp.img
image dimensions 256 256 256 padded to 288 288 288
processing volume 1freesurfer ifh2hdr.c
Wed Mar 11 08:58:54 2026
Writing: talsrcimg_g11.4dfp.hdr

Writing: talsrcimg_g11.4dfp.ifh
including: talsrcimg.4dfp.img.rec in talsrcimg_g11.4dfp.img.rec

---------------------------------------------------------------------
imgreg_4dfp /opt/freesurfer/average/711-2C_as_mni_average_305 none talsrcimg_g11 none talsrcimg_to_711-2C_as_mni_average_305_t4 4355
---------------------------------------------------------------------

freesurfer imgreg_4dfp.c
/opt/freesurfer/average/711-2C_as_mni_average_305.4dfp.img
       256       256       256         1
  1.000000  1.000000  1.000000
orientation T byte_order littleendian
Reading image: /opt/freesurfer/average/711-2C_as_mni_average_305.4dfp.img
dimensions:      256       256       256
mmppix:       1.0000   -1.0000   -1.0000
center:     128.0000 -129.0000 -129.0000
talsrcimg_g11.4dfp.img
       256       256       256         1
  1.000000  1.000000  1.000000
orientation T byte_order littleendian
Reading image: talsrcimg_g11.4dfp.img
dimensions:      256       256       256
mmppix:       1.0000   -1.0000   -1.0000
center:     128.0000 -129.0000 -129.0000
t4_read: open error in t4_sub.f l:  41 t4_file(1:l)talsrcimg_to_711-2C_as_mni_average_305_t4 
t4_read: transform initialized to I4
rotation matrix determinant  1.000000
image alignment mode   4355 decimal     1103 hex
   -7.5000  -45.0000  -45.0000 8047.3691   17.6382
    0.0000  -45.0000  -45.0000 8422.2217   17.6316
    7.5000  -45.0000  -45.0000 8106.6157   17.6156
   -7.5000  -37.5000  -45.0000 8535.9385   17.5858
    0.0000  -37.5000  -45.0000 8931.6006   17.5750
    7.5000  -37.5000  -45.0000 8571.7969   17.5591
   -7.5000  -30.0000  -45.0000 9282.5820   17.5700
    0.0000  -30.0000  -45.0000 9714.6377   17.5612
    7.5000  -30.0000  -45.0000 9315.3574   17.5448
   -7.5000  -22.5000  -45.0000 9941.7910   17.5556
    0.0000  -22.5000  -45.000010434.3008   17.5529
    7.5000  -22.5000  -45.0000 9998.8926   17.5338
   -7.5000  -15.0000  -45.000010600.6006   17.5558
    0.0000  -15.0000  -45.000011158.8350   17.5567
    7.5000  -15.0000  -45.000010690.5439   17.5371
   -7.5000   -7.5000  -45.000011210.4551   17.5725
    0.0000   -7.5000  -45.000011821.6963   17.5703
    7.5000   -7.5000  -45.000011282.1729   17.5528
   -7.5000    0.0000  -45.000011877.1855   17.5875
    0.0000    0.0000  -45.000012504.3320   17.5799
    7.5000    0.0000  -45.000011958.9355   17.5634
   -7.5000    7.5000  -45.000011724.3125   17.5854
    0.0000    7.5000  -45.000012332.7812   17.5746
    7.5000    7.5000  -45.000011789.3613   17.5587
   -7.5000   15.0000  -45.000010911.6396   17.5700
    0.0000   15.0000  -45.000011466.5322   17.5612
    7.5000   15.0000  -45.000010941.6768   17.5448
   -7.5000   22.5000  -45.0000 9954.1230   17.5532
    0.0000   22.5000  -45.000010469.4072   17.5505
    7.5000   22.5000  -45.0000 9962.4824   17.5314
   -7.5000   30.0000  -45.0000 9076.5254   17.3218
    0.0000   30.0000  -45.0000 9546.5049   17.3227
    7.5000   30.0000  -45.0000 9071.7920   17.3034
   -7.5000   37.5000  -45.0000 8574.0381   17.3383
    0.0000   37.5000  -45.0000 9021.1680   17.3361
    7.5000   37.5000  -45.0000 8569.9385   17.3189
   -7.5000   45.0000  -45.0000 7765.1460   16.9125
    0.0000   45.0000  -45.0000 8184.2607   16.9052
    7.5000   45.0000  -45.0000 7767.1055   16.8893
   -7.5000  -45.0000  -37.5000 8679.8809   17.4020
    0.0000  -45.0000  -37.5000 9121.0205   17.4021
    7.5000  -45.0000  -37.5000 8708.1289   17.3849
   -7.5000  -37.5000  -37.5000 9204.7314   17.3536
    0.0000  -37.5000  -37.5000 9663.1582   17.3487
    7.5000  -37.5000  -37.5000 9220.7959   17.3307
   -7.5000  -30.0000  -37.500010010.1182   17.3437
    0.0000  -30.0000  -37.500010510.3203   17.3389
    7.5000  -30.0000  -37.500010008.3926   17.3184
   -7.5000  -22.5000  -37.500010704.9443   17.3324
    0.0000  -22.5000  -37.500011275.0928   17.3325
    7.5000  -22.5000  -37.500010736.0537   17.3090
   -7.5000  -15.0000  -37.500011381.3779   17.3312
    0.0000  -15.0000  -37.500012009.0039   17.3355
    7.5000  -15.0000  -37.500011420.3828   17.3121
   -7.5000   -7.5000  -37.500011997.6299   17.3419
    0.0000   -7.5000  -37.500012637.2324   17.3452
    7.5000   -7.5000  -37.500012010.7949   17.3254
   -7.5000    0.0000  -37.500012661.3965   17.3527
    0.0000    0.0000  -37.500013305.9307   17.3517
    7.5000    0.0000  -37.500012680.8457   17.3342
   -7.5000    7.5000  -37.500012477.0576   17.3532
    0.0000    7.5000  -37.500013115.0576   17.3483
    7.5000    7.5000  -37.500012474.8584   17.3303
   -7.5000   15.0000  -37.500011596.0664   17.3437
    0.0000   15.0000  -37.500012239.6738   17.3389
    7.5000   15.0000  -37.500011578.7041   17.3184
   -7.5000   22.5000  -37.500010584.0938   17.3300
    0.0000   22.5000  -37.500011172.7314   17.3302
    7.5000   22.5000  -37.500010554.0244   17.3066
   -7.5000   30.0000  -37.5000 9617.5088   17.1002
    0.0000   30.0000  -37.500010129.5049   17.1044
    7.5000   30.0000  -37.5000 9580.1045   17.0814
   -7.5000   37.5000  -37.5000 9032.6660   17.1108
    0.0000   37.5000  -37.5000 9520.6143   17.1140
    7.5000   37.5000  -37.5000 9025.3857   17.0945
   -7.5000   45.0000  -37.5000 8152.1494   16.6867
    0.0000   45.0000  -37.5000 8614.7520   16.6857
    7.5000   45.0000  -37.5000 8156.5571   16.6689
   -7.5000  -45.0000  -30.0000 9448.3594   18.1023
    0.0000  -45.0000  -30.0000 9921.7139   18.1036
    7.5000  -45.0000  -30.0000 9464.3477   18.0837
   -7.5000  -37.5000  -30.000010010.8652   18.0516
    0.0000  -37.5000  -30.000010510.5938   18.0499
    7.5000  -37.5000  -30.000010010.8984   18.0309
   -7.5000  -30.0000  -30.000010886.7695   18.0433
    0.0000  -30.0000  -30.000011448.8164   18.0428
    7.5000  -30.0000  -30.000010859.7354   18.0226
   -7.5000  -22.5000  -30.000011655.8281   18.0337
    0.0000  -22.5000  -30.000012279.9141   18.0365
    7.5000  -22.5000  -30.000011639.7500   18.0131
   -7.5000  -15.0000  -30.000012372.3740   18.0334
    0.0000  -15.0000  -30.000013036.5752   18.0379
    7.5000  -15.0000  -30.000012329.6426   18.0127
   -7.5000   -7.5000  -30.000013032.9785   18.0424
    0.0000   -7.5000  -30.000013701.8301   18.0456
    7.5000   -7.5000  -30.000012980.1113   18.0226
   -7.5000    0.0000  -30.000013710.5928   18.0507
    0.0000    0.0000  -30.000014417.1123   18.0509
    7.5000    0.0000  -30.000013675.9521   18.0307
   -7.5000    7.5000  -30.000013461.2520   18.0512
    0.0000    7.5000  -30.000014160.2539   18.0495
    7.5000    7.5000  -30.000013390.3789   18.0304
   -7.5000   15.0000  -30.000012489.9814   18.0433
    0.0000   15.0000  -30.000013175.8438   18.0428
    7.5000   15.0000  -30.000012413.6787   18.0226
   -7.5000   22.5000  -30.000011389.4648   18.0294
    0.0000   22.5000  -30.000012030.6953   18.0322
    7.5000   22.5000  -30.000011319.0020   18.0087
   -7.5000   30.0000  -30.000010324.9512   17.7948
    0.0000   30.0000  -30.000010894.5381   17.7992
    7.5000   30.0000  -30.000010259.0020   17.7743
   -7.5000   37.5000  -30.0000 9666.0986   17.8037
    0.0000   37.5000  -30.000010190.5781   17.8068
    7.5000   37.5000  -30.0000 9631.2949   17.7841
   -7.5000   45.0000  -30.0000 8712.1240   17.3706
    0.0000   45.0000  -30.0000 9177.3184   17.3709
    7.5000   45.0000  -30.0000 8684.0859   17.3514
   -7.5000  -45.0000  -22.500010200.3926   18.7292
    0.0000  -45.0000  -22.500010717.4951   18.7230
    7.5000  -45.0000  -22.500010208.8457   18.7019
   -7.5000  -37.5000  -22.500010800.3447   18.6744
    0.0000  -37.5000  -22.500011356.3545   18.6680
    7.5000  -37.5000  -22.500010806.3359   18.6501
   -7.5000  -30.0000  -22.500011742.7773   18.6635
    0.0000  -30.0000  -22.500012369.0088   18.6610
    7.5000  -30.0000  -22.500011716.1953   18.6454
   -7.5000  -22.5000  -22.500012610.0186   18.6539
    0.0000  -22.5000  -22.500013277.5215   18.6547
    7.5000  -22.5000  -22.500012562.9150   18.6352
   -7.5000  -15.0000  -22.500013372.3975   18.6556
    0.0000  -15.0000  -22.500014101.4941   18.6553
    7.5000  -15.0000  -22.500013305.6006   18.6314
   -7.5000   -7.5000  -22.500014066.8193   18.6667
    0.0000   -7.5000  -22.500014828.6152   18.6624
    7.5000   -7.5000  -22.500014018.6387   18.6385
   -7.5000    0.0000  -22.500014751.2705   18.6754
    0.0000    0.0000  -22.500015579.8018   18.6683
    7.5000    0.0000  -22.500014727.1553   18.6467
   -7.5000    7.5000  -22.500014403.3994   18.6740
    0.0000    7.5000  -22.500015224.7578   18.6675
    7.5000    7.5000  -22.500014318.8164   18.6496
   -7.5000   15.0000  -22.500013331.9297   18.6635
    0.0000   15.0000  -22.500014116.5625   18.6610
    7.5000   15.0000  -22.500013253.6543   18.6454
   -7.5000   22.5000  -22.500012177.4512   18.6482
    0.0000   22.5000  -22.500012870.0820   18.6490
    7.5000   22.5000  -22.500012096.8994   18.6294
   -7.5000   30.0000  -22.500011033.9209   18.4116
    0.0000   30.0000  -22.500011637.4160   18.4112
    7.5000   30.0000  -22.500010948.5420   18.3877
   -7.5000   37.5000  -22.500010293.8477   18.4225
    0.0000   37.5000  -22.500010858.1631   18.4183
    7.5000   37.5000  -22.500010242.4834   18.3947
   -7.5000   45.0000  -22.5000 9231.1230   17.9854
    0.0000   45.0000  -22.5000 9731.9551   17.9784
    7.5000   45.0000  -22.5000 9204.3467   17.9577
   -7.5000  -45.0000  -15.000010986.1807   19.1965
    0.0000  -45.0000  -15.000011545.2344   19.1823
    7.5000  -45.0000  -15.000011002.4141   19.1622
   -7.5000  -37.5000  -15.000011606.9492   19.1386
    0.0000  -37.5000  -15.000012208.4707   19.1243
    7.5000  -37.5000  -15.000011631.8779   19.1082
   -7.5000  -30.0000  -15.000012593.1250   19.1227
    0.0000  -30.0000  -15.000013279.1934   19.1144
    7.5000  -30.0000  -15.000012583.4717   19.1026
   -7.5000  -22.5000  -15.000013520.7500   19.1098
    0.0000  -22.5000  -15.000014266.5479   19.1071
    7.5000  -22.5000  -15.000013494.5156   19.0922
   -7.5000  -15.0000  -15.000014317.6885   19.1120
    0.0000  -15.0000  -15.000015137.5098   19.1084
    7.5000  -15.0000  -15.000014266.1426   19.0888
   -7.5000   -7.5000  -15.000015077.8096   19.1280
    0.0000   -7.5000  -15.000015927.1416   19.1179
    7.5000   -7.5000  -15.000015066.3877   19.0970
   -7.5000    0.0000  -15.000015791.8867   19.1413
    0.0000    0.0000  -15.000016704.7520   19.1260
    7.5000    0.0000  -15.000015798.2021   19.1055
   -7.5000    7.5000  -15.000015359.0332   19.1381
    0.0000    7.5000  -15.000016254.7344   19.1238
    7.5000    7.5000  -15.000015290.0615   19.1076
   -7.5000   15.0000  -15.000014183.6758   19.1227
    0.0000   15.0000  -15.000015052.6543   19.1144
    7.5000   15.0000  -15.000014117.0879   19.1026
   -7.5000   22.5000  -15.000012977.6201   19.1031
    0.0000   22.5000  -15.000013754.2363   19.1003
    7.5000   22.5000  -15.000012911.4121   19.0855
   -7.5000   30.0000  -15.000011739.7744   18.8646
    0.0000   30.0000  -15.000012425.3145   18.8611
    7.5000   30.0000  -15.000011671.2256   18.8417
   -7.5000   37.5000  -15.000010920.5244   18.8805
    0.0000   37.5000  -15.000011549.8330   18.8705
    7.5000   37.5000  -15.000010883.3926   18.8498
   -7.5000   45.0000  -15.0000 9766.0986   18.4452
    0.0000   45.0000  -15.000010326.0234   18.4304
    7.5000   45.0000  -15.0000 9758.4365   18.4106
   -7.5000  -45.0000   -7.500011810.6807   19.4355
    0.0000  -45.0000   -7.500012397.1934   19.4200
    7.5000  -45.0000   -7.500011858.2373   19.4013
   -7.5000  -37.5000   -7.500012448.5723   19.3764
    0.0000  -37.5000   -7.500013081.9346   19.3590
    7.5000  -37.5000   -7.500012507.0537   19.3428
   -7.5000  -30.0000   -7.500013520.2207   19.3573
    0.0000  -30.0000   -7.500014236.5996   19.3450
    7.5000  -30.0000   -7.500013543.3438   19.3319
   -7.5000  -22.5000   -7.500014511.7939   19.3416
    0.0000  -22.5000   -7.500015321.6406   19.3364
    7.5000  -22.5000   -7.500014513.1748   19.3209
   -7.5000  -15.0000   -7.500015334.7617   19.3433
    0.0000  -15.0000   -7.500016207.9717   19.3396
    7.5000  -15.0000   -7.500015328.7607   19.3211
   -7.5000   -7.5000   -7.500016124.5254   19.3628
    0.0000   -7.5000   -7.500017027.4316   19.3530
    7.5000   -7.5000   -7.500016165.6104   19.3340
   -7.5000    0.0000   -7.500016920.2090   19.3799
    0.0000    0.0000   -7.500017875.1699   19.3634
    7.5000    0.0000   -7.500016925.0273   19.3442
   -7.5000    7.5000   -7.500016399.4043   19.3760
    0.0000    7.5000   -7.500017317.0488   19.3585
    7.5000    7.5000   -7.500016332.6143   19.3423
   -7.5000   15.0000   -7.500015090.2881   19.3573
    0.0000   15.0000   -7.500015988.7764   19.3450
    7.5000   15.0000   -7.500015034.5986   19.3319
   -7.5000   22.5000   -7.500013800.0312   19.3327
    0.0000   22.5000   -7.500014634.6377   19.3275
    7.5000   22.5000   -7.500013747.7930   19.3120
   -7.5000   30.0000   -7.500012477.2344   19.0924
    0.0000   30.0000   -7.500013223.1084   19.0888
    7.5000   30.0000   -7.500012442.6348   19.0706
   -7.5000   37.5000   -7.500011599.3066   19.1117
    0.0000   37.5000   -7.500012275.4521   19.1020
    7.5000   37.5000   -7.500011588.2686   19.0833
   -7.5000   45.0000   -7.500010345.2012   18.6786
    0.0000   45.0000   -7.500010952.7158   18.6626
    7.5000   45.0000   -7.500010331.8730   18.6442
   -7.5000  -45.0000    0.000012594.3271   19.4742
    0.0000  -45.0000    0.000013181.9541   19.4652
    7.5000  -45.0000    0.000012674.0146   19.4469
   -7.5000  -37.5000    0.000013241.6865   19.4171
    0.0000  -37.5000    0.000013868.5088   19.4034
    7.5000  -37.5000    0.000013328.5371   19.3854
   -7.5000  -30.0000    0.000014429.5273   19.4005
    0.0000  -30.0000    0.000015166.6338   19.3890
    7.5000  -30.0000    0.000014472.1299   19.3705
   -7.5000  -22.5000    0.000015534.5615   19.3857
    0.0000  -22.5000    0.000016376.3037   19.3809
    7.5000  -22.5000    0.000015566.5566   19.3592
   -7.5000  -15.0000    0.000016405.1211   19.3859
    0.0000  -15.0000    0.000017201.8398   19.3852
    7.5000  -15.0000    0.000016426.7246   19.3629
   -7.5000   -7.5000    0.000017193.1230   19.4032
    0.0000   -7.5000    0.000018015.1621   19.3992
    7.5000   -7.5000    0.000017261.1816   19.3792
   -7.5000    0.0000    0.000017983.0156   19.4190
    0.0000    0.0000    0.000018881.3887   19.4088
    7.5000    0.0000    0.000018037.9785   19.3900
   -7.5000    7.5000    0.000017328.0059   19.4167
    0.0000    7.5000    0.000018198.3535   19.4030
    7.5000    7.5000    0.000017311.0352   19.3849
   -7.5000   15.0000    0.000015929.5244   19.4005
    0.0000   15.0000    0.000016802.6133   19.3890
    7.5000   15.0000    0.000015929.2109   19.3705
   -7.5000   22.5000    0.000014547.7510   19.3767
    0.0000   22.5000    0.000015380.6592   19.3720
    7.5000   22.5000    0.000014549.1201   19.3503
   -7.5000   30.0000    0.000013181.3730   19.1350
    0.0000   30.0000    0.000013956.7520   19.1344
    7.5000   30.0000    0.000013182.6797   19.1123
   -7.5000   37.5000    0.000012252.2617   19.1521
    0.0000   37.5000    0.000012936.5381   19.1481
    7.5000   37.5000    0.000012245.9033   19.1284
   -7.5000   45.0000    0.000010893.2646   18.7176
    0.0000   45.0000    0.000011496.3584   18.7079
    7.5000   45.0000    0.000010889.1914   18.6897
   -7.5000  -45.0000    7.500012319.9180   19.4559
    0.0000  -45.0000    7.500012842.0791   19.4557
    7.5000  -45.0000    7.500012421.6436   19.4365
   -7.5000  -37.5000    7.500012979.4199   19.4017
    0.0000  -37.5000    7.500013539.5752   19.3960
    7.5000  -37.5000    7.500013099.2549   19.3759
   -7.5000  -30.0000    7.500014158.2012   19.3906
    0.0000  -30.0000    7.500014790.6572   19.3850
    7.5000  -30.0000    7.500014239.7012   19.3621
   -7.5000  -22.5000    7.500015241.0420   19.3780
    0.0000  -22.5000    7.500015815.8975   19.3779
    7.5000  -22.5000    7.500015255.0703   19.3517
   -7.5000  -15.0000    7.500016058.7793   19.3767
    0.0000  -15.0000    7.500016583.7773   19.3812
    7.5000  -15.0000    7.500016065.8135   19.3552
   -7.5000   -7.5000    7.500016861.4727   19.3887
    0.0000   -7.5000    7.500017440.0293   19.3922
    7.5000   -7.5000    7.500016946.4766   19.3700
   -7.5000    0.0000    7.500017645.5840   19.4008
    0.0000    0.0000    7.500018338.6406   19.3994
    7.5000    0.0000    7.500017780.2383   19.3798
   -7.5000    7.5000    7.500016883.0957   19.4013
    0.0000    7.5000    7.500017571.4199   19.3955
    7.5000    7.5000    7.500016968.7598   19.3754
   -7.5000   15.0000    7.500015520.4873   19.3906
    0.0000   15.0000    7.500016238.3828   19.3850
    7.5000   15.0000    7.500015568.3750   19.3621
   -7.5000   22.5000    7.500014164.5215   19.3690
    0.0000   22.5000    7.500014884.4395   19.3689
    7.5000   22.5000    7.500014191.5225   19.3428
   -7.5000   30.0000    7.500012854.2412   19.1259
    0.0000   30.0000    7.500013545.4443   19.1304
    7.5000   30.0000    7.500012861.3086   19.1047
   -7.5000   37.5000    7.500011962.4570   19.1378
    0.0000   37.5000    7.500012587.9170   19.1412
    7.5000   37.5000    7.500011957.7246   19.1193
   -7.5000   45.0000    7.500010630.0684   18.7001
    0.0000   45.0000    7.500011189.5791   18.6988
    7.5000   45.0000    7.500010622.5918   18.6799
   -7.5000  -45.0000   15.000011863.7500   19.4389
    0.0000  -45.0000   15.000012374.0391   19.4403
    7.5000  -45.0000   15.000011935.1914   19.4189
   -7.5000  -37.5000   15.000012473.4570   19.3845
    0.0000  -37.5000   15.000012985.3125   19.3826
    7.5000  -37.5000   15.000012555.6289   19.3622
   -7.5000  -30.0000   15.000013565.7920   19.3755
    0.0000  -30.0000   15.000014098.4580   19.3750
    7.5000  -30.0000   15.000013616.9844   19.3533
   -7.5000  -22.5000   15.000014567.9326   19.3652
    0.0000  -22.5000   15.000014993.4004   19.3682
    7.5000  -22.5000   15.000014592.3965   19.3431
   -7.5000  -15.0000   15.000015359.9082   19.3649
    0.0000  -15.0000   15.000015727.5664   19.3697
    7.5000  -15.0000   15.000015394.2783   19.3426
   -7.5000   -7.5000   15.000016196.3799   19.3746
    0.0000   -7.5000   15.000016660.9961   19.3780
    7.5000   -7.5000   15.000016309.6348   19.3533
   -7.5000    0.0000   15.000017020.2266   19.3834
    0.0000    0.0000   15.000017631.9688   19.3837
    7.5000    0.0000   15.000017152.2559   19.3620
   -7.5000    7.5000   15.000016251.3857   19.3840
    0.0000    7.5000   15.000016880.5684   19.3822
    7.5000    7.5000   15.000016308.0195   19.3617
   -7.5000   15.0000   15.000014942.0342   19.3755
    0.0000   15.0000   15.000015594.8867   19.3750
    7.5000   15.0000   15.000014966.4736   19.3533
   -7.5000   22.5000   15.000013693.9443   19.3563
    0.0000   22.5000   15.000014319.4111   19.3593
    7.5000   22.5000   15.000013690.7158   19.3341
   -7.5000   30.0000   15.000012464.8291   19.1143
    0.0000   30.0000   15.000013025.2021   19.1190
    7.5000   30.0000   15.000012424.3506   19.0923
   -7.5000   37.5000   15.000011582.7070   19.1238
    0.0000   37.5000   15.000012092.6797   19.1272
    7.5000   37.5000   15.000011548.1514   19.1028
   -7.5000   45.0000   15.000010294.2578   18.6834
    0.0000   45.0000   15.000010769.1592   18.6837
    7.5000   45.0000   15.000010268.8438   18.6627
   -7.5000  -45.0000   22.500011305.2031   19.4424
    0.0000  -45.0000   22.500011798.2334   19.4360
    7.5000  -45.0000   22.500011377.1074   19.4140
   -7.5000  -37.5000   22.500011881.4863   19.3855
    0.0000  -37.5000   22.500012371.6709   19.3788
    7.5000  -37.5000   22.500011978.5898   19.3603
   -7.5000  -30.0000   22.500012946.6797   19.3742
    0.0000  -30.0000   22.500013424.1914   19.3717
    7.5000  -30.0000   22.500012995.6328   19.3554
   -7.5000  -22.5000   22.500013967.3066   19.3643
    0.0000  -22.5000   22.500014433.1592   19.3651
    7.5000  -22.5000   22.500013975.1348   19.3448
   -7.5000  -15.0000   22.500014785.6240   19.3660
    0.0000  -15.0000   22.500015246.9141   19.3656
    7.5000  -15.0000   22.500014793.2207   19.3409
   -7.5000   -7.5000   22.500015613.0107   19.3775
    0.0000   -7.5000   22.500016149.5576   19.3730
    7.5000   -7.5000   22.500015622.1865   19.3483
   -7.5000    0.0000   22.500016430.2383   19.3866
    0.0000    0.0000   22.500017072.3125   19.3791
    7.5000    0.0000   22.500016398.6191   19.3568
   -7.5000    7.5000   22.500015633.5645   19.3851
    0.0000    7.5000   22.500016252.8076   19.3783
    7.5000    7.5000   22.500015528.2227   19.3597
   -7.5000   15.0000   22.500014327.7822   19.3742
    0.0000   15.0000   22.500014929.5342   19.3717
    7.5000   15.0000   22.500014226.8555   19.3554
   -7.5000   22.5000   22.500013122.5635   19.3554
    0.0000   22.5000   22.500013674.8203   19.3562
    7.5000   22.5000   22.500013023.4180   19.3359
   -7.5000   30.0000   22.500011910.0605   19.1154
    0.0000   30.0000   22.500012429.0771   19.1150
    7.5000   30.0000   22.500011829.1582   19.0906
   -7.5000   37.5000   22.500011032.7617   19.1267
    0.0000   37.5000   22.500011525.8301   19.1223
    7.5000   37.5000   22.500010992.1846   19.0979
   -7.5000   45.0000   22.5000 9807.6016   18.6865
    0.0000   45.0000   22.500010251.7705   18.6793
    7.5000   45.0000   22.5000 9770.0947   18.6577
   -7.5000  -45.0000   30.000010676.7051   19.4737
    0.0000  -45.0000   30.000011195.0732   19.4589
    7.5000  -45.0000   30.000010755.2256   19.4385
   -7.5000  -37.5000   30.000011212.8193   19.4148
    0.0000  -37.5000   30.000011769.6016   19.4001
    7.5000  -37.5000   30.000011284.5439   19.3836
   -7.5000  -30.0000   30.000012190.1104   19.3985
    0.0000  -30.0000   30.000012792.2822   19.3898
    7.5000  -30.0000   30.000012221.3535   19.3777
   -7.5000  -22.5000   30.000013197.9307   19.3851
    0.0000  -22.5000   30.000013838.9023   19.3821
    7.5000  -22.5000   30.000013159.3428   19.3669
   -7.5000  -15.0000   30.000014059.6816   19.3872
    0.0000  -15.0000   30.000014776.6562   19.3834
    7.5000  -15.0000   30.000013965.0996   19.3634
   -7.5000   -7.5000   30.000014860.4932   19.4038
    0.0000   -7.5000   30.000015621.6152   19.3933
    7.5000   -7.5000   30.000014773.1406   19.3720
   -7.5000    0.0000   30.000015534.8018   19.4176
    0.0000    0.0000   30.000016285.1807   19.4018
    7.5000    0.0000   30.000015462.1123   19.3809
   -7.5000    7.5000   30.000014666.0830   19.4144
    0.0000    7.5000   30.000015338.7041   19.3996
    7.5000    7.5000   30.000014577.9854   19.3831
   -7.5000   15.0000   30.000013398.7773   19.3985
    0.0000   15.0000   30.000014040.2607   19.3898
    7.5000   15.0000   30.000013356.2725   19.3777
   -7.5000   22.5000   30.000012267.1641   19.3762
    0.0000   22.5000   30.000012839.9482   19.3732
    7.5000   22.5000   30.000012234.4541   19.3580
   -7.5000   30.0000   30.000011133.2822   19.1363
    0.0000   30.0000   30.000011639.2070   19.1325
    7.5000   30.0000   30.000011118.6855   19.1128
   -7.5000   37.5000   30.000010318.1299   19.1527
    0.0000   37.5000   30.000010782.7148   19.1423
    7.5000   37.5000   30.000010318.7832   19.1213
   -7.5000   45.0000   30.0000 9197.8838   18.7163
    0.0000   45.0000   30.0000 9594.9834   18.7011
    7.5000   45.0000   30.0000 9201.4561   18.6810
   -7.5000  -45.0000   37.500010423.8203   19.6772
    0.0000  -45.0000   37.500010961.2930   19.6610
    7.5000  -45.0000   37.500010447.5986   19.6435
   -7.5000  -37.5000   37.500010963.5059   19.6166
    0.0000  -37.5000   37.500011527.3779   19.5986
    7.5000  -37.5000   37.500010984.9951   19.5837
   -7.5000  -30.0000   37.500011888.1309   19.5971
    0.0000  -30.0000   37.500012465.9326   19.5845
    7.5000  -30.0000   37.500011868.4385   19.5728
   -7.5000  -22.5000   37.500012787.1348   19.5813
    0.0000  -22.5000   37.500013366.9082   19.5759
    7.5000  -22.5000   37.500012751.8359   19.5615
   -7.5000  -15.0000   37.500013548.0820   19.5832
    0.0000  -15.0000   37.500014168.8643   19.5792
    7.5000  -15.0000   37.500013525.6201   19.5617
   -7.5000   -7.5000   37.500014299.9062   19.6031
    0.0000   -7.5000   37.500014991.0195   19.5927
    7.5000   -7.5000   37.500014316.7764   19.5747
   -7.5000    0.0000   37.500014987.3779   19.6203
    0.0000    0.0000   37.500015705.7422   19.6030
    7.5000    0.0000   37.500015016.4951   19.5850
   -7.5000    7.5000   37.500014135.9385   19.6162
    0.0000    7.5000   37.500014801.8457   19.5981
    7.5000    7.5000   37.500014133.9287   19.5832
   -7.5000   15.0000   37.500012972.3584   19.5971
    0.0000   15.0000   37.500013606.7695   19.5845
    7.5000   15.0000   37.500012971.7822   19.5728
   -7.5000   22.5000   37.500011894.5830   19.5723
    0.0000   22.5000   37.500012454.5996   19.5668
    7.5000   22.5000   37.500011885.7002   19.5525
   -7.5000   30.0000   37.500010777.2334   19.3298
    0.0000   30.0000   37.500011296.8320   19.3258
    7.5000   30.0000   37.500010791.0420   19.3086
   -7.5000   37.5000   37.5000 9990.1260   19.3494
    0.0000   37.5000   37.500010474.7930   19.3392
    7.5000   37.5000   37.500010009.3789   19.3214
   -7.5000   45.0000   37.5000 8895.5273   18.9117
    0.0000   45.0000   37.5000 9312.5283   18.8951
    7.5000   45.0000   37.5000 8914.7021   18.8777
   -7.5000  -45.0000   45.0000 9530.8115   19.7770
    0.0000  -45.0000   45.000010054.8750   19.7673
    7.5000  -45.0000   45.0000 9583.3525   19.7514
   -7.5000  -37.5000   45.0000 9998.2266   19.7178
    0.0000  -37.5000   45.000010530.9072   19.7034
    7.5000  -37.5000   45.000010045.3799   19.6879
   -7.5000  -30.0000   45.000010792.3154   19.7010
    0.0000  -30.0000   45.000011354.9404   19.6892
    7.5000  -30.0000   45.000010829.4395   19.6732
   -7.5000  -22.5000   45.000011576.3076   19.6861
    0.0000  -22.5000   45.000012152.2207   19.6815
    7.5000  -22.5000   45.000011631.0850   19.6620
   -7.5000  -15.0000   45.000012295.7266   19.6864
    0.0000  -15.0000   45.000012897.5283   19.6859
    7.5000  -15.0000   45.000012359.1660   19.6656
   -7.5000   -7.5000   45.000013010.0371   19.7039
    0.0000   -7.5000   45.000013654.2178   19.6995
    7.5000   -7.5000   45.000013081.3955   19.6816
   -7.5000    0.0000   45.000013676.9307   19.7197
    0.0000    0.0000   45.000014339.3662   19.7088
    7.5000    0.0000   45.000013758.7617   19.6924
   -7.5000    7.5000   45.000012915.1064   19.7174
    0.0000    7.5000   45.000013556.9512   19.7030
    7.5000    7.5000   45.000012975.9893   19.6874
   -7.5000   15.0000   45.000011923.5508   19.7010
    0.0000   15.0000   45.000012501.5693   19.6892
    7.5000   15.0000   45.000011947.4346   19.6732
   -7.5000   22.5000   45.000010945.9639   19.6770
    0.0000   22.5000   45.000011455.8516   19.6724
    7.5000   22.5000   45.000010956.8662   19.6529
   -7.5000   30.0000   45.0000 9921.8037   19.4300
    0.0000   30.0000   45.000010386.5850   19.4295
    7.5000   30.0000   45.0000 9957.0078   19.4094
   -7.5000   37.5000   45.0000 9209.4395   19.4472
    0.0000   37.5000   45.0000 9613.9043   19.4428
    7.5000   37.5000   45.0000 9248.2217   19.4252
   -7.5000   45.0000   45.0000 8198.5869   19.0161
    0.0000   45.0000   45.0000 8558.7188   19.0056
    7.5000   45.0000   45.0000 8236.1211   18.9898

---------------------------------------------------------------------
imgreg_4dfp /opt/freesurfer/average/711-2C_as_mni_average_305 /opt/freesurfer/average/711-2B_as_mni_average_305_mask talsrcimg_g11 none talsrcimg_to_711-2C_as_mni_average_305_t4 4355
---------------------------------------------------------------------

freesurfer imgreg_4dfp.c
/opt/freesurfer/average/711-2C_as_mni_average_305.4dfp.img
       256       256       256         1
  1.000000  1.000000  1.000000
orientation T byte_order littleendian
Reading image: /opt/freesurfer/average/711-2C_as_mni_average_305.4dfp.img
dimensions:      256       256       256
mmppix:       1.0000   -1.0000   -1.0000
center:     128.0000 -129.0000 -129.0000
/opt/freesurfer/average/711-2B_as_mni_average_305_mask.4dfp.img
       256       256       256         1
  1.000000  1.000000  1.000000
orientation T byte_order littleendian
Reading mask: /opt/freesurfer/average/711-2B_as_mni_average_305_mask.4dfp.img (2306576 pixels)
talsrcimg_g11.4dfp.img
       256       256       256         1
  1.000000  1.000000  1.000000
orientation T byte_order littleendian
Reading image: talsrcimg_g11.4dfp.img
dimensions:      256       256       256
mmppix:       1.0000   -1.0000   -1.0000
center:     128.0000 -129.0000 -129.0000
rotation matrix determinant  1.000000
image alignment mode   4355 decimal     1103 hex
   -7.5000  -45.0000  -45.0000 2133.9753   23.4338
    0.0000  -45.0000  -45.0000 2150.3521   23.2277
    7.5000  -45.0000  -45.0000 2143.5830   23.1771
   -7.5000  -37.5000  -45.0000 2188.4597   22.3697
    0.0000  -37.5000  -45.0000 2199.9187   22.2042
    7.5000  -37.5000  -45.0000 2193.1428   22.0999
   -7.5000  -30.0000  -45.0000 2216.9465   21.3784
    0.0000  -30.0000  -45.0000 2225.1118   21.2073
    7.5000  -30.0000  -45.0000 2218.9812   21.1573
   -7.5000  -22.5000  -45.0000 2233.4880   20.6525
    0.0000  -22.5000  -45.0000 2234.9829   20.4295
    7.5000  -22.5000  -45.0000 2230.6948   20.4237
   -7.5000  -15.0000  -45.0000 2242.7476   20.3964
    0.0000  -15.0000  -45.0000 2242.8279   20.1567
    7.5000  -15.0000  -45.0000 2237.5671   20.1871
   -7.5000   -7.5000  -45.0000 2236.1406   20.6862
    0.0000   -7.5000  -45.0000 2245.8105   20.4645
    7.5000   -7.5000  -45.0000 2240.9731   20.4553
   -7.5000    0.0000  -45.0000 2243.6323   21.2493
    0.0000    0.0000  -45.0000 2256.4792   20.9771
    7.5000    0.0000  -45.0000 2247.9065   20.9657
   -7.5000    7.5000  -45.0000 2225.3257   22.0184
    0.0000    7.5000  -45.0000 2237.3582   21.7333
    7.5000    7.5000  -45.0000 2227.7283   21.7447
   -7.5000   15.0000  -45.0000 2189.1123   23.1284
    0.0000   15.0000  -45.0000 2198.0820   22.8127
    7.5000   15.0000  -45.0000 2190.4788   22.8569
   -7.5000   22.5000  -45.0000 2137.4802   24.6833
    0.0000   22.5000  -45.0000 2144.5076   24.3559
    7.5000   22.5000  -45.0000 2136.1577   24.4868
   -7.5000   30.0000  -45.0000 2063.4194   26.7390
    0.0000   30.0000  -45.0000 2072.1428   26.4170
    7.5000   30.0000  -45.0000 2063.4836   26.6477
   -7.5000   37.5000  -45.0000 1983.8540   29.4863
    0.0000   37.5000  -45.0000 1987.0582   29.1253
    7.5000   37.5000  -45.0000 1979.0580   29.3899
   -7.5000   45.0000  -45.0000 1893.3214   33.2980
    0.0000   45.0000  -45.0000 1895.9419   32.8776
    7.5000   45.0000  -45.0000 1885.6216   33.1103
   -7.5000  -45.0000  -37.5000 2227.6533   21.4070
    0.0000  -45.0000  -37.5000 2247.9788   21.3134
    7.5000  -45.0000  -37.5000 2234.3794   21.2339
   -7.5000  -37.5000  -37.5000 2286.0283   20.3294
    0.0000  -37.5000  -37.5000 2300.5874   20.2545
    7.5000  -37.5000  -37.5000 2292.3394   20.1769
   -7.5000  -30.0000  -37.5000 2318.7153   19.4545
    0.0000  -30.0000  -37.5000 2330.9629   19.3582
    7.5000  -30.0000  -37.5000 2318.5630   19.2931
   -7.5000  -22.5000  -37.5000 2333.1292   18.8060
    0.0000  -22.5000  -37.5000 2349.6658   18.6881
    7.5000  -22.5000  -37.5000 2339.2888   18.6482
   -7.5000  -15.0000  -37.5000 2341.9758   18.6006
    0.0000  -15.0000  -37.5000 2356.8762   18.4804
    7.5000  -15.0000  -37.5000 2345.6670   18.4350
   -7.5000   -7.5000  -37.5000 2330.4697   18.7473
    0.0000   -7.5000  -37.5000 2345.7517   18.6273
    7.5000   -7.5000  -37.5000 2329.2454   18.5301
   -7.5000    0.0000  -37.5000 2323.9287   19.1402
    0.0000    0.0000  -37.5000 2334.8672   18.9324
    7.5000    0.0000  -37.5000 2326.1836   18.9044
   -7.5000    7.5000  -37.5000 2308.7974   19.8166
    0.0000    7.5000  -37.5000 2322.2915   19.6092
    7.5000    7.5000  -37.5000 2313.3789   19.6079
   -7.5000   15.0000  -37.5000 2281.2241   20.9530
    0.0000   15.0000  -37.5000 2295.4419   20.7598
    7.5000   15.0000  -37.5000 2285.1367   20.7626
   -7.5000   22.5000  -37.5000 2236.9978   22.5210
    0.0000   22.5000  -37.5000 2250.5618   22.3414
    7.5000   22.5000  -37.5000 2237.1370   22.3994
   -7.5000   30.0000  -37.5000 2163.9924   24.4983
    0.0000   30.0000  -37.5000 2173.3699   24.2720
    7.5000   30.0000  -37.5000 2161.2766   24.3920
   -7.5000   37.5000  -37.5000 2068.4543   26.9648
    0.0000   37.5000  -37.5000 2076.6145   26.6693
    7.5000   37.5000  -37.5000 2070.3042   26.8768
   -7.5000   45.0000  -37.5000 1964.0096   30.2758
    0.0000   45.0000  -37.5000 1970.6129   29.9148
    7.5000   45.0000  -37.5000 1963.7566   30.1827
   -7.5000  -45.0000  -30.0000 2352.5542   20.3037
    0.0000  -45.0000  -30.0000 2369.8984   20.2543
    7.5000  -45.0000  -30.0000 2361.2312   20.1511
   -7.5000  -37.5000  -30.0000 2417.3313   19.2470
    0.0000  -37.5000  -30.0000 2430.6638   19.1978
    7.5000  -37.5000  -30.0000 2421.6223   19.0989
   -7.5000  -30.0000  -30.0000 2453.3284   18.4422
    0.0000  -30.0000  -30.0000 2465.8955   18.3439
    7.5000  -30.0000  -30.0000 2451.6592   18.2943
   -7.5000  -22.5000  -30.0000 2472.3054   17.8221
    0.0000  -22.5000  -30.0000 2490.3376   17.7220
    7.5000  -22.5000  -30.0000 2471.1809   17.6610
   -7.5000  -15.0000  -30.0000 2487.3093   17.5407
    0.0000  -15.0000  -30.0000 2498.2810   17.4578
    7.5000  -15.0000  -30.0000 2483.1172   17.4306
   -7.5000   -7.5000  -30.0000 2482.7910   17.7032
    0.0000   -7.5000  -30.0000 2494.3635   17.5955
    7.5000   -7.5000  -30.0000 2477.4768   17.5591
   -7.5000    0.0000  -30.0000 2476.8677   18.0924
    0.0000    0.0000  -30.0000 2493.0405   17.9647
    7.5000    0.0000  -30.0000 2485.1418   17.9468
   -7.5000    7.5000  -30.0000 2460.3340   18.7799
    0.0000    7.5000  -30.0000 2477.0569   18.6439
    7.5000    7.5000  -30.0000 2468.8193   18.6253
   -7.5000   15.0000  -30.0000 2428.4758   19.8701
    0.0000   15.0000  -30.0000 2444.7498   19.7215
    7.5000   15.0000  -30.0000 2436.3735   19.7265
   -7.5000   22.5000  -30.0000 2377.3042   21.3989
    0.0000   22.5000  -30.0000 2393.0381   21.2354
    7.5000   22.5000  -30.0000 2380.7546   21.2536
   -7.5000   30.0000  -30.0000 2298.6604   23.3337
    0.0000   30.0000  -30.0000 2312.1313   23.1540
    7.5000   30.0000  -30.0000 2301.5339   23.2000
   -7.5000   37.5000  -30.0000 2195.7458   25.7286
    0.0000   37.5000  -30.0000 2205.8914   25.4998
    7.5000   37.5000  -30.0000 2196.8340   25.6176
   -7.5000   45.0000  -30.0000 2085.9902   28.7973
    0.0000   45.0000  -30.0000 2088.9204   28.4908
    7.5000   45.0000  -30.0000 2081.3376   28.6996
   -7.5000  -45.0000  -22.5000 2447.9146   19.1735
    0.0000  -45.0000  -22.5000 2470.5515   19.1801
    7.5000  -45.0000  -22.5000 2455.1646   18.9945
   -7.5000  -37.5000  -22.5000 2514.6150   18.0826
    0.0000  -37.5000  -22.5000 2535.1616   18.0756
    7.5000  -37.5000  -22.5000 2521.2773   17.9780
   -7.5000  -30.0000  -22.5000 2557.7961   17.3436
    0.0000  -30.0000  -22.5000 2575.4912   17.2679
    7.5000  -30.0000  -22.5000 2559.8491   17.2039
   -7.5000  -22.5000  -22.5000 2586.6965   16.7607
    0.0000  -22.5000  -22.5000 2602.1453   16.6161
    7.5000  -22.5000  -22.5000 2586.1604   16.6112
   -7.5000  -15.0000  -22.5000 2615.1238   16.4877
    0.0000  -15.0000  -22.5000 2621.9468   16.3288
    7.5000  -15.0000  -22.5000 2606.7761   16.3486
   -7.5000   -7.5000  -22.5000 2618.6697   16.6983
    0.0000   -7.5000  -22.5000 2628.6038   16.5122
    7.5000   -7.5000  -22.5000 2614.9038   16.5465
   -7.5000    0.0000  -22.5000 2611.8933   17.1001
    0.0000    0.0000  -22.5000 2632.0422   16.9380
    7.5000    0.0000  -22.5000 2621.0679   16.9656
   -7.5000    7.5000  -22.5000 2594.0498   17.7844
    0.0000    7.5000  -22.5000 2618.9871   17.6520
    7.5000    7.5000  -22.5000 2599.2910   17.6461
   -7.5000   15.0000  -22.5000 2553.5259   18.8377
    0.0000   15.0000  -22.5000 2575.9438   18.7169
    7.5000   15.0000  -22.5000 2558.7510   18.7155
   -7.5000   22.5000  -22.5000 2497.3403   20.3002
    0.0000   22.5000  -22.5000 2514.3701   20.1784
    7.5000   22.5000  -22.5000 2499.2100   20.1995
   -7.5000   30.0000  -22.5000 2414.7930   22.1886
    0.0000   30.0000  -22.5000 2427.3916   22.0372
    7.5000   30.0000  -22.5000 2412.9495   22.0875
   -7.5000   37.5000  -22.5000 2300.7473   24.4643
    0.0000   37.5000  -22.5000 2313.6792   24.2993
    7.5000   37.5000  -22.5000 2299.0803   24.4000
   -7.5000   45.0000  -22.5000 2176.4185   27.3061
    0.0000   45.0000  -22.5000 2181.2908   27.0679
    7.5000   45.0000  -22.5000 2174.9631   27.1970
   -7.5000  -45.0000  -15.0000 2512.7100   18.1710
    0.0000  -45.0000  -15.0000 2539.3201   18.1080
    7.5000  -45.0000  -15.0000 2526.5139   17.9792
   -7.5000  -37.5000  -15.0000 2585.0293   17.0715
    0.0000  -37.5000  -15.0000 2616.0251   16.9844
    7.5000  -37.5000  -15.0000 2601.5322   16.8960
   -7.5000  -30.0000  -15.0000 2633.2075   16.2573
    0.0000  -30.0000  -15.0000 2656.8347   16.1693
    7.5000  -30.0000  -15.0000 2643.6736   16.1355
   -7.5000  -22.5000  -15.0000 2680.5847   15.7550
    0.0000  -22.5000  -15.0000 2694.3083   15.5967
    7.5000  -22.5000  -15.0000 2680.3979   15.6537
   -7.5000  -15.0000  -15.0000 2708.1379   15.4737
    0.0000  -15.0000  -15.0000 2721.2498   15.3092
    7.5000  -15.0000  -15.0000 2708.8787   15.3859
   -7.5000   -7.5000  -15.0000 2720.4031   15.7143
    0.0000   -7.5000  -15.0000 2738.1719   15.5259
    7.5000   -7.5000  -15.0000 2727.0137   15.5704
   -7.5000    0.0000  -15.0000 2710.8723   16.1297
    0.0000    0.0000  -15.0000 2737.3745   15.9572
    7.5000    0.0000  -15.0000 2725.1694   16.0050
   -7.5000    7.5000  -15.0000 2690.7341   16.8670
    0.0000    7.5000  -15.0000 2719.7341   16.6982
    7.5000    7.5000  -15.0000 2702.0798   16.7459
   -7.5000   15.0000  -15.0000 2647.2991   17.8780
    0.0000   15.0000  -15.0000 2672.4507   17.7365
    7.5000   15.0000  -15.0000 2656.8508   17.7656
   -7.5000   22.5000  -15.0000 2579.5303   19.2817
    0.0000   22.5000  -15.0000 2599.3958   19.1564
    7.5000   22.5000  -15.0000 2583.0962   19.1969
   -7.5000   30.0000  -15.0000 2488.6274   21.1155
    0.0000   30.0000  -15.0000 2507.9934   20.9842
    7.5000   30.0000  -15.0000 2486.5208   21.0371
   -7.5000   37.5000  -15.0000 2369.3606   23.3323
    0.0000   37.5000  -15.0000 2387.1631   23.1971
    7.5000   37.5000  -15.0000 2368.1736   23.2371
   -7.5000   45.0000  -15.0000 2242.5886   25.9760
    0.0000   45.0000  -15.0000 2252.8794   25.8319
    7.5000   45.0000  -15.0000 2243.8210   25.8820
   -7.5000  -45.0000   -7.5000 2558.4146   17.2096
    0.0000  -45.0000   -7.5000 2583.3123   17.0041
    7.5000  -45.0000   -7.5000 2576.9397   17.0781
   -7.5000  -37.5000   -7.5000 2637.3611   16.1196
    0.0000  -37.5000   -7.5000 2667.5757   15.9483
    7.5000  -37.5000   -7.5000 2656.9587   15.9628
   -7.5000  -30.0000   -7.5000 2698.1440   15.3052
    0.0000  -30.0000   -7.5000 2726.9504   15.1820
    7.5000  -30.0000   -7.5000 2716.4121   15.1561
   -7.5000  -22.5000   -7.5000 2753.1248   14.8058
    0.0000  -22.5000   -7.5000 2774.4768   14.6706
    7.5000  -22.5000   -7.5000 2761.1147   14.7007
   -7.5000  -15.0000   -7.5000 2781.2939   14.5911
    0.0000  -15.0000   -7.5000 2806.4492   14.4666
    7.5000  -15.0000   -7.5000 2789.1023   14.4864
   -7.5000   -7.5000   -7.5000 2797.7229   14.8183
    0.0000   -7.5000   -7.5000 2822.2949   14.6465
    7.5000   -7.5000   -7.5000 2813.2217   14.7145
   -7.5000    0.0000   -7.5000 2789.6313   15.2448
    0.0000    0.0000   -7.5000 2816.8560   15.0413
    7.5000    0.0000   -7.5000 2805.2148   15.1409
   -7.5000    7.5000   -7.5000 2771.5059   16.0458
    0.0000    7.5000   -7.5000 2794.4729   15.7957
    7.5000    7.5000   -7.5000 2786.1868   15.9243
   -7.5000   15.0000   -7.5000 2719.8406   17.0727
    0.0000   15.0000   -7.5000 2736.4858   16.8375
    7.5000   15.0000   -7.5000 2723.1050   16.9317
   -7.5000   22.5000   -7.5000 2638.7148   18.4209
    0.0000   22.5000   -7.5000 2654.8855   18.2265
    7.5000   22.5000   -7.5000 2639.5178   18.2903
   -7.5000   30.0000   -7.5000 2538.8450   20.1462
    0.0000   30.0000   -7.5000 2557.3677   20.0101
    7.5000   30.0000   -7.5000 2536.6970   20.0306
   -7.5000   37.5000   -7.5000 2419.7739   22.2686
    0.0000   37.5000   -7.5000 2435.8279   22.1628
    7.5000   37.5000   -7.5000 2415.0293   22.1402
   -7.5000   45.0000   -7.5000 2285.6350   24.8191
    0.0000   45.0000   -7.5000 2299.9788   24.6687
    7.5000   45.0000   -7.5000 2282.4792   24.6567
   -7.5000  -45.0000    0.0000 2591.4495   16.4926
    0.0000  -45.0000    0.0000 2609.3372   16.1879
    7.5000  -45.0000    0.0000 2615.6379   16.3965
   -7.5000  -37.5000    0.0000 2675.0217   15.3787
    0.0000  -37.5000    0.0000 2699.7227   15.1002
    7.5000  -37.5000    0.0000 2695.8289   15.2697
   -7.5000  -30.0000    0.0000 2747.5435   14.5997
    0.0000  -30.0000    0.0000 2781.2041   14.3922
    7.5000  -30.0000    0.0000 2763.6621   14.4865
   -7.5000  -22.5000    0.0000 2810.5217   14.1266
    0.0000  -22.5000    0.0000 2843.9907   13.9412
    7.5000  -22.5000    0.0000 2825.2056   14.0364
   -7.5000  -15.0000    0.0000 2849.5056   13.9235
    0.0000  -15.0000    0.0000 2885.5315   13.7666
    7.5000  -15.0000    0.0000 2860.0562   13.8655
   -7.5000   -7.5000    0.0000 2867.9094   14.1369
    0.0000   -7.5000    0.0000 2888.7961   13.9080
    7.5000   -7.5000    0.0000 2880.4312   14.0560
   -7.5000    0.0000    0.0000 2854.8457   14.6052
    0.0000    0.0000    0.0000 2871.5957   14.3222
    7.5000    0.0000    0.0000 2868.1152   14.5246
   -7.5000    7.5000    0.0000 2822.8306   15.4085
    0.0000    7.5000    0.0000 2843.6118   15.1415
    7.5000    7.5000    0.0000 2835.7808   15.3041
   -7.5000   15.0000    0.0000 2765.0708   16.4364
    0.0000   15.0000    0.0000 2781.3169   16.1896
    7.5000   15.0000    0.0000 2772.2671   16.3219
   -7.5000   22.5000    0.0000 2679.2319   17.7783
    0.0000   22.5000    0.0000 2689.9890   17.5542
    7.5000   22.5000    0.0000 2683.8560   17.6655
   -7.5000   30.0000    0.0000 2573.7852   19.4815
    0.0000   30.0000    0.0000 2588.7791   19.2935
    7.5000   30.0000    0.0000 2576.9463   19.3709
   -7.5000   37.5000    0.0000 2448.9644   21.4937
    0.0000   37.5000    0.0000 2460.4126   21.3125
    7.5000   37.5000    0.0000 2450.2222   21.3884
   -7.5000   45.0000    0.0000 2311.8770   23.9311
    0.0000   45.0000    0.0000 2321.1008   23.7399
    7.5000   45.0000    0.0000 2313.4243   23.7798
   -7.5000  -45.0000    7.5000 2608.0959   16.0229
    0.0000  -45.0000    7.5000 2618.6572   15.6175
    7.5000  -45.0000    7.5000 2635.1624   15.9654
   -7.5000  -37.5000    7.5000 2702.5930   14.8955
    0.0000  -37.5000    7.5000 2717.7585   14.5207
    7.5000  -37.5000    7.5000 2725.8794   14.8422
   -7.5000  -30.0000    7.5000 2791.0325   14.1042
    0.0000  -30.0000    7.5000 2809.9065   13.7721
    7.5000  -30.0000    7.5000 2804.1394   14.0374
   -7.5000  -22.5000    7.5000 2864.9600   13.6505
    0.0000  -22.5000    7.5000 2892.9707   13.3541
    7.5000  -22.5000    7.5000 2872.4382   13.6009
   -7.5000  -15.0000    7.5000 2903.5615   13.4388
    0.0000  -15.0000    7.5000 2942.4619   13.0844
    7.5000  -15.0000    7.5000 2912.4526   13.4323
   -7.5000   -7.5000    7.5000 2920.7830   13.6805
    0.0000   -7.5000    7.5000 2938.3677   13.3167
    7.5000   -7.5000    7.5000 2932.9473   13.6300
   -7.5000    0.0000    7.5000 2902.6074   14.2204
    0.0000    0.0000    7.5000 2920.3345   13.9396
    7.5000    0.0000    7.5000 2924.9429   14.1872
   -7.5000    7.5000    7.5000 2861.1282   15.0282
    0.0000    7.5000    7.5000 2878.8096   14.7495
    7.5000    7.5000    7.5000 2885.2419   14.9686
   -7.5000   15.0000    7.5000 2792.7117   16.0392
    0.0000   15.0000    7.5000 2808.3538   15.7878
    7.5000   15.0000    7.5000 2808.5547   15.9962
   -7.5000   22.5000    7.5000 2697.9023   17.3375
    0.0000   22.5000    7.5000 2716.3435   17.1182
    7.5000   22.5000    7.5000 2708.2490   17.2927
   -7.5000   30.0000    7.5000 2589.7107   18.9517
    0.0000   30.0000    7.5000 2609.3613   18.7766
    7.5000   30.0000    7.5000 2595.7805   18.9210
   -7.5000   37.5000    7.5000 2467.6575   20.8961
    0.0000   37.5000    7.5000 2483.6853   20.7759
    7.5000   37.5000    7.5000 2471.5034   20.8742
   -7.5000   45.0000    7.5000 2326.3447   23.2771
    0.0000   45.0000    7.5000 2341.9441   23.1595
    7.5000   45.0000    7.5000 2328.6626   23.2302
   -7.5000  -45.0000   15.0000 2606.9424   15.9288
    0.0000  -45.0000   15.0000 2622.8381   15.4702
    7.5000  -45.0000   15.0000 2631.5005   15.7747
   -7.5000  -37.5000   15.0000 2702.2322   14.7848
    0.0000  -37.5000   15.0000 2715.7048   14.3176
    7.5000  -37.5000   15.0000 2723.9111   14.6383
   -7.5000  -30.0000   15.0000 2789.3513   13.9540
    0.0000  -30.0000   15.0000 2799.2957   13.4954
    7.5000  -30.0000   15.0000 2803.6062   13.8199
   -7.5000  -22.5000   15.0000 2863.8257   13.3896
    0.0000  -22.5000   15.0000 2877.7800   12.9816
    7.5000  -22.5000   15.0000 2876.5938   13.3266
   -7.5000  -15.0000   15.0000 2909.9905   13.1396
    0.0000  -15.0000   15.0000 2937.2900   12.6887
    7.5000  -15.0000   15.0000 2920.5356   13.1570
   -7.5000   -7.5000   15.0000 2931.0645   13.4146
    0.0000   -7.5000   15.0000 2956.9277   13.0335
    7.5000   -7.5000   15.0000 2954.2019   13.4533
   -7.5000    0.0000   15.0000 2920.8389   14.0647
    0.0000    0.0000   15.0000 2947.8213   13.7856
    7.5000    0.0000   15.0000 2947.2964   14.0874
   -7.5000    7.5000   15.0000 2874.7183   14.9276
    0.0000    7.5000   15.0000 2900.4529   14.6604
    7.5000    7.5000   15.0000 2896.3162   14.8754
   -7.5000   15.0000   15.0000 2800.3174   15.9224
    0.0000   15.0000   15.0000 2815.8750   15.6577
    7.5000   15.0000   15.0000 2812.0933   15.8344
   -7.5000   22.5000   15.0000 2702.6646   17.1745
    0.0000   22.5000   15.0000 2715.4509   16.9373
    7.5000   22.5000   15.0000 2708.2727   17.0976
   -7.5000   30.0000   15.0000 2598.1704   18.7968
    0.0000   30.0000   15.0000 2609.5144   18.5823
    7.5000   30.0000   15.0000 2597.0020   18.7074
   -7.5000   37.5000   15.0000 2475.4402   20.7507
    0.0000   37.5000   15.0000 2484.8066   20.5636
    7.5000   37.5000   15.0000 2476.8462   20.6602
   -7.5000   45.0000   15.0000 2333.0112   23.1278
    0.0000   45.0000   15.0000 2348.9028   22.9288
    7.5000   45.0000   15.0000 2333.2224   22.9930
   -7.5000  -45.0000   22.5000 2596.9124   16.0773
    0.0000  -45.0000   22.5000 2616.6975   15.6306
    7.5000  -45.0000   22.5000 2619.8691   15.8988
   -7.5000  -37.5000   22.5000 2693.2366   14.9629
    0.0000  -37.5000   22.5000 2704.2078   14.4869
    7.5000  -37.5000   22.5000 2717.2434   14.8078
   -7.5000  -30.0000   22.5000 2783.5569   14.1703
    0.0000  -30.0000   22.5000 2781.5808   13.6545
    7.5000  -30.0000   22.5000 2798.7993   13.9924
   -7.5000  -22.5000   22.5000 2857.0286   13.6403
    0.0000  -22.5000   22.5000 2863.2542   13.1334
    7.5000  -22.5000   22.5000 2877.4209   13.5031
   -7.5000  -15.0000   22.5000 2904.3906   13.3926
    0.0000  -15.0000   22.5000 2938.2659   13.0444
    7.5000  -15.0000   22.5000 2921.4805   13.3263
   -7.5000   -7.5000   22.5000 2920.8672   13.5728
    0.0000   -7.5000   22.5000 2971.3206   13.3274
    7.5000   -7.5000   22.5000 2943.0781   13.5844
   -7.5000    0.0000   22.5000 2907.8596   14.2023
    0.0000    0.0000   22.5000 2949.8826   14.0158
    7.5000    0.0000   22.5000 2927.4944   14.1574
   -7.5000    7.5000   22.5000 2857.9241   15.0361
    0.0000    7.5000   22.5000 2884.7935   14.8264
    7.5000    7.5000   22.5000 2872.0818   14.9293
   -7.5000   15.0000   22.5000 2784.8479   16.0459
    0.0000   15.0000   22.5000 2799.7627   15.8086
    7.5000   15.0000   22.5000 2790.3376   15.9067
   -7.5000   22.5000   22.5000 2695.9194   17.3203
    0.0000   22.5000   22.5000 2706.1038   17.0778
    7.5000   22.5000   22.5000 2693.3547   17.1515
   -7.5000   30.0000   22.5000 2587.0442   18.9326
    0.0000   30.0000   22.5000 2602.9912   18.7303
    7.5000   30.0000   22.5000 2584.5864   18.7645
   -7.5000   37.5000   22.5000 2460.1304   20.8863
    0.0000   37.5000   22.5000 2476.6553   20.7205
    7.5000   37.5000   22.5000 2463.0122   20.7060
   -7.5000   45.0000   22.5000 2317.0344   23.1781
    0.0000   45.0000   22.5000 2336.4253   23.0325
    7.5000   45.0000   22.5000 2316.4983   22.9895
   -7.5000  -45.0000   30.0000 2581.3875   16.5490
    0.0000  -45.0000   30.0000 2604.8508   16.1152
    7.5000  -45.0000   30.0000 2607.8206   16.3478
   -7.5000  -37.5000   30.0000 2668.8342   15.4431
    0.0000  -37.5000   30.0000 2698.4309   15.0523
    7.5000  -37.5000   30.0000 2699.1372   15.2398
   -7.5000  -30.0000   30.0000 2758.7441   14.6763
    0.0000  -30.0000   30.0000 2780.1853   14.2729
    7.5000  -30.0000   30.0000 2778.0715   14.4429
   -7.5000  -22.5000   30.0000 2836.3333   14.1881
    0.0000  -22.5000   30.0000 2857.0718   13.7864
    7.5000  -22.5000   30.0000 2845.2866   13.9670
   -7.5000  -15.0000   30.0000 2876.0232   13.9880
    0.0000  -15.0000   30.0000 2902.2620   13.6913
    7.5000  -15.0000   30.0000 2881.2078   13.8192
   -7.5000   -7.5000   30.0000 2886.0466   14.1822
    0.0000   -7.5000   30.0000 2924.3342   13.9503
    7.5000   -7.5000   30.0000 2900.9270   14.0433
   -7.5000    0.0000   30.0000 2864.5542   14.6479
    0.0000    0.0000   30.0000 2896.7512   14.4521
    7.5000    0.0000   30.0000 2880.9436   14.5165
   -7.5000    7.5000   30.0000 2815.7559   15.3921
    0.0000    7.5000   30.0000 2845.7498   15.1989
    7.5000    7.5000   30.0000 2831.6033   15.2476
   -7.5000   15.0000   30.0000 2747.3184   16.3802
    0.0000   15.0000   30.0000 2770.9792   16.1639
    7.5000   15.0000   30.0000 2760.2971   16.2068
   -7.5000   22.5000   30.0000 2664.2483   17.6195
    0.0000   22.5000   30.0000 2680.1921   17.3849
    7.5000   22.5000   30.0000 2669.9722   17.4130
   -7.5000   30.0000   30.0000 2558.3921   19.1743
    0.0000   30.0000   30.0000 2572.9521   18.9703
    7.5000   30.0000   30.0000 2561.7961   18.9955
   -7.5000   37.5000   30.0000 2431.3618   21.1436
    0.0000   37.5000   30.0000 2449.7905   20.9544
    7.5000   37.5000   30.0000 2436.2068   21.0089
   -7.5000   45.0000   30.0000 2293.9866   23.5255
    0.0000   45.0000   30.0000 2311.0933   23.3237
    7.5000   45.0000   30.0000 2298.6760   23.4026
   -7.5000  -45.0000   37.5000 2558.5337   17.3623
    0.0000  -45.0000   37.5000 2595.7097   17.0764
    7.5000  -45.0000   37.5000 2578.7185   17.1776
   -7.5000  -37.5000   37.5000 2652.5127   16.2999
    0.0000  -37.5000   37.5000 2688.3899   15.9997
    7.5000  -37.5000   37.5000 2671.0586   16.0841
   -7.5000  -30.0000   37.5000 2728.0256   15.5121
    0.0000  -30.0000   37.5000 2753.7295   15.1697
    7.5000  -30.0000   37.5000 2742.0244   15.2480
   -7.5000  -22.5000   37.5000 2792.8267   14.9635
    0.0000  -22.5000   37.5000 2812.2820   14.6201
    7.5000  -22.5000   37.5000 2800.9807   14.7332
   -7.5000  -15.0000   37.5000 2819.3062   14.7199
    0.0000  -15.0000   37.5000 2838.7083   14.4324
    7.5000  -15.0000   37.5000 2829.3931   14.5610
   -7.5000   -7.5000   37.5000 2821.5168   14.8560
    0.0000   -7.5000   37.5000 2856.3201   14.5782
    7.5000   -7.5000   37.5000 2839.5544   14.7269
   -7.5000    0.0000   37.5000 2799.4790   15.3291
    0.0000    0.0000   37.5000 2828.7273   15.0793
    7.5000    0.0000   37.5000 2818.5847   15.2069
   -7.5000    7.5000   37.5000 2754.8770   16.0473
    0.0000    7.5000   37.5000 2781.3989   15.8241
    7.5000    7.5000   37.5000 2777.7864   15.9236
   -7.5000   15.0000   37.5000 2694.1160   16.9824
    0.0000   15.0000   37.5000 2719.7495   16.7676
    7.5000   15.0000   37.5000 2709.7195   16.8303
   -7.5000   22.5000   37.5000 2616.9207   18.1680
    0.0000   22.5000   37.5000 2635.4517   17.9624
    7.5000   22.5000   37.5000 2623.8403   18.0070
   -7.5000   30.0000   37.5000 2512.8552   19.7374
    0.0000   30.0000   37.5000 2530.6453   19.5346
    7.5000   30.0000   37.5000 2517.4839   19.5484
   -7.5000   37.5000   37.5000 2392.0845   21.7185
    0.0000   37.5000   37.5000 2406.8381   21.5392
    7.5000   37.5000   37.5000 2395.4641   21.5331
   -7.5000   45.0000   37.5000 2261.2559   24.1560
    0.0000   45.0000   37.5000 2266.7087   23.9330
    7.5000   45.0000   37.5000 2261.9934   23.9656
   -7.5000  -45.0000   45.0000 2523.9966   18.4641
    0.0000  -45.0000   45.0000 2563.3152   18.2023
    7.5000  -45.0000   45.0000 2542.7100   18.2272
   -7.5000  -37.5000   45.0000 2604.8655   17.3021
    0.0000  -37.5000   45.0000 2640.4680   17.0087
    7.5000  -37.5000   45.0000 2624.3042   17.0556
   -7.5000  -30.0000   45.0000 2670.8171   16.4604
    0.0000  -30.0000   45.0000 2701.1370   16.1234
    7.5000  -30.0000   45.0000 2686.1826   16.1937
   -7.5000  -22.5000   45.0000 2717.6792   15.8539
    0.0000  -22.5000   45.0000 2739.4521   15.5771
    7.5000  -22.5000   45.0000 2731.2126   15.6504
   -7.5000  -15.0000   45.0000 2742.9612   15.6124
    0.0000  -15.0000   45.0000 2760.5728   15.3692
    7.5000  -15.0000   45.0000 2756.6113   15.4558
   -7.5000   -7.5000   45.0000 2745.7988   15.6660
    0.0000   -7.5000   45.0000 2775.9639   15.4571
    7.5000   -7.5000   45.0000 2767.3503   15.5536
   -7.5000    0.0000   45.0000 2730.1157   16.1349
    0.0000    0.0000   45.0000 2756.3889   15.9412
    7.5000    0.0000   45.0000 2749.3391   16.0279
   -7.5000    7.5000   45.0000 2686.2415   16.8810
    0.0000    7.5000   45.0000 2713.2542   16.6740
    7.5000    7.5000   45.0000 2707.6228   16.7319
   -7.5000   15.0000   45.0000 2635.3359   17.8707
    0.0000   15.0000   45.0000 2653.7744   17.6359
    7.5000   15.0000   45.0000 2644.3257   17.6725
   -7.5000   22.5000   45.0000 2554.1833   19.0250
    0.0000   22.5000   45.0000 2569.0098   18.8430
    7.5000   22.5000   45.0000 2558.6907   18.8435
   -7.5000   30.0000   45.0000 2451.9482   20.5404
    0.0000   30.0000   45.0000 2468.1882   20.3725
    7.5000   30.0000   45.0000 2456.0237   20.3951
   -7.5000   37.5000   45.0000 2338.0918   22.5514
    0.0000   37.5000   45.0000 2345.0496   22.3599
    7.5000   37.5000   45.0000 2340.9741   22.4207
   -7.5000   45.0000   45.0000 2210.7861   25.0589
    0.0000   45.0000   45.0000 2215.4141   24.8410
    7.5000   45.0000   45.0000 2213.1577   24.9107

---------------------------------------------------------------------
imgreg_4dfp /opt/freesurfer/average/711-2C_as_mni_average_305 /opt/freesurfer/average/711-2B_as_mni_average_305_mask talsrcimg_g11 none talsrcimg_to_711-2C_as_mni_average_305_t4 1283
---------------------------------------------------------------------

freesurfer imgreg_4dfp.c
/opt/freesurfer/average/711-2C_as_mni_average_305.4dfp.img
       256       256       256         1
  1.000000  1.000000  1.000000
orientation T byte_order littleendian
Reading image: /opt/freesurfer/average/711-2C_as_mni_average_305.4dfp.img
dimensions:      256       256       256
mmppix:       1.0000   -1.0000   -1.0000
center:     128.0000 -129.0000 -129.0000
/opt/freesurfer/average/711-2B_as_mni_average_305_mask.4dfp.img
       256       256       256         1
  1.000000  1.000000  1.000000
orientation T byte_order littleendian
Reading mask: /opt/freesurfer/average/711-2B_as_mni_average_305_mask.4dfp.img (2306576 pixels)
talsrcimg_g11.4dfp.img
       256       256       256         1
  1.000000  1.000000  1.000000
orientation T byte_order littleendian
Reading image: talsrcimg_g11.4dfp.img
dimensions:      256       256       256
mmppix:       1.0000   -1.0000   -1.0000
center:     128.0000 -129.0000 -129.0000
rotation matrix determinant  1.000000
fimgreg.f
image alignment mode   1283 decimal      503 hex
parameters
    0.0000   -7.5000   22.5000    0.0000    0.0000    0.0000
eta,q 0.93359 13.36020
niter,ni,del,rscale     5    3   12.0000    1.2000
parameter  3  1.175480 ->  0.500000 qaram    1.1500
parameter  4 -0.661163 -> -0.500000 qaram    1.1500
parameters
    1.4169   -5.8454   19.0500    3.4500    0.3811   -1.8971
eta,q 0.93912 13.44737
  0.0828  0.0758  0.0647  0.0688  0.0689  0.0634
  0.0748  0.0709  0.0631  0.0667  0.0663  0.0620
  0.0693  0.0697  0.0650  0.0657  0.0631  0.0609
  0.0694  0.0688  0.0678  0.0637  0.0612  0.0612
  0.0691  0.0675  0.0714  0.0614  0.0620  0.0634
  0.0686  0.0679  0.0752  0.0613  0.0649  0.0664
  0.0732  0.0704  0.0771  0.0632  0.0676  0.0691
niter,ni,del,rscale     6    3   12.0000    1.2000
parameters
    1.5104   -7.1506   19.5133    3.6208    0.6395   -2.6473
eta,q 0.93912 13.35543
  0.0715  0.0657  0.0750  0.0655  0.0679  0.0642
  0.0691  0.0641  0.0717  0.0645  0.0655  0.0628
  0.0661  0.0619  0.0654  0.0624  0.0628  0.0614
  0.0609  0.0608  0.0612  0.0610  0.0610  0.0609
  0.0631  0.0629  0.0632  0.0615  0.0614  0.0620
  0.0692  0.0685  0.0680  0.0633  0.0641  0.0641
  0.0716  0.0747  0.0732  0.0659  0.0675  0.0666
niter,ni,del,rscale     5    3   12.0000    1.2000
parameters
    1.2819   -7.7824   19.7864    4.5335    0.8141   -2.7374
eta,q 0.93873 13.34007
  0.0701  0.0667  0.0752  0.0656  0.0677  0.0651
  0.0681  0.0646  0.0710  0.0646  0.0653  0.0638
  0.0655  0.0627  0.0648  0.0629  0.0629  0.0622
  0.0609  0.0612  0.0615  0.0615  0.0613  0.0613
  0.0632  0.0617  0.0640  0.0615  0.0616  0.0618
  0.0694  0.0656  0.0687  0.0626  0.0642  0.0635
  0.0721  0.0716  0.0740  0.0646  0.0677  0.0658
niter,ni,del,rscale     4    3   12.0000    1.2000
parameters
    1.0094   -8.3193   20.0526    5.4687    1.0020   -2.7225
eta,q 0.93833 13.32460
  0.0702  0.0673  0.0751  0.0655  0.0675  0.0653
  0.0680  0.0647  0.0706  0.0649  0.0653  0.0641
  0.0659  0.0630  0.0648  0.0631  0.0633  0.0627
  0.0613  0.0617  0.0620  0.0619  0.0618  0.0617
  0.0631  0.0621  0.0640  0.0618  0.0618  0.0620
  0.0694  0.0655  0.0682  0.0628  0.0643  0.0636
  0.0726  0.0712  0.0741  0.0647  0.0676  0.0658
niter,ni,del,rscale     3    3   12.0000    1.2000
parameters
    0.7662   -8.8044   20.2647    6.2585    1.1487   -2.8192
eta,q 0.93812 13.30268
  0.0703  0.0680  0.0744  0.0659  0.0671  0.0653
  0.0678  0.0646  0.0695  0.0651  0.0651  0.0641
  0.0661  0.0629  0.0645  0.0633  0.0634  0.0628
  0.0617  0.0621  0.0621  0.0620  0.0619  0.0619
  0.0628  0.0627  0.0637  0.0620  0.0620  0.0621
  0.0689  0.0658  0.0674  0.0631  0.0643  0.0638
  0.0728  0.0710  0.0739  0.0653  0.0674  0.0661
niter,ni,del,rscale     2    3   12.0000    1.2000
parameters
    0.6102   -9.1985   20.4581    6.8867    1.2326   -2.9761
eta,q 0.93799 13.28258
  0.0702  0.0688  0.0739  0.0664  0.0666  0.0652
  0.0674  0.0648  0.0685  0.0652  0.0649  0.0640
  0.0660  0.0626  0.0640  0.0633  0.0634  0.0629
  0.0619  0.0622  0.0621  0.0621  0.0620  0.0620
  0.0622  0.0632  0.0634  0.0622  0.0620  0.0622
  0.0679  0.0661  0.0667  0.0634  0.0642  0.0638
  0.0725  0.0709  0.0733  0.0658  0.0671  0.0662
niter,ni,del,rscale     1    3   12.0000    1.2000
parameters
    0.5312   -9.5133   20.6356    7.3061    1.3107   -3.1060
eta,q 0.93803 13.26831
  0.0700  0.0696  0.0738  0.0667  0.0663  0.0652
  0.0670  0.0650  0.0677  0.0650  0.0646  0.0639
  0.0658  0.0625  0.0636  0.0632  0.0632  0.0628
  0.0620  0.0622  0.0621  0.0620  0.0620  0.0619
  0.0618  0.0635  0.0632  0.0622  0.0619  0.0620
  0.0670  0.0665  0.0665  0.0637  0.0640  0.0637
  0.0720  0.0709  0.0730  0.0663  0.0668  0.0661
registration optimization eta report
parameter search radius
    6.0000    6.0000    6.9000    6.9000    6.0000    6.0000
100000*second partial in parameter space
       24.       23.       24.        9.       13.       10.
  0.0700  0.0696  0.0738  0.0667  0.0663  0.0652
  0.0670  0.0650  0.0677  0.0650  0.0646  0.0639
  0.0658  0.0625  0.0636  0.0632  0.0632  0.0628
  0.0620  0.0622  0.0621  0.0620  0.0620  0.0619
  0.0618  0.0635  0.0632  0.0622  0.0619  0.0620
  0.0670  0.0665  0.0665  0.0637  0.0640  0.0637
  0.0720  0.0709  0.0730  0.0663  0.0668  0.0661
    0.5312   -9.5133   20.6356    7.3061    1.3107   -3.1060
eta,q 0.93803 13.26831

---------------------------------------------------------------------
imgreg_4dfp /opt/freesurfer/average/711-2C_as_mni_average_305 /opt/freesurfer/average/711-2B_as_mni_average_305_mask talsrcimg_g11 none talsrcimg_to_711-2C_as_mni_average_305_t4 3335
---------------------------------------------------------------------

freesurfer imgreg_4dfp.c
/opt/freesurfer/average/711-2C_as_mni_average_305.4dfp.img
       256       256       256         1
  1.000000  1.000000  1.000000
orientation T byte_order littleendian
Reading image: /opt/freesurfer/average/711-2C_as_mni_average_305.4dfp.img
dimensions:      256       256       256
mmppix:       1.0000   -1.0000   -1.0000
center:     128.0000 -129.0000 -129.0000
/opt/freesurfer/average/711-2B_as_mni_average_305_mask.4dfp.img
       256       256       256         1
  1.000000  1.000000  1.000000
orientation T byte_order littleendian
Reading mask: /opt/freesurfer/average/711-2B_as_mni_average_305_mask.4dfp.img (2306576 pixels)
talsrcimg_g11.4dfp.img
       256       256       256         1
  1.000000  1.000000  1.000000
orientation T byte_order littleendian
Reading image: talsrcimg_g11.4dfp.img
dimensions:      256       256       256
mmppix:       1.0000   -1.0000   -1.0000
center:     128.0000 -129.0000 -129.0000
fimgreg.f
image alignment mode   3335 decimal      D07 hex
parameters
    0.5312   -9.5133   20.6356   -0.1730   -0.9418   -0.8379
    5.0840   -2.9546   -5.4170  -12.5753    2.2874   12.7136
eta,q 0.93763 13.26926
niter,ni,del,rscale     5    3    5.0000    1.2000
parameter  4  5.857719 ->  0.500000 qaram    1.1500
parameter  5  1.357800 ->  0.500000 qaram    1.1500
parameter  6  0.867449 ->  0.500000 qaram    1.1500
parameter 10 -0.878059 -> -0.500000 qaram    1.1500
parameters
    0.6882  -10.2397   21.7603   -4.3130   -5.0818   -4.9779
    3.5581   -0.1090   -8.1260   -8.4353    2.2077   13.0139
eta,q 0.95418 13.11419
  0.0645  0.0629  0.0633  0.0513  0.0509  0.0486  0.0497  0.0563  0.0479  0.0526  0.0473  0.0479
  0.0635  0.0625  0.0628  0.0537  0.0517  0.0482  0.0486  0.0533  0.0475  0.0508  0.0464  0.0470
  0.0628  0.0623  0.0624  0.0576  0.0529  0.0490  0.0481  0.0502  0.0474  0.0490  0.0460  0.0463
  0.0624  0.0623  0.0623  0.0622  0.0547  0.0519  0.0482  0.0481  0.0476  0.0474  0.0459  0.0459
  0.0625  0.0628  0.0622  0.0672  0.0570  0.0553  0.0489  0.0476  0.0480  0.0463  0.0460  0.0458
  0.0631  0.0635  0.0621  0.0722  0.0598  0.0595  0.0501  0.0480  0.0487  0.0458  0.0465  0.0465
  0.0641  0.0644  0.0622  0.0754  0.0629  0.0643  0.0517  0.0494  0.0497  0.0462  0.0473  0.0479
niter,ni,del,rscale     7    3    5.0000    1.2000
parameter  2  0.628040 ->  0.500000 qaram    1.1500
parameter  3  1.278687 ->  0.500000 qaram    1.1500
parameter  4  0.618001 ->  0.500000 qaram    1.3225
parameter  5  0.723409 ->  0.500000 qaram    1.3225
parameter  6  0.603505 ->  0.500000 qaram    1.3225
parameter 11  0.511280 ->  0.500000 qaram    1.1500
parameters
    0.5527  -11.6197   20.3803   -9.0740   -9.8428   -9.7389
    4.3182   -2.8126   -9.5944   -6.3847   -1.9323   13.6987
eta,q 0.96138 12.69147
  0.0484  0.0455  0.0429  0.0421  0.0402  0.0389  0.0416  0.0400  0.0397  0.0424  0.0388  0.0395
  0.0469  0.0453  0.0434  0.0417  0.0400  0.0395  0.0406  0.0393  0.0393  0.0410  0.0387  0.0392
  0.0460  0.0454  0.0442  0.0420  0.0404  0.0396  0.0399  0.0392  0.0391  0.0399  0.0387  0.0389
  0.0458  0.0458  0.0453  0.0436  0.0417  0.0400  0.0395  0.0395  0.0392  0.0391  0.0388  0.0387
  0.0462  0.0466  0.0468  0.0477  0.0434  0.0416  0.0396  0.0402  0.0394  0.0388  0.0390  0.0386
  0.0473  0.0476  0.0487  0.0538  0.0456  0.0457  0.0401  0.0412  0.0398  0.0392  0.0392  0.0388
  0.0491  0.0489  0.0508  0.0602  0.0491  0.0495  0.0409  0.0425  0.0404  0.0404  0.0395  0.0394
niter,ni,del,rscale     7    3    5.0000    1.2000
parameter  3  3.451788 ->  0.500000 qaram    1.3225
parameter  6  0.582558 ->  0.500000 qaram    1.5209
parameter 10  0.863826 ->  0.500000 qaram    1.3225
parameter 11 -0.551496 -> -0.500000 qaram    1.3225
parameter 12  0.902224 ->  0.500000 qaram    1.1500
parameters
    0.7410  -12.5061   18.7933  -11.7904  -12.2916  -15.2140
    4.6990   -2.2357   -8.3428  -11.1457    2.8287    9.5587
eta,q 0.96838 12.41586
  0.0411  0.0393  0.0332  0.0376  0.0374  0.0341  0.0359  0.0366  0.0350  0.0325  0.0348  0.0316
  0.0399  0.0386  0.0347  0.0365  0.0361  0.0338  0.0348  0.0351  0.0344  0.0325  0.0339  0.0316
  0.0391  0.0383  0.0364  0.0355  0.0353  0.0341  0.0341  0.0342  0.0340  0.0330  0.0332  0.0318
  0.0386  0.0386  0.0383  0.0352  0.0354  0.0352  0.0338  0.0338  0.0338  0.0338  0.0326  0.0322
  0.0387  0.0393  0.0405  0.0366  0.0367  0.0370  0.0340  0.0340  0.0338  0.0350  0.0322  0.0328
  0.0393  0.0403  0.0428  0.0409  0.0387  0.0416  0.0345  0.0346  0.0340  0.0366  0.0322  0.0335
  0.0406  0.0416  0.0453  0.0455  0.0413  0.0460  0.0355  0.0358  0.0344  0.0386  0.0325  0.0343
niter,ni,del,rscale     7    3    5.0000    1.2000
parameter  2  0.618920 ->  0.500000 qaram    1.3225
parameter  3  1.465156 ->  0.500000 qaram    1.5209
parameters
    0.7968  -14.0931   16.9682   -8.5321  -11.7507  -16.2115
    4.6943   -2.4896   -8.0362  -12.3578    2.6773   10.9955
eta,q 0.97434 12.50514
  0.0340  0.0312  0.0258  0.0319  0.0308  0.0312  0.0284  0.0293  0.0278  0.0290  0.0280  0.0282
  0.0327  0.0308  0.0267  0.0302  0.0288  0.0291  0.0270  0.0272  0.0268  0.0271  0.0268  0.0272
  0.0319  0.0309  0.0284  0.0286  0.0271  0.0270  0.0261  0.0261  0.0261  0.0260  0.0260  0.0263
  0.0316  0.0316  0.0308  0.0271  0.0258  0.0257  0.0258  0.0258  0.0258  0.0258  0.0258  0.0258
  0.0318  0.0328  0.0339  0.0259  0.0258  0.0270  0.0261  0.0264  0.0260  0.0266  0.0261  0.0257
  0.0326  0.0343  0.0376  0.0260  0.0276  0.0297  0.0270  0.0277  0.0265  0.0285  0.0269  0.0261
  0.0338  0.0362  0.0412  0.0286  0.0304  0.0347  0.0284  0.0296  0.0275  0.0312  0.0281  0.0271
niter,ni,del,rscale     7    3    5.0000    1.2000
parameter  3  0.633725 ->  0.500000 qaram    1.7490
parameters
    0.7866  -14.2046   14.8694   -8.6891  -10.1817  -16.6446
    4.5001   -2.1413   -7.9279  -11.8090    3.4637   10.6459
eta,q 0.97607 12.52768
  0.0286  0.0293  0.0245  0.0291  0.0301  0.0299  0.0265  0.0282  0.0259  0.0290  0.0261  0.0255
  0.0271  0.0273  0.0241  0.0274  0.0278  0.0276  0.0251  0.0256  0.0249  0.0265  0.0250  0.0247
  0.0260  0.0260  0.0244  0.0257  0.0257  0.0255  0.0242  0.0243  0.0242  0.0248  0.0242  0.0241
  0.0257  0.0257  0.0257  0.0241  0.0242  0.0238  0.0240  0.0240  0.0240  0.0240  0.0239  0.0239
  0.0260  0.0262  0.0280  0.0237  0.0238  0.0228  0.0243  0.0244  0.0242  0.0242  0.0240  0.0241
  0.0270  0.0276  0.0313  0.0263  0.0252  0.0255  0.0253  0.0254  0.0248  0.0257  0.0245  0.0247
  0.0288  0.0298  0.0355  0.0311  0.0277  0.0343  0.0268  0.0272  0.0258  0.0281  0.0255  0.0259
niter,ni,del,rscale     7    3    5.0000    1.2000
parameters
    0.7924  -13.8985   13.9726   -8.6316   -9.5490  -16.8399
    4.3601   -1.9949   -8.0215  -11.1371    3.7554    9.5103
eta,q 0.97630 12.52205
  0.0267  0.0289  0.0264  0.0288  0.0294  0.0297  0.0263  0.0277  0.0256  0.0291  0.0256  0.0249
  0.0252  0.0264  0.0248  0.0271  0.0271  0.0274  0.0249  0.0252  0.0246  0.0264  0.0245  0.0242
  0.0243  0.0247  0.0239  0.0254  0.0251  0.0253  0.0241  0.0240  0.0240  0.0246  0.0239  0.0238
  0.0239  0.0239  0.0239  0.0238  0.0238  0.0237  0.0238  0.0238  0.0238  0.0238  0.0237  0.0237
  0.0242  0.0241  0.0248  0.0232  0.0240  0.0222  0.0241  0.0242  0.0240  0.0240  0.0239  0.0240
  0.0251  0.0253  0.0271  0.0255  0.0260  0.0243  0.0251  0.0253  0.0247  0.0255  0.0244  0.0247
  0.0268  0.0274  0.0307  0.0304  0.0284  0.0337  0.0266  0.0270  0.0257  0.0279  0.0253  0.0259
niter,ni,del,rscale     6    3    5.0000    1.2000
parameters
    0.8121  -13.6306   13.6902   -8.5795   -9.2791  -16.6772
    4.3514   -1.9212   -8.0635  -10.6566    3.7818    8.8055
eta,q 0.97649 12.52831
  0.0265  0.0287  0.0272  0.0287  0.0291  0.0297  0.0263  0.0274  0.0255  0.0288  0.0253  0.0249
  0.0250  0.0262  0.0252  0.0269  0.0268  0.0274  0.0248  0.0249  0.0244  0.0261  0.0243  0.0241
  0.0241  0.0245  0.0240  0.0252  0.0248  0.0253  0.0239  0.0238  0.0238  0.0243  0.0237  0.0236
  0.0237  0.0237  0.0237  0.0237  0.0236  0.0236  0.0235  0.0235  0.0236  0.0235  0.0235  0.0235
  0.0239  0.0239  0.0242  0.0231  0.0242  0.0220  0.0239  0.0240  0.0238  0.0239  0.0237  0.0238
  0.0249  0.0252  0.0257  0.0254  0.0263  0.0236  0.0248  0.0252  0.0245  0.0254  0.0243  0.0244
  0.0265  0.0273  0.0286  0.0303  0.0288  0.0326  0.0263  0.0269  0.0255  0.0279  0.0253  0.0255
niter,ni,del,rscale     5    3    5.0000    1.2000
parameters
    0.8176  -13.4955   13.5598   -8.5702   -9.1838  -16.5850
    4.3689   -1.8806   -8.0526  -10.3975    3.7936    8.5001
eta,q 0.97655 12.53177
  0.0263  0.0282  0.0273  0.0286  0.0289  0.0297  0.0262  0.0273  0.0254  0.0286  0.0252  0.0250
  0.0248  0.0258  0.0253  0.0268  0.0266  0.0273  0.0247  0.0248  0.0244  0.0259  0.0242  0.0241
  0.0239  0.0242  0.0240  0.0251  0.0246  0.0251  0.0238  0.0237  0.0237  0.0242  0.0236  0.0236
  0.0235  0.0235  0.0235  0.0235  0.0235  0.0235  0.0235  0.0235  0.0235  0.0235  0.0234  0.0235
  0.0238  0.0239  0.0239  0.0229  0.0242  0.0219  0.0238  0.0239  0.0237  0.0240  0.0236  0.0237
  0.0247  0.0253  0.0254  0.0253  0.0263  0.0237  0.0247  0.0251  0.0244  0.0255  0.0242  0.0242
  0.0264  0.0275  0.0281  0.0303  0.0289  0.0327  0.0262  0.0269  0.0254  0.0281  0.0252  0.0253
niter,ni,del,rscale     4    3    5.0000    1.2000
parameters
    0.8208  -13.4280   13.5054   -8.5615   -9.1567  -16.5503
    4.3660   -1.8551   -8.0418  -10.2730    3.7948    8.3713
eta,q 0.97657 12.53304
  0.0262  0.0280  0.0274  0.0286  0.0288  0.0296  0.0262  0.0273  0.0254  0.0284  0.0252  0.0251
  0.0248  0.0257  0.0253  0.0268  0.0266  0.0273  0.0247  0.0247  0.0243  0.0258  0.0242  0.0241
  0.0238  0.0241  0.0239  0.0251  0.0246  0.0251  0.0238  0.0237  0.0237  0.0241  0.0236  0.0236
  0.0234  0.0234  0.0234  0.0234  0.0234  0.0234  0.0234  0.0234  0.0234  0.0234  0.0234  0.0234
  0.0237  0.0239  0.0238  0.0229  0.0242  0.0219  0.0237  0.0239  0.0237  0.0240  0.0236  0.0236
  0.0246  0.0254  0.0252  0.0253  0.0263  0.0238  0.0247  0.0251  0.0243  0.0256  0.0242  0.0242
  0.0263  0.0277  0.0279  0.0303  0.0290  0.0329  0.0262  0.0269  0.0254  0.0282  0.0252  0.0252
niter,ni,del,rscale     3    3    5.0000    1.2000
parameters
    0.8230  -13.3965   13.4817   -8.5527   -9.1482  -16.5393
    4.3640   -1.8449   -8.0275  -10.2177    3.7992    8.3148
eta,q 0.97658 12.53350
  0.0262  0.0279  0.0275  0.0286  0.0288  0.0296  0.0262  0.0272  0.0254  0.0284  0.0252  0.0251
  0.0247  0.0256  0.0253  0.0268  0.0265  0.0272  0.0247  0.0247  0.0243  0.0257  0.0242  0.0242
  0.0238  0.0240  0.0240  0.0250  0.0245  0.0251  0.0238  0.0236  0.0237  0.0240  0.0236  0.0236
  0.0234  0.0234  0.0234  0.0234  0.0234  0.0234  0.0234  0.0234  0.0234  0.0234  0.0234  0.0234
  0.0237  0.0239  0.0238  0.0229  0.0242  0.0218  0.0237  0.0239  0.0237  0.0240  0.0236  0.0236
  0.0246  0.0254  0.0252  0.0253  0.0263  0.0238  0.0247  0.0251  0.0243  0.0256  0.0242  0.0241
  0.0263  0.0277  0.0278  0.0303  0.0290  0.0329  0.0262  0.0269  0.0254  0.0283  0.0252  0.0252
registration optimization eta report
parameter search radius
    2.4000    3.1740    4.1976    9.5220    9.5220   10.9503
    7.2000    7.2000    7.2000    9.5220    9.5220    8.2800
100000*second partial in parameter space
       49.       43.       24.        7.        6.        7.
        5.        7.        4.        5.        2.        3.
  0.0262  0.0279  0.0275  0.0286  0.0288  0.0296  0.0262  0.0272  0.0254  0.0284  0.0252  0.0251
  0.0247  0.0256  0.0253  0.0268  0.0265  0.0272  0.0247  0.0247  0.0243  0.0257  0.0242  0.0242
  0.0238  0.0240  0.0240  0.0250  0.0245  0.0251  0.0238  0.0236  0.0237  0.0240  0.0236  0.0236
  0.0234  0.0234  0.0234  0.0234  0.0234  0.0234  0.0234  0.0234  0.0234  0.0234  0.0234  0.0234
  0.0237  0.0239  0.0238  0.0229  0.0242  0.0218  0.0237  0.0239  0.0237  0.0240  0.0236  0.0236
  0.0246  0.0254  0.0252  0.0253  0.0263  0.0238  0.0247  0.0251  0.0243  0.0256  0.0242  0.0241
  0.0263  0.0277  0.0278  0.0303  0.0290  0.0329  0.0262  0.0269  0.0254  0.0283  0.0252  0.0252
    0.8230  -13.3965   13.4817   -8.5527   -9.1482  -16.5393
    4.3640   -1.8449   -8.0275  -10.2177    3.7992    8.3148
eta,q 0.97658 12.53350

---------------------------------------------------------------------
imgreg_4dfp /opt/freesurfer/average/711-2C_as_mni_average_305 /opt/freesurfer/average/711-2B_as_mni_average_305_mask talsrcimg_g11 none talsrcimg_to_711-2C_as_mni_average_305_t4 2311
---------------------------------------------------------------------

freesurfer imgreg_4dfp.c
/opt/freesurfer/average/711-2C_as_mni_average_305.4dfp.img
       256       256       256         1
  1.000000  1.000000  1.000000
orientation T byte_order littleendian
Reading image: /opt/freesurfer/average/711-2C_as_mni_average_305.4dfp.img
dimensions:      256       256       256
mmppix:       1.0000   -1.0000   -1.0000
center:     128.0000 -129.0000 -129.0000
/opt/freesurfer/average/711-2B_as_mni_average_305_mask.4dfp.img
       256       256       256         1
  1.000000  1.000000  1.000000
orientation T byte_order littleendian
Reading mask: /opt/freesurfer/average/711-2B_as_mni_average_305_mask.4dfp.img (2306576 pixels)
talsrcimg_g11.4dfp.img
       256       256       256         1
  1.000000  1.000000  1.000000
orientation T byte_order littleendian
Reading image: talsrcimg_g11.4dfp.img
dimensions:      256       256       256
mmppix:       1.0000   -1.0000   -1.0000
center:     128.0000 -129.0000 -129.0000
fimgreg.f
image alignment mode   2311 decimal      907 hex
parameters
    0.8230  -13.3965   13.4817   -8.5527   -9.1482  -16.5393
    4.3640   -1.8449   -8.0275  -10.2177    3.7992    8.3148
eta,q 0.97658 12.53349
niter,ni,del,rscale     5    3    5.0000    0.8000
parameter  6 -1.899315 -> -0.500000 qaram    1.1500
parameters
    0.8692  -13.3714   13.6083   -6.3872   -9.4570  -13.7793
    4.4354   -1.2858   -7.7185  -10.1465    3.4109    7.5113
eta,q 0.97834 12.64572
  0.0247  0.0247  0.0241  0.0259  0.0246  0.0252  0.0234  0.0254  0.0230  0.0234  0.0224  0.0223
  0.0240  0.0240  0.0237  0.0250  0.0237  0.0243  0.0225  0.0232  0.0223  0.0225  0.0219  0.0219
  0.0236  0.0236  0.0235  0.0242  0.0231  0.0235  0.0219  0.0220  0.0219  0.0219  0.0217  0.0217
  0.0234  0.0234  0.0234  0.0234  0.0228  0.0228  0.0217  0.0217  0.0217  0.0217  0.0217  0.0217
  0.0235  0.0235  0.0234  0.0229  0.0231  0.0222  0.0218  0.0219  0.0218  0.0218  0.0218  0.0218
  0.0239  0.0239  0.0236  0.0229  0.0240  0.0215  0.0224  0.0226  0.0221  0.0224  0.0222  0.0222
  0.0246  0.0246  0.0239  0.0237  0.0252  0.0214  0.0233  0.0237  0.0227  0.0234  0.0227  0.0229
niter,ni,del,rscale     5    3    5.0000    0.8000
parameters
    0.6184  -13.4210   13.4126   -6.8298   -9.3242  -13.8125
    4.3889   -1.4776   -7.6080  -10.0375    3.6194    7.5511
eta,q 0.97833 12.64891
  0.0229  0.0229  0.0223  0.0238  0.0239  0.0242  0.0233  0.0240  0.0228  0.0234  0.0225  0.0225
  0.0221  0.0222  0.0219  0.0229  0.0229  0.0233  0.0224  0.0224  0.0222  0.0225  0.0220  0.0221
  0.0217  0.0218  0.0217  0.0221  0.0221  0.0225  0.0219  0.0217  0.0218  0.0219  0.0218  0.0218
  0.0217  0.0216  0.0216  0.0216  0.0217  0.0217  0.0217  0.0217  0.0217  0.0217  0.0217  0.0217
  0.0220  0.0218  0.0218  0.0218  0.0218  0.0212  0.0219  0.0221  0.0218  0.0218  0.0217  0.0217
  0.0228  0.0223  0.0222  0.0231  0.0226  0.0222  0.0224  0.0229  0.0222  0.0224  0.0220  0.0220
  0.0241  0.0231  0.0228  0.0254  0.0238  0.0255  0.0234  0.0242  0.0227  0.0233  0.0224  0.0225
niter,ni,del,rscale     4    3    5.0000    0.7000
parameters
    0.6603  -13.3841   13.4226   -6.7655   -9.2989  -13.4360
    4.3303   -1.5145   -7.6005  -10.0371    3.6032    7.3602
eta,q 0.97851 12.65608
  0.0230  0.0228  0.0224  0.0236  0.0234  0.0238  0.0227  0.0236  0.0224  0.0229  0.0221  0.0221
  0.0223  0.0222  0.0220  0.0228  0.0226  0.0231  0.0221  0.0222  0.0219  0.0221  0.0217  0.0218
  0.0219  0.0218  0.0217  0.0221  0.0220  0.0224  0.0216  0.0216  0.0216  0.0217  0.0215  0.0216
  0.0217  0.0217  0.0217  0.0217  0.0217  0.0217  0.0215  0.0215  0.0215  0.0215  0.0215  0.0215
  0.0218  0.0218  0.0217  0.0217  0.0218  0.0212  0.0216  0.0218  0.0216  0.0216  0.0216  0.0216
  0.0222  0.0221  0.0220  0.0224  0.0224  0.0218  0.0221  0.0224  0.0219  0.0221  0.0218  0.0218
  0.0229  0.0227  0.0223  0.0239  0.0235  0.0240  0.0228  0.0234  0.0224  0.0229  0.0221  0.0223
niter,ni,del,rscale     3    3    5.0000    0.6000
parameters
    0.6447  -13.3802   13.4131   -6.6550   -9.2900  -13.0973
    4.3424   -1.5301   -7.5807  -10.0170    3.6088    7.1796
eta,q 0.97867 12.66236
  0.0224  0.0223  0.0220  0.0231  0.0228  0.0233  0.0223  0.0230  0.0220  0.0224  0.0219  0.0218
  0.0219  0.0218  0.0217  0.0224  0.0222  0.0227  0.0218  0.0219  0.0216  0.0219  0.0216  0.0216
  0.0216  0.0216  0.0215  0.0219  0.0217  0.0221  0.0215  0.0214  0.0214  0.0215  0.0214  0.0214
  0.0215  0.0215  0.0215  0.0215  0.0215  0.0215  0.0213  0.0213  0.0213  0.0213  0.0213  0.0213
  0.0216  0.0216  0.0215  0.0215  0.0216  0.0212  0.0214  0.0216  0.0214  0.0214  0.0214  0.0214
  0.0219  0.0218  0.0217  0.0220  0.0221  0.0217  0.0218  0.0221  0.0216  0.0218  0.0216  0.0216
  0.0225  0.0223  0.0221  0.0232  0.0229  0.0233  0.0223  0.0228  0.0220  0.0224  0.0218  0.0220
niter,ni,del,rscale     2    3    5.0000    0.5000
parameters
    0.6221  -13.3749   13.4094   -6.5442   -9.3018  -12.7721
    4.3526   -1.5475   -7.5574   -9.9783    3.6223    6.9956
eta,q 0.97878 12.66687
  0.0220  0.0219  0.0218  0.0225  0.0223  0.0229  0.0219  0.0224  0.0217  0.0220  0.0216  0.0216
  0.0216  0.0216  0.0215  0.0220  0.0218  0.0224  0.0215  0.0217  0.0214  0.0216  0.0214  0.0214
  0.0214  0.0214  0.0214  0.0216  0.0215  0.0218  0.0213  0.0213  0.0213  0.0213  0.0213  0.0213
  0.0213  0.0213  0.0213  0.0213  0.0213  0.0213  0.0212  0.0212  0.0212  0.0212  0.0212  0.0212
  0.0214  0.0214  0.0214  0.0213  0.0214  0.0212  0.0213  0.0214  0.0213  0.0213  0.0213  0.0213
  0.0217  0.0216  0.0215  0.0217  0.0218  0.0216  0.0215  0.0218  0.0214  0.0216  0.0214  0.0214
  0.0221  0.0219  0.0218  0.0226  0.0224  0.0227  0.0219  0.0223  0.0217  0.0220  0.0216  0.0217
niter,ni,del,rscale     1    3    5.0000    0.4000
parameters
    0.5938  -13.3657   13.4197   -6.4553   -9.3185  -12.5013
    4.3649   -1.5789   -7.5582   -9.9297    3.6487    6.8344
eta,q 0.97884 12.66996
  0.0217  0.0216  0.0215  0.0221  0.0219  0.0224  0.0216  0.0219  0.0215  0.0217  0.0214  0.0214
  0.0214  0.0214  0.0214  0.0217  0.0215  0.0220  0.0214  0.0215  0.0213  0.0214  0.0213  0.0213
  0.0213  0.0213  0.0213  0.0214  0.0213  0.0216  0.0212  0.0212  0.0212  0.0212  0.0212  0.0212
  0.0212  0.0212  0.0212  0.0212  0.0212  0.0212  0.0212  0.0212  0.0212  0.0212  0.0212  0.0212
  0.0213  0.0213  0.0213  0.0212  0.0213  0.0211  0.0212  0.0213  0.0212  0.0212  0.0212  0.0212
  0.0214  0.0214  0.0214  0.0215  0.0215  0.0215  0.0214  0.0215  0.0213  0.0214  0.0213  0.0213
  0.0217  0.0216  0.0215  0.0220  0.0219  0.0222  0.0216  0.0219  0.0215  0.0217  0.0214  0.0215
registration optimization eta report
parameter search radius
    0.8000    0.8000    0.8000    2.4000    2.4000    2.7600
    2.4000    2.4000    2.4000    2.4000    2.4000    2.4000
100000*second partial in parameter space
       74.       57.       49.       14.       12.       15.
        8.       13.        5.        9.        5.        5.
  0.0217  0.0216  0.0215  0.0221  0.0219  0.0224  0.0216  0.0219  0.0215  0.0217  0.0214  0.0214
  0.0214  0.0214  0.0214  0.0217  0.0215  0.0220  0.0214  0.0215  0.0213  0.0214  0.0213  0.0213
  0.0213  0.0213  0.0213  0.0214  0.0213  0.0216  0.0212  0.0212  0.0212  0.0212  0.0212  0.0212
  0.0212  0.0212  0.0212  0.0212  0.0212  0.0212  0.0212  0.0212  0.0212  0.0212  0.0212  0.0212
  0.0213  0.0213  0.0213  0.0212  0.0213  0.0211  0.0212  0.0213  0.0212  0.0212  0.0212  0.0212
  0.0214  0.0214  0.0214  0.0215  0.0215  0.0215  0.0214  0.0215  0.0213  0.0214  0.0213  0.0213
  0.0217  0.0216  0.0215  0.0220  0.0219  0.0222  0.0216  0.0219  0.0215  0.0217  0.0214  0.0215
    0.5938  -13.3657   13.4197   -6.4553   -9.3185  -12.5013
    4.3649   -1.5789   -7.5582   -9.9297    3.6487    6.8344
eta,q 0.97884 12.66996

---------------------------------------------------------------------
imgreg_4dfp /opt/freesurfer/average/711-2C_as_mni_average_305 /opt/freesurfer/average/711-2B_as_mni_average_305_mask talsrcimg_g11 none talsrcimg_to_711-2C_as_mni_average_305_t4 2311
---------------------------------------------------------------------

freesurfer imgreg_4dfp.c
/opt/freesurfer/average/711-2C_as_mni_average_305.4dfp.img
       256       256       256         1
  1.000000  1.000000  1.000000
orientation T byte_order littleendian
Reading image: /opt/freesurfer/average/711-2C_as_mni_average_305.4dfp.img
dimensions:      256       256       256
mmppix:       1.0000   -1.0000   -1.0000
center:     128.0000 -129.0000 -129.0000
/opt/freesurfer/average/711-2B_as_mni_average_305_mask.4dfp.img
       256       256       256         1
  1.000000  1.000000  1.000000
orientation T byte_order littleendian
Reading mask: /opt/freesurfer/average/711-2B_as_mni_average_305_mask.4dfp.img (2306576 pixels)
talsrcimg_g11.4dfp.img
       256       256       256         1
  1.000000  1.000000  1.000000
orientation T byte_order littleendian
Reading image: talsrcimg_g11.4dfp.img
dimensions:      256       256       256
mmppix:       1.0000   -1.0000   -1.0000
center:     128.0000 -129.0000 -129.0000
fimgreg.f
image alignment mode   2311 decimal      907 hex
parameters
    0.5938  -13.3657   13.4197   -6.4553   -9.3185  -12.5013
    4.3649   -1.5789   -7.5582   -9.9297    3.6487    6.8344
eta,q 0.97884 12.66996
niter,ni,del,rscale     5    3    5.0000    0.8000
parameters
    0.5259  -13.3647   13.4480   -7.0592   -9.4313  -13.1674
    4.3846   -1.6034   -7.6152   -9.9127    3.6636    7.2110
eta,q 0.97855 12.65814
  0.0229  0.0226  0.0225  0.0233  0.0234  0.0233  0.0231  0.0241  0.0225  0.0232  0.0223  0.0225
  0.0219  0.0218  0.0218  0.0224  0.0224  0.0227  0.0222  0.0224  0.0220  0.0223  0.0218  0.0220
  0.0214  0.0213  0.0213  0.0216  0.0216  0.0219  0.0217  0.0216  0.0216  0.0217  0.0215  0.0216
  0.0212  0.0212  0.0212  0.0212  0.0212  0.0213  0.0215  0.0215  0.0215  0.0215  0.0215  0.0215
  0.0214  0.0213  0.0213  0.0215  0.0215  0.0215  0.0216  0.0219  0.0216  0.0216  0.0216  0.0215
  0.0221  0.0218  0.0217  0.0230  0.0224  0.0230  0.0222  0.0226  0.0220  0.0223  0.0218  0.0217
  0.0233  0.0226  0.0224  0.0255  0.0238  0.0264  0.0231  0.0239  0.0226  0.0232  0.0223  0.0223
niter,ni,del,rscale     4    3    5.0000    0.7000
parameters
    0.6561  -13.3695   13.4397   -6.8740   -9.3528  -13.0938
    4.3568   -1.5314   -7.5962   -9.9831    3.5746    7.1692
eta,q 0.97863 12.65988
  0.0230  0.0225  0.0223  0.0235  0.0232  0.0233  0.0226  0.0236  0.0223  0.0227  0.0220  0.0221
  0.0222  0.0219  0.0218  0.0227  0.0224  0.0227  0.0219  0.0222  0.0218  0.0220  0.0216  0.0217
  0.0217  0.0216  0.0215  0.0220  0.0217  0.0220  0.0215  0.0215  0.0215  0.0215  0.0214  0.0215
  0.0215  0.0214  0.0214  0.0214  0.0214  0.0214  0.0214  0.0214  0.0214  0.0214  0.0214  0.0214
  0.0215  0.0216  0.0215  0.0214  0.0215  0.0212  0.0215  0.0217  0.0215  0.0215  0.0215  0.0214
  0.0218  0.0219  0.0218  0.0220  0.0222  0.0219  0.0220  0.0223  0.0218  0.0220  0.0217  0.0217
  0.0225  0.0225  0.0223  0.0236  0.0232  0.0238  0.0227  0.0233  0.0222  0.0229  0.0221  0.0221
niter,ni,del,rscale     3    3    5.0000    0.6000
parameters
    0.6431  -13.3774   13.4300   -6.7066   -9.3266  -12.8022
    4.3546   -1.5103   -7.5553   -9.9979    3.5592    7.0185
eta,q 0.97875 12.66510
  0.0223  0.0222  0.0220  0.0230  0.0227  0.0229  0.0222  0.0230  0.0219  0.0224  0.0218  0.0218
  0.0218  0.0217  0.0216  0.0223  0.0221  0.0224  0.0217  0.0219  0.0216  0.0218  0.0215  0.0215
  0.0215  0.0215  0.0214  0.0218  0.0216  0.0219  0.0214  0.0213  0.0213  0.0214  0.0213  0.0213
  0.0214  0.0214  0.0214  0.0214  0.0213  0.0213  0.0212  0.0213  0.0213  0.0213  0.0212  0.0213
  0.0215  0.0215  0.0214  0.0213  0.0215  0.0212  0.0214  0.0215  0.0213  0.0214  0.0213  0.0213
  0.0218  0.0217  0.0217  0.0219  0.0219  0.0216  0.0217  0.0220  0.0215  0.0218  0.0215  0.0215
  0.0224  0.0222  0.0220  0.0230  0.0228  0.0229  0.0222  0.0228  0.0219  0.0224  0.0218  0.0219
niter,ni,del,rscale     2    3    5.0000    0.5000
parameters
    0.6163  -13.3749   13.4283   -6.5878   -9.3372  -12.5566
    4.3563   -1.5300   -7.5404   -9.9603    3.5765    6.8810
eta,q 0.97882 12.66858
  0.0219  0.0218  0.0217  0.0225  0.0222  0.0226  0.0219  0.0224  0.0217  0.0220  0.0216  0.0216
  0.0216  0.0215  0.0215  0.0219  0.0217  0.0221  0.0215  0.0216  0.0214  0.0216  0.0214  0.0214
  0.0213  0.0213  0.0213  0.0215  0.0214  0.0216  0.0213  0.0212  0.0212  0.0213  0.0212  0.0212
  0.0213  0.0213  0.0213  0.0213  0.0212  0.0212  0.0212  0.0212  0.0212  0.0212  0.0212  0.0212
  0.0213  0.0213  0.0213  0.0212  0.0213  0.0212  0.0213  0.0214  0.0212  0.0213  0.0212  0.0212
  0.0216  0.0215  0.0215  0.0216  0.0217  0.0215  0.0215  0.0217  0.0214  0.0215  0.0214  0.0214
  0.0220  0.0218  0.0217  0.0225  0.0223  0.0225  0.0219  0.0223  0.0217  0.0220  0.0216  0.0217
niter,ni,del,rscale     1    3    5.0000    0.4000
parameters
    0.5900  -13.3674   13.4404   -6.4861   -9.3451  -12.3635
    4.3609   -1.5642   -7.5286   -9.9110    3.6150    6.7560
eta,q 0.97886 12.67060
  0.0216  0.0216  0.0215  0.0220  0.0218  0.0222  0.0216  0.0219  0.0215  0.0217  0.0214  0.0214
  0.0214  0.0213  0.0213  0.0216  0.0215  0.0218  0.0213  0.0214  0.0213  0.0214  0.0213  0.0212
  0.0212  0.0212  0.0212  0.0213  0.0213  0.0214  0.0212  0.0212  0.0212  0.0212  0.0212  0.0212
  0.0212  0.0212  0.0212  0.0212  0.0212  0.0212  0.0211  0.0211  0.0211  0.0211  0.0211  0.0211
  0.0212  0.0212  0.0212  0.0212  0.0212  0.0212  0.0212  0.0213  0.0212  0.0212  0.0212  0.0212
  0.0214  0.0213  0.0213  0.0214  0.0215  0.0214  0.0213  0.0215  0.0213  0.0214  0.0213  0.0213
  0.0217  0.0215  0.0215  0.0220  0.0219  0.0220  0.0216  0.0219  0.0214  0.0217  0.0214  0.0215
registration optimization eta report
parameter search radius
    0.8000    0.8000    0.8000    2.4000    2.4000    2.4000
    2.4000    2.4000    2.4000    2.4000    2.4000    2.4000
100000*second partial in parameter space
       74.       57.       52.       14.       12.       16.
        8.       14.        5.       10.        5.        5.
  0.0216  0.0216  0.0215  0.0220  0.0218  0.0222  0.0216  0.0219  0.0215  0.0217  0.0214  0.0214
  0.0214  0.0213  0.0213  0.0216  0.0215  0.0218  0.0213  0.0214  0.0213  0.0214  0.0213  0.0212
  0.0212  0.0212  0.0212  0.0213  0.0213  0.0214  0.0212  0.0212  0.0212  0.0212  0.0212  0.0212
  0.0212  0.0212  0.0212  0.0212  0.0212  0.0212  0.0211  0.0211  0.0211  0.0211  0.0211  0.0211
  0.0212  0.0212  0.0212  0.0212  0.0212  0.0212  0.0212  0.0213  0.0212  0.0212  0.0212  0.0212
  0.0214  0.0213  0.0213  0.0214  0.0215  0.0214  0.0213  0.0215  0.0213  0.0214  0.0213  0.0213
  0.0217  0.0215  0.0215  0.0220  0.0219  0.0220  0.0216  0.0219  0.0214  0.0217  0.0214  0.0215
    0.5900  -13.3674   13.4404   -6.4861   -9.3451  -12.3635
    4.3609   -1.5642   -7.5286   -9.9110    3.6150    6.7560
eta,q 0.97886 12.67060

---------------------------------------------------------------------
compute_vox2vox talsrcimg talsrcimg_to_711-2C_as_mni_average_305_t4 /opt/freesurfer/average/711-2C_as_mni_average_305
---------------------------------------------------------------------

freesurfer compute_vox2vox.c
Reading: talsrcimg.4dfp.ifh
Reading: talsrcimg_to_711-2C_as_mni_average_305_t4
Reading: /opt/freesurfer/average/711-2C_as_mni_average_305.4dfp.ifh
Writing: talsrcimg_to_711-2C_as_mni_average_305_t4_vox2vox.txt

start time Wed Mar 11 08:58:53 CET 2026
end		time Wed Mar 11 09:00:18 CET 2026

mpr2mni305 success

avi2talxfm orig_nu.mgz /opt/freesurfer/average/mni305.cor.mgz talsrcimg_to_711-2C_as_mni_average_305_t4_vox2vox.txt transforms/talairach.auto.xfm
avi2talxfm done
mv -f /out/sourcedata/freesurfer/sub-v2s15x29751_ses-1/mri/talsrcimg_to_711-2C_as_mni_average_305_t4_vox2vox.txt /out/sourcedata/freesurfer/sub-v2s15x29751_ses-1/mri/transforms/talsrcimg_to_711-2C_as_mni_average_305_t4_vox2vox.txt
lta_convert --src orig_nu.mgz --trg /opt/freesurfer/average/mni305.cor.mgz --inxfm transforms/talairach.auto.xfm --outlta transforms/talairach.auto.xfm.lta --subject fsaverage
7.3.2

--src: orig_nu.mgz src image (geometry).
--trg: /opt/freesurfer/average/mni305.cor.mgz trg image (geometry).
--inmni: transforms/talairach.auto.xfm input MNI/XFM transform.
--outlta: transforms/talairach.auto.xfm.lta output LTA.
--s: fsaverage subject name
 LTA read, type : 1
 1.06465   0.01310  -0.05219  -5.30792;
-0.05031   1.13092  -0.08186  -24.34726;
 0.08292   0.12473   1.08980  -2.42682;
 0.00000   0.00000   0.00000   1.00000;
setting subject to fsaverage
Writing  LTA to file transforms/talairach.auto.xfm.lta...
lta_convert successful.
 
 
Started at Wed Mar 11 08:58:52 CET 2026
Ended   at Wed Mar 11 09:00:19 CET 2026
talairach_avi done
