status file for recon-all
Wed Mar 11 09:37:37 CET 2026
#@# Tessellate rh Wed Mar 11 09:37:37 CET 2026
#@# Smooth1 rh Wed Mar 11 09:37:41 CET 2026
#@# Inflation1 rh Wed Mar 11 09:37:43 CET 2026
#@# QSphere rh Wed Mar 11 09:37:55 CET 2026
#@# Fix Topology rh Wed Mar 11 09:38:54 CET 2026
#@# Smooth2 rh Wed Mar 11 09:44:09 CET 2026
#@# Inflation2 rh Wed Mar 11 09:44:12 CET 2026
#@# Curv .H and .K rh Wed Mar 11 09:44:25 CET 2026
#@# Sphere rh Wed Mar 11 09:45:12 CET 2026
#@# Surf Reg rh Wed Mar 11 09:48:16 CET 2026
#@# Jacobian white rh Wed Mar 11 09:51:56 CET 2026
#@# AvgCurv rh Wed Mar 11 09:51:57 CET 2026
#@# Cortical Parc rh Wed Mar 11 09:51:58 CET 2026
#@# white curv rh Wed Mar 11 09:58:29 CET 2026
#@# white area rh Wed Mar 11 09:58:31 CET 2026
#@# pial curv rh Wed Mar 11 09:58:32 CET 2026
#@# pial area rh Wed Mar 11 09:58:34 CET 2026
#@# thickness rh Wed Mar 11 09:58:34 CET 2026
#@# area and vertex vol rh Wed Mar 11 09:59:05 CET 2026
#@# Curvature Stats rh Wed Mar 11 09:59:07 CET 2026
#@# Cortical Parc 2 rh Wed Mar 11 09:59:09 CET 2026
#@# Cortical Parc 3 rh Wed Mar 11 09:59:23 CET 2026
#@# WM/GM Contrast rh Wed Mar 11 09:59:33 CET 2026
recon-all -s sub-v2s15x29729_ses-1 finished without error at Wed Mar 11 09:59:36 CET 2026



#New# invocation of recon-all 



status file for recon-all
Wed Mar 11 10:06:43 CET 2026
#@# white curv rh Wed Mar 11 10:06:43 CET 2026
#@# white area rh Wed Mar 11 10:06:44 CET 2026
#@# pial curv rh Wed Mar 11 10:06:44 CET 2026
#@# pial area rh Wed Mar 11 10:06:44 CET 2026
#@# thickness rh Wed Mar 11 10:06:44 CET 2026
#@# area and vertex vol rh Wed Mar 11 10:06:44 CET 2026
#@# Parcellation Stats rh Wed Mar 11 10:06:44 CET 2026
#@# Parcellation Stats 2 rh Wed Mar 11 10:07:02 CET 2026
#@# Parcellation Stats 3 rh Wed Mar 11 10:07:12 CET 2026
#@# BA_exvivo Labels rh Wed Mar 11 10:07:21 CET 2026
recon-all -s sub-v2s15x29729_ses-1 finished without error at Wed Mar 11 10:09:50 CET 2026
