status file for recon-all
Wed Mar 11 09:15:49 CET 2026
#@# Tessellate lh Wed Mar 11 09:15:49 CET 2026
#@# Smooth1 lh Wed Mar 11 09:15:52 CET 2026
#@# Inflation1 lh Wed Mar 11 09:15:54 CET 2026
#@# QSphere lh Wed Mar 11 09:16:06 CET 2026
#@# Fix Topology lh Wed Mar 11 09:17:08 CET 2026
#@# Smooth2 lh Wed Mar 11 09:22:41 CET 2026
#@# Inflation2 lh Wed Mar 11 09:22:44 CET 2026
#@# Curv .H and .K lh Wed Mar 11 09:22:56 CET 2026
#@# Sphere lh Wed Mar 11 09:23:42 CET 2026
#@# Surf Reg lh Wed Mar 11 09:26:12 CET 2026
#@# Jacobian white lh Wed Mar 11 09:29:54 CET 2026
#@# AvgCurv lh Wed Mar 11 09:29:55 CET 2026
#@# Cortical Parc lh Wed Mar 11 09:29:56 CET 2026
#@# white curv lh Wed Mar 11 09:36:32 CET 2026
#@# white area lh Wed Mar 11 09:36:34 CET 2026
#@# pial curv lh Wed Mar 11 09:36:35 CET 2026
#@# pial area lh Wed Mar 11 09:36:36 CET 2026
#@# thickness lh Wed Mar 11 09:36:37 CET 2026
#@# area and vertex vol lh Wed Mar 11 09:37:05 CET 2026
#@# Curvature Stats lh Wed Mar 11 09:37:07 CET 2026
#@# Cortical Parc 2 lh Wed Mar 11 09:37:09 CET 2026
#@# Cortical Parc 3 lh Wed Mar 11 09:37:22 CET 2026
#@# WM/GM Contrast lh Wed Mar 11 09:37:32 CET 2026
recon-all -s sub-v2s15x29729_ses-1 finished without error at Wed Mar 11 09:37:35 CET 2026



#New# invocation of recon-all 



status file for recon-all
Wed Mar 11 10:03:39 CET 2026
#@# white curv lh Wed Mar 11 10:03:39 CET 2026
#@# white area lh Wed Mar 11 10:03:39 CET 2026
#@# pial curv lh Wed Mar 11 10:03:39 CET 2026
#@# pial area lh Wed Mar 11 10:03:40 CET 2026
#@# thickness lh Wed Mar 11 10:03:40 CET 2026
#@# area and vertex vol lh Wed Mar 11 10:03:40 CET 2026
#@# Parcellation Stats lh Wed Mar 11 10:03:40 CET 2026
#@# Parcellation Stats 2 lh Wed Mar 11 10:03:57 CET 2026
#@# Parcellation Stats 3 lh Wed Mar 11 10:04:06 CET 2026
#@# BA_exvivo Labels lh Wed Mar 11 10:04:15 CET 2026
recon-all -s sub-v2s15x29729_ses-1 finished without error at Wed Mar 11 10:06:41 CET 2026
