status file for recon-all
Wed Mar 11 10:31:03 CET 2026
#@# Tessellate lh Wed Mar 11 10:31:03 CET 2026
#@# Smooth1 lh Wed Mar 11 10:31:06 CET 2026
#@# Inflation1 lh Wed Mar 11 10:31:09 CET 2026
#@# QSphere lh Wed Mar 11 10:31:22 CET 2026
#@# Fix Topology lh Wed Mar 11 10:32:27 CET 2026
#@# Smooth2 lh Wed Mar 11 10:39:31 CET 2026
#@# Inflation2 lh Wed Mar 11 10:39:34 CET 2026
#@# Curv .H and .K lh Wed Mar 11 10:39:47 CET 2026
#@# Sphere lh Wed Mar 11 10:40:31 CET 2026
#@# Surf Reg lh Wed Mar 11 10:44:03 CET 2026
#@# Jacobian white lh Wed Mar 11 10:48:11 CET 2026
#@# AvgCurv lh Wed Mar 11 10:48:12 CET 2026
#@# Cortical Parc lh Wed Mar 11 10:48:13 CET 2026
#@# white curv lh Wed Mar 11 10:54:29 CET 2026
#@# white area lh Wed Mar 11 10:54:31 CET 2026
#@# pial curv lh Wed Mar 11 10:54:32 CET 2026
#@# pial area lh Wed Mar 11 10:54:33 CET 2026
#@# thickness lh Wed Mar 11 10:54:34 CET 2026
#@# area and vertex vol lh Wed Mar 11 10:55:03 CET 2026
#@# Curvature Stats lh Wed Mar 11 10:55:04 CET 2026
#@# Cortical Parc 2 lh Wed Mar 11 10:55:07 CET 2026
#@# Cortical Parc 3 lh Wed Mar 11 10:55:20 CET 2026
#@# WM/GM Contrast lh Wed Mar 11 10:55:30 CET 2026
recon-all -s sub-v2s15x29745_ses-1 finished without error at Wed Mar 11 10:55:33 CET 2026



#New# invocation of recon-all 



status file for recon-all
Wed Mar 11 11:21:50 CET 2026
#@# white curv lh Wed Mar 11 11:21:50 CET 2026
#@# white area lh Wed Mar 11 11:21:50 CET 2026
#@# pial curv lh Wed Mar 11 11:21:50 CET 2026
#@# pial area lh Wed Mar 11 11:21:50 CET 2026
#@# thickness lh Wed Mar 11 11:21:50 CET 2026
#@# area and vertex vol lh Wed Mar 11 11:21:50 CET 2026
#@# Parcellation Stats lh Wed Mar 11 11:21:50 CET 2026
#@# Parcellation Stats 2 lh Wed Mar 11 11:22:10 CET 2026
#@# Parcellation Stats 3 lh Wed Mar 11 11:22:18 CET 2026
#@# BA_exvivo Labels lh Wed Mar 11 11:22:26 CET 2026
recon-all -s sub-v2s15x29745_ses-1 finished without error at Wed Mar 11 11:24:57 CET 2026
