status file for recon-all
Wed Mar 11 08:44:36 CET 2026
#@# MotionCor Wed Mar 11 08:44:38 CET 2026
#@# Talairach Wed Mar 11 08:44:45 CET 2026
#@# Talairach Failure Detection Wed Mar 11 08:49:12 CET 2026
#@# Nu Intensity Correction Wed Mar 11 08:49:12 CET 2026
#@# Intensity Normalization Wed Mar 11 08:52:28 CET 2026
recon-all -s sub-v2s15x29745_ses-1 finished without error at Wed Mar 11 08:53:56 CET 2026



#New# invocation of recon-all 



status file for recon-all
Wed Mar 11 09:01:07 CET 2026
#@# EM Registration Wed Mar 11 09:01:07 CET 2026
recon-all -s sub-v2s15x29745_ses-1 finished without error at Wed Mar 11 09:03:53 CET 2026



#New# invocation of recon-all 



status file for recon-all
Wed Mar 11 09:03:55 CET 2026
#@# CA Normalize Wed Mar 11 09:03:55 CET 2026
#@# CA Reg Wed Mar 11 09:05:15 CET 2026
#@# SubCort Seg Wed Mar 11 09:56:25 CET 2026
#@# CC Seg Wed Mar 11 10:25:08 CET 2026
#@# Merge ASeg Wed Mar 11 10:25:52 CET 2026
#@# Intensity Normalization2 Wed Mar 11 10:25:52 CET 2026
#@# Mask BFS Wed Mar 11 10:28:04 CET 2026
#@# WM Segmentation Wed Mar 11 10:28:05 CET 2026
#@# Fill Wed Mar 11 10:29:56 CET 2026
recon-all -s sub-v2s15x29745_ses-1 finished without error at Wed Mar 11 10:31:00 CET 2026



#New# invocation of recon-all 



status file for recon-all
Wed Mar 11 11:18:22 CET 2026
#@# white curv lh Wed Mar 11 11:18:22 CET 2026
#@# white area lh Wed Mar 11 11:18:22 CET 2026
#@# pial curv lh Wed Mar 11 11:18:22 CET 2026
#@# pial area lh Wed Mar 11 11:18:22 CET 2026
#@# thickness lh Wed Mar 11 11:18:22 CET 2026
#@# area and vertex vol lh Wed Mar 11 11:18:22 CET 2026
#@# white curv rh Wed Mar 11 11:18:22 CET 2026
#@# white area rh Wed Mar 11 11:18:22 CET 2026
#@# pial curv rh Wed Mar 11 11:18:22 CET 2026
#@# pial area rh Wed Mar 11 11:18:22 CET 2026
#@# thickness rh Wed Mar 11 11:18:22 CET 2026
#@# area and vertex vol rh Wed Mar 11 11:18:22 CET 2026
#@# Cortical ribbon mask Wed Mar 11 11:18:22 CET 2026
recon-all -s sub-v2s15x29745_ses-1 finished without error at Wed Mar 11 11:21:45 CET 2026



#New# invocation of recon-all 



status file for recon-all
Wed Mar 11 11:28:08 CET 2026
#@# white curv lh Wed Mar 11 11:28:08 CET 2026
#@# white area lh Wed Mar 11 11:28:08 CET 2026
#@# pial curv lh Wed Mar 11 11:28:08 CET 2026
#@# pial area lh Wed Mar 11 11:28:08 CET 2026
#@# thickness lh Wed Mar 11 11:28:08 CET 2026
#@# area and vertex vol lh Wed Mar 11 11:28:08 CET 2026
#@# white curv rh Wed Mar 11 11:28:08 CET 2026
#@# white area rh Wed Mar 11 11:28:08 CET 2026
#@# pial curv rh Wed Mar 11 11:28:08 CET 2026
#@# pial area rh Wed Mar 11 11:28:08 CET 2026
#@# thickness rh Wed Mar 11 11:28:08 CET 2026
#@# area and vertex vol rh Wed Mar 11 11:28:08 CET 2026
#@# Curvature Stats lh Wed Mar 11 11:28:08 CET 2026
#@# Curvature Stats rh Wed Mar 11 11:28:10 CET 2026
#@# Relabel Hypointensities Wed Mar 11 11:28:13 CET 2026
#@# APas-to-ASeg Wed Mar 11 11:28:27 CET 2026
#@# AParc-to-ASeg aparc Wed Mar 11 11:28:36 CET 2026
#@# AParc-to-ASeg aparc.a2009s Wed Mar 11 11:29:08 CET 2026
#@# AParc-to-ASeg aparc.DKTatlas Wed Mar 11 11:29:44 CET 2026
#@# WMParc Wed Mar 11 11:30:16 CET 2026
#@# ASeg Stats Wed Mar 11 11:34:21 CET 2026
recon-all -s sub-v2s15x29745_ses-1 finished without error at Wed Mar 11 11:35:01 CET 2026
