status file for recon-all
Wed Mar 11 08:48:11 CET 2026
#@# MotionCor Wed Mar 11 08:48:13 CET 2026
#@# Talairach Wed Mar 11 08:48:20 CET 2026
#@# Talairach Failure Detection Wed Mar 11 08:52:48 CET 2026
#@# Nu Intensity Correction Wed Mar 11 08:52:48 CET 2026
#@# Intensity Normalization Wed Mar 11 08:56:06 CET 2026
recon-all -s sub-v2s15x29749_ses-1 finished without error at Wed Mar 11 08:57:29 CET 2026



#New# invocation of recon-all 



status file for recon-all
Wed Mar 11 09:04:50 CET 2026
#@# EM Registration Wed Mar 11 09:04:50 CET 2026
recon-all -s sub-v2s15x29749_ses-1 finished without error at Wed Mar 11 09:06:47 CET 2026



#New# invocation of recon-all 



status file for recon-all
Wed Mar 11 09:06:48 CET 2026
#@# CA Normalize Wed Mar 11 09:06:48 CET 2026
#@# CA Reg Wed Mar 11 09:08:07 CET 2026
#@# SubCort Seg Wed Mar 11 10:07:03 CET 2026
#@# CC Seg Wed Mar 11 10:33:56 CET 2026
#@# Merge ASeg Wed Mar 11 10:35:10 CET 2026
#@# Intensity Normalization2 Wed Mar 11 10:35:10 CET 2026
#@# Mask BFS Wed Mar 11 10:37:23 CET 2026
#@# WM Segmentation Wed Mar 11 10:37:24 CET 2026
#@# Fill Wed Mar 11 10:39:10 CET 2026
recon-all -s sub-v2s15x29749_ses-1 finished without error at Wed Mar 11 10:40:14 CET 2026



#New# invocation of recon-all 



status file for recon-all
Wed Mar 11 11:26:27 CET 2026
#@# white curv lh Wed Mar 11 11:26:27 CET 2026
#@# white area lh Wed Mar 11 11:26:27 CET 2026
#@# pial curv lh Wed Mar 11 11:26:27 CET 2026
#@# pial area lh Wed Mar 11 11:26:27 CET 2026
#@# thickness lh Wed Mar 11 11:26:27 CET 2026
#@# area and vertex vol lh Wed Mar 11 11:26:27 CET 2026
#@# white curv rh Wed Mar 11 11:26:27 CET 2026
#@# white area rh Wed Mar 11 11:26:27 CET 2026
#@# pial curv rh Wed Mar 11 11:26:27 CET 2026
#@# pial area rh Wed Mar 11 11:26:27 CET 2026
#@# thickness rh Wed Mar 11 11:26:27 CET 2026
#@# area and vertex vol rh Wed Mar 11 11:26:27 CET 2026
#@# Cortical ribbon mask Wed Mar 11 11:26:27 CET 2026
recon-all -s sub-v2s15x29749_ses-1 finished without error at Wed Mar 11 11:30:48 CET 2026



#New# invocation of recon-all 



status file for recon-all
Wed Mar 11 11:37:37 CET 2026
#@# white curv lh Wed Mar 11 11:37:37 CET 2026
#@# white area lh Wed Mar 11 11:37:37 CET 2026
#@# pial curv lh Wed Mar 11 11:37:37 CET 2026
#@# pial area lh Wed Mar 11 11:37:37 CET 2026
#@# thickness lh Wed Mar 11 11:37:37 CET 2026
#@# area and vertex vol lh Wed Mar 11 11:37:37 CET 2026
#@# white curv rh Wed Mar 11 11:37:37 CET 2026
#@# white area rh Wed Mar 11 11:37:37 CET 2026
#@# pial curv rh Wed Mar 11 11:37:37 CET 2026
#@# pial area rh Wed Mar 11 11:37:37 CET 2026
#@# thickness rh Wed Mar 11 11:37:37 CET 2026
#@# area and vertex vol rh Wed Mar 11 11:37:37 CET 2026
#@# Curvature Stats lh Wed Mar 11 11:37:37 CET 2026
#@# Curvature Stats rh Wed Mar 11 11:37:39 CET 2026
#@# Relabel Hypointensities Wed Mar 11 11:37:42 CET 2026
#@# APas-to-ASeg Wed Mar 11 11:37:57 CET 2026
#@# AParc-to-ASeg aparc Wed Mar 11 11:38:06 CET 2026
#@# AParc-to-ASeg aparc.a2009s Wed Mar 11 11:38:49 CET 2026
#@# AParc-to-ASeg aparc.DKTatlas Wed Mar 11 11:39:32 CET 2026
#@# WMParc Wed Mar 11 11:40:16 CET 2026
#@# ASeg Stats Wed Mar 11 11:45:06 CET 2026
recon-all -s sub-v2s15x29749_ses-1 finished without error at Wed Mar 11 11:45:49 CET 2026
