status file for recon-all
Wed Mar 11 11:05:03 CET 2026
#@# Tessellate rh Wed Mar 11 11:05:03 CET 2026
#@# Smooth1 rh Wed Mar 11 11:05:06 CET 2026
#@# Inflation1 rh Wed Mar 11 11:05:09 CET 2026
#@# QSphere rh Wed Mar 11 11:05:24 CET 2026
#@# Fix Topology rh Wed Mar 11 11:06:31 CET 2026
#@# Smooth2 rh Wed Mar 11 11:11:20 CET 2026
#@# Inflation2 rh Wed Mar 11 11:11:23 CET 2026
#@# Curv .H and .K rh Wed Mar 11 11:11:41 CET 2026
#@# Sphere rh Wed Mar 11 11:12:21 CET 2026
#@# Surf Reg rh Wed Mar 11 11:15:26 CET 2026
#@# Jacobian white rh Wed Mar 11 11:19:13 CET 2026
#@# AvgCurv rh Wed Mar 11 11:19:14 CET 2026
#@# Cortical Parc rh Wed Mar 11 11:19:15 CET 2026
#@# white curv rh Wed Mar 11 11:25:23 CET 2026
#@# white area rh Wed Mar 11 11:25:25 CET 2026
#@# pial curv rh Wed Mar 11 11:25:26 CET 2026
#@# pial area rh Wed Mar 11 11:25:27 CET 2026
#@# thickness rh Wed Mar 11 11:25:28 CET 2026
#@# area and vertex vol rh Wed Mar 11 11:25:53 CET 2026
#@# Curvature Stats rh Wed Mar 11 11:25:55 CET 2026
#@# Cortical Parc 2 rh Wed Mar 11 11:25:58 CET 2026
#@# Cortical Parc 3 rh Wed Mar 11 11:26:10 CET 2026
#@# WM/GM Contrast rh Wed Mar 11 11:26:19 CET 2026
recon-all -s sub-v2s15x29749_ses-1 finished without error at Wed Mar 11 11:26:22 CET 2026



#New# invocation of recon-all 



status file for recon-all
Wed Mar 11 11:34:16 CET 2026
#@# white curv rh Wed Mar 11 11:34:17 CET 2026
#@# white area rh Wed Mar 11 11:34:17 CET 2026
#@# pial curv rh Wed Mar 11 11:34:17 CET 2026
#@# pial area rh Wed Mar 11 11:34:17 CET 2026
#@# thickness rh Wed Mar 11 11:34:17 CET 2026
#@# area and vertex vol rh Wed Mar 11 11:34:17 CET 2026
#@# Parcellation Stats rh Wed Mar 11 11:34:17 CET 2026
#@# Parcellation Stats 2 rh Wed Mar 11 11:34:33 CET 2026
#@# Parcellation Stats 3 rh Wed Mar 11 11:34:41 CET 2026
#@# BA_exvivo Labels rh Wed Mar 11 11:34:49 CET 2026
recon-all -s sub-v2s15x29749_ses-1 finished without error at Wed Mar 11 11:37:33 CET 2026
