status file for recon-all
Wed Mar 11 10:40:19 CET 2026
#@# Tessellate lh Wed Mar 11 10:40:19 CET 2026
#@# Smooth1 lh Wed Mar 11 10:40:22 CET 2026
#@# Inflation1 lh Wed Mar 11 10:40:25 CET 2026
#@# QSphere lh Wed Mar 11 10:40:39 CET 2026
#@# Fix Topology lh Wed Mar 11 10:42:04 CET 2026
#@# Smooth2 lh Wed Mar 11 10:47:48 CET 2026
#@# Inflation2 lh Wed Mar 11 10:47:51 CET 2026
#@# Curv .H and .K lh Wed Mar 11 10:48:07 CET 2026
#@# Sphere lh Wed Mar 11 10:48:48 CET 2026
#@# Surf Reg lh Wed Mar 11 10:53:03 CET 2026
#@# Jacobian white lh Wed Mar 11 10:57:10 CET 2026
#@# AvgCurv lh Wed Mar 11 10:57:11 CET 2026
#@# Cortical Parc lh Wed Mar 11 10:57:12 CET 2026
#@# white curv lh Wed Mar 11 11:03:58 CET 2026
#@# white area lh Wed Mar 11 11:04:00 CET 2026
#@# pial curv lh Wed Mar 11 11:04:01 CET 2026
#@# pial area lh Wed Mar 11 11:04:03 CET 2026
#@# thickness lh Wed Mar 11 11:04:03 CET 2026
#@# area and vertex vol lh Wed Mar 11 11:04:30 CET 2026
#@# Curvature Stats lh Wed Mar 11 11:04:32 CET 2026
#@# Cortical Parc 2 lh Wed Mar 11 11:04:34 CET 2026
#@# Cortical Parc 3 lh Wed Mar 11 11:04:47 CET 2026
#@# WM/GM Contrast lh Wed Mar 11 11:04:57 CET 2026
recon-all -s sub-v2s15x29749_ses-1 finished without error at Wed Mar 11 11:05:00 CET 2026



#New# invocation of recon-all 



status file for recon-all
Wed Mar 11 11:30:53 CET 2026
#@# white curv lh Wed Mar 11 11:30:54 CET 2026
#@# white area lh Wed Mar 11 11:30:54 CET 2026
#@# pial curv lh Wed Mar 11 11:30:54 CET 2026
#@# pial area lh Wed Mar 11 11:30:54 CET 2026
#@# thickness lh Wed Mar 11 11:30:54 CET 2026
#@# area and vertex vol lh Wed Mar 11 11:30:54 CET 2026
#@# Parcellation Stats lh Wed Mar 11 11:30:54 CET 2026
#@# Parcellation Stats 2 lh Wed Mar 11 11:31:10 CET 2026
#@# Parcellation Stats 3 lh Wed Mar 11 11:31:19 CET 2026
#@# BA_exvivo Labels lh Wed Mar 11 11:31:27 CET 2026
recon-all -s sub-v2s15x29749_ses-1 finished without error at Wed Mar 11 11:34:13 CET 2026
