/out/sourcedata/freesurfer/sub-v2s15x29758_ses-1/mri
/opt/freesurfer/bin/talairach_avi
--i orig_nu.mgz --xfm transforms/talairach.auto.xfm
talairach_avi 7.3.2
Linux dna056 5.14.0-427.37.1.el9_4.x86_64 #1 SMP PREEMPT_DYNAMIC Fri Sep 13 12:41:50 EDT 2024 x86_64 x86_64 x86_64 GNU/Linux
Wed Mar 11 09:56:21 CET 2026
mri_convert orig_nu.mgz talsrcimg.img 
reading from orig_nu.mgz...
TR=0.00, TE=0.00, TI=0.00, flip angle=0.00
i_ras = (-1, 0, 7.45058e-09)
j_ras = (0, 0, -1)
k_ras = (0, 1, 0)
writing to talsrcimg.img...
Analyze Output Matrix
-1.00000   0.00000   0.00000   130.91982;
 0.00000   0.00000   1.00000  -127.37080;
 0.00000  -1.00000   0.00000   124.56163;
 0.00000   0.00000   0.00000   1.00000;
--------------------
INFO: set hdr.hist.orient to -1
mpr2mni305 talsrcimg
Wed Mar 11 09:56:21 CET 2026
/opt/freesurfer/bin/mpr2mni305 talsrcimg
mpr2mni305 7.3.2
target=711-2C_as_mni_average_305

---------------------------------------------------------------------
analyzeto4dfp talsrcimg -O0 -y
---------------------------------------------------------------------

freesurfer ifh2hdr.c
Wed Mar 11 09:56:22 2026
Writing: talsrcimg.4dfp.hdr
freesurfer analyzeto4dfp.c
Reading: talsrcimg.hdr
header size 348 bytes
hdr.dime.datatype	offset=70	value=2
hdr.dime.bitpix		offset=72	value=8
hdr.hist.orient		offset=252	value=-1
dimensionality     4
dimensions       256       256       256         1
Reading: talsrcimg.img
Writing: talsrcimg.4dfp.img
Writing: talsrcimg.4dfp.ifh
ifh2hdr talsrcimg -r0to255
ori=2

---------------------------------------------------------------------
gauss_4dfp talsrcimg 1.1
---------------------------------------------------------------------

freesurfer gauss_4dfp.c
Reading: talsrcimg.4dfp.img
Writing: talsrcimg_g11.4dfp.img
image dimensions 256 256 256 padded to 288 288 288
processing volume 1freesurfer ifh2hdr.c
Wed Mar 11 09:56:23 2026
Writing: talsrcimg_g11.4dfp.hdr

Writing: talsrcimg_g11.4dfp.ifh
including: talsrcimg.4dfp.img.rec in talsrcimg_g11.4dfp.img.rec

---------------------------------------------------------------------
imgreg_4dfp /opt/freesurfer/average/711-2C_as_mni_average_305 none talsrcimg_g11 none talsrcimg_to_711-2C_as_mni_average_305_t4 4355
---------------------------------------------------------------------

freesurfer imgreg_4dfp.c
/opt/freesurfer/average/711-2C_as_mni_average_305.4dfp.img
       256       256       256         1
  1.000000  1.000000  1.000000
orientation T byte_order littleendian
Reading image: /opt/freesurfer/average/711-2C_as_mni_average_305.4dfp.img
dimensions:      256       256       256
mmppix:       1.0000   -1.0000   -1.0000
center:     128.0000 -129.0000 -129.0000
talsrcimg_g11.4dfp.img
       256       256       256         1
  1.000000  1.000000  1.000000
orientation T byte_order littleendian
Reading image: talsrcimg_g11.4dfp.img
dimensions:      256       256       256
mmppix:       1.0000   -1.0000   -1.0000
center:     128.0000 -129.0000 -129.0000
t4_read: open error in t4_sub.f l:  41 t4_file(1:l)talsrcimg_to_711-2C_as_mni_average_305_t4 
t4_read: transform initialized to I4
rotation matrix determinant  1.000000
image alignment mode   4355 decimal     1103 hex
   -7.5000  -45.0000  -45.0000 9246.9736   18.1840
    0.0000  -45.0000  -45.0000 9587.7861   18.1665
    7.5000  -45.0000  -45.0000 9187.6650   18.1538
   -7.5000  -37.5000  -45.0000 9634.0547   18.2140
    0.0000  -37.5000  -45.000010002.7910   18.1997
    7.5000  -37.5000  -45.0000 9550.0518   18.1853
   -7.5000  -30.0000  -45.000010312.1035   18.2238
    0.0000  -30.0000  -45.000010714.6895   18.2118
    7.5000  -30.0000  -45.000010211.7305   18.2018
   -7.5000  -22.5000  -45.000010938.7090   18.1974
    0.0000  -22.5000  -45.000011375.1123   18.1829
    7.5000  -22.5000  -45.000010825.4355   18.1790
   -7.5000  -15.0000  -45.000011530.8047   18.1650
    0.0000  -15.0000  -45.000012002.3408   18.1460
    7.5000  -15.0000  -45.000011424.6660   18.1440
   -7.5000   -7.5000  -45.000012080.2881   18.1605
    0.0000   -7.5000  -45.000012595.5508   18.1408
    7.5000   -7.5000  -45.000011988.5928   18.1346
   -7.5000    0.0000  -45.000012449.3438   18.1831
    0.0000    0.0000  -45.000012983.4512   18.1657
    7.5000    0.0000  -45.000012351.8271   18.1531
   -7.5000    7.5000  -45.000011716.6338   18.2140
    0.0000    7.5000  -45.000012212.1074   18.1997
    7.5000    7.5000  -45.000011608.5830   18.1853
   -7.5000   15.0000  -45.000010831.2432   18.2238
    0.0000   15.0000  -45.000011270.0908   18.2118
    7.5000   15.0000  -45.000010708.9717   18.2018
   -7.5000   22.5000  -45.0000 9840.7881   18.1949
    0.0000   22.5000  -45.000010246.8047   18.1804
    7.5000   22.5000  -45.0000 9777.1133   18.1765
   -7.5000   30.0000  -45.0000 8861.7930   17.9229
    0.0000   30.0000  -45.0000 9290.4131   17.9042
    7.5000   30.0000  -45.0000 8853.8086   17.9022
   -7.5000   37.5000  -45.0000 8241.7168   17.9269
    0.0000   37.5000  -45.0000 8667.4883   17.9072
    7.5000   37.5000  -45.0000 8261.3711   17.9010
   -7.5000   45.0000  -45.0000 7402.5059   17.6143
    0.0000   45.0000  -45.0000 7805.6445   17.5953
    7.5000   45.0000  -45.0000 7469.5654   17.5807
   -7.5000  -45.0000  -37.5000 9757.2432   18.0355
    0.0000  -45.0000  -37.500010125.7480   18.0136
    7.5000  -45.0000  -37.5000 9675.7373   18.0026
   -7.5000  -37.5000  -37.500010195.3369   18.0642
    0.0000  -37.5000  -37.500010564.2109   18.0416
    7.5000  -37.5000  -37.500010069.7686   18.0301
   -7.5000  -30.0000  -37.500010916.1240   18.0840
    0.0000  -30.0000  -37.500011320.3369   18.0632
    7.5000  -30.0000  -37.500010779.7529   18.0553
   -7.5000  -22.5000  -37.500011583.4160   18.0689
    0.0000  -22.5000  -37.500012011.3730   18.0504
    7.5000  -22.5000  -37.500011439.1143   18.0457
   -7.5000  -15.0000  -37.500012174.2803   18.0385
    0.0000  -15.0000  -37.500012616.6787   18.0203
    7.5000  -15.0000  -37.500012007.7910   18.0158
   -7.5000   -7.5000  -37.500012703.1758   18.0240
    0.0000   -7.5000  -37.500013197.7656   18.0044
    7.5000   -7.5000  -37.500012522.2803   17.9972
   -7.5000    0.0000  -37.500013083.7285   18.0346
    0.0000    0.0000  -37.500013604.5547   18.0128
    7.5000    0.0000  -37.500012901.0850   18.0019
   -7.5000    7.5000  -37.500012291.8701   18.0642
    0.0000    7.5000  -37.500012773.5420   18.0416
    7.5000    7.5000  -37.500012129.0869   18.0301
   -7.5000   15.0000  -37.500011333.0361   18.0840
    0.0000   15.0000  -37.500011784.6123   18.0632
    7.5000   15.0000  -37.500011207.9287   18.0553
   -7.5000   22.5000  -37.500010286.8457   18.0665
    0.0000   22.5000  -37.500010747.2666   18.0480
    7.5000   22.5000  -37.500010229.1826   18.0432
   -7.5000   30.0000  -37.5000 9241.3438   17.7981
    0.0000   30.0000  -37.5000 9711.8096   17.7802
    7.5000   30.0000  -37.5000 9246.5762   17.7757
   -7.5000   37.5000  -37.5000 8577.5918   17.7921
    0.0000   37.5000  -37.5000 9016.9844   17.7726
    7.5000   37.5000  -37.5000 8597.9785   17.7654
   -7.5000   45.0000  -37.5000 7692.2290   17.4696
    0.0000   45.0000  -37.5000 8106.5479   17.4471
    7.5000   45.0000  -37.5000 7785.0938   17.4348
   -7.5000  -45.0000  -30.000010441.5801   18.7607
    0.0000  -45.0000  -30.000010856.4141   18.7435
    7.5000  -45.0000  -30.000010377.8887   18.7323
   -7.5000  -37.5000  -30.000010900.4150   18.7833
    0.0000  -37.5000  -30.000011298.7695   18.7603
    7.5000  -37.5000  -30.000010785.8037   18.7484
   -7.5000  -30.0000  -30.000011697.5732   18.7987
    0.0000  -30.0000  -30.000012115.4814   18.7750
    7.5000  -30.0000  -30.000011557.4199   18.7642
   -7.5000  -22.5000  -30.000012441.1885   18.7869
    0.0000  -22.5000  -30.000012870.4824   18.7680
    7.5000  -22.5000  -30.000012254.6973   18.7581
   -7.5000  -15.0000  -30.000013042.9277   18.7633
    0.0000  -15.0000  -30.000013506.6650   18.7493
    7.5000  -15.0000  -30.000012850.3799   18.7392
   -7.5000   -7.5000  -30.000013565.2969   18.7516
    0.0000   -7.5000  -30.000014063.3848   18.7386
    7.5000   -7.5000  -30.000013349.4219   18.7285
   -7.5000    0.0000  -30.000013938.0293   18.7598
    0.0000    0.0000  -30.000014466.8096   18.7428
    7.5000    0.0000  -30.000013735.5039   18.7315
   -7.5000    7.5000  -30.000013077.3018   18.7833
    0.0000    7.5000  -30.000013622.8184   18.7603
    7.5000    7.5000  -30.000012928.2461   18.7484
   -7.5000   15.0000  -30.000012042.2197   18.7987
    0.0000   15.0000  -30.000012590.3545   18.7750
    7.5000   15.0000  -30.000011972.1133   18.7642
   -7.5000   22.5000  -30.000010917.7676   18.7824
    0.0000   22.5000  -30.000011449.1104   18.7635
    7.5000   22.5000  -30.000010884.5283   18.7536
   -7.5000   30.0000  -30.0000 9815.9980   18.5151
    0.0000   30.0000  -30.000010343.0635   18.5012
    7.5000   30.0000  -30.0000 9851.9453   18.4913
   -7.5000   37.5000  -30.0000 9082.7158   18.5124
    0.0000   37.5000  -30.0000 9563.4512   18.4993
    7.5000   37.5000  -30.0000 9136.3027   18.4892
   -7.5000   45.0000  -30.0000 8121.1577   18.1853
    0.0000   45.0000  -30.0000 8574.7354   18.1676
    7.5000   45.0000  -30.0000 8227.8447   18.1558
   -7.5000  -45.0000  -22.500011157.2275   19.4039
    0.0000  -45.0000  -22.500011621.1260   19.3957
    7.5000  -45.0000  -22.500011130.0557   19.3805
   -7.5000  -37.5000  -22.500011635.2803   19.4217
    0.0000  -37.5000  -22.500012063.4150   19.4071
    7.5000  -37.5000  -22.500011542.3711   19.3894
   -7.5000  -30.0000  -22.500012465.3428   19.4222
    0.0000  -30.0000  -22.500012938.8184   19.4044
    7.5000  -30.0000  -22.500012355.3711   19.3870
   -7.5000  -22.5000  -22.500013261.3955   19.4026
    0.0000  -22.5000  -22.500013738.4922   19.3874
    7.5000  -22.5000  -22.500013090.7646   19.3711
   -7.5000  -15.0000  -22.500013917.1924   19.3837
    0.0000  -15.0000  -22.500014429.4707   19.3735
    7.5000  -15.0000  -22.500013726.6602   19.3581
   -7.5000   -7.5000  -22.500014463.9463   19.3844
    0.0000   -7.5000  -22.500015009.1416   19.3784
    7.5000   -7.5000  -22.500014269.1035   19.3642
   -7.5000    0.0000  -22.500014838.0859   19.4030
    0.0000    0.0000  -22.500015415.5244   19.3949
    7.5000    0.0000  -22.500014667.4199   19.3797
   -7.5000    7.5000  -22.500013888.2588   19.4217
    0.0000    7.5000  -22.500014508.7959   19.4071
    7.5000    7.5000  -22.500013802.1582   19.3894
   -7.5000   15.0000  -22.500012781.2217   19.4222
    0.0000   15.0000  -22.500013418.5078   19.4044
    7.5000   15.0000  -22.500012773.3662   19.3870
   -7.5000   22.5000  -22.500011599.6484   19.3967
    0.0000   22.5000  -22.500012190.5107   19.3815
    7.5000   22.5000  -22.500011597.4844   19.3652
   -7.5000   30.0000  -22.500010409.3799   19.1302
    0.0000   30.0000  -22.500010979.5400   19.1201
    7.5000   30.0000  -22.500010461.4238   19.1049
   -7.5000   37.5000  -22.5000 9622.9561   19.1403
    0.0000   37.5000  -22.500010169.8633   19.1341
    7.5000   37.5000  -22.5000 9728.8262   19.1199
   -7.5000   45.0000  -22.5000 8593.8008   18.8225
    0.0000   45.0000  -22.5000 9095.0352   18.8130
    7.5000   45.0000  -22.5000 8719.4082   18.7975
   -7.5000  -45.0000  -15.000011872.2588   19.8902
    0.0000  -45.0000  -15.000012406.3037   19.8882
    7.5000  -45.0000  -15.000011899.2686   19.8709
   -7.5000  -37.5000  -15.000012363.3340   19.9108
    0.0000  -37.5000  -15.000012877.7676   19.9058
    7.5000  -37.5000  -15.000012346.5752   19.8844
   -7.5000  -30.0000  -15.000013197.0166   19.9020
    0.0000  -30.0000  -15.000013746.0898   19.8938
    7.5000  -30.0000  -15.000013150.5059   19.8730
   -7.5000  -22.5000  -15.000014024.1172   19.8708
    0.0000  -22.5000  -15.000014555.1641   19.8604
    7.5000  -22.5000  -15.000013897.3125   19.8433
   -7.5000  -15.0000  -15.000014731.4209   19.8487
    0.0000  -15.0000  -15.000015312.0742   19.8391
    7.5000  -15.0000  -15.000014593.0645   19.8248
   -7.5000   -7.5000  -15.000015327.8291   19.8583
    0.0000   -7.5000  -15.000015933.6357   19.8538
    7.5000   -7.5000  -15.000015180.4707   19.8403
   -7.5000    0.0000  -15.000015756.2637   19.8893
    0.0000    0.0000  -15.000016370.6055   19.8873
    7.5000    0.0000  -15.000015602.5986   19.8701
   -7.5000    7.5000  -15.000014723.5254   19.9108
    0.0000    7.5000  -15.000015382.5127   19.9058
    7.5000    7.5000  -15.000014630.4688   19.8844
   -7.5000   15.0000  -15.000013534.8008   19.9020
    0.0000   15.0000  -15.000014209.4219   19.8938
    7.5000   15.0000  -15.000013534.6074   19.8730
   -7.5000   22.5000  -15.000012315.2227   19.8638
    0.0000   22.5000  -15.000012956.3262   19.8534
    7.5000   22.5000  -15.000012322.2988   19.8362
   -7.5000   30.0000  -15.000011040.2568   19.5919
    0.0000   30.0000  -15.000011648.0195   19.5824
    7.5000   30.0000  -15.000011114.6934   19.5682
   -7.5000   37.5000  -15.000010213.8291   19.6109
    0.0000   37.5000  -15.000010774.8896   19.6062
    7.5000   37.5000  -15.000010299.4336   19.5926
   -7.5000   45.0000  -15.0000 9106.2061   19.3058
    0.0000   45.0000  -15.0000 9627.4980   19.3013
    7.5000   45.0000  -15.0000 9234.5205   19.2831
   -7.5000  -45.0000   -7.500012616.8955   20.1539
    0.0000  -45.0000   -7.500013233.1328   20.1464
    7.5000  -45.0000   -7.500012710.0771   20.1305
   -7.5000  -37.5000   -7.500013107.1455   20.1814
    0.0000  -37.5000   -7.500013738.6611   20.1761
    7.5000  -37.5000   -7.500013183.1904   20.1561
   -7.5000  -30.0000   -7.500013979.7490   20.1774
    0.0000  -30.0000   -7.500014600.9912   20.1717
    7.5000  -30.0000   -7.500014038.2305   20.1546
   -7.5000  -22.5000   -7.500014825.0146   20.1419
    0.0000  -22.5000   -7.500015381.4980   20.1310
    7.5000  -22.5000   -7.500014787.4932   20.1203
   -7.5000  -15.0000   -7.500015565.8828   20.1121
    0.0000  -15.0000   -7.500016180.7334   20.0969
    7.5000  -15.0000   -7.500015517.4873   20.0896
   -7.5000   -7.5000   -7.500016253.3662   20.1192
    0.0000   -7.5000   -7.500016882.1680   20.1070
    7.5000   -7.5000   -7.500016135.3271   20.0974
   -7.5000    0.0000   -7.500016697.3320   20.1530
    0.0000    0.0000   -7.500017366.7988   20.1456
    7.5000    0.0000   -7.500016556.8457   20.1297
   -7.5000    7.5000   -7.500015612.9482   20.1814
    0.0000    7.5000   -7.500016292.6553   20.1761
    7.5000    7.5000   -7.500015519.4111   20.1561
   -7.5000   15.0000   -7.500014372.2666   20.1774
    0.0000   15.0000   -7.500015033.3916   20.1717
    7.5000   15.0000   -7.500014333.0205   20.1546
   -7.5000   22.5000   -7.500013100.4160   20.1326
    0.0000   22.5000   -7.500013751.8506   20.1217
    7.5000   22.5000   -7.500013098.8633   20.1110
   -7.5000   30.0000   -7.500011769.0225   19.8513
    0.0000   30.0000   -7.500012384.5234   19.8363
    7.5000   30.0000   -7.500011794.9424   19.8291
   -7.5000   37.5000   -7.500010878.3291   19.8677
    0.0000   37.5000   -7.500011437.6221   19.8555
    7.5000   37.5000   -7.500010904.2822   19.8458
   -7.5000   45.0000   -7.5000 9683.7139   19.5657
    0.0000   45.0000   -7.500010211.9863   19.5557
    7.5000   45.0000   -7.5000 9774.9531   19.5377
   -7.5000  -45.0000    0.000013258.1768   20.2052
    0.0000  -45.0000    0.000013975.7588   20.1854
    7.5000  -45.0000    0.000013434.0400   20.1708
   -7.5000  -37.5000    0.000013813.2705   20.2384
    0.0000  -37.5000    0.000014586.0879   20.2221
    7.5000  -37.5000    0.000014042.1074   20.2057
   -7.5000  -30.0000    0.000014705.9238   20.2495
    0.0000  -30.0000    0.000015367.4082   20.2358
    7.5000  -30.0000    0.000014907.2002   20.2243
   -7.5000  -22.5000    0.000015551.4561   20.2207
    0.0000  -22.5000    0.000016049.9521   20.2043
    7.5000  -22.5000    0.000015608.5586   20.1994
   -7.5000  -15.0000    0.000016345.1094   20.1849
    0.0000  -15.0000    0.000016909.4316   20.1638
    7.5000  -15.0000    0.000016382.6270   20.1607
   -7.5000   -7.5000    0.000017071.7891   20.1796
    0.0000   -7.5000    0.000017699.8086   20.1576
    7.5000   -7.5000    0.000017047.7500   20.1498
   -7.5000    0.0000    0.000017556.2891   20.2043
    0.0000    0.0000    0.000018211.6621   20.1846
    7.5000    0.0000    0.000017485.1406   20.1700
   -7.5000    7.5000    0.000016495.1621   20.2384
    0.0000    7.5000    0.000017114.9688   20.2221
    7.5000    7.5000    0.000016399.1914   20.2057
   -7.5000   15.0000    0.000015213.0010   20.2495
    0.0000   15.0000    0.000015821.3242   20.2358
    7.5000   15.0000    0.000015135.3652   20.2243
   -7.5000   22.5000    0.000013889.2549   20.2114
    0.0000   22.5000    0.000014496.3291   20.1950
    7.5000   22.5000    0.000013819.9600   20.1901
   -7.5000   30.0000    0.000012487.0752   19.9237
    0.0000   30.0000    0.000013060.7793   19.9028
    7.5000   30.0000    0.000012430.5752   19.8998
   -7.5000   37.5000    0.000011494.1104   19.9277
    0.0000   37.5000    0.000012054.6719   19.9057
    7.5000   37.5000    0.000011461.8145   19.8979
   -7.5000   45.0000    0.000010186.5977   19.6173
    0.0000   45.0000    0.000010701.1152   19.5958
    7.5000   45.0000    0.000010204.0244   19.5789
   -7.5000  -45.0000    7.500012675.0830   20.1769
    0.0000  -45.0000    7.500013561.7090   20.1524
    7.5000  -45.0000    7.500013001.3369   20.1402
   -7.5000  -37.5000    7.500013394.7090   20.2091
    0.0000  -37.5000    7.500014430.7969   20.1837
    7.5000  -37.5000    7.500013812.8066   20.1709
   -7.5000  -30.0000    7.500014406.1055   20.2312
    0.0000  -30.0000    7.500015081.1846   20.2079
    7.5000  -30.0000    7.500014611.5820   20.1991
   -7.5000  -22.5000    7.500015247.7148   20.2144
    0.0000  -22.5000    7.500015566.9922   20.1937
    7.5000  -22.5000    7.500015196.1182   20.1884
   -7.5000  -15.0000    7.500016080.3867   20.1803
    0.0000  -15.0000    7.500016409.1523   20.1600
    7.5000  -15.0000    7.500015969.4873   20.1550
   -7.5000   -7.5000    7.500016808.9004   20.1640
    0.0000   -7.5000    7.500017220.5625   20.1421
    7.5000   -7.5000    7.500016638.3770   20.1341
   -7.5000    0.0000    7.500017241.1426   20.1759
    0.0000    0.0000    7.500017722.1973   20.1515
    7.5000    0.0000    7.500017000.2969   20.1394
   -7.5000    7.5000    7.500016143.9814   20.2091
    0.0000    7.5000    7.500016666.1387   20.1837
    7.5000    7.5000    7.500015905.4902   20.1709
   -7.5000   15.0000    7.500014801.7227   20.2312
    0.0000   15.0000    7.500015373.3086   20.2079
    7.5000   15.0000    7.500014618.3154   20.1991
   -7.5000   22.5000    7.500013461.0342   20.2051
    0.0000   22.5000    7.500014085.4727   20.1844
    7.5000   22.5000    7.500013345.5146   20.1791
   -7.5000   30.0000    7.500012076.7227   19.9192
    0.0000   30.0000    7.500012700.6270   19.8991
    7.5000   30.0000    7.500012017.2646   19.8942
   -7.5000   37.5000    7.500011125.7168   19.9124
    0.0000   37.5000    7.500011733.9014   19.8905
    7.5000   37.5000    7.500011105.2920   19.8826
   -7.5000   45.0000    7.5000 9904.7812   19.5898
    0.0000   45.0000    7.500010406.0156   19.5645
    7.5000   45.0000    7.5000 9913.0830   19.5509
   -7.5000  -45.0000   15.000011962.7363   20.1503
    0.0000  -45.0000   15.000012811.6855   20.1318
    7.5000  -45.0000   15.000012344.1309   20.1197
   -7.5000  -37.5000   15.000012675.0371   20.1746
    0.0000  -37.5000   15.000013633.0146   20.1498
    7.5000  -37.5000   15.000012985.5771   20.1370
   -7.5000  -30.0000   15.000013837.7686   20.1910
    0.0000  -30.0000   15.000014515.6758   20.1655
    7.5000  -30.0000   15.000013772.3691   20.1539
   -7.5000  -22.5000   15.000014739.9443   20.1784
    0.0000  -22.5000   15.000015198.4277   20.1580
    7.5000  -22.5000   15.000014446.7500   20.1474
   -7.5000  -15.0000   15.000015528.2715   20.1531
    0.0000  -15.0000   15.000016019.7207   20.1380
    7.5000  -15.0000   15.000015202.1104   20.1272
   -7.5000   -7.5000   15.000016151.3193   20.1405
    0.0000   -7.5000   15.000016664.2480   20.1265
    7.5000   -7.5000   15.000015820.9980   20.1157
   -7.5000    0.0000   15.000016468.0293   20.1493
    0.0000    0.0000   15.000016972.1094   20.1310
    7.5000    0.0000   15.000016161.4189   20.1189
   -7.5000    7.5000   15.000015367.3320   20.1746
    0.0000    7.5000   15.000015874.1689   20.1498
    7.5000    7.5000   15.000015146.8223   20.1370
   -7.5000   15.0000   15.000014091.9355   20.1910
    0.0000   15.0000   15.000014625.7646   20.1655
    7.5000   15.0000   15.000013960.0264   20.1539
   -7.5000   22.5000   15.000012857.3711   20.1691
    0.0000   22.5000   15.000013388.0918   20.1487
    7.5000   22.5000   15.000012793.9971   20.1381
   -7.5000   30.0000   15.000011543.9688   19.8923
    0.0000   30.0000   15.000012078.0010   19.8774
    7.5000   30.0000   15.000011519.6660   19.8667
   -7.5000   37.5000   15.000010615.5615   19.8894
    0.0000   37.5000   15.000011160.7959   19.8754
    7.5000   37.5000   15.000010645.4102   19.8646
   -7.5000   45.0000   15.0000 9431.3799   19.5639
    0.0000   45.0000   15.0000 9912.3262   19.5448
    7.5000   45.0000   15.0000 9493.0596   19.5322
   -7.5000  -45.0000   22.500011374.5615   20.2293
    0.0000  -45.0000   22.500012035.7617   20.2208
    7.5000  -45.0000   22.500011528.7383   20.2050
   -7.5000  -37.5000   22.500011983.3262   20.2482
    0.0000  -37.5000   22.500012599.0420   20.2328
    7.5000  -37.5000   22.500012017.1934   20.2144
   -7.5000  -30.0000   22.500012951.1514   20.2487
    0.0000  -30.0000   22.500013440.2949   20.2301
    7.5000  -30.0000   22.500012794.0469   20.2118
   -7.5000  -22.5000   22.500013786.6348   20.2281
    0.0000  -22.5000   22.500014276.0723   20.2122
    7.5000  -22.5000   22.500013628.5186   20.1951
   -7.5000  -15.0000   22.500014518.9180   20.2081
    0.0000  -15.0000   22.500015090.8535   20.1975
    7.5000  -15.0000   22.500014415.3516   20.1814
   -7.5000   -7.5000   22.500015075.6211   20.2088
    0.0000   -7.5000   22.500015700.7568   20.2027
    7.5000   -7.5000   22.500014992.8467   20.1879
   -7.5000    0.0000   22.500015379.0322   20.2283
    0.0000    0.0000   22.500016018.9219   20.2200
    7.5000    0.0000   22.500015293.4756   20.2042
   -7.5000    7.5000   22.500014348.9375   20.2482
    0.0000    7.5000   22.500014970.9639   20.2328
    7.5000    7.5000   22.500014293.3057   20.2144
   -7.5000   15.0000   22.500013180.2959   20.2487
    0.0000   15.0000   22.500013792.6680   20.2301
    7.5000   15.0000   22.500013156.7520   20.2118
   -7.5000   22.5000   22.500012023.9941   20.2188
    0.0000   22.5000   22.500012585.9717   20.2029
    7.5000   22.5000   22.500012028.8037   20.1858
   -7.5000   30.0000   22.500010812.1914   19.9466
    0.0000   30.0000   22.500011331.5137   19.9361
    7.5000   30.0000   22.500010862.9590   19.9202
   -7.5000   37.5000   22.5000 9999.9404   19.9551
    0.0000   37.5000   22.500010472.7656   19.9488
    7.5000   37.5000   22.500010056.1357   19.9342
   -7.5000   45.0000   22.5000 8915.9990   19.6355
    0.0000   45.0000   22.5000 9314.5400   19.6257
    7.5000   45.0000   22.5000 8964.1367   19.6097
   -7.5000  -45.0000   30.000010513.9434   20.4339
    0.0000  -45.0000   30.000011047.8789   20.4317
    7.5000  -45.0000   30.000010615.1982   20.4136
   -7.5000  -37.5000   30.000011010.0488   20.4553
    0.0000  -37.5000   30.000011513.4834   20.4501
    7.5000  -37.5000   30.000011037.7539   20.4276
   -7.5000  -30.0000   30.000011789.8359   20.4458
    0.0000  -30.0000   30.000012268.0771   20.4374
    7.5000  -30.0000   30.000011792.8848   20.4156
   -7.5000  -22.5000   30.000012538.3418   20.4131
    0.0000  -22.5000   30.000013082.2295   20.4023
    7.5000  -22.5000   30.000012613.0830   20.3844
   -7.5000  -15.0000   30.000013221.2725   20.3902
    0.0000  -15.0000   30.000013879.0469   20.3801
    7.5000  -15.0000   30.000013366.0254   20.3652
   -7.5000   -7.5000   30.000013786.5371   20.4003
    0.0000   -7.5000   30.000014460.0107   20.3956
    7.5000   -7.5000   30.000013930.6982   20.3815
   -7.5000    0.0000   30.000014126.4668   20.4329
    0.0000    0.0000   30.000014783.6582   20.4308
    7.5000    0.0000   30.000014239.4238   20.4127
   -7.5000    7.5000   30.000013254.3887   20.4553
    0.0000    7.5000   30.000013851.9688   20.4501
    7.5000    7.5000   30.000013315.1670   20.4276
   -7.5000   15.0000   30.000012198.7480   20.4458
    0.0000   15.0000   30.000012757.3945   20.4374
    7.5000   15.0000   30.000012257.9365   20.4156
   -7.5000   22.5000   30.000011130.5508   20.4037
    0.0000   22.5000   30.000011621.1211   20.3929
    7.5000   22.5000   30.000011170.5469   20.3750
   -7.5000   30.0000   30.000010004.3535   20.1263
    0.0000   30.0000   30.000010476.0410   20.1163
    7.5000   30.0000   30.000010080.3154   20.1016
   -7.5000   37.5000   30.0000 9259.8730   20.1426
    0.0000   37.5000   30.0000 9688.9883   20.1378
    7.5000   37.5000   30.0000 9337.2373   20.1239
   -7.5000   45.0000   30.0000 8240.0918   19.8292
    0.0000   45.0000   30.0000 8604.7646   19.8248
    7.5000   45.0000   30.0000 8300.3047   19.8059
   -7.5000  -45.0000   37.500010072.4746   20.8716
    0.0000  -45.0000   37.500010593.9639   20.8635
    7.5000  -45.0000   37.500010183.8467   20.8461
   -7.5000  -37.5000   37.500010538.2607   20.9007
    0.0000  -37.5000   37.500011033.6348   20.8953
    7.5000  -37.5000   37.500010593.8789   20.8736
   -7.5000  -30.0000   37.500011277.1533   20.8964
    0.0000  -30.0000   37.500011786.2725   20.8905
    7.5000  -30.0000   37.500011343.1445   20.8722
   -7.5000  -22.5000   37.500011974.3057   20.8585
    0.0000  -22.5000   37.500012553.6250   20.8470
    7.5000  -22.5000   37.500012129.0029   20.8354
   -7.5000  -15.0000   37.500012629.8633   20.8269
    0.0000  -15.0000   37.500013270.7061   20.8106
    7.5000  -15.0000   37.500012827.7891   20.8025
   -7.5000   -7.5000   37.500013196.6348   20.8347
    0.0000   -7.5000   37.500013872.4307   20.8214
    7.5000   -7.5000   37.500013394.0137   20.8108
   -7.5000    0.0000   37.500013565.6992   20.8706
    0.0000    0.0000   37.500014228.5381   20.8626
    7.5000    0.0000   37.500013738.4482   20.8452
   -7.5000    7.5000   37.500012752.2490   20.9007
    0.0000    7.5000   37.500013329.5605   20.8953
    7.5000    7.5000   37.500012861.1777   20.8736
   -7.5000   15.0000   37.500011761.8906   20.8964
    0.0000   15.0000   37.500012288.8457   20.8905
    7.5000   15.0000   37.500011839.6279   20.8722
   -7.5000   22.5000   37.500010723.9814   20.8489
    0.0000   22.5000   37.500011207.2607   20.8374
    7.5000   22.5000   37.500010783.3896   20.8258
   -7.5000   30.0000   37.5000 9638.5215   20.5574
    0.0000   30.0000   37.500010086.7588   20.5413
    7.5000   30.0000   37.5000 9723.3330   20.5333
   -7.5000   37.5000   37.5000 8906.7783   20.5701
    0.0000   37.5000   37.5000 9326.6494   20.5570
    7.5000   37.5000   37.5000 9019.6084   20.5466
   -7.5000   45.0000   37.5000 7897.7344   20.2515
    0.0000   45.0000   37.5000 8274.5166   20.2412
    7.5000   45.0000   37.5000 8024.7578   20.2219
   -7.5000  -45.0000   45.0000 9216.3340   21.3143
    0.0000  -45.0000   45.0000 9703.6533   21.2905
    7.5000  -45.0000   45.0000 9318.0566   21.2735
   -7.5000  -37.5000   45.0000 9625.1699   21.3496
    0.0000  -37.5000   45.000010104.9609   21.3299
    7.5000  -37.5000   45.0000 9701.2852   21.3108
   -7.5000  -30.0000   45.000010302.6279   21.3616
    0.0000  -30.0000   45.000010809.6455   21.3443
    7.5000  -30.0000   45.000010406.7412   21.3308
   -7.5000  -22.5000   45.000010946.7002   21.3308
    0.0000  -22.5000   45.000011505.4326   21.3102
    7.5000  -22.5000   45.000011128.5039   21.3040
   -7.5000  -15.0000   45.000011539.7705   21.2925
    0.0000  -15.0000   45.000012143.6650   21.2668
    7.5000  -15.0000   45.000011732.8301   21.2625
   -7.5000   -7.5000   45.000012062.0820   21.2869
    0.0000   -7.5000   45.000012676.0625   21.2604
    7.5000   -7.5000   45.000012249.9307   21.2511
   -7.5000    0.0000   45.000012405.1729   21.3132
    0.0000    0.0000   45.000013029.9512   21.2896
    7.5000    0.0000   45.000012587.4043   21.2726
   -7.5000    7.5000   45.000011657.3418   21.3496
    0.0000    7.5000   45.000012250.1250   21.3299
    7.5000    7.5000   45.000011808.0996   21.3108
   -7.5000   15.0000   45.000010770.0996   21.3616
    0.0000   15.0000   45.000011296.8350   21.3443
    7.5000   15.0000   45.000010891.3994   21.3308
   -7.5000   22.5000   45.0000 9859.9355   21.3209
    0.0000   22.5000   45.000010326.0762   21.3004
    7.5000   22.5000   45.0000 9963.8242   21.2941
   -7.5000   30.0000   45.0000 8893.6426   21.0152
    0.0000   30.0000   45.0000 9294.0732   20.9897
    7.5000   30.0000   45.0000 8972.0127   20.9855
   -7.5000   37.5000   45.0000 8214.8027   21.0136
    0.0000   37.5000   45.0000 8579.6650   20.9876
    7.5000   37.5000   45.0000 8297.2842   20.9785
   -7.5000   45.0000   45.0000 7280.0728   20.6892
    0.0000   45.0000   45.0000 7609.0015   20.6643
    7.5000   45.0000   45.0000 7367.5776   20.6449

---------------------------------------------------------------------
imgreg_4dfp /opt/freesurfer/average/711-2C_as_mni_average_305 /opt/freesurfer/average/711-2B_as_mni_average_305_mask talsrcimg_g11 none talsrcimg_to_711-2C_as_mni_average_305_t4 4355
---------------------------------------------------------------------

freesurfer imgreg_4dfp.c
/opt/freesurfer/average/711-2C_as_mni_average_305.4dfp.img
       256       256       256         1
  1.000000  1.000000  1.000000
orientation T byte_order littleendian
Reading image: /opt/freesurfer/average/711-2C_as_mni_average_305.4dfp.img
dimensions:      256       256       256
mmppix:       1.0000   -1.0000   -1.0000
center:     128.0000 -129.0000 -129.0000
/opt/freesurfer/average/711-2B_as_mni_average_305_mask.4dfp.img
       256       256       256         1
  1.000000  1.000000  1.000000
orientation T byte_order littleendian
Reading mask: /opt/freesurfer/average/711-2B_as_mni_average_305_mask.4dfp.img (2306576 pixels)
talsrcimg_g11.4dfp.img
       256       256       256         1
  1.000000  1.000000  1.000000
orientation T byte_order littleendian
Reading image: talsrcimg_g11.4dfp.img
dimensions:      256       256       256
mmppix:       1.0000   -1.0000   -1.0000
center:     128.0000 -129.0000 -129.0000
rotation matrix determinant  1.000000
image alignment mode   4355 decimal     1103 hex
   -7.5000  -45.0000  -45.0000 2330.1487   19.2792
    0.0000  -45.0000  -45.0000 2334.0923   19.0616
    7.5000  -45.0000  -45.0000 2321.0544   19.0319
   -7.5000  -37.5000  -45.0000 2357.5139   18.4629
    0.0000  -37.5000  -45.0000 2365.0007   18.3026
    7.5000  -37.5000  -45.0000 2352.0525   18.2085
   -7.5000  -30.0000  -45.0000 2370.9248   18.0176
    0.0000  -30.0000  -45.0000 2377.2312   17.8385
    7.5000  -30.0000  -45.0000 2367.6174   17.7841
   -7.5000  -22.5000  -45.0000 2362.7034   17.8150
    0.0000  -22.5000  -45.0000 2376.0903   17.6736
    7.5000  -22.5000  -45.0000 2368.0718   17.6073
   -7.5000  -15.0000  -45.0000 2357.8054   17.8812
    0.0000  -15.0000  -45.0000 2364.4109   17.7235
    7.5000  -15.0000  -45.0000 2358.4299   17.7241
   -7.5000   -7.5000  -45.0000 2334.3162   18.4058
    0.0000   -7.5000  -45.0000 2346.9578   18.2165
    7.5000   -7.5000  -45.0000 2338.5020   18.2296
   -7.5000    0.0000  -45.0000 2293.4138   19.2929
    0.0000    0.0000  -45.0000 2304.6160   19.0890
    7.5000    0.0000  -45.0000 2303.4187   19.0820
   -7.5000    7.5000  -45.0000 2238.3132   20.5222
    0.0000    7.5000  -45.0000 2248.2720   20.2635
    7.5000    7.5000  -45.0000 2246.5027   20.2763
   -7.5000   15.0000  -45.0000 2160.0259   22.1628
    0.0000   15.0000  -45.0000 2164.5288   21.8345
    7.5000   15.0000  -45.0000 2160.5444   21.9483
   -7.5000   22.5000  -45.0000 2060.4329   24.2001
    0.0000   22.5000  -45.0000 2058.6208   23.7937
    7.5000   22.5000  -45.0000 2064.4058   23.9569
   -7.5000   30.0000  -45.0000 1940.2460   26.8161
    0.0000   30.0000  -45.0000 1945.2712   26.3764
    7.5000   30.0000  -45.0000 1945.9913   26.5307
   -7.5000   37.5000  -45.0000 1816.2823   30.4291
    0.0000   37.5000  -45.0000 1823.8760   29.9545
    7.5000   37.5000  -45.0000 1820.8585   30.1720
   -7.5000   45.0000  -45.0000 1689.9073   35.3603
    0.0000   45.0000  -45.0000 1696.3560   34.8100
    7.5000   45.0000  -45.0000 1694.8905   35.0640
   -7.5000  -45.0000  -37.5000 2414.5088   17.9513
    0.0000  -45.0000  -37.5000 2416.8140   17.7266
    7.5000  -45.0000  -37.5000 2397.6599   17.7389
   -7.5000  -37.5000  -37.5000 2452.2832   17.1251
    0.0000  -37.5000  -37.5000 2460.3369   16.9544
    7.5000  -37.5000  -37.5000 2437.2505   16.9359
   -7.5000  -30.0000  -37.5000 2469.5159   16.7097
    0.0000  -30.0000  -37.5000 2476.4434   16.5093
    7.5000  -30.0000  -37.5000 2462.0962   16.4604
   -7.5000  -22.5000  -37.5000 2465.3672   16.5632
    0.0000  -22.5000  -37.5000 2480.8049   16.3658
    7.5000  -22.5000  -37.5000 2473.3823   16.2986
   -7.5000  -15.0000  -37.5000 2452.6392   16.6018
    0.0000  -15.0000  -37.5000 2463.3079   16.3997
    7.5000  -15.0000  -37.5000 2460.7961   16.4030
   -7.5000   -7.5000  -37.5000 2425.1331   17.0780
    0.0000   -7.5000  -37.5000 2443.6245   16.8711
    7.5000   -7.5000  -37.5000 2436.4453   16.8773
   -7.5000    0.0000  -37.5000 2388.6780   17.8764
    0.0000    0.0000  -37.5000 2403.1035   17.6807
    7.5000    0.0000  -37.5000 2397.5547   17.6578
   -7.5000    7.5000  -37.5000 2331.1279   19.0531
    0.0000    7.5000  -37.5000 2339.8704   18.8002
    7.5000    7.5000  -37.5000 2337.5168   18.7870
   -7.5000   15.0000  -37.5000 2246.6567   20.5684
    0.0000   15.0000  -37.5000 2250.3662   20.3019
    7.5000   15.0000  -37.5000 2249.3364   20.3477
   -7.5000   22.5000  -37.5000 2143.7788   22.4775
    0.0000   22.5000  -37.5000 2147.7649   22.1553
    7.5000   22.5000  -37.5000 2147.0005   22.2412
   -7.5000   30.0000  -37.5000 2020.9192   24.9286
    0.0000   30.0000  -37.5000 2031.3134   24.5265
    7.5000   30.0000  -37.5000 2028.5143   24.6492
   -7.5000   37.5000  -37.5000 1888.4694   28.1598
    0.0000   37.5000  -37.5000 1893.5852   27.7009
    7.5000   37.5000  -37.5000 1888.0171   27.8460
   -7.5000   45.0000  -37.5000 1748.5092   32.4292
    0.0000   45.0000  -37.5000 1756.3829   32.0108
    7.5000   45.0000  -37.5000 1754.0892   32.1997
   -7.5000  -45.0000  -30.0000 2528.0708   17.3232
    0.0000  -45.0000  -30.0000 2536.0474   17.0931
    7.5000  -45.0000  -30.0000 2519.6948   17.1150
   -7.5000  -37.5000  -30.0000 2572.3997   16.4783
    0.0000  -37.5000  -30.0000 2584.7173   16.2712
    7.5000  -37.5000  -30.0000 2566.6680   16.2873
   -7.5000  -30.0000  -30.0000 2597.2175   15.9655
    0.0000  -30.0000  -30.0000 2607.8740   15.7772
    7.5000  -30.0000  -30.0000 2600.3223   15.7764
   -7.5000  -22.5000  -30.0000 2608.1953   15.8569
    0.0000  -22.5000  -30.0000 2619.9260   15.6196
    7.5000  -22.5000  -30.0000 2615.7048   15.5821
   -7.5000  -15.0000  -30.0000 2594.4963   15.9532
    0.0000  -15.0000  -30.0000 2609.7288   15.7295
    7.5000  -15.0000  -30.0000 2603.6570   15.7071
   -7.5000   -7.5000  -30.0000 2566.8257   16.4458
    0.0000   -7.5000  -30.0000 2585.2932   16.2423
    7.5000   -7.5000  -30.0000 2579.2173   16.2326
   -7.5000    0.0000  -30.0000 2523.4871   17.2193
    0.0000    0.0000  -30.0000 2542.3418   17.0340
    7.5000    0.0000  -30.0000 2535.1711   16.9732
   -7.5000    7.5000  -30.0000 2457.4905   18.3027
    0.0000    7.5000  -30.0000 2475.3242   18.0834
    7.5000    7.5000  -30.0000 2470.4241   18.0391
   -7.5000   15.0000  -30.0000 2363.1453   19.7071
    0.0000   15.0000  -30.0000 2381.6470   19.4895
    7.5000   15.0000  -30.0000 2379.3757   19.4783
   -7.5000   22.5000  -30.0000 2251.2537   21.5434
    0.0000   22.5000  -30.0000 2264.8875   21.2864
    7.5000   22.5000  -30.0000 2264.3220   21.3298
   -7.5000   30.0000  -30.0000 2130.1875   23.9080
    0.0000   30.0000  -30.0000 2143.8289   23.5993
    7.5000   30.0000  -30.0000 2141.4529   23.6962
   -7.5000   37.5000  -30.0000 1991.1492   27.0267
    0.0000   37.5000  -30.0000 1992.7700   26.6074
    7.5000   37.5000  -30.0000 1996.0405   26.8221
   -7.5000   45.0000  -30.0000 1845.8622   31.1249
    0.0000   45.0000  -30.0000 1849.7692   30.5933
    7.5000   45.0000  -30.0000 1850.2472   30.8979
   -7.5000  -45.0000  -22.5000 2611.5483   16.6101
    0.0000  -45.0000  -22.5000 2628.0908   16.3659
    7.5000  -45.0000  -22.5000 2620.8408   16.3933
   -7.5000  -37.5000  -22.5000 2664.5386   15.7490
    0.0000  -37.5000  -22.5000 2681.7722   15.5121
    7.5000  -37.5000  -22.5000 2675.2847   15.5687
   -7.5000  -30.0000  -22.5000 2695.5312   15.1974
    0.0000  -30.0000  -22.5000 2711.2725   15.0126
    7.5000  -30.0000  -22.5000 2711.5723   15.0255
   -7.5000  -22.5000  -22.5000 2717.0803   15.0455
    0.0000  -22.5000  -22.5000 2731.0537   14.8243
    7.5000  -22.5000  -22.5000 2727.6865   14.7826
   -7.5000  -15.0000  -22.5000 2705.2021   15.1663
    0.0000  -15.0000  -22.5000 2727.5525   14.9592
    7.5000  -15.0000  -22.5000 2721.2605   14.9565
   -7.5000   -7.5000  -22.5000 2676.4763   15.6545
    0.0000   -7.5000  -22.5000 2702.5056   15.4887
    7.5000   -7.5000  -22.5000 2703.0627   15.4921
   -7.5000    0.0000  -22.5000 2628.8445   16.4559
    0.0000    0.0000  -22.5000 2654.6123   16.2716
    7.5000    0.0000  -22.5000 2656.4619   16.2877
   -7.5000    7.5000  -22.5000 2554.7029   17.4813
    0.0000    7.5000  -22.5000 2582.8535   17.2927
    7.5000    7.5000  -22.5000 2586.3044   17.2818
   -7.5000   15.0000  -22.5000 2458.8589   18.8318
    0.0000   15.0000  -22.5000 2488.8770   18.6127
    7.5000   15.0000  -22.5000 2490.0730   18.6327
   -7.5000   22.5000  -22.5000 2341.1819   20.5484
    0.0000   22.5000  -22.5000 2365.6711   20.2960
    7.5000   22.5000  -22.5000 2363.1323   20.3791
   -7.5000   30.0000  -22.5000 2204.8521   22.7735
    0.0000   30.0000  -22.5000 2227.9292   22.5258
    7.5000   30.0000  -22.5000 2225.6411   22.6013
   -7.5000   37.5000  -22.5000 2060.1384   25.7680
    0.0000   37.5000  -22.5000 2076.0579   25.4933
    7.5000   37.5000  -22.5000 2078.1951   25.5644
   -7.5000   45.0000  -22.5000 1918.5543   29.6731
    0.0000   45.0000  -22.5000 1933.0475   29.2905
    7.5000   45.0000  -22.5000 1928.6803   29.4495
   -7.5000  -45.0000  -15.0000 2664.3682   15.9765
    0.0000  -45.0000  -15.0000 2688.2126   15.7617
    7.5000  -45.0000  -15.0000 2682.0029   15.8634
   -7.5000  -37.5000  -15.0000 2726.2964   15.0776
    0.0000  -37.5000  -15.0000 2747.7607   14.8530
    7.5000  -37.5000  -15.0000 2749.6677   14.9477
   -7.5000  -30.0000  -15.0000 2763.2617   14.5139
    0.0000  -30.0000  -15.0000 2779.1531   14.3119
    7.5000  -30.0000  -15.0000 2783.2903   14.3611
   -7.5000  -22.5000  -15.0000 2787.9304   14.3029
    0.0000  -22.5000  -15.0000 2798.8682   14.0802
    7.5000  -22.5000  -15.0000 2796.2766   14.1259
   -7.5000  -15.0000  -15.0000 2779.3982   14.4219
    0.0000  -15.0000  -15.0000 2800.9192   14.2396
    7.5000  -15.0000  -15.0000 2798.2942   14.2989
   -7.5000   -7.5000  -15.0000 2755.7097   14.9249
    0.0000   -7.5000  -15.0000 2781.9802   14.7555
    7.5000   -7.5000  -15.0000 2786.2617   14.8307
   -7.5000    0.0000  -15.0000 2706.8911   15.7649
    0.0000    0.0000  -15.0000 2730.8662   15.5506
    7.5000    0.0000  -15.0000 2741.8635   15.6005
   -7.5000    7.5000  -15.0000 2628.5378   16.7930
    0.0000    7.5000  -15.0000 2654.3167   16.5570
    7.5000    7.5000  -15.0000 2658.6128   16.5873
   -7.5000   15.0000  -15.0000 2523.4026   18.0874
    0.0000   15.0000  -15.0000 2552.1248   17.8491
    7.5000   15.0000  -15.0000 2553.3967   17.8747
   -7.5000   22.5000  -15.0000 2405.1841   19.7641
    0.0000   22.5000  -15.0000 2428.5503   19.5062
    7.5000   22.5000  -15.0000 2424.1987   19.5713
   -7.5000   30.0000  -15.0000 2258.9470   21.9575
    0.0000   30.0000  -15.0000 2277.5732   21.6478
    7.5000   30.0000  -15.0000 2279.0178   21.7389
   -7.5000   37.5000  -15.0000 2112.2561   24.8664
    0.0000   37.5000  -15.0000 2126.7458   24.4961
    7.5000   37.5000  -15.0000 2122.4678   24.6121
   -7.5000   45.0000  -15.0000 1967.2560   28.6784
    0.0000   45.0000  -15.0000 1989.7788   28.2291
    7.5000   45.0000  -15.0000 1976.7014   28.4150
   -7.5000  -45.0000   -7.5000 2695.8826   15.4998
    0.0000  -45.0000   -7.5000 2720.2261   15.3096
    7.5000  -45.0000   -7.5000 2716.6851   15.5178
   -7.5000  -37.5000   -7.5000 2770.7991   14.5596
    0.0000  -37.5000   -7.5000 2794.8723   14.3381
    7.5000  -37.5000   -7.5000 2799.7314   14.5317
   -7.5000  -30.0000   -7.5000 2814.1948   13.9256
    0.0000  -30.0000   -7.5000 2834.3713   13.7189
    7.5000  -30.0000   -7.5000 2837.1895   13.8741
   -7.5000  -22.5000   -7.5000 2844.3594   13.6889
    0.0000  -22.5000   -7.5000 2852.2563   13.4370
    7.5000  -22.5000   -7.5000 2855.4712   13.6050
   -7.5000  -15.0000   -7.5000 2836.4651   13.8057
    0.0000  -15.0000   -7.5000 2852.6365   13.5882
    7.5000  -15.0000   -7.5000 2859.2263   13.7520
   -7.5000   -7.5000   -7.5000 2814.7012   14.3482
    0.0000   -7.5000   -7.5000 2834.5459   14.1122
    7.5000   -7.5000   -7.5000 2844.7253   14.2660
   -7.5000    0.0000   -7.5000 2760.9177   15.1830
    0.0000    0.0000   -7.5000 2785.9358   14.9220
    7.5000    0.0000   -7.5000 2795.3513   15.0058
   -7.5000    7.5000   -7.5000 2679.1782   16.2368
    0.0000    7.5000   -7.5000 2705.1978   15.9947
    7.5000    7.5000   -7.5000 2707.7405   16.0403
   -7.5000   15.0000   -7.5000 2578.6338   17.5181
    0.0000   15.0000   -7.5000 2595.1182   17.2812
    7.5000   15.0000   -7.5000 2596.1807   17.3520
   -7.5000   22.5000   -7.5000 2452.2595   19.1807
    0.0000   22.5000   -7.5000 2470.3999   18.9033
    7.5000   22.5000   -7.5000 2470.5046   18.9895
   -7.5000   30.0000   -7.5000 2304.9045   21.3388
    0.0000   30.0000   -7.5000 2319.2480   21.0019
    7.5000   30.0000   -7.5000 2319.1370   21.1030
   -7.5000   37.5000   -7.5000 2149.8892   24.1133
    0.0000   37.5000   -7.5000 2161.2932   23.7473
    7.5000   37.5000   -7.5000 2156.3303   23.9141
   -7.5000   45.0000   -7.5000 2001.8898   27.7494
    0.0000   45.0000   -7.5000 2015.3831   27.2690
    7.5000   45.0000   -7.5000 2010.0784   27.4973
   -7.5000  -45.0000    0.0000 2708.8596   15.3209
    0.0000  -45.0000    0.0000 2734.1038   15.1152
    7.5000  -45.0000    0.0000 2735.4521   15.4169
   -7.5000  -37.5000    0.0000 2797.6169   14.3748
    0.0000  -37.5000    0.0000 2822.3999   14.1463
    7.5000  -37.5000    0.0000 2825.3972   14.4168
   -7.5000  -30.0000    0.0000 2850.9138   13.6221
    0.0000  -30.0000    0.0000 2870.6311   13.3450
    7.5000  -30.0000    0.0000 2877.9456   13.6533
   -7.5000  -22.5000    0.0000 2882.5706   13.3224
    0.0000  -22.5000    0.0000 2882.0496   12.9712
    7.5000  -22.5000    0.0000 2892.6245   13.3168
   -7.5000  -15.0000    0.0000 2877.3430   13.4668
    0.0000  -15.0000    0.0000 2884.1194   13.1453
    7.5000  -15.0000    0.0000 2902.4160   13.4480
   -7.5000   -7.5000    0.0000 2854.1543   14.0381
    0.0000   -7.5000    0.0000 2867.4011   13.6972
    7.5000   -7.5000    0.0000 2885.5715   13.9358
   -7.5000    0.0000    0.0000 2798.1943   14.8784
    0.0000    0.0000    0.0000 2813.5605   14.5226
    7.5000    0.0000    0.0000 2831.2781   14.6977
   -7.5000    7.5000    0.0000 2721.5928   15.9510
    0.0000    7.5000    0.0000 2730.6826   15.6012
    7.5000    7.5000    0.0000 2744.7832   15.7433
   -7.5000   15.0000    0.0000 2616.2917   17.2718
    0.0000   15.0000    0.0000 2623.6736   16.9086
    7.5000   15.0000    0.0000 2630.8479   17.0531
   -7.5000   22.5000    0.0000 2487.8071   18.9353
    0.0000   22.5000    0.0000 2498.5796   18.5380
    7.5000   22.5000    0.0000 2502.5303   18.6971
   -7.5000   30.0000    0.0000 2334.4761   21.0341
    0.0000   30.0000    0.0000 2342.5591   20.5891
    7.5000   30.0000    0.0000 2344.2170   20.7584
   -7.5000   37.5000    0.0000 2170.5540   23.6392
    0.0000   37.5000    0.0000 2180.7705   23.1790
    7.5000   37.5000    0.0000 2176.8059   23.3843
   -7.5000   45.0000    0.0000 2020.9454   27.0003
    0.0000   45.0000    0.0000 2026.0010   26.5198
    7.5000   45.0000    0.0000 2020.8912   26.7651
   -7.5000  -45.0000    7.5000 2695.5098   15.2527
    0.0000  -45.0000    7.5000 2731.6516   15.1404
    7.5000  -45.0000    7.5000 2736.8540   15.4542
   -7.5000  -37.5000    7.5000 2797.1772   14.3794
    0.0000  -37.5000    7.5000 2833.3635   14.2549
    7.5000  -37.5000    7.5000 2839.9634   14.4702
   -7.5000  -30.0000    7.5000 2871.2986   13.7016
    0.0000  -30.0000    7.5000 2899.7861   13.4494
    7.5000  -30.0000    7.5000 2901.6436   13.7448
   -7.5000  -22.5000    7.5000 2913.4685   13.2957
    0.0000  -22.5000    7.5000 2908.4434   12.8460
    7.5000  -22.5000    7.5000 2922.9543   13.2600
   -7.5000  -15.0000    7.5000 2912.3428   13.4838
    0.0000  -15.0000    7.5000 2908.7554   13.0046
    7.5000  -15.0000    7.5000 2928.9070   13.3089
   -7.5000   -7.5000    7.5000 2879.9941   14.0308
    0.0000   -7.5000    7.5000 2885.6956   13.6296
    7.5000   -7.5000    7.5000 2906.7224   13.8122
   -7.5000    0.0000    7.5000 2815.8157   14.8319
    0.0000    0.0000    7.5000 2827.1475   14.4594
    7.5000    0.0000    7.5000 2838.6104   14.5346
   -7.5000    7.5000    7.5000 2730.9141   15.8231
    0.0000    7.5000    7.5000 2749.1003   15.5035
    7.5000    7.5000    7.5000 2752.6294   15.5194
   -7.5000   15.0000    7.5000 2615.9922   17.1186
    0.0000   15.0000    7.5000 2640.3984   16.8370
    7.5000   15.0000    7.5000 2636.5557   16.8335
   -7.5000   22.5000    7.5000 2489.7834   18.8014
    0.0000   22.5000    7.5000 2521.2585   18.5085
    7.5000   22.5000    7.5000 2509.9136   18.4938
   -7.5000   30.0000    7.5000 2347.8091   20.8817
    0.0000   30.0000    7.5000 2364.0896   20.5767
    7.5000   30.0000    7.5000 2353.4399   20.5240
   -7.5000   37.5000    7.5000 2189.6172   23.4678
    0.0000   37.5000    7.5000 2203.4402   23.1345
    7.5000   37.5000    7.5000 2190.5537   23.1548
   -7.5000   45.0000    7.5000 2038.6262   26.9131
    0.0000   45.0000    7.5000 2038.4696   26.3661
    7.5000   45.0000    7.5000 2036.1138   26.5186
   -7.5000  -45.0000   15.0000 2663.4026   15.4672
    0.0000  -45.0000   15.0000 2712.9155   15.3433
    7.5000  -45.0000   15.0000 2734.3750   15.6603
   -7.5000  -37.5000   15.0000 2770.2681   14.6415
    0.0000  -37.5000   15.0000 2816.8752   14.4967
    7.5000  -37.5000   15.0000 2835.8977   14.6969
   -7.5000  -30.0000   15.0000 2856.9053   14.0911
    0.0000  -30.0000   15.0000 2890.0591   13.7858
    7.5000  -30.0000   15.0000 2887.6763   13.8947
   -7.5000  -22.5000   15.0000 2909.3054   13.7351
    0.0000  -22.5000   15.0000 2915.6497   13.2597
    7.5000  -22.5000   15.0000 2913.1187   13.3648
   -7.5000  -15.0000   15.0000 2907.2251   13.6918
    0.0000  -15.0000   15.0000 2929.4102   13.3365
    7.5000  -15.0000   15.0000 2922.5708   13.4173
   -7.5000   -7.5000   15.0000 2878.9070   14.0869
    0.0000   -7.5000   15.0000 2898.5962   13.8138
    7.5000   -7.5000   15.0000 2898.9617   13.8616
   -7.5000    0.0000   15.0000 2810.0242   14.8789
    0.0000    0.0000   15.0000 2823.8992   14.5789
    7.5000    0.0000   15.0000 2832.4563   14.5769
   -7.5000    7.5000   15.0000 2721.7593   15.8632
    0.0000    7.5000   15.0000 2744.1919   15.5853
    7.5000    7.5000   15.0000 2745.7803   15.5690
   -7.5000   15.0000   15.0000 2612.2734   17.1837
    0.0000   15.0000   15.0000 2639.3049   16.8733
    7.5000   15.0000   15.0000 2634.5967   16.8792
   -7.5000   22.5000   15.0000 2493.6323   18.9144
    0.0000   22.5000   15.0000 2516.7769   18.6008
    7.5000   22.5000   15.0000 2511.0498   18.5891
   -7.5000   30.0000   15.0000 2344.0469   20.9946
    0.0000   30.0000   15.0000 2364.0010   20.6829
    7.5000   30.0000   15.0000 2353.3469   20.7076
   -7.5000   37.5000   15.0000 2188.3848   23.6082
    0.0000   37.5000   15.0000 2206.2510   23.2447
    7.5000   37.5000   15.0000 2188.9912   23.2561
   -7.5000   45.0000   15.0000 2043.6931   26.9933
    0.0000   45.0000   15.0000 2044.3920   26.5018
    7.5000   45.0000   15.0000 2040.6011   26.5364
   -7.5000  -45.0000   22.5000 2658.2185   16.2837
    0.0000  -45.0000   22.5000 2695.6396   16.0647
    7.5000  -45.0000   22.5000 2711.4878   16.2154
   -7.5000  -37.5000   22.5000 2760.9858   15.3984
    0.0000  -37.5000   22.5000 2792.4819   15.1073
    7.5000  -37.5000   22.5000 2804.3142   15.2041
   -7.5000  -30.0000   22.5000 2831.2126   14.7556
    0.0000  -30.0000   22.5000 2854.9724   14.2888
    7.5000  -30.0000   22.5000 2854.1521   14.3844
   -7.5000  -22.5000   22.5000 2883.0205   14.3556
    0.0000  -22.5000   22.5000 2896.0139   13.9010
    7.5000  -22.5000   22.5000 2898.7395   13.9947
   -7.5000  -15.0000   22.5000 2884.2883   14.3029
    0.0000  -15.0000   22.5000 2904.4304   13.9276
    7.5000  -15.0000   22.5000 2908.0278   14.0069
   -7.5000   -7.5000   22.5000 2857.8298   14.6176
    0.0000   -7.5000   22.5000 2879.7312   14.3645
    7.5000   -7.5000   22.5000 2880.1250   14.3833
   -7.5000    0.0000   22.5000 2788.5032   15.3426
    0.0000    0.0000   22.5000 2810.7510   15.1248
    7.5000    0.0000   22.5000 2810.1946   15.0997
   -7.5000    7.5000   22.5000 2696.9602   16.2870
    0.0000    7.5000   22.5000 2726.7930   16.0592
    7.5000    7.5000   22.5000 2725.0303   16.0119
   -7.5000   15.0000   22.5000 2595.7175   17.5257
    0.0000   15.0000   22.5000 2623.7852   17.2584
    7.5000   15.0000   22.5000 2615.2561   17.2036
   -7.5000   22.5000   22.5000 2477.9604   19.1620
    0.0000   22.5000   22.5000 2495.1677   18.8355
    7.5000   22.5000   22.5000 2488.1880   18.8199
   -7.5000   30.0000   22.5000 2333.1360   21.3034
    0.0000   30.0000   22.5000 2350.9727   20.8983
    7.5000   30.0000   22.5000 2341.6086   20.9262
   -7.5000   37.5000   22.5000 2185.6772   24.0240
    0.0000   37.5000   22.5000 2202.5632   23.5497
    7.5000   37.5000   22.5000 2192.6011   23.6504
   -7.5000   45.0000   22.5000 2038.4607   27.4145
    0.0000   45.0000   22.5000 2049.1414   26.9266
    7.5000   45.0000   22.5000 2039.0438   27.0324
   -7.5000  -45.0000   30.0000 2632.9856   17.2310
    0.0000  -45.0000   30.0000 2661.5044   16.9094
    7.5000  -45.0000   30.0000 2669.0562   16.9820
   -7.5000  -37.5000   30.0000 2729.6721   16.2407
    0.0000  -37.5000   30.0000 2754.3059   15.8079
    7.5000  -37.5000   30.0000 2758.7114   15.8700
   -7.5000  -30.0000   30.0000 2787.1575   15.4583
    0.0000  -30.0000   30.0000 2809.6594   15.0174
    7.5000  -30.0000   30.0000 2817.0930   15.0959
   -7.5000  -22.5000   30.0000 2833.2004   15.0454
    0.0000  -22.5000   30.0000 2845.9495   14.6672
    7.5000  -22.5000   30.0000 2860.9568   14.7691
   -7.5000  -15.0000   30.0000 2832.8811   14.9990
    0.0000  -15.0000   30.0000 2857.1736   14.6537
    7.5000  -15.0000   30.0000 2869.0076   14.7666
   -7.5000   -7.5000   30.0000 2808.1628   15.2836
    0.0000   -7.5000   30.0000 2830.1335   14.9818
    7.5000   -7.5000   30.0000 2837.3914   15.1010
   -7.5000    0.0000   30.0000 2743.4255   16.0380
    0.0000    0.0000   30.0000 2771.1743   15.7757
    7.5000    0.0000   30.0000 2771.3569   15.8167
   -7.5000    7.5000   30.0000 2659.8318   17.0369
    0.0000    7.5000   30.0000 2692.5100   16.7862
    7.5000    7.5000   30.0000 2687.1296   16.7229
   -7.5000   15.0000   30.0000 2558.7913   18.2166
    0.0000   15.0000   30.0000 2585.7234   17.9525
    7.5000   15.0000   30.0000 2582.3450   17.8812
   -7.5000   22.5000   30.0000 2446.1814   19.7797
    0.0000   22.5000   30.0000 2454.4971   19.4302
    7.5000   22.5000   30.0000 2452.5000   19.3846
   -7.5000   30.0000   30.0000 2305.1812   21.8624
    0.0000   30.0000   30.0000 2320.2974   21.4150
    7.5000   30.0000   30.0000 2316.3137   21.4035
   -7.5000   37.5000   30.0000 2170.7856   24.5863
    0.0000   37.5000   30.0000 2182.9407   24.0420
    7.5000   37.5000   30.0000 2177.2395   24.1129
   -7.5000   45.0000   30.0000 2020.4974   28.0196
    0.0000   45.0000   30.0000 2027.0741   27.4758
    7.5000   45.0000   30.0000 2021.7938   27.5906
   -7.5000  -45.0000   37.5000 2592.6655   18.2004
    0.0000  -45.0000   37.5000 2617.4099   17.8024
    7.5000  -45.0000   37.5000 2618.8357   17.8191
   -7.5000  -37.5000   37.5000 2676.4702   17.1446
    0.0000  -37.5000   37.5000 2705.1553   16.6965
    7.5000  -37.5000   37.5000 2707.4958   16.7179
   -7.5000  -30.0000   37.5000 2733.8884   16.3180
    0.0000  -30.0000   37.5000 2757.8945   15.9498
    7.5000  -30.0000   37.5000 2762.9856   15.9881
   -7.5000  -22.5000   37.5000 2773.1819   15.8961
    0.0000  -22.5000   37.5000 2792.5178   15.5775
    7.5000  -22.5000   37.5000 2808.9988   15.6590
   -7.5000  -15.0000   37.5000 2768.7568   15.8401
    0.0000  -15.0000   37.5000 2795.8618   15.5102
    7.5000  -15.0000   37.5000 2809.9768   15.6116
   -7.5000   -7.5000   37.5000 2742.1431   16.1736
    0.0000   -7.5000   37.5000 2769.3135   15.8396
    7.5000   -7.5000   37.5000 2776.6948   15.9758
   -7.5000    0.0000   37.5000 2684.9224   16.8779
    0.0000    0.0000   37.5000 2711.7617   16.5729
    7.5000    0.0000   37.5000 2717.2090   16.6360
   -7.5000    7.5000   37.5000 2613.9810   17.8418
    0.0000    7.5000   37.5000 2641.0498   17.5682
    7.5000    7.5000   37.5000 2638.6560   17.5471
   -7.5000   15.0000   37.5000 2515.9336   19.0967
    0.0000   15.0000   37.5000 2536.1929   18.8069
    7.5000   15.0000   37.5000 2531.0532   18.7227
   -7.5000   22.5000   37.5000 2397.4307   20.6356
    0.0000   22.5000   37.5000 2408.1223   20.2891
    7.5000   22.5000   37.5000 2400.1665   20.2085
   -7.5000   30.0000   37.5000 2267.0144   22.6349
    0.0000   30.0000   37.5000 2277.9607   22.2063
    7.5000   30.0000   37.5000 2274.1069   22.2074
   -7.5000   37.5000   37.5000 2139.3298   25.3693
    0.0000   37.5000   37.5000 2145.3755   24.8259
    7.5000   37.5000   37.5000 2142.0415   24.9013
   -7.5000   45.0000   37.5000 1985.8754   28.9324
    0.0000   45.0000   37.5000 1992.7159   28.2882
    7.5000   45.0000   37.5000 1989.8708   28.4024
   -7.5000  -45.0000   45.0000 2530.4741   19.2936
    0.0000  -45.0000   45.0000 2556.9658   18.8757
    7.5000  -45.0000   45.0000 2560.1211   18.8325
   -7.5000  -37.5000   45.0000 2608.2742   18.1768
    0.0000  -37.5000   45.0000 2640.5745   17.7897
    7.5000  -37.5000   45.0000 2642.1831   17.7596
   -7.5000  -30.0000   45.0000 2661.5061   17.3574
    0.0000  -30.0000   45.0000 2688.2808   17.0392
    7.5000  -30.0000   45.0000 2693.6167   17.0392
   -7.5000  -22.5000   45.0000 2694.1501   16.9523
    0.0000  -22.5000   45.0000 2718.7681   16.6544
    7.5000  -22.5000   45.0000 2734.5215   16.6875
   -7.5000  -15.0000   45.0000 2694.3484   16.8608
    0.0000  -15.0000   45.0000 2716.6113   16.5593
    7.5000  -15.0000   45.0000 2730.7603   16.6294
   -7.5000   -7.5000   45.0000 2674.2991   17.1621
    0.0000   -7.5000   45.0000 2699.4053   16.8546
    7.5000   -7.5000   45.0000 2706.8511   16.9478
   -7.5000    0.0000   45.0000 2619.1992   17.8450
    0.0000    0.0000   45.0000 2647.3601   17.5506
    7.5000    0.0000   45.0000 2650.6465   17.5603
   -7.5000    7.5000   45.0000 2549.4424   18.7874
    0.0000    7.5000   45.0000 2577.1816   18.5083
    7.5000    7.5000   45.0000 2573.8052   18.4667
   -7.5000   15.0000   45.0000 2455.4412   20.0944
    0.0000   15.0000   45.0000 2470.8948   19.7440
    7.5000   15.0000   45.0000 2464.4700   19.6479
   -7.5000   22.5000   45.0000 2342.8530   21.7107
    0.0000   22.5000   45.0000 2353.5203   21.3049
    7.5000   22.5000   45.0000 2347.0159   21.2553
   -7.5000   30.0000   45.0000 2219.8257   23.7208
    0.0000   30.0000   45.0000 2225.8799   23.2800
    7.5000   30.0000   45.0000 2219.1895   23.2730
   -7.5000   37.5000   45.0000 2091.6145   26.4336
    0.0000   37.5000   45.0000 2096.2883   25.9300
    7.5000   37.5000   45.0000 2089.5662   25.9033
   -7.5000   45.0000   45.0000 1936.9019   30.1021
    0.0000   45.0000   45.0000 1949.7823   29.4161
    7.5000   45.0000   45.0000 1946.2705   29.4363

---------------------------------------------------------------------
imgreg_4dfp /opt/freesurfer/average/711-2C_as_mni_average_305 /opt/freesurfer/average/711-2B_as_mni_average_305_mask talsrcimg_g11 none talsrcimg_to_711-2C_as_mni_average_305_t4 1283
---------------------------------------------------------------------

freesurfer imgreg_4dfp.c
/opt/freesurfer/average/711-2C_as_mni_average_305.4dfp.img
       256       256       256         1
  1.000000  1.000000  1.000000
orientation T byte_order littleendian
Reading image: /opt/freesurfer/average/711-2C_as_mni_average_305.4dfp.img
dimensions:      256       256       256
mmppix:       1.0000   -1.0000   -1.0000
center:     128.0000 -129.0000 -129.0000
/opt/freesurfer/average/711-2B_as_mni_average_305_mask.4dfp.img
       256       256       256         1
  1.000000  1.000000  1.000000
orientation T byte_order littleendian
Reading mask: /opt/freesurfer/average/711-2B_as_mni_average_305_mask.4dfp.img (2306576 pixels)
talsrcimg_g11.4dfp.img
       256       256       256         1
  1.000000  1.000000  1.000000
orientation T byte_order littleendian
Reading image: talsrcimg_g11.4dfp.img
dimensions:      256       256       256
mmppix:       1.0000   -1.0000   -1.0000
center:     128.0000 -129.0000 -129.0000
rotation matrix determinant  1.000000
fimgreg.f
image alignment mode   1283 decimal      503 hex
parameters
    0.0000  -15.0000   15.0000    0.0000    0.0000    0.0000
eta,q 0.92166 13.37038
niter,ni,del,rscale     5    3   12.0000    1.2000
parameter  5  1.238060 ->  0.500000 qaram    1.1500
parameter  6  1.873590 ->  0.500000 qaram    1.1500
parameters
    0.3344  -14.6789   15.0401   -0.8516   -3.4500   -3.4500
eta,q 0.92135 13.24052
  0.0865  0.0897  0.0865  0.0856  0.0808  0.0779
  0.0826  0.0867  0.0854  0.0839  0.0810  0.0784
  0.0822  0.0843  0.0842  0.0834  0.0825  0.0795
  0.0845  0.0840  0.0835  0.0835  0.0834  0.0814
  0.0844  0.0841  0.0835  0.0839  0.0841  0.0834
  0.0842  0.0858  0.0847  0.0852  0.0857  0.0854
  0.0842  0.0886  0.0870  0.0872  0.0886  0.0875
niter,ni,del,rscale     6    3   12.0000    1.2000
parameter  6  2.461445 ->  0.500000 qaram    1.3225
parameters
    1.6588  -15.7187   14.2907   -1.1495   -4.8365   -7.4175
eta,q 0.92421 13.09375
  0.0856  0.0817  0.0797  0.0822  0.0813  0.0734
  0.0808  0.0793  0.0810  0.0796  0.0796  0.0753
  0.0775  0.0784  0.0808  0.0787  0.0787  0.0769
  0.0786  0.0801  0.0791  0.0798  0.0795  0.0788
  0.0804  0.0801  0.0777  0.0816  0.0805  0.0817
  0.0800  0.0807  0.0801  0.0812  0.0812  0.0849
  0.0796  0.0839  0.0834  0.0807  0.0834  0.0874
niter,ni,del,rscale     6    3   12.0000    1.2000
parameter  2  2.992140 ->  0.500000 qaram    1.1500
parameter  6  0.910098 ->  0.500000 qaram    1.5209
parameters
    3.3494  -19.1687   14.1252   -0.2402   -4.8019  -11.9801
eta,q 0.93541 12.99340
  0.0831  0.0719  0.0734  0.0796  0.0755  0.0649
  0.0785  0.0695  0.0736  0.0774  0.0723  0.0646
  0.0762  0.0708  0.0714  0.0729  0.0699  0.0654
  0.0758  0.0756  0.0693  0.0692  0.0690  0.0690
  0.0757  0.0768  0.0704  0.0698  0.0702  0.0754
  0.0760  0.0764  0.0717  0.0728  0.0718  0.0821
  0.0771  0.0785  0.0758  0.0762  0.0755  0.0870
niter,ni,del,rscale     7    3   12.0000    1.2000
parameters
    3.2860  -20.2567   14.5808    0.4039   -4.2300  -13.6776
eta,q 0.93568 13.07221
  0.0727  0.0728  0.0701  0.0765  0.0739  0.0715
  0.0712  0.0675  0.0685  0.0716  0.0696  0.0666
  0.0685  0.0654  0.0665  0.0665  0.0667  0.0646
  0.0646  0.0647  0.0644  0.0645  0.0644  0.0642
  0.0649  0.0699  0.0654  0.0652  0.0646  0.0664
  0.0690  0.0737  0.0662  0.0683  0.0670  0.0727
  0.0760  0.0750  0.0697  0.0725  0.0720  0.0804
niter,ni,del,rscale     6    3   12.0000    1.2000
parameters
    3.1179  -20.2857   14.6981    0.5691   -4.0468  -13.7819
eta,q 0.93558 13.08458
  0.0725  0.0753  0.0700  0.0741  0.0740  0.0751
  0.0703  0.0690  0.0688  0.0697  0.0699  0.0691
  0.0674  0.0671  0.0659  0.0661  0.0671  0.0654
  0.0643  0.0645  0.0645  0.0645  0.0645  0.0644
  0.0645  0.0670  0.0656  0.0656  0.0649  0.0647
  0.0682  0.0719  0.0670  0.0690  0.0684  0.0689
  0.0766  0.0737  0.0707  0.0732  0.0742  0.0763
niter,ni,del,rscale     5    3   12.0000    1.2000
parameters
    3.0669  -20.2787   14.7345    0.6312   -3.9997  -13.7914
eta,q 0.93558 13.08895
  0.0730  0.0753  0.0698  0.0737  0.0738  0.0754
  0.0706  0.0691  0.0687  0.0695  0.0698  0.0693
  0.0675  0.0672  0.0657  0.0660  0.0671  0.0655
  0.0644  0.0645  0.0644  0.0645  0.0644  0.0644
  0.0646  0.0669  0.0655  0.0657  0.0650  0.0648
  0.0680  0.0718  0.0671  0.0693  0.0688  0.0687
  0.0762  0.0735  0.0708  0.0734  0.0748  0.0761
niter,ni,del,rscale     4    3   12.0000    1.2000
parameters
    3.0538  -20.2771   14.7557    0.6557   -3.9828  -13.7930
eta,q 0.93558 13.09180
  0.0731  0.0752  0.0698  0.0736  0.0738  0.0754
  0.0707  0.0691  0.0687  0.0694  0.0698  0.0693
  0.0676  0.0672  0.0657  0.0659  0.0670  0.0655
  0.0644  0.0644  0.0644  0.0644  0.0644  0.0644
  0.0646  0.0670  0.0655  0.0657  0.0651  0.0648
  0.0680  0.0718  0.0671  0.0693  0.0689  0.0687
  0.0761  0.0735  0.0708  0.0735  0.0749  0.0761
registration optimization eta report
parameter search radius
    6.0000    6.9000    6.0000    6.0000    6.9000    9.1253
100000*second partial in parameter space
       27.       19.       15.       25.       20.       14.
  0.0731  0.0752  0.0698  0.0736  0.0738  0.0754
  0.0707  0.0691  0.0687  0.0694  0.0698  0.0693
  0.0676  0.0672  0.0657  0.0659  0.0670  0.0655
  0.0644  0.0644  0.0644  0.0644  0.0644  0.0644
  0.0646  0.0670  0.0655  0.0657  0.0651  0.0648
  0.0680  0.0718  0.0671  0.0693  0.0689  0.0687
  0.0761  0.0735  0.0708  0.0735  0.0749  0.0761
    3.0538  -20.2771   14.7557    0.6557   -3.9828  -13.7930
eta,q 0.93558 13.09180

---------------------------------------------------------------------
imgreg_4dfp /opt/freesurfer/average/711-2C_as_mni_average_305 /opt/freesurfer/average/711-2B_as_mni_average_305_mask talsrcimg_g11 none talsrcimg_to_711-2C_as_mni_average_305_t4 3335
---------------------------------------------------------------------

freesurfer imgreg_4dfp.c
/opt/freesurfer/average/711-2C_as_mni_average_305.4dfp.img
       256       256       256         1
  1.000000  1.000000  1.000000
orientation T byte_order littleendian
Reading image: /opt/freesurfer/average/711-2C_as_mni_average_305.4dfp.img
dimensions:      256       256       256
mmppix:       1.0000   -1.0000   -1.0000
center:     128.0000 -129.0000 -129.0000
/opt/freesurfer/average/711-2B_as_mni_average_305_mask.4dfp.img
       256       256       256         1
  1.000000  1.000000  1.000000
orientation T byte_order littleendian
Reading mask: /opt/freesurfer/average/711-2B_as_mni_average_305_mask.4dfp.img (2306576 pixels)
talsrcimg_g11.4dfp.img
       256       256       256         1
  1.000000  1.000000  1.000000
orientation T byte_order littleendian
Reading image: talsrcimg_g11.4dfp.img
dimensions:      256       256       256
mmppix:       1.0000   -1.0000   -1.0000
center:     128.0000 -129.0000 -129.0000
fimgreg.f
image alignment mode   3335 decimal      D07 hex
parameters
    3.0538  -20.2771   14.7557   -3.1182   -2.9090   -0.2480
   23.9171    6.4721  -23.7839   -2.7672   -6.9456    1.1416
eta,q 0.93403 13.15347
niter,ni,del,rscale     5    3    5.0000    1.2000
parameter  2 -1.023172 -> -0.500000 qaram    1.1500
parameter  3  0.530360 ->  0.500000 qaram    1.1500
parameter  4 -7.410646 ->  0.500000 qaram    1.1500
parameter  5  7.575027 ->  0.500000 qaram    1.1500
parameter  6  1.285913 ->  0.500000 qaram    1.1500
parameter  7  1.119253 ->  0.500000 qaram    1.1500
parameter  9 -1.659140 -> -0.500000 qaram    1.1500
parameter 10 -0.762956 -> -0.500000 qaram    1.1500
parameter 12 -0.939907 -> -0.500000 qaram    1.1500
parameters
    2.7544  -18.8971   13.3757   -7.2582   -7.0490   -4.3880
   19.7771    8.2007  -19.6439    1.3728   -5.5904    5.2816
eta,q 0.95661 13.06569
  0.0665  0.0679  0.0654  0.0527  0.0500  0.0471  0.0478  0.0550  0.0519  0.0526  0.0463  0.0485
  0.0662  0.0671  0.0651  0.0561  0.0528  0.0486  0.0480  0.0519  0.0504  0.0505  0.0454  0.0470
  0.0661  0.0665  0.0651  0.0606  0.0552  0.0504  0.0484  0.0495  0.0490  0.0482  0.0448  0.0455
  0.0660  0.0660  0.0654  0.0650  0.0573  0.0535  0.0490  0.0481  0.0478  0.0463  0.0445  0.0444
  0.0660  0.0656  0.0661  0.0681  0.0594  0.0583  0.0499  0.0478  0.0468  0.0449  0.0445  0.0437
  0.0663  0.0654  0.0672  0.0713  0.0622  0.0652  0.0510  0.0487  0.0461  0.0445  0.0447  0.0433
  0.0671  0.0653  0.0684  0.0751  0.0654  0.0693  0.0523  0.0507  0.0456  0.0452  0.0453  0.0433
niter,ni,del,rscale     7    3    5.0000    1.2000
parameter  2  0.559942 ->  0.500000 qaram    1.3225
parameter  3  1.493369 ->  0.500000 qaram    1.3225
parameter  4  1.298844 ->  0.500000 qaram    1.3225
parameter  5  3.523089 ->  0.500000 qaram    1.3225
parameter 12  0.579531 ->  0.500000 qaram    1.3225
parameters
    1.9656  -20.4841   11.7887  -12.0192  -11.8100   -6.7656
   19.4605    7.8255  -18.8919   -2.5065   -9.1436    0.5206
eta,q 0.97434 13.06503
  0.0444  0.0429  0.0391  0.0333  0.0251  0.0310  0.0323  0.0323  0.0321  0.0288  0.0269  0.0263
  0.0435  0.0424  0.0394  0.0339  0.0272  0.0296  0.0301  0.0301  0.0302  0.0271  0.0266  0.0257
  0.0431  0.0425  0.0406  0.0359  0.0303  0.0284  0.0287  0.0288  0.0289  0.0270  0.0266  0.0258
  0.0434  0.0431  0.0424  0.0397  0.0342  0.0280  0.0283  0.0283  0.0283  0.0283  0.0269  0.0265
  0.0444  0.0441  0.0445  0.0452  0.0387  0.0301  0.0290  0.0287  0.0285  0.0306  0.0275  0.0277
  0.0460  0.0456  0.0467  0.0511  0.0425  0.0347  0.0306  0.0304  0.0294  0.0341  0.0283  0.0293
  0.0483  0.0475  0.0491  0.0556  0.0466  0.0406  0.0329  0.0338  0.0309  0.0382  0.0292  0.0312
niter,ni,del,rscale     7    3    5.0000    1.2000
parameter  3  0.716005 ->  0.500000 qaram    1.5209
parameters
    1.5778  -21.1687    9.9636  -14.7882  -16.2318   -5.7160
   20.5140    8.3427  -19.7044   -1.8089   -9.3898   -1.3268
eta,q 0.97844 12.98644
  0.0286  0.0291  0.0241  0.0272  0.0252  0.0279  0.0269  0.0265  0.0242  0.0290  0.0225  0.0234
  0.0267  0.0267  0.0238  0.0253  0.0234  0.0262  0.0247  0.0239  0.0228  0.0245  0.0220  0.0220
  0.0257  0.0255  0.0243  0.0240  0.0226  0.0247  0.0230  0.0225  0.0219  0.0224  0.0218  0.0215
  0.0257  0.0256  0.0253  0.0239  0.0240  0.0227  0.0220  0.0218  0.0218  0.0217  0.0217  0.0217
  0.0266  0.0272  0.0269  0.0260  0.0282  0.0214  0.0219  0.0219  0.0223  0.0222  0.0219  0.0225
  0.0286  0.0302  0.0291  0.0313  0.0342  0.0222  0.0230  0.0229  0.0236  0.0238  0.0221  0.0236
  0.0314  0.0343  0.0321  0.0384  0.0399  0.0276  0.0252  0.0255  0.0254  0.0264  0.0226  0.0252
niter,ni,del,rscale     7    3    5.0000    1.2000
parameters
    1.8172  -20.5666   10.1564  -14.7231  -17.4606   -5.5368
   20.5775    8.5506  -19.7870   -1.0559   -9.5229   -2.1629
eta,q 0.97864 12.95568
  0.0258  0.0289  0.0258  0.0274  0.0271  0.0269  0.0256  0.0257  0.0243  0.0281  0.0223  0.0237
  0.0237  0.0255  0.0235  0.0249  0.0244  0.0252  0.0235  0.0232  0.0227  0.0237  0.0217  0.0221
  0.0223  0.0229  0.0220  0.0228  0.0223  0.0237  0.0221  0.0219  0.0217  0.0218  0.0215  0.0214
  0.0216  0.0215  0.0213  0.0212  0.0212  0.0215  0.0214  0.0214  0.0214  0.0214  0.0214  0.0214
  0.0217  0.0213  0.0216  0.0210  0.0222  0.0207  0.0217  0.0216  0.0217  0.0218  0.0215  0.0220
  0.0227  0.0225  0.0229  0.0233  0.0264  0.0232  0.0232  0.0228  0.0227  0.0231  0.0218  0.0229
  0.0245  0.0250  0.0250  0.0288  0.0326  0.0284  0.0258  0.0254  0.0244  0.0254  0.0223  0.0243
niter,ni,del,rscale     6    3    5.0000    1.2000
parameters
    1.9043  -20.2625   10.1078  -14.5676  -17.8592   -5.4997
   20.4691    8.7346  -19.7756   -0.5267   -9.5548   -2.6206
eta,q 0.97861 12.95104
  0.0252  0.0273  0.0252  0.0275  0.0278  0.0268  0.0255  0.0257  0.0242  0.0275  0.0223  0.0239
  0.0232  0.0243  0.0232  0.0251  0.0250  0.0252  0.0234  0.0232  0.0226  0.0233  0.0217  0.0222
  0.0219  0.0223  0.0219  0.0229  0.0227  0.0236  0.0220  0.0218  0.0217  0.0216  0.0215  0.0215
  0.0214  0.0213  0.0213  0.0213  0.0212  0.0214  0.0214  0.0214  0.0214  0.0214  0.0214  0.0214
  0.0216  0.0215  0.0218  0.0210  0.0214  0.0206  0.0217  0.0216  0.0216  0.0219  0.0215  0.0219
  0.0228  0.0229  0.0233  0.0233  0.0246  0.0236  0.0233  0.0228  0.0226  0.0232  0.0218  0.0228
  0.0248  0.0255  0.0255  0.0287  0.0306  0.0287  0.0260  0.0254  0.0242  0.0254  0.0223  0.0241
niter,ni,del,rscale     5    3    5.0000    1.2000
parameters
    1.9469  -20.1094   10.0290  -14.5017  -17.9825   -5.5026
   20.4073    8.8457  -19.7827   -0.1944   -9.5828   -2.8629
eta,q 0.97858 12.95137
  0.0251  0.0267  0.0252  0.0275  0.0280  0.0268  0.0255  0.0257  0.0241  0.0271  0.0223  0.0241
  0.0232  0.0239  0.0232  0.0251  0.0253  0.0252  0.0235  0.0232  0.0226  0.0231  0.0217  0.0223
  0.0219  0.0221  0.0219  0.0229  0.0229  0.0236  0.0220  0.0219  0.0217  0.0215  0.0215  0.0215
  0.0214  0.0214  0.0214  0.0214  0.0214  0.0214  0.0214  0.0214  0.0214  0.0214  0.0214  0.0214
  0.0217  0.0217  0.0219  0.0211  0.0213  0.0206  0.0217  0.0217  0.0216  0.0220  0.0215  0.0219
  0.0229  0.0232  0.0234  0.0234  0.0242  0.0238  0.0233  0.0228  0.0226  0.0233  0.0218  0.0228
  0.0249  0.0258  0.0257  0.0290  0.0299  0.0288  0.0260  0.0256  0.0242  0.0256  0.0223  0.0241
niter,ni,del,rscale     4    3    5.0000    1.2000
parameters
    1.9689  -20.0233    9.9703  -14.4791  -18.0339   -5.5180
   20.3789    8.9147  -19.7962    0.0020   -9.6020   -2.9843
eta,q 0.97854 12.95162
  0.0251  0.0264  0.0253  0.0275  0.0281  0.0269  0.0255  0.0257  0.0241  0.0269  0.0223  0.0242
  0.0231  0.0237  0.0233  0.0251  0.0254  0.0253  0.0235  0.0232  0.0226  0.0230  0.0218  0.0224
  0.0219  0.0220  0.0220  0.0230  0.0230  0.0236  0.0221  0.0219  0.0218  0.0215  0.0215  0.0216
  0.0214  0.0214  0.0214  0.0214  0.0214  0.0214  0.0214  0.0214  0.0214  0.0214  0.0215  0.0215
  0.0218  0.0218  0.0219  0.0212  0.0212  0.0207  0.0218  0.0217  0.0217  0.0220  0.0215  0.0219
  0.0230  0.0233  0.0234  0.0235  0.0241  0.0239  0.0232  0.0229  0.0226  0.0234  0.0218  0.0228
  0.0250  0.0259  0.0257  0.0291  0.0298  0.0289  0.0259  0.0257  0.0242  0.0257  0.0223  0.0241
niter,ni,del,rscale     3    3    5.0000    1.2000
parameters
    1.9825  -19.9752    9.9335  -14.4673  -18.0592   -5.5308
   20.3635    8.9577  -19.8014    0.1156   -9.6044   -3.0670
eta,q 0.97852 12.95161
  0.0251  0.0263  0.0254  0.0276  0.0281  0.0269  0.0256  0.0257  0.0241  0.0267  0.0223  0.0243
  0.0232  0.0236  0.0233  0.0252  0.0254  0.0253  0.0235  0.0232  0.0226  0.0229  0.0218  0.0224
  0.0219  0.0220  0.0220  0.0230  0.0231  0.0237  0.0221  0.0219  0.0218  0.0215  0.0215  0.0216
  0.0215  0.0215  0.0215  0.0215  0.0215  0.0215  0.0215  0.0215  0.0215  0.0215  0.0215  0.0215
  0.0218  0.0219  0.0219  0.0212  0.0213  0.0207  0.0218  0.0218  0.0217  0.0221  0.0216  0.0219
  0.0230  0.0234  0.0234  0.0236  0.0240  0.0240  0.0233  0.0229  0.0226  0.0234  0.0218  0.0228
  0.0251  0.0260  0.0256  0.0292  0.0298  0.0289  0.0259  0.0257  0.0242  0.0258  0.0223  0.0241
niter,ni,del,rscale     2    3    5.0000    1.2000
parameters
    1.9897  -19.9469    9.9106  -14.4607  -18.0792   -5.5380
   20.3536    8.9788  -19.8081    0.1798   -9.5992   -3.1113
eta,q 0.97851 12.95122
  0.0251  0.0262  0.0254  0.0276  0.0281  0.0269  0.0256  0.0257  0.0241  0.0266  0.0224  0.0243
  0.0232  0.0236  0.0233  0.0252  0.0254  0.0253  0.0236  0.0232  0.0227  0.0229  0.0218  0.0224
  0.0219  0.0220  0.0221  0.0230  0.0231  0.0237  0.0222  0.0219  0.0218  0.0215  0.0215  0.0216
  0.0215  0.0215  0.0215  0.0215  0.0215  0.0215  0.0215  0.0215  0.0215  0.0215  0.0215  0.0215
  0.0218  0.0219  0.0219  0.0212  0.0213  0.0207  0.0218  0.0218  0.0217  0.0221  0.0216  0.0219
  0.0230  0.0234  0.0233  0.0236  0.0240  0.0240  0.0233  0.0230  0.0226  0.0235  0.0218  0.0228
  0.0251  0.0261  0.0256  0.0292  0.0298  0.0289  0.0259  0.0258  0.0242  0.0258  0.0223  0.0241
registration optimization eta report
parameter search radius
    2.4000    3.1740    3.6501    9.5220    9.5220    8.2800
    8.2800    7.2000    8.2800    8.2800    7.2000    9.5220
100000*second partial in parameter space
       62.       47.       30.        8.        8.        9.
        6.        8.        4.        7.        2.        3.
  0.0251  0.0262  0.0254  0.0276  0.0281  0.0269  0.0256  0.0257  0.0241  0.0266  0.0224  0.0243
  0.0232  0.0236  0.0233  0.0252  0.0254  0.0253  0.0236  0.0232  0.0227  0.0229  0.0218  0.0224
  0.0219  0.0220  0.0221  0.0230  0.0231  0.0237  0.0222  0.0219  0.0218  0.0215  0.0215  0.0216
  0.0215  0.0215  0.0215  0.0215  0.0215  0.0215  0.0215  0.0215  0.0215  0.0215  0.0215  0.0215
  0.0218  0.0219  0.0219  0.0212  0.0213  0.0207  0.0218  0.0218  0.0217  0.0221  0.0216  0.0219
  0.0230  0.0234  0.0233  0.0236  0.0240  0.0240  0.0233  0.0230  0.0226  0.0235  0.0218  0.0228
  0.0251  0.0261  0.0256  0.0292  0.0298  0.0289  0.0259  0.0258  0.0242  0.0258  0.0223  0.0241
    1.9897  -19.9469    9.9106  -14.4607  -18.0792   -5.5380
   20.3536    8.9788  -19.8081    0.1798   -9.5992   -3.1113
eta,q 0.97851 12.95122

---------------------------------------------------------------------
imgreg_4dfp /opt/freesurfer/average/711-2C_as_mni_average_305 /opt/freesurfer/average/711-2B_as_mni_average_305_mask talsrcimg_g11 none talsrcimg_to_711-2C_as_mni_average_305_t4 2311
---------------------------------------------------------------------

freesurfer imgreg_4dfp.c
/opt/freesurfer/average/711-2C_as_mni_average_305.4dfp.img
       256       256       256         1
  1.000000  1.000000  1.000000
orientation T byte_order littleendian
Reading image: /opt/freesurfer/average/711-2C_as_mni_average_305.4dfp.img
dimensions:      256       256       256
mmppix:       1.0000   -1.0000   -1.0000
center:     128.0000 -129.0000 -129.0000
/opt/freesurfer/average/711-2B_as_mni_average_305_mask.4dfp.img
       256       256       256         1
  1.000000  1.000000  1.000000
orientation T byte_order littleendian
Reading mask: /opt/freesurfer/average/711-2B_as_mni_average_305_mask.4dfp.img (2306576 pixels)
talsrcimg_g11.4dfp.img
       256       256       256         1
  1.000000  1.000000  1.000000
orientation T byte_order littleendian
Reading image: talsrcimg_g11.4dfp.img
dimensions:      256       256       256
mmppix:       1.0000   -1.0000   -1.0000
center:     128.0000 -129.0000 -129.0000
fimgreg.f
image alignment mode   2311 decimal      907 hex
parameters
    1.9897  -19.9469    9.9106  -14.4607  -18.0792   -5.5380
   20.3536    8.9788  -19.8081    0.1798   -9.5992   -3.1113
eta,q 0.97851 12.95123
niter,ni,del,rscale     5    3    5.0000    0.8000
parameters
    2.0229  -19.8982    9.9932  -12.8166  -16.8735   -4.0221
   19.9848    9.2306  -19.4346    0.5745   -9.7808   -3.0462
eta,q 0.97970 13.06971
  0.0232  0.0227  0.0224  0.0241  0.0238  0.0246  0.0220  0.0235  0.0217  0.0230  0.0209  0.0214
  0.0223  0.0221  0.0220  0.0230  0.0227  0.0236  0.0211  0.0218  0.0209  0.0214  0.0205  0.0208
  0.0217  0.0216  0.0216  0.0222  0.0219  0.0222  0.0205  0.0208  0.0205  0.0206  0.0203  0.0204
  0.0215  0.0215  0.0215  0.0215  0.0211  0.0208  0.0203  0.0203  0.0203  0.0203  0.0203  0.0203
  0.0216  0.0216  0.0216  0.0212  0.0208  0.0203  0.0206  0.0204  0.0204  0.0204  0.0204  0.0204
  0.0222  0.0220  0.0218  0.0213  0.0211  0.0203  0.0214  0.0212  0.0207  0.0210  0.0206  0.0208
  0.0231  0.0226  0.0223  0.0221  0.0222  0.0224  0.0227  0.0230  0.0213  0.0221  0.0210  0.0213
niter,ni,del,rscale     4    3    5.0000    0.7000
parameters
    1.8287  -20.1345   10.0721  -12.9810  -16.7119   -4.0327
   20.2444    9.1772  -19.4022    0.0996   -9.6481   -2.7759
eta,q 0.97981 13.07279
  0.0214  0.0210  0.0211  0.0219  0.0222  0.0233  0.0218  0.0222  0.0210  0.0215  0.0207  0.0211
  0.0207  0.0205  0.0206  0.0211  0.0214  0.0220  0.0210  0.0211  0.0206  0.0206  0.0204  0.0206
  0.0203  0.0203  0.0203  0.0205  0.0207  0.0208  0.0205  0.0205  0.0203  0.0202  0.0203  0.0203
  0.0203  0.0203  0.0202  0.0202  0.0203  0.0202  0.0202  0.0202  0.0202  0.0202  0.0202  0.0202
  0.0206  0.0205  0.0203  0.0203  0.0203  0.0201  0.0203  0.0204  0.0203  0.0205  0.0202  0.0203
  0.0213  0.0210  0.0205  0.0210  0.0209  0.0211  0.0207  0.0211  0.0206  0.0212  0.0204  0.0205
  0.0223  0.0218  0.0209  0.0224  0.0222  0.0242  0.0215  0.0224  0.0210  0.0222  0.0206  0.0209
niter,ni,del,rscale     3    3    5.0000    0.6000
parameters
    1.7986  -20.2534   10.1599  -12.9035  -16.5693   -3.7858
   20.2796    9.1335  -19.4192   -0.0887   -9.6165   -2.5645
eta,q 0.97990 13.08145
  0.0212  0.0209  0.0208  0.0215  0.0217  0.0227  0.0212  0.0216  0.0207  0.0212  0.0205  0.0208
  0.0207  0.0204  0.0205  0.0209  0.0210  0.0216  0.0206  0.0208  0.0204  0.0205  0.0203  0.0204
  0.0203  0.0202  0.0203  0.0204  0.0205  0.0206  0.0203  0.0203  0.0202  0.0202  0.0201  0.0202
  0.0202  0.0202  0.0202  0.0202  0.0202  0.0202  0.0201  0.0201  0.0201  0.0201  0.0201  0.0201
  0.0203  0.0203  0.0202  0.0202  0.0202  0.0200  0.0202  0.0202  0.0202  0.0203  0.0201  0.0201
  0.0207  0.0207  0.0204  0.0206  0.0206  0.0205  0.0206  0.0208  0.0204  0.0207  0.0203  0.0203
  0.0214  0.0212  0.0206  0.0216  0.0216  0.0226  0.0212  0.0218  0.0207  0.0215  0.0205  0.0206
niter,ni,del,rscale     2    3    5.0000    0.5000
parameters
    1.7714  -20.3307   10.1893  -12.8265  -16.4578   -3.6030
   20.3013    9.1327  -19.4078   -0.2087   -9.6049   -2.4480
eta,q 0.97995 13.08768
  0.0208  0.0206  0.0205  0.0211  0.0212  0.0219  0.0208  0.0212  0.0205  0.0209  0.0203  0.0205
  0.0204  0.0203  0.0203  0.0206  0.0207  0.0210  0.0204  0.0206  0.0202  0.0204  0.0202  0.0203
  0.0202  0.0201  0.0201  0.0203  0.0203  0.0203  0.0202  0.0202  0.0201  0.0201  0.0201  0.0201
  0.0201  0.0201  0.0201  0.0201  0.0201  0.0201  0.0201  0.0201  0.0201  0.0201  0.0201  0.0200
  0.0202  0.0202  0.0201  0.0201  0.0201  0.0200  0.0201  0.0201  0.0201  0.0202  0.0201  0.0201
  0.0205  0.0204  0.0202  0.0204  0.0204  0.0203  0.0204  0.0205  0.0202  0.0205  0.0202  0.0202
  0.0209  0.0208  0.0205  0.0211  0.0211  0.0218  0.0208  0.0212  0.0205  0.0210  0.0203  0.0205
niter,ni,del,rscale     1    3    5.0000    0.4000
parameters
    1.7494  -20.3824   10.1983  -12.7536  -16.3661   -3.4447
   20.3134    9.1556  -19.3876   -0.2700   -9.6153   -2.3725
eta,q 0.97999 13.09276
  0.0205  0.0204  0.0203  0.0207  0.0208  0.0211  0.0205  0.0208  0.0203  0.0206  0.0202  0.0203
  0.0203  0.0202  0.0202  0.0204  0.0204  0.0205  0.0203  0.0204  0.0201  0.0202  0.0201  0.0202
  0.0201  0.0201  0.0201  0.0202  0.0202  0.0202  0.0201  0.0201  0.0200  0.0201  0.0200  0.0201
  0.0200  0.0200  0.0200  0.0201  0.0200  0.0200  0.0200  0.0200  0.0200  0.0200  0.0200  0.0200
  0.0201  0.0201  0.0201  0.0201  0.0201  0.0200  0.0201  0.0201  0.0200  0.0201  0.0200  0.0200
  0.0203  0.0202  0.0201  0.0203  0.0203  0.0202  0.0202  0.0203  0.0201  0.0203  0.0201  0.0201
  0.0206  0.0205  0.0203  0.0207  0.0207  0.0210  0.0205  0.0208  0.0203  0.0206  0.0202  0.0203
registration optimization eta report
parameter search radius
    0.8000    0.8000    0.8000    2.4000    2.4000    2.4000
    2.4000    2.4000    2.4000    2.4000    2.4000    2.4000
100000*second partial in parameter space
       80.       61.       39.       11.       12.       19.
        9.       13.        5.       10.        3.        5.
  0.0205  0.0204  0.0203  0.0207  0.0208  0.0211  0.0205  0.0208  0.0203  0.0206  0.0202  0.0203
  0.0203  0.0202  0.0202  0.0204  0.0204  0.0205  0.0203  0.0204  0.0201  0.0202  0.0201  0.0202
  0.0201  0.0201  0.0201  0.0202  0.0202  0.0202  0.0201  0.0201  0.0200  0.0201  0.0200  0.0201
  0.0200  0.0200  0.0200  0.0201  0.0200  0.0200  0.0200  0.0200  0.0200  0.0200  0.0200  0.0200
  0.0201  0.0201  0.0201  0.0201  0.0201  0.0200  0.0201  0.0201  0.0200  0.0201  0.0200  0.0200
  0.0203  0.0202  0.0201  0.0203  0.0203  0.0202  0.0202  0.0203  0.0201  0.0203  0.0201  0.0201
  0.0206  0.0205  0.0203  0.0207  0.0207  0.0210  0.0205  0.0208  0.0203  0.0206  0.0202  0.0203
    1.7494  -20.3824   10.1983  -12.7536  -16.3661   -3.4447
   20.3134    9.1556  -19.3876   -0.2700   -9.6153   -2.3725
eta,q 0.97999 13.09276

---------------------------------------------------------------------
imgreg_4dfp /opt/freesurfer/average/711-2C_as_mni_average_305 /opt/freesurfer/average/711-2B_as_mni_average_305_mask talsrcimg_g11 none talsrcimg_to_711-2C_as_mni_average_305_t4 2311
---------------------------------------------------------------------

freesurfer imgreg_4dfp.c
/opt/freesurfer/average/711-2C_as_mni_average_305.4dfp.img
       256       256       256         1
  1.000000  1.000000  1.000000
orientation T byte_order littleendian
Reading image: /opt/freesurfer/average/711-2C_as_mni_average_305.4dfp.img
dimensions:      256       256       256
mmppix:       1.0000   -1.0000   -1.0000
center:     128.0000 -129.0000 -129.0000
/opt/freesurfer/average/711-2B_as_mni_average_305_mask.4dfp.img
       256       256       256         1
  1.000000  1.000000  1.000000
orientation T byte_order littleendian
Reading mask: /opt/freesurfer/average/711-2B_as_mni_average_305_mask.4dfp.img (2306576 pixels)
talsrcimg_g11.4dfp.img
       256       256       256         1
  1.000000  1.000000  1.000000
orientation T byte_order littleendian
Reading image: talsrcimg_g11.4dfp.img
dimensions:      256       256       256
mmppix:       1.0000   -1.0000   -1.0000
center:     128.0000 -129.0000 -129.0000
fimgreg.f
image alignment mode   2311 decimal      907 hex
parameters
    1.7494  -20.3824   10.1983  -12.7536  -16.3661   -3.4447
   20.3134    9.1556  -19.3876   -0.2700   -9.6153   -2.3725
eta,q 0.97999 13.09276
niter,ni,del,rscale     5    3    5.0000    0.8000
parameters
    1.7233  -20.4371   10.2293  -13.3106  -16.7856   -4.0086
   20.4674    8.8640  -19.5053   -0.5309   -9.4754   -2.3816
eta,q 0.97979 13.06215
  0.0220  0.0215  0.0212  0.0219  0.0222  0.0234  0.0220  0.0225  0.0212  0.0221  0.0208  0.0212
  0.0209  0.0207  0.0205  0.0210  0.0212  0.0219  0.0211  0.0212  0.0206  0.0209  0.0205  0.0206
  0.0202  0.0202  0.0201  0.0203  0.0204  0.0206  0.0205  0.0205  0.0203  0.0203  0.0203  0.0203
  0.0200  0.0200  0.0200  0.0200  0.0201  0.0201  0.0202  0.0202  0.0202  0.0202  0.0202  0.0202
  0.0203  0.0202  0.0201  0.0203  0.0203  0.0202  0.0203  0.0205  0.0203  0.0205  0.0203  0.0203
  0.0210  0.0208  0.0205  0.0214  0.0215  0.0228  0.0209  0.0214  0.0207  0.0213  0.0204  0.0207
  0.0222  0.0217  0.0211  0.0236  0.0235  0.0265  0.0219  0.0233  0.0213  0.0225  0.0208  0.0211
niter,ni,del,rscale     4    3    5.0000    0.7000
parameters
    1.7813  -20.3719   10.2764  -13.1121  -16.7013   -3.9420
   20.3783    8.9356  -19.4965   -0.4443   -9.5486   -2.3933
eta,q 0.97985 13.07015
  0.0218  0.0214  0.0210  0.0220  0.0220  0.0232  0.0215  0.0222  0.0210  0.0219  0.0206  0.0209
  0.0209  0.0208  0.0206  0.0212  0.0212  0.0219  0.0208  0.0211  0.0205  0.0208  0.0203  0.0205
  0.0204  0.0204  0.0203  0.0206  0.0206  0.0207  0.0203  0.0204  0.0202  0.0203  0.0202  0.0202
  0.0202  0.0202  0.0202  0.0202  0.0202  0.0202  0.0202  0.0202  0.0202  0.0202  0.0202  0.0202
  0.0203  0.0203  0.0203  0.0202  0.0202  0.0200  0.0203  0.0203  0.0202  0.0203  0.0202  0.0203
  0.0208  0.0206  0.0205  0.0207  0.0208  0.0208  0.0208  0.0209  0.0205  0.0208  0.0204  0.0205
  0.0216  0.0212  0.0209  0.0219  0.0222  0.0238  0.0217  0.0222  0.0210  0.0217  0.0206  0.0209
niter,ni,del,rscale     3    3    5.0000    0.6000
parameters
    1.7755  -20.3631   10.2573  -12.9680  -16.5727   -3.7446
   20.3484    9.0232  -19.4783   -0.3699   -9.5610   -2.3840
eta,q 0.97991 13.07999
  0.0212  0.0210  0.0207  0.0215  0.0216  0.0226  0.0211  0.0217  0.0207  0.0214  0.0205  0.0207
  0.0206  0.0205  0.0204  0.0209  0.0210  0.0215  0.0206  0.0208  0.0203  0.0206  0.0202  0.0204
  0.0203  0.0202  0.0202  0.0204  0.0204  0.0205  0.0202  0.0203  0.0202  0.0202  0.0201  0.0202
  0.0202  0.0202  0.0202  0.0202  0.0201  0.0201  0.0201  0.0201  0.0201  0.0201  0.0201  0.0201
  0.0203  0.0202  0.0202  0.0202  0.0201  0.0200  0.0202  0.0202  0.0201  0.0202  0.0201  0.0202
  0.0206  0.0205  0.0204  0.0206  0.0206  0.0205  0.0206  0.0207  0.0203  0.0206  0.0203  0.0204
  0.0213  0.0210  0.0207  0.0215  0.0216  0.0226  0.0212  0.0216  0.0207  0.0213  0.0205  0.0207
niter,ni,del,rscale     2    3    5.0000    0.5000
parameters
    1.7581  -20.3822   10.2349  -12.8613  -16.4612   -3.5844
   20.3497    9.0805  -19.4484   -0.3405   -9.5835   -2.3461
eta,q 0.97996 13.08713
  0.0208  0.0207  0.0205  0.0210  0.0212  0.0218  0.0208  0.0212  0.0205  0.0210  0.0203  0.0205
  0.0204  0.0203  0.0202  0.0206  0.0207  0.0209  0.0204  0.0206  0.0202  0.0204  0.0202  0.0202
  0.0202  0.0201  0.0201  0.0203  0.0203  0.0203  0.0201  0.0202  0.0201  0.0201  0.0201  0.0201
  0.0201  0.0201  0.0201  0.0201  0.0201  0.0201  0.0200  0.0200  0.0200  0.0200  0.0200  0.0200
  0.0202  0.0202  0.0201  0.0201  0.0201  0.0200  0.0201  0.0201  0.0201  0.0201  0.0201  0.0201
  0.0205  0.0204  0.0203  0.0204  0.0204  0.0203  0.0204  0.0205  0.0202  0.0204  0.0202  0.0202
  0.0209  0.0207  0.0205  0.0210  0.0211  0.0218  0.0208  0.0212  0.0205  0.0209  0.0203  0.0205
niter,ni,del,rscale     1    3    5.0000    0.4000
parameters
    1.7435  -20.4068   10.2133  -12.7757  -16.3675   -3.4439
   20.3410    9.1331  -19.4199   -0.3372   -9.6106   -2.3381
eta,q 0.98000 13.09231
  0.0205  0.0204  0.0203  0.0207  0.0208  0.0211  0.0205  0.0208  0.0203  0.0206  0.0202  0.0203
  0.0203  0.0202  0.0201  0.0204  0.0204  0.0205  0.0202  0.0204  0.0201  0.0203  0.0201  0.0201
  0.0201  0.0201  0.0201  0.0202  0.0202  0.0202  0.0201  0.0201  0.0200  0.0201  0.0200  0.0200
  0.0200  0.0200  0.0200  0.0200  0.0200  0.0200  0.0200  0.0200  0.0200  0.0200  0.0200  0.0200
  0.0201  0.0201  0.0201  0.0201  0.0201  0.0200  0.0201  0.0201  0.0200  0.0201  0.0200  0.0200
  0.0203  0.0202  0.0202  0.0203  0.0203  0.0202  0.0202  0.0203  0.0201  0.0203  0.0201  0.0201
  0.0206  0.0205  0.0203  0.0207  0.0207  0.0210  0.0205  0.0207  0.0203  0.0206  0.0202  0.0203
registration optimization eta report
parameter search radius
    0.8000    0.8000    0.8000    2.4000    2.4000    2.4000
    2.4000    2.4000    2.4000    2.4000    2.4000    2.4000
100000*second partial in parameter space
       80.       61.       39.       11.       12.       19.
        9.       13.        5.       10.        3.        5.
  0.0205  0.0204  0.0203  0.0207  0.0208  0.0211  0.0205  0.0208  0.0203  0.0206  0.0202  0.0203
  0.0203  0.0202  0.0201  0.0204  0.0204  0.0205  0.0202  0.0204  0.0201  0.0203  0.0201  0.0201
  0.0201  0.0201  0.0201  0.0202  0.0202  0.0202  0.0201  0.0201  0.0200  0.0201  0.0200  0.0200
  0.0200  0.0200  0.0200  0.0200  0.0200  0.0200  0.0200  0.0200  0.0200  0.0200  0.0200  0.0200
  0.0201  0.0201  0.0201  0.0201  0.0201  0.0200  0.0201  0.0201  0.0200  0.0201  0.0200  0.0200
  0.0203  0.0202  0.0202  0.0203  0.0203  0.0202  0.0202  0.0203  0.0201  0.0203  0.0201  0.0201
  0.0206  0.0205  0.0203  0.0207  0.0207  0.0210  0.0205  0.0207  0.0203  0.0206  0.0202  0.0203
    1.7435  -20.4068   10.2133  -12.7757  -16.3675   -3.4439
   20.3410    9.1331  -19.4199   -0.3372   -9.6106   -2.3381
eta,q 0.98000 13.09231

---------------------------------------------------------------------
compute_vox2vox talsrcimg talsrcimg_to_711-2C_as_mni_average_305_t4 /opt/freesurfer/average/711-2C_as_mni_average_305
---------------------------------------------------------------------

freesurfer compute_vox2vox.c
Reading: talsrcimg.4dfp.ifh
Reading: talsrcimg_to_711-2C_as_mni_average_305_t4
Reading: /opt/freesurfer/average/711-2C_as_mni_average_305.4dfp.ifh
Writing: talsrcimg_to_711-2C_as_mni_average_305_t4_vox2vox.txt

start time Wed Mar 11 09:56:21 CET 2026
end		time Wed Mar 11 09:57:56 CET 2026

mpr2mni305 success

avi2talxfm orig_nu.mgz /opt/freesurfer/average/mni305.cor.mgz talsrcimg_to_711-2C_as_mni_average_305_t4_vox2vox.txt transforms/talairach.auto.xfm
avi2talxfm done
mv -f /out/sourcedata/freesurfer/sub-v2s15x29758_ses-1/mri/talsrcimg_to_711-2C_as_mni_average_305_t4_vox2vox.txt /out/sourcedata/freesurfer/sub-v2s15x29758_ses-1/mri/transforms/talsrcimg_to_711-2C_as_mni_average_305_t4_vox2vox.txt
lta_convert --src orig_nu.mgz --trg /opt/freesurfer/average/mni305.cor.mgz --inxfm transforms/talairach.auto.xfm --outlta transforms/talairach.auto.xfm.lta --subject fsaverage
7.3.2

--src: orig_nu.mgz src image (geometry).
--trg: /opt/freesurfer/average/mni305.cor.mgz trg image (geometry).
--inmni: transforms/talairach.auto.xfm input MNI/XFM transform.
--outlta: transforms/talairach.auto.xfm.lta output LTA.
--s: fsaverage subject name
 LTA read, type : 1
 1.07623  -0.10272  -0.26463  -9.40357;
 0.11318   1.02497   0.00113  -12.49980;
 0.25036  -0.01972   1.13426   27.47758;
 0.00000   0.00000   0.00000   1.00000;
setting subject to fsaverage
Writing  LTA to file transforms/talairach.auto.xfm.lta...
lta_convert successful.
 
 
Started at Wed Mar 11 09:56:21 CET 2026
Ended   at Wed Mar 11 09:57:56 CET 2026
talairach_avi done
