/out/sourcedata/freesurfer/sub-v2s15x29752_ses-1/mri
/opt/freesurfer/bin/talairach_avi
--i orig_nu.mgz --xfm transforms/talairach.auto.xfm
talairach_avi 7.3.2
Linux dna079 5.14.0-427.37.1.el9_4.x86_64 #1 SMP PREEMPT_DYNAMIC Fri Sep 13 12:41:50 EDT 2024 x86_64 x86_64 x86_64 GNU/Linux
Wed Mar 11 09:02:16 CET 2026
mri_convert orig_nu.mgz talsrcimg.img 
reading from orig_nu.mgz...
TR=0.00, TE=0.00, TI=0.00, flip angle=0.00
i_ras = (-1, 0, 4.65661e-10)
j_ras = (0, 0, -1)
k_ras = (0, 1, 0)
writing to talsrcimg.img...
Analyze Output Matrix
-1.00000   0.00000   0.00000   129.49454;
 0.00000   0.00000   1.00000  -129.29854;
 0.00000  -1.00000   0.00000   148.36305;
 0.00000   0.00000   0.00000   1.00000;
--------------------
INFO: set hdr.hist.orient to -1
mpr2mni305 talsrcimg
Wed Mar 11 09:02:17 CET 2026
/opt/freesurfer/bin/mpr2mni305 talsrcimg
mpr2mni305 7.3.2
target=711-2C_as_mni_average_305

---------------------------------------------------------------------
analyzeto4dfp talsrcimg -O0 -y
---------------------------------------------------------------------

freesurfer ifh2hdr.c
Wed Mar 11 09:02:17 2026
Writing: talsrcimg.4dfp.hdr
freesurfer analyzeto4dfp.c
Reading: talsrcimg.hdr
header size 348 bytes
hdr.dime.datatype	offset=70	value=2
hdr.dime.bitpix		offset=72	value=8
hdr.hist.orient		offset=252	value=-1
dimensionality     4
dimensions       256       256       256         1
Reading: talsrcimg.img
Writing: talsrcimg.4dfp.img
Writing: talsrcimg.4dfp.ifh
ifh2hdr talsrcimg -r0to235
ori=2

---------------------------------------------------------------------
gauss_4dfp talsrcimg 1.1
---------------------------------------------------------------------

freesurfer gauss_4dfp.c
Reading: talsrcimg.4dfp.img
Writing: talsrcimg_g11.4dfp.img
image dimensions 256 256 256 padded to 288 288 288
processing volume 1freesurfer ifh2hdr.c
Wed Mar 11 09:02:18 2026
Writing: talsrcimg_g11.4dfp.hdr

Writing: talsrcimg_g11.4dfp.ifh
including: talsrcimg.4dfp.img.rec in talsrcimg_g11.4dfp.img.rec

---------------------------------------------------------------------
imgreg_4dfp /opt/freesurfer/average/711-2C_as_mni_average_305 none talsrcimg_g11 none talsrcimg_to_711-2C_as_mni_average_305_t4 4355
---------------------------------------------------------------------

freesurfer imgreg_4dfp.c
/opt/freesurfer/average/711-2C_as_mni_average_305.4dfp.img
       256       256       256         1
  1.000000  1.000000  1.000000
orientation T byte_order littleendian
Reading image: /opt/freesurfer/average/711-2C_as_mni_average_305.4dfp.img
dimensions:      256       256       256
mmppix:       1.0000   -1.0000   -1.0000
center:     128.0000 -129.0000 -129.0000
talsrcimg_g11.4dfp.img
       256       256       256         1
  1.000000  1.000000  1.000000
orientation T byte_order littleendian
Reading image: talsrcimg_g11.4dfp.img
dimensions:      256       256       256
mmppix:       1.0000   -1.0000   -1.0000
center:     128.0000 -129.0000 -129.0000
t4_read: open error in t4_sub.f l:  41 t4_file(1:l)talsrcimg_to_711-2C_as_mni_average_305_t4 
t4_read: transform initialized to I4
rotation matrix determinant  1.000000
image alignment mode   4355 decimal     1103 hex
   -7.5000  -45.0000  -45.0000 8641.4062   19.0463
    0.0000  -45.0000  -45.0000 8952.0723   19.0059
    7.5000  -45.0000  -45.0000 8516.5674   18.9832
   -7.5000  -37.5000  -45.0000 9194.7812   18.9644
    0.0000  -37.5000  -45.0000 9523.2480   18.9372
    7.5000  -37.5000  -45.0000 9047.7363   18.9173
   -7.5000  -30.0000  -45.000010006.5166   18.9444
    0.0000  -30.0000  -45.000010367.4316   18.9198
    7.5000  -30.0000  -45.0000 9862.2207   18.9053
   -7.5000  -22.5000  -45.000010763.2354   18.9337
    0.0000  -22.5000  -45.000011175.5840   18.9002
    7.5000  -22.5000  -45.000010591.2861   18.8905
   -7.5000  -15.0000  -45.000011447.9961   18.9241
    0.0000  -15.0000  -45.000011864.7412   18.8786
    7.5000  -15.0000  -45.000011243.0938   18.8670
   -7.5000   -7.5000  -45.000012054.7393   18.9234
    0.0000   -7.5000  -45.000012507.0205   18.8743
    7.5000   -7.5000  -45.000011838.5596   18.8551
   -7.5000    0.0000  -45.000012689.0176   18.9286
    0.0000    0.0000  -45.000013171.5732   18.8890
    7.5000    0.0000  -45.000012486.0596   18.8662
   -7.5000    7.5000  -45.000012442.0586   18.9395
    0.0000    7.5000  -45.000012927.0303   18.9125
    7.5000    7.5000  -45.000012262.6299   18.8924
   -7.5000   15.0000  -45.000011799.0771   18.9439
    0.0000   15.0000  -45.000012240.6006   18.9194
    7.5000   15.0000  -45.000011631.8369   18.9049
   -7.5000   22.5000  -45.000010866.3594   18.9311
    0.0000   22.5000  -45.000011244.9629   18.8976
    7.5000   22.5000  -45.000010687.6611   18.8879
   -7.5000   30.0000  -45.0000 9966.4160   18.6719
    0.0000   30.0000  -45.000010302.5068   18.6270
    7.5000   30.0000  -45.0000 9772.3545   18.6156
   -7.5000   37.5000  -45.0000 9440.5625   18.6712
    0.0000   37.5000  -45.0000 9753.8682   18.6228
    7.5000   37.5000  -45.0000 9249.4863   18.6038
   -7.5000   45.0000  -45.0000 8538.0742   18.2021
    0.0000   45.0000  -45.0000 8804.8545   18.1640
    7.5000   45.0000  -45.0000 8364.7129   18.1421
   -7.5000  -45.0000  -37.5000 9229.0488   18.8431
    0.0000  -45.0000  -37.5000 9555.1475   18.8087
    7.5000  -45.0000  -37.5000 9062.7705   18.7939
   -7.5000  -37.5000  -37.5000 9809.9326   18.7740
    0.0000  -37.5000  -37.500010169.2764   18.7505
    7.5000  -37.5000  -37.5000 9634.5889   18.7332
   -7.5000  -30.0000  -37.500010659.2637   18.7586
    0.0000  -30.0000  -37.500011039.1396   18.7357
    7.5000  -30.0000  -37.500010464.5439   18.7195
   -7.5000  -22.5000  -37.500011443.7891   18.7431
    0.0000  -22.5000  -37.500011857.0791   18.7113
    7.5000  -22.5000  -37.500011217.8320   18.7013
   -7.5000  -15.0000  -37.500012143.4072   18.7256
    0.0000  -15.0000  -37.500012599.8115   18.6832
    7.5000  -15.0000  -37.500011901.7061   18.6765
   -7.5000   -7.5000  -37.500012794.8496   18.7198
    0.0000   -7.5000  -37.500013307.2402   18.6764
    7.5000   -7.5000  -37.500012554.6855   18.6658
   -7.5000    0.0000  -37.500013456.9102   18.7284
    0.0000    0.0000  -37.500013987.2666   18.6948
    7.5000    0.0000  -37.500013231.3193   18.6798
   -7.5000    7.5000  -37.500013183.8184   18.7490
    0.0000    7.5000  -37.500013674.6914   18.7257
    7.5000    7.5000  -37.500012958.7402   18.7081
   -7.5000   15.0000  -37.500012432.0469   18.7581
    0.0000   15.0000  -37.500012884.3311   18.7353
    7.5000   15.0000  -37.500012209.2217   18.7190
   -7.5000   22.5000  -37.500011438.9014   18.7405
    0.0000   22.5000  -37.500011848.9922   18.7087
    7.5000   22.5000  -37.500011233.5645   18.6987
   -7.5000   30.0000  -37.500010451.3887   18.4760
    0.0000   30.0000  -37.500010823.6143   18.4343
    7.5000   30.0000  -37.500010259.3037   18.4276
   -7.5000   37.5000  -37.5000 9842.9316   18.4703
    0.0000   37.5000  -37.500010198.7500   18.4275
    7.5000   37.5000  -37.5000 9675.5234   18.4171
   -7.5000   45.0000  -37.5000 8914.7959   18.0096
    0.0000   45.0000  -37.5000 9241.8691   17.9773
    7.5000   45.0000  -37.5000 8756.8301   17.9629
   -7.5000  -45.0000  -30.0000 9959.1475   19.5981
    0.0000  -45.0000  -30.000010321.7891   19.5644
    7.5000  -45.0000  -30.0000 9782.4824   19.5407
   -7.5000  -37.5000  -30.000010578.1455   19.5347
    0.0000  -37.5000  -30.000010970.6035   19.5104
    7.5000  -37.5000  -30.000010401.4023   19.4824
   -7.5000  -30.0000  -30.000011476.9492   19.5230
    0.0000  -30.0000  -30.000011901.3535   19.4991
    7.5000  -30.0000  -30.000011272.3086   19.4687
   -7.5000  -22.5000  -30.000012329.4385   19.5058
    0.0000  -22.5000  -30.000012789.3994   19.4731
    7.5000  -22.5000  -30.000012087.3115   19.4469
   -7.5000  -15.0000  -30.000013075.3193   19.4810
    0.0000  -15.0000  -30.000013590.5068   19.4387
    7.5000  -15.0000  -30.000012800.1836   19.4175
   -7.5000   -7.5000  -30.000013817.7109   19.4691
    0.0000   -7.5000  -30.000014350.9629   19.4268
    7.5000   -7.5000  -30.000013504.2285   19.4059
   -7.5000    0.0000  -30.000014507.1816   19.4793
    0.0000    0.0000  -30.000015062.0752   19.4464
    7.5000    0.0000  -30.000014196.4346   19.4226
   -7.5000    7.5000  -30.000014188.3174   19.5080
    0.0000    7.5000  -30.000014710.4453   19.4839
    7.5000    7.5000  -30.000013861.2490   19.4557
   -7.5000   15.0000  -30.000013300.0205   19.5225
    0.0000   15.0000  -30.000013776.4092   19.4987
    7.5000   15.0000  -30.000013012.9375   19.4683
   -7.5000   22.5000  -30.000012209.1631   19.5011
    0.0000   22.5000  -30.000012656.6924   19.4684
    7.5000   22.5000  -30.000011979.5791   19.4423
   -7.5000   30.0000  -30.000011123.3018   19.2232
    0.0000   30.0000  -30.000011550.1309   19.1815
    7.5000   30.0000  -30.000010925.7598   19.1606
   -7.5000   37.5000  -30.000010458.4414   19.2115
    0.0000   37.5000  -30.000010883.2422   19.1697
    7.5000   37.5000  -30.000010278.7305   19.1491
   -7.5000   45.0000  -30.0000 9484.7793   18.7455
    0.0000   45.0000  -30.0000 9856.9111   18.7138
    7.5000   45.0000  -30.0000 9300.8340   18.6909
   -7.5000  -45.0000  -22.500010720.7988   20.2809
    0.0000  -45.0000  -22.500011124.9238   20.2417
    7.5000  -45.0000  -22.500010500.3242   20.2005
   -7.5000  -37.5000  -22.500011371.0166   20.2111
    0.0000  -37.5000  -22.500011805.8975   20.1822
    7.5000  -37.5000  -22.500011171.6162   20.1400
   -7.5000  -30.0000  -22.500012318.2393   20.1995
    0.0000  -30.0000  -22.500012801.0488   20.1731
    7.5000  -30.0000  -22.500012101.8965   20.1284
   -7.5000  -22.5000  -22.500013209.1201   20.1871
    0.0000  -22.5000  -22.500013732.3135   20.1526
    7.5000  -22.5000  -22.500012960.2881   20.1078
   -7.5000  -15.0000  -22.500014021.2793   20.1646
    0.0000  -15.0000  -22.500014584.8965   20.1204
    7.5000  -15.0000  -22.500013707.3223   20.0773
   -7.5000   -7.5000  -22.500014819.6006   20.1510
    0.0000   -7.5000  -22.500015391.1494   20.1051
    7.5000   -7.5000  -22.500014449.8535   20.0634
   -7.5000    0.0000  -22.500015553.0615   20.1576
    0.0000    0.0000  -22.500016166.4414   20.1193
    7.5000    0.0000  -22.500015147.9648   20.0781
   -7.5000    7.5000  -22.500015162.8027   20.1833
    0.0000    7.5000  -22.500015737.3730   20.1547
    7.5000    7.5000  -22.500014771.9307   20.1123
   -7.5000   15.0000  -22.500014187.9512   20.1991
    0.0000   15.0000  -22.500014714.4277   20.1727
    7.5000   15.0000  -22.500013854.0137   20.1281
   -7.5000   22.5000  -22.500013035.3613   20.1808
    0.0000   22.5000  -22.500013535.8184   20.1464
    7.5000   22.5000  -22.500012751.8350   20.1016
   -7.5000   30.0000  -22.500011845.0137   19.9008
    0.0000   30.0000  -22.500012333.2939   19.8572
    7.5000   30.0000  -22.500011619.6064   19.8147
   -7.5000   37.5000  -22.500011088.3545   19.8874
    0.0000   37.5000  -22.500011547.6680   19.8421
    7.5000   37.5000  -22.500010894.0674   19.8010
   -7.5000   45.0000  -22.500010018.9287   19.4128
    0.0000   45.0000  -22.500010414.9502   19.3759
    7.5000   45.0000  -22.5000 9831.0781   19.3362
   -7.5000  -45.0000  -15.000011425.4932   20.7593
    0.0000  -45.0000  -15.000011882.5215   20.7143
    7.5000  -45.0000  -15.000011246.6455   20.6636
   -7.5000  -37.5000  -15.000012142.6367   20.6748
    0.0000  -37.5000  -15.000012634.6914   20.6418
    7.5000  -37.5000  -15.000011951.2158   20.5954
   -7.5000  -30.0000  -15.000013164.9111   20.6587
    0.0000  -30.0000  -15.000013694.0020   20.6300
    7.5000  -30.0000  -15.000012926.3262   20.5846
   -7.5000  -22.5000  -15.000014066.1064   20.6530
    0.0000  -22.5000  -15.000014651.8643   20.6170
    7.5000  -22.5000  -15.000013810.5205   20.5686
   -7.5000  -15.0000  -15.000014890.9199   20.6404
    0.0000  -15.0000  -15.000015517.8916   20.5940
    7.5000  -15.0000  -15.000014567.6855   20.5417
   -7.5000   -7.5000  -15.000015737.4336   20.6313
    0.0000   -7.5000  -15.000016383.1533   20.5810
    7.5000   -7.5000  -15.000015362.8486   20.5277
   -7.5000    0.0000  -15.000016514.7246   20.6327
    0.0000    0.0000  -15.000017213.7812   20.5885
    7.5000    0.0000  -15.000016101.8467   20.5379
   -7.5000    7.5000  -15.000016081.4385   20.6470
    0.0000    7.5000  -15.000016712.7422   20.6142
    7.5000    7.5000  -15.000015657.3262   20.5677
   -7.5000   15.0000  -15.000015046.7588   20.6583
    0.0000   15.0000  -15.000015628.6592   20.6297
    7.5000   15.0000  -15.000014650.9043   20.5842
   -7.5000   22.5000  -15.000013823.3984   20.6457
    0.0000   22.5000  -15.000014369.0303   20.6097
    7.5000   22.5000  -15.000013466.2734   20.5613
   -7.5000   30.0000  -15.000012540.5527   20.3733
    0.0000   30.0000  -15.000013071.5986   20.3275
    7.5000   30.0000  -15.000012271.7852   20.2759
   -7.5000   37.5000  -15.000011714.6914   20.3643
    0.0000   37.5000  -15.000012208.3584   20.3146
    7.5000   37.5000  -15.000011507.7402   20.2620
   -7.5000   45.0000  -15.000010536.0576   19.8823
    0.0000   45.0000  -15.000010958.4893   19.8398
    7.5000   45.0000  -15.000010361.5391   19.7910
   -7.5000  -45.0000   -7.500012122.8467   20.9789
    0.0000  -45.0000   -7.500012632.1406   20.9327
    7.5000  -45.0000   -7.500012023.7998   20.8919
   -7.5000  -37.5000   -7.500012858.8428   20.8854
    0.0000  -37.5000   -7.500013396.5342   20.8531
    7.5000  -37.5000   -7.500012712.0371   20.8190
   -7.5000  -30.0000   -7.500014005.5830   20.8643
    0.0000  -30.0000   -7.500014580.5361   20.8364
    7.5000  -30.0000   -7.500013793.9346   20.8077
   -7.5000  -22.5000   -7.500014959.3213   20.8591
    0.0000  -22.5000   -7.500015635.0977   20.8227
    7.5000  -22.5000   -7.500014725.8281   20.7939
   -7.5000  -15.0000   -7.500015771.2656   20.8524
    0.0000  -15.0000   -7.500016467.6641   20.8039
    7.5000  -15.0000   -7.500015491.5645   20.7694
   -7.5000   -7.5000   -7.500016618.9277   20.8497
    0.0000   -7.5000   -7.500017359.0820   20.7966
    7.5000   -7.5000   -7.500016325.8545   20.7557
   -7.5000    0.0000   -7.500017473.7344   20.8508
    0.0000    0.0000   -7.500018207.4297   20.8055
    7.5000    0.0000   -7.500017111.2539   20.7647
   -7.5000    7.5000   -7.500016961.7617   20.8581
    0.0000    7.5000   -7.500017617.3262   20.8261
    7.5000    7.5000   -7.500016579.1406   20.7917
   -7.5000   15.0000   -7.500015818.5312   20.8638
    0.0000   15.0000   -7.500016454.6484   20.8360
    7.5000   15.0000   -7.500015469.7842   20.8073
   -7.5000   22.5000   -7.500014560.4844   20.8495
    0.0000   22.5000   -7.500015165.6543   20.8131
    7.5000   22.5000   -7.500014211.7373   20.7843
   -7.5000   30.0000   -7.500013248.9482   20.5820
    0.0000   30.0000   -7.500013813.8447   20.5341
    7.5000   30.0000   -7.500012962.2383   20.5001
   -7.5000   37.5000   -7.500012379.9902   20.5793
    0.0000   37.5000   -7.500012908.0967   20.5269
    7.5000   37.5000   -7.500012135.3770   20.4865
   -7.5000   45.0000   -7.500011074.1582   20.0962
    0.0000   45.0000   -7.500011548.5645   20.0526
    7.5000   45.0000   -7.500010900.5537   20.0133
   -7.5000  -45.0000    0.000012730.4609   21.0086
    0.0000  -45.0000    0.000013257.8779   20.9656
    7.5000  -45.0000    0.000012673.6426   20.9431
   -7.5000  -37.5000    0.000013449.9658   20.9194
    0.0000  -37.5000    0.000013996.3281   20.8908
    7.5000  -37.5000    0.000013397.2256   20.8712
   -7.5000  -30.0000    0.000014699.8447   20.8981
    0.0000  -30.0000    0.000015301.1943   20.8724
    7.5000  -30.0000    0.000014566.7832   20.8584
   -7.5000  -22.5000    0.000015814.0723   20.8870
    0.0000  -22.5000    0.000016537.9707   20.8515
    7.5000  -22.5000    0.000015650.4541   20.8427
   -7.5000  -15.0000    0.000016532.2324   20.8766
    0.0000  -15.0000    0.000017274.7480   20.8282
    7.5000  -15.0000    0.000016412.2520   20.8174
   -7.5000   -7.5000    0.000017375.0195   20.8754
    0.0000   -7.5000    0.000018104.0469   20.8231
    7.5000   -7.5000    0.000017214.0977   20.8042
   -7.5000    0.0000    0.000018266.9297   20.8806
    0.0000    0.0000    0.000019001.4961   20.8385
    7.5000    0.0000    0.000018054.7090   20.8157
   -7.5000    7.5000    0.000017685.4941   20.8923
    0.0000    7.5000    0.000018369.9648   20.8640
    7.5000    7.5000    0.000017450.6133   20.8441
   -7.5000   15.0000    0.000016464.4473   20.8976
    0.0000   15.0000    0.000017140.9277   20.8719
    7.5000   15.0000    0.000016249.9678   20.8580
   -7.5000   22.5000    0.000015192.1982   20.8774
    0.0000   22.5000    0.000015846.2129   20.8419
    7.5000   22.5000    0.000014960.2871   20.8331
   -7.5000   30.0000    0.000013873.7090   20.6065
    0.0000   30.0000    0.000014491.9863   20.5586
    7.5000   30.0000    0.000013668.9053   20.5479
   -7.5000   37.5000    0.000012992.2451   20.6053
    0.0000   37.5000    0.000013566.4678   20.5536
    7.5000   37.5000    0.000012791.0713   20.5349
   -7.5000   45.0000    0.000011590.7920   20.1265
    0.0000   45.0000    0.000012094.3926   20.0859
    7.5000   45.0000    0.000011439.6494   20.0640
   -7.5000  -45.0000    7.500012308.7432   21.0214
    0.0000  -45.0000    7.500012803.4229   20.9837
    7.5000  -45.0000    7.500012250.3291   20.9677
   -7.5000  -37.5000    7.500012998.5195   20.9447
    0.0000  -37.5000    7.500013541.7051   20.9190
    7.5000  -37.5000    7.500012959.1279   20.9002
   -7.5000  -30.0000    7.500014200.0156   20.9275
    0.0000  -30.0000    7.500014843.2510   20.9026
    7.5000  -30.0000    7.500014128.9316   20.8851
   -7.5000  -22.5000    7.500015339.7959   20.9102
    0.0000  -22.5000    7.500016013.7773   20.8754
    7.5000  -22.5000    7.500015228.1748   20.8649
   -7.5000  -15.0000    7.500016073.8896   20.8907
    0.0000  -15.0000    7.500016743.3008   20.8442
    7.5000  -15.0000    7.500016129.0918   20.8373
   -7.5000   -7.5000    7.500016853.3418   20.8843
    0.0000   -7.5000    7.500017505.0840   20.8365
    7.5000   -7.5000    7.500016937.8047   20.8253
   -7.5000    0.0000    7.500017713.4082   20.8939
    0.0000    0.0000    7.500018382.5195   20.8570
    7.5000    0.0000    7.500017717.5996   20.8408
   -7.5000    7.5000    7.500017133.5078   20.9168
    0.0000    7.5000    7.500017767.1855   20.8914
    7.5000    7.5000    7.500017048.9082   20.8723
   -7.5000   15.0000    7.500015993.3154   20.9269
    0.0000   15.0000    7.500016617.5176   20.9021
    7.5000   15.0000    7.500015858.5781   20.8846
   -7.5000   22.5000    7.500014811.1572   20.9006
    0.0000   22.5000    7.500015418.3242   20.8658
    7.5000   22.5000    7.500014597.7393   20.8553
   -7.5000   30.0000    7.500013529.4258   20.6203
    0.0000   30.0000    7.500014090.9033   20.5745
    7.5000   30.0000    7.500013264.0703   20.5676
   -7.5000   37.5000    7.500012621.9443   20.6140
    0.0000   37.5000    7.500013162.4375   20.5669
    7.5000   37.5000    7.500012388.7559   20.5558
   -7.5000   45.0000    7.500011259.2988   20.1393
    0.0000   45.0000    7.500011712.3984   20.1038
    7.5000   45.0000    7.500011056.5303   20.0881
   -7.5000  -45.0000   15.000011755.9990   21.0577
    0.0000  -45.0000   15.000012263.4463   21.0214
    7.5000  -45.0000   15.000011739.6416   20.9958
   -7.5000  -37.5000   15.000012416.6895   20.9895
    0.0000  -37.5000   15.000012948.8994   20.9632
    7.5000  -37.5000   15.000012425.0596   20.9331
   -7.5000  -30.0000   15.000013509.6064   20.9768
    0.0000  -30.0000   15.000014066.7061   20.9510
    7.5000  -30.0000   15.000013504.0645   20.9183
   -7.5000  -22.5000   15.000014509.5088   20.9583
    0.0000  -22.5000   15.000015071.1172   20.9230
    7.5000  -22.5000   15.000014495.5186   20.8949
   -7.5000  -15.0000   15.000015358.7939   20.9317
    0.0000  -15.0000   15.000015916.2803   20.8861
    7.5000  -15.0000   15.000015383.8936   20.8633
   -7.5000   -7.5000   15.000016292.9551   20.9190
    0.0000   -7.5000   15.000016896.9551   20.8734
    7.5000   -7.5000   15.000016288.5127   20.8508
   -7.5000    0.0000   15.000017191.1875   20.9300
    0.0000    0.0000   15.000017818.6113   20.8945
    7.5000    0.0000   15.000017078.1230   20.8688
   -7.5000    7.5000   15.000016551.9590   20.9607
    0.0000    7.5000   15.000017150.4668   20.9348
    7.5000    7.5000   15.000016346.6709   20.9043
   -7.5000   15.0000   15.000015388.0713   20.9762
    0.0000   15.0000   15.000015924.9121   20.9505
    7.5000   15.0000   15.000015144.5498   20.9178
   -7.5000   22.5000   15.000014213.0684   20.9487
    0.0000   22.5000   15.000014719.4062   20.9134
    7.5000   22.5000   15.000013948.5605   20.8852
   -7.5000   30.0000   15.000012950.0293   20.6608
    0.0000   30.0000   15.000013437.4688   20.6158
    7.5000   30.0000   15.000012679.4395   20.5933
   -7.5000   37.5000   15.000012050.7021   20.6482
    0.0000   37.5000   15.000012526.9062   20.6033
    7.5000   37.5000   15.000011837.4180   20.5810
   -7.5000   45.0000   15.000010756.7920   20.1741
    0.0000   45.0000   15.000011150.5996   20.1399
    7.5000   45.0000   15.000010538.5986   20.1152
   -7.5000  -45.0000   22.500011111.0908   21.1923
    0.0000  -45.0000   22.500011612.3828   21.1507
    7.5000  -45.0000   22.500011079.5723   21.1081
   -7.5000  -37.5000   22.500011723.4932   21.1186
    0.0000  -37.5000   22.500012264.1504   21.0879
    7.5000  -37.5000   22.500011700.1201   21.0442
   -7.5000  -30.0000   22.500012770.5127   21.1064
    0.0000  -30.0000   22.500013328.9053   21.0783
    7.5000  -30.0000   22.500012694.2451   21.0321
   -7.5000  -22.5000   22.500013761.0137   21.0936
    0.0000  -22.5000   22.500014315.4346   21.0570
    7.5000  -22.5000   22.500013636.7480   21.0107
   -7.5000  -15.0000   22.500014663.4355   21.0703
    0.0000  -15.0000   22.500015211.7939   21.0234
    7.5000  -15.0000   22.500014498.8770   20.9788
   -7.5000   -7.5000   22.500015599.5771   21.0560
    0.0000   -7.5000   22.500016113.3271   21.0073
    7.5000   -7.5000   22.500015351.6191   20.9642
   -7.5000    0.0000   22.500016411.2383   21.0627
    0.0000    0.0000   22.500016931.6211   21.0220
    7.5000    0.0000   22.500016094.9229   20.9793
   -7.5000    7.5000   22.500015680.3027   21.0894
    0.0000    7.5000   22.500016210.6572   21.0589
    7.5000    7.5000   22.500015395.0723   21.0150
   -7.5000   15.0000   22.500014540.2227   21.1059
    0.0000   15.0000   22.500015027.8076   21.0779
    7.5000   15.0000   22.500014256.5137   21.0317
   -7.5000   22.5000   22.500013388.9873   21.0839
    0.0000   22.5000   22.500013851.6133   21.0473
    7.5000   22.5000   22.500013117.7764   21.0010
   -7.5000   30.0000   22.500012171.3623   20.7976
    0.0000   30.0000   22.500012604.0898   20.7513
    7.5000   30.0000   22.500011949.1201   20.7073
   -7.5000   37.5000   22.500011335.6318   20.7835
    0.0000   37.5000   22.500011751.5469   20.7355
    7.5000   37.5000   22.500011131.9854   20.6929
   -7.5000   45.0000   22.500010129.0400   20.3020
    0.0000   45.0000   22.500010478.4854   20.2628
    7.5000   45.0000   22.5000 9921.8301   20.2217
   -7.5000  -45.0000   30.000010362.4570   21.3695
    0.0000  -45.0000   30.000010864.5029   21.3223
    7.5000  -45.0000   30.000010288.6475   21.2710
   -7.5000  -37.5000   30.000010953.2529   21.2805
    0.0000  -37.5000   30.000011457.8682   21.2459
    7.5000  -37.5000   30.000010864.3320   21.1992
   -7.5000  -30.0000   30.000011907.8584   21.2633
    0.0000  -30.0000   30.000012395.4941   21.2334
    7.5000  -30.0000   30.000011768.6758   21.1877
   -7.5000  -22.5000   30.000012789.5107   21.2578
    0.0000  -22.5000   30.000013285.8887   21.2202
    7.5000  -22.5000   30.000012638.3369   21.1715
   -7.5000  -15.0000   30.000013571.7676   21.2454
    0.0000  -15.0000   30.000014076.1758   21.1969
    7.5000  -15.0000   30.000013404.0947   21.1440
   -7.5000   -7.5000   30.000014387.4121   21.2361
    0.0000   -7.5000   30.000014895.2686   21.1834
    7.5000   -7.5000   30.000014181.4463   21.1294
   -7.5000    0.0000   30.000015095.8730   21.2371
    0.0000    0.0000   30.000015610.1611   21.1909
    7.5000    0.0000   30.000014881.8867   21.1397
   -7.5000    7.5000   30.000014459.6924   21.2514
    0.0000    7.5000   30.000014964.1143   21.2171
    7.5000    7.5000   30.000014215.3477   21.1702
   -7.5000   15.0000   30.000013427.4033   21.2629
    0.0000   15.0000   30.000013905.3926   21.2330
    7.5000   15.0000   30.000013164.7207   21.1873
   -7.5000   22.5000   30.000012387.0908   21.2480
    0.0000   22.5000   30.000012832.5332   21.2105
    7.5000   22.5000   30.000012118.5986   21.1618
   -7.5000   30.0000   30.000011267.5957   20.9704
    0.0000   30.0000   30.000011681.6445   20.9225
    7.5000   30.0000   30.000011033.6396   20.8704
   -7.5000   37.5000   30.000010493.6377   20.9613
    0.0000   37.5000   30.000010871.6729   20.9093
    7.5000   37.5000   30.000010297.3291   20.8560
   -7.5000   45.0000   30.0000 9372.2256   20.4702
    0.0000   45.0000   30.0000 9702.4316   20.4256
    7.5000   45.0000   30.0000 9197.0352   20.3762
   -7.5000  -45.0000   37.5000 9981.6475   21.6959
    0.0000  -45.0000   37.500010463.2598   21.6472
    7.5000  -45.0000   37.5000 9923.3828   21.6066
   -7.5000  -37.5000   37.500010509.8916   21.5952
    0.0000  -37.5000   37.500010998.6514   21.5614
    7.5000  -37.5000   37.500010473.5752   21.5278
   -7.5000  -30.0000   37.500011368.8643   21.5722
    0.0000  -30.0000   37.500011860.8867   21.5430
    7.5000  -30.0000   37.500011334.4697   21.5153
   -7.5000  -22.5000   37.500012196.1719   21.5670
    0.0000  -22.5000   37.500012706.4883   21.5287
    7.5000  -22.5000   37.500012179.8779   21.5012
   -7.5000  -15.0000   37.500012937.3906   21.5607
    0.0000  -15.0000   37.500013457.4395   21.5095
    7.5000  -15.0000   37.500012911.9316   21.4760
   -7.5000   -7.5000   37.500013714.3525   21.5584
    0.0000   -7.5000   37.500014224.7109   21.5023
    7.5000   -7.5000   37.500013633.9150   21.4618
   -7.5000    0.0000   37.500014392.4697   21.5592
    0.0000    0.0000   37.500014922.2920   21.5115
    7.5000    0.0000   37.500014302.1045   21.4709
   -7.5000    7.5000   37.500013780.2686   21.5662
    0.0000    7.5000   37.500014300.6934   21.5326
    7.5000    7.5000   37.500013656.4180   21.4988
   -7.5000   15.0000   37.500012840.0127   21.5717
    0.0000   15.0000   37.500013309.0273   21.5425
    7.5000   15.0000   37.500012659.2930   21.5149
   -7.5000   22.5000   37.500011880.0391   21.5571
    0.0000   22.5000   37.500012294.5654   21.5188
    7.5000   22.5000   37.500011673.1533   21.4913
   -7.5000   30.0000   37.500010818.4590   21.2816
    0.0000   30.0000   37.500011214.6104   21.2311
    7.5000   30.0000   37.500010626.9014   21.1981
   -7.5000   37.5000   37.500010090.1768   21.2794
    0.0000   37.5000   37.500010462.6182   21.2240
    7.5000   37.5000   37.5000 9916.6152   21.1840
   -7.5000   45.0000   37.5000 9000.7480   20.7806
    0.0000   45.0000   37.5000 9330.3936   20.7346
    7.5000   45.0000   37.5000 8857.2910   20.6955
   -7.5000  -45.0000   45.0000 9187.8105   22.0753
    0.0000  -45.0000   45.0000 9624.4600   22.0275
    7.5000  -45.0000   45.0000 9176.0723   22.0009
   -7.5000  -37.5000   45.0000 9664.1230   21.9844
    0.0000  -37.5000   45.000010113.6992   21.9524
    7.5000  -37.5000   45.0000 9661.3076   21.9286
   -7.5000  -30.0000   45.000010429.7764   21.9610
    0.0000  -30.0000   45.000010883.1426   21.9326
    7.5000  -30.0000   45.000010437.6855   21.9150
   -7.5000  -22.5000   45.000011165.8848   21.9506
    0.0000  -22.5000   45.000011632.5303   21.9118
    7.5000  -22.5000   45.000011179.7480   21.9002
   -7.5000  -15.0000   45.000011853.5332   21.9417
    0.0000  -15.0000   45.000012338.7129   21.8886
    7.5000  -15.0000   45.000011859.6260   21.8752
   -7.5000   -7.5000   45.000012580.7109   21.9410
    0.0000   -7.5000   45.000013071.3350   21.8831
    7.5000   -7.5000   45.000012540.2529   21.8607
   -7.5000    0.0000   45.000013206.5293   21.9448
    0.0000    0.0000   45.000013726.7451   21.8978
    7.5000    0.0000   45.000013147.0684   21.8709
   -7.5000    7.5000   45.000012620.3467   21.9554
    0.0000    7.5000   45.000013125.4121   21.9237
    7.5000    7.5000   45.000012545.0781   21.8995
   -7.5000   15.0000   45.000011744.1992   21.9604
    0.0000   15.0000   45.000012214.4248   21.9321
    7.5000   15.0000   45.000011633.9844   21.9145
   -7.5000   22.5000   45.000010866.9932   21.9404
    0.0000   22.5000   45.000011295.6016   21.9017
    7.5000   22.5000   45.000010742.7139   21.8901
   -7.5000   30.0000   45.0000 9931.9863   21.6559
    0.0000   30.0000   45.000010319.7725   21.6035
    7.5000   30.0000   45.0000 9806.1143   21.5902
   -7.5000   37.5000   45.0000 9303.1631   21.6551
    0.0000   37.5000   45.0000 9655.5918   21.5980
    7.5000   37.5000   45.0000 9166.0400   21.5759
   -7.5000   45.0000   45.0000 8289.5703   21.1618
    0.0000   45.0000   45.0000 8609.6699   21.1166
    7.5000   45.0000   45.0000 8206.7295   21.0906

---------------------------------------------------------------------
imgreg_4dfp /opt/freesurfer/average/711-2C_as_mni_average_305 /opt/freesurfer/average/711-2B_as_mni_average_305_mask talsrcimg_g11 none talsrcimg_to_711-2C_as_mni_average_305_t4 4355
---------------------------------------------------------------------

freesurfer imgreg_4dfp.c
/opt/freesurfer/average/711-2C_as_mni_average_305.4dfp.img
       256       256       256         1
  1.000000  1.000000  1.000000
orientation T byte_order littleendian
Reading image: /opt/freesurfer/average/711-2C_as_mni_average_305.4dfp.img
dimensions:      256       256       256
mmppix:       1.0000   -1.0000   -1.0000
center:     128.0000 -129.0000 -129.0000
/opt/freesurfer/average/711-2B_as_mni_average_305_mask.4dfp.img
       256       256       256         1
  1.000000  1.000000  1.000000
orientation T byte_order littleendian
Reading mask: /opt/freesurfer/average/711-2B_as_mni_average_305_mask.4dfp.img (2306576 pixels)
talsrcimg_g11.4dfp.img
       256       256       256         1
  1.000000  1.000000  1.000000
orientation T byte_order littleendian
Reading image: talsrcimg_g11.4dfp.img
dimensions:      256       256       256
mmppix:       1.0000   -1.0000   -1.0000
center:     128.0000 -129.0000 -129.0000
rotation matrix determinant  1.000000
image alignment mode   4355 decimal     1103 hex
   -7.5000  -45.0000  -45.0000 2196.5876   23.0632
    0.0000  -45.0000  -45.0000 2203.9919   23.0222
    7.5000  -45.0000  -45.0000 2181.4812   23.2658
   -7.5000  -37.5000  -45.0000 2276.5046   21.6535
    0.0000  -37.5000  -45.0000 2281.5369   21.6315
    7.5000  -37.5000  -45.0000 2260.6931   21.7408
   -7.5000  -30.0000  -45.0000 2325.1533   20.5373
    0.0000  -30.0000  -45.0000 2328.9460   20.4937
    7.5000  -30.0000  -45.0000 2317.0044   20.6446
   -7.5000  -22.5000  -45.0000 2360.7910   19.6590
    0.0000  -22.5000  -45.0000 2365.9863   19.6123
    7.5000  -22.5000  -45.0000 2346.9275   19.7946
   -7.5000  -15.0000  -45.0000 2369.7371   19.1476
    0.0000  -15.0000  -45.0000 2375.1721   19.0706
    7.5000  -15.0000  -45.0000 2357.7346   19.3292
   -7.5000   -7.5000  -45.0000 2367.5073   19.0597
    0.0000   -7.5000  -45.0000 2373.9722   18.9994
    7.5000   -7.5000  -45.0000 2354.7825   19.2335
   -7.5000    0.0000  -45.0000 2357.2424   19.4353
    0.0000    0.0000  -45.0000 2362.5942   19.3348
    7.5000    0.0000  -45.0000 2347.9854   19.5807
   -7.5000    7.5000  -45.0000 2337.2756   19.9691
    0.0000    7.5000  -45.0000 2344.8403   19.8917
    7.5000    7.5000  -45.0000 2332.0684   20.1673
   -7.5000   15.0000  -45.0000 2300.9219   20.9020
    0.0000   15.0000  -45.0000 2305.3096   20.8249
    7.5000   15.0000  -45.0000 2293.0117   21.1834
   -7.5000   22.5000  -45.0000 2251.6716   22.3100
    0.0000   22.5000  -45.0000 2254.9590   22.2629
    7.5000   22.5000  -45.0000 2241.2712   22.7121
   -7.5000   30.0000  -45.0000 2174.5261   24.1907
    0.0000   30.0000  -45.0000 2177.3943   24.1431
    7.5000   30.0000  -45.0000 2158.3462   24.5705
   -7.5000   37.5000  -45.0000 2081.4583   26.6144
    0.0000   37.5000  -45.0000 2082.5217   26.4783
    7.5000   37.5000  -45.0000 2064.0139   26.9280
   -7.5000   45.0000  -45.0000 1967.1918   29.7283
    0.0000   45.0000  -45.0000 1965.4388   29.6004
    7.5000   45.0000  -45.0000 1953.9315   30.0778
   -7.5000  -45.0000  -37.5000 2280.6265   21.4898
    0.0000  -45.0000  -37.5000 2287.8801   21.4397
    7.5000  -45.0000  -37.5000 2265.6165   21.5758
   -7.5000  -37.5000  -37.5000 2365.1040   20.1047
    0.0000  -37.5000  -37.5000 2370.6409   20.0966
    7.5000  -37.5000  -37.5000 2345.2368   20.1464
   -7.5000  -30.0000  -37.5000 2417.1255   19.0384
    0.0000  -30.0000  -37.5000 2420.2388   19.0316
    7.5000  -30.0000  -37.5000 2396.0134   19.1007
   -7.5000  -22.5000  -37.5000 2447.9937   18.1894
    0.0000  -22.5000  -37.5000 2455.0774   18.1436
    7.5000  -22.5000  -37.5000 2431.7756   18.2932
   -7.5000  -15.0000  -37.5000 2466.3552   17.7368
    0.0000  -15.0000  -37.5000 2470.9502   17.6430
    7.5000  -15.0000  -37.5000 2450.0913   17.8405
   -7.5000   -7.5000  -37.5000 2469.1292   17.6891
    0.0000   -7.5000  -37.5000 2480.4985   17.6281
    7.5000   -7.5000  -37.5000 2454.4053   17.7916
   -7.5000    0.0000  -37.5000 2464.1531   17.9999
    0.0000    0.0000  -37.5000 2470.1338   17.9349
    7.5000    0.0000  -37.5000 2450.5583   18.1060
   -7.5000    7.5000  -37.5000 2442.8579   18.5320
    0.0000    7.5000  -37.5000 2447.7017   18.4625
    7.5000    7.5000  -37.5000 2432.3108   18.6726
   -7.5000   15.0000  -37.5000 2403.2380   19.4664
    0.0000   15.0000  -37.5000 2405.9661   19.3652
    7.5000   15.0000  -37.5000 2389.5085   19.6408
   -7.5000   22.5000  -37.5000 2343.2009   20.7921
    0.0000   22.5000  -37.5000 2348.7603   20.7192
    7.5000   22.5000  -37.5000 2333.1448   21.0728
   -7.5000   30.0000  -37.5000 2261.1948   22.5653
    0.0000   30.0000  -37.5000 2263.9829   22.4607
    7.5000   30.0000  -37.5000 2244.6255   22.8717
   -7.5000   37.5000  -37.5000 2157.3857   24.8606
    0.0000   37.5000  -37.5000 2157.3777   24.7253
    7.5000   37.5000  -37.5000 2142.9553   25.1983
   -7.5000   45.0000  -37.5000 2049.8894   27.8115
    0.0000   45.0000  -37.5000 2047.9656   27.6698
    7.5000   45.0000  -37.5000 2027.9221   28.1758
   -7.5000  -45.0000  -30.0000 2396.1821   20.6889
    0.0000  -45.0000  -30.0000 2399.8167   20.6767
    7.5000  -45.0000  -30.0000 2378.5588   20.7021
   -7.5000  -37.5000  -30.0000 2482.8621   19.3343
    0.0000  -37.5000  -30.0000 2487.0620   19.3244
    7.5000  -37.5000  -30.0000 2465.1501   19.3277
   -7.5000  -30.0000  -30.0000 2538.6528   18.2161
    0.0000  -30.0000  -30.0000 2545.5837   18.2160
    7.5000  -30.0000  -30.0000 2521.3982   18.2736
   -7.5000  -22.5000  -30.0000 2579.1895   17.4310
    0.0000  -22.5000  -30.0000 2589.1189   17.3805
    7.5000  -22.5000  -30.0000 2561.8450   17.4866
   -7.5000  -15.0000  -30.0000 2604.0210   16.9580
    0.0000  -15.0000  -30.0000 2611.0925   16.9380
    7.5000  -15.0000  -30.0000 2589.1392   17.0680
   -7.5000   -7.5000  -30.0000 2619.3010   16.9602
    0.0000   -7.5000  -30.0000 2628.6843   16.9130
    7.5000   -7.5000  -30.0000 2599.0615   17.0626
   -7.5000    0.0000  -30.0000 2614.9126   17.2738
    0.0000    0.0000  -30.0000 2623.1873   17.2137
    7.5000    0.0000  -30.0000 2600.4592   17.3700
   -7.5000    7.5000  -30.0000 2595.0210   17.8481
    0.0000    7.5000  -30.0000 2601.6477   17.7977
    7.5000    7.5000  -30.0000 2573.1707   17.9656
   -7.5000   15.0000  -30.0000 2544.3127   18.8180
    0.0000   15.0000  -30.0000 2551.4766   18.7642
    7.5000   15.0000  -30.0000 2521.5664   18.9571
   -7.5000   22.5000  -30.0000 2477.1487   20.1684
    0.0000   22.5000  -30.0000 2482.5232   20.1159
    7.5000   22.5000  -30.0000 2460.0940   20.3106
   -7.5000   30.0000  -30.0000 2385.7407   21.8928
    0.0000   30.0000  -30.0000 2389.2434   21.8185
    7.5000   30.0000  -30.0000 2366.4541   22.0879
   -7.5000   37.5000  -30.0000 2272.0830   24.0597
    0.0000   37.5000  -30.0000 2275.4426   24.0002
    7.5000   37.5000  -30.0000 2248.8872   24.3424
   -7.5000   45.0000  -30.0000 2157.2930   26.9816
    0.0000   45.0000  -30.0000 2161.2092   26.8604
    7.5000   45.0000  -30.0000 2130.7476   27.2343
   -7.5000  -45.0000  -22.5000 2490.2913   19.7161
    0.0000  -45.0000  -22.5000 2488.0459   19.6791
    7.5000  -45.0000  -22.5000 2460.9272   19.6995
   -7.5000  -37.5000  -22.5000 2578.0942   18.3246
    0.0000  -37.5000  -22.5000 2581.6624   18.3290
    7.5000  -37.5000  -22.5000 2558.2795   18.3410
   -7.5000  -30.0000  -22.5000 2637.0684   17.2870
    0.0000  -30.0000  -22.5000 2645.1360   17.2763
    7.5000  -30.0000  -22.5000 2621.1875   17.3289
   -7.5000  -22.5000  -22.5000 2685.9709   16.5283
    0.0000  -22.5000  -22.5000 2695.8242   16.5065
    7.5000  -22.5000  -22.5000 2668.5449   16.5731
   -7.5000  -15.0000  -22.5000 2718.7788   16.0855
    0.0000  -15.0000  -22.5000 2726.6135   16.0699
    7.5000  -15.0000  -22.5000 2703.2249   16.1864
   -7.5000   -7.5000  -22.5000 2740.2649   16.0968
    0.0000   -7.5000  -22.5000 2751.0146   16.0486
    7.5000   -7.5000  -22.5000 2719.6074   16.1942
   -7.5000    0.0000  -22.5000 2740.1626   16.4120
    0.0000    0.0000  -22.5000 2751.3596   16.3709
    7.5000    0.0000  -22.5000 2710.9905   16.4982
   -7.5000    7.5000  -22.5000 2714.1155   17.0381
    0.0000    7.5000  -22.5000 2725.2661   17.0130
    7.5000    7.5000  -22.5000 2684.9778   17.1536
   -7.5000   15.0000  -22.5000 2652.2615   18.0243
    0.0000   15.0000  -22.5000 2663.8662   18.0253
    7.5000   15.0000  -22.5000 2630.0139   18.1475
   -7.5000   22.5000  -22.5000 2576.1299   19.3448
    0.0000   22.5000  -22.5000 2588.9697   19.3322
    7.5000   22.5000  -22.5000 2555.5027   19.4580
   -7.5000   30.0000  -22.5000 2479.2659   21.0582
    0.0000   30.0000  -22.5000 2492.5010   21.0293
    7.5000   30.0000  -22.5000 2458.5415   21.2390
   -7.5000   37.5000  -22.5000 2356.8081   23.2196
    0.0000   37.5000  -22.5000 2361.7349   23.1685
    7.5000   37.5000  -22.5000 2331.0298   23.4364
   -7.5000   45.0000  -22.5000 2228.0405   25.9215
    0.0000   45.0000  -22.5000 2233.3877   25.8282
    7.5000   45.0000  -22.5000 2202.8052   26.1265
   -7.5000  -45.0000  -15.0000 2535.5337   18.7860
    0.0000  -45.0000  -15.0000 2540.1160   18.7598
    7.5000  -45.0000  -15.0000 2519.5793   18.8997
   -7.5000  -37.5000  -15.0000 2636.8005   17.3939
    0.0000  -37.5000  -15.0000 2643.8206   17.3675
    7.5000  -37.5000  -15.0000 2621.9460   17.4783
   -7.5000  -30.0000  -15.0000 2709.5234   16.3827
    0.0000  -30.0000  -15.0000 2712.7510   16.3601
    7.5000  -30.0000  -15.0000 2689.7986   16.4650
   -7.5000  -22.5000  -15.0000 2764.3333   15.6667
    0.0000  -22.5000  -15.0000 2771.6023   15.6221
    7.5000  -22.5000  -15.0000 2743.2219   15.7457
   -7.5000  -15.0000  -15.0000 2803.8342   15.2584
    0.0000  -15.0000  -15.0000 2808.7131   15.2388
    7.5000  -15.0000  -15.0000 2783.5508   15.3541
   -7.5000   -7.5000  -15.0000 2824.8206   15.3107
    0.0000   -7.5000  -15.0000 2838.7532   15.2607
    7.5000   -7.5000  -15.0000 2803.3376   15.3855
   -7.5000    0.0000  -15.0000 2823.3423   15.6036
    0.0000    0.0000  -15.0000 2842.4177   15.5757
    7.5000    0.0000  -15.0000 2794.4453   15.7105
   -7.5000    7.5000  -15.0000 2789.6279   16.2578
    0.0000    7.5000  -15.0000 2800.8240   16.2647
    7.5000    7.5000  -15.0000 2762.4011   16.4246
   -7.5000   15.0000  -15.0000 2729.3333   17.2624
    0.0000   15.0000  -15.0000 2736.3867   17.2722
    7.5000   15.0000  -15.0000 2705.2402   17.4257
   -7.5000   22.5000  -15.0000 2641.0195   18.5524
    0.0000   22.5000  -15.0000 2650.2808   18.5497
    7.5000   22.5000  -15.0000 2619.1741   18.7003
   -7.5000   30.0000  -15.0000 2532.8645   20.2095
    0.0000   30.0000  -15.0000 2544.9583   20.2246
    7.5000   30.0000  -15.0000 2510.4170   20.4160
   -7.5000   37.5000  -15.0000 2403.9082   22.3455
    0.0000   37.5000  -15.0000 2408.5901   22.3481
    7.5000   37.5000  -15.0000 2381.0881   22.5633
   -7.5000   45.0000  -15.0000 2263.1194   24.9442
    0.0000   45.0000  -15.0000 2267.4929   24.9335
    7.5000   45.0000  -15.0000 2245.8245   25.1938
   -7.5000  -45.0000   -7.5000 2563.2922   18.0011
    0.0000  -45.0000   -7.5000 2576.2542   17.9320
    7.5000  -45.0000   -7.5000 2564.6680   18.2512
   -7.5000  -37.5000   -7.5000 2669.6482   16.6182
    0.0000  -37.5000   -7.5000 2680.3516   16.5578
    7.5000  -37.5000   -7.5000 2662.2302   16.7841
   -7.5000  -30.0000   -7.5000 2757.2266   15.6285
    0.0000  -30.0000   -7.5000 2764.8811   15.5923
    7.5000  -30.0000   -7.5000 2737.0103   15.7611
   -7.5000  -22.5000   -7.5000 2826.9817   14.9398
    0.0000  -22.5000   -7.5000 2841.7727   14.9035
    7.5000  -22.5000   -7.5000 2803.9849   15.0986
   -7.5000  -15.0000   -7.5000 2872.6282   14.4994
    0.0000  -15.0000   -7.5000 2881.9910   14.4989
    7.5000  -15.0000   -7.5000 2843.3784   14.6764
   -7.5000   -7.5000   -7.5000 2894.8481   14.5902
    0.0000   -7.5000   -7.5000 2907.6294   14.5430
    7.5000   -7.5000   -7.5000 2868.4724   14.6927
   -7.5000    0.0000   -7.5000 2892.3259   14.8999
    0.0000    0.0000   -7.5000 2904.7095   14.8729
    7.5000    0.0000   -7.5000 2861.9294   15.0471
   -7.5000    7.5000   -7.5000 2850.4104   15.5904
    0.0000    7.5000   -7.5000 2855.5173   15.5609
    7.5000    7.5000   -7.5000 2824.1499   15.7561
   -7.5000   15.0000   -7.5000 2772.4595   16.6040
    0.0000   15.0000   -7.5000 2782.1277   16.5749
    7.5000   15.0000   -7.5000 2758.0674   16.7803
   -7.5000   22.5000   -7.5000 2679.8167   17.8982
    0.0000   22.5000   -7.5000 2685.4756   17.8657
    7.5000   22.5000   -7.5000 2658.1809   18.0982
   -7.5000   30.0000   -7.5000 2568.4480   19.5354
    0.0000   30.0000   -7.5000 2575.3042   19.5336
    7.5000   30.0000   -7.5000 2548.3511   19.7699
   -7.5000   37.5000   -7.5000 2437.0579   21.6393
    0.0000   37.5000   -7.5000 2441.7405   21.6413
    7.5000   37.5000   -7.5000 2414.8369   21.8916
   -7.5000   45.0000   -7.5000 2286.9858   24.2133
    0.0000   45.0000   -7.5000 2294.2686   24.1894
    7.5000   45.0000   -7.5000 2274.7488   24.4928
   -7.5000  -45.0000    0.0000 2590.8323   17.5735
    0.0000  -45.0000    0.0000 2597.4224   17.4793
    7.5000  -45.0000    0.0000 2593.6345   17.8677
   -7.5000  -37.5000    0.0000 2697.5220   16.1621
    0.0000  -37.5000    0.0000 2707.0244   16.0835
    7.5000  -37.5000    0.0000 2694.0593   16.3998
   -7.5000  -30.0000    0.0000 2789.4395   15.1521
    0.0000  -30.0000    0.0000 2802.3735   15.1102
    7.5000  -30.0000    0.0000 2776.5886   15.3910
   -7.5000  -22.5000    0.0000 2874.0376   14.5296
    0.0000  -22.5000    0.0000 2894.3909   14.4824
    7.5000  -22.5000    0.0000 2854.7563   14.7604
   -7.5000  -15.0000    0.0000 2923.7361   14.0199
    0.0000  -15.0000    0.0000 2947.4446   14.0241
    7.5000  -15.0000    0.0000 2896.6218   14.3671
   -7.5000   -7.5000    0.0000 2945.7229   14.0598
    0.0000   -7.5000    0.0000 2957.8599   14.0225
    7.5000   -7.5000    0.0000 2915.3879   14.3165
   -7.5000    0.0000    0.0000 2933.0059   14.4345
    0.0000    0.0000    0.0000 2946.7185   14.3776
    7.5000    0.0000    0.0000 2908.6865   14.6490
   -7.5000    7.5000    0.0000 2882.8252   15.1930
    0.0000    7.5000    0.0000 2893.6675   15.1200
    7.5000    7.5000    0.0000 2870.1746   15.4147
   -7.5000   15.0000    0.0000 2794.6184   16.1906
    0.0000   15.0000    0.0000 2807.0745   16.1484
    7.5000   15.0000    0.0000 2788.9656   16.4822
   -7.5000   22.5000    0.0000 2696.8840   17.4863
    0.0000   22.5000    0.0000 2707.9600   17.4648
    7.5000   22.5000    0.0000 2690.0222   17.8380
   -7.5000   30.0000    0.0000 2581.7388   19.1153
    0.0000   30.0000    0.0000 2590.6753   19.1360
    7.5000   30.0000    0.0000 2572.4517   19.5183
   -7.5000   37.5000    0.0000 2449.3882   21.1637
    0.0000   37.5000    0.0000 2455.1213   21.2070
    7.5000   37.5000    0.0000 2433.2385   21.5809
   -7.5000   45.0000    0.0000 2298.5310   23.7110
    0.0000   45.0000    0.0000 2302.4851   23.7502
    7.5000   45.0000    0.0000 2285.6458   24.1147
   -7.5000  -45.0000    7.5000 2609.2295   17.3892
    0.0000  -45.0000    7.5000 2617.2981   17.1967
    7.5000  -45.0000    7.5000 2609.8901   17.6401
   -7.5000  -37.5000    7.5000 2715.3254   15.9770
    0.0000  -37.5000    7.5000 2725.8491   15.8356
    7.5000  -37.5000    7.5000 2712.4263   16.2438
   -7.5000  -30.0000    7.5000 2806.1379   14.9738
    0.0000  -30.0000    7.5000 2826.6340   14.8845
    7.5000  -30.0000    7.5000 2802.8188   15.2542
   -7.5000  -22.5000    7.5000 2894.0784   14.3606
    0.0000  -22.5000    7.5000 2925.9521   14.2973
    7.5000  -22.5000    7.5000 2879.2986   14.6062
   -7.5000  -15.0000    7.5000 2950.2349   13.9012
    0.0000  -15.0000    7.5000 2986.1287   13.8388
    7.5000  -15.0000    7.5000 2923.8887   14.2397
   -7.5000   -7.5000    7.5000 2972.4739   13.8620
    0.0000   -7.5000    7.5000 2988.4617   13.7545
    7.5000   -7.5000    7.5000 2947.5024   14.2766
   -7.5000    0.0000    7.5000 2958.8435   14.2678
    0.0000    0.0000    7.5000 2969.3818   14.2064
    7.5000    0.0000    7.5000 2938.9470   14.6417
   -7.5000    7.5000    7.5000 2898.8008   15.1021
    0.0000    7.5000    7.5000 2915.1294   15.0559
    7.5000    7.5000    7.5000 2889.6362   15.4234
   -7.5000   15.0000    7.5000 2808.5845   16.1243
    0.0000   15.0000    7.5000 2822.6448   16.0980
    7.5000   15.0000    7.5000 2800.9436   16.4159
   -7.5000   22.5000    7.5000 2697.7048   17.4150
    0.0000   22.5000    7.5000 2713.1960   17.3845
    7.5000   22.5000    7.5000 2693.3667   17.7125
   -7.5000   30.0000    7.5000 2585.4761   19.0343
    0.0000   30.0000    7.5000 2592.9421   19.0121
    7.5000   30.0000    7.5000 2566.7236   19.3736
   -7.5000   37.5000    7.5000 2446.1426   21.0778
    0.0000   37.5000    7.5000 2455.8882   21.0791
    7.5000   37.5000    7.5000 2431.4771   21.4491
   -7.5000   45.0000    7.5000 2295.8984   23.6543
    0.0000   45.0000    7.5000 2301.9746   23.6615
    7.5000   45.0000    7.5000 2283.2053   24.0346
   -7.5000  -45.0000   15.0000 2620.9971   17.4950
    0.0000  -45.0000   15.0000 2635.0557   17.2909
    7.5000  -45.0000   15.0000 2626.6033   17.7578
   -7.5000  -37.5000   15.0000 2724.2793   16.0895
    0.0000  -37.5000   15.0000 2736.8899   15.8941
    7.5000  -37.5000   15.0000 2732.1179   16.3664
   -7.5000  -30.0000   15.0000 2809.2185   15.0879
    0.0000  -30.0000   15.0000 2828.9985   14.8760
    7.5000  -30.0000   15.0000 2820.2817   15.3628
   -7.5000  -22.5000   15.0000 2885.0239   14.4129
    0.0000  -22.5000   15.0000 2919.8337   14.2172
    7.5000  -22.5000   15.0000 2891.0325   14.6751
   -7.5000  -15.0000   15.0000 2937.0884   14.0517
    0.0000  -15.0000   15.0000 2977.1216   13.8607
    7.5000  -15.0000   15.0000 2928.8706   14.3549
   -7.5000   -7.5000   15.0000 2970.3645   14.1662
    0.0000   -7.5000   15.0000 3000.5000   14.0304
    7.5000   -7.5000   15.0000 2953.3042   14.4497
   -7.5000    0.0000   15.0000 2955.2090   14.6247
    0.0000    0.0000   15.0000 2973.4893   14.5324
    7.5000    0.0000   15.0000 2934.4622   14.8719
   -7.5000    7.5000   15.0000 2891.5103   15.3661
    0.0000    7.5000   15.0000 2908.0505   15.3023
    7.5000    7.5000   15.0000 2876.1221   15.5923
   -7.5000   15.0000   15.0000 2795.6584   16.2900
    0.0000   15.0000   15.0000 2809.3674   16.2196
    7.5000   15.0000   15.0000 2786.8157   16.5139
   -7.5000   22.5000   15.0000 2687.3901   17.5227
    0.0000   22.5000   15.0000 2699.8262   17.4758
    7.5000   22.5000   15.0000 2679.2393   17.7520
   -7.5000   30.0000   15.0000 2571.7939   19.1270
    0.0000   30.0000   15.0000 2578.5940   19.1066
    7.5000   30.0000   15.0000 2555.0398   19.4060
   -7.5000   37.5000   15.0000 2429.1689   21.1841
    0.0000   37.5000   15.0000 2439.1919   21.1981
    7.5000   37.5000   15.0000 2421.7864   21.5288
   -7.5000   45.0000   15.0000 2279.8669   23.8288
    0.0000   45.0000   15.0000 2285.4790   23.7772
    7.5000   45.0000   15.0000 2266.5151   24.1892
   -7.5000  -45.0000   22.5000 2620.6755   17.8449
    0.0000  -45.0000   22.5000 2639.4502   17.6298
    7.5000  -45.0000   22.5000 2632.7083   18.0392
   -7.5000  -37.5000   22.5000 2720.6108   16.5333
    0.0000  -37.5000   22.5000 2742.4211   16.3005
    7.5000  -37.5000   22.5000 2738.1255   16.7162
   -7.5000  -30.0000   22.5000 2806.9622   15.5886
    0.0000  -30.0000   22.5000 2836.4451   15.3623
    7.5000  -30.0000   22.5000 2822.0781   15.7415
   -7.5000  -22.5000   22.5000 2879.6252   14.9543
    0.0000  -22.5000   22.5000 2908.7200   14.6922
    7.5000  -22.5000   22.5000 2881.9810   15.1443
   -7.5000  -15.0000   22.5000 2923.9807   14.6529
    0.0000  -15.0000   22.5000 2947.9619   14.4472
    7.5000  -15.0000   22.5000 2908.7834   14.8313
   -7.5000   -7.5000   22.5000 2939.8181   14.7894
    0.0000   -7.5000   22.5000 2963.7275   14.6261
    7.5000   -7.5000   22.5000 2923.9282   14.9083
   -7.5000    0.0000   22.5000 2910.8645   15.1997
    0.0000    0.0000   22.5000 2930.6726   15.0764
    7.5000    0.0000   22.5000 2900.9443   15.3332
   -7.5000    7.5000   22.5000 2844.9878   15.8891
    0.0000    7.5000   22.5000 2864.1643   15.7892
    7.5000    7.5000   22.5000 2843.5466   16.0512
   -7.5000   15.0000   22.5000 2763.4492   16.8050
    0.0000   15.0000   22.5000 2775.5217   16.7378
    7.5000   15.0000   22.5000 2758.6631   16.9754
   -7.5000   22.5000   22.5000 2664.6423   17.9462
    0.0000   22.5000   22.5000 2674.0320   17.8697
    7.5000   22.5000   22.5000 2653.4700   18.1357
   -7.5000   30.0000   22.5000 2542.0911   19.4582
    0.0000   30.0000   22.5000 2549.4780   19.4005
    7.5000   30.0000   22.5000 2533.8489   19.7173
   -7.5000   37.5000   22.5000 2401.5291   21.5552
    0.0000   37.5000   22.5000 2409.0649   21.4822
    7.5000   37.5000   22.5000 2395.0293   21.8180
   -7.5000   45.0000   22.5000 2255.2637   24.1457
    0.0000   45.0000   22.5000 2262.6113   24.0965
    7.5000   45.0000   22.5000 2245.5232   24.4639
   -7.5000  -45.0000   30.0000 2607.0906   18.5731
    0.0000  -45.0000   30.0000 2630.8965   18.4048
    7.5000  -45.0000   30.0000 2610.5295   18.6526
   -7.5000  -37.5000   30.0000 2707.9761   17.3011
    0.0000  -37.5000   30.0000 2728.9810   17.1062
    7.5000  -37.5000   30.0000 2713.8906   17.3558
   -7.5000  -30.0000   30.0000 2793.4722   16.3641
    0.0000  -30.0000   30.0000 2812.4224   16.1077
    7.5000  -30.0000   30.0000 2793.7283   16.4004
   -7.5000  -22.5000   30.0000 2850.9556   15.7208
    0.0000  -22.5000   30.0000 2873.6074   15.4433
    7.5000  -22.5000   30.0000 2851.3669   15.7857
   -7.5000  -15.0000   30.0000 2877.1968   15.4205
    0.0000  -15.0000   30.0000 2894.0454   15.1768
    7.5000  -15.0000   30.0000 2873.1025   15.5045
   -7.5000   -7.5000   30.0000 2882.1619   15.5280
    0.0000   -7.5000   30.0000 2899.6807   15.3079
    7.5000   -7.5000   30.0000 2876.4304   15.5574
   -7.5000    0.0000   30.0000 2849.5315   15.9211
    0.0000    0.0000   30.0000 2865.3396   15.7787
    7.5000    0.0000   30.0000 2846.2693   15.9631
   -7.5000    7.5000   30.0000 2790.1755   16.6118
    0.0000    7.5000   30.0000 2806.2212   16.5042
    7.5000    7.5000   30.0000 2786.3794   16.6929
   -7.5000   15.0000   30.0000 2712.9336   17.4835
    0.0000   15.0000   30.0000 2727.7375   17.4233
    7.5000   15.0000   30.0000 2706.2632   17.6014
   -7.5000   22.5000   30.0000 2620.8391   18.6358
    0.0000   22.5000   30.0000 2628.7930   18.5581
    7.5000   22.5000   30.0000 2608.0491   18.7137
   -7.5000   30.0000   30.0000 2501.5122   20.1615
    0.0000   30.0000   30.0000 2509.5752   20.0961
    7.5000   30.0000   30.0000 2491.0237   20.2980
   -7.5000   37.5000   30.0000 2365.3000   22.1632
    0.0000   37.5000   30.0000 2371.5151   22.1355
    7.5000   37.5000   30.0000 2355.8506   22.3666
   -7.5000   45.0000   30.0000 2219.9724   24.7814
    0.0000   45.0000   30.0000 2225.8318   24.7321
    7.5000   45.0000   30.0000 2211.4707   25.0670
   -7.5000  -45.0000   37.5000 2572.4868   19.5218
    0.0000  -45.0000   37.5000 2597.0012   19.3508
    7.5000  -45.0000   37.5000 2573.6663   19.5019
   -7.5000  -37.5000   37.5000 2669.7112   18.1828
    0.0000  -37.5000   37.5000 2694.1816   17.9783
    7.5000  -37.5000   37.5000 2676.5164   18.2079
   -7.5000  -30.0000   37.5000 2746.5984   17.1871
    0.0000  -30.0000   37.5000 2768.6104   16.9694
    7.5000  -30.0000   37.5000 2751.4019   17.2377
   -7.5000  -22.5000   37.5000 2800.1511   16.5650
    0.0000  -22.5000   37.5000 2816.1040   16.3387
    7.5000  -22.5000   37.5000 2804.0503   16.6149
   -7.5000  -15.0000   37.5000 2818.5793   16.2689
    0.0000  -15.0000   37.5000 2830.0498   16.0479
    7.5000  -15.0000   37.5000 2819.5945   16.3454
   -7.5000   -7.5000   37.5000 2816.2229   16.3341
    0.0000   -7.5000   37.5000 2830.3403   16.0821
    7.5000   -7.5000   37.5000 2811.0999   16.3676
   -7.5000    0.0000   37.5000 2782.4238   16.7303
    0.0000    0.0000   37.5000 2793.9419   16.5843
    7.5000    0.0000   37.5000 2781.8398   16.7797
   -7.5000    7.5000   37.5000 2727.0239   17.4330
    0.0000    7.5000   37.5000 2740.7520   17.3342
    7.5000    7.5000   37.5000 2726.0869   17.5024
   -7.5000   15.0000   37.5000 2653.8894   18.3444
    0.0000   15.0000   37.5000 2666.4294   18.2444
    7.5000   15.0000   37.5000 2646.5479   18.3764
   -7.5000   22.5000   37.5000 2562.7996   19.4667
    0.0000   22.5000   37.5000 2572.3430   19.4153
    7.5000   22.5000   37.5000 2553.7910   19.5180
   -7.5000   30.0000   37.5000 2447.3528   21.0068
    0.0000   30.0000   37.5000 2459.1147   20.9550
    7.5000   30.0000   37.5000 2433.3704   21.1113
   -7.5000   37.5000   37.5000 2319.5085   23.0927
    0.0000   37.5000   37.5000 2330.5374   23.0601
    7.5000   37.5000   37.5000 2307.1045   23.2436
   -7.5000   45.0000   37.5000 2179.5874   25.7946
    0.0000   45.0000   37.5000 2182.7114   25.7372
    7.5000   45.0000   37.5000 2167.2534   25.9711
   -7.5000  -45.0000   45.0000 2523.7439   20.6000
    0.0000  -45.0000   45.0000 2549.8762   20.4091
    7.5000  -45.0000   45.0000 2526.1184   20.5396
   -7.5000  -37.5000   45.0000 2613.2429   19.2054
    0.0000  -37.5000   45.0000 2640.3687   19.0260
    7.5000  -37.5000   45.0000 2616.6914   19.2217
   -7.5000  -30.0000   45.0000 2682.3716   18.1994
    0.0000  -30.0000   45.0000 2704.1072   18.0208
    7.5000  -30.0000   45.0000 2685.7422   18.2654
   -7.5000  -22.5000   45.0000 2724.7134   17.5585
    0.0000  -22.5000   45.0000 2738.3694   17.3557
    7.5000  -22.5000   45.0000 2730.2712   17.6013
   -7.5000  -15.0000   45.0000 2742.7551   17.2606
    0.0000  -15.0000   45.0000 2751.4856   17.0517
    7.5000  -15.0000   45.0000 2746.1753   17.3022
   -7.5000   -7.5000   45.0000 2743.1401   17.2768
    0.0000   -7.5000   45.0000 2754.1277   17.0779
    7.5000   -7.5000   45.0000 2737.9990   17.2908
   -7.5000    0.0000   45.0000 2712.4648   17.6753
    0.0000    0.0000   45.0000 2722.7600   17.5493
    7.5000    0.0000   45.0000 2704.5049   17.7223
   -7.5000    7.5000   45.0000 2658.6951   18.3960
    0.0000    7.5000   45.0000 2670.4285   18.2981
    7.5000    7.5000   45.0000 2650.8848   18.4767
   -7.5000   15.0000   45.0000 2586.6785   19.3510
    0.0000   15.0000   45.0000 2595.4878   19.2603
    7.5000   15.0000   45.0000 2572.8164   19.3715
   -7.5000   22.5000   45.0000 2494.7043   20.4891
    0.0000   22.5000   45.0000 2506.8323   20.4267
    7.5000   22.5000   45.0000 2483.5869   20.5201
   -7.5000   30.0000   45.0000 2381.1648   22.1401
    0.0000   30.0000   45.0000 2391.2251   22.0420
    7.5000   30.0000   45.0000 2369.6536   22.1626
   -7.5000   37.5000   45.0000 2261.3669   24.3353
    0.0000   37.5000   45.0000 2268.5715   24.2726
    7.5000   37.5000   45.0000 2246.1150   24.4113
   -7.5000   45.0000   45.0000 2119.2351   27.1315
    0.0000   45.0000   45.0000 2126.4343   27.0230
    7.5000   45.0000   45.0000 2113.7473   27.2859

---------------------------------------------------------------------
imgreg_4dfp /opt/freesurfer/average/711-2C_as_mni_average_305 /opt/freesurfer/average/711-2B_as_mni_average_305_mask talsrcimg_g11 none talsrcimg_to_711-2C_as_mni_average_305_t4 1283
---------------------------------------------------------------------

freesurfer imgreg_4dfp.c
/opt/freesurfer/average/711-2C_as_mni_average_305.4dfp.img
       256       256       256         1
  1.000000  1.000000  1.000000
orientation T byte_order littleendian
Reading image: /opt/freesurfer/average/711-2C_as_mni_average_305.4dfp.img
dimensions:      256       256       256
mmppix:       1.0000   -1.0000   -1.0000
center:     128.0000 -129.0000 -129.0000
/opt/freesurfer/average/711-2B_as_mni_average_305_mask.4dfp.img
       256       256       256         1
  1.000000  1.000000  1.000000
orientation T byte_order littleendian
Reading mask: /opt/freesurfer/average/711-2B_as_mni_average_305_mask.4dfp.img (2306576 pixels)
talsrcimg_g11.4dfp.img
       256       256       256         1
  1.000000  1.000000  1.000000
orientation T byte_order littleendian
Reading image: talsrcimg_g11.4dfp.img
dimensions:      256       256       256
mmppix:       1.0000   -1.0000   -1.0000
center:     128.0000 -129.0000 -129.0000
rotation matrix determinant  1.000000
fimgreg.f
image alignment mode   1283 decimal      503 hex
parameters
    0.0000   -7.5000   15.0000    0.0000    0.0000    0.0000
eta,q 0.94143 14.04246
niter,ni,del,rscale     5    3   12.0000    1.2000
parameter  4 -1.317106 -> -0.500000 qaram    1.1500
parameter  5  0.603972 ->  0.500000 qaram    1.1500
parameters
   -0.1497   -6.8680   12.5666    3.4500   -3.4500   -2.6438
eta,q 0.94340 13.73363
  0.0661  0.0694  0.0612  0.0700  0.0576  0.0566
  0.0621  0.0665  0.0611  0.0671  0.0569  0.0566
  0.0613  0.0636  0.0618  0.0639  0.0571  0.0567
  0.0614  0.0611  0.0606  0.0614  0.0585  0.0567
  0.0615  0.0601  0.0619  0.0594  0.0589  0.0569
  0.0630  0.0631  0.0645  0.0582  0.0603  0.0577
  0.0662  0.0679  0.0689  0.0576  0.0626  0.0591
niter,ni,del,rscale     6    3   12.0000    1.2000
parameters
    1.0272   -8.1798   12.8557    6.8668   -4.0446   -1.9640
eta,q 0.94669 13.83766
  0.0595  0.0598  0.0589  0.0655  0.0575  0.0554
  0.0575  0.0563  0.0576  0.0619  0.0553  0.0547
  0.0569  0.0557  0.0583  0.0574  0.0534  0.0537
  0.0566  0.0560  0.0557  0.0553  0.0536  0.0533
  0.0553  0.0579  0.0543  0.0537  0.0547  0.0536
  0.0552  0.0605  0.0565  0.0539  0.0559  0.0542
  0.0582  0.0646  0.0599  0.0555  0.0592  0.0546
niter,ni,del,rscale     5    3   12.0000    1.2000
parameter  4 -0.720876 -> -0.500000 qaram    1.3225
parameters
    0.2648  -10.6432   12.7951   10.8343   -3.3083   -2.8532
eta,q 0.94906 13.79790
  0.0574  0.0532  0.0574  0.0635  0.0548  0.0527
  0.0551  0.0543  0.0561  0.0586  0.0525  0.0519
  0.0538  0.0538  0.0566  0.0556  0.0508  0.0512
  0.0533  0.0534  0.0540  0.0541  0.0507  0.0509
  0.0539  0.0543  0.0530  0.0516  0.0515  0.0516
  0.0565  0.0581  0.0558  0.0507  0.0519  0.0529
  0.0612  0.0647  0.0590  0.0518  0.0530  0.0541
niter,ni,del,rscale     5    3   12.0000    1.2000
parameters
   -0.8046  -13.3163   12.4650   12.3201   -4.0162   -5.3167
eta,q 0.95340 13.59321
  0.0549  0.0508  0.0531  0.0612  0.0515  0.0485
  0.0505  0.0485  0.0494  0.0540  0.0489  0.0473
  0.0490  0.0479  0.0482  0.0512  0.0472  0.0465
  0.0509  0.0498  0.0478  0.0479  0.0474  0.0471
  0.0521  0.0531  0.0491  0.0480  0.0495  0.0495
  0.0541  0.0585  0.0511  0.0504  0.0509  0.0528
  0.0586  0.0643  0.0534  0.0539  0.0519  0.0552
niter,ni,del,rscale     4    3   12.0000    1.2000
parameters
   -1.3229  -13.7850   12.8815   12.5996   -3.7460   -5.7244
eta,q 0.95375 13.60251
  0.0534  0.0537  0.0548  0.0563  0.0533  0.0501
  0.0487  0.0494  0.0512  0.0506  0.0497  0.0484
  0.0454  0.0467  0.0476  0.0472  0.0466  0.0471
  0.0466  0.0458  0.0457  0.0458  0.0458  0.0460
  0.0489  0.0474  0.0476  0.0472  0.0480  0.0463
  0.0507  0.0503  0.0504  0.0500  0.0501  0.0487
  0.0552  0.0575  0.0522  0.0546  0.0511  0.0524
niter,ni,del,rscale     3    3   12.0000    1.2000
parameters
   -1.3944  -13.8514   13.0265   12.7053   -3.6901   -5.7826
eta,q 0.95371 13.60833
  0.0554  0.0551  0.0544  0.0558  0.0530  0.0506
  0.0497  0.0502  0.0506  0.0503  0.0495  0.0488
  0.0455  0.0474  0.0472  0.0470  0.0464  0.0474
  0.0462  0.0461  0.0461  0.0462  0.0462  0.0463
  0.0487  0.0471  0.0484  0.0475  0.0485  0.0461
  0.0502  0.0496  0.0508  0.0502  0.0503  0.0481
  0.0547  0.0562  0.0527  0.0550  0.0515  0.0518
niter,ni,del,rscale     2    3   12.0000    1.2000
parameters
   -1.4193  -13.8613   13.0780   12.7266   -3.6932   -5.7958
eta,q 0.95372 13.61164
  0.0557  0.0553  0.0542  0.0556  0.0529  0.0507
  0.0498  0.0504  0.0504  0.0502  0.0494  0.0488
  0.0456  0.0476  0.0470  0.0470  0.0463  0.0474
  0.0463  0.0463  0.0463  0.0463  0.0463  0.0463
  0.0486  0.0471  0.0486  0.0476  0.0486  0.0461
  0.0502  0.0496  0.0509  0.0503  0.0503  0.0480
  0.0547  0.0561  0.0530  0.0552  0.0516  0.0517
registration optimization eta report
parameter search radius
    6.0000    6.0000    6.0000    7.9350    6.9000    6.0000
100000*second partial in parameter space
       25.       26.       19.       15.       12.       14.
  0.0557  0.0553  0.0542  0.0556  0.0529  0.0507
  0.0498  0.0504  0.0504  0.0502  0.0494  0.0488
  0.0456  0.0476  0.0470  0.0470  0.0463  0.0474
  0.0463  0.0463  0.0463  0.0463  0.0463  0.0463
  0.0486  0.0471  0.0486  0.0476  0.0486  0.0461
  0.0502  0.0496  0.0509  0.0503  0.0503  0.0480
  0.0547  0.0561  0.0530  0.0552  0.0516  0.0517
   -1.4193  -13.8613   13.0780   12.7266   -3.6932   -5.7958
eta,q 0.95372 13.61164

---------------------------------------------------------------------
imgreg_4dfp /opt/freesurfer/average/711-2C_as_mni_average_305 /opt/freesurfer/average/711-2B_as_mni_average_305_mask talsrcimg_g11 none talsrcimg_to_711-2C_as_mni_average_305_t4 3335
---------------------------------------------------------------------

freesurfer imgreg_4dfp.c
/opt/freesurfer/average/711-2C_as_mni_average_305.4dfp.img
       256       256       256         1
  1.000000  1.000000  1.000000
orientation T byte_order littleendian
Reading image: /opt/freesurfer/average/711-2C_as_mni_average_305.4dfp.img
dimensions:      256       256       256
mmppix:       1.0000   -1.0000   -1.0000
center:     128.0000 -129.0000 -129.0000
/opt/freesurfer/average/711-2B_as_mni_average_305_mask.4dfp.img
       256       256       256         1
  1.000000  1.000000  1.000000
orientation T byte_order littleendian
Reading mask: /opt/freesurfer/average/711-2B_as_mni_average_305_mask.4dfp.img (2306576 pixels)
talsrcimg_g11.4dfp.img
       256       256       256         1
  1.000000  1.000000  1.000000
orientation T byte_order littleendian
Reading image: talsrcimg_g11.4dfp.img
dimensions:      256       256       256
mmppix:       1.0000   -1.0000   -1.0000
center:     128.0000 -129.0000 -129.0000
fimgreg.f
image alignment mode   3335 decimal      D07 hex
parameters
   -1.4193  -13.8613   13.0780   -0.7178   -3.0987   -2.6593
   11.2620    4.0263  -10.0774  -22.5518   -6.4414   21.9842
eta,q 0.95607 13.67396
niter,ni,del,rscale     5    3    5.0000    1.2000
parameter  4  6.740482 ->  0.500000 qaram    1.1500
parameter  5  1.815385 ->  0.500000 qaram    1.1500
parameter  6  0.948676 ->  0.500000 qaram    1.1500
parameter  7  0.612140 ->  0.500000 qaram    1.1500
parameter 12  1.182816 ->  0.500000 qaram    1.1500
parameters
   -0.9046  -13.1675   13.7426   -4.8578   -7.2387   -6.7993
    7.1220    4.7464   -6.4862  -22.2713   -5.4417   17.8442
eta,q 0.97272 13.48871
  0.0468  0.0466  0.0454  0.0355  0.0326  0.0306  0.0302  0.0365  0.0335  0.0335  0.0315  0.0267
  0.0456  0.0453  0.0447  0.0374  0.0337  0.0305  0.0297  0.0336  0.0318  0.0311  0.0303  0.0271
  0.0446  0.0443  0.0441  0.0403  0.0357  0.0315  0.0299  0.0312  0.0305  0.0296  0.0295  0.0278
  0.0439  0.0438  0.0436  0.0435  0.0382  0.0341  0.0307  0.0297  0.0295  0.0290  0.0290  0.0289
  0.0438  0.0436  0.0435  0.0472  0.0408  0.0390  0.0320  0.0298  0.0290  0.0294  0.0290  0.0304
  0.0443  0.0439  0.0437  0.0504  0.0440  0.0442  0.0339  0.0316  0.0291  0.0308  0.0295  0.0322
  0.0452  0.0446  0.0443  0.0531  0.0477  0.0483  0.0360  0.0347  0.0296  0.0328  0.0305  0.0344
niter,ni,del,rscale     7    3    5.0000    1.2000
parameter  2  0.506887 ->  0.500000 qaram    1.1500
parameter  3  0.841453 ->  0.500000 qaram    1.1500
parameter  5  0.513423 ->  0.500000 qaram    1.3225
parameters
   -1.1994  -14.5475   12.3626   -7.9250  -11.9997   -7.9120
    5.7011    4.8351   -6.5593  -22.6687   -5.1075   14.3186
eta,q 0.97687 13.25944
  0.0305  0.0272  0.0254  0.0273  0.0246  0.0267  0.0265  0.0292  0.0257  0.0264  0.0253  0.0238
  0.0285  0.0266  0.0253  0.0256  0.0234  0.0255  0.0247  0.0263  0.0245  0.0246  0.0243  0.0233
  0.0274  0.0266  0.0257  0.0245  0.0235  0.0243  0.0237  0.0243  0.0238  0.0237  0.0237  0.0231
  0.0273  0.0272  0.0265  0.0254  0.0246  0.0233  0.0237  0.0235  0.0235  0.0235  0.0235  0.0235
  0.0282  0.0284  0.0277  0.0282  0.0264  0.0230  0.0247  0.0240  0.0238  0.0240  0.0237  0.0243
  0.0300  0.0301  0.0293  0.0319  0.0291  0.0260  0.0267  0.0260  0.0245  0.0251  0.0241  0.0255
  0.0324  0.0322  0.0311  0.0366  0.0324  0.0320  0.0292  0.0291  0.0258  0.0270  0.0250  0.0273
niter,ni,del,rscale     7    3    5.0000    1.2000
parameter  3  0.567653 ->  0.500000 qaram    1.3225
parameters
   -1.1194  -14.3225   10.7756   -6.9370  -10.8510   -8.8893
    5.4894    4.9686   -6.3319  -21.8449   -4.8149   12.4922
eta,q 0.97777 13.20940
  0.0269  0.0275  0.0229  0.0283  0.0287  0.0257  0.0266  0.0287  0.0249  0.0269  0.0245  0.0235
  0.0249  0.0252  0.0225  0.0262  0.0261  0.0242  0.0244  0.0257  0.0235  0.0244  0.0234  0.0227
  0.0236  0.0237  0.0226  0.0242  0.0236  0.0230  0.0228  0.0234  0.0226  0.0228  0.0226  0.0223
  0.0231  0.0231  0.0231  0.0225  0.0222  0.0220  0.0223  0.0223  0.0223  0.0223  0.0223  0.0223
  0.0234  0.0234  0.0241  0.0223  0.0223  0.0218  0.0230  0.0229  0.0225  0.0225  0.0225  0.0228
  0.0245  0.0244  0.0254  0.0241  0.0239  0.0244  0.0247  0.0251  0.0233  0.0233  0.0231  0.0239
  0.0265  0.0262  0.0270  0.0267  0.0266  0.0306  0.0271  0.0285  0.0246  0.0251  0.0243  0.0256
niter,ni,del,rscale     7    3    5.0000    1.2000
parameters
   -1.1600  -13.9500   10.5931   -6.7964  -10.3019   -8.8923
    5.3243    4.9310   -6.3209  -21.1819   -4.7851   11.8145
eta,q 0.97788 13.20758
  0.0262  0.0272  0.0249  0.0275  0.0282  0.0262  0.0265  0.0283  0.0246  0.0265  0.0242  0.0239
  0.0240  0.0247  0.0231  0.0255  0.0255  0.0246  0.0242  0.0253  0.0232  0.0241  0.0231  0.0229
  0.0227  0.0230  0.0223  0.0236  0.0232  0.0232  0.0226  0.0231  0.0224  0.0226  0.0224  0.0223
  0.0222  0.0222  0.0222  0.0222  0.0221  0.0221  0.0221  0.0221  0.0221  0.0221  0.0221  0.0221
  0.0228  0.0224  0.0227  0.0226  0.0226  0.0215  0.0227  0.0228  0.0224  0.0224  0.0223  0.0224
  0.0242  0.0233  0.0238  0.0246  0.0244  0.0228  0.0244  0.0252  0.0232  0.0233  0.0230  0.0233
  0.0265  0.0251  0.0253  0.0278  0.0272  0.0280  0.0269  0.0286  0.0246  0.0250  0.0242  0.0247
niter,ni,del,rscale     6    3    5.0000    1.2000
parameters
   -1.1801  -13.8375   10.4946   -6.8292  -10.0540   -8.9010
    5.2802    4.9346   -6.2985  -20.9278   -4.8027   11.5903
eta,q 0.97788 13.20615
  0.0262  0.0264  0.0251  0.0274  0.0279  0.0262  0.0266  0.0283  0.0245  0.0260  0.0242  0.0242
  0.0240  0.0240  0.0232  0.0254  0.0253  0.0246  0.0243  0.0253  0.0232  0.0238  0.0231  0.0230
  0.0226  0.0226  0.0223  0.0234  0.0230  0.0232  0.0227  0.0231  0.0224  0.0224  0.0224  0.0223
  0.0221  0.0221  0.0221  0.0221  0.0221  0.0221  0.0221  0.0221  0.0221  0.0221  0.0221  0.0221
  0.0226  0.0225  0.0226  0.0227  0.0228  0.0215  0.0227  0.0228  0.0223  0.0225  0.0223  0.0224
  0.0241  0.0237  0.0237  0.0248  0.0247  0.0228  0.0243  0.0251  0.0232  0.0236  0.0230  0.0231
  0.0263  0.0256  0.0252  0.0281  0.0275  0.0280  0.0267  0.0285  0.0245  0.0254  0.0243  0.0245
niter,ni,del,rscale     5    3    5.0000    1.2000
parameters
   -1.1847  -13.7887   10.4420   -6.8629   -9.9529   -8.9283
    5.2631    4.9440   -6.2848  -20.8275   -4.8155   11.5093
eta,q 0.97786 13.20410
  0.0263  0.0262  0.0252  0.0274  0.0278  0.0263  0.0266  0.0283  0.0245  0.0259  0.0242  0.0243
  0.0240  0.0239  0.0233  0.0254  0.0252  0.0246  0.0243  0.0253  0.0232  0.0237  0.0231  0.0231
  0.0226  0.0225  0.0223  0.0234  0.0229  0.0232  0.0227  0.0231  0.0224  0.0224  0.0224  0.0224
  0.0221  0.0221  0.0221  0.0221  0.0221  0.0221  0.0221  0.0221  0.0221  0.0221  0.0221  0.0221
  0.0226  0.0226  0.0226  0.0227  0.0229  0.0215  0.0227  0.0228  0.0224  0.0225  0.0223  0.0224
  0.0241  0.0238  0.0237  0.0248  0.0248  0.0228  0.0243  0.0251  0.0232  0.0237  0.0231  0.0231
  0.0263  0.0258  0.0252  0.0281  0.0277  0.0281  0.0267  0.0285  0.0245  0.0255  0.0243  0.0244
niter,ni,del,rscale     4    3    5.0000    1.2000
parameters
   -1.1851  -13.7669   10.4143   -6.8790   -9.9094   -8.9476
    5.2537    4.9506   -6.2771  -20.7850   -4.8249   11.4721
eta,q 0.97785 13.20283
  0.0263  0.0261  0.0253  0.0274  0.0277  0.0263  0.0266  0.0283  0.0245  0.0258  0.0242  0.0243
  0.0241  0.0239  0.0234  0.0254  0.0251  0.0246  0.0243  0.0253  0.0232  0.0237  0.0231  0.0231
  0.0226  0.0225  0.0223  0.0235  0.0229  0.0232  0.0227  0.0231  0.0225  0.0224  0.0224  0.0224
  0.0221  0.0221  0.0221  0.0221  0.0221  0.0221  0.0221  0.0221  0.0221  0.0221  0.0221  0.0221
  0.0226  0.0226  0.0226  0.0227  0.0229  0.0215  0.0227  0.0228  0.0224  0.0226  0.0224  0.0224
  0.0241  0.0239  0.0237  0.0248  0.0248  0.0228  0.0243  0.0251  0.0232  0.0238  0.0231  0.0231
  0.0263  0.0259  0.0251  0.0281  0.0278  0.0281  0.0267  0.0285  0.0246  0.0256  0.0243  0.0244
registration optimization eta report
parameter search radius
    2.4000    2.7600    3.1740    8.2800    9.5220    8.2800
    8.2800    7.2000    7.2000    7.2000    7.2000    8.2800
100000*second partial in parameter space
       72.       50.       31.        8.        6.        8.
        7.       12.        5.        7.        4.        3.
  0.0263  0.0261  0.0253  0.0274  0.0277  0.0263  0.0266  0.0283  0.0245  0.0258  0.0242  0.0243
  0.0241  0.0239  0.0234  0.0254  0.0251  0.0246  0.0243  0.0253  0.0232  0.0237  0.0231  0.0231
  0.0226  0.0225  0.0223  0.0235  0.0229  0.0232  0.0227  0.0231  0.0225  0.0224  0.0224  0.0224
  0.0221  0.0221  0.0221  0.0221  0.0221  0.0221  0.0221  0.0221  0.0221  0.0221  0.0221  0.0221
  0.0226  0.0226  0.0226  0.0227  0.0229  0.0215  0.0227  0.0228  0.0224  0.0226  0.0224  0.0224
  0.0241  0.0239  0.0237  0.0248  0.0248  0.0228  0.0243  0.0251  0.0232  0.0238  0.0231  0.0231
  0.0263  0.0259  0.0251  0.0281  0.0278  0.0281  0.0267  0.0285  0.0246  0.0256  0.0243  0.0244
   -1.1851  -13.7669   10.4143   -6.8790   -9.9094   -8.9476
    5.2537    4.9506   -6.2771  -20.7850   -4.8249   11.4721
eta,q 0.97785 13.20283

---------------------------------------------------------------------
imgreg_4dfp /opt/freesurfer/average/711-2C_as_mni_average_305 /opt/freesurfer/average/711-2B_as_mni_average_305_mask talsrcimg_g11 none talsrcimg_to_711-2C_as_mni_average_305_t4 2311
---------------------------------------------------------------------

freesurfer imgreg_4dfp.c
/opt/freesurfer/average/711-2C_as_mni_average_305.4dfp.img
       256       256       256         1
  1.000000  1.000000  1.000000
orientation T byte_order littleendian
Reading image: /opt/freesurfer/average/711-2C_as_mni_average_305.4dfp.img
dimensions:      256       256       256
mmppix:       1.0000   -1.0000   -1.0000
center:     128.0000 -129.0000 -129.0000
/opt/freesurfer/average/711-2B_as_mni_average_305_mask.4dfp.img
       256       256       256         1
  1.000000  1.000000  1.000000
orientation T byte_order littleendian
Reading mask: /opt/freesurfer/average/711-2B_as_mni_average_305_mask.4dfp.img (2306576 pixels)
talsrcimg_g11.4dfp.img
       256       256       256         1
  1.000000  1.000000  1.000000
orientation T byte_order littleendian
Reading image: talsrcimg_g11.4dfp.img
dimensions:      256       256       256
mmppix:       1.0000   -1.0000   -1.0000
center:     128.0000 -129.0000 -129.0000
fimgreg.f
image alignment mode   2311 decimal      907 hex
parameters
   -1.1851  -13.7669   10.4143   -6.8790   -9.9094   -8.9476
    5.2537    4.9506   -6.2771  -20.7850   -4.8249   11.4721
eta,q 0.97785 13.20283
niter,ni,del,rscale     5    3    5.0000    0.8000
parameters
   -1.1837  -13.8148   10.2361   -6.4684   -9.9690   -7.1711
    5.2345    5.0355   -6.1515  -20.8869   -4.9139   10.8956
eta,q 0.97836 13.22960
  0.0241  0.0234  0.0228  0.0249  0.0239  0.0240  0.0235  0.0255  0.0229  0.0235  0.0229  0.0224
  0.0230  0.0227  0.0224  0.0237  0.0228  0.0233  0.0225  0.0237  0.0222  0.0224  0.0222  0.0219
  0.0224  0.0223  0.0221  0.0227  0.0222  0.0226  0.0219  0.0223  0.0218  0.0218  0.0218  0.0217
  0.0222  0.0222  0.0221  0.0221  0.0221  0.0221  0.0217  0.0217  0.0217  0.0217  0.0217  0.0217
  0.0224  0.0223  0.0223  0.0222  0.0223  0.0217  0.0219  0.0221  0.0217  0.0219  0.0218  0.0219
  0.0230  0.0228  0.0226  0.0230  0.0230  0.0217  0.0225  0.0234  0.0221  0.0226  0.0223  0.0223
  0.0241  0.0235  0.0231  0.0242  0.0239  0.0225  0.0235  0.0254  0.0228  0.0237  0.0230  0.0229
niter,ni,del,rscale     4    3    5.0000    0.7000
parameters
   -1.1872  -13.8601   10.6484   -6.7043  -10.1461   -6.6424
    5.2420    5.0784   -6.0869  -20.9035   -5.0171   11.0511
eta,q 0.97854 13.25489
  0.0233  0.0227  0.0229  0.0235  0.0230  0.0231  0.0229  0.0245  0.0224  0.0229  0.0224  0.0223
  0.0224  0.0221  0.0223  0.0225  0.0222  0.0226  0.0221  0.0230  0.0219  0.0221  0.0219  0.0218
  0.0218  0.0217  0.0219  0.0218  0.0217  0.0220  0.0216  0.0219  0.0216  0.0216  0.0216  0.0215
  0.0216  0.0216  0.0216  0.0216  0.0216  0.0216  0.0215  0.0215  0.0215  0.0214  0.0214  0.0215
  0.0218  0.0218  0.0216  0.0219  0.0218  0.0214  0.0216  0.0218  0.0215  0.0216  0.0216  0.0215
  0.0224  0.0222  0.0217  0.0228  0.0224  0.0217  0.0221  0.0228  0.0218  0.0221  0.0219  0.0218
  0.0233  0.0228  0.0219  0.0240  0.0232  0.0228  0.0229  0.0245  0.0224  0.0229  0.0225  0.0221
niter,ni,del,rscale     3    3    5.0000    0.6000
parameters
   -1.1739  -13.9332   10.7785   -6.8049  -10.2293   -6.2205
    5.2349    5.1201   -6.0398  -21.0272   -5.1429   11.1135
eta,q 0.97864 13.26604
  0.0227  0.0222  0.0222  0.0230  0.0226  0.0227  0.0224  0.0238  0.0221  0.0224  0.0221  0.0219
  0.0220  0.0217  0.0218  0.0222  0.0219  0.0222  0.0218  0.0225  0.0217  0.0218  0.0217  0.0216
  0.0216  0.0215  0.0215  0.0217  0.0215  0.0218  0.0215  0.0217  0.0215  0.0214  0.0214  0.0214
  0.0215  0.0214  0.0214  0.0214  0.0214  0.0214  0.0214  0.0214  0.0214  0.0214  0.0214  0.0214
  0.0216  0.0216  0.0215  0.0217  0.0216  0.0213  0.0215  0.0216  0.0214  0.0215  0.0215  0.0214
  0.0220  0.0219  0.0216  0.0223  0.0220  0.0216  0.0218  0.0224  0.0217  0.0219  0.0217  0.0216
  0.0226  0.0224  0.0219  0.0233  0.0227  0.0225  0.0224  0.0237  0.0220  0.0225  0.0222  0.0219
niter,ni,del,rscale     2    3    5.0000    0.5000
parameters
   -1.1704  -13.9788   10.8883   -6.8834  -10.3150   -5.8331
    5.2476    5.1438   -5.9837  -21.1040   -5.2514   11.1408
eta,q 0.97871 13.27482
  0.0222  0.0219  0.0219  0.0225  0.0222  0.0224  0.0220  0.0231  0.0218  0.0221  0.0218  0.0217
  0.0217  0.0216  0.0216  0.0219  0.0217  0.0220  0.0216  0.0221  0.0215  0.0216  0.0215  0.0215
  0.0215  0.0214  0.0214  0.0215  0.0214  0.0216  0.0214  0.0215  0.0214  0.0214  0.0213  0.0213
  0.0214  0.0214  0.0214  0.0214  0.0214  0.0214  0.0213  0.0213  0.0213  0.0213  0.0213  0.0213
  0.0214  0.0214  0.0214  0.0215  0.0215  0.0213  0.0214  0.0215  0.0213  0.0214  0.0214  0.0213
  0.0217  0.0217  0.0215  0.0220  0.0218  0.0215  0.0216  0.0221  0.0215  0.0217  0.0216  0.0215
  0.0222  0.0220  0.0217  0.0227  0.0223  0.0221  0.0220  0.0230  0.0218  0.0221  0.0219  0.0217
niter,ni,del,rscale     1    3    5.0000    0.4000
parameters
   -1.1688  -14.0047   10.9925   -6.9559  -10.3972   -5.4857
    5.2431    5.1603   -5.9369  -21.1492   -5.3373   11.1615
eta,q 0.97876 13.28236
  0.0218  0.0216  0.0216  0.0221  0.0218  0.0220  0.0217  0.0224  0.0216  0.0217  0.0216  0.0215
  0.0215  0.0214  0.0215  0.0217  0.0215  0.0217  0.0215  0.0218  0.0214  0.0215  0.0214  0.0214
  0.0214  0.0213  0.0213  0.0214  0.0213  0.0215  0.0213  0.0214  0.0213  0.0213  0.0213  0.0213
  0.0213  0.0213  0.0213  0.0213  0.0213  0.0213  0.0212  0.0212  0.0212  0.0212  0.0212  0.0212
  0.0213  0.0213  0.0213  0.0214  0.0214  0.0212  0.0213  0.0214  0.0213  0.0213  0.0213  0.0213
  0.0215  0.0215  0.0214  0.0217  0.0216  0.0214  0.0215  0.0218  0.0214  0.0215  0.0214  0.0214
  0.0218  0.0217  0.0215  0.0222  0.0219  0.0218  0.0217  0.0224  0.0216  0.0218  0.0216  0.0215
registration optimization eta report
parameter search radius
    0.8000    0.8000    0.8000    2.4000    2.4000    2.4000
    2.4000    2.4000    2.4000    2.4000    2.4000    2.4000
100000*second partial in parameter space
       87.       59.       42.       14.       10.       11.
        8.       20.        6.        9.        6.        5.
  0.0218  0.0216  0.0216  0.0221  0.0218  0.0220  0.0217  0.0224  0.0216  0.0217  0.0216  0.0215
  0.0215  0.0214  0.0215  0.0217  0.0215  0.0217  0.0215  0.0218  0.0214  0.0215  0.0214  0.0214
  0.0214  0.0213  0.0213  0.0214  0.0213  0.0215  0.0213  0.0214  0.0213  0.0213  0.0213  0.0213
  0.0213  0.0213  0.0213  0.0213  0.0213  0.0213  0.0212  0.0212  0.0212  0.0212  0.0212  0.0212
  0.0213  0.0213  0.0213  0.0214  0.0214  0.0212  0.0213  0.0214  0.0213  0.0213  0.0213  0.0213
  0.0215  0.0215  0.0214  0.0217  0.0216  0.0214  0.0215  0.0218  0.0214  0.0215  0.0214  0.0214
  0.0218  0.0217  0.0215  0.0222  0.0219  0.0218  0.0217  0.0224  0.0216  0.0218  0.0216  0.0215
   -1.1688  -14.0047   10.9925   -6.9559  -10.3972   -5.4857
    5.2431    5.1603   -5.9369  -21.1492   -5.3373   11.1615
eta,q 0.97876 13.28236

---------------------------------------------------------------------
imgreg_4dfp /opt/freesurfer/average/711-2C_as_mni_average_305 /opt/freesurfer/average/711-2B_as_mni_average_305_mask talsrcimg_g11 none talsrcimg_to_711-2C_as_mni_average_305_t4 2311
---------------------------------------------------------------------

freesurfer imgreg_4dfp.c
/opt/freesurfer/average/711-2C_as_mni_average_305.4dfp.img
       256       256       256         1
  1.000000  1.000000  1.000000
orientation T byte_order littleendian
Reading image: /opt/freesurfer/average/711-2C_as_mni_average_305.4dfp.img
dimensions:      256       256       256
mmppix:       1.0000   -1.0000   -1.0000
center:     128.0000 -129.0000 -129.0000
/opt/freesurfer/average/711-2B_as_mni_average_305_mask.4dfp.img
       256       256       256         1
  1.000000  1.000000  1.000000
orientation T byte_order littleendian
Reading mask: /opt/freesurfer/average/711-2B_as_mni_average_305_mask.4dfp.img (2306576 pixels)
talsrcimg_g11.4dfp.img
       256       256       256         1
  1.000000  1.000000  1.000000
orientation T byte_order littleendian
Reading image: talsrcimg_g11.4dfp.img
dimensions:      256       256       256
mmppix:       1.0000   -1.0000   -1.0000
center:     128.0000 -129.0000 -129.0000
fimgreg.f
image alignment mode   2311 decimal      907 hex
parameters
   -1.1688  -14.0047   10.9925   -6.9559  -10.3972   -5.4857
    5.2431    5.1603   -5.9369  -21.1492   -5.3373   11.1615
eta,q 0.97876 13.28236
niter,ni,del,rscale     5    3    5.0000    0.8000
parameters
   -1.1692  -14.0026   11.1404   -7.1199  -10.3779   -6.1401
    5.2623    5.1531   -6.0171  -21.1662   -5.2211   11.5391
eta,q 0.97862 13.28114
  0.0234  0.0228  0.0226  0.0238  0.0234  0.0230  0.0232  0.0251  0.0225  0.0233  0.0226  0.0224
  0.0222  0.0219  0.0219  0.0225  0.0222  0.0223  0.0222  0.0233  0.0219  0.0222  0.0220  0.0219
  0.0215  0.0214  0.0214  0.0216  0.0215  0.0217  0.0216  0.0219  0.0215  0.0215  0.0215  0.0215
  0.0212  0.0212  0.0212  0.0212  0.0212  0.0212  0.0214  0.0214  0.0214  0.0214  0.0214  0.0214
  0.0215  0.0214  0.0213  0.0216  0.0215  0.0214  0.0216  0.0218  0.0215  0.0216  0.0215  0.0214
  0.0222  0.0219  0.0216  0.0227  0.0222  0.0227  0.0222  0.0232  0.0219  0.0222  0.0219  0.0217
  0.0234  0.0227  0.0221  0.0242  0.0233  0.0254  0.0232  0.0252  0.0226  0.0233  0.0225  0.0221
niter,ni,del,rscale     4    3    5.0000    0.7000
parameters
   -1.1578  -14.0285   10.9199   -6.9952  -10.3201   -6.3310
    5.2641    5.1633   -6.0389  -21.2589   -5.1810   11.4349
eta,q 0.97863 13.26923
  0.0230  0.0225  0.0219  0.0236  0.0230  0.0228  0.0228  0.0244  0.0223  0.0228  0.0224  0.0221
  0.0221  0.0218  0.0215  0.0226  0.0221  0.0223  0.0220  0.0229  0.0218  0.0220  0.0218  0.0217
  0.0216  0.0215  0.0214  0.0217  0.0215  0.0217  0.0215  0.0218  0.0215  0.0215  0.0215  0.0214
  0.0214  0.0214  0.0214  0.0213  0.0213  0.0213  0.0214  0.0214  0.0214  0.0214  0.0214  0.0214
  0.0215  0.0215  0.0216  0.0215  0.0215  0.0213  0.0215  0.0217  0.0215  0.0216  0.0215  0.0215
  0.0221  0.0219  0.0219  0.0223  0.0221  0.0220  0.0220  0.0228  0.0218  0.0221  0.0218  0.0217
  0.0230  0.0225  0.0223  0.0234  0.0229  0.0237  0.0228  0.0245  0.0223  0.0229  0.0223  0.0221
niter,ni,del,rscale     3    3    5.0000    0.6000
parameters
   -1.1551  -14.0122   10.8714   -6.9154  -10.3399   -6.1409
    5.2600    5.1707   -6.0094  -21.2161   -5.2182   11.2971
eta,q 0.97867 13.26960
  0.0226  0.0222  0.0219  0.0231  0.0226  0.0226  0.0224  0.0237  0.0220  0.0225  0.0221  0.0218
  0.0219  0.0217  0.0216  0.0223  0.0219  0.0222  0.0218  0.0225  0.0216  0.0218  0.0217  0.0215
  0.0215  0.0215  0.0214  0.0216  0.0215  0.0217  0.0215  0.0216  0.0214  0.0214  0.0214  0.0214
  0.0214  0.0214  0.0214  0.0214  0.0214  0.0214  0.0213  0.0213  0.0213  0.0213  0.0213  0.0213
  0.0215  0.0215  0.0215  0.0215  0.0215  0.0213  0.0214  0.0216  0.0214  0.0215  0.0214  0.0214
  0.0219  0.0217  0.0217  0.0221  0.0219  0.0216  0.0218  0.0224  0.0216  0.0218  0.0217  0.0216
  0.0226  0.0222  0.0220  0.0230  0.0226  0.0227  0.0224  0.0237  0.0220  0.0224  0.0221  0.0219
niter,ni,del,rscale     2    3    5.0000    0.5000
parameters
   -1.1597  -14.0089   10.9194   -6.9125  -10.3697   -5.8218
    5.2518    5.1716   -5.9656  -21.1855   -5.2849   11.2221
eta,q 0.97872 13.27560
  0.0222  0.0219  0.0218  0.0226  0.0222  0.0223  0.0220  0.0230  0.0218  0.0221  0.0218  0.0217
  0.0217  0.0216  0.0215  0.0219  0.0217  0.0219  0.0216  0.0221  0.0215  0.0216  0.0215  0.0214
  0.0214  0.0214  0.0214  0.0215  0.0214  0.0216  0.0214  0.0215  0.0214  0.0214  0.0213  0.0213
  0.0213  0.0213  0.0213  0.0213  0.0213  0.0213  0.0213  0.0213  0.0213  0.0213  0.0213  0.0213
  0.0214  0.0214  0.0214  0.0215  0.0214  0.0213  0.0214  0.0215  0.0213  0.0214  0.0214  0.0213
  0.0217  0.0216  0.0215  0.0219  0.0217  0.0215  0.0216  0.0221  0.0215  0.0216  0.0215  0.0215
  0.0222  0.0219  0.0217  0.0226  0.0222  0.0221  0.0220  0.0230  0.0218  0.0221  0.0218  0.0217
niter,ni,del,rscale     1    3    5.0000    0.4000
parameters
   -1.1639  -14.0173   10.9977   -6.9604  -10.4155   -5.4972
    5.2445    5.1730   -5.9207  -21.1849   -5.3622   11.1813
eta,q 0.97876 13.28215
  0.0218  0.0216  0.0216  0.0221  0.0218  0.0220  0.0217  0.0224  0.0216  0.0218  0.0216  0.0215
  0.0215  0.0214  0.0214  0.0216  0.0215  0.0217  0.0215  0.0218  0.0214  0.0215  0.0214  0.0214
  0.0213  0.0213  0.0213  0.0214  0.0213  0.0215  0.0213  0.0214  0.0213  0.0213  0.0213  0.0213
  0.0213  0.0213  0.0213  0.0213  0.0213  0.0213  0.0212  0.0212  0.0212  0.0212  0.0212  0.0212
  0.0213  0.0213  0.0213  0.0214  0.0214  0.0212  0.0213  0.0214  0.0213  0.0213  0.0213  0.0213
  0.0215  0.0215  0.0214  0.0217  0.0216  0.0214  0.0215  0.0218  0.0214  0.0215  0.0214  0.0214
  0.0218  0.0217  0.0215  0.0222  0.0219  0.0218  0.0217  0.0224  0.0216  0.0218  0.0216  0.0215
registration optimization eta report
parameter search radius
    0.8000    0.8000    0.8000    2.4000    2.4000    2.4000
    2.4000    2.4000    2.4000    2.4000    2.4000    2.4000
100000*second partial in parameter space
       86.       58.       42.       14.       10.       11.
        8.       20.        6.        9.        6.        5.
  0.0218  0.0216  0.0216  0.0221  0.0218  0.0220  0.0217  0.0224  0.0216  0.0218  0.0216  0.0215
  0.0215  0.0214  0.0214  0.0216  0.0215  0.0217  0.0215  0.0218  0.0214  0.0215  0.0214  0.0214
  0.0213  0.0213  0.0213  0.0214  0.0213  0.0215  0.0213  0.0214  0.0213  0.0213  0.0213  0.0213
  0.0213  0.0213  0.0213  0.0213  0.0213  0.0213  0.0212  0.0212  0.0212  0.0212  0.0212  0.0212
  0.0213  0.0213  0.0213  0.0214  0.0214  0.0212  0.0213  0.0214  0.0213  0.0213  0.0213  0.0213
  0.0215  0.0215  0.0214  0.0217  0.0216  0.0214  0.0215  0.0218  0.0214  0.0215  0.0214  0.0214
  0.0218  0.0217  0.0215  0.0222  0.0219  0.0218  0.0217  0.0224  0.0216  0.0218  0.0216  0.0215
   -1.1639  -14.0173   10.9977   -6.9604  -10.4155   -5.4972
    5.2445    5.1730   -5.9207  -21.1849   -5.3622   11.1813
eta,q 0.97876 13.28215

---------------------------------------------------------------------
compute_vox2vox talsrcimg talsrcimg_to_711-2C_as_mni_average_305_t4 /opt/freesurfer/average/711-2C_as_mni_average_305
---------------------------------------------------------------------

freesurfer compute_vox2vox.c
Reading: talsrcimg.4dfp.ifh
Reading: talsrcimg_to_711-2C_as_mni_average_305_t4
Reading: /opt/freesurfer/average/711-2C_as_mni_average_305.4dfp.ifh
Writing: talsrcimg_to_711-2C_as_mni_average_305_t4_vox2vox.txt

start time Wed Mar 11 09:02:17 CET 2026
end		time Wed Mar 11 09:02:31 CET 2026

mpr2mni305 success

avi2talxfm orig_nu.mgz /opt/freesurfer/average/mni305.cor.mgz talsrcimg_to_711-2C_as_mni_average_305_t4_vox2vox.txt transforms/talairach.auto.xfm
avi2talxfm done
mv -f /out/sourcedata/freesurfer/sub-v2s15x29752_ses-1/mri/talsrcimg_to_711-2C_as_mni_average_305_t4_vox2vox.txt /out/sourcedata/freesurfer/sub-v2s15x29752_ses-1/mri/transforms/talsrcimg_to_711-2C_as_mni_average_305_t4_vox2vox.txt
lta_convert --src orig_nu.mgz --trg /opt/freesurfer/average/mni305.cor.mgz --inxfm transforms/talairach.auto.xfm --outlta transforms/talairach.auto.xfm.lta --subject fsaverage
7.3.2

--src: orig_nu.mgz src image (geometry).
--trg: /opt/freesurfer/average/mni305.cor.mgz trg image (geometry).
--inmni: transforms/talairach.auto.xfm input MNI/XFM transform.
--outlta: transforms/talairach.auto.xfm.lta output LTA.
--s: fsaverage subject name
 LTA read, type : 1
 1.06733  -0.07046  -0.05369   1.68489;
 0.05079   1.02602  -0.13103  -10.21703;
 0.08255   0.23798   1.08173  -8.03557;
 0.00000   0.00000   0.00000   1.00000;
setting subject to fsaverage
Writing  LTA to file transforms/talairach.auto.xfm.lta...
lta_convert successful.
 
 
Started at Wed Mar 11 09:02:16 CET 2026
Ended   at Wed Mar 11 09:02:31 CET 2026
talairach_avi done
